loading features...

Initializing gridworld of size 32 by 24..
    Num states: 768
    Num actions: 8

Total number of demos: 58

Selected number of demos: 39

-- Positive Demos --
 (654,2),  (667,2),  (663,4),  (616,4),  (544,0),  (459,0),  (417,5),  (380,5),  (347,5),  (307,5),  (242,0),  (213,4),  (153,4),  (128,2),  (123,2),  (130,2),  (137,2),  (152,6),  (181,6),  (250,6),  (325,1),  (404,1),  (485,1),  (523,1),  (559,1),  (591,1),  (630,1),  (637,5),  (633,5),  (634,4),  (587,5),  (580,2),  (600,7),  (629,7),  (648,6),  (659,0),  (635,6),  (636,1),  (645,7), 


[Timing] Time passed: 74.987329 s

Posterior Probability: -221.6311628
Agreement with demo: 11%
Current angular diffs: 99'

Selected number of demos: 21

-- Positive Demos --
 (675,2),  (586,0),  (459,0),  (380,5),  (274,0),  (183,4),  (128,2),  (137,2),  (250,6),  (325,1),  (404,1),  (442,1),  (485,1),  (630,1),  (633,5),  (628,6),  (634,4),  (579,1),  (659,0),  (643,1),  (645,7), 


[Timing] Time passed: 164.053014 s

Posterior Probability: -325.8886461
Agreement with demo: 9.5%
Current angular diffs: 99'

Selected number of demos: 28

-- Positive Demos --
 (654,2),  (663,4),  (586,0),  (544,0),  (503,0),  (459,0),  (380,5),  (347,5),  (242,0),  (153,4),  (130,2),  (152,6),  (217,6),  (250,6),  (325,1),  (364,6),  (485,1),  (559,1),  (615,1),  (637,5),  (634,4),  (580,3),  (600,7),  (648,6),  (649,0),  (636,1),  (643,1),  (645,7), 


[Timing] Time passed: 182.748609 s

Posterior Probability: -306.913881
Agreement with demo: 11%
Current angular diffs: 89'

Selected number of demos: 17

-- Positive Demos --
 (667,2),  (640,4),  (417,5),  (347,5),  (242,0),  (130,2),  (217,6),  (250,6),  (285,1),  (325,1),  (559,1),  (637,5),  (587,5),  (580,3),  (580,2),  (659,0),  (647,5), 


[Timing] Time passed: 131.39169 s

Posterior Probability: -89.69978603
Agreement with demo: 13%
Current angular diffs: 93'

Selected number of demos: 58

-- Positive Demos --
 (654,2),  (667,2),  (675,2),  (663,4),  (640,4),  (616,4),  (586,0),  (544,0),  (503,0),  (459,0),  (417,5),  (380,5),  (347,5),  (307,5),  (274,0),  (242,0),  (213,4),  (183,4),  (153,4),  (128,2),  (123,2),  (130,2),  (137,2),  (152,6),  (181,6),  (217,6),  (250,6),  (285,1),  (325,1),  (364,6),  (404,1),  (442,1),  (485,1),  (523,1),  (559,1),  (591,1),  (615,1),  (630,1),  (636,7),  (637,5),  (633,5),  (628,6),  (634,4),  (614,0),  (587,5),  (580,3),  (580,2),  (579,1),  (600,7),  (629,7),  (648,6),  (659,0),  (649,0),  (635,6),  (636,1),  (643,1),  (645,7),  (647,5), 


[Timing] Time passed: 131.125497 s

Posterior Probability: -421.9430445
Agreement with demo: 11%
Current angular diffs: 98'

Selected number of demos: 27

-- Positive Demos --
 (667,2),  (675,2),  (616,4),  (586,0),  (503,0),  (347,5),  (242,0),  (213,4),  (183,4),  (130,2),  (137,2),  (217,6),  (250,6),  (285,1),  (325,1),  (404,1),  (559,1),  (591,1),  (636,7),  (637,5),  (633,5),  (614,0),  (580,2),  (629,7),  (649,0),  (643,1),  (647,5), 


[Timing] Time passed: 137.228285 s

Posterior Probability: -246.5565113
Agreement with demo: 6.3%
Current angular diffs: 96'

Selected number of demos: 18

-- Positive Demos --
 (663,4),  (544,0),  (380,5),  (347,5),  (213,4),  (130,2),  (250,6),  (325,1),  (442,1),  (615,1),  (637,5),  (633,5),  (614,0),  (580,3),  (580,2),  (600,7),  (659,0),  (643,1), 


[Timing] Time passed: 140.590328 s

Posterior Probability: -125.1524476
Agreement with demo: 17%
Current angular diffs: 82'

Selected number of demos: 18

-- Positive Demos --
 (667,2),  (544,0),  (503,0),  (417,5),  (380,5),  (274,0),  (242,0),  (130,2),  (285,1),  (404,1),  (485,1),  (559,1),  (633,5),  (587,5),  (600,7),  (629,7),  (649,0),  (636,1), 


[Timing] Time passed: 143.681986 s

Posterior Probability: -93.47914859
Agreement with demo: 17%
Current angular diffs: 84'

Selected number of demos: 26

-- Positive Demos --
 (675,2),  (616,4),  (544,0),  (417,5),  (307,5),  (213,4),  (128,2),  (123,2),  (152,6),  (217,6),  (250,6),  (285,1),  (404,1),  (523,1),  (591,1),  (630,1),  (636,7),  (628,6),  (634,4),  (614,0),  (587,5),  (579,1),  (629,7),  (649,0),  (643,1),  (645,7), 


[Timing] Time passed: 142.833025 s

Posterior Probability: -73.55081344
Agreement with demo: 13%
Current angular diffs: 82'

Selected number of demos: 58

-- Positive Demos --
 (654,2),  (667,2),  (675,2),  (663,4),  (640,4),  (616,4),  (586,0),  (544,0),  (503,0),  (459,0),  (417,5),  (380,5),  (347,5),  (307,5),  (274,0),  (242,0),  (213,4),  (183,4),  (153,4),  (128,2),  (123,2),  (130,2),  (137,2),  (152,6),  (181,6),  (217,6),  (250,6),  (285,1),  (325,1),  (364,6),  (404,1),  (442,1),  (485,1),  (523,1),  (559,1),  (591,1),  (615,1),  (630,1),  (636,7),  (637,5),  (633,5),  (628,6),  (634,4),  (614,0),  (587,5),  (580,3),  (580,2),  (579,1),  (600,7),  (629,7),  (648,6),  (659,0),  (649,0),  (635,6),  (636,1),  (643,1),  (645,7),  (647,5), 


[Timing] Time passed: 141.395611 s

Posterior Probability: -428.1308175
Agreement with demo: 14%
Current angular diffs: 89'

Selected number of demos: 58

-- Positive Demos --
 (654,2),  (667,2),  (675,2),  (663,4),  (640,4),  (616,4),  (586,0),  (544,0),  (503,0),  (459,0),  (417,5),  (380,5),  (347,5),  (307,5),  (274,0),  (242,0),  (213,4),  (183,4),  (153,4),  (128,2),  (123,2),  (130,2),  (137,2),  (152,6),  (181,6),  (217,6),  (250,6),  (285,1),  (325,1),  (364,6),  (404,1),  (442,1),  (485,1),  (523,1),  (559,1),  (591,1),  (615,1),  (630,1),  (636,7),  (637,5),  (633,5),  (628,6),  (634,4),  (614,0),  (587,5),  (580,3),  (580,2),  (579,1),  (600,7),  (629,7),  (648,6),  (659,0),  (649,0),  (635,6),  (636,1),  (643,1),  (645,7),  (647,5), 


[Timing] Time passed: 141.568461 s

Posterior Probability: -191.4631557
Agreement with demo: 17%
Current angular diffs: 83'

Selected number of demos: 22

-- Positive Demos --
 (654,2),  (675,2),  (640,4),  (616,4),  (586,0),  (503,0),  (347,5),  (307,5),  (183,4),  (128,2),  (137,2),  (181,6),  (325,1),  (442,1),  (591,1),  (637,5),  (614,0),  (580,3),  (579,1),  (648,6),  (636,1),  (645,7), 


[Timing] Time passed: 149.08395 s

Posterior Probability: -90.22656514
Agreement with demo: 7.9%
Current angular diffs: 1e+02'

Selected number of demos: 20

-- Positive Demos --
 (663,4),  (616,4),  (586,0),  (459,0),  (307,5),  (213,4),  (153,4),  (128,2),  (137,2),  (181,6),  (325,1),  (442,1),  (591,1),  (615,1),  (633,5),  (587,5),  (600,7),  (648,6),  (635,6),  (645,7), 


[Timing] Time passed: 120.123521 s

Posterior Probability: -254.0871426
Agreement with demo: 6.3%
Current angular diffs: 1e+02'

Selected number of demos: 24

-- Positive Demos --
 (663,4),  (640,4),  (616,4),  (503,0),  (459,0),  (417,5),  (380,5),  (347,5),  (213,4),  (183,4),  (123,2),  (137,2),  (250,6),  (325,1),  (364,6),  (523,1),  (630,1),  (637,5),  (628,6),  (614,0),  (579,1),  (600,7),  (649,0),  (636,1), 


[Timing] Time passed: 118.190399 s

Posterior Probability: -207.7585062
Agreement with demo: 11%
Current angular diffs: 85'

Selected number of demos: 58

-- Positive Demos --
 (654,2),  (667,2),  (675,2),  (663,4),  (640,4),  (616,4),  (586,0),  (544,0),  (503,0),  (459,0),  (417,5),  (380,5),  (347,5),  (307,5),  (274,0),  (242,0),  (213,4),  (183,4),  (153,4),  (128,2),  (123,2),  (130,2),  (137,2),  (152,6),  (181,6),  (217,6),  (250,6),  (285,1),  (325,1),  (364,6),  (404,1),  (442,1),  (485,1),  (523,1),  (559,1),  (591,1),  (615,1),  (630,1),  (636,7),  (637,5),  (633,5),  (628,6),  (634,4),  (614,0),  (587,5),  (580,3),  (580,2),  (579,1),  (600,7),  (629,7),  (648,6),  (659,0),  (649,0),  (635,6),  (636,1),  (643,1),  (645,7),  (647,5), 


[Timing] Time passed: 116.585733 s

Posterior Probability: -210.1055204
Agreement with demo: 13%
Current angular diffs: 86'

Selected number of demos: 28

-- Positive Demos --
 (675,2),  (663,4),  (586,0),  (544,0),  (503,0),  (417,5),  (307,5),  (213,4),  (128,2),  (123,2),  (130,2),  (181,6),  (250,6),  (325,1),  (442,1),  (485,1),  (559,1),  (615,1),  (630,1),  (636,7),  (628,6),  (587,5),  (579,1),  (629,7),  (649,0),  (636,1),  (643,1),  (647,5), 


[Timing] Time passed: 120.957201 s

Posterior Probability: -117.7360804
Agreement with demo: 27%
Current angular diffs: 75'

Selected number of demos: 16

-- Positive Demos --
 (675,2),  (586,0),  (544,0),  (307,5),  (128,2),  (123,2),  (250,6),  (325,1),  (559,1),  (630,1),  (637,5),  (614,0),  (600,7),  (629,7),  (643,1),  (647,5), 


[Timing] Time passed: 121.10203 s

Posterior Probability: -45.55780835
Agreement with demo: 16%
Current angular diffs: 83'

-----------------------------
Avg angular diffs: 75'
-- learned weights --
Feature Weights: -0.6035, -0.25675, -0.78575, -0.1, 
