loading features...

Initializing gridworld of size 28 by 22..
    Num states: 616
    Num actions: 8

Total number of demos: 53

Selected number of demos: 19

-- Positive Demos --
 (415,1),  (444,1),  (525,6),  (546,2),  (545,2),  (485,0),  (457,0),  (290,0),  (206,5),  (152,0),  (39,2),  (6,6),  (87,1),  (197,1),  (309,1),  (336,1),  (392,1),  (477,7), 


[Timing] Time passed: 162.141373 s

Posterior Probability: -131.3650454
Agreement with demo: 2.8%
Current angular diffs: 82'

Selected number of demos: 17

-- Positive Demos --
 (444,1),  (471,6),  (499,6),  (551,2),  (546,2),  (544,2),  (373,0),  (206,5),  (69,4),  (38,2),  (6,6),  (33,6),  (60,6),  (87,1),  (170,1),  (309,1),  (449,1), 


[Timing] Time passed: 130.326123 s

Posterior Probability: -106.1422559
Agreement with demo: 11%
Current angular diffs: 78'

Selected number of demos: 15

-- Positive Demos --
 (359,1),  (526,6),  (546,2),  (545,2),  (400,0),  (234,5),  (206,5),  (180,5),  (97,0),  (37,2),  (60,6),  (87,1),  (197,1),  (392,1),  (421,1), 


[Timing] Time passed: 131.825668 s

Posterior Probability: -187.0129567
Agreement with demo: 14%
Current angular diffs: 89'

Selected number of demos: 53

-- Positive Demos --
 (359,1),  (415,1),  (444,1),  (471,6),  (499,6),  (526,6),  (525,6),  (551,2),  (550,2),  (549,2),  (548,2),  (546,2),  (545,2),  (544,2),  (514,4),  (485,0),  (457,0),  (400,0),  (373,0),  (344,0),  (290,0),  (262,0),  (234,5),  (206,5),  (180,5),  (152,0),  (125,0),  (97,0),  (69,4),  (39,2),  (38,2),  (37,2),  (8,2),  (6,6),  (33,6),  (32,6),  (60,6),  (87,1),  (143,6),  (170,1),  (197,1),  (226,1),  (282,1),  (309,1),  (336,1),  (392,1),  (421,1),  (449,1),  (477,7),  (505,5), 


[Timing] Time passed: 115.193524 s

Posterior Probability: -191.5855217
Agreement with demo: 6.9%
Current angular diffs: 1e+02'

Selected number of demos: 16

-- Positive Demos --
 (471,6),  (551,2),  (548,2),  (545,2),  (457,0),  (344,0),  (206,5),  (125,0),  (37,2),  (60,6),  (226,1),  (282,1),  (392,1),  (421,1),  (477,7), 


[Timing] Time passed: 102.915284 s

Posterior Probability: -48.08677694
Agreement with demo: 0%
Current angular diffs: 88'

-----------------------------
Avg angular diffs: 78'
-- learned weights --
Feature Weights: 0.36025, -0.68075, -0.4565, -0.1, 
