loading features...

Initializing gridworld of size 32 by 24..
    Num states: 768
    Num actions: 8

Total number of demos: 72

Selected number of demos: 72

-- Positive Demos --
 (601,3),  (596,3),  (584,3),  (576,3),  (574,3),  (566,5),  (550,3),  (540,3),  (536,5),  (525,0),  (505,0),  (480,0),  (450,0),  (424,4),  (405,4),  (386,4),  (364,4),  (339,4),  (320,4),  (305,4),  (286,4),  (272,2),  (270,2),  (280,2),  (285,2),  (281,2),  (277,2),  (276,2),  (267,6),  (278,6),  (294,2),  (296,2),  (286,2),  (273,2),  (262,2),  (249,4),  (229,0),  (202,0),  (177,0),  (151,5),  (134,5),  (121,5),  (110,5),  (98,3),  (101,7),  (126,7),  (161,7),  (180,3),  (185,3),  (191,3),  (205,3),  (213,3),  (210,3),  (211,3),  (200,3),  (184,3),  (177,3),  (174,3),  (161,3),  (152,3),  (156,7),  (164,3),  (166,3),  (167,2),  (169,2),  (171,2),  (172,6),  (173,6),  (174,2),  (176,7), 


[Timing] Time passed: 105.00047 s

Posterior Probability: -219.0830727
Agreement with demo: 8%
Current angular diffs: 89'

Selected number of demos: 24

-- Positive Demos --
 (576,3),  (540,3),  (505,0),  (424,4),  (386,4),  (305,4),  (286,4),  (285,2),  (277,2),  (267,6),  (294,2),  (286,2),  (262,2),  (177,0),  (121,5),  (161,7),  (205,3),  (210,3),  (200,3),  (152,3),  (166,3),  (167,2),  (172,6),  (176,7), 


[Timing] Time passed: 115.298665 s

Posterior Probability: -181.3893269
Agreement with demo: 11%
Current angular diffs: 86'

Selected number of demos: 19

-- Positive Demos --
 (596,3),  (576,3),  (550,3),  (525,0),  (505,0),  (386,4),  (272,2),  (270,2),  (273,2),  (202,0),  (134,5),  (101,7),  (191,3),  (211,3),  (152,3),  (156,7),  (167,2),  (172,6), 


[Timing] Time passed: 128.177031 s

Posterior Probability: -51.11519846
Agreement with demo: 9.3%
Current angular diffs: 84'

Selected number of demos: 72

-- Positive Demos --
 (601,3),  (596,3),  (584,3),  (576,3),  (574,3),  (566,5),  (550,3),  (540,3),  (536,5),  (525,0),  (505,0),  (480,0),  (450,0),  (424,4),  (405,4),  (386,4),  (364,4),  (339,4),  (320,4),  (305,4),  (286,4),  (272,2),  (270,2),  (280,2),  (285,2),  (281,2),  (277,2),  (276,2),  (267,6),  (278,6),  (294,2),  (296,2),  (286,2),  (273,2),  (262,2),  (249,4),  (229,0),  (202,0),  (177,0),  (151,5),  (134,5),  (121,5),  (110,5),  (98,3),  (101,7),  (126,7),  (161,7),  (180,3),  (185,3),  (191,3),  (205,3),  (213,3),  (210,3),  (211,3),  (200,3),  (184,3),  (177,3),  (174,3),  (161,3),  (152,3),  (156,7),  (164,3),  (166,3),  (167,2),  (169,2),  (171,2),  (172,6),  (173,6),  (174,2),  (176,7), 


[Timing] Time passed: 126.115022 s

Posterior Probability: -210.5659075
Agreement with demo: 17%
Current angular diffs: 82'

Selected number of demos: 48

-- Positive Demos --
 (596,3),  (576,3),  (574,3),  (566,5),  (540,3),  (536,5),  (525,0),  (505,0),  (450,0),  (424,4),  (386,4),  (364,4),  (339,4),  (320,4),  (286,4),  (270,2),  (285,2),  (277,2),  (278,6),  (296,2),  (273,2),  (262,2),  (249,4),  (202,0),  (151,5),  (134,5),  (110,5),  (98,3),  (101,7),  (126,7),  (161,7),  (185,3),  (205,3),  (213,3),  (210,3),  (211,3),  (184,3),  (174,3),  (161,3),  (156,7),  (164,3),  (167,2),  (171,2),  (172,6),  (173,6),  (174,2),  (176,7), 


[Timing] Time passed: 126.544628 s

Posterior Probability: -161.7081724
Agreement with demo: 6.7%
Current angular diffs: 1.1e+02'

Selected number of demos: 28

-- Positive Demos --
 (601,3),  (584,3),  (566,5),  (525,0),  (505,0),  (424,4),  (386,4),  (320,4),  (305,4),  (272,2),  (270,2),  (280,2),  (277,2),  (278,6),  (296,2),  (273,2),  (229,0),  (134,5),  (101,7),  (185,3),  (213,3),  (210,3),  (177,3),  (161,3),  (152,3),  (164,3),  (171,2),  (176,7), 


[Timing] Time passed: 123.262277 s

Posterior Probability: -118.3817554
Agreement with demo: 12%
Current angular diffs: 91'

Selected number of demos: 20

-- Positive Demos --
 (574,3),  (566,5),  (525,0),  (405,4),  (339,4),  (272,2),  (285,2),  (267,6),  (278,6),  (273,2),  (177,0),  (121,5),  (161,7),  (180,3),  (213,3),  (200,3),  (177,3),  (152,3),  (169,2),  (171,2), 


[Timing] Time passed: 123.930936 s

Posterior Probability: -300.9671282
Agreement with demo: 15%
Current angular diffs: 87'

Selected number of demos: 45

-- Positive Demos --
 (601,3),  (584,3),  (576,3),  (566,5),  (550,3),  (540,3),  (525,0),  (505,0),  (450,0),  (405,4),  (386,4),  (339,4),  (305,4),  (272,2),  (280,2),  (281,2),  (276,2),  (267,6),  (294,2),  (286,2),  (273,2),  (262,2),  (229,0),  (177,0),  (134,5),  (110,5),  (98,3),  (126,7),  (161,7),  (185,3),  (191,3),  (205,3),  (213,3),  (210,3),  (211,3),  (184,3),  (174,3),  (152,3),  (164,3),  (166,3),  (167,2),  (169,2),  (171,2),  (173,6),  (176,7), 


[Timing] Time passed: 126.824443 s

Posterior Probability: -193.7941642
Agreement with demo: 12%
Current angular diffs: 88'

Selected number of demos: 24

-- Positive Demos --
 (576,3),  (550,3),  (540,3),  (505,0),  (424,4),  (386,4),  (320,4),  (305,4),  (280,2),  (276,2),  (294,2),  (262,2),  (177,0),  (121,5),  (110,5),  (126,7),  (185,3),  (210,3),  (184,3),  (161,3),  (152,3),  (166,3),  (172,6),  (176,7), 


[Timing] Time passed: 124.173012 s

Posterior Probability: -208.9489068
Agreement with demo: 17%
Current angular diffs: 82'

Selected number of demos: 55

-- Positive Demos --
 (596,3),  (584,3),  (574,3),  (550,3),  (536,5),  (525,0),  (505,0),  (480,0),  (450,0),  (405,4),  (386,4),  (339,4),  (320,4),  (305,4),  (286,4),  (270,2),  (285,2),  (281,2),  (277,2),  (267,6),  (278,6),  (294,2),  (296,2),  (286,2),  (273,2),  (262,2),  (229,0),  (202,0),  (177,0),  (151,5),  (121,5),  (110,5),  (98,3),  (101,7),  (126,7),  (161,7),  (185,3),  (191,3),  (205,3),  (213,3),  (210,3),  (211,3),  (200,3),  (184,3),  (174,3),  (152,3),  (156,7),  (164,3),  (166,3),  (169,2),  (171,2),  (172,6),  (174,2),  (176,7), 


[Timing] Time passed: 125.056793 s

Posterior Probability: -204.9472748
Agreement with demo: 5.3%
Current angular diffs: 90'

Selected number of demos: 22

-- Positive Demos --
 (576,3),  (574,3),  (536,5),  (450,0),  (405,4),  (320,4),  (305,4),  (270,2),  (277,2),  (276,2),  (294,2),  (262,2),  (177,0),  (151,5),  (126,7),  (205,3),  (210,3),  (211,3),  (174,3),  (166,3),  (169,2), 


[Timing] Time passed: 124.615241 s

Posterior Probability: -308.4396391
Agreement with demo: 16%
Current angular diffs: 85'

Selected number of demos: 47

-- Positive Demos --
 (601,3),  (596,3),  (584,3),  (574,3),  (550,3),  (540,3),  (525,0),  (505,0),  (480,0),  (424,4),  (405,4),  (364,4),  (339,4),  (305,4),  (272,2),  (280,2),  (281,2),  (276,2),  (267,6),  (294,2),  (296,2),  (273,2),  (249,4),  (202,0),  (151,5),  (134,5),  (110,5),  (101,7),  (126,7),  (180,3),  (185,3),  (191,3),  (213,3),  (210,3),  (211,3),  (200,3),  (177,3),  (174,3),  (161,3),  (156,7),  (164,3),  (167,2),  (171,2),  (172,6),  (173,6),  (174,2),  (176,7), 


[Timing] Time passed: 123.445274 s

Posterior Probability: -292.3104518
Agreement with demo: 8%
Current angular diffs: 85'

Selected number of demos: 20

-- Positive Demos --
 (574,3),  (536,5),  (424,4),  (386,4),  (320,4),  (272,2),  (270,2),  (278,6),  (296,2),  (273,2),  (249,4),  (229,0),  (134,5),  (161,7),  (191,3),  (210,3),  (177,3),  (156,7),  (172,6), 


[Timing] Time passed: 126.069685 s

Posterior Probability: -97.02892115
Agreement with demo: 9.3%
Current angular diffs: 88'

Selected number of demos: 20

-- Positive Demos --
 (574,3),  (540,3),  (525,0),  (480,0),  (386,4),  (286,4),  (281,2),  (267,6),  (294,2),  (286,2),  (202,0),  (151,5),  (101,7),  (191,3),  (210,3),  (211,3),  (184,3),  (161,3),  (167,2),  (173,6), 


[Timing] Time passed: 124.72697 s

Posterior Probability: -177.4664548
Agreement with demo: 16%
Current angular diffs: 81'

Selected number of demos: 26

-- Positive Demos --
 (601,3),  (596,3),  (584,3),  (566,5),  (540,3),  (525,0),  (505,0),  (424,4),  (405,4),  (305,4),  (270,2),  (281,2),  (276,2),  (294,2),  (286,2),  (262,2),  (229,0),  (134,5),  (110,5),  (180,3),  (213,3),  (211,3),  (174,3),  (164,3),  (171,2),  (176,7), 


[Timing] Time passed: 125.227804 s

Posterior Probability: -244.9044355
Agreement with demo: 9.3%
Current angular diffs: 85'

Selected number of demos: 72

-- Positive Demos --
 (601,3),  (596,3),  (584,3),  (576,3),  (574,3),  (566,5),  (550,3),  (540,3),  (536,5),  (525,0),  (505,0),  (480,0),  (450,0),  (424,4),  (405,4),  (386,4),  (364,4),  (339,4),  (320,4),  (305,4),  (286,4),  (272,2),  (270,2),  (280,2),  (285,2),  (281,2),  (277,2),  (276,2),  (267,6),  (278,6),  (294,2),  (296,2),  (286,2),  (273,2),  (262,2),  (249,4),  (229,0),  (202,0),  (177,0),  (151,5),  (134,5),  (121,5),  (110,5),  (98,3),  (101,7),  (126,7),  (161,7),  (180,3),  (185,3),  (191,3),  (205,3),  (213,3),  (210,3),  (211,3),  (200,3),  (184,3),  (177,3),  (174,3),  (161,3),  (152,3),  (156,7),  (164,3),  (166,3),  (167,2),  (169,2),  (171,2),  (172,6),  (173,6),  (174,2),  (176,7), 


[Timing] Time passed: 124.96398 s

Posterior Probability: -389.6168229
Agreement with demo: 13%
Current angular diffs: 81'

Selected number of demos: 46

-- Positive Demos --
 (601,3),  (596,3),  (584,3),  (574,3),  (550,3),  (536,5),  (505,0),  (450,0),  (405,4),  (386,4),  (339,4),  (305,4),  (272,2),  (270,2),  (285,2),  (277,2),  (278,6),  (296,2),  (286,2),  (273,2),  (249,4),  (229,0),  (202,0),  (177,0),  (134,5),  (121,5),  (110,5),  (101,7),  (126,7),  (180,3),  (185,3),  (191,3),  (213,3),  (210,3),  (200,3),  (184,3),  (174,3),  (152,3),  (164,3),  (167,2),  (169,2),  (172,6),  (173,6),  (174,2),  (176,7), 


[Timing] Time passed: 129.877932 s

Posterior Probability: -372.2961029
Agreement with demo: 6.7%
Current angular diffs: 90'

Selected number of demos: 33

-- Positive Demos --
 (596,3),  (574,3),  (540,3),  (536,5),  (525,0),  (450,0),  (424,4),  (386,4),  (320,4),  (305,4),  (272,2),  (280,2),  (281,2),  (270,2),  (294,2),  (296,2),  (273,2),  (249,4),  (177,0),  (151,5),  (110,5),  (126,7),  (161,7),  (180,3),  (205,3),  (210,3),  (200,3),  (174,3),  (161,3),  (156,7),  (167,2),  (172,6),  (174,2), 


[Timing] Time passed: 128.113665 s

Posterior Probability: -150.8961419
Agreement with demo: 6.7%
Current angular diffs: 84'

Selected number of demos: 15

-- Positive Demos --
 (596,3),  (550,3),  (480,0),  (339,4),  (270,2),  (286,2),  (177,0),  (101,7),  (205,3),  (211,3),  (184,3),  (161,3),  (167,2),  (174,2), 


[Timing] Time passed: 126.79997 s

Posterior Probability: -132.964846
Agreement with demo: 12%
Current angular diffs: 90'

Selected number of demos: 25

-- Positive Demos --
 (574,3),  (550,3),  (536,5),  (525,0),  (480,0),  (424,4),  (339,4),  (320,4),  (280,2),  (285,2),  (278,6),  (294,2),  (249,4),  (202,0),  (110,5),  (98,3),  (101,7),  (161,7),  (213,3),  (210,3),  (174,3),  (167,2),  (171,2),  (173,6),  (174,2), 


[Timing] Time passed: 133.077461 s

Posterior Probability: -110.0935247
Agreement with demo: 9.3%
Current angular diffs: 88'

Selected number of demos: 51

-- Positive Demos --
 (601,3),  (584,3),  (576,3),  (574,3),  (550,3),  (540,3),  (525,0),  (480,0),  (424,4),  (405,4),  (364,4),  (339,4),  (320,4),  (286,4),  (272,2),  (280,2),  (285,2),  (277,2),  (270,2),  (267,6),  (294,2),  (286,2),  (273,2),  (262,2),  (249,4),  (202,0),  (177,0),  (151,5),  (134,5),  (121,5),  (110,5),  (98,3),  (126,7),  (161,7),  (180,3),  (191,3),  (205,3),  (210,3),  (200,3),  (184,3),  (177,3),  (161,3),  (152,3),  (164,3),  (166,3),  (169,2),  (171,2),  (173,6),  (174,2),  (176,7), 


[Timing] Time passed: 142.52641 s

Posterior Probability: -190.7625765
Agreement with demo: 12%
Current angular diffs: 85'

Selected number of demos: 30

-- Positive Demos --
 (596,3),  (584,3),  (576,3),  (540,3),  (480,0),  (405,4),  (320,4),  (305,4),  (272,2),  (280,2),  (285,2),  (277,2),  (270,2),  (278,6),  (296,2),  (273,2),  (262,2),  (249,4),  (202,0),  (121,5),  (126,7),  (161,7),  (180,3),  (205,3),  (210,3),  (177,3),  (152,3),  (164,3),  (171,2),  (176,7), 


[Timing] Time passed: 140.572706 s

Posterior Probability: -90.68093646
Agreement with demo: 13%
Current angular diffs: 85'

Selected number of demos: 72

-- Positive Demos --
 (601,3),  (596,3),  (584,3),  (576,3),  (574,3),  (566,5),  (550,3),  (540,3),  (536,5),  (525,0),  (505,0),  (480,0),  (450,0),  (424,4),  (405,4),  (386,4),  (364,4),  (339,4),  (320,4),  (305,4),  (286,4),  (272,2),  (270,2),  (280,2),  (285,2),  (281,2),  (277,2),  (276,2),  (267,6),  (278,6),  (294,2),  (296,2),  (286,2),  (273,2),  (262,2),  (249,4),  (229,0),  (202,0),  (177,0),  (151,5),  (134,5),  (121,5),  (110,5),  (98,3),  (101,7),  (126,7),  (161,7),  (180,3),  (185,3),  (191,3),  (205,3),  (213,3),  (210,3),  (211,3),  (200,3),  (184,3),  (177,3),  (174,3),  (161,3),  (152,3),  (156,7),  (164,3),  (166,3),  (167,2),  (169,2),  (171,2),  (172,6),  (173,6),  (174,2),  (176,7), 


[Timing] Time passed: 137.031744 s

Posterior Probability: -689.5959517
Agreement with demo: 13%
Current angular diffs: 86'

Selected number of demos: 27

-- Positive Demos --
 (601,3),  (566,5),  (505,0),  (450,0),  (339,4),  (272,2),  (270,2),  (277,2),  (276,2),  (267,6),  (278,6),  (262,2),  (249,4),  (134,5),  (121,5),  (126,7),  (180,3),  (213,3),  (210,3),  (184,3),  (161,3),  (152,3),  (166,3),  (169,2),  (173,6),  (174,2), 


[Timing] Time passed: 131.932108 s

Posterior Probability: -241.2289754
Agreement with demo: 8%
Current angular diffs: 95'

Selected number of demos: 36

-- Positive Demos --
 (584,3),  (576,3),  (574,3),  (566,5),  (550,3),  (536,5),  (480,0),  (405,4),  (386,4),  (364,4),  (339,4),  (305,4),  (272,2),  (270,2),  (280,2),  (277,2),  (267,6),  (278,6),  (294,2),  (273,2),  (229,0),  (151,5),  (121,5),  (98,3),  (126,7),  (180,3),  (185,3),  (213,3),  (210,3),  (211,3),  (177,3),  (161,3),  (164,3),  (166,3),  (171,2),  (174,2), 


[Timing] Time passed: 130.443095 s

Posterior Probability: -222.0345219
Agreement with demo: 12%
Current angular diffs: 87'

Selected number of demos: 50

-- Positive Demos --
 (601,3),  (584,3),  (576,3),  (574,3),  (550,3),  (540,3),  (536,5),  (525,0),  (480,0),  (424,4),  (386,4),  (339,4),  (305,4),  (286,4),  (272,2),  (270,2),  (280,2),  (285,2),  (281,2),  (276,2),  (267,6),  (278,6),  (294,2),  (296,2),  (286,2),  (262,2),  (249,4),  (202,0),  (151,5),  (121,5),  (110,5),  (101,7),  (126,7),  (180,3),  (191,3),  (213,3),  (210,3),  (200,3),  (177,3),  (174,3),  (161,3),  (156,7),  (164,3),  (166,3),  (169,2),  (171,2),  (172,6),  (173,6),  (174,2),  (176,7), 


[Timing] Time passed: 119.145425 s

Posterior Probability: -210.4321024
Agreement with demo: 15%
Current angular diffs: 97'

Selected number of demos: 72

-- Positive Demos --
 (601,3),  (596,3),  (584,3),  (576,3),  (574,3),  (566,5),  (550,3),  (540,3),  (536,5),  (525,0),  (505,0),  (480,0),  (450,0),  (424,4),  (405,4),  (386,4),  (364,4),  (339,4),  (320,4),  (305,4),  (286,4),  (272,2),  (270,2),  (280,2),  (285,2),  (281,2),  (277,2),  (276,2),  (267,6),  (278,6),  (294,2),  (296,2),  (286,2),  (273,2),  (262,2),  (249,4),  (229,0),  (202,0),  (177,0),  (151,5),  (134,5),  (121,5),  (110,5),  (98,3),  (101,7),  (126,7),  (161,7),  (180,3),  (185,3),  (191,3),  (205,3),  (213,3),  (210,3),  (211,3),  (200,3),  (184,3),  (177,3),  (174,3),  (161,3),  (152,3),  (156,7),  (164,3),  (166,3),  (167,2),  (169,2),  (171,2),  (172,6),  (173,6),  (174,2),  (176,7), 


[Timing] Time passed: 126.258844 s

Posterior Probability: -347.4626062
Agreement with demo: 11%
Current angular diffs: 88'

Selected number of demos: 33

-- Positive Demos --
 (601,3),  (584,3),  (576,3),  (574,3),  (540,3),  (480,0),  (450,0),  (424,4),  (386,4),  (305,4),  (272,2),  (280,2),  (281,2),  (267,6),  (278,6),  (294,2),  (273,2),  (262,2),  (249,4),  (151,5),  (110,5),  (101,7),  (180,3),  (205,3),  (213,3),  (210,3),  (184,3),  (174,3),  (152,3),  (167,2),  (171,2),  (176,7), 


[Timing] Time passed: 114.746718 s

Posterior Probability: -73.32010125
Agreement with demo: 12%
Current angular diffs: 92'

Selected number of demos: 30

-- Positive Demos --
 (596,3),  (574,3),  (536,5),  (450,0),  (424,4),  (386,4),  (364,4),  (286,4),  (272,2),  (270,2),  (280,2),  (276,2),  (296,2),  (286,2),  (262,2),  (229,0),  (134,5),  (98,3),  (101,7),  (126,7),  (185,3),  (210,3),  (200,3),  (174,3),  (161,3),  (156,7),  (167,2),  (169,2),  (172,6), 


[Timing] Time passed: 118.692994 s

Posterior Probability: -117.1829348
Agreement with demo: 12%
Current angular diffs: 81'

Selected number of demos: 23

-- Positive Demos --
 (584,3),  (574,3),  (525,0),  (450,0),  (405,4),  (305,4),  (280,2),  (270,2),  (286,2),  (273,2),  (262,2),  (177,0),  (110,5),  (126,7),  (185,3),  (210,3),  (184,3),  (174,3),  (164,3),  (167,2),  (171,2),  (174,2),  (176,7), 


[Timing] Time passed: 118.338267 s

Posterior Probability: -259.3788413
Agreement with demo: 9.3%
Current angular diffs: 84'

Selected number of demos: 25

-- Positive Demos --
 (576,3),  (574,3),  (566,5),  (550,3),  (505,0),  (480,0),  (405,4),  (305,4),  (286,4),  (280,2),  (276,2),  (294,2),  (286,2),  (229,0),  (177,0),  (98,3),  (185,3),  (213,3),  (210,3),  (184,3),  (152,3),  (164,3),  (172,6),  (173,6),  (176,7), 


[Timing] Time passed: 104.57035 s

Posterior Probability: -58.69432994
Agreement with demo: 8%
Current angular diffs: 88'

Selected number of demos: 24

-- Positive Demos --
 (574,3),  (536,5),  (525,0),  (505,0),  (450,0),  (364,4),  (305,4),  (286,4),  (272,2),  (277,2),  (270,2),  (296,2),  (262,2),  (249,4),  (134,5),  (98,3),  (161,7),  (205,3),  (200,3),  (177,3),  (161,3),  (166,3),  (171,2),  (172,6), 


[Timing] Time passed: 105.290403 s

Posterior Probability: -104.681252
Agreement with demo: 11%
Current angular diffs: 85'

Selected number of demos: 44

-- Positive Demos --
 (601,3),  (584,3),  (574,3),  (566,5),  (540,3),  (536,5),  (505,0),  (450,0),  (424,4),  (386,4),  (364,4),  (320,4),  (305,4),  (272,2),  (280,2),  (285,2),  (277,2),  (276,2),  (267,6),  (278,6),  (294,2),  (296,2),  (273,2),  (249,4),  (202,0),  (151,5),  (134,5),  (110,5),  (101,7),  (161,7),  (180,3),  (191,3),  (213,3),  (210,3),  (211,3),  (200,3),  (177,3),  (161,3),  (156,7),  (164,3),  (167,2),  (171,2),  (173,6),  (176,7), 


[Timing] Time passed: 103.490888 s

Posterior Probability: -207.7899227
Agreement with demo: 12%
Current angular diffs: 86'

Selected number of demos: 72

-- Positive Demos --
 (601,3),  (596,3),  (584,3),  (576,3),  (574,3),  (566,5),  (550,3),  (540,3),  (536,5),  (525,0),  (505,0),  (480,0),  (450,0),  (424,4),  (405,4),  (386,4),  (364,4),  (339,4),  (320,4),  (305,4),  (286,4),  (272,2),  (270,2),  (280,2),  (285,2),  (281,2),  (277,2),  (276,2),  (267,6),  (278,6),  (294,2),  (296,2),  (286,2),  (273,2),  (262,2),  (249,4),  (229,0),  (202,0),  (177,0),  (151,5),  (134,5),  (121,5),  (110,5),  (98,3),  (101,7),  (126,7),  (161,7),  (180,3),  (185,3),  (191,3),  (205,3),  (213,3),  (210,3),  (211,3),  (200,3),  (184,3),  (177,3),  (174,3),  (161,3),  (152,3),  (156,7),  (164,3),  (166,3),  (167,2),  (169,2),  (171,2),  (172,6),  (173,6),  (174,2),  (176,7), 


[Timing] Time passed: 95.573351 s

Posterior Probability: -305.5321812
Agreement with demo: 8%
Current angular diffs: 84'

Selected number of demos: 38

-- Positive Demos --
 (596,3),  (584,3),  (576,3),  (574,3),  (566,5),  (540,3),  (536,5),  (525,0),  (450,0),  (386,4),  (320,4),  (286,4),  (272,2),  (270,2),  (285,2),  (276,2),  (267,6),  (278,6),  (296,2),  (262,2),  (202,0),  (151,5),  (121,5),  (98,3),  (101,7),  (180,3),  (185,3),  (205,3),  (210,3),  (211,3),  (177,3),  (152,3),  (164,3),  (169,2),  (171,2),  (172,6),  (174,2), 


[Timing] Time passed: 95.274157 s

Posterior Probability: -141.6716307
Agreement with demo: 11%
Current angular diffs: 87'

Selected number of demos: 24

-- Positive Demos --
 (596,3),  (550,3),  (536,5),  (450,0),  (386,4),  (320,4),  (286,4),  (272,2),  (277,2),  (278,6),  (286,2),  (229,0),  (134,5),  (101,7),  (126,7),  (185,3),  (205,3),  (210,3),  (184,3),  (174,3),  (164,3),  (166,3),  (167,2),  (173,6), 


[Timing] Time passed: 97.566555 s

Posterior Probability: -132.9288304
Agreement with demo: 11%
Current angular diffs: 89'

Selected number of demos: 39

-- Positive Demos --
 (584,3),  (574,3),  (550,3),  (540,3),  (536,5),  (525,0),  (505,0),  (424,4),  (405,4),  (386,4),  (339,4),  (286,4),  (270,2),  (285,2),  (281,2),  (276,2),  (267,6),  (278,6),  (294,2),  (273,2),  (249,4),  (202,0),  (151,5),  (134,5),  (121,5),  (110,5),  (101,7),  (161,7),  (185,3),  (213,3),  (210,3),  (200,3),  (184,3),  (177,3),  (161,3),  (156,7),  (166,3),  (171,2),  (173,6), 


[Timing] Time passed: 95.633644 s

Posterior Probability: -401.7801221
Agreement with demo: 12%
Current angular diffs: 87'

Selected number of demos: 50

-- Positive Demos --
 (596,3),  (584,3),  (574,3),  (566,5),  (550,3),  (540,3),  (525,0),  (480,0),  (450,0),  (424,4),  (405,4),  (386,4),  (364,4),  (339,4),  (320,4),  (286,4),  (272,2),  (270,2),  (280,2),  (285,2),  (281,2),  (277,2),  (276,2),  (267,6),  (278,6),  (296,2),  (273,2),  (262,2),  (229,0),  (177,0),  (151,5),  (121,5),  (98,3),  (126,7),  (180,3),  (191,3),  (213,3),  (210,3),  (200,3),  (184,3),  (177,3),  (161,3),  (152,3),  (156,7),  (166,3),  (169,2),  (171,2),  (173,6),  (176,7), 


[Timing] Time passed: 95.970152 s

Posterior Probability: -202.8142023
Agreement with demo: 9.3%
Current angular diffs: 91'

Selected number of demos: 25

-- Positive Demos --
 (576,3),  (550,3),  (525,0),  (450,0),  (364,4),  (320,4),  (270,2),  (277,2),  (267,6),  (296,2),  (249,4),  (229,0),  (177,0),  (134,5),  (121,5),  (101,7),  (185,3),  (205,3),  (213,3),  (211,3),  (174,3),  (152,3),  (167,2),  (173,6),  (176,7), 


[Timing] Time passed: 95.15358 s

Posterior Probability: -103.907458
Agreement with demo: 8%
Current angular diffs: 86'

Selected number of demos: 37

-- Positive Demos --
 (596,3),  (574,3),  (566,5),  (540,3),  (525,0),  (450,0),  (405,4),  (364,4),  (339,4),  (320,4),  (272,2),  (285,2),  (276,2),  (270,2),  (267,6),  (278,6),  (294,2),  (296,2),  (273,2),  (262,2),  (229,0),  (151,5),  (121,5),  (101,7),  (126,7),  (185,3),  (191,3),  (210,3),  (211,3),  (184,3),  (174,3),  (156,7),  (166,3),  (167,2),  (171,2),  (172,6),  (176,7), 


[Timing] Time passed: 94.546065 s

Posterior Probability: -201.9278899
Agreement with demo: 17%
Current angular diffs: 96'

Selected number of demos: 41

-- Positive Demos --
 (584,3),  (576,3),  (574,3),  (550,3),  (540,3),  (505,0),  (450,0),  (424,4),  (364,4),  (320,4),  (305,4),  (272,2),  (270,2),  (281,2),  (267,6),  (294,2),  (296,2),  (286,2),  (273,2),  (262,2),  (229,0),  (151,5),  (134,5),  (98,3),  (126,7),  (161,7),  (180,3),  (191,3),  (210,3),  (211,3),  (177,3),  (161,3),  (152,3),  (156,7),  (164,3),  (169,2),  (172,6),  (173,6),  (176,7), 


[Timing] Time passed: 91.471392 s

Posterior Probability: -185.5555077
Agreement with demo: 9.3%
Current angular diffs: 88'

Selected number of demos: 20

-- Positive Demos --
 (601,3),  (574,3),  (566,5),  (525,0),  (450,0),  (364,4),  (305,4),  (280,2),  (276,2),  (286,2),  (202,0),  (151,5),  (110,5),  (185,3),  (205,3),  (210,3),  (174,3),  (167,2),  (169,2),  (172,6), 


[Timing] Time passed: 82.351008 s

Posterior Probability: -116.1625636
Agreement with demo: 13%
Current angular diffs: 80'

Selected number of demos: 22

-- Positive Demos --
 (596,3),  (566,5),  (505,0),  (364,4),  (305,4),  (280,2),  (267,6),  (273,2),  (177,0),  (121,5),  (126,7),  (161,7),  (213,3),  (200,3),  (174,3),  (161,3),  (156,7),  (164,3),  (166,3),  (171,2),  (174,2),  (176,7), 


[Timing] Time passed: 82.770657 s

Posterior Probability: -122.483546
Agreement with demo: 17%
Current angular diffs: 86'

Selected number of demos: 38

-- Positive Demos --
 (596,3),  (574,3),  (566,5),  (540,3),  (536,5),  (525,0),  (480,0),  (450,0),  (405,4),  (364,4),  (339,4),  (305,4),  (270,2),  (281,2),  (294,2),  (286,2),  (262,2),  (229,0),  (177,0),  (151,5),  (134,5),  (121,5),  (101,7),  (126,7),  (161,7),  (191,3),  (205,3),  (210,3),  (211,3),  (177,3),  (152,3),  (164,3),  (166,3),  (169,2),  (172,6),  (174,2),  (176,7), 


[Timing] Time passed: 88.020794 s

Posterior Probability: -145.6766327
Agreement with demo: 13%
Current angular diffs: 85'

Selected number of demos: 28

-- Positive Demos --
 (576,3),  (540,3),  (525,0),  (424,4),  (339,4),  (320,4),  (286,4),  (270,2),  (277,2),  (267,6),  (278,6),  (294,2),  (273,2),  (262,2),  (177,0),  (134,5),  (101,7),  (180,3),  (205,3),  (210,3),  (200,3),  (177,3),  (174,3),  (161,3),  (164,3),  (171,2),  (174,2),  (176,7), 


[Timing] Time passed: 82.257839 s

Posterior Probability: -180.043784
Agreement with demo: 12%
Current angular diffs: 90'

Selected number of demos: 36

-- Positive Demos --
 (596,3),  (576,3),  (574,3),  (550,3),  (525,0),  (505,0),  (450,0),  (386,4),  (320,4),  (305,4),  (270,2),  (280,2),  (277,2),  (276,2),  (267,6),  (296,2),  (273,2),  (249,4),  (202,0),  (151,5),  (134,5),  (98,3),  (126,7),  (161,7),  (191,3),  (205,3),  (210,3),  (211,3),  (200,3),  (177,3),  (152,3),  (164,3),  (169,2),  (171,2),  (172,6),  (176,7), 


[Timing] Time passed: 83.819808 s

Posterior Probability: -211.4306582
Agreement with demo: 8%
Current angular diffs: 90'

Selected number of demos: 28

-- Positive Demos --
 (576,3),  (540,3),  (536,5),  (450,0),  (364,4),  (339,4),  (272,2),  (281,2),  (277,2),  (267,6),  (296,2),  (262,2),  (249,4),  (177,0),  (110,5),  (98,3),  (161,7),  (185,3),  (205,3),  (210,3),  (200,3),  (184,3),  (152,3),  (156,7),  (166,3),  (167,2),  (169,2),  (173,6), 


[Timing] Time passed: 86.921932 s

Posterior Probability: -67.61635195
Agreement with demo: 9.3%
Current angular diffs: 88'

Selected number of demos: 38

-- Positive Demos --
 (596,3),  (584,3),  (574,3),  (550,3),  (540,3),  (505,0),  (480,0),  (424,4),  (405,4),  (339,4),  (305,4),  (272,2),  (270,2),  (280,2),  (281,2),  (276,2),  (267,6),  (294,2),  (273,2),  (262,2),  (249,4),  (229,0),  (151,5),  (110,5),  (101,7),  (180,3),  (185,3),  (191,3),  (205,3),  (210,3),  (184,3),  (161,3),  (152,3),  (164,3),  (167,2),  (172,6),  (174,2), 


[Timing] Time passed: 82.719424 s

Posterior Probability: -136.7606361
Agreement with demo: 13%
Current angular diffs: 94'

Selected number of demos: 27

-- Positive Demos --
 (601,3),  (576,3),  (566,5),  (550,3),  (525,0),  (450,0),  (339,4),  (305,4),  (272,2),  (285,2),  (277,2),  (270,2),  (296,2),  (273,2),  (262,2),  (177,0),  (151,5),  (101,7),  (126,7),  (205,3),  (211,3),  (177,3),  (174,3),  (152,3),  (166,3),  (171,2),  (174,2), 


[Timing] Time passed: 83.639954 s

Posterior Probability: -176.0832037
Agreement with demo: 13%
Current angular diffs: 88'

Selected number of demos: 31

-- Positive Demos --
 (601,3),  (576,3),  (566,5),  (536,5),  (480,0),  (450,0),  (405,4),  (386,4),  (320,4),  (305,4),  (270,2),  (280,2),  (277,2),  (267,6),  (296,2),  (262,2),  (202,0),  (134,5),  (98,3),  (126,7),  (180,3),  (205,3),  (210,3),  (200,3),  (177,3),  (161,3),  (152,3),  (164,3),  (169,2),  (173,6),  (176,7), 


[Timing] Time passed: 90.32959 s

Posterior Probability: -274.1071479
Agreement with demo: 13%
Current angular diffs: 88'

-----------------------------
Avg angular diffs: 80'
-- learned weights --
Feature Weights: -0.0725, 0.67975, 0.00825, -0.1, 
