loading features...

Initializing gridworld of size 28 by 22..
    Num states: 616
    Num actions: 8

-- Positive Demos --
 (51,3),  (51,1),  (80,1),  (80,6),  (107,1),  (135,1),  (163,1),  (218,6),  (246,1),  (274,1),  (329,1),  (356,1),  (385,1),  (412,1),  (441,6),  (468,6),  (467,6),  (495,2),  (494,2),  (493,4),  (492,4),  (464,4),  (435,2),  (434,2),  (433,2),  (433,5),  (405,5),  (379,0),  (350,0),  (323,0),  (295,0),  (268,0),  (240,0),  (211,0),  (184,4),  (184,2),  (183,4),  (155,0),  (126,4),  (97,4),  (96,4),  (68,2),  (67,2),  (66,6),  (93,6),  (120,6),  (119,6),  (147,2),  (146,2),  (145,2),  (144,2),  (143,2),  (143,1),  (142,1),  (171,1),  (198,1),  (227,7),  (256,3),  (257,3),  (258,7),  (286,7),  (315,7),  (316,7),  (344,1),  (373,1),  (400,1),  (429,1),  (457,6),  (484,6),  (483,6),  (510,6),  (509,2),  (508,2),  (507,2),  (507,6),  (506,2),  (533,4),  (506,5),  (506,0),  (506,1),  (506,3),  (506,7), 


[Timing] Time passed: 178.558594 s

Posterior Probability: -1052.832005
Agreement with demo: 16%
Avg angular diffs: 94'

-- Positive Demos --
 (51,3),  (51,1),  (80,1),  (80,6),  (107,1),  (135,1),  (163,1),  (218,6),  (246,1),  (274,1),  (329,1),  (356,1),  (385,1),  (412,1),  (441,6),  (468,6),  (467,6),  (495,2),  (494,2),  (493,4),  (492,4),  (464,4),  (435,2),  (434,2),  (433,2),  (433,5),  (405,5),  (379,0),  (350,0),  (323,0),  (295,0),  (268,0),  (240,0),  (211,0),  (184,4),  (184,2),  (183,4),  (155,0),  (126,4),  (97,4),  (96,4),  (68,2),  (67,2),  (66,6),  (93,6),  (120,6),  (119,6),  (147,2),  (146,2),  (145,2),  (144,2),  (143,2),  (143,1),  (142,1),  (171,1),  (198,1),  (227,7),  (256,3),  (257,3),  (258,7),  (286,7),  (315,7),  (316,7),  (344,1),  (373,1),  (400,1),  (429,1),  (457,6),  (484,6),  (483,6),  (510,6),  (509,2),  (508,2),  (507,2),  (507,6),  (506,2),  (533,4),  (506,5),  (506,0),  (506,1),  (506,3),  (506,7), 


[Timing] Time passed: 176.370285 s

Posterior Probability: -1280.129655
Agreement with demo: 18%
Avg angular diffs: 89'

-- Positive Demos --
 (51,3),  (51,1),  (80,1),  (80,6),  (107,1),  (135,1),  (163,1),  (218,6),  (246,1),  (274,1),  (329,1),  (356,1),  (385,1),  (412,1),  (441,6),  (468,6),  (467,6),  (495,2),  (494,2),  (493,4),  (492,4),  (464,4),  (435,2),  (434,2),  (433,2),  (433,5),  (405,5),  (379,0),  (350,0),  (323,0),  (295,0),  (268,0),  (240,0),  (211,0),  (184,4),  (184,2),  (183,4),  (155,0),  (126,4),  (97,4),  (96,4),  (68,2),  (67,2),  (66,6),  (93,6),  (120,6),  (119,6),  (147,2),  (146,2),  (145,2),  (144,2),  (143,2),  (143,1),  (142,1),  (171,1),  (198,1),  (227,7),  (256,3),  (257,3),  (258,7),  (286,7),  (315,7),  (316,7),  (344,1),  (373,1),  (400,1),  (429,1),  (457,6),  (484,6),  (483,6),  (510,6),  (509,2),  (508,2),  (507,2),  (507,6),  (506,2),  (533,4),  (506,5),  (506,0),  (506,1),  (506,3),  (506,7), 


[Timing] Time passed: 168.483008 s

Posterior Probability: -791.7074339
Agreement with demo: 8.5%
Avg angular diffs: 92'

-- Positive Demos --
 (51,3),  (51,1),  (80,1),  (80,6),  (107,1),  (135,1),  (163,1),  (218,6),  (246,1),  (274,1),  (329,1),  (356,1),  (385,1),  (412,1),  (441,6),  (468,6),  (467,6),  (495,2),  (494,2),  (493,4),  (492,4),  (464,4),  (435,2),  (434,2),  (433,2),  (433,5),  (405,5),  (379,0),  (350,0),  (323,0),  (295,0),  (268,0),  (240,0),  (211,0),  (184,4),  (184,2),  (183,4),  (155,0),  (126,4),  (97,4),  (96,4),  (68,2),  (67,2),  (66,6),  (93,6),  (120,6),  (119,6),  (147,2),  (146,2),  (145,2),  (144,2),  (143,2),  (143,1),  (142,1),  (171,1),  (198,1),  (227,7),  (256,3),  (257,3),  (258,7),  (286,7),  (315,7),  (316,7),  (344,1),  (373,1),  (400,1),  (429,1),  (457,6),  (484,6),  (483,6),  (510,6),  (509,2),  (508,2),  (507,2),  (507,6),  (506,2),  (533,4),  (506,5),  (506,0),  (506,1),  (506,3),  (506,7), 


[Timing] Time passed: 164.038098 s

Posterior Probability: -385.9047588
Agreement with demo: 11%
Avg angular diffs: 91'

-- Positive Demos --
 (51,3),  (51,1),  (80,1),  (80,6),  (107,1),  (135,1),  (163,1),  (218,6),  (246,1),  (274,1),  (329,1),  (356,1),  (385,1),  (412,1),  (441,6),  (468,6),  (467,6),  (495,2),  (494,2),  (493,4),  (492,4),  (464,4),  (435,2),  (434,2),  (433,2),  (433,5),  (405,5),  (379,0),  (350,0),  (323,0),  (295,0),  (268,0),  (240,0),  (211,0),  (184,4),  (184,2),  (183,4),  (155,0),  (126,4),  (97,4),  (96,4),  (68,2),  (67,2),  (66,6),  (93,6),  (120,6),  (119,6),  (147,2),  (146,2),  (145,2),  (144,2),  (143,2),  (143,1),  (142,1),  (171,1),  (198,1),  (227,7),  (256,3),  (257,3),  (258,7),  (286,7),  (315,7),  (316,7),  (344,1),  (373,1),  (400,1),  (429,1),  (457,6),  (484,6),  (483,6),  (510,6),  (509,2),  (508,2),  (507,2),  (507,6),  (506,2),  (533,4),  (506,5),  (506,0),  (506,1),  (506,3),  (506,7), 


[Timing] Time passed: 170.36193 s

Posterior Probability: -573.2908835
Agreement with demo: 22%
Avg angular diffs: 79'

-- Positive Demos --
 (51,3),  (51,1),  (80,1),  (80,6),  (107,1),  (135,1),  (163,1),  (218,6),  (246,1),  (274,1),  (329,1),  (356,1),  (385,1),  (412,1),  (441,6),  (468,6),  (467,6),  (495,2),  (494,2),  (493,4),  (492,4),  (464,4),  (435,2),  (434,2),  (433,2),  (433,5),  (405,5),  (379,0),  (350,0),  (323,0),  (295,0),  (268,0),  (240,0),  (211,0),  (184,4),  (184,2),  (183,4),  (155,0),  (126,4),  (97,4),  (96,4),  (68,2),  (67,2),  (66,6),  (93,6),  (120,6),  (119,6),  (147,2),  (146,2),  (145,2),  (144,2),  (143,2),  (143,1),  (142,1),  (171,1),  (198,1),  (227,7),  (256,3),  (257,3),  (258,7),  (286,7),  (315,7),  (316,7),  (344,1),  (373,1),  (400,1),  (429,1),  (457,6),  (484,6),  (483,6),  (510,6),  (509,2),  (508,2),  (507,2),  (507,6),  (506,2),  (533,4),  (506,5),  (506,0),  (506,1),  (506,3),  (506,7), 


[Timing] Time passed: 161.482011 s

Posterior Probability: -190.5031949
Agreement with demo: 20%
Avg angular diffs: 83'

-- Positive Demos --
 (51,3),  (51,1),  (80,1),  (80,6),  (107,1),  (135,1),  (163,1),  (218,6),  (246,1),  (274,1),  (329,1),  (356,1),  (385,1),  (412,1),  (441,6),  (468,6),  (467,6),  (495,2),  (494,2),  (493,4),  (492,4),  (464,4),  (435,2),  (434,2),  (433,2),  (433,5),  (405,5),  (379,0),  (350,0),  (323,0),  (295,0),  (268,0),  (240,0),  (211,0),  (184,4),  (184,2),  (183,4),  (155,0),  (126,4),  (97,4),  (96,4),  (68,2),  (67,2),  (66,6),  (93,6),  (120,6),  (119,6),  (147,2),  (146,2),  (145,2),  (144,2),  (143,2),  (143,1),  (142,1),  (171,1),  (198,1),  (227,7),  (256,3),  (257,3),  (258,7),  (286,7),  (315,7),  (316,7),  (344,1),  (373,1),  (400,1),  (429,1),  (457,6),  (484,6),  (483,6),  (510,6),  (509,2),  (508,2),  (507,2),  (507,6),  (506,2),  (533,4),  (506,5),  (506,0),  (506,1),  (506,3),  (506,7), 


[Timing] Time passed: 166.389702 s

Posterior Probability: -363.5468779
Agreement with demo: 23%
Avg angular diffs: 81'

-- Positive Demos --
 (51,3),  (51,1),  (80,1),  (80,6),  (107,1),  (135,1),  (163,1),  (218,6),  (246,1),  (274,1),  (329,1),  (356,1),  (385,1),  (412,1),  (441,6),  (468,6),  (467,6),  (495,2),  (494,2),  (493,4),  (492,4),  (464,4),  (435,2),  (434,2),  (433,2),  (433,5),  (405,5),  (379,0),  (350,0),  (323,0),  (295,0),  (268,0),  (240,0),  (211,0),  (184,4),  (184,2),  (183,4),  (155,0),  (126,4),  (97,4),  (96,4),  (68,2),  (67,2),  (66,6),  (93,6),  (120,6),  (119,6),  (147,2),  (146,2),  (145,2),  (144,2),  (143,2),  (143,1),  (142,1),  (171,1),  (198,1),  (227,7),  (256,3),  (257,3),  (258,7),  (286,7),  (315,7),  (316,7),  (344,1),  (373,1),  (400,1),  (429,1),  (457,6),  (484,6),  (483,6),  (510,6),  (509,2),  (508,2),  (507,2),  (507,6),  (506,2),  (533,4),  (506,5),  (506,0),  (506,1),  (506,3),  (506,7), 


[Timing] Time passed: 175.165784 s

Posterior Probability: -747.5837987
Agreement with demo: 8.5%
Avg angular diffs: 1e+02'

-- Positive Demos --
 (51,3),  (51,1),  (80,1),  (80,6),  (107,1),  (135,1),  (163,1),  (218,6),  (246,1),  (274,1),  (329,1),  (356,1),  (385,1),  (412,1),  (441,6),  (468,6),  (467,6),  (495,2),  (494,2),  (493,4),  (492,4),  (464,4),  (435,2),  (434,2),  (433,2),  (433,5),  (405,5),  (379,0),  (350,0),  (323,0),  (295,0),  (268,0),  (240,0),  (211,0),  (184,4),  (184,2),  (183,4),  (155,0),  (126,4),  (97,4),  (96,4),  (68,2),  (67,2),  (66,6),  (93,6),  (120,6),  (119,6),  (147,2),  (146,2),  (145,2),  (144,2),  (143,2),  (143,1),  (142,1),  (171,1),  (198,1),  (227,7),  (256,3),  (257,3),  (258,7),  (286,7),  (315,7),  (316,7),  (344,1),  (373,1),  (400,1),  (429,1),  (457,6),  (484,6),  (483,6),  (510,6),  (509,2),  (508,2),  (507,2),  (507,6),  (506,2),  (533,4),  (506,5),  (506,0),  (506,1),  (506,3),  (506,7), 


[Timing] Time passed: 169.700004 s

Posterior Probability: -368.4504982
Agreement with demo: 14%
Avg angular diffs: 93'

-- Positive Demos --
 (51,3),  (51,1),  (80,1),  (80,6),  (107,1),  (135,1),  (163,1),  (218,6),  (246,1),  (274,1),  (329,1),  (356,1),  (385,1),  (412,1),  (441,6),  (468,6),  (467,6),  (495,2),  (494,2),  (493,4),  (492,4),  (464,4),  (435,2),  (434,2),  (433,2),  (433,5),  (405,5),  (379,0),  (350,0),  (323,0),  (295,0),  (268,0),  (240,0),  (211,0),  (184,4),  (184,2),  (183,4),  (155,0),  (126,4),  (97,4),  (96,4),  (68,2),  (67,2),  (66,6),  (93,6),  (120,6),  (119,6),  (147,2),  (146,2),  (145,2),  (144,2),  (143,2),  (143,1),  (142,1),  (171,1),  (198,1),  (227,7),  (256,3),  (257,3),  (258,7),  (286,7),  (315,7),  (316,7),  (344,1),  (373,1),  (400,1),  (429,1),  (457,6),  (484,6),  (483,6),  (510,6),  (509,2),  (508,2),  (507,2),  (507,6),  (506,2),  (533,4),  (506,5),  (506,0),  (506,1),  (506,3),  (506,7), 


[Timing] Time passed: 168.379423 s

Posterior Probability: -824.9269379
Agreement with demo: 19%
Avg angular diffs: 86'

-- Positive Demos --
 (51,3),  (51,1),  (80,1),  (80,6),  (107,1),  (135,1),  (163,1),  (218,6),  (246,1),  (274,1),  (329,1),  (356,1),  (385,1),  (412,1),  (441,6),  (468,6),  (467,6),  (495,2),  (494,2),  (493,4),  (492,4),  (464,4),  (435,2),  (434,2),  (433,2),  (433,5),  (405,5),  (379,0),  (350,0),  (323,0),  (295,0),  (268,0),  (240,0),  (211,0),  (184,4),  (184,2),  (183,4),  (155,0),  (126,4),  (97,4),  (96,4),  (68,2),  (67,2),  (66,6),  (93,6),  (120,6),  (119,6),  (147,2),  (146,2),  (145,2),  (144,2),  (143,2),  (143,1),  (142,1),  (171,1),  (198,1),  (227,7),  (256,3),  (257,3),  (258,7),  (286,7),  (315,7),  (316,7),  (344,1),  (373,1),  (400,1),  (429,1),  (457,6),  (484,6),  (483,6),  (510,6),  (509,2),  (508,2),  (507,2),  (507,6),  (506,2),  (533,4),  (506,5),  (506,0),  (506,1),  (506,3),  (506,7), 


[Timing] Time passed: 159.401585 s

Posterior Probability: -200.257172
Agreement with demo: 19%
Avg angular diffs: 84'

-- Positive Demos --
 (51,3),  (51,1),  (80,1),  (80,6),  (107,1),  (135,1),  (163,1),  (218,6),  (246,1),  (274,1),  (329,1),  (356,1),  (385,1),  (412,1),  (441,6),  (468,6),  (467,6),  (495,2),  (494,2),  (493,4),  (492,4),  (464,4),  (435,2),  (434,2),  (433,2),  (433,5),  (405,5),  (379,0),  (350,0),  (323,0),  (295,0),  (268,0),  (240,0),  (211,0),  (184,4),  (184,2),  (183,4),  (155,0),  (126,4),  (97,4),  (96,4),  (68,2),  (67,2),  (66,6),  (93,6),  (120,6),  (119,6),  (147,2),  (146,2),  (145,2),  (144,2),  (143,2),  (143,1),  (142,1),  (171,1),  (198,1),  (227,7),  (256,3),  (257,3),  (258,7),  (286,7),  (315,7),  (316,7),  (344,1),  (373,1),  (400,1),  (429,1),  (457,6),  (484,6),  (483,6),  (510,6),  (509,2),  (508,2),  (507,2),  (507,6),  (506,2),  (533,4),  (506,5),  (506,0),  (506,1),  (506,3),  (506,7), 


[Timing] Time passed: 164.514139 s

Posterior Probability: -639.0965345
Agreement with demo: 6.4%
Avg angular diffs: 95'

-- Positive Demos --
 (51,3),  (51,1),  (80,1),  (80,6),  (107,1),  (135,1),  (163,1),  (218,6),  (246,1),  (274,1),  (329,1),  (356,1),  (385,1),  (412,1),  (441,6),  (468,6),  (467,6),  (495,2),  (494,2),  (493,4),  (492,4),  (464,4),  (435,2),  (434,2),  (433,2),  (433,5),  (405,5),  (379,0),  (350,0),  (323,0),  (295,0),  (268,0),  (240,0),  (211,0),  (184,4),  (184,2),  (183,4),  (155,0),  (126,4),  (97,4),  (96,4),  (68,2),  (67,2),  (66,6),  (93,6),  (120,6),  (119,6),  (147,2),  (146,2),  (145,2),  (144,2),  (143,2),  (143,1),  (142,1),  (171,1),  (198,1),  (227,7),  (256,3),  (257,3),  (258,7),  (286,7),  (315,7),  (316,7),  (344,1),  (373,1),  (400,1),  (429,1),  (457,6),  (484,6),  (483,6),  (510,6),  (509,2),  (508,2),  (507,2),  (507,6),  (506,2),  (533,4),  (506,5),  (506,0),  (506,1),  (506,3),  (506,7), 


[Timing] Time passed: 175.51521 s

Posterior Probability: -1173.182898
Agreement with demo: 19%
Avg angular diffs: 89'

-- Positive Demos --
 (51,3),  (51,1),  (80,1),  (80,6),  (107,1),  (135,1),  (163,1),  (218,6),  (246,1),  (274,1),  (329,1),  (356,1),  (385,1),  (412,1),  (441,6),  (468,6),  (467,6),  (495,2),  (494,2),  (493,4),  (492,4),  (464,4),  (435,2),  (434,2),  (433,2),  (433,5),  (405,5),  (379,0),  (350,0),  (323,0),  (295,0),  (268,0),  (240,0),  (211,0),  (184,4),  (184,2),  (183,4),  (155,0),  (126,4),  (97,4),  (96,4),  (68,2),  (67,2),  (66,6),  (93,6),  (120,6),  (119,6),  (147,2),  (146,2),  (145,2),  (144,2),  (143,2),  (143,1),  (142,1),  (171,1),  (198,1),  (227,7),  (256,3),  (257,3),  (258,7),  (286,7),  (315,7),  (316,7),  (344,1),  (373,1),  (400,1),  (429,1),  (457,6),  (484,6),  (483,6),  (510,6),  (509,2),  (508,2),  (507,2),  (507,6),  (506,2),  (533,4),  (506,5),  (506,0),  (506,1),  (506,3),  (506,7), 


[Timing] Time passed: 165.931729 s

Posterior Probability: -743.5723537
Agreement with demo: 6.4%
Avg angular diffs: 96'

-- Positive Demos --
 (51,3),  (51,1),  (80,1),  (80,6),  (107,1),  (135,1),  (163,1),  (218,6),  (246,1),  (274,1),  (329,1),  (356,1),  (385,1),  (412,1),  (441,6),  (468,6),  (467,6),  (495,2),  (494,2),  (493,4),  (492,4),  (464,4),  (435,2),  (434,2),  (433,2),  (433,5),  (405,5),  (379,0),  (350,0),  (323,0),  (295,0),  (268,0),  (240,0),  (211,0),  (184,4),  (184,2),  (183,4),  (155,0),  (126,4),  (97,4),  (96,4),  (68,2),  (67,2),  (66,6),  (93,6),  (120,6),  (119,6),  (147,2),  (146,2),  (145,2),  (144,2),  (143,2),  (143,1),  (142,1),  (171,1),  (198,1),  (227,7),  (256,3),  (257,3),  (258,7),  (286,7),  (315,7),  (316,7),  (344,1),  (373,1),  (400,1),  (429,1),  (457,6),  (484,6),  (483,6),  (510,6),  (509,2),  (508,2),  (507,2),  (507,6),  (506,2),  (533,4),  (506,5),  (506,0),  (506,1),  (506,3),  (506,7), 


[Timing] Time passed: 171.352397 s

Posterior Probability: -522.7363029
Agreement with demo: 13%
Avg angular diffs: 1e+02'

-- Positive Demos --
 (51,3),  (51,1),  (80,1),  (80,6),  (107,1),  (135,1),  (163,1),  (218,6),  (246,1),  (274,1),  (329,1),  (356,1),  (385,1),  (412,1),  (441,6),  (468,6),  (467,6),  (495,2),  (494,2),  (493,4),  (492,4),  (464,4),  (435,2),  (434,2),  (433,2),  (433,5),  (405,5),  (379,0),  (350,0),  (323,0),  (295,0),  (268,0),  (240,0),  (211,0),  (184,4),  (184,2),  (183,4),  (155,0),  (126,4),  (97,4),  (96,4),  (68,2),  (67,2),  (66,6),  (93,6),  (120,6),  (119,6),  (147,2),  (146,2),  (145,2),  (144,2),  (143,2),  (143,1),  (142,1),  (171,1),  (198,1),  (227,7),  (256,3),  (257,3),  (258,7),  (286,7),  (315,7),  (316,7),  (344,1),  (373,1),  (400,1),  (429,1),  (457,6),  (484,6),  (483,6),  (510,6),  (509,2),  (508,2),  (507,2),  (507,6),  (506,2),  (533,4),  (506,5),  (506,0),  (506,1),  (506,3),  (506,7), 


[Timing] Time passed: 158.453219 s

Posterior Probability: -339.6627256
Agreement with demo: 26%
Avg angular diffs: 77'

-- Positive Demos --
 (51,3),  (51,1),  (80,1),  (80,6),  (107,1),  (135,1),  (163,1),  (218,6),  (246,1),  (274,1),  (329,1),  (356,1),  (385,1),  (412,1),  (441,6),  (468,6),  (467,6),  (495,2),  (494,2),  (493,4),  (492,4),  (464,4),  (435,2),  (434,2),  (433,2),  (433,5),  (405,5),  (379,0),  (350,0),  (323,0),  (295,0),  (268,0),  (240,0),  (211,0),  (184,4),  (184,2),  (183,4),  (155,0),  (126,4),  (97,4),  (96,4),  (68,2),  (67,2),  (66,6),  (93,6),  (120,6),  (119,6),  (147,2),  (146,2),  (145,2),  (144,2),  (143,2),  (143,1),  (142,1),  (171,1),  (198,1),  (227,7),  (256,3),  (257,3),  (258,7),  (286,7),  (315,7),  (316,7),  (344,1),  (373,1),  (400,1),  (429,1),  (457,6),  (484,6),  (483,6),  (510,6),  (509,2),  (508,2),  (507,2),  (507,6),  (506,2),  (533,4),  (506,5),  (506,0),  (506,1),  (506,3),  (506,7), 


[Timing] Time passed: 167.175618 s

Posterior Probability: -575.9377045
Agreement with demo: 22%
Avg angular diffs: 85'

-- Positive Demos --
 (51,3),  (51,1),  (80,1),  (80,6),  (107,1),  (135,1),  (163,1),  (218,6),  (246,1),  (274,1),  (329,1),  (356,1),  (385,1),  (412,1),  (441,6),  (468,6),  (467,6),  (495,2),  (494,2),  (493,4),  (492,4),  (464,4),  (435,2),  (434,2),  (433,2),  (433,5),  (405,5),  (379,0),  (350,0),  (323,0),  (295,0),  (268,0),  (240,0),  (211,0),  (184,4),  (184,2),  (183,4),  (155,0),  (126,4),  (97,4),  (96,4),  (68,2),  (67,2),  (66,6),  (93,6),  (120,6),  (119,6),  (147,2),  (146,2),  (145,2),  (144,2),  (143,2),  (143,1),  (142,1),  (171,1),  (198,1),  (227,7),  (256,3),  (257,3),  (258,7),  (286,7),  (315,7),  (316,7),  (344,1),  (373,1),  (400,1),  (429,1),  (457,6),  (484,6),  (483,6),  (510,6),  (509,2),  (508,2),  (507,2),  (507,6),  (506,2),  (533,4),  (506,5),  (506,0),  (506,1),  (506,3),  (506,7), 


[Timing] Time passed: 160.828293 s

Posterior Probability: -403.4896071
Agreement with demo: 8.5%
Avg angular diffs: 88'

-- Positive Demos --
 (51,3),  (51,1),  (80,1),  (80,6),  (107,1),  (135,1),  (163,1),  (218,6),  (246,1),  (274,1),  (329,1),  (356,1),  (385,1),  (412,1),  (441,6),  (468,6),  (467,6),  (495,2),  (494,2),  (493,4),  (492,4),  (464,4),  (435,2),  (434,2),  (433,2),  (433,5),  (405,5),  (379,0),  (350,0),  (323,0),  (295,0),  (268,0),  (240,0),  (211,0),  (184,4),  (184,2),  (183,4),  (155,0),  (126,4),  (97,4),  (96,4),  (68,2),  (67,2),  (66,6),  (93,6),  (120,6),  (119,6),  (147,2),  (146,2),  (145,2),  (144,2),  (143,2),  (143,1),  (142,1),  (171,1),  (198,1),  (227,7),  (256,3),  (257,3),  (258,7),  (286,7),  (315,7),  (316,7),  (344,1),  (373,1),  (400,1),  (429,1),  (457,6),  (484,6),  (483,6),  (510,6),  (509,2),  (508,2),  (507,2),  (507,6),  (506,2),  (533,4),  (506,5),  (506,0),  (506,1),  (506,3),  (506,7), 


[Timing] Time passed: 169.993505 s

Posterior Probability: -759.952923
Agreement with demo: 22%
Avg angular diffs: 75'

-- Positive Demos --
 (51,3),  (51,1),  (80,1),  (80,6),  (107,1),  (135,1),  (163,1),  (218,6),  (246,1),  (274,1),  (329,1),  (356,1),  (385,1),  (412,1),  (441,6),  (468,6),  (467,6),  (495,2),  (494,2),  (493,4),  (492,4),  (464,4),  (435,2),  (434,2),  (433,2),  (433,5),  (405,5),  (379,0),  (350,0),  (323,0),  (295,0),  (268,0),  (240,0),  (211,0),  (184,4),  (184,2),  (183,4),  (155,0),  (126,4),  (97,4),  (96,4),  (68,2),  (67,2),  (66,6),  (93,6),  (120,6),  (119,6),  (147,2),  (146,2),  (145,2),  (144,2),  (143,2),  (143,1),  (142,1),  (171,1),  (198,1),  (227,7),  (256,3),  (257,3),  (258,7),  (286,7),  (315,7),  (316,7),  (344,1),  (373,1),  (400,1),  (429,1),  (457,6),  (484,6),  (483,6),  (510,6),  (509,2),  (508,2),  (507,2),  (507,6),  (506,2),  (533,4),  (506,5),  (506,0),  (506,1),  (506,3),  (506,7), 


[Timing] Time passed: 168.106995 s

Posterior Probability: -1073.392351
Agreement with demo: 8.5%
Avg angular diffs: 1e+02'
-- learned weights --
Feature Weights: 0.024, -0.01325, -0.11225, -0.1, 
