loading features...

Initializing gridworld of size 28 by 22..
    Num states: 616
    Num actions: 8

Total number of demos: 68

Selected number of demos: 20

-- Positive Demos --
 (79,7),  (192,6),  (218,6),  (247,6),  (332,1),  (388,6),  (414,2),  (413,6),  (383,2),  (322,0),  (237,0),  (182,5),  (183,5),  (73,0),  (44,4),  (63,6),  (230,1),  (284,1),  (422,1),  (478,6), 


[Timing] Time passed: 162.488731 s

Posterior Probability: -267.9740167
Agreement with demo: 11%
Current angular diffs: 89'

Selected number of demos: 36

-- Positive Demos --
 (79,7),  (165,1),  (193,6),  (192,6),  (218,6),  (247,6),  (274,1),  (303,7),  (304,7),  (359,1),  (388,1),  (388,6),  (413,6),  (412,4),  (383,2),  (382,2),  (350,4),  (322,4),  (322,0),  (237,0),  (207,4),  (180,3),  (183,5),  (129,5),  (129,0),  (44,4),  (7,2),  (34,2),  (118,6),  (146,6),  (174,1),  (257,1),  (284,1),  (339,1),  (422,1),  (478,6), 


[Timing] Time passed: 137.801677 s

Posterior Probability: -312.9804261
Agreement with demo: 21%
Current angular diffs: 82'

Selected number of demos: 38

-- Positive Demos --
 (78,3),  (108,7),  (193,6),  (247,6),  (303,7),  (359,1),  (388,6),  (413,6),  (413,4),  (412,4),  (383,2),  (382,2),  (351,2),  (350,4),  (322,0),  (293,0),  (265,4),  (237,0),  (208,4),  (207,4),  (181,3),  (183,5),  (129,0),  (101,0),  (73,0),  (44,4),  (8,2),  (7,2),  (63,6),  (118,6),  (174,1),  (284,1),  (312,1),  (394,6),  (422,1),  (450,6),  (478,6), 


[Timing] Time passed: 127.456659 s

Posterior Probability: -265.4279345
Agreement with demo: 11%
Current angular diffs: 92'

Selected number of demos: 19

-- Positive Demos --
 (136,7),  (192,6),  (274,7),  (388,1),  (415,2),  (385,4),  (383,2),  (351,2),  (265,4),  (208,4),  (182,5),  (101,0),  (15,2),  (34,2),  (118,6),  (146,6),  (312,1),  (339,1),  (394,6), 


[Timing] Time passed: 125.414 s

Posterior Probability: -57.96416805
Agreement with demo: 24%
Current angular diffs: 78'

Selected number of demos: 17

-- Positive Demos --
 (78,3),  (165,1),  (193,6),  (247,6),  (303,7),  (388,6),  (413,4),  (382,2),  (381,2),  (265,4),  (180,5),  (180,3),  (129,0),  (8,2),  (146,6),  (312,1),  (422,1), 


[Timing] Time passed: 123.219106 s

Posterior Probability: -185.8076774
Agreement with demo: 15%
Current angular diffs: 1e+02'

Selected number of demos: 17

-- Positive Demos --
 (78,3),  (193,6),  (274,7),  (388,6),  (414,2),  (413,4),  (384,2),  (383,2),  (322,0),  (208,4),  (181,3),  (101,0),  (73,0),  (34,2),  (174,1),  (230,1),  (422,1), 


[Timing] Time passed: 123.146549 s

Posterior Probability: -159.7591182
Agreement with demo: 20%
Current angular diffs: 93'

Selected number of demos: 16

-- Positive Demos --
 (136,7),  (218,6),  (247,6),  (304,7),  (414,2),  (383,2),  (322,0),  (237,0),  (180,3),  (183,5),  (73,0),  (34,2),  (146,6),  (230,1),  (422,1),  (478,6), 


[Timing] Time passed: 136.342477 s

Posterior Probability: -124.4275073
Agreement with demo: 12%
Current angular diffs: 78'

Selected number of demos: 46

-- Positive Demos --
 (78,3),  (79,7),  (136,7),  (165,1),  (193,6),  (218,6),  (247,6),  (274,7),  (304,7),  (332,1),  (359,1),  (388,1),  (415,2),  (414,2),  (413,6),  (413,4),  (385,4),  (383,2),  (381,2),  (351,2),  (322,4),  (293,0),  (237,0),  (207,4),  (180,3),  (181,3),  (182,5),  (183,5),  (129,5),  (101,0),  (44,4),  (15,2),  (8,2),  (7,2),  (34,2),  (91,2),  (118,6),  (146,6),  (174,1),  (257,1),  (312,1),  (394,6),  (422,1),  (478,6), 


[Timing] Time passed: 135.81918 s

Posterior Probability: -257.1983295
Agreement with demo: 15%
Current angular diffs: 96'

Selected number of demos: 68

-- Positive Demos --
 (77,3),  (78,3),  (79,7),  (108,7),  (136,7),  (165,1),  (193,6),  (192,6),  (218,6),  (247,6),  (274,1),  (274,7),  (303,7),  (304,7),  (332,1),  (359,1),  (388,1),  (388,6),  (415,2),  (414,2),  (413,6),  (413,4),  (412,4),  (385,4),  (384,2),  (383,2),  (382,2),  (381,2),  (351,2),  (350,4),  (322,4),  (322,0),  (293,0),  (265,4),  (237,0),  (208,4),  (207,4),  (180,5),  (180,3),  (181,3),  (182,5),  (183,5),  (156,5),  (129,5),  (129,0),  (101,0),  (73,0),  (44,4),  (15,2),  (8,2),  (7,2),  (34,2),  (63,6),  (91,2),  (118,6),  (146,6),  (174,1),  (230,1),  (257,1),  (284,1),  (312,1),  (339,1),  (394,6),  (422,1),  (450,6),  (478,6), 


[Timing] Time passed: 116.801257 s

Posterior Probability: -536.3602823
Agreement with demo: 17%
Current angular diffs: 94'

Selected number of demos: 68

-- Positive Demos --
 (77,3),  (78,3),  (79,7),  (108,7),  (136,7),  (165,1),  (193,6),  (192,6),  (218,6),  (247,6),  (274,1),  (274,7),  (303,7),  (304,7),  (332,1),  (359,1),  (388,1),  (388,6),  (415,2),  (414,2),  (413,6),  (413,4),  (412,4),  (385,4),  (384,2),  (383,2),  (382,2),  (381,2),  (351,2),  (350,4),  (322,4),  (322,0),  (293,0),  (265,4),  (237,0),  (208,4),  (207,4),  (180,5),  (180,3),  (181,3),  (182,5),  (183,5),  (156,5),  (129,5),  (129,0),  (101,0),  (73,0),  (44,4),  (15,2),  (8,2),  (7,2),  (34,2),  (63,6),  (91,2),  (118,6),  (146,6),  (174,1),  (230,1),  (257,1),  (284,1),  (312,1),  (339,1),  (394,6),  (422,1),  (450,6),  (478,6), 


[Timing] Time passed: 106.491441 s

Posterior Probability: -155.7602366
Agreement with demo: 11%
Current angular diffs: 87'

Selected number of demos: 68

-- Positive Demos --
 (77,3),  (78,3),  (79,7),  (108,7),  (136,7),  (165,1),  (193,6),  (192,6),  (218,6),  (247,6),  (274,1),  (274,7),  (303,7),  (304,7),  (332,1),  (359,1),  (388,1),  (388,6),  (415,2),  (414,2),  (413,6),  (413,4),  (412,4),  (385,4),  (384,2),  (383,2),  (382,2),  (381,2),  (351,2),  (350,4),  (322,4),  (322,0),  (293,0),  (265,4),  (237,0),  (208,4),  (207,4),  (180,5),  (180,3),  (181,3),  (182,5),  (183,5),  (156,5),  (129,5),  (129,0),  (101,0),  (73,0),  (44,4),  (15,2),  (8,2),  (7,2),  (34,2),  (63,6),  (91,2),  (118,6),  (146,6),  (174,1),  (230,1),  (257,1),  (284,1),  (312,1),  (339,1),  (394,6),  (422,1),  (450,6),  (478,6), 


[Timing] Time passed: 105.781725 s

Posterior Probability: -321.1240653
Agreement with demo: 7.3%
Current angular diffs: 91'

Selected number of demos: 25

-- Positive Demos --
 (108,7),  (193,6),  (192,6),  (247,6),  (274,7),  (303,7),  (304,7),  (332,1),  (415,2),  (412,4),  (383,2),  (382,2),  (350,4),  (293,0),  (207,4),  (182,5),  (129,0),  (15,2),  (8,2),  (7,2),  (63,6),  (146,6),  (257,1),  (312,1),  (422,1), 


[Timing] Time passed: 108.795233 s

Posterior Probability: -299.5469593
Agreement with demo: 8.5%
Current angular diffs: 78'

Selected number of demos: 18

-- Positive Demos --
 (79,7),  (192,6),  (303,7),  (359,1),  (413,6),  (412,4),  (351,2),  (322,0),  (208,4),  (180,5),  (180,3),  (129,5),  (101,0),  (8,2),  (7,2),  (118,6),  (284,1),  (422,1), 


[Timing] Time passed: 103.11646 s

Posterior Probability: -137.4636488
Agreement with demo: 9.8%
Current angular diffs: 95'

Selected number of demos: 33

-- Positive Demos --
 (79,7),  (136,7),  (192,6),  (247,6),  (274,1),  (304,7),  (332,1),  (388,1),  (415,2),  (413,6),  (385,4),  (383,2),  (382,2),  (351,2),  (322,0),  (293,0),  (265,4),  (207,4),  (180,3),  (182,5),  (156,5),  (101,0),  (73,0),  (44,4),  (7,2),  (34,2),  (118,6),  (174,1),  (230,1),  (312,1),  (339,1),  (422,1),  (478,6), 


[Timing] Time passed: 86.262444 s

Posterior Probability: -238.9209083
Agreement with demo: 18%
Current angular diffs: 94'

Selected number of demos: 28

-- Positive Demos --
 (78,3),  (136,7),  (193,6),  (247,6),  (274,1),  (303,7),  (332,1),  (359,1),  (414,2),  (412,4),  (382,2),  (351,2),  (350,4),  (265,4),  (208,4),  (181,3),  (183,5),  (129,5),  (101,0),  (44,4),  (8,2),  (34,2),  (63,6),  (91,2),  (146,6),  (284,1),  (394,6),  (478,6), 


[Timing] Time passed: 88.444415 s

Posterior Probability: -72.67655946
Agreement with demo: 20%
Current angular diffs: 97'

Selected number of demos: 35

-- Positive Demos --
 (77,3),  (78,3),  (108,7),  (136,7),  (192,6),  (247,6),  (303,7),  (359,1),  (388,1),  (414,2),  (412,4),  (383,2),  (351,2),  (350,4),  (293,0),  (265,4),  (237,0),  (207,4),  (180,5),  (182,5),  (183,5),  (129,5),  (129,0),  (101,0),  (73,0),  (44,4),  (8,2),  (63,6),  (118,6),  (146,6),  (257,1),  (339,1),  (422,1),  (450,6), 


[Timing] Time passed: 89.679596 s

Posterior Probability: -336.3950582
Agreement with demo: 7.3%
Current angular diffs: 80'

Selected number of demos: 41

-- Positive Demos --
 (78,3),  (108,7),  (165,1),  (193,6),  (218,6),  (247,6),  (274,1),  (274,7),  (303,7),  (332,1),  (359,1),  (388,1),  (415,2),  (413,6),  (413,4),  (385,4),  (383,2),  (381,2),  (350,4),  (322,0),  (293,0),  (265,4),  (208,4),  (180,5),  (181,3),  (182,5),  (156,5),  (129,0),  (73,0),  (44,4),  (15,2),  (8,2),  (34,2),  (91,2),  (118,6),  (174,1),  (257,1),  (284,1),  (339,1),  (422,1),  (450,6), 


[Timing] Time passed: 83.5082 s

Posterior Probability: -377.2932816
Agreement with demo: 12%
Current angular diffs: 82'

Selected number of demos: 68

-- Positive Demos --
 (77,3),  (78,3),  (79,7),  (108,7),  (136,7),  (165,1),  (193,6),  (192,6),  (218,6),  (247,6),  (274,1),  (274,7),  (303,7),  (304,7),  (332,1),  (359,1),  (388,1),  (388,6),  (415,2),  (414,2),  (413,6),  (413,4),  (412,4),  (385,4),  (384,2),  (383,2),  (382,2),  (381,2),  (351,2),  (350,4),  (322,4),  (322,0),  (293,0),  (265,4),  (237,0),  (208,4),  (207,4),  (180,5),  (180,3),  (181,3),  (182,5),  (183,5),  (156,5),  (129,5),  (129,0),  (101,0),  (73,0),  (44,4),  (15,2),  (8,2),  (7,2),  (34,2),  (63,6),  (91,2),  (118,6),  (146,6),  (174,1),  (230,1),  (257,1),  (284,1),  (312,1),  (339,1),  (394,6),  (422,1),  (450,6),  (478,6), 


[Timing] Time passed: 84.418702 s

Posterior Probability: -317.4990534
Agreement with demo: 9.8%
Current angular diffs: 83'

Selected number of demos: 20

-- Positive Demos --
 (136,7),  (247,6),  (274,1),  (304,7),  (359,1),  (388,6),  (412,4),  (384,2),  (381,2),  (322,4),  (208,4),  (180,5),  (156,5),  (73,0),  (34,2),  (91,2),  (257,1),  (339,1),  (394,6),  (478,6), 


[Timing] Time passed: 82.363074 s

Posterior Probability: -169.2809914
Agreement with demo: 22%
Current angular diffs: 89'

Selected number of demos: 68

-- Positive Demos --
 (77,3),  (78,3),  (79,7),  (108,7),  (136,7),  (165,1),  (193,6),  (192,6),  (218,6),  (247,6),  (274,1),  (274,7),  (303,7),  (304,7),  (332,1),  (359,1),  (388,1),  (388,6),  (415,2),  (414,2),  (413,6),  (413,4),  (412,4),  (385,4),  (384,2),  (383,2),  (382,2),  (381,2),  (351,2),  (350,4),  (322,4),  (322,0),  (293,0),  (265,4),  (237,0),  (208,4),  (207,4),  (180,5),  (180,3),  (181,3),  (182,5),  (183,5),  (156,5),  (129,5),  (129,0),  (101,0),  (73,0),  (44,4),  (15,2),  (8,2),  (7,2),  (34,2),  (63,6),  (91,2),  (118,6),  (146,6),  (174,1),  (230,1),  (257,1),  (284,1),  (312,1),  (339,1),  (394,6),  (422,1),  (450,6),  (478,6), 


[Timing] Time passed: 82.187999 s

Posterior Probability: -138.9597033
Agreement with demo: 18%
Current angular diffs: 94'

Selected number of demos: 21

-- Positive Demos --
 (77,3),  (193,6),  (274,1),  (304,7),  (332,1),  (359,1),  (413,4),  (381,2),  (350,4),  (293,0),  (180,3),  (156,5),  (129,5),  (15,2),  (7,2),  (63,6),  (146,6),  (174,1),  (257,1),  (312,1),  (478,6), 


[Timing] Time passed: 81.090037 s

Posterior Probability: -142.059408
Agreement with demo: 18%
Current angular diffs: 89'

Selected number of demos: 31

-- Positive Demos --
 (79,7),  (136,7),  (192,6),  (247,6),  (303,7),  (332,1),  (388,6),  (415,2),  (413,6),  (385,4),  (382,2),  (381,2),  (351,2),  (322,4),  (322,0),  (237,0),  (208,4),  (207,4),  (180,3),  (183,5),  (129,0),  (101,0),  (15,2),  (7,2),  (63,6),  (118,6),  (174,1),  (230,1),  (312,1),  (339,1),  (422,1), 


[Timing] Time passed: 83.036441 s

Posterior Probability: -336.1313677
Agreement with demo: 18%
Current angular diffs: 85'

Selected number of demos: 19

-- Positive Demos --
 (79,7),  (192,6),  (274,7),  (303,7),  (388,1),  (415,2),  (412,4),  (384,2),  (351,2),  (322,0),  (207,4),  (181,3),  (129,5),  (101,0),  (73,0),  (34,2),  (174,1),  (230,1),  (394,6), 


[Timing] Time passed: 80.751401 s

Posterior Probability: -145.3917017
Agreement with demo: 12%
Current angular diffs: 89'

Selected number of demos: 46

-- Positive Demos --
 (78,3),  (108,7),  (165,1),  (193,6),  (192,6),  (247,6),  (274,1),  (274,7),  (303,7),  (304,7),  (359,1),  (388,1),  (388,6),  (415,2),  (413,6),  (412,4),  (384,2),  (383,2),  (382,2),  (381,2),  (350,4),  (322,4),  (322,0),  (293,0),  (237,0),  (208,4),  (207,4),  (180,3),  (182,5),  (156,5),  (129,0),  (101,0),  (73,0),  (15,2),  (8,2),  (7,2),  (63,6),  (91,2),  (118,6),  (174,1),  (257,1),  (312,1),  (339,1),  (422,1),  (450,6), 


[Timing] Time passed: 72.549017 s

Posterior Probability: -271.6411389
Agreement with demo: 20%
Current angular diffs: 87'

Selected number of demos: 46

-- Positive Demos --
 (78,3),  (108,7),  (136,7),  (165,1),  (192,6),  (247,6),  (274,1),  (274,7),  (304,7),  (332,1),  (359,1),  (388,6),  (415,2),  (413,6),  (412,4),  (385,4),  (384,2),  (382,2),  (351,2),  (322,4),  (322,0),  (293,0),  (237,0),  (208,4),  (180,5),  (181,3),  (182,5),  (156,5),  (129,0),  (73,0),  (44,4),  (8,2),  (34,2),  (63,6),  (91,2),  (118,6),  (146,6),  (174,1),  (230,1),  (257,1),  (284,1),  (312,1),  (394,6),  (422,1),  (450,6), 


[Timing] Time passed: 65.404347 s

Posterior Probability: -320.9731988
Agreement with demo: 15%
Current angular diffs: 87'

Selected number of demos: 24

-- Positive Demos --
 (108,7),  (192,6),  (247,6),  (274,1),  (304,7),  (388,1),  (414,2),  (413,4),  (384,2),  (382,2),  (351,2),  (322,0),  (208,4),  (180,5),  (180,3),  (182,5),  (129,0),  (73,0),  (7,2),  (91,2),  (230,1),  (257,1),  (339,1),  (422,1), 


[Timing] Time passed: 65.110428 s

Posterior Probability: -192.0539271
Agreement with demo: 18%
Current angular diffs: 95'

Selected number of demos: 43

-- Positive Demos --
 (77,3),  (79,7),  (108,7),  (165,1),  (193,6),  (192,6),  (247,6),  (274,1),  (303,7),  (304,7),  (332,1),  (359,1),  (388,6),  (415,2),  (413,6),  (412,4),  (384,2),  (383,2),  (381,2),  (351,2),  (322,4),  (322,0),  (265,4),  (208,4),  (180,5),  (181,3),  (182,5),  (156,5),  (129,0),  (73,0),  (15,2),  (7,2),  (34,2),  (63,6),  (118,6),  (146,6),  (174,1),  (257,1),  (284,1),  (339,1),  (422,1),  (450,6), 


[Timing] Time passed: 66.299079 s

Posterior Probability: -357.415982
Agreement with demo: 12%
Current angular diffs: 80'

Selected number of demos: 68

-- Positive Demos --
 (77,3),  (78,3),  (79,7),  (108,7),  (136,7),  (165,1),  (193,6),  (192,6),  (218,6),  (247,6),  (274,1),  (274,7),  (303,7),  (304,7),  (332,1),  (359,1),  (388,1),  (388,6),  (415,2),  (414,2),  (413,6),  (413,4),  (412,4),  (385,4),  (384,2),  (383,2),  (382,2),  (381,2),  (351,2),  (350,4),  (322,4),  (322,0),  (293,0),  (265,4),  (237,0),  (208,4),  (207,4),  (180,5),  (180,3),  (181,3),  (182,5),  (183,5),  (156,5),  (129,5),  (129,0),  (101,0),  (73,0),  (44,4),  (15,2),  (8,2),  (7,2),  (34,2),  (63,6),  (91,2),  (118,6),  (146,6),  (174,1),  (230,1),  (257,1),  (284,1),  (312,1),  (339,1),  (394,6),  (422,1),  (450,6),  (478,6), 


[Timing] Time passed: 62.630663 s

Posterior Probability: -318.3981652
Agreement with demo: 21%
Current angular diffs: 80'

Selected number of demos: 25

-- Positive Demos --
 (79,7),  (165,1),  (193,6),  (247,6),  (274,7),  (332,1),  (388,6),  (413,4),  (383,2),  (382,2),  (350,4),  (293,0),  (265,4),  (180,5),  (181,3),  (156,5),  (129,0),  (44,4),  (8,2),  (7,2),  (63,6),  (174,1),  (312,1),  (394,6),  (450,6), 


[Timing] Time passed: 65.064295 s

Posterior Probability: -183.9106674
Agreement with demo: 18%
Current angular diffs: 91'

Selected number of demos: 26

-- Positive Demos --
 (78,3),  (165,1),  (192,6),  (218,6),  (274,1),  (304,7),  (388,6),  (413,6),  (385,4),  (382,2),  (350,4),  (265,4),  (237,0),  (208,4),  (180,5),  (181,3),  (156,5),  (73,0),  (44,4),  (34,2),  (63,6),  (146,6),  (257,1),  (312,1),  (422,1),  (450,6), 


[Timing] Time passed: 64.44617 s

Posterior Probability: -200.572382
Agreement with demo: 7.3%
Current angular diffs: 84'

Selected number of demos: 68

-- Positive Demos --
 (77,3),  (78,3),  (79,7),  (108,7),  (136,7),  (165,1),  (193,6),  (192,6),  (218,6),  (247,6),  (274,1),  (274,7),  (303,7),  (304,7),  (332,1),  (359,1),  (388,1),  (388,6),  (415,2),  (414,2),  (413,6),  (413,4),  (412,4),  (385,4),  (384,2),  (383,2),  (382,2),  (381,2),  (351,2),  (350,4),  (322,4),  (322,0),  (293,0),  (265,4),  (237,0),  (208,4),  (207,4),  (180,5),  (180,3),  (181,3),  (182,5),  (183,5),  (156,5),  (129,5),  (129,0),  (101,0),  (73,0),  (44,4),  (15,2),  (8,2),  (7,2),  (34,2),  (63,6),  (91,2),  (118,6),  (146,6),  (174,1),  (230,1),  (257,1),  (284,1),  (312,1),  (339,1),  (394,6),  (422,1),  (450,6),  (478,6), 


[Timing] Time passed: 67.22585 s

Posterior Probability: -472.2932514
Agreement with demo: 12%
Current angular diffs: 83'

Selected number of demos: 34

-- Positive Demos --
 (79,7),  (136,7),  (192,6),  (247,6),  (303,7),  (332,1),  (388,1),  (388,6),  (413,6),  (413,4),  (412,4),  (384,2),  (382,2),  (381,2),  (350,4),  (322,4),  (322,0),  (237,0),  (208,4),  (207,4),  (180,3),  (181,3),  (156,5),  (101,0),  (15,2),  (34,2),  (91,2),  (146,6),  (174,1),  (284,1),  (339,1),  (394,6),  (422,1),  (450,6), 


[Timing] Time passed: 64.849816 s

Posterior Probability: -408.1849402
Agreement with demo: 22%
Current angular diffs: 93'

Selected number of demos: 21

-- Positive Demos --
 (136,7),  (247,6),  (303,7),  (304,7),  (332,1),  (388,6),  (412,4),  (385,4),  (381,2),  (351,2),  (350,4),  (208,4),  (207,4),  (181,3),  (129,5),  (73,0),  (44,4),  (63,6),  (230,1),  (284,1),  (394,6), 


[Timing] Time passed: 64.713577 s

Posterior Probability: -154.0311482
Agreement with demo: 17%
Current angular diffs: 82'

Selected number of demos: 21

-- Positive Demos --
 (136,7),  (218,6),  (247,6),  (359,1),  (415,2),  (413,6),  (383,2),  (350,4),  (322,0),  (237,0),  (180,5),  (181,3),  (156,5),  (129,0),  (73,0),  (34,2),  (63,6),  (230,1),  (284,1),  (339,1),  (422,1), 


[Timing] Time passed: 63.831797 s

Posterior Probability: -228.5425074
Agreement with demo: 18%
Current angular diffs: 94'

Selected number of demos: 16

-- Positive Demos --
 (79,7),  (218,6),  (303,7),  (415,2),  (384,2),  (351,2),  (237,0),  (180,3),  (129,5),  (8,2),  (7,2),  (63,6),  (174,1),  (339,1),  (422,1),  (450,6), 


[Timing] Time passed: 65.839634 s

Posterior Probability: -135.8459642
Agreement with demo: 13%
Current angular diffs: 82'

Selected number of demos: 26

-- Positive Demos --
 (78,3),  (79,7),  (193,6),  (192,6),  (274,1),  (303,7),  (359,1),  (388,6),  (415,2),  (413,4),  (383,2),  (351,2),  (322,4),  (237,0),  (208,4),  (180,5),  (180,3),  (156,5),  (73,0),  (15,2),  (8,2),  (91,2),  (174,1),  (312,1),  (422,1),  (450,6), 


[Timing] Time passed: 61.982058 s

Posterior Probability: -245.3017043
Agreement with demo: 12%
Current angular diffs: 89'

Selected number of demos: 44

-- Positive Demos --
 (77,3),  (78,3),  (79,7),  (136,7),  (165,1),  (192,6),  (218,6),  (247,6),  (274,1),  (303,7),  (332,1),  (359,1),  (388,6),  (415,2),  (413,6),  (412,4),  (385,4),  (383,2),  (382,2),  (351,2),  (322,4),  (293,0),  (237,0),  (208,4),  (180,5),  (181,3),  (182,5),  (156,5),  (129,5),  (101,0),  (73,0),  (15,2),  (7,2),  (63,6),  (91,2),  (146,6),  (174,1),  (230,1),  (257,1),  (284,1),  (339,1),  (422,1),  (478,6), 


[Timing] Time passed: 58.191709 s

Posterior Probability: -334.1333803
Agreement with demo: 21%
Current angular diffs: 94'

Selected number of demos: 41

-- Positive Demos --
 (77,3),  (78,3),  (108,7),  (136,7),  (165,1),  (192,6),  (247,6),  (274,7),  (303,7),  (332,1),  (359,1),  (388,6),  (415,2),  (413,6),  (412,4),  (384,2),  (382,2),  (381,2),  (351,2),  (322,4),  (322,0),  (265,4),  (237,0),  (207,4),  (180,3),  (182,5),  (183,5),  (129,5),  (101,0),  (44,4),  (8,2),  (34,2),  (63,6),  (118,6),  (174,1),  (257,1),  (312,1),  (394,6),  (422,1),  (450,6), 


[Timing] Time passed: 55.967847 s

Posterior Probability: -125.6644652
Agreement with demo: 20%
Current angular diffs: 95'

Selected number of demos: 34

-- Positive Demos --
 (78,3),  (108,7),  (193,6),  (192,6),  (218,6),  (247,6),  (303,7),  (332,1),  (388,1),  (388,6),  (414,2),  (413,4),  (412,4),  (383,2),  (351,2),  (350,4),  (293,0),  (237,0),  (207,4),  (180,3),  (181,3),  (182,5),  (183,5),  (129,0),  (73,0),  (15,2),  (7,2),  (91,2),  (174,1),  (284,1),  (394,6),  (422,1),  (450,6), 


[Timing] Time passed: 56.121204 s

Posterior Probability: -233.1352813
Agreement with demo: 9.8%
Current angular diffs: 88'

Selected number of demos: 17

-- Positive Demos --
 (108,7),  (218,6),  (274,7),  (359,1),  (413,6),  (383,2),  (351,2),  (293,0),  (208,4),  (180,3),  (183,5),  (129,0),  (73,0),  (34,2),  (174,1),  (312,1),  (450,6), 


[Timing] Time passed: 56.835352 s

Posterior Probability: -139.5680011
Agreement with demo: 11%
Current angular diffs: 86'

Selected number of demos: 32

-- Positive Demos --
 (77,3),  (108,7),  (193,6),  (192,6),  (247,6),  (274,1),  (304,7),  (359,1),  (415,2),  (413,6),  (412,4),  (383,2),  (381,2),  (351,2),  (322,4),  (265,4),  (207,4),  (181,3),  (182,5),  (156,5),  (129,0),  (44,4),  (7,2),  (34,2),  (63,6),  (118,6),  (146,6),  (174,1),  (284,1),  (312,1),  (422,1),  (478,6), 


[Timing] Time passed: 55.717372 s

Posterior Probability: -239.4637516
Agreement with demo: 11%
Current angular diffs: 86'

Selected number of demos: 21

-- Positive Demos --
 (78,3),  (79,7),  (136,7),  (165,1),  (193,6),  (274,1),  (359,1),  (413,6),  (384,2),  (350,4),  (265,4),  (180,3),  (181,3),  (129,0),  (73,0),  (44,4),  (63,6),  (118,6),  (174,1),  (339,1),  (422,1), 


[Timing] Time passed: 56.360793 s

Posterior Probability: -219.4124173
Agreement with demo: 18%
Current angular diffs: 95'

Selected number of demos: 20

-- Positive Demos --
 (108,7),  (193,6),  (192,6),  (274,1),  (304,7),  (359,1),  (413,6),  (413,4),  (384,2),  (351,2),  (293,0),  (180,3),  (182,5),  (156,5),  (73,0),  (63,6),  (230,1),  (257,1),  (394,6),  (422,1), 


[Timing] Time passed: 55.954059 s

Posterior Probability: -83.63431631
Agreement with demo: 17%
Current angular diffs: 97'

Selected number of demos: 47

-- Positive Demos --
 (78,3),  (79,7),  (108,7),  (136,7),  (165,1),  (193,6),  (218,6),  (247,6),  (274,1),  (274,7),  (303,7),  (332,1),  (359,1),  (388,6),  (414,2),  (413,4),  (385,4),  (384,2),  (383,2),  (382,2),  (351,2),  (350,4),  (322,4),  (322,0),  (265,4),  (208,4),  (180,5),  (180,3),  (181,3),  (182,5),  (156,5),  (129,5),  (129,0),  (73,0),  (15,2),  (8,2),  (34,2),  (91,2),  (118,6),  (174,1),  (257,1),  (312,1),  (394,6),  (422,1),  (450,6), 


[Timing] Time passed: 56.356408 s

Posterior Probability: -266.2564317
Agreement with demo: 12%
Current angular diffs: 88'

Selected number of demos: 45

-- Positive Demos --
 (78,3),  (79,7),  (136,7),  (193,6),  (218,6),  (247,6),  (274,1),  (274,7),  (303,7),  (332,1),  (388,1),  (415,2),  (413,6),  (413,4),  (412,4),  (385,4),  (384,2),  (383,2),  (381,2),  (350,4),  (322,4),  (322,0),  (293,0),  (265,4),  (237,0),  (207,4),  (180,3),  (182,5),  (183,5),  (129,5),  (101,0),  (44,4),  (8,2),  (7,2),  (63,6),  (118,6),  (146,6),  (174,1),  (257,1),  (284,1),  (339,1),  (394,6),  (422,1),  (478,6), 


[Timing] Time passed: 56.634151 s

Posterior Probability: -307.9837543
Agreement with demo: 7.3%
Current angular diffs: 82'

Selected number of demos: 68

-- Positive Demos --
 (77,3),  (78,3),  (79,7),  (108,7),  (136,7),  (165,1),  (193,6),  (192,6),  (218,6),  (247,6),  (274,1),  (274,7),  (303,7),  (304,7),  (332,1),  (359,1),  (388,1),  (388,6),  (415,2),  (414,2),  (413,6),  (413,4),  (412,4),  (385,4),  (384,2),  (383,2),  (382,2),  (381,2),  (351,2),  (350,4),  (322,4),  (322,0),  (293,0),  (265,4),  (237,0),  (208,4),  (207,4),  (180,5),  (180,3),  (181,3),  (182,5),  (183,5),  (156,5),  (129,5),  (129,0),  (101,0),  (73,0),  (44,4),  (15,2),  (8,2),  (7,2),  (34,2),  (63,6),  (91,2),  (118,6),  (146,6),  (174,1),  (230,1),  (257,1),  (284,1),  (312,1),  (339,1),  (394,6),  (422,1),  (450,6),  (478,6), 


[Timing] Time passed: 57.709356 s

Posterior Probability: -437.7621634
Agreement with demo: 12%
Current angular diffs: 96'

Selected number of demos: 29

-- Positive Demos --
 (78,3),  (79,7),  (193,6),  (218,6),  (247,6),  (274,7),  (303,7),  (332,1),  (388,6),  (415,2),  (413,4),  (384,2),  (381,2),  (322,0),  (293,0),  (207,4),  (180,5),  (182,5),  (183,5),  (129,5),  (101,0),  (15,2),  (8,2),  (34,2),  (146,6),  (230,1),  (312,1),  (422,1),  (450,6), 


[Timing] Time passed: 53.731319 s

Posterior Probability: -209.8832457
Agreement with demo: 9.8%
Current angular diffs: 78'

Selected number of demos: 68

-- Positive Demos --
 (77,3),  (78,3),  (79,7),  (108,7),  (136,7),  (165,1),  (193,6),  (192,6),  (218,6),  (247,6),  (274,1),  (274,7),  (303,7),  (304,7),  (332,1),  (359,1),  (388,1),  (388,6),  (415,2),  (414,2),  (413,6),  (413,4),  (412,4),  (385,4),  (384,2),  (383,2),  (382,2),  (381,2),  (351,2),  (350,4),  (322,4),  (322,0),  (293,0),  (265,4),  (237,0),  (208,4),  (207,4),  (180,5),  (180,3),  (181,3),  (182,5),  (183,5),  (156,5),  (129,5),  (129,0),  (101,0),  (73,0),  (44,4),  (15,2),  (8,2),  (7,2),  (34,2),  (63,6),  (91,2),  (118,6),  (146,6),  (174,1),  (230,1),  (257,1),  (284,1),  (312,1),  (339,1),  (394,6),  (422,1),  (450,6),  (478,6), 


[Timing] Time passed: 43.256443 s

Posterior Probability: -418.6776338
Agreement with demo: 17%
Current angular diffs: 96'

Selected number of demos: 68

-- Positive Demos --
 (77,3),  (78,3),  (79,7),  (108,7),  (136,7),  (165,1),  (193,6),  (192,6),  (218,6),  (247,6),  (274,1),  (274,7),  (303,7),  (304,7),  (332,1),  (359,1),  (388,1),  (388,6),  (415,2),  (414,2),  (413,6),  (413,4),  (412,4),  (385,4),  (384,2),  (383,2),  (382,2),  (381,2),  (351,2),  (350,4),  (322,4),  (322,0),  (293,0),  (265,4),  (237,0),  (208,4),  (207,4),  (180,5),  (180,3),  (181,3),  (182,5),  (183,5),  (156,5),  (129,5),  (129,0),  (101,0),  (73,0),  (44,4),  (15,2),  (8,2),  (7,2),  (34,2),  (63,6),  (91,2),  (118,6),  (146,6),  (174,1),  (230,1),  (257,1),  (284,1),  (312,1),  (339,1),  (394,6),  (422,1),  (450,6),  (478,6), 


[Timing] Time passed: 41.676533 s

Posterior Probability: -331.9403797
Agreement with demo: 11%
Current angular diffs: 87'

Selected number of demos: 20

-- Positive Demos --
 (136,7),  (192,6),  (274,7),  (303,7),  (304,7),  (388,6),  (412,4),  (383,2),  (381,2),  (322,0),  (207,4),  (182,5),  (129,5),  (129,0),  (15,2),  (91,2),  (118,6),  (174,1),  (339,1),  (394,6), 


[Timing] Time passed: 43.835746 s

Posterior Probability: -97.1203138
Agreement with demo: 7.3%
Current angular diffs: 91'

-----------------------------
Avg angular diffs: 78'
-- learned weights --
Feature Weights: -0.14075, -0.4, -0.25725, -0.1, 
