loading features...

Initializing gridworld of size 28 by 22..
    Num states: 616
    Num actions: 8

Total number of demos: 75

Selected number of demos: 38

-- Positive Demos --
 (431,3),  (432,7),  (461,7),  (491,7),  (522,3),  (523,3),  (497,5),  (470,5),  (442,5),  (443,5),  (358,0),  (302,2),  (300,2),  (269,2),  (267,6),  (321,6),  (319,4),  (290,2),  (288,2),  (284,4),  (225,0),  (169,0),  (113,5),  (86,5),  (32,3),  (62,7),  (91,7),  (121,7),  (122,5),  (95,5),  (96,7),  (98,3),  (100,3),  (103,3),  (76,5),  (77,5),  (51,3),  (53,6), 


[Timing] Time passed: 162.880346 s

Posterior Probability: -497.4434146
Agreement with demo: 6.9%
Current angular diffs: 89'

Selected number of demos: 34

-- Positive Demos --
 (431,3),  (461,7),  (490,7),  (491,7),  (521,3),  (522,3),  (497,5),  (442,5),  (387,0),  (358,0),  (302,2),  (300,2),  (270,2),  (269,2),  (267,6),  (321,6),  (319,4),  (289,2),  (285,2),  (254,4),  (169,0),  (141,0),  (86,5),  (60,3),  (32,3),  (63,7),  (121,7),  (95,5),  (96,7),  (98,3),  (101,3),  (76,5),  (77,5),  (53,6), 


[Timing] Time passed: 166.070412 s

Posterior Probability: -352.0625014
Agreement with demo: 22%
Current angular diffs: 85'

Selected number of demos: 75

-- Positive Demos --
 (456,3),  (458,5),  (431,3),  (432,7),  (460,7),  (461,7),  (490,7),  (491,7),  (520,3),  (521,3),  (522,3),  (523,3),  (496,5),  (497,5),  (470,5),  (442,5),  (443,5),  (414,0),  (387,0),  (358,0),  (331,0),  (302,4),  (302,2),  (301,2),  (300,2),  (271,2),  (270,2),  (269,2),  (268,2),  (267,6),  (266,6),  (293,6),  (321,6),  (320,2),  (320,4),  (319,4),  (319,2),  (290,2),  (289,2),  (288,2),  (287,2),  (285,2),  (284,4),  (255,4),  (254,4),  (225,0),  (196,0),  (169,0),  (141,0),  (113,5),  (86,5),  (59,5),  (60,3),  (32,3),  (62,7),  (63,7),  (91,7),  (92,7),  (121,7),  (122,5),  (95,5),  (95,3),  (96,7),  (98,3),  (127,3),  (100,3),  (101,3),  (103,3),  (76,5),  (77,5),  (49,3),  (51,3),  (53,6), 


[Timing] Time passed: 166.660106 s

Posterior Probability: -802.947794
Agreement with demo: 10%
Current angular diffs: 93'

Selected number of demos: 22

-- Positive Demos --
 (460,7),  (520,3),  (523,3),  (470,5),  (358,0),  (301,2),  (271,2),  (269,2),  (293,6),  (320,2),  (320,4),  (319,4),  (288,2),  (287,2),  (254,4),  (196,0),  (86,5),  (32,3),  (121,7),  (96,7),  (101,3),  (49,3), 


[Timing] Time passed: 154.951468 s

Posterior Probability: -262.5620739
Agreement with demo: 16%
Current angular diffs: 89'

Selected number of demos: 51

-- Positive Demos --
 (458,5),  (432,7),  (460,7),  (461,7),  (491,7),  (521,3),  (523,3),  (496,5),  (470,5),  (442,5),  (414,0),  (387,0),  (358,0),  (331,0),  (302,4),  (302,2),  (300,2),  (270,2),  (269,2),  (267,6),  (293,6),  (321,6),  (320,4),  (319,4),  (290,2),  (289,2),  (287,2),  (284,4),  (254,4),  (196,0),  (169,0),  (141,0),  (113,5),  (59,5),  (60,3),  (32,3),  (62,7),  (91,7),  (92,7),  (122,5),  (95,5),  (95,3),  (96,7),  (98,3),  (127,3),  (100,3),  (103,3),  (77,5),  (51,3),  (53,6), 


[Timing] Time passed: 145.714575 s

Posterior Probability: -530.7105395
Agreement with demo: 5.7%
Current angular diffs: 94'

Selected number of demos: 49

-- Positive Demos --
 (458,5),  (431,3),  (460,7),  (461,7),  (490,7),  (491,7),  (521,3),  (522,3),  (496,5),  (470,5),  (443,5),  (387,0),  (331,0),  (302,4),  (302,2),  (301,2),  (271,2),  (270,2),  (268,2),  (266,6),  (293,6),  (321,6),  (320,4),  (319,2),  (289,2),  (287,2),  (285,2),  (284,4),  (255,4),  (254,4),  (196,0),  (141,0),  (86,5),  (59,5),  (32,3),  (63,7),  (91,7),  (92,7),  (122,5),  (95,5),  (96,7),  (98,3),  (100,3),  (101,3),  (103,3),  (77,5),  (49,3),  (53,6), 


[Timing] Time passed: 147.12364 s

Posterior Probability: -628.5941502
Agreement with demo: 13%
Current angular diffs: 93'

Selected number of demos: 30

-- Positive Demos --
 (456,3),  (431,3),  (461,7),  (521,3),  (496,5),  (497,5),  (470,5),  (414,0),  (331,0),  (301,2),  (300,2),  (270,2),  (269,2),  (266,6),  (320,2),  (319,4),  (289,2),  (288,2),  (287,2),  (285,2),  (284,4),  (254,4),  (169,0),  (59,5),  (91,7),  (122,5),  (96,7),  (103,3),  (53,6), 


[Timing] Time passed: 141.139851 s

Posterior Probability: -353.6710265
Agreement with demo: 10%
Current angular diffs: 83'

Selected number of demos: 20

-- Positive Demos --
 (461,7),  (523,3),  (496,5),  (497,5),  (442,5),  (331,0),  (302,2),  (269,2),  (320,2),  (320,4),  (289,2),  (285,2),  (254,4),  (86,5),  (63,7),  (95,5),  (95,3),  (103,3),  (77,5),  (53,6), 


[Timing] Time passed: 131.191272 s

Posterior Probability: -107.6125595
Agreement with demo: 22%
Current angular diffs: 80'

Selected number of demos: 75

-- Positive Demos --
 (456,3),  (458,5),  (431,3),  (432,7),  (460,7),  (461,7),  (490,7),  (491,7),  (520,3),  (521,3),  (522,3),  (523,3),  (496,5),  (497,5),  (470,5),  (442,5),  (443,5),  (414,0),  (387,0),  (358,0),  (331,0),  (302,4),  (302,2),  (301,2),  (300,2),  (271,2),  (270,2),  (269,2),  (268,2),  (267,6),  (266,6),  (293,6),  (321,6),  (320,2),  (320,4),  (319,4),  (319,2),  (290,2),  (289,2),  (288,2),  (287,2),  (285,2),  (284,4),  (255,4),  (254,4),  (225,0),  (196,0),  (169,0),  (141,0),  (113,5),  (86,5),  (59,5),  (60,3),  (32,3),  (62,7),  (63,7),  (91,7),  (92,7),  (121,7),  (122,5),  (95,5),  (95,3),  (96,7),  (98,3),  (127,3),  (100,3),  (101,3),  (103,3),  (76,5),  (77,5),  (49,3),  (51,3),  (53,6), 


[Timing] Time passed: 140.373725 s

Posterior Probability: -668.4886977
Agreement with demo: 14%
Current angular diffs: 84'

Selected number of demos: 75

-- Positive Demos --
 (456,3),  (458,5),  (431,3),  (432,7),  (460,7),  (461,7),  (490,7),  (491,7),  (520,3),  (521,3),  (522,3),  (523,3),  (496,5),  (497,5),  (470,5),  (442,5),  (443,5),  (414,0),  (387,0),  (358,0),  (331,0),  (302,4),  (302,2),  (301,2),  (300,2),  (271,2),  (270,2),  (269,2),  (268,2),  (267,6),  (266,6),  (293,6),  (321,6),  (320,2),  (320,4),  (319,4),  (319,2),  (290,2),  (289,2),  (288,2),  (287,2),  (285,2),  (284,4),  (255,4),  (254,4),  (225,0),  (196,0),  (169,0),  (141,0),  (113,5),  (86,5),  (59,5),  (60,3),  (32,3),  (62,7),  (63,7),  (91,7),  (92,7),  (121,7),  (122,5),  (95,5),  (95,3),  (96,7),  (98,3),  (127,3),  (100,3),  (101,3),  (103,3),  (76,5),  (77,5),  (49,3),  (51,3),  (53,6), 


[Timing] Time passed: 130.45023 s

Posterior Probability: -652.979139
Agreement with demo: 11%
Current angular diffs: 85'

Selected number of demos: 34

-- Positive Demos --
 (431,3),  (460,7),  (491,7),  (520,3),  (522,3),  (496,5),  (442,5),  (387,0),  (331,0),  (301,2),  (271,2),  (268,2),  (266,6),  (321,6),  (319,4),  (319,2),  (289,2),  (288,2),  (284,4),  (225,0),  (141,0),  (59,5),  (60,3),  (62,7),  (91,7),  (92,7),  (122,5),  (96,7),  (100,3),  (76,5),  (77,5),  (51,3),  (53,6), 


[Timing] Time passed: 127.654085 s

Posterior Probability: -398.714517
Agreement with demo: 13%
Current angular diffs: 86'

Selected number of demos: 35

-- Positive Demos --
 (458,5),  (461,7),  (520,3),  (523,3),  (442,5),  (443,5),  (387,0),  (302,4),  (301,2),  (270,2),  (267,6),  (293,6),  (321,6),  (320,2),  (320,4),  (319,4),  (289,2),  (287,2),  (284,4),  (255,4),  (196,0),  (113,5),  (86,5),  (59,5),  (32,3),  (91,7),  (121,7),  (122,5),  (95,5),  (127,3),  (101,3),  (49,3),  (53,6), 


[Timing] Time passed: 125.899799 s

Posterior Probability: -239.8379984
Agreement with demo: 16%
Current angular diffs: 80'

Selected number of demos: 75

-- Positive Demos --
 (456,3),  (458,5),  (431,3),  (432,7),  (460,7),  (461,7),  (490,7),  (491,7),  (520,3),  (521,3),  (522,3),  (523,3),  (496,5),  (497,5),  (470,5),  (442,5),  (443,5),  (414,0),  (387,0),  (358,0),  (331,0),  (302,4),  (302,2),  (301,2),  (300,2),  (271,2),  (270,2),  (269,2),  (268,2),  (267,6),  (266,6),  (293,6),  (321,6),  (320,2),  (320,4),  (319,4),  (319,2),  (290,2),  (289,2),  (288,2),  (287,2),  (285,2),  (284,4),  (255,4),  (254,4),  (225,0),  (196,0),  (169,0),  (141,0),  (113,5),  (86,5),  (59,5),  (60,3),  (32,3),  (62,7),  (63,7),  (91,7),  (92,7),  (121,7),  (122,5),  (95,5),  (95,3),  (96,7),  (98,3),  (127,3),  (100,3),  (101,3),  (103,3),  (76,5),  (77,5),  (49,3),  (51,3),  (53,6), 


[Timing] Time passed: 135.535716 s

Posterior Probability: -404.5452618
Agreement with demo: 6.9%
Current angular diffs: 95'

Selected number of demos: 19

-- Positive Demos --
 (431,3),  (432,7),  (491,7),  (497,5),  (470,5),  (414,0),  (302,4),  (300,2),  (267,6),  (319,4),  (287,2),  (196,0),  (60,3),  (91,7),  (122,5),  (95,5),  (101,3),  (103,3),  (51,3), 


[Timing] Time passed: 126.841974 s

Posterior Probability: -215.1108842
Agreement with demo: 2.3%
Current angular diffs: 1e+02'

Selected number of demos: 23

-- Positive Demos --
 (431,3),  (460,7),  (491,7),  (520,3),  (521,3),  (496,5),  (442,5),  (443,5),  (358,0),  (301,2),  (269,2),  (320,2),  (320,4),  (287,2),  (225,0),  (113,5),  (32,3),  (121,7),  (96,7),  (98,3),  (103,3),  (76,5),  (53,6), 


[Timing] Time passed: 120.59614 s

Posterior Probability: -166.0482112
Agreement with demo: 20%
Current angular diffs: 83'

Selected number of demos: 75

-- Positive Demos --
 (456,3),  (458,5),  (431,3),  (432,7),  (460,7),  (461,7),  (490,7),  (491,7),  (520,3),  (521,3),  (522,3),  (523,3),  (496,5),  (497,5),  (470,5),  (442,5),  (443,5),  (414,0),  (387,0),  (358,0),  (331,0),  (302,4),  (302,2),  (301,2),  (300,2),  (271,2),  (270,2),  (269,2),  (268,2),  (267,6),  (266,6),  (293,6),  (321,6),  (320,2),  (320,4),  (319,4),  (319,2),  (290,2),  (289,2),  (288,2),  (287,2),  (285,2),  (284,4),  (255,4),  (254,4),  (225,0),  (196,0),  (169,0),  (141,0),  (113,5),  (86,5),  (59,5),  (60,3),  (32,3),  (62,7),  (63,7),  (91,7),  (92,7),  (121,7),  (122,5),  (95,5),  (95,3),  (96,7),  (98,3),  (127,3),  (100,3),  (101,3),  (103,3),  (76,5),  (77,5),  (49,3),  (51,3),  (53,6), 


[Timing] Time passed: 120.714705 s

Posterior Probability: -439.9340898
Agreement with demo: 17%
Current angular diffs: 82'

Selected number of demos: 75

-- Positive Demos --
 (456,3),  (458,5),  (431,3),  (432,7),  (460,7),  (461,7),  (490,7),  (491,7),  (520,3),  (521,3),  (522,3),  (523,3),  (496,5),  (497,5),  (470,5),  (442,5),  (443,5),  (414,0),  (387,0),  (358,0),  (331,0),  (302,4),  (302,2),  (301,2),  (300,2),  (271,2),  (270,2),  (269,2),  (268,2),  (267,6),  (266,6),  (293,6),  (321,6),  (320,2),  (320,4),  (319,4),  (319,2),  (290,2),  (289,2),  (288,2),  (287,2),  (285,2),  (284,4),  (255,4),  (254,4),  (225,0),  (196,0),  (169,0),  (141,0),  (113,5),  (86,5),  (59,5),  (60,3),  (32,3),  (62,7),  (63,7),  (91,7),  (92,7),  (121,7),  (122,5),  (95,5),  (95,3),  (96,7),  (98,3),  (127,3),  (100,3),  (101,3),  (103,3),  (76,5),  (77,5),  (49,3),  (51,3),  (53,6), 


[Timing] Time passed: 124.246249 s

Posterior Probability: -995.5249582
Agreement with demo: 9.2%
Current angular diffs: 84'

Selected number of demos: 26

-- Positive Demos --
 (458,5),  (461,7),  (521,3),  (496,5),  (442,5),  (331,0),  (302,4),  (270,2),  (266,6),  (319,4),  (319,2),  (289,2),  (284,4),  (255,4),  (225,0),  (196,0),  (113,5),  (59,5),  (91,7),  (122,5),  (96,7),  (98,3),  (127,3),  (103,3),  (76,5),  (51,3), 


[Timing] Time passed: 121.17063 s

Posterior Probability: -135.755043
Agreement with demo: 13%
Current angular diffs: 86'

Selected number of demos: 24

-- Positive Demos --
 (460,7),  (461,7),  (522,3),  (470,5),  (414,0),  (387,0),  (331,0),  (301,2),  (300,2),  (270,2),  (268,2),  (266,6),  (319,4),  (290,2),  (287,2),  (254,4),  (86,5),  (62,7),  (121,7),  (98,3),  (127,3),  (77,5),  (49,3),  (51,3), 


[Timing] Time passed: 130.227889 s

Posterior Probability: -235.2675059
Agreement with demo: 14%
Current angular diffs: 91'

Selected number of demos: 51

-- Positive Demos --
 (458,5),  (431,3),  (432,7),  (460,7),  (490,7),  (520,3),  (522,3),  (496,5),  (497,5),  (442,5),  (443,5),  (387,0),  (331,0),  (302,2),  (301,2),  (271,2),  (269,2),  (268,2),  (267,6),  (293,6),  (320,2),  (320,4),  (319,4),  (319,2),  (290,2),  (289,2),  (288,2),  (285,2),  (284,4),  (255,4),  (254,4),  (196,0),  (169,0),  (141,0),  (113,5),  (86,5),  (59,5),  (32,3),  (63,7),  (91,7),  (121,7),  (122,5),  (95,3),  (96,7),  (98,3),  (100,3),  (103,3),  (77,5),  (51,3),  (53,6), 


[Timing] Time passed: 134.269003 s

Posterior Probability: -269.0038969
Agreement with demo: 22%
Current angular diffs: 81'

Selected number of demos: 37

-- Positive Demos --
 (458,5),  (460,7),  (461,7),  (491,7),  (521,3),  (523,3),  (496,5),  (442,5),  (387,0),  (358,0),  (331,0),  (302,2),  (301,2),  (270,2),  (267,6),  (321,6),  (320,2),  (319,4),  (319,2),  (288,2),  (285,2),  (284,4),  (254,4),  (169,0),  (113,5),  (59,5),  (62,7),  (92,7),  (122,5),  (95,5),  (96,7),  (98,3),  (127,3),  (103,3),  (49,3),  (53,6), 


[Timing] Time passed: 122.091354 s

Posterior Probability: -424.1393392
Agreement with demo: 1.1%
Current angular diffs: 94'

Selected number of demos: 75

-- Positive Demos --
 (456,3),  (458,5),  (431,3),  (432,7),  (460,7),  (461,7),  (490,7),  (491,7),  (520,3),  (521,3),  (522,3),  (523,3),  (496,5),  (497,5),  (470,5),  (442,5),  (443,5),  (414,0),  (387,0),  (358,0),  (331,0),  (302,4),  (302,2),  (301,2),  (300,2),  (271,2),  (270,2),  (269,2),  (268,2),  (267,6),  (266,6),  (293,6),  (321,6),  (320,2),  (320,4),  (319,4),  (319,2),  (290,2),  (289,2),  (288,2),  (287,2),  (285,2),  (284,4),  (255,4),  (254,4),  (225,0),  (196,0),  (169,0),  (141,0),  (113,5),  (86,5),  (59,5),  (60,3),  (32,3),  (62,7),  (63,7),  (91,7),  (92,7),  (121,7),  (122,5),  (95,5),  (95,3),  (96,7),  (98,3),  (127,3),  (100,3),  (101,3),  (103,3),  (76,5),  (77,5),  (49,3),  (51,3),  (53,6), 


[Timing] Time passed: 135.677738 s

Posterior Probability: -622.1668932
Agreement with demo: 10%
Current angular diffs: 87'

Selected number of demos: 27

-- Positive Demos --
 (432,7),  (490,7),  (520,3),  (522,3),  (497,5),  (470,5),  (387,0),  (302,4),  (301,2),  (269,2),  (293,6),  (319,4),  (288,2),  (255,4),  (169,0),  (141,0),  (60,3),  (62,7),  (91,7),  (121,7),  (122,5),  (98,3),  (100,3),  (77,5),  (49,3),  (51,3),  (53,6), 


[Timing] Time passed: 120.722749 s

Posterior Probability: -359.4778533
Agreement with demo: 3.4%
Current angular diffs: 92'

Selected number of demos: 28

-- Positive Demos --
 (432,7),  (490,7),  (491,7),  (522,3),  (523,3),  (497,5),  (443,5),  (358,0),  (301,2),  (269,2),  (293,6),  (320,4),  (319,2),  (290,2),  (288,2),  (284,4),  (225,0),  (141,0),  (60,3),  (91,7),  (122,5),  (96,7),  (127,3),  (101,3),  (103,3),  (76,5),  (49,3),  (51,3), 


[Timing] Time passed: 129.682723 s

Posterior Probability: -263.5233209
Agreement with demo: 15%
Current angular diffs: 90'

Selected number of demos: 75

-- Positive Demos --
 (456,3),  (458,5),  (431,3),  (432,7),  (460,7),  (461,7),  (490,7),  (491,7),  (520,3),  (521,3),  (522,3),  (523,3),  (496,5),  (497,5),  (470,5),  (442,5),  (443,5),  (414,0),  (387,0),  (358,0),  (331,0),  (302,4),  (302,2),  (301,2),  (300,2),  (271,2),  (270,2),  (269,2),  (268,2),  (267,6),  (266,6),  (293,6),  (321,6),  (320,2),  (320,4),  (319,4),  (319,2),  (290,2),  (289,2),  (288,2),  (287,2),  (285,2),  (284,4),  (255,4),  (254,4),  (225,0),  (196,0),  (169,0),  (141,0),  (113,5),  (86,5),  (59,5),  (60,3),  (32,3),  (62,7),  (63,7),  (91,7),  (92,7),  (121,7),  (122,5),  (95,5),  (95,3),  (96,7),  (98,3),  (127,3),  (100,3),  (101,3),  (103,3),  (76,5),  (77,5),  (49,3),  (51,3),  (53,6), 


[Timing] Time passed: 141.569129 s

Posterior Probability: -628.6546175
Agreement with demo: 16%
Current angular diffs: 83'

Selected number of demos: 49

-- Positive Demos --
 (458,5),  (432,7),  (460,7),  (461,7),  (490,7),  (491,7),  (521,3),  (522,3),  (523,3),  (496,5),  (497,5),  (470,5),  (442,5),  (414,0),  (387,0),  (331,0),  (302,4),  (301,2),  (300,2),  (271,2),  (269,2),  (267,6),  (266,6),  (293,6),  (321,6),  (320,4),  (319,4),  (290,2),  (288,2),  (285,2),  (284,4),  (254,4),  (196,0),  (141,0),  (86,5),  (60,3),  (62,7),  (63,7),  (92,7),  (122,5),  (95,3),  (96,7),  (98,3),  (100,3),  (101,3),  (76,5),  (49,3),  (53,6), 


[Timing] Time passed: 130.618593 s

Posterior Probability: -344.0183657
Agreement with demo: 18%
Current angular diffs: 85'

Selected number of demos: 31

-- Positive Demos --
 (458,5),  (461,7),  (490,7),  (520,3),  (496,5),  (470,5),  (387,0),  (302,2),  (270,2),  (269,2),  (268,2),  (267,6),  (266,6),  (321,6),  (319,2),  (287,2),  (255,4),  (254,4),  (225,0),  (196,0),  (169,0),  (86,5),  (62,7),  (91,7),  (121,7),  (95,3),  (96,7),  (101,3),  (76,5),  (49,3),  (53,6), 


[Timing] Time passed: 129.362238 s

Posterior Probability: -168.0532386
Agreement with demo: 13%
Current angular diffs: 84'

Selected number of demos: 39

-- Positive Demos --
 (458,5),  (460,7),  (461,7),  (520,3),  (521,3),  (522,3),  (496,5),  (497,5),  (470,5),  (443,5),  (414,0),  (331,0),  (302,2),  (301,2),  (270,2),  (268,2),  (293,6),  (321,6),  (320,4),  (319,2),  (288,2),  (285,2),  (284,4),  (225,0),  (169,0),  (141,0),  (113,5),  (59,5),  (62,7),  (91,7),  (92,7),  (121,7),  (122,5),  (95,5),  (96,7),  (127,3),  (101,3),  (77,5),  (51,3), 


[Timing] Time passed: 123.598529 s

Posterior Probability: -368.5618886
Agreement with demo: 11%
Current angular diffs: 80'

Selected number of demos: 26

-- Positive Demos --
 (431,3),  (461,7),  (490,7),  (491,7),  (521,3),  (523,3),  (470,5),  (414,0),  (302,2),  (301,2),  (271,2),  (267,6),  (320,2),  (289,2),  (285,2),  (225,0),  (113,5),  (86,5),  (60,3),  (92,7),  (121,7),  (95,5),  (127,3),  (103,3),  (49,3),  (53,6), 


[Timing] Time passed: 116.171657 s

Posterior Probability: -190.3908465
Agreement with demo: 9.2%
Current angular diffs: 85'

Selected number of demos: 75

-- Positive Demos --
 (456,3),  (458,5),  (431,3),  (432,7),  (460,7),  (461,7),  (490,7),  (491,7),  (520,3),  (521,3),  (522,3),  (523,3),  (496,5),  (497,5),  (470,5),  (442,5),  (443,5),  (414,0),  (387,0),  (358,0),  (331,0),  (302,4),  (302,2),  (301,2),  (300,2),  (271,2),  (270,2),  (269,2),  (268,2),  (267,6),  (266,6),  (293,6),  (321,6),  (320,2),  (320,4),  (319,4),  (319,2),  (290,2),  (289,2),  (288,2),  (287,2),  (285,2),  (284,4),  (255,4),  (254,4),  (225,0),  (196,0),  (169,0),  (141,0),  (113,5),  (86,5),  (59,5),  (60,3),  (32,3),  (62,7),  (63,7),  (91,7),  (92,7),  (121,7),  (122,5),  (95,5),  (95,3),  (96,7),  (98,3),  (127,3),  (100,3),  (101,3),  (103,3),  (76,5),  (77,5),  (49,3),  (51,3),  (53,6), 


[Timing] Time passed: 115.402005 s

Posterior Probability: -686.2309088
Agreement with demo: 23%
Current angular diffs: 80'

Selected number of demos: 38

-- Positive Demos --
 (458,5),  (432,7),  (461,7),  (490,7),  (521,3),  (523,3),  (470,5),  (443,5),  (387,0),  (358,0),  (302,2),  (300,2),  (270,2),  (269,2),  (267,6),  (321,6),  (320,2),  (319,2),  (289,2),  (285,2),  (284,4),  (255,4),  (225,0),  (196,0),  (169,0),  (113,5),  (60,3),  (63,7),  (92,7),  (122,5),  (95,3),  (96,7),  (127,3),  (100,3),  (103,3),  (76,5),  (51,3),  (53,6), 


[Timing] Time passed: 119.07178 s

Posterior Probability: -398.152195
Agreement with demo: 16%
Current angular diffs: 87'

Selected number of demos: 19

-- Positive Demos --
 (460,7),  (521,3),  (496,5),  (443,5),  (414,0),  (358,0),  (301,2),  (269,2),  (321,6),  (290,2),  (285,2),  (255,4),  (113,5),  (86,5),  (63,7),  (122,5),  (127,3),  (77,5),  (49,3), 


[Timing] Time passed: 115.831623 s

Posterior Probability: -156.329303
Agreement with demo: 18%
Current angular diffs: 85'

Selected number of demos: 48

-- Positive Demos --
 (456,3),  (431,3),  (432,7),  (461,7),  (491,7),  (521,3),  (522,3),  (523,3),  (496,5),  (470,5),  (443,5),  (387,0),  (331,0),  (302,2),  (300,2),  (271,2),  (270,2),  (268,2),  (267,6),  (293,6),  (321,6),  (320,4),  (319,2),  (289,2),  (288,2),  (285,2),  (255,4),  (225,0),  (169,0),  (113,5),  (86,5),  (59,5),  (60,3),  (32,3),  (63,7),  (92,7),  (122,5),  (95,5),  (96,7),  (127,3),  (100,3),  (101,3),  (103,3),  (77,5),  (49,3),  (51,3),  (53,6), 


[Timing] Time passed: 120.185655 s

Posterior Probability: -341.798207
Agreement with demo: 18%
Current angular diffs: 80'

Selected number of demos: 48

-- Positive Demos --
 (456,3),  (431,3),  (432,7),  (461,7),  (491,7),  (520,3),  (521,3),  (523,3),  (497,5),  (470,5),  (442,5),  (414,0),  (387,0),  (358,0),  (302,4),  (302,2),  (300,2),  (271,2),  (269,2),  (268,2),  (267,6),  (293,6),  (321,6),  (320,4),  (319,2),  (289,2),  (287,2),  (285,2),  (255,4),  (225,0),  (169,0),  (113,5),  (86,5),  (60,3),  (62,7),  (91,7),  (92,7),  (122,5),  (95,5),  (96,7),  (98,3),  (100,3),  (101,3),  (103,3),  (76,5),  (49,3),  (51,3),  (53,6), 


[Timing] Time passed: 120.138767 s

Posterior Probability: -614.5180778
Agreement with demo: 8%
Current angular diffs: 85'

Selected number of demos: 17

-- Positive Demos --
 (461,7),  (490,7),  (522,3),  (442,5),  (331,0),  (300,2),  (270,2),  (267,6),  (319,4),  (285,2),  (196,0),  (59,5),  (32,3),  (122,5),  (96,7),  (103,3),  (53,6), 


[Timing] Time passed: 118.997625 s

Posterior Probability: -111.3537644
Agreement with demo: 20%
Current angular diffs: 77'

Selected number of demos: 26

-- Positive Demos --
 (460,7),  (491,7),  (523,3),  (496,5),  (470,5),  (442,5),  (331,0),  (302,2),  (300,2),  (271,2),  (270,2),  (269,2),  (266,6),  (320,2),  (290,2),  (287,2),  (284,4),  (254,4),  (141,0),  (59,5),  (63,7),  (122,5),  (127,3),  (100,3),  (103,3),  (49,3), 


[Timing] Time passed: 122.153402 s

Posterior Probability: -207.4060717
Agreement with demo: 8%
Current angular diffs: 85'

Selected number of demos: 52

-- Positive Demos --
 (458,5),  (431,3),  (432,7),  (460,7),  (461,7),  (490,7),  (520,3),  (521,3),  (523,3),  (496,5),  (470,5),  (443,5),  (387,0),  (358,0),  (331,0),  (302,2),  (300,2),  (270,2),  (269,2),  (268,2),  (267,6),  (266,6),  (293,6),  (320,2),  (319,4),  (290,2),  (288,2),  (285,2),  (255,4),  (254,4),  (225,0),  (196,0),  (169,0),  (113,5),  (86,5),  (59,5),  (32,3),  (62,7),  (91,7),  (92,7),  (121,7),  (122,5),  (95,5),  (96,7),  (98,3),  (127,3),  (100,3),  (103,3),  (77,5),  (49,3),  (51,3),  (53,6), 


[Timing] Time passed: 132.73019 s

Posterior Probability: -612.5662655
Agreement with demo: 16%
Current angular diffs: 86'

Selected number of demos: 39

-- Positive Demos --
 (456,3),  (431,3),  (432,7),  (461,7),  (490,7),  (491,7),  (521,3),  (522,3),  (523,3),  (497,5),  (442,5),  (387,0),  (331,0),  (301,2),  (270,2),  (267,6),  (293,6),  (320,4),  (290,2),  (288,2),  (284,4),  (255,4),  (225,0),  (196,0),  (113,5),  (59,5),  (32,3),  (62,7),  (63,7),  (92,7),  (121,7),  (122,5),  (95,3),  (98,3),  (101,3),  (103,3),  (49,3),  (53,6), 


[Timing] Time passed: 131.162667 s

Posterior Probability: -318.1516616
Agreement with demo: 4.6%
Current angular diffs: 99'

Selected number of demos: 75

-- Positive Demos --
 (456,3),  (458,5),  (431,3),  (432,7),  (460,7),  (461,7),  (490,7),  (491,7),  (520,3),  (521,3),  (522,3),  (523,3),  (496,5),  (497,5),  (470,5),  (442,5),  (443,5),  (414,0),  (387,0),  (358,0),  (331,0),  (302,4),  (302,2),  (301,2),  (300,2),  (271,2),  (270,2),  (269,2),  (268,2),  (267,6),  (266,6),  (293,6),  (321,6),  (320,2),  (320,4),  (319,4),  (319,2),  (290,2),  (289,2),  (288,2),  (287,2),  (285,2),  (284,4),  (255,4),  (254,4),  (225,0),  (196,0),  (169,0),  (141,0),  (113,5),  (86,5),  (59,5),  (60,3),  (32,3),  (62,7),  (63,7),  (91,7),  (92,7),  (121,7),  (122,5),  (95,5),  (95,3),  (96,7),  (98,3),  (127,3),  (100,3),  (101,3),  (103,3),  (76,5),  (77,5),  (49,3),  (51,3),  (53,6), 


[Timing] Time passed: 121.516293 s

Posterior Probability: -644.4745695
Agreement with demo: 18%
Current angular diffs: 83'

Selected number of demos: 35

-- Positive Demos --
 (431,3),  (432,7),  (461,7),  (491,7),  (522,3),  (523,3),  (470,5),  (443,5),  (358,0),  (302,2),  (300,2),  (271,2),  (269,2),  (266,6),  (321,6),  (320,4),  (290,2),  (288,2),  (287,2),  (284,4),  (254,4),  (169,0),  (141,0),  (113,5),  (60,3),  (63,7),  (91,7),  (121,7),  (122,5),  (95,3),  (98,3),  (101,3),  (103,3),  (49,3),  (51,3), 


[Timing] Time passed: 115.353906 s

Posterior Probability: -219.0023582
Agreement with demo: 16%
Current angular diffs: 83'

Selected number of demos: 57

-- Positive Demos --
 (456,3),  (458,5),  (432,7),  (460,7),  (490,7),  (491,7),  (520,3),  (521,3),  (522,3),  (523,3),  (496,5),  (497,5),  (470,5),  (442,5),  (443,5),  (414,0),  (387,0),  (331,0),  (302,4),  (301,2),  (300,2),  (270,2),  (269,2),  (267,6),  (266,6),  (293,6),  (320,2),  (319,4),  (319,2),  (290,2),  (288,2),  (287,2),  (285,2),  (284,4),  (255,4),  (254,4),  (225,0),  (169,0),  (141,0),  (113,5),  (59,5),  (32,3),  (63,7),  (91,7),  (121,7),  (122,5),  (95,5),  (95,3),  (96,7),  (98,3),  (100,3),  (103,3),  (76,5),  (49,3),  (51,3),  (53,6), 


[Timing] Time passed: 94.067904 s

Posterior Probability: -665.1914553
Agreement with demo: 4.6%
Current angular diffs: 96'

Selected number of demos: 23

-- Positive Demos --
 (431,3),  (490,7),  (521,3),  (496,5),  (497,5),  (470,5),  (387,0),  (302,2),  (301,2),  (269,2),  (266,6),  (319,4),  (285,2),  (225,0),  (113,5),  (62,7),  (121,7),  (95,3),  (96,7),  (100,3),  (101,3),  (103,3),  (51,3), 


[Timing] Time passed: 94.310224 s

Posterior Probability: -164.5734308
Agreement with demo: 16%
Current angular diffs: 84'

Selected number of demos: 55

-- Positive Demos --
 (456,3),  (458,5),  (432,7),  (460,7),  (490,7),  (520,3),  (522,3),  (523,3),  (496,5),  (497,5),  (470,5),  (442,5),  (443,5),  (414,0),  (387,0),  (331,0),  (302,4),  (301,2),  (271,2),  (270,2),  (269,2),  (268,2),  (266,6),  (293,6),  (321,6),  (320,2),  (320,4),  (319,2),  (290,2),  (288,2),  (287,2),  (284,4),  (255,4),  (254,4),  (196,0),  (141,0),  (86,5),  (59,5),  (60,3),  (62,7),  (91,7),  (92,7),  (122,5),  (95,5),  (95,3),  (96,7),  (98,3),  (127,3),  (101,3),  (103,3),  (77,5),  (49,3),  (51,3),  (53,6), 


[Timing] Time passed: 101.600279 s

Posterior Probability: -644.3163815
Agreement with demo: 9.2%
Current angular diffs: 92'

Selected number of demos: 75

-- Positive Demos --
 (456,3),  (458,5),  (431,3),  (432,7),  (460,7),  (461,7),  (490,7),  (491,7),  (520,3),  (521,3),  (522,3),  (523,3),  (496,5),  (497,5),  (470,5),  (442,5),  (443,5),  (414,0),  (387,0),  (358,0),  (331,0),  (302,4),  (302,2),  (301,2),  (300,2),  (271,2),  (270,2),  (269,2),  (268,2),  (267,6),  (266,6),  (293,6),  (321,6),  (320,2),  (320,4),  (319,4),  (319,2),  (290,2),  (289,2),  (288,2),  (287,2),  (285,2),  (284,4),  (255,4),  (254,4),  (225,0),  (196,0),  (169,0),  (141,0),  (113,5),  (86,5),  (59,5),  (60,3),  (32,3),  (62,7),  (63,7),  (91,7),  (92,7),  (121,7),  (122,5),  (95,5),  (95,3),  (96,7),  (98,3),  (127,3),  (100,3),  (101,3),  (103,3),  (76,5),  (77,5),  (49,3),  (51,3),  (53,6), 


[Timing] Time passed: 102.466312 s

Posterior Probability: -417.9057294
Agreement with demo: 17%
Current angular diffs: 93'

Selected number of demos: 22

-- Positive Demos --
 (431,3),  (461,7),  (491,7),  (497,5),  (443,5),  (302,2),  (300,2),  (268,2),  (267,6),  (320,4),  (289,2),  (288,2),  (284,4),  (225,0),  (196,0),  (141,0),  (59,5),  (32,3),  (122,5),  (98,3),  (77,5),  (53,6), 


[Timing] Time passed: 100.954759 s

Posterior Probability: -208.7789599
Agreement with demo: 15%
Current angular diffs: 85'

Selected number of demos: 50

-- Positive Demos --
 (456,3),  (458,5),  (432,7),  (460,7),  (490,7),  (520,3),  (522,3),  (496,5),  (497,5),  (470,5),  (442,5),  (443,5),  (387,0),  (358,0),  (331,0),  (302,2),  (301,2),  (300,2),  (270,2),  (269,2),  (267,6),  (293,6),  (321,6),  (320,4),  (319,4),  (290,2),  (289,2),  (288,2),  (285,2),  (284,4),  (254,4),  (196,0),  (169,0),  (113,5),  (59,5),  (32,3),  (62,7),  (63,7),  (91,7),  (92,7),  (122,5),  (95,5),  (95,3),  (96,7),  (127,3),  (101,3),  (103,3),  (77,5),  (51,3),  (53,6), 


[Timing] Time passed: 99.658668 s

Posterior Probability: -534.6525347
Agreement with demo: 4.6%
Current angular diffs: 86'

Selected number of demos: 47

-- Positive Demos --
 (458,5),  (432,7),  (461,7),  (491,7),  (520,3),  (522,3),  (523,3),  (497,5),  (442,5),  (443,5),  (414,0),  (387,0),  (331,0),  (302,2),  (301,2),  (271,2),  (269,2),  (268,2),  (266,6),  (321,6),  (320,2),  (319,4),  (319,2),  (289,2),  (287,2),  (285,2),  (284,4),  (255,4),  (225,0),  (169,0),  (113,5),  (86,5),  (60,3),  (32,3),  (63,7),  (92,7),  (121,7),  (122,5),  (95,5),  (96,7),  (98,3),  (100,3),  (103,3),  (77,5),  (49,3),  (51,3),  (53,6), 


[Timing] Time passed: 99.883108 s

Posterior Probability: -154.6474561
Agreement with demo: 16%
Current angular diffs: 81'

Selected number of demos: 75

-- Positive Demos --
 (456,3),  (458,5),  (431,3),  (432,7),  (460,7),  (461,7),  (490,7),  (491,7),  (520,3),  (521,3),  (522,3),  (523,3),  (496,5),  (497,5),  (470,5),  (442,5),  (443,5),  (414,0),  (387,0),  (358,0),  (331,0),  (302,4),  (302,2),  (301,2),  (300,2),  (271,2),  (270,2),  (269,2),  (268,2),  (267,6),  (266,6),  (293,6),  (321,6),  (320,2),  (320,4),  (319,4),  (319,2),  (290,2),  (289,2),  (288,2),  (287,2),  (285,2),  (284,4),  (255,4),  (254,4),  (225,0),  (196,0),  (169,0),  (141,0),  (113,5),  (86,5),  (59,5),  (60,3),  (32,3),  (62,7),  (63,7),  (91,7),  (92,7),  (121,7),  (122,5),  (95,5),  (95,3),  (96,7),  (98,3),  (127,3),  (100,3),  (101,3),  (103,3),  (76,5),  (77,5),  (49,3),  (51,3),  (53,6), 


[Timing] Time passed: 94.969471 s

Posterior Probability: -289.6543329
Agreement with demo: 17%
Current angular diffs: 82'

Selected number of demos: 75

-- Positive Demos --
 (456,3),  (458,5),  (431,3),  (432,7),  (460,7),  (461,7),  (490,7),  (491,7),  (520,3),  (521,3),  (522,3),  (523,3),  (496,5),  (497,5),  (470,5),  (442,5),  (443,5),  (414,0),  (387,0),  (358,0),  (331,0),  (302,4),  (302,2),  (301,2),  (300,2),  (271,2),  (270,2),  (269,2),  (268,2),  (267,6),  (266,6),  (293,6),  (321,6),  (320,2),  (320,4),  (319,4),  (319,2),  (290,2),  (289,2),  (288,2),  (287,2),  (285,2),  (284,4),  (255,4),  (254,4),  (225,0),  (196,0),  (169,0),  (141,0),  (113,5),  (86,5),  (59,5),  (60,3),  (32,3),  (62,7),  (63,7),  (91,7),  (92,7),  (121,7),  (122,5),  (95,5),  (95,3),  (96,7),  (98,3),  (127,3),  (100,3),  (101,3),  (103,3),  (76,5),  (77,5),  (49,3),  (51,3),  (53,6), 


[Timing] Time passed: 76.927655 s

Posterior Probability: -586.6923538
Agreement with demo: 11%
Current angular diffs: 97'

Selected number of demos: 49

-- Positive Demos --
 (458,5),  (432,7),  (460,7),  (461,7),  (490,7),  (491,7),  (520,3),  (521,3),  (522,3),  (496,5),  (497,5),  (442,5),  (414,0),  (358,0),  (302,4),  (301,2),  (271,2),  (269,2),  (268,2),  (266,6),  (321,6),  (320,4),  (319,2),  (290,2),  (288,2),  (287,2),  (284,4),  (254,4),  (196,0),  (169,0),  (141,0),  (113,5),  (59,5),  (60,3),  (62,7),  (91,7),  (92,7),  (122,5),  (95,5),  (95,3),  (96,7),  (127,3),  (100,3),  (103,3),  (76,5),  (49,3),  (51,3),  (53,6), 


[Timing] Time passed: 52.600415 s

Posterior Probability: -429.5657792
Agreement with demo: 4.6%
Current angular diffs: 96'

-----------------------------
Avg angular diffs: 77'
-- learned weights --
Feature Weights: 0.691, -0.48675, 0.24975, -0.1, 
