loading features...

Initializing gridworld of size 28 by 22..
    Num states: 616
    Num actions: 8

Total number of demos: 56

Selected number of demos: 21

-- Positive Demos --
 (469,5),  (414,0),  (303,4),  (214,4),  (182,2),  (181,2),  (206,2),  (203,6),  (227,2),  (226,2),  (168,0),  (113,3),  (87,5),  (64,3),  (68,3),  (74,3),  (46,3),  (47,3),  (78,3),  (50,3),  (82,2), 


[Timing] Time passed: 255.09544 s

Posterior Probability: -68.56671327
Agreement with demo: 9.9%
Current angular diffs: 86'

Selected number of demos: 56

-- Positive Demos --
 (523,5),  (497,5),  (469,5),  (442,5),  (414,0),  (387,0),  (331,0),  (303,4),  (274,4),  (273,4),  (244,4),  (214,4),  (213,2),  (211,2),  (183,2),  (182,2),  (181,2),  (206,2),  (205,2),  (204,2),  (203,6),  (231,2),  (230,2),  (228,2),  (227,2),  (226,2),  (225,4),  (195,4),  (168,4),  (168,0),  (140,5),  (140,3),  (141,5),  (113,3),  (114,5),  (115,5),  (87,5),  (88,3),  (89,3),  (62,3),  (64,3),  (65,3),  (66,3),  (68,3),  (40,3),  (42,3),  (72,3),  (74,3),  (46,3),  (47,3),  (77,3),  (78,3),  (50,3),  (51,7),  (82,2), 


[Timing] Time passed: 304.560924 s

Posterior Probability: -1635.533121
Agreement with demo: 17%
Current angular diffs: 81'

Selected number of demos: 17

-- Positive Demos --
 (442,5),  (414,0),  (303,4),  (244,4),  (213,2),  (181,2),  (231,2),  (226,2),  (225,4),  (140,3),  (114,5),  (87,5),  (89,3),  (68,3),  (42,3),  (77,3),  (82,2), 


[Timing] Time passed: 286.165583 s

Posterior Probability: -693.054108
Agreement with demo: 11%
Current angular diffs: 93'

Selected number of demos: 24

-- Positive Demos --
 (523,5),  (442,5),  (331,0),  (244,4),  (211,2),  (182,2),  (206,2),  (204,2),  (228,2),  (226,2),  (168,4),  (168,0),  (140,5),  (140,3),  (115,5),  (87,5),  (88,3),  (65,3),  (40,3),  (46,3),  (77,3),  (78,3),  (50,3),  (82,2), 


[Timing] Time passed: 278.591527 s

Posterior Probability: -776.9137234
Agreement with demo: 17%
Current angular diffs: 80'

Selected number of demos: 28

-- Positive Demos --
 (523,5),  (442,5),  (387,0),  (274,4),  (244,4),  (213,2),  (182,2),  (181,2),  (205,2),  (204,2),  (230,2),  (228,2),  (226,2),  (225,4),  (168,4),  (140,3),  (141,5),  (114,5),  (115,5),  (88,3),  (89,3),  (62,3),  (66,3),  (40,3),  (74,3),  (46,3),  (78,3),  (82,2), 


[Timing] Time passed: 279.03204 s

Posterior Probability: -848.7616365
Agreement with demo: 11%
Current angular diffs: 87'

Selected number of demos: 26

-- Positive Demos --
 (523,5),  (442,5),  (414,0),  (387,0),  (274,4),  (244,4),  (211,2),  (181,2),  (206,2),  (205,2),  (231,2),  (228,2),  (225,4),  (195,4),  (168,0),  (141,5),  (115,5),  (88,3),  (62,3),  (66,3),  (40,3),  (74,3),  (46,3),  (47,3),  (50,3),  (51,7), 


[Timing] Time passed: 285.757249 s

Posterior Probability: -192.6319354
Agreement with demo: 8.6%
Current angular diffs: 99'

Selected number of demos: 37

-- Positive Demos --
 (523,5),  (497,5),  (442,5),  (414,0),  (387,0),  (303,4),  (274,4),  (244,4),  (214,4),  (211,2),  (182,2),  (181,2),  (205,2),  (204,2),  (203,6),  (230,2),  (227,2),  (225,4),  (168,4),  (168,0),  (140,5),  (140,3),  (113,3),  (115,5),  (87,5),  (88,3),  (62,3),  (65,3),  (66,3),  (40,3),  (42,3),  (72,3),  (46,3),  (77,3),  (78,3),  (50,3),  (82,2), 


[Timing] Time passed: 283.467699 s

Posterior Probability: -1353.343936
Agreement with demo: 7.4%
Current angular diffs: 94'

Selected number of demos: 26

-- Positive Demos --
 (497,5),  (414,0),  (387,0),  (274,4),  (214,4),  (183,2),  (206,2),  (205,2),  (203,6),  (231,2),  (227,2),  (195,4),  (140,5),  (141,5),  (114,5),  (87,5),  (89,3),  (64,3),  (68,3),  (40,3),  (42,3),  (72,3),  (74,3),  (77,3),  (78,3),  (51,7), 


[Timing] Time passed: 296.513388 s

Posterior Probability: -1809.531225
Agreement with demo: 11%
Current angular diffs: 96'

Selected number of demos: 24

-- Positive Demos --
 (523,5),  (497,5),  (469,5),  (414,0),  (303,4),  (214,4),  (183,2),  (206,2),  (204,2),  (231,2),  (230,2),  (226,2),  (195,4),  (168,0),  (140,3),  (114,5),  (115,5),  (89,3),  (65,3),  (68,3),  (72,3),  (47,3),  (51,7),  (82,2), 


[Timing] Time passed: 285.467625 s

Posterior Probability: -540.0024653
Agreement with demo: 9.9%
Current angular diffs: 91'

Selected number of demos: 18

-- Positive Demos --
 (469,5),  (331,0),  (274,4),  (213,2),  (211,2),  (181,2),  (204,2),  (230,2),  (195,4),  (141,5),  (113,3),  (115,5),  (88,3),  (64,3),  (42,3),  (74,3),  (77,3),  (51,7), 


[Timing] Time passed: 286.626645 s

Posterior Probability: -447.0487624
Agreement with demo: 14%
Current angular diffs: 91'

Selected number of demos: 24

-- Positive Demos --
 (523,5),  (497,5),  (469,5),  (414,0),  (331,0),  (214,4),  (213,2),  (182,2),  (204,2),  (231,2),  (228,2),  (227,2),  (195,4),  (140,5),  (140,3),  (114,5),  (87,5),  (88,3),  (64,3),  (66,3),  (72,3),  (74,3),  (50,3),  (82,2), 


[Timing] Time passed: 276.308817 s

Posterior Probability: -379.5154921
Agreement with demo: 4.9%
Current angular diffs: 89'

Selected number of demos: 22

-- Positive Demos --
 (523,5),  (414,0),  (387,0),  (244,4),  (211,2),  (182,2),  (203,6),  (227,2),  (225,4),  (168,0),  (114,5),  (87,5),  (88,3),  (64,3),  (66,3),  (68,3),  (42,3),  (74,3),  (46,3),  (47,3),  (77,3),  (78,3), 


[Timing] Time passed: 252.772852 s

Posterior Probability: -482.2220906
Agreement with demo: 15%
Current angular diffs: 80'

Selected number of demos: 38

-- Positive Demos --
 (497,5),  (442,5),  (414,0),  (387,0),  (331,0),  (274,4),  (244,4),  (213,2),  (211,2),  (182,2),  (181,2),  (206,2),  (205,2),  (204,2),  (231,2),  (228,2),  (226,2),  (225,4),  (195,4),  (168,0),  (140,5),  (140,3),  (113,3),  (114,5),  (87,5),  (89,3),  (64,3),  (66,3),  (68,3),  (40,3),  (42,3),  (72,3),  (74,3),  (47,3),  (77,3),  (78,3),  (50,3),  (82,2), 


[Timing] Time passed: 236.093013 s

Posterior Probability: -783.4187646
Agreement with demo: 14%
Current angular diffs: 81'

Selected number of demos: 18

-- Positive Demos --
 (497,5),  (469,5),  (331,0),  (244,4),  (211,2),  (182,2),  (204,2),  (227,2),  (168,4),  (168,0),  (141,5),  (88,3),  (89,3),  (64,3),  (42,3),  (46,3),  (47,3),  (50,3), 


[Timing] Time passed: 245.558022 s

Posterior Probability: -461.1856685
Agreement with demo: 9.9%
Current angular diffs: 86'

Selected number of demos: 56

-- Positive Demos --
 (523,5),  (497,5),  (469,5),  (442,5),  (414,0),  (387,0),  (331,0),  (303,4),  (274,4),  (273,4),  (244,4),  (214,4),  (213,2),  (211,2),  (183,2),  (182,2),  (181,2),  (206,2),  (205,2),  (204,2),  (203,6),  (231,2),  (230,2),  (228,2),  (227,2),  (226,2),  (225,4),  (195,4),  (168,4),  (168,0),  (140,5),  (140,3),  (141,5),  (113,3),  (114,5),  (115,5),  (87,5),  (88,3),  (89,3),  (62,3),  (64,3),  (65,3),  (66,3),  (68,3),  (40,3),  (42,3),  (72,3),  (74,3),  (46,3),  (47,3),  (77,3),  (78,3),  (50,3),  (51,7),  (82,2), 


[Timing] Time passed: 232.286784 s

Posterior Probability: -150.0999644
Agreement with demo: 16%
Current angular diffs: 81'

Selected number of demos: 18

-- Positive Demos --
 (497,5),  (331,0),  (244,4),  (183,2),  (182,2),  (203,6),  (231,2),  (226,2),  (225,4),  (195,4),  (168,0),  (113,3),  (88,3),  (65,3),  (68,3),  (72,3),  (78,3),  (51,7), 


[Timing] Time passed: 223.692948 s

Posterior Probability: -270.790539
Agreement with demo: 9.9%
Current angular diffs: 90'

Selected number of demos: 56

-- Positive Demos --
 (523,5),  (497,5),  (469,5),  (442,5),  (414,0),  (387,0),  (331,0),  (303,4),  (274,4),  (273,4),  (244,4),  (214,4),  (213,2),  (211,2),  (183,2),  (182,2),  (181,2),  (206,2),  (205,2),  (204,2),  (203,6),  (231,2),  (230,2),  (228,2),  (227,2),  (226,2),  (225,4),  (195,4),  (168,4),  (168,0),  (140,5),  (140,3),  (141,5),  (113,3),  (114,5),  (115,5),  (87,5),  (88,3),  (89,3),  (62,3),  (64,3),  (65,3),  (66,3),  (68,3),  (40,3),  (42,3),  (72,3),  (74,3),  (46,3),  (47,3),  (77,3),  (78,3),  (50,3),  (51,7),  (82,2), 


[Timing] Time passed: 246.680667 s

Posterior Probability: -372.5280945
Agreement with demo: 15%
Current angular diffs: 81'

Selected number of demos: 22

-- Positive Demos --
 (497,5),  (469,5),  (387,0),  (331,0),  (303,4),  (244,4),  (214,4),  (213,2),  (181,2),  (204,2),  (230,2),  (225,4),  (140,5),  (141,5),  (87,5),  (89,3),  (66,3),  (68,3),  (40,3),  (42,3),  (46,3),  (78,3), 


[Timing] Time passed: 242.629132 s

Posterior Probability: -278.6120539
Agreement with demo: 11%
Current angular diffs: 90'

Selected number of demos: 21

-- Positive Demos --
 (497,5),  (414,0),  (387,0),  (273,4),  (244,4),  (183,2),  (206,2),  (204,2),  (203,6),  (228,2),  (226,2),  (168,0),  (113,3),  (87,5),  (89,3),  (62,3),  (68,3),  (40,3),  (72,3),  (77,3),  (51,7), 


[Timing] Time passed: 238.301337 s

Posterior Probability: -249.8012123
Agreement with demo: 9.9%
Current angular diffs: 91'

Selected number of demos: 26

-- Positive Demos --
 (523,5),  (414,0),  (387,0),  (331,0),  (244,4),  (213,2),  (183,2),  (181,2),  (205,2),  (231,2),  (230,2),  (225,4),  (140,5),  (141,5),  (114,5),  (115,5),  (88,3),  (62,3),  (68,3),  (40,3),  (74,3),  (77,3),  (78,3),  (50,3),  (51,7),  (82,2), 


[Timing] Time passed: 242.728651 s

Posterior Probability: -882.38714
Agreement with demo: 11%
Current angular diffs: 86'

Selected number of demos: 56

-- Positive Demos --
 (523,5),  (497,5),  (469,5),  (442,5),  (414,0),  (387,0),  (331,0),  (303,4),  (274,4),  (273,4),  (244,4),  (214,4),  (213,2),  (211,2),  (183,2),  (182,2),  (181,2),  (206,2),  (205,2),  (204,2),  (203,6),  (231,2),  (230,2),  (228,2),  (227,2),  (226,2),  (225,4),  (195,4),  (168,4),  (168,0),  (140,5),  (140,3),  (141,5),  (113,3),  (114,5),  (115,5),  (87,5),  (88,3),  (89,3),  (62,3),  (64,3),  (65,3),  (66,3),  (68,3),  (40,3),  (42,3),  (72,3),  (74,3),  (46,3),  (47,3),  (77,3),  (78,3),  (50,3),  (51,7),  (82,2), 


[Timing] Time passed: 251.060314 s

Posterior Probability: -868.7342703
Agreement with demo: 17%
Current angular diffs: 82'

Selected number of demos: 16

-- Positive Demos --
 (414,0),  (274,4),  (214,4),  (182,2),  (203,6),  (230,2),  (225,4),  (168,0),  (114,5),  (115,5),  (87,5),  (64,3),  (66,3),  (72,3),  (47,3),  (77,3), 


[Timing] Time passed: 242.263548 s

Posterior Probability: -42.9020793
Agreement with demo: 19%
Current angular diffs: 79'

-----------------------------
Avg angular diffs: 79'
-- learned weights --
Feature Weights: -0.0365, 0.00675, -0.03375, -0.1, 
