loading features...

Initializing gridworld of size 28 by 22..
    Num states: 616
    Num actions: 8

Total number of demos: 60

Selected number of demos: 44

-- Positive Demos --
 (136,7),  (136,1),  (164,6),  (192,6),  (247,6),  (275,6),  (274,6),  (301,1),  (329,6),  (355,6),  (383,6),  (408,2),  (437,6),  (436,6),  (406,0),  (406,5),  (379,5),  (350,0),  (295,0),  (267,0),  (239,4),  (182,0),  (154,5),  (127,0),  (99,4),  (71,0),  (70,0),  (40,6),  (68,6),  (95,6),  (123,6),  (149,6),  (176,6),  (202,6),  (230,6),  (257,1),  (312,6),  (310,6),  (365,6),  (392,6),  (420,1),  (448,1),  (476,6),  (532,1), 


[Timing] Time passed: 141.406163 s

Posterior Probability: -102.5675864
Agreement with demo: 10%
Current angular diffs: 96'

Selected number of demos: 22

-- Positive Demos --
 (136,7),  (219,6),  (247,6),  (301,1),  (384,6),  (408,2),  (437,6),  (406,5),  (379,5),  (323,0),  (295,0),  (239,4),  (127,5),  (71,0),  (40,6),  (95,6),  (203,6),  (257,1),  (337,6),  (365,6),  (448,1),  (532,1), 


[Timing] Time passed: 130.541763 s

Posterior Probability: -847.9783571
Agreement with demo: 5%
Current angular diffs: 1.1e+02'

Selected number of demos: 21

-- Positive Demos --
 (164,6),  (275,6),  (301,1),  (384,6),  (408,2),  (406,0),  (406,5),  (295,0),  (239,4),  (154,5),  (99,4),  (71,0),  (40,6),  (123,6),  (149,6),  (202,6),  (229,1),  (312,6),  (337,6),  (420,1),  (476,1), 


[Timing] Time passed: 128.833813 s

Posterior Probability: -729.6511389
Agreement with demo: 12%
Current angular diffs: 90'

Selected number of demos: 38

-- Positive Demos --
 (136,7),  (136,1),  (164,6),  (192,6),  (247,6),  (274,6),  (329,1),  (329,6),  (355,6),  (383,6),  (409,6),  (437,6),  (436,6),  (406,0),  (379,5),  (350,0),  (295,0),  (240,0),  (210,4),  (154,5),  (127,5),  (99,4),  (70,0),  (40,6),  (68,6),  (95,6),  (150,6),  (176,6),  (203,6),  (230,6),  (257,1),  (284,6),  (310,6),  (337,6),  (365,6),  (392,6),  (448,1),  (476,6), 


[Timing] Time passed: 131.871916 s

Posterior Probability: -631.5916549
Agreement with demo: 5%
Current angular diffs: 1.1e+02'

Selected number of demos: 24

-- Positive Demos --
 (136,7),  (192,6),  (247,6),  (301,1),  (329,1),  (384,6),  (437,6),  (436,6),  (379,5),  (323,0),  (239,4),  (127,5),  (99,4),  (71,0),  (70,0),  (68,6),  (123,6),  (203,6),  (230,6),  (229,1),  (257,1),  (312,6),  (392,6),  (476,1), 


[Timing] Time passed: 128.322249 s

Posterior Probability: -214.4442509
Agreement with demo: 11%
Current angular diffs: 1e+02'

Selected number of demos: 37

-- Positive Demos --
 (136,7),  (136,1),  (165,1),  (192,6),  (219,6),  (275,6),  (301,1),  (329,1),  (355,6),  (383,6),  (409,6),  (437,6),  (436,6),  (406,5),  (350,0),  (323,0),  (267,0),  (239,4),  (210,4),  (154,5),  (127,5),  (127,0),  (71,0),  (70,0),  (68,6),  (95,6),  (150,6),  (176,6),  (202,6),  (229,1),  (257,1),  (312,6),  (337,6),  (365,6),  (392,6),  (448,1),  (476,6), 


[Timing] Time passed: 120.329407 s

Posterior Probability: -204.8185677
Agreement with demo: 19%
Current angular diffs: 86'

Selected number of demos: 27

-- Positive Demos --
 (165,1),  (192,6),  (275,6),  (301,1),  (329,1),  (355,6),  (383,6),  (437,6),  (406,0),  (350,0),  (323,0),  (267,0),  (239,4),  (182,0),  (127,0),  (70,0),  (68,6),  (123,6),  (176,6),  (203,6),  (230,6),  (284,6),  (312,6),  (365,6),  (448,1),  (476,6),  (532,1), 


[Timing] Time passed: 128.44314 s

Posterior Probability: -54.25871911
Agreement with demo: 14%
Current angular diffs: 85'

Selected number of demos: 14

-- Positive Demos --
 (136,7),  (192,6),  (301,1),  (384,6),  (406,0),  (323,0),  (210,4),  (127,0),  (68,6),  (150,6),  (202,6),  (310,6),  (476,1),  (532,1), 


[Timing] Time passed: 122.208057 s

Posterior Probability: -46.77074859
Agreement with demo: 15%
Current angular diffs: 93'

-----------------------------
Avg angular diffs: 85'
-- learned weights --
Feature Weights: -0.0145, -0.30125, -0.01075, -0.1, 
