processing file :../birl_data/27_11_1_objects.txt

Initializing gridworld of size 32 by 24..
    Num states: 768
    Num actions: 8

Total number of demos: 64

Selected number of demos: 64

-- Positive Demos --
 (292,6),  (329,1), 


 - [Timing] Time passed: 88.760205 s
- Current feature weights:-7.8125e-05, -0.0003125, -4.6875e-05, -0.0001
 - Posterior Probability: -4.14654
 - Agreement with demo: 0%
 - Current angular diffs: 112.5'

-- Positive Demos --
 (365,1),  (405,1),  (438,1),  (467,6), 


 - [Timing] Time passed: 112.739317 s
- Current feature weights:0.000109375, -0.000171875, -0.00115625, -0.0001
 - Posterior Probability: -7.91894
 - Agreement with demo: 25%
 - Current angular diffs: 78.75'

-- Positive Demos --
 (494,6), 


 - [Timing] Time passed: 62.896859 s
- Current feature weights:-0.000125, -0.00020703125, -0.00123828125, -0.0001
 - Posterior Probability: -2.44382
 - Agreement with demo: 0%
 - Current angular diffs: 135'

-- Positive Demos --
 (520,6),  (537,2),  (547,6),  (564,6),  (595,6),  (623,2), 


 - [Timing] Time passed: 65.179224 s
- Current feature weights:-0.00096875, -0.00226953125, -0.00095703125, -0.0001
 - Posterior Probability: -12.1767
 - Agreement with demo: 50%
 - Current angular diffs: 52.5'

-- Positive Demos --
 (632,2), 


 - [Timing] Time passed: 87.050494 s
- Current feature weights:-0.00114453125, -0.00270703125, -0.0010859375, -0.0001
 - Posterior Probability: -1.5588
 - Agreement with demo: 0%
 - Current angular diffs: 135'

-- Positive Demos --
 (632,2),  (630,2),  (621,4),  (601,4), 


 - [Timing] Time passed: 61.689347 s
- Current feature weights:-0.00073828125, -0.00472265625, -0.0028828125, -0.0001
 - Posterior Probability: -7.12316
 - Agreement with demo: 25%
 - Current angular diffs: 78.75'

-- Positive Demos --
 (579,4),  (552,0),  (520,0),  (484,5),  (451,5),  (412,5),  (375,5), 


 - [Timing] Time passed: 79.471423 s
- Current feature weights:-0.0014765625, -0.00559765625, -0.01023828125, -0.0001
 - Posterior Probability: -14.4141
 - Agreement with demo: 0%
 - Current angular diffs: 122.143'

-- Positive Demos --
 (342,5),  (310,0),  (274,0), 


 - [Timing] Time passed: 59.850971 s
- Current feature weights:-0.003046875, -0.005984375, -0.0107890625, -0.0001
 - Posterior Probability: -6.74086
 - Agreement with demo: 33.3333%
 - Current angular diffs: 45'

-- Positive Demos --
 (241,0),  (207,0),  (180,4), 


 - [Timing] Time passed: 79.728187 s
- Current feature weights:-0.00534375, -0.00700390625, -0.01098828125, -0.0001
 - Posterior Probability: -6.377
 - Agreement with demo: 66.6667%
 - Current angular diffs: 30'

-- Positive Demos --
 (160,4),  (146,4),  (129,2),  (122,2),  (126,2),  (135,6),  (149,6),  (168,6),  (197,6),  (218,6),  (237,6),  (258,6),  (289,1),  (326,6),  (351,6),  (376,1),  (410,1), 


 - [Timing] Time passed: 83.266629 s
- Current feature weights:-0.02108203125, -0.01596875, -0.01231640625, -0.0001
 - Posterior Probability: -33.9291
 - Agreement with demo: 17.6471%
 - Current angular diffs: 84.7059'

-- Positive Demos --
 (453,1), 


 - [Timing] Time passed: 81.052186 s
- Current feature weights:-0.0216875, -0.01662890625, -0.01215234375, -0.0001
 - Posterior Probability: -1.26039
 - Agreement with demo: 100%
 - Current angular diffs: 0'

-- Positive Demos --
 (495,1),  (532,1),  (567,1),  (604,1),  (631,6),  (654,6),  (666,6),  (672,6),  (674,0),  (671,0),  (665,0), 


 - [Timing] Time passed: 82.431203 s
- Current feature weights:-0.028390625, -0.0189921875, -0.010734375, -0.0001
 - Posterior Probability: -24.7828
 - Agreement with demo: 0%
 - Current angular diffs: 94.0909'

-- Positive Demos --
 (668,7),  (677,7),  (680,3), 


 - [Timing] Time passed: 82.261964 s
- Current feature weights:-0.02849609375, -0.01865234375, -0.011015625, -0.0001
 - Posterior Probability: -6.28039
 - Agreement with demo: 0%
 - Current angular diffs: 60'

-----------------------------
Avg angular diffs: 80.8594'
Total agreement with demo: 18.75%
-- learned weights --
Final feature weights:-0.0284961, -0.0186523, -0.0110156, -0.0001
