loading features...

Initializing gridworld of size 28 by 22..
    Num states: 616
    Num actions: 8

-- Positive Demos --
 (505,5),  (505,3),  (505,1),  (505,7),  (532,3),  (532,7),  (533,1),  (532,1),  (533,3),  (534,3),  (535,3),  (536,3),  (537,3),  (539,3),  (540,3),  (541,3),  (543,3),  (544,3),  (574,3),  (576,3),  (577,3),  (578,3),  (580,3),  (581,3),  (582,3),  (555,3),  (556,5),  (530,5),  (502,0),  (474,4),  (445,4),  (415,2),  (414,2),  (413,2),  (412,2),  (411,2),  (410,6),  (438,6),  (437,2),  (436,2),  (434,2),  (433,2),  (403,4),  (402,4),  (374,2),  (374,4),  (344,0),  (317,0),  (288,4),  (260,0),  (232,0),  (232,4),  (202,4),  (202,0),  (175,0),  (147,0),  (146,0),  (118,0),  (90,5),  (91,0),  (63,0),  (34,5),  (6,5),  (6,3),  (7,3),  (8,3),  (9,3),  (11,3),  (12,3),  (15,3),  (17,3),  (18,3),  (48,3),  (49,3),  (50,3),  (51,3),  (52,7),  (82,7),  (82,3),  (82,5),  (83,7),  (83,1),  (83,6),  (82,2),  (81,2),  (81,3), 


[Timing] Time passed: 168.971961 s

Posterior Probability: -620.0555159
Agreement with demo: 14%
Avg angular diffs: 87'

-- Positive Demos --
 (505,5),  (505,3),  (505,1),  (505,7),  (532,3),  (532,7),  (533,1),  (532,1),  (533,3),  (534,3),  (535,3),  (536,3),  (537,3),  (539,3),  (540,3),  (541,3),  (543,3),  (544,3),  (574,3),  (576,3),  (577,3),  (578,3),  (580,3),  (581,3),  (582,3),  (555,3),  (556,5),  (530,5),  (502,0),  (474,4),  (445,4),  (415,2),  (414,2),  (413,2),  (412,2),  (411,2),  (410,6),  (438,6),  (437,2),  (436,2),  (434,2),  (433,2),  (403,4),  (402,4),  (374,2),  (374,4),  (344,0),  (317,0),  (288,4),  (260,0),  (232,0),  (232,4),  (202,4),  (202,0),  (175,0),  (147,0),  (146,0),  (118,0),  (90,5),  (91,0),  (63,0),  (34,5),  (6,5),  (6,3),  (7,3),  (8,3),  (9,3),  (11,3),  (12,3),  (15,3),  (17,3),  (18,3),  (48,3),  (49,3),  (50,3),  (51,3),  (52,7),  (82,7),  (82,3),  (82,5),  (83,7),  (83,1),  (83,6),  (82,2),  (81,2),  (81,3), 


[Timing] Time passed: 165.256779 s

Posterior Probability: -782.4847872
Agreement with demo: 8.3%
Avg angular diffs: 90'

-- Positive Demos --
 (505,5),  (505,3),  (505,1),  (505,7),  (532,3),  (532,7),  (533,1),  (532,1),  (533,3),  (534,3),  (535,3),  (536,3),  (537,3),  (539,3),  (540,3),  (541,3),  (543,3),  (544,3),  (574,3),  (576,3),  (577,3),  (578,3),  (580,3),  (581,3),  (582,3),  (555,3),  (556,5),  (530,5),  (502,0),  (474,4),  (445,4),  (415,2),  (414,2),  (413,2),  (412,2),  (411,2),  (410,6),  (438,6),  (437,2),  (436,2),  (434,2),  (433,2),  (403,4),  (402,4),  (374,2),  (374,4),  (344,0),  (317,0),  (288,4),  (260,0),  (232,0),  (232,4),  (202,4),  (202,0),  (175,0),  (147,0),  (146,0),  (118,0),  (90,5),  (91,0),  (63,0),  (34,5),  (6,5),  (6,3),  (7,3),  (8,3),  (9,3),  (11,3),  (12,3),  (15,3),  (17,3),  (18,3),  (48,3),  (49,3),  (50,3),  (51,3),  (52,7),  (82,7),  (82,3),  (82,5),  (83,7),  (83,1),  (83,6),  (82,2),  (81,2),  (81,3), 


[Timing] Time passed: 164.032501 s

Posterior Probability: -943.2549537
Agreement with demo: 15%
Avg angular diffs: 78'

-- Positive Demos --
 (505,5),  (505,3),  (505,1),  (505,7),  (532,3),  (532,7),  (533,1),  (532,1),  (533,3),  (534,3),  (535,3),  (536,3),  (537,3),  (539,3),  (540,3),  (541,3),  (543,3),  (544,3),  (574,3),  (576,3),  (577,3),  (578,3),  (580,3),  (581,3),  (582,3),  (555,3),  (556,5),  (530,5),  (502,0),  (474,4),  (445,4),  (415,2),  (414,2),  (413,2),  (412,2),  (411,2),  (410,6),  (438,6),  (437,2),  (436,2),  (434,2),  (433,2),  (403,4),  (402,4),  (374,2),  (374,4),  (344,0),  (317,0),  (288,4),  (260,0),  (232,0),  (232,4),  (202,4),  (202,0),  (175,0),  (147,0),  (146,0),  (118,0),  (90,5),  (91,0),  (63,0),  (34,5),  (6,5),  (6,3),  (7,3),  (8,3),  (9,3),  (11,3),  (12,3),  (15,3),  (17,3),  (18,3),  (48,3),  (49,3),  (50,3),  (51,3),  (52,7),  (82,7),  (82,3),  (82,5),  (83,7),  (83,1),  (83,6),  (82,2),  (81,2),  (81,3), 


[Timing] Time passed: 163.094533 s

Posterior Probability: -565.1432197
Agreement with demo: 7.3%
Avg angular diffs: 91'

-- Positive Demos --
 (505,5),  (505,3),  (505,1),  (505,7),  (532,3),  (532,7),  (533,1),  (532,1),  (533,3),  (534,3),  (535,3),  (536,3),  (537,3),  (539,3),  (540,3),  (541,3),  (543,3),  (544,3),  (574,3),  (576,3),  (577,3),  (578,3),  (580,3),  (581,3),  (582,3),  (555,3),  (556,5),  (530,5),  (502,0),  (474,4),  (445,4),  (415,2),  (414,2),  (413,2),  (412,2),  (411,2),  (410,6),  (438,6),  (437,2),  (436,2),  (434,2),  (433,2),  (403,4),  (402,4),  (374,2),  (374,4),  (344,0),  (317,0),  (288,4),  (260,0),  (232,0),  (232,4),  (202,4),  (202,0),  (175,0),  (147,0),  (146,0),  (118,0),  (90,5),  (91,0),  (63,0),  (34,5),  (6,5),  (6,3),  (7,3),  (8,3),  (9,3),  (11,3),  (12,3),  (15,3),  (17,3),  (18,3),  (48,3),  (49,3),  (50,3),  (51,3),  (52,7),  (82,7),  (82,3),  (82,5),  (83,7),  (83,1),  (83,6),  (82,2),  (81,2),  (81,3), 


[Timing] Time passed: 158.662738 s

Posterior Probability: -486.3541022
Agreement with demo: 6.2%
Avg angular diffs: 92'

-- Positive Demos --
 (505,5),  (505,3),  (505,1),  (505,7),  (532,3),  (532,7),  (533,1),  (532,1),  (533,3),  (534,3),  (535,3),  (536,3),  (537,3),  (539,3),  (540,3),  (541,3),  (543,3),  (544,3),  (574,3),  (576,3),  (577,3),  (578,3),  (580,3),  (581,3),  (582,3),  (555,3),  (556,5),  (530,5),  (502,0),  (474,4),  (445,4),  (415,2),  (414,2),  (413,2),  (412,2),  (411,2),  (410,6),  (438,6),  (437,2),  (436,2),  (434,2),  (433,2),  (403,4),  (402,4),  (374,2),  (374,4),  (344,0),  (317,0),  (288,4),  (260,0),  (232,0),  (232,4),  (202,4),  (202,0),  (175,0),  (147,0),  (146,0),  (118,0),  (90,5),  (91,0),  (63,0),  (34,5),  (6,5),  (6,3),  (7,3),  (8,3),  (9,3),  (11,3),  (12,3),  (15,3),  (17,3),  (18,3),  (48,3),  (49,3),  (50,3),  (51,3),  (52,7),  (82,7),  (82,3),  (82,5),  (83,7),  (83,1),  (83,6),  (82,2),  (81,2),  (81,3), 


[Timing] Time passed: 152.498627 s

Posterior Probability: -389.0669212
Agreement with demo: 14%
Avg angular diffs: 98'

-- Positive Demos --
 (505,5),  (505,3),  (505,1),  (505,7),  (532,3),  (532,7),  (533,1),  (532,1),  (533,3),  (534,3),  (535,3),  (536,3),  (537,3),  (539,3),  (540,3),  (541,3),  (543,3),  (544,3),  (574,3),  (576,3),  (577,3),  (578,3),  (580,3),  (581,3),  (582,3),  (555,3),  (556,5),  (530,5),  (502,0),  (474,4),  (445,4),  (415,2),  (414,2),  (413,2),  (412,2),  (411,2),  (410,6),  (438,6),  (437,2),  (436,2),  (434,2),  (433,2),  (403,4),  (402,4),  (374,2),  (374,4),  (344,0),  (317,0),  (288,4),  (260,0),  (232,0),  (232,4),  (202,4),  (202,0),  (175,0),  (147,0),  (146,0),  (118,0),  (90,5),  (91,0),  (63,0),  (34,5),  (6,5),  (6,3),  (7,3),  (8,3),  (9,3),  (11,3),  (12,3),  (15,3),  (17,3),  (18,3),  (48,3),  (49,3),  (50,3),  (51,3),  (52,7),  (82,7),  (82,3),  (82,5),  (83,7),  (83,1),  (83,6),  (82,2),  (81,2),  (81,3), 


[Timing] Time passed: 150.682181 s

Posterior Probability: -228.5707902
Agreement with demo: 7.3%
Avg angular diffs: 85'

-- Positive Demos --
 (505,5),  (505,3),  (505,1),  (505,7),  (532,3),  (532,7),  (533,1),  (532,1),  (533,3),  (534,3),  (535,3),  (536,3),  (537,3),  (539,3),  (540,3),  (541,3),  (543,3),  (544,3),  (574,3),  (576,3),  (577,3),  (578,3),  (580,3),  (581,3),  (582,3),  (555,3),  (556,5),  (530,5),  (502,0),  (474,4),  (445,4),  (415,2),  (414,2),  (413,2),  (412,2),  (411,2),  (410,6),  (438,6),  (437,2),  (436,2),  (434,2),  (433,2),  (403,4),  (402,4),  (374,2),  (374,4),  (344,0),  (317,0),  (288,4),  (260,0),  (232,0),  (232,4),  (202,4),  (202,0),  (175,0),  (147,0),  (146,0),  (118,0),  (90,5),  (91,0),  (63,0),  (34,5),  (6,5),  (6,3),  (7,3),  (8,3),  (9,3),  (11,3),  (12,3),  (15,3),  (17,3),  (18,3),  (48,3),  (49,3),  (50,3),  (51,3),  (52,7),  (82,7),  (82,3),  (82,5),  (83,7),  (83,1),  (83,6),  (82,2),  (81,2),  (81,3), 


[Timing] Time passed: 172.475532 s

Posterior Probability: -937.7060636
Agreement with demo: 14%
Avg angular diffs: 78'

-- Positive Demos --
 (505,5),  (505,3),  (505,1),  (505,7),  (532,3),  (532,7),  (533,1),  (532,1),  (533,3),  (534,3),  (535,3),  (536,3),  (537,3),  (539,3),  (540,3),  (541,3),  (543,3),  (544,3),  (574,3),  (576,3),  (577,3),  (578,3),  (580,3),  (581,3),  (582,3),  (555,3),  (556,5),  (530,5),  (502,0),  (474,4),  (445,4),  (415,2),  (414,2),  (413,2),  (412,2),  (411,2),  (410,6),  (438,6),  (437,2),  (436,2),  (434,2),  (433,2),  (403,4),  (402,4),  (374,2),  (374,4),  (344,0),  (317,0),  (288,4),  (260,0),  (232,0),  (232,4),  (202,4),  (202,0),  (175,0),  (147,0),  (146,0),  (118,0),  (90,5),  (91,0),  (63,0),  (34,5),  (6,5),  (6,3),  (7,3),  (8,3),  (9,3),  (11,3),  (12,3),  (15,3),  (17,3),  (18,3),  (48,3),  (49,3),  (50,3),  (51,3),  (52,7),  (82,7),  (82,3),  (82,5),  (83,7),  (83,1),  (83,6),  (82,2),  (81,2),  (81,3), 


[Timing] Time passed: 153.338023 s

Posterior Probability: -353.296506
Agreement with demo: 12%
Avg angular diffs: 90'

-- Positive Demos --
 (505,5),  (505,3),  (505,1),  (505,7),  (532,3),  (532,7),  (533,1),  (532,1),  (533,3),  (534,3),  (535,3),  (536,3),  (537,3),  (539,3),  (540,3),  (541,3),  (543,3),  (544,3),  (574,3),  (576,3),  (577,3),  (578,3),  (580,3),  (581,3),  (582,3),  (555,3),  (556,5),  (530,5),  (502,0),  (474,4),  (445,4),  (415,2),  (414,2),  (413,2),  (412,2),  (411,2),  (410,6),  (438,6),  (437,2),  (436,2),  (434,2),  (433,2),  (403,4),  (402,4),  (374,2),  (374,4),  (344,0),  (317,0),  (288,4),  (260,0),  (232,0),  (232,4),  (202,4),  (202,0),  (175,0),  (147,0),  (146,0),  (118,0),  (90,5),  (91,0),  (63,0),  (34,5),  (6,5),  (6,3),  (7,3),  (8,3),  (9,3),  (11,3),  (12,3),  (15,3),  (17,3),  (18,3),  (48,3),  (49,3),  (50,3),  (51,3),  (52,7),  (82,7),  (82,3),  (82,5),  (83,7),  (83,1),  (83,6),  (82,2),  (81,2),  (81,3), 


[Timing] Time passed: 168.187888 s

Posterior Probability: -974.1898122
Agreement with demo: 11%
Avg angular diffs: 88'

-- Positive Demos --
 (505,5),  (505,3),  (505,1),  (505,7),  (532,3),  (532,7),  (533,1),  (532,1),  (533,3),  (534,3),  (535,3),  (536,3),  (537,3),  (539,3),  (540,3),  (541,3),  (543,3),  (544,3),  (574,3),  (576,3),  (577,3),  (578,3),  (580,3),  (581,3),  (582,3),  (555,3),  (556,5),  (530,5),  (502,0),  (474,4),  (445,4),  (415,2),  (414,2),  (413,2),  (412,2),  (411,2),  (410,6),  (438,6),  (437,2),  (436,2),  (434,2),  (433,2),  (403,4),  (402,4),  (374,2),  (374,4),  (344,0),  (317,0),  (288,4),  (260,0),  (232,0),  (232,4),  (202,4),  (202,0),  (175,0),  (147,0),  (146,0),  (118,0),  (90,5),  (91,0),  (63,0),  (34,5),  (6,5),  (6,3),  (7,3),  (8,3),  (9,3),  (11,3),  (12,3),  (15,3),  (17,3),  (18,3),  (48,3),  (49,3),  (50,3),  (51,3),  (52,7),  (82,7),  (82,3),  (82,5),  (83,7),  (83,1),  (83,6),  (82,2),  (81,2),  (81,3), 


[Timing] Time passed: 167.365373 s

Posterior Probability: -1650.890395
Agreement with demo: 11%
Avg angular diffs: 82'

-- Positive Demos --
 (505,5),  (505,3),  (505,1),  (505,7),  (532,3),  (532,7),  (533,1),  (532,1),  (533,3),  (534,3),  (535,3),  (536,3),  (537,3),  (539,3),  (540,3),  (541,3),  (543,3),  (544,3),  (574,3),  (576,3),  (577,3),  (578,3),  (580,3),  (581,3),  (582,3),  (555,3),  (556,5),  (530,5),  (502,0),  (474,4),  (445,4),  (415,2),  (414,2),  (413,2),  (412,2),  (411,2),  (410,6),  (438,6),  (437,2),  (436,2),  (434,2),  (433,2),  (403,4),  (402,4),  (374,2),  (374,4),  (344,0),  (317,0),  (288,4),  (260,0),  (232,0),  (232,4),  (202,4),  (202,0),  (175,0),  (147,0),  (146,0),  (118,0),  (90,5),  (91,0),  (63,0),  (34,5),  (6,5),  (6,3),  (7,3),  (8,3),  (9,3),  (11,3),  (12,3),  (15,3),  (17,3),  (18,3),  (48,3),  (49,3),  (50,3),  (51,3),  (52,7),  (82,7),  (82,3),  (82,5),  (83,7),  (83,1),  (83,6),  (82,2),  (81,2),  (81,3), 


[Timing] Time passed: 163.680383 s

Posterior Probability: -869.4272349
Agreement with demo: 8.3%
Avg angular diffs: 87'

-- Positive Demos --
 (505,5),  (505,3),  (505,1),  (505,7),  (532,3),  (532,7),  (533,1),  (532,1),  (533,3),  (534,3),  (535,3),  (536,3),  (537,3),  (539,3),  (540,3),  (541,3),  (543,3),  (544,3),  (574,3),  (576,3),  (577,3),  (578,3),  (580,3),  (581,3),  (582,3),  (555,3),  (556,5),  (530,5),  (502,0),  (474,4),  (445,4),  (415,2),  (414,2),  (413,2),  (412,2),  (411,2),  (410,6),  (438,6),  (437,2),  (436,2),  (434,2),  (433,2),  (403,4),  (402,4),  (374,2),  (374,4),  (344,0),  (317,0),  (288,4),  (260,0),  (232,0),  (232,4),  (202,4),  (202,0),  (175,0),  (147,0),  (146,0),  (118,0),  (90,5),  (91,0),  (63,0),  (34,5),  (6,5),  (6,3),  (7,3),  (8,3),  (9,3),  (11,3),  (12,3),  (15,3),  (17,3),  (18,3),  (48,3),  (49,3),  (50,3),  (51,3),  (52,7),  (82,7),  (82,3),  (82,5),  (83,7),  (83,1),  (83,6),  (82,2),  (81,2),  (81,3), 


[Timing] Time passed: 165.592433 s

Posterior Probability: -992.6779096
Agreement with demo: 5.2%
Avg angular diffs: 92'

-- Positive Demos --
 (505,5),  (505,3),  (505,1),  (505,7),  (532,3),  (532,7),  (533,1),  (532,1),  (533,3),  (534,3),  (535,3),  (536,3),  (537,3),  (539,3),  (540,3),  (541,3),  (543,3),  (544,3),  (574,3),  (576,3),  (577,3),  (578,3),  (580,3),  (581,3),  (582,3),  (555,3),  (556,5),  (530,5),  (502,0),  (474,4),  (445,4),  (415,2),  (414,2),  (413,2),  (412,2),  (411,2),  (410,6),  (438,6),  (437,2),  (436,2),  (434,2),  (433,2),  (403,4),  (402,4),  (374,2),  (374,4),  (344,0),  (317,0),  (288,4),  (260,0),  (232,0),  (232,4),  (202,4),  (202,0),  (175,0),  (147,0),  (146,0),  (118,0),  (90,5),  (91,0),  (63,0),  (34,5),  (6,5),  (6,3),  (7,3),  (8,3),  (9,3),  (11,3),  (12,3),  (15,3),  (17,3),  (18,3),  (48,3),  (49,3),  (50,3),  (51,3),  (52,7),  (82,7),  (82,3),  (82,5),  (83,7),  (83,1),  (83,6),  (82,2),  (81,2),  (81,3), 


[Timing] Time passed: 154.579782 s

Posterior Probability: -546.7961172
Agreement with demo: 10%
Avg angular diffs: 92'

-- Positive Demos --
 (505,5),  (505,3),  (505,1),  (505,7),  (532,3),  (532,7),  (533,1),  (532,1),  (533,3),  (534,3),  (535,3),  (536,3),  (537,3),  (539,3),  (540,3),  (541,3),  (543,3),  (544,3),  (574,3),  (576,3),  (577,3),  (578,3),  (580,3),  (581,3),  (582,3),  (555,3),  (556,5),  (530,5),  (502,0),  (474,4),  (445,4),  (415,2),  (414,2),  (413,2),  (412,2),  (411,2),  (410,6),  (438,6),  (437,2),  (436,2),  (434,2),  (433,2),  (403,4),  (402,4),  (374,2),  (374,4),  (344,0),  (317,0),  (288,4),  (260,0),  (232,0),  (232,4),  (202,4),  (202,0),  (175,0),  (147,0),  (146,0),  (118,0),  (90,5),  (91,0),  (63,0),  (34,5),  (6,5),  (6,3),  (7,3),  (8,3),  (9,3),  (11,3),  (12,3),  (15,3),  (17,3),  (18,3),  (48,3),  (49,3),  (50,3),  (51,3),  (52,7),  (82,7),  (82,3),  (82,5),  (83,7),  (83,1),  (83,6),  (82,2),  (81,2),  (81,3), 


[Timing] Time passed: 158.903471 s

Posterior Probability: -645.4575105
Agreement with demo: 7.3%
Avg angular diffs: 91'

-- Positive Demos --
 (505,5),  (505,3),  (505,1),  (505,7),  (532,3),  (532,7),  (533,1),  (532,1),  (533,3),  (534,3),  (535,3),  (536,3),  (537,3),  (539,3),  (540,3),  (541,3),  (543,3),  (544,3),  (574,3),  (576,3),  (577,3),  (578,3),  (580,3),  (581,3),  (582,3),  (555,3),  (556,5),  (530,5),  (502,0),  (474,4),  (445,4),  (415,2),  (414,2),  (413,2),  (412,2),  (411,2),  (410,6),  (438,6),  (437,2),  (436,2),  (434,2),  (433,2),  (403,4),  (402,4),  (374,2),  (374,4),  (344,0),  (317,0),  (288,4),  (260,0),  (232,0),  (232,4),  (202,4),  (202,0),  (175,0),  (147,0),  (146,0),  (118,0),  (90,5),  (91,0),  (63,0),  (34,5),  (6,5),  (6,3),  (7,3),  (8,3),  (9,3),  (11,3),  (12,3),  (15,3),  (17,3),  (18,3),  (48,3),  (49,3),  (50,3),  (51,3),  (52,7),  (82,7),  (82,3),  (82,5),  (83,7),  (83,1),  (83,6),  (82,2),  (81,2),  (81,3), 


[Timing] Time passed: 153.521775 s

Posterior Probability: -283.2044479
Agreement with demo: 10%
Avg angular diffs: 88'

-- Positive Demos --
 (505,5),  (505,3),  (505,1),  (505,7),  (532,3),  (532,7),  (533,1),  (532,1),  (533,3),  (534,3),  (535,3),  (536,3),  (537,3),  (539,3),  (540,3),  (541,3),  (543,3),  (544,3),  (574,3),  (576,3),  (577,3),  (578,3),  (580,3),  (581,3),  (582,3),  (555,3),  (556,5),  (530,5),  (502,0),  (474,4),  (445,4),  (415,2),  (414,2),  (413,2),  (412,2),  (411,2),  (410,6),  (438,6),  (437,2),  (436,2),  (434,2),  (433,2),  (403,4),  (402,4),  (374,2),  (374,4),  (344,0),  (317,0),  (288,4),  (260,0),  (232,0),  (232,4),  (202,4),  (202,0),  (175,0),  (147,0),  (146,0),  (118,0),  (90,5),  (91,0),  (63,0),  (34,5),  (6,5),  (6,3),  (7,3),  (8,3),  (9,3),  (11,3),  (12,3),  (15,3),  (17,3),  (18,3),  (48,3),  (49,3),  (50,3),  (51,3),  (52,7),  (82,7),  (82,3),  (82,5),  (83,7),  (83,1),  (83,6),  (82,2),  (81,2),  (81,3), 


[Timing] Time passed: 157.011859 s

Posterior Probability: -908.9736773
Agreement with demo: 8.3%
Avg angular diffs: 87'

-- Positive Demos --
 (505,5),  (505,3),  (505,1),  (505,7),  (532,3),  (532,7),  (533,1),  (532,1),  (533,3),  (534,3),  (535,3),  (536,3),  (537,3),  (539,3),  (540,3),  (541,3),  (543,3),  (544,3),  (574,3),  (576,3),  (577,3),  (578,3),  (580,3),  (581,3),  (582,3),  (555,3),  (556,5),  (530,5),  (502,0),  (474,4),  (445,4),  (415,2),  (414,2),  (413,2),  (412,2),  (411,2),  (410,6),  (438,6),  (437,2),  (436,2),  (434,2),  (433,2),  (403,4),  (402,4),  (374,2),  (374,4),  (344,0),  (317,0),  (288,4),  (260,0),  (232,0),  (232,4),  (202,4),  (202,0),  (175,0),  (147,0),  (146,0),  (118,0),  (90,5),  (91,0),  (63,0),  (34,5),  (6,5),  (6,3),  (7,3),  (8,3),  (9,3),  (11,3),  (12,3),  (15,3),  (17,3),  (18,3),  (48,3),  (49,3),  (50,3),  (51,3),  (52,7),  (82,7),  (82,3),  (82,5),  (83,7),  (83,1),  (83,6),  (82,2),  (81,2),  (81,3), 


[Timing] Time passed: 145.95747 s

Posterior Probability: -254.9030626
Agreement with demo: 17%
Avg angular diffs: 78'

-- Positive Demos --
 (505,5),  (505,3),  (505,1),  (505,7),  (532,3),  (532,7),  (533,1),  (532,1),  (533,3),  (534,3),  (535,3),  (536,3),  (537,3),  (539,3),  (540,3),  (541,3),  (543,3),  (544,3),  (574,3),  (576,3),  (577,3),  (578,3),  (580,3),  (581,3),  (582,3),  (555,3),  (556,5),  (530,5),  (502,0),  (474,4),  (445,4),  (415,2),  (414,2),  (413,2),  (412,2),  (411,2),  (410,6),  (438,6),  (437,2),  (436,2),  (434,2),  (433,2),  (403,4),  (402,4),  (374,2),  (374,4),  (344,0),  (317,0),  (288,4),  (260,0),  (232,0),  (232,4),  (202,4),  (202,0),  (175,0),  (147,0),  (146,0),  (118,0),  (90,5),  (91,0),  (63,0),  (34,5),  (6,5),  (6,3),  (7,3),  (8,3),  (9,3),  (11,3),  (12,3),  (15,3),  (17,3),  (18,3),  (48,3),  (49,3),  (50,3),  (51,3),  (52,7),  (82,7),  (82,3),  (82,5),  (83,7),  (83,1),  (83,6),  (82,2),  (81,2),  (81,3), 


[Timing] Time passed: 166.982073 s

Posterior Probability: -1323.300959
Agreement with demo: 9.4%
Avg angular diffs: 81'

-- Positive Demos --
 (505,5),  (505,3),  (505,1),  (505,7),  (532,3),  (532,7),  (533,1),  (532,1),  (533,3),  (534,3),  (535,3),  (536,3),  (537,3),  (539,3),  (540,3),  (541,3),  (543,3),  (544,3),  (574,3),  (576,3),  (577,3),  (578,3),  (580,3),  (581,3),  (582,3),  (555,3),  (556,5),  (530,5),  (502,0),  (474,4),  (445,4),  (415,2),  (414,2),  (413,2),  (412,2),  (411,2),  (410,6),  (438,6),  (437,2),  (436,2),  (434,2),  (433,2),  (403,4),  (402,4),  (374,2),  (374,4),  (344,0),  (317,0),  (288,4),  (260,0),  (232,0),  (232,4),  (202,4),  (202,0),  (175,0),  (147,0),  (146,0),  (118,0),  (90,5),  (91,0),  (63,0),  (34,5),  (6,5),  (6,3),  (7,3),  (8,3),  (9,3),  (11,3),  (12,3),  (15,3),  (17,3),  (18,3),  (48,3),  (49,3),  (50,3),  (51,3),  (52,7),  (82,7),  (82,3),  (82,5),  (83,7),  (83,1),  (83,6),  (82,2),  (81,2),  (81,3), 


[Timing] Time passed: 159.681587 s

Posterior Probability: -539.3751726
Agreement with demo: 8.3%
Avg angular diffs: 90'
-- learned weights --
Feature Weights: -0.0485, -0.8265, 0.008, -0.1, 
