loading features...

Initializing gridworld of size 28 by 22..
    Num states: 616
    Num actions: 8

Total number of demos: 84

Selected number of demos: 84

-- Positive Demos --
 (563,3),  (564,3),  (565,3),  (567,3),  (568,3),  (569,3),  (598,3),  (572,3),  (573,3),  (575,3),  (576,3),  (577,3),  (579,3),  (580,3),  (581,3),  (583,3),  (584,3),  (585,5),  (557,5),  (530,5),  (503,0),  (475,0),  (447,0),  (418,0),  (391,0),  (335,0),  (307,0),  (307,4),  (279,4),  (279,0),  (251,4),  (250,2),  (249,2),  (248,2),  (247,4),  (217,2),  (216,2),  (215,2),  (214,6),  (242,6),  (241,6),  (268,6),  (294,2),  (293,2),  (292,2),  (291,2),  (318,2),  (316,2),  (315,2),  (314,2),  (285,4),  (284,2),  (255,2),  (254,2),  (253,4),  (224,4),  (195,0),  (168,0),  (139,0),  (111,5),  (84,5),  (56,5),  (57,5),  (29,3),  (30,3),  (31,3),  (4,3),  (5,3),  (6,3),  (17,5),  (18,3),  (20,3),  (49,3),  (50,3),  (51,3),  (52,3),  (81,7),  (53,7),  (53,3),  (81,6), 


[Timing] Time passed: 328.088661 s

Posterior Probability: -263.6515667
Agreement with demo: 18%
Current angular diffs: 80'

Selected number of demos: 25

-- Positive Demos --
 (563,3),  (569,3),  (598,3),  (573,3),  (575,3),  (580,3),  (581,3),  (503,0),  (418,0),  (307,4),  (249,2),  (215,2),  (293,2),  (314,2),  (285,4),  (254,2),  (224,4),  (111,5),  (29,3),  (31,3),  (5,3),  (6,3),  (50,3),  (52,3),  (81,6), 


[Timing] Time passed: 333.991502 s

Posterior Probability: -734.837216
Agreement with demo: 5.2%
Current angular diffs: 99'

Selected number of demos: 22

-- Positive Demos --
 (564,3),  (598,3),  (577,3),  (581,3),  (584,3),  (475,0),  (307,0),  (279,0),  (248,2),  (214,6),  (241,6),  (293,2),  (292,2),  (318,2),  (285,4),  (254,2),  (195,0),  (57,5),  (6,3),  (50,3),  (52,3),  (81,6), 


[Timing] Time passed: 330.853959 s

Posterior Probability: -92.67612731
Agreement with demo: 6.2%
Current angular diffs: 92'

Selected number of demos: 21

-- Positive Demos --
 (564,3),  (598,3),  (575,3),  (583,3),  (557,5),  (475,0),  (418,0),  (307,4),  (249,2),  (248,2),  (214,6),  (268,6),  (316,2),  (254,2),  (139,0),  (57,5),  (5,3),  (17,5),  (49,3),  (81,7),  (53,7), 


[Timing] Time passed: 317.668793 s

Posterior Probability: -309.1425636
Agreement with demo: 12%
Current angular diffs: 83'

Selected number of demos: 23

-- Positive Demos --
 (567,3),  (573,3),  (576,3),  (583,3),  (530,5),  (418,0),  (307,4),  (250,2),  (248,2),  (215,2),  (268,6),  (294,2),  (292,2),  (316,2),  (315,2),  (314,2),  (285,4),  (253,4),  (168,0),  (56,5),  (4,3),  (20,3),  (81,7), 


[Timing] Time passed: 305.837711 s

Posterior Probability: -47.20678207
Agreement with demo: 14%
Current angular diffs: 92'

-----------------------------
Avg angular diffs: 80'
-- learned weights --
Feature Weights: -0.03325, 0.04375, 0.0065, -0.1, 
