loading features...

Initializing gridworld of size 28 by 22..
    Num states: 616
    Num actions: 8

-- Positive Demos --
 (532,5),  (532,0),  (505,4),  (505,2),  (505,1),  (505,3),  (506,3),  (534,3),  (535,3),  (537,3),  (538,3),  (539,3),  (541,3),  (542,3),  (544,3),  (545,3),  (547,3),  (548,3),  (550,3),  (551,3),  (552,5),  (526,3),  (527,5),  (528,5),  (500,5),  (501,5),  (473,5),  (474,0),  (446,4),  (446,2),  (445,2),  (444,2),  (443,2),  (442,2),  (412,2),  (411,2),  (411,4),  (410,2),  (410,6),  (438,2),  (437,2),  (436,2),  (406,2),  (405,2),  (404,4),  (403,4),  (403,6),  (402,6),  (402,2),  (401,2),  (400,2),  (399,4),  (399,0),  (372,0),  (342,0),  (315,0),  (287,5),  (260,5),  (233,0),  (204,0),  (177,0),  (149,0),  (121,0),  (66,5),  (38,5),  (39,3),  (39,7),  (69,1),  (97,7),  (97,5),  (98,5),  (70,3),  (71,7),  (72,7),  (100,7),  (101,7),  (129,5),  (101,5),  (102,5),  (75,3),  (75,7),  (76,3),  (78,3),  (49,3),  (50,3),  (51,3),  (52,3),  (52,1),  (52,7),  (81,7),  (82,3),  (82,7),  (82,1),  (82,6),  (82,2),  (82,4),  (81,4),  (81,5), 


[Timing] Time passed: 148.935821 s

Posterior Probability: -611.1677506
Agreement with demo: 16%
Avg angular diffs: 88'

-- Positive Demos --
 (532,5),  (532,0),  (505,4),  (505,2),  (505,1),  (505,3),  (506,3),  (534,3),  (535,3),  (537,3),  (538,3),  (539,3),  (541,3),  (542,3),  (544,3),  (545,3),  (547,3),  (548,3),  (550,3),  (551,3),  (552,5),  (526,3),  (527,5),  (528,5),  (500,5),  (501,5),  (473,5),  (474,0),  (446,4),  (446,2),  (445,2),  (444,2),  (443,2),  (442,2),  (412,2),  (411,2),  (411,4),  (410,2),  (410,6),  (438,2),  (437,2),  (436,2),  (406,2),  (405,2),  (404,4),  (403,4),  (403,6),  (402,6),  (402,2),  (401,2),  (400,2),  (399,4),  (399,0),  (372,0),  (342,0),  (315,0),  (287,5),  (260,5),  (233,0),  (204,0),  (177,0),  (149,0),  (121,0),  (66,5),  (38,5),  (39,3),  (39,7),  (69,1),  (97,7),  (97,5),  (98,5),  (70,3),  (71,7),  (72,7),  (100,7),  (101,7),  (129,5),  (101,5),  (102,5),  (75,3),  (75,7),  (76,3),  (78,3),  (49,3),  (50,3),  (51,3),  (52,3),  (52,1),  (52,7),  (81,7),  (82,3),  (82,7),  (82,1),  (82,6),  (82,2),  (82,4),  (81,4),  (81,5), 


[Timing] Time passed: 161.823118 s

Posterior Probability: -753.4205883
Agreement with demo: 14%
Avg angular diffs: 86'

-- Positive Demos --
 (532,5),  (532,0),  (505,4),  (505,2),  (505,1),  (505,3),  (506,3),  (534,3),  (535,3),  (537,3),  (538,3),  (539,3),  (541,3),  (542,3),  (544,3),  (545,3),  (547,3),  (548,3),  (550,3),  (551,3),  (552,5),  (526,3),  (527,5),  (528,5),  (500,5),  (501,5),  (473,5),  (474,0),  (446,4),  (446,2),  (445,2),  (444,2),  (443,2),  (442,2),  (412,2),  (411,2),  (411,4),  (410,2),  (410,6),  (438,2),  (437,2),  (436,2),  (406,2),  (405,2),  (404,4),  (403,4),  (403,6),  (402,6),  (402,2),  (401,2),  (400,2),  (399,4),  (399,0),  (372,0),  (342,0),  (315,0),  (287,5),  (260,5),  (233,0),  (204,0),  (177,0),  (149,0),  (121,0),  (66,5),  (38,5),  (39,3),  (39,7),  (69,1),  (97,7),  (97,5),  (98,5),  (70,3),  (71,7),  (72,7),  (100,7),  (101,7),  (129,5),  (101,5),  (102,5),  (75,3),  (75,7),  (76,3),  (78,3),  (49,3),  (50,3),  (51,3),  (52,3),  (52,1),  (52,7),  (81,7),  (82,3),  (82,7),  (82,1),  (82,6),  (82,2),  (82,4),  (81,4),  (81,5), 


[Timing] Time passed: 165.254121 s

Posterior Probability: -1240.353302
Agreement with demo: 12%
Avg angular diffs: 84'

-- Positive Demos --
 (532,5),  (532,0),  (505,4),  (505,2),  (505,1),  (505,3),  (506,3),  (534,3),  (535,3),  (537,3),  (538,3),  (539,3),  (541,3),  (542,3),  (544,3),  (545,3),  (547,3),  (548,3),  (550,3),  (551,3),  (552,5),  (526,3),  (527,5),  (528,5),  (500,5),  (501,5),  (473,5),  (474,0),  (446,4),  (446,2),  (445,2),  (444,2),  (443,2),  (442,2),  (412,2),  (411,2),  (411,4),  (410,2),  (410,6),  (438,2),  (437,2),  (436,2),  (406,2),  (405,2),  (404,4),  (403,4),  (403,6),  (402,6),  (402,2),  (401,2),  (400,2),  (399,4),  (399,0),  (372,0),  (342,0),  (315,0),  (287,5),  (260,5),  (233,0),  (204,0),  (177,0),  (149,0),  (121,0),  (66,5),  (38,5),  (39,3),  (39,7),  (69,1),  (97,7),  (97,5),  (98,5),  (70,3),  (71,7),  (72,7),  (100,7),  (101,7),  (129,5),  (101,5),  (102,5),  (75,3),  (75,7),  (76,3),  (78,3),  (49,3),  (50,3),  (51,3),  (52,3),  (52,1),  (52,7),  (81,7),  (82,3),  (82,7),  (82,1),  (82,6),  (82,2),  (82,4),  (81,4),  (81,5), 


[Timing] Time passed: 160.359737 s

Posterior Probability: -587.8317606
Agreement with demo: 11%
Avg angular diffs: 79'

-- Positive Demos --
 (532,5),  (532,0),  (505,4),  (505,2),  (505,1),  (505,3),  (506,3),  (534,3),  (535,3),  (537,3),  (538,3),  (539,3),  (541,3),  (542,3),  (544,3),  (545,3),  (547,3),  (548,3),  (550,3),  (551,3),  (552,5),  (526,3),  (527,5),  (528,5),  (500,5),  (501,5),  (473,5),  (474,0),  (446,4),  (446,2),  (445,2),  (444,2),  (443,2),  (442,2),  (412,2),  (411,2),  (411,4),  (410,2),  (410,6),  (438,2),  (437,2),  (436,2),  (406,2),  (405,2),  (404,4),  (403,4),  (403,6),  (402,6),  (402,2),  (401,2),  (400,2),  (399,4),  (399,0),  (372,0),  (342,0),  (315,0),  (287,5),  (260,5),  (233,0),  (204,0),  (177,0),  (149,0),  (121,0),  (66,5),  (38,5),  (39,3),  (39,7),  (69,1),  (97,7),  (97,5),  (98,5),  (70,3),  (71,7),  (72,7),  (100,7),  (101,7),  (129,5),  (101,5),  (102,5),  (75,3),  (75,7),  (76,3),  (78,3),  (49,3),  (50,3),  (51,3),  (52,3),  (52,1),  (52,7),  (81,7),  (82,3),  (82,7),  (82,1),  (82,6),  (82,2),  (82,4),  (81,4),  (81,5), 


[Timing] Time passed: 157.250756 s

Posterior Probability: -425.7307713
Agreement with demo: 14%
Avg angular diffs: 88'

-- Positive Demos --
 (532,5),  (532,0),  (505,4),  (505,2),  (505,1),  (505,3),  (506,3),  (534,3),  (535,3),  (537,3),  (538,3),  (539,3),  (541,3),  (542,3),  (544,3),  (545,3),  (547,3),  (548,3),  (550,3),  (551,3),  (552,5),  (526,3),  (527,5),  (528,5),  (500,5),  (501,5),  (473,5),  (474,0),  (446,4),  (446,2),  (445,2),  (444,2),  (443,2),  (442,2),  (412,2),  (411,2),  (411,4),  (410,2),  (410,6),  (438,2),  (437,2),  (436,2),  (406,2),  (405,2),  (404,4),  (403,4),  (403,6),  (402,6),  (402,2),  (401,2),  (400,2),  (399,4),  (399,0),  (372,0),  (342,0),  (315,0),  (287,5),  (260,5),  (233,0),  (204,0),  (177,0),  (149,0),  (121,0),  (66,5),  (38,5),  (39,3),  (39,7),  (69,1),  (97,7),  (97,5),  (98,5),  (70,3),  (71,7),  (72,7),  (100,7),  (101,7),  (129,5),  (101,5),  (102,5),  (75,3),  (75,7),  (76,3),  (78,3),  (49,3),  (50,3),  (51,3),  (52,3),  (52,1),  (52,7),  (81,7),  (82,3),  (82,7),  (82,1),  (82,6),  (82,2),  (82,4),  (81,4),  (81,5), 


[Timing] Time passed: 156.540644 s

Posterior Probability: -370.1641115
Agreement with demo: 9%
Avg angular diffs: 98'

-- Positive Demos --
 (532,5),  (532,0),  (505,4),  (505,2),  (505,1),  (505,3),  (506,3),  (534,3),  (535,3),  (537,3),  (538,3),  (539,3),  (541,3),  (542,3),  (544,3),  (545,3),  (547,3),  (548,3),  (550,3),  (551,3),  (552,5),  (526,3),  (527,5),  (528,5),  (500,5),  (501,5),  (473,5),  (474,0),  (446,4),  (446,2),  (445,2),  (444,2),  (443,2),  (442,2),  (412,2),  (411,2),  (411,4),  (410,2),  (410,6),  (438,2),  (437,2),  (436,2),  (406,2),  (405,2),  (404,4),  (403,4),  (403,6),  (402,6),  (402,2),  (401,2),  (400,2),  (399,4),  (399,0),  (372,0),  (342,0),  (315,0),  (287,5),  (260,5),  (233,0),  (204,0),  (177,0),  (149,0),  (121,0),  (66,5),  (38,5),  (39,3),  (39,7),  (69,1),  (97,7),  (97,5),  (98,5),  (70,3),  (71,7),  (72,7),  (100,7),  (101,7),  (129,5),  (101,5),  (102,5),  (75,3),  (75,7),  (76,3),  (78,3),  (49,3),  (50,3),  (51,3),  (52,3),  (52,1),  (52,7),  (81,7),  (82,3),  (82,7),  (82,1),  (82,6),  (82,2),  (82,4),  (81,4),  (81,5), 


[Timing] Time passed: 150.240852 s

Posterior Probability: -269.5599651
Agreement with demo: 9.9%
Avg angular diffs: 99'

-- Positive Demos --
 (532,5),  (532,0),  (505,4),  (505,2),  (505,1),  (505,3),  (506,3),  (534,3),  (535,3),  (537,3),  (538,3),  (539,3),  (541,3),  (542,3),  (544,3),  (545,3),  (547,3),  (548,3),  (550,3),  (551,3),  (552,5),  (526,3),  (527,5),  (528,5),  (500,5),  (501,5),  (473,5),  (474,0),  (446,4),  (446,2),  (445,2),  (444,2),  (443,2),  (442,2),  (412,2),  (411,2),  (411,4),  (410,2),  (410,6),  (438,2),  (437,2),  (436,2),  (406,2),  (405,2),  (404,4),  (403,4),  (403,6),  (402,6),  (402,2),  (401,2),  (400,2),  (399,4),  (399,0),  (372,0),  (342,0),  (315,0),  (287,5),  (260,5),  (233,0),  (204,0),  (177,0),  (149,0),  (121,0),  (66,5),  (38,5),  (39,3),  (39,7),  (69,1),  (97,7),  (97,5),  (98,5),  (70,3),  (71,7),  (72,7),  (100,7),  (101,7),  (129,5),  (101,5),  (102,5),  (75,3),  (75,7),  (76,3),  (78,3),  (49,3),  (50,3),  (51,3),  (52,3),  (52,1),  (52,7),  (81,7),  (82,3),  (82,7),  (82,1),  (82,6),  (82,2),  (82,4),  (81,4),  (81,5), 


[Timing] Time passed: 168.620072 s

Posterior Probability: -1217.538052
Agreement with demo: 9.9%
Avg angular diffs: 85'

-- Positive Demos --
 (532,5),  (532,0),  (505,4),  (505,2),  (505,1),  (505,3),  (506,3),  (534,3),  (535,3),  (537,3),  (538,3),  (539,3),  (541,3),  (542,3),  (544,3),  (545,3),  (547,3),  (548,3),  (550,3),  (551,3),  (552,5),  (526,3),  (527,5),  (528,5),  (500,5),  (501,5),  (473,5),  (474,0),  (446,4),  (446,2),  (445,2),  (444,2),  (443,2),  (442,2),  (412,2),  (411,2),  (411,4),  (410,2),  (410,6),  (438,2),  (437,2),  (436,2),  (406,2),  (405,2),  (404,4),  (403,4),  (403,6),  (402,6),  (402,2),  (401,2),  (400,2),  (399,4),  (399,0),  (372,0),  (342,0),  (315,0),  (287,5),  (260,5),  (233,0),  (204,0),  (177,0),  (149,0),  (121,0),  (66,5),  (38,5),  (39,3),  (39,7),  (69,1),  (97,7),  (97,5),  (98,5),  (70,3),  (71,7),  (72,7),  (100,7),  (101,7),  (129,5),  (101,5),  (102,5),  (75,3),  (75,7),  (76,3),  (78,3),  (49,3),  (50,3),  (51,3),  (52,3),  (52,1),  (52,7),  (81,7),  (82,3),  (82,7),  (82,1),  (82,6),  (82,2),  (82,4),  (81,4),  (81,5), 


[Timing] Time passed: 151.99345 s

Posterior Probability: -390.8917787
Agreement with demo: 9%
Avg angular diffs: 1e+02'

-- Positive Demos --
 (532,5),  (532,0),  (505,4),  (505,2),  (505,1),  (505,3),  (506,3),  (534,3),  (535,3),  (537,3),  (538,3),  (539,3),  (541,3),  (542,3),  (544,3),  (545,3),  (547,3),  (548,3),  (550,3),  (551,3),  (552,5),  (526,3),  (527,5),  (528,5),  (500,5),  (501,5),  (473,5),  (474,0),  (446,4),  (446,2),  (445,2),  (444,2),  (443,2),  (442,2),  (412,2),  (411,2),  (411,4),  (410,2),  (410,6),  (438,2),  (437,2),  (436,2),  (406,2),  (405,2),  (404,4),  (403,4),  (403,6),  (402,6),  (402,2),  (401,2),  (400,2),  (399,4),  (399,0),  (372,0),  (342,0),  (315,0),  (287,5),  (260,5),  (233,0),  (204,0),  (177,0),  (149,0),  (121,0),  (66,5),  (38,5),  (39,3),  (39,7),  (69,1),  (97,7),  (97,5),  (98,5),  (70,3),  (71,7),  (72,7),  (100,7),  (101,7),  (129,5),  (101,5),  (102,5),  (75,3),  (75,7),  (76,3),  (78,3),  (49,3),  (50,3),  (51,3),  (52,3),  (52,1),  (52,7),  (81,7),  (82,3),  (82,7),  (82,1),  (82,6),  (82,2),  (82,4),  (81,4),  (81,5), 


[Timing] Time passed: 169.415476 s

Posterior Probability: -909.1136035
Agreement with demo: 14%
Avg angular diffs: 90'

-- Positive Demos --
 (532,5),  (532,0),  (505,4),  (505,2),  (505,1),  (505,3),  (506,3),  (534,3),  (535,3),  (537,3),  (538,3),  (539,3),  (541,3),  (542,3),  (544,3),  (545,3),  (547,3),  (548,3),  (550,3),  (551,3),  (552,5),  (526,3),  (527,5),  (528,5),  (500,5),  (501,5),  (473,5),  (474,0),  (446,4),  (446,2),  (445,2),  (444,2),  (443,2),  (442,2),  (412,2),  (411,2),  (411,4),  (410,2),  (410,6),  (438,2),  (437,2),  (436,2),  (406,2),  (405,2),  (404,4),  (403,4),  (403,6),  (402,6),  (402,2),  (401,2),  (400,2),  (399,4),  (399,0),  (372,0),  (342,0),  (315,0),  (287,5),  (260,5),  (233,0),  (204,0),  (177,0),  (149,0),  (121,0),  (66,5),  (38,5),  (39,3),  (39,7),  (69,1),  (97,7),  (97,5),  (98,5),  (70,3),  (71,7),  (72,7),  (100,7),  (101,7),  (129,5),  (101,5),  (102,5),  (75,3),  (75,7),  (76,3),  (78,3),  (49,3),  (50,3),  (51,3),  (52,3),  (52,1),  (52,7),  (81,7),  (82,3),  (82,7),  (82,1),  (82,6),  (82,2),  (82,4),  (81,4),  (81,5), 


[Timing] Time passed: 172.943623 s

Posterior Probability: -2040.511705
Agreement with demo: 14%
Avg angular diffs: 79'

-- Positive Demos --
 (532,5),  (532,0),  (505,4),  (505,2),  (505,1),  (505,3),  (506,3),  (534,3),  (535,3),  (537,3),  (538,3),  (539,3),  (541,3),  (542,3),  (544,3),  (545,3),  (547,3),  (548,3),  (550,3),  (551,3),  (552,5),  (526,3),  (527,5),  (528,5),  (500,5),  (501,5),  (473,5),  (474,0),  (446,4),  (446,2),  (445,2),  (444,2),  (443,2),  (442,2),  (412,2),  (411,2),  (411,4),  (410,2),  (410,6),  (438,2),  (437,2),  (436,2),  (406,2),  (405,2),  (404,4),  (403,4),  (403,6),  (402,6),  (402,2),  (401,2),  (400,2),  (399,4),  (399,0),  (372,0),  (342,0),  (315,0),  (287,5),  (260,5),  (233,0),  (204,0),  (177,0),  (149,0),  (121,0),  (66,5),  (38,5),  (39,3),  (39,7),  (69,1),  (97,7),  (97,5),  (98,5),  (70,3),  (71,7),  (72,7),  (100,7),  (101,7),  (129,5),  (101,5),  (102,5),  (75,3),  (75,7),  (76,3),  (78,3),  (49,3),  (50,3),  (51,3),  (52,3),  (52,1),  (52,7),  (81,7),  (82,3),  (82,7),  (82,1),  (82,6),  (82,2),  (82,4),  (81,4),  (81,5), 


[Timing] Time passed: 168.961083 s

Posterior Probability: -790.443142
Agreement with demo: 14%
Avg angular diffs: 87'

-- Positive Demos --
 (532,5),  (532,0),  (505,4),  (505,2),  (505,1),  (505,3),  (506,3),  (534,3),  (535,3),  (537,3),  (538,3),  (539,3),  (541,3),  (542,3),  (544,3),  (545,3),  (547,3),  (548,3),  (550,3),  (551,3),  (552,5),  (526,3),  (527,5),  (528,5),  (500,5),  (501,5),  (473,5),  (474,0),  (446,4),  (446,2),  (445,2),  (444,2),  (443,2),  (442,2),  (412,2),  (411,2),  (411,4),  (410,2),  (410,6),  (438,2),  (437,2),  (436,2),  (406,2),  (405,2),  (404,4),  (403,4),  (403,6),  (402,6),  (402,2),  (401,2),  (400,2),  (399,4),  (399,0),  (372,0),  (342,0),  (315,0),  (287,5),  (260,5),  (233,0),  (204,0),  (177,0),  (149,0),  (121,0),  (66,5),  (38,5),  (39,3),  (39,7),  (69,1),  (97,7),  (97,5),  (98,5),  (70,3),  (71,7),  (72,7),  (100,7),  (101,7),  (129,5),  (101,5),  (102,5),  (75,3),  (75,7),  (76,3),  (78,3),  (49,3),  (50,3),  (51,3),  (52,3),  (52,1),  (52,7),  (81,7),  (82,3),  (82,7),  (82,1),  (82,6),  (82,2),  (82,4),  (81,4),  (81,5), 


[Timing] Time passed: 166.241032 s

Posterior Probability: -904.7785797
Agreement with demo: 9.9%
Avg angular diffs: 86'

-- Positive Demos --
 (532,5),  (532,0),  (505,4),  (505,2),  (505,1),  (505,3),  (506,3),  (534,3),  (535,3),  (537,3),  (538,3),  (539,3),  (541,3),  (542,3),  (544,3),  (545,3),  (547,3),  (548,3),  (550,3),  (551,3),  (552,5),  (526,3),  (527,5),  (528,5),  (500,5),  (501,5),  (473,5),  (474,0),  (446,4),  (446,2),  (445,2),  (444,2),  (443,2),  (442,2),  (412,2),  (411,2),  (411,4),  (410,2),  (410,6),  (438,2),  (437,2),  (436,2),  (406,2),  (405,2),  (404,4),  (403,4),  (403,6),  (402,6),  (402,2),  (401,2),  (400,2),  (399,4),  (399,0),  (372,0),  (342,0),  (315,0),  (287,5),  (260,5),  (233,0),  (204,0),  (177,0),  (149,0),  (121,0),  (66,5),  (38,5),  (39,3),  (39,7),  (69,1),  (97,7),  (97,5),  (98,5),  (70,3),  (71,7),  (72,7),  (100,7),  (101,7),  (129,5),  (101,5),  (102,5),  (75,3),  (75,7),  (76,3),  (78,3),  (49,3),  (50,3),  (51,3),  (52,3),  (52,1),  (52,7),  (81,7),  (82,3),  (82,7),  (82,1),  (82,6),  (82,2),  (82,4),  (81,4),  (81,5), 


[Timing] Time passed: 155.684128 s

Posterior Probability: -589.9043225
Agreement with demo: 16%
Avg angular diffs: 77'

-- Positive Demos --
 (532,5),  (532,0),  (505,4),  (505,2),  (505,1),  (505,3),  (506,3),  (534,3),  (535,3),  (537,3),  (538,3),  (539,3),  (541,3),  (542,3),  (544,3),  (545,3),  (547,3),  (548,3),  (550,3),  (551,3),  (552,5),  (526,3),  (527,5),  (528,5),  (500,5),  (501,5),  (473,5),  (474,0),  (446,4),  (446,2),  (445,2),  (444,2),  (443,2),  (442,2),  (412,2),  (411,2),  (411,4),  (410,2),  (410,6),  (438,2),  (437,2),  (436,2),  (406,2),  (405,2),  (404,4),  (403,4),  (403,6),  (402,6),  (402,2),  (401,2),  (400,2),  (399,4),  (399,0),  (372,0),  (342,0),  (315,0),  (287,5),  (260,5),  (233,0),  (204,0),  (177,0),  (149,0),  (121,0),  (66,5),  (38,5),  (39,3),  (39,7),  (69,1),  (97,7),  (97,5),  (98,5),  (70,3),  (71,7),  (72,7),  (100,7),  (101,7),  (129,5),  (101,5),  (102,5),  (75,3),  (75,7),  (76,3),  (78,3),  (49,3),  (50,3),  (51,3),  (52,3),  (52,1),  (52,7),  (81,7),  (82,3),  (82,7),  (82,1),  (82,6),  (82,2),  (82,4),  (81,4),  (81,5), 


[Timing] Time passed: 160.819732 s

Posterior Probability: -814.2371745
Agreement with demo: 17%
Avg angular diffs: 75'

-- Positive Demos --
 (532,5),  (532,0),  (505,4),  (505,2),  (505,1),  (505,3),  (506,3),  (534,3),  (535,3),  (537,3),  (538,3),  (539,3),  (541,3),  (542,3),  (544,3),  (545,3),  (547,3),  (548,3),  (550,3),  (551,3),  (552,5),  (526,3),  (527,5),  (528,5),  (500,5),  (501,5),  (473,5),  (474,0),  (446,4),  (446,2),  (445,2),  (444,2),  (443,2),  (442,2),  (412,2),  (411,2),  (411,4),  (410,2),  (410,6),  (438,2),  (437,2),  (436,2),  (406,2),  (405,2),  (404,4),  (403,4),  (403,6),  (402,6),  (402,2),  (401,2),  (400,2),  (399,4),  (399,0),  (372,0),  (342,0),  (315,0),  (287,5),  (260,5),  (233,0),  (204,0),  (177,0),  (149,0),  (121,0),  (66,5),  (38,5),  (39,3),  (39,7),  (69,1),  (97,7),  (97,5),  (98,5),  (70,3),  (71,7),  (72,7),  (100,7),  (101,7),  (129,5),  (101,5),  (102,5),  (75,3),  (75,7),  (76,3),  (78,3),  (49,3),  (50,3),  (51,3),  (52,3),  (52,1),  (52,7),  (81,7),  (82,3),  (82,7),  (82,1),  (82,6),  (82,2),  (82,4),  (81,4),  (81,5), 


[Timing] Time passed: 153.244195 s

Posterior Probability: -444.8946237
Agreement with demo: 14%
Avg angular diffs: 79'

-- Positive Demos --
 (532,5),  (532,0),  (505,4),  (505,2),  (505,1),  (505,3),  (506,3),  (534,3),  (535,3),  (537,3),  (538,3),  (539,3),  (541,3),  (542,3),  (544,3),  (545,3),  (547,3),  (548,3),  (550,3),  (551,3),  (552,5),  (526,3),  (527,5),  (528,5),  (500,5),  (501,5),  (473,5),  (474,0),  (446,4),  (446,2),  (445,2),  (444,2),  (443,2),  (442,2),  (412,2),  (411,2),  (411,4),  (410,2),  (410,6),  (438,2),  (437,2),  (436,2),  (406,2),  (405,2),  (404,4),  (403,4),  (403,6),  (402,6),  (402,2),  (401,2),  (400,2),  (399,4),  (399,0),  (372,0),  (342,0),  (315,0),  (287,5),  (260,5),  (233,0),  (204,0),  (177,0),  (149,0),  (121,0),  (66,5),  (38,5),  (39,3),  (39,7),  (69,1),  (97,7),  (97,5),  (98,5),  (70,3),  (71,7),  (72,7),  (100,7),  (101,7),  (129,5),  (101,5),  (102,5),  (75,3),  (75,7),  (76,3),  (78,3),  (49,3),  (50,3),  (51,3),  (52,3),  (52,1),  (52,7),  (81,7),  (82,3),  (82,7),  (82,1),  (82,6),  (82,2),  (82,4),  (81,4),  (81,5), 


[Timing] Time passed: 161.346507 s

Posterior Probability: -819.7354554
Agreement with demo: 14%
Avg angular diffs: 89'

-- Positive Demos --
 (532,5),  (532,0),  (505,4),  (505,2),  (505,1),  (505,3),  (506,3),  (534,3),  (535,3),  (537,3),  (538,3),  (539,3),  (541,3),  (542,3),  (544,3),  (545,3),  (547,3),  (548,3),  (550,3),  (551,3),  (552,5),  (526,3),  (527,5),  (528,5),  (500,5),  (501,5),  (473,5),  (474,0),  (446,4),  (446,2),  (445,2),  (444,2),  (443,2),  (442,2),  (412,2),  (411,2),  (411,4),  (410,2),  (410,6),  (438,2),  (437,2),  (436,2),  (406,2),  (405,2),  (404,4),  (403,4),  (403,6),  (402,6),  (402,2),  (401,2),  (400,2),  (399,4),  (399,0),  (372,0),  (342,0),  (315,0),  (287,5),  (260,5),  (233,0),  (204,0),  (177,0),  (149,0),  (121,0),  (66,5),  (38,5),  (39,3),  (39,7),  (69,1),  (97,7),  (97,5),  (98,5),  (70,3),  (71,7),  (72,7),  (100,7),  (101,7),  (129,5),  (101,5),  (102,5),  (75,3),  (75,7),  (76,3),  (78,3),  (49,3),  (50,3),  (51,3),  (52,3),  (52,1),  (52,7),  (81,7),  (82,3),  (82,7),  (82,1),  (82,6),  (82,2),  (82,4),  (81,4),  (81,5), 


[Timing] Time passed: 153.037838 s

Posterior Probability: -409.5068377
Agreement with demo: 9%
Avg angular diffs: 1e+02'

-- Positive Demos --
 (532,5),  (532,0),  (505,4),  (505,2),  (505,1),  (505,3),  (506,3),  (534,3),  (535,3),  (537,3),  (538,3),  (539,3),  (541,3),  (542,3),  (544,3),  (545,3),  (547,3),  (548,3),  (550,3),  (551,3),  (552,5),  (526,3),  (527,5),  (528,5),  (500,5),  (501,5),  (473,5),  (474,0),  (446,4),  (446,2),  (445,2),  (444,2),  (443,2),  (442,2),  (412,2),  (411,2),  (411,4),  (410,2),  (410,6),  (438,2),  (437,2),  (436,2),  (406,2),  (405,2),  (404,4),  (403,4),  (403,6),  (402,6),  (402,2),  (401,2),  (400,2),  (399,4),  (399,0),  (372,0),  (342,0),  (315,0),  (287,5),  (260,5),  (233,0),  (204,0),  (177,0),  (149,0),  (121,0),  (66,5),  (38,5),  (39,3),  (39,7),  (69,1),  (97,7),  (97,5),  (98,5),  (70,3),  (71,7),  (72,7),  (100,7),  (101,7),  (129,5),  (101,5),  (102,5),  (75,3),  (75,7),  (76,3),  (78,3),  (49,3),  (50,3),  (51,3),  (52,3),  (52,1),  (52,7),  (81,7),  (82,3),  (82,7),  (82,1),  (82,6),  (82,2),  (82,4),  (81,4),  (81,5), 


[Timing] Time passed: 171.296859 s

Posterior Probability: -1606.374855
Agreement with demo: 14%
Avg angular diffs: 76'

-- Positive Demos --
 (532,5),  (532,0),  (505,4),  (505,2),  (505,1),  (505,3),  (506,3),  (534,3),  (535,3),  (537,3),  (538,3),  (539,3),  (541,3),  (542,3),  (544,3),  (545,3),  (547,3),  (548,3),  (550,3),  (551,3),  (552,5),  (526,3),  (527,5),  (528,5),  (500,5),  (501,5),  (473,5),  (474,0),  (446,4),  (446,2),  (445,2),  (444,2),  (443,2),  (442,2),  (412,2),  (411,2),  (411,4),  (410,2),  (410,6),  (438,2),  (437,2),  (436,2),  (406,2),  (405,2),  (404,4),  (403,4),  (403,6),  (402,6),  (402,2),  (401,2),  (400,2),  (399,4),  (399,0),  (372,0),  (342,0),  (315,0),  (287,5),  (260,5),  (233,0),  (204,0),  (177,0),  (149,0),  (121,0),  (66,5),  (38,5),  (39,3),  (39,7),  (69,1),  (97,7),  (97,5),  (98,5),  (70,3),  (71,7),  (72,7),  (100,7),  (101,7),  (129,5),  (101,5),  (102,5),  (75,3),  (75,7),  (76,3),  (78,3),  (49,3),  (50,3),  (51,3),  (52,3),  (52,1),  (52,7),  (81,7),  (82,3),  (82,7),  (82,1),  (82,6),  (82,2),  (82,4),  (81,4),  (81,5), 


[Timing] Time passed: 160.98953 s

Posterior Probability: -594.0598056
Agreement with demo: 14%
Avg angular diffs: 75'
-- learned weights --
Feature Weights: -0.018, -0.821, -0.013, -0.1, 
