loading features...

Initializing gridworld of size 28 by 22..
    Num states: 616
    Num actions: 8

Total number of demos: 76

Selected number of demos: 28

-- Positive Demos --
 (138,1),  (221,6),  (305,6),  (386,6),  (412,6),  (440,6),  (467,6),  (495,6),  (522,6),  (466,5),  (466,0),  (465,6),  (461,0),  (433,0),  (348,5),  (322,0),  (266,0),  (208,4),  (150,6),  (178,6),  (175,6),  (228,6),  (310,1),  (421,1),  (477,1), 


[Timing] Time passed: 160.921329 s

Posterior Probability: -185.4364055
Agreement with demo: 11%
Current angular diffs: 1e+02'

Selected number of demos: 38

-- Positive Demos --
 (110,1),  (138,7),  (195,1),  (250,1),  (305,6),  (332,6),  (386,6),  (412,6),  (440,6),  (495,6),  (521,2),  (466,0),  (465,6),  (462,2),  (461,4),  (461,0),  (377,0),  (348,0),  (321,5),  (322,0),  (266,0),  (238,4),  (208,4),  (150,6),  (177,2),  (176,2),  (200,2),  (228,6),  (256,6),  (282,1),  (337,1),  (366,1),  (477,1), 


[Timing] Time passed: 162.679927 s

Posterior Probability: -224.0372388
Agreement with demo: 12%
Current angular diffs: 93'

Selected number of demos: 27

-- Positive Demos --
 (110,1),  (167,1),  (221,6),  (305,6),  (333,6),  (386,6),  (467,6),  (522,6),  (521,2),  (466,0),  (463,2),  (433,0),  (348,5),  (294,0),  (238,4),  (208,4),  (207,4),  (150,6),  (176,2),  (175,6),  (200,2),  (228,6),  (282,1),  (310,1),  (421,1),  (477,1), 


[Timing] Time passed: 160.94065 s

Posterior Probability: -243.9088284
Agreement with demo: 8.8%
Current angular diffs: 91'

Selected number of demos: 76

-- Positive Demos --
 (81,3),  (110,1),  (138,1),  (138,7),  (167,1),  (195,1),  (221,6),  (250,1),  (278,1),  (305,6),  (333,6),  (332,6),  (358,6),  (386,6),  (413,6),  (412,6),  (440,6),  (467,6),  (495,6),  (522,2),  (522,6),  (521,2),  (519,4),  (466,5),  (466,0),  (465,6),  (463,2),  (462,2),  (461,4),  (461,0),  (433,0),  (404,0),  (377,0),  (348,0),  (348,5),  (321,5),  (322,0),  (294,0),  (266,0),  (238,4),  (208,4),  (207,4),  (179,4),  (150,6),  (178,6),  (177,2),  (176,2),  (175,6),  (200,2),  (200,6),  (228,6),  (256,6),  (283,6),  (282,1),  (310,1),  (337,1),  (366,1),  (392,1),  (421,1),  (477,1),  (505,1), 


[Timing] Time passed: 165.812172 s

Posterior Probability: -642.7195037
Agreement with demo: 8.8%
Current angular diffs: 99'

Selected number of demos: 21

-- Positive Demos --
 (138,7),  (221,6),  (305,6),  (333,6),  (358,6),  (412,6),  (495,6),  (521,2),  (466,0),  (461,4),  (348,0),  (348,5),  (266,0),  (179,4),  (178,6),  (177,2),  (200,6),  (256,6),  (366,1),  (505,1), 


[Timing] Time passed: 160.465531 s

Posterior Probability: -52.7748897
Agreement with demo: 12%
Current angular diffs: 93'

Selected number of demos: 41

-- Positive Demos --
 (110,1),  (138,7),  (167,1),  (250,1),  (305,6),  (333,6),  (386,6),  (440,6),  (467,6),  (495,6),  (522,2),  (522,6),  (521,2),  (466,5),  (463,2),  (461,0),  (433,0),  (404,0),  (377,0),  (348,5),  (321,5),  (322,0),  (266,0),  (208,4),  (179,4),  (178,6),  (176,2),  (175,6),  (200,6),  (228,6),  (283,6),  (337,1),  (392,1),  (477,1),  (505,1), 


[Timing] Time passed: 160.722236 s

Posterior Probability: -400.4141634
Agreement with demo: 11%
Current angular diffs: 94'

Selected number of demos: 24

-- Positive Demos --
 (138,7),  (195,1),  (305,6),  (386,6),  (467,6),  (521,2),  (466,5),  (466,0),  (433,0),  (322,0),  (238,4),  (150,6),  (177,2),  (176,2),  (200,2),  (228,6),  (310,1),  (421,1),  (477,1),  (505,1), 


[Timing] Time passed: 152.809417 s

Posterior Probability: -175.1455426
Agreement with demo: 9.6%
Current angular diffs: 92'

Selected number of demos: 76

-- Positive Demos --
 (81,3),  (110,1),  (138,1),  (138,7),  (167,1),  (195,1),  (221,6),  (250,1),  (278,1),  (305,6),  (333,6),  (332,6),  (358,6),  (386,6),  (413,6),  (412,6),  (440,6),  (467,6),  (495,6),  (522,2),  (522,6),  (521,2),  (519,4),  (466,5),  (466,0),  (465,6),  (463,2),  (462,2),  (461,4),  (461,0),  (433,0),  (404,0),  (377,0),  (348,0),  (348,5),  (321,5),  (322,0),  (294,0),  (266,0),  (238,4),  (208,4),  (207,4),  (179,4),  (150,6),  (178,6),  (177,2),  (176,2),  (175,6),  (200,2),  (200,6),  (228,6),  (256,6),  (283,6),  (282,1),  (310,1),  (337,1),  (366,1),  (392,1),  (421,1),  (477,1),  (505,1), 


[Timing] Time passed: 155.689259 s

Posterior Probability: -446.9690057
Agreement with demo: 14%
Current angular diffs: 87'

Selected number of demos: 23

-- Positive Demos --
 (138,7),  (221,6),  (333,6),  (358,6),  (413,6),  (495,6),  (521,2),  (466,0),  (463,2),  (461,4),  (348,0),  (322,0),  (266,0),  (238,4),  (179,4),  (177,2),  (200,2),  (228,6),  (282,1),  (337,1),  (421,1),  (505,1), 


[Timing] Time passed: 154.096159 s

Posterior Probability: -262.7038321
Agreement with demo: 10%
Current angular diffs: 95'

Selected number of demos: 49

-- Positive Demos --
 (81,3),  (110,1),  (138,1),  (167,1),  (195,1),  (250,1),  (278,1),  (305,6),  (333,6),  (332,6),  (386,6),  (412,6),  (440,6),  (467,6),  (495,6),  (522,2),  (521,2),  (519,4),  (466,0),  (463,2),  (462,2),  (461,0),  (433,0),  (404,0),  (377,0),  (348,5),  (322,0),  (294,0),  (266,0),  (238,4),  (208,4),  (207,4),  (150,6),  (178,6),  (176,2),  (175,6),  (200,2),  (228,6),  (256,6),  (282,1),  (337,1),  (366,1),  (392,1),  (421,1),  (477,1),  (505,1), 


[Timing] Time passed: 146.465588 s

Posterior Probability: -495.4522491
Agreement with demo: 13%
Current angular diffs: 98'

Selected number of demos: 51

-- Positive Demos --
 (81,3),  (110,1),  (138,7),  (195,1),  (250,1),  (305,6),  (333,6),  (332,6),  (358,6),  (386,6),  (413,6),  (412,6),  (440,6),  (467,6),  (495,6),  (522,6),  (521,2),  (466,5),  (465,6),  (462,2),  (461,0),  (404,0),  (348,0),  (348,5),  (321,5),  (322,0),  (266,0),  (238,4),  (208,4),  (207,4),  (179,4),  (150,6),  (177,2),  (176,2),  (175,6),  (200,2),  (200,6),  (228,6),  (256,6),  (283,6),  (310,1),  (337,1),  (366,1),  (421,1),  (477,1),  (505,1), 


[Timing] Time passed: 147.136771 s

Posterior Probability: -380.7423592
Agreement with demo: 9.6%
Current angular diffs: 91'

Selected number of demos: 49

-- Positive Demos --
 (81,3),  (110,1),  (138,1),  (167,1),  (195,1),  (250,1),  (305,6),  (332,6),  (386,6),  (413,6),  (440,6),  (467,6),  (495,6),  (522,2),  (521,2),  (466,5),  (466,0),  (465,6),  (462,2),  (461,4),  (433,0),  (404,0),  (348,0),  (348,5),  (321,5),  (322,0),  (294,0),  (266,0),  (238,4),  (208,4),  (179,4),  (150,6),  (177,2),  (176,2),  (175,6),  (200,6),  (228,6),  (283,6),  (282,1),  (310,1),  (366,1),  (392,1),  (477,1),  (505,1), 


[Timing] Time passed: 145.793166 s

Posterior Probability: -102.5952876
Agreement with demo: 17%
Current angular diffs: 91'

Selected number of demos: 27

-- Positive Demos --
 (110,1),  (167,1),  (221,6),  (278,1),  (305,6),  (332,6),  (358,6),  (440,6),  (522,6),  (519,4),  (463,2),  (461,4),  (461,0),  (348,5),  (322,0),  (266,0),  (208,4),  (179,4),  (176,2),  (175,6),  (200,2),  (283,6),  (366,1),  (392,1),  (505,1), 


[Timing] Time passed: 145.011406 s

Posterior Probability: -242.872697
Agreement with demo: 17%
Current angular diffs: 92'

Selected number of demos: 30

-- Positive Demos --
 (138,1),  (195,1),  (221,6),  (305,6),  (332,6),  (386,6),  (440,6),  (495,6),  (521,2),  (466,5),  (466,0),  (465,6),  (462,2),  (433,0),  (348,5),  (322,0),  (266,0),  (208,4),  (207,4),  (150,6),  (178,6),  (176,2),  (175,6),  (200,2),  (228,6),  (283,6),  (310,1),  (421,1),  (505,1), 


[Timing] Time passed: 142.471801 s

Posterior Probability: -111.944205
Agreement with demo: 15%
Current angular diffs: 85'

Selected number of demos: 76

-- Positive Demos --
 (81,3),  (110,1),  (138,1),  (138,7),  (167,1),  (195,1),  (221,6),  (250,1),  (278,1),  (305,6),  (333,6),  (332,6),  (358,6),  (386,6),  (413,6),  (412,6),  (440,6),  (467,6),  (495,6),  (522,2),  (522,6),  (521,2),  (519,4),  (466,5),  (466,0),  (465,6),  (463,2),  (462,2),  (461,4),  (461,0),  (433,0),  (404,0),  (377,0),  (348,0),  (348,5),  (321,5),  (322,0),  (294,0),  (266,0),  (238,4),  (208,4),  (207,4),  (179,4),  (150,6),  (178,6),  (177,2),  (176,2),  (175,6),  (200,2),  (200,6),  (228,6),  (256,6),  (283,6),  (282,1),  (310,1),  (337,1),  (366,1),  (392,1),  (421,1),  (477,1),  (505,1), 


[Timing] Time passed: 139.83727 s

Posterior Probability: -763.6057591
Agreement with demo: 11%
Current angular diffs: 96'

Selected number of demos: 25

-- Positive Demos --
 (110,1),  (138,7),  (221,6),  (250,1),  (332,6),  (412,6),  (495,6),  (521,2),  (466,0),  (465,6),  (433,0),  (348,0),  (321,5),  (266,0),  (208,4),  (207,4),  (150,6),  (176,2),  (228,6),  (256,6),  (282,1),  (392,1),  (505,1), 


[Timing] Time passed: 137.494023 s

Posterior Probability: -133.9911732
Agreement with demo: 14%
Current angular diffs: 84'

Selected number of demos: 53

-- Positive Demos --
 (81,3),  (110,1),  (138,7),  (167,1),  (221,6),  (278,1),  (305,6),  (333,6),  (332,6),  (386,6),  (412,6),  (467,6),  (495,6),  (522,2),  (521,2),  (519,4),  (466,0),  (465,6),  (462,2),  (461,4),  (461,0),  (433,0),  (404,0),  (348,0),  (348,5),  (322,0),  (294,0),  (266,0),  (238,4),  (208,4),  (207,4),  (179,4),  (150,6),  (178,6),  (176,2),  (175,6),  (200,2),  (200,6),  (228,6),  (283,6),  (282,1),  (337,1),  (366,1),  (421,1),  (477,1),  (505,1), 


[Timing] Time passed: 138.814392 s

Posterior Probability: -310.895976
Agreement with demo: 8%
Current angular diffs: 99'

Selected number of demos: 23

-- Positive Demos --
 (110,1),  (167,1),  (195,1),  (221,6),  (333,6),  (386,6),  (413,6),  (440,6),  (522,2),  (466,5),  (463,2),  (433,0),  (377,0),  (348,5),  (266,0),  (208,4),  (150,6),  (177,2),  (200,2),  (283,6),  (366,1),  (477,1),  (505,1), 


[Timing] Time passed: 139.258462 s

Posterior Probability: -214.1855484
Agreement with demo: 14%
Current angular diffs: 88'

Selected number of demos: 29

-- Positive Demos --
 (110,1),  (138,1),  (221,6),  (305,6),  (332,6),  (386,6),  (440,6),  (495,6),  (522,2),  (521,2),  (466,5),  (465,6),  (461,0),  (377,0),  (348,0),  (348,5),  (294,0),  (266,0),  (208,4),  (179,4),  (150,6),  (177,2),  (176,2),  (200,2),  (228,6),  (283,6),  (366,1),  (392,1),  (477,1), 


[Timing] Time passed: 143.34116 s

Posterior Probability: -134.7809035
Agreement with demo: 19%
Current angular diffs: 87'

Selected number of demos: 76

-- Positive Demos --
 (81,3),  (110,1),  (138,1),  (138,7),  (167,1),  (195,1),  (221,6),  (250,1),  (278,1),  (305,6),  (333,6),  (332,6),  (358,6),  (386,6),  (413,6),  (412,6),  (440,6),  (467,6),  (495,6),  (522,2),  (522,6),  (521,2),  (519,4),  (466,5),  (466,0),  (465,6),  (463,2),  (462,2),  (461,4),  (461,0),  (433,0),  (404,0),  (377,0),  (348,0),  (348,5),  (321,5),  (322,0),  (294,0),  (266,0),  (238,4),  (208,4),  (207,4),  (179,4),  (150,6),  (178,6),  (177,2),  (176,2),  (175,6),  (200,2),  (200,6),  (228,6),  (256,6),  (283,6),  (282,1),  (310,1),  (337,1),  (366,1),  (392,1),  (421,1),  (477,1),  (505,1), 


[Timing] Time passed: 142.751781 s

Posterior Probability: -460.1434353
Agreement with demo: 14%
Current angular diffs: 97'

Selected number of demos: 37

-- Positive Demos --
 (81,3),  (110,1),  (167,1),  (195,1),  (278,1),  (305,6),  (333,6),  (332,6),  (358,6),  (413,6),  (440,6),  (495,6),  (522,6),  (519,4),  (466,0),  (463,2),  (462,2),  (433,0),  (348,0),  (321,5),  (322,0),  (266,0),  (238,4),  (208,4),  (207,4),  (150,6),  (178,6),  (177,2),  (176,2),  (200,2),  (228,6),  (283,6),  (337,1),  (421,1),  (505,1), 


[Timing] Time passed: 143.455529 s

Posterior Probability: -208.940294
Agreement with demo: 14%
Current angular diffs: 90'

Selected number of demos: 51

-- Positive Demos --
 (110,1),  (138,1),  (167,1),  (195,1),  (221,6),  (250,1),  (278,1),  (305,6),  (333,6),  (332,6),  (386,6),  (413,6),  (440,6),  (495,6),  (522,2),  (522,6),  (521,2),  (519,4),  (466,5),  (466,0),  (465,6),  (462,2),  (461,4),  (433,0),  (377,0),  (348,5),  (322,0),  (294,0),  (266,0),  (238,4),  (208,4),  (207,4),  (150,6),  (178,6),  (176,2),  (175,6),  (200,2),  (228,6),  (256,6),  (283,6),  (282,1),  (310,1),  (337,1),  (392,1),  (421,1),  (477,1),  (505,1), 


[Timing] Time passed: 145.538509 s

Posterior Probability: -460.8191568
Agreement with demo: 12%
Current angular diffs: 91'

Selected number of demos: 33

-- Positive Demos --
 (81,3),  (138,1),  (138,7),  (195,1),  (221,6),  (278,1),  (305,6),  (332,6),  (358,6),  (386,6),  (440,6),  (495,6),  (522,6),  (521,2),  (465,6),  (461,4),  (461,0),  (433,0),  (404,0),  (321,5),  (322,0),  (266,0),  (238,4),  (208,4),  (179,4),  (177,2),  (175,6),  (228,6),  (310,1),  (392,1),  (421,1),  (477,1), 


[Timing] Time passed: 141.76467 s

Posterior Probability: -212.7069614
Agreement with demo: 16%
Current angular diffs: 89'

Selected number of demos: 20

-- Positive Demos --
 (138,1),  (221,6),  (305,6),  (386,6),  (440,6),  (522,2),  (466,5),  (465,6),  (462,2),  (404,0),  (321,5),  (266,0),  (208,4),  (207,4),  (150,6),  (175,6),  (228,6),  (310,1),  (477,1), 


[Timing] Time passed: 139.507091 s

Posterior Probability: -120.1145565
Agreement with demo: 15%
Current angular diffs: 95'

Selected number of demos: 26

-- Positive Demos --
 (81,3),  (138,1),  (221,6),  (305,6),  (358,6),  (413,6),  (495,6),  (522,2),  (522,6),  (466,5),  (462,2),  (433,0),  (377,0),  (348,5),  (322,0),  (266,0),  (208,4),  (150,6),  (177,2),  (176,2),  (175,6),  (200,6),  (283,6),  (337,1),  (392,1),  (477,1), 


[Timing] Time passed: 139.601104 s

Posterior Probability: -241.9833203
Agreement with demo: 15%
Current angular diffs: 87'

Selected number of demos: 32

-- Positive Demos --
 (81,3),  (138,1),  (138,7),  (195,1),  (278,1),  (305,6),  (358,6),  (386,6),  (413,6),  (440,6),  (522,2),  (521,2),  (519,4),  (466,0),  (461,4),  (461,0),  (404,0),  (321,5),  (322,0),  (266,0),  (238,4),  (179,4),  (150,6),  (176,2),  (200,2),  (228,6),  (282,1),  (310,1),  (366,1),  (392,1),  (477,1), 


[Timing] Time passed: 135.698801 s

Posterior Probability: -209.7653278
Agreement with demo: 10%
Current angular diffs: 99'

Selected number of demos: 50

-- Positive Demos --
 (110,1),  (138,7),  (195,1),  (221,6),  (250,1),  (278,1),  (305,6),  (333,6),  (332,6),  (386,6),  (413,6),  (412,6),  (440,6),  (495,6),  (522,6),  (521,2),  (466,5),  (465,6),  (463,2),  (461,4),  (461,0),  (404,0),  (348,0),  (348,5),  (321,5),  (322,0),  (294,0),  (266,0),  (238,4),  (208,4),  (179,4),  (150,6),  (178,6),  (176,2),  (175,6),  (200,2),  (228,6),  (256,6),  (282,1),  (337,1),  (366,1),  (421,1),  (477,1),  (505,1), 


[Timing] Time passed: 132.770586 s

Posterior Probability: -599.3481953
Agreement with demo: 14%
Current angular diffs: 92'

Selected number of demos: 23

-- Positive Demos --
 (138,1),  (195,1),  (221,6),  (305,6),  (333,6),  (358,6),  (386,6),  (467,6),  (495,6),  (522,2),  (466,0),  (465,6),  (461,0),  (348,5),  (321,5),  (238,4),  (208,4),  (178,6),  (200,2),  (282,1),  (337,1),  (477,1),  (505,1), 


[Timing] Time passed: 131.775771 s

Posterior Probability: -221.3787743
Agreement with demo: 15%
Current angular diffs: 84'

Selected number of demos: 36

-- Positive Demos --
 (110,1),  (167,1),  (221,6),  (250,1),  (305,6),  (358,6),  (413,6),  (440,6),  (495,6),  (522,6),  (519,4),  (466,0),  (465,6),  (461,4),  (461,0),  (404,0),  (377,0),  (348,5),  (322,0),  (294,0),  (266,0),  (238,4),  (208,4),  (179,4),  (178,6),  (176,2),  (200,2),  (200,6),  (228,6),  (256,6),  (310,1),  (366,1),  (477,1),  (505,1), 


[Timing] Time passed: 136.987848 s

Posterior Probability: -228.3034988
Agreement with demo: 18%
Current angular diffs: 90'

Selected number of demos: 49

-- Positive Demos --
 (110,1),  (138,1),  (138,7),  (195,1),  (250,1),  (305,6),  (333,6),  (332,6),  (386,6),  (413,6),  (412,6),  (440,6),  (495,6),  (522,2),  (522,6),  (521,2),  (466,5),  (465,6),  (462,2),  (461,0),  (404,0),  (377,0),  (348,0),  (321,5),  (322,0),  (266,0),  (238,4),  (208,4),  (179,4),  (150,6),  (178,6),  (176,2),  (175,6),  (200,2),  (228,6),  (256,6),  (282,1),  (310,1),  (337,1),  (366,1),  (392,1),  (421,1),  (477,1),  (505,1), 


[Timing] Time passed: 129.247418 s

Posterior Probability: -164.9905999
Agreement with demo: 15%
Current angular diffs: 91'

Selected number of demos: 76

-- Positive Demos --
 (81,3),  (110,1),  (138,1),  (138,7),  (167,1),  (195,1),  (221,6),  (250,1),  (278,1),  (305,6),  (333,6),  (332,6),  (358,6),  (386,6),  (413,6),  (412,6),  (440,6),  (467,6),  (495,6),  (522,2),  (522,6),  (521,2),  (519,4),  (466,5),  (466,0),  (465,6),  (463,2),  (462,2),  (461,4),  (461,0),  (433,0),  (404,0),  (377,0),  (348,0),  (348,5),  (321,5),  (322,0),  (294,0),  (266,0),  (238,4),  (208,4),  (207,4),  (179,4),  (150,6),  (178,6),  (177,2),  (176,2),  (175,6),  (200,2),  (200,6),  (228,6),  (256,6),  (283,6),  (282,1),  (310,1),  (337,1),  (366,1),  (392,1),  (421,1),  (477,1),  (505,1), 


[Timing] Time passed: 129.296698 s

Posterior Probability: -632.075043
Agreement with demo: 12%
Current angular diffs: 86'

Selected number of demos: 37

-- Positive Demos --
 (110,1),  (138,1),  (138,7),  (195,1),  (250,1),  (305,6),  (332,6),  (386,6),  (413,6),  (440,6),  (495,6),  (522,6),  (521,2),  (519,4),  (465,6),  (462,2),  (461,0),  (377,0),  (348,5),  (321,5),  (322,0),  (294,0),  (238,4),  (208,4),  (179,4),  (178,6),  (176,2),  (175,6),  (200,6),  (228,6),  (256,6),  (310,1),  (392,1),  (477,1),  (505,1), 


[Timing] Time passed: 133.385905 s

Posterior Probability: -124.6520943
Agreement with demo: 10%
Current angular diffs: 91'

Selected number of demos: 76

-- Positive Demos --
 (81,3),  (110,1),  (138,1),  (138,7),  (167,1),  (195,1),  (221,6),  (250,1),  (278,1),  (305,6),  (333,6),  (332,6),  (358,6),  (386,6),  (413,6),  (412,6),  (440,6),  (467,6),  (495,6),  (522,2),  (522,6),  (521,2),  (519,4),  (466,5),  (466,0),  (465,6),  (463,2),  (462,2),  (461,4),  (461,0),  (433,0),  (404,0),  (377,0),  (348,0),  (348,5),  (321,5),  (322,0),  (294,0),  (266,0),  (238,4),  (208,4),  (207,4),  (179,4),  (150,6),  (178,6),  (177,2),  (176,2),  (175,6),  (200,2),  (200,6),  (228,6),  (256,6),  (283,6),  (282,1),  (310,1),  (337,1),  (366,1),  (392,1),  (421,1),  (477,1),  (505,1), 


[Timing] Time passed: 139.57888 s

Posterior Probability: -425.1790494
Agreement with demo: 8%
Current angular diffs: 97'

Selected number of demos: 27

-- Positive Demos --
 (138,1),  (167,1),  (221,6),  (250,1),  (358,6),  (386,6),  (413,6),  (412,6),  (440,6),  (495,6),  (522,2),  (519,4),  (466,5),  (466,0),  (462,2),  (348,0),  (321,5),  (322,0),  (266,0),  (208,4),  (150,6),  (176,2),  (175,6),  (228,6),  (283,6),  (366,1),  (421,1), 


[Timing] Time passed: 141.821247 s

Posterior Probability: -376.0505798
Agreement with demo: 12%
Current angular diffs: 91'

Selected number of demos: 38

-- Positive Demos --
 (81,3),  (110,1),  (138,1),  (167,1),  (195,1),  (278,1),  (305,6),  (358,6),  (413,6),  (467,6),  (495,6),  (522,6),  (519,4),  (466,5),  (463,2),  (461,4),  (461,0),  (433,0),  (348,0),  (348,5),  (322,0),  (266,0),  (238,4),  (208,4),  (150,6),  (177,2),  (176,2),  (200,2),  (228,6),  (256,6),  (283,6),  (310,1),  (366,1),  (392,1),  (477,1), 


[Timing] Time passed: 150.024606 s

Posterior Probability: -237.2677671
Agreement with demo: 17%
Current angular diffs: 91'

Selected number of demos: 31

-- Positive Demos --
 (110,1),  (167,1),  (195,1),  (250,1),  (305,6),  (333,6),  (358,6),  (386,6),  (412,6),  (440,6),  (495,6),  (522,2),  (521,2),  (519,4),  (463,2),  (433,0),  (348,0),  (322,0),  (294,0),  (238,4),  (207,4),  (178,6),  (176,2),  (175,6),  (200,2),  (228,6),  (283,6),  (337,1),  (477,1),  (505,1), 


[Timing] Time passed: 136.584351 s

Posterior Probability: -270.7510522
Agreement with demo: 7.2%
Current angular diffs: 1e+02'

Selected number of demos: 37

-- Positive Demos --
 (110,1),  (138,1),  (167,1),  (221,6),  (305,6),  (332,6),  (358,6),  (413,6),  (412,6),  (495,6),  (522,6),  (521,2),  (466,5),  (466,0),  (463,2),  (461,0),  (433,0),  (348,0),  (322,0),  (266,0),  (238,4),  (208,4),  (150,6),  (178,6),  (176,2),  (175,6),  (200,2),  (200,6),  (228,6),  (256,6),  (283,6),  (337,1),  (392,1),  (477,1),  (505,1), 


[Timing] Time passed: 139.737473 s

Posterior Probability: -334.0980664
Agreement with demo: 14%
Current angular diffs: 90'

Selected number of demos: 29

-- Positive Demos --
 (110,1),  (138,1),  (195,1),  (250,1),  (305,6),  (333,6),  (386,6),  (440,6),  (495,6),  (522,2),  (519,4),  (463,2),  (462,2),  (433,0),  (348,0),  (322,0),  (266,0),  (208,4),  (207,4),  (178,6),  (176,2),  (175,6),  (200,6),  (283,6),  (337,1),  (366,1),  (477,1), 


[Timing] Time passed: 141.515075 s

Posterior Probability: -385.9364985
Agreement with demo: 16%
Current angular diffs: 85'

Selected number of demos: 22

-- Positive Demos --
 (110,1),  (138,7),  (167,1),  (305,6),  (333,6),  (332,6),  (386,6),  (495,6),  (522,6),  (466,0),  (463,2),  (404,0),  (322,0),  (238,4),  (208,4),  (150,6),  (176,2),  (200,2),  (256,6),  (282,1),  (366,1),  (477,1), 


[Timing] Time passed: 143.102921 s

Posterior Probability: -114.7467685
Agreement with demo: 11%
Current angular diffs: 95'

Selected number of demos: 22

-- Positive Demos --
 (110,1),  (195,1),  (305,6),  (386,6),  (495,6),  (521,2),  (466,5),  (461,0),  (433,0),  (348,0),  (266,0),  (208,4),  (207,4),  (176,2),  (175,6),  (228,6),  (283,6),  (282,1),  (392,1),  (477,1),  (505,1), 


[Timing] Time passed: 142.664008 s

Posterior Probability: -156.4702587
Agreement with demo: 13%
Current angular diffs: 92'

Selected number of demos: 22

-- Positive Demos --
 (138,1),  (221,6),  (305,6),  (333,6),  (386,6),  (495,6),  (522,2),  (521,2),  (466,0),  (465,6),  (404,0),  (322,0),  (238,4),  (208,4),  (177,2),  (176,2),  (228,6),  (283,6),  (282,1),  (366,1),  (392,1),  (505,1), 


[Timing] Time passed: 139.088466 s

Posterior Probability: -64.90707042
Agreement with demo: 15%
Current angular diffs: 96'

Selected number of demos: 22

-- Positive Demos --
 (110,1),  (195,1),  (305,6),  (386,6),  (412,6),  (495,6),  (521,2),  (463,2),  (461,4),  (348,0),  (294,0),  (266,0),  (207,4),  (179,4),  (178,6),  (177,2),  (200,2),  (256,6),  (337,1),  (421,1),  (505,1), 


[Timing] Time passed: 136.574726 s

Posterior Probability: -68.93952115
Agreement with demo: 19%
Current angular diffs: 84'

Selected number of demos: 21

-- Positive Demos --
 (110,1),  (167,1),  (250,1),  (305,6),  (332,6),  (386,6),  (440,6),  (522,6),  (521,2),  (463,2),  (404,0),  (322,0),  (266,0),  (207,4),  (177,2),  (175,6),  (200,2),  (200,6),  (256,6),  (366,1),  (477,1), 


[Timing] Time passed: 138.022916 s

Posterior Probability: -79.86103108
Agreement with demo: 14%
Current angular diffs: 1e+02'

Selected number of demos: 76

-- Positive Demos --
 (81,3),  (110,1),  (138,1),  (138,7),  (167,1),  (195,1),  (221,6),  (250,1),  (278,1),  (305,6),  (333,6),  (332,6),  (358,6),  (386,6),  (413,6),  (412,6),  (440,6),  (467,6),  (495,6),  (522,2),  (522,6),  (521,2),  (519,4),  (466,5),  (466,0),  (465,6),  (463,2),  (462,2),  (461,4),  (461,0),  (433,0),  (404,0),  (377,0),  (348,0),  (348,5),  (321,5),  (322,0),  (294,0),  (266,0),  (238,4),  (208,4),  (207,4),  (179,4),  (150,6),  (178,6),  (177,2),  (176,2),  (175,6),  (200,2),  (200,6),  (228,6),  (256,6),  (283,6),  (282,1),  (310,1),  (337,1),  (366,1),  (392,1),  (421,1),  (477,1),  (505,1), 


[Timing] Time passed: 137.042468 s

Posterior Probability: -515.7255187
Agreement with demo: 10%
Current angular diffs: 95'

Selected number of demos: 76

-- Positive Demos --
 (81,3),  (110,1),  (138,1),  (138,7),  (167,1),  (195,1),  (221,6),  (250,1),  (278,1),  (305,6),  (333,6),  (332,6),  (358,6),  (386,6),  (413,6),  (412,6),  (440,6),  (467,6),  (495,6),  (522,2),  (522,6),  (521,2),  (519,4),  (466,5),  (466,0),  (465,6),  (463,2),  (462,2),  (461,4),  (461,0),  (433,0),  (404,0),  (377,0),  (348,0),  (348,5),  (321,5),  (322,0),  (294,0),  (266,0),  (238,4),  (208,4),  (207,4),  (179,4),  (150,6),  (178,6),  (177,2),  (176,2),  (175,6),  (200,2),  (200,6),  (228,6),  (256,6),  (283,6),  (282,1),  (310,1),  (337,1),  (366,1),  (392,1),  (421,1),  (477,1),  (505,1), 


[Timing] Time passed: 142.04506 s

Posterior Probability: -849.7137936
Agreement with demo: 15%
Current angular diffs: 83'

Selected number of demos: 26

-- Positive Demos --
 (110,1),  (138,7),  (167,1),  (278,1),  (332,6),  (413,6),  (467,6),  (495,6),  (521,2),  (466,0),  (461,4),  (461,0),  (377,0),  (348,5),  (294,0),  (238,4),  (208,4),  (150,6),  (178,6),  (176,2),  (200,6),  (283,6),  (366,1),  (477,1), 


[Timing] Time passed: 138.0459 s

Posterior Probability: -147.8163771
Agreement with demo: 16%
Current angular diffs: 95'

Selected number of demos: 76

-- Positive Demos --
 (81,3),  (110,1),  (138,1),  (138,7),  (167,1),  (195,1),  (221,6),  (250,1),  (278,1),  (305,6),  (333,6),  (332,6),  (358,6),  (386,6),  (413,6),  (412,6),  (440,6),  (467,6),  (495,6),  (522,2),  (522,6),  (521,2),  (519,4),  (466,5),  (466,0),  (465,6),  (463,2),  (462,2),  (461,4),  (461,0),  (433,0),  (404,0),  (377,0),  (348,0),  (348,5),  (321,5),  (322,0),  (294,0),  (266,0),  (238,4),  (208,4),  (207,4),  (179,4),  (150,6),  (178,6),  (177,2),  (176,2),  (175,6),  (200,2),  (200,6),  (228,6),  (256,6),  (283,6),  (282,1),  (310,1),  (337,1),  (366,1),  (392,1),  (421,1),  (477,1),  (505,1), 


[Timing] Time passed: 147.366885 s

Posterior Probability: -251.3245239
Agreement with demo: 8%
Current angular diffs: 1.1e+02'

Selected number of demos: 25

-- Positive Demos --
 (110,1),  (221,6),  (305,6),  (332,6),  (358,6),  (412,6),  (495,6),  (521,2),  (466,5),  (461,4),  (433,0),  (377,0),  (321,5),  (266,0),  (238,4),  (150,6),  (177,2),  (175,6),  (200,6),  (283,6),  (337,1),  (421,1),  (477,1),  (505,1), 


[Timing] Time passed: 145.094654 s

Posterior Probability: -290.4424148
Agreement with demo: 14%
Current angular diffs: 96'

Selected number of demos: 22

-- Positive Demos --
 (81,3),  (110,1),  (195,1),  (305,6),  (332,6),  (413,6),  (495,6),  (519,4),  (462,2),  (433,0),  (377,0),  (322,0),  (238,4),  (179,4),  (176,2),  (200,2),  (200,6),  (228,6),  (283,6),  (392,1),  (505,1), 


[Timing] Time passed: 142.037729 s

Posterior Probability: -204.8378926
Agreement with demo: 8%
Current angular diffs: 99'

Selected number of demos: 76

-- Positive Demos --
 (81,3),  (110,1),  (138,1),  (138,7),  (167,1),  (195,1),  (221,6),  (250,1),  (278,1),  (305,6),  (333,6),  (332,6),  (358,6),  (386,6),  (413,6),  (412,6),  (440,6),  (467,6),  (495,6),  (522,2),  (522,6),  (521,2),  (519,4),  (466,5),  (466,0),  (465,6),  (463,2),  (462,2),  (461,4),  (461,0),  (433,0),  (404,0),  (377,0),  (348,0),  (348,5),  (321,5),  (322,0),  (294,0),  (266,0),  (238,4),  (208,4),  (207,4),  (179,4),  (150,6),  (178,6),  (177,2),  (176,2),  (175,6),  (200,2),  (200,6),  (228,6),  (256,6),  (283,6),  (282,1),  (310,1),  (337,1),  (366,1),  (392,1),  (421,1),  (477,1),  (505,1), 


[Timing] Time passed: 135.926757 s

Posterior Probability: -542.2380909
Agreement with demo: 10%
Current angular diffs: 93'

-----------------------------
Avg angular diffs: 83'
-- learned weights --
Feature Weights: -0.3495, 0.8495, 0.781, -0.1, 
