loading features...

Initializing gridworld of size 28 by 22..
    Num states: 616
    Num actions: 8

Total number of demos: 93

Selected number of demos: 65

-- Positive Demos --
 (53,4),  (109,3),  (110,1),  (138,1),  (194,1),  (221,1),  (250,6),  (277,6),  (304,6),  (304,2),  (303,6),  (330,6),  (357,6),  (386,1),  (386,7),  (413,7),  (442,1),  (470,1),  (527,1),  (527,6),  (553,2),  (552,6),  (551,6),  (578,2),  (577,2),  (546,0),  (492,0),  (464,5),  (437,5),  (408,0),  (381,0),  (326,0),  (270,0),  (213,0),  (212,4),  (184,4),  (156,0),  (127,4),  (98,4),  (69,4),  (40,2),  (39,2),  (38,4),  (38,2),  (37,6),  (65,2),  (64,2),  (90,6),  (118,6),  (144,6),  (171,1),  (198,1),  (227,7),  (255,1),  (284,1),  (312,6),  (311,2),  (366,1),  (392,1),  (449,1),  (477,1), 


[Timing] Time passed: 162.780889 s

Posterior Probability: -871.4624011
Agreement with demo: 13%
Current angular diffs: 92'

Selected number of demos: 34

-- Positive Demos --
 (110,1),  (221,1),  (304,6),  (304,2),  (330,6),  (386,7),  (470,1),  (527,1),  (553,2),  (579,2),  (578,2),  (520,0),  (464,5),  (381,0),  (352,0),  (270,0),  (213,0),  (212,4),  (184,4),  (127,4),  (40,2),  (39,2),  (38,4),  (38,2),  (37,6),  (65,2),  (90,6),  (144,6),  (198,1),  (283,1),  (312,2),  (366,1),  (421,1), 


[Timing] Time passed: 128.750983 s

Posterior Probability: -1352.373165
Agreement with demo: 4.7%
Current angular diffs: 84'

Selected number of demos: 36

-- Positive Demos --
 (110,1),  (138,1),  (250,6),  (277,6),  (304,2),  (330,6),  (386,1),  (386,7),  (498,1),  (527,1),  (553,2),  (579,2),  (577,2),  (520,0),  (492,0),  (437,5),  (352,0),  (270,0),  (185,4),  (156,0),  (127,4),  (69,4),  (40,2),  (38,4),  (36,6),  (65,2),  (63,6),  (144,6),  (143,6),  (171,1),  (255,1),  (312,2),  (393,6),  (449,1), 


[Timing] Time passed: 114.579824 s

Posterior Probability: -330.7919934
Agreement with demo: 3.9%
Current angular diffs: 89'

Selected number of demos: 40

-- Positive Demos --
 (109,7),  (166,1),  (250,6),  (305,6),  (304,2),  (330,6),  (357,6),  (413,7),  (498,1),  (554,2),  (553,2),  (552,6),  (551,6),  (578,2),  (546,0),  (520,0),  (437,5),  (381,0),  (352,0),  (326,0),  (298,0),  (242,0),  (212,4),  (184,4),  (127,4),  (98,4),  (39,2),  (38,2),  (65,2),  (90,6),  (117,2),  (171,1),  (227,7),  (255,1),  (284,1),  (312,2),  (311,2),  (393,6),  (421,1),  (477,1), 


[Timing] Time passed: 126.399796 s

Posterior Probability: -1821.893605
Agreement with demo: 7.9%
Current angular diffs: 97'

Selected number of demos: 23

-- Positive Demos --
 (166,1),  (250,6),  (303,6),  (413,7),  (527,6),  (553,2),  (578,2),  (577,2),  (492,0),  (352,0),  (270,0),  (184,4),  (127,4),  (98,4),  (38,2),  (37,6),  (118,6),  (143,6),  (198,1),  (284,1),  (311,6),  (449,1), 


[Timing] Time passed: 109.183763 s

Posterior Probability: -234.1936499
Agreement with demo: 10%
Current angular diffs: 91'

Selected number of demos: 42

-- Positive Demos --
 (109,3),  (110,1),  (166,1),  (221,1),  (250,6),  (304,6),  (304,2),  (330,6),  (386,7),  (470,1),  (527,1),  (553,2),  (552,6),  (579,2),  (578,2),  (577,2),  (546,0),  (520,0),  (437,5),  (408,5),  (408,0),  (352,0),  (326,0),  (242,0),  (213,0),  (184,4),  (127,4),  (98,4),  (40,2),  (39,2),  (37,6),  (65,2),  (90,6),  (144,6),  (171,1),  (198,1),  (255,1),  (312,6),  (311,6),  (392,1),  (449,1), 


[Timing] Time passed: 111.816711 s

Posterior Probability: -365.0740936
Agreement with demo: 8.7%
Current angular diffs: 99'

Selected number of demos: 27

-- Positive Demos --
 (138,1),  (194,1),  (221,1),  (304,2),  (357,6),  (386,7),  (470,1),  (554,2),  (579,2),  (577,2),  (464,5),  (352,0),  (270,0),  (185,4),  (98,4),  (39,2),  (38,2),  (37,6),  (65,2),  (90,6),  (143,6),  (198,1),  (255,1),  (284,1),  (312,2),  (366,1),  (449,1), 


[Timing] Time passed: 108.540674 s

Posterior Probability: -803.9827562
Agreement with demo: 5.5%
Current angular diffs: 96'

Selected number of demos: 93

-- Positive Demos --
 (53,4),  (109,3),  (109,7),  (110,1),  (138,1),  (166,1),  (194,1),  (221,1),  (250,6),  (277,6),  (305,6),  (304,6),  (304,2),  (303,2),  (303,6),  (330,6),  (357,6),  (386,1),  (386,7),  (413,7),  (442,1),  (470,1),  (498,1),  (527,1),  (527,6),  (554,2),  (553,2),  (552,6),  (551,6),  (579,2),  (578,2),  (577,2),  (546,0),  (520,0),  (492,0),  (464,5),  (437,5),  (408,5),  (408,0),  (381,0),  (352,0),  (326,0),  (298,0),  (270,0),  (242,0),  (213,0),  (212,4),  (185,4),  (184,4),  (156,0),  (127,4),  (98,4),  (69,4),  (40,2),  (39,2),  (38,4),  (38,2),  (37,6),  (36,6),  (65,2),  (64,2),  (63,6),  (90,6),  (118,6),  (117,2),  (144,6),  (143,6),  (171,1),  (198,1),  (227,7),  (255,1),  (283,1),  (284,1),  (312,6),  (312,2),  (311,2),  (311,6),  (366,1),  (393,6),  (392,1),  (421,1),  (449,1),  (477,1), 


[Timing] Time passed: 101.676516 s

Posterior Probability: -2668.971626
Agreement with demo: 6.3%
Current angular diffs: 81'

Selected number of demos: 37

-- Positive Demos --
 (53,4),  (109,7),  (194,1),  (250,6),  (305,6),  (304,6),  (304,2),  (303,6),  (386,1),  (413,7),  (527,1),  (553,2),  (552,6),  (551,6),  (578,2),  (520,0),  (408,5),  (381,0),  (352,0),  (270,0),  (212,4),  (185,4),  (127,4),  (98,4),  (39,2),  (38,2),  (64,2),  (90,6),  (144,6),  (198,1),  (227,7),  (284,1),  (312,2),  (366,1),  (393,6),  (421,1), 


[Timing] Time passed: 104.148429 s

Posterior Probability: -710.2502071
Agreement with demo: 4.7%
Current angular diffs: 97'

Selected number of demos: 61

-- Positive Demos --
 (109,3),  (109,7),  (138,1),  (194,1),  (250,6),  (277,6),  (304,6),  (303,2),  (330,6),  (357,6),  (386,1),  (413,7),  (470,1),  (498,1),  (527,6),  (554,2),  (553,2),  (551,6),  (579,2),  (578,2),  (577,2),  (546,0),  (492,0),  (437,5),  (408,5),  (408,0),  (381,0),  (352,0),  (326,0),  (298,0),  (242,0),  (213,0),  (185,4),  (184,4),  (156,0),  (127,4),  (98,4),  (69,4),  (39,2),  (38,4),  (37,6),  (65,2),  (64,2),  (90,6),  (118,6),  (144,6),  (143,6),  (198,1),  (227,7),  (255,1),  (283,1),  (312,6),  (311,2),  (311,6),  (393,6),  (421,1),  (477,1), 


[Timing] Time passed: 104.335533 s

Posterior Probability: -269.5139284
Agreement with demo: 9.4%
Current angular diffs: 98'

Selected number of demos: 47

-- Positive Demos --
 (109,3),  (109,7),  (138,1),  (166,1),  (221,1),  (305,6),  (304,6),  (303,2),  (330,6),  (386,1),  (386,7),  (413,7),  (442,1),  (527,1),  (527,6),  (554,2),  (553,2),  (552,6),  (551,6),  (579,2),  (578,2),  (546,0),  (492,0),  (437,5),  (381,0),  (352,0),  (298,0),  (270,0),  (212,4),  (156,0),  (127,4),  (69,4),  (39,2),  (37,6),  (64,2),  (90,6),  (117,2),  (143,6),  (171,1),  (198,1),  (255,1),  (312,6),  (311,6),  (392,1),  (477,1), 


[Timing] Time passed: 99.531319 s

Posterior Probability: -284.299155
Agreement with demo: 14%
Current angular diffs: 87'

Selected number of demos: 27

-- Positive Demos --
 (109,3),  (194,1),  (277,6),  (304,2),  (330,6),  (386,1),  (470,1),  (498,1),  (553,2),  (552,6),  (577,2),  (464,5),  (352,0),  (242,0),  (212,4),  (127,4),  (98,4),  (39,2),  (38,4),  (64,2),  (117,2),  (171,1),  (227,7),  (312,6),  (312,2),  (393,6), 


[Timing] Time passed: 101.535386 s

Posterior Probability: -214.3302334
Agreement with demo: 8.7%
Current angular diffs: 82'

Selected number of demos: 30

-- Positive Demos --
 (138,1),  (166,1),  (194,1),  (304,6),  (330,6),  (357,6),  (442,1),  (554,2),  (551,6),  (577,2),  (492,0),  (464,5),  (408,0),  (381,0),  (326,0),  (298,0),  (270,0),  (184,4),  (98,4),  (39,2),  (36,6),  (118,6),  (117,2),  (171,1),  (255,1),  (312,2),  (366,1),  (421,1),  (449,1), 


[Timing] Time passed: 105.044035 s

Posterior Probability: -664.3805077
Agreement with demo: 11%
Current angular diffs: 78'

Selected number of demos: 33

-- Positive Demos --
 (110,1),  (138,1),  (166,1),  (194,1),  (277,6),  (304,6),  (304,2),  (330,6),  (386,1),  (413,7),  (470,1),  (554,2),  (551,6),  (578,2),  (546,0),  (437,5),  (352,0),  (270,0),  (242,0),  (212,4),  (184,4),  (98,4),  (40,2),  (38,4),  (65,2),  (64,2),  (117,2),  (171,1),  (255,1),  (312,6),  (311,2),  (392,1), 


[Timing] Time passed: 102.653782 s

Posterior Probability: -933.0266995
Agreement with demo: 7.1%
Current angular diffs: 88'

Selected number of demos: 49

-- Positive Demos --
 (53,4),  (110,1),  (194,1),  (250,6),  (304,6),  (303,6),  (330,6),  (386,1),  (442,1),  (498,1),  (527,1),  (527,6),  (553,2),  (552,6),  (551,6),  (579,2),  (578,2),  (577,2),  (520,0),  (437,5),  (408,5),  (381,0),  (326,0),  (270,0),  (212,4),  (185,4),  (184,4),  (127,4),  (98,4),  (69,4),  (39,2),  (38,2),  (37,6),  (64,2),  (118,6),  (117,2),  (144,6),  (143,6),  (198,1),  (255,1),  (283,1),  (284,1),  (312,2),  (311,2),  (366,1),  (392,1),  (477,1), 


[Timing] Time passed: 104.596013 s

Posterior Probability: -409.6426464
Agreement with demo: 14%
Current angular diffs: 98'

Selected number of demos: 34

-- Positive Demos --
 (109,7),  (166,1),  (277,6),  (304,6),  (330,6),  (386,1),  (413,7),  (442,1),  (527,1),  (527,6),  (553,2),  (552,6),  (578,2),  (546,0),  (492,0),  (408,5),  (381,0),  (326,0),  (242,0),  (185,4),  (184,4),  (98,4),  (40,2),  (39,2),  (37,6),  (63,6),  (90,6),  (144,6),  (198,1),  (283,1),  (312,6),  (311,6),  (393,6),  (392,1), 


[Timing] Time passed: 106.674484 s

Posterior Probability: -304.6990371
Agreement with demo: 13%
Current angular diffs: 80'

Selected number of demos: 35

-- Positive Demos --
 (109,7),  (110,1),  (194,1),  (221,1),  (250,6),  (304,6),  (330,6),  (386,7),  (442,1),  (498,1),  (554,2),  (551,6),  (577,2),  (520,0),  (492,0),  (408,5),  (352,0),  (298,0),  (212,4),  (127,4),  (40,2),  (39,2),  (36,6),  (63,6),  (118,6),  (117,2),  (144,6),  (171,1),  (227,7),  (255,1),  (312,2),  (366,1),  (393,6),  (477,1), 


[Timing] Time passed: 128.595777 s

Posterior Probability: -462.232976
Agreement with demo: 13%
Current angular diffs: 94'

Selected number of demos: 47

-- Positive Demos --
 (109,7),  (138,1),  (166,1),  (194,1),  (221,1),  (277,6),  (304,6),  (303,2),  (330,6),  (386,1),  (442,1),  (527,1),  (554,2),  (553,2),  (579,2),  (578,2),  (546,0),  (464,5),  (408,0),  (326,0),  (298,0),  (213,0),  (212,4),  (184,4),  (156,0),  (127,4),  (98,4),  (69,4),  (40,2),  (39,2),  (38,4),  (37,6),  (65,2),  (64,2),  (63,6),  (90,6),  (144,6),  (198,1),  (255,1),  (284,1),  (311,2),  (311,6),  (392,1),  (477,1), 


[Timing] Time passed: 101.802422 s

Posterior Probability: -94.36013311
Agreement with demo: 9.4%
Current angular diffs: 99'

Selected number of demos: 44

-- Positive Demos --
 (109,3),  (109,7),  (166,1),  (194,1),  (221,1),  (305,6),  (304,2),  (303,6),  (330,6),  (386,1),  (442,1),  (527,1),  (554,2),  (553,2),  (551,6),  (579,2),  (577,2),  (520,0),  (492,0),  (464,5),  (408,0),  (352,0),  (326,0),  (270,0),  (212,4),  (156,0),  (98,4),  (40,2),  (38,4),  (37,6),  (64,2),  (63,6),  (117,2),  (171,1),  (227,7),  (255,1),  (283,1),  (284,1),  (312,2),  (366,1),  (421,1),  (477,1), 


[Timing] Time passed: 93.547934 s

Posterior Probability: -943.2165211
Agreement with demo: 13%
Current angular diffs: 87'

Selected number of demos: 93

-- Positive Demos --
 (53,4),  (109,3),  (109,7),  (110,1),  (138,1),  (166,1),  (194,1),  (221,1),  (250,6),  (277,6),  (305,6),  (304,6),  (304,2),  (303,2),  (303,6),  (330,6),  (357,6),  (386,1),  (386,7),  (413,7),  (442,1),  (470,1),  (498,1),  (527,1),  (527,6),  (554,2),  (553,2),  (552,6),  (551,6),  (579,2),  (578,2),  (577,2),  (546,0),  (520,0),  (492,0),  (464,5),  (437,5),  (408,5),  (408,0),  (381,0),  (352,0),  (326,0),  (298,0),  (270,0),  (242,0),  (213,0),  (212,4),  (185,4),  (184,4),  (156,0),  (127,4),  (98,4),  (69,4),  (40,2),  (39,2),  (38,4),  (38,2),  (37,6),  (36,6),  (65,2),  (64,2),  (63,6),  (90,6),  (118,6),  (117,2),  (144,6),  (143,6),  (171,1),  (198,1),  (227,7),  (255,1),  (283,1),  (284,1),  (312,6),  (312,2),  (311,2),  (311,6),  (366,1),  (393,6),  (392,1),  (421,1),  (449,1),  (477,1), 


[Timing] Time passed: 96.108656 s

Posterior Probability: -516.2193447
Agreement with demo: 11%
Current angular diffs: 80'

Selected number of demos: 29

-- Positive Demos --
 (109,3),  (194,1),  (250,6),  (305,6),  (330,6),  (386,1),  (498,1),  (554,2),  (553,2),  (552,6),  (551,6),  (546,0),  (437,5),  (352,0),  (298,0),  (185,4),  (127,4),  (69,4),  (39,2),  (38,2),  (64,2),  (117,2),  (143,6),  (198,1),  (284,1),  (312,6),  (366,1),  (449,1), 


[Timing] Time passed: 85.092285 s

Posterior Probability: -931.6422242
Agreement with demo: 9.4%
Current angular diffs: 87'

Selected number of demos: 34

-- Positive Demos --
 (138,1),  (166,1),  (221,1),  (304,6),  (303,2),  (330,6),  (386,1),  (386,7),  (413,7),  (470,1),  (527,6),  (553,2),  (551,6),  (579,2),  (546,0),  (464,5),  (408,0),  (326,0),  (242,0),  (213,0),  (184,4),  (98,4),  (38,4),  (65,2),  (90,6),  (117,2),  (198,1),  (255,1),  (283,1),  (311,6),  (393,6),  (449,1),  (477,1), 


[Timing] Time passed: 82.978723 s

Posterior Probability: -144.5653042
Agreement with demo: 13%
Current angular diffs: 84'

Selected number of demos: 61

-- Positive Demos --
 (53,4),  (109,7),  (110,1),  (166,1),  (221,1),  (250,6),  (305,6),  (304,2),  (303,6),  (330,6),  (386,1),  (413,7),  (470,1),  (527,1),  (527,6),  (554,2),  (553,2),  (552,6),  (579,2),  (578,2),  (546,0),  (520,0),  (492,0),  (464,5),  (408,5),  (408,0),  (352,0),  (326,0),  (298,0),  (242,0),  (213,0),  (212,4),  (185,4),  (184,4),  (127,4),  (98,4),  (40,2),  (39,2),  (38,4),  (37,6),  (65,2),  (63,6),  (118,6),  (117,2),  (144,6),  (143,6),  (198,1),  (227,7),  (255,1),  (284,1),  (312,6),  (311,2),  (311,6),  (393,6),  (392,1),  (421,1),  (477,1), 


[Timing] Time passed: 86.482981 s

Posterior Probability: -896.943054
Agreement with demo: 10%
Current angular diffs: 86'

Selected number of demos: 40

-- Positive Demos --
 (53,4),  (110,1),  (194,1),  (250,6),  (304,2),  (303,6),  (386,1),  (442,1),  (527,6),  (553,2),  (551,6),  (578,2),  (546,0),  (520,0),  (464,5),  (408,5),  (352,0),  (326,0),  (270,0),  (242,0),  (184,4),  (156,0),  (127,4),  (98,4),  (69,4),  (39,2),  (36,6),  (63,6),  (117,2),  (171,1),  (198,1),  (255,1),  (284,1),  (311,6),  (421,1),  (477,1), 


[Timing] Time passed: 84.379978 s

Posterior Probability: -90.24857482
Agreement with demo: 13%
Current angular diffs: 99'

Selected number of demos: 27

-- Positive Demos --
 (138,1),  (194,1),  (305,6),  (304,2),  (303,6),  (386,7),  (498,1),  (554,2),  (551,6),  (546,0),  (408,0),  (381,0),  (270,0),  (212,4),  (156,0),  (40,2),  (39,2),  (36,6),  (63,6),  (90,6),  (118,6),  (144,6),  (227,7),  (284,1),  (366,1),  (393,6),  (421,1), 


[Timing] Time passed: 95.426382 s

Posterior Probability: -1402.230381
Agreement with demo: 5.5%
Current angular diffs: 89'

Selected number of demos: 61

-- Positive Demos --
 (109,3),  (110,1),  (166,1),  (194,1),  (221,1),  (277,6),  (304,6),  (303,2),  (330,6),  (386,1),  (413,7),  (442,1),  (498,1),  (527,6),  (554,2),  (553,2),  (552,6),  (551,6),  (578,2),  (577,2),  (546,0),  (520,0),  (492,0),  (437,5),  (408,5),  (381,0),  (352,0),  (326,0),  (270,0),  (242,0),  (213,0),  (212,4),  (184,4),  (127,4),  (98,4),  (40,2),  (39,2),  (38,4),  (37,6),  (36,6),  (64,2),  (63,6),  (90,6),  (118,6),  (117,2),  (144,6),  (171,1),  (198,1),  (255,1),  (284,1),  (312,6),  (311,2),  (311,6),  (393,6),  (392,1),  (449,1), 


[Timing] Time passed: 88.521795 s

Posterior Probability: -155.1517608
Agreement with demo: 7.9%
Current angular diffs: 95'

Selected number of demos: 93

-- Positive Demos --
 (53,4),  (109,3),  (109,7),  (110,1),  (138,1),  (166,1),  (194,1),  (221,1),  (250,6),  (277,6),  (305,6),  (304,6),  (304,2),  (303,2),  (303,6),  (330,6),  (357,6),  (386,1),  (386,7),  (413,7),  (442,1),  (470,1),  (498,1),  (527,1),  (527,6),  (554,2),  (553,2),  (552,6),  (551,6),  (579,2),  (578,2),  (577,2),  (546,0),  (520,0),  (492,0),  (464,5),  (437,5),  (408,5),  (408,0),  (381,0),  (352,0),  (326,0),  (298,0),  (270,0),  (242,0),  (213,0),  (212,4),  (185,4),  (184,4),  (156,0),  (127,4),  (98,4),  (69,4),  (40,2),  (39,2),  (38,4),  (38,2),  (37,6),  (36,6),  (65,2),  (64,2),  (63,6),  (90,6),  (118,6),  (117,2),  (144,6),  (143,6),  (171,1),  (198,1),  (227,7),  (255,1),  (283,1),  (284,1),  (312,6),  (312,2),  (311,2),  (311,6),  (366,1),  (393,6),  (392,1),  (421,1),  (449,1),  (477,1), 


[Timing] Time passed: 85.038936 s

Posterior Probability: -3088.733804
Agreement with demo: 3.9%
Current angular diffs: 87'

Selected number of demos: 54

-- Positive Demos --
 (53,4),  (109,3),  (109,7),  (166,1),  (194,1),  (221,1),  (277,6),  (304,6),  (304,2),  (303,2),  (330,6),  (386,7),  (413,7),  (498,1),  (527,6),  (553,2),  (552,6),  (579,2),  (577,2),  (546,0),  (492,0),  (437,5),  (408,0),  (352,0),  (326,0),  (298,0),  (270,0),  (213,0),  (212,4),  (185,4),  (184,4),  (127,4),  (98,4),  (69,4),  (39,2),  (37,6),  (36,6),  (65,2),  (64,2),  (90,6),  (118,6),  (117,2),  (143,6),  (171,1),  (198,1),  (255,1),  (283,1),  (312,2),  (311,6),  (393,6),  (392,1),  (477,1), 


[Timing] Time passed: 88.266422 s

Posterior Probability: -1853.47874
Agreement with demo: 2.4%
Current angular diffs: 1e+02'

Selected number of demos: 93

-- Positive Demos --
 (53,4),  (109,3),  (109,7),  (110,1),  (138,1),  (166,1),  (194,1),  (221,1),  (250,6),  (277,6),  (305,6),  (304,6),  (304,2),  (303,2),  (303,6),  (330,6),  (357,6),  (386,1),  (386,7),  (413,7),  (442,1),  (470,1),  (498,1),  (527,1),  (527,6),  (554,2),  (553,2),  (552,6),  (551,6),  (579,2),  (578,2),  (577,2),  (546,0),  (520,0),  (492,0),  (464,5),  (437,5),  (408,5),  (408,0),  (381,0),  (352,0),  (326,0),  (298,0),  (270,0),  (242,0),  (213,0),  (212,4),  (185,4),  (184,4),  (156,0),  (127,4),  (98,4),  (69,4),  (40,2),  (39,2),  (38,4),  (38,2),  (37,6),  (36,6),  (65,2),  (64,2),  (63,6),  (90,6),  (118,6),  (117,2),  (144,6),  (143,6),  (171,1),  (198,1),  (227,7),  (255,1),  (283,1),  (284,1),  (312,6),  (312,2),  (311,2),  (311,6),  (366,1),  (393,6),  (392,1),  (421,1),  (449,1),  (477,1), 


[Timing] Time passed: 81.276122 s

Posterior Probability: -365.8330859
Agreement with demo: 7.9%
Current angular diffs: 90'

Selected number of demos: 38

-- Positive Demos --
 (53,4),  (110,1),  (221,1),  (250,6),  (304,2),  (330,6),  (386,1),  (386,7),  (498,1),  (553,2),  (552,6),  (579,2),  (578,2),  (577,2),  (492,0),  (408,5),  (326,0),  (298,0),  (242,0),  (213,0),  (156,0),  (127,4),  (98,4),  (69,4),  (39,2),  (38,4),  (65,2),  (64,2),  (63,6),  (117,2),  (143,6),  (198,1),  (255,1),  (283,1),  (312,2),  (393,6),  (449,1), 


[Timing] Time passed: 84.839796 s

Posterior Probability: -181.5894664
Agreement with demo: 3.9%
Current angular diffs: 87'

Selected number of demos: 29

-- Positive Demos --
 (110,1),  (138,1),  (194,1),  (305,6),  (303,2),  (357,6),  (413,7),  (470,1),  (553,2),  (552,6),  (579,2),  (578,2),  (492,0),  (408,0),  (326,0),  (270,0),  (242,0),  (185,4),  (127,4),  (39,2),  (65,2),  (144,6),  (143,6),  (198,1),  (283,1),  (284,1),  (366,1),  (477,1), 


[Timing] Time passed: 84.046207 s

Posterior Probability: -352.5108547
Agreement with demo: 7.1%
Current angular diffs: 80'

Selected number of demos: 40

-- Positive Demos --
 (53,4),  (109,7),  (166,1),  (250,6),  (304,6),  (303,6),  (357,6),  (386,1),  (413,7),  (498,1),  (554,2),  (552,6),  (578,2),  (546,0),  (520,0),  (464,5),  (408,5),  (352,0),  (326,0),  (270,0),  (212,4),  (184,4),  (127,4),  (98,4),  (69,4),  (40,2),  (38,4),  (37,6),  (64,2),  (118,6),  (144,6),  (143,6),  (198,1),  (255,1),  (284,1),  (311,2),  (311,6),  (366,1),  (393,6),  (449,1), 


[Timing] Time passed: 89.230434 s

Posterior Probability: -1155.782959
Agreement with demo: 4.7%
Current angular diffs: 94'

Selected number of demos: 40

-- Positive Demos --
 (109,3),  (109,7),  (110,1),  (194,1),  (221,1),  (304,6),  (303,6),  (357,6),  (386,1),  (442,1),  (498,1),  (553,2),  (578,2),  (546,0),  (464,5),  (408,0),  (352,0),  (298,0),  (213,0),  (212,4),  (127,4),  (40,2),  (39,2),  (38,4),  (37,6),  (36,6),  (90,6),  (118,6),  (144,6),  (143,6),  (171,1),  (198,1),  (255,1),  (283,1),  (284,1),  (312,2),  (393,6),  (421,1), 


[Timing] Time passed: 88.094559 s

Posterior Probability: -471.7411963
Agreement with demo: 11%
Current angular diffs: 92'

Selected number of demos: 93

-- Positive Demos --
 (53,4),  (109,3),  (109,7),  (110,1),  (138,1),  (166,1),  (194,1),  (221,1),  (250,6),  (277,6),  (305,6),  (304,6),  (304,2),  (303,2),  (303,6),  (330,6),  (357,6),  (386,1),  (386,7),  (413,7),  (442,1),  (470,1),  (498,1),  (527,1),  (527,6),  (554,2),  (553,2),  (552,6),  (551,6),  (579,2),  (578,2),  (577,2),  (546,0),  (520,0),  (492,0),  (464,5),  (437,5),  (408,5),  (408,0),  (381,0),  (352,0),  (326,0),  (298,0),  (270,0),  (242,0),  (213,0),  (212,4),  (185,4),  (184,4),  (156,0),  (127,4),  (98,4),  (69,4),  (40,2),  (39,2),  (38,4),  (38,2),  (37,6),  (36,6),  (65,2),  (64,2),  (63,6),  (90,6),  (118,6),  (117,2),  (144,6),  (143,6),  (171,1),  (198,1),  (227,7),  (255,1),  (283,1),  (284,1),  (312,6),  (312,2),  (311,2),  (311,6),  (366,1),  (393,6),  (392,1),  (421,1),  (449,1),  (477,1), 


[Timing] Time passed: 86.89401 s

Posterior Probability: -774.5462654
Agreement with demo: 16%
Current angular diffs: 92'

Selected number of demos: 28

-- Positive Demos --
 (138,1),  (277,6),  (303,6),  (330,6),  (386,1),  (386,7),  (470,1),  (554,2),  (551,6),  (546,0),  (520,0),  (492,0),  (408,5),  (326,0),  (213,0),  (185,4),  (127,4),  (39,2),  (36,6),  (118,6),  (144,6),  (227,7),  (283,1),  (284,1),  (311,6),  (392,1),  (449,1), 


[Timing] Time passed: 89.541234 s

Posterior Probability: -743.8137881
Agreement with demo: 8.7%
Current angular diffs: 97'

Selected number of demos: 23

-- Positive Demos --
 (138,1),  (221,1),  (305,6),  (303,6),  (357,6),  (386,1),  (470,1),  (553,2),  (578,2),  (492,0),  (408,5),  (326,0),  (298,0),  (185,4),  (98,4),  (39,2),  (64,2),  (144,6),  (198,1),  (284,1),  (311,6),  (392,1),  (421,1), 


[Timing] Time passed: 85.334498 s

Posterior Probability: -163.8173244
Agreement with demo: 7.9%
Current angular diffs: 85'

Selected number of demos: 41

-- Positive Demos --
 (109,7),  (110,1),  (138,1),  (166,1),  (250,6),  (305,6),  (303,2),  (330,6),  (357,6),  (386,1),  (442,1),  (498,1),  (554,2),  (553,2),  (551,6),  (578,2),  (546,0),  (464,5),  (408,0),  (381,0),  (352,0),  (298,0),  (270,0),  (212,4),  (156,0),  (127,4),  (98,4),  (40,2),  (39,2),  (37,6),  (65,2),  (90,6),  (144,6),  (171,1),  (227,7),  (283,1),  (284,1),  (311,2),  (311,6),  (392,1),  (477,1), 


[Timing] Time passed: 93.583981 s

Posterior Probability: -1064.482313
Agreement with demo: 1.6%
Current angular diffs: 95'

Selected number of demos: 34

-- Positive Demos --
 (109,7),  (166,1),  (277,6),  (304,2),  (303,6),  (330,6),  (386,7),  (498,1),  (527,6),  (553,2),  (578,2),  (577,2),  (520,0),  (464,5),  (408,5),  (352,0),  (298,0),  (242,0),  (212,4),  (185,4),  (127,4),  (69,4),  (40,2),  (38,4),  (65,2),  (118,6),  (143,6),  (198,1),  (255,1),  (312,6),  (312,2),  (393,6),  (449,1), 


[Timing] Time passed: 106.161421 s

Posterior Probability: -775.7483761
Agreement with demo: 18%
Current angular diffs: 92'

Selected number of demos: 68

-- Positive Demos --
 (109,3),  (109,7),  (138,1),  (166,1),  (194,1),  (250,6),  (305,6),  (304,6),  (304,2),  (303,6),  (330,6),  (386,1),  (386,7),  (442,1),  (498,1),  (527,6),  (554,2),  (553,2),  (551,6),  (578,2),  (577,2),  (546,0),  (520,0),  (492,0),  (464,5),  (408,5),  (381,0),  (352,0),  (326,0),  (270,0),  (242,0),  (213,0),  (212,4),  (185,4),  (184,4),  (127,4),  (98,4),  (40,2),  (39,2),  (38,4),  (38,2),  (37,6),  (36,6),  (64,2),  (63,6),  (90,6),  (118,6),  (144,6),  (143,6),  (171,1),  (198,1),  (255,1),  (283,1),  (284,1),  (312,6),  (312,2),  (311,2),  (311,6),  (393,6),  (421,1),  (449,1),  (477,1), 


[Timing] Time passed: 87.716545 s

Posterior Probability: -3049.646388
Agreement with demo: 8.7%
Current angular diffs: 90'

Selected number of demos: 62

-- Positive Demos --
 (53,4),  (109,7),  (138,1),  (166,1),  (221,1),  (277,6),  (304,6),  (303,2),  (303,6),  (330,6),  (357,6),  (386,7),  (413,7),  (470,1),  (498,1),  (527,6),  (553,2),  (551,6),  (578,2),  (577,2),  (546,0),  (492,0),  (464,5),  (437,5),  (408,5),  (381,0),  (326,0),  (298,0),  (242,0),  (213,0),  (185,4),  (184,4),  (127,4),  (98,4),  (69,4),  (39,2),  (38,4),  (37,6),  (36,6),  (64,2),  (90,6),  (118,6),  (144,6),  (143,6),  (171,1),  (198,1),  (227,7),  (255,1),  (283,1),  (312,6),  (312,2),  (311,2),  (366,1),  (393,6),  (392,1),  (421,1),  (449,1), 


[Timing] Time passed: 77.952963 s

Posterior Probability: -1159.938533
Agreement with demo: 13%
Current angular diffs: 90'

Selected number of demos: 93

-- Positive Demos --
 (53,4),  (109,3),  (109,7),  (110,1),  (138,1),  (166,1),  (194,1),  (221,1),  (250,6),  (277,6),  (305,6),  (304,6),  (304,2),  (303,2),  (303,6),  (330,6),  (357,6),  (386,1),  (386,7),  (413,7),  (442,1),  (470,1),  (498,1),  (527,1),  (527,6),  (554,2),  (553,2),  (552,6),  (551,6),  (579,2),  (578,2),  (577,2),  (546,0),  (520,0),  (492,0),  (464,5),  (437,5),  (408,5),  (408,0),  (381,0),  (352,0),  (326,0),  (298,0),  (270,0),  (242,0),  (213,0),  (212,4),  (185,4),  (184,4),  (156,0),  (127,4),  (98,4),  (69,4),  (40,2),  (39,2),  (38,4),  (38,2),  (37,6),  (36,6),  (65,2),  (64,2),  (63,6),  (90,6),  (118,6),  (117,2),  (144,6),  (143,6),  (171,1),  (198,1),  (227,7),  (255,1),  (283,1),  (284,1),  (312,6),  (312,2),  (311,2),  (311,6),  (366,1),  (393,6),  (392,1),  (421,1),  (449,1),  (477,1), 


[Timing] Time passed: 85.937319 s

Posterior Probability: -1998.915878
Agreement with demo: 3.1%
Current angular diffs: 99'

Selected number of demos: 64

-- Positive Demos --
 (109,3),  (109,7),  (138,1),  (166,1),  (221,1),  (277,6),  (305,6),  (304,6),  (304,2),  (303,2),  (330,6),  (357,6),  (386,7),  (442,1),  (470,1),  (498,1),  (527,6),  (554,2),  (553,2),  (552,6),  (579,2),  (578,2),  (577,2),  (546,0),  (520,0),  (464,5),  (408,5),  (408,0),  (381,0),  (352,0),  (326,0),  (298,0),  (242,0),  (212,4),  (185,4),  (184,4),  (156,0),  (127,4),  (98,4),  (69,4),  (39,2),  (38,4),  (38,2),  (36,6),  (65,2),  (64,2),  (90,6),  (117,2),  (144,6),  (171,1),  (198,1),  (255,1),  (284,1),  (312,2),  (311,2),  (366,1),  (392,1),  (449,1),  (477,1), 


[Timing] Time passed: 93.482787 s

Posterior Probability: -719.1638734
Agreement with demo: 7.9%
Current angular diffs: 99'

Selected number of demos: 32

-- Positive Demos --
 (138,1),  (194,1),  (221,1),  (250,6),  (305,6),  (304,6),  (303,6),  (386,1),  (498,1),  (553,2),  (579,2),  (577,2),  (546,0),  (437,5),  (408,5),  (352,0),  (298,0),  (213,0),  (185,4),  (184,4),  (98,4),  (39,2),  (38,4),  (38,2),  (65,2),  (64,2),  (118,6),  (143,6),  (227,7),  (284,1),  (311,6),  (392,1), 


[Timing] Time passed: 86.725847 s

Posterior Probability: -761.610412
Agreement with demo: 6.3%
Current angular diffs: 82'

Selected number of demos: 31

-- Positive Demos --
 (109,7),  (138,1),  (221,1),  (304,6),  (330,6),  (413,7),  (498,1),  (553,2),  (579,2),  (577,2),  (464,5),  (408,0),  (381,0),  (352,0),  (326,0),  (212,4),  (184,4),  (98,4),  (69,4),  (39,2),  (38,2),  (63,6),  (90,6),  (144,6),  (227,7),  (255,1),  (283,1),  (312,2),  (393,6),  (392,1),  (421,1), 


[Timing] Time passed: 85.358748 s

Posterior Probability: -298.6097148
Agreement with demo: 10%
Current angular diffs: 90'

Selected number of demos: 62

-- Positive Demos --
 (53,4),  (109,7),  (138,1),  (166,1),  (221,1),  (250,6),  (277,6),  (304,6),  (303,2),  (303,6),  (330,6),  (386,1),  (386,7),  (413,7),  (442,1),  (470,1),  (498,1),  (527,1),  (554,2),  (553,2),  (551,6),  (579,2),  (578,2),  (577,2),  (546,0),  (492,0),  (437,5),  (408,0),  (352,0),  (326,0),  (298,0),  (270,0),  (213,0),  (212,4),  (185,4),  (184,4),  (156,0),  (127,4),  (98,4),  (69,4),  (40,2),  (39,2),  (38,2),  (37,6),  (36,6),  (64,2),  (90,6),  (117,2),  (143,6),  (171,1),  (198,1),  (227,7),  (255,1),  (283,1),  (312,6),  (311,2),  (311,6),  (393,6),  (421,1),  (477,1), 


[Timing] Time passed: 85.360626 s

Posterior Probability: -120.3696037
Agreement with demo: 9.4%
Current angular diffs: 95'

Selected number of demos: 31

-- Positive Demos --
 (110,1),  (194,1),  (221,1),  (304,6),  (330,6),  (386,7),  (498,1),  (527,1),  (553,2),  (552,6),  (578,2),  (546,0),  (464,5),  (408,5),  (326,0),  (242,0),  (185,4),  (127,4),  (69,4),  (38,4),  (36,6),  (63,6),  (117,2),  (198,1),  (255,1),  (312,6),  (366,1),  (393,6),  (449,1), 


[Timing] Time passed: 86.400267 s

Posterior Probability: -175.9955964
Agreement with demo: 13%
Current angular diffs: 89'

Selected number of demos: 62

-- Positive Demos --
 (109,3),  (109,7),  (110,1),  (166,1),  (221,1),  (250,6),  (305,6),  (304,6),  (303,2),  (330,6),  (357,6),  (386,1),  (386,7),  (413,7),  (470,1),  (498,1),  (527,1),  (554,2),  (553,2),  (552,6),  (551,6),  (579,2),  (578,2),  (577,2),  (546,0),  (520,0),  (464,5),  (408,5),  (408,0),  (381,0),  (352,0),  (326,0),  (298,0),  (270,0),  (242,0),  (212,4),  (184,4),  (156,0),  (127,4),  (98,4),  (40,2),  (39,2),  (38,2),  (37,6),  (65,2),  (63,6),  (118,6),  (144,6),  (143,6),  (198,1),  (227,7),  (255,1),  (284,1),  (312,6),  (312,2),  (311,2),  (366,1),  (392,1),  (449,1), 


[Timing] Time passed: 95.168611 s

Posterior Probability: -269.2895471
Agreement with demo: 17%
Current angular diffs: 81'

Selected number of demos: 30

-- Positive Demos --
 (53,4),  (138,1),  (250,6),  (305,6),  (330,6),  (386,7),  (470,1),  (527,6),  (553,2),  (552,6),  (577,2),  (492,0),  (464,5),  (381,0),  (270,0),  (213,0),  (156,0),  (127,4),  (98,4),  (39,2),  (36,6),  (64,2),  (90,6),  (118,6),  (198,1),  (255,1),  (284,1),  (311,2),  (366,1),  (477,1), 


[Timing] Time passed: 80.017246 s

Posterior Probability: -154.7155357
Agreement with demo: 11%
Current angular diffs: 97'

Selected number of demos: 58

-- Positive Demos --
 (109,3),  (110,1),  (138,1),  (166,1),  (221,1),  (277,6),  (305,6),  (304,2),  (303,6),  (330,6),  (386,1),  (413,7),  (442,1),  (498,1),  (527,1),  (554,2),  (553,2),  (552,6),  (579,2),  (578,2),  (577,2),  (546,0),  (520,0),  (464,5),  (437,5),  (408,0),  (352,0),  (326,0),  (298,0),  (270,0),  (213,0),  (185,4),  (156,0),  (127,4),  (98,4),  (40,2),  (39,2),  (38,2),  (37,6),  (65,2),  (63,6),  (90,6),  (118,6),  (144,6),  (171,1),  (198,1),  (255,1),  (283,1),  (284,1),  (312,6),  (311,2),  (311,6),  (366,1),  (393,6),  (421,1),  (477,1), 


[Timing] Time passed: 77.194346 s

Posterior Probability: -1220.708105
Agreement with demo: 3.9%
Current angular diffs: 82'

Selected number of demos: 39

-- Positive Demos --
 (109,7),  (194,1),  (277,6),  (304,6),  (330,6),  (386,7),  (442,1),  (470,1),  (527,6),  (553,2),  (552,6),  (579,2),  (578,2),  (546,0),  (520,0),  (492,0),  (408,5),  (352,0),  (298,0),  (212,4),  (185,4),  (156,0),  (127,4),  (98,4),  (40,2),  (38,2),  (65,2),  (64,2),  (90,6),  (117,2),  (198,1),  (255,1),  (312,6),  (311,6),  (421,1),  (449,1),  (477,1), 


[Timing] Time passed: 61.444566 s

Posterior Probability: -187.4080408
Agreement with demo: 12%
Current angular diffs: 87'

-----------------------------
Avg angular diffs: 78'
-- learned weights --
Feature Weights: 0.1995, 0.52325, -0.13925, -0.1, 
