loading features...

Initializing gridworld of size 28 by 22..
    Num states: 616
    Num actions: 8

Total number of demos: 70

Selected number of demos: 21

-- Positive Demos --
 (165,6),  (247,1),  (275,1),  (331,1),  (412,6),  (495,6),  (522,2),  (493,2),  (377,4),  (238,0),  (155,0),  (40,2),  (39,2),  (64,6),  (63,2),  (116,6),  (254,1),  (310,1),  (478,1),  (505,6),  (533,5), 


[Timing] Time passed: 177.703306 s

Posterior Probability: -286.46637
Agreement with demo: 10%
Current angular diffs: 1e+02'

Selected number of demos: 23

-- Positive Demos --
 (165,6),  (217,1),  (247,1),  (275,1),  (303,1),  (357,1),  (441,6),  (522,2),  (405,4),  (321,0),  (209,0),  (70,4),  (40,2),  (37,2),  (63,2),  (89,6),  (88,6),  (116,6),  (198,1),  (337,1),  (422,1),  (478,1),  (533,5), 


[Timing] Time passed: 166.117563 s

Posterior Probability: -233.3744198
Agreement with demo: 13%
Current angular diffs: 1e+02'

Selected number of demos: 19

-- Positive Demos --
 (138,6),  (218,1),  (247,1),  (275,1),  (413,6),  (495,6),  (436,4),  (406,4),  (321,0),  (155,0),  (70,4),  (39,2),  (37,2),  (36,6),  (88,6),  (171,1),  (282,1),  (393,1),  (478,1), 


[Timing] Time passed: 154.084371 s

Posterior Probability: -93.04378319
Agreement with demo: 12%
Current angular diffs: 1e+02'

Selected number of demos: 23

-- Positive Demos --
 (192,6),  (303,1),  (387,1),  (413,6),  (495,2),  (522,2),  (436,4),  (406,4),  (377,4),  (321,0),  (265,5),  (155,0),  (70,4),  (40,2),  (36,6),  (64,6),  (116,6),  (198,1),  (337,1),  (450,1),  (478,1),  (533,5), 


[Timing] Time passed: 161.659439 s

Posterior Probability: -196.4273818
Agreement with demo: 10%
Current angular diffs: 1e+02'

Selected number of demos: 36

-- Positive Demos --
 (138,6),  (165,6),  (192,6),  (247,1),  (303,1),  (387,1),  (412,6),  (495,6),  (493,2),  (464,0),  (406,4),  (348,0),  (293,5),  (265,5),  (238,0),  (209,0),  (155,0),  (127,4),  (70,4),  (39,2),  (38,2),  (36,6),  (64,6),  (63,2),  (89,6),  (143,6),  (198,1),  (227,1),  (254,1),  (337,1),  (393,1),  (450,1),  (478,1),  (505,6),  (533,5), 


[Timing] Time passed: 167.321674 s

Posterior Probability: -147.7381415
Agreement with demo: 16%
Current angular diffs: 78'

Selected number of demos: 22

-- Positive Demos --
 (192,6),  (217,1),  (303,1),  (386,6),  (441,6),  (493,2),  (406,4),  (348,0),  (321,0),  (265,5),  (183,0),  (127,4),  (40,2),  (38,2),  (64,6),  (88,6),  (227,1),  (254,1),  (310,1),  (450,1),  (533,5), 


[Timing] Time passed: 160.541883 s

Posterior Probability: -94.4467736
Agreement with demo: 13%
Current angular diffs: 84'

Selected number of demos: 70

-- Positive Demos --
 (138,6),  (137,6),  (165,6),  (192,6),  (218,1),  (217,1),  (247,1),  (275,1),  (303,1),  (331,1),  (357,1),  (387,1),  (386,6),  (413,6),  (412,6),  (441,6),  (468,6),  (495,6),  (495,2),  (522,2),  (493,2),  (464,0),  (436,4),  (406,4),  (405,4),  (377,4),  (348,0),  (321,0),  (293,5),  (265,5),  (238,0),  (209,0),  (183,0),  (155,0),  (127,4),  (98,4),  (70,4),  (69,4),  (40,2),  (39,2),  (38,2),  (37,2),  (36,2),  (36,6),  (64,6),  (63,2),  (90,2),  (89,6),  (88,6),  (116,6),  (143,6),  (171,1),  (198,1),  (227,1),  (254,1),  (282,1),  (310,1),  (337,1),  (393,1),  (422,1),  (450,1),  (478,1),  (505,6),  (533,5), 


[Timing] Time passed: 163.510544 s

Posterior Probability: -565.6111665
Agreement with demo: 7%
Current angular diffs: 1e+02'

Selected number of demos: 18

-- Positive Demos --
 (138,6),  (137,6),  (247,1),  (275,1),  (413,6),  (495,2),  (464,0),  (377,4),  (321,0),  (155,0),  (69,4),  (36,6),  (90,2),  (198,1),  (310,1),  (478,1),  (505,6), 


[Timing] Time passed: 156.227994 s

Posterior Probability: -55.76445112
Agreement with demo: 20%
Current angular diffs: 76'

Selected number of demos: 20

-- Positive Demos --
 (165,6),  (247,1),  (357,1),  (413,6),  (522,2),  (436,4),  (377,4),  (293,5),  (265,5),  (209,0),  (183,0),  (155,0),  (69,4),  (38,2),  (36,6),  (89,6),  (143,6),  (310,1),  (450,1),  (533,5), 


[Timing] Time passed: 154.314288 s

Posterior Probability: -252.016793
Agreement with demo: 10%
Current angular diffs: 99'

Selected number of demos: 47

-- Positive Demos --
 (138,6),  (137,6),  (165,6),  (192,6),  (217,1),  (275,1),  (331,1),  (387,1),  (413,6),  (412,6),  (441,6),  (468,6),  (495,2),  (522,2),  (493,2),  (464,0),  (406,4),  (405,4),  (348,0),  (321,0),  (293,5),  (238,0),  (183,0),  (155,0),  (98,4),  (70,4),  (69,4),  (40,2),  (38,2),  (36,2),  (64,6),  (63,2),  (90,2),  (89,6),  (116,6),  (171,1),  (198,1),  (254,1),  (282,1),  (310,1),  (393,1),  (422,1),  (450,1),  (478,1),  (505,6),  (533,5), 


[Timing] Time passed: 150.869525 s

Posterior Probability: -206.9941427
Agreement with demo: 7%
Current angular diffs: 95'

Selected number of demos: 21

-- Positive Demos --
 (192,6),  (217,1),  (357,1),  (441,6),  (495,2),  (464,0),  (405,4),  (377,4),  (293,5),  (209,0),  (155,0),  (69,4),  (37,2),  (36,2),  (63,2),  (88,6),  (198,1),  (310,1),  (337,1),  (422,1),  (478,1), 


[Timing] Time passed: 154.395167 s

Posterior Probability: -88.67680266
Agreement with demo: 20%
Current angular diffs: 1e+02'

Selected number of demos: 23

-- Positive Demos --
 (165,6),  (247,1),  (386,6),  (495,2),  (406,4),  (321,0),  (293,5),  (155,0),  (127,4),  (70,4),  (40,2),  (36,2),  (36,6),  (64,6),  (90,2),  (171,1),  (198,1),  (254,1),  (282,1),  (422,1),  (478,1),  (533,5), 


[Timing] Time passed: 160.153774 s

Posterior Probability: -148.6118795
Agreement with demo: 3.5%
Current angular diffs: 1e+02'

Selected number of demos: 21

-- Positive Demos --
 (165,6),  (217,1),  (331,1),  (441,6),  (522,2),  (405,4),  (265,5),  (209,0),  (155,0),  (40,2),  (64,6),  (90,2),  (89,6),  (88,6),  (116,6),  (254,1),  (282,1),  (310,1),  (422,1),  (450,1),  (533,5), 


[Timing] Time passed: 155.560815 s

Posterior Probability: -206.2202416
Agreement with demo: 5.8%
Current angular diffs: 98'

Selected number of demos: 70

-- Positive Demos --
 (138,6),  (137,6),  (165,6),  (192,6),  (218,1),  (217,1),  (247,1),  (275,1),  (303,1),  (331,1),  (357,1),  (387,1),  (386,6),  (413,6),  (412,6),  (441,6),  (468,6),  (495,6),  (495,2),  (522,2),  (493,2),  (464,0),  (436,4),  (406,4),  (405,4),  (377,4),  (348,0),  (321,0),  (293,5),  (265,5),  (238,0),  (209,0),  (183,0),  (155,0),  (127,4),  (98,4),  (70,4),  (69,4),  (40,2),  (39,2),  (38,2),  (37,2),  (36,2),  (36,6),  (64,6),  (63,2),  (90,2),  (89,6),  (88,6),  (116,6),  (143,6),  (171,1),  (198,1),  (227,1),  (254,1),  (282,1),  (310,1),  (337,1),  (393,1),  (422,1),  (450,1),  (478,1),  (505,6),  (533,5), 


[Timing] Time passed: 150.750984 s

Posterior Probability: -298.9783389
Agreement with demo: 4.7%
Current angular diffs: 98'

Selected number of demos: 24

-- Positive Demos --
 (137,6),  (192,6),  (247,1),  (387,1),  (441,6),  (468,6),  (464,0),  (377,4),  (321,0),  (265,5),  (238,0),  (155,0),  (69,4),  (38,2),  (36,6),  (90,2),  (143,6),  (198,1),  (254,1),  (337,1),  (478,1),  (505,6),  (533,5), 


[Timing] Time passed: 139.36998 s

Posterior Probability: -154.4442498
Agreement with demo: 10%
Current angular diffs: 1.1e+02'

Selected number of demos: 49

-- Positive Demos --
 (137,6),  (165,6),  (192,6),  (218,1),  (247,1),  (275,1),  (303,1),  (357,1),  (387,1),  (386,6),  (413,6),  (441,6),  (495,6),  (495,2),  (522,2),  (464,0),  (406,4),  (377,4),  (348,0),  (321,0),  (265,5),  (238,0),  (209,0),  (155,0),  (127,4),  (70,4),  (69,4),  (40,2),  (39,2),  (37,2),  (36,2),  (36,6),  (64,6),  (63,2),  (90,2),  (89,6),  (116,6),  (143,6),  (171,1),  (227,1),  (282,1),  (337,1),  (422,1),  (478,1),  (505,6),  (533,5), 


[Timing] Time passed: 152.826573 s

Posterior Probability: -387.1029979
Agreement with demo: 15%
Current angular diffs: 1e+02'

Selected number of demos: 28

-- Positive Demos --
 (165,6),  (192,6),  (218,1),  (303,1),  (357,1),  (386,6),  (412,6),  (495,6),  (464,0),  (436,4),  (406,4),  (405,4),  (321,0),  (265,5),  (183,0),  (127,4),  (98,4),  (39,2),  (36,2),  (63,2),  (89,6),  (116,6),  (171,1),  (282,1),  (422,1),  (450,1),  (505,6),  (533,5), 


[Timing] Time passed: 140.386728 s

Posterior Probability: -80.13966414
Agreement with demo: 14%
Current angular diffs: 1.1e+02'

Selected number of demos: 23

-- Positive Demos --
 (137,6),  (192,6),  (217,1),  (303,1),  (331,1),  (386,6),  (441,6),  (493,2),  (377,4),  (321,0),  (183,0),  (155,0),  (70,4),  (69,4),  (39,2),  (64,6),  (63,2),  (88,6),  (116,6),  (198,1),  (337,1),  (478,1), 


[Timing] Time passed: 149.754042 s

Posterior Probability: -132.5888621
Agreement with demo: 21%
Current angular diffs: 74'

Selected number of demos: 24

-- Positive Demos --
 (138,6),  (217,1),  (275,1),  (331,1),  (357,1),  (386,6),  (412,6),  (441,6),  (468,6),  (495,6),  (495,2),  (493,2),  (377,4),  (348,0),  (293,5),  (183,0),  (127,4),  (70,4),  (36,2),  (63,2),  (143,6),  (198,1),  (393,1),  (478,1), 


[Timing] Time passed: 148.808654 s

Posterior Probability: -53.98322504
Agreement with demo: 14%
Current angular diffs: 83'

Selected number of demos: 28

-- Positive Demos --
 (192,6),  (217,1),  (247,1),  (275,1),  (387,1),  (413,6),  (468,6),  (495,2),  (436,4),  (406,4),  (377,4),  (321,0),  (238,0),  (183,0),  (155,0),  (70,4),  (40,2),  (39,2),  (37,2),  (64,6),  (90,2),  (89,6),  (88,6),  (171,1),  (254,1),  (310,1),  (422,1),  (505,6), 


[Timing] Time passed: 141.33402 s

Posterior Probability: -115.2941479
Agreement with demo: 12%
Current angular diffs: 1e+02'

Selected number of demos: 16

-- Positive Demos --
 (192,6),  (247,1),  (275,1),  (357,1),  (441,6),  (522,2),  (377,4),  (238,0),  (209,0),  (98,4),  (38,2),  (63,2),  (171,1),  (227,1),  (310,1),  (478,1), 


[Timing] Time passed: 141.942544 s

Posterior Probability: -107.9923956
Agreement with demo: 10%
Current angular diffs: 94'

Selected number of demos: 50

-- Positive Demos --
 (138,6),  (137,6),  (192,6),  (218,1),  (217,1),  (247,1),  (303,1),  (357,1),  (387,1),  (413,6),  (412,6),  (468,6),  (495,6),  (495,2),  (493,2),  (464,0),  (406,4),  (377,4),  (348,0),  (321,0),  (265,5),  (238,0),  (209,0),  (183,0),  (155,0),  (98,4),  (69,4),  (39,2),  (38,2),  (37,2),  (36,6),  (64,6),  (63,2),  (90,2),  (88,6),  (116,6),  (143,6),  (171,1),  (198,1),  (227,1),  (254,1),  (282,1),  (310,1),  (393,1),  (450,1),  (478,1),  (505,6),  (533,5), 


[Timing] Time passed: 153.492583 s

Posterior Probability: -241.4875172
Agreement with demo: 16%
Current angular diffs: 79'

Selected number of demos: 27

-- Positive Demos --
 (192,6),  (217,1),  (275,1),  (387,1),  (386,6),  (412,6),  (495,2),  (522,2),  (436,4),  (406,4),  (321,0),  (293,5),  (209,0),  (183,0),  (155,0),  (70,4),  (39,2),  (36,2),  (36,6),  (63,2),  (116,6),  (171,1),  (282,1),  (422,1),  (450,1),  (533,5), 


[Timing] Time passed: 152.790494 s

Posterior Probability: -110.4492672
Agreement with demo: 8.1%
Current angular diffs: 95'

Selected number of demos: 70

-- Positive Demos --
 (138,6),  (137,6),  (165,6),  (192,6),  (218,1),  (217,1),  (247,1),  (275,1),  (303,1),  (331,1),  (357,1),  (387,1),  (386,6),  (413,6),  (412,6),  (441,6),  (468,6),  (495,6),  (495,2),  (522,2),  (493,2),  (464,0),  (436,4),  (406,4),  (405,4),  (377,4),  (348,0),  (321,0),  (293,5),  (265,5),  (238,0),  (209,0),  (183,0),  (155,0),  (127,4),  (98,4),  (70,4),  (69,4),  (40,2),  (39,2),  (38,2),  (37,2),  (36,2),  (36,6),  (64,6),  (63,2),  (90,2),  (89,6),  (88,6),  (116,6),  (143,6),  (171,1),  (198,1),  (227,1),  (254,1),  (282,1),  (310,1),  (337,1),  (393,1),  (422,1),  (450,1),  (478,1),  (505,6),  (533,5), 


[Timing] Time passed: 151.152703 s

Posterior Probability: -392.2836977
Agreement with demo: 15%
Current angular diffs: 1e+02'

Selected number of demos: 20

-- Positive Demos --
 (138,6),  (165,6),  (192,6),  (217,1),  (357,1),  (387,1),  (386,6),  (468,6),  (522,2),  (405,4),  (265,5),  (209,0),  (70,4),  (40,2),  (39,2),  (36,6),  (63,2),  (171,1),  (282,1),  (478,1), 


[Timing] Time passed: 154.383357 s

Posterior Probability: -237.4343941
Agreement with demo: 10%
Current angular diffs: 1e+02'

Selected number of demos: 48

-- Positive Demos --
 (138,6),  (137,6),  (192,6),  (218,1),  (217,1),  (247,1),  (303,1),  (331,1),  (387,1),  (386,6),  (412,6),  (441,6),  (468,6),  (495,2),  (493,2),  (464,0),  (406,4),  (405,4),  (348,0),  (321,0),  (265,5),  (238,0),  (209,0),  (155,0),  (98,4),  (70,4),  (69,4),  (40,2),  (38,2),  (37,2),  (36,2),  (36,6),  (63,2),  (89,6),  (116,6),  (171,1),  (227,1),  (254,1),  (310,1),  (337,1),  (393,1),  (450,1),  (478,1),  (533,5), 


[Timing] Time passed: 131.533362 s

Posterior Probability: -160.134914
Agreement with demo: 17%
Current angular diffs: 80'

Selected number of demos: 24

-- Positive Demos --
 (138,6),  (192,6),  (247,1),  (387,1),  (412,6),  (522,2),  (406,4),  (321,0),  (293,5),  (155,0),  (98,4),  (69,4),  (40,2),  (36,2),  (64,6),  (90,2),  (171,1),  (254,1),  (310,1),  (337,1),  (450,1),  (505,6),  (533,5), 


[Timing] Time passed: 129.130843 s

Posterior Probability: -290.0693684
Agreement with demo: 10%
Current angular diffs: 99'

Selected number of demos: 27

-- Positive Demos --
 (192,6),  (217,1),  (275,1),  (387,1),  (386,6),  (413,6),  (495,6),  (495,2),  (493,2),  (436,4),  (377,4),  (321,0),  (265,5),  (183,0),  (155,0),  (98,4),  (40,2),  (37,2),  (36,2),  (63,2),  (88,6),  (198,1),  (282,1),  (337,1),  (478,1),  (505,6), 


[Timing] Time passed: 124.846694 s

Posterior Probability: -146.3854766
Agreement with demo: 14%
Current angular diffs: 87'

Selected number of demos: 15

-- Positive Demos --
 (192,6),  (303,1),  (412,6),  (495,2),  (522,2),  (464,0),  (377,4),  (238,0),  (98,4),  (37,2),  (63,2),  (171,1),  (254,1),  (450,1),  (533,5), 


[Timing] Time passed: 135.32547 s

Posterior Probability: -86.42374442
Agreement with demo: 7%
Current angular diffs: 95'

Selected number of demos: 33

-- Positive Demos --
 (165,6),  (192,6),  (218,1),  (247,1),  (303,1),  (357,1),  (386,6),  (412,6),  (495,6),  (522,2),  (493,2),  (436,4),  (377,4),  (321,0),  (265,5),  (238,0),  (155,0),  (127,4),  (98,4),  (70,4),  (39,2),  (37,2),  (36,2),  (36,6),  (63,2),  (90,2),  (116,6),  (198,1),  (282,1),  (310,1),  (393,1),  (478,1),  (533,5), 


[Timing] Time passed: 156.447916 s

Posterior Probability: -248.0098948
Agreement with demo: 9.3%
Current angular diffs: 92'

Selected number of demos: 17

-- Positive Demos --
 (218,1),  (217,1),  (331,1),  (441,6),  (468,6),  (436,4),  (321,0),  (209,0),  (70,4),  (39,2),  (38,2),  (63,2),  (116,6),  (254,1),  (282,1),  (478,1), 


[Timing] Time passed: 145.868973 s

Posterior Probability: -167.3631947
Agreement with demo: 13%
Current angular diffs: 97'

Selected number of demos: 18

-- Positive Demos --
 (165,6),  (192,6),  (247,1),  (331,1),  (387,1),  (495,6),  (436,4),  (377,4),  (238,0),  (183,0),  (155,0),  (69,4),  (38,2),  (36,6),  (88,6),  (171,1),  (337,1),  (505,6), 


[Timing] Time passed: 138.790599 s

Posterior Probability: -62.5792728
Agreement with demo: 13%
Current angular diffs: 98'

Selected number of demos: 20

-- Positive Demos --
 (165,6),  (192,6),  (275,1),  (331,1),  (386,6),  (495,2),  (522,2),  (377,4),  (238,0),  (127,4),  (40,2),  (36,6),  (89,6),  (116,6),  (143,6),  (171,1),  (198,1),  (227,1),  (393,1),  (450,1), 


[Timing] Time passed: 122.745658 s

Posterior Probability: -110.4021643
Agreement with demo: 10%
Current angular diffs: 86'

Selected number of demos: 36

-- Positive Demos --
 (138,6),  (137,6),  (192,6),  (218,1),  (275,1),  (303,1),  (331,1),  (386,6),  (441,6),  (495,2),  (464,0),  (436,4),  (405,4),  (377,4),  (321,0),  (293,5),  (238,0),  (183,0),  (155,0),  (70,4),  (69,4),  (39,2),  (37,2),  (64,6),  (90,2),  (116,6),  (143,6),  (198,1),  (227,1),  (310,1),  (337,1),  (393,1),  (422,1),  (450,1),  (478,1),  (533,5), 


[Timing] Time passed: 113.932891 s

Posterior Probability: -189.0896334
Agreement with demo: 8.1%
Current angular diffs: 1.1e+02'

Selected number of demos: 70

-- Positive Demos --
 (138,6),  (137,6),  (165,6),  (192,6),  (218,1),  (217,1),  (247,1),  (275,1),  (303,1),  (331,1),  (357,1),  (387,1),  (386,6),  (413,6),  (412,6),  (441,6),  (468,6),  (495,6),  (495,2),  (522,2),  (493,2),  (464,0),  (436,4),  (406,4),  (405,4),  (377,4),  (348,0),  (321,0),  (293,5),  (265,5),  (238,0),  (209,0),  (183,0),  (155,0),  (127,4),  (98,4),  (70,4),  (69,4),  (40,2),  (39,2),  (38,2),  (37,2),  (36,2),  (36,6),  (64,6),  (63,2),  (90,2),  (89,6),  (88,6),  (116,6),  (143,6),  (171,1),  (198,1),  (227,1),  (254,1),  (282,1),  (310,1),  (337,1),  (393,1),  (422,1),  (450,1),  (478,1),  (505,6),  (533,5), 


[Timing] Time passed: 121.838179 s

Posterior Probability: -274.3594796
Agreement with demo: 17%
Current angular diffs: 80'

Selected number of demos: 36

-- Positive Demos --
 (138,6),  (192,6),  (217,1),  (275,1),  (357,1),  (413,6),  (412,6),  (495,6),  (522,2),  (493,2),  (436,4),  (405,4),  (321,0),  (265,5),  (238,0),  (209,0),  (155,0),  (98,4),  (40,2),  (38,2),  (36,6),  (64,6),  (63,2),  (89,6),  (116,6),  (198,1),  (282,1),  (310,1),  (337,1),  (393,1),  (450,1),  (505,6),  (533,5), 


[Timing] Time passed: 134.364988 s

Posterior Probability: -84.6889296
Agreement with demo: 9.3%
Current angular diffs: 99'

Selected number of demos: 47

-- Positive Demos --
 (138,6),  (137,6),  (165,6),  (192,6),  (218,1),  (217,1),  (247,1),  (275,1),  (303,1),  (357,1),  (387,1),  (386,6),  (413,6),  (441,6),  (495,6),  (522,2),  (493,2),  (436,4),  (406,4),  (405,4),  (348,0),  (321,0),  (265,5),  (238,0),  (183,0),  (155,0),  (127,4),  (98,4),  (69,4),  (40,2),  (39,2),  (37,2),  (36,2),  (64,6),  (63,2),  (90,2),  (88,6),  (116,6),  (171,1),  (227,1),  (282,1),  (337,1),  (422,1),  (450,1),  (478,1),  (533,5), 


[Timing] Time passed: 113.513626 s

Posterior Probability: -146.8627066
Agreement with demo: 8.1%
Current angular diffs: 94'

Selected number of demos: 33

-- Positive Demos --
 (165,6),  (218,1),  (275,1),  (303,1),  (387,1),  (413,6),  (468,6),  (522,2),  (493,2),  (406,4),  (405,4),  (377,4),  (348,0),  (321,0),  (265,5),  (209,0),  (183,0),  (155,0),  (98,4),  (40,2),  (37,2),  (64,6),  (90,2),  (89,6),  (143,6),  (198,1),  (227,1),  (282,1),  (337,1),  (422,1),  (478,1),  (533,5), 


[Timing] Time passed: 123.540278 s

Posterior Probability: -183.9784799
Agreement with demo: 8.1%
Current angular diffs: 97'

Selected number of demos: 70

-- Positive Demos --
 (138,6),  (137,6),  (165,6),  (192,6),  (218,1),  (217,1),  (247,1),  (275,1),  (303,1),  (331,1),  (357,1),  (387,1),  (386,6),  (413,6),  (412,6),  (441,6),  (468,6),  (495,6),  (495,2),  (522,2),  (493,2),  (464,0),  (436,4),  (406,4),  (405,4),  (377,4),  (348,0),  (321,0),  (293,5),  (265,5),  (238,0),  (209,0),  (183,0),  (155,0),  (127,4),  (98,4),  (70,4),  (69,4),  (40,2),  (39,2),  (38,2),  (37,2),  (36,2),  (36,6),  (64,6),  (63,2),  (90,2),  (89,6),  (88,6),  (116,6),  (143,6),  (171,1),  (198,1),  (227,1),  (254,1),  (282,1),  (310,1),  (337,1),  (393,1),  (422,1),  (450,1),  (478,1),  (505,6),  (533,5), 


[Timing] Time passed: 121.369615 s

Posterior Probability: -516.3205789
Agreement with demo: 12%
Current angular diffs: 1e+02'

Selected number of demos: 70

-- Positive Demos --
 (138,6),  (137,6),  (165,6),  (192,6),  (218,1),  (217,1),  (247,1),  (275,1),  (303,1),  (331,1),  (357,1),  (387,1),  (386,6),  (413,6),  (412,6),  (441,6),  (468,6),  (495,6),  (495,2),  (522,2),  (493,2),  (464,0),  (436,4),  (406,4),  (405,4),  (377,4),  (348,0),  (321,0),  (293,5),  (265,5),  (238,0),  (209,0),  (183,0),  (155,0),  (127,4),  (98,4),  (70,4),  (69,4),  (40,2),  (39,2),  (38,2),  (37,2),  (36,2),  (36,6),  (64,6),  (63,2),  (90,2),  (89,6),  (88,6),  (116,6),  (143,6),  (171,1),  (198,1),  (227,1),  (254,1),  (282,1),  (310,1),  (337,1),  (393,1),  (422,1),  (450,1),  (478,1),  (505,6),  (533,5), 


[Timing] Time passed: 116.533249 s

Posterior Probability: -824.9574428
Agreement with demo: 12%
Current angular diffs: 1e+02'

Selected number of demos: 70

-- Positive Demos --
 (138,6),  (137,6),  (165,6),  (192,6),  (218,1),  (217,1),  (247,1),  (275,1),  (303,1),  (331,1),  (357,1),  (387,1),  (386,6),  (413,6),  (412,6),  (441,6),  (468,6),  (495,6),  (495,2),  (522,2),  (493,2),  (464,0),  (436,4),  (406,4),  (405,4),  (377,4),  (348,0),  (321,0),  (293,5),  (265,5),  (238,0),  (209,0),  (183,0),  (155,0),  (127,4),  (98,4),  (70,4),  (69,4),  (40,2),  (39,2),  (38,2),  (37,2),  (36,2),  (36,6),  (64,6),  (63,2),  (90,2),  (89,6),  (88,6),  (116,6),  (143,6),  (171,1),  (198,1),  (227,1),  (254,1),  (282,1),  (310,1),  (337,1),  (393,1),  (422,1),  (450,1),  (478,1),  (505,6),  (533,5), 


[Timing] Time passed: 118.632192 s

Posterior Probability: -753.5055573
Agreement with demo: 10%
Current angular diffs: 1.1e+02'

Selected number of demos: 47

-- Positive Demos --
 (137,6),  (165,6),  (192,6),  (218,1),  (247,1),  (275,1),  (331,1),  (357,1),  (386,6),  (412,6),  (441,6),  (468,6),  (495,6),  (495,2),  (493,2),  (464,0),  (436,4),  (406,4),  (405,4),  (348,0),  (321,0),  (293,5),  (238,0),  (209,0),  (183,0),  (155,0),  (127,4),  (70,4),  (69,4),  (39,2),  (37,2),  (36,6),  (63,2),  (90,2),  (88,6),  (116,6),  (143,6),  (198,1),  (254,1),  (310,1),  (393,1),  (422,1),  (478,1),  (505,6),  (533,5), 


[Timing] Time passed: 122.242486 s

Posterior Probability: -317.0764627
Agreement with demo: 9.3%
Current angular diffs: 90'

Selected number of demos: 26

-- Positive Demos --
 (165,6),  (192,6),  (247,1),  (275,1),  (387,1),  (412,6),  (441,6),  (468,6),  (493,2),  (405,4),  (321,0),  (265,5),  (209,0),  (127,4),  (40,2),  (39,2),  (38,2),  (64,6),  (63,2),  (90,2),  (116,6),  (198,1),  (310,1),  (422,1),  (450,1),  (533,5), 


[Timing] Time passed: 116.644891 s

Posterior Probability: -132.3723148
Agreement with demo: 21%
Current angular diffs: 82'

Selected number of demos: 30

-- Positive Demos --
 (138,6),  (192,6),  (217,1),  (247,1),  (331,1),  (387,1),  (386,6),  (468,6),  (493,2),  (405,4),  (321,0),  (293,5),  (265,5),  (183,0),  (98,4),  (40,2),  (39,2),  (38,2),  (36,2),  (63,2),  (89,6),  (88,6),  (116,6),  (143,6),  (254,1),  (282,1),  (310,1),  (393,1),  (478,1),  (533,5), 


[Timing] Time passed: 127.05599 s

Posterior Probability: -145.1547095
Agreement with demo: 10%
Current angular diffs: 86'

Selected number of demos: 70

-- Positive Demos --
 (138,6),  (137,6),  (165,6),  (192,6),  (218,1),  (217,1),  (247,1),  (275,1),  (303,1),  (331,1),  (357,1),  (387,1),  (386,6),  (413,6),  (412,6),  (441,6),  (468,6),  (495,6),  (495,2),  (522,2),  (493,2),  (464,0),  (436,4),  (406,4),  (405,4),  (377,4),  (348,0),  (321,0),  (293,5),  (265,5),  (238,0),  (209,0),  (183,0),  (155,0),  (127,4),  (98,4),  (70,4),  (69,4),  (40,2),  (39,2),  (38,2),  (37,2),  (36,2),  (36,6),  (64,6),  (63,2),  (90,2),  (89,6),  (88,6),  (116,6),  (143,6),  (171,1),  (198,1),  (227,1),  (254,1),  (282,1),  (310,1),  (337,1),  (393,1),  (422,1),  (450,1),  (478,1),  (505,6),  (533,5), 


[Timing] Time passed: 122.614669 s

Posterior Probability: -473.3097374
Agreement with demo: 7%
Current angular diffs: 94'

Selected number of demos: 21

-- Positive Demos --
 (218,1),  (357,1),  (387,1),  (441,6),  (522,2),  (493,2),  (436,4),  (348,0),  (321,0),  (238,0),  (183,0),  (127,4),  (69,4),  (38,2),  (37,2),  (36,2),  (63,2),  (88,6),  (143,6),  (310,1),  (478,1), 


[Timing] Time passed: 113.781187 s

Posterior Probability: -156.1808419
Agreement with demo: 13%
Current angular diffs: 1.1e+02'

Selected number of demos: 70

-- Positive Demos --
 (138,6),  (137,6),  (165,6),  (192,6),  (218,1),  (217,1),  (247,1),  (275,1),  (303,1),  (331,1),  (357,1),  (387,1),  (386,6),  (413,6),  (412,6),  (441,6),  (468,6),  (495,6),  (495,2),  (522,2),  (493,2),  (464,0),  (436,4),  (406,4),  (405,4),  (377,4),  (348,0),  (321,0),  (293,5),  (265,5),  (238,0),  (209,0),  (183,0),  (155,0),  (127,4),  (98,4),  (70,4),  (69,4),  (40,2),  (39,2),  (38,2),  (37,2),  (36,2),  (36,6),  (64,6),  (63,2),  (90,2),  (89,6),  (88,6),  (116,6),  (143,6),  (171,1),  (198,1),  (227,1),  (254,1),  (282,1),  (310,1),  (337,1),  (393,1),  (422,1),  (450,1),  (478,1),  (505,6),  (533,5), 


[Timing] Time passed: 109.299546 s

Posterior Probability: -568.4687154
Agreement with demo: 10%
Current angular diffs: 96'

Selected number of demos: 22

-- Positive Demos --
 (165,6),  (218,1),  (247,1),  (275,1),  (386,6),  (468,6),  (493,2),  (406,4),  (377,4),  (265,5),  (183,0),  (127,4),  (70,4),  (40,2),  (38,2),  (36,6),  (64,6),  (88,6),  (227,1),  (282,1),  (393,1),  (478,1), 


[Timing] Time passed: 106.566068 s

Posterior Probability: -112.0487666
Agreement with demo: 20%
Current angular diffs: 80'

Selected number of demos: 28

-- Positive Demos --
 (192,6),  (247,1),  (331,1),  (386,6),  (441,6),  (522,2),  (436,4),  (405,4),  (377,4),  (321,0),  (293,5),  (209,0),  (155,0),  (98,4),  (40,2),  (37,2),  (36,6),  (64,6),  (63,2),  (88,6),  (143,6),  (198,1),  (282,1),  (393,1),  (478,1),  (505,6),  (533,5), 


[Timing] Time passed: 104.091505 s

Posterior Probability: -311.0531336
Agreement with demo: 9.3%
Current angular diffs: 1e+02'

Selected number of demos: 22

-- Positive Demos --
 (192,6),  (275,1),  (387,1),  (412,6),  (468,6),  (495,2),  (436,4),  (348,0),  (293,5),  (238,0),  (209,0),  (127,4),  (70,4),  (38,2),  (64,6),  (90,2),  (171,1),  (198,1),  (337,1),  (422,1),  (478,1),  (505,6), 


[Timing] Time passed: 87.612388 s

Posterior Probability: -171.3496148
Agreement with demo: 3.5%
Current angular diffs: 98'

-----------------------------
Avg angular diffs: 74'
-- learned weights --
Feature Weights: -0.774, -0.18, -0.751, -0.1, 
