processing file :../birl_data/28_27_3_objects.txt

Initializing gridworld of size 32 by 24..
    Num states: 768
    Num actions: 8

Total number of demos: 78

Selected number of demos: 78

-- Positive Demos --
 (215,6),  (220,6), 


 - [Timing] Time passed: 96.452068 s
- Current feature weights:2.564102564e-05, 7.692307692e-05, 0.0001538461538, -0.0001
 - Posterior Probability: -3.83907
 - Agreement with demo: 50%
 - Current angular diffs: 45'

-- Positive Demos --
 (230,1),  (252,1),  (284,1),  (315,1),  (347,1),  (379,1),  (412,1),  (442,6),  (469,6),  (494,6),  (526,1), 


 - [Timing] Time passed: 91.829267 s
- Current feature weights:-0.00075, -0.004506410256, 0.0007179487179, -0.0001
 - Posterior Probability: -22.1812
 - Agreement with demo: 9.09091%
 - Current angular diffs: 81.8182'

-- Positive Demos --
 (563,6),  (595,6),  (626,6),  (674,2),  (669,2),  (663,4),  (650,4),  (631,4),  (616,4), 


 - [Timing] Time passed: 112.246976 s
- Current feature weights:-0.0005769230769, -0.007362179487, 0.001150641026, -0.0001
 - Posterior Probability: -18.7737
 - Agreement with demo: 44.4444%
 - Current angular diffs: 75'

-- Positive Demos --
 (599,4), 


 - [Timing] Time passed: 112.690883 s
- Current feature weights:-0.0006442307692, -0.007102564103, 0.0009455128205, -0.0001
 - Posterior Probability: -0.351191
 - Agreement with demo: 100%
 - Current angular diffs: 0'

-- Positive Demos --
 (579,4),  (555,4),  (530,4),  (502,0),  (474,0), 


 - [Timing] Time passed: 107.443399 s
- Current feature weights:-0.001092948718, -0.005227564103, 0.001826923077, -0.0001
 - Posterior Probability: -8.53754
 - Agreement with demo: 20%
 - Current angular diffs: 72'

-- Positive Demos --
 (443,0),  (412,0),  (380,0),  (341,0),  (307,5),  (272,0), 


 - [Timing] Time passed: 105.400093 s
- Current feature weights:-0.002862179487, -0.004439102564, 0.002115384615, -0.0001
 - Posterior Probability: -11.6192
 - Agreement with demo: 16.6667%
 - Current angular diffs: 75'

-- Positive Demos --
 (236,0),  (199,0), 


 - [Timing] Time passed: 112.295225 s
- Current feature weights:-0.003496794872, -0.004881410256, 0.002423076923, -0.0001
 - Posterior Probability: -3.27624
 - Agreement with demo: 50%
 - Current angular diffs: 67.5'

-- Positive Demos --
 (163,0),  (132,0),  (110,4),  (97,2),  (86,2),  (76,2), 


 - [Timing] Time passed: 104.412892 s
- Current feature weights:-0.005266025641, -0.006304487179, 0.002692307692, -0.0001
 - Posterior Probability: -12.078
 - Agreement with demo: 16.6667%
 - Current angular diffs: 112.5'

-- Positive Demos --
 (67,2),  (77,6),  (91,6), 


 - [Timing] Time passed: 67.179133 s
- Current feature weights:-0.006275641026, -0.006823717949, 0.002375, -0.0001
 - Posterior Probability: -6.9156
 - Agreement with demo: 33.3333%
 - Current angular diffs: 60'

-- Positive Demos --
 (104,6),  (117,6),  (132,1),  (152,1),  (180,1),  (208,1),  (240,1),  (272,1),  (303,1),  (337,1),  (366,6),  (393,6),  (419,1),  (444,1),  (469,6),  (491,6),  (513,1),  (534,1),  (555,1),  (577,6),  (592,6),  (600,6), 


 - [Timing] Time passed: 90.076657 s
- Current feature weights:-0.01438461538, -0.01056089744, -0.001150641026, -0.0001
 - Posterior Probability: -43.7999
 - Agreement with demo: 9.09091%
 - Current angular diffs: 92.0455'

-- Positive Demos --
 (614,1),  (632,6), 


 - [Timing] Time passed: 94.884719 s
- Current feature weights:-0.01504487179, -0.01090705128, -0.001439102564, -0.0001
 - Posterior Probability: -4.47335
 - Agreement with demo: 0%
 - Current angular diffs: 67.5'

-- Positive Demos --
 (654,2), 


 - [Timing] Time passed: 89.123945 s
- Current feature weights:-0.01521474359, -0.01088461538, -0.001432692308, -0.0001
 - Posterior Probability: -2.07858
 - Agreement with demo: 0%
 - Current angular diffs: 135'

-----------------------------
Avg angular diffs: 73.8462'
Total agreement with demo: 17.9487%
-- learned weights --
Final feature weights:-0.0152147, -0.0108846, -0.00143269, -0.0001
