processing file :../birl_data/28_32_3_objects.txt

Initializing gridworld of size 32 by 24..
    Num states: 768
    Num actions: 8

Total number of demos: 99

Total number of good demos: 84

Selected number of demos: 84

-- Positive Demos --
 (683,7),  (688,7),  (694,3), 


 - [Timing] Time passed: 52.307847 s
- Current feature weights:-0.00375, 0.0005, 0.005464285714, -0.0001
 - Posterior Probability: -6.23832
 - Agreement with demo: 0%
 - Current angular diffs: 60'

-- Positive Demos --
 (692,3), 


 - [Timing] Time passed: 32.855236 s
- Current feature weights:-0.005, 0.0006666666667, 0.007285714286, -0.0001
 - Posterior Probability: 0
 - Agreement with demo: 0%
 - Current angular diffs: 90'

-- Positive Demos --
 (687,3),  (691,3),  (706,3),  (708,3), 


 - [Timing] Time passed: 71.838311 s
- Current feature weights:-0.01995238095, 0.00480952381, 0.014, -0.0001
 - Posterior Probability: -8.31777
 - Agreement with demo: 0%
 - Current angular diffs: 112.5'

-- Positive Demos --
 (707,3),  (701,3),  (689,3), 


 - [Timing] Time passed: 39.316265 s
- Current feature weights:-0.03255952381, 0.007702380952, 0.02592857143, -0.0001
 - Posterior Probability: -6.23832
 - Agreement with demo: 0%
 - Current angular diffs: 90'

-- Positive Demos --
 (679,3), 


 - [Timing] Time passed: 59.521434 s
- Current feature weights:-0.03676190476, 0.008666666667, 0.0299047619, -0.0001
 - Posterior Probability: 0
 - Agreement with demo: 100%
 - Current angular diffs: 0'

-- Positive Demos --
 (673,5),  (661,5),  (642,0),  (620,0),  (600,0), 


 - [Timing] Time passed: 71.192826 s
- Current feature weights:-0.05622619048, 0.02307142857, 0.04698809524, -0.0001
 - Posterior Probability: -10.3972
 - Agreement with demo: 0%
 - Current angular diffs: 99'

-- Positive Demos --
 (587,0), 


 - [Timing] Time passed: 36.262606 s
- Current feature weights:-0.06011904762, 0.02595238095, 0.0504047619, -0.0001
 - Posterior Probability: 0
 - Agreement with demo: 0%
 - Current angular diffs: 90'

-- Positive Demos --
 (572,4), 


 - [Timing] Time passed: 47.036185 s
- Current feature weights:-0.06373809524, 0.02986904762, 0.05263095238, -0.0001
 - Posterior Probability: -2.07944
 - Agreement with demo: 0%
 - Current angular diffs: 135'

-- Positive Demos --
 (553,4),  (535,4),  (515,4),  (493,4), 


 - [Timing] Time passed: 73.11903 s
- Current feature weights:-0.0795, 0.04991666667, 0.06139285714, -0.0001
 - Posterior Probability: -8.31777
 - Agreement with demo: 25%
 - Current angular diffs: 56.25'

-- Positive Demos --
 (481,2),  (474,2),  (473,2),  (470,4),  (459,4),  (445,2),  (442,2),  (449,2),  (454,2),  (457,6),  (466,6),  (486,1),  (513,6),  (531,2),  (539,2),  (540,2),  (533,2),  (530,4),  (521,4),  (501,4), 


 - [Timing] Time passed: 71.128165 s
- Current feature weights:-0.1816428571, 0.09801190476, 0.09020238095, -0.0001
 - Posterior Probability: -41.5888
 - Agreement with demo: 5%
 - Current angular diffs: 78.75'

-- Positive Demos --
 (475,4),  (451,4),  (431,0),  (413,0),  (390,0),  (365,0),  (348,3),  (347,3),  (354,3),  (355,5),  (344,5),  (324,5),  (302,5),  (278,0), 


 - [Timing] Time passed: 41.272718 s
- Current feature weights:-0.2656428571, 0.1535119048, 0.09670238095, -0.0001
 - Posterior Probability: -29.1122
 - Agreement with demo: 7.14286%
 - Current angular diffs: 102.857'

-- Positive Demos --
 (248,0),  (213,0), 


 - [Timing] Time passed: 39.941478 s
- Current feature weights:-0.2745952381, 0.1599880952, 0.09817857143, -0.0001
 - Posterior Probability: -4.15888
 - Agreement with demo: 0%
 - Current angular diffs: 67.5'

-- Positive Demos --
 (186,5),  (148,5),  (129,3),  (122,3),  (130,3),  (138,3),  (142,3),  (153,7),  (176,1), 


 - [Timing] Time passed: 43.845405 s
- Current feature weights:-0.3109166667, 0.1970595238, 0.09978571429, -0.0001
 - Posterior Probability: -18.715
 - Agreement with demo: 0%
 - Current angular diffs: 115'

-- Positive Demos --
 (207,7),  (219,5),  (209,5),  (185,5),  (171,3),  (158,5),  (144,5),  (126,3),  (118,3),  (117,3), 


 - [Timing] Time passed: 45.783223 s
- Current feature weights:-0.36425, 0.2264642857, 0.09728571429, -0.0001
 - Posterior Probability: -20.7944
 - Agreement with demo: 10%
 - Current angular diffs: 76.5'

-- Positive Demos --
 (115,5), 


 - [Timing] Time passed: 75.974977 s
- Current feature weights:-0.3692380952, 0.2286071429, 0.09620238095, -0.0001
 - Posterior Probability: -2.07944
 - Agreement with demo: 0%
 - Current angular diffs: 90'

-- Positive Demos --
 (112,5),  (110,4), 


 - [Timing] Time passed: 74.349073 s
- Current feature weights:-0.3780714286, 0.2364880952, 0.09529761905, -0.0001
 - Posterior Probability: -4.15888
 - Agreement with demo: 0%
 - Current angular diffs: 67.5'

-- Positive Demos --
 (109,4),  (106,5),  (105,3), 


 - [Timing] Time passed: 74.77056 s
- Current feature weights:-0.3923928571, 0.2462380952, 0.09351190476, -0.0001
 - Posterior Probability: -6.23832
 - Agreement with demo: 33.3333%
 - Current angular diffs: 60'

-----------------------------
Avg angular diffs: 86.7857'
Total agreement with demo: 7.14286%
-- learned weights --
Final feature weights:-0.392393, 0.246238, 0.0935119, -0.0001
