loading features...

Initializing gridworld of size 28 by 22..
    Num states: 616
    Num actions: 8

Total number of demos: 48

Selected number of demos: 48

-- Positive Demos --
 (333,6),  (359,6),  (387,6),  (413,6),  (442,6),  (469,6),  (468,2),  (467,2),  (466,2),  (465,2),  (464,2),  (463,4),  (434,4),  (404,4),  (377,0),  (348,0),  (321,0),  (293,0),  (264,4),  (264,0),  (236,0),  (206,4),  (179,0),  (151,0),  (123,0),  (95,4),  (65,6),  (93,6),  (120,6),  (119,6),  (147,6),  (174,6),  (201,2),  (200,2),  (199,6),  (227,1),  (255,1),  (283,1),  (311,1),  (338,1),  (367,1),  (394,1),  (423,1),  (451,1),  (479,1),  (507,1), 


[Timing] Time passed: 1049.119343 s

Posterior Probability: -464.7673536
Agreement with demo: 2.9%
Current angular diffs: 92'

Selected number of demos: 21

-- Positive Demos --
 (413,6),  (469,6),  (468,2),  (465,2),  (464,2),  (434,4),  (377,0),  (293,0),  (264,0),  (236,0),  (123,0),  (93,6),  (119,6),  (174,6),  (200,2),  (227,1),  (255,1),  (338,1),  (394,1),  (479,1),  (507,1), 


[Timing] Time passed: 978.793585 s

Posterior Probability: -182.8736116
Agreement with demo: 12%
Current angular diffs: 91'

Selected number of demos: 18

-- Positive Demos --
 (387,6),  (413,6),  (469,6),  (465,2),  (434,4),  (377,0),  (321,0),  (236,0),  (179,0),  (95,4),  (120,6),  (174,6),  (200,2),  (255,1),  (283,1),  (311,1),  (394,1),  (451,1), 


[Timing] Time passed: 920.734573 s

Posterior Probability: -70.12854942
Agreement with demo: 2.9%
Current angular diffs: 98'

Selected number of demos: 15

-- Positive Demos --
 (413,6),  (467,2),  (466,2),  (465,2),  (434,4),  (404,4),  (348,0),  (264,0),  (151,0),  (95,4),  (147,6),  (199,6),  (227,1),  (311,1),  (423,1), 


[Timing] Time passed: 925.492999 s

Posterior Probability: -151.3462737
Agreement with demo: 8.8%
Current angular diffs: 98'

Selected number of demos: 16

-- Positive Demos --
 (333,6),  (442,6),  (466,2),  (434,4),  (348,0),  (236,0),  (123,0),  (65,6),  (93,6),  (174,6),  (201,2),  (200,2),  (199,6),  (227,1),  (367,1),  (394,1), 


[Timing] Time passed: 931.519466 s

Posterior Probability: -150.243069
Agreement with demo: 5.9%
Current angular diffs: 97'

Selected number of demos: 32

-- Positive Demos --
 (359,6),  (413,6),  (442,6),  (469,6),  (468,2),  (467,2),  (466,2),  (465,2),  (463,4),  (434,4),  (377,0),  (348,0),  (321,0),  (293,0),  (264,0),  (236,0),  (179,0),  (123,0),  (65,6),  (93,6),  (119,6),  (174,6),  (200,2),  (227,1),  (283,1),  (311,1),  (367,1),  (423,1),  (451,1),  (479,1),  (507,1), 


[Timing] Time passed: 924.603228 s

Posterior Probability: -211.1135082
Agreement with demo: 8.8%
Current angular diffs: 86'

Selected number of demos: 33

-- Positive Demos --
 (333,6),  (387,6),  (413,6),  (469,6),  (467,2),  (465,2),  (464,2),  (434,4),  (404,4),  (377,0),  (348,0),  (321,0),  (293,0),  (264,0),  (236,0),  (206,4),  (151,0),  (95,4),  (65,6),  (120,6),  (119,6),  (147,6),  (174,6),  (200,2),  (199,6),  (255,1),  (283,1),  (338,1),  (367,1),  (394,1),  (423,1),  (451,1),  (479,1), 


[Timing] Time passed: 933.125396 s

Posterior Probability: -136.0283614
Agreement with demo: 5.9%
Current angular diffs: 97'

Selected number of demos: 17

-- Positive Demos --
 (387,6),  (442,6),  (465,2),  (434,4),  (377,0),  (293,0),  (236,0),  (151,0),  (123,0),  (95,4),  (65,6),  (174,6),  (200,2),  (199,6),  (338,1),  (479,1),  (507,1), 


[Timing] Time passed: 903.543896 s

Posterior Probability: -68.80158572
Agreement with demo: 8.8%
Current angular diffs: 96'

Selected number of demos: 23

-- Positive Demos --
 (359,6),  (413,6),  (469,6),  (466,2),  (465,2),  (463,4),  (404,4),  (348,0),  (264,4),  (206,4),  (151,0),  (65,6),  (93,6),  (147,6),  (201,2),  (200,2),  (227,1),  (311,1),  (338,1),  (367,1),  (423,1),  (479,1),  (507,1), 


[Timing] Time passed: 842.413964 s

Posterior Probability: -46.82262951
Agreement with demo: 7.4%
Current angular diffs: 96'

-----------------------------
Avg angular diffs: 86'
-- learned weights --
Feature Weights: 0.3485, 0.5155, -0.5285, -0.1, 
