processing file :../birl_data/28_42_4_objects.txt

Initializing gridworld of size 32 by 24..
    Num states: 768
    Num actions: 8

Total number of demos: 108

Selected number of demos: 108

-- Positive Demos --
 (698,3), 


 - [Timing] Time passed: 92.950616 s
- Current feature weights:3.472222222e-05, 0.0001273148148, 7.87037037e-05, -0.0001
 - Posterior Probability: -1.43217
 - Agreement with demo: 100%
 - Current angular diffs: 0'

-- Positive Demos --
 (707,3),  (710,3),  (717,3), 


 - [Timing] Time passed: 85.1943 s
- Current feature weights:-3.472222222e-05, 0.0006481481481, 0.0003078703704, -0.0001
 - Posterior Probability: -5.68752
 - Agreement with demo: 33.3333%
 - Current angular diffs: 60'

-- Positive Demos --
 (727,3), 


 - [Timing] Time passed: 70.075318 s
- Current feature weights:-9.027777778e-05, 0.0008101851852, 0.0003356481481, -0.0001
 - Posterior Probability: -2.25424
 - Agreement with demo: 0%
 - Current angular diffs: 90'

-- Positive Demos --
 (733,3),  (728,3),  (727,3),  (731,3),  (730,3),  (720,5), 


 - [Timing] Time passed: 99.979407 s
- Current feature weights:-0.001645833333, 0.001425925926, 0.0009837962963, -0.0001
 - Posterior Probability: -11.9382
 - Agreement with demo: 28.5714%
 - Current angular diffs: 77.1429'

-- Positive Demos --
 (706,5),  (696,5),  (688,5),  (675,0),  (654,0),  (634,5),  (618,5),  (608,5),  (598,4), 


 - [Timing] Time passed: 91.145838 s
- Current feature weights:-0.003583333333, 0.002842592593, 0.001837962963, -0.0001
 - Posterior Probability: -17.946
 - Agreement with demo: 11.1111%
 - Current angular diffs: 80'

-- Positive Demos --
 (589,4), 


 - [Timing] Time passed: 111.055022 s
- Current feature weights:-0.003782407407, 0.002902777778, 0.00200462963, -0.0001
 - Posterior Probability: -1.42311
 - Agreement with demo: 0%
 - Current angular diffs: 90'

-- Positive Demos --
 (577,4),  (565,4), 


 - [Timing] Time passed: 131.56217 s
- Current feature weights:-0.004444444444, 0.003328703704, 0.002361111111, -0.0001
 - Posterior Probability: -2.97991
 - Agreement with demo: 50%
 - Current angular diffs: 67.5'

-- Positive Demos --
 (553,2),  (548,2),  (551,2),  (555,2),  (553,0), 


 - [Timing] Time passed: 116.667925 s
- Current feature weights:-0.005787037037, 0.00405787037, 0.003136574074, -0.0001
 - Posterior Probability: -13.3918
 - Agreement with demo: 0%
 - Current angular diffs: 108'

-- Positive Demos --
 (550,5),  (545,5),  (541,4),  (538,2),  (535,2),  (539,6), 


 - [Timing] Time passed: 89.205186 s
- Current feature weights:-0.007634259259, 0.00493287037, 0.002775462963, -0.0001
 - Posterior Probability: -11.3153
 - Agreement with demo: 16.6667%
 - Current angular diffs: 37.5'

-- Positive Demos --
 (545,1),  (554,6),  (578,6),  (591,2), 


 - [Timing] Time passed: 73.436643 s
- Current feature weights:-0.009180555556, 0.00494212963, 0.002738425926, -0.0001
 - Posterior Probability: -8.3381
 - Agreement with demo: 0%
 - Current angular diffs: 146.25'

-- Positive Demos --
 (596,2), 


 - [Timing] Time passed: 68.967715 s
- Current feature weights:-0.009263888889, 0.004837962963, 0.002513888889, -0.0001
 - Posterior Probability: -2.7642
 - Agreement with demo: 0%
 - Current angular diffs: 90'

-- Positive Demos --
 (591,2),  (593,2), 


 - [Timing] Time passed: 68.261536 s
- Current feature weights:-0.009365740741, 0.00500462963, 0.001652777778, -0.0001
 - Posterior Probability: -3.65909
 - Agreement with demo: 0%
 - Current angular diffs: 67.5'

-- Positive Demos --
 (597,2),  (594,4), 


 - [Timing] Time passed: 73.256143 s
- Current feature weights:-0.009564814815, 0.005148148148, 0.001328703704, -0.0001
 - Posterior Probability: -4.90602
 - Agreement with demo: 0%
 - Current angular diffs: 112.5'

-- Positive Demos --
 (587,4),  (586,4),  (585,0),  (571,0),  (561,2),  (559,4),  (554,4),  (546,4),  (536,2), 


 - [Timing] Time passed: 63.407213 s
- Current feature weights:-0.01071064815, 0.005231481481, 0.0003912037037, -0.0001
 - Posterior Probability: -18.8469
 - Agreement with demo: 0%
 - Current angular diffs: 110'

-- Positive Demos --
 (532,2),  (530,2),  (526,2),  (524,2),  (520,2),  (521,2),  (523,2), 


 - [Timing] Time passed: 63.871495 s
- Current feature weights:-0.01254398148, 0.003231481481, -0.0006273148148, -0.0001
 - Posterior Probability: -14.1442
 - Agreement with demo: 0%
 - Current angular diffs: 90'

-- Positive Demos --
 (515,2),  (510,2),  (506,4),  (500,0),  (494,0),  (481,5),  (467,5),  (460,0),  (453,0),  (442,0), 


 - [Timing] Time passed: 61.095598 s
- Current feature weights:-0.0141875, -0.0008425925926, -0.003474537037, -0.0001
 - Posterior Probability: -21.5669
 - Agreement with demo: 20%
 - Current angular diffs: 90'

-- Positive Demos --
 (425,0), 


 - [Timing] Time passed: 61.985447 s
- Current feature weights:-0.01397453704, -0.001217592593, -0.003636574074, -0.0001
 - Posterior Probability: -1.58343
 - Agreement with demo: 100%
 - Current angular diffs: 0'

-- Positive Demos --
 (405,0),  (377,0),  (350,5),  (334,5),  (314,0),  (286,0),  (258,5),  (233,5),  (213,5), 


 - [Timing] Time passed: 59.790138 s
- Current feature weights:-0.01324537037, -0.004134259259, -0.004782407407, -0.0001
 - Posterior Probability: -20.6663
 - Agreement with demo: 11.1111%
 - Current angular diffs: 80'

-- Positive Demos --
 (195,5),  (181,3),  (170,3),  (162,3),  (150,5),  (130,3),  (119,3),  (115,3),  (114,3), 


 - [Timing] Time passed: 57.852488 s
- Current feature weights:-0.0135162037, -0.004946759259, -0.007699074074, -0.0001
 - Posterior Probability: -18.3693
 - Agreement with demo: 11.1111%
 - Current angular diffs: 95'

-- Positive Demos --
 (112,3), 


 - [Timing] Time passed: 59.6311 s
- Current feature weights:-0.01338657407, -0.004928240741, -0.008032407407, -0.0001
 - Posterior Probability: -1.485
 - Agreement with demo: 0%
 - Current angular diffs: 45'

-----------------------------
Avg angular diffs: 72.0833'
Total agreement with demo: 11.1111%
-- learned weights --
Final feature weights:-0.0133866, -0.00492824, -0.00803241, -0.0001
