processing file :../birl_data/31_16_1_objects.txt

Initializing gridworld of size 32 by 24..
    Num states: 768
    Num actions: 8

Total number of demos: 70

Total number of good demos: 49

Selected number of demos: 49

-- Positive Demos --
 (667,1),  (668,7),  (673,7),  (680,3), 


 - [Timing] Time passed: 132.596911 s
- Current feature weights:-0.01428571429, -0.001714285714, 0.005387755102, -0.0001
 - Posterior Probability: -8.31777
 - Agreement with demo: 50%
 - Current angular diffs: 56.25'

-- Positive Demos --
 (670,3),  (671,3),  (678,3), 


 - [Timing] Time passed: 129.271994 s
- Current feature weights:-0.02365306122, 0.003551020408, 0.008387755102, -0.0001
 - Posterior Probability: -6.23832
 - Agreement with demo: 0%
 - Current angular diffs: 90'

-- Positive Demos --
 (683,3), 


 - [Timing] Time passed: 127.315152 s
- Current feature weights:-0.02710204082, 0.006224489796, 0.009979591837, -0.0001
 - Posterior Probability: -2.07944
 - Agreement with demo: 0%
 - Current angular diffs: 45'

-- Positive Demos --
 (687,3), 


 - [Timing] Time passed: 126.750952 s
- Current feature weights:-0.032, 0.008551020408, 0.00793877551, -0.0001
 - Posterior Probability: -2.07944
 - Agreement with demo: 0%
 - Current angular diffs: 45'

-- Positive Demos --
 (681,3),  (665,3),  (649,3),  (635,5), 


 - [Timing] Time passed: 131.612036 s
- Current feature weights:-0.05102040816, 0.01989795918, 0.00287755102, -0.0001
 - Posterior Probability: -8.31777
 - Agreement with demo: 25%
 - Current angular diffs: 101.25'

-- Positive Demos --
 (613,5), 


 - [Timing] Time passed: 133.004409 s
- Current feature weights:-0.0542244898, 0.02612244898, 0.002632653061, -0.0001
 - Posterior Probability: -2.07944
 - Agreement with demo: 0%
 - Current angular diffs: 180'

-- Positive Demos --
 (584,0),  (558,0),  (533,4), 


 - [Timing] Time passed: 130.539846 s
- Current feature weights:-0.06340816327, 0.04816326531, -0.004469387755, -0.0001
 - Posterior Probability: -6.23832
 - Agreement with demo: 0%
 - Current angular diffs: 60'

-- Positive Demos --
 (504,4), 


 - [Timing] Time passed: 130.740996 s
- Current feature weights:-0.06459183673, 0.05589795918, -0.008612244898, -0.0001
 - Posterior Probability: -2.07944
 - Agreement with demo: 0%
 - Current angular diffs: 90'

-- Positive Demos --
 (475,4), 


 - [Timing] Time passed: 121.606318 s
- Current feature weights:-0.06773469388, 0.06571428571, -0.009816326531, -0.0001
 - Posterior Probability: -2.07944
 - Agreement with demo: 0%
 - Current angular diffs: 135'

-- Positive Demos --
 (445,4),  (418,2),  (406,2), 


 - [Timing] Time passed: 123.663614 s
- Current feature weights:-0.07459183673, 0.09216326531, -0.01544897959, -0.0001
 - Posterior Probability: -6.23832
 - Agreement with demo: 33.3333%
 - Current angular diffs: 60'

-- Positive Demos --
 (394,2),  (378,2),  (373,2),  (371,2), 


 - [Timing] Time passed: 126.002418 s
- Current feature weights:-0.09059183673, 0.1186122449, -0.01757142857, -0.0001
 - Posterior Probability: -8.31777
 - Agreement with demo: 0%
 - Current angular diffs: 67.5'

-- Positive Demos --
 (357,2),  (340,2),  (334,2),  (323,2), 


 - [Timing] Time passed: 123.344744 s
- Current feature weights:-0.1096122449, 0.1302040816, -0.02255102041, -0.0001
 - Posterior Probability: -8.31777
 - Agreement with demo: 25%
 - Current angular diffs: 56.25'

-- Positive Demos --
 (300,2),  (280,4),  (256,4),  (227,0), 


 - [Timing] Time passed: 119.212152 s
- Current feature weights:-0.1316530612, 0.1512653061, -0.02793877551, -0.0001
 - Posterior Probability: -8.31777
 - Agreement with demo: 25%
 - Current angular diffs: 67.5'

-- Positive Demos --
 (202,0),  (181,5), 


 - [Timing] Time passed: 137.356175 s
- Current feature weights:-0.1458163265, 0.1639183673, -0.03165306122, -0.0001
 - Posterior Probability: -4.15888
 - Agreement with demo: 0%
 - Current angular diffs: 45'

-- Positive Demos --
 (160,3),  (123,3), 


 - [Timing] Time passed: 151.684301 s
- Current feature weights:-0.1607959184, 0.1764897959, -0.0317755102, -0.0001
 - Posterior Probability: -4.15888
 - Agreement with demo: 0%
 - Current angular diffs: 112.5'

-- Positive Demos --
 (126,3),  (128,3),  (125,3),  (130,3), 


 - [Timing] Time passed: 121.261641 s
- Current feature weights:-0.2029183673, 0.1860408163, -0.03087755102, -0.0001
 - Posterior Probability: -8.31777
 - Agreement with demo: 50%
 - Current angular diffs: 90'

-- Positive Demos --
 (136,3), 


 - [Timing] Time passed: 142.727616 s
- Current feature weights:-0.213755102, 0.1910612245, -0.03346938776, -0.0001
 - Posterior Probability: -2.07944
 - Agreement with demo: 0%
 - Current angular diffs: 90'

-- Positive Demos --
 (133,3), 


 - [Timing] Time passed: 149.628156 s
- Current feature weights:-0.2278367347, 0.1969591837, -0.03446938776, -0.0001
 - Posterior Probability: -2.07944
 - Agreement with demo: 0%
 - Current angular diffs: 135'

-- Positive Demos --
 (142,3), 


 - [Timing] Time passed: 92.254049 s
- Current feature weights:-0.2419183673, 0.2028571429, -0.03546938776, -0.0001
 - Posterior Probability: -1.09862
 - Agreement with demo: 0%
 - Current angular diffs: 135'

-- Positive Demos --
 (139,3), 


 - [Timing] Time passed: 127.576604 s
- Current feature weights:-0.2537959184, 0.2076734694, -0.03408163265, -0.0001
 - Posterior Probability: -2.07944
 - Agreement with demo: 0%
 - Current angular diffs: 135'

-- Positive Demos --
 (146,3), 


 - [Timing] Time passed: 158.552353 s
- Current feature weights:-0.2665714286, 0.212122449, -0.03359183673, -0.0001
 - Posterior Probability: -2.07944
 - Agreement with demo: 100%
 - Current angular diffs: 0'

-- Positive Demos --
 (153,4), 


 - [Timing] Time passed: 152.97248 s
- Current feature weights:-0.2796938776, 0.2184897959, -0.03018367347, -0.0001
 - Posterior Probability: -2.07944
 - Agreement with demo: 0%
 - Current angular diffs: 45'

-----------------------------
Avg angular diffs: 76.2245'
Total agreement with demo: 18.3673%
-- learned weights --
Final feature weights:-0.279694, 0.21849, -0.0301837, -0.0001
