loading features...

Initializing gridworld of size 28 by 22..
    Num states: 616
    Num actions: 8

Total number of demos: 80

Selected number of demos: 24

-- Positive Demos --
 (448,3),  (452,3),  (453,3),  (455,7),  (542,7),  (544,3),  (519,5),  (492,5),  (440,5),  (358,0),  (275,4),  (212,2),  (183,2),  (260,6),  (287,2),  (253,4),  (85,5),  (30,5),  (38,7),  (70,3),  (101,3),  (107,5),  (81,5),  (54,5), 


[Timing] Time passed: 86.736261 s

Posterior Probability: -77.55905538
Agreement with demo: 17%
Current angular diffs: 88'

Selected number of demos: 80

-- Positive Demos --
 (503,0),  (476,5),  (448,3),  (449,5),  (450,3),  (451,3),  (452,3),  (453,3),  (454,3),  (455,7),  (484,7),  (485,3),  (514,1),  (542,7),  (542,3),  (543,3),  (544,3),  (546,5),  (519,5),  (492,5),  (493,5),  (466,5),  (439,5),  (440,3),  (440,5),  (411,0),  (412,3),  (413,5),  (387,0),  (358,0),  (332,0),  (304,4),  (275,4),  (246,4),  (216,2),  (215,2),  (213,2),  (212,2),  (183,2),  (209,2),  (207,2),  (206,6),  (233,6),  (260,6),  (287,2),  (285,2),  (312,2),  (310,4),  (281,4),  (253,4),  (224,0),  (195,0),  (168,0),  (112,5),  (85,5),  (58,5),  (30,5),  (32,3),  (5,3),  (35,3),  (37,3),  (38,7),  (69,7),  (70,3),  (100,3),  (101,3),  (131,3),  (132,3),  (134,3),  (107,5),  (108,5),  (81,5),  (53,5),  (25,5),  (54,5),  (25,7), 


[Timing] Time passed: 161.787305 s

Posterior Probability: -338.5641395
Agreement with demo: 15%
Current angular diffs: 90'

Selected number of demos: 36

-- Positive Demos --
 (448,3),  (450,3),  (451,3),  (454,3),  (485,3),  (514,1),  (543,3),  (544,3),  (519,5),  (493,5),  (439,5),  (440,3),  (412,3),  (387,0),  (332,0),  (275,4),  (246,4),  (213,2),  (212,2),  (207,2),  (233,6),  (287,2),  (310,4),  (253,4),  (195,0),  (85,5),  (30,5),  (5,3),  (37,3),  (69,7),  (100,3),  (131,3),  (107,5),  (81,5),  (25,5), 


[Timing] Time passed: 159.629735 s

Posterior Probability: -166.022081
Agreement with demo: 15%
Current angular diffs: 90'

Selected number of demos: 33

-- Positive Demos --
 (503,0),  (476,5),  (448,3),  (450,3),  (452,3),  (453,3),  (454,3),  (485,3),  (543,3),  (546,5),  (519,5),  (492,5),  (466,5),  (440,3),  (412,3),  (413,5),  (358,0),  (275,4),  (246,4),  (215,2),  (183,2),  (206,6),  (285,2),  (310,4),  (224,0),  (168,0),  (85,5),  (30,5),  (37,3),  (100,3),  (132,3),  (81,5),  (25,7), 


[Timing] Time passed: 160.770265 s

Posterior Probability: -443.814419
Agreement with demo: 7.3%
Current angular diffs: 84'

Selected number of demos: 48

-- Positive Demos --
 (503,0),  (448,3),  (450,3),  (452,3),  (454,3),  (455,7),  (485,3),  (542,7),  (543,3),  (544,3),  (519,5),  (493,5),  (439,5),  (440,3),  (440,5),  (411,0),  (412,3),  (413,5),  (358,0),  (304,4),  (275,4),  (246,4),  (215,2),  (213,2),  (183,2),  (207,2),  (233,6),  (287,2),  (312,2),  (281,4),  (224,0),  (168,0),  (85,5),  (58,5),  (32,3),  (35,3),  (38,7),  (70,3),  (101,3),  (131,3),  (134,3),  (107,5),  (81,5),  (53,5),  (25,5),  (25,7), 


[Timing] Time passed: 160.884248 s

Posterior Probability: -412.6920379
Agreement with demo: 16%
Current angular diffs: 84'

Selected number of demos: 80

-- Positive Demos --
 (503,0),  (476,5),  (448,3),  (449,5),  (450,3),  (451,3),  (452,3),  (453,3),  (454,3),  (455,7),  (484,7),  (485,3),  (514,1),  (542,7),  (542,3),  (543,3),  (544,3),  (546,5),  (519,5),  (492,5),  (493,5),  (466,5),  (439,5),  (440,3),  (440,5),  (411,0),  (412,3),  (413,5),  (387,0),  (358,0),  (332,0),  (304,4),  (275,4),  (246,4),  (216,2),  (215,2),  (213,2),  (212,2),  (183,2),  (209,2),  (207,2),  (206,6),  (233,6),  (260,6),  (287,2),  (285,2),  (312,2),  (310,4),  (281,4),  (253,4),  (224,0),  (195,0),  (168,0),  (112,5),  (85,5),  (58,5),  (30,5),  (32,3),  (5,3),  (35,3),  (37,3),  (38,7),  (69,7),  (70,3),  (100,3),  (101,3),  (131,3),  (132,3),  (134,3),  (107,5),  (108,5),  (81,5),  (53,5),  (25,5),  (54,5),  (25,7), 


[Timing] Time passed: 156.394221 s

Posterior Probability: -432.8092945
Agreement with demo: 24%
Current angular diffs: 85'

Selected number of demos: 80

-- Positive Demos --
 (503,0),  (476,5),  (448,3),  (449,5),  (450,3),  (451,3),  (452,3),  (453,3),  (454,3),  (455,7),  (484,7),  (485,3),  (514,1),  (542,7),  (542,3),  (543,3),  (544,3),  (546,5),  (519,5),  (492,5),  (493,5),  (466,5),  (439,5),  (440,3),  (440,5),  (411,0),  (412,3),  (413,5),  (387,0),  (358,0),  (332,0),  (304,4),  (275,4),  (246,4),  (216,2),  (215,2),  (213,2),  (212,2),  (183,2),  (209,2),  (207,2),  (206,6),  (233,6),  (260,6),  (287,2),  (285,2),  (312,2),  (310,4),  (281,4),  (253,4),  (224,0),  (195,0),  (168,0),  (112,5),  (85,5),  (58,5),  (30,5),  (32,3),  (5,3),  (35,3),  (37,3),  (38,7),  (69,7),  (70,3),  (100,3),  (101,3),  (131,3),  (132,3),  (134,3),  (107,5),  (108,5),  (81,5),  (53,5),  (25,5),  (54,5),  (25,7), 


[Timing] Time passed: 147.353628 s

Posterior Probability: -327.1125439
Agreement with demo: 25%
Current angular diffs: 85'

Selected number of demos: 25

-- Positive Demos --
 (449,5),  (452,3),  (484,7),  (514,1),  (543,3),  (546,5),  (519,5),  (493,5),  (411,0),  (412,3),  (358,0),  (304,4),  (275,4),  (215,2),  (209,2),  (206,6),  (312,2),  (281,4),  (168,0),  (32,3),  (35,3),  (100,3),  (134,3),  (53,5),  (25,7), 


[Timing] Time passed: 127.142554 s

Posterior Probability: -164.7136838
Agreement with demo: 12%
Current angular diffs: 79'

Selected number of demos: 52

-- Positive Demos --
 (476,5),  (448,3),  (449,5),  (451,3),  (453,3),  (454,3),  (484,7),  (485,3),  (542,7),  (542,3),  (544,3),  (546,5),  (492,5),  (493,5),  (439,5),  (440,5),  (412,3),  (413,5),  (387,0),  (358,0),  (304,4),  (275,4),  (216,2),  (213,2),  (212,2),  (183,2),  (207,2),  (206,6),  (233,6),  (260,6),  (287,2),  (285,2),  (310,4),  (281,4),  (224,0),  (195,0),  (168,0),  (85,5),  (30,5),  (5,3),  (37,3),  (69,7),  (70,3),  (100,3),  (131,3),  (134,3),  (108,5),  (81,5),  (53,5),  (25,5),  (54,5), 


[Timing] Time passed: 113.297889 s

Posterior Probability: -264.9895904
Agreement with demo: 15%
Current angular diffs: 79'

Selected number of demos: 80

-- Positive Demos --
 (503,0),  (476,5),  (448,3),  (449,5),  (450,3),  (451,3),  (452,3),  (453,3),  (454,3),  (455,7),  (484,7),  (485,3),  (514,1),  (542,7),  (542,3),  (543,3),  (544,3),  (546,5),  (519,5),  (492,5),  (493,5),  (466,5),  (439,5),  (440,3),  (440,5),  (411,0),  (412,3),  (413,5),  (387,0),  (358,0),  (332,0),  (304,4),  (275,4),  (246,4),  (216,2),  (215,2),  (213,2),  (212,2),  (183,2),  (209,2),  (207,2),  (206,6),  (233,6),  (260,6),  (287,2),  (285,2),  (312,2),  (310,4),  (281,4),  (253,4),  (224,0),  (195,0),  (168,0),  (112,5),  (85,5),  (58,5),  (30,5),  (32,3),  (5,3),  (35,3),  (37,3),  (38,7),  (69,7),  (70,3),  (100,3),  (101,3),  (131,3),  (132,3),  (134,3),  (107,5),  (108,5),  (81,5),  (53,5),  (25,5),  (54,5),  (25,7), 


[Timing] Time passed: 121.163981 s

Posterior Probability: -341.0603567
Agreement with demo: 12%
Current angular diffs: 84'

Selected number of demos: 80

-- Positive Demos --
 (503,0),  (476,5),  (448,3),  (449,5),  (450,3),  (451,3),  (452,3),  (453,3),  (454,3),  (455,7),  (484,7),  (485,3),  (514,1),  (542,7),  (542,3),  (543,3),  (544,3),  (546,5),  (519,5),  (492,5),  (493,5),  (466,5),  (439,5),  (440,3),  (440,5),  (411,0),  (412,3),  (413,5),  (387,0),  (358,0),  (332,0),  (304,4),  (275,4),  (246,4),  (216,2),  (215,2),  (213,2),  (212,2),  (183,2),  (209,2),  (207,2),  (206,6),  (233,6),  (260,6),  (287,2),  (285,2),  (312,2),  (310,4),  (281,4),  (253,4),  (224,0),  (195,0),  (168,0),  (112,5),  (85,5),  (58,5),  (30,5),  (32,3),  (5,3),  (35,3),  (37,3),  (38,7),  (69,7),  (70,3),  (100,3),  (101,3),  (131,3),  (132,3),  (134,3),  (107,5),  (108,5),  (81,5),  (53,5),  (25,5),  (54,5),  (25,7), 


[Timing] Time passed: 96.497099 s

Posterior Probability: -359.2307672
Agreement with demo: 11%
Current angular diffs: 88'

Selected number of demos: 50

-- Positive Demos --
 (476,5),  (448,3),  (450,3),  (452,3),  (454,3),  (455,7),  (485,3),  (542,7),  (543,3),  (544,3),  (519,5),  (492,5),  (493,5),  (439,5),  (440,5),  (412,3),  (413,5),  (358,0),  (332,0),  (275,4),  (216,2),  (213,2),  (183,2),  (209,2),  (206,6),  (233,6),  (287,2),  (285,2),  (310,4),  (253,4),  (195,0),  (168,0),  (112,5),  (58,5),  (30,5),  (5,3),  (37,3),  (38,7),  (69,7),  (100,3),  (131,3),  (132,3),  (134,3),  (107,5),  (81,5),  (25,5),  (54,5),  (25,7), 


[Timing] Time passed: 89.740195 s

Posterior Probability: -826.1279921
Agreement with demo: 6.4%
Current angular diffs: 86'

Selected number of demos: 32

-- Positive Demos --
 (448,3),  (451,3),  (454,3),  (485,3),  (542,3),  (544,3),  (519,5),  (493,5),  (439,5),  (411,0),  (412,3),  (332,0),  (246,4),  (216,2),  (212,2),  (207,2),  (233,6),  (285,2),  (312,2),  (281,4),  (168,0),  (58,5),  (5,3),  (37,3),  (70,3),  (131,3),  (132,3),  (134,3),  (108,5),  (81,5),  (25,7), 


[Timing] Time passed: 87.375277 s

Posterior Probability: -152.0755906
Agreement with demo: 15%
Current angular diffs: 89'

Selected number of demos: 80

-- Positive Demos --
 (503,0),  (476,5),  (448,3),  (449,5),  (450,3),  (451,3),  (452,3),  (453,3),  (454,3),  (455,7),  (484,7),  (485,3),  (514,1),  (542,7),  (542,3),  (543,3),  (544,3),  (546,5),  (519,5),  (492,5),  (493,5),  (466,5),  (439,5),  (440,3),  (440,5),  (411,0),  (412,3),  (413,5),  (387,0),  (358,0),  (332,0),  (304,4),  (275,4),  (246,4),  (216,2),  (215,2),  (213,2),  (212,2),  (183,2),  (209,2),  (207,2),  (206,6),  (233,6),  (260,6),  (287,2),  (285,2),  (312,2),  (310,4),  (281,4),  (253,4),  (224,0),  (195,0),  (168,0),  (112,5),  (85,5),  (58,5),  (30,5),  (32,3),  (5,3),  (35,3),  (37,3),  (38,7),  (69,7),  (70,3),  (100,3),  (101,3),  (131,3),  (132,3),  (134,3),  (107,5),  (108,5),  (81,5),  (53,5),  (25,5),  (54,5),  (25,7), 


[Timing] Time passed: 90.836577 s

Posterior Probability: -484.9401938
Agreement with demo: 20%
Current angular diffs: 88'

Selected number of demos: 19

-- Positive Demos --
 (450,3),  (455,7),  (542,3),  (492,5),  (440,3),  (413,5),  (275,4),  (213,2),  (209,2),  (285,2),  (312,2),  (281,4),  (168,0),  (112,5),  (85,5),  (35,3),  (69,7),  (132,3),  (53,5), 


[Timing] Time passed: 90.672662 s

Posterior Probability: -43.56844404
Agreement with demo: 20%
Current angular diffs: 90'

-----------------------------
Avg angular diffs: 79'
-- learned weights --
Feature Weights: -0.3875, -0.9315, 0.3325, -0.1, 
