loading features...

Initializing gridworld of size 28 by 22..
    Num states: 616
    Num actions: 8

Total number of demos: 39

Selected number of demos: 23

-- Positive Demos --
 (138,1),  (220,6),  (304,1),  (387,6),  (470,6),  (524,6),  (522,4),  (494,4),  (437,0),  (351,0),  (267,0),  (210,4),  (182,4),  (153,4),  (152,4),  (123,2),  (149,6),  (201,1),  (258,6),  (285,6),  (368,6),  (423,6),  (478,6), 


[Timing] Time passed: 157.227671 s

Posterior Probability: -184.5731134
Agreement with demo: 11%
Current angular diffs: 98'

Selected number of demos: 16

-- Positive Demos --
 (194,1),  (359,6),  (387,6),  (470,6),  (497,6),  (524,6),  (494,4),  (465,4),  (437,0),  (324,0),  (267,0),  (152,4),  (149,6),  (201,1),  (285,6),  (423,6), 


[Timing] Time passed: 163.434314 s

Posterior Probability: -56.16047758
Agreement with demo: 4%
Current angular diffs: 1e+02'

Selected number of demos: 12

-- Positive Demos --
 (220,6),  (413,6),  (497,6),  (524,6),  (465,4),  (324,0),  (153,4),  (152,4),  (201,1),  (258,6),  (368,6),  (423,6), 


[Timing] Time passed: 160.851391 s

Posterior Probability: -57.17087784
Agreement with demo: 15%
Current angular diffs: 95'

Selected number of demos: 18

-- Positive Demos --
 (194,1),  (304,1),  (413,6),  (497,6),  (524,6),  (522,4),  (465,4),  (408,0),  (351,0),  (267,0),  (210,4),  (182,4),  (152,4),  (149,6),  (258,6),  (285,6),  (368,6),  (423,6), 


[Timing] Time passed: 164.498122 s

Posterior Probability: -64.17583201
Agreement with demo: 13%
Current angular diffs: 94'

Selected number of demos: 10

-- Positive Demos --
 (248,1),  (387,6),  (523,2),  (465,4),  (408,0),  (267,0),  (123,2),  (175,6),  (368,6),  (450,6), 


[Timing] Time passed: 160.311204 s

Posterior Probability: -50.0847839
Agreement with demo: 11%
Current angular diffs: 91'

Selected number of demos: 16

-- Positive Demos --
 (110,1),  (220,6),  (248,1),  (387,6),  (470,6),  (522,4),  (465,4),  (437,0),  (351,0),  (210,4),  (182,4),  (153,4),  (123,2),  (149,6),  (285,6),  (423,6), 


[Timing] Time passed: 152.358232 s

Posterior Probability: -55.17893314
Agreement with demo: 9.3%
Current angular diffs: 89'

Selected number of demos: 10

-- Positive Demos --
 (110,1),  (359,6),  (523,2),  (494,4),  (324,0),  (153,4),  (152,4),  (201,1),  (258,6),  (423,6), 


[Timing] Time passed: 138.536075 s

Posterior Probability: -28.61053808
Agreement with demo: 19%
Current angular diffs: 89'

-----------------------------
Avg angular diffs: 89'
-- learned weights --
Feature Weights: -0.5885, -0.10025, 0.07275, -0.1, 
