processing file :../birl_data/31_7_2_objects.txt

Initializing gridworld of size 32 by 24..
    Num states: 768
    Num actions: 8

Total number of demos: 93

Total number of good demos: 50

Selected number of demos: 50

-- Positive Demos --
 (68,1),  (92,1),  (123,1), 


 - [Timing] Time passed: 159.463467 s
- Current feature weights:0, 0.00054, 0.00042, -0.0001
 - Posterior Probability: -6.23832
 - Agreement with demo: 0%
 - Current angular diffs: 150'

-- Positive Demos --
 (164,1),  (210,1),  (308,1),  (359,1),  (411,1),  (465,1),  (517,1),  (566,6), 


 - [Timing] Time passed: 160.187919 s
- Current feature weights:-0.0128, -0.00794, 0.02266, -0.0001
 - Posterior Probability: -16.6355
 - Agreement with demo: 12.5%
 - Current angular diffs: 101.25'

-- Positive Demos --
 (605,6), 


 - [Timing] Time passed: 185.120081 s
- Current feature weights:-0.01414, -0.00852, 0.02438, -0.0001
 - Posterior Probability: -2.07944
 - Agreement with demo: 0%
 - Current angular diffs: 135'

-- Positive Demos --
 (667,2),  (681,2),  (677,4),  (660,4),  (634,4), 


 - [Timing] Time passed: 187.46445 s
- Current feature weights:-0.01264, -0.00922, 0.03998, -0.0001
 - Posterior Probability: -10.3972
 - Agreement with demo: 0%
 - Current angular diffs: 108'

-- Positive Demos --
 (603,0),  (562,0),  (518,0), 


 - [Timing] Time passed: 186.819267 s
- Current feature weights:-0.01732, -0.0097, 0.0545, -0.0001
 - Posterior Probability: -6.23832
 - Agreement with demo: 0%
 - Current angular diffs: 90'

-- Positive Demos --
 (469,0), 


 - [Timing] Time passed: 154.062454 s
- Current feature weights:-0.0185, -0.01026, 0.05708, -0.0001
 - Posterior Probability: -2.07944
 - Agreement with demo: 0%
 - Current angular diffs: 45'

-- Positive Demos --
 (419,0), 


 - [Timing] Time passed: 121.440331 s
- Current feature weights:-0.01968, -0.01082, 0.05966, -0.0001
 - Posterior Probability: 0
 - Agreement with demo: 0%
 - Current angular diffs: 45'

-- Positive Demos --
 (368,0),  (318,0),  (264,0), 


 - [Timing] Time passed: 148.085833 s
- Current feature weights:-0.02868, -0.01844, 0.071, -0.0001
 - Posterior Probability: -6.23832
 - Agreement with demo: 33.3333%
 - Current angular diffs: 90'

-- Positive Demos --
 (213,0),  (170,4),  (142,4),  (120,2), 


 - [Timing] Time passed: 109.438945 s
- Current feature weights:-0.0474, -0.02684, 0.08596, -0.0001
 - Posterior Probability: -8.31777
 - Agreement with demo: 0%
 - Current angular diffs: 90'

-- Positive Demos --
 (111,2),  (121,6),  (137,6),  (162,6),  (186,6),  (209,6), 


 - [Timing] Time passed: 109.490979 s
- Current feature weights:-0.07164, -0.03956, 0.10852, -0.0001
 - Posterior Probability: -12.4766
 - Agreement with demo: 0%
 - Current angular diffs: 90'

-- Positive Demos --
 (233,6),  (291,1),  (325,1),  (362,1),  (402,1), 


 - [Timing] Time passed: 102.964591 s
- Current feature weights:-0.08784, -0.04976, 0.14292, -0.0001
 - Posterior Probability: -10.3972
 - Agreement with demo: 0%
 - Current angular diffs: 108'

-- Positive Demos --
 (443,1),  (488,1),  (533,1),  (579,1), 


 - [Timing] Time passed: 77.226386 s
- Current feature weights:-0.09032, -0.05608, 0.15876, -0.0001
 - Posterior Probability: -8.31777
 - Agreement with demo: 0%
 - Current angular diffs: 101.25'

-- Positive Demos --
 (620,1),  (661,1), 


 - [Timing] Time passed: 64.39962 s
- Current feature weights:-0.08896, -0.06044, 0.1628, -0.0001
 - Posterior Probability: -4.15888
 - Agreement with demo: 0%
 - Current angular diffs: 112.5'

-----------------------------
Avg angular diffs: 92.7'
Total agreement with demo: 4%
-- learned weights --
Final feature weights:-0.08896, -0.06044, 0.1628, -0.0001
