processing file :../birl_data/31_9_3_objects.txt

Initializing gridworld of size 32 by 24..
    Num states: 768
    Num actions: 8

Total number of demos: 90

Total number of good demos: 58

Selected number of demos: 58

-- Positive Demos --
 (72,4),  (63,2),  (68,3),  (59,7),  (65,7),  (73,7),  (76,7),  (81,6),  (86,6),  (98,1),  (117,1),  (154,1), 


 - [Timing] Time passed: 372.466641 s
- Current feature weights:0.009931034483, -0.02751724138, -0.01551724138, -0.0001
 - Posterior Probability: -24.9533
 - Agreement with demo: 0%
 - Current angular diffs: 131.25'

-- Positive Demos --
 (198,1),  (244,1),  (294,1),  (342,1),  (387,1),  (432,1), 


 - [Timing] Time passed: 457.927494 s
- Current feature weights:0.01686206897, -0.04696551724, -0.0154137931, -0.0001
 - Posterior Probability: -12.4766
 - Agreement with demo: 0%
 - Current angular diffs: 142.5'

-- Positive Demos --
 (472,6), 


 - [Timing] Time passed: 420.387163 s
- Current feature weights:0.01925862069, -0.04986206897, -0.01418965517, -0.0001
 - Posterior Probability: -2.07944
 - Agreement with demo: 0%
 - Current angular diffs: 135'

-- Positive Demos --
 (509,6),  (540,6), 


 - [Timing] Time passed: 381.329795 s
- Current feature weights:0.02260344828, -0.05993103448, -0.008224137931, -0.0001
 - Posterior Probability: -4.15888
 - Agreement with demo: 0%
 - Current angular diffs: 157.5'

-- Positive Demos --
 (570,6),  (608,6),  (639,2),  (636,2),  (621,0),  (595,0),  (558,0), 


 - [Timing] Time passed: 352.702475 s
- Current feature weights:0.03129310345, -0.09179310345, 0.0205, -0.0001
 - Posterior Probability: -14.5561
 - Agreement with demo: 0%
 - Current angular diffs: 115.714'

-- Positive Demos --
 (515,0),  (471,0),  (425,0), 


 - [Timing] Time passed: 339.614169 s
- Current feature weights:0.03305172414, -0.1076724138, 0.04, -0.0001
 - Posterior Probability: -6.23832
 - Agreement with demo: 0%
 - Current angular diffs: 90'

-- Positive Demos --
 (375,0),  (324,0),  (278,0),  (238,4),  (211,4), 


 - [Timing] Time passed: 289.07576 s
- Current feature weights:0.03003448276, -0.1300862069, 0.06594827586, -0.0001
 - Posterior Probability: -10.3972
 - Agreement with demo: 20%
 - Current angular diffs: 72'

-- Positive Demos --
 (186,4),  (167,2),  (164,2),  (169,2),  (178,6),  (199,6),  (237,6),  (276,6),  (316,1),  (358,6),  (394,6), 


 - [Timing] Time passed: 339.152161 s
- Current feature weights:0.02168965517, -0.1807241379, 0.1473103448, -0.0001
 - Posterior Probability: -22.8739
 - Agreement with demo: 9.09091%
 - Current angular diffs: 94.0909'

-- Positive Demos --
 (424,6), 


 - [Timing] Time passed: 338.912166 s
- Current feature weights:0.02136206897, -0.1850689655, 0.1533965517, -0.0001
 - Posterior Probability: -2.07944
 - Agreement with demo: 100%
 - Current angular diffs: 0'

-- Positive Demos --
 (453,6),  (487,6), 


 - [Timing] Time passed: 276.260878 s
- Current feature weights:0.02218965517, -0.1937241379, 0.1694310345, -0.0001
 - Posterior Probability: -4.15888
 - Agreement with demo: 50%
 - Current angular diffs: 67.5'

-----------------------------
Avg angular diffs: 94.6552'
Total agreement with demo: 6.89655%
-- learned weights --
Final feature weights:0.0221897, -0.193724, 0.169431, -0.0001
