loading features...

Initializing gridworld of size 28 by 22..
    Num states: 616
    Num actions: 8

Total number of demos: 64

Selected number of demos: 23

-- Positive Demos --
 (166,1),  (166,6),  (221,1),  (277,6),  (358,2),  (357,2),  (385,7),  (442,1),  (496,6),  (492,0),  (407,0),  (239,4),  (123,2),  (122,4),  (62,2),  (61,1),  (89,6),  (117,1),  (229,7),  (258,1),  (369,6),  (506,6), 


[Timing] Time passed: 239.438091 s

Posterior Probability: -591.6845925
Agreement with demo: 26%
Current angular diffs: 78'

Selected number of demos: 33

-- Positive Demos --
 (194,1),  (249,6),  (304,6),  (358,2),  (356,6),  (385,7),  (470,6),  (497,6),  (523,2),  (521,4),  (492,0),  (436,0),  (407,0),  (324,0),  (296,0),  (239,4),  (153,4),  (123,4),  (94,4),  (64,2),  (62,2),  (61,6),  (89,6),  (117,1),  (145,1),  (200,1),  (258,7),  (258,1),  (286,6),  (369,6),  (395,6),  (451,6),  (506,6), 


[Timing] Time passed: 208.634853 s

Posterior Probability: -216.9786379
Agreement with demo: 11%
Current angular diffs: 95'

Selected number of demos: 43

-- Positive Demos --
 (166,1),  (194,1),  (221,1),  (277,6),  (332,6),  (358,2),  (357,2),  (356,6),  (385,7),  (442,1),  (497,6),  (523,2),  (522,4),  (492,0),  (464,0),  (436,0),  (407,0),  (351,0),  (296,0),  (268,4),  (239,4),  (182,4),  (153,4),  (124,2),  (123,4),  (94,4),  (64,2),  (63,2),  (62,2),  (61,6),  (89,6),  (117,1),  (145,1),  (200,1),  (229,7),  (258,7),  (258,1),  (314,6),  (369,6),  (423,6),  (451,6),  (478,6),  (506,6), 


[Timing] Time passed: 222.06176 s

Posterior Probability: -316.1298822
Agreement with demo: 12%
Current angular diffs: 90'

Selected number of demos: 64

-- Positive Demos --
 (166,1),  (166,6),  (194,1),  (221,1),  (249,6),  (277,6),  (304,6),  (332,6),  (358,2),  (357,2),  (356,6),  (385,7),  (412,1),  (442,1),  (470,6),  (497,6),  (496,6),  (523,2),  (522,4),  (521,4),  (492,0),  (464,0),  (436,0),  (407,0),  (351,0),  (324,0),  (296,0),  (268,4),  (239,4),  (210,4),  (182,4),  (153,4),  (124,2),  (123,2),  (123,4),  (122,4),  (94,4),  (93,4),  (64,2),  (63,2),  (62,2),  (61,6),  (61,1),  (89,6),  (117,1),  (145,1),  (200,1),  (229,7),  (258,7),  (258,1),  (286,6),  (314,6),  (340,6),  (369,6),  (395,6),  (423,6),  (451,6),  (478,6),  (506,6), 


[Timing] Time passed: 169.398174 s

Posterior Probability: -1885.136964
Agreement with demo: 10%
Current angular diffs: 87'

Selected number of demos: 31

-- Positive Demos --
 (166,1),  (221,1),  (249,6),  (277,6),  (358,2),  (356,6),  (442,1),  (470,6),  (497,6),  (523,2),  (522,4),  (464,0),  (436,0),  (407,0),  (296,0),  (268,4),  (210,4),  (153,4),  (123,2),  (122,4),  (64,2),  (62,2),  (61,1),  (117,1),  (200,1),  (258,7),  (258,1),  (286,6),  (369,6),  (451,6),  (478,6), 


[Timing] Time passed: 190.513796 s

Posterior Probability: -477.4110622
Agreement with demo: 8.8%
Current angular diffs: 94'

Selected number of demos: 64

-- Positive Demos --
 (166,1),  (166,6),  (194,1),  (221,1),  (249,6),  (277,6),  (304,6),  (332,6),  (358,2),  (357,2),  (356,6),  (385,7),  (412,1),  (442,1),  (470,6),  (497,6),  (496,6),  (523,2),  (522,4),  (521,4),  (492,0),  (464,0),  (436,0),  (407,0),  (351,0),  (324,0),  (296,0),  (268,4),  (239,4),  (210,4),  (182,4),  (153,4),  (124,2),  (123,2),  (123,4),  (122,4),  (94,4),  (93,4),  (64,2),  (63,2),  (62,2),  (61,6),  (61,1),  (89,6),  (117,1),  (145,1),  (200,1),  (229,7),  (258,7),  (258,1),  (286,6),  (314,6),  (340,6),  (369,6),  (395,6),  (423,6),  (451,6),  (478,6),  (506,6), 


[Timing] Time passed: 166.481525 s

Posterior Probability: -1686.071027
Agreement with demo: 12%
Current angular diffs: 1.1e+02'

Selected number of demos: 45

-- Positive Demos --
 (166,6),  (221,1),  (249,6),  (304,6),  (332,6),  (357,2),  (356,6),  (385,7),  (412,1),  (442,1),  (470,6),  (497,6),  (496,6),  (523,2),  (522,4),  (492,0),  (464,0),  (436,0),  (351,0),  (296,0),  (268,4),  (239,4),  (210,4),  (182,4),  (153,4),  (123,2),  (122,4),  (93,4),  (64,2),  (62,2),  (61,6),  (61,1),  (89,6),  (117,1),  (200,1),  (229,7),  (258,7),  (258,1),  (314,6),  (340,6),  (369,6),  (423,6),  (478,6), 


[Timing] Time passed: 169.397674 s

Posterior Probability: -1090.820396
Agreement with demo: 22%
Current angular diffs: 1e+02'

Selected number of demos: 64

-- Positive Demos --
 (166,1),  (166,6),  (194,1),  (221,1),  (249,6),  (277,6),  (304,6),  (332,6),  (358,2),  (357,2),  (356,6),  (385,7),  (412,1),  (442,1),  (470,6),  (497,6),  (496,6),  (523,2),  (522,4),  (521,4),  (492,0),  (464,0),  (436,0),  (407,0),  (351,0),  (324,0),  (296,0),  (268,4),  (239,4),  (210,4),  (182,4),  (153,4),  (124,2),  (123,2),  (123,4),  (122,4),  (94,4),  (93,4),  (64,2),  (63,2),  (62,2),  (61,6),  (61,1),  (89,6),  (117,1),  (145,1),  (200,1),  (229,7),  (258,7),  (258,1),  (286,6),  (314,6),  (340,6),  (369,6),  (395,6),  (423,6),  (451,6),  (478,6),  (506,6), 


[Timing] Time passed: 160.846952 s

Posterior Probability: -1778.005221
Agreement with demo: 21%
Current angular diffs: 86'

Selected number of demos: 20

-- Positive Demos --
 (166,1),  (166,6),  (221,1),  (357,2),  (470,6),  (521,4),  (492,0),  (351,0),  (239,4),  (182,4),  (153,4),  (122,4),  (93,4),  (61,1),  (89,6),  (229,7),  (258,1),  (369,6),  (423,6),  (478,6), 


[Timing] Time passed: 144.089839 s

Posterior Probability: -238.0986269
Agreement with demo: 19%
Current angular diffs: 98'

Selected number of demos: 20

-- Positive Demos --
 (249,6),  (332,6),  (357,2),  (470,6),  (522,4),  (492,0),  (464,0),  (436,0),  (351,0),  (210,4),  (123,4),  (63,2),  (62,2),  (61,6),  (117,1),  (258,7),  (258,1),  (314,6),  (369,6),  (506,6), 


[Timing] Time passed: 163.620648 s

Posterior Probability: -143.762611
Agreement with demo: 19%
Current angular diffs: 1e+02'

Selected number of demos: 28

-- Positive Demos --
 (166,1),  (221,1),  (332,6),  (357,2),  (412,1),  (442,1),  (523,2),  (522,4),  (521,4),  (436,0),  (324,0),  (268,4),  (210,4),  (124,2),  (123,2),  (94,4),  (63,2),  (61,1),  (89,6),  (117,1),  (200,1),  (258,7),  (314,6),  (340,6),  (395,6),  (451,6),  (478,6), 


[Timing] Time passed: 164.489687 s

Posterior Probability: -517.7608156
Agreement with demo: 16%
Current angular diffs: 1e+02'

Selected number of demos: 23

-- Positive Demos --
 (166,1),  (249,6),  (277,6),  (304,6),  (356,6),  (497,6),  (496,6),  (522,4),  (521,4),  (436,0),  (324,0),  (210,4),  (123,2),  (122,4),  (93,4),  (62,2),  (117,1),  (229,7),  (340,6),  (369,6),  (451,6), 


[Timing] Time passed: 172.796773 s

Posterior Probability: -792.090999
Agreement with demo: 10%
Current angular diffs: 89'

Selected number of demos: 20

-- Positive Demos --
 (221,1),  (304,6),  (358,2),  (385,7),  (497,6),  (522,4),  (436,0),  (296,0),  (210,4),  (124,2),  (123,4),  (93,4),  (63,2),  (61,1),  (117,1),  (229,7),  (258,7),  (286,6),  (395,6),  (478,6), 


[Timing] Time passed: 168.904234 s

Posterior Probability: -342.0293027
Agreement with demo: 24%
Current angular diffs: 93'

Selected number of demos: 29

-- Positive Demos --
 (166,1),  (194,1),  (277,6),  (358,2),  (356,6),  (385,7),  (412,1),  (497,6),  (496,6),  (523,2),  (522,4),  (492,0),  (464,0),  (436,0),  (351,0),  (324,0),  (239,4),  (153,4),  (124,2),  (122,4),  (93,4),  (62,2),  (61,1),  (117,1),  (200,1),  (258,7),  (314,6),  (395,6),  (478,6), 


[Timing] Time passed: 173.493609 s

Posterior Probability: -65.45581633
Agreement with demo: 10%
Current angular diffs: 91'

Selected number of demos: 46

-- Positive Demos --
 (166,6),  (194,1),  (221,1),  (277,6),  (332,6),  (358,2),  (356,6),  (385,7),  (412,1),  (442,1),  (470,6),  (496,6),  (523,2),  (522,4),  (521,4),  (464,0),  (407,0),  (324,0),  (296,0),  (268,4),  (239,4),  (182,4),  (153,4),  (123,2),  (123,4),  (94,4),  (64,2),  (62,2),  (61,6),  (61,1),  (89,6),  (117,1),  (200,1),  (229,7),  (258,7),  (258,1),  (286,6),  (314,6),  (340,6),  (369,6),  (395,6),  (451,6),  (478,6), 


[Timing] Time passed: 156.944143 s

Posterior Probability: -1068.436522
Agreement with demo: 19%
Current angular diffs: 1e+02'

Selected number of demos: 19

-- Positive Demos --
 (221,1),  (357,2),  (470,6),  (522,4),  (521,4),  (351,0),  (324,0),  (239,4),  (210,4),  (124,2),  (122,4),  (63,2),  (62,2),  (61,1),  (145,1),  (258,7),  (395,6),  (451,6),  (478,6), 


[Timing] Time passed: 167.426956 s

Posterior Probability: -691.4165959
Agreement with demo: 11%
Current angular diffs: 95'

Selected number of demos: 64

-- Positive Demos --
 (166,1),  (166,6),  (194,1),  (221,1),  (249,6),  (277,6),  (304,6),  (332,6),  (358,2),  (357,2),  (356,6),  (385,7),  (412,1),  (442,1),  (470,6),  (497,6),  (496,6),  (523,2),  (522,4),  (521,4),  (492,0),  (464,0),  (436,0),  (407,0),  (351,0),  (324,0),  (296,0),  (268,4),  (239,4),  (210,4),  (182,4),  (153,4),  (124,2),  (123,2),  (123,4),  (122,4),  (94,4),  (93,4),  (64,2),  (63,2),  (62,2),  (61,6),  (61,1),  (89,6),  (117,1),  (145,1),  (200,1),  (229,7),  (258,7),  (258,1),  (286,6),  (314,6),  (340,6),  (369,6),  (395,6),  (423,6),  (451,6),  (478,6),  (506,6), 


[Timing] Time passed: 163.784319 s

Posterior Probability: -1291.439514
Agreement with demo: 16%
Current angular diffs: 88'

Selected number of demos: 39

-- Positive Demos --
 (166,6),  (194,1),  (249,6),  (277,6),  (332,6),  (358,2),  (356,6),  (412,1),  (470,6),  (497,6),  (523,2),  (521,4),  (464,0),  (407,0),  (324,0),  (268,4),  (210,4),  (182,4),  (124,2),  (123,2),  (122,4),  (94,4),  (93,4),  (64,2),  (62,2),  (61,6),  (61,1),  (89,6),  (117,1),  (200,1),  (229,7),  (258,7),  (286,6),  (340,6),  (395,6),  (451,6),  (478,6),  (506,6), 


[Timing] Time passed: 154.628588 s

Posterior Probability: -683.3610625
Agreement with demo: 24%
Current angular diffs: 97'

Selected number of demos: 22

-- Positive Demos --
 (221,1),  (277,6),  (332,6),  (357,2),  (412,1),  (497,6),  (523,2),  (521,4),  (407,0),  (296,0),  (182,4),  (123,2),  (94,4),  (64,2),  (61,6),  (89,6),  (200,1),  (258,7),  (340,6),  (423,6),  (506,6), 


[Timing] Time passed: 174.752471 s

Posterior Probability: -490.1133282
Agreement with demo: 22%
Current angular diffs: 87'

Selected number of demos: 64

-- Positive Demos --
 (166,1),  (166,6),  (194,1),  (221,1),  (249,6),  (277,6),  (304,6),  (332,6),  (358,2),  (357,2),  (356,6),  (385,7),  (412,1),  (442,1),  (470,6),  (497,6),  (496,6),  (523,2),  (522,4),  (521,4),  (492,0),  (464,0),  (436,0),  (407,0),  (351,0),  (324,0),  (296,0),  (268,4),  (239,4),  (210,4),  (182,4),  (153,4),  (124,2),  (123,2),  (123,4),  (122,4),  (94,4),  (93,4),  (64,2),  (63,2),  (62,2),  (61,6),  (61,1),  (89,6),  (117,1),  (145,1),  (200,1),  (229,7),  (258,7),  (258,1),  (286,6),  (314,6),  (340,6),  (369,6),  (395,6),  (423,6),  (451,6),  (478,6),  (506,6), 


[Timing] Time passed: 159.383374 s

Posterior Probability: -1222.264004
Agreement with demo: 10%
Current angular diffs: 1.1e+02'

Selected number of demos: 41

-- Positive Demos --
 (166,6),  (194,1),  (221,1),  (277,6),  (304,6),  (332,6),  (357,2),  (385,7),  (442,1),  (470,6),  (497,6),  (496,6),  (523,2),  (522,4),  (492,0),  (436,0),  (407,0),  (351,0),  (296,0),  (239,4),  (182,4),  (124,2),  (123,4),  (122,4),  (94,4),  (64,2),  (63,2),  (62,2),  (61,1),  (89,6),  (117,1),  (200,1),  (229,7),  (258,7),  (258,1),  (314,6),  (369,6),  (423,6),  (451,6),  (478,6), 


[Timing] Time passed: 173.627635 s

Posterior Probability: -561.8159076
Agreement with demo: 19%
Current angular diffs: 1e+02'

Selected number of demos: 24

-- Positive Demos --
 (166,1),  (221,1),  (249,6),  (358,2),  (357,2),  (356,6),  (470,6),  (497,6),  (523,2),  (522,4),  (464,0),  (407,0),  (268,4),  (153,4),  (123,2),  (94,4),  (64,2),  (61,6),  (117,1),  (229,7),  (258,1),  (340,6),  (423,6),  (506,6), 


[Timing] Time passed: 155.516476 s

Posterior Probability: -656.7159969
Agreement with demo: 14%
Current angular diffs: 1.1e+02'

Selected number of demos: 64

-- Positive Demos --
 (166,1),  (166,6),  (194,1),  (221,1),  (249,6),  (277,6),  (304,6),  (332,6),  (358,2),  (357,2),  (356,6),  (385,7),  (412,1),  (442,1),  (470,6),  (497,6),  (496,6),  (523,2),  (522,4),  (521,4),  (492,0),  (464,0),  (436,0),  (407,0),  (351,0),  (324,0),  (296,0),  (268,4),  (239,4),  (210,4),  (182,4),  (153,4),  (124,2),  (123,2),  (123,4),  (122,4),  (94,4),  (93,4),  (64,2),  (63,2),  (62,2),  (61,6),  (61,1),  (89,6),  (117,1),  (145,1),  (200,1),  (229,7),  (258,7),  (258,1),  (286,6),  (314,6),  (340,6),  (369,6),  (395,6),  (423,6),  (451,6),  (478,6),  (506,6), 


[Timing] Time passed: 145.50441 s

Posterior Probability: -433.1335955
Agreement with demo: 6.2%
Current angular diffs: 97'

Selected number of demos: 19

-- Positive Demos --
 (166,1),  (249,6),  (277,6),  (332,6),  (357,2),  (442,1),  (523,2),  (464,0),  (296,0),  (210,4),  (123,4),  (94,4),  (62,2),  (89,6),  (200,1),  (229,7),  (258,1),  (369,6),  (506,6), 


[Timing] Time passed: 134.463088 s

Posterior Probability: -261.417816
Agreement with demo: 6.2%
Current angular diffs: 1e+02'

Selected number of demos: 25

-- Positive Demos --
 (194,1),  (249,6),  (304,6),  (358,2),  (356,6),  (385,7),  (497,6),  (523,2),  (492,0),  (407,0),  (296,0),  (239,4),  (153,4),  (123,2),  (93,4),  (64,2),  (62,2),  (61,1),  (117,1),  (229,7),  (258,7),  (286,6),  (369,6),  (478,6), 


[Timing] Time passed: 128.483961 s

Posterior Probability: -276.0710886
Agreement with demo: 19%
Current angular diffs: 86'

Selected number of demos: 30

-- Positive Demos --
 (166,1),  (166,6),  (249,6),  (277,6),  (304,6),  (357,2),  (356,6),  (412,1),  (497,6),  (523,2),  (522,4),  (464,0),  (351,0),  (268,4),  (182,4),  (124,2),  (123,4),  (122,4),  (94,4),  (63,2),  (62,2),  (61,1),  (117,1),  (200,1),  (229,7),  (258,1),  (314,6),  (369,6),  (423,6),  (478,6), 


[Timing] Time passed: 133.455119 s

Posterior Probability: -1387.762604
Agreement with demo: 11%
Current angular diffs: 86'

Selected number of demos: 29

-- Positive Demos --
 (166,6),  (277,6),  (304,6),  (358,2),  (357,2),  (356,6),  (470,6),  (496,6),  (521,4),  (492,0),  (351,0),  (239,4),  (210,4),  (153,4),  (124,2),  (123,2),  (123,4),  (122,4),  (63,2),  (61,6),  (89,6),  (145,1),  (229,7),  (258,7),  (286,6),  (395,6),  (451,6),  (478,6), 


[Timing] Time passed: 130.798489 s

Posterior Probability: -100.7725849
Agreement with demo: 11%
Current angular diffs: 1.1e+02'

Selected number of demos: 18

-- Positive Demos --
 (166,6),  (277,6),  (332,6),  (412,1),  (496,6),  (523,2),  (464,0),  (436,0),  (324,0),  (182,4),  (122,4),  (62,2),  (61,1),  (89,6),  (200,1),  (258,1),  (369,6),  (506,6), 


[Timing] Time passed: 119.303675 s

Posterior Probability: -308.8631709
Agreement with demo: 20%
Current angular diffs: 97'

Selected number of demos: 19

-- Positive Demos --
 (194,1),  (221,1),  (304,6),  (385,7),  (470,6),  (522,4),  (407,0),  (296,0),  (268,4),  (153,4),  (94,4),  (62,2),  (61,6),  (89,6),  (117,1),  (229,7),  (314,6),  (423,6),  (478,6), 


[Timing] Time passed: 115.145982 s

Posterior Probability: -48.32820209
Agreement with demo: 12%
Current angular diffs: 93'

-----------------------------
Avg angular diffs: 78'
-- learned weights --
Feature Weights: 0.3565, 0.4665, -0.227, -0.1, 
