processing file :../birl_data/32_15_1_objects.txt

Initializing gridworld of size 32 by 24..
    Num states: 768
    Num actions: 8

Total number of demos: 61

Total number of good demos: 53

Selected number of demos: 53

-- Positive Demos --
 (165,6),  (192,6),  (222,6),  (260,1),  (301,1),  (345,1),  (390,6),  (432,6),  (515,6),  (552,6),  (585,6),  (611,6),  (625,2),  (623,4),  (612,0), 


 - [Timing] Time passed: 57.413988 s
- Current feature weights:0.02122641509, 0.01358490566, 0.0229245283, -0.0001
 - Posterior Probability: -31.1916
 - Agreement with demo: 6.66667%
 - Current angular diffs: 114'

-- Positive Demos --
 (594,0), 


 - [Timing] Time passed: 38.943227 s
- Current feature weights:0.02264150943, 0.01449056604, 0.02445283019, -0.0001
 - Posterior Probability: 0
 - Agreement with demo: 0%
 - Current angular diffs: 135'

-- Positive Demos --
 (574,0),  (539,0),  (500,0),  (456,0),  (412,0),  (363,0),  (318,0),  (277,0),  (239,0),  (207,4), 


 - [Timing] Time passed: 49.517768 s
- Current feature weights:0.0458490566, -0.003056603774, 0.05388679245, -0.0001
 - Posterior Probability: -20.7944
 - Agreement with demo: 10%
 - Current angular diffs: 67.5'

-- Positive Demos --
 (181,4),  (158,4),  (168,6),  (190,6),  (214,6),  (241,6),  (276,6), 


 - [Timing] Time passed: 46.04481 s
- Current feature weights:0.05773584906, -0.005433962264, 0.09562264151, -0.0001
 - Posterior Probability: -14.5561
 - Agreement with demo: 0%
 - Current angular diffs: 115.714'

-- Positive Demos --
 (314,6), 


 - [Timing] Time passed: 48.211712 s
- Current feature weights:0.05818867925, -0.003716981132, 0.1011509434, -0.0001
 - Posterior Probability: -2.07944
 - Agreement with demo: 0%
 - Current angular diffs: 45'

-- Positive Demos --
 (354,6),  (395,6), 


 - [Timing] Time passed: 44.677235 s
- Current feature weights:0.0560754717, -0.001490566038, 0.1155283019, -0.0001
 - Posterior Probability: -4.15888
 - Agreement with demo: 0%
 - Current angular diffs: 90'

-- Positive Demos --
 (438,6),  (509,6),  (542,6),  (575,1),  (605,1),  (639,1),  (664,1),  (677,7),  (683,7),  (688,1),  (693,1),  (695,6),  (694,0), 


 - [Timing] Time passed: 44.768673 s
- Current feature weights:0.02958490566, 0.05247169811, 0.2126603774, -0.0001
 - Posterior Probability: -27.0327
 - Agreement with demo: 46.1538%
 - Current angular diffs: 48.4615'

-- Positive Demos --
 (691,4), 


 - [Timing] Time passed: 44.75051 s
- Current feature weights:0.0258490566, 0.05537735849, 0.219, -0.0001
 - Posterior Probability: -2.07944
 - Agreement with demo: 0%
 - Current angular diffs: 180'

-----------------------------
Avg angular diffs: 82.3585'
Total agreement with demo: 15.0943%
-- learned weights --
Final feature weights:0.0258491, 0.0553774, 0.219, -0.0001
