loading features...

Initializing gridworld of size 28 by 22..
    Num states: 616
    Num actions: 8

-- Positive Demos --
 (27,2),  (27,1),  (27,6),  (53,6),  (81,6),  (108,6),  (135,6),  (163,6),  (217,6),  (245,1),  (273,6),  (328,6),  (354,6),  (409,6),  (437,6),  (436,2),  (435,4),  (434,4),  (405,0),  (378,0),  (349,0),  (294,0),  (266,0),  (239,0),  (183,0),  (155,0),  (127,4),  (98,2),  (97,2),  (96,2),  (95,6),  (121,6),  (148,6),  (175,6),  (201,6),  (257,6),  (284,6),  (312,6),  (367,6),  (393,6),  (422,6),  (449,1),  (477,1),  (505,1),  (532,1),  (561,1),  (561,6),  (561,0),  (532,0),  (532,3), 


[Timing] Time passed: 180.423637 s

Posterior Probability: -747.382672
Agreement with demo: 3.4%
Avg angular diffs: 1.1e+02'

-- Positive Demos --
 (27,2),  (27,1),  (27,6),  (53,6),  (81,6),  (108,6),  (135,6),  (163,6),  (217,6),  (245,1),  (273,6),  (328,6),  (354,6),  (409,6),  (437,6),  (436,2),  (435,4),  (434,4),  (405,0),  (378,0),  (349,0),  (294,0),  (266,0),  (239,0),  (183,0),  (155,0),  (127,4),  (98,2),  (97,2),  (96,2),  (95,6),  (121,6),  (148,6),  (175,6),  (201,6),  (257,6),  (284,6),  (312,6),  (367,6),  (393,6),  (422,6),  (449,1),  (477,1),  (505,1),  (532,1),  (561,1),  (561,6),  (561,0),  (532,0),  (532,3), 


[Timing] Time passed: 169.551761 s

Posterior Probability: -343.5279048
Agreement with demo: 8.6%
Avg angular diffs: 87'

-- Positive Demos --
 (27,2),  (27,1),  (27,6),  (53,6),  (81,6),  (108,6),  (135,6),  (163,6),  (217,6),  (245,1),  (273,6),  (328,6),  (354,6),  (409,6),  (437,6),  (436,2),  (435,4),  (434,4),  (405,0),  (378,0),  (349,0),  (294,0),  (266,0),  (239,0),  (183,0),  (155,0),  (127,4),  (98,2),  (97,2),  (96,2),  (95,6),  (121,6),  (148,6),  (175,6),  (201,6),  (257,6),  (284,6),  (312,6),  (367,6),  (393,6),  (422,6),  (449,1),  (477,1),  (505,1),  (532,1),  (561,1),  (561,6),  (561,0),  (532,0),  (532,3), 


[Timing] Time passed: 173.496719 s

Posterior Probability: -328.3321906
Agreement with demo: 6.9%
Avg angular diffs: 94'

-- Positive Demos --
 (27,2),  (27,1),  (27,6),  (53,6),  (81,6),  (108,6),  (135,6),  (163,6),  (217,6),  (245,1),  (273,6),  (328,6),  (354,6),  (409,6),  (437,6),  (436,2),  (435,4),  (434,4),  (405,0),  (378,0),  (349,0),  (294,0),  (266,0),  (239,0),  (183,0),  (155,0),  (127,4),  (98,2),  (97,2),  (96,2),  (95,6),  (121,6),  (148,6),  (175,6),  (201,6),  (257,6),  (284,6),  (312,6),  (367,6),  (393,6),  (422,6),  (449,1),  (477,1),  (505,1),  (532,1),  (561,1),  (561,6),  (561,0),  (532,0),  (532,3), 


[Timing] Time passed: 168.025074 s

Posterior Probability: -342.6872317
Agreement with demo: 21%
Avg angular diffs: 92'

-- Positive Demos --
 (27,2),  (27,1),  (27,6),  (53,6),  (81,6),  (108,6),  (135,6),  (163,6),  (217,6),  (245,1),  (273,6),  (328,6),  (354,6),  (409,6),  (437,6),  (436,2),  (435,4),  (434,4),  (405,0),  (378,0),  (349,0),  (294,0),  (266,0),  (239,0),  (183,0),  (155,0),  (127,4),  (98,2),  (97,2),  (96,2),  (95,6),  (121,6),  (148,6),  (175,6),  (201,6),  (257,6),  (284,6),  (312,6),  (367,6),  (393,6),  (422,6),  (449,1),  (477,1),  (505,1),  (532,1),  (561,1),  (561,6),  (561,0),  (532,0),  (532,3), 


[Timing] Time passed: 168.834147 s

Posterior Probability: -416.8891164
Agreement with demo: 19%
Avg angular diffs: 86'

-- Positive Demos --
 (27,2),  (27,1),  (27,6),  (53,6),  (81,6),  (108,6),  (135,6),  (163,6),  (217,6),  (245,1),  (273,6),  (328,6),  (354,6),  (409,6),  (437,6),  (436,2),  (435,4),  (434,4),  (405,0),  (378,0),  (349,0),  (294,0),  (266,0),  (239,0),  (183,0),  (155,0),  (127,4),  (98,2),  (97,2),  (96,2),  (95,6),  (121,6),  (148,6),  (175,6),  (201,6),  (257,6),  (284,6),  (312,6),  (367,6),  (393,6),  (422,6),  (449,1),  (477,1),  (505,1),  (532,1),  (561,1),  (561,6),  (561,0),  (532,0),  (532,3), 


[Timing] Time passed: 169.567645 s

Posterior Probability: -440.6907261
Agreement with demo: 17%
Avg angular diffs: 83'

-- Positive Demos --
 (27,2),  (27,1),  (27,6),  (53,6),  (81,6),  (108,6),  (135,6),  (163,6),  (217,6),  (245,1),  (273,6),  (328,6),  (354,6),  (409,6),  (437,6),  (436,2),  (435,4),  (434,4),  (405,0),  (378,0),  (349,0),  (294,0),  (266,0),  (239,0),  (183,0),  (155,0),  (127,4),  (98,2),  (97,2),  (96,2),  (95,6),  (121,6),  (148,6),  (175,6),  (201,6),  (257,6),  (284,6),  (312,6),  (367,6),  (393,6),  (422,6),  (449,1),  (477,1),  (505,1),  (532,1),  (561,1),  (561,6),  (561,0),  (532,0),  (532,3), 


[Timing] Time passed: 170.291457 s

Posterior Probability: -460.4188734
Agreement with demo: 16%
Avg angular diffs: 85'

-- Positive Demos --
 (27,2),  (27,1),  (27,6),  (53,6),  (81,6),  (108,6),  (135,6),  (163,6),  (217,6),  (245,1),  (273,6),  (328,6),  (354,6),  (409,6),  (437,6),  (436,2),  (435,4),  (434,4),  (405,0),  (378,0),  (349,0),  (294,0),  (266,0),  (239,0),  (183,0),  (155,0),  (127,4),  (98,2),  (97,2),  (96,2),  (95,6),  (121,6),  (148,6),  (175,6),  (201,6),  (257,6),  (284,6),  (312,6),  (367,6),  (393,6),  (422,6),  (449,1),  (477,1),  (505,1),  (532,1),  (561,1),  (561,6),  (561,0),  (532,0),  (532,3), 


[Timing] Time passed: 175.441022 s

Posterior Probability: -1013.0164
Agreement with demo: 8.6%
Avg angular diffs: 1e+02'

-- Positive Demos --
 (27,2),  (27,1),  (27,6),  (53,6),  (81,6),  (108,6),  (135,6),  (163,6),  (217,6),  (245,1),  (273,6),  (328,6),  (354,6),  (409,6),  (437,6),  (436,2),  (435,4),  (434,4),  (405,0),  (378,0),  (349,0),  (294,0),  (266,0),  (239,0),  (183,0),  (155,0),  (127,4),  (98,2),  (97,2),  (96,2),  (95,6),  (121,6),  (148,6),  (175,6),  (201,6),  (257,6),  (284,6),  (312,6),  (367,6),  (393,6),  (422,6),  (449,1),  (477,1),  (505,1),  (532,1),  (561,1),  (561,6),  (561,0),  (532,0),  (532,3), 


[Timing] Time passed: 159.923374 s

Posterior Probability: -166.6895925
Agreement with demo: 21%
Avg angular diffs: 84'

-- Positive Demos --
 (27,2),  (27,1),  (27,6),  (53,6),  (81,6),  (108,6),  (135,6),  (163,6),  (217,6),  (245,1),  (273,6),  (328,6),  (354,6),  (409,6),  (437,6),  (436,2),  (435,4),  (434,4),  (405,0),  (378,0),  (349,0),  (294,0),  (266,0),  (239,0),  (183,0),  (155,0),  (127,4),  (98,2),  (97,2),  (96,2),  (95,6),  (121,6),  (148,6),  (175,6),  (201,6),  (257,6),  (284,6),  (312,6),  (367,6),  (393,6),  (422,6),  (449,1),  (477,1),  (505,1),  (532,1),  (561,1),  (561,6),  (561,0),  (532,0),  (532,3), 


[Timing] Time passed: 165.600746 s

Posterior Probability: -506.2800783
Agreement with demo: 6.9%
Avg angular diffs: 88'

-- Positive Demos --
 (27,2),  (27,1),  (27,6),  (53,6),  (81,6),  (108,6),  (135,6),  (163,6),  (217,6),  (245,1),  (273,6),  (328,6),  (354,6),  (409,6),  (437,6),  (436,2),  (435,4),  (434,4),  (405,0),  (378,0),  (349,0),  (294,0),  (266,0),  (239,0),  (183,0),  (155,0),  (127,4),  (98,2),  (97,2),  (96,2),  (95,6),  (121,6),  (148,6),  (175,6),  (201,6),  (257,6),  (284,6),  (312,6),  (367,6),  (393,6),  (422,6),  (449,1),  (477,1),  (505,1),  (532,1),  (561,1),  (561,6),  (561,0),  (532,0),  (532,3), 


[Timing] Time passed: 174.461815 s

Posterior Probability: -899.1187252
Agreement with demo: 5.2%
Avg angular diffs: 1.1e+02'

-- Positive Demos --
 (27,2),  (27,1),  (27,6),  (53,6),  (81,6),  (108,6),  (135,6),  (163,6),  (217,6),  (245,1),  (273,6),  (328,6),  (354,6),  (409,6),  (437,6),  (436,2),  (435,4),  (434,4),  (405,0),  (378,0),  (349,0),  (294,0),  (266,0),  (239,0),  (183,0),  (155,0),  (127,4),  (98,2),  (97,2),  (96,2),  (95,6),  (121,6),  (148,6),  (175,6),  (201,6),  (257,6),  (284,6),  (312,6),  (367,6),  (393,6),  (422,6),  (449,1),  (477,1),  (505,1),  (532,1),  (561,1),  (561,6),  (561,0),  (532,0),  (532,3), 


[Timing] Time passed: 171.464711 s

Posterior Probability: -615.3267415
Agreement with demo: 26%
Avg angular diffs: 88'

-- Positive Demos --
 (27,2),  (27,1),  (27,6),  (53,6),  (81,6),  (108,6),  (135,6),  (163,6),  (217,6),  (245,1),  (273,6),  (328,6),  (354,6),  (409,6),  (437,6),  (436,2),  (435,4),  (434,4),  (405,0),  (378,0),  (349,0),  (294,0),  (266,0),  (239,0),  (183,0),  (155,0),  (127,4),  (98,2),  (97,2),  (96,2),  (95,6),  (121,6),  (148,6),  (175,6),  (201,6),  (257,6),  (284,6),  (312,6),  (367,6),  (393,6),  (422,6),  (449,1),  (477,1),  (505,1),  (532,1),  (561,1),  (561,6),  (561,0),  (532,0),  (532,3), 


[Timing] Time passed: 157.283602 s

Posterior Probability: -145.4928465
Agreement with demo: 8.6%
Avg angular diffs: 92'

-- Positive Demos --
 (27,2),  (27,1),  (27,6),  (53,6),  (81,6),  (108,6),  (135,6),  (163,6),  (217,6),  (245,1),  (273,6),  (328,6),  (354,6),  (409,6),  (437,6),  (436,2),  (435,4),  (434,4),  (405,0),  (378,0),  (349,0),  (294,0),  (266,0),  (239,0),  (183,0),  (155,0),  (127,4),  (98,2),  (97,2),  (96,2),  (95,6),  (121,6),  (148,6),  (175,6),  (201,6),  (257,6),  (284,6),  (312,6),  (367,6),  (393,6),  (422,6),  (449,1),  (477,1),  (505,1),  (532,1),  (561,1),  (561,6),  (561,0),  (532,0),  (532,3), 


[Timing] Time passed: 167.726826 s

Posterior Probability: -327.8999664
Agreement with demo: 22%
Avg angular diffs: 91'

-- Positive Demos --
 (27,2),  (27,1),  (27,6),  (53,6),  (81,6),  (108,6),  (135,6),  (163,6),  (217,6),  (245,1),  (273,6),  (328,6),  (354,6),  (409,6),  (437,6),  (436,2),  (435,4),  (434,4),  (405,0),  (378,0),  (349,0),  (294,0),  (266,0),  (239,0),  (183,0),  (155,0),  (127,4),  (98,2),  (97,2),  (96,2),  (95,6),  (121,6),  (148,6),  (175,6),  (201,6),  (257,6),  (284,6),  (312,6),  (367,6),  (393,6),  (422,6),  (449,1),  (477,1),  (505,1),  (532,1),  (561,1),  (561,6),  (561,0),  (532,0),  (532,3), 


[Timing] Time passed: 166.649032 s

Posterior Probability: -251.3843872
Agreement with demo: 17%
Avg angular diffs: 88'

-- Positive Demos --
 (27,2),  (27,1),  (27,6),  (53,6),  (81,6),  (108,6),  (135,6),  (163,6),  (217,6),  (245,1),  (273,6),  (328,6),  (354,6),  (409,6),  (437,6),  (436,2),  (435,4),  (434,4),  (405,0),  (378,0),  (349,0),  (294,0),  (266,0),  (239,0),  (183,0),  (155,0),  (127,4),  (98,2),  (97,2),  (96,2),  (95,6),  (121,6),  (148,6),  (175,6),  (201,6),  (257,6),  (284,6),  (312,6),  (367,6),  (393,6),  (422,6),  (449,1),  (477,1),  (505,1),  (532,1),  (561,1),  (561,6),  (561,0),  (532,0),  (532,3), 


[Timing] Time passed: 172.051965 s

Posterior Probability: -480.1187326
Agreement with demo: 12%
Avg angular diffs: 99'

-- Positive Demos --
 (27,2),  (27,1),  (27,6),  (53,6),  (81,6),  (108,6),  (135,6),  (163,6),  (217,6),  (245,1),  (273,6),  (328,6),  (354,6),  (409,6),  (437,6),  (436,2),  (435,4),  (434,4),  (405,0),  (378,0),  (349,0),  (294,0),  (266,0),  (239,0),  (183,0),  (155,0),  (127,4),  (98,2),  (97,2),  (96,2),  (95,6),  (121,6),  (148,6),  (175,6),  (201,6),  (257,6),  (284,6),  (312,6),  (367,6),  (393,6),  (422,6),  (449,1),  (477,1),  (505,1),  (532,1),  (561,1),  (561,6),  (561,0),  (532,0),  (532,3), 


[Timing] Time passed: 161.614947 s

Posterior Probability: -245.0383568
Agreement with demo: 16%
Avg angular diffs: 1e+02'

-- Positive Demos --
 (27,2),  (27,1),  (27,6),  (53,6),  (81,6),  (108,6),  (135,6),  (163,6),  (217,6),  (245,1),  (273,6),  (328,6),  (354,6),  (409,6),  (437,6),  (436,2),  (435,4),  (434,4),  (405,0),  (378,0),  (349,0),  (294,0),  (266,0),  (239,0),  (183,0),  (155,0),  (127,4),  (98,2),  (97,2),  (96,2),  (95,6),  (121,6),  (148,6),  (175,6),  (201,6),  (257,6),  (284,6),  (312,6),  (367,6),  (393,6),  (422,6),  (449,1),  (477,1),  (505,1),  (532,1),  (561,1),  (561,6),  (561,0),  (532,0),  (532,3), 


[Timing] Time passed: 176.504248 s

Posterior Probability: -525.8105966
Agreement with demo: 8.6%
Avg angular diffs: 1.1e+02'

-- Positive Demos --
 (27,2),  (27,1),  (27,6),  (53,6),  (81,6),  (108,6),  (135,6),  (163,6),  (217,6),  (245,1),  (273,6),  (328,6),  (354,6),  (409,6),  (437,6),  (436,2),  (435,4),  (434,4),  (405,0),  (378,0),  (349,0),  (294,0),  (266,0),  (239,0),  (183,0),  (155,0),  (127,4),  (98,2),  (97,2),  (96,2),  (95,6),  (121,6),  (148,6),  (175,6),  (201,6),  (257,6),  (284,6),  (312,6),  (367,6),  (393,6),  (422,6),  (449,1),  (477,1),  (505,1),  (532,1),  (561,1),  (561,6),  (561,0),  (532,0),  (532,3), 


[Timing] Time passed: 175.266218 s

Posterior Probability: -471.6998668
Agreement with demo: 8.6%
Avg angular diffs: 99'

-- Positive Demos --
 (27,2),  (27,1),  (27,6),  (53,6),  (81,6),  (108,6),  (135,6),  (163,6),  (217,6),  (245,1),  (273,6),  (328,6),  (354,6),  (409,6),  (437,6),  (436,2),  (435,4),  (434,4),  (405,0),  (378,0),  (349,0),  (294,0),  (266,0),  (239,0),  (183,0),  (155,0),  (127,4),  (98,2),  (97,2),  (96,2),  (95,6),  (121,6),  (148,6),  (175,6),  (201,6),  (257,6),  (284,6),  (312,6),  (367,6),  (393,6),  (422,6),  (449,1),  (477,1),  (505,1),  (532,1),  (561,1),  (561,6),  (561,0),  (532,0),  (532,3), 


[Timing] Time passed: 146.570668 s

Posterior Probability: -396.5067161
Agreement with demo: 19%
Avg angular diffs: 87'
-- learned weights --
Feature Weights: 0.118, 0.0405, -0.0055, -0.1, 
