processing file :../birl_data/33_16_1_objects.txt

Initializing gridworld of size 32 by 24..
    Num states: 768
    Num actions: 8

Total number of demos: 77

Total number of good demos: 60

Selected number of demos: 60

-- Positive Demos --
 (688,3), 


 - [Timing] Time passed: 193.455826 s
- Current feature weights:-0.001716666667, 0.0013, -0.001783333333, -0.0001
 - Posterior Probability: -2.07944
 - Agreement with demo: 0%
 - Current angular diffs: 45'

-- Positive Demos --
 (684,5), 


 - [Timing] Time passed: 192.125578 s
- Current feature weights:-0.0007666666667, 0.0043, -0.002566666667, -0.0001
 - Posterior Probability: -2.07944
 - Agreement with demo: 0%
 - Current angular diffs: 135'

-- Positive Demos --
 (680,3), 


 - [Timing] Time passed: 236.863032 s
- Current feature weights:0.00045, 0.006966666667, -0.003716666667, -0.0001
 - Posterior Probability: -2.07944
 - Agreement with demo: 0%
 - Current angular diffs: 90'

-- Positive Demos --
 (683,3),  (679,3),  (673,3),  (666,3),  (660,3), 


 - [Timing] Time passed: 153.014178 s
- Current feature weights:-0.00155, 0.01638333333, -0.01213333333, -0.0001
 - Posterior Probability: -10.3972
 - Agreement with demo: 20%
 - Current angular diffs: 108'

-- Positive Demos --
 (650,5),  (629,5),  (604,5), 


 - [Timing] Time passed: 83.339025 s
- Current feature weights:-0.00275, 0.02203333333, -0.01718333333, -0.0001
 - Posterior Probability: -3.59233
 - Agreement with demo: 33.3333%
 - Current angular diffs: 60'

-- Positive Demos --
 (573,0), 


 - [Timing] Time passed: 66.18747 s
- Current feature weights:-0.003683333333, 0.02483333333, -0.01691666667, -0.0001
 - Posterior Probability: -2.07944
 - Agreement with demo: 0%
 - Current angular diffs: 45'

-- Positive Demos --
 (540,0),  (504,0), 


 - [Timing] Time passed: 94.314682 s
- Current feature weights:-0.0005833333333, 0.02936666667, -0.01201666667, -0.0001
 - Posterior Probability: -4.15888
 - Agreement with demo: 0%
 - Current angular diffs: 67.5'

-- Positive Demos --
 (470,4), 


 - [Timing] Time passed: 91.900057 s
- Current feature weights:0.0009666666667, 0.03163333333, -0.009566666667, -0.0001
 - Posterior Probability: -4.63137e-09
 - Agreement with demo: 0%
 - Current angular diffs: 135'

-- Positive Demos --
 (440,4), 


 - [Timing] Time passed: 105.745198 s
- Current feature weights:0.001866666667, 0.0362, -0.0047, -0.0001
 - Posterior Probability: -2.07944
 - Agreement with demo: 0%
 - Current angular diffs: 45'

-- Positive Demos --
 (421,2), 


 - [Timing] Time passed: 104.631283 s
- Current feature weights:0.002366666667, 0.04038333333, 8.333333333e-05, -0.0001
 - Posterior Probability: -2.07944
 - Agreement with demo: 100%
 - Current angular diffs: 0'

-- Positive Demos --
 (404,2), 


 - [Timing] Time passed: 92.404101 s
- Current feature weights:0.002866666667, 0.04456666667, 0.004866666667, -0.0001
 - Posterior Probability: -5.06958e-05
 - Agreement with demo: 0%
 - Current angular diffs: 90'

-- Positive Demos --
 (386,2),  (371,2), 


 - [Timing] Time passed: 108.725106 s
- Current feature weights:0.0016, 0.05326666667, 0.0133, -0.0001
 - Posterior Probability: -4.15888
 - Agreement with demo: 50%
 - Current angular diffs: 45'

-- Positive Demos --
 (364,2), 


 - [Timing] Time passed: 93.688875 s
- Current feature weights:0.0009666666667, 0.05761666667, 0.01751666667, -0.0001
 - Posterior Probability: 0
 - Agreement with demo: 0%
 - Current angular diffs: 45'

-- Positive Demos --
 (356,2),  (345,2),  (341,2),  (335,2),  (322,2), 


 - [Timing] Time passed: 113.617576 s
- Current feature weights:-0.01486666667, 0.07736666667, 0.04493333333, -0.0001
 - Posterior Probability: -10.3972
 - Agreement with demo: 0%
 - Current angular diffs: 72'

-- Positive Demos --
 (307,2),  (290,4),  (264,4),  (229,0), 


 - [Timing] Time passed: 116.252766 s
- Current feature weights:-0.02853333333, 0.09403333333, 0.07273333333, -0.0001
 - Posterior Probability: -8.31777
 - Agreement with demo: 25%
 - Current angular diffs: 45'

-- Positive Demos --
 (195,5), 


 - [Timing] Time passed: 136.073059 s
- Current feature weights:-0.03343333333, 0.09358333333, 0.07965, -0.0001
 - Posterior Probability: -2.07944
 - Agreement with demo: 0%
 - Current angular diffs: 135'

-- Positive Demos --
 (158,5),  (139,3), 


 - [Timing] Time passed: 119.509015 s
- Current feature weights:-0.04013333333, 0.09185, 0.08935, -0.0001
 - Posterior Probability: -4.15888
 - Agreement with demo: 50%
 - Current angular diffs: 22.5'

-- Positive Demos --
 (134,3), 


 - [Timing] Time passed: 108.970932 s
- Current feature weights:-0.04348333333, 0.09098333333, 0.0942, -0.0001
 - Posterior Probability: 0
 - Agreement with demo: 0%
 - Current angular diffs: 90'

-- Positive Demos --
 (128,3),  (122,3), 


 - [Timing] Time passed: 133.621666 s
- Current feature weights:-0.05098333333, 0.08918333333, 0.1018333333, -0.0001
 - Posterior Probability: -4.15888
 - Agreement with demo: 0%
 - Current angular diffs: 45'

-- Positive Demos --
 (124,3),  (133,3),  (136,3), 


 - [Timing] Time passed: 137.600461 s
- Current feature weights:-0.06078333333, 0.08308333333, 0.1126333333, -0.0001
 - Posterior Probability: -6.23832
 - Agreement with demo: 33.3333%
 - Current angular diffs: 60'

-- Positive Demos --
 (137,3),  (142,3), 


 - [Timing] Time passed: 134.956326 s
- Current feature weights:-0.06871666667, 0.08055, 0.1176333333, -0.0001
 - Posterior Probability: -4.15888
 - Agreement with demo: 0%
 - Current angular diffs: 112.5'

-- Positive Demos --
 (148,3), 


 - [Timing] Time passed: 141.985894 s
- Current feature weights:-0.0721, 0.07716666667, 0.1192333333, -0.0001
 - Posterior Probability: -2.07944
 - Agreement with demo: 0%
 - Current angular diffs: 90'

-- Positive Demos --
 (149,3),  (151,3), 


 - [Timing] Time passed: 139.150491 s
- Current feature weights:-0.08126666667, 0.07116666667, 0.1220666667, -0.0001
 - Posterior Probability: -4.15888
 - Agreement with demo: 0%
 - Current angular diffs: 67.5'

-- Positive Demos --
 (156,3),  (157,3),  (154,3),  (153,3),  (160,7), 


 - [Timing] Time passed: 132.1874 s
- Current feature weights:-0.09851666667, 0.06125, 0.1342333333, -0.0001
 - Posterior Probability: -10.3972
 - Agreement with demo: 20%
 - Current angular diffs: 63'

-- Positive Demos --
 (170,7),  (176,3),  (180,3), 


 - [Timing] Time passed: 143.716714 s
- Current feature weights:-0.1038666667, 0.05105, 0.1507833333, -0.0001
 - Posterior Probability: -6.23832
 - Agreement with demo: 0%
 - Current angular diffs: 150'

-----------------------------
Avg angular diffs: 64.5'
Total agreement with demo: 13.3333%
-- learned weights --
Final feature weights:-0.103867, 0.05105, 0.150783, -0.0001
