loading features...

Initializing gridworld of size 28 by 22..
    Num states: 616
    Num actions: 8

Total number of demos: 65

Selected number of demos: 22

-- Positive Demos --
 (546,3),  (548,3),  (554,3),  (502,0),  (474,0),  (360,0),  (276,4),  (248,4),  (247,2),  (242,2),  (240,2),  (291,2),  (312,2),  (282,4),  (254,0),  (198,5),  (119,3),  (122,3),  (73,3),  (78,3),  (81,3),  (54,7), 


[Timing] Time passed: 264.241975 s

Posterior Probability: -177.3205479
Agreement with demo: 15%
Current angular diffs: 90'

Selected number of demos: 34

-- Positive Demos --
 (543,3),  (546,3),  (549,3),  (552,3),  (529,5),  (502,0),  (474,0),  (446,0),  (417,0),  (305,0),  (247,2),  (216,2),  (242,2),  (267,6),  (266,6),  (318,2),  (316,2),  (314,2),  (282,4),  (197,5),  (173,5),  (146,3),  (121,3),  (96,3),  (97,3),  (70,5),  (72,3),  (73,3),  (74,3),  (78,3),  (81,3),  (53,3),  (54,7),  (85,6), 


[Timing] Time passed: 280.343286 s

Posterior Probability: -112.5128893
Agreement with demo: 6.4%
Current angular diffs: 83'

Selected number of demos: 41

-- Positive Demos --
 (518,3),  (547,3),  (548,3),  (523,3),  (552,3),  (554,3),  (529,5),  (502,0),  (446,0),  (389,0),  (305,0),  (276,4),  (248,4),  (247,2),  (216,2),  (215,2),  (242,2),  (267,6),  (266,6),  (291,2),  (316,2),  (315,2),  (314,2),  (311,4),  (282,4),  (254,0),  (197,5),  (198,5),  (172,5),  (173,5),  (119,3),  (122,3),  (97,3),  (72,3),  (73,3),  (76,3),  (78,3),  (81,3),  (53,3),  (54,7),  (85,1), 


[Timing] Time passed: 266.394955 s

Posterior Probability: -224.6676249
Agreement with demo: 7.7%
Current angular diffs: 78'

Selected number of demos: 65

-- Positive Demos --
 (543,3),  (518,3),  (546,3),  (547,3),  (548,3),  (549,3),  (523,3),  (524,3),  (552,3),  (554,3),  (555,3),  (529,5),  (530,5),  (502,0),  (474,0),  (446,0),  (417,0),  (389,0),  (360,0),  (305,0),  (276,4),  (248,4),  (247,2),  (216,2),  (215,2),  (243,2),  (242,2),  (240,2),  (267,6),  (266,6),  (292,2),  (291,2),  (318,2),  (316,2),  (315,2),  (314,2),  (312,2),  (311,4),  (282,4),  (254,0),  (226,5),  (197,5),  (198,5),  (172,5),  (173,5),  (146,3),  (119,3),  (121,3),  (122,3),  (96,3),  (97,3),  (70,5),  (72,3),  (73,3),  (74,3),  (76,3),  (77,3),  (78,3),  (79,3),  (81,3),  (53,3),  (54,7),  (85,1),  (85,6), 


[Timing] Time passed: 273.286717 s

Posterior Probability: -240.0831165
Agreement with demo: 13%
Current angular diffs: 89'

Selected number of demos: 32

-- Positive Demos --
 (543,3),  (518,3),  (548,3),  (524,3),  (554,3),  (530,5),  (474,0),  (389,0),  (360,0),  (248,4),  (247,2),  (215,2),  (243,2),  (267,6),  (291,2),  (316,2),  (314,2),  (312,2),  (254,0),  (226,5),  (198,5),  (173,5),  (119,3),  (121,3),  (97,3),  (70,5),  (73,3),  (74,3),  (78,3),  (53,3),  (85,6), 


[Timing] Time passed: 256.125699 s

Posterior Probability: -399.8248915
Agreement with demo: 12%
Current angular diffs: 93'

Selected number of demos: 65

-- Positive Demos --
 (543,3),  (518,3),  (546,3),  (547,3),  (548,3),  (549,3),  (523,3),  (524,3),  (552,3),  (554,3),  (555,3),  (529,5),  (530,5),  (502,0),  (474,0),  (446,0),  (417,0),  (389,0),  (360,0),  (305,0),  (276,4),  (248,4),  (247,2),  (216,2),  (215,2),  (243,2),  (242,2),  (240,2),  (267,6),  (266,6),  (292,2),  (291,2),  (318,2),  (316,2),  (315,2),  (314,2),  (312,2),  (311,4),  (282,4),  (254,0),  (226,5),  (197,5),  (198,5),  (172,5),  (173,5),  (146,3),  (119,3),  (121,3),  (122,3),  (96,3),  (97,3),  (70,5),  (72,3),  (73,3),  (74,3),  (76,3),  (77,3),  (78,3),  (79,3),  (81,3),  (53,3),  (54,7),  (85,1),  (85,6), 


[Timing] Time passed: 250.526319 s

Posterior Probability: -402.0410081
Agreement with demo: 9%
Current angular diffs: 87'

Selected number of demos: 39

-- Positive Demos --
 (518,3),  (547,3),  (548,3),  (523,3),  (552,3),  (555,3),  (529,5),  (502,0),  (474,0),  (417,0),  (360,0),  (276,4),  (247,2),  (215,2),  (243,2),  (240,2),  (266,6),  (291,2),  (318,2),  (315,2),  (312,2),  (311,4),  (282,4),  (226,5),  (197,5),  (172,5),  (173,5),  (146,3),  (119,3),  (121,3),  (96,3),  (70,5),  (73,3),  (74,3),  (77,3),  (78,3),  (81,3),  (53,3),  (85,1), 


[Timing] Time passed: 244.800175 s

Posterior Probability: -403.3067851
Agreement with demo: 5.1%
Current angular diffs: 94'

Selected number of demos: 28

-- Positive Demos --
 (546,3),  (547,3),  (524,3),  (529,5),  (502,0),  (474,0),  (389,0),  (360,0),  (276,4),  (248,4),  (243,2),  (266,6),  (292,2),  (291,2),  (318,2),  (314,2),  (254,0),  (198,5),  (172,5),  (146,3),  (119,3),  (97,3),  (70,5),  (73,3),  (76,3),  (79,3),  (54,7),  (85,6), 


[Timing] Time passed: 244.149032 s

Posterior Probability: -217.9271851
Agreement with demo: 6.4%
Current angular diffs: 82'

Selected number of demos: 43

-- Positive Demos --
 (543,3),  (546,3),  (547,3),  (548,3),  (549,3),  (523,3),  (524,3),  (552,3),  (555,3),  (529,5),  (502,0),  (474,0),  (446,0),  (417,0),  (360,0),  (276,4),  (247,2),  (215,2),  (243,2),  (240,2),  (267,6),  (292,2),  (318,2),  (315,2),  (312,2),  (282,4),  (226,5),  (198,5),  (172,5),  (173,5),  (119,3),  (121,3),  (122,3),  (97,3),  (70,5),  (72,3),  (73,3),  (74,3),  (76,3),  (78,3),  (81,3),  (53,3),  (85,1), 


[Timing] Time passed: 246.325312 s

Posterior Probability: -96.35667084
Agreement with demo: 7.7%
Current angular diffs: 92'

Selected number of demos: 27

-- Positive Demos --
 (547,3),  (523,3),  (524,3),  (552,3),  (555,3),  (530,5),  (474,0),  (446,0),  (305,0),  (247,2),  (215,2),  (267,6),  (318,2),  (315,2),  (314,2),  (312,2),  (282,4),  (254,0),  (172,5),  (146,3),  (96,3),  (97,3),  (72,3),  (76,3),  (78,3),  (53,3),  (85,6), 


[Timing] Time passed: 238.635939 s

Posterior Probability: -62.34365356
Agreement with demo: 7.7%
Current angular diffs: 92'

Selected number of demos: 65

-- Positive Demos --
 (543,3),  (518,3),  (546,3),  (547,3),  (548,3),  (549,3),  (523,3),  (524,3),  (552,3),  (554,3),  (555,3),  (529,5),  (530,5),  (502,0),  (474,0),  (446,0),  (417,0),  (389,0),  (360,0),  (305,0),  (276,4),  (248,4),  (247,2),  (216,2),  (215,2),  (243,2),  (242,2),  (240,2),  (267,6),  (266,6),  (292,2),  (291,2),  (318,2),  (316,2),  (315,2),  (314,2),  (312,2),  (311,4),  (282,4),  (254,0),  (226,5),  (197,5),  (198,5),  (172,5),  (173,5),  (146,3),  (119,3),  (121,3),  (122,3),  (96,3),  (97,3),  (70,5),  (72,3),  (73,3),  (74,3),  (76,3),  (77,3),  (78,3),  (79,3),  (81,3),  (53,3),  (54,7),  (85,1),  (85,6), 


[Timing] Time passed: 236.145261 s

Posterior Probability: -306.35186
Agreement with demo: 24%
Current angular diffs: 87'

Selected number of demos: 30

-- Positive Demos --
 (546,3),  (547,3),  (548,3),  (523,3),  (552,3),  (555,3),  (530,5),  (417,0),  (360,0),  (247,2),  (242,2),  (240,2),  (267,6),  (318,2),  (316,2),  (315,2),  (314,2),  (311,4),  (197,5),  (172,5),  (121,3),  (96,3),  (97,3),  (73,3),  (76,3),  (77,3),  (79,3),  (81,3),  (53,3),  (54,7), 


[Timing] Time passed: 247.530769 s

Posterior Probability: -132.1210664
Agreement with demo: 12%
Current angular diffs: 92'

Selected number of demos: 65

-- Positive Demos --
 (543,3),  (518,3),  (546,3),  (547,3),  (548,3),  (549,3),  (523,3),  (524,3),  (552,3),  (554,3),  (555,3),  (529,5),  (530,5),  (502,0),  (474,0),  (446,0),  (417,0),  (389,0),  (360,0),  (305,0),  (276,4),  (248,4),  (247,2),  (216,2),  (215,2),  (243,2),  (242,2),  (240,2),  (267,6),  (266,6),  (292,2),  (291,2),  (318,2),  (316,2),  (315,2),  (314,2),  (312,2),  (311,4),  (282,4),  (254,0),  (226,5),  (197,5),  (198,5),  (172,5),  (173,5),  (146,3),  (119,3),  (121,3),  (122,3),  (96,3),  (97,3),  (70,5),  (72,3),  (73,3),  (74,3),  (76,3),  (77,3),  (78,3),  (79,3),  (81,3),  (53,3),  (54,7),  (85,1),  (85,6), 


[Timing] Time passed: 252.810224 s

Posterior Probability: -309.0222719
Agreement with demo: 14%
Current angular diffs: 88'

Selected number of demos: 65

-- Positive Demos --
 (543,3),  (518,3),  (546,3),  (547,3),  (548,3),  (549,3),  (523,3),  (524,3),  (552,3),  (554,3),  (555,3),  (529,5),  (530,5),  (502,0),  (474,0),  (446,0),  (417,0),  (389,0),  (360,0),  (305,0),  (276,4),  (248,4),  (247,2),  (216,2),  (215,2),  (243,2),  (242,2),  (240,2),  (267,6),  (266,6),  (292,2),  (291,2),  (318,2),  (316,2),  (315,2),  (314,2),  (312,2),  (311,4),  (282,4),  (254,0),  (226,5),  (197,5),  (198,5),  (172,5),  (173,5),  (146,3),  (119,3),  (121,3),  (122,3),  (96,3),  (97,3),  (70,5),  (72,3),  (73,3),  (74,3),  (76,3),  (77,3),  (78,3),  (79,3),  (81,3),  (53,3),  (54,7),  (85,1),  (85,6), 


[Timing] Time passed: 239.312738 s

Posterior Probability: -370.7888082
Agreement with demo: 6.4%
Current angular diffs: 85'

Selected number of demos: 25

-- Positive Demos --
 (518,3),  (548,3),  (552,3),  (555,3),  (530,5),  (446,0),  (417,0),  (276,4),  (243,2),  (240,2),  (266,6),  (292,2),  (315,2),  (312,2),  (311,4),  (254,0),  (172,5),  (122,3),  (96,3),  (73,3),  (74,3),  (76,3),  (79,3),  (53,3),  (85,1), 


[Timing] Time passed: 226.390248 s

Posterior Probability: -92.15653924
Agreement with demo: 9%
Current angular diffs: 94'

Selected number of demos: 65

-- Positive Demos --
 (543,3),  (518,3),  (546,3),  (547,3),  (548,3),  (549,3),  (523,3),  (524,3),  (552,3),  (554,3),  (555,3),  (529,5),  (530,5),  (502,0),  (474,0),  (446,0),  (417,0),  (389,0),  (360,0),  (305,0),  (276,4),  (248,4),  (247,2),  (216,2),  (215,2),  (243,2),  (242,2),  (240,2),  (267,6),  (266,6),  (292,2),  (291,2),  (318,2),  (316,2),  (315,2),  (314,2),  (312,2),  (311,4),  (282,4),  (254,0),  (226,5),  (197,5),  (198,5),  (172,5),  (173,5),  (146,3),  (119,3),  (121,3),  (122,3),  (96,3),  (97,3),  (70,5),  (72,3),  (73,3),  (74,3),  (76,3),  (77,3),  (78,3),  (79,3),  (81,3),  (53,3),  (54,7),  (85,1),  (85,6), 


[Timing] Time passed: 232.309475 s

Posterior Probability: -203.9046329
Agreement with demo: 19%
Current angular diffs: 92'

Selected number of demos: 26

-- Positive Demos --
 (518,3),  (549,3),  (524,3),  (554,3),  (555,3),  (502,0),  (474,0),  (360,0),  (305,0),  (216,2),  (243,2),  (267,6),  (318,2),  (316,2),  (314,2),  (282,4),  (226,5),  (172,5),  (121,3),  (97,3),  (70,5),  (72,3),  (74,3),  (78,3),  (53,3),  (85,6), 


[Timing] Time passed: 226.773146 s

Posterior Probability: -180.290741
Agreement with demo: 14%
Current angular diffs: 93'

Selected number of demos: 29

-- Positive Demos --
 (547,3),  (548,3),  (552,3),  (554,3),  (530,5),  (417,0),  (360,0),  (305,0),  (276,4),  (215,2),  (243,2),  (267,6),  (266,6),  (292,2),  (315,2),  (311,4),  (254,0),  (197,5),  (172,5),  (146,3),  (119,3),  (122,3),  (70,5),  (76,3),  (77,3),  (79,3),  (53,3),  (54,7),  (85,1), 


[Timing] Time passed: 225.255291 s

Posterior Probability: -262.3430698
Agreement with demo: 19%
Current angular diffs: 89'

Selected number of demos: 20

-- Positive Demos --
 (518,3),  (523,3),  (555,3),  (529,5),  (502,0),  (474,0),  (305,0),  (248,4),  (247,2),  (242,2),  (266,6),  (315,2),  (311,4),  (282,4),  (198,5),  (121,3),  (96,3),  (74,3),  (81,3),  (54,7), 


[Timing] Time passed: 226.687644 s

Posterior Probability: -51.11979432
Agreement with demo: 9%
Current angular diffs: 96'

Selected number of demos: 24

-- Positive Demos --
 (543,3),  (548,3),  (523,3),  (555,3),  (474,0),  (360,0),  (247,2),  (216,2),  (242,2),  (266,6),  (292,2),  (315,2),  (311,4),  (254,0),  (198,5),  (119,3),  (122,3),  (72,3),  (73,3),  (74,3),  (77,3),  (79,3),  (53,3),  (54,7), 


[Timing] Time passed: 231.769842 s

Posterior Probability: -95.88443789
Agreement with demo: 18%
Current angular diffs: 91'

Selected number of demos: 45

-- Positive Demos --
 (518,3),  (547,3),  (548,3),  (549,3),  (524,3),  (554,3),  (529,5),  (530,5),  (502,0),  (474,0),  (446,0),  (417,0),  (360,0),  (305,0),  (248,4),  (247,2),  (215,2),  (243,2),  (240,2),  (267,6),  (266,6),  (292,2),  (291,2),  (318,2),  (315,2),  (312,2),  (311,4),  (254,0),  (197,5),  (172,5),  (173,5),  (146,3),  (119,3),  (121,3),  (122,3),  (97,3),  (70,5),  (73,3),  (76,3),  (77,3),  (78,3),  (81,3),  (53,3),  (54,7),  (85,6), 


[Timing] Time passed: 215.217435 s

Posterior Probability: -353.3378369
Agreement with demo: 14%
Current angular diffs: 87'

Selected number of demos: 65

-- Positive Demos --
 (543,3),  (518,3),  (546,3),  (547,3),  (548,3),  (549,3),  (523,3),  (524,3),  (552,3),  (554,3),  (555,3),  (529,5),  (530,5),  (502,0),  (474,0),  (446,0),  (417,0),  (389,0),  (360,0),  (305,0),  (276,4),  (248,4),  (247,2),  (216,2),  (215,2),  (243,2),  (242,2),  (240,2),  (267,6),  (266,6),  (292,2),  (291,2),  (318,2),  (316,2),  (315,2),  (314,2),  (312,2),  (311,4),  (282,4),  (254,0),  (226,5),  (197,5),  (198,5),  (172,5),  (173,5),  (146,3),  (119,3),  (121,3),  (122,3),  (96,3),  (97,3),  (70,5),  (72,3),  (73,3),  (74,3),  (76,3),  (77,3),  (78,3),  (79,3),  (81,3),  (53,3),  (54,7),  (85,1),  (85,6), 


[Timing] Time passed: 224.540062 s

Posterior Probability: -562.6483012
Agreement with demo: 9%
Current angular diffs: 92'

Selected number of demos: 20

-- Positive Demos --
 (547,3),  (524,3),  (555,3),  (530,5),  (502,0),  (446,0),  (417,0),  (360,0),  (247,2),  (243,2),  (266,6),  (291,2),  (315,2),  (254,0),  (198,5),  (121,3),  (72,3),  (78,3),  (81,3),  (54,7), 


[Timing] Time passed: 237.252049 s

Posterior Probability: -60.53908862
Agreement with demo: 9%
Current angular diffs: 99'

Selected number of demos: 44

-- Positive Demos --
 (518,3),  (547,3),  (549,3),  (523,3),  (524,3),  (552,3),  (554,3),  (529,5),  (502,0),  (446,0),  (389,0),  (305,0),  (248,4),  (216,2),  (243,2),  (242,2),  (240,2),  (267,6),  (292,2),  (291,2),  (316,2),  (315,2),  (314,2),  (312,2),  (282,4),  (254,0),  (226,5),  (197,5),  (198,5),  (173,5),  (119,3),  (122,3),  (96,3),  (97,3),  (70,5),  (72,3),  (73,3),  (74,3),  (77,3),  (78,3),  (81,3),  (53,3),  (54,7),  (85,1), 


[Timing] Time passed: 208.924969 s

Posterior Probability: -484.8813022
Agreement with demo: 15%
Current angular diffs: 87'

Selected number of demos: 26

-- Positive Demos --
 (543,3),  (546,3),  (548,3),  (552,3),  (529,5),  (530,5),  (417,0),  (389,0),  (248,4),  (247,2),  (216,2),  (215,2),  (267,6),  (318,2),  (315,2),  (312,2),  (254,0),  (172,5),  (121,3),  (96,3),  (72,3),  (73,3),  (77,3),  (81,3),  (85,1),  (85,6), 


[Timing] Time passed: 204.673191 s

Posterior Probability: -316.6351292
Agreement with demo: 13%
Current angular diffs: 90'

Selected number of demos: 26

-- Positive Demos --
 (518,3),  (548,3),  (549,3),  (554,3),  (529,5),  (474,0),  (360,0),  (276,4),  (248,4),  (247,2),  (242,2),  (267,6),  (292,2),  (291,2),  (315,2),  (314,2),  (311,4),  (197,5),  (172,5),  (121,3),  (122,3),  (97,3),  (72,3),  (77,3),  (53,3),  (85,6), 


[Timing] Time passed: 221.556934 s

Posterior Probability: -363.6527775
Agreement with demo: 7.7%
Current angular diffs: 89'

Selected number of demos: 24

-- Positive Demos --
 (518,3),  (546,3),  (549,3),  (552,3),  (529,5),  (502,0),  (446,0),  (417,0),  (276,4),  (215,2),  (267,6),  (266,6),  (318,2),  (315,2),  (314,2),  (312,2),  (282,4),  (198,5),  (172,5),  (121,3),  (96,3),  (73,3),  (78,3),  (53,3), 


[Timing] Time passed: 201.292086 s

Posterior Probability: -165.587525
Agreement with demo: 7.7%
Current angular diffs: 87'

Selected number of demos: 33

-- Positive Demos --
 (518,3),  (547,3),  (548,3),  (524,3),  (555,3),  (502,0),  (417,0),  (389,0),  (305,0),  (247,2),  (215,2),  (243,2),  (240,2),  (292,2),  (316,2),  (315,2),  (314,2),  (312,2),  (254,0),  (197,5),  (198,5),  (173,5),  (119,3),  (96,3),  (97,3),  (72,3),  (73,3),  (77,3),  (79,3),  (53,3),  (54,7),  (85,1), 


[Timing] Time passed: 164.795565 s

Posterior Probability: -243.5608704
Agreement with demo: 7.7%
Current angular diffs: 97'

Selected number of demos: 26

-- Positive Demos --
 (546,3),  (549,3),  (524,3),  (552,3),  (530,5),  (474,0),  (389,0),  (305,0),  (248,4),  (215,2),  (240,2),  (266,6),  (318,2),  (314,2),  (282,4),  (254,0),  (198,5),  (146,3),  (121,3),  (122,3),  (96,3),  (70,5),  (72,3),  (77,3),  (81,3),  (53,3), 


[Timing] Time passed: 154.970084 s

Posterior Probability: -81.90161159
Agreement with demo: 7.7%
Current angular diffs: 79'

Selected number of demos: 23

-- Positive Demos --
 (543,3),  (546,3),  (548,3),  (523,3),  (524,3),  (555,3),  (530,5),  (446,0),  (389,0),  (360,0),  (247,2),  (243,2),  (266,6),  (316,2),  (311,4),  (254,0),  (198,5),  (121,3),  (122,3),  (70,5),  (76,3),  (79,3),  (53,3), 


[Timing] Time passed: 160.951738 s

Posterior Probability: -128.3158358
Agreement with demo: 7.7%
Current angular diffs: 87'

Selected number of demos: 39

-- Positive Demos --
 (518,3),  (547,3),  (549,3),  (524,3),  (554,3),  (529,5),  (530,5),  (474,0),  (417,0),  (360,0),  (305,0),  (276,4),  (247,2),  (216,2),  (215,2),  (242,2),  (267,6),  (266,6),  (292,2),  (318,2),  (315,2),  (312,2),  (282,4),  (226,5),  (198,5),  (172,5),  (146,3),  (121,3),  (122,3),  (96,3),  (70,5),  (72,3),  (73,3),  (76,3),  (78,3),  (81,3),  (53,3),  (54,7),  (85,1), 


[Timing] Time passed: 180.915485 s

Posterior Probability: -92.14519191
Agreement with demo: 14%
Current angular diffs: 86'

Selected number of demos: 21

-- Positive Demos --
 (518,3),  (546,3),  (547,3),  (549,3),  (555,3),  (474,0),  (389,0),  (276,4),  (215,2),  (266,6),  (316,2),  (314,2),  (282,4),  (226,5),  (172,5),  (122,3),  (97,3),  (76,3),  (81,3),  (53,3),  (85,1), 


[Timing] Time passed: 169.164558 s

Posterior Probability: -126.3472332
Agreement with demo: 7.7%
Current angular diffs: 82'

Selected number of demos: 37

-- Positive Demos --
 (543,3),  (518,3),  (547,3),  (548,3),  (549,3),  (524,3),  (552,3),  (529,5),  (474,0),  (446,0),  (417,0),  (389,0),  (360,0),  (276,4),  (248,4),  (247,2),  (216,2),  (215,2),  (243,2),  (240,2),  (266,6),  (318,2),  (316,2),  (315,2),  (312,2),  (254,0),  (197,5),  (172,5),  (146,3),  (121,3),  (97,3),  (72,3),  (76,3),  (78,3),  (53,3),  (54,7),  (85,1), 


[Timing] Time passed: 172.174814 s

Posterior Probability: -471.4862888
Agreement with demo: 12%
Current angular diffs: 89'

Selected number of demos: 32

-- Positive Demos --
 (543,3),  (518,3),  (548,3),  (549,3),  (523,3),  (554,3),  (530,5),  (474,0),  (446,0),  (389,0),  (276,4),  (216,2),  (243,2),  (240,2),  (292,2),  (316,2),  (315,2),  (312,2),  (311,4),  (226,5),  (197,5),  (172,5),  (173,5),  (119,3),  (122,3),  (70,5),  (74,3),  (77,3),  (79,3),  (81,3),  (54,7),  (85,6), 


[Timing] Time passed: 165.815973 s

Posterior Probability: -379.4199747
Agreement with demo: 6.4%
Current angular diffs: 90'

Selected number of demos: 34

-- Positive Demos --
 (518,3),  (547,3),  (549,3),  (552,3),  (555,3),  (529,5),  (530,5),  (502,0),  (446,0),  (360,0),  (305,0),  (276,4),  (247,2),  (243,2),  (240,2),  (292,2),  (291,2),  (318,2),  (315,2),  (312,2),  (311,4),  (254,0),  (226,5),  (172,5),  (119,3),  (121,3),  (96,3),  (72,3),  (76,3),  (77,3),  (79,3),  (81,3),  (54,7),  (85,6), 


[Timing] Time passed: 166.891847 s

Posterior Probability: -93.3772297
Agreement with demo: 10%
Current angular diffs: 94'

Selected number of demos: 24

-- Positive Demos --
 (546,3),  (547,3),  (524,3),  (552,3),  (529,5),  (446,0),  (389,0),  (360,0),  (247,2),  (243,2),  (266,6),  (291,2),  (316,2),  (314,2),  (311,4),  (226,5),  (173,5),  (121,3),  (97,3),  (73,3),  (77,3),  (81,3),  (53,3),  (54,7), 


[Timing] Time passed: 158.525799 s

Posterior Probability: -147.8558943
Agreement with demo: 15%
Current angular diffs: 87'

Selected number of demos: 38

-- Positive Demos --
 (518,3),  (546,3),  (549,3),  (523,3),  (552,3),  (555,3),  (529,5),  (502,0),  (474,0),  (446,0),  (417,0),  (389,0),  (360,0),  (305,0),  (276,4),  (247,2),  (215,2),  (243,2),  (242,2),  (240,2),  (266,6),  (292,2),  (318,2),  (314,2),  (311,4),  (282,4),  (197,5),  (198,5),  (172,5),  (119,3),  (96,3),  (72,3),  (76,3),  (78,3),  (79,3),  (53,3),  (54,7),  (85,6), 


[Timing] Time passed: 151.914623 s

Posterior Probability: -482.0009524
Agreement with demo: 9%
Current angular diffs: 89'

Selected number of demos: 65

-- Positive Demos --
 (543,3),  (518,3),  (546,3),  (547,3),  (548,3),  (549,3),  (523,3),  (524,3),  (552,3),  (554,3),  (555,3),  (529,5),  (530,5),  (502,0),  (474,0),  (446,0),  (417,0),  (389,0),  (360,0),  (305,0),  (276,4),  (248,4),  (247,2),  (216,2),  (215,2),  (243,2),  (242,2),  (240,2),  (267,6),  (266,6),  (292,2),  (291,2),  (318,2),  (316,2),  (315,2),  (314,2),  (312,2),  (311,4),  (282,4),  (254,0),  (226,5),  (197,5),  (198,5),  (172,5),  (173,5),  (146,3),  (119,3),  (121,3),  (122,3),  (96,3),  (97,3),  (70,5),  (72,3),  (73,3),  (74,3),  (76,3),  (77,3),  (78,3),  (79,3),  (81,3),  (53,3),  (54,7),  (85,1),  (85,6), 


[Timing] Time passed: 146.08665 s

Posterior Probability: -227.791754
Agreement with demo: 22%
Current angular diffs: 89'

Selected number of demos: 65

-- Positive Demos --
 (543,3),  (518,3),  (546,3),  (547,3),  (548,3),  (549,3),  (523,3),  (524,3),  (552,3),  (554,3),  (555,3),  (529,5),  (530,5),  (502,0),  (474,0),  (446,0),  (417,0),  (389,0),  (360,0),  (305,0),  (276,4),  (248,4),  (247,2),  (216,2),  (215,2),  (243,2),  (242,2),  (240,2),  (267,6),  (266,6),  (292,2),  (291,2),  (318,2),  (316,2),  (315,2),  (314,2),  (312,2),  (311,4),  (282,4),  (254,0),  (226,5),  (197,5),  (198,5),  (172,5),  (173,5),  (146,3),  (119,3),  (121,3),  (122,3),  (96,3),  (97,3),  (70,5),  (72,3),  (73,3),  (74,3),  (76,3),  (77,3),  (78,3),  (79,3),  (81,3),  (53,3),  (54,7),  (85,1),  (85,6), 


[Timing] Time passed: 148.328712 s

Posterior Probability: -224.1222838
Agreement with demo: 10%
Current angular diffs: 78'

Selected number of demos: 65

-- Positive Demos --
 (543,3),  (518,3),  (546,3),  (547,3),  (548,3),  (549,3),  (523,3),  (524,3),  (552,3),  (554,3),  (555,3),  (529,5),  (530,5),  (502,0),  (474,0),  (446,0),  (417,0),  (389,0),  (360,0),  (305,0),  (276,4),  (248,4),  (247,2),  (216,2),  (215,2),  (243,2),  (242,2),  (240,2),  (267,6),  (266,6),  (292,2),  (291,2),  (318,2),  (316,2),  (315,2),  (314,2),  (312,2),  (311,4),  (282,4),  (254,0),  (226,5),  (197,5),  (198,5),  (172,5),  (173,5),  (146,3),  (119,3),  (121,3),  (122,3),  (96,3),  (97,3),  (70,5),  (72,3),  (73,3),  (74,3),  (76,3),  (77,3),  (78,3),  (79,3),  (81,3),  (53,3),  (54,7),  (85,1),  (85,6), 


[Timing] Time passed: 147.323275 s

Posterior Probability: -344.7409168
Agreement with demo: 21%
Current angular diffs: 88'

Selected number of demos: 19

-- Positive Demos --
 (548,3),  (552,3),  (530,5),  (446,0),  (305,0),  (247,2),  (243,2),  (267,6),  (316,2),  (311,4),  (198,5),  (173,5),  (121,3),  (70,5),  (72,3),  (76,3),  (78,3),  (53,3),  (85,1), 


[Timing] Time passed: 134.262196 s

Posterior Probability: -386.3794509
Agreement with demo: 10%
Current angular diffs: 92'

Selected number of demos: 65

-- Positive Demos --
 (543,3),  (518,3),  (546,3),  (547,3),  (548,3),  (549,3),  (523,3),  (524,3),  (552,3),  (554,3),  (555,3),  (529,5),  (530,5),  (502,0),  (474,0),  (446,0),  (417,0),  (389,0),  (360,0),  (305,0),  (276,4),  (248,4),  (247,2),  (216,2),  (215,2),  (243,2),  (242,2),  (240,2),  (267,6),  (266,6),  (292,2),  (291,2),  (318,2),  (316,2),  (315,2),  (314,2),  (312,2),  (311,4),  (282,4),  (254,0),  (226,5),  (197,5),  (198,5),  (172,5),  (173,5),  (146,3),  (119,3),  (121,3),  (122,3),  (96,3),  (97,3),  (70,5),  (72,3),  (73,3),  (74,3),  (76,3),  (77,3),  (78,3),  (79,3),  (81,3),  (53,3),  (54,7),  (85,1),  (85,6), 


[Timing] Time passed: 136.466152 s

Posterior Probability: -171.2375236
Agreement with demo: 14%
Current angular diffs: 89'

Selected number of demos: 28

-- Positive Demos --
 (543,3),  (518,3),  (546,3),  (548,3),  (523,3),  (554,3),  (530,5),  (446,0),  (417,0),  (360,0),  (276,4),  (248,4),  (247,2),  (243,2),  (267,6),  (292,2),  (316,2),  (312,2),  (254,0),  (198,5),  (146,3),  (122,3),  (70,5),  (72,3),  (76,3),  (79,3),  (53,3),  (54,7), 


[Timing] Time passed: 130.6586 s

Posterior Probability: -98.44065029
Agreement with demo: 9%
Current angular diffs: 84'

Selected number of demos: 24

-- Positive Demos --
 (543,3),  (546,3),  (523,3),  (524,3),  (552,3),  (529,5),  (530,5),  (417,0),  (360,0),  (248,4),  (215,2),  (242,2),  (267,6),  (318,2),  (314,2),  (282,4),  (226,5),  (198,5),  (119,3),  (96,3),  (72,3),  (76,3),  (79,3),  (53,3), 


[Timing] Time passed: 122.368971 s

Posterior Probability: -133.7391341
Agreement with demo: 13%
Current angular diffs: 95'

Selected number of demos: 43

-- Positive Demos --
 (543,3),  (518,3),  (547,3),  (548,3),  (549,3),  (524,3),  (554,3),  (529,5),  (502,0),  (474,0),  (417,0),  (360,0),  (276,4),  (247,2),  (215,2),  (242,2),  (240,2),  (267,6),  (266,6),  (292,2),  (291,2),  (318,2),  (316,2),  (314,2),  (311,4),  (254,0),  (197,5),  (198,5),  (173,5),  (119,3),  (122,3),  (97,3),  (70,5),  (72,3),  (74,3),  (76,3),  (78,3),  (79,3),  (81,3),  (53,3),  (85,1),  (85,6), 


[Timing] Time passed: 124.411206 s

Posterior Probability: -583.7639386
Agreement with demo: 10%
Current angular diffs: 89'

Selected number of demos: 65

-- Positive Demos --
 (543,3),  (518,3),  (546,3),  (547,3),  (548,3),  (549,3),  (523,3),  (524,3),  (552,3),  (554,3),  (555,3),  (529,5),  (530,5),  (502,0),  (474,0),  (446,0),  (417,0),  (389,0),  (360,0),  (305,0),  (276,4),  (248,4),  (247,2),  (216,2),  (215,2),  (243,2),  (242,2),  (240,2),  (267,6),  (266,6),  (292,2),  (291,2),  (318,2),  (316,2),  (315,2),  (314,2),  (312,2),  (311,4),  (282,4),  (254,0),  (226,5),  (197,5),  (198,5),  (172,5),  (173,5),  (146,3),  (119,3),  (121,3),  (122,3),  (96,3),  (97,3),  (70,5),  (72,3),  (73,3),  (74,3),  (76,3),  (77,3),  (78,3),  (79,3),  (81,3),  (53,3),  (54,7),  (85,1),  (85,6), 


[Timing] Time passed: 123.780808 s

Posterior Probability: -411.1691768
Agreement with demo: 5.1%
Current angular diffs: 84'

Selected number of demos: 33

-- Positive Demos --
 (546,3),  (547,3),  (548,3),  (549,3),  (524,3),  (555,3),  (529,5),  (502,0),  (417,0),  (389,0),  (360,0),  (276,4),  (247,2),  (215,2),  (243,2),  (267,6),  (292,2),  (291,2),  (316,2),  (312,2),  (282,4),  (197,5),  (198,5),  (146,3),  (119,3),  (121,3),  (122,3),  (97,3),  (73,3),  (77,3),  (81,3),  (53,3),  (85,6), 


[Timing] Time passed: 122.750051 s

Posterior Probability: -212.1709517
Agreement with demo: 12%
Current angular diffs: 88'

Selected number of demos: 65

-- Positive Demos --
 (543,3),  (518,3),  (546,3),  (547,3),  (548,3),  (549,3),  (523,3),  (524,3),  (552,3),  (554,3),  (555,3),  (529,5),  (530,5),  (502,0),  (474,0),  (446,0),  (417,0),  (389,0),  (360,0),  (305,0),  (276,4),  (248,4),  (247,2),  (216,2),  (215,2),  (243,2),  (242,2),  (240,2),  (267,6),  (266,6),  (292,2),  (291,2),  (318,2),  (316,2),  (315,2),  (314,2),  (312,2),  (311,4),  (282,4),  (254,0),  (226,5),  (197,5),  (198,5),  (172,5),  (173,5),  (146,3),  (119,3),  (121,3),  (122,3),  (96,3),  (97,3),  (70,5),  (72,3),  (73,3),  (74,3),  (76,3),  (77,3),  (78,3),  (79,3),  (81,3),  (53,3),  (54,7),  (85,1),  (85,6), 


[Timing] Time passed: 122.629498 s

Posterior Probability: -318.1007167
Agreement with demo: 15%
Current angular diffs: 90'

Selected number of demos: 46

-- Positive Demos --
 (543,3),  (546,3),  (547,3),  (548,3),  (523,3),  (552,3),  (554,3),  (529,5),  (530,5),  (502,0),  (474,0),  (446,0),  (389,0),  (360,0),  (276,4),  (248,4),  (247,2),  (216,2),  (243,2),  (240,2),  (267,6),  (292,2),  (318,2),  (315,2),  (312,2),  (311,4),  (282,4),  (254,0),  (226,5),  (197,5),  (198,5),  (172,5),  (146,3),  (119,3),  (122,3),  (96,3),  (70,5),  (73,3),  (74,3),  (76,3),  (78,3),  (79,3),  (81,3),  (53,3),  (54,7),  (85,6), 


[Timing] Time passed: 120.123918 s

Posterior Probability: -193.3537452
Agreement with demo: 18%
Current angular diffs: 89'

Selected number of demos: 21

-- Positive Demos --
 (543,3),  (546,3),  (523,3),  (529,5),  (474,0),  (389,0),  (276,4),  (248,4),  (247,2),  (242,2),  (240,2),  (292,2),  (318,2),  (315,2),  (282,4),  (197,5),  (146,3),  (97,3),  (74,3),  (79,3),  (85,1), 


[Timing] Time passed: 105.327837 s

Posterior Probability: -334.0879042
Agreement with demo: 9%
Current angular diffs: 83'

-----------------------------
Avg angular diffs: 78'
-- learned weights --
Feature Weights: -0.336, 0.409, -0.4755, -0.1, 
