loading features...

Initializing gridworld of size 28 by 22..
    Num states: 616
    Num actions: 8

Total number of demos: 57

Selected number of demos: 25

-- Positive Demos --
 (510,7),  (541,3),  (544,3),  (547,3),  (550,3),  (551,3),  (528,5),  (500,5),  (444,2),  (471,2),  (440,2),  (466,2),  (435,2),  (403,4),  (375,4),  (317,4),  (231,4),  (173,0),  (117,0),  (63,5),  (36,3),  (39,3),  (42,3),  (45,3),  (49,3), 


[Timing] Time passed: 625.263924 s

Posterior Probability: -216.7435619
Agreement with demo: 9.9%
Current angular diffs: 84'

Selected number of demos: 38

-- Positive Demos --
 (538,3),  (541,3),  (542,3),  (544,3),  (545,3),  (547,3),  (548,3),  (551,3),  (553,3),  (527,5),  (500,5),  (473,4),  (444,2),  (471,2),  (442,2),  (441,2),  (440,2),  (439,2),  (466,2),  (436,2),  (433,4),  (403,4),  (375,4),  (345,4),  (317,4),  (288,4),  (231,4),  (201,4),  (145,0),  (89,5),  (63,5),  (36,3),  (37,3),  (40,3),  (44,3),  (45,3),  (48,3),  (50,3), 


[Timing] Time passed: 623.641827 s

Posterior Probability: -399.230759
Agreement with demo: 13%
Current angular diffs: 97'

Selected number of demos: 36

-- Positive Demos --
 (538,3),  (541,3),  (544,3),  (545,3),  (548,3),  (551,3),  (553,3),  (527,5),  (528,5),  (500,0),  (473,4),  (444,2),  (471,2),  (441,2),  (440,2),  (466,2),  (436,2),  (433,4),  (403,4),  (375,4),  (317,4),  (260,4),  (231,4),  (201,4),  (145,0),  (117,0),  (89,5),  (63,5),  (36,3),  (39,3),  (42,3),  (44,3),  (46,3),  (48,3),  (49,3),  (50,3), 


[Timing] Time passed: 627.827349 s

Posterior Probability: -278.0144472
Agreement with demo: 13%
Current angular diffs: 89'

Selected number of demos: 15

-- Positive Demos --
 (510,7),  (541,3),  (547,3),  (553,3),  (473,4),  (471,2),  (465,2),  (436,2),  (433,4),  (317,4),  (173,0),  (145,0),  (90,5),  (39,3),  (48,3), 


[Timing] Time passed: 622.394995 s

Posterior Probability: -75.92567757
Agreement with demo: 13%
Current angular diffs: 89'

Selected number of demos: 19

-- Positive Demos --
 (510,7),  (538,3),  (545,3),  (551,3),  (553,3),  (500,5),  (444,2),  (471,2),  (442,2),  (439,2),  (433,4),  (317,4),  (260,4),  (173,0),  (63,5),  (36,3),  (44,3),  (46,3),  (48,3), 


[Timing] Time passed: 613.220179 s

Posterior Probability: -94.15555947
Agreement with demo: 18%
Current angular diffs: 91'

Selected number of demos: 36

-- Positive Demos --
 (510,7),  (539,3),  (541,3),  (544,3),  (547,3),  (548,3),  (550,3),  (551,3),  (527,5),  (500,5),  (473,4),  (444,2),  (471,2),  (441,2),  (439,2),  (465,2),  (435,2),  (404,4),  (375,4),  (317,4),  (288,4),  (231,4),  (201,4),  (173,0),  (145,0),  (89,5),  (63,5),  (36,3),  (37,3),  (39,3),  (42,3),  (45,3),  (48,3),  (49,3),  (51,3), 


[Timing] Time passed: 622.222431 s

Posterior Probability: -221.1264512
Agreement with demo: 8.5%
Current angular diffs: 93'

Selected number of demos: 16

-- Positive Demos --
 (541,3),  (547,3),  (527,5),  (500,0),  (471,2),  (439,2),  (435,2),  (375,4),  (317,4),  (231,4),  (173,0),  (63,5),  (39,3),  (44,3),  (45,3),  (48,3), 


[Timing] Time passed: 618.734477 s

Posterior Probability: -101.7153632
Agreement with demo: 21%
Current angular diffs: 88'

Selected number of demos: 23

-- Positive Demos --
 (538,3),  (542,3),  (547,3),  (551,3),  (553,3),  (500,0),  (442,2),  (465,2),  (436,2),  (435,2),  (404,4),  (375,4),  (345,4),  (260,4),  (145,0),  (117,0),  (63,3),  (36,3),  (42,3),  (45,3),  (48,3),  (50,3),  (51,3), 


[Timing] Time passed: 617.585928 s

Posterior Probability: -203.6827468
Agreement with demo: 9.9%
Current angular diffs: 91'

Selected number of demos: 57

-- Positive Demos --
 (510,7),  (538,3),  (539,3),  (541,3),  (542,3),  (544,3),  (545,3),  (547,3),  (548,3),  (550,3),  (551,3),  (553,3),  (527,5),  (528,5),  (500,5),  (500,0),  (473,4),  (444,2),  (471,2),  (442,2),  (441,2),  (440,2),  (439,2),  (466,2),  (465,2),  (436,2),  (435,2),  (433,4),  (404,4),  (403,4),  (375,4),  (345,4),  (317,4),  (288,4),  (260,4),  (231,4),  (201,4),  (173,0),  (145,0),  (117,0),  (89,5),  (90,5),  (63,5),  (63,3),  (36,3),  (37,3),  (39,3),  (40,3),  (42,3),  (44,3),  (45,3),  (46,3),  (48,3),  (49,3),  (50,3),  (51,3), 


[Timing] Time passed: 595.005114 s

Posterior Probability: -529.7262546
Agreement with demo: 9.9%
Current angular diffs: 93'

Selected number of demos: 22

-- Positive Demos --
 (538,3),  (541,3),  (547,3),  (550,3),  (551,3),  (500,5),  (444,2),  (471,2),  (440,2),  (465,2),  (433,4),  (375,4),  (345,4),  (231,4),  (173,0),  (89,5),  (63,3),  (39,3),  (40,3),  (45,3),  (50,3),  (51,3), 


[Timing] Time passed: 582.837566 s

Posterior Probability: -186.9870484
Agreement with demo: 7%
Current angular diffs: 89'

Selected number of demos: 39

-- Positive Demos --
 (538,3),  (539,3),  (541,3),  (544,3),  (547,3),  (550,3),  (553,3),  (528,5),  (500,5),  (473,4),  (444,2),  (471,2),  (442,2),  (440,2),  (439,2),  (465,2),  (436,2),  (433,4),  (403,4),  (375,4),  (345,4),  (317,4),  (288,4),  (231,4),  (173,0),  (145,0),  (117,0),  (90,5),  (63,5),  (63,3),  (36,3),  (39,3),  (40,3),  (44,3),  (45,3),  (48,3),  (49,3),  (50,3),  (51,3), 


[Timing] Time passed: 568.592013 s

Posterior Probability: -246.2603934
Agreement with demo: 14%
Current angular diffs: 98'

Selected number of demos: 30

-- Positive Demos --
 (510,7),  (538,3),  (539,3),  (544,3),  (548,3),  (553,3),  (500,5),  (473,4),  (444,2),  (471,2),  (441,2),  (440,2),  (466,2),  (435,2),  (404,4),  (403,4),  (345,4),  (317,4),  (288,4),  (260,4),  (231,4),  (145,0),  (89,5),  (63,3),  (36,3),  (40,3),  (42,3),  (45,3),  (46,3),  (50,3), 


[Timing] Time passed: 556.323537 s

Posterior Probability: -123.7447798
Agreement with demo: 13%
Current angular diffs: 86'

Selected number of demos: 26

-- Positive Demos --
 (538,3),  (542,3),  (545,3),  (550,3),  (553,3),  (500,5),  (444,2),  (471,2),  (442,2),  (440,2),  (465,2),  (433,4),  (404,4),  (345,4),  (317,4),  (288,4),  (231,4),  (173,0),  (89,5),  (90,5),  (36,3),  (37,3),  (42,3),  (45,3),  (46,3),  (50,3), 


[Timing] Time passed: 535.348397 s

Posterior Probability: -182.4634586
Agreement with demo: 14%
Current angular diffs: 85'

Selected number of demos: 12

-- Positive Demos --
 (541,3),  (547,3),  (527,5),  (444,2),  (439,2),  (436,2),  (345,4),  (231,4),  (89,5),  (37,3),  (45,3),  (46,3), 


[Timing] Time passed: 544.141643 s

Posterior Probability: -25.00990407
Agreement with demo: 15%
Current angular diffs: 93'

-----------------------------
Avg angular diffs: 84'
-- learned weights --
Feature Weights: -0.4575, -0.181, -0.295, -0.1, 
