processing file :../birl_data/34_20_3_objects.txt

Initializing gridworld of size 32 by 24..
    Num states: 768
    Num actions: 8

Total number of demos: 96

Total number of good demos: 60

Selected number of demos: 60

-- Positive Demos --
 (675,7), 


 - [Timing] Time passed: 96.429476 s
- Current feature weights:0.0007333333333, 0.002066666667, 0.002733333333, -0.0001
 - Posterior Probability: -2.07944
 - Agreement with demo: 100%
 - Current angular diffs: 0'

-- Positive Demos --
 (680,1), 


 - [Timing] Time passed: 82.205363 s
- Current feature weights:0.001016666667, 0.002583333333, 0.0061, -0.0001
 - Posterior Probability: -2.07944
 - Agreement with demo: 100%
 - Current angular diffs: 0'

-- Positive Demos --
 (679,2),  (674,3),  (669,3),  (668,3), 


 - [Timing] Time passed: 140.216781 s
- Current feature weights:0.00275, 0.01291666667, 0.01283333333, -0.0001
 - Posterior Probability: -8.31777
 - Agreement with demo: 0%
 - Current angular diffs: 101.25'

-- Positive Demos --
 (671,3),  (663,3), 


 - [Timing] Time passed: 106.077374 s
- Current feature weights:0.001583333333, 0.01338333333, 0.0166, -0.0001
 - Posterior Probability: -4.15888
 - Agreement with demo: 0%
 - Current angular diffs: 90'

-- Positive Demos --
 (655,3), 


 - [Timing] Time passed: 101.443335 s
- Current feature weights:0.00205, 0.01761666667, 0.0177, -0.0001
 - Posterior Probability: -2.07944
 - Agreement with demo: 0%
 - Current angular diffs: 90'

-- Positive Demos --
 (660,3),  (672,3),  (692,3), 


 - [Timing] Time passed: 104.272862 s
- Current feature weights:0.0062, 0.02801666667, 0.02145, -0.0001
 - Posterior Probability: -6.23832
 - Agreement with demo: 0%
 - Current angular diffs: 105'

-- Positive Demos --
 (697,3), 


 - [Timing] Time passed: 134.752374 s
- Current feature weights:0.007333333333, 0.02751666667, 0.02118333333, -0.0001
 - Posterior Probability: -2.07944
 - Agreement with demo: 0%
 - Current angular diffs: 90'

-- Positive Demos --
 (689,3), 


 - [Timing] Time passed: 91.688993 s
- Current feature weights:0.008333333333, 0.0271, 0.02156666667, -0.0001
 - Posterior Probability: -2.07944
 - Agreement with demo: 0%
 - Current angular diffs: 135'

-- Positive Demos --
 (684,3),  (678,5), 


 - [Timing] Time passed: 90.68269 s
- Current feature weights:0.0154, 0.02976666667, 0.02276666667, -0.0001
 - Posterior Probability: -4.15888
 - Agreement with demo: 0%
 - Current angular diffs: 67.5'

-- Positive Demos --
 (664,0),  (640,0),  (611,0),  (583,0),  (556,4), 


 - [Timing] Time passed: 89.515484 s
- Current feature weights:0.03631666667, 0.05235, 0.0356, -0.0001
 - Posterior Probability: -10.3972
 - Agreement with demo: 0%
 - Current angular diffs: 126'

-- Positive Demos --
 (529,4),  (517,2), 


 - [Timing] Time passed: 89.191218 s
- Current feature weights:0.04528333333, 0.06035, 0.0371, -0.0001
 - Posterior Probability: -4.15888
 - Agreement with demo: 50%
 - Current angular diffs: 67.5'

-- Positive Demos --
 (516,6), 


 - [Timing] Time passed: 88.54147 s
- Current feature weights:0.05031666667, 0.06358333333, 0.03803333333, -0.0001
 - Posterior Probability: -2.07944
 - Agreement with demo: 0%
 - Current angular diffs: 135'

-- Positive Demos --
 (533,2),  (543,2),  (542,2), 


 - [Timing] Time passed: 87.455758 s
- Current feature weights:0.06001666667, 0.07778333333, 0.04083333333, -0.0001
 - Posterior Probability: -6.23832
 - Agreement with demo: 0%
 - Current angular diffs: 90'

-- Positive Demos --
 (545,2),  (538,2), 


 - [Timing] Time passed: 122.75046 s
- Current feature weights:0.06141666667, 0.08355, 0.0466, -0.0001
 - Posterior Probability: -4.15888
 - Agreement with demo: 50%
 - Current angular diffs: 45'

-- Positive Demos --
 (528,2),  (523,2),  (510,4), 


 - [Timing] Time passed: 127.819702 s
- Current feature weights:0.06086666667, 0.09215, 0.05665, -0.0001
 - Posterior Probability: -6.23832
 - Agreement with demo: 0%
 - Current angular diffs: 90'

-- Positive Demos --
 (483,4), 


 - [Timing] Time passed: 114.049575 s
- Current feature weights:0.06068333333, 0.09501666667, 0.06, -0.0001
 - Posterior Probability: -0.693147
 - Agreement with demo: 0%
 - Current angular diffs: 90'

-- Positive Demos --
 (454,4),  (431,4), 


 - [Timing] Time passed: 126.384741 s
- Current feature weights:0.05921666667, 0.10095, 0.06693333333, -0.0001
 - Posterior Probability: -4.15888
 - Agreement with demo: 50%
 - Current angular diffs: 90'

-- Positive Demos --
 (412,4), 


 - [Timing] Time passed: 110.653244 s
- Current feature weights:0.05848333333, 0.1039166667, 0.0704, -0.0001
 - Posterior Probability: -0.000927121
 - Agreement with demo: 0%
 - Current angular diffs: 135'

-- Positive Demos --
 (389,4),  (368,4), 


 - [Timing] Time passed: 123.145677 s
- Current feature weights:0.05388333333, 0.11115, 0.07596666667, -0.0001
 - Posterior Probability: -4.15888
 - Agreement with demo: 0%
 - Current angular diffs: 45'

-- Positive Demos --
 (345,4),  (317,0),  (284,0),  (248,0),  (205,0), 


 - [Timing] Time passed: 121.757904 s
- Current feature weights:0.0448, 0.13465, 0.08688333333, -0.0001
 - Posterior Probability: -10.3972
 - Agreement with demo: 0%
 - Current angular diffs: 63'

-- Positive Demos --
 (148,5), 


 - [Timing] Time passed: 107.908146 s
- Current feature weights:0.04326666667, 0.13765, 0.08838333333, -0.0001
 - Posterior Probability: -2.07944
 - Agreement with demo: 100%
 - Current angular diffs: 0'

-- Positive Demos --
 (111,3), 


 - [Timing] Time passed: 98.838817 s
- Current feature weights:0.04173333333, 0.14065, 0.08988333333, -0.0001
 - Posterior Probability: 0
 - Agreement with demo: 0%
 - Current angular diffs: 90'

-- Positive Demos --
 (114,3), 


 - [Timing] Time passed: 106.909327 s
- Current feature weights:0.0402, 0.14365, 0.09138333333, -0.0001
 - Posterior Probability: 0
 - Agreement with demo: 0%
 - Current angular diffs: 135'

-- Positive Demos --
 (144,7), 


 - [Timing] Time passed: 125.478054 s
- Current feature weights:0.03961666667, 0.1476666667, 0.09428333333, -0.0001
 - Posterior Probability: -2.07944
 - Agreement with demo: 0%
 - Current angular diffs: 90'

-- Positive Demos --
 (209,3),  (181,3),  (149,3),  (133,3), 


 - [Timing] Time passed: 98.158289 s
- Current feature weights:0.03728333333, 0.1588666667, 0.11555, -0.0001
 - Posterior Probability: -8.31777
 - Agreement with demo: 0%
 - Current angular diffs: 112.5'

-- Positive Demos --
 (143,7),  (180,3), 


 - [Timing] Time passed: 91.447748 s
- Current feature weights:0.03688333333, 0.1636333333, 0.1265833333, -0.0001
 - Posterior Probability: -4.15888
 - Agreement with demo: 0%
 - Current angular diffs: 67.5'

-- Positive Demos --
 (182,3),  (191,3),  (190,5),  (170,5), 


 - [Timing] Time passed: 85.738125 s
- Current feature weights:0.03901666667, 0.1767666667, 0.14465, -0.0001
 - Posterior Probability: -8.31777
 - Agreement with demo: 0%
 - Current angular diffs: 90'

-- Positive Demos --
 (163,7), 


 - [Timing] Time passed: 86.890269 s
- Current feature weights:0.039, 0.1819333333, 0.1495, -0.0001
 - Posterior Probability: -2.07944
 - Agreement with demo: 0%
 - Current angular diffs: 90'

-- Positive Demos --
 (142,0), 


 - [Timing] Time passed: 90.727764 s
- Current feature weights:0.03971666667, 0.1859333333, 0.1555166667, -0.0001
 - Posterior Probability: -2.07944
 - Agreement with demo: 0%
 - Current angular diffs: 45'

-- Positive Demos --
 (125,1), 


 - [Timing] Time passed: 90.561801 s
- Current feature weights:0.03918333333, 0.1874833333, 0.1651, -0.0001
 - Posterior Probability: -2.07944
 - Agreement with demo: 0%
 - Current angular diffs: 45'

-----------------------------
Avg angular diffs: 85.5'
Total agreement with demo: 10%
-- learned weights --
Final feature weights:0.0391833, 0.187483, 0.1651, -0.0001
