loading features...

Initializing gridworld of size 32 by 24..
    Num states: 768
    Num actions: 8

Total number of demos: 84

Selected number of demos: 38

-- Positive Demos --
 (693,7),  (704,7),  (724,7),  (738,3),  (741,3),  (736,3),  (713,5),  (687,5),  (656,5),  (579,5),  (553,5),  (477,4),  (418,4),  (389,4),  (351,2),  (342,2),  (350,2),  (345,4),  (305,4),  (288,2),  (254,4),  (206,0),  (154,3),  (151,3),  (116,5),  (75,3),  (126,7),  (165,7),  (187,3),  (170,5),  (120,3),  (141,3),  (137,0),  (134,0),  (134,1),  (138,1),  (144,6),  (161,2), 


[Timing] Time passed: 122.867079 s

Posterior Probability: -99.73840889
Agreement with demo: 13%
Current angular diffs: 95'

Selected number of demos: 84

-- Positive Demos --
 (690,3),  (689,3),  (693,7),  (704,7),  (724,7),  (738,3),  (745,3),  (741,3),  (736,3),  (732,3),  (726,5),  (713,5),  (700,5),  (687,5),  (672,5),  (656,5),  (635,5),  (604,0),  (579,5),  (553,5),  (528,0),  (503,4),  (477,4),  (456,4),  (440,4),  (418,4),  (389,4),  (369,2),  (356,2),  (351,2),  (347,2),  (343,2),  (342,2),  (346,2),  (350,2),  (345,4),  (327,4),  (305,4),  (293,2),  (290,2),  (288,2),  (278,4),  (254,4),  (230,4),  (206,0),  (181,0),  (165,5),  (154,3),  (152,3),  (151,3),  (138,5),  (127,5),  (116,5),  (103,5),  (87,5),  (75,3),  (77,7),  (98,7),  (126,7),  (146,7),  (165,7),  (182,3),  (187,3),  (184,5),  (170,5),  (142,5),  (122,3),  (120,3),  (130,3),  (141,3),  (145,5),  (141,5),  (137,0),  (134,0),  (132,1),  (134,1),  (135,1),  (138,1),  (144,6),  (155,6),  (161,2),  (160,4), 


[Timing] Time passed: 118.808772 s

Posterior Probability: -487.5654817
Agreement with demo: 11%
Current angular diffs: 91'

Selected number of demos: 44

-- Positive Demos --
 (689,3),  (693,7),  (738,3),  (745,3),  (732,3),  (726,5),  (687,5),  (672,5),  (604,0),  (528,0),  (477,4),  (456,4),  (418,4),  (389,4),  (356,2),  (351,2),  (342,2),  (346,2),  (327,4),  (305,4),  (290,2),  (288,2),  (278,4),  (230,4),  (206,0),  (154,3),  (152,3),  (151,3),  (116,5),  (103,5),  (87,5),  (75,3),  (126,7),  (165,7),  (187,3),  (170,5),  (120,3),  (130,3),  (141,5),  (134,0),  (135,1),  (144,6),  (155,6),  (160,4), 


[Timing] Time passed: 118.523092 s

Posterior Probability: -99.03475135
Agreement with demo: 16%
Current angular diffs: 83'

Selected number of demos: 55

-- Positive Demos --
 (690,3),  (689,3),  (704,7),  (738,3),  (745,3),  (736,3),  (732,3),  (713,5),  (700,5),  (672,5),  (656,5),  (604,0),  (553,5),  (528,0),  (503,4),  (456,4),  (418,4),  (369,2),  (356,2),  (351,2),  (343,2),  (342,2),  (350,2),  (345,4),  (327,4),  (293,2),  (288,2),  (254,4),  (206,0),  (181,0),  (165,5),  (152,3),  (151,3),  (127,5),  (116,5),  (87,5),  (77,7),  (126,7),  (146,7),  (182,3),  (187,3),  (184,5),  (142,5),  (122,3),  (120,3),  (130,3),  (145,5),  (137,0),  (134,0),  (134,1),  (135,1),  (144,6),  (161,2),  (160,4), 


[Timing] Time passed: 123.372756 s

Posterior Probability: -290.718042
Agreement with demo: 8%
Current angular diffs: 96'

Selected number of demos: 59

-- Positive Demos --
 (689,3),  (693,7),  (704,7),  (738,3),  (745,3),  (741,3),  (736,3),  (726,5),  (713,5),  (700,5),  (687,5),  (672,5),  (635,5),  (604,0),  (553,5),  (503,4),  (456,4),  (418,4),  (369,2),  (351,2),  (347,2),  (343,2),  (342,2),  (350,2),  (327,4),  (305,4),  (293,2),  (288,2),  (278,4),  (254,4),  (230,4),  (206,0),  (181,0),  (154,3),  (152,3),  (138,5),  (116,5),  (87,5),  (75,3),  (77,7),  (126,7),  (165,7),  (182,3),  (187,3),  (170,5),  (122,3),  (120,3),  (130,3),  (141,3),  (145,5),  (137,0),  (134,0),  (132,1),  (135,1),  (138,1),  (144,6),  (161,2),  (160,4), 


[Timing] Time passed: 124.425491 s

Posterior Probability: -265.9024221
Agreement with demo: 11%
Current angular diffs: 91'

Selected number of demos: 57

-- Positive Demos --
 (690,3),  (689,3),  (704,7),  (738,3),  (745,3),  (741,3),  (736,3),  (732,3),  (713,5),  (700,5),  (687,5),  (672,5),  (656,5),  (604,0),  (553,5),  (503,4),  (456,4),  (418,4),  (389,4),  (369,2),  (356,2),  (351,2),  (347,2),  (342,2),  (350,2),  (345,4),  (327,4),  (305,4),  (290,2),  (288,2),  (254,4),  (206,0),  (181,0),  (165,5),  (154,3),  (151,3),  (138,5),  (116,5),  (87,5),  (75,3),  (98,7),  (126,7),  (146,7),  (182,3),  (187,3),  (170,5),  (142,5),  (122,3),  (120,3),  (141,3),  (145,5),  (141,5),  (134,0),  (134,1),  (138,1),  (144,6),  (161,2), 


[Timing] Time passed: 126.618928 s

Posterior Probability: -371.479546
Agreement with demo: 13%
Current angular diffs: 89'

Selected number of demos: 38

-- Positive Demos --
 (690,3),  (704,7),  (745,3),  (741,3),  (732,3),  (726,5),  (700,5),  (672,5),  (604,0),  (553,5),  (503,4),  (456,4),  (440,4),  (369,2),  (356,2),  (351,2),  (342,2),  (350,2),  (345,4),  (293,2),  (278,4),  (206,0),  (165,5),  (154,3),  (138,5),  (116,5),  (75,3),  (126,7),  (182,3),  (184,5),  (122,3),  (130,3),  (141,5),  (134,0),  (135,1),  (144,6),  (155,6),  (160,4), 


[Timing] Time passed: 122.663124 s

Posterior Probability: -77.97879523
Agreement with demo: 14%
Current angular diffs: 84'

Selected number of demos: 84

-- Positive Demos --
 (690,3),  (689,3),  (693,7),  (704,7),  (724,7),  (738,3),  (745,3),  (741,3),  (736,3),  (732,3),  (726,5),  (713,5),  (700,5),  (687,5),  (672,5),  (656,5),  (635,5),  (604,0),  (579,5),  (553,5),  (528,0),  (503,4),  (477,4),  (456,4),  (440,4),  (418,4),  (389,4),  (369,2),  (356,2),  (351,2),  (347,2),  (343,2),  (342,2),  (346,2),  (350,2),  (345,4),  (327,4),  (305,4),  (293,2),  (290,2),  (288,2),  (278,4),  (254,4),  (230,4),  (206,0),  (181,0),  (165,5),  (154,3),  (152,3),  (151,3),  (138,5),  (127,5),  (116,5),  (103,5),  (87,5),  (75,3),  (77,7),  (98,7),  (126,7),  (146,7),  (165,7),  (182,3),  (187,3),  (184,5),  (170,5),  (142,5),  (122,3),  (120,3),  (130,3),  (141,3),  (145,5),  (141,5),  (137,0),  (134,0),  (132,1),  (134,1),  (135,1),  (138,1),  (144,6),  (155,6),  (161,2),  (160,4), 


[Timing] Time passed: 124.390835 s

Posterior Probability: -409.7454501
Agreement with demo: 14%
Current angular diffs: 89'

Selected number of demos: 54

-- Positive Demos --
 (689,3),  (704,7),  (738,3),  (745,3),  (741,3),  (732,3),  (713,5),  (700,5),  (672,5),  (656,5),  (604,0),  (553,5),  (528,0),  (503,4),  (477,4),  (440,4),  (389,4),  (356,2),  (347,2),  (342,2),  (350,2),  (327,4),  (305,4),  (293,2),  (290,2),  (288,2),  (278,4),  (230,4),  (206,0),  (181,0),  (154,3),  (151,3),  (138,5),  (127,5),  (116,5),  (103,5),  (75,3),  (77,7),  (98,7),  (146,7),  (165,7),  (187,3),  (184,5),  (142,5),  (122,3),  (130,3),  (145,5),  (137,0),  (132,1),  (134,1),  (138,1),  (144,6),  (161,2), 


[Timing] Time passed: 124.415261 s

Posterior Probability: -184.717587
Agreement with demo: 15%
Current angular diffs: 91'

Selected number of demos: 84

-- Positive Demos --
 (690,3),  (689,3),  (693,7),  (704,7),  (724,7),  (738,3),  (745,3),  (741,3),  (736,3),  (732,3),  (726,5),  (713,5),  (700,5),  (687,5),  (672,5),  (656,5),  (635,5),  (604,0),  (579,5),  (553,5),  (528,0),  (503,4),  (477,4),  (456,4),  (440,4),  (418,4),  (389,4),  (369,2),  (356,2),  (351,2),  (347,2),  (343,2),  (342,2),  (346,2),  (350,2),  (345,4),  (327,4),  (305,4),  (293,2),  (290,2),  (288,2),  (278,4),  (254,4),  (230,4),  (206,0),  (181,0),  (165,5),  (154,3),  (152,3),  (151,3),  (138,5),  (127,5),  (116,5),  (103,5),  (87,5),  (75,3),  (77,7),  (98,7),  (126,7),  (146,7),  (165,7),  (182,3),  (187,3),  (184,5),  (170,5),  (142,5),  (122,3),  (120,3),  (130,3),  (141,3),  (145,5),  (141,5),  (137,0),  (134,0),  (132,1),  (134,1),  (135,1),  (138,1),  (144,6),  (155,6),  (161,2),  (160,4), 


[Timing] Time passed: 124.487171 s

Posterior Probability: -548.2442785
Agreement with demo: 14%
Current angular diffs: 89'

Selected number of demos: 44

-- Positive Demos --
 (690,3),  (689,3),  (693,7),  (704,7),  (745,3),  (736,3),  (726,5),  (687,5),  (656,5),  (635,5),  (604,0),  (579,5),  (553,5),  (528,0),  (456,4),  (418,4),  (369,2),  (351,2),  (342,2),  (350,2),  (327,4),  (290,2),  (288,2),  (230,4),  (165,5),  (152,3),  (138,5),  (116,5),  (103,5),  (87,5),  (98,7),  (126,7),  (165,7),  (187,3),  (170,5),  (142,5),  (130,3),  (141,3),  (145,5),  (134,0),  (132,1),  (135,1),  (155,6),  (161,2), 


[Timing] Time passed: 124.340633 s

Posterior Probability: -185.3468071
Agreement with demo: 16%
Current angular diffs: 91'

Selected number of demos: 84

-- Positive Demos --
 (690,3),  (689,3),  (693,7),  (704,7),  (724,7),  (738,3),  (745,3),  (741,3),  (736,3),  (732,3),  (726,5),  (713,5),  (700,5),  (687,5),  (672,5),  (656,5),  (635,5),  (604,0),  (579,5),  (553,5),  (528,0),  (503,4),  (477,4),  (456,4),  (440,4),  (418,4),  (389,4),  (369,2),  (356,2),  (351,2),  (347,2),  (343,2),  (342,2),  (346,2),  (350,2),  (345,4),  (327,4),  (305,4),  (293,2),  (290,2),  (288,2),  (278,4),  (254,4),  (230,4),  (206,0),  (181,0),  (165,5),  (154,3),  (152,3),  (151,3),  (138,5),  (127,5),  (116,5),  (103,5),  (87,5),  (75,3),  (77,7),  (98,7),  (126,7),  (146,7),  (165,7),  (182,3),  (187,3),  (184,5),  (170,5),  (142,5),  (122,3),  (120,3),  (130,3),  (141,3),  (145,5),  (141,5),  (137,0),  (134,0),  (132,1),  (134,1),  (135,1),  (138,1),  (144,6),  (155,6),  (161,2),  (160,4), 


[Timing] Time passed: 122.539549 s

Posterior Probability: -193.0460722
Agreement with demo: 15%
Current angular diffs: 93'

Selected number of demos: 45

-- Positive Demos --
 (690,3),  (689,3),  (724,7),  (745,3),  (736,3),  (726,5),  (687,5),  (672,5),  (635,5),  (604,0),  (579,5),  (503,4),  (456,4),  (389,4),  (369,2),  (351,2),  (342,2),  (350,2),  (345,4),  (293,2),  (278,4),  (254,4),  (230,4),  (206,0),  (154,3),  (151,3),  (116,5),  (103,5),  (87,5),  (75,3),  (77,7),  (98,7),  (146,7),  (187,3),  (184,5),  (170,5),  (122,3),  (130,3),  (141,5),  (137,0),  (134,1),  (135,1),  (138,1),  (144,6),  (160,4), 


[Timing] Time passed: 124.301108 s

Posterior Probability: -359.8883778
Agreement with demo: 15%
Current angular diffs: 87'

Selected number of demos: 57

-- Positive Demos --
 (689,3),  (704,7),  (724,7),  (745,3),  (736,3),  (726,5),  (713,5),  (700,5),  (687,5),  (656,5),  (604,0),  (579,5),  (528,0),  (503,4),  (477,4),  (440,4),  (418,4),  (369,2),  (351,2),  (347,2),  (343,2),  (342,2),  (346,2),  (350,2),  (345,4),  (305,4),  (290,2),  (288,2),  (278,4),  (254,4),  (230,4),  (181,0),  (165,5),  (152,3),  (151,3),  (127,5),  (116,5),  (103,5),  (75,3),  (98,7),  (126,7),  (165,7),  (187,3),  (184,5),  (142,5),  (120,3),  (130,3),  (145,5),  (141,5),  (134,0),  (132,1),  (134,1),  (138,1),  (144,6),  (155,6),  (160,4), 


[Timing] Time passed: 125.461964 s

Posterior Probability: -633.7638486
Agreement with demo: 13%
Current angular diffs: 87'

Selected number of demos: 59

-- Positive Demos --
 (690,3),  (689,3),  (693,7),  (704,7),  (738,3),  (745,3),  (741,3),  (732,3),  (713,5),  (700,5),  (687,5),  (672,5),  (656,5),  (635,5),  (604,0),  (553,5),  (503,4),  (477,4),  (456,4),  (418,4),  (369,2),  (351,2),  (343,2),  (342,2),  (350,2),  (327,4),  (293,2),  (288,2),  (278,4),  (254,4),  (206,0),  (165,5),  (154,3),  (152,3),  (138,5),  (116,5),  (103,5),  (87,5),  (75,3),  (77,7),  (98,7),  (126,7),  (146,7),  (165,7),  (182,3),  (187,3),  (184,5),  (170,5),  (122,3),  (120,3),  (141,3),  (145,5),  (137,0),  (134,0),  (134,1),  (138,1),  (155,6),  (161,2),  (160,4), 


[Timing] Time passed: 122.128093 s

Posterior Probability: -145.4904266
Agreement with demo: 13%
Current angular diffs: 95'

Selected number of demos: 84

-- Positive Demos --
 (690,3),  (689,3),  (693,7),  (704,7),  (724,7),  (738,3),  (745,3),  (741,3),  (736,3),  (732,3),  (726,5),  (713,5),  (700,5),  (687,5),  (672,5),  (656,5),  (635,5),  (604,0),  (579,5),  (553,5),  (528,0),  (503,4),  (477,4),  (456,4),  (440,4),  (418,4),  (389,4),  (369,2),  (356,2),  (351,2),  (347,2),  (343,2),  (342,2),  (346,2),  (350,2),  (345,4),  (327,4),  (305,4),  (293,2),  (290,2),  (288,2),  (278,4),  (254,4),  (230,4),  (206,0),  (181,0),  (165,5),  (154,3),  (152,3),  (151,3),  (138,5),  (127,5),  (116,5),  (103,5),  (87,5),  (75,3),  (77,7),  (98,7),  (126,7),  (146,7),  (165,7),  (182,3),  (187,3),  (184,5),  (170,5),  (142,5),  (122,3),  (120,3),  (130,3),  (141,3),  (145,5),  (141,5),  (137,0),  (134,0),  (132,1),  (134,1),  (135,1),  (138,1),  (144,6),  (155,6),  (161,2),  (160,4), 


[Timing] Time passed: 118.121363 s

Posterior Probability: -404.895374
Agreement with demo: 13%
Current angular diffs: 92'

Selected number of demos: 84

-- Positive Demos --
 (690,3),  (689,3),  (693,7),  (704,7),  (724,7),  (738,3),  (745,3),  (741,3),  (736,3),  (732,3),  (726,5),  (713,5),  (700,5),  (687,5),  (672,5),  (656,5),  (635,5),  (604,0),  (579,5),  (553,5),  (528,0),  (503,4),  (477,4),  (456,4),  (440,4),  (418,4),  (389,4),  (369,2),  (356,2),  (351,2),  (347,2),  (343,2),  (342,2),  (346,2),  (350,2),  (345,4),  (327,4),  (305,4),  (293,2),  (290,2),  (288,2),  (278,4),  (254,4),  (230,4),  (206,0),  (181,0),  (165,5),  (154,3),  (152,3),  (151,3),  (138,5),  (127,5),  (116,5),  (103,5),  (87,5),  (75,3),  (77,7),  (98,7),  (126,7),  (146,7),  (165,7),  (182,3),  (187,3),  (184,5),  (170,5),  (142,5),  (122,3),  (120,3),  (130,3),  (141,3),  (145,5),  (141,5),  (137,0),  (134,0),  (132,1),  (134,1),  (135,1),  (138,1),  (144,6),  (155,6),  (161,2),  (160,4), 


[Timing] Time passed: 120.343827 s

Posterior Probability: -232.5396596
Agreement with demo: 10%
Current angular diffs: 84'

Selected number of demos: 84

-- Positive Demos --
 (690,3),  (689,3),  (693,7),  (704,7),  (724,7),  (738,3),  (745,3),  (741,3),  (736,3),  (732,3),  (726,5),  (713,5),  (700,5),  (687,5),  (672,5),  (656,5),  (635,5),  (604,0),  (579,5),  (553,5),  (528,0),  (503,4),  (477,4),  (456,4),  (440,4),  (418,4),  (389,4),  (369,2),  (356,2),  (351,2),  (347,2),  (343,2),  (342,2),  (346,2),  (350,2),  (345,4),  (327,4),  (305,4),  (293,2),  (290,2),  (288,2),  (278,4),  (254,4),  (230,4),  (206,0),  (181,0),  (165,5),  (154,3),  (152,3),  (151,3),  (138,5),  (127,5),  (116,5),  (103,5),  (87,5),  (75,3),  (77,7),  (98,7),  (126,7),  (146,7),  (165,7),  (182,3),  (187,3),  (184,5),  (170,5),  (142,5),  (122,3),  (120,3),  (130,3),  (141,3),  (145,5),  (141,5),  (137,0),  (134,0),  (132,1),  (134,1),  (135,1),  (138,1),  (144,6),  (155,6),  (161,2),  (160,4), 


[Timing] Time passed: 123.935418 s

Posterior Probability: -250.5796677
Agreement with demo: 13%
Current angular diffs: 91'

Selected number of demos: 84

-- Positive Demos --
 (690,3),  (689,3),  (693,7),  (704,7),  (724,7),  (738,3),  (745,3),  (741,3),  (736,3),  (732,3),  (726,5),  (713,5),  (700,5),  (687,5),  (672,5),  (656,5),  (635,5),  (604,0),  (579,5),  (553,5),  (528,0),  (503,4),  (477,4),  (456,4),  (440,4),  (418,4),  (389,4),  (369,2),  (356,2),  (351,2),  (347,2),  (343,2),  (342,2),  (346,2),  (350,2),  (345,4),  (327,4),  (305,4),  (293,2),  (290,2),  (288,2),  (278,4),  (254,4),  (230,4),  (206,0),  (181,0),  (165,5),  (154,3),  (152,3),  (151,3),  (138,5),  (127,5),  (116,5),  (103,5),  (87,5),  (75,3),  (77,7),  (98,7),  (126,7),  (146,7),  (165,7),  (182,3),  (187,3),  (184,5),  (170,5),  (142,5),  (122,3),  (120,3),  (130,3),  (141,3),  (145,5),  (141,5),  (137,0),  (134,0),  (132,1),  (134,1),  (135,1),  (138,1),  (144,6),  (155,6),  (161,2),  (160,4), 


[Timing] Time passed: 125.678455 s

Posterior Probability: -568.9357476
Agreement with demo: 14%
Current angular diffs: 87'

Selected number of demos: 38

-- Positive Demos --
 (693,7),  (738,3),  (741,3),  (726,5),  (700,5),  (672,5),  (656,5),  (604,0),  (579,5),  (503,4),  (477,4),  (418,4),  (356,2),  (351,2),  (342,2),  (346,2),  (350,2),  (305,4),  (288,2),  (230,4),  (181,0),  (152,3),  (138,5),  (127,5),  (103,5),  (87,5),  (77,7),  (146,7),  (187,3),  (142,5),  (120,3),  (145,5),  (137,0),  (132,1),  (138,1),  (155,6),  (160,4), 


[Timing] Time passed: 122.913177 s

Posterior Probability: -100.043007
Agreement with demo: 14%
Current angular diffs: 89'

Selected number of demos: 44

-- Positive Demos --
 (689,3),  (704,7),  (738,3),  (745,3),  (741,3),  (736,3),  (726,5),  (700,5),  (687,5),  (656,5),  (579,5),  (553,5),  (528,0),  (456,4),  (389,4),  (356,2),  (351,2),  (343,2),  (342,2),  (350,2),  (305,4),  (290,2),  (278,4),  (254,4),  (181,0),  (152,3),  (138,5),  (116,5),  (75,3),  (98,7),  (146,7),  (182,3),  (184,5),  (122,3),  (130,3),  (145,5),  (134,0),  (135,1),  (138,1),  (144,6),  (155,6),  (161,2),  (160,4), 


[Timing] Time passed: 125.465012 s

Posterior Probability: -166.5605167
Agreement with demo: 10%
Current angular diffs: 94'

Selected number of demos: 55

-- Positive Demos --
 (690,3),  (689,3),  (693,7),  (704,7),  (738,3),  (745,3),  (736,3),  (726,5),  (713,5),  (700,5),  (687,5),  (656,5),  (604,0),  (553,5),  (528,0),  (477,4),  (456,4),  (440,4),  (389,4),  (356,2),  (347,2),  (342,2),  (346,2),  (345,4),  (305,4),  (293,2),  (288,2),  (254,4),  (230,4),  (206,0),  (181,0),  (154,3),  (152,3),  (138,5),  (116,5),  (103,5),  (87,5),  (77,7),  (126,7),  (146,7),  (182,3),  (187,3),  (184,5),  (170,5),  (122,3),  (120,3),  (141,3),  (141,5),  (137,0),  (134,0),  (132,1),  (135,1),  (144,6),  (161,2),  (160,4), 


[Timing] Time passed: 125.467518 s

Posterior Probability: -298.6222685
Agreement with demo: 11%
Current angular diffs: 83'

Selected number of demos: 84

-- Positive Demos --
 (690,3),  (689,3),  (693,7),  (704,7),  (724,7),  (738,3),  (745,3),  (741,3),  (736,3),  (732,3),  (726,5),  (713,5),  (700,5),  (687,5),  (672,5),  (656,5),  (635,5),  (604,0),  (579,5),  (553,5),  (528,0),  (503,4),  (477,4),  (456,4),  (440,4),  (418,4),  (389,4),  (369,2),  (356,2),  (351,2),  (347,2),  (343,2),  (342,2),  (346,2),  (350,2),  (345,4),  (327,4),  (305,4),  (293,2),  (290,2),  (288,2),  (278,4),  (254,4),  (230,4),  (206,0),  (181,0),  (165,5),  (154,3),  (152,3),  (151,3),  (138,5),  (127,5),  (116,5),  (103,5),  (87,5),  (75,3),  (77,7),  (98,7),  (126,7),  (146,7),  (165,7),  (182,3),  (187,3),  (184,5),  (170,5),  (142,5),  (122,3),  (120,3),  (130,3),  (141,3),  (145,5),  (141,5),  (137,0),  (134,0),  (132,1),  (134,1),  (135,1),  (138,1),  (144,6),  (155,6),  (161,2),  (160,4), 


[Timing] Time passed: 124.671628 s

Posterior Probability: -636.1433569
Agreement with demo: 16%
Current angular diffs: 86'

Selected number of demos: 54

-- Positive Demos --
 (689,3),  (693,7),  (704,7),  (738,3),  (745,3),  (741,3),  (736,3),  (726,5),  (713,5),  (700,5),  (687,5),  (672,5),  (656,5),  (604,0),  (579,5),  (528,0),  (503,4),  (456,4),  (440,4),  (418,4),  (369,2),  (351,2),  (347,2),  (343,2),  (342,2),  (350,2),  (327,4),  (293,2),  (290,2),  (288,2),  (254,4),  (206,0),  (181,0),  (154,3),  (152,3),  (151,3),  (127,5),  (103,5),  (75,3),  (77,7),  (126,7),  (165,7),  (182,3),  (187,3),  (184,5),  (142,5),  (120,3),  (141,3),  (145,5),  (137,0),  (132,1),  (135,1),  (144,6),  (161,2), 


[Timing] Time passed: 123.394373 s

Posterior Probability: -199.0780498
Agreement with demo: 14%
Current angular diffs: 86'

Selected number of demos: 52

-- Positive Demos --
 (689,3),  (693,7),  (724,7),  (738,3),  (745,3),  (741,3),  (732,3),  (726,5),  (700,5),  (672,5),  (635,5),  (604,0),  (553,5),  (528,0),  (477,4),  (440,4),  (389,4),  (369,2),  (351,2),  (343,2),  (342,2),  (346,2),  (345,4),  (305,4),  (290,2),  (288,2),  (278,4),  (254,4),  (206,0),  (165,5),  (152,3),  (138,5),  (116,5),  (103,5),  (75,3),  (77,7),  (98,7),  (146,7),  (165,7),  (187,3),  (184,5),  (142,5),  (120,3),  (130,3),  (145,5),  (141,5),  (134,0),  (134,1),  (138,1),  (144,6),  (161,2), 


[Timing] Time passed: 124.165015 s

Posterior Probability: -205.6478055
Agreement with demo: 10%
Current angular diffs: 88'

Selected number of demos: 40

-- Positive Demos --
 (689,3),  (724,7),  (745,3),  (732,3),  (726,5),  (713,5),  (687,5),  (672,5),  (604,0),  (553,5),  (503,4),  (440,4),  (418,4),  (369,2),  (356,2),  (351,2),  (343,2),  (346,2),  (345,4),  (305,4),  (288,2),  (254,4),  (230,4),  (181,0),  (154,3),  (151,3),  (127,5),  (87,5),  (75,3),  (98,7),  (146,7),  (165,7),  (187,3),  (142,5),  (130,3),  (141,5),  (132,1),  (134,1),  (135,1),  (155,6), 


[Timing] Time passed: 123.953575 s

Posterior Probability: -372.2807754
Agreement with demo: 14%
Current angular diffs: 88'

Selected number of demos: 57

-- Positive Demos --
 (689,3),  (693,7),  (724,7),  (738,3),  (745,3),  (741,3),  (732,3),  (713,5),  (687,5),  (672,5),  (635,5),  (604,0),  (579,5),  (553,5),  (528,0),  (503,4),  (477,4),  (440,4),  (389,4),  (356,2),  (347,2),  (343,2),  (346,2),  (350,2),  (345,4),  (327,4),  (305,4),  (293,2),  (288,2),  (254,4),  (206,0),  (181,0),  (165,5),  (152,3),  (151,3),  (138,5),  (116,5),  (87,5),  (77,7),  (98,7),  (126,7),  (146,7),  (182,3),  (187,3),  (184,5),  (142,5),  (122,3),  (130,3),  (145,5),  (141,5),  (137,0),  (134,0),  (132,1),  (135,1),  (144,6),  (161,2), 


[Timing] Time passed: 122.823141 s

Posterior Probability: -263.5055588
Agreement with demo: 18%
Current angular diffs: 80'

Selected number of demos: 84

-- Positive Demos --
 (690,3),  (689,3),  (693,7),  (704,7),  (724,7),  (738,3),  (745,3),  (741,3),  (736,3),  (732,3),  (726,5),  (713,5),  (700,5),  (687,5),  (672,5),  (656,5),  (635,5),  (604,0),  (579,5),  (553,5),  (528,0),  (503,4),  (477,4),  (456,4),  (440,4),  (418,4),  (389,4),  (369,2),  (356,2),  (351,2),  (347,2),  (343,2),  (342,2),  (346,2),  (350,2),  (345,4),  (327,4),  (305,4),  (293,2),  (290,2),  (288,2),  (278,4),  (254,4),  (230,4),  (206,0),  (181,0),  (165,5),  (154,3),  (152,3),  (151,3),  (138,5),  (127,5),  (116,5),  (103,5),  (87,5),  (75,3),  (77,7),  (98,7),  (126,7),  (146,7),  (165,7),  (182,3),  (187,3),  (184,5),  (170,5),  (142,5),  (122,3),  (120,3),  (130,3),  (141,3),  (145,5),  (141,5),  (137,0),  (134,0),  (132,1),  (134,1),  (135,1),  (138,1),  (144,6),  (155,6),  (161,2),  (160,4), 


[Timing] Time passed: 124.552928 s

Posterior Probability: -571.1959285
Agreement with demo: 13%
Current angular diffs: 91'

Selected number of demos: 55

-- Positive Demos --
 (690,3),  (693,7),  (704,7),  (738,3),  (745,3),  (736,3),  (726,5),  (700,5),  (687,5),  (656,5),  (635,5),  (604,0),  (579,5),  (528,0),  (477,4),  (440,4),  (389,4),  (369,2),  (351,2),  (343,2),  (346,2),  (345,4),  (327,4),  (293,2),  (290,2),  (278,4),  (230,4),  (206,0),  (181,0),  (165,5),  (154,3),  (152,3),  (151,3),  (127,5),  (116,5),  (87,5),  (75,3),  (98,7),  (126,7),  (165,7),  (187,3),  (184,5),  (142,5),  (120,3),  (130,3),  (145,5),  (141,5),  (134,0),  (134,1),  (138,1),  (144,6),  (155,6),  (161,2),  (160,4), 


[Timing] Time passed: 123.388467 s

Posterior Probability: -204.3523415
Agreement with demo: 13%
Current angular diffs: 93'

Selected number of demos: 41

-- Positive Demos --
 (689,3),  (693,7),  (738,3),  (745,3),  (736,3),  (713,5),  (687,5),  (635,5),  (579,5),  (553,5),  (477,4),  (456,4),  (389,4),  (369,2),  (356,2),  (351,2),  (342,2),  (350,2),  (345,4),  (327,4),  (305,4),  (288,2),  (254,4),  (206,0),  (154,3),  (151,3),  (116,5),  (103,5),  (77,7),  (146,7),  (187,3),  (184,5),  (122,3),  (130,3),  (141,5),  (134,0),  (132,1),  (138,1),  (144,6),  (160,4), 


[Timing] Time passed: 121.41383 s

Posterior Probability: -94.61823715
Agreement with demo: 26%
Current angular diffs: 81'

Selected number of demos: 40

-- Positive Demos --
 (693,7),  (724,7),  (745,3),  (736,3),  (732,3),  (713,5),  (672,5),  (635,5),  (579,5),  (553,5),  (528,0),  (477,4),  (456,4),  (440,4),  (369,2),  (347,2),  (343,2),  (350,2),  (305,4),  (288,2),  (254,4),  (206,0),  (181,0),  (154,3),  (152,3),  (127,5),  (87,5),  (98,7),  (165,7),  (182,3),  (184,5),  (142,5),  (130,3),  (145,5),  (141,5),  (137,0),  (134,1),  (138,1),  (155,6),  (160,4), 


[Timing] Time passed: 123.209653 s

Posterior Probability: -109.948612
Agreement with demo: 11%
Current angular diffs: 94'

Selected number of demos: 84

-- Positive Demos --
 (690,3),  (689,3),  (693,7),  (704,7),  (724,7),  (738,3),  (745,3),  (741,3),  (736,3),  (732,3),  (726,5),  (713,5),  (700,5),  (687,5),  (672,5),  (656,5),  (635,5),  (604,0),  (579,5),  (553,5),  (528,0),  (503,4),  (477,4),  (456,4),  (440,4),  (418,4),  (389,4),  (369,2),  (356,2),  (351,2),  (347,2),  (343,2),  (342,2),  (346,2),  (350,2),  (345,4),  (327,4),  (305,4),  (293,2),  (290,2),  (288,2),  (278,4),  (254,4),  (230,4),  (206,0),  (181,0),  (165,5),  (154,3),  (152,3),  (151,3),  (138,5),  (127,5),  (116,5),  (103,5),  (87,5),  (75,3),  (77,7),  (98,7),  (126,7),  (146,7),  (165,7),  (182,3),  (187,3),  (184,5),  (170,5),  (142,5),  (122,3),  (120,3),  (130,3),  (141,3),  (145,5),  (141,5),  (137,0),  (134,0),  (132,1),  (134,1),  (135,1),  (138,1),  (144,6),  (155,6),  (161,2),  (160,4), 


[Timing] Time passed: 122.187525 s

Posterior Probability: -209.3193654
Agreement with demo: 18%
Current angular diffs: 80'

Selected number of demos: 44

-- Positive Demos --
 (689,3),  (704,7),  (745,3),  (741,3),  (726,5),  (687,5),  (656,5),  (604,0),  (528,0),  (477,4),  (456,4),  (440,4),  (389,4),  (369,2),  (351,2),  (343,2),  (342,2),  (350,2),  (327,4),  (305,4),  (290,2),  (288,2),  (278,4),  (254,4),  (206,0),  (165,5),  (151,3),  (127,5),  (116,5),  (103,5),  (75,3),  (98,7),  (165,7),  (182,3),  (184,5),  (142,5),  (122,3),  (130,3),  (145,5),  (134,0),  (134,1),  (138,1),  (144,6),  (160,4), 


[Timing] Time passed: 124.22407 s

Posterior Probability: -244.0443006
Agreement with demo: 13%
Current angular diffs: 87'

Selected number of demos: 84

-- Positive Demos --
 (690,3),  (689,3),  (693,7),  (704,7),  (724,7),  (738,3),  (745,3),  (741,3),  (736,3),  (732,3),  (726,5),  (713,5),  (700,5),  (687,5),  (672,5),  (656,5),  (635,5),  (604,0),  (579,5),  (553,5),  (528,0),  (503,4),  (477,4),  (456,4),  (440,4),  (418,4),  (389,4),  (369,2),  (356,2),  (351,2),  (347,2),  (343,2),  (342,2),  (346,2),  (350,2),  (345,4),  (327,4),  (305,4),  (293,2),  (290,2),  (288,2),  (278,4),  (254,4),  (230,4),  (206,0),  (181,0),  (165,5),  (154,3),  (152,3),  (151,3),  (138,5),  (127,5),  (116,5),  (103,5),  (87,5),  (75,3),  (77,7),  (98,7),  (126,7),  (146,7),  (165,7),  (182,3),  (187,3),  (184,5),  (170,5),  (142,5),  (122,3),  (120,3),  (130,3),  (141,3),  (145,5),  (141,5),  (137,0),  (134,0),  (132,1),  (134,1),  (135,1),  (138,1),  (144,6),  (155,6),  (161,2),  (160,4), 


[Timing] Time passed: 123.885057 s

Posterior Probability: -364.7557209
Agreement with demo: 15%
Current angular diffs: 85'

Selected number of demos: 40

-- Positive Demos --
 (690,3),  (689,3),  (724,7),  (738,3),  (741,3),  (736,3),  (732,3),  (726,5),  (700,5),  (672,5),  (635,5),  (553,5),  (477,4),  (418,4),  (356,2),  (343,2),  (350,2),  (327,4),  (290,2),  (288,2),  (230,4),  (181,0),  (152,3),  (138,5),  (103,5),  (75,3),  (77,7),  (98,7),  (146,7),  (165,7),  (182,3),  (184,5),  (122,3),  (120,3),  (130,3),  (145,5),  (134,0),  (134,1),  (144,6),  (155,6), 


[Timing] Time passed: 123.768384 s

Posterior Probability: -147.177685
Agreement with demo: 16%
Current angular diffs: 85'

Selected number of demos: 84

-- Positive Demos --
 (690,3),  (689,3),  (693,7),  (704,7),  (724,7),  (738,3),  (745,3),  (741,3),  (736,3),  (732,3),  (726,5),  (713,5),  (700,5),  (687,5),  (672,5),  (656,5),  (635,5),  (604,0),  (579,5),  (553,5),  (528,0),  (503,4),  (477,4),  (456,4),  (440,4),  (418,4),  (389,4),  (369,2),  (356,2),  (351,2),  (347,2),  (343,2),  (342,2),  (346,2),  (350,2),  (345,4),  (327,4),  (305,4),  (293,2),  (290,2),  (288,2),  (278,4),  (254,4),  (230,4),  (206,0),  (181,0),  (165,5),  (154,3),  (152,3),  (151,3),  (138,5),  (127,5),  (116,5),  (103,5),  (87,5),  (75,3),  (77,7),  (98,7),  (126,7),  (146,7),  (165,7),  (182,3),  (187,3),  (184,5),  (170,5),  (142,5),  (122,3),  (120,3),  (130,3),  (141,3),  (145,5),  (141,5),  (137,0),  (134,0),  (132,1),  (134,1),  (135,1),  (138,1),  (144,6),  (155,6),  (161,2),  (160,4), 


[Timing] Time passed: 123.679322 s

Posterior Probability: -331.6350685
Agreement with demo: 11%
Current angular diffs: 88'

Selected number of demos: 41

-- Positive Demos --
 (693,7),  (704,7),  (745,3),  (736,3),  (732,3),  (713,5),  (700,5),  (687,5),  (635,5),  (604,0),  (528,0),  (456,4),  (389,4),  (369,2),  (356,2),  (351,2),  (342,2),  (350,2),  (327,4),  (305,4),  (288,2),  (278,4),  (254,4),  (206,0),  (154,3),  (152,3),  (151,3),  (127,5),  (87,5),  (75,3),  (98,7),  (146,7),  (187,3),  (170,5),  (120,3),  (145,5),  (141,5),  (132,1),  (138,1),  (161,2),  (160,4), 


[Timing] Time passed: 125.434405 s

Posterior Probability: -130.9053522
Agreement with demo: 14%
Current angular diffs: 87'

Selected number of demos: 84

-- Positive Demos --
 (690,3),  (689,3),  (693,7),  (704,7),  (724,7),  (738,3),  (745,3),  (741,3),  (736,3),  (732,3),  (726,5),  (713,5),  (700,5),  (687,5),  (672,5),  (656,5),  (635,5),  (604,0),  (579,5),  (553,5),  (528,0),  (503,4),  (477,4),  (456,4),  (440,4),  (418,4),  (389,4),  (369,2),  (356,2),  (351,2),  (347,2),  (343,2),  (342,2),  (346,2),  (350,2),  (345,4),  (327,4),  (305,4),  (293,2),  (290,2),  (288,2),  (278,4),  (254,4),  (230,4),  (206,0),  (181,0),  (165,5),  (154,3),  (152,3),  (151,3),  (138,5),  (127,5),  (116,5),  (103,5),  (87,5),  (75,3),  (77,7),  (98,7),  (126,7),  (146,7),  (165,7),  (182,3),  (187,3),  (184,5),  (170,5),  (142,5),  (122,3),  (120,3),  (130,3),  (141,3),  (145,5),  (141,5),  (137,0),  (134,0),  (132,1),  (134,1),  (135,1),  (138,1),  (144,6),  (155,6),  (161,2),  (160,4), 


[Timing] Time passed: 123.882274 s

Posterior Probability: -383.1123633
Agreement with demo: 14%
Current angular diffs: 88'

Selected number of demos: 41

-- Positive Demos --
 (690,3),  (689,3),  (704,7),  (724,7),  (745,3),  (741,3),  (736,3),  (713,5),  (672,5),  (635,5),  (553,5),  (528,0),  (456,4),  (389,4),  (351,2),  (342,2),  (350,2),  (327,4),  (293,2),  (288,2),  (230,4),  (206,0),  (165,5),  (152,3),  (151,3),  (116,5),  (87,5),  (77,7),  (126,7),  (146,7),  (187,3),  (184,5),  (142,5),  (122,3),  (141,3),  (145,5),  (134,0),  (132,1),  (134,1),  (138,1),  (155,6), 


[Timing] Time passed: 126.056132 s

Posterior Probability: -323.814912
Agreement with demo: 15%
Current angular diffs: 87'

Selected number of demos: 44

-- Positive Demos --
 (689,3),  (693,7),  (724,7),  (745,3),  (741,3),  (726,5),  (700,5),  (656,5),  (604,0),  (579,5),  (503,4),  (456,4),  (440,4),  (418,4),  (369,2),  (347,2),  (342,2),  (350,2),  (327,4),  (293,2),  (290,2),  (278,4),  (254,4),  (230,4),  (181,0),  (154,3),  (152,3),  (151,3),  (127,5),  (116,5),  (103,5),  (87,5),  (77,7),  (126,7),  (146,7),  (182,3),  (187,3),  (142,5),  (120,3),  (145,5),  (137,0),  (134,1),  (138,1),  (155,6), 


[Timing] Time passed: 126.324644 s

Posterior Probability: -250.7824728
Agreement with demo: 14%
Current angular diffs: 87'

Selected number of demos: 55

-- Positive Demos --
 (689,3),  (693,7),  (724,7),  (745,3),  (741,3),  (736,3),  (732,3),  (726,5),  (700,5),  (672,5),  (656,5),  (604,0),  (579,5),  (553,5),  (528,0),  (477,4),  (440,4),  (418,4),  (369,2),  (351,2),  (347,2),  (342,2),  (350,2),  (327,4),  (293,2),  (290,2),  (288,2),  (254,4),  (230,4),  (206,0),  (165,5),  (152,3),  (151,3),  (138,5),  (127,5),  (103,5),  (87,5),  (75,3),  (77,7),  (98,7),  (146,7),  (165,7),  (187,3),  (184,5),  (170,5),  (122,3),  (120,3),  (141,3),  (141,5),  (134,0),  (134,1),  (135,1),  (144,6),  (155,6),  (160,4), 


[Timing] Time passed: 122.41473 s

Posterior Probability: -120.2624653
Agreement with demo: 10%
Current angular diffs: 98'

Selected number of demos: 56

-- Positive Demos --
 (689,3),  (704,7),  (724,7),  (745,3),  (741,3),  (736,3),  (732,3),  (726,5),  (700,5),  (687,5),  (656,5),  (635,5),  (604,0),  (553,5),  (503,4),  (477,4),  (456,4),  (418,4),  (369,2),  (356,2),  (351,2),  (343,2),  (346,2),  (350,2),  (327,4),  (305,4),  (293,2),  (290,2),  (288,2),  (254,4),  (206,0),  (165,5),  (152,3),  (151,3),  (127,5),  (103,5),  (75,3),  (98,7),  (146,7),  (165,7),  (187,3),  (184,5),  (142,5),  (120,3),  (130,3),  (145,5),  (141,5),  (134,0),  (132,1),  (134,1),  (138,1),  (144,6),  (155,6),  (160,4), 


[Timing] Time passed: 124.285808 s

Posterior Probability: -213.851108
Agreement with demo: 14%
Current angular diffs: 91'

Selected number of demos: 54

-- Positive Demos --
 (689,3),  (693,7),  (704,7),  (738,3),  (745,3),  (741,3),  (732,3),  (713,5),  (687,5),  (672,5),  (635,5),  (604,0),  (553,5),  (503,4),  (477,4),  (456,4),  (418,4),  (389,4),  (356,2),  (347,2),  (342,2),  (350,2),  (345,4),  (327,4),  (305,4),  (290,2),  (278,4),  (254,4),  (230,4),  (206,0),  (181,0),  (165,5),  (154,3),  (151,3),  (127,5),  (116,5),  (87,5),  (75,3),  (98,7),  (146,7),  (182,3),  (187,3),  (184,5),  (170,5),  (122,3),  (130,3),  (145,5),  (141,5),  (137,0),  (134,0),  (134,1),  (138,1),  (155,6),  (161,2), 


[Timing] Time passed: 116.262975 s

Posterior Probability: -294.8788115
Agreement with demo: 17%
Current angular diffs: 88'

Selected number of demos: 40

-- Positive Demos --
 (689,3),  (693,7),  (738,3),  (745,3),  (741,3),  (726,5),  (687,5),  (656,5),  (579,5),  (528,0),  (456,4),  (418,4),  (389,4),  (356,2),  (351,2),  (347,2),  (346,2),  (345,4),  (305,4),  (290,2),  (288,2),  (230,4),  (181,0),  (152,3),  (127,5),  (116,5),  (75,3),  (126,7),  (146,7),  (165,7),  (187,3),  (142,5),  (120,3),  (141,3),  (141,5),  (134,0),  (134,1),  (138,1),  (144,6),  (155,6), 


[Timing] Time passed: 115.196597 s

Posterior Probability: -140.8361638
Agreement with demo: 16%
Current angular diffs: 87'

Selected number of demos: 55

-- Positive Demos --
 (689,3),  (693,7),  (704,7),  (724,7),  (745,3),  (741,3),  (732,3),  (726,5),  (700,5),  (687,5),  (656,5),  (604,0),  (553,5),  (528,0),  (477,4),  (440,4),  (418,4),  (389,4),  (356,2),  (351,2),  (343,2),  (346,2),  (345,4),  (327,4),  (305,4),  (290,2),  (288,2),  (254,4),  (230,4),  (206,0),  (165,5),  (154,3),  (151,3),  (127,5),  (103,5),  (75,3),  (98,7),  (126,7),  (146,7),  (182,3),  (187,3),  (170,5),  (142,5),  (122,3),  (130,3),  (141,3),  (141,5),  (137,0),  (134,0),  (134,1),  (135,1),  (144,6),  (155,6),  (160,4), 


[Timing] Time passed: 117.181199 s

Posterior Probability: -385.5929439
Agreement with demo: 11%
Current angular diffs: 88'

Selected number of demos: 42

-- Positive Demos --
 (690,3),  (689,3),  (724,7),  (745,3),  (741,3),  (726,5),  (687,5),  (672,5),  (656,5),  (579,5),  (553,5),  (477,4),  (456,4),  (440,4),  (389,4),  (351,2),  (343,2),  (342,2),  (346,2),  (327,4),  (305,4),  (288,2),  (278,4),  (206,0),  (165,5),  (154,3),  (138,5),  (116,5),  (103,5),  (75,3),  (98,7),  (165,7),  (187,3),  (184,5),  (142,5),  (122,3),  (130,3),  (145,5),  (137,0),  (134,1),  (138,1),  (161,2), 


[Timing] Time passed: 116.23954 s

Posterior Probability: -394.3309824
Agreement with demo: 11%
Current angular diffs: 92'

Selected number of demos: 52

-- Positive Demos --
 (689,3),  (704,7),  (724,7),  (745,3),  (741,3),  (732,3),  (713,5),  (687,5),  (656,5),  (604,0),  (553,5),  (503,4),  (477,4),  (456,4),  (418,4),  (369,2),  (351,2),  (347,2),  (342,2),  (350,2),  (327,4),  (305,4),  (293,2),  (288,2),  (254,4),  (206,0),  (181,0),  (154,3),  (152,3),  (151,3),  (127,5),  (103,5),  (75,3),  (77,7),  (98,7),  (146,7),  (182,3),  (187,3),  (184,5),  (170,5),  (142,5),  (122,3),  (120,3),  (130,3),  (141,3),  (141,5),  (137,0),  (134,0),  (134,1),  (138,1),  (155,6),  (160,4), 


[Timing] Time passed: 118.680903 s

Posterior Probability: -394.1591429
Agreement with demo: 13%
Current angular diffs: 88'

Selected number of demos: 55

-- Positive Demos --
 (690,3),  (693,7),  (724,7),  (745,3),  (741,3),  (732,3),  (726,5),  (713,5),  (700,5),  (672,5),  (635,5),  (604,0),  (553,5),  (503,4),  (456,4),  (418,4),  (389,4),  (356,2),  (351,2),  (343,2),  (346,2),  (345,4),  (327,4),  (305,4),  (290,2),  (288,2),  (254,4),  (206,0),  (181,0),  (154,3),  (152,3),  (151,3),  (138,5),  (127,5),  (103,5),  (87,5),  (77,7),  (98,7),  (126,7),  (146,7),  (182,3),  (187,3),  (184,5),  (170,5),  (122,3),  (130,3),  (145,5),  (137,0),  (132,1),  (134,1),  (135,1),  (138,1),  (155,6),  (161,2),  (160,4), 


[Timing] Time passed: 115.573801 s

Posterior Probability: -244.9405501
Agreement with demo: 11%
Current angular diffs: 92'

Selected number of demos: 44

-- Positive Demos --
 (689,3),  (704,7),  (745,3),  (741,3),  (726,5),  (687,5),  (672,5),  (656,5),  (635,5),  (604,0),  (579,5),  (528,0),  (477,4),  (456,4),  (389,4),  (369,2),  (351,2),  (342,2),  (346,2),  (345,4),  (293,2),  (290,2),  (254,4),  (230,4),  (181,0),  (152,3),  (151,3),  (127,5),  (87,5),  (98,7),  (146,7),  (182,3),  (187,3),  (170,5),  (122,3),  (120,3),  (141,3),  (141,5),  (137,0),  (132,1),  (134,1),  (135,1),  (144,6),  (160,4), 


[Timing] Time passed: 115.363393 s

Posterior Probability: -142.7697256
Agreement with demo: 9.2%
Current angular diffs: 88'

Selected number of demos: 55

-- Positive Demos --
 (690,3),  (689,3),  (704,7),  (724,7),  (745,3),  (741,3),  (736,3),  (726,5),  (713,5),  (700,5),  (672,5),  (656,5),  (604,0),  (553,5),  (503,4),  (477,4),  (456,4),  (418,4),  (389,4),  (369,2),  (356,2),  (347,2),  (343,2),  (346,2),  (350,2),  (345,4),  (305,4),  (290,2),  (278,4),  (254,4),  (230,4),  (181,0),  (165,5),  (152,3),  (151,3),  (127,5),  (116,5),  (103,5),  (87,5),  (75,3),  (77,7),  (98,7),  (146,7),  (182,3),  (187,3),  (184,5),  (142,5),  (120,3),  (141,3),  (145,5),  (137,0),  (132,1),  (135,1),  (144,6),  (161,2), 


[Timing] Time passed: 114.696989 s

Posterior Probability: -584.8535706
Agreement with demo: 13%
Current angular diffs: 88'

-----------------------------
Avg angular diffs: 80'
-- learned weights --
Feature Weights: -0.89375, 0.5205, -0.77325, -0.1, 
