loading features...

Initializing gridworld of size 28 by 22..
    Num states: 616
    Num actions: 8

-- Positive Demos --
 (505,4),  (505,5),  (505,3),  (533,3),  (507,3),  (535,3),  (536,3),  (537,3),  (538,3),  (539,3),  (540,3),  (541,3),  (542,3),  (543,3),  (544,3),  (545,3),  (546,3),  (547,3),  (548,3),  (549,3),  (550,3),  (551,3),  (552,3),  (526,3),  (527,5),  (528,5),  (500,0),  (472,0),  (444,2),  (443,2),  (442,2),  (441,2),  (440,2),  (439,2),  (438,2),  (437,2),  (436,2),  (435,2),  (434,2),  (433,2),  (403,4),  (402,4),  (375,4),  (345,4),  (317,4),  (288,4),  (260,4),  (259,4),  (231,4),  (230,4),  (201,4),  (200,4),  (173,0),  (145,5),  (118,5),  (90,5),  (63,5),  (63,3),  (64,3),  (65,3),  (37,3),  (38,3),  (39,3),  (40,3),  (41,3),  (15,3),  (44,3),  (17,3),  (18,3),  (20,3),  (48,3),  (49,3),  (50,3),  (51,3),  (52,3),  (53,3),  (53,5),  (53,1),  (53,6),  (53,2), 


[Timing] Time passed: 154.718005 s

Posterior Probability: -437.3470159
Agreement with demo: 14%
Avg angular diffs: 87'

-- Positive Demos --
 (505,4),  (505,5),  (505,3),  (533,3),  (507,3),  (535,3),  (536,3),  (537,3),  (538,3),  (539,3),  (540,3),  (541,3),  (542,3),  (543,3),  (544,3),  (545,3),  (546,3),  (547,3),  (548,3),  (549,3),  (550,3),  (551,3),  (552,3),  (526,3),  (527,5),  (528,5),  (500,0),  (472,0),  (444,2),  (443,2),  (442,2),  (441,2),  (440,2),  (439,2),  (438,2),  (437,2),  (436,2),  (435,2),  (434,2),  (433,2),  (403,4),  (402,4),  (375,4),  (345,4),  (317,4),  (288,4),  (260,4),  (259,4),  (231,4),  (230,4),  (201,4),  (200,4),  (173,0),  (145,5),  (118,5),  (90,5),  (63,5),  (63,3),  (64,3),  (65,3),  (37,3),  (38,3),  (39,3),  (40,3),  (41,3),  (15,3),  (44,3),  (17,3),  (18,3),  (20,3),  (48,3),  (49,3),  (50,3),  (51,3),  (52,3),  (53,3),  (53,5),  (53,1),  (53,6),  (53,2), 


[Timing] Time passed: 161.666317 s

Posterior Probability: -254.133753
Agreement with demo: 19%
Avg angular diffs: 82'

-- Positive Demos --
 (505,4),  (505,5),  (505,3),  (533,3),  (507,3),  (535,3),  (536,3),  (537,3),  (538,3),  (539,3),  (540,3),  (541,3),  (542,3),  (543,3),  (544,3),  (545,3),  (546,3),  (547,3),  (548,3),  (549,3),  (550,3),  (551,3),  (552,3),  (526,3),  (527,5),  (528,5),  (500,0),  (472,0),  (444,2),  (443,2),  (442,2),  (441,2),  (440,2),  (439,2),  (438,2),  (437,2),  (436,2),  (435,2),  (434,2),  (433,2),  (403,4),  (402,4),  (375,4),  (345,4),  (317,4),  (288,4),  (260,4),  (259,4),  (231,4),  (230,4),  (201,4),  (200,4),  (173,0),  (145,5),  (118,5),  (90,5),  (63,5),  (63,3),  (64,3),  (65,3),  (37,3),  (38,3),  (39,3),  (40,3),  (41,3),  (15,3),  (44,3),  (17,3),  (18,3),  (20,3),  (48,3),  (49,3),  (50,3),  (51,3),  (52,3),  (53,3),  (53,5),  (53,1),  (53,6),  (53,2), 


[Timing] Time passed: 160.903605 s

Posterior Probability: -397.5202237
Agreement with demo: 9.3%
Avg angular diffs: 95'

-- Positive Demos --
 (505,4),  (505,5),  (505,3),  (533,3),  (507,3),  (535,3),  (536,3),  (537,3),  (538,3),  (539,3),  (540,3),  (541,3),  (542,3),  (543,3),  (544,3),  (545,3),  (546,3),  (547,3),  (548,3),  (549,3),  (550,3),  (551,3),  (552,3),  (526,3),  (527,5),  (528,5),  (500,0),  (472,0),  (444,2),  (443,2),  (442,2),  (441,2),  (440,2),  (439,2),  (438,2),  (437,2),  (436,2),  (435,2),  (434,2),  (433,2),  (403,4),  (402,4),  (375,4),  (345,4),  (317,4),  (288,4),  (260,4),  (259,4),  (231,4),  (230,4),  (201,4),  (200,4),  (173,0),  (145,5),  (118,5),  (90,5),  (63,5),  (63,3),  (64,3),  (65,3),  (37,3),  (38,3),  (39,3),  (40,3),  (41,3),  (15,3),  (44,3),  (17,3),  (18,3),  (20,3),  (48,3),  (49,3),  (50,3),  (51,3),  (52,3),  (53,3),  (53,5),  (53,1),  (53,6),  (53,2), 


[Timing] Time passed: 159.217161 s

Posterior Probability: -286.6765231
Agreement with demo: 7.5%
Avg angular diffs: 92'

-- Positive Demos --
 (505,4),  (505,5),  (505,3),  (533,3),  (507,3),  (535,3),  (536,3),  (537,3),  (538,3),  (539,3),  (540,3),  (541,3),  (542,3),  (543,3),  (544,3),  (545,3),  (546,3),  (547,3),  (548,3),  (549,3),  (550,3),  (551,3),  (552,3),  (526,3),  (527,5),  (528,5),  (500,0),  (472,0),  (444,2),  (443,2),  (442,2),  (441,2),  (440,2),  (439,2),  (438,2),  (437,2),  (436,2),  (435,2),  (434,2),  (433,2),  (403,4),  (402,4),  (375,4),  (345,4),  (317,4),  (288,4),  (260,4),  (259,4),  (231,4),  (230,4),  (201,4),  (200,4),  (173,0),  (145,5),  (118,5),  (90,5),  (63,5),  (63,3),  (64,3),  (65,3),  (37,3),  (38,3),  (39,3),  (40,3),  (41,3),  (15,3),  (44,3),  (17,3),  (18,3),  (20,3),  (48,3),  (49,3),  (50,3),  (51,3),  (52,3),  (53,3),  (53,5),  (53,1),  (53,6),  (53,2), 


[Timing] Time passed: 153.962102 s

Posterior Probability: -202.2475447
Agreement with demo: 12%
Avg angular diffs: 79'

-- Positive Demos --
 (505,4),  (505,5),  (505,3),  (533,3),  (507,3),  (535,3),  (536,3),  (537,3),  (538,3),  (539,3),  (540,3),  (541,3),  (542,3),  (543,3),  (544,3),  (545,3),  (546,3),  (547,3),  (548,3),  (549,3),  (550,3),  (551,3),  (552,3),  (526,3),  (527,5),  (528,5),  (500,0),  (472,0),  (444,2),  (443,2),  (442,2),  (441,2),  (440,2),  (439,2),  (438,2),  (437,2),  (436,2),  (435,2),  (434,2),  (433,2),  (403,4),  (402,4),  (375,4),  (345,4),  (317,4),  (288,4),  (260,4),  (259,4),  (231,4),  (230,4),  (201,4),  (200,4),  (173,0),  (145,5),  (118,5),  (90,5),  (63,5),  (63,3),  (64,3),  (65,3),  (37,3),  (38,3),  (39,3),  (40,3),  (41,3),  (15,3),  (44,3),  (17,3),  (18,3),  (20,3),  (48,3),  (49,3),  (50,3),  (51,3),  (52,3),  (53,3),  (53,5),  (53,1),  (53,6),  (53,2), 


[Timing] Time passed: 168.604847 s

Posterior Probability: -546.3315023
Agreement with demo: 9.3%
Avg angular diffs: 88'

-- Positive Demos --
 (505,4),  (505,5),  (505,3),  (533,3),  (507,3),  (535,3),  (536,3),  (537,3),  (538,3),  (539,3),  (540,3),  (541,3),  (542,3),  (543,3),  (544,3),  (545,3),  (546,3),  (547,3),  (548,3),  (549,3),  (550,3),  (551,3),  (552,3),  (526,3),  (527,5),  (528,5),  (500,0),  (472,0),  (444,2),  (443,2),  (442,2),  (441,2),  (440,2),  (439,2),  (438,2),  (437,2),  (436,2),  (435,2),  (434,2),  (433,2),  (403,4),  (402,4),  (375,4),  (345,4),  (317,4),  (288,4),  (260,4),  (259,4),  (231,4),  (230,4),  (201,4),  (200,4),  (173,0),  (145,5),  (118,5),  (90,5),  (63,5),  (63,3),  (64,3),  (65,3),  (37,3),  (38,3),  (39,3),  (40,3),  (41,3),  (15,3),  (44,3),  (17,3),  (18,3),  (20,3),  (48,3),  (49,3),  (50,3),  (51,3),  (52,3),  (53,3),  (53,5),  (53,1),  (53,6),  (53,2), 


[Timing] Time passed: 163.779977 s

Posterior Probability: -180.3318073
Agreement with demo: 6.5%
Avg angular diffs: 85'

-- Positive Demos --
 (505,4),  (505,5),  (505,3),  (533,3),  (507,3),  (535,3),  (536,3),  (537,3),  (538,3),  (539,3),  (540,3),  (541,3),  (542,3),  (543,3),  (544,3),  (545,3),  (546,3),  (547,3),  (548,3),  (549,3),  (550,3),  (551,3),  (552,3),  (526,3),  (527,5),  (528,5),  (500,0),  (472,0),  (444,2),  (443,2),  (442,2),  (441,2),  (440,2),  (439,2),  (438,2),  (437,2),  (436,2),  (435,2),  (434,2),  (433,2),  (403,4),  (402,4),  (375,4),  (345,4),  (317,4),  (288,4),  (260,4),  (259,4),  (231,4),  (230,4),  (201,4),  (200,4),  (173,0),  (145,5),  (118,5),  (90,5),  (63,5),  (63,3),  (64,3),  (65,3),  (37,3),  (38,3),  (39,3),  (40,3),  (41,3),  (15,3),  (44,3),  (17,3),  (18,3),  (20,3),  (48,3),  (49,3),  (50,3),  (51,3),  (52,3),  (53,3),  (53,5),  (53,1),  (53,6),  (53,2), 


[Timing] Time passed: 169.999969 s

Posterior Probability: -397.4635049
Agreement with demo: 8.4%
Avg angular diffs: 84'

-- Positive Demos --
 (505,4),  (505,5),  (505,3),  (533,3),  (507,3),  (535,3),  (536,3),  (537,3),  (538,3),  (539,3),  (540,3),  (541,3),  (542,3),  (543,3),  (544,3),  (545,3),  (546,3),  (547,3),  (548,3),  (549,3),  (550,3),  (551,3),  (552,3),  (526,3),  (527,5),  (528,5),  (500,0),  (472,0),  (444,2),  (443,2),  (442,2),  (441,2),  (440,2),  (439,2),  (438,2),  (437,2),  (436,2),  (435,2),  (434,2),  (433,2),  (403,4),  (402,4),  (375,4),  (345,4),  (317,4),  (288,4),  (260,4),  (259,4),  (231,4),  (230,4),  (201,4),  (200,4),  (173,0),  (145,5),  (118,5),  (90,5),  (63,5),  (63,3),  (64,3),  (65,3),  (37,3),  (38,3),  (39,3),  (40,3),  (41,3),  (15,3),  (44,3),  (17,3),  (18,3),  (20,3),  (48,3),  (49,3),  (50,3),  (51,3),  (52,3),  (53,3),  (53,5),  (53,1),  (53,6),  (53,2), 


[Timing] Time passed: 169.520338 s

Posterior Probability: -910.7445035
Agreement with demo: 5.6%
Avg angular diffs: 95'

-- Positive Demos --
 (505,4),  (505,5),  (505,3),  (533,3),  (507,3),  (535,3),  (536,3),  (537,3),  (538,3),  (539,3),  (540,3),  (541,3),  (542,3),  (543,3),  (544,3),  (545,3),  (546,3),  (547,3),  (548,3),  (549,3),  (550,3),  (551,3),  (552,3),  (526,3),  (527,5),  (528,5),  (500,0),  (472,0),  (444,2),  (443,2),  (442,2),  (441,2),  (440,2),  (439,2),  (438,2),  (437,2),  (436,2),  (435,2),  (434,2),  (433,2),  (403,4),  (402,4),  (375,4),  (345,4),  (317,4),  (288,4),  (260,4),  (259,4),  (231,4),  (230,4),  (201,4),  (200,4),  (173,0),  (145,5),  (118,5),  (90,5),  (63,5),  (63,3),  (64,3),  (65,3),  (37,3),  (38,3),  (39,3),  (40,3),  (41,3),  (15,3),  (44,3),  (17,3),  (18,3),  (20,3),  (48,3),  (49,3),  (50,3),  (51,3),  (52,3),  (53,3),  (53,5),  (53,1),  (53,6),  (53,2), 


[Timing] Time passed: 175.706037 s

Posterior Probability: -1042.08683
Agreement with demo: 18%
Avg angular diffs: 68'

-- Positive Demos --
 (505,4),  (505,5),  (505,3),  (533,3),  (507,3),  (535,3),  (536,3),  (537,3),  (538,3),  (539,3),  (540,3),  (541,3),  (542,3),  (543,3),  (544,3),  (545,3),  (546,3),  (547,3),  (548,3),  (549,3),  (550,3),  (551,3),  (552,3),  (526,3),  (527,5),  (528,5),  (500,0),  (472,0),  (444,2),  (443,2),  (442,2),  (441,2),  (440,2),  (439,2),  (438,2),  (437,2),  (436,2),  (435,2),  (434,2),  (433,2),  (403,4),  (402,4),  (375,4),  (345,4),  (317,4),  (288,4),  (260,4),  (259,4),  (231,4),  (230,4),  (201,4),  (200,4),  (173,0),  (145,5),  (118,5),  (90,5),  (63,5),  (63,3),  (64,3),  (65,3),  (37,3),  (38,3),  (39,3),  (40,3),  (41,3),  (15,3),  (44,3),  (17,3),  (18,3),  (20,3),  (48,3),  (49,3),  (50,3),  (51,3),  (52,3),  (53,3),  (53,5),  (53,1),  (53,6),  (53,2), 


[Timing] Time passed: 156.477384 s

Posterior Probability: -165.1430877
Agreement with demo: 20%
Avg angular diffs: 72'

-- Positive Demos --
 (505,4),  (505,5),  (505,3),  (533,3),  (507,3),  (535,3),  (536,3),  (537,3),  (538,3),  (539,3),  (540,3),  (541,3),  (542,3),  (543,3),  (544,3),  (545,3),  (546,3),  (547,3),  (548,3),  (549,3),  (550,3),  (551,3),  (552,3),  (526,3),  (527,5),  (528,5),  (500,0),  (472,0),  (444,2),  (443,2),  (442,2),  (441,2),  (440,2),  (439,2),  (438,2),  (437,2),  (436,2),  (435,2),  (434,2),  (433,2),  (403,4),  (402,4),  (375,4),  (345,4),  (317,4),  (288,4),  (260,4),  (259,4),  (231,4),  (230,4),  (201,4),  (200,4),  (173,0),  (145,5),  (118,5),  (90,5),  (63,5),  (63,3),  (64,3),  (65,3),  (37,3),  (38,3),  (39,3),  (40,3),  (41,3),  (15,3),  (44,3),  (17,3),  (18,3),  (20,3),  (48,3),  (49,3),  (50,3),  (51,3),  (52,3),  (53,3),  (53,5),  (53,1),  (53,6),  (53,2), 


[Timing] Time passed: 157.078498 s

Posterior Probability: -320.1380576
Agreement with demo: 9.3%
Avg angular diffs: 93'

-- Positive Demos --
 (505,4),  (505,5),  (505,3),  (533,3),  (507,3),  (535,3),  (536,3),  (537,3),  (538,3),  (539,3),  (540,3),  (541,3),  (542,3),  (543,3),  (544,3),  (545,3),  (546,3),  (547,3),  (548,3),  (549,3),  (550,3),  (551,3),  (552,3),  (526,3),  (527,5),  (528,5),  (500,0),  (472,0),  (444,2),  (443,2),  (442,2),  (441,2),  (440,2),  (439,2),  (438,2),  (437,2),  (436,2),  (435,2),  (434,2),  (433,2),  (403,4),  (402,4),  (375,4),  (345,4),  (317,4),  (288,4),  (260,4),  (259,4),  (231,4),  (230,4),  (201,4),  (200,4),  (173,0),  (145,5),  (118,5),  (90,5),  (63,5),  (63,3),  (64,3),  (65,3),  (37,3),  (38,3),  (39,3),  (40,3),  (41,3),  (15,3),  (44,3),  (17,3),  (18,3),  (20,3),  (48,3),  (49,3),  (50,3),  (51,3),  (52,3),  (53,3),  (53,5),  (53,1),  (53,6),  (53,2), 


[Timing] Time passed: 168.828035 s

Posterior Probability: -880.0522182
Agreement with demo: 9.3%
Avg angular diffs: 90'

-- Positive Demos --
 (505,4),  (505,5),  (505,3),  (533,3),  (507,3),  (535,3),  (536,3),  (537,3),  (538,3),  (539,3),  (540,3),  (541,3),  (542,3),  (543,3),  (544,3),  (545,3),  (546,3),  (547,3),  (548,3),  (549,3),  (550,3),  (551,3),  (552,3),  (526,3),  (527,5),  (528,5),  (500,0),  (472,0),  (444,2),  (443,2),  (442,2),  (441,2),  (440,2),  (439,2),  (438,2),  (437,2),  (436,2),  (435,2),  (434,2),  (433,2),  (403,4),  (402,4),  (375,4),  (345,4),  (317,4),  (288,4),  (260,4),  (259,4),  (231,4),  (230,4),  (201,4),  (200,4),  (173,0),  (145,5),  (118,5),  (90,5),  (63,5),  (63,3),  (64,3),  (65,3),  (37,3),  (38,3),  (39,3),  (40,3),  (41,3),  (15,3),  (44,3),  (17,3),  (18,3),  (20,3),  (48,3),  (49,3),  (50,3),  (51,3),  (52,3),  (53,3),  (53,5),  (53,1),  (53,6),  (53,2), 


[Timing] Time passed: 174.22773 s

Posterior Probability: -1138.319531
Agreement with demo: 13%
Avg angular diffs: 80'

-- Positive Demos --
 (505,4),  (505,5),  (505,3),  (533,3),  (507,3),  (535,3),  (536,3),  (537,3),  (538,3),  (539,3),  (540,3),  (541,3),  (542,3),  (543,3),  (544,3),  (545,3),  (546,3),  (547,3),  (548,3),  (549,3),  (550,3),  (551,3),  (552,3),  (526,3),  (527,5),  (528,5),  (500,0),  (472,0),  (444,2),  (443,2),  (442,2),  (441,2),  (440,2),  (439,2),  (438,2),  (437,2),  (436,2),  (435,2),  (434,2),  (433,2),  (403,4),  (402,4),  (375,4),  (345,4),  (317,4),  (288,4),  (260,4),  (259,4),  (231,4),  (230,4),  (201,4),  (200,4),  (173,0),  (145,5),  (118,5),  (90,5),  (63,5),  (63,3),  (64,3),  (65,3),  (37,3),  (38,3),  (39,3),  (40,3),  (41,3),  (15,3),  (44,3),  (17,3),  (18,3),  (20,3),  (48,3),  (49,3),  (50,3),  (51,3),  (52,3),  (53,3),  (53,5),  (53,1),  (53,6),  (53,2), 


[Timing] Time passed: 157.316423 s

Posterior Probability: -333.1159487
Agreement with demo: 10%
Avg angular diffs: 78'

-- Positive Demos --
 (505,4),  (505,5),  (505,3),  (533,3),  (507,3),  (535,3),  (536,3),  (537,3),  (538,3),  (539,3),  (540,3),  (541,3),  (542,3),  (543,3),  (544,3),  (545,3),  (546,3),  (547,3),  (548,3),  (549,3),  (550,3),  (551,3),  (552,3),  (526,3),  (527,5),  (528,5),  (500,0),  (472,0),  (444,2),  (443,2),  (442,2),  (441,2),  (440,2),  (439,2),  (438,2),  (437,2),  (436,2),  (435,2),  (434,2),  (433,2),  (403,4),  (402,4),  (375,4),  (345,4),  (317,4),  (288,4),  (260,4),  (259,4),  (231,4),  (230,4),  (201,4),  (200,4),  (173,0),  (145,5),  (118,5),  (90,5),  (63,5),  (63,3),  (64,3),  (65,3),  (37,3),  (38,3),  (39,3),  (40,3),  (41,3),  (15,3),  (44,3),  (17,3),  (18,3),  (20,3),  (48,3),  (49,3),  (50,3),  (51,3),  (52,3),  (53,3),  (53,5),  (53,1),  (53,6),  (53,2), 


[Timing] Time passed: 158.31338 s

Posterior Probability: -207.0517227
Agreement with demo: 12%
Avg angular diffs: 90'

-- Positive Demos --
 (505,4),  (505,5),  (505,3),  (533,3),  (507,3),  (535,3),  (536,3),  (537,3),  (538,3),  (539,3),  (540,3),  (541,3),  (542,3),  (543,3),  (544,3),  (545,3),  (546,3),  (547,3),  (548,3),  (549,3),  (550,3),  (551,3),  (552,3),  (526,3),  (527,5),  (528,5),  (500,0),  (472,0),  (444,2),  (443,2),  (442,2),  (441,2),  (440,2),  (439,2),  (438,2),  (437,2),  (436,2),  (435,2),  (434,2),  (433,2),  (403,4),  (402,4),  (375,4),  (345,4),  (317,4),  (288,4),  (260,4),  (259,4),  (231,4),  (230,4),  (201,4),  (200,4),  (173,0),  (145,5),  (118,5),  (90,5),  (63,5),  (63,3),  (64,3),  (65,3),  (37,3),  (38,3),  (39,3),  (40,3),  (41,3),  (15,3),  (44,3),  (17,3),  (18,3),  (20,3),  (48,3),  (49,3),  (50,3),  (51,3),  (52,3),  (53,3),  (53,5),  (53,1),  (53,6),  (53,2), 


[Timing] Time passed: 174.327311 s

Posterior Probability: -1635.825613
Agreement with demo: 6.5%
Avg angular diffs: 87'

-- Positive Demos --
 (505,4),  (505,5),  (505,3),  (533,3),  (507,3),  (535,3),  (536,3),  (537,3),  (538,3),  (539,3),  (540,3),  (541,3),  (542,3),  (543,3),  (544,3),  (545,3),  (546,3),  (547,3),  (548,3),  (549,3),  (550,3),  (551,3),  (552,3),  (526,3),  (527,5),  (528,5),  (500,0),  (472,0),  (444,2),  (443,2),  (442,2),  (441,2),  (440,2),  (439,2),  (438,2),  (437,2),  (436,2),  (435,2),  (434,2),  (433,2),  (403,4),  (402,4),  (375,4),  (345,4),  (317,4),  (288,4),  (260,4),  (259,4),  (231,4),  (230,4),  (201,4),  (200,4),  (173,0),  (145,5),  (118,5),  (90,5),  (63,5),  (63,3),  (64,3),  (65,3),  (37,3),  (38,3),  (39,3),  (40,3),  (41,3),  (15,3),  (44,3),  (17,3),  (18,3),  (20,3),  (48,3),  (49,3),  (50,3),  (51,3),  (52,3),  (53,3),  (53,5),  (53,1),  (53,6),  (53,2), 


[Timing] Time passed: 170.17502 s

Posterior Probability: -776.7281785
Agreement with demo: 6.5%
Avg angular diffs: 88'

-- Positive Demos --
 (505,4),  (505,5),  (505,3),  (533,3),  (507,3),  (535,3),  (536,3),  (537,3),  (538,3),  (539,3),  (540,3),  (541,3),  (542,3),  (543,3),  (544,3),  (545,3),  (546,3),  (547,3),  (548,3),  (549,3),  (550,3),  (551,3),  (552,3),  (526,3),  (527,5),  (528,5),  (500,0),  (472,0),  (444,2),  (443,2),  (442,2),  (441,2),  (440,2),  (439,2),  (438,2),  (437,2),  (436,2),  (435,2),  (434,2),  (433,2),  (403,4),  (402,4),  (375,4),  (345,4),  (317,4),  (288,4),  (260,4),  (259,4),  (231,4),  (230,4),  (201,4),  (200,4),  (173,0),  (145,5),  (118,5),  (90,5),  (63,5),  (63,3),  (64,3),  (65,3),  (37,3),  (38,3),  (39,3),  (40,3),  (41,3),  (15,3),  (44,3),  (17,3),  (18,3),  (20,3),  (48,3),  (49,3),  (50,3),  (51,3),  (52,3),  (53,3),  (53,5),  (53,1),  (53,6),  (53,2), 


[Timing] Time passed: 168.314481 s

Posterior Probability: -637.2068546
Agreement with demo: 8.4%
Avg angular diffs: 89'

-- Positive Demos --
 (505,4),  (505,5),  (505,3),  (533,3),  (507,3),  (535,3),  (536,3),  (537,3),  (538,3),  (539,3),  (540,3),  (541,3),  (542,3),  (543,3),  (544,3),  (545,3),  (546,3),  (547,3),  (548,3),  (549,3),  (550,3),  (551,3),  (552,3),  (526,3),  (527,5),  (528,5),  (500,0),  (472,0),  (444,2),  (443,2),  (442,2),  (441,2),  (440,2),  (439,2),  (438,2),  (437,2),  (436,2),  (435,2),  (434,2),  (433,2),  (403,4),  (402,4),  (375,4),  (345,4),  (317,4),  (288,4),  (260,4),  (259,4),  (231,4),  (230,4),  (201,4),  (200,4),  (173,0),  (145,5),  (118,5),  (90,5),  (63,5),  (63,3),  (64,3),  (65,3),  (37,3),  (38,3),  (39,3),  (40,3),  (41,3),  (15,3),  (44,3),  (17,3),  (18,3),  (20,3),  (48,3),  (49,3),  (50,3),  (51,3),  (52,3),  (53,3),  (53,5),  (53,1),  (53,6),  (53,2), 


[Timing] Time passed: 168.310591 s

Posterior Probability: -1314.213224
Agreement with demo: 17%
Avg angular diffs: 76'
-- learned weights --
Feature Weights: 0.01375, -0.384, 0.01775, -0.1, 
