loading features...

Initializing gridworld of size 28 by 22..
    Num states: 616
    Num actions: 8

Total number of demos: 87

Selected number of demos: 43

-- Positive Demos --
 (139,1),  (167,1),  (222,6),  (250,1),  (278,6),  (306,6),  (359,6),  (414,6),  (469,6),  (495,2),  (493,2),  (491,4),  (490,4),  (433,0),  (403,0),  (376,0),  (320,0),  (265,0),  (237,0),  (208,0),  (153,0),  (125,0),  (97,0),  (39,4),  (38,4),  (9,2),  (7,2),  (6,2),  (4,6),  (30,6),  (58,6),  (113,6),  (194,1),  (251,1),  (307,1),  (334,1),  (390,1),  (476,1),  (504,1), 


[Timing] Time passed: 594.329174 s

Posterior Probability: -1745.615121
Agreement with demo: 4.3%
Current angular diffs: 1.1e+02'

Selected number of demos: 43

-- Positive Demos --
 (139,1),  (196,1),  (195,6),  (251,6),  (250,1),  (306,6),  (359,6),  (388,6),  (414,6),  (441,6),  (469,6),  (495,2),  (494,2),  (493,2),  (520,2),  (490,4),  (461,4),  (404,0),  (376,0),  (320,0),  (265,0),  (237,0),  (181,0),  (125,0),  (97,0),  (69,4),  (39,4),  (38,4),  (8,2),  (7,2),  (5,2),  (30,6),  (58,6),  (112,6),  (194,1),  (223,1),  (307,1),  (363,1),  (448,7),  (476,1),  (504,1), 


[Timing] Time passed: 598.4002 s

Posterior Probability: -2716.668119
Agreement with demo: 6.1%
Current angular diffs: 1e+02'

Selected number of demos: 24

-- Positive Demos --
 (139,1),  (251,6),  (278,6),  (333,6),  (414,6),  (469,6),  (494,2),  (493,2),  (490,4),  (403,0),  (320,0),  (237,0),  (181,0),  (153,0),  (69,4),  (38,4),  (6,2),  (58,6),  (112,6),  (194,1),  (279,1),  (390,1),  (476,1),  (504,1), 


[Timing] Time passed: 584.111965 s

Posterior Probability: -61.8033327
Agreement with demo: 13%
Current angular diffs: 94'

Selected number of demos: 57

-- Positive Demos --
 (111,1),  (139,1),  (196,1),  (222,6),  (250,1),  (306,6),  (332,6),  (359,6),  (388,6),  (414,6),  (442,6),  (441,6),  (496,2),  (494,2),  (493,2),  (520,2),  (491,4),  (490,4),  (461,4),  (433,0),  (404,0),  (376,0),  (320,0),  (293,0),  (265,0),  (237,0),  (208,0),  (153,0),  (125,0),  (69,4),  (39,4),  (38,4),  (9,2),  (8,2),  (7,2),  (6,2),  (4,6),  (30,6),  (58,6),  (113,6),  (112,6),  (140,6),  (194,1),  (251,1),  (307,1),  (334,1),  (390,1),  (419,1),  (448,7),  (476,1),  (504,1), 


[Timing] Time passed: 583.72766 s

Posterior Probability: -2669.206003
Agreement with demo: 13%
Current angular diffs: 77'

Selected number of demos: 40

-- Positive Demos --
 (111,1),  (167,1),  (195,6),  (250,1),  (306,6),  (332,6),  (359,6),  (414,6),  (442,6),  (441,6),  (496,2),  (494,2),  (491,4),  (490,4),  (461,0),  (403,0),  (347,0),  (265,0),  (237,0),  (208,0),  (125,0),  (69,4),  (39,4),  (38,4),  (9,2),  (7,2),  (5,2),  (31,6),  (58,6),  (113,6),  (194,1),  (279,1),  (334,1),  (390,1),  (476,1),  (504,1),  (505,3), 


[Timing] Time passed: 529.39644 s

Posterior Probability: -348.5068882
Agreement with demo: 11%
Current angular diffs: 94'

Selected number of demos: 30

-- Positive Demos --
 (111,1),  (167,1),  (195,6),  (306,6),  (414,6),  (442,6),  (469,6),  (496,2),  (493,2),  (520,2),  (491,4),  (490,4),  (433,0),  (347,0),  (265,0),  (125,0),  (39,4),  (38,4),  (8,2),  (7,2),  (5,2),  (58,6),  (113,6),  (194,1),  (223,1),  (307,1),  (390,1),  (476,1),  (504,1), 


[Timing] Time passed: 519.751442 s

Posterior Probability: -233.281234
Agreement with demo: 25%
Current angular diffs: 70'

Selected number of demos: 57

-- Positive Demos --
 (111,1),  (139,1),  (167,1),  (195,6),  (222,6),  (251,6),  (250,1),  (278,6),  (333,6),  (359,6),  (414,6),  (442,6),  (441,6),  (469,6),  (495,2),  (494,2),  (493,2),  (491,4),  (490,4),  (461,4),  (461,0),  (404,0),  (376,0),  (347,0),  (320,0),  (293,0),  (265,0),  (237,0),  (181,0),  (153,0),  (125,0),  (97,0),  (69,4),  (39,4),  (38,4),  (9,2),  (7,2),  (6,2),  (5,2),  (31,6),  (58,6),  (85,6),  (112,6),  (140,6),  (223,1),  (279,1),  (307,1),  (363,1),  (390,1),  (448,7),  (476,1),  (504,1), 


[Timing] Time passed: 539.914885 s

Posterior Probability: -263.8518651
Agreement with demo: 17%
Current angular diffs: 82'

Selected number of demos: 87

-- Positive Demos --
 (111,1),  (139,1),  (167,1),  (196,1),  (195,6),  (222,6),  (251,6),  (250,1),  (278,6),  (306,6),  (333,6),  (332,6),  (359,6),  (388,6),  (414,6),  (442,6),  (441,6),  (469,6),  (496,2),  (495,2),  (494,2),  (493,2),  (520,2),  (491,4),  (490,4),  (461,4),  (461,0),  (433,0),  (404,0),  (403,0),  (376,0),  (347,0),  (320,0),  (293,0),  (265,0),  (237,0),  (208,0),  (181,0),  (153,0),  (125,0),  (97,0),  (69,4),  (39,4),  (38,4),  (9,2),  (8,2),  (7,2),  (6,2),  (5,2),  (4,6),  (31,6),  (30,6),  (58,6),  (85,6),  (113,6),  (112,6),  (140,6),  (194,1),  (223,1),  (251,1),  (279,1),  (307,1),  (334,1),  (363,1),  (390,1),  (419,1),  (448,7),  (476,1),  (504,1),  (505,3), 


[Timing] Time passed: 553.002649 s

Posterior Probability: -2481.742208
Agreement with demo: 6.1%
Current angular diffs: 1.1e+02'

Selected number of demos: 87

-- Positive Demos --
 (111,1),  (139,1),  (167,1),  (196,1),  (195,6),  (222,6),  (251,6),  (250,1),  (278,6),  (306,6),  (333,6),  (332,6),  (359,6),  (388,6),  (414,6),  (442,6),  (441,6),  (469,6),  (496,2),  (495,2),  (494,2),  (493,2),  (520,2),  (491,4),  (490,4),  (461,4),  (461,0),  (433,0),  (404,0),  (403,0),  (376,0),  (347,0),  (320,0),  (293,0),  (265,0),  (237,0),  (208,0),  (181,0),  (153,0),  (125,0),  (97,0),  (69,4),  (39,4),  (38,4),  (9,2),  (8,2),  (7,2),  (6,2),  (5,2),  (4,6),  (31,6),  (30,6),  (58,6),  (85,6),  (113,6),  (112,6),  (140,6),  (194,1),  (223,1),  (251,1),  (279,1),  (307,1),  (334,1),  (363,1),  (390,1),  (419,1),  (448,7),  (476,1),  (504,1),  (505,3), 


[Timing] Time passed: 519.900379 s

Posterior Probability: -144.2832604
Agreement with demo: 19%
Current angular diffs: 82'

Selected number of demos: 87

-- Positive Demos --
 (111,1),  (139,1),  (167,1),  (196,1),  (195,6),  (222,6),  (251,6),  (250,1),  (278,6),  (306,6),  (333,6),  (332,6),  (359,6),  (388,6),  (414,6),  (442,6),  (441,6),  (469,6),  (496,2),  (495,2),  (494,2),  (493,2),  (520,2),  (491,4),  (490,4),  (461,4),  (461,0),  (433,0),  (404,0),  (403,0),  (376,0),  (347,0),  (320,0),  (293,0),  (265,0),  (237,0),  (208,0),  (181,0),  (153,0),  (125,0),  (97,0),  (69,4),  (39,4),  (38,4),  (9,2),  (8,2),  (7,2),  (6,2),  (5,2),  (4,6),  (31,6),  (30,6),  (58,6),  (85,6),  (113,6),  (112,6),  (140,6),  (194,1),  (223,1),  (251,1),  (279,1),  (307,1),  (334,1),  (363,1),  (390,1),  (419,1),  (448,7),  (476,1),  (504,1),  (505,3), 


[Timing] Time passed: 528.411163 s

Posterior Probability: -144.475606
Agreement with demo: 17%
Current angular diffs: 85'

Selected number of demos: 28

-- Positive Demos --
 (111,1),  (139,1),  (167,1),  (196,1),  (251,6),  (278,6),  (414,6),  (469,6),  (494,2),  (491,4),  (490,4),  (404,0),  (376,0),  (347,0),  (265,0),  (208,0),  (125,0),  (69,4),  (39,4),  (8,2),  (31,6),  (113,6),  (223,1),  (279,1),  (334,1),  (363,1),  (504,1), 


[Timing] Time passed: 541.756693 s

Posterior Probability: -1017.548129
Agreement with demo: 13%
Current angular diffs: 82'

Selected number of demos: 32

-- Positive Demos --
 (139,1),  (167,1),  (196,1),  (195,6),  (250,1),  (332,6),  (388,6),  (414,6),  (469,6),  (496,2),  (495,2),  (520,2),  (490,4),  (433,0),  (376,0),  (320,0),  (265,0),  (181,0),  (97,0),  (39,4),  (9,2),  (6,2),  (4,6),  (30,6),  (113,6),  (194,1),  (251,1),  (279,1),  (307,1),  (390,1),  (448,7),  (504,1), 


[Timing] Time passed: 543.43228 s

Posterior Probability: -915.131043
Agreement with demo: 9.6%
Current angular diffs: 84'

Selected number of demos: 87

-- Positive Demos --
 (111,1),  (139,1),  (167,1),  (196,1),  (195,6),  (222,6),  (251,6),  (250,1),  (278,6),  (306,6),  (333,6),  (332,6),  (359,6),  (388,6),  (414,6),  (442,6),  (441,6),  (469,6),  (496,2),  (495,2),  (494,2),  (493,2),  (520,2),  (491,4),  (490,4),  (461,4),  (461,0),  (433,0),  (404,0),  (403,0),  (376,0),  (347,0),  (320,0),  (293,0),  (265,0),  (237,0),  (208,0),  (181,0),  (153,0),  (125,0),  (97,0),  (69,4),  (39,4),  (38,4),  (9,2),  (8,2),  (7,2),  (6,2),  (5,2),  (4,6),  (31,6),  (30,6),  (58,6),  (85,6),  (113,6),  (112,6),  (140,6),  (194,1),  (223,1),  (251,1),  (279,1),  (307,1),  (334,1),  (363,1),  (390,1),  (419,1),  (448,7),  (476,1),  (504,1),  (505,3), 


[Timing] Time passed: 543.847797 s

Posterior Probability: -195.2962314
Agreement with demo: 13%
Current angular diffs: 95'

Selected number of demos: 22

-- Positive Demos --
 (139,1),  (196,1),  (278,6),  (388,6),  (469,6),  (494,2),  (491,4),  (404,0),  (403,0),  (347,0),  (293,0),  (181,0),  (69,4),  (38,4),  (8,2),  (7,2),  (30,6),  (140,6),  (307,1),  (363,1),  (448,7), 


[Timing] Time passed: 525.437893 s

Posterior Probability: -1217.840661
Agreement with demo: 14%
Current angular diffs: 79'

Selected number of demos: 55

-- Positive Demos --
 (111,1),  (139,1),  (167,1),  (196,1),  (195,6),  (251,6),  (278,6),  (306,6),  (332,6),  (359,6),  (414,6),  (441,6),  (469,6),  (495,2),  (494,2),  (493,2),  (491,4),  (490,4),  (461,4),  (433,0),  (403,0),  (376,0),  (347,0),  (320,0),  (293,0),  (265,0),  (208,0),  (181,0),  (125,0),  (97,0),  (69,4),  (39,4),  (38,4),  (9,2),  (8,2),  (7,2),  (5,2),  (31,6),  (58,6),  (85,6),  (112,6),  (140,6),  (194,1),  (223,1),  (279,1),  (307,1),  (363,1),  (419,1),  (448,7),  (476,1),  (504,1),  (505,3), 


[Timing] Time passed: 522.487124 s

Posterior Probability: -739.7664581
Agreement with demo: 16%
Current angular diffs: 91'

Selected number of demos: 46

-- Positive Demos --
 (139,1),  (196,1),  (222,6),  (251,6),  (278,6),  (333,6),  (359,6),  (414,6),  (441,6),  (469,6),  (495,2),  (494,2),  (520,2),  (491,4),  (461,4),  (404,0),  (376,0),  (347,0),  (265,0),  (208,0),  (181,0),  (125,0),  (69,4),  (39,4),  (38,4),  (8,2),  (7,2),  (6,2),  (4,6),  (30,6),  (58,6),  (112,6),  (140,6),  (167,1),  (223,1),  (251,1),  (279,1),  (334,1),  (419,1),  (476,1),  (504,1), 


[Timing] Time passed: 517.746189 s

Posterior Probability: -175.1694792
Agreement with demo: 22%
Current angular diffs: 77'

Selected number of demos: 59

-- Positive Demos --
 (111,1),  (139,1),  (196,1),  (195,6),  (251,6),  (278,6),  (306,6),  (332,6),  (388,6),  (414,6),  (442,6),  (441,6),  (496,2),  (494,2),  (493,2),  (491,4),  (490,4),  (461,0),  (404,0),  (403,0),  (376,0),  (347,0),  (320,0),  (265,0),  (237,0),  (208,0),  (153,0),  (125,0),  (97,0),  (69,4),  (39,4),  (38,4),  (8,2),  (7,2),  (6,2),  (5,2),  (31,6),  (30,6),  (58,6),  (113,6),  (112,6),  (140,6),  (167,1),  (223,1),  (251,1),  (307,1),  (363,1),  (390,1),  (419,1),  (476,1),  (504,1),  (505,3), 


[Timing] Time passed: 543.778259 s

Posterior Probability: -1114.849964
Agreement with demo: 10%
Current angular diffs: 91'

Selected number of demos: 23

-- Positive Demos --
 (111,1),  (139,1),  (196,1),  (222,6),  (333,6),  (332,6),  (414,6),  (441,6),  (493,2),  (461,4),  (376,0),  (265,0),  (237,0),  (125,0),  (69,4),  (39,4),  (9,2),  (4,6),  (85,6),  (112,6),  (223,1),  (334,1),  (476,1), 


[Timing] Time passed: 455.415805 s

Posterior Probability: -146.2383733
Agreement with demo: 14%
Current angular diffs: 90'

Selected number of demos: 41

-- Positive Demos --
 (111,1),  (139,1),  (195,6),  (250,1),  (306,6),  (332,6),  (388,6),  (414,6),  (469,6),  (495,2),  (493,2),  (491,4),  (490,4),  (461,0),  (433,0),  (404,0),  (376,0),  (320,0),  (265,0),  (181,0),  (125,0),  (69,4),  (39,4),  (9,2),  (8,2),  (7,2),  (4,6),  (58,6),  (85,6),  (140,6),  (167,1),  (194,1),  (223,1),  (251,1),  (307,1),  (390,1),  (476,1),  (504,1), 


[Timing] Time passed: 506.905874 s

Posterior Probability: -1045.574583
Agreement with demo: 16%
Current angular diffs: 79'

Selected number of demos: 35

-- Positive Demos --
 (111,1),  (196,1),  (222,6),  (251,6),  (333,6),  (332,6),  (359,6),  (414,6),  (496,2),  (494,2),  (491,4),  (461,4),  (433,0),  (403,0),  (320,0),  (265,0),  (181,0),  (153,0),  (69,4),  (38,4),  (9,2),  (7,2),  (4,6),  (31,6),  (85,6),  (112,6),  (167,1),  (194,1),  (223,1),  (251,1),  (307,1),  (419,1),  (476,1),  (505,3), 


[Timing] Time passed: 504.537985 s

Posterior Probability: -2366.025303
Agreement with demo: 5.2%
Current angular diffs: 1e+02'

Selected number of demos: 25

-- Positive Demos --
 (111,1),  (167,1),  (195,6),  (306,6),  (414,6),  (469,6),  (495,2),  (494,2),  (490,4),  (404,0),  (320,0),  (237,0),  (181,0),  (125,0),  (39,4),  (7,2),  (30,6),  (113,6),  (194,1),  (223,1),  (334,1),  (390,1),  (448,7),  (505,3), 


[Timing] Time passed: 491.580689 s

Posterior Probability: -880.5195044
Agreement with demo: 13%
Current angular diffs: 95'

Selected number of demos: 61

-- Positive Demos --
 (111,1),  (139,1),  (196,1),  (195,6),  (222,6),  (250,1),  (306,6),  (332,6),  (359,6),  (388,6),  (414,6),  (442,6),  (441,6),  (496,2),  (494,2),  (493,2),  (520,2),  (491,4),  (490,4),  (461,4),  (433,0),  (403,0),  (376,0),  (320,0),  (265,0),  (237,0),  (208,0),  (153,0),  (125,0),  (97,0),  (69,4),  (39,4),  (38,4),  (9,2),  (7,2),  (6,2),  (5,2),  (4,6),  (30,6),  (58,6),  (113,6),  (140,6),  (167,1),  (194,1),  (223,1),  (279,1),  (307,1),  (334,1),  (390,1),  (419,1),  (476,1),  (504,1),  (505,3), 


[Timing] Time passed: 518.286085 s

Posterior Probability: -1767.922873
Agreement with demo: 13%
Current angular diffs: 80'

Selected number of demos: 36

-- Positive Demos --
 (111,1),  (167,1),  (222,6),  (278,6),  (359,6),  (414,6),  (496,2),  (494,2),  (520,2),  (490,4),  (461,0),  (403,0),  (376,0),  (347,0),  (320,0),  (293,0),  (265,0),  (181,0),  (125,0),  (69,4),  (39,4),  (8,2),  (7,2),  (6,2),  (4,6),  (31,6),  (58,6),  (113,6),  (140,6),  (223,1),  (307,1),  (363,1),  (476,1),  (504,1),  (505,3), 


[Timing] Time passed: 467.918968 s

Posterior Probability: -807.4711291
Agreement with demo: 14%
Current angular diffs: 91'

Selected number of demos: 41

-- Positive Demos --
 (111,1),  (139,1),  (195,6),  (222,6),  (250,1),  (278,6),  (333,6),  (332,6),  (388,6),  (442,6),  (469,6),  (496,2),  (494,2),  (491,4),  (490,4),  (461,0),  (433,0),  (404,0),  (376,0),  (320,0),  (265,0),  (237,0),  (153,0),  (125,0),  (69,4),  (38,4),  (8,2),  (6,2),  (4,6),  (58,6),  (113,6),  (112,6),  (167,1),  (194,1),  (279,1),  (334,1),  (419,1),  (448,7),  (476,1),  (505,3), 


[Timing] Time passed: 506.232362 s

Posterior Probability: -2613.048021
Agreement with demo: 6.1%
Current angular diffs: 1e+02'

Selected number of demos: 56

-- Positive Demos --
 (111,1),  (139,1),  (167,1),  (196,1),  (195,6),  (251,6),  (250,1),  (306,6),  (332,6),  (388,6),  (414,6),  (442,6),  (469,6),  (495,2),  (494,2),  (520,2),  (491,4),  (490,4),  (461,4),  (461,0),  (404,0),  (403,0),  (376,0),  (347,0),  (320,0),  (265,0),  (208,0),  (153,0),  (125,0),  (69,4),  (39,4),  (38,4),  (8,2),  (7,2),  (5,2),  (31,6),  (30,6),  (58,6),  (113,6),  (140,6),  (194,1),  (223,1),  (279,1),  (307,1),  (334,1),  (390,1),  (419,1),  (476,1),  (504,1), 


[Timing] Time passed: 512.918388 s

Posterior Probability: -2472.856952
Agreement with demo: 11%
Current angular diffs: 84'

Selected number of demos: 40

-- Positive Demos --
 (111,1),  (139,1),  (196,1),  (251,6),  (250,1),  (333,6),  (388,6),  (414,6),  (469,6),  (496,2),  (494,2),  (491,4),  (490,4),  (461,0),  (433,0),  (403,0),  (376,0),  (347,0),  (265,0),  (237,0),  (181,0),  (125,0),  (69,4),  (39,4),  (38,4),  (8,2),  (6,2),  (31,6),  (30,6),  (85,6),  (140,6),  (167,1),  (223,1),  (279,1),  (307,1),  (334,1),  (419,1),  (476,1),  (504,1), 


[Timing] Time passed: 481.901549 s

Posterior Probability: -172.6506918
Agreement with demo: 15%
Current angular diffs: 81'

Selected number of demos: 28

-- Positive Demos --
 (167,1),  (222,6),  (278,6),  (332,6),  (414,6),  (496,2),  (495,2),  (493,2),  (491,4),  (461,4),  (376,0),  (320,0),  (265,0),  (181,0),  (153,0),  (125,0),  (39,4),  (9,2),  (8,2),  (6,2),  (30,6),  (58,6),  (112,6),  (140,6),  (251,1),  (334,1),  (390,1),  (504,1), 


[Timing] Time passed: 514.762905 s

Posterior Probability: -1102.766464
Agreement with demo: 6.1%
Current angular diffs: 1.1e+02'

Selected number of demos: 87

-- Positive Demos --
 (111,1),  (139,1),  (167,1),  (196,1),  (195,6),  (222,6),  (251,6),  (250,1),  (278,6),  (306,6),  (333,6),  (332,6),  (359,6),  (388,6),  (414,6),  (442,6),  (441,6),  (469,6),  (496,2),  (495,2),  (494,2),  (493,2),  (520,2),  (491,4),  (490,4),  (461,4),  (461,0),  (433,0),  (404,0),  (403,0),  (376,0),  (347,0),  (320,0),  (293,0),  (265,0),  (237,0),  (208,0),  (181,0),  (153,0),  (125,0),  (97,0),  (69,4),  (39,4),  (38,4),  (9,2),  (8,2),  (7,2),  (6,2),  (5,2),  (4,6),  (31,6),  (30,6),  (58,6),  (85,6),  (113,6),  (112,6),  (140,6),  (194,1),  (223,1),  (251,1),  (279,1),  (307,1),  (334,1),  (363,1),  (390,1),  (419,1),  (448,7),  (476,1),  (504,1),  (505,3), 


[Timing] Time passed: 528.729832 s

Posterior Probability: -1991.872804
Agreement with demo: 12%
Current angular diffs: 84'

Selected number of demos: 25

-- Positive Demos --
 (139,1),  (195,6),  (333,6),  (442,6),  (441,6),  (469,6),  (493,2),  (490,4),  (461,0),  (433,0),  (404,0),  (347,0),  (293,0),  (208,0),  (97,0),  (39,4),  (7,2),  (6,2),  (58,6),  (140,6),  (194,1),  (307,1),  (390,1),  (476,1),  (505,3), 


[Timing] Time passed: 495.145827 s

Posterior Probability: -53.54295027
Agreement with demo: 12%
Current angular diffs: 85'

Selected number of demos: 45

-- Positive Demos --
 (139,1),  (167,1),  (222,6),  (278,6),  (306,6),  (359,6),  (414,6),  (469,6),  (495,2),  (493,2),  (520,2),  (491,4),  (490,4),  (461,4),  (461,0),  (433,0),  (404,0),  (347,0),  (293,0),  (237,0),  (208,0),  (181,0),  (125,0),  (69,4),  (39,4),  (38,4),  (7,2),  (6,2),  (4,6),  (58,6),  (113,6),  (112,6),  (140,6),  (194,1),  (223,1),  (307,1),  (334,1),  (390,1),  (476,1),  (504,1),  (505,3), 


[Timing] Time passed: 515.579903 s

Posterior Probability: -1604.136275
Agreement with demo: 6.1%
Current angular diffs: 1e+02'

Selected number of demos: 46

-- Positive Demos --
 (111,1),  (139,1),  (167,1),  (196,1),  (222,6),  (278,6),  (333,6),  (388,6),  (414,6),  (442,6),  (496,2),  (494,2),  (493,2),  (520,2),  (491,4),  (490,4),  (461,4),  (433,0),  (404,0),  (376,0),  (347,0),  (320,0),  (265,0),  (237,0),  (181,0),  (125,0),  (69,4),  (39,4),  (38,4),  (9,2),  (7,2),  (5,2),  (31,6),  (30,6),  (58,6),  (112,6),  (251,1),  (307,1),  (363,1),  (390,1),  (419,1),  (448,7),  (476,1),  (504,1), 


[Timing] Time passed: 520.107598 s

Posterior Probability: -1981.996783
Agreement with demo: 6.1%
Current angular diffs: 95'

Selected number of demos: 87

-- Positive Demos --
 (111,1),  (139,1),  (167,1),  (196,1),  (195,6),  (222,6),  (251,6),  (250,1),  (278,6),  (306,6),  (333,6),  (332,6),  (359,6),  (388,6),  (414,6),  (442,6),  (441,6),  (469,6),  (496,2),  (495,2),  (494,2),  (493,2),  (520,2),  (491,4),  (490,4),  (461,4),  (461,0),  (433,0),  (404,0),  (403,0),  (376,0),  (347,0),  (320,0),  (293,0),  (265,0),  (237,0),  (208,0),  (181,0),  (153,0),  (125,0),  (97,0),  (69,4),  (39,4),  (38,4),  (9,2),  (8,2),  (7,2),  (6,2),  (5,2),  (4,6),  (31,6),  (30,6),  (58,6),  (85,6),  (113,6),  (112,6),  (140,6),  (194,1),  (223,1),  (251,1),  (279,1),  (307,1),  (334,1),  (363,1),  (390,1),  (419,1),  (448,7),  (476,1),  (504,1),  (505,3), 


[Timing] Time passed: 481.431735 s

Posterior Probability: -190.8367787
Agreement with demo: 14%
Current angular diffs: 86'

Selected number of demos: 26

-- Positive Demos --
 (167,1),  (250,1),  (359,6),  (414,6),  (441,6),  (494,2),  (493,2),  (491,4),  (433,0),  (320,0),  (265,0),  (181,0),  (69,4),  (39,4),  (38,4),  (7,2),  (6,2),  (31,6),  (30,6),  (58,6),  (194,1),  (307,1),  (448,7),  (504,1), 


[Timing] Time passed: 516.491251 s

Posterior Probability: -1059.29517
Agreement with demo: 3.5%
Current angular diffs: 1.1e+02'

Selected number of demos: 87

-- Positive Demos --
 (111,1),  (139,1),  (167,1),  (196,1),  (195,6),  (222,6),  (251,6),  (250,1),  (278,6),  (306,6),  (333,6),  (332,6),  (359,6),  (388,6),  (414,6),  (442,6),  (441,6),  (469,6),  (496,2),  (495,2),  (494,2),  (493,2),  (520,2),  (491,4),  (490,4),  (461,4),  (461,0),  (433,0),  (404,0),  (403,0),  (376,0),  (347,0),  (320,0),  (293,0),  (265,0),  (237,0),  (208,0),  (181,0),  (153,0),  (125,0),  (97,0),  (69,4),  (39,4),  (38,4),  (9,2),  (8,2),  (7,2),  (6,2),  (5,2),  (4,6),  (31,6),  (30,6),  (58,6),  (85,6),  (113,6),  (112,6),  (140,6),  (194,1),  (223,1),  (251,1),  (279,1),  (307,1),  (334,1),  (363,1),  (390,1),  (419,1),  (448,7),  (476,1),  (504,1),  (505,3), 


[Timing] Time passed: 459.441447 s

Posterior Probability: -1175.911345
Agreement with demo: 13%
Current angular diffs: 79'

Selected number of demos: 87

-- Positive Demos --
 (111,1),  (139,1),  (167,1),  (196,1),  (195,6),  (222,6),  (251,6),  (250,1),  (278,6),  (306,6),  (333,6),  (332,6),  (359,6),  (388,6),  (414,6),  (442,6),  (441,6),  (469,6),  (496,2),  (495,2),  (494,2),  (493,2),  (520,2),  (491,4),  (490,4),  (461,4),  (461,0),  (433,0),  (404,0),  (403,0),  (376,0),  (347,0),  (320,0),  (293,0),  (265,0),  (237,0),  (208,0),  (181,0),  (153,0),  (125,0),  (97,0),  (69,4),  (39,4),  (38,4),  (9,2),  (8,2),  (7,2),  (6,2),  (5,2),  (4,6),  (31,6),  (30,6),  (58,6),  (85,6),  (113,6),  (112,6),  (140,6),  (194,1),  (223,1),  (251,1),  (279,1),  (307,1),  (334,1),  (363,1),  (390,1),  (419,1),  (448,7),  (476,1),  (504,1),  (505,3), 


[Timing] Time passed: 425.458552 s

Posterior Probability: -3140.778783
Agreement with demo: 6.1%
Current angular diffs: 1.1e+02'

Selected number of demos: 30

-- Positive Demos --
 (111,1),  (196,1),  (250,1),  (333,6),  (359,6),  (414,6),  (441,6),  (495,2),  (493,2),  (491,4),  (461,0),  (404,0),  (320,0),  (293,0),  (208,0),  (125,0),  (69,4),  (38,4),  (8,2),  (7,2),  (6,2),  (5,2),  (58,6),  (112,6),  (167,1),  (251,1),  (334,1),  (390,1),  (476,1), 


[Timing] Time passed: 451.460369 s

Posterior Probability: -1169.693493
Agreement with demo: 15%
Current angular diffs: 81'

Selected number of demos: 25

-- Positive Demos --
 (139,1),  (167,1),  (278,6),  (332,6),  (414,6),  (441,6),  (496,2),  (494,2),  (490,4),  (376,0),  (320,0),  (181,0),  (69,4),  (39,4),  (38,4),  (7,2),  (58,6),  (140,6),  (194,1),  (307,1),  (390,1),  (504,1),  (505,3), 


[Timing] Time passed: 432.509338 s

Posterior Probability: -663.5662447
Agreement with demo: 14%
Current angular diffs: 82'

Selected number of demos: 87

-- Positive Demos --
 (111,1),  (139,1),  (167,1),  (196,1),  (195,6),  (222,6),  (251,6),  (250,1),  (278,6),  (306,6),  (333,6),  (332,6),  (359,6),  (388,6),  (414,6),  (442,6),  (441,6),  (469,6),  (496,2),  (495,2),  (494,2),  (493,2),  (520,2),  (491,4),  (490,4),  (461,4),  (461,0),  (433,0),  (404,0),  (403,0),  (376,0),  (347,0),  (320,0),  (293,0),  (265,0),  (237,0),  (208,0),  (181,0),  (153,0),  (125,0),  (97,0),  (69,4),  (39,4),  (38,4),  (9,2),  (8,2),  (7,2),  (6,2),  (5,2),  (4,6),  (31,6),  (30,6),  (58,6),  (85,6),  (113,6),  (112,6),  (140,6),  (194,1),  (223,1),  (251,1),  (279,1),  (307,1),  (334,1),  (363,1),  (390,1),  (419,1),  (448,7),  (476,1),  (504,1),  (505,3), 


[Timing] Time passed: 461.253655 s

Posterior Probability: -294.8314405
Agreement with demo: 9.6%
Current angular diffs: 94'

Selected number of demos: 45

-- Positive Demos --
 (139,1),  (167,1),  (195,6),  (222,6),  (278,6),  (333,6),  (388,6),  (414,6),  (469,6),  (496,2),  (495,2),  (494,2),  (493,2),  (491,4),  (490,4),  (461,4),  (433,0),  (404,0),  (347,0),  (320,0),  (293,0),  (237,0),  (208,0),  (181,0),  (125,0),  (97,0),  (69,4),  (39,4),  (38,4),  (7,2),  (4,6),  (58,6),  (85,6),  (140,6),  (223,1),  (251,1),  (307,1),  (363,1),  (390,1),  (476,1),  (504,1),  (505,3), 


[Timing] Time passed: 430.393454 s

Posterior Probability: -954.4894314
Agreement with demo: 13%
Current angular diffs: 88'

Selected number of demos: 55

-- Positive Demos --
 (111,1),  (139,1),  (167,1),  (195,6),  (251,6),  (278,6),  (333,6),  (332,6),  (388,6),  (414,6),  (441,6),  (496,2),  (495,2),  (494,2),  (493,2),  (491,4),  (490,4),  (461,4),  (461,0),  (433,0),  (403,0),  (347,0),  (320,0),  (265,0),  (208,0),  (181,0),  (153,0),  (125,0),  (97,0),  (69,4),  (39,4),  (38,4),  (8,2),  (7,2),  (5,2),  (31,6),  (30,6),  (58,6),  (85,6),  (112,6),  (194,1),  (223,1),  (279,1),  (307,1),  (334,1),  (363,1),  (390,1),  (448,7),  (476,1),  (504,1),  (505,3), 


[Timing] Time passed: 379.996926 s

Posterior Probability: -513.8897519
Agreement with demo: 15%
Current angular diffs: 81'

Selected number of demos: 23

-- Positive Demos --
 (167,1),  (222,6),  (250,1),  (306,6),  (359,6),  (469,6),  (494,2),  (493,2),  (520,2),  (461,4),  (347,0),  (208,0),  (153,0),  (69,4),  (9,2),  (8,2),  (7,2),  (30,6),  (113,6),  (251,1),  (390,1),  (448,7),  (476,1), 


[Timing] Time passed: 409.282088 s

Posterior Probability: -815.6397135
Agreement with demo: 6.1%
Current angular diffs: 1e+02'

Selected number of demos: 40

-- Positive Demos --
 (139,1),  (167,1),  (195,6),  (222,6),  (250,1),  (278,6),  (333,6),  (332,6),  (414,6),  (441,6),  (495,2),  (493,2),  (520,2),  (491,4),  (490,4),  (461,0),  (403,0),  (320,0),  (265,0),  (208,0),  (125,0),  (69,4),  (38,4),  (7,2),  (4,6),  (30,6),  (85,6),  (113,6),  (251,1),  (307,1),  (334,1),  (419,1),  (476,1),  (504,1), 


[Timing] Time passed: 389.131317 s

Posterior Probability: -1359.240446
Agreement with demo: 8.7%
Current angular diffs: 85'

Selected number of demos: 60

-- Positive Demos --
 (111,1),  (139,1),  (167,1),  (195,6),  (251,6),  (278,6),  (306,6),  (333,6),  (332,6),  (359,6),  (388,6),  (414,6),  (442,6),  (441,6),  (496,2),  (494,2),  (520,2),  (491,4),  (490,4),  (461,4),  (461,0),  (433,0),  (404,0),  (376,0),  (320,0),  (293,0),  (265,0),  (237,0),  (208,0),  (181,0),  (153,0),  (125,0),  (69,4),  (39,4),  (38,4),  (9,2),  (7,2),  (6,2),  (4,6),  (31,6),  (30,6),  (58,6),  (113,6),  (140,6),  (194,1),  (223,1),  (279,1),  (307,1),  (334,1),  (363,1),  (419,1),  (448,7),  (476,1),  (504,1),  (505,3), 


[Timing] Time passed: 399.071322 s

Posterior Probability: -886.1652921
Agreement with demo: 16%
Current angular diffs: 81'

Selected number of demos: 34

-- Positive Demos --
 (111,1),  (139,1),  (167,1),  (195,6),  (222,6),  (251,6),  (278,6),  (359,6),  (414,6),  (441,6),  (469,6),  (494,2),  (491,4),  (490,4),  (461,0),  (376,0),  (293,0),  (237,0),  (125,0),  (97,0),  (69,4),  (38,4),  (8,2),  (5,2),  (58,6),  (112,6),  (194,1),  (251,1),  (307,1),  (419,1),  (476,1),  (504,1), 


[Timing] Time passed: 352.863611 s

Posterior Probability: -406.9762577
Agreement with demo: 12%
Current angular diffs: 92'

Selected number of demos: 43

-- Positive Demos --
 (139,1),  (167,1),  (196,1),  (195,6),  (251,6),  (278,6),  (306,6),  (332,6),  (359,6),  (388,6),  (442,6),  (496,2),  (495,2),  (494,2),  (520,2),  (491,4),  (490,4),  (461,4),  (461,0),  (404,0),  (376,0),  (293,0),  (265,0),  (208,0),  (125,0),  (97,0),  (69,4),  (39,4),  (38,4),  (8,2),  (7,2),  (4,6),  (58,6),  (113,6),  (223,1),  (307,1),  (334,1),  (363,1),  (390,1),  (476,1),  (504,1), 


[Timing] Time passed: 317.283562 s

Posterior Probability: -332.910475
Agreement with demo: 10%
Current angular diffs: 1e+02'

Selected number of demos: 25

-- Positive Demos --
 (139,1),  (222,6),  (332,6),  (442,6),  (441,6),  (495,2),  (494,2),  (493,2),  (520,2),  (491,4),  (490,4),  (433,0),  (320,0),  (265,0),  (125,0),  (39,4),  (38,4),  (7,2),  (58,6),  (167,1),  (223,1),  (307,1),  (334,1),  (476,1), 


[Timing] Time passed: 374.50588 s

Posterior Probability: -729.5197193
Agreement with demo: 15%
Current angular diffs: 81'

Selected number of demos: 45

-- Positive Demos --
 (111,1),  (167,1),  (195,6),  (251,6),  (306,6),  (332,6),  (388,6),  (442,6),  (441,6),  (495,2),  (494,2),  (491,4),  (490,4),  (461,0),  (433,0),  (404,0),  (376,0),  (347,0),  (293,0),  (265,0),  (208,0),  (181,0),  (153,0),  (125,0),  (69,4),  (39,4),  (9,2),  (8,2),  (7,2),  (4,6),  (58,6),  (112,6),  (223,1),  (307,1),  (363,1),  (419,1),  (476,1),  (504,1),  (505,3), 


[Timing] Time passed: 338.261321 s

Posterior Probability: -1827.508941
Agreement with demo: 5.2%
Current angular diffs: 99'

Selected number of demos: 31

-- Positive Demos --
 (167,1),  (196,1),  (278,6),  (333,6),  (332,6),  (388,6),  (414,6),  (442,6),  (496,2),  (495,2),  (520,2),  (491,4),  (461,4),  (404,0),  (293,0),  (237,0),  (153,0),  (69,4),  (9,2),  (6,2),  (4,6),  (58,6),  (194,1),  (251,1),  (307,1),  (334,1),  (448,7),  (504,1),  (505,3), 


[Timing] Time passed: 350.729145 s

Posterior Probability: -1140.073938
Agreement with demo: 5.2%
Current angular diffs: 97'

Selected number of demos: 59

-- Positive Demos --
 (111,1),  (139,1),  (167,1),  (195,6),  (222,6),  (250,1),  (306,6),  (332,6),  (388,6),  (414,6),  (442,6),  (469,6),  (495,2),  (494,2),  (493,2),  (491,4),  (490,4),  (461,4),  (433,0),  (404,0),  (403,0),  (347,0),  (320,0),  (265,0),  (237,0),  (208,0),  (181,0),  (153,0),  (125,0),  (97,0),  (69,4),  (39,4),  (38,4),  (8,2),  (7,2),  (6,2),  (4,6),  (30,6),  (58,6),  (113,6),  (112,6),  (140,6),  (194,1),  (223,1),  (279,1),  (307,1),  (334,1),  (363,1),  (390,1),  (448,7),  (476,1),  (504,1), 


[Timing] Time passed: 345.012765 s

Posterior Probability: -1993.035783
Agreement with demo: 7%
Current angular diffs: 98'

Selected number of demos: 28

-- Positive Demos --
 (196,1),  (250,1),  (278,6),  (333,6),  (332,6),  (442,6),  (495,2),  (520,2),  (490,4),  (433,0),  (320,0),  (265,0),  (181,0),  (125,0),  (39,4),  (38,4),  (8,2),  (7,2),  (31,6),  (30,6),  (112,6),  (194,1),  (307,1),  (334,1),  (419,1),  (476,1), 


[Timing] Time passed: 309.602742 s

Posterior Probability: -950.3269212
Agreement with demo: 14%
Current angular diffs: 83'

-----------------------------
Avg angular diffs: 70'
-- learned weights --
Feature Weights: -0.33575, -0.56975, -0.0105, -0.1, 
