loading features...

Initializing gridworld of size 28 by 22..
    Num states: 616
    Num actions: 8

Total number of demos: 72

Selected number of demos: 46

-- Positive Demos --
 (84,1),  (167,1),  (195,1),  (251,1),  (306,6),  (359,6),  (387,6),  (442,6),  (469,6),  (496,2),  (494,4),  (521,6),  (547,1),  (576,4),  (518,5),  (463,0),  (435,0),  (406,4),  (377,4),  (376,0),  (347,0),  (321,0),  (238,5),  (183,0),  (154,0),  (126,0),  (69,4),  (39,2),  (38,2),  (37,2),  (34,4),  (33,6),  (60,6),  (87,6),  (143,1),  (198,1),  (227,1),  (311,1),  (338,1),  (394,1),  (450,6),  (505,1),  (532,2),  (504,3),  (504,0), 


[Timing] Time passed: 473.626308 s

Posterior Probability: -657.4352467
Agreement with demo: 4.3%
Current angular diffs: 97'

Selected number of demos: 27

-- Positive Demos --
 (139,1),  (167,1),  (306,6),  (359,6),  (413,6),  (442,6),  (523,2),  (494,4),  (547,1),  (518,0),  (463,0),  (406,4),  (376,0),  (348,0),  (265,0),  (209,0),  (183,0),  (69,4),  (38,2),  (34,2),  (60,6),  (143,1),  (198,1),  (255,1),  (423,6),  (477,6),  (532,2), 


[Timing] Time passed: 448.463379 s

Posterior Probability: -316.4650139
Agreement with demo: 9.8%
Current angular diffs: 99'

Selected number of demos: 46

-- Positive Demos --
 (84,1),  (139,1),  (167,1),  (195,1),  (279,1),  (333,6),  (359,6),  (387,6),  (413,6),  (469,6),  (523,2),  (521,6),  (547,6),  (547,1),  (576,1),  (576,4),  (518,5),  (463,0),  (435,0),  (406,4),  (405,2),  (376,0),  (348,0),  (321,0),  (265,0),  (238,5),  (209,0),  (183,0),  (126,0),  (69,4),  (39,2),  (37,2),  (34,2),  (32,6),  (87,6),  (115,1),  (198,1),  (255,1),  (338,1),  (423,6),  (450,6),  (505,1),  (532,2),  (504,3), 


[Timing] Time passed: 444.419871 s

Posterior Probability: -903.0425062
Agreement with demo: 9.8%
Current angular diffs: 93'

Selected number of demos: 38

-- Positive Demos --
 (84,1),  (139,1),  (167,1),  (195,1),  (306,6),  (359,6),  (387,6),  (442,6),  (469,6),  (523,2),  (494,4),  (547,6),  (576,4),  (518,0),  (491,5),  (463,0),  (406,4),  (376,0),  (321,0),  (265,0),  (209,0),  (183,0),  (98,4),  (39,2),  (38,2),  (34,4),  (34,2),  (33,6),  (60,6),  (143,1),  (255,1),  (338,1),  (423,6),  (477,6),  (505,1),  (532,2),  (504,3), 


[Timing] Time passed: 418.552389 s

Posterior Probability: -137.284896
Agreement with demo: 11%
Current angular diffs: 91'

Selected number of demos: 72

-- Positive Demos --
 (55,1),  (84,1),  (139,1),  (167,1),  (195,1),  (251,1),  (279,1),  (306,6),  (333,6),  (359,6),  (387,6),  (413,6),  (442,6),  (469,6),  (496,2),  (523,2),  (494,4),  (521,6),  (547,6),  (547,1),  (576,1),  (576,4),  (518,0),  (518,5),  (491,5),  (463,0),  (435,0),  (406,4),  (405,2),  (377,4),  (376,0),  (347,0),  (348,0),  (321,0),  (265,0),  (238,5),  (209,0),  (183,0),  (154,0),  (126,0),  (98,4),  (69,4),  (39,2),  (38,2),  (37,2),  (34,4),  (34,2),  (33,6),  (32,6),  (60,6),  (87,6),  (115,1),  (143,1),  (198,1),  (227,1),  (255,1),  (311,1),  (338,1),  (394,1),  (423,6),  (450,6),  (477,6),  (505,1),  (505,6),  (532,2),  (504,3),  (504,0), 


[Timing] Time passed: 449.8498 s

Posterior Probability: -219.6321106
Agreement with demo: 20%
Current angular diffs: 88'

Selected number of demos: 30

-- Positive Demos --
 (139,1),  (195,1),  (306,6),  (387,6),  (496,2),  (521,6),  (547,1),  (576,4),  (518,5),  (463,0),  (435,0),  (406,4),  (347,0),  (348,0),  (321,0),  (183,0),  (154,0),  (126,0),  (69,4),  (34,4),  (32,6),  (143,1),  (198,1),  (255,1),  (311,1),  (338,1),  (450,6),  (505,1),  (504,3),  (504,0), 


[Timing] Time passed: 459.373537 s

Posterior Probability: -162.2318671
Agreement with demo: 13%
Current angular diffs: 89'

Selected number of demos: 25

-- Positive Demos --
 (167,1),  (279,1),  (333,6),  (413,6),  (442,6),  (469,6),  (523,2),  (521,6),  (518,0),  (491,5),  (463,0),  (435,0),  (376,0),  (348,0),  (209,0),  (98,4),  (39,2),  (38,2),  (32,6),  (143,1),  (255,1),  (394,1),  (477,6),  (504,3),  (504,0), 


[Timing] Time passed: 427.732044 s

Posterior Probability: -1150.908776
Agreement with demo: 14%
Current angular diffs: 91'

Selected number of demos: 72

-- Positive Demos --
 (55,1),  (84,1),  (139,1),  (167,1),  (195,1),  (251,1),  (279,1),  (306,6),  (333,6),  (359,6),  (387,6),  (413,6),  (442,6),  (469,6),  (496,2),  (523,2),  (494,4),  (521,6),  (547,6),  (547,1),  (576,1),  (576,4),  (518,0),  (518,5),  (491,5),  (463,0),  (435,0),  (406,4),  (405,2),  (377,4),  (376,0),  (347,0),  (348,0),  (321,0),  (265,0),  (238,5),  (209,0),  (183,0),  (154,0),  (126,0),  (98,4),  (69,4),  (39,2),  (38,2),  (37,2),  (34,4),  (34,2),  (33,6),  (32,6),  (60,6),  (87,6),  (115,1),  (143,1),  (198,1),  (227,1),  (255,1),  (311,1),  (338,1),  (394,1),  (423,6),  (450,6),  (477,6),  (505,1),  (505,6),  (532,2),  (504,3),  (504,0), 


[Timing] Time passed: 464.539542 s

Posterior Probability: -1003.547218
Agreement with demo: 11%
Current angular diffs: 96'

Selected number of demos: 35

-- Positive Demos --
 (139,1),  (251,1),  (279,1),  (306,6),  (359,6),  (387,6),  (469,6),  (494,4),  (547,6),  (576,1),  (576,4),  (491,5),  (435,0),  (406,4),  (405,2),  (347,0),  (265,0),  (209,0),  (126,0),  (98,4),  (38,2),  (34,2),  (60,6),  (87,6),  (198,1),  (311,1),  (394,1),  (423,6),  (450,6),  (477,6),  (505,1),  (505,6),  (532,2),  (504,0), 


[Timing] Time passed: 434.372974 s

Posterior Probability: -966.250043
Agreement with demo: 9.8%
Current angular diffs: 1e+02'

Selected number of demos: 72

-- Positive Demos --
 (55,1),  (84,1),  (139,1),  (167,1),  (195,1),  (251,1),  (279,1),  (306,6),  (333,6),  (359,6),  (387,6),  (413,6),  (442,6),  (469,6),  (496,2),  (523,2),  (494,4),  (521,6),  (547,6),  (547,1),  (576,1),  (576,4),  (518,0),  (518,5),  (491,5),  (463,0),  (435,0),  (406,4),  (405,2),  (377,4),  (376,0),  (347,0),  (348,0),  (321,0),  (265,0),  (238,5),  (209,0),  (183,0),  (154,0),  (126,0),  (98,4),  (69,4),  (39,2),  (38,2),  (37,2),  (34,4),  (34,2),  (33,6),  (32,6),  (60,6),  (87,6),  (115,1),  (143,1),  (198,1),  (227,1),  (255,1),  (311,1),  (338,1),  (394,1),  (423,6),  (450,6),  (477,6),  (505,1),  (505,6),  (532,2),  (504,3),  (504,0), 


[Timing] Time passed: 454.757327 s

Posterior Probability: -2406.019668
Agreement with demo: 11%
Current angular diffs: 95'

Selected number of demos: 72

-- Positive Demos --
 (55,1),  (84,1),  (139,1),  (167,1),  (195,1),  (251,1),  (279,1),  (306,6),  (333,6),  (359,6),  (387,6),  (413,6),  (442,6),  (469,6),  (496,2),  (523,2),  (494,4),  (521,6),  (547,6),  (547,1),  (576,1),  (576,4),  (518,0),  (518,5),  (491,5),  (463,0),  (435,0),  (406,4),  (405,2),  (377,4),  (376,0),  (347,0),  (348,0),  (321,0),  (265,0),  (238,5),  (209,0),  (183,0),  (154,0),  (126,0),  (98,4),  (69,4),  (39,2),  (38,2),  (37,2),  (34,4),  (34,2),  (33,6),  (32,6),  (60,6),  (87,6),  (115,1),  (143,1),  (198,1),  (227,1),  (255,1),  (311,1),  (338,1),  (394,1),  (423,6),  (450,6),  (477,6),  (505,1),  (505,6),  (532,2),  (504,3),  (504,0), 


[Timing] Time passed: 362.818397 s

Posterior Probability: -2197.488728
Agreement with demo: 11%
Current angular diffs: 94'

Selected number of demos: 72

-- Positive Demos --
 (55,1),  (84,1),  (139,1),  (167,1),  (195,1),  (251,1),  (279,1),  (306,6),  (333,6),  (359,6),  (387,6),  (413,6),  (442,6),  (469,6),  (496,2),  (523,2),  (494,4),  (521,6),  (547,6),  (547,1),  (576,1),  (576,4),  (518,0),  (518,5),  (491,5),  (463,0),  (435,0),  (406,4),  (405,2),  (377,4),  (376,0),  (347,0),  (348,0),  (321,0),  (265,0),  (238,5),  (209,0),  (183,0),  (154,0),  (126,0),  (98,4),  (69,4),  (39,2),  (38,2),  (37,2),  (34,4),  (34,2),  (33,6),  (32,6),  (60,6),  (87,6),  (115,1),  (143,1),  (198,1),  (227,1),  (255,1),  (311,1),  (338,1),  (394,1),  (423,6),  (450,6),  (477,6),  (505,1),  (505,6),  (532,2),  (504,3),  (504,0), 


[Timing] Time passed: 376.09822 s

Posterior Probability: -2527.513985
Agreement with demo: 8.7%
Current angular diffs: 1e+02'

Selected number of demos: 30

-- Positive Demos --
 (84,1),  (139,1),  (251,1),  (333,6),  (413,6),  (523,2),  (521,6),  (547,6),  (547,1),  (518,5),  (463,0),  (435,0),  (406,4),  (405,2),  (376,0),  (347,0),  (348,0),  (265,0),  (183,0),  (98,4),  (37,2),  (34,4),  (33,6),  (32,6),  (115,1),  (198,1),  (255,1),  (394,1),  (505,1),  (532,2), 


[Timing] Time passed: 376.989405 s

Posterior Probability: -217.0134285
Agreement with demo: 11%
Current angular diffs: 93'

Selected number of demos: 25

-- Positive Demos --
 (167,1),  (279,1),  (333,6),  (359,6),  (469,6),  (523,2),  (494,4),  (547,6),  (576,4),  (491,5),  (406,4),  (347,0),  (348,0),  (265,0),  (209,0),  (183,0),  (154,0),  (38,2),  (37,2),  (34,2),  (33,6),  (87,6),  (255,1),  (450,6),  (532,2), 


[Timing] Time passed: 377.974646 s

Posterior Probability: -1098.853991
Agreement with demo: 3.3%
Current angular diffs: 95'

Selected number of demos: 36

-- Positive Demos --
 (84,1),  (167,1),  (195,1),  (279,1),  (306,6),  (359,6),  (387,6),  (413,6),  (442,6),  (523,2),  (494,4),  (521,6),  (576,1),  (518,0),  (518,5),  (463,0),  (406,4),  (377,4),  (348,0),  (238,5),  (209,0),  (183,0),  (98,4),  (69,4),  (38,2),  (34,4),  (32,6),  (87,6),  (115,1),  (198,1),  (311,1),  (423,6),  (505,1),  (532,2),  (504,0), 


[Timing] Time passed: 383.724433 s

Posterior Probability: -666.8809593
Agreement with demo: 6.5%
Current angular diffs: 96'

Selected number of demos: 19

-- Positive Demos --
 (251,1),  (359,6),  (413,6),  (469,6),  (521,6),  (576,1),  (463,0),  (376,0),  (348,0),  (321,0),  (209,0),  (154,0),  (69,4),  (37,2),  (34,4),  (115,1),  (338,1),  (423,6),  (532,2), 


[Timing] Time passed: 341.193994 s

Posterior Probability: -403.6837084
Agreement with demo: 16%
Current angular diffs: 88'

Selected number of demos: 44

-- Positive Demos --
 (84,1),  (139,1),  (167,1),  (251,1),  (306,6),  (333,6),  (359,6),  (413,6),  (469,6),  (523,2),  (521,6),  (547,6),  (576,1),  (518,0),  (491,5),  (463,0),  (435,0),  (406,4),  (377,4),  (347,0),  (321,0),  (238,5),  (209,0),  (154,0),  (126,0),  (98,4),  (69,4),  (38,2),  (37,2),  (34,2),  (33,6),  (60,6),  (115,1),  (143,1),  (227,1),  (255,1),  (338,1),  (394,1),  (423,6),  (450,6),  (505,1),  (532,2),  (504,0), 


[Timing] Time passed: 332.739824 s

Posterior Probability: -87.7522562
Agreement with demo: 9.8%
Current angular diffs: 99'

Selected number of demos: 17

-- Positive Demos --
 (139,1),  (251,1),  (387,6),  (494,4),  (547,1),  (491,5),  (405,2),  (348,0),  (238,5),  (98,4),  (34,4),  (32,6),  (115,1),  (338,1),  (477,6),  (532,2),  (504,0), 


[Timing] Time passed: 303.938701 s

Posterior Probability: -42.2021131
Agreement with demo: 20%
Current angular diffs: 83'

-----------------------------
Avg angular diffs: 83'
-- learned weights --
Feature Weights: 0.0405, -0.2255, -0.1355, -0.1, 
