loading features...

Initializing gridworld of size 32 by 24..
    Num states: 768
    Num actions: 8

Total number of demos: 85

Selected number of demos: 85

-- Positive Demos --
 (718,3),  (720,3),  (713,3),  (710,3),  (711,3),  (705,3),  (706,3),  (707,3),  (704,5),  (702,5),  (700,5),  (700,3),  (703,7),  (717,7),  (730,3),  (739,3),  (745,3),  (747,3),  (749,3),  (748,5),  (732,5),  (708,5),  (685,5),  (660,5),  (635,0),  (604,0),  (569,0),  (542,4),  (524,4),  (510,4),  (498,4),  (485,2),  (475,4),  (462,4),  (442,4),  (416,4),  (391,4),  (367,4),  (345,2),  (327,2),  (322,2),  (321,2),  (313,2),  (306,2),  (297,2),  (281,4),  (251,4),  (219,0),  (197,5),  (188,3),  (191,0),  (188,0),  (180,5),  (174,5),  (161,5),  (143,5),  (123,5),  (94,5),  (72,3),  (57,3),  (46,3),  (40,3),  (47,3),  (64,3),  (74,3),  (78,3),  (85,3),  (97,3),  (114,7),  (135,7),  (148,7),  (151,3),  (152,7),  (156,5),  (154,5),  (137,3),  (136,0),  (132,2),  (131,6),  (133,3),  (132,5),  (128,5),  (117,0), 


[Timing] Time passed: 94.398691 s

Posterior Probability: -260.6196969
Agreement with demo: 12%
Current angular diffs: 84'

Selected number of demos: 85

-- Positive Demos --
 (718,3),  (720,3),  (713,3),  (710,3),  (711,3),  (705,3),  (706,3),  (707,3),  (704,5),  (702,5),  (700,5),  (700,3),  (703,7),  (717,7),  (730,3),  (739,3),  (745,3),  (747,3),  (749,3),  (748,5),  (732,5),  (708,5),  (685,5),  (660,5),  (635,0),  (604,0),  (569,0),  (542,4),  (524,4),  (510,4),  (498,4),  (485,2),  (475,4),  (462,4),  (442,4),  (416,4),  (391,4),  (367,4),  (345,2),  (327,2),  (322,2),  (321,2),  (313,2),  (306,2),  (297,2),  (281,4),  (251,4),  (219,0),  (197,5),  (188,3),  (191,0),  (188,0),  (180,5),  (174,5),  (161,5),  (143,5),  (123,5),  (94,5),  (72,3),  (57,3),  (46,3),  (40,3),  (47,3),  (64,3),  (74,3),  (78,3),  (85,3),  (97,3),  (114,7),  (135,7),  (148,7),  (151,3),  (152,7),  (156,5),  (154,5),  (137,3),  (136,0),  (132,2),  (131,6),  (133,3),  (132,5),  (128,5),  (117,0), 


[Timing] Time passed: 96.100494 s

Posterior Probability: -259.4177985
Agreement with demo: 14%
Current angular diffs: 89'

Selected number of demos: 41

-- Positive Demos --
 (713,3),  (711,3),  (707,3),  (704,5),  (702,5),  (703,7),  (717,7),  (739,3),  (745,3),  (748,5),  (732,5),  (685,5),  (604,0),  (569,0),  (524,4),  (485,2),  (475,4),  (442,4),  (391,4),  (345,2),  (322,2),  (306,2),  (297,2),  (219,0),  (197,5),  (191,0),  (174,5),  (123,5),  (57,3),  (46,3),  (64,3),  (85,3),  (97,3),  (148,7),  (156,5),  (143,5),  (136,0),  (132,2),  (131,6),  (128,5),  (117,0), 


[Timing] Time passed: 96.890015 s

Posterior Probability: -116.3911399
Agreement with demo: 7.1%
Current angular diffs: 91'

Selected number of demos: 37

-- Positive Demos --
 (720,3),  (713,3),  (706,3),  (707,3),  (704,5),  (700,3),  (730,3),  (745,3),  (747,3),  (732,5),  (708,5),  (660,5),  (569,0),  (510,4),  (475,4),  (462,4),  (391,4),  (327,2),  (322,2),  (313,2),  (297,2),  (251,4),  (188,3),  (191,0),  (174,5),  (143,5),  (123,5),  (57,3),  (40,3),  (74,3),  (97,3),  (148,7),  (152,7),  (136,0),  (133,3),  (117,0), 


[Timing] Time passed: 95.966149 s

Posterior Probability: -183.0015066
Agreement with demo: 13%
Current angular diffs: 89'

Selected number of demos: 85

-- Positive Demos --
 (718,3),  (720,3),  (713,3),  (710,3),  (711,3),  (705,3),  (706,3),  (707,3),  (704,5),  (702,5),  (700,5),  (700,3),  (703,7),  (717,7),  (730,3),  (739,3),  (745,3),  (747,3),  (749,3),  (748,5),  (732,5),  (708,5),  (685,5),  (660,5),  (635,0),  (604,0),  (569,0),  (542,4),  (524,4),  (510,4),  (498,4),  (485,2),  (475,4),  (462,4),  (442,4),  (416,4),  (391,4),  (367,4),  (345,2),  (327,2),  (322,2),  (321,2),  (313,2),  (306,2),  (297,2),  (281,4),  (251,4),  (219,0),  (197,5),  (188,3),  (191,0),  (188,0),  (180,5),  (174,5),  (161,5),  (143,5),  (123,5),  (94,5),  (72,3),  (57,3),  (46,3),  (40,3),  (47,3),  (64,3),  (74,3),  (78,3),  (85,3),  (97,3),  (114,7),  (135,7),  (148,7),  (151,3),  (152,7),  (156,5),  (154,5),  (137,3),  (136,0),  (132,2),  (131,6),  (133,3),  (132,5),  (128,5),  (117,0), 


[Timing] Time passed: 72.482394 s

Posterior Probability: -312.221637
Agreement with demo: 11%
Current angular diffs: 87'

Selected number of demos: 85

-- Positive Demos --
 (718,3),  (720,3),  (713,3),  (710,3),  (711,3),  (705,3),  (706,3),  (707,3),  (704,5),  (702,5),  (700,5),  (700,3),  (703,7),  (717,7),  (730,3),  (739,3),  (745,3),  (747,3),  (749,3),  (748,5),  (732,5),  (708,5),  (685,5),  (660,5),  (635,0),  (604,0),  (569,0),  (542,4),  (524,4),  (510,4),  (498,4),  (485,2),  (475,4),  (462,4),  (442,4),  (416,4),  (391,4),  (367,4),  (345,2),  (327,2),  (322,2),  (321,2),  (313,2),  (306,2),  (297,2),  (281,4),  (251,4),  (219,0),  (197,5),  (188,3),  (191,0),  (188,0),  (180,5),  (174,5),  (161,5),  (143,5),  (123,5),  (94,5),  (72,3),  (57,3),  (46,3),  (40,3),  (47,3),  (64,3),  (74,3),  (78,3),  (85,3),  (97,3),  (114,7),  (135,7),  (148,7),  (151,3),  (152,7),  (156,5),  (154,5),  (137,3),  (136,0),  (132,2),  (131,6),  (133,3),  (132,5),  (128,5),  (117,0), 


[Timing] Time passed: 70.192537 s

Posterior Probability: -277.3213489
Agreement with demo: 8.2%
Current angular diffs: 92'

Selected number of demos: 85

-- Positive Demos --
 (718,3),  (720,3),  (713,3),  (710,3),  (711,3),  (705,3),  (706,3),  (707,3),  (704,5),  (702,5),  (700,5),  (700,3),  (703,7),  (717,7),  (730,3),  (739,3),  (745,3),  (747,3),  (749,3),  (748,5),  (732,5),  (708,5),  (685,5),  (660,5),  (635,0),  (604,0),  (569,0),  (542,4),  (524,4),  (510,4),  (498,4),  (485,2),  (475,4),  (462,4),  (442,4),  (416,4),  (391,4),  (367,4),  (345,2),  (327,2),  (322,2),  (321,2),  (313,2),  (306,2),  (297,2),  (281,4),  (251,4),  (219,0),  (197,5),  (188,3),  (191,0),  (188,0),  (180,5),  (174,5),  (161,5),  (143,5),  (123,5),  (94,5),  (72,3),  (57,3),  (46,3),  (40,3),  (47,3),  (64,3),  (74,3),  (78,3),  (85,3),  (97,3),  (114,7),  (135,7),  (148,7),  (151,3),  (152,7),  (156,5),  (154,5),  (137,3),  (136,0),  (132,2),  (131,6),  (133,3),  (132,5),  (128,5),  (117,0), 


[Timing] Time passed: 71.344567 s

Posterior Probability: -373.7860901
Agreement with demo: 9.4%
Current angular diffs: 91'

Selected number of demos: 85

-- Positive Demos --
 (718,3),  (720,3),  (713,3),  (710,3),  (711,3),  (705,3),  (706,3),  (707,3),  (704,5),  (702,5),  (700,5),  (700,3),  (703,7),  (717,7),  (730,3),  (739,3),  (745,3),  (747,3),  (749,3),  (748,5),  (732,5),  (708,5),  (685,5),  (660,5),  (635,0),  (604,0),  (569,0),  (542,4),  (524,4),  (510,4),  (498,4),  (485,2),  (475,4),  (462,4),  (442,4),  (416,4),  (391,4),  (367,4),  (345,2),  (327,2),  (322,2),  (321,2),  (313,2),  (306,2),  (297,2),  (281,4),  (251,4),  (219,0),  (197,5),  (188,3),  (191,0),  (188,0),  (180,5),  (174,5),  (161,5),  (143,5),  (123,5),  (94,5),  (72,3),  (57,3),  (46,3),  (40,3),  (47,3),  (64,3),  (74,3),  (78,3),  (85,3),  (97,3),  (114,7),  (135,7),  (148,7),  (151,3),  (152,7),  (156,5),  (154,5),  (137,3),  (136,0),  (132,2),  (131,6),  (133,3),  (132,5),  (128,5),  (117,0), 


[Timing] Time passed: 71.658883 s

Posterior Probability: -415.0358481
Agreement with demo: 13%
Current angular diffs: 87'

Selected number of demos: 85

-- Positive Demos --
 (718,3),  (720,3),  (713,3),  (710,3),  (711,3),  (705,3),  (706,3),  (707,3),  (704,5),  (702,5),  (700,5),  (700,3),  (703,7),  (717,7),  (730,3),  (739,3),  (745,3),  (747,3),  (749,3),  (748,5),  (732,5),  (708,5),  (685,5),  (660,5),  (635,0),  (604,0),  (569,0),  (542,4),  (524,4),  (510,4),  (498,4),  (485,2),  (475,4),  (462,4),  (442,4),  (416,4),  (391,4),  (367,4),  (345,2),  (327,2),  (322,2),  (321,2),  (313,2),  (306,2),  (297,2),  (281,4),  (251,4),  (219,0),  (197,5),  (188,3),  (191,0),  (188,0),  (180,5),  (174,5),  (161,5),  (143,5),  (123,5),  (94,5),  (72,3),  (57,3),  (46,3),  (40,3),  (47,3),  (64,3),  (74,3),  (78,3),  (85,3),  (97,3),  (114,7),  (135,7),  (148,7),  (151,3),  (152,7),  (156,5),  (154,5),  (137,3),  (136,0),  (132,2),  (131,6),  (133,3),  (132,5),  (128,5),  (117,0), 


[Timing] Time passed: 70.231307 s

Posterior Probability: -190.3404023
Agreement with demo: 14%
Current angular diffs: 86'

Selected number of demos: 85

-- Positive Demos --
 (718,3),  (720,3),  (713,3),  (710,3),  (711,3),  (705,3),  (706,3),  (707,3),  (704,5),  (702,5),  (700,5),  (700,3),  (703,7),  (717,7),  (730,3),  (739,3),  (745,3),  (747,3),  (749,3),  (748,5),  (732,5),  (708,5),  (685,5),  (660,5),  (635,0),  (604,0),  (569,0),  (542,4),  (524,4),  (510,4),  (498,4),  (485,2),  (475,4),  (462,4),  (442,4),  (416,4),  (391,4),  (367,4),  (345,2),  (327,2),  (322,2),  (321,2),  (313,2),  (306,2),  (297,2),  (281,4),  (251,4),  (219,0),  (197,5),  (188,3),  (191,0),  (188,0),  (180,5),  (174,5),  (161,5),  (143,5),  (123,5),  (94,5),  (72,3),  (57,3),  (46,3),  (40,3),  (47,3),  (64,3),  (74,3),  (78,3),  (85,3),  (97,3),  (114,7),  (135,7),  (148,7),  (151,3),  (152,7),  (156,5),  (154,5),  (137,3),  (136,0),  (132,2),  (131,6),  (133,3),  (132,5),  (128,5),  (117,0), 


[Timing] Time passed: 70.513512 s

Posterior Probability: -376.7361125
Agreement with demo: 9.4%
Current angular diffs: 91'

Selected number of demos: 85

-- Positive Demos --
 (718,3),  (720,3),  (713,3),  (710,3),  (711,3),  (705,3),  (706,3),  (707,3),  (704,5),  (702,5),  (700,5),  (700,3),  (703,7),  (717,7),  (730,3),  (739,3),  (745,3),  (747,3),  (749,3),  (748,5),  (732,5),  (708,5),  (685,5),  (660,5),  (635,0),  (604,0),  (569,0),  (542,4),  (524,4),  (510,4),  (498,4),  (485,2),  (475,4),  (462,4),  (442,4),  (416,4),  (391,4),  (367,4),  (345,2),  (327,2),  (322,2),  (321,2),  (313,2),  (306,2),  (297,2),  (281,4),  (251,4),  (219,0),  (197,5),  (188,3),  (191,0),  (188,0),  (180,5),  (174,5),  (161,5),  (143,5),  (123,5),  (94,5),  (72,3),  (57,3),  (46,3),  (40,3),  (47,3),  (64,3),  (74,3),  (78,3),  (85,3),  (97,3),  (114,7),  (135,7),  (148,7),  (151,3),  (152,7),  (156,5),  (154,5),  (137,3),  (136,0),  (132,2),  (131,6),  (133,3),  (132,5),  (128,5),  (117,0), 


[Timing] Time passed: 70.168927 s

Posterior Probability: -202.1584725
Agreement with demo: 16%
Current angular diffs: 88'

Selected number of demos: 85

-- Positive Demos --
 (718,3),  (720,3),  (713,3),  (710,3),  (711,3),  (705,3),  (706,3),  (707,3),  (704,5),  (702,5),  (700,5),  (700,3),  (703,7),  (717,7),  (730,3),  (739,3),  (745,3),  (747,3),  (749,3),  (748,5),  (732,5),  (708,5),  (685,5),  (660,5),  (635,0),  (604,0),  (569,0),  (542,4),  (524,4),  (510,4),  (498,4),  (485,2),  (475,4),  (462,4),  (442,4),  (416,4),  (391,4),  (367,4),  (345,2),  (327,2),  (322,2),  (321,2),  (313,2),  (306,2),  (297,2),  (281,4),  (251,4),  (219,0),  (197,5),  (188,3),  (191,0),  (188,0),  (180,5),  (174,5),  (161,5),  (143,5),  (123,5),  (94,5),  (72,3),  (57,3),  (46,3),  (40,3),  (47,3),  (64,3),  (74,3),  (78,3),  (85,3),  (97,3),  (114,7),  (135,7),  (148,7),  (151,3),  (152,7),  (156,5),  (154,5),  (137,3),  (136,0),  (132,2),  (131,6),  (133,3),  (132,5),  (128,5),  (117,0), 


[Timing] Time passed: 71.263364 s

Posterior Probability: -384.0326724
Agreement with demo: 9.4%
Current angular diffs: 88'

Selected number of demos: 56

-- Positive Demos --
 (718,3),  (720,3),  (710,3),  (713,3),  (705,3),  (706,3),  (707,3),  (702,5),  (700,3),  (703,7),  (717,7),  (730,3),  (745,3),  (749,3),  (748,5),  (732,5),  (685,5),  (635,0),  (569,0),  (542,4),  (524,4),  (510,4),  (485,2),  (475,4),  (442,4),  (416,4),  (367,4),  (345,2),  (322,2),  (321,2),  (306,2),  (281,4),  (251,4),  (197,5),  (188,3),  (188,0),  (174,5),  (161,5),  (143,5),  (123,5),  (94,5),  (72,3),  (46,3),  (47,3),  (64,3),  (78,3),  (97,3),  (135,7),  (151,3),  (152,7),  (154,5),  (137,3),  (136,0),  (131,6),  (133,3),  (128,5), 


[Timing] Time passed: 69.831291 s

Posterior Probability: -179.0320386
Agreement with demo: 11%
Current angular diffs: 87'

Selected number of demos: 45

-- Positive Demos --
 (720,3),  (713,3),  (711,3),  (705,3),  (707,3),  (704,5),  (702,5),  (700,3),  (717,7),  (730,3),  (739,3),  (745,3),  (749,3),  (748,5),  (732,5),  (660,5),  (604,0),  (542,4),  (510,4),  (498,4),  (462,4),  (391,4),  (367,4),  (322,2),  (313,2),  (306,2),  (251,4),  (197,5),  (191,0),  (174,5),  (161,5),  (143,5),  (72,3),  (40,3),  (64,3),  (74,3),  (97,3),  (148,7),  (156,5),  (154,5),  (137,3),  (132,2),  (132,5),  (117,0), 


[Timing] Time passed: 69.96026 s

Posterior Probability: -121.1101
Agreement with demo: 7.1%
Current angular diffs: 97'

Selected number of demos: 85

-- Positive Demos --
 (718,3),  (720,3),  (713,3),  (710,3),  (711,3),  (705,3),  (706,3),  (707,3),  (704,5),  (702,5),  (700,5),  (700,3),  (703,7),  (717,7),  (730,3),  (739,3),  (745,3),  (747,3),  (749,3),  (748,5),  (732,5),  (708,5),  (685,5),  (660,5),  (635,0),  (604,0),  (569,0),  (542,4),  (524,4),  (510,4),  (498,4),  (485,2),  (475,4),  (462,4),  (442,4),  (416,4),  (391,4),  (367,4),  (345,2),  (327,2),  (322,2),  (321,2),  (313,2),  (306,2),  (297,2),  (281,4),  (251,4),  (219,0),  (197,5),  (188,3),  (191,0),  (188,0),  (180,5),  (174,5),  (161,5),  (143,5),  (123,5),  (94,5),  (72,3),  (57,3),  (46,3),  (40,3),  (47,3),  (64,3),  (74,3),  (78,3),  (85,3),  (97,3),  (114,7),  (135,7),  (148,7),  (151,3),  (152,7),  (156,5),  (154,5),  (137,3),  (136,0),  (132,2),  (131,6),  (133,3),  (132,5),  (128,5),  (117,0), 


[Timing] Time passed: 73.146348 s

Posterior Probability: -483.19218
Agreement with demo: 14%
Current angular diffs: 88'

Selected number of demos: 60

-- Positive Demos --
 (720,3),  (713,3),  (711,3),  (705,3),  (706,3),  (707,3),  (704,5),  (700,5),  (700,3),  (717,7),  (739,3),  (745,3),  (749,3),  (748,5),  (708,5),  (685,5),  (660,5),  (635,0),  (604,0),  (542,4),  (510,4),  (498,4),  (485,2),  (475,4),  (442,4),  (416,4),  (391,4),  (367,4),  (327,2),  (321,2),  (306,2),  (281,4),  (251,4),  (197,5),  (188,3),  (191,0),  (180,5),  (174,5),  (143,5),  (123,5),  (94,5),  (72,3),  (57,3),  (40,3),  (47,3),  (74,3),  (85,3),  (114,7),  (148,7),  (151,3),  (152,7),  (156,5),  (154,5),  (136,0),  (132,2),  (133,3),  (128,5),  (117,0), 


[Timing] Time passed: 70.283294 s

Posterior Probability: -254.1954305
Agreement with demo: 8.2%
Current angular diffs: 95'

Selected number of demos: 50

-- Positive Demos --
 (720,3),  (713,3),  (705,3),  (707,3),  (704,5),  (702,5),  (703,7),  (730,3),  (739,3),  (747,3),  (748,5),  (732,5),  (708,5),  (660,5),  (635,0),  (542,4),  (524,4),  (510,4),  (498,4),  (462,4),  (442,4),  (416,4),  (391,4),  (345,2),  (322,2),  (306,2),  (297,2),  (281,4),  (251,4),  (219,0),  (188,3),  (188,0),  (161,5),  (94,5),  (57,3),  (47,3),  (64,3),  (78,3),  (97,3),  (114,7),  (135,7),  (148,7),  (152,7),  (156,5),  (137,3),  (131,6),  (133,3),  (132,5),  (128,5),  (117,0), 


[Timing] Time passed: 71.916467 s

Posterior Probability: -103.8722798
Agreement with demo: 11%
Current angular diffs: 89'

Selected number of demos: 58

-- Positive Demos --
 (718,3),  (713,3),  (711,3),  (705,3),  (706,3),  (707,3),  (704,5),  (702,5),  (700,3),  (717,7),  (730,3),  (745,3),  (747,3),  (749,3),  (748,5),  (708,5),  (660,5),  (604,0),  (569,0),  (542,4),  (524,4),  (498,4),  (475,4),  (462,4),  (416,4),  (391,4),  (345,2),  (327,2),  (322,2),  (321,2),  (306,2),  (281,4),  (219,0),  (188,3),  (191,0),  (188,0),  (174,5),  (161,5),  (143,5),  (94,5),  (57,3),  (40,3),  (47,3),  (74,3),  (85,3),  (97,3),  (114,7),  (148,7),  (152,7),  (154,5),  (137,3),  (136,0),  (132,2),  (131,6),  (133,3),  (128,5),  (117,0), 


[Timing] Time passed: 71.563479 s

Posterior Probability: -258.0530528
Agreement with demo: 15%
Current angular diffs: 88'

Selected number of demos: 85

-- Positive Demos --
 (718,3),  (720,3),  (713,3),  (710,3),  (711,3),  (705,3),  (706,3),  (707,3),  (704,5),  (702,5),  (700,5),  (700,3),  (703,7),  (717,7),  (730,3),  (739,3),  (745,3),  (747,3),  (749,3),  (748,5),  (732,5),  (708,5),  (685,5),  (660,5),  (635,0),  (604,0),  (569,0),  (542,4),  (524,4),  (510,4),  (498,4),  (485,2),  (475,4),  (462,4),  (442,4),  (416,4),  (391,4),  (367,4),  (345,2),  (327,2),  (322,2),  (321,2),  (313,2),  (306,2),  (297,2),  (281,4),  (251,4),  (219,0),  (197,5),  (188,3),  (191,0),  (188,0),  (180,5),  (174,5),  (161,5),  (143,5),  (123,5),  (94,5),  (72,3),  (57,3),  (46,3),  (40,3),  (47,3),  (64,3),  (74,3),  (78,3),  (85,3),  (97,3),  (114,7),  (135,7),  (148,7),  (151,3),  (152,7),  (156,5),  (154,5),  (137,3),  (136,0),  (132,2),  (131,6),  (133,3),  (132,5),  (128,5),  (117,0), 


[Timing] Time passed: 72.57457 s

Posterior Probability: -340.5127378
Agreement with demo: 15%
Current angular diffs: 78'

Selected number of demos: 41

-- Positive Demos --
 (713,3),  (711,3),  (706,3),  (704,5),  (702,5),  (700,3),  (717,7),  (730,3),  (739,3),  (749,3),  (748,5),  (732,5),  (660,5),  (569,0),  (510,4),  (498,4),  (462,4),  (442,4),  (416,4),  (367,4),  (327,2),  (321,2),  (306,2),  (297,2),  (219,0),  (188,3),  (191,0),  (174,5),  (123,5),  (94,5),  (46,3),  (64,3),  (78,3),  (85,3),  (114,7),  (148,7),  (156,5),  (137,3),  (131,6),  (128,5), 


[Timing] Time passed: 71.123083 s

Posterior Probability: -160.7294991
Agreement with demo: 12%
Current angular diffs: 85'

Selected number of demos: 85

-- Positive Demos --
 (718,3),  (720,3),  (713,3),  (710,3),  (711,3),  (705,3),  (706,3),  (707,3),  (704,5),  (702,5),  (700,5),  (700,3),  (703,7),  (717,7),  (730,3),  (739,3),  (745,3),  (747,3),  (749,3),  (748,5),  (732,5),  (708,5),  (685,5),  (660,5),  (635,0),  (604,0),  (569,0),  (542,4),  (524,4),  (510,4),  (498,4),  (485,2),  (475,4),  (462,4),  (442,4),  (416,4),  (391,4),  (367,4),  (345,2),  (327,2),  (322,2),  (321,2),  (313,2),  (306,2),  (297,2),  (281,4),  (251,4),  (219,0),  (197,5),  (188,3),  (191,0),  (188,0),  (180,5),  (174,5),  (161,5),  (143,5),  (123,5),  (94,5),  (72,3),  (57,3),  (46,3),  (40,3),  (47,3),  (64,3),  (74,3),  (78,3),  (85,3),  (97,3),  (114,7),  (135,7),  (148,7),  (151,3),  (152,7),  (156,5),  (154,5),  (137,3),  (136,0),  (132,2),  (131,6),  (133,3),  (132,5),  (128,5),  (117,0), 


[Timing] Time passed: 71.258973 s

Posterior Probability: -206.47509
Agreement with demo: 9.4%
Current angular diffs: 93'

Selected number of demos: 85

-- Positive Demos --
 (718,3),  (720,3),  (713,3),  (710,3),  (711,3),  (705,3),  (706,3),  (707,3),  (704,5),  (702,5),  (700,5),  (700,3),  (703,7),  (717,7),  (730,3),  (739,3),  (745,3),  (747,3),  (749,3),  (748,5),  (732,5),  (708,5),  (685,5),  (660,5),  (635,0),  (604,0),  (569,0),  (542,4),  (524,4),  (510,4),  (498,4),  (485,2),  (475,4),  (462,4),  (442,4),  (416,4),  (391,4),  (367,4),  (345,2),  (327,2),  (322,2),  (321,2),  (313,2),  (306,2),  (297,2),  (281,4),  (251,4),  (219,0),  (197,5),  (188,3),  (191,0),  (188,0),  (180,5),  (174,5),  (161,5),  (143,5),  (123,5),  (94,5),  (72,3),  (57,3),  (46,3),  (40,3),  (47,3),  (64,3),  (74,3),  (78,3),  (85,3),  (97,3),  (114,7),  (135,7),  (148,7),  (151,3),  (152,7),  (156,5),  (154,5),  (137,3),  (136,0),  (132,2),  (131,6),  (133,3),  (132,5),  (128,5),  (117,0), 


[Timing] Time passed: 71.861093 s

Posterior Probability: -201.8550948
Agreement with demo: 7.1%
Current angular diffs: 93'

Selected number of demos: 47

-- Positive Demos --
 (718,3),  (713,3),  (710,3),  (705,3),  (704,5),  (700,3),  (730,3),  (745,3),  (747,3),  (749,3),  (732,5),  (685,5),  (635,0),  (569,0),  (510,4),  (498,4),  (485,2),  (442,4),  (416,4),  (345,2),  (322,2),  (313,2),  (297,2),  (251,4),  (219,0),  (197,5),  (188,3),  (191,0),  (188,0),  (180,5),  (143,5),  (123,5),  (72,3),  (57,3),  (46,3),  (47,3),  (64,3),  (78,3),  (114,7),  (151,3),  (156,5),  (136,0),  (132,2),  (133,3),  (132,5),  (128,5), 


[Timing] Time passed: 73.441903 s

Posterior Probability: -132.2546164
Agreement with demo: 11%
Current angular diffs: 82'

Selected number of demos: 44

-- Positive Demos --
 (713,3),  (706,3),  (704,5),  (702,5),  (700,5),  (700,3),  (717,7),  (745,3),  (747,3),  (748,5),  (708,5),  (685,5),  (635,0),  (542,4),  (510,4),  (498,4),  (475,4),  (462,4),  (416,4),  (367,4),  (345,2),  (327,2),  (313,2),  (281,4),  (219,0),  (197,5),  (188,3),  (180,5),  (174,5),  (161,5),  (94,5),  (57,3),  (46,3),  (47,3),  (74,3),  (85,3),  (135,7),  (152,7),  (143,5),  (132,2),  (133,3),  (132,5),  (117,0), 


[Timing] Time passed: 71.098588 s

Posterior Probability: -169.0447827
Agreement with demo: 4.7%
Current angular diffs: 1e+02'

Selected number of demos: 59

-- Positive Demos --
 (718,3),  (720,3),  (710,3),  (711,3),  (706,3),  (707,3),  (702,5),  (700,5),  (700,3),  (703,7),  (717,7),  (739,3),  (745,3),  (749,3),  (748,5),  (708,5),  (660,5),  (604,0),  (542,4),  (524,4),  (510,4),  (498,4),  (475,4),  (462,4),  (416,4),  (391,4),  (367,4),  (345,2),  (322,2),  (321,2),  (306,2),  (281,4),  (251,4),  (219,0),  (197,5),  (191,0),  (188,0),  (180,5),  (174,5),  (161,5),  (143,5),  (123,5),  (94,5),  (72,3),  (46,3),  (40,3),  (64,3),  (78,3),  (85,3),  (114,7),  (148,7),  (151,3),  (156,5),  (154,5),  (137,3),  (132,2),  (131,6),  (132,5),  (117,0), 


[Timing] Time passed: 72.808462 s

Posterior Probability: -270.1469879
Agreement with demo: 11%
Current angular diffs: 87'

Selected number of demos: 85

-- Positive Demos --
 (718,3),  (720,3),  (713,3),  (710,3),  (711,3),  (705,3),  (706,3),  (707,3),  (704,5),  (702,5),  (700,5),  (700,3),  (703,7),  (717,7),  (730,3),  (739,3),  (745,3),  (747,3),  (749,3),  (748,5),  (732,5),  (708,5),  (685,5),  (660,5),  (635,0),  (604,0),  (569,0),  (542,4),  (524,4),  (510,4),  (498,4),  (485,2),  (475,4),  (462,4),  (442,4),  (416,4),  (391,4),  (367,4),  (345,2),  (327,2),  (322,2),  (321,2),  (313,2),  (306,2),  (297,2),  (281,4),  (251,4),  (219,0),  (197,5),  (188,3),  (191,0),  (188,0),  (180,5),  (174,5),  (161,5),  (143,5),  (123,5),  (94,5),  (72,3),  (57,3),  (46,3),  (40,3),  (47,3),  (64,3),  (74,3),  (78,3),  (85,3),  (97,3),  (114,7),  (135,7),  (148,7),  (151,3),  (152,7),  (156,5),  (154,5),  (137,3),  (136,0),  (132,2),  (131,6),  (133,3),  (132,5),  (128,5),  (117,0), 


[Timing] Time passed: 71.186961 s

Posterior Probability: -247.0771944
Agreement with demo: 11%
Current angular diffs: 91'

Selected number of demos: 60

-- Positive Demos --
 (718,3),  (720,3),  (713,3),  (710,3),  (711,3),  (705,3),  (706,3),  (707,3),  (702,5),  (700,3),  (703,7),  (717,7),  (730,3),  (739,3),  (745,3),  (747,3),  (749,3),  (748,5),  (708,5),  (685,5),  (635,0),  (604,0),  (542,4),  (510,4),  (498,4),  (475,4),  (442,4),  (416,4),  (391,4),  (345,2),  (327,2),  (321,2),  (313,2),  (306,2),  (281,4),  (219,0),  (188,3),  (191,0),  (180,5),  (174,5),  (143,5),  (94,5),  (72,3),  (46,3),  (40,3),  (47,3),  (64,3),  (74,3),  (78,3),  (97,3),  (114,7),  (148,7),  (152,7),  (154,5),  (137,3),  (132,2),  (133,3),  (132,5),  (117,0), 


[Timing] Time passed: 73.88492 s

Posterior Probability: -182.1986643
Agreement with demo: 13%
Current angular diffs: 86'

Selected number of demos: 44

-- Positive Demos --
 (720,3),  (713,3),  (710,3),  (711,3),  (707,3),  (704,5),  (700,3),  (730,3),  (745,3),  (748,5),  (685,5),  (635,0),  (604,0),  (542,4),  (510,4),  (475,4),  (416,4),  (391,4),  (367,4),  (327,2),  (321,2),  (306,2),  (297,2),  (251,4),  (197,5),  (191,0),  (188,0),  (161,5),  (143,5),  (94,5),  (46,3),  (47,3),  (78,3),  (85,3),  (114,7),  (151,3),  (152,7),  (156,5),  (154,5),  (137,3),  (132,2),  (131,6),  (132,5),  (117,0), 


[Timing] Time passed: 70.489541 s

Posterior Probability: -102.2753808
Agreement with demo: 15%
Current angular diffs: 86'

Selected number of demos: 85

-- Positive Demos --
 (718,3),  (720,3),  (713,3),  (710,3),  (711,3),  (705,3),  (706,3),  (707,3),  (704,5),  (702,5),  (700,5),  (700,3),  (703,7),  (717,7),  (730,3),  (739,3),  (745,3),  (747,3),  (749,3),  (748,5),  (732,5),  (708,5),  (685,5),  (660,5),  (635,0),  (604,0),  (569,0),  (542,4),  (524,4),  (510,4),  (498,4),  (485,2),  (475,4),  (462,4),  (442,4),  (416,4),  (391,4),  (367,4),  (345,2),  (327,2),  (322,2),  (321,2),  (313,2),  (306,2),  (297,2),  (281,4),  (251,4),  (219,0),  (197,5),  (188,3),  (191,0),  (188,0),  (180,5),  (174,5),  (161,5),  (143,5),  (123,5),  (94,5),  (72,3),  (57,3),  (46,3),  (40,3),  (47,3),  (64,3),  (74,3),  (78,3),  (85,3),  (97,3),  (114,7),  (135,7),  (148,7),  (151,3),  (152,7),  (156,5),  (154,5),  (137,3),  (136,0),  (132,2),  (131,6),  (133,3),  (132,5),  (128,5),  (117,0), 


[Timing] Time passed: 70.555036 s

Posterior Probability: -260.8913037
Agreement with demo: 15%
Current angular diffs: 88'

Selected number of demos: 85

-- Positive Demos --
 (718,3),  (720,3),  (713,3),  (710,3),  (711,3),  (705,3),  (706,3),  (707,3),  (704,5),  (702,5),  (700,5),  (700,3),  (703,7),  (717,7),  (730,3),  (739,3),  (745,3),  (747,3),  (749,3),  (748,5),  (732,5),  (708,5),  (685,5),  (660,5),  (635,0),  (604,0),  (569,0),  (542,4),  (524,4),  (510,4),  (498,4),  (485,2),  (475,4),  (462,4),  (442,4),  (416,4),  (391,4),  (367,4),  (345,2),  (327,2),  (322,2),  (321,2),  (313,2),  (306,2),  (297,2),  (281,4),  (251,4),  (219,0),  (197,5),  (188,3),  (191,0),  (188,0),  (180,5),  (174,5),  (161,5),  (143,5),  (123,5),  (94,5),  (72,3),  (57,3),  (46,3),  (40,3),  (47,3),  (64,3),  (74,3),  (78,3),  (85,3),  (97,3),  (114,7),  (135,7),  (148,7),  (151,3),  (152,7),  (156,5),  (154,5),  (137,3),  (136,0),  (132,2),  (131,6),  (133,3),  (132,5),  (128,5),  (117,0), 


[Timing] Time passed: 71.762622 s

Posterior Probability: -283.7958258
Agreement with demo: 14%
Current angular diffs: 90'

Selected number of demos: 35

-- Positive Demos --
 (713,3),  (706,3),  (702,5),  (703,7),  (739,3),  (747,3),  (732,5),  (708,5),  (635,0),  (542,4),  (498,4),  (485,2),  (442,4),  (416,4),  (367,4),  (327,2),  (321,2),  (313,2),  (281,4),  (251,4),  (188,3),  (180,5),  (161,5),  (123,5),  (57,3),  (40,3),  (64,3),  (85,3),  (135,7),  (152,7),  (154,5),  (136,0),  (131,6),  (132,5), 


[Timing] Time passed: 70.83481 s

Posterior Probability: -148.5856119
Agreement with demo: 11%
Current angular diffs: 99'

Selected number of demos: 55

-- Positive Demos --
 (718,3),  (720,3),  (713,3),  (711,3),  (706,3),  (707,3),  (702,5),  (700,3),  (703,7),  (730,3),  (745,3),  (749,3),  (732,5),  (708,5),  (660,5),  (635,0),  (569,0),  (524,4),  (510,4),  (498,4),  (475,4),  (462,4),  (416,4),  (391,4),  (367,4),  (345,2),  (327,2),  (321,2),  (313,2),  (306,2),  (297,2),  (251,4),  (219,0),  (188,3),  (188,0),  (174,5),  (143,5),  (94,5),  (72,3),  (57,3),  (46,3),  (47,3),  (74,3),  (85,3),  (114,7),  (135,7),  (151,3),  (152,7),  (154,5),  (137,3),  (132,2),  (133,3),  (132,5),  (128,5), 


[Timing] Time passed: 70.669637 s

Posterior Probability: -408.8156574
Agreement with demo: 20%
Current angular diffs: 87'

Selected number of demos: 85

-- Positive Demos --
 (718,3),  (720,3),  (713,3),  (710,3),  (711,3),  (705,3),  (706,3),  (707,3),  (704,5),  (702,5),  (700,5),  (700,3),  (703,7),  (717,7),  (730,3),  (739,3),  (745,3),  (747,3),  (749,3),  (748,5),  (732,5),  (708,5),  (685,5),  (660,5),  (635,0),  (604,0),  (569,0),  (542,4),  (524,4),  (510,4),  (498,4),  (485,2),  (475,4),  (462,4),  (442,4),  (416,4),  (391,4),  (367,4),  (345,2),  (327,2),  (322,2),  (321,2),  (313,2),  (306,2),  (297,2),  (281,4),  (251,4),  (219,0),  (197,5),  (188,3),  (191,0),  (188,0),  (180,5),  (174,5),  (161,5),  (143,5),  (123,5),  (94,5),  (72,3),  (57,3),  (46,3),  (40,3),  (47,3),  (64,3),  (74,3),  (78,3),  (85,3),  (97,3),  (114,7),  (135,7),  (148,7),  (151,3),  (152,7),  (156,5),  (154,5),  (137,3),  (136,0),  (132,2),  (131,6),  (133,3),  (132,5),  (128,5),  (117,0), 


[Timing] Time passed: 69.402865 s

Posterior Probability: -262.7478681
Agreement with demo: 5.9%
Current angular diffs: 95'

Selected number of demos: 85

-- Positive Demos --
 (718,3),  (720,3),  (713,3),  (710,3),  (711,3),  (705,3),  (706,3),  (707,3),  (704,5),  (702,5),  (700,5),  (700,3),  (703,7),  (717,7),  (730,3),  (739,3),  (745,3),  (747,3),  (749,3),  (748,5),  (732,5),  (708,5),  (685,5),  (660,5),  (635,0),  (604,0),  (569,0),  (542,4),  (524,4),  (510,4),  (498,4),  (485,2),  (475,4),  (462,4),  (442,4),  (416,4),  (391,4),  (367,4),  (345,2),  (327,2),  (322,2),  (321,2),  (313,2),  (306,2),  (297,2),  (281,4),  (251,4),  (219,0),  (197,5),  (188,3),  (191,0),  (188,0),  (180,5),  (174,5),  (161,5),  (143,5),  (123,5),  (94,5),  (72,3),  (57,3),  (46,3),  (40,3),  (47,3),  (64,3),  (74,3),  (78,3),  (85,3),  (97,3),  (114,7),  (135,7),  (148,7),  (151,3),  (152,7),  (156,5),  (154,5),  (137,3),  (136,0),  (132,2),  (131,6),  (133,3),  (132,5),  (128,5),  (117,0), 


[Timing] Time passed: 70.641892 s

Posterior Probability: -276.9412275
Agreement with demo: 5.9%
Current angular diffs: 96'

Selected number of demos: 43

-- Positive Demos --
 (720,3),  (713,3),  (705,3),  (704,5),  (700,3),  (730,3),  (739,3),  (747,3),  (732,5),  (685,5),  (635,0),  (569,0),  (510,4),  (498,4),  (485,2),  (442,4),  (391,4),  (367,4),  (345,2),  (327,2),  (313,2),  (306,2),  (281,4),  (197,5),  (191,0),  (188,0),  (174,5),  (123,5),  (94,5),  (57,3),  (40,3),  (64,3),  (85,3),  (97,3),  (114,7),  (151,3),  (152,7),  (143,5),  (132,2),  (131,6),  (133,3),  (132,5), 


[Timing] Time passed: 72.414384 s

Posterior Probability: -277.2517082
Agreement with demo: 14%
Current angular diffs: 86'

Selected number of demos: 85

-- Positive Demos --
 (718,3),  (720,3),  (713,3),  (710,3),  (711,3),  (705,3),  (706,3),  (707,3),  (704,5),  (702,5),  (700,5),  (700,3),  (703,7),  (717,7),  (730,3),  (739,3),  (745,3),  (747,3),  (749,3),  (748,5),  (732,5),  (708,5),  (685,5),  (660,5),  (635,0),  (604,0),  (569,0),  (542,4),  (524,4),  (510,4),  (498,4),  (485,2),  (475,4),  (462,4),  (442,4),  (416,4),  (391,4),  (367,4),  (345,2),  (327,2),  (322,2),  (321,2),  (313,2),  (306,2),  (297,2),  (281,4),  (251,4),  (219,0),  (197,5),  (188,3),  (191,0),  (188,0),  (180,5),  (174,5),  (161,5),  (143,5),  (123,5),  (94,5),  (72,3),  (57,3),  (46,3),  (40,3),  (47,3),  (64,3),  (74,3),  (78,3),  (85,3),  (97,3),  (114,7),  (135,7),  (148,7),  (151,3),  (152,7),  (156,5),  (154,5),  (137,3),  (136,0),  (132,2),  (131,6),  (133,3),  (132,5),  (128,5),  (117,0), 


[Timing] Time passed: 69.861573 s

Posterior Probability: -191.5996424
Agreement with demo: 16%
Current angular diffs: 85'

Selected number of demos: 58

-- Positive Demos --
 (720,3),  (710,3),  (711,3),  (705,3),  (706,3),  (704,5),  (702,5),  (700,5),  (703,7),  (730,3),  (739,3),  (747,3),  (749,3),  (748,5),  (732,5),  (685,5),  (660,5),  (604,0),  (542,4),  (510,4),  (498,4),  (485,2),  (475,4),  (462,4),  (416,4),  (391,4),  (367,4),  (327,2),  (321,2),  (313,2),  (306,2),  (297,2),  (251,4),  (197,5),  (188,3),  (188,0),  (174,5),  (161,5),  (123,5),  (94,5),  (57,3),  (46,3),  (47,3),  (74,3),  (78,3),  (97,3),  (135,7),  (148,7),  (151,3),  (152,7),  (156,5),  (154,5),  (143,5),  (137,3),  (132,2),  (131,6),  (133,3),  (128,5), 


[Timing] Time passed: 71.616789 s

Posterior Probability: -357.9163126
Agreement with demo: 18%
Current angular diffs: 85'

Selected number of demos: 39

-- Positive Demos --
 (718,3),  (713,3),  (706,3),  (704,5),  (702,5),  (700,3),  (730,3),  (739,3),  (749,3),  (732,5),  (685,5),  (660,5),  (569,0),  (510,4),  (475,4),  (442,4),  (367,4),  (322,2),  (321,2),  (306,2),  (281,4),  (251,4),  (188,3),  (191,0),  (180,5),  (161,5),  (143,5),  (72,3),  (57,3),  (40,3),  (74,3),  (97,3),  (148,7),  (156,5),  (137,3),  (136,0),  (131,6),  (132,5), 


[Timing] Time passed: 70.442518 s

Posterior Probability: -195.8716235
Agreement with demo: 13%
Current angular diffs: 89'

Selected number of demos: 55

-- Positive Demos --
 (720,3),  (710,3),  (711,3),  (706,3),  (704,5),  (702,5),  (700,3),  (717,7),  (730,3),  (739,3),  (745,3),  (749,3),  (732,5),  (708,5),  (660,5),  (604,0),  (569,0),  (524,4),  (510,4),  (498,4),  (485,2),  (462,4),  (442,4),  (391,4),  (367,4),  (345,2),  (322,2),  (313,2),  (306,2),  (297,2),  (281,4),  (219,0),  (188,3),  (188,0),  (174,5),  (161,5),  (123,5),  (94,5),  (57,3),  (40,3),  (47,3),  (74,3),  (78,3),  (97,3),  (114,7),  (148,7),  (151,3),  (152,7),  (154,5),  (137,3),  (136,0),  (131,6),  (133,3),  (132,5),  (117,0), 


[Timing] Time passed: 70.801838 s

Posterior Probability: -167.3184599
Agreement with demo: 15%
Current angular diffs: 86'

Selected number of demos: 53

-- Positive Demos --
 (718,3),  (713,3),  (710,3),  (711,3),  (706,3),  (704,5),  (700,5),  (703,7),  (730,3),  (745,3),  (747,3),  (748,5),  (708,5),  (685,5),  (635,0),  (604,0),  (569,0),  (524,4),  (498,4),  (475,4),  (462,4),  (416,4),  (367,4),  (327,2),  (322,2),  (313,2),  (306,2),  (297,2),  (251,4),  (197,5),  (188,3),  (188,0),  (180,5),  (161,5),  (123,5),  (72,3),  (57,3),  (46,3),  (47,3),  (74,3),  (85,3),  (114,7),  (135,7),  (148,7),  (151,3),  (156,5),  (154,5),  (143,5),  (136,0),  (131,6),  (133,3),  (128,5),  (117,0), 


[Timing] Time passed: 70.255383 s

Posterior Probability: -227.2377687
Agreement with demo: 18%
Current angular diffs: 87'

Selected number of demos: 85

-- Positive Demos --
 (718,3),  (720,3),  (713,3),  (710,3),  (711,3),  (705,3),  (706,3),  (707,3),  (704,5),  (702,5),  (700,5),  (700,3),  (703,7),  (717,7),  (730,3),  (739,3),  (745,3),  (747,3),  (749,3),  (748,5),  (732,5),  (708,5),  (685,5),  (660,5),  (635,0),  (604,0),  (569,0),  (542,4),  (524,4),  (510,4),  (498,4),  (485,2),  (475,4),  (462,4),  (442,4),  (416,4),  (391,4),  (367,4),  (345,2),  (327,2),  (322,2),  (321,2),  (313,2),  (306,2),  (297,2),  (281,4),  (251,4),  (219,0),  (197,5),  (188,3),  (191,0),  (188,0),  (180,5),  (174,5),  (161,5),  (143,5),  (123,5),  (94,5),  (72,3),  (57,3),  (46,3),  (40,3),  (47,3),  (64,3),  (74,3),  (78,3),  (85,3),  (97,3),  (114,7),  (135,7),  (148,7),  (151,3),  (152,7),  (156,5),  (154,5),  (137,3),  (136,0),  (132,2),  (131,6),  (133,3),  (132,5),  (128,5),  (117,0), 


[Timing] Time passed: 70.510229 s

Posterior Probability: -315.3715331
Agreement with demo: 12%
Current angular diffs: 93'

Selected number of demos: 58

-- Positive Demos --
 (718,3),  (720,3),  (713,3),  (710,3),  (705,3),  (707,3),  (704,5),  (702,5),  (700,5),  (700,3),  (703,7),  (730,3),  (739,3),  (745,3),  (747,3),  (748,5),  (732,5),  (685,5),  (660,5),  (604,0),  (542,4),  (524,4),  (510,4),  (498,4),  (475,4),  (462,4),  (442,4),  (416,4),  (391,4),  (345,2),  (327,2),  (322,2),  (313,2),  (297,2),  (251,4),  (219,0),  (197,5),  (191,0),  (188,0),  (174,5),  (143,5),  (94,5),  (72,3),  (46,3),  (47,3),  (74,3),  (85,3),  (114,7),  (135,7),  (151,3),  (152,7),  (154,5),  (136,0),  (131,6),  (132,5),  (117,0), 


[Timing] Time passed: 73.076977 s

Posterior Probability: -138.4900654
Agreement with demo: 13%
Current angular diffs: 86'

Selected number of demos: 38

-- Positive Demos --
 (720,3),  (713,3),  (705,3),  (706,3),  (704,5),  (702,5),  (703,7),  (717,7),  (745,3),  (748,5),  (708,5),  (635,0),  (569,0),  (524,4),  (498,4),  (462,4),  (416,4),  (345,2),  (321,2),  (297,2),  (251,4),  (219,0),  (191,0),  (188,0),  (174,5),  (143,5),  (72,3),  (40,3),  (74,3),  (85,3),  (114,7),  (148,7),  (152,7),  (156,5),  (132,2),  (133,3),  (128,5), 


[Timing] Time passed: 70.565766 s

Posterior Probability: -123.917025
Agreement with demo: 9.4%
Current angular diffs: 88'

Selected number of demos: 44

-- Positive Demos --
 (718,3),  (713,3),  (705,3),  (707,3),  (704,5),  (700,3),  (730,3),  (747,3),  (748,5),  (685,5),  (635,0),  (604,0),  (569,0),  (510,4),  (498,4),  (485,2),  (475,4),  (462,4),  (391,4),  (367,4),  (345,2),  (327,2),  (313,2),  (306,2),  (251,4),  (188,3),  (180,5),  (161,5),  (94,5),  (46,3),  (64,3),  (74,3),  (78,3),  (97,3),  (148,7),  (152,7),  (156,5),  (143,5),  (136,0),  (133,3),  (132,5),  (128,5),  (117,0), 


[Timing] Time passed: 71.798273 s

Posterior Probability: -136.7599717
Agreement with demo: 12%
Current angular diffs: 85'

Selected number of demos: 61

-- Positive Demos --
 (718,3),  (720,3),  (710,3),  (713,3),  (711,3),  (705,3),  (707,3),  (704,5),  (700,5),  (703,7),  (717,7),  (739,3),  (747,3),  (748,5),  (732,5),  (685,5),  (635,0),  (604,0),  (569,0),  (542,4),  (510,4),  (498,4),  (485,2),  (462,4),  (442,4),  (391,4),  (367,4),  (345,2),  (322,2),  (313,2),  (297,2),  (281,4),  (251,4),  (219,0),  (197,5),  (188,3),  (191,0),  (188,0),  (180,5),  (161,5),  (123,5),  (94,5),  (72,3),  (57,3),  (46,3),  (47,3),  (64,3),  (78,3),  (97,3),  (114,7),  (148,7),  (151,3),  (152,7),  (154,5),  (137,3),  (136,0),  (132,2),  (131,6),  (133,3),  (132,5),  (117,0), 


[Timing] Time passed: 70.866029 s

Posterior Probability: -235.6985115
Agreement with demo: 11%
Current angular diffs: 92'

Selected number of demos: 85

-- Positive Demos --
 (718,3),  (720,3),  (713,3),  (710,3),  (711,3),  (705,3),  (706,3),  (707,3),  (704,5),  (702,5),  (700,5),  (700,3),  (703,7),  (717,7),  (730,3),  (739,3),  (745,3),  (747,3),  (749,3),  (748,5),  (732,5),  (708,5),  (685,5),  (660,5),  (635,0),  (604,0),  (569,0),  (542,4),  (524,4),  (510,4),  (498,4),  (485,2),  (475,4),  (462,4),  (442,4),  (416,4),  (391,4),  (367,4),  (345,2),  (327,2),  (322,2),  (321,2),  (313,2),  (306,2),  (297,2),  (281,4),  (251,4),  (219,0),  (197,5),  (188,3),  (191,0),  (188,0),  (180,5),  (174,5),  (161,5),  (143,5),  (123,5),  (94,5),  (72,3),  (57,3),  (46,3),  (40,3),  (47,3),  (64,3),  (74,3),  (78,3),  (85,3),  (97,3),  (114,7),  (135,7),  (148,7),  (151,3),  (152,7),  (156,5),  (154,5),  (137,3),  (136,0),  (132,2),  (131,6),  (133,3),  (132,5),  (128,5),  (117,0), 


[Timing] Time passed: 71.725684 s

Posterior Probability: -264.5647665
Agreement with demo: 14%
Current angular diffs: 87'

Selected number of demos: 43

-- Positive Demos --
 (720,3),  (710,3),  (705,3),  (707,3),  (702,5),  (700,5),  (717,7),  (739,3),  (749,3),  (732,5),  (685,5),  (660,5),  (635,0),  (542,4),  (524,4),  (485,2),  (462,4),  (442,4),  (367,4),  (345,2),  (322,2),  (313,2),  (281,4),  (197,5),  (191,0),  (180,5),  (161,5),  (94,5),  (72,3),  (57,3),  (46,3),  (47,3),  (78,3),  (114,7),  (135,7),  (152,7),  (154,5),  (143,5),  (137,3),  (136,0),  (133,3),  (132,5),  (117,0), 


[Timing] Time passed: 70.226174 s

Posterior Probability: -359.7716043
Agreement with demo: 18%
Current angular diffs: 85'

Selected number of demos: 56

-- Positive Demos --
 (720,3),  (710,3),  (711,3),  (706,3),  (704,5),  (700,5),  (703,7),  (717,7),  (739,3),  (745,3),  (749,3),  (732,5),  (708,5),  (685,5),  (660,5),  (635,0),  (569,0),  (524,4),  (498,4),  (475,4),  (442,4),  (416,4),  (391,4),  (367,4),  (345,2),  (322,2),  (321,2),  (306,2),  (297,2),  (251,4),  (197,5),  (188,3),  (191,0),  (188,0),  (174,5),  (143,5),  (123,5),  (72,3),  (46,3),  (47,3),  (74,3),  (78,3),  (97,3),  (114,7),  (135,7),  (151,3),  (152,7),  (156,5),  (154,5),  (137,3),  (132,2),  (131,6),  (133,3),  (132,5),  (128,5),  (117,0), 


[Timing] Time passed: 71.416113 s

Posterior Probability: -207.1758488
Agreement with demo: 12%
Current angular diffs: 89'

Selected number of demos: 54

-- Positive Demos --
 (718,3),  (713,3),  (711,3),  (706,3),  (704,5),  (700,5),  (700,3),  (703,7),  (717,7),  (730,3),  (745,3),  (749,3),  (748,5),  (708,5),  (685,5),  (635,0),  (569,0),  (542,4),  (510,4),  (485,2),  (475,4),  (442,4),  (391,4),  (345,2),  (322,2),  (321,2),  (313,2),  (297,2),  (251,4),  (197,5),  (191,0),  (188,0),  (174,5),  (143,5),  (94,5),  (72,3),  (46,3),  (40,3),  (47,3),  (74,3),  (78,3),  (85,3),  (97,3),  (114,7),  (148,7),  (151,3),  (156,5),  (154,5),  (137,3),  (136,0),  (132,2),  (133,3),  (128,5), 


[Timing] Time passed: 68.977668 s

Posterior Probability: -146.9948718
Agreement with demo: 11%
Current angular diffs: 93'

Selected number of demos: 44

-- Positive Demos --
 (718,3),  (720,3),  (713,3),  (711,3),  (705,3),  (707,3),  (700,5),  (700,3),  (730,3),  (739,3),  (747,3),  (749,3),  (732,5),  (708,5),  (660,5),  (604,0),  (524,4),  (485,2),  (462,4),  (416,4),  (345,2),  (322,2),  (306,2),  (297,2),  (219,0),  (191,0),  (174,5),  (161,5),  (143,5),  (72,3),  (46,3),  (40,3),  (47,3),  (74,3),  (85,3),  (97,3),  (114,7),  (148,7),  (152,7),  (154,5),  (136,0),  (133,3),  (128,5),  (117,0), 


[Timing] Time passed: 70.718288 s

Posterior Probability: -261.7382459
Agreement with demo: 13%
Current angular diffs: 91'

-----------------------------
Avg angular diffs: 78'
-- learned weights --
Feature Weights: 0.675, 0.658, 0.0195, -0.1, 
