processing file :../birl_data/38_6_1_objects.txt

Initializing gridworld of size 32 by 24..
    Num states: 768
    Num actions: 8

Total number of demos: 63

Selected number of demos: 63

-- Positive Demos --
 (687,3),  (686,3), 


 - [Timing] Time passed: 381.339378 s
- Current feature weights:0.0004444444444, 0, 3.174603175e-05, -0.0001
 - Posterior Probability: -3.70894
 - Agreement with demo: 50%
 - Current angular diffs: 45'

-- Positive Demos --
 (691,3), 


 - [Timing] Time passed: 389.329698 s
- Current feature weights:0.0005952380952, 0.0001031746032, 0.0001984126984, -0.0001
 - Posterior Probability: -1.94023
 - Agreement with demo: 0%
 - Current angular diffs: 135'

-- Positive Demos --
 (690,3),  (687,3),  (677,3), 


 - [Timing] Time passed: 424.75902 s
- Current feature weights:0.001833333333, 0.0001031746032, 0.001341269841, -0.0001
 - Posterior Probability: -5.29514
 - Agreement with demo: 50%
 - Current angular diffs: 45'

-- Positive Demos --
 (665,3),  (653,5), 


 - [Timing] Time passed: 359.466734 s
- Current feature weights:0.002277777778, -3.968253968e-05, 0.001388888889, -0.0001
 - Posterior Probability: -3.69814
 - Agreement with demo: 50%
 - Current angular diffs: 67.5'

-- Positive Demos --
 (636,5),  (616,5),  (595,0), 


 - [Timing] Time passed: 404.378607 s
- Current feature weights:0.002432539683, -0.000753968254, 0.0007341269841, -0.0001
 - Posterior Probability: -6.05656
 - Agreement with demo: 0%
 - Current angular diffs: 60'

-- Positive Demos --
 (574,0),  (543,4),  (510,4),  (479,4),  (458,2), 


 - [Timing] Time passed: 365.142456 s
- Current feature weights:0.003841269841, -0.001686507937, -0.0002976190476, -0.0001
 - Posterior Probability: -8.20704
 - Agreement with demo: 20%
 - Current angular diffs: 45'

-- Positive Demos --
 (443,2), 


 - [Timing] Time passed: 297.695777 s
- Current feature weights:0.003722222222, -0.00176984127, -0.0001111111111, -0.0001
 - Posterior Probability: -1.95895
 - Agreement with demo: 0%
 - Current angular diffs: 90'

-- Positive Demos --
 (428,2),  (418,2),  (413,2),  (407,2),  (398,2),  (395,2),  (392,2),  (381,2),  (367,2),  (355,2),  (345,2),  (332,2),  (317,2),  (306,2),  (296,4),  (277,4), 


 - [Timing] Time passed: 279.152947 s
- Current feature weights:0.00403968254, -0.0045, -0.005825396825, -0.0001
 - Posterior Probability: -31.8003
 - Agreement with demo: 0%
 - Current angular diffs: 104.062'

-- Positive Demos --
 (253,4),  (225,0),  (199,5),  (183,5),  (165,5), 


 - [Timing] Time passed: 263.907332 s
- Current feature weights:0.003702380952, -0.007337301587, -0.00769047619, -0.0001
 - Posterior Probability: -9.99052
 - Agreement with demo: 20%
 - Current angular diffs: 108'

-- Positive Demos --
 (145,3),  (136,3),  (133,3),  (126,3),  (120,3), 


 - [Timing] Time passed: 260.869325 s
- Current feature weights:0.001718253968, -0.01148412698, -0.007511904762, -0.0001
 - Posterior Probability: -10.0839
 - Agreement with demo: 20%
 - Current angular diffs: 108'

-- Positive Demos --
 (119,3),  (116,3), 


 - [Timing] Time passed: 311.22085 s
- Current feature weights:0.001876984127, -0.01353968254, -0.007424603175, -0.0001
 - Posterior Probability: -3.9542
 - Agreement with demo: 50%
 - Current angular diffs: 90'

-- Positive Demos --
 (112,3),  (116,3),  (120,3),  (119,3),  (123,3), 


 - [Timing] Time passed: 235.832323 s
- Current feature weights:0.001777777778, -0.01848015873, -0.007424603175, -0.0001
 - Posterior Probability: -10.1267
 - Agreement with demo: 0%
 - Current angular diffs: 108'

-- Positive Demos --
 (127,3),  (126,3),  (125,3),  (129,3),  (131,3), 


 - [Timing] Time passed: 186.557824 s
- Current feature weights:-0.0001468253968, -0.02342063492, -0.006472222222, -0.0001
 - Posterior Probability: -10.028
 - Agreement with demo: 20%
 - Current angular diffs: 117'

-----------------------------
Avg angular diffs: 80.7143'
Total agreement with demo: 14.2857%
-- learned weights --
Final feature weights:-0.000146825, -0.0234206, -0.00647222, -0.0001
