loading features...

Initializing gridworld of size 32 by 24..
    Num states: 768
    Num actions: 8

Total number of demos: 103

Selected number of demos: 66

-- Positive Demos --
 (158,6),  (165,2),  (165,3),  (170,3),  (173,7),  (177,7),  (179,5),  (177,0),  (172,2),  (159,2),  (160,6),  (163,1),  (173,1),  (187,6),  (209,6),  (231,6),  (238,6),  (246,1),  (259,1),  (274,1),  (311,1),  (364,1),  (434,1),  (511,1),  (577,6),  (605,6),  (638,6),  (654,2),  (663,2),  (659,2),  (645,4),  (619,6),  (629,4),  (596,4),  (574,0),  (527,5),  (486,5),  (464,0),  (440,0),  (413,0),  (349,0),  (284,0),  (224,0),  (197,0),  (159,0),  (134,4),  (103,2),  (96,2),  (104,2),  (102,2),  (116,2),  (123,6),  (142,6),  (191,6),  (220,1),  (281,1),  (348,1),  (420,1),  (496,1),  (571,1),  (634,1),  (669,3),  (670,5),  (668,6),  (670,2),  (676,3), 


[Timing] Time passed: 255.174085 s

Posterior Probability: -509.8363871
Agreement with demo: 7%
Current angular diffs: 90'

Selected number of demos: 103

-- Positive Demos --
 (155,6),  (158,6),  (162,6),  (165,2),  (165,3),  (167,3),  (170,3),  (173,7),  (175,2),  (177,7),  (179,5),  (177,0),  (172,4),  (172,2),  (167,2),  (159,2),  (158,1),  (160,6),  (163,1),  (173,1),  (187,6),  (199,6),  (209,6),  (220,6),  (231,6),  (238,6),  (246,1),  (259,1),  (274,1),  (291,1),  (311,1),  (336,1),  (364,1),  (397,1),  (434,1),  (473,1),  (511,1),  (546,6),  (577,6),  (605,6),  (625,6),  (638,6),  (654,2),  (663,2),  (659,2),  (651,2),  (645,4),  (632,0),  (619,6),  (626,2),  (629,4),  (615,4),  (596,4),  (574,0),  (552,0),  (527,5),  (505,5),  (486,5),  (464,0),  (440,0),  (413,0),  (383,0),  (349,0),  (314,0),  (284,0),  (255,0),  (224,0),  (197,0),  (178,4),  (159,0),  (134,4),  (111,2),  (103,2),  (100,2),  (96,2),  (98,2),  (104,2),  (102,2),  (108,2),  (116,2),  (123,6),  (142,6),  (191,6),  (220,1),  (250,1),  (281,1),  (313,1),  (348,1),  (383,1),  (420,1),  (456,1),  (496,1),  (533,1),  (571,1),  (604,1),  (634,1),  (658,7),  (669,3),  (670,5),  (668,6),  (670,2),  (676,3), 


[Timing] Time passed: 249.819652 s

Posterior Probability: -452.088925
Agreement with demo: 16%
Current angular diffs: 81'

Selected number of demos: 69

-- Positive Demos --
 (155,6),  (162,6),  (165,3),  (167,3),  (170,3),  (173,7),  (175,2),  (177,7),  (177,0),  (172,2),  (167,2),  (159,2),  (160,6),  (163,1),  (173,1),  (199,6),  (209,6),  (220,6),  (231,6),  (238,6),  (246,1),  (274,1),  (311,1),  (364,1),  (397,1),  (434,1),  (511,1),  (577,6),  (625,6),  (654,2),  (663,2),  (651,2),  (645,4),  (619,6),  (626,2),  (629,4),  (596,4),  (574,0),  (552,0),  (527,5),  (486,5),  (440,0),  (413,0),  (383,0),  (314,0),  (255,0),  (197,0),  (159,0),  (111,2),  (103,2),  (96,2),  (98,2),  (102,2),  (116,2),  (142,6),  (191,6),  (220,1),  (250,1),  (313,1),  (348,1),  (420,1),  (496,1),  (533,1),  (571,1),  (634,1),  (669,3),  (670,5),  (670,2), 


[Timing] Time passed: 252.496795 s

Posterior Probability: -238.8701947
Agreement with demo: 10%
Current angular diffs: 87'

Selected number of demos: 64

-- Positive Demos --
 (158,6),  (165,2),  (167,3),  (173,7),  (175,2),  (179,5),  (172,4),  (167,2),  (159,2),  (158,1),  (163,1),  (173,1),  (199,6),  (220,6),  (238,6),  (259,1),  (291,1),  (336,1),  (397,1),  (473,1),  (511,1),  (577,6),  (625,6),  (654,2),  (659,2),  (645,4),  (619,6),  (629,4),  (615,4),  (574,0),  (527,5),  (486,5),  (464,0),  (440,0),  (383,0),  (314,0),  (284,0),  (255,0),  (224,0),  (197,0),  (178,4),  (159,0),  (134,4),  (103,2),  (96,2),  (104,2),  (102,2),  (108,2),  (123,6),  (191,6),  (220,1),  (281,1),  (313,1),  (383,1),  (420,1),  (456,1),  (496,1),  (571,1),  (634,1),  (658,7),  (669,3),  (668,6),  (670,2),  (676,3), 


[Timing] Time passed: 267.63867 s

Posterior Probability: -137.7236985
Agreement with demo: 11%
Current angular diffs: 90'

Selected number of demos: 103

-- Positive Demos --
 (155,6),  (158,6),  (162,6),  (165,2),  (165,3),  (167,3),  (170,3),  (173,7),  (175,2),  (177,7),  (179,5),  (177,0),  (172,4),  (172,2),  (167,2),  (159,2),  (158,1),  (160,6),  (163,1),  (173,1),  (187,6),  (199,6),  (209,6),  (220,6),  (231,6),  (238,6),  (246,1),  (259,1),  (274,1),  (291,1),  (311,1),  (336,1),  (364,1),  (397,1),  (434,1),  (473,1),  (511,1),  (546,6),  (577,6),  (605,6),  (625,6),  (638,6),  (654,2),  (663,2),  (659,2),  (651,2),  (645,4),  (632,0),  (619,6),  (626,2),  (629,4),  (615,4),  (596,4),  (574,0),  (552,0),  (527,5),  (505,5),  (486,5),  (464,0),  (440,0),  (413,0),  (383,0),  (349,0),  (314,0),  (284,0),  (255,0),  (224,0),  (197,0),  (178,4),  (159,0),  (134,4),  (111,2),  (103,2),  (100,2),  (96,2),  (98,2),  (104,2),  (102,2),  (108,2),  (116,2),  (123,6),  (142,6),  (191,6),  (220,1),  (250,1),  (281,1),  (313,1),  (348,1),  (383,1),  (420,1),  (456,1),  (496,1),  (533,1),  (571,1),  (604,1),  (634,1),  (658,7),  (669,3),  (670,5),  (668,6),  (670,2),  (676,3), 


[Timing] Time passed: 322.117134 s

Posterior Probability: -338.8325822
Agreement with demo: 10%
Current angular diffs: 84'

Selected number of demos: 55

-- Positive Demos --
 (158,6),  (162,6),  (165,2),  (165,3),  (167,3),  (175,2),  (177,0),  (172,2),  (167,2),  (160,6),  (173,1),  (187,6),  (209,6),  (238,6),  (246,1),  (259,1),  (274,1),  (291,1),  (336,1),  (364,1),  (473,1),  (511,1),  (605,6),  (638,6),  (654,2),  (659,2),  (651,2),  (645,4),  (619,6),  (615,4),  (552,0),  (486,5),  (464,0),  (440,0),  (349,0),  (314,0),  (284,0),  (197,0),  (134,4),  (103,2),  (96,2),  (104,2),  (102,2),  (108,2),  (142,6),  (250,1),  (313,1),  (420,1),  (533,1),  (634,1),  (658,7),  (669,3),  (670,5),  (668,6),  (676,3), 


[Timing] Time passed: 329.694059 s

Posterior Probability: -352.1921808
Agreement with demo: 6.1%
Current angular diffs: 88'

Selected number of demos: 71

-- Positive Demos --
 (155,6),  (158,6),  (162,6),  (165,3),  (167,3),  (173,7),  (177,7),  (179,5),  (177,0),  (172,4),  (172,2),  (167,2),  (158,1),  (163,1),  (173,1),  (187,6),  (199,6),  (209,6),  (231,6),  (246,1),  (259,1),  (291,1),  (311,1),  (336,1),  (364,1),  (434,1),  (511,1),  (577,6),  (605,6),  (625,6),  (654,2),  (663,2),  (659,2),  (645,4),  (619,6),  (629,4),  (615,4),  (596,4),  (552,0),  (527,5),  (505,5),  (464,0),  (413,0),  (349,0),  (314,0),  (255,0),  (197,0),  (159,0),  (134,4),  (111,2),  (103,2),  (100,2),  (98,2),  (102,2),  (116,2),  (123,6),  (191,6),  (250,1),  (281,1),  (348,1),  (383,1),  (420,1),  (456,1),  (496,1),  (571,1),  (634,1),  (658,7),  (670,5),  (668,6),  (676,3), 


[Timing] Time passed: 312.855652 s

Posterior Probability: -254.7997227
Agreement with demo: 14%
Current angular diffs: 82'

Selected number of demos: 103

-- Positive Demos --
 (155,6),  (158,6),  (162,6),  (165,2),  (165,3),  (167,3),  (170,3),  (173,7),  (175,2),  (177,7),  (179,5),  (177,0),  (172,4),  (172,2),  (167,2),  (159,2),  (158,1),  (160,6),  (163,1),  (173,1),  (187,6),  (199,6),  (209,6),  (220,6),  (231,6),  (238,6),  (246,1),  (259,1),  (274,1),  (291,1),  (311,1),  (336,1),  (364,1),  (397,1),  (434,1),  (473,1),  (511,1),  (546,6),  (577,6),  (605,6),  (625,6),  (638,6),  (654,2),  (663,2),  (659,2),  (651,2),  (645,4),  (632,0),  (619,6),  (626,2),  (629,4),  (615,4),  (596,4),  (574,0),  (552,0),  (527,5),  (505,5),  (486,5),  (464,0),  (440,0),  (413,0),  (383,0),  (349,0),  (314,0),  (284,0),  (255,0),  (224,0),  (197,0),  (178,4),  (159,0),  (134,4),  (111,2),  (103,2),  (100,2),  (96,2),  (98,2),  (104,2),  (102,2),  (108,2),  (116,2),  (123,6),  (142,6),  (191,6),  (220,1),  (250,1),  (281,1),  (313,1),  (348,1),  (383,1),  (420,1),  (456,1),  (496,1),  (533,1),  (571,1),  (604,1),  (634,1),  (658,7),  (669,3),  (670,5),  (668,6),  (670,2),  (676,3), 


[Timing] Time passed: 336.591025 s

Posterior Probability: -322.2630516
Agreement with demo: 10%
Current angular diffs: 92'

Selected number of demos: 47

-- Positive Demos --
 (158,6),  (165,3),  (173,7),  (177,7),  (179,5),  (172,2),  (158,1),  (173,1),  (199,6),  (231,6),  (238,6),  (274,1),  (311,1),  (397,1),  (473,1),  (511,1),  (577,6),  (625,6),  (654,2),  (663,2),  (645,4),  (632,0),  (629,4),  (615,4),  (574,0),  (505,5),  (464,0),  (440,0),  (349,0),  (255,0),  (178,4),  (134,4),  (100,2),  (104,2),  (108,2),  (116,2),  (142,6),  (250,1),  (348,1),  (383,1),  (456,1),  (496,1),  (533,1),  (571,1),  (658,7),  (668,6),  (676,3), 


[Timing] Time passed: 271.971594 s

Posterior Probability: -421.2581687
Agreement with demo: 12%
Current angular diffs: 84'

Selected number of demos: 67

-- Positive Demos --
 (155,6),  (162,6),  (165,3),  (167,3),  (173,7),  (177,7),  (179,5),  (172,4),  (172,2),  (167,2),  (158,1),  (163,1),  (173,1),  (199,6),  (209,6),  (231,6),  (238,6),  (259,1),  (274,1),  (311,1),  (364,1),  (434,1),  (511,1),  (546,6),  (605,6),  (638,6),  (663,2),  (651,2),  (632,0),  (626,2),  (629,4),  (596,4),  (574,0),  (527,5),  (505,5),  (464,0),  (440,0),  (413,0),  (383,0),  (349,0),  (314,0),  (284,0),  (255,0),  (224,0),  (178,4),  (159,0),  (134,4),  (103,2),  (96,2),  (98,2),  (102,2),  (108,2),  (123,6),  (142,6),  (220,1),  (250,1),  (313,1),  (348,1),  (420,1),  (456,1),  (533,1),  (604,1),  (634,1),  (658,7),  (669,3),  (670,5),  (670,2), 


[Timing] Time passed: 285.115057 s

Posterior Probability: -531.4420742
Agreement with demo: 11%
Current angular diffs: 88'

Selected number of demos: 103

-- Positive Demos --
 (155,6),  (158,6),  (162,6),  (165,2),  (165,3),  (167,3),  (170,3),  (173,7),  (175,2),  (177,7),  (179,5),  (177,0),  (172,4),  (172,2),  (167,2),  (159,2),  (158,1),  (160,6),  (163,1),  (173,1),  (187,6),  (199,6),  (209,6),  (220,6),  (231,6),  (238,6),  (246,1),  (259,1),  (274,1),  (291,1),  (311,1),  (336,1),  (364,1),  (397,1),  (434,1),  (473,1),  (511,1),  (546,6),  (577,6),  (605,6),  (625,6),  (638,6),  (654,2),  (663,2),  (659,2),  (651,2),  (645,4),  (632,0),  (619,6),  (626,2),  (629,4),  (615,4),  (596,4),  (574,0),  (552,0),  (527,5),  (505,5),  (486,5),  (464,0),  (440,0),  (413,0),  (383,0),  (349,0),  (314,0),  (284,0),  (255,0),  (224,0),  (197,0),  (178,4),  (159,0),  (134,4),  (111,2),  (103,2),  (100,2),  (96,2),  (98,2),  (104,2),  (102,2),  (108,2),  (116,2),  (123,6),  (142,6),  (191,6),  (220,1),  (250,1),  (281,1),  (313,1),  (348,1),  (383,1),  (420,1),  (456,1),  (496,1),  (533,1),  (571,1),  (604,1),  (634,1),  (658,7),  (669,3),  (670,5),  (668,6),  (670,2),  (676,3), 


[Timing] Time passed: 280.19526 s

Posterior Probability: -325.5571168
Agreement with demo: 8.7%
Current angular diffs: 93'

Selected number of demos: 73

-- Positive Demos --
 (155,6),  (158,6),  (165,2),  (167,3),  (170,3),  (173,7),  (177,7),  (177,0),  (172,2),  (167,2),  (159,2),  (158,1),  (163,1),  (173,1),  (199,6),  (220,6),  (231,6),  (238,6),  (259,1),  (291,1),  (311,1),  (336,1),  (364,1),  (397,1),  (473,1),  (511,1),  (546,6),  (577,6),  (625,6),  (638,6),  (654,2),  (659,2),  (645,4),  (632,0),  (619,6),  (629,4),  (615,4),  (574,0),  (552,0),  (527,5),  (505,5),  (464,0),  (440,0),  (383,0),  (314,0),  (284,0),  (255,0),  (197,0),  (178,4),  (134,4),  (111,2),  (103,2),  (100,2),  (96,2),  (98,2),  (102,2),  (108,2),  (116,2),  (142,6),  (191,6),  (220,1),  (250,1),  (313,1),  (383,1),  (420,1),  (496,1),  (571,1),  (604,1),  (634,1),  (669,3),  (670,5),  (668,6),  (670,2), 


[Timing] Time passed: 296.52173 s

Posterior Probability: -249.8877829
Agreement with demo: 7.8%
Current angular diffs: 92'

Selected number of demos: 50

-- Positive Demos --
 (158,6),  (165,2),  (165,3),  (173,7),  (175,2),  (179,5),  (172,2),  (167,2),  (158,1),  (163,1),  (199,6),  (231,6),  (238,6),  (274,1),  (311,1),  (336,1),  (364,1),  (473,1),  (546,6),  (625,6),  (654,2),  (659,2),  (645,4),  (619,6),  (615,4),  (596,4),  (527,5),  (464,0),  (440,0),  (383,0),  (314,0),  (255,0),  (224,0),  (178,4),  (134,4),  (103,2),  (98,2),  (102,2),  (108,2),  (123,6),  (220,1),  (281,1),  (348,1),  (456,1),  (533,1),  (571,1),  (634,1),  (658,7),  (668,6),  (670,2), 


[Timing] Time passed: 285.779151 s

Posterior Probability: -364.6384624
Agreement with demo: 11%
Current angular diffs: 89'

Selected number of demos: 103

-- Positive Demos --
 (155,6),  (158,6),  (162,6),  (165,2),  (165,3),  (167,3),  (170,3),  (173,7),  (175,2),  (177,7),  (179,5),  (177,0),  (172,4),  (172,2),  (167,2),  (159,2),  (158,1),  (160,6),  (163,1),  (173,1),  (187,6),  (199,6),  (209,6),  (220,6),  (231,6),  (238,6),  (246,1),  (259,1),  (274,1),  (291,1),  (311,1),  (336,1),  (364,1),  (397,1),  (434,1),  (473,1),  (511,1),  (546,6),  (577,6),  (605,6),  (625,6),  (638,6),  (654,2),  (663,2),  (659,2),  (651,2),  (645,4),  (632,0),  (619,6),  (626,2),  (629,4),  (615,4),  (596,4),  (574,0),  (552,0),  (527,5),  (505,5),  (486,5),  (464,0),  (440,0),  (413,0),  (383,0),  (349,0),  (314,0),  (284,0),  (255,0),  (224,0),  (197,0),  (178,4),  (159,0),  (134,4),  (111,2),  (103,2),  (100,2),  (96,2),  (98,2),  (104,2),  (102,2),  (108,2),  (116,2),  (123,6),  (142,6),  (191,6),  (220,1),  (250,1),  (281,1),  (313,1),  (348,1),  (383,1),  (420,1),  (456,1),  (496,1),  (533,1),  (571,1),  (604,1),  (634,1),  (658,7),  (669,3),  (670,5),  (668,6),  (670,2),  (676,3), 


[Timing] Time passed: 294.87575 s

Posterior Probability: -316.9600054
Agreement with demo: 9.6%
Current angular diffs: 82'

Selected number of demos: 67

-- Positive Demos --
 (158,6),  (165,2),  (165,3),  (167,3),  (173,7),  (177,7),  (179,5),  (172,4),  (167,2),  (159,2),  (160,6),  (163,1),  (187,6),  (209,6),  (231,6),  (238,6),  (259,1),  (274,1),  (311,1),  (336,1),  (364,1),  (434,1),  (511,1),  (577,6),  (605,6),  (638,6),  (663,2),  (659,2),  (651,2),  (632,0),  (626,2),  (629,4),  (615,4),  (574,0),  (552,0),  (505,5),  (486,5),  (440,0),  (413,0),  (349,0),  (284,0),  (255,0),  (224,0),  (197,0),  (159,0),  (111,2),  (103,2),  (100,2),  (98,2),  (104,2),  (102,2),  (108,2),  (123,6),  (142,6),  (220,1),  (281,1),  (313,1),  (383,1),  (456,1),  (496,1),  (533,1),  (571,1),  (604,1),  (634,1),  (669,3),  (668,6),  (676,3), 


[Timing] Time passed: 298.339714 s

Posterior Probability: -404.3775853
Agreement with demo: 11%
Current angular diffs: 85'

Selected number of demos: 103

-- Positive Demos --
 (155,6),  (158,6),  (162,6),  (165,2),  (165,3),  (167,3),  (170,3),  (173,7),  (175,2),  (177,7),  (179,5),  (177,0),  (172,4),  (172,2),  (167,2),  (159,2),  (158,1),  (160,6),  (163,1),  (173,1),  (187,6),  (199,6),  (209,6),  (220,6),  (231,6),  (238,6),  (246,1),  (259,1),  (274,1),  (291,1),  (311,1),  (336,1),  (364,1),  (397,1),  (434,1),  (473,1),  (511,1),  (546,6),  (577,6),  (605,6),  (625,6),  (638,6),  (654,2),  (663,2),  (659,2),  (651,2),  (645,4),  (632,0),  (619,6),  (626,2),  (629,4),  (615,4),  (596,4),  (574,0),  (552,0),  (527,5),  (505,5),  (486,5),  (464,0),  (440,0),  (413,0),  (383,0),  (349,0),  (314,0),  (284,0),  (255,0),  (224,0),  (197,0),  (178,4),  (159,0),  (134,4),  (111,2),  (103,2),  (100,2),  (96,2),  (98,2),  (104,2),  (102,2),  (108,2),  (116,2),  (123,6),  (142,6),  (191,6),  (220,1),  (250,1),  (281,1),  (313,1),  (348,1),  (383,1),  (420,1),  (456,1),  (496,1),  (533,1),  (571,1),  (604,1),  (634,1),  (658,7),  (669,3),  (670,5),  (668,6),  (670,2),  (676,3), 


[Timing] Time passed: 299.010194 s

Posterior Probability: -765.7132126
Agreement with demo: 11%
Current angular diffs: 86'

Selected number of demos: 51

-- Positive Demos --
 (155,6),  (158,6),  (165,2),  (167,3),  (175,2),  (177,7),  (179,5),  (172,4),  (159,2),  (158,1),  (173,1),  (199,6),  (209,6),  (231,6),  (246,1),  (259,1),  (311,1),  (336,1),  (397,1),  (473,1),  (546,6),  (625,6),  (654,2),  (663,2),  (659,2),  (632,0),  (619,6),  (615,4),  (574,0),  (527,5),  (464,0),  (413,0),  (314,0),  (284,0),  (255,0),  (197,0),  (134,4),  (111,2),  (96,2),  (104,2),  (108,2),  (142,6),  (250,1),  (348,1),  (383,1),  (420,1),  (456,1),  (533,1),  (634,1),  (670,5),  (676,3), 


[Timing] Time passed: 288.344437 s

Posterior Probability: -337.4312597
Agreement with demo: 7%
Current angular diffs: 92'

Selected number of demos: 103

-- Positive Demos --
 (155,6),  (158,6),  (162,6),  (165,2),  (165,3),  (167,3),  (170,3),  (173,7),  (175,2),  (177,7),  (179,5),  (177,0),  (172,4),  (172,2),  (167,2),  (159,2),  (158,1),  (160,6),  (163,1),  (173,1),  (187,6),  (199,6),  (209,6),  (220,6),  (231,6),  (238,6),  (246,1),  (259,1),  (274,1),  (291,1),  (311,1),  (336,1),  (364,1),  (397,1),  (434,1),  (473,1),  (511,1),  (546,6),  (577,6),  (605,6),  (625,6),  (638,6),  (654,2),  (663,2),  (659,2),  (651,2),  (645,4),  (632,0),  (619,6),  (626,2),  (629,4),  (615,4),  (596,4),  (574,0),  (552,0),  (527,5),  (505,5),  (486,5),  (464,0),  (440,0),  (413,0),  (383,0),  (349,0),  (314,0),  (284,0),  (255,0),  (224,0),  (197,0),  (178,4),  (159,0),  (134,4),  (111,2),  (103,2),  (100,2),  (96,2),  (98,2),  (104,2),  (102,2),  (108,2),  (116,2),  (123,6),  (142,6),  (191,6),  (220,1),  (250,1),  (281,1),  (313,1),  (348,1),  (383,1),  (420,1),  (456,1),  (496,1),  (533,1),  (571,1),  (604,1),  (634,1),  (658,7),  (669,3),  (670,5),  (668,6),  (670,2),  (676,3), 


[Timing] Time passed: 277.510906 s

Posterior Probability: -336.8046312
Agreement with demo: 12%
Current angular diffs: 89'

Selected number of demos: 70

-- Positive Demos --
 (158,6),  (165,2),  (167,3),  (173,7),  (177,7),  (179,5),  (172,4),  (172,2),  (167,2),  (159,2),  (158,1),  (160,6),  (163,1),  (187,6),  (199,6),  (220,6),  (231,6),  (238,6),  (259,1),  (291,1),  (336,1),  (397,1),  (434,1),  (511,1),  (546,6),  (605,6),  (625,6),  (638,6),  (654,2),  (659,2),  (645,4),  (632,0),  (626,2),  (615,4),  (574,0),  (552,0),  (505,5),  (486,5),  (440,0),  (383,0),  (349,0),  (284,0),  (255,0),  (197,0),  (178,4),  (159,0),  (134,4),  (111,2),  (103,2),  (96,2),  (98,2),  (104,2),  (102,2),  (116,2),  (123,6),  (142,6),  (220,1),  (281,1),  (313,1),  (383,1),  (420,1),  (456,1),  (496,1),  (571,1),  (634,1),  (658,7),  (669,3),  (668,6),  (676,3), 


[Timing] Time passed: 330.029844 s

Posterior Probability: -192.9680088
Agreement with demo: 10%
Current angular diffs: 84'

Selected number of demos: 53

-- Positive Demos --
 (158,6),  (165,2),  (170,3),  (173,7),  (179,5),  (177,0),  (167,2),  (159,2),  (163,1),  (199,6),  (231,6),  (259,1),  (311,1),  (336,1),  (434,1),  (473,1),  (511,1),  (605,6),  (625,6),  (654,2),  (663,2),  (659,2),  (645,4),  (632,0),  (629,4),  (596,4),  (552,0),  (486,5),  (413,0),  (383,0),  (314,0),  (284,0),  (197,0),  (159,0),  (134,4),  (100,2),  (96,2),  (104,2),  (102,2),  (108,2),  (116,2),  (123,6),  (191,6),  (250,1),  (281,1),  (348,1),  (420,1),  (533,1),  (634,1),  (658,7),  (669,3),  (670,2), 


[Timing] Time passed: 314.19389 s

Posterior Probability: -360.9209891
Agreement with demo: 7.8%
Current angular diffs: 92'

Selected number of demos: 74

-- Positive Demos --
 (155,6),  (158,6),  (162,6),  (165,3),  (170,3),  (173,7),  (175,2),  (177,7),  (177,0),  (172,2),  (159,2),  (160,6),  (173,1),  (199,6),  (209,6),  (220,6),  (238,6),  (246,1),  (259,1),  (274,1),  (291,1),  (311,1),  (336,1),  (364,1),  (397,1),  (473,1),  (511,1),  (546,6),  (577,6),  (605,6),  (625,6),  (638,6),  (654,2),  (663,2),  (651,2),  (645,4),  (632,0),  (626,2),  (629,4),  (615,4),  (596,4),  (552,0),  (505,5),  (464,0),  (413,0),  (349,0),  (314,0),  (284,0),  (224,0),  (197,0),  (159,0),  (134,4),  (111,2),  (100,2),  (96,2),  (98,2),  (104,2),  (102,2),  (108,2),  (116,2),  (123,6),  (191,6),  (220,1),  (281,1),  (348,1),  (420,1),  (496,1),  (533,1),  (571,1),  (634,1),  (658,7),  (669,3),  (668,6),  (676,3), 


[Timing] Time passed: 311.100318 s

Posterior Probability: -299.5151287
Agreement with demo: 7.8%
Current angular diffs: 86'

Selected number of demos: 103

-- Positive Demos --
 (155,6),  (158,6),  (162,6),  (165,2),  (165,3),  (167,3),  (170,3),  (173,7),  (175,2),  (177,7),  (179,5),  (177,0),  (172,4),  (172,2),  (167,2),  (159,2),  (158,1),  (160,6),  (163,1),  (173,1),  (187,6),  (199,6),  (209,6),  (220,6),  (231,6),  (238,6),  (246,1),  (259,1),  (274,1),  (291,1),  (311,1),  (336,1),  (364,1),  (397,1),  (434,1),  (473,1),  (511,1),  (546,6),  (577,6),  (605,6),  (625,6),  (638,6),  (654,2),  (663,2),  (659,2),  (651,2),  (645,4),  (632,0),  (619,6),  (626,2),  (629,4),  (615,4),  (596,4),  (574,0),  (552,0),  (527,5),  (505,5),  (486,5),  (464,0),  (440,0),  (413,0),  (383,0),  (349,0),  (314,0),  (284,0),  (255,0),  (224,0),  (197,0),  (178,4),  (159,0),  (134,4),  (111,2),  (103,2),  (100,2),  (96,2),  (98,2),  (104,2),  (102,2),  (108,2),  (116,2),  (123,6),  (142,6),  (191,6),  (220,1),  (250,1),  (281,1),  (313,1),  (348,1),  (383,1),  (420,1),  (456,1),  (496,1),  (533,1),  (571,1),  (604,1),  (634,1),  (658,7),  (669,3),  (670,5),  (668,6),  (670,2),  (676,3), 


[Timing] Time passed: 267.221749 s

Posterior Probability: -297.3205813
Agreement with demo: 15%
Current angular diffs: 86'

Selected number of demos: 103

-- Positive Demos --
 (155,6),  (158,6),  (162,6),  (165,2),  (165,3),  (167,3),  (170,3),  (173,7),  (175,2),  (177,7),  (179,5),  (177,0),  (172,4),  (172,2),  (167,2),  (159,2),  (158,1),  (160,6),  (163,1),  (173,1),  (187,6),  (199,6),  (209,6),  (220,6),  (231,6),  (238,6),  (246,1),  (259,1),  (274,1),  (291,1),  (311,1),  (336,1),  (364,1),  (397,1),  (434,1),  (473,1),  (511,1),  (546,6),  (577,6),  (605,6),  (625,6),  (638,6),  (654,2),  (663,2),  (659,2),  (651,2),  (645,4),  (632,0),  (619,6),  (626,2),  (629,4),  (615,4),  (596,4),  (574,0),  (552,0),  (527,5),  (505,5),  (486,5),  (464,0),  (440,0),  (413,0),  (383,0),  (349,0),  (314,0),  (284,0),  (255,0),  (224,0),  (197,0),  (178,4),  (159,0),  (134,4),  (111,2),  (103,2),  (100,2),  (96,2),  (98,2),  (104,2),  (102,2),  (108,2),  (116,2),  (123,6),  (142,6),  (191,6),  (220,1),  (250,1),  (281,1),  (313,1),  (348,1),  (383,1),  (420,1),  (456,1),  (496,1),  (533,1),  (571,1),  (604,1),  (634,1),  (658,7),  (669,3),  (670,5),  (668,6),  (670,2),  (676,3), 


[Timing] Time passed: 335.627455 s

Posterior Probability: -226.1598903
Agreement with demo: 13%
Current angular diffs: 94'

Selected number of demos: 50

-- Positive Demos --
 (155,6),  (158,6),  (165,2),  (167,3),  (175,2),  (177,0),  (167,2),  (160,6),  (187,6),  (209,6),  (231,6),  (259,1),  (311,1),  (336,1),  (434,1),  (473,1),  (546,6),  (605,6),  (625,6),  (663,2),  (651,2),  (619,6),  (626,2),  (615,4),  (596,4),  (552,0),  (505,5),  (486,5),  (440,0),  (413,0),  (314,0),  (255,0),  (197,0),  (159,0),  (134,4),  (103,2),  (96,2),  (102,2),  (108,2),  (123,6),  (220,1),  (250,1),  (281,1),  (313,1),  (420,1),  (533,1),  (604,1),  (658,7),  (668,6), 


[Timing] Time passed: 332.090359 s

Posterior Probability: -382.9136956
Agreement with demo: 14%
Current angular diffs: 86'

Selected number of demos: 103

-- Positive Demos --
 (155,6),  (158,6),  (162,6),  (165,2),  (165,3),  (167,3),  (170,3),  (173,7),  (175,2),  (177,7),  (179,5),  (177,0),  (172,4),  (172,2),  (167,2),  (159,2),  (158,1),  (160,6),  (163,1),  (173,1),  (187,6),  (199,6),  (209,6),  (220,6),  (231,6),  (238,6),  (246,1),  (259,1),  (274,1),  (291,1),  (311,1),  (336,1),  (364,1),  (397,1),  (434,1),  (473,1),  (511,1),  (546,6),  (577,6),  (605,6),  (625,6),  (638,6),  (654,2),  (663,2),  (659,2),  (651,2),  (645,4),  (632,0),  (619,6),  (626,2),  (629,4),  (615,4),  (596,4),  (574,0),  (552,0),  (527,5),  (505,5),  (486,5),  (464,0),  (440,0),  (413,0),  (383,0),  (349,0),  (314,0),  (284,0),  (255,0),  (224,0),  (197,0),  (178,4),  (159,0),  (134,4),  (111,2),  (103,2),  (100,2),  (96,2),  (98,2),  (104,2),  (102,2),  (108,2),  (116,2),  (123,6),  (142,6),  (191,6),  (220,1),  (250,1),  (281,1),  (313,1),  (348,1),  (383,1),  (420,1),  (456,1),  (496,1),  (533,1),  (571,1),  (604,1),  (634,1),  (658,7),  (669,3),  (670,5),  (668,6),  (670,2),  (676,3), 


[Timing] Time passed: 303.695733 s

Posterior Probability: -321.4544101
Agreement with demo: 10%
Current angular diffs: 85'

Selected number of demos: 70

-- Positive Demos --
 (158,6),  (162,6),  (165,2),  (167,3),  (173,7),  (177,7),  (179,5),  (177,0),  (172,4),  (167,2),  (158,1),  (160,6),  (163,1),  (187,6),  (209,6),  (231,6),  (238,6),  (246,1),  (274,1),  (291,1),  (311,1),  (336,1),  (397,1),  (473,1),  (546,6),  (605,6),  (638,6),  (654,2),  (659,2),  (645,4),  (632,0),  (619,6),  (626,2),  (629,4),  (615,4),  (574,0),  (552,0),  (527,5),  (486,5),  (464,0),  (413,0),  (349,0),  (314,0),  (255,0),  (224,0),  (178,4),  (134,4),  (111,2),  (103,2),  (100,2),  (98,2),  (104,2),  (102,2),  (116,2),  (142,6),  (220,1),  (250,1),  (313,1),  (348,1),  (383,1),  (420,1),  (496,1),  (533,1),  (571,1),  (634,1),  (669,3),  (670,5),  (670,2),  (676,3), 


[Timing] Time passed: 295.455352 s

Posterior Probability: -344.4126176
Agreement with demo: 8.7%
Current angular diffs: 95'

Selected number of demos: 103

-- Positive Demos --
 (155,6),  (158,6),  (162,6),  (165,2),  (165,3),  (167,3),  (170,3),  (173,7),  (175,2),  (177,7),  (179,5),  (177,0),  (172,4),  (172,2),  (167,2),  (159,2),  (158,1),  (160,6),  (163,1),  (173,1),  (187,6),  (199,6),  (209,6),  (220,6),  (231,6),  (238,6),  (246,1),  (259,1),  (274,1),  (291,1),  (311,1),  (336,1),  (364,1),  (397,1),  (434,1),  (473,1),  (511,1),  (546,6),  (577,6),  (605,6),  (625,6),  (638,6),  (654,2),  (663,2),  (659,2),  (651,2),  (645,4),  (632,0),  (619,6),  (626,2),  (629,4),  (615,4),  (596,4),  (574,0),  (552,0),  (527,5),  (505,5),  (486,5),  (464,0),  (440,0),  (413,0),  (383,0),  (349,0),  (314,0),  (284,0),  (255,0),  (224,0),  (197,0),  (178,4),  (159,0),  (134,4),  (111,2),  (103,2),  (100,2),  (96,2),  (98,2),  (104,2),  (102,2),  (108,2),  (116,2),  (123,6),  (142,6),  (191,6),  (220,1),  (250,1),  (281,1),  (313,1),  (348,1),  (383,1),  (420,1),  (456,1),  (496,1),  (533,1),  (571,1),  (604,1),  (634,1),  (658,7),  (669,3),  (670,5),  (668,6),  (670,2),  (676,3), 


[Timing] Time passed: 319.58881 s

Posterior Probability: -351.0838501
Agreement with demo: 8.7%
Current angular diffs: 88'

Selected number of demos: 49

-- Positive Demos --
 (162,6),  (165,3),  (173,7),  (179,5),  (172,4),  (167,2),  (160,6),  (163,1),  (199,6),  (209,6),  (231,6),  (238,6),  (274,1),  (336,1),  (364,1),  (397,1),  (473,1),  (546,6),  (625,6),  (663,2),  (651,2),  (619,6),  (629,4),  (596,4),  (527,5),  (505,5),  (486,5),  (413,0),  (314,0),  (255,0),  (178,4),  (134,4),  (111,2),  (103,2),  (96,2),  (104,2),  (102,2),  (108,2),  (142,6),  (220,1),  (281,1),  (348,1),  (420,1),  (456,1),  (533,1),  (634,1),  (669,3),  (670,5),  (670,2), 


[Timing] Time passed: 331.215931 s

Posterior Probability: -241.160303
Agreement with demo: 6.1%
Current angular diffs: 94'

Selected number of demos: 103

-- Positive Demos --
 (155,6),  (158,6),  (162,6),  (165,2),  (165,3),  (167,3),  (170,3),  (173,7),  (175,2),  (177,7),  (179,5),  (177,0),  (172,4),  (172,2),  (167,2),  (159,2),  (158,1),  (160,6),  (163,1),  (173,1),  (187,6),  (199,6),  (209,6),  (220,6),  (231,6),  (238,6),  (246,1),  (259,1),  (274,1),  (291,1),  (311,1),  (336,1),  (364,1),  (397,1),  (434,1),  (473,1),  (511,1),  (546,6),  (577,6),  (605,6),  (625,6),  (638,6),  (654,2),  (663,2),  (659,2),  (651,2),  (645,4),  (632,0),  (619,6),  (626,2),  (629,4),  (615,4),  (596,4),  (574,0),  (552,0),  (527,5),  (505,5),  (486,5),  (464,0),  (440,0),  (413,0),  (383,0),  (349,0),  (314,0),  (284,0),  (255,0),  (224,0),  (197,0),  (178,4),  (159,0),  (134,4),  (111,2),  (103,2),  (100,2),  (96,2),  (98,2),  (104,2),  (102,2),  (108,2),  (116,2),  (123,6),  (142,6),  (191,6),  (220,1),  (250,1),  (281,1),  (313,1),  (348,1),  (383,1),  (420,1),  (456,1),  (496,1),  (533,1),  (571,1),  (604,1),  (634,1),  (658,7),  (669,3),  (670,5),  (668,6),  (670,2),  (676,3), 


[Timing] Time passed: 295.021177 s

Posterior Probability: -450.3293446
Agreement with demo: 7%
Current angular diffs: 91'

Selected number of demos: 52

-- Positive Demos --
 (162,6),  (165,2),  (170,3),  (173,7),  (179,5),  (172,4),  (172,2),  (167,2),  (158,1),  (160,6),  (163,1),  (199,6),  (220,6),  (246,1),  (259,1),  (291,1),  (336,1),  (364,1),  (397,1),  (473,1),  (546,6),  (625,6),  (638,6),  (663,2),  (645,4),  (626,2),  (629,4),  (574,0),  (527,5),  (486,5),  (440,0),  (383,0),  (284,0),  (224,0),  (178,4),  (111,2),  (103,2),  (98,2),  (104,2),  (102,2),  (108,2),  (123,6),  (142,6),  (220,1),  (250,1),  (348,1),  (420,1),  (533,1),  (634,1),  (670,5),  (668,6),  (676,3), 


[Timing] Time passed: 296.886317 s

Posterior Probability: -385.9165454
Agreement with demo: 4.3%
Current angular diffs: 95'

Selected number of demos: 69

-- Positive Demos --
 (158,6),  (165,2),  (165,3),  (170,3),  (173,7),  (177,7),  (177,0),  (172,4),  (172,2),  (167,2),  (158,1),  (160,6),  (163,1),  (173,1),  (199,6),  (209,6),  (231,6),  (246,1),  (274,1),  (311,1),  (364,1),  (434,1),  (473,1),  (511,1),  (577,6),  (605,6),  (625,6),  (654,2),  (659,2),  (651,2),  (645,4),  (632,0),  (626,2),  (629,4),  (615,4),  (574,0),  (527,5),  (486,5),  (464,0),  (440,0),  (413,0),  (349,0),  (314,0),  (284,0),  (224,0),  (197,0),  (178,4),  (159,0),  (111,2),  (100,2),  (98,2),  (104,2),  (102,2),  (108,2),  (123,6),  (142,6),  (191,6),  (220,1),  (281,1),  (313,1),  (383,1),  (420,1),  (496,1),  (571,1),  (604,1),  (658,7),  (670,5),  (670,2), 


[Timing] Time passed: 291.134468 s

Posterior Probability: -168.594548
Agreement with demo: 15%
Current angular diffs: 81'

Selected number of demos: 103

-- Positive Demos --
 (155,6),  (158,6),  (162,6),  (165,2),  (165,3),  (167,3),  (170,3),  (173,7),  (175,2),  (177,7),  (179,5),  (177,0),  (172,4),  (172,2),  (167,2),  (159,2),  (158,1),  (160,6),  (163,1),  (173,1),  (187,6),  (199,6),  (209,6),  (220,6),  (231,6),  (238,6),  (246,1),  (259,1),  (274,1),  (291,1),  (311,1),  (336,1),  (364,1),  (397,1),  (434,1),  (473,1),  (511,1),  (546,6),  (577,6),  (605,6),  (625,6),  (638,6),  (654,2),  (663,2),  (659,2),  (651,2),  (645,4),  (632,0),  (619,6),  (626,2),  (629,4),  (615,4),  (596,4),  (574,0),  (552,0),  (527,5),  (505,5),  (486,5),  (464,0),  (440,0),  (413,0),  (383,0),  (349,0),  (314,0),  (284,0),  (255,0),  (224,0),  (197,0),  (178,4),  (159,0),  (134,4),  (111,2),  (103,2),  (100,2),  (96,2),  (98,2),  (104,2),  (102,2),  (108,2),  (116,2),  (123,6),  (142,6),  (191,6),  (220,1),  (250,1),  (281,1),  (313,1),  (348,1),  (383,1),  (420,1),  (456,1),  (496,1),  (533,1),  (571,1),  (604,1),  (634,1),  (658,7),  (669,3),  (670,5),  (668,6),  (670,2),  (676,3), 


[Timing] Time passed: 292.609763 s

Posterior Probability: -379.6824091
Agreement with demo: 15%
Current angular diffs: 88'

Selected number of demos: 74

-- Positive Demos --
 (158,6),  (162,6),  (165,2),  (165,3),  (167,3),  (173,7),  (177,7),  (177,0),  (172,4),  (172,2),  (167,2),  (158,1),  (163,1),  (173,1),  (199,6),  (209,6),  (231,6),  (238,6),  (246,1),  (259,1),  (274,1),  (311,1),  (336,1),  (364,1),  (397,1),  (434,1),  (473,1),  (511,1),  (577,6),  (605,6),  (625,6),  (638,6),  (654,2),  (663,2),  (659,2),  (645,4),  (619,6),  (629,4),  (615,4),  (574,0),  (552,0),  (527,5),  (505,5),  (464,0),  (440,0),  (383,0),  (314,0),  (284,0),  (224,0),  (197,0),  (178,4),  (134,4),  (103,2),  (100,2),  (96,2),  (104,2),  (102,2),  (116,2),  (123,6),  (142,6),  (220,1),  (250,1),  (313,1),  (383,1),  (456,1),  (496,1),  (571,1),  (604,1),  (634,1),  (658,7),  (669,3),  (668,6),  (676,3), 


[Timing] Time passed: 309.188575 s

Posterior Probability: -175.8100935
Agreement with demo: 7%
Current angular diffs: 92'

Selected number of demos: 103

-- Positive Demos --
 (155,6),  (158,6),  (162,6),  (165,2),  (165,3),  (167,3),  (170,3),  (173,7),  (175,2),  (177,7),  (179,5),  (177,0),  (172,4),  (172,2),  (167,2),  (159,2),  (158,1),  (160,6),  (163,1),  (173,1),  (187,6),  (199,6),  (209,6),  (220,6),  (231,6),  (238,6),  (246,1),  (259,1),  (274,1),  (291,1),  (311,1),  (336,1),  (364,1),  (397,1),  (434,1),  (473,1),  (511,1),  (546,6),  (577,6),  (605,6),  (625,6),  (638,6),  (654,2),  (663,2),  (659,2),  (651,2),  (645,4),  (632,0),  (619,6),  (626,2),  (629,4),  (615,4),  (596,4),  (574,0),  (552,0),  (527,5),  (505,5),  (486,5),  (464,0),  (440,0),  (413,0),  (383,0),  (349,0),  (314,0),  (284,0),  (255,0),  (224,0),  (197,0),  (178,4),  (159,0),  (134,4),  (111,2),  (103,2),  (100,2),  (96,2),  (98,2),  (104,2),  (102,2),  (108,2),  (116,2),  (123,6),  (142,6),  (191,6),  (220,1),  (250,1),  (281,1),  (313,1),  (348,1),  (383,1),  (420,1),  (456,1),  (496,1),  (533,1),  (571,1),  (604,1),  (634,1),  (658,7),  (669,3),  (670,5),  (668,6),  (670,2),  (676,3), 


[Timing] Time passed: 251.797885 s

Posterior Probability: -328.8094804
Agreement with demo: 11%
Current angular diffs: 98'

Selected number of demos: 56

-- Positive Demos --
 (155,6),  (158,6),  (165,2),  (167,3),  (173,7),  (177,7),  (177,0),  (172,4),  (159,2),  (160,6),  (173,1),  (199,6),  (209,6),  (231,6),  (238,6),  (246,1),  (291,1),  (364,1),  (397,1),  (473,1),  (511,1),  (605,6),  (638,6),  (659,2),  (632,0),  (629,4),  (596,4),  (552,0),  (527,5),  (464,0),  (440,0),  (413,0),  (383,0),  (349,0),  (284,0),  (197,0),  (159,0),  (134,4),  (111,2),  (100,2),  (98,2),  (102,2),  (123,6),  (142,6),  (220,1),  (313,1),  (383,1),  (456,1),  (533,1),  (571,1),  (604,1),  (658,7),  (670,5),  (668,6),  (676,3), 


[Timing] Time passed: 242.920169 s

Posterior Probability: -171.031469
Agreement with demo: 16%
Current angular diffs: 82'

Selected number of demos: 53

-- Positive Demos --
 (155,6),  (165,2),  (170,3),  (175,2),  (177,7),  (179,5),  (177,0),  (172,4),  (172,2),  (159,2),  (163,1),  (187,6),  (209,6),  (238,6),  (246,1),  (291,1),  (336,1),  (364,1),  (397,1),  (511,1),  (546,6),  (605,6),  (654,2),  (663,2),  (645,4),  (626,2),  (596,4),  (574,0),  (552,0),  (505,5),  (486,5),  (440,0),  (413,0),  (383,0),  (284,0),  (255,0),  (224,0),  (159,0),  (111,2),  (100,2),  (104,2),  (102,2),  (123,6),  (142,6),  (191,6),  (250,1),  (348,1),  (420,1),  (533,1),  (571,1),  (634,1),  (670,5),  (670,2), 


[Timing] Time passed: 246.782528 s

Posterior Probability: -189.0108458
Agreement with demo: 10%
Current angular diffs: 84'

Selected number of demos: 103

-- Positive Demos --
 (155,6),  (158,6),  (162,6),  (165,2),  (165,3),  (167,3),  (170,3),  (173,7),  (175,2),  (177,7),  (179,5),  (177,0),  (172,4),  (172,2),  (167,2),  (159,2),  (158,1),  (160,6),  (163,1),  (173,1),  (187,6),  (199,6),  (209,6),  (220,6),  (231,6),  (238,6),  (246,1),  (259,1),  (274,1),  (291,1),  (311,1),  (336,1),  (364,1),  (397,1),  (434,1),  (473,1),  (511,1),  (546,6),  (577,6),  (605,6),  (625,6),  (638,6),  (654,2),  (663,2),  (659,2),  (651,2),  (645,4),  (632,0),  (619,6),  (626,2),  (629,4),  (615,4),  (596,4),  (574,0),  (552,0),  (527,5),  (505,5),  (486,5),  (464,0),  (440,0),  (413,0),  (383,0),  (349,0),  (314,0),  (284,0),  (255,0),  (224,0),  (197,0),  (178,4),  (159,0),  (134,4),  (111,2),  (103,2),  (100,2),  (96,2),  (98,2),  (104,2),  (102,2),  (108,2),  (116,2),  (123,6),  (142,6),  (191,6),  (220,1),  (250,1),  (281,1),  (313,1),  (348,1),  (383,1),  (420,1),  (456,1),  (496,1),  (533,1),  (571,1),  (604,1),  (634,1),  (658,7),  (669,3),  (670,5),  (668,6),  (670,2),  (676,3), 


[Timing] Time passed: 252.227229 s

Posterior Probability: -487.2988286
Agreement with demo: 11%
Current angular diffs: 86'

Selected number of demos: 51

-- Positive Demos --
 (158,6),  (162,6),  (165,2),  (170,3),  (173,7),  (177,7),  (179,5),  (172,4),  (159,2),  (158,1),  (163,1),  (187,6),  (220,6),  (238,6),  (274,1),  (336,1),  (434,1),  (473,1),  (546,6),  (605,6),  (654,2),  (659,2),  (651,2),  (645,4),  (626,2),  (596,4),  (574,0),  (505,5),  (440,0),  (413,0),  (314,0),  (224,0),  (197,0),  (134,4),  (103,2),  (96,2),  (104,2),  (108,2),  (116,2),  (191,6),  (220,1),  (313,1),  (348,1),  (456,1),  (533,1),  (571,1),  (604,1),  (634,1),  (669,3),  (668,6),  (670,2), 


[Timing] Time passed: 256.80418 s

Posterior Probability: -180.0918792
Agreement with demo: 11%
Current angular diffs: 85'

Selected number of demos: 50

-- Positive Demos --
 (155,6),  (165,2),  (170,3),  (175,2),  (177,0),  (172,4),  (172,2),  (159,2),  (163,1),  (187,6),  (209,6),  (220,6),  (238,6),  (274,1),  (336,1),  (434,1),  (511,1),  (577,6),  (638,6),  (663,2),  (659,2),  (651,2),  (632,0),  (629,4),  (596,4),  (552,0),  (527,5),  (464,0),  (383,0),  (314,0),  (255,0),  (224,0),  (178,4),  (134,4),  (111,2),  (100,2),  (104,2),  (102,2),  (123,6),  (220,1),  (313,1),  (383,1),  (420,1),  (496,1),  (533,1),  (571,1),  (634,1),  (670,5),  (670,2),  (676,3), 


[Timing] Time passed: 259.500803 s

Posterior Probability: -260.1600886
Agreement with demo: 14%
Current angular diffs: 81'

Selected number of demos: 103

-- Positive Demos --
 (155,6),  (158,6),  (162,6),  (165,2),  (165,3),  (167,3),  (170,3),  (173,7),  (175,2),  (177,7),  (179,5),  (177,0),  (172,4),  (172,2),  (167,2),  (159,2),  (158,1),  (160,6),  (163,1),  (173,1),  (187,6),  (199,6),  (209,6),  (220,6),  (231,6),  (238,6),  (246,1),  (259,1),  (274,1),  (291,1),  (311,1),  (336,1),  (364,1),  (397,1),  (434,1),  (473,1),  (511,1),  (546,6),  (577,6),  (605,6),  (625,6),  (638,6),  (654,2),  (663,2),  (659,2),  (651,2),  (645,4),  (632,0),  (619,6),  (626,2),  (629,4),  (615,4),  (596,4),  (574,0),  (552,0),  (527,5),  (505,5),  (486,5),  (464,0),  (440,0),  (413,0),  (383,0),  (349,0),  (314,0),  (284,0),  (255,0),  (224,0),  (197,0),  (178,4),  (159,0),  (134,4),  (111,2),  (103,2),  (100,2),  (96,2),  (98,2),  (104,2),  (102,2),  (108,2),  (116,2),  (123,6),  (142,6),  (191,6),  (220,1),  (250,1),  (281,1),  (313,1),  (348,1),  (383,1),  (420,1),  (456,1),  (496,1),  (533,1),  (571,1),  (604,1),  (634,1),  (658,7),  (669,3),  (670,5),  (668,6),  (670,2),  (676,3), 


[Timing] Time passed: 259.337261 s

Posterior Probability: -606.480495
Agreement with demo: 12%
Current angular diffs: 84'

Selected number of demos: 66

-- Positive Demos --
 (158,6),  (165,2),  (167,3),  (170,3),  (173,7),  (177,7),  (177,0),  (172,2),  (159,2),  (160,6),  (173,1),  (187,6),  (199,6),  (220,6),  (231,6),  (238,6),  (259,1),  (291,1),  (336,1),  (397,1),  (434,1),  (511,1),  (577,6),  (605,6),  (638,6),  (654,2),  (659,2),  (651,2),  (632,0),  (626,2),  (629,4),  (615,4),  (596,4),  (574,0),  (552,0),  (505,5),  (464,0),  (440,0),  (413,0),  (383,0),  (314,0),  (255,0),  (197,0),  (159,0),  (134,4),  (103,2),  (100,2),  (98,2),  (104,2),  (102,2),  (108,2),  (123,6),  (142,6),  (191,6),  (250,1),  (313,1),  (348,1),  (383,1),  (456,1),  (533,1),  (604,1),  (634,1),  (669,3),  (670,5),  (668,6),  (670,2), 


[Timing] Time passed: 246.948174 s

Posterior Probability: -162.0181853
Agreement with demo: 7%
Current angular diffs: 97'

Selected number of demos: 50

-- Positive Demos --
 (158,6),  (165,3),  (170,3),  (177,7),  (179,5),  (172,4),  (172,2),  (158,1),  (173,1),  (209,6),  (238,6),  (246,1),  (259,1),  (291,1),  (336,1),  (364,1),  (473,1),  (577,6),  (605,6),  (625,6),  (654,2),  (659,2),  (651,2),  (632,0),  (629,4),  (596,4),  (552,0),  (505,5),  (440,0),  (383,0),  (314,0),  (255,0),  (197,0),  (134,4),  (111,2),  (100,2),  (98,2),  (102,2),  (123,6),  (220,1),  (313,1),  (420,1),  (533,1),  (604,1),  (658,7),  (669,3),  (670,5),  (668,6),  (676,3), 


[Timing] Time passed: 247.811424 s

Posterior Probability: -138.993789
Agreement with demo: 8.7%
Current angular diffs: 92'

Selected number of demos: 103

-- Positive Demos --
 (155,6),  (158,6),  (162,6),  (165,2),  (165,3),  (167,3),  (170,3),  (173,7),  (175,2),  (177,7),  (179,5),  (177,0),  (172,4),  (172,2),  (167,2),  (159,2),  (158,1),  (160,6),  (163,1),  (173,1),  (187,6),  (199,6),  (209,6),  (220,6),  (231,6),  (238,6),  (246,1),  (259,1),  (274,1),  (291,1),  (311,1),  (336,1),  (364,1),  (397,1),  (434,1),  (473,1),  (511,1),  (546,6),  (577,6),  (605,6),  (625,6),  (638,6),  (654,2),  (663,2),  (659,2),  (651,2),  (645,4),  (632,0),  (619,6),  (626,2),  (629,4),  (615,4),  (596,4),  (574,0),  (552,0),  (527,5),  (505,5),  (486,5),  (464,0),  (440,0),  (413,0),  (383,0),  (349,0),  (314,0),  (284,0),  (255,0),  (224,0),  (197,0),  (178,4),  (159,0),  (134,4),  (111,2),  (103,2),  (100,2),  (96,2),  (98,2),  (104,2),  (102,2),  (108,2),  (116,2),  (123,6),  (142,6),  (191,6),  (220,1),  (250,1),  (281,1),  (313,1),  (348,1),  (383,1),  (420,1),  (456,1),  (496,1),  (533,1),  (571,1),  (604,1),  (634,1),  (658,7),  (669,3),  (670,5),  (668,6),  (670,2),  (676,3), 


[Timing] Time passed: 256.531827 s

Posterior Probability: -833.5342464
Agreement with demo: 9.6%
Current angular diffs: 88'

Selected number of demos: 65

-- Positive Demos --
 (155,6),  (158,6),  (162,6),  (165,2),  (167,3),  (173,7),  (175,2),  (179,5),  (177,0),  (172,2),  (159,2),  (158,1),  (160,6),  (163,1),  (187,6),  (209,6),  (231,6),  (246,1),  (274,1),  (291,1),  (336,1),  (397,1),  (473,1),  (546,6),  (605,6),  (625,6),  (638,6),  (663,2),  (651,2),  (645,4),  (632,0),  (626,2),  (629,4),  (615,4),  (574,0),  (552,0),  (505,5),  (464,0),  (413,0),  (349,0),  (284,0),  (255,0),  (224,0),  (178,4),  (159,0),  (111,2),  (103,2),  (96,2),  (98,2),  (102,2),  (108,2),  (123,6),  (191,6),  (250,1),  (281,1),  (348,1),  (420,1),  (496,1),  (533,1),  (604,1),  (658,7),  (670,5),  (668,6),  (676,3), 


[Timing] Time passed: 255.932325 s

Posterior Probability: -249.9238045
Agreement with demo: 10%
Current angular diffs: 85'

Selected number of demos: 68

-- Positive Demos --
 (158,6),  (165,2),  (165,3),  (167,3),  (170,3),  (173,7),  (175,2),  (179,5),  (177,0),  (172,4),  (172,2),  (159,2),  (158,1),  (163,1),  (173,1),  (187,6),  (199,6),  (209,6),  (220,6),  (238,6),  (259,1),  (274,1),  (291,1),  (336,1),  (364,1),  (434,1),  (473,1),  (546,6),  (577,6),  (605,6),  (625,6),  (654,2),  (659,2),  (645,4),  (619,6),  (626,2),  (615,4),  (596,4),  (552,0),  (505,5),  (486,5),  (440,0),  (413,0),  (349,0),  (284,0),  (255,0),  (197,0),  (159,0),  (134,4),  (103,2),  (100,2),  (98,2),  (104,2),  (102,2),  (116,2),  (123,6),  (142,6),  (220,1),  (281,1),  (313,1),  (383,1),  (456,1),  (533,1),  (604,1),  (634,1),  (669,3),  (668,6),  (676,3), 


[Timing] Time passed: 246.672102 s

Posterior Probability: -232.3910715
Agreement with demo: 8.7%
Current angular diffs: 94'

Selected number of demos: 65

-- Positive Demos --
 (155,6),  (162,6),  (165,2),  (167,3),  (173,7),  (177,7),  (177,0),  (172,2),  (167,2),  (158,1),  (160,6),  (163,1),  (173,1),  (199,6),  (220,6),  (238,6),  (259,1),  (274,1),  (311,1),  (336,1),  (397,1),  (434,1),  (511,1),  (577,6),  (625,6),  (638,6),  (663,2),  (651,2),  (645,4),  (619,6),  (629,4),  (596,4),  (552,0),  (505,5),  (486,5),  (464,0),  (440,0),  (383,0),  (314,0),  (255,0),  (224,0),  (197,0),  (159,0),  (111,2),  (100,2),  (96,2),  (98,2),  (102,2),  (116,2),  (142,6),  (191,6),  (250,1),  (281,1),  (348,1),  (420,1),  (456,1),  (496,1),  (533,1),  (604,1),  (658,7),  (670,5),  (668,6),  (670,2),  (676,3), 


[Timing] Time passed: 244.123337 s

Posterior Probability: -193.9590739
Agreement with demo: 8.7%
Current angular diffs: 93'

Selected number of demos: 51

-- Positive Demos --
 (158,6),  (165,2),  (170,3),  (175,2),  (179,5),  (172,4),  (172,2),  (158,1),  (160,6),  (173,1),  (209,6),  (231,6),  (246,1),  (259,1),  (274,1),  (336,1),  (364,1),  (397,1),  (473,1),  (546,6),  (605,6),  (654,2),  (663,2),  (645,4),  (619,6),  (629,4),  (574,0),  (552,0),  (486,5),  (440,0),  (413,0),  (383,0),  (349,0),  (314,0),  (224,0),  (159,0),  (103,2),  (96,2),  (102,2),  (108,2),  (142,6),  (220,1),  (250,1),  (313,1),  (420,1),  (456,1),  (533,1),  (571,1),  (634,1),  (670,5),  (676,3), 


[Timing] Time passed: 246.038548 s

Posterior Probability: -166.3242486
Agreement with demo: 12%
Current angular diffs: 84'

Selected number of demos: 103

-- Positive Demos --
 (155,6),  (158,6),  (162,6),  (165,2),  (165,3),  (167,3),  (170,3),  (173,7),  (175,2),  (177,7),  (179,5),  (177,0),  (172,4),  (172,2),  (167,2),  (159,2),  (158,1),  (160,6),  (163,1),  (173,1),  (187,6),  (199,6),  (209,6),  (220,6),  (231,6),  (238,6),  (246,1),  (259,1),  (274,1),  (291,1),  (311,1),  (336,1),  (364,1),  (397,1),  (434,1),  (473,1),  (511,1),  (546,6),  (577,6),  (605,6),  (625,6),  (638,6),  (654,2),  (663,2),  (659,2),  (651,2),  (645,4),  (632,0),  (619,6),  (626,2),  (629,4),  (615,4),  (596,4),  (574,0),  (552,0),  (527,5),  (505,5),  (486,5),  (464,0),  (440,0),  (413,0),  (383,0),  (349,0),  (314,0),  (284,0),  (255,0),  (224,0),  (197,0),  (178,4),  (159,0),  (134,4),  (111,2),  (103,2),  (100,2),  (96,2),  (98,2),  (104,2),  (102,2),  (108,2),  (116,2),  (123,6),  (142,6),  (191,6),  (220,1),  (250,1),  (281,1),  (313,1),  (348,1),  (383,1),  (420,1),  (456,1),  (496,1),  (533,1),  (571,1),  (604,1),  (634,1),  (658,7),  (669,3),  (670,5),  (668,6),  (670,2),  (676,3), 


[Timing] Time passed: 244.676021 s

Posterior Probability: -709.5428054
Agreement with demo: 10%
Current angular diffs: 90'

Selected number of demos: 69

-- Positive Demos --
 (155,6),  (162,6),  (165,2),  (165,3),  (167,3),  (170,3),  (175,2),  (179,5),  (177,0),  (172,2),  (167,2),  (158,1),  (160,6),  (163,1),  (187,6),  (209,6),  (220,6),  (238,6),  (259,1),  (291,1),  (336,1),  (397,1),  (473,1),  (511,1),  (546,6),  (605,6),  (638,6),  (654,2),  (659,2),  (645,4),  (632,0),  (619,6),  (626,2),  (615,4),  (596,4),  (552,0),  (505,5),  (486,5),  (464,0),  (413,0),  (349,0),  (314,0),  (284,0),  (224,0),  (197,0),  (159,0),  (111,2),  (103,2),  (96,2),  (98,2),  (102,2),  (108,2),  (116,2),  (123,6),  (142,6),  (191,6),  (250,1),  (281,1),  (348,1),  (420,1),  (496,1),  (571,1),  (634,1),  (658,7),  (669,3),  (670,5),  (670,2),  (676,3), 


[Timing] Time passed: 248.77553 s

Posterior Probability: -376.9565724
Agreement with demo: 5.2%
Current angular diffs: 88'

Selected number of demos: 103

-- Positive Demos --
 (155,6),  (158,6),  (162,6),  (165,2),  (165,3),  (167,3),  (170,3),  (173,7),  (175,2),  (177,7),  (179,5),  (177,0),  (172,4),  (172,2),  (167,2),  (159,2),  (158,1),  (160,6),  (163,1),  (173,1),  (187,6),  (199,6),  (209,6),  (220,6),  (231,6),  (238,6),  (246,1),  (259,1),  (274,1),  (291,1),  (311,1),  (336,1),  (364,1),  (397,1),  (434,1),  (473,1),  (511,1),  (546,6),  (577,6),  (605,6),  (625,6),  (638,6),  (654,2),  (663,2),  (659,2),  (651,2),  (645,4),  (632,0),  (619,6),  (626,2),  (629,4),  (615,4),  (596,4),  (574,0),  (552,0),  (527,5),  (505,5),  (486,5),  (464,0),  (440,0),  (413,0),  (383,0),  (349,0),  (314,0),  (284,0),  (255,0),  (224,0),  (197,0),  (178,4),  (159,0),  (134,4),  (111,2),  (103,2),  (100,2),  (96,2),  (98,2),  (104,2),  (102,2),  (108,2),  (116,2),  (123,6),  (142,6),  (191,6),  (220,1),  (250,1),  (281,1),  (313,1),  (348,1),  (383,1),  (420,1),  (456,1),  (496,1),  (533,1),  (571,1),  (604,1),  (634,1),  (658,7),  (669,3),  (670,5),  (668,6),  (670,2),  (676,3), 


[Timing] Time passed: 189.658493 s

Posterior Probability: -379.950921
Agreement with demo: 14%
Current angular diffs: 83'

-----------------------------
Avg angular diffs: 81'
-- learned weights --
Feature Weights: 0.56325, -0.284, -0.01075, -0.1, 
