loading features...

Initializing gridworld of size 28 by 22..
    Num states: 616
    Num actions: 8

-- Positive Demos --
 (52,2),  (52,6),  (52,7),  (52,1),  (81,1),  (109,1),  (137,1),  (136,1),  (192,1),  (219,1),  (248,1),  (304,1),  (332,1),  (358,1),  (414,6),  (442,6),  (470,1),  (497,6),  (525,6),  (551,2),  (550,2),  (549,4),  (522,0),  (494,0),  (466,0),  (437,0),  (408,0),  (381,0),  (352,4),  (325,4),  (296,0),  (240,4),  (210,4),  (182,4),  (154,4),  (125,4),  (96,4),  (67,2),  (66,2),  (66,6),  (93,6),  (92,6),  (119,6),  (147,1),  (174,1),  (201,1),  (230,6),  (257,6),  (285,6),  (312,6),  (339,6),  (367,6),  (393,6),  (422,6),  (449,6),  (477,1),  (504,1),  (504,0),  (504,4),  (504,6),  (504,7),  (504,3), 


[Timing] Time passed: 165.505931 s

Posterior Probability: -664.8122469
Agreement with demo: 15%
Avg angular diffs: 82'

-- Positive Demos --
 (52,2),  (52,6),  (52,7),  (52,1),  (81,1),  (109,1),  (137,1),  (136,1),  (192,1),  (219,1),  (248,1),  (304,1),  (332,1),  (358,1),  (414,6),  (442,6),  (470,1),  (497,6),  (525,6),  (551,2),  (550,2),  (549,4),  (522,0),  (494,0),  (466,0),  (437,0),  (408,0),  (381,0),  (352,4),  (325,4),  (296,0),  (240,4),  (210,4),  (182,4),  (154,4),  (125,4),  (96,4),  (67,2),  (66,2),  (66,6),  (93,6),  (92,6),  (119,6),  (147,1),  (174,1),  (201,1),  (230,6),  (257,6),  (285,6),  (312,6),  (339,6),  (367,6),  (393,6),  (422,6),  (449,6),  (477,1),  (504,1),  (504,0),  (504,4),  (504,6),  (504,7),  (504,3), 


[Timing] Time passed: 168.913584 s

Posterior Probability: -922.1683845
Agreement with demo: 9.6%
Avg angular diffs: 1.1e+02'

-- Positive Demos --
 (52,2),  (52,6),  (52,7),  (52,1),  (81,1),  (109,1),  (137,1),  (136,1),  (192,1),  (219,1),  (248,1),  (304,1),  (332,1),  (358,1),  (414,6),  (442,6),  (470,1),  (497,6),  (525,6),  (551,2),  (550,2),  (549,4),  (522,0),  (494,0),  (466,0),  (437,0),  (408,0),  (381,0),  (352,4),  (325,4),  (296,0),  (240,4),  (210,4),  (182,4),  (154,4),  (125,4),  (96,4),  (67,2),  (66,2),  (66,6),  (93,6),  (92,6),  (119,6),  (147,1),  (174,1),  (201,1),  (230,6),  (257,6),  (285,6),  (312,6),  (339,6),  (367,6),  (393,6),  (422,6),  (449,6),  (477,1),  (504,1),  (504,0),  (504,4),  (504,6),  (504,7),  (504,3), 


[Timing] Time passed: 156.010135 s

Posterior Probability: -227.5413356
Agreement with demo: 18%
Avg angular diffs: 97'

-- Positive Demos --
 (52,2),  (52,6),  (52,7),  (52,1),  (81,1),  (109,1),  (137,1),  (136,1),  (192,1),  (219,1),  (248,1),  (304,1),  (332,1),  (358,1),  (414,6),  (442,6),  (470,1),  (497,6),  (525,6),  (551,2),  (550,2),  (549,4),  (522,0),  (494,0),  (466,0),  (437,0),  (408,0),  (381,0),  (352,4),  (325,4),  (296,0),  (240,4),  (210,4),  (182,4),  (154,4),  (125,4),  (96,4),  (67,2),  (66,2),  (66,6),  (93,6),  (92,6),  (119,6),  (147,1),  (174,1),  (201,1),  (230,6),  (257,6),  (285,6),  (312,6),  (339,6),  (367,6),  (393,6),  (422,6),  (449,6),  (477,1),  (504,1),  (504,0),  (504,4),  (504,6),  (504,7),  (504,3), 


[Timing] Time passed: 171.499511 s

Posterior Probability: -580.2555775
Agreement with demo: 8.2%
Avg angular diffs: 1.1e+02'

-- Positive Demos --
 (52,2),  (52,6),  (52,7),  (52,1),  (81,1),  (109,1),  (137,1),  (136,1),  (192,1),  (219,1),  (248,1),  (304,1),  (332,1),  (358,1),  (414,6),  (442,6),  (470,1),  (497,6),  (525,6),  (551,2),  (550,2),  (549,4),  (522,0),  (494,0),  (466,0),  (437,0),  (408,0),  (381,0),  (352,4),  (325,4),  (296,0),  (240,4),  (210,4),  (182,4),  (154,4),  (125,4),  (96,4),  (67,2),  (66,2),  (66,6),  (93,6),  (92,6),  (119,6),  (147,1),  (174,1),  (201,1),  (230,6),  (257,6),  (285,6),  (312,6),  (339,6),  (367,6),  (393,6),  (422,6),  (449,6),  (477,1),  (504,1),  (504,0),  (504,4),  (504,6),  (504,7),  (504,3), 


[Timing] Time passed: 153.991105 s

Posterior Probability: -269.3581144
Agreement with demo: 2.7%
Avg angular diffs: 1.1e+02'

-- Positive Demos --
 (52,2),  (52,6),  (52,7),  (52,1),  (81,1),  (109,1),  (137,1),  (136,1),  (192,1),  (219,1),  (248,1),  (304,1),  (332,1),  (358,1),  (414,6),  (442,6),  (470,1),  (497,6),  (525,6),  (551,2),  (550,2),  (549,4),  (522,0),  (494,0),  (466,0),  (437,0),  (408,0),  (381,0),  (352,4),  (325,4),  (296,0),  (240,4),  (210,4),  (182,4),  (154,4),  (125,4),  (96,4),  (67,2),  (66,2),  (66,6),  (93,6),  (92,6),  (119,6),  (147,1),  (174,1),  (201,1),  (230,6),  (257,6),  (285,6),  (312,6),  (339,6),  (367,6),  (393,6),  (422,6),  (449,6),  (477,1),  (504,1),  (504,0),  (504,4),  (504,6),  (504,7),  (504,3), 


[Timing] Time passed: 156.68629 s

Posterior Probability: -235.6691151
Agreement with demo: 19%
Avg angular diffs: 87'

-- Positive Demos --
 (52,2),  (52,6),  (52,7),  (52,1),  (81,1),  (109,1),  (137,1),  (136,1),  (192,1),  (219,1),  (248,1),  (304,1),  (332,1),  (358,1),  (414,6),  (442,6),  (470,1),  (497,6),  (525,6),  (551,2),  (550,2),  (549,4),  (522,0),  (494,0),  (466,0),  (437,0),  (408,0),  (381,0),  (352,4),  (325,4),  (296,0),  (240,4),  (210,4),  (182,4),  (154,4),  (125,4),  (96,4),  (67,2),  (66,2),  (66,6),  (93,6),  (92,6),  (119,6),  (147,1),  (174,1),  (201,1),  (230,6),  (257,6),  (285,6),  (312,6),  (339,6),  (367,6),  (393,6),  (422,6),  (449,6),  (477,1),  (504,1),  (504,0),  (504,4),  (504,6),  (504,7),  (504,3), 


[Timing] Time passed: 158.122439 s

Posterior Probability: -208.1093611
Agreement with demo: 14%
Avg angular diffs: 97'

-- Positive Demos --
 (52,2),  (52,6),  (52,7),  (52,1),  (81,1),  (109,1),  (137,1),  (136,1),  (192,1),  (219,1),  (248,1),  (304,1),  (332,1),  (358,1),  (414,6),  (442,6),  (470,1),  (497,6),  (525,6),  (551,2),  (550,2),  (549,4),  (522,0),  (494,0),  (466,0),  (437,0),  (408,0),  (381,0),  (352,4),  (325,4),  (296,0),  (240,4),  (210,4),  (182,4),  (154,4),  (125,4),  (96,4),  (67,2),  (66,2),  (66,6),  (93,6),  (92,6),  (119,6),  (147,1),  (174,1),  (201,1),  (230,6),  (257,6),  (285,6),  (312,6),  (339,6),  (367,6),  (393,6),  (422,6),  (449,6),  (477,1),  (504,1),  (504,0),  (504,4),  (504,6),  (504,7),  (504,3), 


[Timing] Time passed: 149.843782 s

Posterior Probability: -205.0588145
Agreement with demo: 8.2%
Avg angular diffs: 92'

-- Positive Demos --
 (52,2),  (52,6),  (52,7),  (52,1),  (81,1),  (109,1),  (137,1),  (136,1),  (192,1),  (219,1),  (248,1),  (304,1),  (332,1),  (358,1),  (414,6),  (442,6),  (470,1),  (497,6),  (525,6),  (551,2),  (550,2),  (549,4),  (522,0),  (494,0),  (466,0),  (437,0),  (408,0),  (381,0),  (352,4),  (325,4),  (296,0),  (240,4),  (210,4),  (182,4),  (154,4),  (125,4),  (96,4),  (67,2),  (66,2),  (66,6),  (93,6),  (92,6),  (119,6),  (147,1),  (174,1),  (201,1),  (230,6),  (257,6),  (285,6),  (312,6),  (339,6),  (367,6),  (393,6),  (422,6),  (449,6),  (477,1),  (504,1),  (504,0),  (504,4),  (504,6),  (504,7),  (504,3), 


[Timing] Time passed: 166.252169 s

Posterior Probability: -661.1665497
Agreement with demo: 4.1%
Avg angular diffs: 91'

-- Positive Demos --
 (52,2),  (52,6),  (52,7),  (52,1),  (81,1),  (109,1),  (137,1),  (136,1),  (192,1),  (219,1),  (248,1),  (304,1),  (332,1),  (358,1),  (414,6),  (442,6),  (470,1),  (497,6),  (525,6),  (551,2),  (550,2),  (549,4),  (522,0),  (494,0),  (466,0),  (437,0),  (408,0),  (381,0),  (352,4),  (325,4),  (296,0),  (240,4),  (210,4),  (182,4),  (154,4),  (125,4),  (96,4),  (67,2),  (66,2),  (66,6),  (93,6),  (92,6),  (119,6),  (147,1),  (174,1),  (201,1),  (230,6),  (257,6),  (285,6),  (312,6),  (339,6),  (367,6),  (393,6),  (422,6),  (449,6),  (477,1),  (504,1),  (504,0),  (504,4),  (504,6),  (504,7),  (504,3), 


[Timing] Time passed: 159.558405 s

Posterior Probability: -403.3126239
Agreement with demo: 16%
Avg angular diffs: 97'

-- Positive Demos --
 (52,2),  (52,6),  (52,7),  (52,1),  (81,1),  (109,1),  (137,1),  (136,1),  (192,1),  (219,1),  (248,1),  (304,1),  (332,1),  (358,1),  (414,6),  (442,6),  (470,1),  (497,6),  (525,6),  (551,2),  (550,2),  (549,4),  (522,0),  (494,0),  (466,0),  (437,0),  (408,0),  (381,0),  (352,4),  (325,4),  (296,0),  (240,4),  (210,4),  (182,4),  (154,4),  (125,4),  (96,4),  (67,2),  (66,2),  (66,6),  (93,6),  (92,6),  (119,6),  (147,1),  (174,1),  (201,1),  (230,6),  (257,6),  (285,6),  (312,6),  (339,6),  (367,6),  (393,6),  (422,6),  (449,6),  (477,1),  (504,1),  (504,0),  (504,4),  (504,6),  (504,7),  (504,3), 


[Timing] Time passed: 151.480375 s

Posterior Probability: -141.3430674
Agreement with demo: 18%
Avg angular diffs: 83'

-- Positive Demos --
 (52,2),  (52,6),  (52,7),  (52,1),  (81,1),  (109,1),  (137,1),  (136,1),  (192,1),  (219,1),  (248,1),  (304,1),  (332,1),  (358,1),  (414,6),  (442,6),  (470,1),  (497,6),  (525,6),  (551,2),  (550,2),  (549,4),  (522,0),  (494,0),  (466,0),  (437,0),  (408,0),  (381,0),  (352,4),  (325,4),  (296,0),  (240,4),  (210,4),  (182,4),  (154,4),  (125,4),  (96,4),  (67,2),  (66,2),  (66,6),  (93,6),  (92,6),  (119,6),  (147,1),  (174,1),  (201,1),  (230,6),  (257,6),  (285,6),  (312,6),  (339,6),  (367,6),  (393,6),  (422,6),  (449,6),  (477,1),  (504,1),  (504,0),  (504,4),  (504,6),  (504,7),  (504,3), 


[Timing] Time passed: 154.798964 s

Posterior Probability: -215.1648308
Agreement with demo: 15%
Avg angular diffs: 86'

-- Positive Demos --
 (52,2),  (52,6),  (52,7),  (52,1),  (81,1),  (109,1),  (137,1),  (136,1),  (192,1),  (219,1),  (248,1),  (304,1),  (332,1),  (358,1),  (414,6),  (442,6),  (470,1),  (497,6),  (525,6),  (551,2),  (550,2),  (549,4),  (522,0),  (494,0),  (466,0),  (437,0),  (408,0),  (381,0),  (352,4),  (325,4),  (296,0),  (240,4),  (210,4),  (182,4),  (154,4),  (125,4),  (96,4),  (67,2),  (66,2),  (66,6),  (93,6),  (92,6),  (119,6),  (147,1),  (174,1),  (201,1),  (230,6),  (257,6),  (285,6),  (312,6),  (339,6),  (367,6),  (393,6),  (422,6),  (449,6),  (477,1),  (504,1),  (504,0),  (504,4),  (504,6),  (504,7),  (504,3), 


[Timing] Time passed: 156.357573 s

Posterior Probability: -228.2218096
Agreement with demo: 21%
Avg angular diffs: 84'

-- Positive Demos --
 (52,2),  (52,6),  (52,7),  (52,1),  (81,1),  (109,1),  (137,1),  (136,1),  (192,1),  (219,1),  (248,1),  (304,1),  (332,1),  (358,1),  (414,6),  (442,6),  (470,1),  (497,6),  (525,6),  (551,2),  (550,2),  (549,4),  (522,0),  (494,0),  (466,0),  (437,0),  (408,0),  (381,0),  (352,4),  (325,4),  (296,0),  (240,4),  (210,4),  (182,4),  (154,4),  (125,4),  (96,4),  (67,2),  (66,2),  (66,6),  (93,6),  (92,6),  (119,6),  (147,1),  (174,1),  (201,1),  (230,6),  (257,6),  (285,6),  (312,6),  (339,6),  (367,6),  (393,6),  (422,6),  (449,6),  (477,1),  (504,1),  (504,0),  (504,4),  (504,6),  (504,7),  (504,3), 


[Timing] Time passed: 174.602813 s

Posterior Probability: -1042.148107
Agreement with demo: 5.5%
Avg angular diffs: 1.1e+02'

-- Positive Demos --
 (52,2),  (52,6),  (52,7),  (52,1),  (81,1),  (109,1),  (137,1),  (136,1),  (192,1),  (219,1),  (248,1),  (304,1),  (332,1),  (358,1),  (414,6),  (442,6),  (470,1),  (497,6),  (525,6),  (551,2),  (550,2),  (549,4),  (522,0),  (494,0),  (466,0),  (437,0),  (408,0),  (381,0),  (352,4),  (325,4),  (296,0),  (240,4),  (210,4),  (182,4),  (154,4),  (125,4),  (96,4),  (67,2),  (66,2),  (66,6),  (93,6),  (92,6),  (119,6),  (147,1),  (174,1),  (201,1),  (230,6),  (257,6),  (285,6),  (312,6),  (339,6),  (367,6),  (393,6),  (422,6),  (449,6),  (477,1),  (504,1),  (504,0),  (504,4),  (504,6),  (504,7),  (504,3), 


[Timing] Time passed: 158.741135 s

Posterior Probability: -294.5027138
Agreement with demo: 15%
Avg angular diffs: 96'

-- Positive Demos --
 (52,2),  (52,6),  (52,7),  (52,1),  (81,1),  (109,1),  (137,1),  (136,1),  (192,1),  (219,1),  (248,1),  (304,1),  (332,1),  (358,1),  (414,6),  (442,6),  (470,1),  (497,6),  (525,6),  (551,2),  (550,2),  (549,4),  (522,0),  (494,0),  (466,0),  (437,0),  (408,0),  (381,0),  (352,4),  (325,4),  (296,0),  (240,4),  (210,4),  (182,4),  (154,4),  (125,4),  (96,4),  (67,2),  (66,2),  (66,6),  (93,6),  (92,6),  (119,6),  (147,1),  (174,1),  (201,1),  (230,6),  (257,6),  (285,6),  (312,6),  (339,6),  (367,6),  (393,6),  (422,6),  (449,6),  (477,1),  (504,1),  (504,0),  (504,4),  (504,6),  (504,7),  (504,3), 


[Timing] Time passed: 157.380727 s

Posterior Probability: -316.3035564
Agreement with demo: 11%
Avg angular diffs: 80'

-- Positive Demos --
 (52,2),  (52,6),  (52,7),  (52,1),  (81,1),  (109,1),  (137,1),  (136,1),  (192,1),  (219,1),  (248,1),  (304,1),  (332,1),  (358,1),  (414,6),  (442,6),  (470,1),  (497,6),  (525,6),  (551,2),  (550,2),  (549,4),  (522,0),  (494,0),  (466,0),  (437,0),  (408,0),  (381,0),  (352,4),  (325,4),  (296,0),  (240,4),  (210,4),  (182,4),  (154,4),  (125,4),  (96,4),  (67,2),  (66,2),  (66,6),  (93,6),  (92,6),  (119,6),  (147,1),  (174,1),  (201,1),  (230,6),  (257,6),  (285,6),  (312,6),  (339,6),  (367,6),  (393,6),  (422,6),  (449,6),  (477,1),  (504,1),  (504,0),  (504,4),  (504,6),  (504,7),  (504,3), 


[Timing] Time passed: 165.564323 s

Posterior Probability: -793.878445
Agreement with demo: 16%
Avg angular diffs: 88'

-- Positive Demos --
 (52,2),  (52,6),  (52,7),  (52,1),  (81,1),  (109,1),  (137,1),  (136,1),  (192,1),  (219,1),  (248,1),  (304,1),  (332,1),  (358,1),  (414,6),  (442,6),  (470,1),  (497,6),  (525,6),  (551,2),  (550,2),  (549,4),  (522,0),  (494,0),  (466,0),  (437,0),  (408,0),  (381,0),  (352,4),  (325,4),  (296,0),  (240,4),  (210,4),  (182,4),  (154,4),  (125,4),  (96,4),  (67,2),  (66,2),  (66,6),  (93,6),  (92,6),  (119,6),  (147,1),  (174,1),  (201,1),  (230,6),  (257,6),  (285,6),  (312,6),  (339,6),  (367,6),  (393,6),  (422,6),  (449,6),  (477,1),  (504,1),  (504,0),  (504,4),  (504,6),  (504,7),  (504,3), 


[Timing] Time passed: 155.728842 s

Posterior Probability: -161.898179
Agreement with demo: 16%
Avg angular diffs: 1e+02'

-- Positive Demos --
 (52,2),  (52,6),  (52,7),  (52,1),  (81,1),  (109,1),  (137,1),  (136,1),  (192,1),  (219,1),  (248,1),  (304,1),  (332,1),  (358,1),  (414,6),  (442,6),  (470,1),  (497,6),  (525,6),  (551,2),  (550,2),  (549,4),  (522,0),  (494,0),  (466,0),  (437,0),  (408,0),  (381,0),  (352,4),  (325,4),  (296,0),  (240,4),  (210,4),  (182,4),  (154,4),  (125,4),  (96,4),  (67,2),  (66,2),  (66,6),  (93,6),  (92,6),  (119,6),  (147,1),  (174,1),  (201,1),  (230,6),  (257,6),  (285,6),  (312,6),  (339,6),  (367,6),  (393,6),  (422,6),  (449,6),  (477,1),  (504,1),  (504,0),  (504,4),  (504,6),  (504,7),  (504,3), 


[Timing] Time passed: 168.418738 s

Posterior Probability: -788.3706483
Agreement with demo: 6.8%
Avg angular diffs: 1e+02'

-- Positive Demos --
 (52,2),  (52,6),  (52,7),  (52,1),  (81,1),  (109,1),  (137,1),  (136,1),  (192,1),  (219,1),  (248,1),  (304,1),  (332,1),  (358,1),  (414,6),  (442,6),  (470,1),  (497,6),  (525,6),  (551,2),  (550,2),  (549,4),  (522,0),  (494,0),  (466,0),  (437,0),  (408,0),  (381,0),  (352,4),  (325,4),  (296,0),  (240,4),  (210,4),  (182,4),  (154,4),  (125,4),  (96,4),  (67,2),  (66,2),  (66,6),  (93,6),  (92,6),  (119,6),  (147,1),  (174,1),  (201,1),  (230,6),  (257,6),  (285,6),  (312,6),  (339,6),  (367,6),  (393,6),  (422,6),  (449,6),  (477,1),  (504,1),  (504,0),  (504,4),  (504,6),  (504,7),  (504,3), 


[Timing] Time passed: 159.037405 s

Posterior Probability: -149.8107672
Agreement with demo: 6.8%
Avg angular diffs: 90'
-- learned weights --
Feature Weights: 0.0535, 0.02325, 0.01425, -0.1, 
