processing file :../birl_data/42_37_2_objects.txt

Initializing gridworld of size 32 by 24..
    Num states: 768
    Num actions: 8

Total number of demos: 114

Total number of good demos: 83

Selected number of demos: 83

-- Positive Demos --
 (177,6), 


 - [Timing] Time passed: 214.432935 s
- Current feature weights:-0.0006265060241, 0.000265060241, -0.001180722892, -0.0001
 - Posterior Probability: -2.07944
 - Agreement with demo: 0%
 - Current angular diffs: 90'

-- Positive Demos --
 (179,1),  (186,2),  (183,2), 


 - [Timing] Time passed: 202.034176 s
- Current feature weights:-0.004024096386, 0.002072289157, -0.00334939759, -0.0001
 - Posterior Probability: -6.23832
 - Agreement with demo: 0%
 - Current angular diffs: 120'

-- Positive Demos --
 (180,2),  (181,6),  (190,1),  (204,1),  (224,1),  (242,6),  (267,6),  (292,1),  (319,1),  (351,1),  (384,1),  (416,1),  (447,1),  (481,1),  (512,6),  (537,6),  (554,6), 


 - [Timing] Time passed: 260.013469 s
- Current feature weights:-0.05440963855, 0.01804819277, -0.02055421687, -0.0001
 - Posterior Probability: -35.3505
 - Agreement with demo: 11.7647%
 - Current angular diffs: 103.235'

-- Positive Demos --
 (572,2),  (576,6),  (587,6),  (610,6),  (654,6), 


 - [Timing] Time passed: 260.984047 s
- Current feature weights:-0.06772289157, 0.01991566265, -0.02669879518, -0.0001
 - Posterior Probability: -10.3972
 - Agreement with demo: 40%
 - Current angular diffs: 54'

-- Positive Demos --
 (670,6),  (683,6),  (672,4),  (661,4),  (650,0),  (617,0),  (600,0),  (580,4),  (565,4),  (552,0), 


 - [Timing] Time passed: 284.308745 s
- Current feature weights:-0.077, 0.009072289157, -0.04103614458, -0.0001
 - Posterior Probability: -20.7944
 - Agreement with demo: 0%
 - Current angular diffs: 103.5'

-- Positive Demos --
 (536,0),  (522,4),  (509,4),  (494,4), 


 - [Timing] Time passed: 272.166686 s
- Current feature weights:-0.08273493976, 0.004108433735, -0.04556626506, -0.0001
 - Posterior Probability: -8.31777
 - Agreement with demo: 50%
 - Current angular diffs: 33.75'

-- Positive Demos --
 (483,4),  (470,4),  (458,4),  (442,4),  (403,0),  (380,0),  (357,0),  (330,5),  (308,5), 


 - [Timing] Time passed: 263.085119 s
- Current feature weights:-0.09618072289, 0.01440963855, -0.03960240964, -0.0001
 - Posterior Probability: -18.715
 - Agreement with demo: 22.2222%
 - Current angular diffs: 75'

-- Positive Demos --
 (290,5),  (273,5),  (248,0),  (218,0),  (187,0), 


 - [Timing] Time passed: 264.856059 s
- Current feature weights:-0.1022650602, 0.008927710843, -0.03357831325, -0.0001
 - Posterior Probability: -10.3972
 - Agreement with demo: 0%
 - Current angular diffs: 81'

-- Positive Demos --
 (157,4),  (133,4),  (112,4), 


 - [Timing] Time passed: 245.049272 s
- Current feature weights:-0.1022289157, 0.004626506024, -0.02627710843, -0.0001
 - Posterior Probability: -6.23832
 - Agreement with demo: 0%
 - Current angular diffs: 75'

-- Positive Demos --
 (92,4),  (76,2), 


 - [Timing] Time passed: 254.864492 s
- Current feature weights:-0.100373494, 0.003638554217, -0.01996385542, -0.0001
 - Posterior Probability: -4.15888
 - Agreement with demo: 0%
 - Current angular diffs: 67.5'

-- Positive Demos --
 (70,2),  (73,2), 


 - [Timing] Time passed: 237.888089 s
- Current feature weights:-0.09765060241, -0.0001204819277, -0.00943373494, -0.0001
 - Posterior Probability: -4.15888
 - Agreement with demo: 0%
 - Current angular diffs: 112.5'

-- Positive Demos --
 (78,2),  (84,6),  (98,6),  (121,6),  (145,6),  (168,6),  (196,6),  (234,6),  (269,6),  (306,1),  (343,1),  (385,1),  (461,1),  (497,1),  (532,1),  (599,1), 


 - [Timing] Time passed: 256.252918 s
- Current feature weights:-0.06969879518, -0.02344578313, 0.09042168675, -0.0001
 - Posterior Probability: -33.2711
 - Agreement with demo: 12.5%
 - Current angular diffs: 92.8125'

-- Positive Demos --
 (632,1), 


 - [Timing] Time passed: 267.21793 s
- Current feature weights:-0.06785542169, -0.0258313253, 0.09525301205, -0.0001
 - Posterior Probability: -2.07944
 - Agreement with demo: 0%
 - Current angular diffs: 45'

-- Positive Demos --
 (657,1),  (676,1), 


 - [Timing] Time passed: 250.069737 s
- Current feature weights:-0.06281927711, -0.02759036145, 0.1014216867, -0.0001
 - Posterior Probability: -4.15888
 - Agreement with demo: 50%
 - Current angular diffs: 67.5'

-- Positive Demos --
 (691,6), 


 - [Timing] Time passed: 198.47063 s
- Current feature weights:-0.06030120482, -0.02846987952, 0.1045060241, -0.0001
 - Posterior Probability: 0
 - Agreement with demo: 0%
 - Current angular diffs: 90'

-- Positive Demos --
 (694,6), 


 - [Timing] Time passed: 188.913017 s
- Current feature weights:-0.05778313253, -0.02934939759, 0.1075903614, -0.0001
 - Posterior Probability: 0
 - Agreement with demo: 0%
 - Current angular diffs: 45'

-----------------------------
Avg angular diffs: 85.6627'
Total agreement with demo: 13.253%
-- learned weights --
Final feature weights:-0.0577831, -0.0293494, 0.10759, -0.0001
