loading features...

Initializing gridworld of size 32 by 24..
    Num states: 768
    Num actions: 8

Total number of demos: 118

Selected number of demos: 118

-- Positive Demos --
 (730,3),  (734,3),  (727,3),  (723,3),  (726,3),  (731,3),  (718,3),  (715,3),  (709,5),  (697,5),  (689,3),  (686,3),  (688,5),  (680,5),  (660,0),  (629,5),  (611,3),  (607,3),  (602,3),  (597,3),  (596,3),  (604,5),  (592,5),  (581,5),  (575,5),  (566,0),  (547,4),  (530,0),  (512,0),  (487,0),  (459,4),  (439,4),  (424,4),  (408,4),  (383,4),  (360,4),  (341,4),  (326,2),  (317,2),  (316,2),  (324,6),  (338,2),  (345,2),  (349,2),  (355,2),  (361,2),  (356,4),  (343,4),  (324,2),  (323,6),  (344,6),  (368,6),  (387,6),  (405,6),  (431,6),  (457,6),  (468,2),  (469,2),  (472,2),  (476,2),  (473,4),  (460,4),  (443,4),  (417,4),  (389,0),  (359,0),  (326,0),  (292,0),  (256,5),  (225,5),  (200,5),  (176,5),  (154,5),  (131,5),  (119,3),  (114,3),  (110,3),  (104,3),  (97,3),  (96,3),  (102,3),  (107,3),  (115,3),  (124,7),  (139,7),  (162,7),  (177,3),  (183,3),  (184,3),  (180,5),  (166,0),  (139,0),  (110,5),  (96,5),  (88,5),  (79,3),  (76,3),  (83,7),  (100,7),  (120,7),  (133,7),  (141,6),  (143,4),  (142,3),  (143,7),  (145,1),  (148,3),  (148,4),  (146,4), 


[Timing] Time passed: 373.706771 s

Posterior Probability: -639.8569726
Agreement with demo: 12%
Current angular diffs: 93'

Selected number of demos: 79

-- Positive Demos --
 (730,3),  (734,3),  (727,3),  (726,3),  (715,3),  (709,5),  (697,5),  (689,3),  (680,5),  (660,0),  (629,5),  (607,3),  (602,3),  (597,3),  (596,3),  (604,5),  (581,5),  (575,5),  (566,0),  (547,4),  (512,0),  (487,0),  (439,4),  (408,4),  (383,4),  (341,4),  (317,2),  (324,6),  (345,2),  (355,2),  (356,4),  (343,4),  (324,2),  (323,6),  (368,6),  (387,6),  (405,6),  (431,6),  (457,6),  (468,2),  (469,2),  (472,2),  (473,4),  (443,4),  (417,4),  (359,0),  (326,0),  (256,5),  (225,5),  (176,5),  (154,5),  (119,3),  (110,3),  (97,3),  (96,3),  (107,3),  (115,3),  (139,7),  (177,3),  (183,3),  (184,3),  (180,5),  (139,0),  (110,5),  (88,5),  (76,3),  (83,7),  (120,7),  (141,6),  (142,3),  (143,7),  (145,1),  (148,3),  (148,4),  (146,4), 


[Timing] Time passed: 383.843205 s

Posterior Probability: -206.2832874
Agreement with demo: 12%
Current angular diffs: 87'

Selected number of demos: 75

-- Positive Demos --
 (730,3),  (734,3),  (727,3),  (723,3),  (731,3),  (718,3),  (715,3),  (709,5),  (697,5),  (689,3),  (686,3),  (688,5),  (680,5),  (629,5),  (611,3),  (607,3),  (597,3),  (602,3),  (604,5),  (581,5),  (566,0),  (547,4),  (512,0),  (459,4),  (439,4),  (424,4),  (383,4),  (360,4),  (326,2),  (316,2),  (324,6),  (338,2),  (345,2),  (349,2),  (361,2),  (356,4),  (324,2),  (344,6),  (368,6),  (387,6),  (431,6),  (468,2),  (472,2),  (473,4),  (460,4),  (417,4),  (389,0),  (326,0),  (256,5),  (225,5),  (176,5),  (154,5),  (119,3),  (114,3),  (104,3),  (96,3),  (102,3),  (115,3),  (139,7),  (177,3),  (183,3),  (166,0),  (110,5),  (88,5),  (79,3),  (76,3),  (100,7),  (133,7),  (143,4),  (142,3),  (143,7),  (145,1),  (148,3),  (146,4), 


[Timing] Time passed: 413.499241 s

Posterior Probability: -578.8023963
Agreement with demo: 14%
Current angular diffs: 86'

Selected number of demos: 58

-- Positive Demos --
 (730,3),  (734,3),  (727,3),  (731,3),  (718,3),  (715,3),  (697,5),  (686,3),  (688,5),  (680,5),  (611,3),  (607,3),  (597,3),  (596,3),  (604,5),  (581,5),  (566,0),  (512,0),  (439,4),  (383,4),  (341,4),  (316,2),  (338,2),  (345,2),  (349,2),  (361,2),  (343,4),  (324,2),  (323,6),  (368,6),  (405,6),  (468,2),  (476,2),  (473,4),  (417,4),  (389,0),  (359,0),  (326,0),  (225,5),  (154,5),  (119,3),  (104,3),  (102,3),  (107,3),  (115,3),  (139,7),  (183,3),  (180,5),  (139,0),  (110,5),  (88,5),  (79,3),  (83,7),  (100,7),  (120,7),  (141,6),  (142,3),  (148,3), 


[Timing] Time passed: 409.201471 s

Posterior Probability: -250.4752938
Agreement with demo: 17%
Current angular diffs: 87'

Selected number of demos: 61

-- Positive Demos --
 (730,3),  (734,3),  (723,3),  (731,3),  (715,3),  (697,5),  (689,3),  (686,3),  (680,5),  (660,0),  (607,3),  (602,3),  (596,3),  (592,5),  (566,0),  (512,0),  (459,4),  (424,4),  (360,4),  (317,2),  (324,6),  (338,2),  (345,2),  (361,2),  (324,2),  (323,6),  (368,6),  (387,6),  (431,6),  (468,2),  (476,2),  (473,4),  (460,4),  (443,4),  (417,4),  (326,0),  (292,0),  (256,5),  (176,5),  (119,3),  (114,3),  (104,3),  (96,3),  (107,3),  (115,3),  (124,7),  (162,7),  (184,3),  (166,0),  (139,0),  (110,5),  (96,5),  (79,3),  (76,3),  (120,7),  (133,7),  (143,4),  (142,3),  (145,1),  (146,4), 


[Timing] Time passed: 434.290152 s

Posterior Probability: -337.803643
Agreement with demo: 14%
Current angular diffs: 87'

Selected number of demos: 79

-- Positive Demos --
 (730,3),  (734,3),  (727,3),  (726,3),  (731,3),  (718,3),  (709,5),  (697,5),  (686,3),  (689,3),  (680,5),  (660,0),  (611,3),  (607,3),  (597,3),  (602,3),  (592,5),  (581,5),  (575,5),  (547,4),  (512,0),  (459,4),  (439,4),  (424,4),  (383,4),  (341,4),  (317,2),  (316,2),  (338,2),  (349,2),  (355,2),  (356,4),  (343,4),  (323,6),  (344,6),  (368,6),  (387,6),  (431,6),  (457,6),  (469,2),  (476,2),  (460,4),  (417,4),  (389,0),  (326,0),  (292,0),  (225,5),  (200,5),  (154,5),  (131,5),  (114,3),  (110,3),  (97,3),  (96,3),  (102,3),  (107,3),  (124,7),  (139,7),  (162,7),  (183,3),  (166,0),  (139,0),  (96,5),  (88,5),  (76,3),  (100,7),  (120,7),  (133,7),  (141,6),  (143,4),  (142,3),  (143,7),  (148,3),  (148,4),  (146,4), 


[Timing] Time passed: 384.718424 s

Posterior Probability: -349.6355331
Agreement with demo: 12%
Current angular diffs: 91'

Selected number of demos: 53

-- Positive Demos --
 (734,3),  (723,3),  (727,3),  (715,3),  (709,5),  (686,3),  (688,5),  (629,5),  (607,3),  (596,3),  (592,5),  (575,5),  (547,4),  (530,0),  (459,4),  (408,4),  (360,4),  (326,2),  (316,2),  (324,6),  (349,2),  (355,2),  (361,2),  (343,4),  (344,6),  (387,6),  (457,6),  (472,2),  (460,4),  (417,4),  (359,0),  (326,0),  (292,0),  (225,5),  (154,5),  (114,3),  (104,3),  (96,3),  (115,3),  (124,7),  (162,7),  (183,3),  (139,0),  (96,5),  (76,3),  (100,7),  (120,7),  (141,6),  (142,3),  (143,7),  (145,1),  (148,4), 


[Timing] Time passed: 335.712642 s

Posterior Probability: -170.1021054
Agreement with demo: 12%
Current angular diffs: 97'

Selected number of demos: 62

-- Positive Demos --
 (730,3),  (734,3),  (726,3),  (727,3),  (718,3),  (715,3),  (689,3),  (686,3),  (680,5),  (660,0),  (611,3),  (607,3),  (602,3),  (597,3),  (604,5),  (575,5),  (566,0),  (512,0),  (487,0),  (439,4),  (424,4),  (408,4),  (360,4),  (326,2),  (324,6),  (338,2),  (345,2),  (349,2),  (355,2),  (356,4),  (323,6),  (368,6),  (387,6),  (457,6),  (472,2),  (473,4),  (443,4),  (359,0),  (256,5),  (225,5),  (200,5),  (131,5),  (110,3),  (97,3),  (96,3),  (115,3),  (139,7),  (162,7),  (177,3),  (184,3),  (166,0),  (139,0),  (96,5),  (88,5),  (76,3),  (120,7),  (143,4),  (142,3),  (148,3),  (148,4), 


[Timing] Time passed: 363.783017 s

Posterior Probability: -279.1785654
Agreement with demo: 9.9%
Current angular diffs: 90'

Selected number of demos: 65

-- Positive Demos --
 (730,3),  (734,3),  (723,3),  (726,3),  (718,3),  (715,3),  (709,5),  (686,3),  (688,5),  (660,0),  (629,5),  (611,3),  (602,3),  (604,5),  (581,5),  (575,5),  (566,0),  (530,0),  (487,0),  (439,4),  (408,4),  (383,4),  (360,4),  (317,2),  (316,2),  (324,6),  (345,2),  (355,2),  (343,4),  (344,6),  (387,6),  (431,6),  (469,2),  (476,2),  (473,4),  (460,4),  (389,0),  (359,0),  (256,5),  (225,5),  (200,5),  (176,5),  (154,5),  (131,5),  (119,3),  (104,3),  (97,3),  (96,3),  (107,3),  (139,7),  (162,7),  (177,3),  (184,3),  (180,5),  (166,0),  (96,5),  (79,3),  (83,7),  (120,7),  (141,6),  (142,3),  (143,7),  (145,1),  (148,4), 


[Timing] Time passed: 387.866394 s

Posterior Probability: -320.7850514
Agreement with demo: 9.1%
Current angular diffs: 99'

Selected number of demos: 75

-- Positive Demos --
 (730,3),  (734,3),  (727,3),  (726,3),  (731,3),  (718,3),  (715,3),  (709,5),  (689,3),  (686,3),  (688,5),  (660,0),  (629,5),  (607,3),  (602,3),  (596,3),  (604,5),  (592,5),  (581,5),  (566,0),  (547,4),  (512,0),  (459,4),  (424,4),  (383,4),  (341,4),  (326,2),  (317,2),  (316,2),  (338,2),  (349,2),  (361,2),  (356,4),  (324,2),  (323,6),  (368,6),  (405,6),  (431,6),  (457,6),  (469,2),  (476,2),  (460,4),  (417,4),  (389,0),  (326,0),  (256,5),  (200,5),  (154,5),  (131,5),  (119,3),  (114,3),  (110,3),  (97,3),  (96,3),  (107,3),  (115,3),  (139,7),  (162,7),  (177,3),  (184,3),  (180,5),  (139,0),  (96,5),  (79,3),  (76,3),  (83,7),  (100,7),  (133,7),  (143,4),  (142,3),  (145,1),  (148,3),  (148,4), 


[Timing] Time passed: 374.208784 s

Posterior Probability: -218.3561456
Agreement with demo: 14%
Current angular diffs: 95'

Selected number of demos: 118

-- Positive Demos --
 (730,3),  (734,3),  (727,3),  (723,3),  (726,3),  (731,3),  (718,3),  (715,3),  (709,5),  (697,5),  (689,3),  (686,3),  (688,5),  (680,5),  (660,0),  (629,5),  (611,3),  (607,3),  (602,3),  (597,3),  (596,3),  (604,5),  (592,5),  (581,5),  (575,5),  (566,0),  (547,4),  (530,0),  (512,0),  (487,0),  (459,4),  (439,4),  (424,4),  (408,4),  (383,4),  (360,4),  (341,4),  (326,2),  (317,2),  (316,2),  (324,6),  (338,2),  (345,2),  (349,2),  (355,2),  (361,2),  (356,4),  (343,4),  (324,2),  (323,6),  (344,6),  (368,6),  (387,6),  (405,6),  (431,6),  (457,6),  (468,2),  (469,2),  (472,2),  (476,2),  (473,4),  (460,4),  (443,4),  (417,4),  (389,0),  (359,0),  (326,0),  (292,0),  (256,5),  (225,5),  (200,5),  (176,5),  (154,5),  (131,5),  (119,3),  (114,3),  (110,3),  (104,3),  (97,3),  (96,3),  (102,3),  (107,3),  (115,3),  (124,7),  (139,7),  (162,7),  (177,3),  (183,3),  (184,3),  (180,5),  (166,0),  (139,0),  (110,5),  (96,5),  (88,5),  (79,3),  (76,3),  (83,7),  (100,7),  (120,7),  (133,7),  (141,6),  (143,4),  (142,3),  (143,7),  (145,1),  (148,3),  (148,4),  (146,4), 


[Timing] Time passed: 372.434071 s

Posterior Probability: -308.1757047
Agreement with demo: 13%
Current angular diffs: 80'

Selected number of demos: 63

-- Positive Demos --
 (730,3),  (734,3),  (723,3),  (726,3),  (731,3),  (718,3),  (715,3),  (689,3),  (680,5),  (611,3),  (607,3),  (596,3),  (602,3),  (592,5),  (575,5),  (547,4),  (487,0),  (424,4),  (408,4),  (383,4),  (360,4),  (326,2),  (317,2),  (338,2),  (349,2),  (356,4),  (343,4),  (324,2),  (323,6),  (344,6),  (405,6),  (468,2),  (469,2),  (473,4),  (443,4),  (389,0),  (326,0),  (256,5),  (225,5),  (176,5),  (131,5),  (119,3),  (110,3),  (96,3),  (115,3),  (124,7),  (177,3),  (183,3),  (180,5),  (166,0),  (96,5),  (79,3),  (83,7),  (120,7),  (133,7),  (141,6),  (142,3),  (143,7),  (148,3),  (146,4), 


[Timing] Time passed: 389.334061 s

Posterior Probability: -471.318655
Agreement with demo: 13%
Current angular diffs: 86'

Selected number of demos: 61

-- Positive Demos --
 (730,3),  (734,3),  (723,3),  (731,3),  (715,3),  (697,5),  (689,3),  (660,0),  (611,3),  (602,3),  (596,3),  (604,5),  (592,5),  (566,0),  (547,4),  (512,0),  (459,4),  (439,4),  (424,4),  (383,4),  (326,2),  (324,6),  (345,2),  (355,2),  (361,2),  (356,4),  (343,4),  (323,6),  (368,6),  (387,6),  (405,6),  (468,2),  (476,2),  (443,4),  (359,0),  (326,0),  (292,0),  (200,5),  (131,5),  (119,3),  (114,3),  (104,3),  (97,3),  (102,3),  (115,3),  (139,7),  (183,3),  (180,5),  (139,0),  (110,5),  (79,3),  (76,3),  (83,7),  (100,7),  (120,7),  (141,6),  (142,3),  (143,7),  (145,1),  (148,4), 


[Timing] Time passed: 374.713585 s

Posterior Probability: -174.6864215
Agreement with demo: 15%
Current angular diffs: 90'

Selected number of demos: 56

-- Positive Demos --
 (730,3),  (734,3),  (726,3),  (718,3),  (709,5),  (689,3),  (688,5),  (680,5),  (611,3),  (602,3),  (596,3),  (604,5),  (592,5),  (575,5),  (530,0),  (459,4),  (439,4),  (383,4),  (326,2),  (316,2),  (345,2),  (355,2),  (356,4),  (343,4),  (324,2),  (323,6),  (368,6),  (405,6),  (468,2),  (476,2),  (460,4),  (443,4),  (359,0),  (326,0),  (292,0),  (256,5),  (200,5),  (176,5),  (119,3),  (104,3),  (102,3),  (107,3),  (115,3),  (162,7),  (184,3),  (180,5),  (110,5),  (79,3),  (76,3),  (100,7),  (120,7),  (133,7),  (141,6),  (142,3),  (145,1),  (148,4), 


[Timing] Time passed: 328.333617 s

Posterior Probability: -252.7418465
Agreement with demo: 9.9%
Current angular diffs: 89'

Selected number of demos: 57

-- Positive Demos --
 (734,3),  (727,3),  (731,3),  (715,3),  (709,5),  (697,5),  (689,3),  (680,5),  (660,0),  (629,5),  (607,3),  (597,3),  (604,5),  (581,5),  (547,4),  (512,0),  (439,4),  (424,4),  (408,4),  (341,4),  (326,2),  (324,6),  (338,2),  (349,2),  (355,2),  (343,4),  (344,6),  (405,6),  (468,2),  (476,2),  (473,4),  (417,4),  (326,0),  (225,5),  (154,5),  (131,5),  (110,3),  (97,3),  (102,3),  (107,3),  (115,3),  (139,7),  (183,3),  (184,3),  (166,0),  (96,5),  (76,3),  (120,7),  (143,4),  (142,3),  (143,7),  (145,1),  (146,4), 


[Timing] Time passed: 369.639185 s

Posterior Probability: -137.7954921
Agreement with demo: 9.9%
Current angular diffs: 97'

Selected number of demos: 118

-- Positive Demos --
 (730,3),  (734,3),  (727,3),  (723,3),  (726,3),  (731,3),  (718,3),  (715,3),  (709,5),  (697,5),  (689,3),  (686,3),  (688,5),  (680,5),  (660,0),  (629,5),  (611,3),  (607,3),  (602,3),  (597,3),  (596,3),  (604,5),  (592,5),  (581,5),  (575,5),  (566,0),  (547,4),  (530,0),  (512,0),  (487,0),  (459,4),  (439,4),  (424,4),  (408,4),  (383,4),  (360,4),  (341,4),  (326,2),  (317,2),  (316,2),  (324,6),  (338,2),  (345,2),  (349,2),  (355,2),  (361,2),  (356,4),  (343,4),  (324,2),  (323,6),  (344,6),  (368,6),  (387,6),  (405,6),  (431,6),  (457,6),  (468,2),  (469,2),  (472,2),  (476,2),  (473,4),  (460,4),  (443,4),  (417,4),  (389,0),  (359,0),  (326,0),  (292,0),  (256,5),  (225,5),  (200,5),  (176,5),  (154,5),  (131,5),  (119,3),  (114,3),  (110,3),  (104,3),  (97,3),  (96,3),  (102,3),  (107,3),  (115,3),  (124,7),  (139,7),  (162,7),  (177,3),  (183,3),  (184,3),  (180,5),  (166,0),  (139,0),  (110,5),  (96,5),  (88,5),  (79,3),  (76,3),  (83,7),  (100,7),  (120,7),  (133,7),  (141,6),  (143,4),  (142,3),  (143,7),  (145,1),  (148,3),  (148,4),  (146,4), 


[Timing] Time passed: 374.068005 s

Posterior Probability: -284.522183
Agreement with demo: 9.9%
Current angular diffs: 91'

Selected number of demos: 118

-- Positive Demos --
 (730,3),  (734,3),  (727,3),  (723,3),  (726,3),  (731,3),  (718,3),  (715,3),  (709,5),  (697,5),  (689,3),  (686,3),  (688,5),  (680,5),  (660,0),  (629,5),  (611,3),  (607,3),  (602,3),  (597,3),  (596,3),  (604,5),  (592,5),  (581,5),  (575,5),  (566,0),  (547,4),  (530,0),  (512,0),  (487,0),  (459,4),  (439,4),  (424,4),  (408,4),  (383,4),  (360,4),  (341,4),  (326,2),  (317,2),  (316,2),  (324,6),  (338,2),  (345,2),  (349,2),  (355,2),  (361,2),  (356,4),  (343,4),  (324,2),  (323,6),  (344,6),  (368,6),  (387,6),  (405,6),  (431,6),  (457,6),  (468,2),  (469,2),  (472,2),  (476,2),  (473,4),  (460,4),  (443,4),  (417,4),  (389,0),  (359,0),  (326,0),  (292,0),  (256,5),  (225,5),  (200,5),  (176,5),  (154,5),  (131,5),  (119,3),  (114,3),  (110,3),  (104,3),  (97,3),  (96,3),  (102,3),  (107,3),  (115,3),  (124,7),  (139,7),  (162,7),  (177,3),  (183,3),  (184,3),  (180,5),  (166,0),  (139,0),  (110,5),  (96,5),  (88,5),  (79,3),  (76,3),  (83,7),  (100,7),  (120,7),  (133,7),  (141,6),  (143,4),  (142,3),  (143,7),  (145,1),  (148,3),  (148,4),  (146,4), 


[Timing] Time passed: 385.735551 s

Posterior Probability: -270.9191547
Agreement with demo: 9.9%
Current angular diffs: 91'

Selected number of demos: 118

-- Positive Demos --
 (730,3),  (734,3),  (727,3),  (723,3),  (726,3),  (731,3),  (718,3),  (715,3),  (709,5),  (697,5),  (689,3),  (686,3),  (688,5),  (680,5),  (660,0),  (629,5),  (611,3),  (607,3),  (602,3),  (597,3),  (596,3),  (604,5),  (592,5),  (581,5),  (575,5),  (566,0),  (547,4),  (530,0),  (512,0),  (487,0),  (459,4),  (439,4),  (424,4),  (408,4),  (383,4),  (360,4),  (341,4),  (326,2),  (317,2),  (316,2),  (324,6),  (338,2),  (345,2),  (349,2),  (355,2),  (361,2),  (356,4),  (343,4),  (324,2),  (323,6),  (344,6),  (368,6),  (387,6),  (405,6),  (431,6),  (457,6),  (468,2),  (469,2),  (472,2),  (476,2),  (473,4),  (460,4),  (443,4),  (417,4),  (389,0),  (359,0),  (326,0),  (292,0),  (256,5),  (225,5),  (200,5),  (176,5),  (154,5),  (131,5),  (119,3),  (114,3),  (110,3),  (104,3),  (97,3),  (96,3),  (102,3),  (107,3),  (115,3),  (124,7),  (139,7),  (162,7),  (177,3),  (183,3),  (184,3),  (180,5),  (166,0),  (139,0),  (110,5),  (96,5),  (88,5),  (79,3),  (76,3),  (83,7),  (100,7),  (120,7),  (133,7),  (141,6),  (143,4),  (142,3),  (143,7),  (145,1),  (148,3),  (148,4),  (146,4), 


[Timing] Time passed: 393.738904 s

Posterior Probability: -703.1519738
Agreement with demo: 14%
Current angular diffs: 87'

Selected number of demos: 81

-- Positive Demos --
 (730,3),  (734,3),  (723,3),  (726,3),  (727,3),  (718,3),  (709,5),  (689,3),  (686,3),  (688,5),  (660,0),  (629,5),  (607,3),  (602,3),  (596,3),  (592,5),  (575,5),  (547,4),  (512,0),  (487,0),  (459,4),  (424,4),  (383,4),  (360,4),  (341,4),  (326,2),  (316,2),  (338,2),  (345,2),  (349,2),  (355,2),  (361,2),  (343,4),  (324,2),  (323,6),  (344,6),  (387,6),  (405,6),  (457,6),  (468,2),  (469,2),  (472,2),  (473,4),  (460,4),  (417,4),  (359,0),  (292,0),  (256,5),  (225,5),  (176,5),  (131,5),  (119,3),  (114,3),  (110,3),  (104,3),  (97,3),  (96,3),  (107,3),  (124,7),  (139,7),  (177,3),  (183,3),  (180,5),  (166,0),  (110,5),  (88,5),  (76,3),  (83,7),  (100,7),  (120,7),  (141,6),  (143,4),  (142,3),  (145,1),  (148,4),  (146,4), 


[Timing] Time passed: 392.684052 s

Posterior Probability: -333.394344
Agreement with demo: 13%
Current angular diffs: 92'

Selected number of demos: 80

-- Positive Demos --
 (730,3),  (734,3),  (723,3),  (726,3),  (731,3),  (718,3),  (709,5),  (697,5),  (689,3),  (688,5),  (680,5),  (660,0),  (629,5),  (607,3),  (597,3),  (596,3),  (602,3),  (604,5),  (581,5),  (575,5),  (566,0),  (530,0),  (487,0),  (459,4),  (439,4),  (408,4),  (360,4),  (341,4),  (326,2),  (316,2),  (324,6),  (345,2),  (355,2),  (361,2),  (356,4),  (324,2),  (344,6),  (368,6),  (387,6),  (431,6),  (457,6),  (468,2),  (472,2),  (476,2),  (460,4),  (443,4),  (417,4),  (359,0),  (292,0),  (256,5),  (200,5),  (154,5),  (119,3),  (110,3),  (97,3),  (102,3),  (107,3),  (115,3),  (139,7),  (162,7),  (183,3),  (166,0),  (139,0),  (96,5),  (79,3),  (76,3),  (83,7),  (100,7),  (120,7),  (141,6),  (143,4),  (142,3),  (143,7),  (148,3),  (146,4), 


[Timing] Time passed: 380.262593 s

Posterior Probability: -237.6632904
Agreement with demo: 9.1%
Current angular diffs: 89'

Selected number of demos: 78

-- Positive Demos --
 (730,3),  (734,3),  (727,3),  (726,3),  (731,3),  (718,3),  (709,5),  (689,3),  (686,3),  (688,5),  (660,0),  (629,5),  (607,3),  (602,3),  (597,3),  (604,5),  (581,5),  (575,5),  (547,4),  (512,0),  (487,0),  (459,4),  (439,4),  (424,4),  (383,4),  (341,4),  (326,2),  (316,2),  (324,6),  (345,2),  (349,2),  (355,2),  (356,4),  (343,4),  (323,6),  (344,6),  (387,6),  (431,6),  (468,2),  (469,2),  (472,2),  (473,4),  (443,4),  (417,4),  (359,0),  (326,0),  (292,0),  (256,5),  (225,5),  (176,5),  (131,5),  (114,3),  (104,3),  (96,3),  (107,3),  (124,7),  (139,7),  (162,7),  (177,3),  (184,3),  (180,5),  (166,0),  (110,5),  (96,5),  (88,5),  (79,3),  (76,3),  (100,7),  (120,7),  (133,7),  (141,6),  (143,4),  (142,3),  (145,1),  (148,3),  (148,4), 


[Timing] Time passed: 382.320308 s

Posterior Probability: -192.3432706
Agreement with demo: 9.1%
Current angular diffs: 98'

Selected number of demos: 55

-- Positive Demos --
 (730,3),  (727,3),  (731,3),  (709,5),  (686,3),  (688,5),  (660,0),  (629,5),  (607,3),  (597,3),  (602,3),  (592,5),  (566,0),  (547,4),  (512,0),  (439,4),  (408,4),  (383,4),  (341,4),  (317,2),  (316,2),  (345,2),  (361,2),  (324,2),  (323,6),  (344,6),  (405,6),  (468,2),  (472,2),  (460,4),  (417,4),  (359,0),  (256,5),  (176,5),  (131,5),  (114,3),  (110,3),  (104,3),  (96,3),  (115,3),  (124,7),  (162,7),  (183,3),  (184,3),  (180,5),  (139,0),  (88,5),  (79,3),  (76,3),  (83,7),  (133,7),  (142,3),  (143,7),  (148,4), 


[Timing] Time passed: 372.344476 s

Posterior Probability: -129.2568846
Agreement with demo: 9.9%
Current angular diffs: 91'

Selected number of demos: 79

-- Positive Demos --
 (730,3),  (734,3),  (727,3),  (726,3),  (715,3),  (697,5),  (686,3),  (688,5),  (680,5),  (629,5),  (611,3),  (607,3),  (602,3),  (596,3),  (592,5),  (575,5),  (547,4),  (512,0),  (487,0),  (439,4),  (424,4),  (383,4),  (360,4),  (341,4),  (326,2),  (317,2),  (316,2),  (324,6),  (345,2),  (349,2),  (361,2),  (356,4),  (343,4),  (324,2),  (344,6),  (387,6),  (431,6),  (457,6),  (469,2),  (472,2),  (476,2),  (473,4),  (460,4),  (443,4),  (389,0),  (326,0),  (256,5),  (225,5),  (200,5),  (154,5),  (119,3),  (114,3),  (110,3),  (104,3),  (97,3),  (96,3),  (102,3),  (107,3),  (124,7),  (162,7),  (183,3),  (184,3),  (180,5),  (139,0),  (110,5),  (96,5),  (88,5),  (76,3),  (100,7),  (133,7),  (143,4),  (142,3),  (143,7),  (148,3),  (146,4), 


[Timing] Time passed: 354.413912 s

Posterior Probability: -317.9824503
Agreement with demo: 12%
Current angular diffs: 91'

Selected number of demos: 118

-- Positive Demos --
 (730,3),  (734,3),  (727,3),  (723,3),  (726,3),  (731,3),  (718,3),  (715,3),  (709,5),  (697,5),  (689,3),  (686,3),  (688,5),  (680,5),  (660,0),  (629,5),  (611,3),  (607,3),  (602,3),  (597,3),  (596,3),  (604,5),  (592,5),  (581,5),  (575,5),  (566,0),  (547,4),  (530,0),  (512,0),  (487,0),  (459,4),  (439,4),  (424,4),  (408,4),  (383,4),  (360,4),  (341,4),  (326,2),  (317,2),  (316,2),  (324,6),  (338,2),  (345,2),  (349,2),  (355,2),  (361,2),  (356,4),  (343,4),  (324,2),  (323,6),  (344,6),  (368,6),  (387,6),  (405,6),  (431,6),  (457,6),  (468,2),  (469,2),  (472,2),  (476,2),  (473,4),  (460,4),  (443,4),  (417,4),  (389,0),  (359,0),  (326,0),  (292,0),  (256,5),  (225,5),  (200,5),  (176,5),  (154,5),  (131,5),  (119,3),  (114,3),  (110,3),  (104,3),  (97,3),  (96,3),  (102,3),  (107,3),  (115,3),  (124,7),  (139,7),  (162,7),  (177,3),  (183,3),  (184,3),  (180,5),  (166,0),  (139,0),  (110,5),  (96,5),  (88,5),  (79,3),  (76,3),  (83,7),  (100,7),  (120,7),  (133,7),  (141,6),  (143,4),  (142,3),  (143,7),  (145,1),  (148,3),  (148,4),  (146,4), 


[Timing] Time passed: 359.832788 s

Posterior Probability: -567.6097559
Agreement with demo: 14%
Current angular diffs: 91'

Selected number of demos: 75

-- Positive Demos --
 (730,3),  (734,3),  (723,3),  (731,3),  (718,3),  (709,5),  (697,5),  (686,3),  (689,3),  (680,5),  (660,0),  (611,3),  (607,3),  (602,3),  (597,3),  (596,3),  (604,5),  (581,5),  (575,5),  (547,4),  (530,0),  (487,0),  (459,4),  (424,4),  (383,4),  (341,4),  (326,2),  (316,2),  (324,6),  (338,2),  (349,2),  (355,2),  (356,4),  (343,4),  (324,2),  (323,6),  (344,6),  (387,6),  (405,6),  (457,6),  (469,2),  (476,2),  (473,4),  (460,4),  (417,4),  (389,0),  (326,0),  (256,5),  (200,5),  (154,5),  (119,3),  (110,3),  (97,3),  (102,3),  (107,3),  (115,3),  (139,7),  (177,3),  (184,3),  (180,5),  (139,0),  (96,5),  (88,5),  (79,3),  (76,3),  (83,7),  (100,7),  (120,7),  (141,6),  (143,4),  (142,3),  (145,1),  (148,4), 


[Timing] Time passed: 383.577486 s

Posterior Probability: -178.7162707
Agreement with demo: 12%
Current angular diffs: 87'

Selected number of demos: 118

-- Positive Demos --
 (730,3),  (734,3),  (727,3),  (723,3),  (726,3),  (731,3),  (718,3),  (715,3),  (709,5),  (697,5),  (689,3),  (686,3),  (688,5),  (680,5),  (660,0),  (629,5),  (611,3),  (607,3),  (602,3),  (597,3),  (596,3),  (604,5),  (592,5),  (581,5),  (575,5),  (566,0),  (547,4),  (530,0),  (512,0),  (487,0),  (459,4),  (439,4),  (424,4),  (408,4),  (383,4),  (360,4),  (341,4),  (326,2),  (317,2),  (316,2),  (324,6),  (338,2),  (345,2),  (349,2),  (355,2),  (361,2),  (356,4),  (343,4),  (324,2),  (323,6),  (344,6),  (368,6),  (387,6),  (405,6),  (431,6),  (457,6),  (468,2),  (469,2),  (472,2),  (476,2),  (473,4),  (460,4),  (443,4),  (417,4),  (389,0),  (359,0),  (326,0),  (292,0),  (256,5),  (225,5),  (200,5),  (176,5),  (154,5),  (131,5),  (119,3),  (114,3),  (110,3),  (104,3),  (97,3),  (96,3),  (102,3),  (107,3),  (115,3),  (124,7),  (139,7),  (162,7),  (177,3),  (183,3),  (184,3),  (180,5),  (166,0),  (139,0),  (110,5),  (96,5),  (88,5),  (79,3),  (76,3),  (83,7),  (100,7),  (120,7),  (133,7),  (141,6),  (143,4),  (142,3),  (143,7),  (145,1),  (148,3),  (148,4),  (146,4), 


[Timing] Time passed: 379.719256 s

Posterior Probability: -361.3854163
Agreement with demo: 12%
Current angular diffs: 90'

Selected number of demos: 79

-- Positive Demos --
 (730,3),  (734,3),  (727,3),  (723,3),  (731,3),  (715,3),  (697,5),  (686,3),  (689,3),  (680,5),  (629,5),  (607,3),  (597,3),  (596,3),  (604,5),  (592,5),  (581,5),  (566,0),  (547,4),  (530,0),  (512,0),  (459,4),  (424,4),  (383,4),  (360,4),  (341,4),  (326,2),  (316,2),  (324,6),  (345,2),  (349,2),  (355,2),  (356,4),  (324,2),  (323,6),  (368,6),  (387,6),  (405,6),  (457,6),  (468,2),  (472,2),  (476,2),  (473,4),  (460,4),  (443,4),  (389,0),  (326,0),  (292,0),  (256,5),  (200,5),  (176,5),  (154,5),  (119,3),  (110,3),  (97,3),  (102,3),  (107,3),  (115,3),  (124,7),  (139,7),  (177,3),  (183,3),  (166,0),  (139,0),  (96,5),  (88,5),  (79,3),  (76,3),  (100,7),  (120,7),  (141,6),  (142,3),  (145,1),  (148,4), 


[Timing] Time passed: 386.516286 s

Posterior Probability: -351.4066664
Agreement with demo: 9.9%
Current angular diffs: 93'

Selected number of demos: 62

-- Positive Demos --
 (734,3),  (727,3),  (731,3),  (709,5),  (697,5),  (689,3),  (680,5),  (660,0),  (607,3),  (602,3),  (592,5),  (566,0),  (512,0),  (459,4),  (424,4),  (408,4),  (383,4),  (360,4),  (326,2),  (316,2),  (345,2),  (349,2),  (361,2),  (356,4),  (323,6),  (344,6),  (368,6),  (405,6),  (457,6),  (468,2),  (476,2),  (473,4),  (443,4),  (359,0),  (256,5),  (225,5),  (176,5),  (119,3),  (110,3),  (97,3),  (102,3),  (124,7),  (162,7),  (183,3),  (180,5),  (110,5),  (79,3),  (76,3),  (83,7),  (120,7),  (133,7),  (143,4),  (142,3),  (143,7),  (148,3),  (146,4), 


[Timing] Time passed: 383.77979 s

Posterior Probability: -330.4714725
Agreement with demo: 12%
Current angular diffs: 90'

Selected number of demos: 59

-- Positive Demos --
 (734,3),  (727,3),  (726,3),  (718,3),  (715,3),  (697,5),  (689,3),  (660,0),  (611,3),  (607,3),  (597,3),  (602,3),  (604,5),  (575,5),  (547,4),  (487,0),  (459,4),  (439,4),  (383,4),  (341,4),  (317,2),  (316,2),  (324,6),  (338,2),  (355,2),  (343,4),  (324,2),  (368,6),  (405,6),  (457,6),  (468,2),  (469,2),  (472,2),  (473,4),  (417,4),  (389,0),  (292,0),  (225,5),  (154,5),  (119,3),  (110,3),  (96,3),  (115,3),  (162,7),  (184,3),  (180,5),  (110,5),  (79,3),  (76,3),  (120,7),  (133,7),  (141,6),  (143,4),  (142,3),  (143,7),  (145,1),  (146,4), 


[Timing] Time passed: 386.6313 s

Posterior Probability: -448.8754517
Agreement with demo: 12%
Current angular diffs: 87'

Selected number of demos: 118

-- Positive Demos --
 (730,3),  (734,3),  (727,3),  (723,3),  (726,3),  (731,3),  (718,3),  (715,3),  (709,5),  (697,5),  (689,3),  (686,3),  (688,5),  (680,5),  (660,0),  (629,5),  (611,3),  (607,3),  (602,3),  (597,3),  (596,3),  (604,5),  (592,5),  (581,5),  (575,5),  (566,0),  (547,4),  (530,0),  (512,0),  (487,0),  (459,4),  (439,4),  (424,4),  (408,4),  (383,4),  (360,4),  (341,4),  (326,2),  (317,2),  (316,2),  (324,6),  (338,2),  (345,2),  (349,2),  (355,2),  (361,2),  (356,4),  (343,4),  (324,2),  (323,6),  (344,6),  (368,6),  (387,6),  (405,6),  (431,6),  (457,6),  (468,2),  (469,2),  (472,2),  (476,2),  (473,4),  (460,4),  (443,4),  (417,4),  (389,0),  (359,0),  (326,0),  (292,0),  (256,5),  (225,5),  (200,5),  (176,5),  (154,5),  (131,5),  (119,3),  (114,3),  (110,3),  (104,3),  (97,3),  (96,3),  (102,3),  (107,3),  (115,3),  (124,7),  (139,7),  (162,7),  (177,3),  (183,3),  (184,3),  (180,5),  (166,0),  (139,0),  (110,5),  (96,5),  (88,5),  (79,3),  (76,3),  (83,7),  (100,7),  (120,7),  (133,7),  (141,6),  (143,4),  (142,3),  (143,7),  (145,1),  (148,3),  (148,4),  (146,4), 


[Timing] Time passed: 378.424002 s

Posterior Probability: -411.9245705
Agreement with demo: 9.1%
Current angular diffs: 93'

Selected number of demos: 118

-- Positive Demos --
 (730,3),  (734,3),  (727,3),  (723,3),  (726,3),  (731,3),  (718,3),  (715,3),  (709,5),  (697,5),  (689,3),  (686,3),  (688,5),  (680,5),  (660,0),  (629,5),  (611,3),  (607,3),  (602,3),  (597,3),  (596,3),  (604,5),  (592,5),  (581,5),  (575,5),  (566,0),  (547,4),  (530,0),  (512,0),  (487,0),  (459,4),  (439,4),  (424,4),  (408,4),  (383,4),  (360,4),  (341,4),  (326,2),  (317,2),  (316,2),  (324,6),  (338,2),  (345,2),  (349,2),  (355,2),  (361,2),  (356,4),  (343,4),  (324,2),  (323,6),  (344,6),  (368,6),  (387,6),  (405,6),  (431,6),  (457,6),  (468,2),  (469,2),  (472,2),  (476,2),  (473,4),  (460,4),  (443,4),  (417,4),  (389,0),  (359,0),  (326,0),  (292,0),  (256,5),  (225,5),  (200,5),  (176,5),  (154,5),  (131,5),  (119,3),  (114,3),  (110,3),  (104,3),  (97,3),  (96,3),  (102,3),  (107,3),  (115,3),  (124,7),  (139,7),  (162,7),  (177,3),  (183,3),  (184,3),  (180,5),  (166,0),  (139,0),  (110,5),  (96,5),  (88,5),  (79,3),  (76,3),  (83,7),  (100,7),  (120,7),  (133,7),  (141,6),  (143,4),  (142,3),  (143,7),  (145,1),  (148,3),  (148,4),  (146,4), 


[Timing] Time passed: 371.768464 s

Posterior Probability: -273.0200542
Agreement with demo: 12%
Current angular diffs: 91'

Selected number of demos: 75

-- Positive Demos --
 (730,3),  (734,3),  (723,3),  (726,3),  (731,3),  (727,3),  (715,3),  (709,5),  (689,3),  (680,5),  (629,5),  (607,3),  (597,3),  (602,3),  (592,5),  (575,5),  (547,4),  (512,0),  (459,4),  (424,4),  (383,4),  (341,4),  (326,2),  (317,2),  (324,6),  (345,2),  (355,2),  (356,4),  (324,2),  (323,6),  (344,6),  (387,6),  (431,6),  (457,6),  (469,2),  (472,2),  (476,2),  (473,4),  (443,4),  (417,4),  (359,0),  (326,0),  (292,0),  (256,5),  (200,5),  (154,5),  (119,3),  (114,3),  (104,3),  (97,3),  (102,3),  (107,3),  (124,7),  (139,7),  (162,7),  (177,3),  (184,3),  (180,5),  (139,0),  (110,5),  (96,5),  (79,3),  (76,3),  (100,7),  (120,7),  (133,7),  (143,4),  (142,3),  (143,7),  (145,1),  (148,4),  (146,4), 


[Timing] Time passed: 364.467521 s

Posterior Probability: -211.9984912
Agreement with demo: 12%
Current angular diffs: 87'

Selected number of demos: 118

-- Positive Demos --
 (730,3),  (734,3),  (727,3),  (723,3),  (726,3),  (731,3),  (718,3),  (715,3),  (709,5),  (697,5),  (689,3),  (686,3),  (688,5),  (680,5),  (660,0),  (629,5),  (611,3),  (607,3),  (602,3),  (597,3),  (596,3),  (604,5),  (592,5),  (581,5),  (575,5),  (566,0),  (547,4),  (530,0),  (512,0),  (487,0),  (459,4),  (439,4),  (424,4),  (408,4),  (383,4),  (360,4),  (341,4),  (326,2),  (317,2),  (316,2),  (324,6),  (338,2),  (345,2),  (349,2),  (355,2),  (361,2),  (356,4),  (343,4),  (324,2),  (323,6),  (344,6),  (368,6),  (387,6),  (405,6),  (431,6),  (457,6),  (468,2),  (469,2),  (472,2),  (476,2),  (473,4),  (460,4),  (443,4),  (417,4),  (389,0),  (359,0),  (326,0),  (292,0),  (256,5),  (225,5),  (200,5),  (176,5),  (154,5),  (131,5),  (119,3),  (114,3),  (110,3),  (104,3),  (97,3),  (96,3),  (102,3),  (107,3),  (115,3),  (124,7),  (139,7),  (162,7),  (177,3),  (183,3),  (184,3),  (180,5),  (166,0),  (139,0),  (110,5),  (96,5),  (88,5),  (79,3),  (76,3),  (83,7),  (100,7),  (120,7),  (133,7),  (141,6),  (143,4),  (142,3),  (143,7),  (145,1),  (148,3),  (148,4),  (146,4), 


[Timing] Time passed: 347.751805 s

Posterior Probability: -584.7062134
Agreement with demo: 13%
Current angular diffs: 88'

Selected number of demos: 118

-- Positive Demos --
 (730,3),  (734,3),  (727,3),  (723,3),  (726,3),  (731,3),  (718,3),  (715,3),  (709,5),  (697,5),  (689,3),  (686,3),  (688,5),  (680,5),  (660,0),  (629,5),  (611,3),  (607,3),  (602,3),  (597,3),  (596,3),  (604,5),  (592,5),  (581,5),  (575,5),  (566,0),  (547,4),  (530,0),  (512,0),  (487,0),  (459,4),  (439,4),  (424,4),  (408,4),  (383,4),  (360,4),  (341,4),  (326,2),  (317,2),  (316,2),  (324,6),  (338,2),  (345,2),  (349,2),  (355,2),  (361,2),  (356,4),  (343,4),  (324,2),  (323,6),  (344,6),  (368,6),  (387,6),  (405,6),  (431,6),  (457,6),  (468,2),  (469,2),  (472,2),  (476,2),  (473,4),  (460,4),  (443,4),  (417,4),  (389,0),  (359,0),  (326,0),  (292,0),  (256,5),  (225,5),  (200,5),  (176,5),  (154,5),  (131,5),  (119,3),  (114,3),  (110,3),  (104,3),  (97,3),  (96,3),  (102,3),  (107,3),  (115,3),  (124,7),  (139,7),  (162,7),  (177,3),  (183,3),  (184,3),  (180,5),  (166,0),  (139,0),  (110,5),  (96,5),  (88,5),  (79,3),  (76,3),  (83,7),  (100,7),  (120,7),  (133,7),  (141,6),  (143,4),  (142,3),  (143,7),  (145,1),  (148,3),  (148,4),  (146,4), 


[Timing] Time passed: 354.391917 s

Posterior Probability: -545.7403439
Agreement with demo: 12%
Current angular diffs: 94'

Selected number of demos: 58

-- Positive Demos --
 (730,3),  (734,3),  (726,3),  (718,3),  (715,3),  (697,5),  (689,3),  (660,0),  (611,3),  (602,3),  (604,5),  (592,5),  (581,5),  (566,0),  (547,4),  (487,0),  (424,4),  (383,4),  (341,4),  (316,2),  (324,6),  (338,2),  (355,2),  (343,4),  (344,6),  (368,6),  (387,6),  (457,6),  (469,2),  (476,2),  (473,4),  (417,4),  (359,0),  (256,5),  (200,5),  (131,5),  (119,3),  (114,3),  (104,3),  (102,3),  (107,3),  (124,7),  (139,7),  (177,3),  (183,3),  (180,5),  (166,0),  (139,0),  (88,5),  (76,3),  (100,7),  (120,7),  (143,4),  (143,7),  (145,1),  (148,3), 


[Timing] Time passed: 375.306075 s

Posterior Probability: -160.7179229
Agreement with demo: 15%
Current angular diffs: 91'

Selected number of demos: 57

-- Positive Demos --
 (734,3),  (723,3),  (731,3),  (727,3),  (718,3),  (697,5),  (689,3),  (660,0),  (629,5),  (607,3),  (602,3),  (596,3),  (604,5),  (575,5),  (566,0),  (530,0),  (512,0),  (487,0),  (439,4),  (383,4),  (341,4),  (326,2),  (324,6),  (349,2),  (361,2),  (324,2),  (344,6),  (368,6),  (431,6),  (457,6),  (468,2),  (472,2),  (476,2),  (473,4),  (417,4),  (326,0),  (256,5),  (225,5),  (154,5),  (114,3),  (97,3),  (102,3),  (107,3),  (124,7),  (162,7),  (183,3),  (180,5),  (110,5),  (79,3),  (76,3),  (120,7),  (141,6),  (142,3),  (145,1),  (148,3),  (146,4), 


[Timing] Time passed: 371.263153 s

Posterior Probability: -220.1191583
Agreement with demo: 9.9%
Current angular diffs: 96'

Selected number of demos: 60

-- Positive Demos --
 (730,3),  (727,3),  (726,3),  (718,3),  (709,5),  (686,3),  (688,5),  (680,5),  (629,5),  (607,3),  (596,3),  (592,5),  (575,5),  (547,4),  (487,0),  (459,4),  (439,4),  (383,4),  (326,2),  (316,2),  (345,2),  (349,2),  (356,4),  (343,4),  (323,6),  (344,6),  (387,6),  (431,6),  (468,2),  (469,2),  (472,2),  (473,4),  (417,4),  (326,0),  (292,0),  (225,5),  (176,5),  (154,5),  (131,5),  (119,3),  (110,3),  (104,3),  (102,3),  (107,3),  (124,7),  (177,3),  (184,3),  (180,5),  (110,5),  (88,5),  (79,3),  (76,3),  (100,7),  (120,7),  (133,7),  (143,4),  (142,3),  (145,1),  (146,4), 


[Timing] Time passed: 384.196696 s

Posterior Probability: -170.7216681
Agreement with demo: 14%
Current angular diffs: 93'

Selected number of demos: 118

-- Positive Demos --
 (730,3),  (734,3),  (727,3),  (723,3),  (726,3),  (731,3),  (718,3),  (715,3),  (709,5),  (697,5),  (689,3),  (686,3),  (688,5),  (680,5),  (660,0),  (629,5),  (611,3),  (607,3),  (602,3),  (597,3),  (596,3),  (604,5),  (592,5),  (581,5),  (575,5),  (566,0),  (547,4),  (530,0),  (512,0),  (487,0),  (459,4),  (439,4),  (424,4),  (408,4),  (383,4),  (360,4),  (341,4),  (326,2),  (317,2),  (316,2),  (324,6),  (338,2),  (345,2),  (349,2),  (355,2),  (361,2),  (356,4),  (343,4),  (324,2),  (323,6),  (344,6),  (368,6),  (387,6),  (405,6),  (431,6),  (457,6),  (468,2),  (469,2),  (472,2),  (476,2),  (473,4),  (460,4),  (443,4),  (417,4),  (389,0),  (359,0),  (326,0),  (292,0),  (256,5),  (225,5),  (200,5),  (176,5),  (154,5),  (131,5),  (119,3),  (114,3),  (110,3),  (104,3),  (97,3),  (96,3),  (102,3),  (107,3),  (115,3),  (124,7),  (139,7),  (162,7),  (177,3),  (183,3),  (184,3),  (180,5),  (166,0),  (139,0),  (110,5),  (96,5),  (88,5),  (79,3),  (76,3),  (83,7),  (100,7),  (120,7),  (133,7),  (141,6),  (143,4),  (142,3),  (143,7),  (145,1),  (148,3),  (148,4),  (146,4), 


[Timing] Time passed: 384.870093 s

Posterior Probability: -333.4043374
Agreement with demo: 11%
Current angular diffs: 88'

Selected number of demos: 79

-- Positive Demos --
 (730,3),  (734,3),  (723,3),  (731,3),  (727,3),  (718,3),  (715,3),  (709,5),  (689,3),  (688,5),  (680,5),  (629,5),  (607,3),  (602,3),  (597,3),  (604,5),  (581,5),  (575,5),  (547,4),  (512,0),  (459,4),  (424,4),  (383,4),  (360,4),  (326,2),  (317,2),  (316,2),  (324,6),  (345,2),  (349,2),  (355,2),  (361,2),  (343,4),  (324,2),  (323,6),  (368,6),  (387,6),  (431,6),  (457,6),  (468,2),  (472,2),  (473,4),  (460,4),  (443,4),  (389,0),  (326,0),  (292,0),  (256,5),  (225,5),  (200,5),  (176,5),  (131,5),  (114,3),  (104,3),  (96,3),  (102,3),  (115,3),  (139,7),  (177,3),  (183,3),  (184,3),  (180,5),  (166,0),  (110,5),  (96,5),  (88,5),  (76,3),  (100,7),  (133,7),  (143,4),  (142,3),  (143,7),  (148,3),  (148,4),  (146,4), 


[Timing] Time passed: 387.298671 s

Posterior Probability: -533.5141689
Agreement with demo: 12%
Current angular diffs: 91'

Selected number of demos: 118

-- Positive Demos --
 (730,3),  (734,3),  (727,3),  (723,3),  (726,3),  (731,3),  (718,3),  (715,3),  (709,5),  (697,5),  (689,3),  (686,3),  (688,5),  (680,5),  (660,0),  (629,5),  (611,3),  (607,3),  (602,3),  (597,3),  (596,3),  (604,5),  (592,5),  (581,5),  (575,5),  (566,0),  (547,4),  (530,0),  (512,0),  (487,0),  (459,4),  (439,4),  (424,4),  (408,4),  (383,4),  (360,4),  (341,4),  (326,2),  (317,2),  (316,2),  (324,6),  (338,2),  (345,2),  (349,2),  (355,2),  (361,2),  (356,4),  (343,4),  (324,2),  (323,6),  (344,6),  (368,6),  (387,6),  (405,6),  (431,6),  (457,6),  (468,2),  (469,2),  (472,2),  (476,2),  (473,4),  (460,4),  (443,4),  (417,4),  (389,0),  (359,0),  (326,0),  (292,0),  (256,5),  (225,5),  (200,5),  (176,5),  (154,5),  (131,5),  (119,3),  (114,3),  (110,3),  (104,3),  (97,3),  (96,3),  (102,3),  (107,3),  (115,3),  (124,7),  (139,7),  (162,7),  (177,3),  (183,3),  (184,3),  (180,5),  (166,0),  (139,0),  (110,5),  (96,5),  (88,5),  (79,3),  (76,3),  (83,7),  (100,7),  (120,7),  (133,7),  (141,6),  (143,4),  (142,3),  (143,7),  (145,1),  (148,3),  (148,4),  (146,4), 


[Timing] Time passed: 389.112908 s

Posterior Probability: -548.3390906
Agreement with demo: 13%
Current angular diffs: 90'

Selected number of demos: 77

-- Positive Demos --
 (730,3),  (734,3),  (723,3),  (731,3),  (718,3),  (715,3),  (709,5),  (689,3),  (680,5),  (629,5),  (607,3),  (602,3),  (596,3),  (604,5),  (581,5),  (575,5),  (566,0),  (547,4),  (512,0),  (459,4),  (439,4),  (424,4),  (383,4),  (341,4),  (326,2),  (317,2),  (324,6),  (338,2),  (349,2),  (355,2),  (356,4),  (343,4),  (323,6),  (344,6),  (368,6),  (387,6),  (405,6),  (457,6),  (469,2),  (476,2),  (460,4),  (443,4),  (417,4),  (389,0),  (326,0),  (256,5),  (225,5),  (200,5),  (154,5),  (131,5),  (114,3),  (104,3),  (97,3),  (96,3),  (107,3),  (115,3),  (124,7),  (139,7),  (162,7),  (177,3),  (184,3),  (180,5),  (166,0),  (139,0),  (96,5),  (88,5),  (79,3),  (76,3),  (100,7),  (133,7),  (143,4),  (142,3),  (143,7),  (148,3),  (146,4), 


[Timing] Time passed: 384.260972 s

Posterior Probability: -254.1128189
Agreement with demo: 9.9%
Current angular diffs: 96'

Selected number of demos: 118

-- Positive Demos --
 (730,3),  (734,3),  (727,3),  (723,3),  (726,3),  (731,3),  (718,3),  (715,3),  (709,5),  (697,5),  (689,3),  (686,3),  (688,5),  (680,5),  (660,0),  (629,5),  (611,3),  (607,3),  (602,3),  (597,3),  (596,3),  (604,5),  (592,5),  (581,5),  (575,5),  (566,0),  (547,4),  (530,0),  (512,0),  (487,0),  (459,4),  (439,4),  (424,4),  (408,4),  (383,4),  (360,4),  (341,4),  (326,2),  (317,2),  (316,2),  (324,6),  (338,2),  (345,2),  (349,2),  (355,2),  (361,2),  (356,4),  (343,4),  (324,2),  (323,6),  (344,6),  (368,6),  (387,6),  (405,6),  (431,6),  (457,6),  (468,2),  (469,2),  (472,2),  (476,2),  (473,4),  (460,4),  (443,4),  (417,4),  (389,0),  (359,0),  (326,0),  (292,0),  (256,5),  (225,5),  (200,5),  (176,5),  (154,5),  (131,5),  (119,3),  (114,3),  (110,3),  (104,3),  (97,3),  (96,3),  (102,3),  (107,3),  (115,3),  (124,7),  (139,7),  (162,7),  (177,3),  (183,3),  (184,3),  (180,5),  (166,0),  (139,0),  (110,5),  (96,5),  (88,5),  (79,3),  (76,3),  (83,7),  (100,7),  (120,7),  (133,7),  (141,6),  (143,4),  (142,3),  (143,7),  (145,1),  (148,3),  (148,4),  (146,4), 


[Timing] Time passed: 351.88392 s

Posterior Probability: -737.579075
Agreement with demo: 12%
Current angular diffs: 91'

Selected number of demos: 83

-- Positive Demos --
 (730,3),  (734,3),  (727,3),  (723,3),  (726,3),  (715,3),  (709,5),  (697,5),  (689,3),  (688,5),  (660,0),  (611,3),  (607,3),  (597,3),  (596,3),  (604,5),  (592,5),  (581,5),  (575,5),  (547,4),  (530,0),  (512,0),  (487,0),  (439,4),  (408,4),  (383,4),  (360,4),  (326,2),  (316,2),  (338,2),  (345,2),  (355,2),  (356,4),  (343,4),  (324,2),  (323,6),  (344,6),  (368,6),  (387,6),  (431,6),  (457,6),  (468,2),  (469,2),  (472,2),  (473,4),  (460,4),  (417,4),  (359,0),  (326,0),  (256,5),  (225,5),  (200,5),  (176,5),  (154,5),  (119,3),  (110,3),  (104,3),  (97,3),  (96,3),  (107,3),  (124,7),  (139,7),  (162,7),  (177,3),  (183,3),  (184,3),  (180,5),  (166,0),  (139,0),  (96,5),  (79,3),  (76,3),  (100,7),  (120,7),  (141,6),  (143,4),  (142,3),  (145,1),  (148,4),  (146,4), 


[Timing] Time passed: 327.106257 s

Posterior Probability: -294.2370094
Agreement with demo: 11%
Current angular diffs: 92'

Selected number of demos: 118

-- Positive Demos --
 (730,3),  (734,3),  (727,3),  (723,3),  (726,3),  (731,3),  (718,3),  (715,3),  (709,5),  (697,5),  (689,3),  (686,3),  (688,5),  (680,5),  (660,0),  (629,5),  (611,3),  (607,3),  (602,3),  (597,3),  (596,3),  (604,5),  (592,5),  (581,5),  (575,5),  (566,0),  (547,4),  (530,0),  (512,0),  (487,0),  (459,4),  (439,4),  (424,4),  (408,4),  (383,4),  (360,4),  (341,4),  (326,2),  (317,2),  (316,2),  (324,6),  (338,2),  (345,2),  (349,2),  (355,2),  (361,2),  (356,4),  (343,4),  (324,2),  (323,6),  (344,6),  (368,6),  (387,6),  (405,6),  (431,6),  (457,6),  (468,2),  (469,2),  (472,2),  (476,2),  (473,4),  (460,4),  (443,4),  (417,4),  (389,0),  (359,0),  (326,0),  (292,0),  (256,5),  (225,5),  (200,5),  (176,5),  (154,5),  (131,5),  (119,3),  (114,3),  (110,3),  (104,3),  (97,3),  (96,3),  (102,3),  (107,3),  (115,3),  (124,7),  (139,7),  (162,7),  (177,3),  (183,3),  (184,3),  (180,5),  (166,0),  (139,0),  (110,5),  (96,5),  (88,5),  (79,3),  (76,3),  (83,7),  (100,7),  (120,7),  (133,7),  (141,6),  (143,4),  (142,3),  (143,7),  (145,1),  (148,3),  (148,4),  (146,4), 


[Timing] Time passed: 341.610295 s

Posterior Probability: -368.6690838
Agreement with demo: 13%
Current angular diffs: 91'

Selected number of demos: 118

-- Positive Demos --
 (730,3),  (734,3),  (727,3),  (723,3),  (726,3),  (731,3),  (718,3),  (715,3),  (709,5),  (697,5),  (689,3),  (686,3),  (688,5),  (680,5),  (660,0),  (629,5),  (611,3),  (607,3),  (602,3),  (597,3),  (596,3),  (604,5),  (592,5),  (581,5),  (575,5),  (566,0),  (547,4),  (530,0),  (512,0),  (487,0),  (459,4),  (439,4),  (424,4),  (408,4),  (383,4),  (360,4),  (341,4),  (326,2),  (317,2),  (316,2),  (324,6),  (338,2),  (345,2),  (349,2),  (355,2),  (361,2),  (356,4),  (343,4),  (324,2),  (323,6),  (344,6),  (368,6),  (387,6),  (405,6),  (431,6),  (457,6),  (468,2),  (469,2),  (472,2),  (476,2),  (473,4),  (460,4),  (443,4),  (417,4),  (389,0),  (359,0),  (326,0),  (292,0),  (256,5),  (225,5),  (200,5),  (176,5),  (154,5),  (131,5),  (119,3),  (114,3),  (110,3),  (104,3),  (97,3),  (96,3),  (102,3),  (107,3),  (115,3),  (124,7),  (139,7),  (162,7),  (177,3),  (183,3),  (184,3),  (180,5),  (166,0),  (139,0),  (110,5),  (96,5),  (88,5),  (79,3),  (76,3),  (83,7),  (100,7),  (120,7),  (133,7),  (141,6),  (143,4),  (142,3),  (143,7),  (145,1),  (148,3),  (148,4),  (146,4), 


[Timing] Time passed: 353.424068 s

Posterior Probability: -873.5248397
Agreement with demo: 14%
Current angular diffs: 93'

Selected number of demos: 57

-- Positive Demos --
 (730,3),  (734,3),  (727,3),  (731,3),  (709,5),  (697,5),  (689,3),  (688,5),  (660,0),  (607,3),  (597,3),  (602,3),  (581,5),  (547,4),  (530,0),  (487,0),  (459,4),  (439,4),  (424,4),  (360,4),  (326,2),  (316,2),  (338,2),  (345,2),  (355,2),  (343,4),  (323,6),  (387,6),  (431,6),  (469,2),  (473,4),  (460,4),  (389,0),  (292,0),  (200,5),  (176,5),  (154,5),  (119,3),  (110,3),  (104,3),  (102,3),  (115,3),  (139,7),  (183,3),  (139,0),  (110,5),  (88,5),  (79,3),  (76,3),  (83,7),  (120,7),  (143,4),  (143,7),  (148,4), 


[Timing] Time passed: 349.74241 s

Posterior Probability: -140.8657284
Agreement with demo: 9.1%
Current angular diffs: 95'

Selected number of demos: 59

-- Positive Demos --
 (734,3),  (727,3),  (723,3),  (715,3),  (697,5),  (689,3),  (660,0),  (611,3),  (602,3),  (596,3),  (604,5),  (592,5),  (575,5),  (530,0),  (459,4),  (439,4),  (383,4),  (326,2),  (316,2),  (324,6),  (345,2),  (349,2),  (356,4),  (343,4),  (344,6),  (387,6),  (431,6),  (469,2),  (473,4),  (443,4),  (359,0),  (326,0),  (256,5),  (200,5),  (176,5),  (154,5),  (131,5),  (110,3),  (104,3),  (102,3),  (115,3),  (139,7),  (183,3),  (184,3),  (139,0),  (110,5),  (88,5),  (76,3),  (83,7),  (133,7),  (143,4),  (142,3),  (145,1),  (146,4), 


[Timing] Time passed: 345.562503 s

Posterior Probability: -354.903907
Agreement with demo: 12%
Current angular diffs: 89'

Selected number of demos: 58

-- Positive Demos --
 (730,3),  (727,3),  (731,3),  (715,3),  (689,3),  (686,3),  (688,5),  (660,0),  (607,3),  (602,3),  (604,5),  (581,5),  (566,0),  (530,0),  (459,4),  (439,4),  (424,4),  (360,4),  (317,2),  (338,2),  (355,2),  (343,4),  (324,2),  (344,6),  (405,6),  (457,6),  (468,2),  (469,2),  (472,2),  (476,2),  (443,4),  (417,4),  (389,0),  (292,0),  (256,5),  (176,5),  (154,5),  (119,3),  (110,3),  (96,3),  (107,3),  (124,7),  (162,7),  (183,3),  (184,3),  (180,5),  (110,5),  (96,5),  (88,5),  (76,3),  (83,7),  (120,7),  (141,6),  (142,3),  (145,1),  (148,3), 


[Timing] Time passed: 375.31617 s

Posterior Probability: -195.454256
Agreement with demo: 7.4%
Current angular diffs: 93'

Selected number of demos: 58

-- Positive Demos --
 (730,3),  (734,3),  (727,3),  (726,3),  (731,3),  (718,3),  (715,3),  (697,5),  (689,3),  (680,5),  (611,3),  (602,3),  (604,5),  (575,5),  (547,4),  (512,0),  (487,0),  (439,4),  (408,4),  (341,4),  (316,2),  (324,6),  (338,2),  (349,2),  (355,2),  (343,4),  (344,6),  (405,6),  (457,6),  (469,2),  (476,2),  (443,4),  (417,4),  (326,0),  (292,0),  (225,5),  (200,5),  (154,5),  (119,3),  (104,3),  (96,3),  (107,3),  (139,7),  (183,3),  (139,0),  (110,5),  (88,5),  (79,3),  (76,3),  (83,7),  (100,7),  (120,7),  (133,7),  (142,3),  (143,7),  (148,4), 


[Timing] Time passed: 375.136218 s

Posterior Probability: -166.21032
Agreement with demo: 15%
Current angular diffs: 93'

Selected number of demos: 81

-- Positive Demos --
 (730,3),  (734,3),  (723,3),  (731,3),  (727,3),  (715,3),  (697,5),  (689,3),  (686,3),  (688,5),  (680,5),  (660,0),  (611,3),  (607,3),  (597,3),  (596,3),  (604,5),  (581,5),  (566,0),  (547,4),  (530,0),  (487,0),  (439,4),  (424,4),  (408,4),  (360,4),  (326,2),  (316,2),  (324,6),  (345,2),  (349,2),  (361,2),  (356,4),  (343,4),  (324,2),  (323,6),  (368,6),  (387,6),  (405,6),  (431,6),  (468,2),  (469,2),  (472,2),  (476,2),  (473,4),  (460,4),  (443,4),  (389,0),  (326,0),  (256,5),  (200,5),  (154,5),  (131,5),  (119,3),  (110,3),  (97,3),  (102,3),  (107,3),  (115,3),  (124,7),  (139,7),  (162,7),  (183,3),  (184,3),  (166,0),  (139,0),  (110,5),  (88,5),  (79,3),  (76,3),  (83,7),  (120,7),  (133,7),  (143,4),  (142,3),  (143,7),  (145,1),  (148,3),  (146,4), 


[Timing] Time passed: 255.13434 s

Posterior Probability: -393.4553895
Agreement with demo: 13%
Current angular diffs: 84'

-----------------------------
Avg angular diffs: 80'
-- learned weights --
Feature Weights: -0.015, -0.5455, -0.335, -0.1, 
