loading features...

Initializing gridworld of size 28 by 22..
    Num states: 616
    Num actions: 8

Total number of demos: 43

Selected number of demos: 12

-- Positive Demos --
 (443,0),  (357,4),  (298,2),  (297,2),  (267,2),  (266,2),  (200,2),  (86,5),  (59,5),  (34,3),  (43,3),  (50,3), 


[Timing] Time passed: 150.525204 s

Posterior Probability: -350.0904919
Agreement with demo: 16%
Current angular diffs: 79'

Selected number of demos: 43

-- Positive Demos --
 (523,3),  (496,5),  (498,5),  (471,5),  (443,0),  (415,0),  (387,4),  (357,4),  (329,4),  (300,2),  (298,2),  (297,2),  (267,2),  (266,2),  (236,2),  (234,2),  (233,2),  (202,2),  (200,2),  (199,4),  (171,4),  (142,0),  (114,0),  (86,5),  (59,5),  (31,3),  (32,3),  (33,3),  (34,3),  (36,3),  (38,3),  (39,3),  (41,3),  (43,3),  (44,3),  (46,3),  (48,3),  (49,3),  (50,3),  (51,3),  (82,1),  (82,6), 


[Timing] Time passed: 151.66184 s

Posterior Probability: -1565.410033
Agreement with demo: 20%
Current angular diffs: 79'

Selected number of demos: 43

-- Positive Demos --
 (523,3),  (496,5),  (498,5),  (471,5),  (443,0),  (415,0),  (387,4),  (357,4),  (329,4),  (300,2),  (298,2),  (297,2),  (267,2),  (266,2),  (236,2),  (234,2),  (233,2),  (202,2),  (200,2),  (199,4),  (171,4),  (142,0),  (114,0),  (86,5),  (59,5),  (31,3),  (32,3),  (33,3),  (34,3),  (36,3),  (38,3),  (39,3),  (41,3),  (43,3),  (44,3),  (46,3),  (48,3),  (49,3),  (50,3),  (51,3),  (82,1),  (82,6), 


[Timing] Time passed: 130.889905 s

Posterior Probability: -710.8239287
Agreement with demo: 22%
Current angular diffs: 77'

Selected number of demos: 43

-- Positive Demos --
 (523,3),  (496,5),  (498,5),  (471,5),  (443,0),  (415,0),  (387,4),  (357,4),  (329,4),  (300,2),  (298,2),  (297,2),  (267,2),  (266,2),  (236,2),  (234,2),  (233,2),  (202,2),  (200,2),  (199,4),  (171,4),  (142,0),  (114,0),  (86,5),  (59,5),  (31,3),  (32,3),  (33,3),  (34,3),  (36,3),  (38,3),  (39,3),  (41,3),  (43,3),  (44,3),  (46,3),  (48,3),  (49,3),  (50,3),  (51,3),  (82,1),  (82,6), 


[Timing] Time passed: 136.478731 s

Posterior Probability: -730.5771012
Agreement with demo: 11%
Current angular diffs: 82'

Selected number of demos: 43

-- Positive Demos --
 (523,3),  (496,5),  (498,5),  (471,5),  (443,0),  (415,0),  (387,4),  (357,4),  (329,4),  (300,2),  (298,2),  (297,2),  (267,2),  (266,2),  (236,2),  (234,2),  (233,2),  (202,2),  (200,2),  (199,4),  (171,4),  (142,0),  (114,0),  (86,5),  (59,5),  (31,3),  (32,3),  (33,3),  (34,3),  (36,3),  (38,3),  (39,3),  (41,3),  (43,3),  (44,3),  (46,3),  (48,3),  (49,3),  (50,3),  (51,3),  (82,1),  (82,6), 


[Timing] Time passed: 139.378753 s

Posterior Probability: -2458.357087
Agreement with demo: 7.3%
Current angular diffs: 86'

Selected number of demos: 15

-- Positive Demos --
 (443,0),  (329,4),  (298,2),  (234,2),  (233,2),  (200,2),  (142,0),  (114,0),  (31,3),  (36,3),  (38,3),  (44,3),  (46,3),  (51,3),  (82,1), 


[Timing] Time passed: 132.768016 s

Posterior Probability: -1001.742302
Agreement with demo: 15%
Current angular diffs: 91'

Selected number of demos: 19

-- Positive Demos --
 (523,3),  (471,5),  (387,4),  (357,4),  (300,2),  (267,2),  (236,2),  (202,2),  (171,4),  (114,0),  (86,5),  (33,3),  (34,3),  (36,3),  (43,3),  (48,3),  (49,3),  (51,3),  (82,6), 


[Timing] Time passed: 124.504709 s

Posterior Probability: -742.354279
Agreement with demo: 7.3%
Current angular diffs: 93'

Selected number of demos: 11

-- Positive Demos --
 (415,0),  (387,4),  (300,2),  (234,2),  (171,4),  (31,3),  (36,3),  (38,3),  (41,3),  (46,3),  (82,6), 


[Timing] Time passed: 114.972179 s

Posterior Probability: -231.2779814
Agreement with demo: 13%
Current angular diffs: 77'

Selected number of demos: 30

-- Positive Demos --
 (496,5),  (498,5),  (471,5),  (415,0),  (387,4),  (329,4),  (298,2),  (267,2),  (236,2),  (234,2),  (233,2),  (202,2),  (200,2),  (199,4),  (142,0),  (86,5),  (59,5),  (31,3),  (33,3),  (36,3),  (39,3),  (41,3),  (44,3),  (46,3),  (49,3),  (50,3),  (51,3),  (82,1),  (82,6), 


[Timing] Time passed: 113.822679 s

Posterior Probability: -380.8336152
Agreement with demo: 22%
Current angular diffs: 88'

Selected number of demos: 19

-- Positive Demos --
 (496,5),  (498,5),  (443,0),  (415,0),  (387,4),  (357,4),  (300,2),  (267,2),  (234,2),  (202,2),  (171,4),  (86,5),  (31,3),  (34,3),  (36,3),  (41,3),  (44,3),  (49,3),  (82,1), 


[Timing] Time passed: 107.641605 s

Posterior Probability: -493.5740753
Agreement with demo: 13%
Current angular diffs: 93'

Selected number of demos: 30

-- Positive Demos --
 (523,3),  (496,5),  (471,5),  (443,0),  (415,0),  (387,4),  (329,4),  (300,2),  (297,2),  (266,2),  (234,2),  (202,2),  (200,2),  (171,4),  (114,0),  (86,5),  (59,5),  (32,3),  (33,3),  (36,3),  (38,3),  (41,3),  (44,3),  (48,3),  (49,3),  (50,3),  (51,3),  (82,1),  (82,6), 


[Timing] Time passed: 105.217153 s

Posterior Probability: -309.7040978
Agreement with demo: 5.5%
Current angular diffs: 89'

Selected number of demos: 21

-- Positive Demos --
 (498,5),  (443,0),  (387,4),  (329,4),  (297,2),  (266,2),  (234,2),  (200,2),  (142,0),  (114,0),  (86,5),  (59,5),  (33,3),  (38,3),  (41,3),  (44,3),  (48,3),  (50,3),  (82,1),  (82,6), 


[Timing] Time passed: 104.289129 s

Posterior Probability: -221.7066459
Agreement with demo: 11%
Current angular diffs: 76'

Selected number of demos: 24

-- Positive Demos --
 (496,5),  (471,5),  (443,0),  (415,0),  (357,4),  (300,2),  (297,2),  (267,2),  (236,2),  (233,2),  (202,2),  (200,2),  (199,4),  (142,0),  (86,5),  (32,3),  (34,3),  (36,3),  (41,3),  (46,3),  (48,3),  (49,3),  (50,3),  (51,3), 


[Timing] Time passed: 113.303625 s

Posterior Probability: -483.7489011
Agreement with demo: 15%
Current angular diffs: 83'

Selected number of demos: 22

-- Positive Demos --
 (523,3),  (471,5),  (443,0),  (387,4),  (357,4),  (298,2),  (297,2),  (267,2),  (234,2),  (202,2),  (200,2),  (171,4),  (86,5),  (32,3),  (34,3),  (39,3),  (43,3),  (44,3),  (46,3),  (50,3),  (82,1),  (82,6), 


[Timing] Time passed: 99.27056 s

Posterior Probability: -532.359725
Agreement with demo: 15%
Current angular diffs: 90'

Selected number of demos: 17

-- Positive Demos --
 (498,5),  (443,0),  (387,4),  (300,2),  (267,2),  (234,2),  (233,2),  (200,2),  (142,0),  (114,0),  (32,3),  (33,3),  (39,3),  (44,3),  (48,3),  (50,3),  (82,1), 


[Timing] Time passed: 92.87912 s

Posterior Probability: -280.6608808
Agreement with demo: 16%
Current angular diffs: 84'

Selected number of demos: 29

-- Positive Demos --
 (496,5),  (471,5),  (415,0),  (387,4),  (329,4),  (300,2),  (298,2),  (267,2),  (236,2),  (234,2),  (233,2),  (202,2),  (200,2),  (171,4),  (114,0),  (86,5),  (59,5),  (32,3),  (33,3),  (34,3),  (36,3),  (38,3),  (39,3),  (41,3),  (44,3),  (48,3),  (50,3),  (82,1),  (82,6), 


[Timing] Time passed: 106.687651 s

Posterior Probability: -739.3311868
Agreement with demo: 11%
Current angular diffs: 1e+02'

Selected number of demos: 20

-- Positive Demos --
 (498,5),  (415,0),  (387,4),  (329,4),  (297,2),  (267,2),  (234,2),  (202,2),  (171,4),  (114,0),  (31,3),  (33,3),  (34,3),  (36,3),  (39,3),  (43,3),  (48,3),  (50,3),  (82,6), 


[Timing] Time passed: 99.584488 s

Posterior Probability: -706.7589557
Agreement with demo: 25%
Current angular diffs: 86'

Selected number of demos: 43

-- Positive Demos --
 (523,3),  (496,5),  (498,5),  (471,5),  (443,0),  (415,0),  (387,4),  (357,4),  (329,4),  (300,2),  (298,2),  (297,2),  (267,2),  (266,2),  (236,2),  (234,2),  (233,2),  (202,2),  (200,2),  (199,4),  (171,4),  (142,0),  (114,0),  (86,5),  (59,5),  (31,3),  (32,3),  (33,3),  (34,3),  (36,3),  (38,3),  (39,3),  (41,3),  (43,3),  (44,3),  (46,3),  (48,3),  (49,3),  (50,3),  (51,3),  (82,1),  (82,6), 


[Timing] Time passed: 102.329589 s

Posterior Probability: -1874.153501
Agreement with demo: 9.1%
Current angular diffs: 90'

Selected number of demos: 28

-- Positive Demos --
 (496,5),  (498,5),  (471,5),  (415,0),  (387,4),  (329,4),  (300,2),  (298,2),  (297,2),  (267,2),  (266,2),  (236,2),  (234,2),  (202,2),  (200,2),  (199,4),  (142,0),  (86,5),  (59,5),  (32,3),  (34,3),  (38,3),  (41,3),  (44,3),  (46,3),  (49,3),  (50,3),  (82,1), 


[Timing] Time passed: 102.267015 s

Posterior Probability: -633.998679
Agreement with demo: 11%
Current angular diffs: 74'

Selected number of demos: 43

-- Positive Demos --
 (523,3),  (496,5),  (498,5),  (471,5),  (443,0),  (415,0),  (387,4),  (357,4),  (329,4),  (300,2),  (298,2),  (297,2),  (267,2),  (266,2),  (236,2),  (234,2),  (233,2),  (202,2),  (200,2),  (199,4),  (171,4),  (142,0),  (114,0),  (86,5),  (59,5),  (31,3),  (32,3),  (33,3),  (34,3),  (36,3),  (38,3),  (39,3),  (41,3),  (43,3),  (44,3),  (46,3),  (48,3),  (49,3),  (50,3),  (51,3),  (82,1),  (82,6), 


[Timing] Time passed: 112.133134 s

Posterior Probability: -1191.377636
Agreement with demo: 20%
Current angular diffs: 75'

Selected number of demos: 16

-- Positive Demos --
 (523,3),  (498,5),  (415,0),  (329,4),  (267,2),  (233,2),  (199,4),  (171,4),  (86,5),  (33,3),  (36,3),  (43,3),  (46,3),  (48,3),  (49,3),  (82,6), 


[Timing] Time passed: 108.522485 s

Posterior Probability: -744.5794626
Agreement with demo: 5.5%
Current angular diffs: 80'

Selected number of demos: 11

-- Positive Demos --
 (523,3),  (443,0),  (329,4),  (297,2),  (234,2),  (233,2),  (171,4),  (31,3),  (34,3),  (43,3),  (50,3), 


[Timing] Time passed: 108.748351 s

Posterior Probability: -549.6437546
Agreement with demo: 22%
Current angular diffs: 84'

Selected number of demos: 23

-- Positive Demos --
 (496,5),  (471,5),  (415,0),  (357,4),  (329,4),  (298,2),  (267,2),  (234,2),  (233,2),  (199,4),  (171,4),  (142,0),  (114,0),  (31,3),  (32,3),  (33,3),  (34,3),  (38,3),  (43,3),  (48,3),  (50,3),  (51,3),  (82,6), 


[Timing] Time passed: 110.246413 s

Posterior Probability: -1166.495462
Agreement with demo: 15%
Current angular diffs: 1e+02'

Selected number of demos: 14

-- Positive Demos --
 (523,3),  (415,0),  (357,4),  (329,4),  (266,2),  (236,2),  (202,2),  (199,4),  (86,5),  (33,3),  (38,3),  (41,3),  (46,3),  (82,1), 


[Timing] Time passed: 109.708105 s

Posterior Probability: -583.8289255
Agreement with demo: 16%
Current angular diffs: 82'

Selected number of demos: 25

-- Positive Demos --
 (496,5),  (471,5),  (415,0),  (387,4),  (329,4),  (298,2),  (267,2),  (236,2),  (233,2),  (202,2),  (200,2),  (199,4),  (171,4),  (114,0),  (59,5),  (32,3),  (34,3),  (38,3),  (41,3),  (44,3),  (48,3),  (50,3),  (51,3),  (82,6), 


[Timing] Time passed: 108.325971 s

Posterior Probability: -590.0529479
Agreement with demo: 16%
Current angular diffs: 86'

Selected number of demos: 13

-- Positive Demos --
 (443,0),  (357,4),  (300,2),  (236,2),  (200,2),  (86,5),  (32,3),  (33,3),  (39,3),  (43,3),  (46,3),  (49,3),  (51,3), 


[Timing] Time passed: 112.474295 s

Posterior Probability: -82.02726275
Agreement with demo: 11%
Current angular diffs: 83'

Selected number of demos: 17

-- Positive Demos --
 (498,5),  (415,0),  (387,4),  (357,4),  (300,2),  (298,2),  (234,2),  (171,4),  (142,0),  (86,5),  (59,5),  (31,3),  (32,3),  (38,3),  (43,3),  (48,3),  (82,6), 


[Timing] Time passed: 112.697858 s

Posterior Probability: -150.7450133
Agreement with demo: 3.6%
Current angular diffs: 90'

Selected number of demos: 28

-- Positive Demos --
 (523,3),  (498,5),  (471,5),  (443,0),  (387,4),  (357,4),  (329,4),  (300,2),  (298,2),  (267,2),  (236,2),  (233,2),  (200,2),  (171,4),  (142,0),  (114,0),  (59,5),  (31,3),  (33,3),  (34,3),  (36,3),  (38,3),  (39,3),  (43,3),  (46,3),  (49,3),  (51,3),  (82,1), 


[Timing] Time passed: 119.279907 s

Posterior Probability: -1307.843158
Agreement with demo: 5.5%
Current angular diffs: 89'

Selected number of demos: 19

-- Positive Demos --
 (498,5),  (415,0),  (387,4),  (329,4),  (298,2),  (266,2),  (233,2),  (199,4),  (171,4),  (142,0),  (86,5),  (32,3),  (34,3),  (38,3),  (39,3),  (41,3),  (44,3),  (49,3),  (51,3), 


[Timing] Time passed: 116.605687 s

Posterior Probability: -735.7484222
Agreement with demo: 3.6%
Current angular diffs: 87'

Selected number of demos: 17

-- Positive Demos --
 (498,5),  (443,0),  (415,0),  (329,4),  (267,2),  (233,2),  (200,2),  (171,4),  (114,0),  (59,5),  (32,3),  (34,3),  (39,3),  (44,3),  (46,3),  (49,3),  (82,6), 


[Timing] Time passed: 115.853878 s

Posterior Probability: -900.1372231
Agreement with demo: 9.1%
Current angular diffs: 81'

Selected number of demos: 18

-- Positive Demos --
 (523,3),  (496,5),  (471,5),  (357,4),  (329,4),  (298,2),  (267,2),  (233,2),  (202,2),  (142,0),  (114,0),  (31,3),  (34,3),  (39,3),  (43,3),  (49,3),  (51,3),  (82,6), 


[Timing] Time passed: 109.68052 s

Posterior Probability: -745.6478124
Agreement with demo: 15%
Current angular diffs: 74'

Selected number of demos: 20

-- Positive Demos --
 (498,5),  (415,0),  (357,4),  (298,2),  (266,2),  (234,2),  (200,2),  (199,4),  (114,0),  (86,5),  (31,3),  (33,3),  (36,3),  (39,3),  (44,3),  (46,3),  (48,3),  (49,3),  (51,3),  (82,6), 


[Timing] Time passed: 110.968646 s

Posterior Probability: -143.0315639
Agreement with demo: 7.3%
Current angular diffs: 84'

Selected number of demos: 28

-- Positive Demos --
 (496,5),  (471,5),  (443,0),  (415,0),  (387,4),  (357,4),  (329,4),  (298,2),  (267,2),  (236,2),  (233,2),  (202,2),  (200,2),  (199,4),  (171,4),  (114,0),  (59,5),  (32,3),  (34,3),  (36,3),  (39,3),  (43,3),  (44,3),  (48,3),  (50,3),  (51,3),  (82,6), 


[Timing] Time passed: 109.215107 s

Posterior Probability: -1193.34546
Agreement with demo: 20%
Current angular diffs: 80'

Selected number of demos: 43

-- Positive Demos --
 (523,3),  (496,5),  (498,5),  (471,5),  (443,0),  (415,0),  (387,4),  (357,4),  (329,4),  (300,2),  (298,2),  (297,2),  (267,2),  (266,2),  (236,2),  (234,2),  (233,2),  (202,2),  (200,2),  (199,4),  (171,4),  (142,0),  (114,0),  (86,5),  (59,5),  (31,3),  (32,3),  (33,3),  (34,3),  (36,3),  (38,3),  (39,3),  (41,3),  (43,3),  (44,3),  (46,3),  (48,3),  (49,3),  (50,3),  (51,3),  (82,1),  (82,6), 


[Timing] Time passed: 107.687775 s

Posterior Probability: -1368.167792
Agreement with demo: 11%
Current angular diffs: 1.1e+02'

Selected number of demos: 10

-- Positive Demos --
 (471,5),  (387,4),  (300,2),  (236,2),  (200,2),  (142,0),  (33,3),  (36,3),  (46,3),  (82,1), 


[Timing] Time passed: 96.483268 s

Posterior Probability: -575.0283601
Agreement with demo: 22%
Current angular diffs: 93'

Selected number of demos: 24

-- Positive Demos --
 (523,3),  (496,5),  (498,5),  (415,0),  (357,4),  (300,2),  (298,2),  (266,2),  (236,2),  (202,2),  (199,4),  (171,4),  (114,0),  (59,5),  (31,3),  (32,3),  (33,3),  (38,3),  (39,3),  (41,3),  (43,3),  (46,3),  (49,3),  (82,1), 


[Timing] Time passed: 97.520489 s

Posterior Probability: -292.5176394
Agreement with demo: 16%
Current angular diffs: 83'

Selected number of demos: 29

-- Positive Demos --
 (523,3),  (496,5),  (498,5),  (471,5),  (415,0),  (387,4),  (357,4),  (300,2),  (297,2),  (266,2),  (234,2),  (233,2),  (200,2),  (171,4),  (142,0),  (86,5),  (59,5),  (32,3),  (34,3),  (36,3),  (38,3),  (39,3),  (41,3),  (43,3),  (46,3),  (48,3),  (49,3),  (50,3),  (82,1), 


[Timing] Time passed: 100.210229 s

Posterior Probability: -1541.837615
Agreement with demo: 11%
Current angular diffs: 86'

Selected number of demos: 13

-- Positive Demos --
 (471,5),  (387,4),  (298,2),  (266,2),  (233,2),  (171,4),  (31,3),  (33,3),  (34,3),  (39,3),  (48,3),  (50,3),  (82,1), 


[Timing] Time passed: 95.327692 s

Posterior Probability: -39.2599269
Agreement with demo: 15%
Current angular diffs: 83'

-----------------------------
Avg angular diffs: 74'
-- learned weights --
Feature Weights: -0.0105, -0.65275, -0.05875, -0.1, 
