processing file :../birl_data/44_35_1_objects.txt

Initializing gridworld of size 32 by 24..
    Num states: 768
    Num actions: 8

Total number of demos: 70

Total number of good demos: 53

Selected number of demos: 53

-- Positive Demos --
 (165,4), 


 - [Timing] Time passed: 156.807323 s
- Current feature weights:0.0005471698113, 0.0008301886792, -0.00179245283, -0.0001
 - Posterior Probability: -2.07944
 - Agreement with demo: 0%
 - Current angular diffs: 45'

-- Positive Demos --
 (167,4), 


 - [Timing] Time passed: 170.63911 s
- Current feature weights:0.001358490566, 0.0008679245283, -0.002226415094, -0.0001
 - Posterior Probability: -2.07944
 - Agreement with demo: 100%
 - Current angular diffs: 0'

-- Positive Demos --
 (160,6),  (161,6),  (189,1),  (215,6),  (246,6),  (283,1),  (324,1),  (375,6),  (416,6),  (460,6),  (503,1),  (551,6),  (582,6),  (603,2),  (596,0),  (565,0),  (528,0),  (489,0),  (443,0),  (399,0),  (351,0),  (308,0), 


 - [Timing] Time passed: 202.500601 s
- Current feature weights:0.08230188679, -0.009094339623, -0.02422641509, -0.0001
 - Posterior Probability: -45.7477
 - Agreement with demo: 0%
 - Current angular diffs: 100.227'

-- Positive Demos --
 (262,0),  (222,0),  (186,4),  (170,2),  (171,6),  (192,6),  (233,6),  (268,6),  (301,6),  (339,1), 


 - [Timing] Time passed: 192.352663 s
- Current feature weights:0.1436226415, -0.02739622642, -0.03743396226, -0.0001
 - Posterior Probability: -20.7944
 - Agreement with demo: 10%
 - Current angular diffs: 103.5'

-- Positive Demos --
 (387,6),  (426,6),  (461,6),  (497,1),  (538,1), 


 - [Timing] Time passed: 201.856721 s
- Current feature weights:0.1804150943, -0.03767924528, -0.03337735849, -0.0001
 - Posterior Probability: -10.3972
 - Agreement with demo: 0%
 - Current angular diffs: 99'

-- Positive Demos --
 (579,6),  (610,6),  (640,1),  (673,7),  (676,6),  (687,6),  (690,0), 


 - [Timing] Time passed: 148.958062 s
- Current feature weights:0.2185849057, -0.03649056604, -0.03601886792, -0.0001
 - Posterior Probability: -14.5561
 - Agreement with demo: 0%
 - Current angular diffs: 96.4286'

-----------------------------
Avg angular diffs: 84.0566'
Total agreement with demo: 3.77358%
-- learned weights --
Final feature weights:0.218585, -0.0364906, -0.0360189, -0.0001
