processing file :../birl_data/44_40_3_objects.txt

Initializing gridworld of size 32 by 24..
    Num states: 768
    Num actions: 8

Total number of demos: 86

Total number of good demos: 59

Selected number of demos: 59

-- Positive Demos --
 (676,7), 


 - [Timing] Time passed: 147.590737 s
- Current feature weights:0.0002881355932, -0.0004406779661, -0.0002881355932, -0.0001
 - Posterior Probability: -2.07944
 - Agreement with demo: 100%
 - Current angular diffs: 0'

-- Positive Demos --
 (682,3),  (693,3),  (683,3),  (715,3), 


 - [Timing] Time passed: 149.5452 s
- Current feature weights:-0.006627118644, 0.009525423729, -0.001440677966, -0.0001
 - Posterior Probability: -8.31777
 - Agreement with demo: 50%
 - Current angular diffs: 56.25'

-- Positive Demos --
 (708,3),  (723,3), 


 - [Timing] Time passed: 142.319891 s
- Current feature weights:-0.0143220339, 0.01196610169, 0.0006949152542, -0.0001
 - Posterior Probability: -4.15888
 - Agreement with demo: 0%
 - Current angular diffs: 67.5'

-- Positive Demos --
 (720,5),  (699,5),  (634,0),  (589,0),  (557,5),  (534,0), 


 - [Timing] Time passed: 145.217295 s
- Current feature weights:-0.04828813559, 0.004338983051, 0.006288135593, -0.0001
 - Posterior Probability: -12.4766
 - Agreement with demo: 0%
 - Current angular diffs: 90'

-- Positive Demos --
 (519,2), 


 - [Timing] Time passed: 144.98088 s
- Current feature weights:-0.05337288136, 0.004830508475, 0.005322033898, -0.0001
 - Posterior Probability: -2.07944
 - Agreement with demo: 0%
 - Current angular diffs: 45'

-- Positive Demos --
 (512,2),  (501,4),  (483,0),  (423,4),  (408,2), 


 - [Timing] Time passed: 146.921416 s
- Current feature weights:-0.0853220339, 0.002627118644, -0.0005254237288, -0.0001
 - Posterior Probability: -10.3972
 - Agreement with demo: 40%
 - Current angular diffs: 36'

-- Positive Demos --
 (402,2),  (391,2),  (380,2),  (387,6),  (416,6), 


 - [Timing] Time passed: 134.344174 s
- Current feature weights:-0.1083728814, -0.00686440678, -0.00713559322, -0.0001
 - Posterior Probability: -10.3972
 - Agreement with demo: 0%
 - Current angular diffs: 90'

-- Positive Demos --
 (445,6),  (462,2),  (479,6),  (499,2),  (505,4),  (486,4),  (430,2),  (414,4),  (396,4), 


 - [Timing] Time passed: 138.461859 s
- Current feature weights:-0.1591694915, -0.01998305085, -0.01888135593, -0.0001
 - Posterior Probability: -18.715
 - Agreement with demo: 22.2222%
 - Current angular diffs: 85'

-- Positive Demos --
 (357,4),  (316,0),  (274,0),  (231,5), 


 - [Timing] Time passed: 142.220024 s
- Current feature weights:-0.1793050847, -0.02398305085, -0.022, -0.0001
 - Posterior Probability: -8.31777
 - Agreement with demo: 25%
 - Current angular diffs: 56.25'

-- Positive Demos --
 (158,5),  (138,5),  (119,3),  (110,3),  (121,3), 


 - [Timing] Time passed: 122.268727 s
- Current feature weights:-0.2101525424, -0.03152542373, -0.02259322034, -0.0001
 - Posterior Probability: -10.3972
 - Agreement with demo: 0%
 - Current angular diffs: 90'

-- Positive Demos --
 (128,3),  (130,3), 


 - [Timing] Time passed: 106.056227 s
- Current feature weights:-0.2182542373, -0.03752542373, -0.02415254237, -0.0001
 - Posterior Probability: -4.15888
 - Agreement with demo: 0%
 - Current angular diffs: 135'

-- Positive Demos --
 (195,3),  (186,3), 


 - [Timing] Time passed: 109.152472 s
- Current feature weights:-0.2265932203, -0.0426440678, -0.02642372881, -0.0001
 - Posterior Probability: -4.15888
 - Agreement with demo: 0%
 - Current angular diffs: 157.5'

-- Positive Demos --
 (183,3),  (135,3),  (132,3),  (160,3),  (148,3),  (143,3),  (142,6),  (152,2),  (156,6),  (163,7),  (165,7),  (166,5), 


 - [Timing] Time passed: 106.372142 s
- Current feature weights:-0.2664576271, -0.07518644068, -0.05123728814, -0.0001
 - Posterior Probability: -24.9533
 - Agreement with demo: 0%
 - Current angular diffs: 120'

-----------------------------
Avg angular diffs: 85.4237'
Total agreement with demo: 13.5593%
-- learned weights --
Final feature weights:-0.266458, -0.0751864, -0.0512373, -0.0001
