loading features...

Initializing gridworld of size 28 by 22..
    Num states: 616
    Num actions: 8

Total number of demos: 89

Selected number of demos: 27

-- Positive Demos --
 (542,3),  (544,3),  (546,3),  (549,3),  (551,5),  (526,5),  (498,5),  (416,5),  (360,4),  (305,4),  (273,2),  (272,2),  (268,2),  (266,2),  (318,6),  (369,2),  (337,4),  (280,0),  (141,5),  (87,3),  (61,3),  (66,3),  (70,3),  (73,3),  (77,3),  (49,3), 


[Timing] Time passed: 407.926858 s

Posterior Probability: -166.0952491
Agreement with demo: 11%
Current angular diffs: 93'

Selected number of demos: 47

-- Positive Demos --
 (512,3),  (541,3),  (543,3),  (544,3),  (547,3),  (548,3),  (551,5),  (525,5),  (471,5),  (444,5),  (389,0),  (360,4),  (333,0),  (305,4),  (275,2),  (274,2),  (272,2),  (270,2),  (268,2),  (267,2),  (265,2),  (292,2),  (317,2),  (316,2),  (341,6),  (368,2),  (337,4),  (336,4),  (280,0),  (195,0),  (141,5),  (114,5),  (86,5),  (87,3),  (88,3),  (61,3),  (65,3),  (66,3),  (68,3),  (70,3),  (71,3),  (72,3),  (75,3),  (77,3),  (50,3),  (52,3), 


[Timing] Time passed: 323.967223 s

Posterior Probability: -393.7682595
Agreement with demo: 14%
Current angular diffs: 88'

Selected number of demos: 46

-- Positive Demos --
 (511,3),  (542,3),  (544,3),  (547,3),  (548,3),  (549,3),  (550,3),  (525,5),  (498,5),  (471,5),  (415,5),  (416,5),  (360,4),  (333,0),  (304,2),  (274,2),  (272,2),  (271,2),  (269,2),  (266,2),  (292,2),  (318,6),  (316,2),  (369,2),  (367,2),  (309,4),  (308,0),  (280,0),  (195,0),  (168,5),  (141,5),  (114,5),  (87,3),  (88,3),  (61,3),  (65,3),  (67,3),  (68,3),  (70,3),  (72,3),  (75,3),  (77,3),  (49,3),  (51,3),  (52,3), 


[Timing] Time passed: 319.305348 s

Posterior Probability: -452.0913106
Agreement with demo: 14%
Current angular diffs: 89'

Selected number of demos: 61

-- Positive Demos --
 (511,3),  (541,3),  (543,3),  (544,3),  (545,3),  (546,3),  (548,3),  (549,3),  (551,5),  (526,5),  (471,5),  (444,5),  (416,5),  (389,0),  (360,4),  (333,0),  (304,2),  (275,2),  (273,2),  (272,2),  (270,2),  (269,2),  (268,2),  (266,2),  (265,2),  (292,2),  (318,6),  (317,2),  (316,2),  (342,6),  (369,2),  (368,2),  (337,4),  (309,4),  (308,0),  (252,0),  (224,0),  (168,5),  (141,5),  (86,5),  (87,3),  (88,3),  (61,3),  (62,3),  (65,3),  (67,3),  (68,3),  (69,3),  (71,3),  (72,3),  (74,3),  (75,3),  (76,3),  (49,3),  (50,3),  (52,3), 


[Timing] Time passed: 339.669342 s

Posterior Probability: -316.1457236
Agreement with demo: 17%
Current angular diffs: 90'

Selected number of demos: 89

-- Positive Demos --
 (511,3),  (512,3),  (541,3),  (542,3),  (543,3),  (544,3),  (545,3),  (546,3),  (547,3),  (548,3),  (549,3),  (550,3),  (551,5),  (525,5),  (526,5),  (498,5),  (471,5),  (444,5),  (415,5),  (416,5),  (389,0),  (360,0),  (360,4),  (333,0),  (305,4),  (304,2),  (275,2),  (274,2),  (273,2),  (272,2),  (271,2),  (270,2),  (269,2),  (268,2),  (267,2),  (266,2),  (265,2),  (292,2),  (291,6),  (318,6),  (317,2),  (316,2),  (342,6),  (341,6),  (369,2),  (368,2),  (367,2),  (337,4),  (336,4),  (309,4),  (308,0),  (280,0),  (252,0),  (224,0),  (195,0),  (168,5),  (141,5),  (114,5),  (86,5),  (87,3),  (88,3),  (61,3),  (62,3),  (63,3),  (65,3),  (66,3),  (67,3),  (68,3),  (69,3),  (70,3),  (71,3),  (72,3),  (73,3),  (74,3),  (75,3),  (76,3),  (77,3),  (49,3),  (50,3),  (51,3),  (52,3), 


[Timing] Time passed: 351.75923 s

Posterior Probability: -535.6516729
Agreement with demo: 14%
Current angular diffs: 87'

Selected number of demos: 56

-- Positive Demos --
 (512,3),  (541,3),  (543,3),  (545,3),  (546,3),  (548,3),  (550,3),  (551,5),  (526,5),  (498,5),  (471,5),  (444,5),  (416,5),  (389,0),  (360,4),  (333,0),  (305,4),  (275,2),  (274,2),  (273,2),  (272,2),  (271,2),  (269,2),  (267,2),  (266,2),  (265,2),  (292,2),  (318,6),  (316,2),  (341,6),  (369,2),  (368,2),  (337,4),  (336,4),  (308,0),  (252,0),  (195,0),  (141,5),  (114,5),  (86,5),  (88,3),  (61,3),  (62,3),  (63,3),  (65,3),  (66,3),  (68,3),  (70,3),  (71,3),  (72,3),  (74,3),  (75,3),  (77,3),  (50,3),  (51,3),  (52,3), 


[Timing] Time passed: 373.629881 s

Posterior Probability: -131.8380921
Agreement with demo: 12%
Current angular diffs: 91'

Selected number of demos: 61

-- Positive Demos --
 (512,3),  (541,3),  (542,3),  (543,3),  (544,3),  (545,3),  (547,3),  (548,3),  (549,3),  (550,3),  (551,5),  (525,5),  (498,5),  (471,5),  (444,5),  (415,5),  (389,0),  (360,4),  (333,0),  (305,4),  (275,2),  (274,2),  (273,2),  (272,2),  (271,2),  (269,2),  (267,2),  (266,2),  (265,2),  (292,2),  (291,6),  (317,2),  (316,2),  (342,6),  (369,2),  (367,2),  (336,4),  (309,4),  (280,0),  (252,0),  (224,0),  (168,5),  (141,5),  (114,5),  (87,3),  (61,3),  (63,3),  (66,3),  (67,3),  (69,3),  (70,3),  (72,3),  (74,3),  (76,3),  (77,3),  (49,3),  (50,3),  (51,3),  (52,3), 


[Timing] Time passed: 399.105633 s

Posterior Probability: -411.6601622
Agreement with demo: 7.9%
Current angular diffs: 97'

Selected number of demos: 31

-- Positive Demos --
 (543,3),  (544,3),  (545,3),  (548,3),  (550,3),  (471,5),  (416,5),  (360,4),  (333,0),  (275,2),  (272,2),  (270,2),  (266,2),  (318,6),  (317,2),  (369,2),  (336,4),  (308,0),  (168,5),  (87,3),  (61,3),  (66,3),  (67,3),  (70,3),  (72,3),  (73,3),  (74,3),  (76,3),  (77,3),  (52,3), 


[Timing] Time passed: 363.753213 s

Posterior Probability: -284.8236521
Agreement with demo: 9.9%
Current angular diffs: 97'

Selected number of demos: 57

-- Positive Demos --
 (512,3),  (542,3),  (543,3),  (544,3),  (545,3),  (546,3),  (547,3),  (549,3),  (550,3),  (525,5),  (526,5),  (498,5),  (471,5),  (415,5),  (389,0),  (360,0),  (333,0),  (304,2),  (275,2),  (273,2),  (272,2),  (270,2),  (268,2),  (267,2),  (266,2),  (265,2),  (292,2),  (318,6),  (316,2),  (341,6),  (368,2),  (367,2),  (336,4),  (308,0),  (280,0),  (224,0),  (168,5),  (141,5),  (114,5),  (86,5),  (87,3),  (88,3),  (61,3),  (62,3),  (65,3),  (66,3),  (67,3),  (69,3),  (71,3),  (73,3),  (75,3),  (76,3),  (77,3),  (49,3),  (51,3),  (52,3), 


[Timing] Time passed: 369.823253 s

Posterior Probability: -299.6887617
Agreement with demo: 16%
Current angular diffs: 94'

Selected number of demos: 26

-- Positive Demos --
 (543,3),  (545,3),  (548,3),  (550,3),  (525,5),  (471,5),  (444,5),  (360,4),  (305,4),  (304,2),  (273,2),  (270,2),  (266,2),  (318,6),  (316,2),  (342,6),  (368,2),  (336,4),  (308,0),  (224,0),  (114,5),  (88,3),  (65,3),  (68,3),  (73,3),  (49,3), 


[Timing] Time passed: 372.463931 s

Posterior Probability: -134.4761704
Agreement with demo: 12%
Current angular diffs: 93'

Selected number of demos: 22

-- Positive Demos --
 (542,3),  (544,3),  (547,3),  (548,3),  (498,5),  (416,5),  (305,4),  (304,2),  (272,2),  (266,2),  (318,6),  (341,6),  (336,4),  (280,0),  (141,5),  (61,3),  (68,3),  (70,3),  (72,3),  (76,3),  (77,3),  (52,3), 


[Timing] Time passed: 338.446644 s

Posterior Probability: -163.2497022
Agreement with demo: 16%
Current angular diffs: 91'

Selected number of demos: 89

-- Positive Demos --
 (511,3),  (512,3),  (541,3),  (542,3),  (543,3),  (544,3),  (545,3),  (546,3),  (547,3),  (548,3),  (549,3),  (550,3),  (551,5),  (525,5),  (526,5),  (498,5),  (471,5),  (444,5),  (415,5),  (416,5),  (389,0),  (360,0),  (360,4),  (333,0),  (305,4),  (304,2),  (275,2),  (274,2),  (273,2),  (272,2),  (271,2),  (270,2),  (269,2),  (268,2),  (267,2),  (266,2),  (265,2),  (292,2),  (291,6),  (318,6),  (317,2),  (316,2),  (342,6),  (341,6),  (369,2),  (368,2),  (367,2),  (337,4),  (336,4),  (309,4),  (308,0),  (280,0),  (252,0),  (224,0),  (195,0),  (168,5),  (141,5),  (114,5),  (86,5),  (87,3),  (88,3),  (61,3),  (62,3),  (63,3),  (65,3),  (66,3),  (67,3),  (68,3),  (69,3),  (70,3),  (71,3),  (72,3),  (73,3),  (74,3),  (75,3),  (76,3),  (77,3),  (49,3),  (50,3),  (51,3),  (52,3), 


[Timing] Time passed: 338.210304 s

Posterior Probability: -328.8188187
Agreement with demo: 23%
Current angular diffs: 81'

Selected number of demos: 57

-- Positive Demos --
 (511,3),  (512,3),  (542,3),  (544,3),  (545,3),  (547,3),  (549,3),  (551,5),  (526,5),  (498,5),  (471,5),  (444,5),  (416,5),  (360,0),  (360,4),  (333,0),  (304,2),  (275,2),  (273,2),  (272,2),  (271,2),  (269,2),  (267,2),  (266,2),  (292,2),  (291,6),  (317,2),  (342,6),  (369,2),  (367,2),  (337,4),  (336,4),  (309,4),  (308,0),  (280,0),  (252,0),  (195,0),  (141,5),  (86,5),  (88,3),  (61,3),  (62,3),  (63,3),  (65,3),  (66,3),  (68,3),  (70,3),  (72,3),  (74,3),  (75,3),  (77,3),  (49,3),  (51,3),  (52,3), 


[Timing] Time passed: 328.902069 s

Posterior Probability: -275.8525409
Agreement with demo: 12%
Current angular diffs: 94'

Selected number of demos: 89

-- Positive Demos --
 (511,3),  (512,3),  (541,3),  (542,3),  (543,3),  (544,3),  (545,3),  (546,3),  (547,3),  (548,3),  (549,3),  (550,3),  (551,5),  (525,5),  (526,5),  (498,5),  (471,5),  (444,5),  (415,5),  (416,5),  (389,0),  (360,0),  (360,4),  (333,0),  (305,4),  (304,2),  (275,2),  (274,2),  (273,2),  (272,2),  (271,2),  (270,2),  (269,2),  (268,2),  (267,2),  (266,2),  (265,2),  (292,2),  (291,6),  (318,6),  (317,2),  (316,2),  (342,6),  (341,6),  (369,2),  (368,2),  (367,2),  (337,4),  (336,4),  (309,4),  (308,0),  (280,0),  (252,0),  (224,0),  (195,0),  (168,5),  (141,5),  (114,5),  (86,5),  (87,3),  (88,3),  (61,3),  (62,3),  (63,3),  (65,3),  (66,3),  (67,3),  (68,3),  (69,3),  (70,3),  (71,3),  (72,3),  (73,3),  (74,3),  (75,3),  (76,3),  (77,3),  (49,3),  (50,3),  (51,3),  (52,3), 


[Timing] Time passed: 343.680199 s

Posterior Probability: -506.2818921
Agreement with demo: 17%
Current angular diffs: 79'

Selected number of demos: 45

-- Positive Demos --
 (512,3),  (543,3),  (546,3),  (548,3),  (551,5),  (525,5),  (498,5),  (444,5),  (389,0),  (360,0),  (333,0),  (275,2),  (274,2),  (273,2),  (272,2),  (271,2),  (268,2),  (267,2),  (265,2),  (292,2),  (317,2),  (342,6),  (368,2),  (337,4),  (309,4),  (308,0),  (252,0),  (195,0),  (168,5),  (141,5),  (87,3),  (61,3),  (62,3),  (63,3),  (65,3),  (66,3),  (69,3),  (70,3),  (73,3),  (74,3),  (76,3),  (49,3),  (50,3),  (52,3), 


[Timing] Time passed: 334.112877 s

Posterior Probability: -317.3132942
Agreement with demo: 14%
Current angular diffs: 88'

Selected number of demos: 44

-- Positive Demos --
 (512,3),  (541,3),  (544,3),  (545,3),  (548,3),  (550,3),  (525,5),  (498,5),  (444,5),  (416,5),  (389,0),  (360,0),  (360,4),  (333,0),  (304,2),  (275,2),  (273,2),  (271,2),  (270,2),  (268,2),  (267,2),  (266,2),  (292,2),  (317,2),  (342,6),  (341,6),  (368,2),  (367,2),  (337,4),  (309,4),  (308,0),  (252,0),  (168,5),  (114,5),  (88,3),  (61,3),  (65,3),  (66,3),  (69,3),  (71,3),  (74,3),  (75,3),  (49,3),  (52,3), 


[Timing] Time passed: 298.804205 s

Posterior Probability: -249.7123152
Agreement with demo: 13%
Current angular diffs: 88'

Selected number of demos: 35

-- Positive Demos --
 (512,3),  (543,3),  (545,3),  (548,3),  (550,3),  (551,5),  (471,5),  (416,5),  (333,0),  (304,2),  (275,2),  (272,2),  (271,2),  (270,2),  (268,2),  (266,2),  (291,6),  (318,6),  (316,2),  (369,2),  (367,2),  (308,0),  (224,0),  (141,5),  (88,3),  (62,3),  (63,3),  (66,3),  (70,3),  (73,3),  (74,3),  (75,3),  (76,3),  (49,3),  (52,3), 


[Timing] Time passed: 313.986529 s

Posterior Probability: -286.0358409
Agreement with demo: 11%
Current angular diffs: 95'

Selected number of demos: 30

-- Positive Demos --
 (543,3),  (547,3),  (525,5),  (526,5),  (471,5),  (416,5),  (360,0),  (333,0),  (304,2),  (275,2),  (272,2),  (267,2),  (266,2),  (265,2),  (317,2),  (342,6),  (367,2),  (309,4),  (308,0),  (168,5),  (141,5),  (61,3),  (63,3),  (68,3),  (69,3),  (72,3),  (75,3),  (77,3),  (50,3), 


[Timing] Time passed: 341.184726 s

Posterior Probability: -289.5675359
Agreement with demo: 13%
Current angular diffs: 87'

Selected number of demos: 37

-- Positive Demos --
 (541,3),  (542,3),  (545,3),  (547,3),  (549,3),  (551,5),  (526,5),  (471,5),  (416,5),  (333,0),  (304,2),  (273,2),  (271,2),  (270,2),  (268,2),  (266,2),  (265,2),  (318,6),  (342,6),  (368,2),  (367,2),  (308,0),  (252,0),  (224,0),  (168,5),  (141,5),  (114,5),  (88,3),  (61,3),  (65,3),  (68,3),  (71,3),  (72,3),  (76,3),  (51,3), 


[Timing] Time passed: 310.962352 s

Posterior Probability: -96.93010578
Agreement with demo: 11%
Current angular diffs: 98'

Selected number of demos: 44

-- Positive Demos --
 (512,3),  (543,3),  (546,3),  (547,3),  (550,3),  (526,5),  (498,5),  (444,5),  (415,5),  (416,5),  (360,4),  (333,0),  (304,2),  (275,2),  (274,2),  (272,2),  (271,2),  (268,2),  (267,2),  (266,2),  (292,2),  (318,6),  (317,2),  (342,6),  (341,6),  (369,2),  (368,2),  (337,4),  (308,0),  (252,0),  (224,0),  (168,5),  (141,5),  (114,5),  (88,3),  (61,3),  (63,3),  (67,3),  (69,3),  (72,3),  (75,3),  (49,3),  (51,3), 


[Timing] Time passed: 248.48738 s

Posterior Probability: -501.025243
Agreement with demo: 14%
Current angular diffs: 86'

Selected number of demos: 24

-- Positive Demos --
 (541,3),  (545,3),  (549,3),  (551,5),  (526,5),  (498,5),  (416,5),  (389,0),  (360,4),  (304,2),  (275,2),  (272,2),  (270,2),  (266,2),  (265,2),  (342,6),  (367,2),  (280,0),  (252,0),  (114,5),  (62,3),  (69,3),  (74,3),  (50,3), 


[Timing] Time passed: 344.185992 s

Posterior Probability: -145.4054281
Agreement with demo: 15%
Current angular diffs: 86'

Selected number of demos: 25

-- Positive Demos --
 (512,3),  (546,3),  (549,3),  (526,5),  (498,5),  (444,5),  (416,5),  (360,4),  (275,2),  (273,2),  (272,2),  (271,2),  (267,2),  (292,2),  (341,6),  (368,2),  (367,2),  (280,0),  (168,5),  (86,5),  (88,3),  (65,3),  (69,3),  (71,3),  (77,3), 


[Timing] Time passed: 340.200703 s

Posterior Probability: -138.2749148
Agreement with demo: 12%
Current angular diffs: 90'

Selected number of demos: 41

-- Positive Demos --
 (511,3),  (512,3),  (542,3),  (545,3),  (546,3),  (547,3),  (549,3),  (551,5),  (525,5),  (526,5),  (444,5),  (415,5),  (389,0),  (360,0),  (360,4),  (333,0),  (304,2),  (275,2),  (274,2),  (273,2),  (271,2),  (270,2),  (266,2),  (291,6),  (318,6),  (341,6),  (367,2),  (337,4),  (309,4),  (280,0),  (224,0),  (168,5),  (114,5),  (61,3),  (65,3),  (68,3),  (72,3),  (73,3),  (77,3),  (52,3), 


[Timing] Time passed: 303.324315 s

Posterior Probability: -308.5209695
Agreement with demo: 14%
Current angular diffs: 93'

Selected number of demos: 24

-- Positive Demos --
 (511,3),  (542,3),  (543,3),  (546,3),  (548,3),  (525,5),  (498,5),  (389,0),  (305,4),  (273,2),  (269,2),  (292,2),  (316,2),  (367,2),  (252,0),  (114,5),  (62,3),  (65,3),  (69,3),  (71,3),  (72,3),  (75,3),  (50,3),  (52,3), 


[Timing] Time passed: 265.791105 s

Posterior Probability: -160.9837824
Agreement with demo: 11%
Current angular diffs: 1e+02'

Selected number of demos: 36

-- Positive Demos --
 (542,3),  (543,3),  (547,3),  (550,3),  (526,5),  (498,5),  (471,5),  (415,5),  (416,5),  (333,0),  (275,2),  (273,2),  (271,2),  (269,2),  (267,2),  (266,2),  (318,6),  (342,6),  (367,2),  (308,0),  (280,0),  (252,0),  (224,0),  (141,5),  (86,5),  (61,3),  (66,3),  (67,3),  (68,3),  (71,3),  (72,3),  (76,3),  (77,3),  (51,3), 


[Timing] Time passed: 255.130293 s

Posterior Probability: -189.4903131
Agreement with demo: 12%
Current angular diffs: 93'

Selected number of demos: 35

-- Positive Demos --
 (511,3),  (542,3),  (545,3),  (546,3),  (549,3),  (551,5),  (525,5),  (526,5),  (444,5),  (389,0),  (333,0),  (304,2),  (275,2),  (272,2),  (270,2),  (266,2),  (292,2),  (318,6),  (342,6),  (368,2),  (336,4),  (309,4),  (252,0),  (224,0),  (141,5),  (114,5),  (88,3),  (61,3),  (63,3),  (68,3),  (70,3),  (74,3),  (77,3),  (49,3),  (52,3), 


[Timing] Time passed: 302.441281 s

Posterior Probability: -358.9170525
Agreement with demo: 15%
Current angular diffs: 89'

Selected number of demos: 61

-- Positive Demos --
 (511,3),  (512,3),  (542,3),  (543,3),  (544,3),  (546,3),  (547,3),  (549,3),  (551,5),  (525,5),  (526,5),  (471,5),  (444,5),  (415,5),  (389,0),  (360,4),  (333,0),  (305,4),  (275,2),  (274,2),  (272,2),  (270,2),  (269,2),  (268,2),  (266,2),  (292,2),  (291,6),  (318,6),  (317,2),  (342,6),  (341,6),  (369,2),  (368,2),  (367,2),  (336,4),  (309,4),  (308,0),  (280,0),  (224,0),  (195,0),  (168,5),  (141,5),  (86,5),  (88,3),  (61,3),  (62,3),  (65,3),  (66,3),  (68,3),  (69,3),  (71,3),  (73,3),  (75,3),  (77,3),  (49,3),  (51,3),  (52,3), 


[Timing] Time passed: 266.938257 s

Posterior Probability: -374.0132442
Agreement with demo: 8.9%
Current angular diffs: 96'

Selected number of demos: 61

-- Positive Demos --
 (512,3),  (541,3),  (543,3),  (545,3),  (547,3),  (548,3),  (549,3),  (550,3),  (551,5),  (526,5),  (498,5),  (471,5),  (444,5),  (416,5),  (389,0),  (360,0),  (360,4),  (333,0),  (304,2),  (275,2),  (274,2),  (273,2),  (272,2),  (270,2),  (269,2),  (268,2),  (267,2),  (266,2),  (292,2),  (318,6),  (316,2),  (342,6),  (341,6),  (368,2),  (367,2),  (336,4),  (308,0),  (252,0),  (224,0),  (195,0),  (141,5),  (114,5),  (87,3),  (88,3),  (61,3),  (62,3),  (65,3),  (67,3),  (68,3),  (70,3),  (72,3),  (73,3),  (75,3),  (76,3),  (77,3),  (50,3),  (51,3),  (52,3), 


[Timing] Time passed: 304.275131 s

Posterior Probability: -572.2873398
Agreement with demo: 12%
Current angular diffs: 91'

Selected number of demos: 60

-- Positive Demos --
 (512,3),  (541,3),  (543,3),  (545,3),  (546,3),  (547,3),  (548,3),  (550,3),  (551,5),  (525,5),  (498,5),  (471,5),  (415,5),  (416,5),  (389,0),  (360,4),  (333,0),  (305,4),  (304,2),  (275,2),  (273,2),  (272,2),  (271,2),  (270,2),  (268,2),  (266,2),  (292,2),  (291,6),  (318,6),  (317,2),  (342,6),  (341,6),  (368,2),  (367,2),  (337,4),  (336,4),  (308,0),  (280,0),  (252,0),  (195,0),  (141,5),  (86,5),  (87,3),  (88,3),  (61,3),  (62,3),  (65,3),  (67,3),  (69,3),  (70,3),  (72,3),  (74,3),  (76,3),  (77,3),  (50,3),  (52,3), 


[Timing] Time passed: 280.311561 s

Posterior Probability: -313.565931
Agreement with demo: 14%
Current angular diffs: 94'

Selected number of demos: 89

-- Positive Demos --
 (511,3),  (512,3),  (541,3),  (542,3),  (543,3),  (544,3),  (545,3),  (546,3),  (547,3),  (548,3),  (549,3),  (550,3),  (551,5),  (525,5),  (526,5),  (498,5),  (471,5),  (444,5),  (415,5),  (416,5),  (389,0),  (360,0),  (360,4),  (333,0),  (305,4),  (304,2),  (275,2),  (274,2),  (273,2),  (272,2),  (271,2),  (270,2),  (269,2),  (268,2),  (267,2),  (266,2),  (265,2),  (292,2),  (291,6),  (318,6),  (317,2),  (316,2),  (342,6),  (341,6),  (369,2),  (368,2),  (367,2),  (337,4),  (336,4),  (309,4),  (308,0),  (280,0),  (252,0),  (224,0),  (195,0),  (168,5),  (141,5),  (114,5),  (86,5),  (87,3),  (88,3),  (61,3),  (62,3),  (63,3),  (65,3),  (66,3),  (67,3),  (68,3),  (69,3),  (70,3),  (71,3),  (72,3),  (73,3),  (74,3),  (75,3),  (76,3),  (77,3),  (49,3),  (50,3),  (51,3),  (52,3), 


[Timing] Time passed: 344.5563 s

Posterior Probability: -582.3149435
Agreement with demo: 22%
Current angular diffs: 86'

Selected number of demos: 29

-- Positive Demos --
 (542,3),  (544,3),  (548,3),  (525,5),  (444,5),  (389,0),  (360,0),  (305,4),  (274,2),  (272,2),  (270,2),  (266,2),  (292,2),  (318,6),  (317,2),  (341,6),  (367,2),  (309,4),  (252,0),  (168,5),  (87,3),  (62,3),  (63,3),  (69,3),  (73,3),  (74,3),  (50,3),  (51,3),  (52,3), 


[Timing] Time passed: 228.755853 s

Posterior Probability: -432.356033
Agreement with demo: 13%
Current angular diffs: 95'

Selected number of demos: 89

-- Positive Demos --
 (511,3),  (512,3),  (541,3),  (542,3),  (543,3),  (544,3),  (545,3),  (546,3),  (547,3),  (548,3),  (549,3),  (550,3),  (551,5),  (525,5),  (526,5),  (498,5),  (471,5),  (444,5),  (415,5),  (416,5),  (389,0),  (360,0),  (360,4),  (333,0),  (305,4),  (304,2),  (275,2),  (274,2),  (273,2),  (272,2),  (271,2),  (270,2),  (269,2),  (268,2),  (267,2),  (266,2),  (265,2),  (292,2),  (291,6),  (318,6),  (317,2),  (316,2),  (342,6),  (341,6),  (369,2),  (368,2),  (367,2),  (337,4),  (336,4),  (309,4),  (308,0),  (280,0),  (252,0),  (224,0),  (195,0),  (168,5),  (141,5),  (114,5),  (86,5),  (87,3),  (88,3),  (61,3),  (62,3),  (63,3),  (65,3),  (66,3),  (67,3),  (68,3),  (69,3),  (70,3),  (71,3),  (72,3),  (73,3),  (74,3),  (75,3),  (76,3),  (77,3),  (49,3),  (50,3),  (51,3),  (52,3), 


[Timing] Time passed: 383.711882 s

Posterior Probability: -373.1727141
Agreement with demo: 7.9%
Current angular diffs: 1e+02'

Selected number of demos: 89

-- Positive Demos --
 (511,3),  (512,3),  (541,3),  (542,3),  (543,3),  (544,3),  (545,3),  (546,3),  (547,3),  (548,3),  (549,3),  (550,3),  (551,5),  (525,5),  (526,5),  (498,5),  (471,5),  (444,5),  (415,5),  (416,5),  (389,0),  (360,0),  (360,4),  (333,0),  (305,4),  (304,2),  (275,2),  (274,2),  (273,2),  (272,2),  (271,2),  (270,2),  (269,2),  (268,2),  (267,2),  (266,2),  (265,2),  (292,2),  (291,6),  (318,6),  (317,2),  (316,2),  (342,6),  (341,6),  (369,2),  (368,2),  (367,2),  (337,4),  (336,4),  (309,4),  (308,0),  (280,0),  (252,0),  (224,0),  (195,0),  (168,5),  (141,5),  (114,5),  (86,5),  (87,3),  (88,3),  (61,3),  (62,3),  (63,3),  (65,3),  (66,3),  (67,3),  (68,3),  (69,3),  (70,3),  (71,3),  (72,3),  (73,3),  (74,3),  (75,3),  (76,3),  (77,3),  (49,3),  (50,3),  (51,3),  (52,3), 


[Timing] Time passed: 399.998468 s

Posterior Probability: -731.6399295
Agreement with demo: 14%
Current angular diffs: 91'

Selected number of demos: 30

-- Positive Demos --
 (541,3),  (544,3),  (546,3),  (551,5),  (498,5),  (471,5),  (389,0),  (333,0),  (305,4),  (273,2),  (271,2),  (268,2),  (265,2),  (318,6),  (341,6),  (367,2),  (309,4),  (224,0),  (114,5),  (87,3),  (63,3),  (65,3),  (66,3),  (68,3),  (71,3),  (73,3),  (75,3),  (76,3),  (77,3),  (51,3), 


[Timing] Time passed: 349.301832 s

Posterior Probability: -183.9248178
Agreement with demo: 15%
Current angular diffs: 87'

Selected number of demos: 22

-- Positive Demos --
 (541,3),  (547,3),  (549,3),  (525,5),  (526,5),  (415,5),  (333,0),  (305,4),  (272,2),  (270,2),  (266,2),  (265,2),  (318,6),  (368,2),  (280,0),  (168,5),  (114,5),  (61,3),  (68,3),  (74,3),  (75,3),  (51,3), 


[Timing] Time passed: 324.51227 s

Posterior Probability: -144.5490997
Agreement with demo: 11%
Current angular diffs: 93'

Selected number of demos: 44

-- Positive Demos --
 (541,3),  (544,3),  (545,3),  (546,3),  (549,3),  (551,5),  (526,5),  (471,5),  (415,5),  (389,0),  (360,4),  (333,0),  (305,4),  (275,2),  (273,2),  (272,2),  (271,2),  (268,2),  (267,2),  (266,2),  (265,2),  (292,2),  (317,2),  (316,2),  (341,6),  (369,2),  (367,2),  (309,4),  (308,0),  (252,0),  (195,0),  (141,5),  (86,5),  (87,3),  (61,3),  (63,3),  (66,3),  (68,3),  (71,3),  (73,3),  (76,3),  (49,3),  (52,3), 


[Timing] Time passed: 310.016587 s

Posterior Probability: -171.1674079
Agreement with demo: 23%
Current angular diffs: 85'

Selected number of demos: 30

-- Positive Demos --
 (511,3),  (542,3),  (543,3),  (548,3),  (550,3),  (471,5),  (389,0),  (304,2),  (272,2),  (271,2),  (270,2),  (266,2),  (265,2),  (316,2),  (337,4),  (336,4),  (224,0),  (168,5),  (141,5),  (61,3),  (67,3),  (68,3),  (69,3),  (70,3),  (73,3),  (74,3),  (49,3),  (51,3), 


[Timing] Time passed: 360.923951 s

Posterior Probability: -198.9341494
Agreement with demo: 15%
Current angular diffs: 85'

Selected number of demos: 25

-- Positive Demos --
 (512,3),  (546,3),  (548,3),  (526,5),  (444,5),  (416,5),  (333,0),  (304,2),  (274,2),  (269,2),  (292,2),  (318,6),  (341,6),  (368,2),  (337,4),  (309,4),  (195,0),  (141,5),  (87,3),  (63,3),  (65,3),  (70,3),  (73,3),  (76,3),  (51,3), 


[Timing] Time passed: 388.677155 s

Posterior Probability: -106.5652825
Agreement with demo: 8.9%
Current angular diffs: 98'

Selected number of demos: 56

-- Positive Demos --
 (511,3),  (541,3),  (542,3),  (544,3),  (546,3),  (547,3),  (549,3),  (550,3),  (551,5),  (526,5),  (498,5),  (471,5),  (444,5),  (416,5),  (389,0),  (360,4),  (333,0),  (305,4),  (304,2),  (275,2),  (274,2),  (272,2),  (270,2),  (269,2),  (267,2),  (266,2),  (265,2),  (291,6),  (317,2),  (342,6),  (341,6),  (368,2),  (367,2),  (336,4),  (308,0),  (252,0),  (195,0),  (168,5),  (141,5),  (86,5),  (88,3),  (61,3),  (62,3),  (65,3),  (67,3),  (69,3),  (70,3),  (72,3),  (74,3),  (75,3),  (76,3),  (49,3),  (51,3),  (52,3), 


[Timing] Time passed: 300.642021 s

Posterior Probability: -709.3257656
Agreement with demo: 14%
Current angular diffs: 85'

Selected number of demos: 32

-- Positive Demos --
 (511,3),  (543,3),  (547,3),  (550,3),  (498,5),  (471,5),  (415,5),  (360,4),  (333,0),  (304,2),  (273,2),  (270,2),  (267,2),  (266,2),  (291,6),  (316,2),  (368,2),  (367,2),  (309,4),  (308,0),  (252,0),  (141,5),  (87,3),  (61,3),  (65,3),  (66,3),  (69,3),  (73,3),  (74,3),  (75,3),  (49,3),  (50,3), 


[Timing] Time passed: 341.566911 s

Posterior Probability: -475.899131
Agreement with demo: 14%
Current angular diffs: 91'

Selected number of demos: 21

-- Positive Demos --
 (542,3),  (546,3),  (547,3),  (526,5),  (471,5),  (360,0),  (333,0),  (305,4),  (272,2),  (269,2),  (265,2),  (342,6),  (369,2),  (308,0),  (168,5),  (88,3),  (65,3),  (66,3),  (70,3),  (76,3),  (52,3), 


[Timing] Time passed: 349.250019 s

Posterior Probability: -72.62729723
Agreement with demo: 19%
Current angular diffs: 87'

Selected number of demos: 25

-- Positive Demos --
 (542,3),  (547,3),  (525,5),  (444,5),  (360,4),  (333,0),  (275,2),  (274,2),  (270,2),  (266,2),  (291,6),  (342,6),  (368,2),  (309,4),  (195,0),  (86,5),  (88,3),  (62,3),  (65,3),  (67,3),  (72,3),  (74,3),  (77,3),  (51,3),  (52,3), 


[Timing] Time passed: 282.845395 s

Posterior Probability: -85.35272308
Agreement with demo: 13%
Current angular diffs: 87'

Selected number of demos: 33

-- Positive Demos --
 (512,3),  (541,3),  (544,3),  (545,3),  (549,3),  (525,5),  (498,5),  (471,5),  (415,5),  (333,0),  (275,2),  (271,2),  (266,2),  (265,2),  (291,6),  (316,2),  (369,2),  (367,2),  (336,4),  (308,0),  (280,0),  (141,5),  (114,5),  (61,3),  (62,3),  (63,3),  (65,3),  (69,3),  (70,3),  (72,3),  (77,3),  (52,3), 


[Timing] Time passed: 231.007442 s

Posterior Probability: -302.3337454
Agreement with demo: 11%
Current angular diffs: 91'

Selected number of demos: 35

-- Positive Demos --
 (542,3),  (543,3),  (544,3),  (546,3),  (547,3),  (549,3),  (551,5),  (471,5),  (416,5),  (360,0),  (333,0),  (305,4),  (274,2),  (272,2),  (270,2),  (266,2),  (265,2),  (318,6),  (341,6),  (368,2),  (336,4),  (280,0),  (195,0),  (141,5),  (87,3),  (62,3),  (67,3),  (70,3),  (71,3),  (73,3),  (75,3),  (76,3),  (49,3),  (52,3), 


[Timing] Time passed: 329.369213 s

Posterior Probability: -244.4506835
Agreement with demo: 13%
Current angular diffs: 89'

Selected number of demos: 21

-- Positive Demos --
 (511,3),  (541,3),  (546,3),  (550,3),  (526,5),  (471,5),  (360,0),  (333,0),  (274,2),  (269,2),  (265,2),  (316,2),  (342,6),  (369,2),  (308,0),  (141,5),  (88,3),  (61,3),  (66,3),  (72,3),  (49,3), 


[Timing] Time passed: 331.278253 s

Posterior Probability: -91.08457811
Agreement with demo: 15%
Current angular diffs: 94'

Selected number of demos: 89

-- Positive Demos --
 (511,3),  (512,3),  (541,3),  (542,3),  (543,3),  (544,3),  (545,3),  (546,3),  (547,3),  (548,3),  (549,3),  (550,3),  (551,5),  (525,5),  (526,5),  (498,5),  (471,5),  (444,5),  (415,5),  (416,5),  (389,0),  (360,0),  (360,4),  (333,0),  (305,4),  (304,2),  (275,2),  (274,2),  (273,2),  (272,2),  (271,2),  (270,2),  (269,2),  (268,2),  (267,2),  (266,2),  (265,2),  (292,2),  (291,6),  (318,6),  (317,2),  (316,2),  (342,6),  (341,6),  (369,2),  (368,2),  (367,2),  (337,4),  (336,4),  (309,4),  (308,0),  (280,0),  (252,0),  (224,0),  (195,0),  (168,5),  (141,5),  (114,5),  (86,5),  (87,3),  (88,3),  (61,3),  (62,3),  (63,3),  (65,3),  (66,3),  (67,3),  (68,3),  (69,3),  (70,3),  (71,3),  (72,3),  (73,3),  (74,3),  (75,3),  (76,3),  (77,3),  (49,3),  (50,3),  (51,3),  (52,3), 


[Timing] Time passed: 249.307213 s

Posterior Probability: -321.7456093
Agreement with demo: 18%
Current angular diffs: 84'

Selected number of demos: 36

-- Positive Demos --
 (541,3),  (542,3),  (544,3),  (546,3),  (547,3),  (549,3),  (526,5),  (471,5),  (415,5),  (389,0),  (333,0),  (305,4),  (304,2),  (275,2),  (274,2),  (272,2),  (271,2),  (270,2),  (266,2),  (292,2),  (317,2),  (342,6),  (368,2),  (336,4),  (252,0),  (195,0),  (114,5),  (86,5),  (61,3),  (62,3),  (66,3),  (70,3),  (73,3),  (77,3),  (52,3), 


[Timing] Time passed: 316.526166 s

Posterior Probability: -144.5782373
Agreement with demo: 14%
Current angular diffs: 92'

Selected number of demos: 44

-- Positive Demos --
 (511,3),  (542,3),  (543,3),  (545,3),  (546,3),  (547,3),  (549,3),  (551,5),  (526,5),  (471,5),  (415,5),  (360,0),  (333,0),  (305,4),  (304,2),  (275,2),  (272,2),  (270,2),  (269,2),  (266,2),  (292,2),  (317,2),  (316,2),  (341,6),  (367,2),  (309,4),  (308,0),  (280,0),  (224,0),  (195,0),  (168,5),  (114,5),  (86,5),  (87,3),  (88,3),  (62,3),  (66,3),  (69,3),  (71,3),  (72,3),  (75,3),  (49,3),  (50,3),  (52,3), 


[Timing] Time passed: 325.857852 s

Posterior Probability: -303.9932022
Agreement with demo: 14%
Current angular diffs: 93'

Selected number of demos: 31

-- Positive Demos --
 (543,3),  (549,3),  (550,3),  (551,5),  (471,5),  (415,5),  (389,0),  (360,4),  (304,2),  (272,2),  (271,2),  (268,2),  (265,2),  (292,2),  (291,6),  (342,6),  (337,4),  (336,4),  (252,0),  (195,0),  (141,5),  (114,5),  (62,3),  (65,3),  (66,3),  (68,3),  (70,3),  (75,3),  (77,3),  (50,3),  (52,3), 


[Timing] Time passed: 205.346894 s

Posterior Probability: -180.9757962
Agreement with demo: 15%
Current angular diffs: 95'

Selected number of demos: 89

-- Positive Demos --
 (511,3),  (512,3),  (541,3),  (542,3),  (543,3),  (544,3),  (545,3),  (546,3),  (547,3),  (548,3),  (549,3),  (550,3),  (551,5),  (525,5),  (526,5),  (498,5),  (471,5),  (444,5),  (415,5),  (416,5),  (389,0),  (360,0),  (360,4),  (333,0),  (305,4),  (304,2),  (275,2),  (274,2),  (273,2),  (272,2),  (271,2),  (270,2),  (269,2),  (268,2),  (267,2),  (266,2),  (265,2),  (292,2),  (291,6),  (318,6),  (317,2),  (316,2),  (342,6),  (341,6),  (369,2),  (368,2),  (367,2),  (337,4),  (336,4),  (309,4),  (308,0),  (280,0),  (252,0),  (224,0),  (195,0),  (168,5),  (141,5),  (114,5),  (86,5),  (87,3),  (88,3),  (61,3),  (62,3),  (63,3),  (65,3),  (66,3),  (67,3),  (68,3),  (69,3),  (70,3),  (71,3),  (72,3),  (73,3),  (74,3),  (75,3),  (76,3),  (77,3),  (49,3),  (50,3),  (51,3),  (52,3), 


[Timing] Time passed: 193.89845 s

Posterior Probability: -295.5552687
Agreement with demo: 16%
Current angular diffs: 86'

-----------------------------
Avg angular diffs: 79'
-- learned weights --
Feature Weights: 0.31225, 0.84925, -0.546, -0.1, 
