loading features...

Initializing gridworld of size 28 by 22..
    Num states: 616
    Num actions: 8

-- Positive Demos --
 (82,6),  (82,1),  (82,7),  (82,3),  (82,5),  (110,1),  (110,6),  (138,1),  (165,6),  (193,6),  (192,6),  (218,6),  (218,1),  (247,1),  (275,1),  (303,1),  (331,1),  (358,1),  (387,1),  (414,6),  (442,6),  (470,6),  (497,2),  (496,2),  (495,6),  (522,2),  (521,4),  (520,4),  (491,2),  (491,4),  (490,4),  (462,4),  (433,4),  (404,4),  (403,0),  (376,0),  (347,0),  (320,0),  (292,0),  (293,5),  (265,5),  (238,5),  (209,0),  (210,5),  (183,5),  (155,5),  (156,0),  (128,0),  (100,4),  (99,4),  (71,4),  (41,2),  (40,2),  (39,2),  (38,6),  (37,6),  (66,6),  (65,6),  (92,6),  (92,1),  (120,1),  (148,1),  (148,6),  (175,6),  (202,6),  (201,2),  (229,6),  (228,6),  (256,6),  (255,1),  (283,1),  (311,1),  (338,1),  (367,1),  (394,1),  (423,1),  (450,1),  (478,6),  (505,6),  (504,6),  (531,7),  (531,5),  (504,5),  (504,3),  (504,1),  (504,7),  (532,3), 


[Timing] Time passed: 469.270531 s

Posterior Probability: -180.718118
Agreement with demo: 15%
Avg angular diffs: 85'

-- Positive Demos --
 (82,6),  (82,1),  (82,7),  (82,3),  (82,5),  (110,1),  (110,6),  (138,1),  (165,6),  (193,6),  (192,6),  (218,6),  (218,1),  (247,1),  (275,1),  (303,1),  (331,1),  (358,1),  (387,1),  (414,6),  (442,6),  (470,6),  (497,2),  (496,2),  (495,6),  (522,2),  (521,4),  (520,4),  (491,2),  (491,4),  (490,4),  (462,4),  (433,4),  (404,4),  (403,0),  (376,0),  (347,0),  (320,0),  (292,0),  (293,5),  (265,5),  (238,5),  (209,0),  (210,5),  (183,5),  (155,5),  (156,0),  (128,0),  (100,4),  (99,4),  (71,4),  (41,2),  (40,2),  (39,2),  (38,6),  (37,6),  (66,6),  (65,6),  (92,6),  (92,1),  (120,1),  (148,1),  (148,6),  (175,6),  (202,6),  (201,2),  (229,6),  (228,6),  (256,6),  (255,1),  (283,1),  (311,1),  (338,1),  (367,1),  (394,1),  (423,1),  (450,1),  (478,6),  (505,6),  (504,6),  (531,7),  (531,5),  (504,5),  (504,3),  (504,1),  (504,7),  (532,3), 


[Timing] Time passed: 506.154285 s

Posterior Probability: -1265.586434
Agreement with demo: 14%
Avg angular diffs: 87'

-- Positive Demos --
 (82,6),  (82,1),  (82,7),  (82,3),  (82,5),  (110,1),  (110,6),  (138,1),  (165,6),  (193,6),  (192,6),  (218,6),  (218,1),  (247,1),  (275,1),  (303,1),  (331,1),  (358,1),  (387,1),  (414,6),  (442,6),  (470,6),  (497,2),  (496,2),  (495,6),  (522,2),  (521,4),  (520,4),  (491,2),  (491,4),  (490,4),  (462,4),  (433,4),  (404,4),  (403,0),  (376,0),  (347,0),  (320,0),  (292,0),  (293,5),  (265,5),  (238,5),  (209,0),  (210,5),  (183,5),  (155,5),  (156,0),  (128,0),  (100,4),  (99,4),  (71,4),  (41,2),  (40,2),  (39,2),  (38,6),  (37,6),  (66,6),  (65,6),  (92,6),  (92,1),  (120,1),  (148,1),  (148,6),  (175,6),  (202,6),  (201,2),  (229,6),  (228,6),  (256,6),  (255,1),  (283,1),  (311,1),  (338,1),  (367,1),  (394,1),  (423,1),  (450,1),  (478,6),  (505,6),  (504,6),  (531,7),  (531,5),  (504,5),  (504,3),  (504,1),  (504,7),  (532,3), 


[Timing] Time passed: 526.189979 s

Posterior Probability: -791.0493321
Agreement with demo: 17%
Avg angular diffs: 82'

-- Positive Demos --
 (82,6),  (82,1),  (82,7),  (82,3),  (82,5),  (110,1),  (110,6),  (138,1),  (165,6),  (193,6),  (192,6),  (218,6),  (218,1),  (247,1),  (275,1),  (303,1),  (331,1),  (358,1),  (387,1),  (414,6),  (442,6),  (470,6),  (497,2),  (496,2),  (495,6),  (522,2),  (521,4),  (520,4),  (491,2),  (491,4),  (490,4),  (462,4),  (433,4),  (404,4),  (403,0),  (376,0),  (347,0),  (320,0),  (292,0),  (293,5),  (265,5),  (238,5),  (209,0),  (210,5),  (183,5),  (155,5),  (156,0),  (128,0),  (100,4),  (99,4),  (71,4),  (41,2),  (40,2),  (39,2),  (38,6),  (37,6),  (66,6),  (65,6),  (92,6),  (92,1),  (120,1),  (148,1),  (148,6),  (175,6),  (202,6),  (201,2),  (229,6),  (228,6),  (256,6),  (255,1),  (283,1),  (311,1),  (338,1),  (367,1),  (394,1),  (423,1),  (450,1),  (478,6),  (505,6),  (504,6),  (531,7),  (531,5),  (504,5),  (504,3),  (504,1),  (504,7),  (532,3), 


[Timing] Time passed: 525.679617 s

Posterior Probability: -1003.311065
Agreement with demo: 5.5%
Avg angular diffs: 1.1e+02'

-- Positive Demos --
 (82,6),  (82,1),  (82,7),  (82,3),  (82,5),  (110,1),  (110,6),  (138,1),  (165,6),  (193,6),  (192,6),  (218,6),  (218,1),  (247,1),  (275,1),  (303,1),  (331,1),  (358,1),  (387,1),  (414,6),  (442,6),  (470,6),  (497,2),  (496,2),  (495,6),  (522,2),  (521,4),  (520,4),  (491,2),  (491,4),  (490,4),  (462,4),  (433,4),  (404,4),  (403,0),  (376,0),  (347,0),  (320,0),  (292,0),  (293,5),  (265,5),  (238,5),  (209,0),  (210,5),  (183,5),  (155,5),  (156,0),  (128,0),  (100,4),  (99,4),  (71,4),  (41,2),  (40,2),  (39,2),  (38,6),  (37,6),  (66,6),  (65,6),  (92,6),  (92,1),  (120,1),  (148,1),  (148,6),  (175,6),  (202,6),  (201,2),  (229,6),  (228,6),  (256,6),  (255,1),  (283,1),  (311,1),  (338,1),  (367,1),  (394,1),  (423,1),  (450,1),  (478,6),  (505,6),  (504,6),  (531,7),  (531,5),  (504,5),  (504,3),  (504,1),  (504,7),  (532,3), 


[Timing] Time passed: 551.974816 s

Posterior Probability: -975.0104872
Agreement with demo: 5.5%
Avg angular diffs: 1.1e+02'

-- Positive Demos --
 (82,6),  (82,1),  (82,7),  (82,3),  (82,5),  (110,1),  (110,6),  (138,1),  (165,6),  (193,6),  (192,6),  (218,6),  (218,1),  (247,1),  (275,1),  (303,1),  (331,1),  (358,1),  (387,1),  (414,6),  (442,6),  (470,6),  (497,2),  (496,2),  (495,6),  (522,2),  (521,4),  (520,4),  (491,2),  (491,4),  (490,4),  (462,4),  (433,4),  (404,4),  (403,0),  (376,0),  (347,0),  (320,0),  (292,0),  (293,5),  (265,5),  (238,5),  (209,0),  (210,5),  (183,5),  (155,5),  (156,0),  (128,0),  (100,4),  (99,4),  (71,4),  (41,2),  (40,2),  (39,2),  (38,6),  (37,6),  (66,6),  (65,6),  (92,6),  (92,1),  (120,1),  (148,1),  (148,6),  (175,6),  (202,6),  (201,2),  (229,6),  (228,6),  (256,6),  (255,1),  (283,1),  (311,1),  (338,1),  (367,1),  (394,1),  (423,1),  (450,1),  (478,6),  (505,6),  (504,6),  (531,7),  (531,5),  (504,5),  (504,3),  (504,1),  (504,7),  (532,3), 


[Timing] Time passed: 496.776125 s

Posterior Probability: -299.2936881
Agreement with demo: 16%
Avg angular diffs: 83'

-- Positive Demos --
 (82,6),  (82,1),  (82,7),  (82,3),  (82,5),  (110,1),  (110,6),  (138,1),  (165,6),  (193,6),  (192,6),  (218,6),  (218,1),  (247,1),  (275,1),  (303,1),  (331,1),  (358,1),  (387,1),  (414,6),  (442,6),  (470,6),  (497,2),  (496,2),  (495,6),  (522,2),  (521,4),  (520,4),  (491,2),  (491,4),  (490,4),  (462,4),  (433,4),  (404,4),  (403,0),  (376,0),  (347,0),  (320,0),  (292,0),  (293,5),  (265,5),  (238,5),  (209,0),  (210,5),  (183,5),  (155,5),  (156,0),  (128,0),  (100,4),  (99,4),  (71,4),  (41,2),  (40,2),  (39,2),  (38,6),  (37,6),  (66,6),  (65,6),  (92,6),  (92,1),  (120,1),  (148,1),  (148,6),  (175,6),  (202,6),  (201,2),  (229,6),  (228,6),  (256,6),  (255,1),  (283,1),  (311,1),  (338,1),  (367,1),  (394,1),  (423,1),  (450,1),  (478,6),  (505,6),  (504,6),  (531,7),  (531,5),  (504,5),  (504,3),  (504,1),  (504,7),  (532,3), 


[Timing] Time passed: 499.063789 s

Posterior Probability: -222.0723896
Agreement with demo: 9.2%
Avg angular diffs: 94'

-- Positive Demos --
 (82,6),  (82,1),  (82,7),  (82,3),  (82,5),  (110,1),  (110,6),  (138,1),  (165,6),  (193,6),  (192,6),  (218,6),  (218,1),  (247,1),  (275,1),  (303,1),  (331,1),  (358,1),  (387,1),  (414,6),  (442,6),  (470,6),  (497,2),  (496,2),  (495,6),  (522,2),  (521,4),  (520,4),  (491,2),  (491,4),  (490,4),  (462,4),  (433,4),  (404,4),  (403,0),  (376,0),  (347,0),  (320,0),  (292,0),  (293,5),  (265,5),  (238,5),  (209,0),  (210,5),  (183,5),  (155,5),  (156,0),  (128,0),  (100,4),  (99,4),  (71,4),  (41,2),  (40,2),  (39,2),  (38,6),  (37,6),  (66,6),  (65,6),  (92,6),  (92,1),  (120,1),  (148,1),  (148,6),  (175,6),  (202,6),  (201,2),  (229,6),  (228,6),  (256,6),  (255,1),  (283,1),  (311,1),  (338,1),  (367,1),  (394,1),  (423,1),  (450,1),  (478,6),  (505,6),  (504,6),  (531,7),  (531,5),  (504,5),  (504,3),  (504,1),  (504,7),  (532,3), 


[Timing] Time passed: 474.199476 s

Posterior Probability: -381.5455605
Agreement with demo: 17%
Avg angular diffs: 95'

-- Positive Demos --
 (82,6),  (82,1),  (82,7),  (82,3),  (82,5),  (110,1),  (110,6),  (138,1),  (165,6),  (193,6),  (192,6),  (218,6),  (218,1),  (247,1),  (275,1),  (303,1),  (331,1),  (358,1),  (387,1),  (414,6),  (442,6),  (470,6),  (497,2),  (496,2),  (495,6),  (522,2),  (521,4),  (520,4),  (491,2),  (491,4),  (490,4),  (462,4),  (433,4),  (404,4),  (403,0),  (376,0),  (347,0),  (320,0),  (292,0),  (293,5),  (265,5),  (238,5),  (209,0),  (210,5),  (183,5),  (155,5),  (156,0),  (128,0),  (100,4),  (99,4),  (71,4),  (41,2),  (40,2),  (39,2),  (38,6),  (37,6),  (66,6),  (65,6),  (92,6),  (92,1),  (120,1),  (148,1),  (148,6),  (175,6),  (202,6),  (201,2),  (229,6),  (228,6),  (256,6),  (255,1),  (283,1),  (311,1),  (338,1),  (367,1),  (394,1),  (423,1),  (450,1),  (478,6),  (505,6),  (504,6),  (531,7),  (531,5),  (504,5),  (504,3),  (504,1),  (504,7),  (532,3), 


[Timing] Time passed: 525.078041 s

Posterior Probability: -973.7337422
Agreement with demo: 1.8%
Avg angular diffs: 1e+02'

-- Positive Demos --
 (82,6),  (82,1),  (82,7),  (82,3),  (82,5),  (110,1),  (110,6),  (138,1),  (165,6),  (193,6),  (192,6),  (218,6),  (218,1),  (247,1),  (275,1),  (303,1),  (331,1),  (358,1),  (387,1),  (414,6),  (442,6),  (470,6),  (497,2),  (496,2),  (495,6),  (522,2),  (521,4),  (520,4),  (491,2),  (491,4),  (490,4),  (462,4),  (433,4),  (404,4),  (403,0),  (376,0),  (347,0),  (320,0),  (292,0),  (293,5),  (265,5),  (238,5),  (209,0),  (210,5),  (183,5),  (155,5),  (156,0),  (128,0),  (100,4),  (99,4),  (71,4),  (41,2),  (40,2),  (39,2),  (38,6),  (37,6),  (66,6),  (65,6),  (92,6),  (92,1),  (120,1),  (148,1),  (148,6),  (175,6),  (202,6),  (201,2),  (229,6),  (228,6),  (256,6),  (255,1),  (283,1),  (311,1),  (338,1),  (367,1),  (394,1),  (423,1),  (450,1),  (478,6),  (505,6),  (504,6),  (531,7),  (531,5),  (504,5),  (504,3),  (504,1),  (504,7),  (532,3), 


[Timing] Time passed: 502.496165 s

Posterior Probability: -637.7392074
Agreement with demo: 3.7%
Avg angular diffs: 98'

-- Positive Demos --
 (82,6),  (82,1),  (82,7),  (82,3),  (82,5),  (110,1),  (110,6),  (138,1),  (165,6),  (193,6),  (192,6),  (218,6),  (218,1),  (247,1),  (275,1),  (303,1),  (331,1),  (358,1),  (387,1),  (414,6),  (442,6),  (470,6),  (497,2),  (496,2),  (495,6),  (522,2),  (521,4),  (520,4),  (491,2),  (491,4),  (490,4),  (462,4),  (433,4),  (404,4),  (403,0),  (376,0),  (347,0),  (320,0),  (292,0),  (293,5),  (265,5),  (238,5),  (209,0),  (210,5),  (183,5),  (155,5),  (156,0),  (128,0),  (100,4),  (99,4),  (71,4),  (41,2),  (40,2),  (39,2),  (38,6),  (37,6),  (66,6),  (65,6),  (92,6),  (92,1),  (120,1),  (148,1),  (148,6),  (175,6),  (202,6),  (201,2),  (229,6),  (228,6),  (256,6),  (255,1),  (283,1),  (311,1),  (338,1),  (367,1),  (394,1),  (423,1),  (450,1),  (478,6),  (505,6),  (504,6),  (531,7),  (531,5),  (504,5),  (504,3),  (504,1),  (504,7),  (532,3), 


[Timing] Time passed: 485.414548 s

Posterior Probability: -424.792302
Agreement with demo: 16%
Avg angular diffs: 92'

-- Positive Demos --
 (82,6),  (82,1),  (82,7),  (82,3),  (82,5),  (110,1),  (110,6),  (138,1),  (165,6),  (193,6),  (192,6),  (218,6),  (218,1),  (247,1),  (275,1),  (303,1),  (331,1),  (358,1),  (387,1),  (414,6),  (442,6),  (470,6),  (497,2),  (496,2),  (495,6),  (522,2),  (521,4),  (520,4),  (491,2),  (491,4),  (490,4),  (462,4),  (433,4),  (404,4),  (403,0),  (376,0),  (347,0),  (320,0),  (292,0),  (293,5),  (265,5),  (238,5),  (209,0),  (210,5),  (183,5),  (155,5),  (156,0),  (128,0),  (100,4),  (99,4),  (71,4),  (41,2),  (40,2),  (39,2),  (38,6),  (37,6),  (66,6),  (65,6),  (92,6),  (92,1),  (120,1),  (148,1),  (148,6),  (175,6),  (202,6),  (201,2),  (229,6),  (228,6),  (256,6),  (255,1),  (283,1),  (311,1),  (338,1),  (367,1),  (394,1),  (423,1),  (450,1),  (478,6),  (505,6),  (504,6),  (531,7),  (531,5),  (504,5),  (504,3),  (504,1),  (504,7),  (532,3), 


[Timing] Time passed: 500.809887 s

Posterior Probability: -557.1751882
Agreement with demo: 12%
Avg angular diffs: 86'

-- Positive Demos --
 (82,6),  (82,1),  (82,7),  (82,3),  (82,5),  (110,1),  (110,6),  (138,1),  (165,6),  (193,6),  (192,6),  (218,6),  (218,1),  (247,1),  (275,1),  (303,1),  (331,1),  (358,1),  (387,1),  (414,6),  (442,6),  (470,6),  (497,2),  (496,2),  (495,6),  (522,2),  (521,4),  (520,4),  (491,2),  (491,4),  (490,4),  (462,4),  (433,4),  (404,4),  (403,0),  (376,0),  (347,0),  (320,0),  (292,0),  (293,5),  (265,5),  (238,5),  (209,0),  (210,5),  (183,5),  (155,5),  (156,0),  (128,0),  (100,4),  (99,4),  (71,4),  (41,2),  (40,2),  (39,2),  (38,6),  (37,6),  (66,6),  (65,6),  (92,6),  (92,1),  (120,1),  (148,1),  (148,6),  (175,6),  (202,6),  (201,2),  (229,6),  (228,6),  (256,6),  (255,1),  (283,1),  (311,1),  (338,1),  (367,1),  (394,1),  (423,1),  (450,1),  (478,6),  (505,6),  (504,6),  (531,7),  (531,5),  (504,5),  (504,3),  (504,1),  (504,7),  (532,3), 


[Timing] Time passed: 486.603731 s

Posterior Probability: -282.5349862
Agreement with demo: 1.8%
Avg angular diffs: 1e+02'

-- Positive Demos --
 (82,6),  (82,1),  (82,7),  (82,3),  (82,5),  (110,1),  (110,6),  (138,1),  (165,6),  (193,6),  (192,6),  (218,6),  (218,1),  (247,1),  (275,1),  (303,1),  (331,1),  (358,1),  (387,1),  (414,6),  (442,6),  (470,6),  (497,2),  (496,2),  (495,6),  (522,2),  (521,4),  (520,4),  (491,2),  (491,4),  (490,4),  (462,4),  (433,4),  (404,4),  (403,0),  (376,0),  (347,0),  (320,0),  (292,0),  (293,5),  (265,5),  (238,5),  (209,0),  (210,5),  (183,5),  (155,5),  (156,0),  (128,0),  (100,4),  (99,4),  (71,4),  (41,2),  (40,2),  (39,2),  (38,6),  (37,6),  (66,6),  (65,6),  (92,6),  (92,1),  (120,1),  (148,1),  (148,6),  (175,6),  (202,6),  (201,2),  (229,6),  (228,6),  (256,6),  (255,1),  (283,1),  (311,1),  (338,1),  (367,1),  (394,1),  (423,1),  (450,1),  (478,6),  (505,6),  (504,6),  (531,7),  (531,5),  (504,5),  (504,3),  (504,1),  (504,7),  (532,3), 


[Timing] Time passed: 488.857184 s

Posterior Probability: -640.8002222
Agreement with demo: 1.8%
Avg angular diffs: 1e+02'

-- Positive Demos --
 (82,6),  (82,1),  (82,7),  (82,3),  (82,5),  (110,1),  (110,6),  (138,1),  (165,6),  (193,6),  (192,6),  (218,6),  (218,1),  (247,1),  (275,1),  (303,1),  (331,1),  (358,1),  (387,1),  (414,6),  (442,6),  (470,6),  (497,2),  (496,2),  (495,6),  (522,2),  (521,4),  (520,4),  (491,2),  (491,4),  (490,4),  (462,4),  (433,4),  (404,4),  (403,0),  (376,0),  (347,0),  (320,0),  (292,0),  (293,5),  (265,5),  (238,5),  (209,0),  (210,5),  (183,5),  (155,5),  (156,0),  (128,0),  (100,4),  (99,4),  (71,4),  (41,2),  (40,2),  (39,2),  (38,6),  (37,6),  (66,6),  (65,6),  (92,6),  (92,1),  (120,1),  (148,1),  (148,6),  (175,6),  (202,6),  (201,2),  (229,6),  (228,6),  (256,6),  (255,1),  (283,1),  (311,1),  (338,1),  (367,1),  (394,1),  (423,1),  (450,1),  (478,6),  (505,6),  (504,6),  (531,7),  (531,5),  (504,5),  (504,3),  (504,1),  (504,7),  (532,3), 


[Timing] Time passed: 488.774864 s

Posterior Probability: -408.4505792
Agreement with demo: 2.8%
Avg angular diffs: 1e+02'

-- Positive Demos --
 (82,6),  (82,1),  (82,7),  (82,3),  (82,5),  (110,1),  (110,6),  (138,1),  (165,6),  (193,6),  (192,6),  (218,6),  (218,1),  (247,1),  (275,1),  (303,1),  (331,1),  (358,1),  (387,1),  (414,6),  (442,6),  (470,6),  (497,2),  (496,2),  (495,6),  (522,2),  (521,4),  (520,4),  (491,2),  (491,4),  (490,4),  (462,4),  (433,4),  (404,4),  (403,0),  (376,0),  (347,0),  (320,0),  (292,0),  (293,5),  (265,5),  (238,5),  (209,0),  (210,5),  (183,5),  (155,5),  (156,0),  (128,0),  (100,4),  (99,4),  (71,4),  (41,2),  (40,2),  (39,2),  (38,6),  (37,6),  (66,6),  (65,6),  (92,6),  (92,1),  (120,1),  (148,1),  (148,6),  (175,6),  (202,6),  (201,2),  (229,6),  (228,6),  (256,6),  (255,1),  (283,1),  (311,1),  (338,1),  (367,1),  (394,1),  (423,1),  (450,1),  (478,6),  (505,6),  (504,6),  (531,7),  (531,5),  (504,5),  (504,3),  (504,1),  (504,7),  (532,3), 


[Timing] Time passed: 536.594326 s

Posterior Probability: -1919.983278
Agreement with demo: 8.3%
Avg angular diffs: 1.1e+02'

-- Positive Demos --
 (82,6),  (82,1),  (82,7),  (82,3),  (82,5),  (110,1),  (110,6),  (138,1),  (165,6),  (193,6),  (192,6),  (218,6),  (218,1),  (247,1),  (275,1),  (303,1),  (331,1),  (358,1),  (387,1),  (414,6),  (442,6),  (470,6),  (497,2),  (496,2),  (495,6),  (522,2),  (521,4),  (520,4),  (491,2),  (491,4),  (490,4),  (462,4),  (433,4),  (404,4),  (403,0),  (376,0),  (347,0),  (320,0),  (292,0),  (293,5),  (265,5),  (238,5),  (209,0),  (210,5),  (183,5),  (155,5),  (156,0),  (128,0),  (100,4),  (99,4),  (71,4),  (41,2),  (40,2),  (39,2),  (38,6),  (37,6),  (66,6),  (65,6),  (92,6),  (92,1),  (120,1),  (148,1),  (148,6),  (175,6),  (202,6),  (201,2),  (229,6),  (228,6),  (256,6),  (255,1),  (283,1),  (311,1),  (338,1),  (367,1),  (394,1),  (423,1),  (450,1),  (478,6),  (505,6),  (504,6),  (531,7),  (531,5),  (504,5),  (504,3),  (504,1),  (504,7),  (532,3), 


[Timing] Time passed: 525.516993 s

Posterior Probability: -1435.749018
Agreement with demo: 4.6%
Avg angular diffs: 1.2e+02'

-- Positive Demos --
 (82,6),  (82,1),  (82,7),  (82,3),  (82,5),  (110,1),  (110,6),  (138,1),  (165,6),  (193,6),  (192,6),  (218,6),  (218,1),  (247,1),  (275,1),  (303,1),  (331,1),  (358,1),  (387,1),  (414,6),  (442,6),  (470,6),  (497,2),  (496,2),  (495,6),  (522,2),  (521,4),  (520,4),  (491,2),  (491,4),  (490,4),  (462,4),  (433,4),  (404,4),  (403,0),  (376,0),  (347,0),  (320,0),  (292,0),  (293,5),  (265,5),  (238,5),  (209,0),  (210,5),  (183,5),  (155,5),  (156,0),  (128,0),  (100,4),  (99,4),  (71,4),  (41,2),  (40,2),  (39,2),  (38,6),  (37,6),  (66,6),  (65,6),  (92,6),  (92,1),  (120,1),  (148,1),  (148,6),  (175,6),  (202,6),  (201,2),  (229,6),  (228,6),  (256,6),  (255,1),  (283,1),  (311,1),  (338,1),  (367,1),  (394,1),  (423,1),  (450,1),  (478,6),  (505,6),  (504,6),  (531,7),  (531,5),  (504,5),  (504,3),  (504,1),  (504,7),  (532,3), 


[Timing] Time passed: 503.844011 s

Posterior Probability: -194.8697722
Agreement with demo: 16%
Avg angular diffs: 89'

-- Positive Demos --
 (82,6),  (82,1),  (82,7),  (82,3),  (82,5),  (110,1),  (110,6),  (138,1),  (165,6),  (193,6),  (192,6),  (218,6),  (218,1),  (247,1),  (275,1),  (303,1),  (331,1),  (358,1),  (387,1),  (414,6),  (442,6),  (470,6),  (497,2),  (496,2),  (495,6),  (522,2),  (521,4),  (520,4),  (491,2),  (491,4),  (490,4),  (462,4),  (433,4),  (404,4),  (403,0),  (376,0),  (347,0),  (320,0),  (292,0),  (293,5),  (265,5),  (238,5),  (209,0),  (210,5),  (183,5),  (155,5),  (156,0),  (128,0),  (100,4),  (99,4),  (71,4),  (41,2),  (40,2),  (39,2),  (38,6),  (37,6),  (66,6),  (65,6),  (92,6),  (92,1),  (120,1),  (148,1),  (148,6),  (175,6),  (202,6),  (201,2),  (229,6),  (228,6),  (256,6),  (255,1),  (283,1),  (311,1),  (338,1),  (367,1),  (394,1),  (423,1),  (450,1),  (478,6),  (505,6),  (504,6),  (531,7),  (531,5),  (504,5),  (504,3),  (504,1),  (504,7),  (532,3), 


[Timing] Time passed: 482.749952 s

Posterior Probability: -189.9606468
Agreement with demo: 15%
Avg angular diffs: 83'

-- Positive Demos --
 (82,6),  (82,1),  (82,7),  (82,3),  (82,5),  (110,1),  (110,6),  (138,1),  (165,6),  (193,6),  (192,6),  (218,6),  (218,1),  (247,1),  (275,1),  (303,1),  (331,1),  (358,1),  (387,1),  (414,6),  (442,6),  (470,6),  (497,2),  (496,2),  (495,6),  (522,2),  (521,4),  (520,4),  (491,2),  (491,4),  (490,4),  (462,4),  (433,4),  (404,4),  (403,0),  (376,0),  (347,0),  (320,0),  (292,0),  (293,5),  (265,5),  (238,5),  (209,0),  (210,5),  (183,5),  (155,5),  (156,0),  (128,0),  (100,4),  (99,4),  (71,4),  (41,2),  (40,2),  (39,2),  (38,6),  (37,6),  (66,6),  (65,6),  (92,6),  (92,1),  (120,1),  (148,1),  (148,6),  (175,6),  (202,6),  (201,2),  (229,6),  (228,6),  (256,6),  (255,1),  (283,1),  (311,1),  (338,1),  (367,1),  (394,1),  (423,1),  (450,1),  (478,6),  (505,6),  (504,6),  (531,7),  (531,5),  (504,5),  (504,3),  (504,1),  (504,7),  (532,3), 


[Timing] Time passed: 518.06145 s

Posterior Probability: -982.2637074
Agreement with demo: 9.2%
Avg angular diffs: 1e+02'
-- learned weights --
Feature Weights: 0.00575, -0.3715, -0.00675, -0.1, 
