processing file :../birl_data/46_28_2_objects.txt

Initializing gridworld of size 32 by 24..
    Num states: 768
    Num actions: 8

Total number of demos: 56

Selected number of demos: 56

-- Positive Demos --
 (650,5),  (618,5),  (586,0), 


 - [Timing] Time passed: 281.028948 s
- Current feature weights:-0.0006428571429, 0.0006294642857, -0.0002008928571, -0.0001
 - Posterior Probability: -4.35802
 - Agreement with demo: 33.3333%
 - Current angular diffs: 45'

-- Positive Demos --
 (555,0),  (518,5),  (503,3),  (499,3),  (498,3), 


 - [Timing] Time passed: 305.988696 s
- Current feature weights:-0.00146875, 0.0009196428571, -0.001986607143, -0.0001
 - Posterior Probability: -10.1824
 - Agreement with demo: 40%
 - Current angular diffs: 63'

-- Positive Demos --
 (497,3),  (494,3),  (485,4),  (459,4),  (429,4),  (401,0),  (364,0), 


 - [Timing] Time passed: 288.242498 s
- Current feature weights:-0.002, -0.0007053571429, 0.0006696428571, -0.0001
 - Posterior Probability: -11.1541
 - Agreement with demo: 28.5714%
 - Current angular diffs: 51.4286'

-- Positive Demos --
 (333,4),  (325,2),  (330,2),  (328,2),  (311,2), 


 - [Timing] Time passed: 275.822869 s
- Current feature weights:-0.001285714286, -0.002714285714, 0.001205357143, -0.0001
 - Posterior Probability: -10.0056
 - Agreement with demo: 20%
 - Current angular diffs: 72'

-- Positive Demos --
 (301,2),  (297,2), 


 - [Timing] Time passed: 282.87074 s
- Current feature weights:-0.0007633928571, -0.004308035714, 0.0008303571429, -0.0001
 - Posterior Probability: -3.45554
 - Agreement with demo: 0%
 - Current angular diffs: 45'

-- Positive Demos --
 (294,2),  (307,2), 


 - [Timing] Time passed: 281.710288 s
- Current feature weights:-0.001049107143, -0.006558035714, 0.0010625, -0.0001
 - Posterior Probability: -3.68029
 - Agreement with demo: 50%
 - Current angular diffs: 67.5'

-- Positive Demos --
 (314,2),  (302,4),  (280,4),  (261,0),  (242,0),  (218,5),  (182,5),  (156,3),  (141,3), 


 - [Timing] Time passed: 278.494024 s
- Current feature weights:-0.002334821429, -0.01640178571, 0.002066964286, -0.0001
 - Posterior Probability: -20.3536
 - Agreement with demo: 0%
 - Current angular diffs: 90'

-- Positive Demos --
 (123,3), 


 - [Timing] Time passed: 286.160154 s
- Current feature weights:-0.002651785714, -0.01745982143, 0.002772321429, -0.0001
 - Posterior Probability: -0.137144
 - Agreement with demo: 100%
 - Current angular diffs: 0'

-- Positive Demos --
 (103,3),  (87,5),  (64,3),  (55,7),  (77,7),  (101,3),  (118,3), 


 - [Timing] Time passed: 273.955372 s
- Current feature weights:-0.003495535714, -0.02620982143, 0.006366071429, -0.0001
 - Posterior Probability: -19.3236
 - Agreement with demo: 0%
 - Current angular diffs: 83.5714'

-- Positive Demos --
 (135,3),  (129,5),  (107,3), 


 - [Timing] Time passed: 276.946267 s
- Current feature weights:-0.003321428571, -0.03016071429, 0.006526785714, -0.0001
 - Posterior Probability: -6.21984
 - Agreement with demo: 0%
 - Current angular diffs: 105'

-----------------------------
Avg angular diffs: 56.25'
Total agreement with demo: 14.2857%
-- learned weights --
Final feature weights:-0.00332143, -0.0301607, 0.00652679, -0.0001
