loading features...

Initializing gridworld of size 28 by 22..
    Num states: 616
    Num actions: 8

Total number of demos: 48

Selected number of demos: 27

-- Positive Demos --
 (109,1),  (137,1),  (220,1),  (248,1),  (358,6),  (412,2),  (439,1),  (521,2),  (519,4),  (490,0),  (434,0),  (378,4),  (347,4),  (290,4),  (234,5),  (207,5),  (154,5),  (155,0),  (71,0),  (10,2),  (33,6),  (87,6),  (142,6),  (196,1),  (253,1),  (365,1),  (449,1), 


[Timing] Time passed: 501.307965 s

Posterior Probability: -118.7697762
Agreement with demo: 15%
Current angular diffs: 81'

Selected number of demos: 48

-- Positive Demos --
 (109,1),  (137,1),  (165,1),  (220,1),  (248,1),  (304,1),  (358,6),  (386,6),  (412,2),  (440,6),  (439,1),  (494,6),  (522,6),  (521,2),  (547,2),  (519,4),  (518,4),  (490,0),  (489,0),  (462,0),  (434,0),  (378,4),  (347,4),  (319,4),  (290,4),  (262,5),  (234,5),  (207,5),  (180,5),  (154,5),  (155,0),  (127,0),  (71,0),  (41,4),  (12,2),  (10,2),  (8,2),  (6,6),  (33,6),  (60,6),  (87,6),  (142,6),  (196,1),  (253,1),  (309,1),  (365,1),  (421,1),  (449,1), 


[Timing] Time passed: 441.986404 s

Posterior Probability: -588.6401782
Agreement with demo: 9.7%
Current angular diffs: 87'

Selected number of demos: 26

-- Positive Demos --
 (137,1),  (248,1),  (386,6),  (412,2),  (440,6),  (439,1),  (521,2),  (519,4),  (518,4),  (490,0),  (489,0),  (378,4),  (319,4),  (262,5),  (207,5),  (180,5),  (155,0),  (71,0),  (41,4),  (10,2),  (33,6),  (60,6),  (142,6),  (196,1),  (309,1),  (421,1), 


[Timing] Time passed: 426.95242 s

Posterior Probability: -147.1993826
Agreement with demo: 6.5%
Current angular diffs: 83'

Selected number of demos: 23

-- Positive Demos --
 (165,1),  (220,1),  (248,1),  (386,6),  (439,1),  (522,6),  (519,4),  (518,4),  (489,0),  (462,0),  (378,4),  (347,4),  (290,4),  (207,5),  (154,5),  (71,0),  (12,2),  (8,2),  (6,6),  (87,6),  (142,6),  (253,1),  (421,1), 


[Timing] Time passed: 438.937323 s

Posterior Probability: -355.1500207
Agreement with demo: 9.7%
Current angular diffs: 91'

Selected number of demos: 21

-- Positive Demos --
 (165,1),  (220,1),  (304,1),  (386,6),  (412,2),  (494,6),  (547,2),  (518,4),  (489,0),  (434,0),  (347,4),  (290,4),  (207,5),  (155,0),  (41,4),  (8,2),  (6,6),  (60,6),  (196,1),  (365,1),  (449,1), 


[Timing] Time passed: 375.528618 s

Posterior Probability: -112.4760444
Agreement with demo: 13%
Current angular diffs: 83'

Selected number of demos: 30

-- Positive Demos --
 (137,1),  (165,1),  (248,1),  (358,6),  (412,2),  (439,1),  (494,6),  (522,6),  (547,2),  (519,4),  (518,4),  (489,0),  (462,0),  (434,0),  (378,4),  (319,4),  (262,5),  (207,5),  (154,5),  (127,0),  (41,4),  (12,2),  (10,2),  (6,6),  (60,6),  (142,6),  (253,1),  (309,1),  (365,1),  (421,1), 


[Timing] Time passed: 340.561284 s

Posterior Probability: -87.09642126
Agreement with demo: 9.7%
Current angular diffs: 78'

Selected number of demos: 34

-- Positive Demos --
 (109,1),  (137,1),  (165,1),  (248,1),  (304,1),  (386,6),  (440,6),  (439,1),  (522,6),  (547,2),  (519,4),  (518,4),  (489,0),  (462,0),  (378,4),  (347,4),  (290,4),  (234,5),  (207,5),  (180,5),  (155,0),  (127,0),  (71,0),  (12,2),  (10,2),  (6,6),  (33,6),  (87,6),  (196,1),  (253,1),  (309,1),  (365,1),  (421,1),  (449,1), 


[Timing] Time passed: 338.90617 s

Posterior Probability: -126.1305467
Agreement with demo: 9.7%
Current angular diffs: 86'

Selected number of demos: 48

-- Positive Demos --
 (109,1),  (137,1),  (165,1),  (220,1),  (248,1),  (304,1),  (358,6),  (386,6),  (412,2),  (440,6),  (439,1),  (494,6),  (522,6),  (521,2),  (547,2),  (519,4),  (518,4),  (490,0),  (489,0),  (462,0),  (434,0),  (378,4),  (347,4),  (319,4),  (290,4),  (262,5),  (234,5),  (207,5),  (180,5),  (154,5),  (155,0),  (127,0),  (71,0),  (41,4),  (12,2),  (10,2),  (8,2),  (6,6),  (33,6),  (60,6),  (87,6),  (142,6),  (196,1),  (253,1),  (309,1),  (365,1),  (421,1),  (449,1), 


[Timing] Time passed: 351.971624 s

Posterior Probability: -271.8659523
Agreement with demo: 9.7%
Current angular diffs: 77'

Selected number of demos: 22

-- Positive Demos --
 (109,1),  (165,1),  (304,1),  (386,6),  (440,6),  (439,1),  (522,6),  (521,2),  (518,4),  (489,0),  (378,4),  (290,4),  (234,5),  (154,5),  (155,0),  (71,0),  (10,2),  (33,6),  (142,6),  (309,1),  (365,1),  (421,1), 


[Timing] Time passed: 350.993603 s

Posterior Probability: -86.94859236
Agreement with demo: 9.7%
Current angular diffs: 83'

Selected number of demos: 15

-- Positive Demos --
 (165,1),  (220,1),  (412,2),  (439,1),  (521,2),  (519,4),  (462,0),  (319,4),  (290,4),  (180,5),  (127,0),  (12,2),  (6,6),  (33,6),  (253,1), 


[Timing] Time passed: 323.557005 s

Posterior Probability: -222.4934753
Agreement with demo: 13%
Current angular diffs: 95'

Selected number of demos: 20

-- Positive Demos --
 (165,1),  (304,1),  (358,6),  (386,6),  (440,6),  (522,6),  (521,2),  (518,4),  (462,0),  (434,0),  (319,4),  (234,5),  (154,5),  (71,0),  (41,4),  (8,2),  (6,6),  (87,6),  (253,1),  (365,1), 


[Timing] Time passed: 307.940951 s

Posterior Probability: -47.74689156
Agreement with demo: 15%
Current angular diffs: 99'

-----------------------------
Avg angular diffs: 77'
-- learned weights --
Feature Weights: 0.72725, -0.12125, -0.4955, -0.1, 
