loading features...

Initializing gridworld of size 28 by 22..
    Num states: 616
    Num actions: 8

Total number of demos: 45

Selected number of demos: 23

-- Positive Demos --
 (489,3),  (490,3),  (494,3),  (471,5),  (444,5),  (445,4),  (414,4),  (330,2),  (329,2),  (327,4),  (266,2),  (235,2),  (200,2),  (142,0),  (114,0),  (87,5),  (34,3),  (38,3),  (45,3),  (76,3),  (50,3),  (81,3),  (82,5), 


[Timing] Time passed: 158.447638 s

Posterior Probability: -751.2326914
Agreement with demo: 5.3%
Current angular diffs: 92'

Selected number of demos: 10

-- Positive Demos --
 (496,3),  (445,4),  (330,2),  (237,2),  (200,2),  (59,3),  (34,3),  (36,3),  (76,3),  (82,5), 


[Timing] Time passed: 162.810392 s

Posterior Probability: -880.5608469
Agreement with demo: 7%
Current angular diffs: 1e+02'

Selected number of demos: 23

-- Positive Demos --
 (490,3),  (494,3),  (497,3),  (472,5),  (444,5),  (414,4),  (387,0),  (330,2),  (327,4),  (298,2),  (266,2),  (237,2),  (233,2),  (231,2),  (171,4),  (142,0),  (114,0),  (61,3),  (36,3),  (43,3),  (49,3),  (50,3),  (82,5), 


[Timing] Time passed: 151.932315 s

Posterior Probability: -121.032183
Agreement with demo: 16%
Current angular diffs: 81'

Selected number of demos: 45

-- Positive Demos --
 (487,3),  (489,3),  (490,3),  (520,3),  (494,3),  (496,3),  (497,3),  (471,5),  (472,5),  (444,5),  (445,4),  (444,4),  (414,4),  (387,0),  (358,4),  (330,2),  (329,2),  (327,4),  (298,2),  (268,2),  (266,2),  (237,2),  (235,2),  (233,2),  (231,2),  (200,2),  (172,4),  (171,4),  (142,0),  (114,0),  (87,5),  (59,3),  (61,3),  (34,3),  (36,3),  (38,3),  (40,3),  (43,3),  (45,3),  (76,3),  (49,3),  (50,3),  (81,3),  (82,3),  (82,5), 


[Timing] Time passed: 150.816184 s

Posterior Probability: -1818.646863
Agreement with demo: 8.8%
Current angular diffs: 1.1e+02'

Selected number of demos: 17

-- Positive Demos --
 (520,3),  (496,3),  (472,5),  (414,4),  (387,0),  (358,4),  (330,2),  (329,2),  (268,2),  (237,2),  (200,2),  (142,0),  (34,3),  (45,3),  (50,3),  (82,3),  (82,5), 


[Timing] Time passed: 144.808507 s

Posterior Probability: -174.5658448
Agreement with demo: 19%
Current angular diffs: 68'

Selected number of demos: 45

-- Positive Demos --
 (487,3),  (489,3),  (490,3),  (520,3),  (494,3),  (496,3),  (497,3),  (471,5),  (472,5),  (444,5),  (445,4),  (444,4),  (414,4),  (387,0),  (358,4),  (330,2),  (329,2),  (327,4),  (298,2),  (268,2),  (266,2),  (237,2),  (235,2),  (233,2),  (231,2),  (200,2),  (172,4),  (171,4),  (142,0),  (114,0),  (87,5),  (59,3),  (61,3),  (34,3),  (36,3),  (38,3),  (40,3),  (43,3),  (45,3),  (76,3),  (49,3),  (50,3),  (81,3),  (82,3),  (82,5), 


[Timing] Time passed: 150.025965 s

Posterior Probability: -1606.965694
Agreement with demo: 21%
Current angular diffs: 66'

Selected number of demos: 18

-- Positive Demos --
 (520,3),  (496,3),  (497,3),  (471,5),  (472,5),  (444,4),  (358,4),  (330,2),  (268,2),  (237,2),  (231,2),  (172,4),  (114,0),  (34,3),  (36,3),  (40,3),  (49,3),  (82,3), 


[Timing] Time passed: 149.279821 s

Posterior Probability: -874.6828199
Agreement with demo: 19%
Current angular diffs: 81'

Selected number of demos: 31

-- Positive Demos --
 (487,3),  (490,3),  (520,3),  (494,3),  (496,3),  (497,3),  (471,5),  (472,5),  (445,4),  (414,4),  (358,4),  (330,2),  (327,4),  (298,2),  (268,2),  (266,2),  (235,2),  (233,2),  (200,2),  (171,4),  (142,0),  (87,5),  (61,3),  (36,3),  (38,3),  (43,3),  (45,3),  (76,3),  (49,3),  (81,3),  (82,5), 


[Timing] Time passed: 147.444071 s

Posterior Probability: -951.4579843
Agreement with demo: 18%
Current angular diffs: 77'

Selected number of demos: 12

-- Positive Demos --
 (487,3),  (496,3),  (444,4),  (387,0),  (298,2),  (268,2),  (200,2),  (142,0),  (34,3),  (40,3),  (50,3),  (82,3), 


[Timing] Time passed: 142.34061 s

Posterior Probability: -84.11377983
Agreement with demo: 14%
Current angular diffs: 89'

Selected number of demos: 14

-- Positive Demos --
 (490,3),  (472,5),  (387,0),  (327,4),  (268,2),  (237,2),  (233,2),  (172,4),  (171,4),  (87,5),  (59,3),  (43,3),  (45,3),  (82,5), 


[Timing] Time passed: 144.260651 s

Posterior Probability: -351.5501866
Agreement with demo: 19%
Current angular diffs: 77'

Selected number of demos: 45

-- Positive Demos --
 (487,3),  (489,3),  (490,3),  (520,3),  (494,3),  (496,3),  (497,3),  (471,5),  (472,5),  (444,5),  (445,4),  (444,4),  (414,4),  (387,0),  (358,4),  (330,2),  (329,2),  (327,4),  (298,2),  (268,2),  (266,2),  (237,2),  (235,2),  (233,2),  (231,2),  (200,2),  (172,4),  (171,4),  (142,0),  (114,0),  (87,5),  (59,3),  (61,3),  (34,3),  (36,3),  (38,3),  (40,3),  (43,3),  (45,3),  (76,3),  (49,3),  (50,3),  (81,3),  (82,3),  (82,5), 


[Timing] Time passed: 137.042311 s

Posterior Probability: -951.280882
Agreement with demo: 8.8%
Current angular diffs: 92'

Selected number of demos: 28

-- Positive Demos --
 (487,3),  (489,3),  (490,3),  (520,3),  (496,3),  (497,3),  (472,5),  (445,4),  (444,4),  (387,0),  (358,4),  (329,2),  (298,2),  (268,2),  (237,2),  (233,2),  (231,2),  (172,4),  (142,0),  (87,5),  (61,3),  (36,3),  (38,3),  (43,3),  (76,3),  (49,3),  (81,3),  (82,5), 


[Timing] Time passed: 134.978915 s

Posterior Probability: -817.7068928
Agreement with demo: 5.3%
Current angular diffs: 1.1e+02'

Selected number of demos: 23

-- Positive Demos --
 (490,3),  (496,3),  (471,5),  (445,4),  (414,4),  (330,2),  (329,2),  (327,4),  (268,2),  (266,2),  (233,2),  (231,2),  (200,2),  (142,0),  (87,5),  (61,3),  (36,3),  (38,3),  (40,3),  (43,3),  (76,3),  (50,3),  (82,5), 


[Timing] Time passed: 137.323328 s

Posterior Probability: -744.6741367
Agreement with demo: 19%
Current angular diffs: 70'

Selected number of demos: 45

-- Positive Demos --
 (487,3),  (489,3),  (490,3),  (520,3),  (494,3),  (496,3),  (497,3),  (471,5),  (472,5),  (444,5),  (445,4),  (444,4),  (414,4),  (387,0),  (358,4),  (330,2),  (329,2),  (327,4),  (298,2),  (268,2),  (266,2),  (237,2),  (235,2),  (233,2),  (231,2),  (200,2),  (172,4),  (171,4),  (142,0),  (114,0),  (87,5),  (59,3),  (61,3),  (34,3),  (36,3),  (38,3),  (40,3),  (43,3),  (45,3),  (76,3),  (49,3),  (50,3),  (81,3),  (82,3),  (82,5), 


[Timing] Time passed: 137.125436 s

Posterior Probability: -1592.396469
Agreement with demo: 23%
Current angular diffs: 92'

Selected number of demos: 14

-- Positive Demos --
 (494,3),  (497,3),  (471,5),  (414,4),  (330,2),  (327,4),  (235,2),  (233,2),  (142,0),  (59,3),  (61,3),  (36,3),  (76,3),  (82,5), 


[Timing] Time passed: 131.085732 s

Posterior Probability: -155.9639609
Agreement with demo: 12%
Current angular diffs: 77'

Selected number of demos: 45

-- Positive Demos --
 (487,3),  (489,3),  (490,3),  (520,3),  (494,3),  (496,3),  (497,3),  (471,5),  (472,5),  (444,5),  (445,4),  (444,4),  (414,4),  (387,0),  (358,4),  (330,2),  (329,2),  (327,4),  (298,2),  (268,2),  (266,2),  (237,2),  (235,2),  (233,2),  (231,2),  (200,2),  (172,4),  (171,4),  (142,0),  (114,0),  (87,5),  (59,3),  (61,3),  (34,3),  (36,3),  (38,3),  (40,3),  (43,3),  (45,3),  (76,3),  (49,3),  (50,3),  (81,3),  (82,3),  (82,5), 


[Timing] Time passed: 140.908671 s

Posterior Probability: -1387.575384
Agreement with demo: 11%
Current angular diffs: 84'

Selected number of demos: 20

-- Positive Demos --
 (490,3),  (520,3),  (496,3),  (472,5),  (444,5),  (414,4),  (330,2),  (329,2),  (298,2),  (237,2),  (233,2),  (172,4),  (114,0),  (59,3),  (34,3),  (40,3),  (45,3),  (76,3),  (81,3),  (82,3), 


[Timing] Time passed: 144.208703 s

Posterior Probability: -758.9127588
Agreement with demo: 5.3%
Current angular diffs: 1e+02'

Selected number of demos: 20

-- Positive Demos --
 (489,3),  (520,3),  (496,3),  (472,5),  (444,4),  (414,4),  (330,2),  (298,2),  (237,2),  (231,2),  (172,4),  (142,0),  (87,5),  (61,3),  (36,3),  (40,3),  (43,3),  (49,3),  (81,3),  (82,5), 


[Timing] Time passed: 135.617834 s

Posterior Probability: -318.4223908
Agreement with demo: 0%
Current angular diffs: 1.1e+02'

Selected number of demos: 45

-- Positive Demos --
 (487,3),  (489,3),  (490,3),  (520,3),  (494,3),  (496,3),  (497,3),  (471,5),  (472,5),  (444,5),  (445,4),  (444,4),  (414,4),  (387,0),  (358,4),  (330,2),  (329,2),  (327,4),  (298,2),  (268,2),  (266,2),  (237,2),  (235,2),  (233,2),  (231,2),  (200,2),  (172,4),  (171,4),  (142,0),  (114,0),  (87,5),  (59,3),  (61,3),  (34,3),  (36,3),  (38,3),  (40,3),  (43,3),  (45,3),  (76,3),  (49,3),  (50,3),  (81,3),  (82,3),  (82,5), 


[Timing] Time passed: 143.98751 s

Posterior Probability: -1286.921675
Agreement with demo: 18%
Current angular diffs: 71'

Selected number of demos: 24

-- Positive Demos --
 (489,3),  (494,3),  (496,3),  (471,5),  (444,5),  (445,4),  (414,4),  (358,4),  (329,2),  (298,2),  (237,2),  (231,2),  (172,4),  (171,4),  (114,0),  (59,3),  (61,3),  (34,3),  (38,3),  (43,3),  (45,3),  (49,3),  (50,3),  (81,3), 


[Timing] Time passed: 139.270605 s

Posterior Probability: -1180.98369
Agreement with demo: 5.3%
Current angular diffs: 1.1e+02'

Selected number of demos: 21

-- Positive Demos --
 (490,3),  (496,3),  (472,5),  (445,4),  (444,4),  (387,0),  (329,2),  (327,4),  (266,2),  (233,2),  (200,2),  (171,4),  (142,0),  (59,3),  (36,3),  (38,3),  (40,3),  (45,3),  (50,3),  (81,3),  (82,5), 


[Timing] Time passed: 137.347563 s

Posterior Probability: -643.0601462
Agreement with demo: 8.8%
Current angular diffs: 1e+02'

Selected number of demos: 13

-- Positive Demos --
 (489,3),  (497,3),  (444,5),  (358,4),  (268,2),  (266,2),  (237,2),  (200,2),  (142,0),  (34,3),  (40,3),  (45,3),  (82,3), 


[Timing] Time passed: 140.145378 s

Posterior Probability: -639.5597378
Agreement with demo: 7%
Current angular diffs: 1.1e+02'

Selected number of demos: 18

-- Positive Demos --
 (489,3),  (520,3),  (471,5),  (444,4),  (387,0),  (358,4),  (329,2),  (298,2),  (268,2),  (266,2),  (233,2),  (200,2),  (142,0),  (87,5),  (36,3),  (38,3),  (76,3),  (81,3), 


[Timing] Time passed: 139.081161 s

Posterior Probability: -695.2635573
Agreement with demo: 12%
Current angular diffs: 73'

Selected number of demos: 29

-- Positive Demos --
 (489,3),  (490,3),  (494,3),  (497,3),  (471,5),  (444,5),  (444,4),  (387,0),  (330,2),  (329,2),  (298,2),  (266,2),  (237,2),  (233,2),  (231,2),  (200,2),  (172,4),  (171,4),  (114,0),  (87,5),  (59,3),  (34,3),  (36,3),  (40,3),  (45,3),  (76,3),  (49,3),  (81,3),  (82,5), 


[Timing] Time passed: 141.133784 s

Posterior Probability: -1105.498107
Agreement with demo: 12%
Current angular diffs: 80'

Selected number of demos: 19

-- Positive Demos --
 (487,3),  (520,3),  (471,5),  (444,5),  (414,4),  (358,4),  (327,4),  (298,2),  (266,2),  (237,2),  (233,2),  (231,2),  (171,4),  (142,0),  (59,3),  (34,3),  (40,3),  (76,3),  (50,3), 


[Timing] Time passed: 140.149941 s

Posterior Probability: -941.0514368
Agreement with demo: 1.8%
Current angular diffs: 1e+02'

Selected number of demos: 23

-- Positive Demos --
 (489,3),  (494,3),  (497,3),  (471,5),  (472,5),  (445,4),  (414,4),  (358,4),  (329,2),  (298,2),  (266,2),  (235,2),  (200,2),  (172,4),  (142,0),  (87,5),  (34,3),  (38,3),  (43,3),  (49,3),  (50,3),  (82,3),  (82,5), 


[Timing] Time passed: 145.498869 s

Posterior Probability: -1012.018468
Agreement with demo: 16%
Current angular diffs: 94'

Selected number of demos: 13

-- Positive Demos --
 (489,3),  (494,3),  (497,3),  (444,5),  (414,4),  (387,0),  (268,2),  (200,2),  (114,0),  (34,3),  (43,3),  (49,3),  (82,5), 


[Timing] Time passed: 141.952852 s

Posterior Probability: -414.8214772
Agreement with demo: 19%
Current angular diffs: 86'

Selected number of demos: 45

-- Positive Demos --
 (487,3),  (489,3),  (490,3),  (520,3),  (494,3),  (496,3),  (497,3),  (471,5),  (472,5),  (444,5),  (445,4),  (444,4),  (414,4),  (387,0),  (358,4),  (330,2),  (329,2),  (327,4),  (298,2),  (268,2),  (266,2),  (237,2),  (235,2),  (233,2),  (231,2),  (200,2),  (172,4),  (171,4),  (142,0),  (114,0),  (87,5),  (59,3),  (61,3),  (34,3),  (36,3),  (38,3),  (40,3),  (43,3),  (45,3),  (76,3),  (49,3),  (50,3),  (81,3),  (82,3),  (82,5), 


[Timing] Time passed: 129.283848 s

Posterior Probability: -1956.588959
Agreement with demo: 14%
Current angular diffs: 89'

Selected number of demos: 14

-- Positive Demos --
 (489,3),  (490,3),  (496,3),  (497,3),  (471,5),  (445,4),  (330,2),  (266,2),  (231,2),  (114,0),  (61,3),  (38,3),  (76,3),  (50,3), 


[Timing] Time passed: 127.329762 s

Posterior Probability: -557.9343829
Agreement with demo: 21%
Current angular diffs: 62'

Selected number of demos: 11

-- Positive Demos --
 (494,3),  (472,5),  (414,4),  (358,4),  (330,2),  (237,2),  (233,2),  (171,4),  (61,3),  (40,3),  (49,3), 


[Timing] Time passed: 126.328993 s

Posterior Probability: -919.1269786
Agreement with demo: 16%
Current angular diffs: 88'

Selected number of demos: 16

-- Positive Demos --
 (490,3),  (520,3),  (496,3),  (471,5),  (444,5),  (444,4),  (358,4),  (268,2),  (233,2),  (142,0),  (59,3),  (36,3),  (76,3),  (81,3),  (82,3),  (82,5), 


[Timing] Time passed: 134.751158 s

Posterior Probability: -721.4535092
Agreement with demo: 5.3%
Current angular diffs: 1.1e+02'

Selected number of demos: 23

-- Positive Demos --
 (487,3),  (489,3),  (520,3),  (494,3),  (471,5),  (444,5),  (445,4),  (414,4),  (358,4),  (330,2),  (327,4),  (266,2),  (235,2),  (231,2),  (172,4),  (171,4),  (114,0),  (59,3),  (61,3),  (38,3),  (43,3),  (49,3),  (82,3), 


[Timing] Time passed: 122.741377 s

Posterior Probability: -502.2968199
Agreement with demo: 8.8%
Current angular diffs: 78'

Selected number of demos: 17

-- Positive Demos --
 (489,3),  (496,3),  (497,3),  (471,5),  (444,5),  (414,4),  (327,4),  (237,2),  (200,2),  (142,0),  (114,0),  (34,3),  (36,3),  (38,3),  (40,3),  (76,3),  (50,3), 


[Timing] Time passed: 126.961421 s

Posterior Probability: -963.641799
Agreement with demo: 3.5%
Current angular diffs: 1.1e+02'

Selected number of demos: 21

-- Positive Demos --
 (489,3),  (520,3),  (494,3),  (471,5),  (472,5),  (444,5),  (414,4),  (330,2),  (329,2),  (268,2),  (235,2),  (233,2),  (200,2),  (142,0),  (59,3),  (34,3),  (38,3),  (43,3),  (49,3),  (82,3),  (82,5), 


[Timing] Time passed: 130.725354 s

Posterior Probability: -489.8091918
Agreement with demo: 16%
Current angular diffs: 70'

Selected number of demos: 24

-- Positive Demos --
 (489,3),  (520,3),  (497,3),  (471,5),  (445,4),  (444,4),  (414,4),  (330,2),  (327,4),  (268,2),  (237,2),  (235,2),  (200,2),  (172,4),  (171,4),  (114,0),  (59,3),  (34,3),  (36,3),  (38,3),  (40,3),  (45,3),  (49,3),  (81,3), 


[Timing] Time passed: 121.745777 s

Posterior Probability: -356.5113062
Agreement with demo: 25%
Current angular diffs: 70'

Selected number of demos: 13

-- Positive Demos --
 (496,3),  (445,4),  (414,4),  (358,4),  (330,2),  (268,2),  (231,2),  (171,4),  (61,3),  (36,3),  (40,3),  (50,3),  (82,5), 


[Timing] Time passed: 123.32171 s

Posterior Probability: -160.1082538
Agreement with demo: 21%
Current angular diffs: 81'

Selected number of demos: 28

-- Positive Demos --
 (489,3),  (490,3),  (494,3),  (496,3),  (471,5),  (444,5),  (444,4),  (414,4),  (358,4),  (330,2),  (327,4),  (298,2),  (266,2),  (237,2),  (233,2),  (231,2),  (172,4),  (171,4),  (114,0),  (59,3),  (34,3),  (36,3),  (40,3),  (43,3),  (45,3),  (49,3),  (81,3),  (82,5), 


[Timing] Time passed: 125.323714 s

Posterior Probability: -779.4953524
Agreement with demo: 21%
Current angular diffs: 70'

Selected number of demos: 28

-- Positive Demos --
 (489,3),  (490,3),  (520,3),  (496,3),  (471,5),  (444,5),  (444,4),  (387,0),  (330,2),  (327,4),  (268,2),  (266,2),  (237,2),  (235,2),  (231,2),  (200,2),  (171,4),  (114,0),  (87,5),  (59,3),  (34,3),  (38,3),  (40,3),  (43,3),  (76,3),  (49,3),  (81,3),  (82,5), 


[Timing] Time passed: 126.631886 s

Posterior Probability: -185.2602962
Agreement with demo: 21%
Current angular diffs: 73'

Selected number of demos: 31

-- Positive Demos --
 (489,3),  (490,3),  (494,3),  (496,3),  (471,5),  (472,5),  (445,4),  (444,4),  (387,0),  (330,2),  (329,2),  (298,2),  (266,2),  (235,2),  (233,2),  (200,2),  (172,4),  (171,4),  (142,0),  (87,5),  (59,3),  (61,3),  (34,3),  (36,3),  (40,3),  (43,3),  (45,3),  (49,3),  (50,3),  (81,3),  (82,5), 


[Timing] Time passed: 136.876116 s

Posterior Probability: -861.1816487
Agreement with demo: 25%
Current angular diffs: 66'

Selected number of demos: 45

-- Positive Demos --
 (487,3),  (489,3),  (490,3),  (520,3),  (494,3),  (496,3),  (497,3),  (471,5),  (472,5),  (444,5),  (445,4),  (444,4),  (414,4),  (387,0),  (358,4),  (330,2),  (329,2),  (327,4),  (298,2),  (268,2),  (266,2),  (237,2),  (235,2),  (233,2),  (231,2),  (200,2),  (172,4),  (171,4),  (142,0),  (114,0),  (87,5),  (59,3),  (61,3),  (34,3),  (36,3),  (38,3),  (40,3),  (43,3),  (45,3),  (76,3),  (49,3),  (50,3),  (81,3),  (82,3),  (82,5), 


[Timing] Time passed: 128.321484 s

Posterior Probability: -1487.61251
Agreement with demo: 5.3%
Current angular diffs: 1.1e+02'

Selected number of demos: 28

-- Positive Demos --
 (489,3),  (520,3),  (494,3),  (497,3),  (472,5),  (445,4),  (444,4),  (414,4),  (358,4),  (330,2),  (327,4),  (268,2),  (237,2),  (233,2),  (200,2),  (172,4),  (171,4),  (114,0),  (87,5),  (61,3),  (34,3),  (38,3),  (43,3),  (45,3),  (76,3),  (50,3),  (82,3),  (82,5), 


[Timing] Time passed: 127.595901 s

Posterior Probability: -580.3213898
Agreement with demo: 23%
Current angular diffs: 71'

Selected number of demos: 18

-- Positive Demos --
 (520,3),  (496,3),  (497,3),  (472,5),  (444,5),  (387,0),  (330,2),  (329,2),  (298,2),  (237,2),  (231,2),  (142,0),  (87,5),  (36,3),  (38,3),  (43,3),  (76,3),  (82,3), 


[Timing] Time passed: 120.095563 s

Posterior Probability: -105.7597019
Agreement with demo: 16%
Current angular diffs: 79'

Selected number of demos: 14

-- Positive Demos --
 (487,3),  (496,3),  (471,5),  (444,4),  (330,2),  (327,4),  (268,2),  (235,2),  (233,2),  (172,4),  (142,0),  (59,3),  (36,3),  (49,3), 


[Timing] Time passed: 126.329316 s

Posterior Probability: -569.8565571
Agreement with demo: 3.5%
Current angular diffs: 1.1e+02'

Selected number of demos: 30

-- Positive Demos --
 (487,3),  (489,3),  (520,3),  (496,3),  (497,3),  (472,5),  (445,4),  (444,4),  (387,0),  (330,2),  (327,4),  (298,2),  (268,2),  (266,2),  (235,2),  (231,2),  (200,2),  (172,4),  (171,4),  (114,0),  (87,5),  (61,3),  (34,3),  (38,3),  (43,3),  (76,3),  (50,3),  (81,3),  (82,3),  (82,5), 


[Timing] Time passed: 118.012279 s

Posterior Probability: -1012.482427
Agreement with demo: 1.8%
Current angular diffs: 1.1e+02'

Selected number of demos: 30

-- Positive Demos --
 (489,3),  (520,3),  (494,3),  (496,3),  (471,5),  (444,5),  (444,4),  (387,0),  (358,4),  (330,2),  (329,2),  (327,4),  (268,2),  (266,2),  (235,2),  (233,2),  (200,2),  (172,4),  (142,0),  (87,5),  (59,3),  (61,3),  (36,3),  (40,3),  (43,3),  (76,3),  (49,3),  (81,3),  (82,3),  (82,5), 


[Timing] Time passed: 117.64211 s

Posterior Probability: -563.0712019
Agreement with demo: 3.5%
Current angular diffs: 1.1e+02'

Selected number of demos: 20

-- Positive Demos --
 (490,3),  (496,3),  (471,5),  (445,4),  (444,4),  (387,0),  (330,2),  (329,2),  (327,4),  (298,2),  (237,2),  (233,2),  (172,4),  (142,0),  (114,0),  (34,3),  (36,3),  (43,3),  (50,3),  (82,5), 


[Timing] Time passed: 124.912891 s

Posterior Probability: -885.0540024
Agreement with demo: 14%
Current angular diffs: 80'

Selected number of demos: 12

-- Positive Demos --
 (489,3),  (471,5),  (444,5),  (330,2),  (327,4),  (235,2),  (172,4),  (59,3),  (36,3),  (43,3),  (50,3),  (82,3), 


[Timing] Time passed: 114.909905 s

Posterior Probability: -438.0348886
Agreement with demo: 0%
Current angular diffs: 1.1e+02'

Selected number of demos: 16

-- Positive Demos --
 (490,3),  (496,3),  (497,3),  (444,5),  (387,0),  (298,2),  (237,2),  (235,2),  (172,4),  (142,0),  (87,5),  (34,3),  (40,3),  (43,3),  (76,3),  (82,5), 


[Timing] Time passed: 112.881847 s

Posterior Probability: -216.0241768
Agreement with demo: 11%
Current angular diffs: 81'

Selected number of demos: 16

-- Positive Demos --
 (520,3),  (496,3),  (471,5),  (414,4),  (387,0),  (329,2),  (268,2),  (266,2),  (237,2),  (235,2),  (172,4),  (87,5),  (34,3),  (36,3),  (45,3),  (82,3), 


[Timing] Time passed: 103.633609 s

Posterior Probability: -55.22422195
Agreement with demo: 21%
Current angular diffs: 67'

Selected number of demos: 45

-- Positive Demos --
 (487,3),  (489,3),  (490,3),  (520,3),  (494,3),  (496,3),  (497,3),  (471,5),  (472,5),  (444,5),  (445,4),  (444,4),  (414,4),  (387,0),  (358,4),  (330,2),  (329,2),  (327,4),  (298,2),  (268,2),  (266,2),  (237,2),  (235,2),  (233,2),  (231,2),  (200,2),  (172,4),  (171,4),  (142,0),  (114,0),  (87,5),  (59,3),  (61,3),  (34,3),  (36,3),  (38,3),  (40,3),  (43,3),  (45,3),  (76,3),  (49,3),  (50,3),  (81,3),  (82,3),  (82,5), 


[Timing] Time passed: 92.753772 s

Posterior Probability: -1503.746647
Agreement with demo: 19%
Current angular diffs: 74'

-----------------------------
Avg angular diffs: 62'
-- learned weights --
Feature Weights: -0.532, -0.64175, -0.54575, -0.1, 
