loading features...

Initializing gridworld of size 32 by 24..
    Num states: 768
    Num actions: 8

Total number of demos: 80

Selected number of demos: 27

-- Positive Demos --
 (684,5),  (626,7),  (656,7),  (686,7),  (714,3),  (606,0),  (545,0),  (457,2),  (458,6),  (480,2),  (490,6),  (538,2),  (464,4),  (379,4),  (305,7),  (344,7),  (356,3),  (281,5),  (230,4),  (99,3),  (112,3),  (134,3),  (151,3),  (156,1),  (161,3),  (166,3), 


[Timing] Time passed: 149.230398 s

Posterior Probability: -70.85328821
Agreement with demo: 8.9%
Current angular diffs: 88'

Selected number of demos: 34

-- Positive Demos --
 (650,5),  (626,7),  (648,3),  (713,3),  (709,3),  (644,0),  (571,0),  (512,4),  (462,2),  (457,2),  (458,6),  (490,6),  (517,6),  (538,2),  (504,4),  (412,4),  (305,7),  (358,5),  (334,7),  (344,7),  (305,5),  (281,5),  (256,4),  (195,4),  (152,4),  (101,3),  (95,3),  (118,3),  (133,3),  (151,3),  (154,7),  (156,1),  (159,6),  (166,3), 


[Timing] Time passed: 92.850601 s

Posterior Probability: -89.67191077
Agreement with demo: 6.7%
Current angular diffs: 94'

Selected number of demos: 35

-- Positive Demos --
 (650,5),  (600,7),  (626,7),  (640,7),  (714,3),  (709,3),  (606,0),  (559,4),  (512,4),  (477,2),  (462,2),  (476,2),  (480,2),  (538,2),  (517,4),  (504,4),  (412,4),  (286,7),  (305,7),  (351,7),  (358,5),  (344,7),  (356,3),  (351,5),  (331,5),  (305,5),  (230,4),  (100,3),  (99,3),  (118,3),  (133,3),  (151,3),  (154,7),  (161,3),  (166,3), 


[Timing] Time passed: 95.966015 s

Posterior Probability: -181.8637785
Agreement with demo: 17%
Current angular diffs: 88'

Selected number of demos: 43

-- Positive Demos --
 (650,5),  (612,5),  (665,3),  (648,3),  (640,7),  (656,7),  (713,3),  (709,3),  (697,5),  (644,0),  (581,0),  (571,0),  (512,4),  (477,2),  (458,6),  (490,6),  (538,2),  (528,2),  (517,4),  (504,4),  (439,4),  (379,4),  (286,7),  (351,7),  (349,0),  (356,3),  (351,5),  (331,5),  (281,5),  (230,4),  (195,4),  (100,3),  (101,3),  (99,3),  (112,3),  (117,3),  (125,3),  (133,3),  (134,3),  (142,3),  (154,7),  (161,3),  (166,3), 


[Timing] Time passed: 129.745312 s

Posterior Probability: -478.4372075
Agreement with demo: 17%
Current angular diffs: 90'

Selected number of demos: 80

-- Positive Demos --
 (684,5),  (650,5),  (612,5),  (600,7),  (626,7),  (665,3),  (668,5),  (648,3),  (640,7),  (656,7),  (686,7),  (713,3),  (714,3),  (709,3),  (697,5),  (674,5),  (644,0),  (606,0),  (581,0),  (571,0),  (559,4),  (545,0),  (512,4),  (477,2),  (462,2),  (457,2),  (458,6),  (476,2),  (480,2),  (490,6),  (517,6),  (538,2),  (528,2),  (517,4),  (504,4),  (487,0),  (464,4),  (439,4),  (412,4),  (379,4),  (301,0),  (286,7),  (305,7),  (351,7),  (358,5),  (358,4),  (349,0),  (334,7),  (344,7),  (356,3),  (351,5),  (331,5),  (305,5),  (281,5),  (270,0),  (256,4),  (230,4),  (195,4),  (152,4),  (116,0),  (100,3),  (101,3),  (99,3),  (93,3),  (95,3),  (112,3),  (118,3),  (117,3),  (125,3),  (133,3),  (134,3),  (142,3),  (151,3),  (154,7),  (156,1),  (159,6),  (161,3),  (161,5),  (166,3), 


[Timing] Time passed: 160.218454 s

Posterior Probability: -285.5492055
Agreement with demo: 21%
Current angular diffs: 76'

Selected number of demos: 51

-- Positive Demos --
 (684,5),  (612,5),  (626,7),  (665,3),  (668,5),  (648,3),  (656,7),  (713,3),  (714,3),  (697,5),  (674,5),  (606,0),  (581,0),  (571,0),  (545,0),  (512,4),  (477,2),  (457,2),  (476,2),  (480,2),  (517,6),  (538,2),  (517,4),  (487,0),  (439,4),  (379,4),  (301,0),  (305,7),  (351,7),  (358,5),  (349,0),  (334,7),  (356,3),  (351,5),  (331,5),  (281,5),  (270,0),  (256,4),  (195,4),  (152,4),  (100,3),  (99,3),  (95,3),  (118,3),  (125,3),  (133,3),  (142,3),  (154,7),  (156,1),  (159,6),  (161,5), 


[Timing] Time passed: 164.044483 s

Posterior Probability: -247.5268093
Agreement with demo: 17%
Current angular diffs: 78'

Selected number of demos: 80

-- Positive Demos --
 (684,5),  (650,5),  (612,5),  (600,7),  (626,7),  (665,3),  (668,5),  (648,3),  (640,7),  (656,7),  (686,7),  (713,3),  (714,3),  (709,3),  (697,5),  (674,5),  (644,0),  (606,0),  (581,0),  (571,0),  (559,4),  (545,0),  (512,4),  (477,2),  (462,2),  (457,2),  (458,6),  (476,2),  (480,2),  (490,6),  (517,6),  (538,2),  (528,2),  (517,4),  (504,4),  (487,0),  (464,4),  (439,4),  (412,4),  (379,4),  (301,0),  (286,7),  (305,7),  (351,7),  (358,5),  (358,4),  (349,0),  (334,7),  (344,7),  (356,3),  (351,5),  (331,5),  (305,5),  (281,5),  (270,0),  (256,4),  (230,4),  (195,4),  (152,4),  (116,0),  (100,3),  (101,3),  (99,3),  (93,3),  (95,3),  (112,3),  (118,3),  (117,3),  (125,3),  (133,3),  (134,3),  (142,3),  (151,3),  (154,7),  (156,1),  (159,6),  (161,3),  (161,5),  (166,3), 


[Timing] Time passed: 99.794183 s

Posterior Probability: -412.8737039
Agreement with demo: 19%
Current angular diffs: 82'

Selected number of demos: 40

-- Positive Demos --
 (684,5),  (650,5),  (600,7),  (665,3),  (648,3),  (656,7),  (686,7),  (709,3),  (644,0),  (581,0),  (571,0),  (545,0),  (512,4),  (457,2),  (480,2),  (538,2),  (517,4),  (504,4),  (487,0),  (464,4),  (412,4),  (301,0),  (305,7),  (358,5),  (349,0),  (334,7),  (344,7),  (331,5),  (281,5),  (230,4),  (152,4),  (116,0),  (100,3),  (101,3),  (95,3),  (117,3),  (134,3),  (154,7),  (159,6),  (166,3), 


[Timing] Time passed: 96.830603 s

Posterior Probability: -78.54525202
Agreement with demo: 13%
Current angular diffs: 84'

Selected number of demos: 21

-- Positive Demos --
 (612,5),  (626,7),  (668,5),  (656,7),  (709,3),  (571,0),  (457,2),  (517,6),  (504,4),  (412,4),  (351,7),  (334,7),  (331,5),  (256,4),  (152,4),  (99,3),  (95,3),  (118,3),  (134,3),  (154,7),  (166,3), 


[Timing] Time passed: 101.298819 s

Posterior Probability: -80.83562526
Agreement with demo: 16%
Current angular diffs: 88'

Selected number of demos: 30

-- Positive Demos --
 (684,5),  (600,7),  (665,3),  (640,7),  (709,3),  (581,0),  (571,0),  (462,2),  (480,2),  (538,2),  (504,4),  (439,4),  (301,0),  (286,7),  (358,4),  (334,7),  (356,3),  (305,5),  (281,5),  (270,0),  (195,4),  (152,4),  (101,3),  (93,3),  (118,3),  (142,3),  (151,3),  (161,3),  (161,5),  (166,3), 


[Timing] Time passed: 98.672564 s

Posterior Probability: -72.75194298
Agreement with demo: 17%
Current angular diffs: 90'

Selected number of demos: 23

-- Positive Demos --
 (684,5),  (626,7),  (656,7),  (686,7),  (644,0),  (581,0),  (545,0),  (476,2),  (528,2),  (504,4),  (379,4),  (358,4),  (344,7),  (305,5),  (256,4),  (195,4),  (116,0),  (101,3),  (112,3),  (117,3),  (125,3),  (156,1),  (161,5), 


[Timing] Time passed: 99.961916 s

Posterior Probability: -51.66088756
Agreement with demo: 12%
Current angular diffs: 92'

Selected number of demos: 22

-- Positive Demos --
 (600,7),  (648,3),  (713,3),  (606,0),  (571,0),  (462,2),  (490,6),  (504,4),  (487,0),  (412,4),  (286,7),  (351,7),  (349,0),  (331,5),  (270,0),  (195,4),  (93,3),  (133,3),  (134,3),  (151,3),  (156,1),  (166,3), 


[Timing] Time passed: 102.61133 s

Posterior Probability: -101.8197807
Agreement with demo: 14%
Current angular diffs: 84'

Selected number of demos: 42

-- Positive Demos --
 (612,5),  (665,3),  (668,5),  (656,7),  (686,7),  (713,3),  (714,3),  (697,5),  (606,0),  (571,0),  (559,4),  (477,2),  (458,6),  (476,2),  (480,2),  (538,2),  (517,4),  (464,4),  (379,4),  (301,0),  (305,7),  (351,7),  (358,4),  (344,7),  (356,3),  (331,5),  (305,5),  (256,4),  (152,4),  (100,3),  (101,3),  (99,3),  (95,3),  (112,3),  (118,3),  (133,3),  (142,3),  (154,7),  (156,1),  (159,6),  (161,3),  (166,3), 


[Timing] Time passed: 103.046442 s

Posterior Probability: -146.3605841
Agreement with demo: 19%
Current angular diffs: 88'

Selected number of demos: 51

-- Positive Demos --
 (684,5),  (650,5),  (612,5),  (600,7),  (665,3),  (668,5),  (648,3),  (640,7),  (656,7),  (713,3),  (714,3),  (709,3),  (697,5),  (674,5),  (606,0),  (571,0),  (545,0),  (512,4),  (462,2),  (457,2),  (458,6),  (480,2),  (517,6),  (538,2),  (517,4),  (504,4),  (487,0),  (439,4),  (379,4),  (286,7),  (305,7),  (351,7),  (358,4),  (334,7),  (344,7),  (356,3),  (331,5),  (281,5),  (256,4),  (195,4),  (152,4),  (100,3),  (99,3),  (93,3),  (112,3),  (117,3),  (133,3),  (142,3),  (154,7),  (159,6),  (161,5), 


[Timing] Time passed: 106.245943 s

Posterior Probability: -260.7348653
Agreement with demo: 14%
Current angular diffs: 88'

Selected number of demos: 52

-- Positive Demos --
 (684,5),  (650,5),  (612,5),  (626,7),  (665,3),  (648,3),  (656,7),  (713,3),  (714,3),  (697,5),  (674,5),  (606,0),  (581,0),  (571,0),  (559,4),  (545,0),  (512,4),  (477,2),  (457,2),  (476,2),  (480,2),  (490,6),  (538,2),  (517,4),  (487,0),  (464,4),  (439,4),  (379,4),  (301,0),  (305,7),  (358,5),  (349,0),  (344,7),  (356,3),  (331,5),  (281,5),  (270,0),  (230,4),  (152,4),  (100,3),  (99,3),  (93,3),  (95,3),  (118,3),  (117,3),  (125,3),  (134,3),  (142,3),  (154,7),  (159,6),  (161,5), 


[Timing] Time passed: 105.770624 s

Posterior Probability: -167.832966
Agreement with demo: 18%
Current angular diffs: 88'

Selected number of demos: 80

-- Positive Demos --
 (684,5),  (650,5),  (612,5),  (600,7),  (626,7),  (665,3),  (668,5),  (648,3),  (640,7),  (656,7),  (686,7),  (713,3),  (714,3),  (709,3),  (697,5),  (674,5),  (644,0),  (606,0),  (581,0),  (571,0),  (559,4),  (545,0),  (512,4),  (477,2),  (462,2),  (457,2),  (458,6),  (476,2),  (480,2),  (490,6),  (517,6),  (538,2),  (528,2),  (517,4),  (504,4),  (487,0),  (464,4),  (439,4),  (412,4),  (379,4),  (301,0),  (286,7),  (305,7),  (351,7),  (358,5),  (358,4),  (349,0),  (334,7),  (344,7),  (356,3),  (351,5),  (331,5),  (305,5),  (281,5),  (270,0),  (256,4),  (230,4),  (195,4),  (152,4),  (116,0),  (100,3),  (101,3),  (99,3),  (93,3),  (95,3),  (112,3),  (118,3),  (117,3),  (125,3),  (133,3),  (134,3),  (142,3),  (151,3),  (154,7),  (156,1),  (159,6),  (161,3),  (161,5),  (166,3), 


[Timing] Time passed: 104.637207 s

Posterior Probability: -353.5003511
Agreement with demo: 14%
Current angular diffs: 80'

Selected number of demos: 39

-- Positive Demos --
 (612,5),  (626,7),  (668,5),  (656,7),  (713,3),  (697,5),  (644,0),  (571,0),  (559,4),  (477,2),  (457,2),  (476,2),  (480,2),  (490,6),  (538,2),  (528,2),  (504,4),  (487,0),  (412,4),  (379,4),  (305,7),  (358,5),  (358,4),  (349,0),  (334,7),  (356,3),  (305,5),  (281,5),  (270,0),  (230,4),  (116,0),  (99,3),  (95,3),  (117,3),  (133,3),  (151,3),  (156,1),  (159,6),  (166,3), 


[Timing] Time passed: 103.424369 s

Posterior Probability: -113.109139
Agreement with demo: 17%
Current angular diffs: 79'

Selected number of demos: 34

-- Positive Demos --
 (600,7),  (665,3),  (656,7),  (709,3),  (697,5),  (606,0),  (581,0),  (545,0),  (477,2),  (462,2),  (458,6),  (476,2),  (480,2),  (490,6),  (517,6),  (538,2),  (528,2),  (464,4),  (439,4),  (412,4),  (379,4),  (305,7),  (358,4),  (344,7),  (351,5),  (305,5),  (230,4),  (116,0),  (100,3),  (95,3),  (125,3),  (151,3),  (154,7),  (161,3), 


[Timing] Time passed: 104.561761 s

Posterior Probability: -122.0660126
Agreement with demo: 16%
Current angular diffs: 94'

Selected number of demos: 29

-- Positive Demos --
 (650,5),  (612,5),  (600,7),  (668,5),  (686,7),  (709,3),  (674,5),  (571,0),  (512,4),  (458,6),  (480,2),  (538,2),  (487,0),  (412,4),  (305,7),  (349,0),  (356,3),  (305,5),  (270,0),  (230,4),  (152,4),  (116,0),  (99,3),  (112,3),  (117,3),  (133,3),  (142,3),  (154,7),  (161,5), 


[Timing] Time passed: 104.903367 s

Posterior Probability: -99.43039154
Agreement with demo: 16%
Current angular diffs: 87'

Selected number of demos: 22

-- Positive Demos --
 (612,5),  (668,5),  (713,3),  (709,3),  (674,5),  (559,4),  (545,0),  (457,2),  (458,6),  (490,6),  (538,2),  (487,0),  (301,0),  (351,7),  (334,7),  (305,5),  (195,4),  (99,3),  (118,3),  (134,3),  (156,1),  (161,5), 


[Timing] Time passed: 104.722186 s

Posterior Probability: -197.9357021
Agreement with demo: 14%
Current angular diffs: 94'

Selected number of demos: 38

-- Positive Demos --
 (650,5),  (626,7),  (665,3),  (648,3),  (656,7),  (714,3),  (674,5),  (581,0),  (545,0),  (512,4),  (462,2),  (458,6),  (476,2),  (480,2),  (538,2),  (517,4),  (464,4),  (379,4),  (301,0),  (286,7),  (358,5),  (334,7),  (356,3),  (351,5),  (331,5),  (270,0),  (230,4),  (116,0),  (99,3),  (95,3),  (117,3),  (133,3),  (134,3),  (142,3),  (151,3),  (154,7),  (156,1),  (161,5), 


[Timing] Time passed: 104.102837 s

Posterior Probability: -113.1142964
Agreement with demo: 11%
Current angular diffs: 89'

Selected number of demos: 27

-- Positive Demos --
 (650,5),  (668,5),  (648,3),  (686,7),  (674,5),  (581,0),  (571,0),  (559,4),  (462,2),  (457,2),  (458,6),  (517,6),  (538,2),  (487,0),  (379,4),  (305,7),  (358,4),  (351,5),  (270,0),  (230,4),  (101,3),  (112,3),  (118,3),  (117,3),  (151,3),  (159,6),  (166,3), 


[Timing] Time passed: 105.206663 s

Posterior Probability: -301.6612008
Agreement with demo: 17%
Current angular diffs: 88'

Selected number of demos: 26

-- Positive Demos --
 (650,5),  (665,3),  (648,3),  (656,7),  (709,3),  (606,0),  (581,0),  (512,4),  (457,2),  (490,6),  (538,2),  (504,4),  (464,4),  (301,0),  (286,7),  (358,4),  (344,7),  (281,5),  (230,4),  (100,3),  (93,3),  (117,3),  (133,3),  (142,3),  (151,3),  (161,5), 


[Timing] Time passed: 105.120475 s

Posterior Probability: -181.1382972
Agreement with demo: 17%
Current angular diffs: 84'

Selected number of demos: 52

-- Positive Demos --
 (684,5),  (612,5),  (626,7),  (665,3),  (668,5),  (648,3),  (640,7),  (686,7),  (714,3),  (709,3),  (674,5),  (606,0),  (581,0),  (559,4),  (512,4),  (462,2),  (457,2),  (476,2),  (480,2),  (517,6),  (538,2),  (517,4),  (487,0),  (464,4),  (439,4),  (412,4),  (301,0),  (286,7),  (305,7),  (358,5),  (349,0),  (334,7),  (356,3),  (351,5),  (331,5),  (281,5),  (256,4),  (195,4),  (152,4),  (116,0),  (101,3),  (93,3),  (95,3),  (118,3),  (117,3),  (133,3),  (134,3),  (142,3),  (151,3),  (154,7),  (159,6),  (161,5), 


[Timing] Time passed: 104.411598 s

Posterior Probability: -228.1595015
Agreement with demo: 17%
Current angular diffs: 92'

Selected number of demos: 22

-- Positive Demos --
 (612,5),  (648,3),  (714,3),  (606,0),  (581,0),  (545,0),  (512,4),  (477,2),  (480,2),  (538,2),  (504,4),  (301,0),  (286,7),  (358,4),  (349,0),  (356,3),  (256,4),  (100,3),  (95,3),  (117,3),  (125,3),  (156,1), 


[Timing] Time passed: 103.552891 s

Posterior Probability: -82.38387026
Agreement with demo: 13%
Current angular diffs: 94'

Selected number of demos: 33

-- Positive Demos --
 (650,5),  (626,7),  (648,3),  (686,7),  (697,5),  (644,0),  (581,0),  (559,4),  (545,0),  (512,4),  (457,2),  (458,6),  (517,6),  (528,2),  (504,4),  (439,4),  (379,4),  (351,7),  (358,4),  (344,7),  (331,5),  (256,4),  (195,4),  (116,0),  (100,3),  (101,3),  (93,3),  (95,3),  (118,3),  (117,3),  (142,3),  (156,1),  (166,3), 


[Timing] Time passed: 103.153109 s

Posterior Probability: -78.24856951
Agreement with demo: 8.9%
Current angular diffs: 92'

Selected number of demos: 32

-- Positive Demos --
 (684,5),  (600,7),  (626,7),  (648,3),  (686,7),  (697,5),  (644,0),  (606,0),  (559,4),  (462,2),  (480,2),  (490,6),  (517,6),  (528,2),  (517,4),  (504,4),  (412,4),  (305,7),  (351,7),  (349,0),  (351,5),  (331,5),  (270,0),  (256,4),  (195,4),  (101,3),  (112,3),  (133,3),  (134,3),  (151,3),  (159,6),  (161,3), 


[Timing] Time passed: 104.729274 s

Posterior Probability: -189.1533451
Agreement with demo: 11%
Current angular diffs: 94'

Selected number of demos: 28

-- Positive Demos --
 (626,7),  (648,3),  (713,3),  (714,3),  (709,3),  (581,0),  (571,0),  (512,4),  (476,2),  (538,2),  (517,4),  (504,4),  (379,4),  (301,0),  (305,7),  (349,0),  (334,7),  (351,5),  (281,5),  (230,4),  (100,3),  (101,3),  (99,3),  (112,3),  (134,3),  (159,6),  (166,3), 


[Timing] Time passed: 103.84757 s

Posterior Probability: -175.4102785
Agreement with demo: 13%
Current angular diffs: 86'

Selected number of demos: 50

-- Positive Demos --
 (650,5),  (600,7),  (665,3),  (648,3),  (640,7),  (656,7),  (686,7),  (714,3),  (697,5),  (674,5),  (606,0),  (581,0),  (559,4),  (545,0),  (477,2),  (462,2),  (457,2),  (458,6),  (480,2),  (517,6),  (538,2),  (517,4),  (504,4),  (487,0),  (464,4),  (439,4),  (412,4),  (301,0),  (305,7),  (358,5),  (358,4),  (349,0),  (334,7),  (356,3),  (331,5),  (305,5),  (270,0),  (230,4),  (152,4),  (100,3),  (99,3),  (95,3),  (118,3),  (125,3),  (134,3),  (142,3),  (154,7),  (159,6),  (161,5),  (166,3), 


[Timing] Time passed: 105.345694 s

Posterior Probability: -526.4744136
Agreement with demo: 11%
Current angular diffs: 96'

Selected number of demos: 29

-- Positive Demos --
 (650,5),  (612,5),  (648,3),  (686,7),  (713,3),  (714,3),  (697,5),  (571,0),  (545,0),  (477,2),  (457,2),  (476,2),  (538,2),  (464,4),  (301,0),  (305,7),  (358,5),  (349,0),  (334,7),  (356,3),  (270,0),  (230,4),  (195,4),  (99,3),  (112,3),  (117,3),  (134,3),  (156,1),  (161,5), 


[Timing] Time passed: 104.052587 s

Posterior Probability: -83.65656196
Agreement with demo: 12%
Current angular diffs: 94'

Selected number of demos: 41

-- Positive Demos --
 (612,5),  (600,7),  (626,7),  (665,3),  (640,7),  (686,7),  (714,3),  (709,3),  (674,5),  (581,0),  (545,0),  (477,2),  (462,2),  (476,2),  (480,2),  (517,6),  (538,2),  (517,4),  (487,0),  (464,4),  (412,4),  (379,4),  (301,0),  (305,7),  (351,7),  (349,0),  (334,7),  (351,5),  (281,5),  (230,4),  (116,0),  (101,3),  (93,3),  (118,3),  (117,3),  (125,3),  (134,3),  (151,3),  (156,1),  (159,6),  (166,3), 


[Timing] Time passed: 108.942795 s

Posterior Probability: -91.12199137
Agreement with demo: 18%
Current angular diffs: 80'

Selected number of demos: 28

-- Positive Demos --
 (684,5),  (650,5),  (612,5),  (600,7),  (640,7),  (714,3),  (644,0),  (545,0),  (458,6),  (476,2),  (490,6),  (517,4),  (464,4),  (439,4),  (286,7),  (358,4),  (334,7),  (344,7),  (281,5),  (256,4),  (230,4),  (101,3),  (112,3),  (133,3),  (134,3),  (156,1),  (161,5),  (166,3), 


[Timing] Time passed: 104.598609 s

Posterior Probability: -140.5476511
Agreement with demo: 13%
Current angular diffs: 85'

Selected number of demos: 22

-- Positive Demos --
 (650,5),  (626,7),  (665,3),  (668,5),  (686,7),  (644,0),  (512,4),  (480,2),  (490,6),  (538,2),  (439,4),  (286,7),  (305,7),  (349,0),  (331,5),  (230,4),  (100,3),  (112,3),  (134,3),  (154,7),  (159,6), 


[Timing] Time passed: 103.370761 s

Posterior Probability: -51.71184886
Agreement with demo: 17%
Current angular diffs: 90'

Selected number of demos: 80

-- Positive Demos --
 (684,5),  (650,5),  (612,5),  (600,7),  (626,7),  (665,3),  (668,5),  (648,3),  (640,7),  (656,7),  (686,7),  (713,3),  (714,3),  (709,3),  (697,5),  (674,5),  (644,0),  (606,0),  (581,0),  (571,0),  (559,4),  (545,0),  (512,4),  (477,2),  (462,2),  (457,2),  (458,6),  (476,2),  (480,2),  (490,6),  (517,6),  (538,2),  (528,2),  (517,4),  (504,4),  (487,0),  (464,4),  (439,4),  (412,4),  (379,4),  (301,0),  (286,7),  (305,7),  (351,7),  (358,5),  (358,4),  (349,0),  (334,7),  (344,7),  (356,3),  (351,5),  (331,5),  (305,5),  (281,5),  (270,0),  (256,4),  (230,4),  (195,4),  (152,4),  (116,0),  (100,3),  (101,3),  (99,3),  (93,3),  (95,3),  (112,3),  (118,3),  (117,3),  (125,3),  (133,3),  (134,3),  (142,3),  (151,3),  (154,7),  (156,1),  (159,6),  (161,3),  (161,5),  (166,3), 


[Timing] Time passed: 106.390719 s

Posterior Probability: -483.2720052
Agreement with demo: 14%
Current angular diffs: 94'

Selected number of demos: 54

-- Positive Demos --
 (650,5),  (600,7),  (665,3),  (668,5),  (648,3),  (656,7),  (686,7),  (713,3),  (714,3),  (709,3),  (697,5),  (644,0),  (606,0),  (581,0),  (571,0),  (559,4),  (512,4),  (477,2),  (457,2),  (476,2),  (490,6),  (538,2),  (528,2),  (504,4),  (487,0),  (464,4),  (439,4),  (379,4),  (301,0),  (286,7),  (305,7),  (358,5),  (349,0),  (344,7),  (351,5),  (305,5),  (281,5),  (270,0),  (256,4),  (230,4),  (195,4),  (152,4),  (100,3),  (99,3),  (93,3),  (95,3),  (118,3),  (117,3),  (125,3),  (134,3),  (151,3),  (156,1),  (159,6),  (161,5), 


[Timing] Time passed: 105.228997 s

Posterior Probability: -263.6340999
Agreement with demo: 12%
Current angular diffs: 86'

Selected number of demos: 80

-- Positive Demos --
 (684,5),  (650,5),  (612,5),  (600,7),  (626,7),  (665,3),  (668,5),  (648,3),  (640,7),  (656,7),  (686,7),  (713,3),  (714,3),  (709,3),  (697,5),  (674,5),  (644,0),  (606,0),  (581,0),  (571,0),  (559,4),  (545,0),  (512,4),  (477,2),  (462,2),  (457,2),  (458,6),  (476,2),  (480,2),  (490,6),  (517,6),  (538,2),  (528,2),  (517,4),  (504,4),  (487,0),  (464,4),  (439,4),  (412,4),  (379,4),  (301,0),  (286,7),  (305,7),  (351,7),  (358,5),  (358,4),  (349,0),  (334,7),  (344,7),  (356,3),  (351,5),  (331,5),  (305,5),  (281,5),  (270,0),  (256,4),  (230,4),  (195,4),  (152,4),  (116,0),  (100,3),  (101,3),  (99,3),  (93,3),  (95,3),  (112,3),  (118,3),  (117,3),  (125,3),  (133,3),  (134,3),  (142,3),  (151,3),  (154,7),  (156,1),  (159,6),  (161,3),  (161,5),  (166,3), 


[Timing] Time passed: 103.196054 s

Posterior Probability: -204.535398
Agreement with demo: 20%
Current angular diffs: 91'

Selected number of demos: 31

-- Positive Demos --
 (600,7),  (648,3),  (713,3),  (709,3),  (644,0),  (606,0),  (545,0),  (462,2),  (458,6),  (476,2),  (517,6),  (538,2),  (517,4),  (439,4),  (286,7),  (305,7),  (358,5),  (349,0),  (351,5),  (331,5),  (305,5),  (281,5),  (195,4),  (100,3),  (95,3),  (125,3),  (133,3),  (154,7),  (156,1),  (159,6),  (166,3), 


[Timing] Time passed: 103.418886 s

Posterior Probability: -83.90965671
Agreement with demo: 18%
Current angular diffs: 85'

Selected number of demos: 52

-- Positive Demos --
 (684,5),  (612,5),  (600,7),  (626,7),  (668,5),  (648,3),  (640,7),  (686,7),  (714,3),  (709,3),  (674,5),  (644,0),  (581,0),  (571,0),  (545,0),  (477,2),  (457,2),  (458,6),  (480,2),  (517,6),  (538,2),  (528,2),  (517,4),  (504,4),  (464,4),  (439,4),  (379,4),  (301,0),  (305,7),  (358,5),  (358,4),  (334,7),  (344,7),  (356,3),  (331,5),  (305,5),  (281,5),  (256,4),  (195,4),  (152,4),  (116,0),  (101,3),  (99,3),  (95,3),  (118,3),  (125,3),  (133,3),  (134,3),  (151,3),  (156,1),  (161,3),  (166,3), 


[Timing] Time passed: 105.102795 s

Posterior Probability: -206.11215
Agreement with demo: 13%
Current angular diffs: 86'

Selected number of demos: 80

-- Positive Demos --
 (684,5),  (650,5),  (612,5),  (600,7),  (626,7),  (665,3),  (668,5),  (648,3),  (640,7),  (656,7),  (686,7),  (713,3),  (714,3),  (709,3),  (697,5),  (674,5),  (644,0),  (606,0),  (581,0),  (571,0),  (559,4),  (545,0),  (512,4),  (477,2),  (462,2),  (457,2),  (458,6),  (476,2),  (480,2),  (490,6),  (517,6),  (538,2),  (528,2),  (517,4),  (504,4),  (487,0),  (464,4),  (439,4),  (412,4),  (379,4),  (301,0),  (286,7),  (305,7),  (351,7),  (358,5),  (358,4),  (349,0),  (334,7),  (344,7),  (356,3),  (351,5),  (331,5),  (305,5),  (281,5),  (270,0),  (256,4),  (230,4),  (195,4),  (152,4),  (116,0),  (100,3),  (101,3),  (99,3),  (93,3),  (95,3),  (112,3),  (118,3),  (117,3),  (125,3),  (133,3),  (134,3),  (142,3),  (151,3),  (154,7),  (156,1),  (159,6),  (161,3),  (161,5),  (166,3), 


[Timing] Time passed: 106.225633 s

Posterior Probability: -637.5076941
Agreement with demo: 14%
Current angular diffs: 94'

Selected number of demos: 38

-- Positive Demos --
 (650,5),  (600,7),  (626,7),  (668,5),  (648,3),  (656,7),  (713,3),  (697,5),  (606,0),  (581,0),  (559,4),  (545,0),  (477,2),  (458,6),  (480,2),  (517,6),  (538,2),  (504,4),  (439,4),  (379,4),  (305,7),  (358,5),  (349,0),  (344,7),  (351,5),  (331,5),  (270,0),  (230,4),  (116,0),  (99,3),  (112,3),  (125,3),  (133,3),  (151,3),  (154,7),  (156,1),  (161,5),  (166,3), 


[Timing] Time passed: 103.096583 s

Posterior Probability: -121.0419396
Agreement with demo: 12%
Current angular diffs: 88'

Selected number of demos: 57

-- Positive Demos --
 (684,5),  (650,5),  (600,7),  (665,3),  (668,5),  (648,3),  (656,7),  (686,7),  (713,3),  (714,3),  (697,5),  (644,0),  (606,0),  (571,0),  (545,0),  (512,4),  (462,2),  (457,2),  (458,6),  (476,2),  (480,2),  (517,6),  (538,2),  (528,2),  (504,4),  (487,0),  (464,4),  (439,4),  (379,4),  (286,7),  (351,7),  (358,4),  (334,7),  (344,7),  (351,5),  (305,5),  (281,5),  (256,4),  (230,4),  (195,4),  (152,4),  (100,3),  (101,3),  (93,3),  (95,3),  (112,3),  (118,3),  (117,3),  (125,3),  (133,3),  (134,3),  (151,3),  (154,7),  (159,6),  (161,5),  (166,3), 


[Timing] Time passed: 105.236687 s

Posterior Probability: -202.8761156
Agreement with demo: 17%
Current angular diffs: 88'

Selected number of demos: 27

-- Positive Demos --
 (612,5),  (648,3),  (714,3),  (709,3),  (606,0),  (559,4),  (545,0),  (457,2),  (480,2),  (538,2),  (517,4),  (412,4),  (301,0),  (305,7),  (358,5),  (349,0),  (344,7),  (281,5),  (270,0),  (256,4),  (195,4),  (152,4),  (99,3),  (95,3),  (118,3),  (142,3),  (161,3), 


[Timing] Time passed: 104.351371 s

Posterior Probability: -116.1269518
Agreement with demo: 16%
Current angular diffs: 81'

Selected number of demos: 26

-- Positive Demos --
 (650,5),  (626,7),  (656,7),  (686,7),  (697,5),  (674,5),  (571,0),  (477,2),  (457,2),  (458,6),  (517,6),  (504,4),  (379,4),  (305,7),  (334,7),  (356,3),  (270,0),  (256,4),  (116,0),  (99,3),  (93,3),  (112,3),  (125,3),  (133,3),  (142,3),  (161,3), 


[Timing] Time passed: 105.6444 s

Posterior Probability: -111.8825907
Agreement with demo: 10%
Current angular diffs: 86'

Selected number of demos: 29

-- Positive Demos --
 (626,7),  (668,5),  (640,7),  (709,3),  (697,5),  (674,5),  (559,4),  (457,2),  (517,6),  (504,4),  (487,0),  (412,4),  (305,7),  (351,7),  (358,4),  (344,7),  (356,3),  (305,5),  (195,4),  (152,4),  (101,3),  (99,3),  (95,3),  (112,3),  (133,3),  (156,1),  (159,6),  (161,3),  (166,3), 


[Timing] Time passed: 104.133715 s

Posterior Probability: -111.5983077
Agreement with demo: 14%
Current angular diffs: 78'

Selected number of demos: 80

-- Positive Demos --
 (684,5),  (650,5),  (612,5),  (600,7),  (626,7),  (665,3),  (668,5),  (648,3),  (640,7),  (656,7),  (686,7),  (713,3),  (714,3),  (709,3),  (697,5),  (674,5),  (644,0),  (606,0),  (581,0),  (571,0),  (559,4),  (545,0),  (512,4),  (477,2),  (462,2),  (457,2),  (458,6),  (476,2),  (480,2),  (490,6),  (517,6),  (538,2),  (528,2),  (517,4),  (504,4),  (487,0),  (464,4),  (439,4),  (412,4),  (379,4),  (301,0),  (286,7),  (305,7),  (351,7),  (358,5),  (358,4),  (349,0),  (334,7),  (344,7),  (356,3),  (351,5),  (331,5),  (305,5),  (281,5),  (270,0),  (256,4),  (230,4),  (195,4),  (152,4),  (116,0),  (100,3),  (101,3),  (99,3),  (93,3),  (95,3),  (112,3),  (118,3),  (117,3),  (125,3),  (133,3),  (134,3),  (142,3),  (151,3),  (154,7),  (156,1),  (159,6),  (161,3),  (161,5),  (166,3), 


[Timing] Time passed: 104.566654 s

Posterior Probability: -277.7382157
Agreement with demo: 18%
Current angular diffs: 86'

Selected number of demos: 22

-- Positive Demos --
 (600,7),  (668,5),  (714,3),  (644,0),  (545,0),  (512,4),  (458,6),  (490,6),  (528,2),  (412,4),  (286,7),  (351,7),  (334,7),  (331,5),  (270,0),  (256,4),  (195,4),  (99,3),  (117,3),  (133,3),  (154,7),  (159,6), 


[Timing] Time passed: 104.359912 s

Posterior Probability: -202.1647499
Agreement with demo: 14%
Current angular diffs: 91'

Selected number of demos: 53

-- Positive Demos --
 (684,5),  (612,5),  (626,7),  (668,5),  (640,7),  (686,7),  (714,3),  (697,5),  (674,5),  (606,0),  (571,0),  (559,4),  (545,0),  (512,4),  (462,2),  (457,2),  (458,6),  (476,2),  (490,6),  (517,6),  (538,2),  (528,2),  (504,4),  (464,4),  (412,4),  (301,0),  (286,7),  (305,7),  (358,5),  (358,4),  (349,0),  (334,7),  (356,3),  (331,5),  (281,5),  (270,0),  (256,4),  (230,4),  (195,4),  (116,0),  (101,3),  (99,3),  (93,3),  (112,3),  (118,3),  (117,3),  (133,3),  (134,3),  (151,3),  (156,1),  (161,3),  (166,3), 


[Timing] Time passed: 87.185073 s

Posterior Probability: -503.6476455
Agreement with demo: 7.8%
Current angular diffs: 96'

Selected number of demos: 41

-- Positive Demos --
 (650,5),  (612,5),  (626,7),  (648,3),  (686,7),  (713,3),  (714,3),  (697,5),  (674,5),  (606,0),  (571,0),  (512,4),  (477,2),  (457,2),  (458,6),  (476,2),  (517,6),  (538,2),  (528,2),  (517,4),  (487,0),  (439,4),  (379,4),  (305,7),  (358,5),  (349,0),  (356,3),  (305,5),  (281,5),  (256,4),  (195,4),  (152,4),  (100,3),  (99,3),  (112,3),  (125,3),  (134,3),  (154,7),  (159,6),  (161,5),  (166,3), 


[Timing] Time passed: 70.001094 s

Posterior Probability: -405.8956979
Agreement with demo: 18%
Current angular diffs: 89'

Selected number of demos: 80

-- Positive Demos --
 (684,5),  (650,5),  (612,5),  (600,7),  (626,7),  (665,3),  (668,5),  (648,3),  (640,7),  (656,7),  (686,7),  (713,3),  (714,3),  (709,3),  (697,5),  (674,5),  (644,0),  (606,0),  (581,0),  (571,0),  (559,4),  (545,0),  (512,4),  (477,2),  (462,2),  (457,2),  (458,6),  (476,2),  (480,2),  (490,6),  (517,6),  (538,2),  (528,2),  (517,4),  (504,4),  (487,0),  (464,4),  (439,4),  (412,4),  (379,4),  (301,0),  (286,7),  (305,7),  (351,7),  (358,5),  (358,4),  (349,0),  (334,7),  (344,7),  (356,3),  (351,5),  (331,5),  (305,5),  (281,5),  (270,0),  (256,4),  (230,4),  (195,4),  (152,4),  (116,0),  (100,3),  (101,3),  (99,3),  (93,3),  (95,3),  (112,3),  (118,3),  (117,3),  (125,3),  (133,3),  (134,3),  (142,3),  (151,3),  (154,7),  (156,1),  (159,6),  (161,3),  (161,5),  (166,3), 


[Timing] Time passed: 73.776838 s

Posterior Probability: -232.6893378
Agreement with demo: 16%
Current angular diffs: 81'

Selected number of demos: 32

-- Positive Demos --
 (626,7),  (665,3),  (648,3),  (656,7),  (714,3),  (674,5),  (644,0),  (571,0),  (512,4),  (477,2),  (458,6),  (480,2),  (528,2),  (487,0),  (412,4),  (305,7),  (351,7),  (334,7),  (344,7),  (305,5),  (281,5),  (256,4),  (230,4),  (116,0),  (99,3),  (95,3),  (118,3),  (134,3),  (142,3),  (154,7),  (159,6),  (161,5), 


[Timing] Time passed: 76.216918 s

Posterior Probability: -63.37991141
Agreement with demo: 16%
Current angular diffs: 93'

-----------------------------
Avg angular diffs: 76'
-- learned weights --
Feature Weights: 0.33575, 0.6895, -0.00875, -0.1, 
