processing file :../birl_data/47_26_1_objects.txt

Initializing gridworld of size 32 by 24..
    Num states: 768
    Num actions: 8

Total number of demos: 73

Total number of good demos: 56

Selected number of demos: 56

-- Positive Demos --
 (677,5),  (662,3), 


 - [Timing] Time passed: 161.627675 s
- Current feature weights:-0.004714285714, -0.00025, -0.002535714286, -0.0001
 - Posterior Probability: -4.15888
 - Agreement with demo: 0%
 - Current angular diffs: 67.5'

-- Positive Demos --
 (665,3),  (671,3),  (668,3),  (673,3),  (650,3), 


 - [Timing] Time passed: 190.237324 s
- Current feature weights:-0.01283928571, -0.007839285714, -0.001285714286, -0.0001
 - Posterior Probability: -10.3972
 - Agreement with demo: 20%
 - Current angular diffs: 72'

-- Positive Demos --
 (641,3),  (634,5),  (617,5),  (593,5),  (570,5), 


 - [Timing] Time passed: 153.353644 s
- Current feature weights:-0.03042857143, -0.02033928571, -0.003517857143, -0.0001
 - Posterior Probability: -10.3972
 - Agreement with demo: 0%
 - Current angular diffs: 108'

-- Positive Demos --
 (544,0),  (521,4),  (493,4),  (462,4),  (433,4),  (417,2),  (403,4),  (384,2),  (370,2), 


 - [Timing] Time passed: 126.758673 s
- Current feature weights:-0.04858928571, -0.04042857143, 0.002589285714, -0.0001
 - Posterior Probability: -18.715
 - Agreement with demo: 33.3333%
 - Current angular diffs: 55'

-- Positive Demos --
 (369,2),  (365,2), 


 - [Timing] Time passed: 135.551263 s
- Current feature weights:-0.05241071429, -0.044, -0.002446428571, -0.0001
 - Posterior Probability: -4.15888
 - Agreement with demo: 0%
 - Current angular diffs: 90'

-- Positive Demos --
 (355,2),  (350,2),  (352,2),  (344,2),  (329,2), 


 - [Timing] Time passed: 139.463765 s
- Current feature weights:-0.06642857143, -0.05355357143, -0.02905357143, -0.0001
 - Posterior Probability: -10.3972
 - Agreement with demo: 40%
 - Current angular diffs: 45'

-- Positive Demos --
 (321,2),  (314,2),  (298,4),  (277,4), 


 - [Timing] Time passed: 133.798476 s
- Current feature weights:-0.08, -0.058125, -0.04491071429, -0.0001
 - Posterior Probability: -8.31777
 - Agreement with demo: 0%
 - Current angular diffs: 101.25'

-- Positive Demos --
 (251,4),  (232,0),  (212,5), 


 - [Timing] Time passed: 129.716808 s
- Current feature weights:-0.08808928571, -0.05785714286, -0.061625, -0.0001
 - Posterior Probability: -6.23832
 - Agreement with demo: 0%
 - Current angular diffs: 105'

-- Positive Demos --
 (191,5),  (139,3),  (126,3),  (103,3),  (113,3),  (111,3), 


 - [Timing] Time passed: 136.402981 s
- Current feature weights:-0.1151964286, -0.06685714286, -0.101375, -0.0001
 - Posterior Probability: -12.4766
 - Agreement with demo: 0%
 - Current angular diffs: 75'

-- Positive Demos --
 (128,3),  (130,3), 


 - [Timing] Time passed: 131.693975 s
- Current feature weights:-0.1247678571, -0.06689285714, -0.1159821429, -0.0001
 - Posterior Probability: -4.15888
 - Agreement with demo: 0%
 - Current angular diffs: 112.5'

-- Positive Demos --
 (131,3),  (142,3),  (150,3), 


 - [Timing] Time passed: 93.944261 s
- Current feature weights:-0.139125, -0.06694642857, -0.1378928571, -0.0001
 - Posterior Probability: -5.50966
 - Agreement with demo: 0%
 - Current angular diffs: 150'

-----------------------------
Avg angular diffs: 67.5'
Total agreement with demo: 10.7143%
-- learned weights --
Final feature weights:-0.139125, -0.0669464, -0.137893, -0.0001
