loading features...

Initializing gridworld of size 32 by 24..
    Num states: 768
    Num actions: 8

Total number of demos: 72

Selected number of demos: 72

-- Positive Demos --
 (257,1),  (296,1),  (336,1),  (378,1),  (416,1),  (458,1),  (490,6),  (519,6),  (536,2),  (546,6),  (560,6),  (585,6),  (609,2),  (619,2),  (621,2),  (622,2),  (617,2),  (610,2),  (614,2),  (609,4),  (590,4),  (564,4),  (538,4),  (509,0),  (482,0),  (458,0),  (432,5),  (413,3),  (407,3),  (399,5),  (384,5),  (362,5),  (343,5),  (318,0),  (291,0),  (259,0),  (223,0),  (187,4),  (161,4),  (136,4),  (107,4),  (88,2),  (89,2),  (95,2),  (106,6),  (129,6),  (167,6),  (197,6),  (224,6),  (253,1),  (292,6),  (332,6),  (369,6),  (409,1),  (453,6),  (488,6),  (521,1),  (558,1),  (595,6),  (622,6),  (644,1),  (660,7),  (676,7),  (688,7),  (695,0),  (697,1),  (701,1),  (702,0),  (692,0),  (687,5), 


[Timing] Time passed: 107.355579 s

Posterior Probability: -392.0416635
Agreement with demo: 11%
Current angular diffs: 1e+02'

Selected number of demos: 29

-- Positive Demos --
 (336,1),  (458,1),  (536,2),  (546,6),  (609,2),  (622,2),  (610,2),  (614,2),  (564,4),  (482,0),  (432,5),  (413,3),  (384,5),  (318,0),  (187,4),  (136,4),  (88,2),  (95,2),  (167,6),  (197,6),  (332,6),  (369,6),  (453,6),  (595,6),  (660,7),  (676,7),  (688,7),  (695,0),  (701,1), 


[Timing] Time passed: 115.329302 s

Posterior Probability: -95.56493417
Agreement with demo: 19%
Current angular diffs: 89'

Selected number of demos: 22

-- Positive Demos --
 (296,1),  (336,1),  (536,2),  (546,6),  (619,2),  (617,2),  (590,4),  (458,0),  (413,3),  (384,5),  (318,0),  (161,4),  (136,4),  (88,2),  (106,6),  (224,6),  (332,6),  (521,1),  (622,6),  (644,1),  (695,0),  (702,0), 


[Timing] Time passed: 119.801199 s

Posterior Probability: -111.4564899
Agreement with demo: 11%
Current angular diffs: 94'

Selected number of demos: 25

-- Positive Demos --
 (336,1),  (378,1),  (519,6),  (609,2),  (617,2),  (590,4),  (538,4),  (413,3),  (407,3),  (384,5),  (291,0),  (223,0),  (107,4),  (88,2),  (95,2),  (224,6),  (253,1),  (332,6),  (409,1),  (488,6),  (644,1),  (660,7),  (688,7),  (692,0),  (687,5), 


[Timing] Time passed: 102.38004 s

Posterior Probability: -230.4808784
Agreement with demo: 8%
Current angular diffs: 99'

Selected number of demos: 23

-- Positive Demos --
 (336,1),  (458,1),  (546,6),  (560,6),  (619,2),  (610,2),  (614,2),  (564,4),  (458,0),  (432,5),  (384,5),  (318,0),  (223,0),  (136,4),  (88,2),  (89,2),  (167,6),  (292,6),  (453,6),  (521,1),  (644,1),  (695,0),  (692,0), 


[Timing] Time passed: 113.555203 s

Posterior Probability: -120.4698402
Agreement with demo: 11%
Current angular diffs: 93'

Selected number of demos: 30

-- Positive Demos --
 (296,1),  (378,1),  (416,1),  (458,1),  (560,6),  (621,2),  (622,2),  (617,2),  (609,4),  (590,4),  (564,4),  (482,0),  (407,3),  (399,5),  (362,5),  (318,0),  (259,0),  (161,4),  (107,4),  (95,2),  (197,6),  (224,6),  (253,1),  (332,6),  (521,1),  (558,1),  (622,6),  (688,7),  (697,1),  (687,5), 


[Timing] Time passed: 109.310588 s

Posterior Probability: -190.6329053
Agreement with demo: 13%
Current angular diffs: 92'

Selected number of demos: 72

-- Positive Demos --
 (257,1),  (296,1),  (336,1),  (378,1),  (416,1),  (458,1),  (490,6),  (519,6),  (536,2),  (546,6),  (560,6),  (585,6),  (609,2),  (619,2),  (621,2),  (622,2),  (617,2),  (610,2),  (614,2),  (609,4),  (590,4),  (564,4),  (538,4),  (509,0),  (482,0),  (458,0),  (432,5),  (413,3),  (407,3),  (399,5),  (384,5),  (362,5),  (343,5),  (318,0),  (291,0),  (259,0),  (223,0),  (187,4),  (161,4),  (136,4),  (107,4),  (88,2),  (89,2),  (95,2),  (106,6),  (129,6),  (167,6),  (197,6),  (224,6),  (253,1),  (292,6),  (332,6),  (369,6),  (409,1),  (453,6),  (488,6),  (521,1),  (558,1),  (595,6),  (622,6),  (644,1),  (660,7),  (676,7),  (688,7),  (695,0),  (697,1),  (701,1),  (702,0),  (692,0),  (687,5), 


[Timing] Time passed: 108.427225 s

Posterior Probability: -402.4143897
Agreement with demo: 9.3%
Current angular diffs: 1e+02'

Selected number of demos: 22

-- Positive Demos --
 (416,1),  (536,2),  (619,2),  (622,2),  (614,2),  (590,4),  (538,4),  (482,0),  (432,5),  (407,3),  (318,0),  (187,4),  (89,2),  (129,6),  (167,6),  (292,6),  (332,6),  (409,1),  (453,6),  (622,6),  (688,7),  (702,0), 


[Timing] Time passed: 92.774426 s

Posterior Probability: -348.4313711
Agreement with demo: 13%
Current angular diffs: 92'

Selected number of demos: 47

-- Positive Demos --
 (296,1),  (378,1),  (458,1),  (519,6),  (536,2),  (546,6),  (585,6),  (619,2),  (621,2),  (622,2),  (610,2),  (614,2),  (609,4),  (590,4),  (538,4),  (482,0),  (432,5),  (407,3),  (384,5),  (362,5),  (343,5),  (318,0),  (291,0),  (259,0),  (223,0),  (161,4),  (136,4),  (88,2),  (89,2),  (95,2),  (106,6),  (167,6),  (224,6),  (253,1),  (292,6),  (332,6),  (409,1),  (488,6),  (521,1),  (595,6),  (644,1),  (676,7),  (695,0),  (701,1),  (702,0),  (687,5), 


[Timing] Time passed: 92.45405 s

Posterior Probability: -237.1839389
Agreement with demo: 13%
Current angular diffs: 85'

Selected number of demos: 34

-- Positive Demos --
 (296,1),  (336,1),  (378,1),  (458,1),  (519,6),  (536,2),  (585,6),  (619,2),  (621,2),  (617,2),  (614,2),  (590,4),  (538,4),  (509,0),  (458,0),  (413,3),  (399,5),  (362,5),  (343,5),  (291,0),  (187,4),  (136,4),  (88,2),  (89,2),  (129,6),  (224,6),  (332,6),  (453,6),  (488,6),  (558,1),  (644,1),  (688,7),  (701,1),  (687,5), 


[Timing] Time passed: 94.231953 s

Posterior Probability: -98.9798153
Agreement with demo: 11%
Current angular diffs: 1.1e+02'

Selected number of demos: 38

-- Positive Demos --
 (257,1),  (296,1),  (416,1),  (519,6),  (536,2),  (546,6),  (609,2),  (619,2),  (621,2),  (622,2),  (617,2),  (614,2),  (609,4),  (590,4),  (509,0),  (432,5),  (413,3),  (384,5),  (362,5),  (343,5),  (291,0),  (259,0),  (161,4),  (107,4),  (89,2),  (129,6),  (197,6),  (253,1),  (369,6),  (453,6),  (488,6),  (595,6),  (644,1),  (688,7),  (697,1),  (701,1),  (687,5), 


[Timing] Time passed: 93.386431 s

Posterior Probability: -189.319157
Agreement with demo: 9.3%
Current angular diffs: 95'

Selected number of demos: 47

-- Positive Demos --
 (257,1),  (336,1),  (416,1),  (490,6),  (519,6),  (536,2),  (546,6),  (560,6),  (585,6),  (619,2),  (621,2),  (617,2),  (610,2),  (614,2),  (590,4),  (564,4),  (538,4),  (482,0),  (432,5),  (407,3),  (399,5),  (362,5),  (318,0),  (291,0),  (259,0),  (187,4),  (136,4),  (88,2),  (95,2),  (106,6),  (129,6),  (167,6),  (224,6),  (292,6),  (369,6),  (409,1),  (453,6),  (521,1),  (558,1),  (622,6),  (644,1),  (676,7),  (695,0),  (701,1),  (702,0),  (692,0), 


[Timing] Time passed: 90.02838 s

Posterior Probability: -401.3827892
Agreement with demo: 6.7%
Current angular diffs: 98'

Selected number of demos: 36

-- Positive Demos --
 (336,1),  (378,1),  (416,1),  (519,6),  (546,6),  (609,2),  (619,2),  (621,2),  (610,2),  (614,2),  (590,4),  (564,4),  (509,0),  (482,0),  (413,3),  (407,3),  (384,5),  (318,0),  (259,0),  (223,0),  (136,4),  (107,4),  (89,2),  (95,2),  (129,6),  (197,6),  (253,1),  (369,6),  (453,6),  (558,1),  (622,6),  (660,7),  (695,0),  (702,0),  (692,0),  (687,5), 


[Timing] Time passed: 95.793334 s

Posterior Probability: -271.8686106
Agreement with demo: 9.3%
Current angular diffs: 95'

Selected number of demos: 33

-- Positive Demos --
 (296,1),  (416,1),  (458,1),  (490,6),  (519,6),  (546,6),  (609,2),  (619,2),  (621,2),  (610,2),  (609,4),  (590,4),  (564,4),  (509,0),  (432,5),  (399,5),  (343,5),  (259,0),  (161,4),  (107,4),  (89,2),  (95,2),  (167,6),  (197,6),  (224,6),  (332,6),  (409,1),  (521,1),  (595,6),  (660,7),  (695,0),  (697,1),  (702,0), 


[Timing] Time passed: 75.539429 s

Posterior Probability: -308.8334677
Agreement with demo: 5.3%
Current angular diffs: 97'

Selected number of demos: 46

-- Positive Demos --
 (257,1),  (336,1),  (378,1),  (416,1),  (490,6),  (519,6),  (536,2),  (560,6),  (585,6),  (609,2),  (619,2),  (621,2),  (617,2),  (610,2),  (614,2),  (609,4),  (590,4),  (538,4),  (482,0),  (458,0),  (413,3),  (407,3),  (384,5),  (362,5),  (318,0),  (291,0),  (223,0),  (187,4),  (136,4),  (88,2),  (95,2),  (129,6),  (167,6),  (224,6),  (292,6),  (369,6),  (409,1),  (488,6),  (558,1),  (595,6),  (644,1),  (676,7),  (695,0),  (697,1),  (702,0),  (687,5), 


[Timing] Time passed: 76.933417 s

Posterior Probability: -217.5759779
Agreement with demo: 11%
Current angular diffs: 91'

Selected number of demos: 51

-- Positive Demos --
 (257,1),  (296,1),  (336,1),  (378,1),  (458,1),  (490,6),  (536,2),  (560,6),  (585,6),  (609,2),  (619,2),  (621,2),  (617,2),  (610,2),  (614,2),  (609,4),  (564,4),  (509,0),  (482,0),  (458,0),  (413,3),  (407,3),  (384,5),  (343,5),  (318,0),  (291,0),  (223,0),  (187,4),  (161,4),  (136,4),  (88,2),  (95,2),  (106,6),  (129,6),  (197,6),  (253,1),  (292,6),  (332,6),  (369,6),  (409,1),  (453,6),  (488,6),  (521,1),  (595,6),  (622,6),  (660,7),  (688,7),  (697,1),  (701,1),  (692,0),  (687,5), 


[Timing] Time passed: 78.386593 s

Posterior Probability: -109.8991369
Agreement with demo: 23%
Current angular diffs: 78'

Selected number of demos: 72

-- Positive Demos --
 (257,1),  (296,1),  (336,1),  (378,1),  (416,1),  (458,1),  (490,6),  (519,6),  (536,2),  (546,6),  (560,6),  (585,6),  (609,2),  (619,2),  (621,2),  (622,2),  (617,2),  (610,2),  (614,2),  (609,4),  (590,4),  (564,4),  (538,4),  (509,0),  (482,0),  (458,0),  (432,5),  (413,3),  (407,3),  (399,5),  (384,5),  (362,5),  (343,5),  (318,0),  (291,0),  (259,0),  (223,0),  (187,4),  (161,4),  (136,4),  (107,4),  (88,2),  (89,2),  (95,2),  (106,6),  (129,6),  (167,6),  (197,6),  (224,6),  (253,1),  (292,6),  (332,6),  (369,6),  (409,1),  (453,6),  (488,6),  (521,1),  (558,1),  (595,6),  (622,6),  (644,1),  (660,7),  (676,7),  (688,7),  (695,0),  (697,1),  (701,1),  (702,0),  (692,0),  (687,5), 


[Timing] Time passed: 83.272658 s

Posterior Probability: -656.9249799
Agreement with demo: 11%
Current angular diffs: 93'

Selected number of demos: 51

-- Positive Demos --
 (257,1),  (296,1),  (378,1),  (458,1),  (490,6),  (519,6),  (536,2),  (546,6),  (585,6),  (619,2),  (621,2),  (617,2),  (610,2),  (614,2),  (609,4),  (564,4),  (538,4),  (482,0),  (458,0),  (413,3),  (407,3),  (399,5),  (384,5),  (343,5),  (318,0),  (259,0),  (187,4),  (136,4),  (88,2),  (95,2),  (129,6),  (167,6),  (197,6),  (224,6),  (253,1),  (292,6),  (332,6),  (369,6),  (409,1),  (453,6),  (488,6),  (521,1),  (595,6),  (622,6),  (660,7),  (676,7),  (695,0),  (697,1),  (702,0),  (687,5), 


[Timing] Time passed: 80.405841 s

Posterior Probability: -514.1901992
Agreement with demo: 9.3%
Current angular diffs: 96'

Selected number of demos: 49

-- Positive Demos --
 (257,1),  (296,1),  (336,1),  (378,1),  (416,1),  (490,6),  (536,2),  (560,6),  (609,2),  (619,2),  (621,2),  (622,2),  (617,2),  (610,2),  (614,2),  (609,4),  (564,4),  (509,0),  (458,0),  (413,3),  (407,3),  (399,5),  (362,5),  (343,5),  (291,0),  (259,0),  (223,0),  (187,4),  (161,4),  (136,4),  (88,2),  (89,2),  (95,2),  (106,6),  (167,6),  (197,6),  (253,1),  (292,6),  (332,6),  (409,1),  (488,6),  (558,1),  (622,6),  (660,7),  (688,7),  (697,1),  (701,1),  (702,0),  (692,0), 


[Timing] Time passed: 77.448019 s

Posterior Probability: -136.0244335
Agreement with demo: 5.3%
Current angular diffs: 1e+02'

Selected number of demos: 29

-- Positive Demos --
 (257,1),  (336,1),  (490,6),  (519,6),  (585,6),  (619,2),  (610,2),  (609,4),  (509,0),  (432,5),  (407,3),  (384,5),  (291,0),  (259,0),  (223,0),  (136,4),  (95,2),  (106,6),  (197,6),  (224,6),  (253,1),  (409,1),  (488,6),  (595,6),  (660,7),  (695,0),  (702,0),  (692,0),  (687,5), 


[Timing] Time passed: 77.428652 s

Posterior Probability: -112.30774
Agreement with demo: 13%
Current angular diffs: 97'

Selected number of demos: 27

-- Positive Demos --
 (257,1),  (416,1),  (458,1),  (490,6),  (546,6),  (609,2),  (619,2),  (617,2),  (609,4),  (590,4),  (564,4),  (458,0),  (407,3),  (384,5),  (318,0),  (259,0),  (136,4),  (89,2),  (167,6),  (224,6),  (369,6),  (521,1),  (558,1),  (644,1),  (676,7),  (697,1),  (687,5), 


[Timing] Time passed: 70.807895 s

Posterior Probability: -154.1554567
Agreement with demo: 11%
Current angular diffs: 1e+02'

Selected number of demos: 30

-- Positive Demos --
 (296,1),  (336,1),  (458,1),  (536,2),  (585,6),  (619,2),  (622,2),  (614,2),  (564,4),  (509,0),  (482,0),  (413,3),  (384,5),  (362,5),  (291,0),  (223,0),  (136,4),  (88,2),  (106,6),  (129,6),  (224,6),  (332,6),  (453,6),  (521,1),  (558,1),  (644,1),  (688,7),  (701,1),  (687,5), 


[Timing] Time passed: 80.115389 s

Posterior Probability: -209.28678
Agreement with demo: 13%
Current angular diffs: 97'

Selected number of demos: 22

-- Positive Demos --
 (296,1),  (378,1),  (416,1),  (536,2),  (619,2),  (621,2),  (622,2),  (617,2),  (564,4),  (413,3),  (384,5),  (318,0),  (187,4),  (89,2),  (224,6),  (453,6),  (521,1),  (676,7),  (688,7),  (695,0),  (702,0),  (687,5), 


[Timing] Time passed: 80.7236 s

Posterior Probability: -270.0608387
Agreement with demo: 11%
Current angular diffs: 94'

Selected number of demos: 47

-- Positive Demos --
 (296,1),  (378,1),  (416,1),  (458,1),  (519,6),  (536,2),  (560,6),  (609,2),  (619,2),  (621,2),  (617,2),  (614,2),  (590,4),  (564,4),  (538,4),  (509,0),  (482,0),  (458,0),  (413,3),  (407,3),  (399,5),  (362,5),  (318,0),  (259,0),  (223,0),  (161,4),  (107,4),  (89,2),  (106,6),  (129,6),  (197,6),  (224,6),  (253,1),  (332,6),  (409,1),  (453,6),  (488,6),  (521,1),  (558,1),  (595,6),  (644,1),  (676,7),  (688,7),  (697,1),  (702,0),  (687,5), 


[Timing] Time passed: 77.366945 s

Posterior Probability: -154.3322633
Agreement with demo: 12%
Current angular diffs: 92'

Selected number of demos: 20

-- Positive Demos --
 (257,1),  (490,6),  (519,6),  (560,6),  (585,6),  (617,2),  (614,2),  (538,4),  (413,3),  (384,5),  (223,0),  (89,2),  (167,6),  (197,6),  (253,1),  (369,6),  (453,6),  (595,6),  (660,7),  (702,0), 


[Timing] Time passed: 77.031605 s

Posterior Probability: -181.8537592
Agreement with demo: 11%
Current angular diffs: 96'

Selected number of demos: 22

-- Positive Demos --
 (378,1),  (416,1),  (458,1),  (546,6),  (619,2),  (610,2),  (538,4),  (509,0),  (458,0),  (407,3),  (399,5),  (384,5),  (318,0),  (136,4),  (106,6),  (224,6),  (409,1),  (622,6),  (660,7),  (676,7),  (701,1),  (702,0), 


[Timing] Time passed: 79.830213 s

Posterior Probability: -138.8663076
Agreement with demo: 12%
Current angular diffs: 1e+02'

Selected number of demos: 34

-- Positive Demos --
 (336,1),  (458,1),  (536,2),  (585,6),  (619,2),  (622,2),  (614,2),  (609,4),  (538,4),  (458,0),  (413,3),  (384,5),  (318,0),  (291,0),  (259,0),  (161,4),  (88,2),  (89,2),  (129,6),  (167,6),  (197,6),  (224,6),  (253,1),  (332,6),  (369,6),  (453,6),  (488,6),  (595,6),  (622,6),  (676,7),  (695,0),  (702,0),  (692,0), 


[Timing] Time passed: 78.392775 s

Posterior Probability: -148.7579555
Agreement with demo: 9.3%
Current angular diffs: 1.1e+02'

Selected number of demos: 37

-- Positive Demos --
 (336,1),  (378,1),  (416,1),  (519,6),  (546,6),  (560,6),  (609,2),  (619,2),  (622,2),  (614,2),  (564,4),  (538,4),  (458,0),  (413,3),  (407,3),  (362,5),  (291,0),  (259,0),  (187,4),  (107,4),  (95,2),  (167,6),  (253,1),  (332,6),  (453,6),  (488,6),  (521,1),  (595,6),  (644,1),  (660,7),  (676,7),  (688,7),  (695,0),  (697,1),  (702,0),  (687,5), 


[Timing] Time passed: 77.859616 s

Posterior Probability: -230.4574399
Agreement with demo: 11%
Current angular diffs: 93'

Selected number of demos: 24

-- Positive Demos --
 (296,1),  (416,1),  (536,2),  (609,2),  (621,2),  (614,2),  (590,4),  (564,4),  (458,0),  (413,3),  (362,5),  (259,0),  (223,0),  (107,4),  (89,2),  (95,2),  (129,6),  (253,1),  (369,6),  (521,1),  (595,6),  (676,7),  (697,1),  (692,0), 


[Timing] Time passed: 65.761184 s

Posterior Probability: -49.51128377
Agreement with demo: 16%
Current angular diffs: 88'

-----------------------------
Avg angular diffs: 78'
-- learned weights --
Feature Weights: -0.051, -0.168, -0.0135, -0.1, 
