processing file :../birl_data/47_30_3_objects.txt

Initializing gridworld of size 32 by 24..
    Num states: 768
    Num actions: 8

Total number of demos: 96

Total number of good demos: 63

Selected number of demos: 63

-- Positive Demos --
 (689,3), 


 - [Timing] Time passed: 160.66523 s
- Current feature weights:-0.0008412698413, 3.174603175e-05, -0.000619047619, -0.0001
 - Posterior Probability: -2.07944
 - Agreement with demo: 0%
 - Current angular diffs: 135'

-- Positive Demos --
 (679,3), 


 - [Timing] Time passed: 149.116066 s
- Current feature weights:-0.001476190476, -0.0008253968254, -0.003317460317, -0.0001
 - Posterior Probability: -2.07944
 - Agreement with demo: 0%
 - Current angular diffs: 135'

-- Positive Demos --
 (676,3), 


 - [Timing] Time passed: 176.08961 s
- Current feature weights:-0.003888888889, -0.002126984127, -0.005920634921, -0.0001
 - Posterior Probability: -2.07944
 - Agreement with demo: 100%
 - Current angular diffs: 0'

-- Positive Demos --
 (686,3), 


 - [Timing] Time passed: 150.786455 s
- Current feature weights:-0.006111111111, -0.004158730159, -0.007666666667, -0.0001
 - Posterior Probability: -2.07944
 - Agreement with demo: 0%
 - Current angular diffs: 90'

-- Positive Demos --
 (691,3), 


 - [Timing] Time passed: 150.934821 s
- Current feature weights:-0.009746031746, -0.008698412698, -0.01146031746, -0.0001
 - Posterior Probability: -2.07944
 - Agreement with demo: 0%
 - Current angular diffs: 135'

-- Positive Demos --
 (694,3), 


 - [Timing] Time passed: 144.431567 s
- Current feature weights:-0.01257142857, -0.01341269841, -0.01395238095, -0.0001
 - Posterior Probability: -2.07944
 - Agreement with demo: 100%
 - Current angular diffs: 0'

-- Positive Demos --
 (696,3),  (708,3),  (709,3),  (704,3),  (682,5),  (665,5),  (651,0), 


 - [Timing] Time passed: 177.725863 s
- Current feature weights:-0.04057142857, -0.05685714286, -0.03473015873, -0.0001
 - Posterior Probability: -14.5561
 - Agreement with demo: 0%
 - Current angular diffs: 115.714'

-- Positive Demos --
 (630,4), 


 - [Timing] Time passed: 141.937593 s
- Current feature weights:-0.04538095238, -0.06242857143, -0.03733333333, -0.0001
 - Posterior Probability: -2.07944
 - Agreement with demo: 0%
 - Current angular diffs: 135'

-- Positive Demos --
 (605,4),  (575,4), 


 - [Timing] Time passed: 172.514165 s
- Current feature weights:-0.05744444444, -0.07265079365, -0.04577777778, -0.0001
 - Posterior Probability: -4.15888
 - Agreement with demo: 0%
 - Current angular diffs: 90'

-- Positive Demos --
 (554,2),  (545,2),  (538,2),  (532,2), 


 - [Timing] Time passed: 158.256063 s
- Current feature weights:-0.08036507937, -0.08674603175, -0.06907936508, -0.0001
 - Posterior Probability: -8.31777
 - Agreement with demo: 25%
 - Current angular diffs: 78.75'

-- Positive Demos --
 (537,2), 


 - [Timing] Time passed: 151.278259 s
- Current feature weights:-0.08533333333, -0.08958730159, -0.07285714286, -0.0001
 - Posterior Probability: -2.07944
 - Agreement with demo: 0%
 - Current angular diffs: 90'

-- Positive Demos --
 (550,2),  (559,2), 


 - [Timing] Time passed: 118.377145 s
- Current feature weights:-0.09428571429, -0.09342857143, -0.07822222222, -0.0001
 - Posterior Probability: -4.15888
 - Agreement with demo: 0%
 - Current angular diffs: 90'

-- Positive Demos --
 (562,2), 


 - [Timing] Time passed: 91.046552 s
- Current feature weights:-0.1003650794, -0.09634920635, -0.08173015873, -0.0001
 - Posterior Probability: -2.07944
 - Agreement with demo: 0%
 - Current angular diffs: 135'

-- Positive Demos --
 (568,2),  (539,4),  (526,4),  (510,0),  (483,0),  (454,4),  (425,4),  (396,4),  (363,0),  (325,0),  (287,0),  (251,5),  (219,5),  (159,5),  (140,3),  (134,3),  (128,3),  (113,3),  (110,3),  (121,3),  (126,3),  (124,3), 


 - [Timing] Time passed: 71.043802 s
- Current feature weights:-0.2550634921, -0.109968254, -0.1753174603, -0.0001
 - Posterior Probability: -45.7477
 - Agreement with demo: 22.7273%
 - Current angular diffs: 79.7727'

-- Positive Demos --
 (130,3),  (141,3),  (168,7),  (180,7),  (188,6),  (187,2),  (197,3),  (195,3),  (194,5),  (177,5),  (169,5), 


 - [Timing] Time passed: 47.173061 s
- Current feature weights:-0.3505714286, -0.122015873, -0.2133809524, -0.0001
 - Posterior Probability: -22.8739
 - Agreement with demo: 0%
 - Current angular diffs: 114.545'

-----------------------------
Avg angular diffs: 85'
Total agreement with demo: 12.6984%
-- learned weights --
Final feature weights:-0.350571, -0.122016, -0.213381, -0.0001
