loading features...

Initializing gridworld of size 28 by 22..
    Num states: 616
    Num actions: 8

Total number of demos: 65

Selected number of demos: 43

-- Positive Demos --
 (544,5),  (545,3),  (520,5),  (494,5),  (468,3),  (442,5),  (444,5),  (389,0),  (360,0),  (333,4),  (275,4),  (245,2),  (215,2),  (212,2),  (211,2),  (209,2),  (207,2),  (233,6),  (260,2),  (259,6),  (286,6),  (312,2),  (310,2),  (309,4),  (252,0),  (224,0),  (195,0),  (168,5),  (113,5),  (86,5),  (59,3),  (60,3),  (32,3),  (34,3),  (36,3),  (39,3),  (71,3),  (100,3),  (102,7),  (132,3),  (133,3),  (107,3),  (81,5), 


[Timing] Time passed: 402.099143 s

Posterior Probability: -112.86552
Agreement with demo: 12%
Current angular diffs: 85'

Selected number of demos: 41

-- Positive Demos --
 (544,5),  (546,3),  (521,5),  (467,3),  (469,5),  (442,5),  (444,5),  (415,5),  (360,0),  (333,4),  (304,4),  (246,4),  (215,2),  (212,2),  (209,2),  (208,2),  (207,2),  (233,6),  (259,6),  (286,6),  (313,2),  (312,2),  (309,2),  (280,0),  (224,0),  (195,0),  (113,5),  (59,3),  (60,3),  (34,3),  (35,3),  (38,3),  (39,3),  (71,3),  (100,3),  (101,3),  (131,3),  (132,3),  (133,3),  (107,3),  (81,5), 


[Timing] Time passed: 447.727065 s

Posterior Probability: -117.3572957
Agreement with demo: 10%
Current angular diffs: 83'

Selected number of demos: 65

-- Positive Demos --
 (572,3),  (544,5),  (545,3),  (546,3),  (520,5),  (521,5),  (494,5),  (467,3),  (468,3),  (469,5),  (442,5),  (442,3),  (444,5),  (415,5),  (389,0),  (360,0),  (333,4),  (304,4),  (275,4),  (246,4),  (245,2),  (215,2),  (214,2),  (212,2),  (211,2),  (209,2),  (208,2),  (207,2),  (206,6),  (233,6),  (260,2),  (259,6),  (286,6),  (313,2),  (312,2),  (310,2),  (309,2),  (309,4),  (280,0),  (252,0),  (224,0),  (195,0),  (168,5),  (113,5),  (86,5),  (59,3),  (60,3),  (32,3),  (34,3),  (35,3),  (36,3),  (38,3),  (39,3),  (70,7),  (71,3),  (100,3),  (101,3),  (102,7),  (131,3),  (132,3),  (133,3),  (107,3),  (108,5),  (81,5), 


[Timing] Time passed: 378.959931 s

Posterior Probability: -331.2537752
Agreement with demo: 10%
Current angular diffs: 84'

Selected number of demos: 43

-- Positive Demos --
 (572,3),  (545,3),  (520,5),  (521,5),  (494,5),  (468,3),  (442,5),  (444,5),  (389,0),  (360,0),  (333,4),  (304,4),  (275,4),  (245,2),  (215,2),  (212,2),  (211,2),  (208,2),  (207,2),  (206,6),  (260,2),  (259,6),  (313,2),  (312,2),  (310,2),  (309,2),  (280,0),  (252,0),  (224,0),  (168,5),  (113,5),  (59,3),  (32,3),  (35,3),  (38,3),  (70,7),  (71,3),  (101,3),  (102,7),  (131,3),  (133,3),  (108,5),  (81,5), 


[Timing] Time passed: 380.825613 s

Posterior Probability: -397.6961016
Agreement with demo: 13%
Current angular diffs: 88'

Selected number of demos: 42

-- Positive Demos --
 (544,5),  (545,3),  (520,5),  (494,5),  (468,3),  (442,5),  (444,5),  (389,0),  (333,4),  (304,4),  (275,4),  (246,4),  (215,2),  (214,2),  (211,2),  (209,2),  (208,2),  (206,6),  (260,2),  (286,6),  (313,2),  (310,2),  (309,4),  (280,0),  (252,0),  (195,0),  (113,5),  (86,5),  (59,3),  (60,3),  (34,3),  (35,3),  (38,3),  (39,3),  (70,7),  (71,3),  (101,3),  (131,3),  (132,3),  (107,3),  (81,5), 


[Timing] Time passed: 378.880688 s

Posterior Probability: -204.2840379
Agreement with demo: 19%
Current angular diffs: 78'

Selected number of demos: 44

-- Positive Demos --
 (572,3),  (544,5),  (545,3),  (520,5),  (521,5),  (494,5),  (468,3),  (469,5),  (442,5),  (444,5),  (415,5),  (389,0),  (360,0),  (333,4),  (275,4),  (246,4),  (215,2),  (212,2),  (209,2),  (208,2),  (207,2),  (206,6),  (260,2),  (259,6),  (313,2),  (310,2),  (309,2),  (309,4),  (252,0),  (195,0),  (168,5),  (86,5),  (60,3),  (32,3),  (34,3),  (36,3),  (39,3),  (71,3),  (101,3),  (131,3),  (132,3),  (107,3),  (108,5),  (81,5), 


[Timing] Time passed: 310.253458 s

Posterior Probability: -90.39721183
Agreement with demo: 12%
Current angular diffs: 98'

Selected number of demos: 45

-- Positive Demos --
 (572,3),  (545,3),  (546,3),  (520,5),  (494,5),  (468,3),  (469,5),  (442,5),  (442,3),  (415,5),  (389,0),  (333,4),  (304,4),  (275,4),  (245,2),  (214,2),  (212,2),  (211,2),  (208,2),  (206,6),  (233,6),  (260,2),  (286,6),  (313,2),  (312,2),  (309,2),  (309,4),  (252,0),  (195,0),  (168,5),  (113,5),  (86,5),  (59,3),  (60,3),  (32,3),  (35,3),  (36,3),  (38,3),  (70,7),  (71,3),  (101,3),  (131,3),  (133,3),  (107,3),  (81,5), 


[Timing] Time passed: 366.020506 s

Posterior Probability: -383.9769497
Agreement with demo: 12%
Current angular diffs: 96'

Selected number of demos: 44

-- Positive Demos --
 (544,5),  (545,3),  (520,5),  (494,5),  (467,3),  (468,3),  (442,5),  (444,5),  (415,5),  (360,0),  (333,4),  (275,4),  (246,4),  (215,2),  (214,2),  (212,2),  (209,2),  (207,2),  (206,6),  (260,2),  (259,6),  (286,6),  (312,2),  (310,2),  (309,2),  (280,0),  (224,0),  (195,0),  (168,5),  (86,5),  (59,3),  (32,3),  (34,3),  (35,3),  (36,3),  (38,3),  (39,3),  (70,7),  (100,3),  (101,3),  (131,3),  (133,3),  (107,3),  (81,5), 


[Timing] Time passed: 345.784778 s

Posterior Probability: -684.449067
Agreement with demo: 10%
Current angular diffs: 96'

Selected number of demos: 33

-- Positive Demos --
 (544,5),  (546,3),  (521,5),  (494,5),  (468,3),  (469,5),  (442,5),  (415,5),  (360,0),  (333,4),  (246,4),  (214,2),  (209,2),  (207,2),  (206,6),  (260,2),  (286,6),  (313,2),  (312,2),  (309,4),  (224,0),  (113,5),  (60,3),  (34,3),  (36,3),  (38,3),  (39,3),  (70,7),  (101,3),  (131,3),  (132,3),  (107,3),  (108,5), 


[Timing] Time passed: 331.402321 s

Posterior Probability: -179.6524138
Agreement with demo: 3.8%
Current angular diffs: 93'

Selected number of demos: 31

-- Positive Demos --
 (572,3),  (546,3),  (521,5),  (468,3),  (469,5),  (442,3),  (415,5),  (360,0),  (333,4),  (275,4),  (245,2),  (212,2),  (208,2),  (233,6),  (259,6),  (313,2),  (312,2),  (309,2),  (252,0),  (195,0),  (113,5),  (60,3),  (34,3),  (36,3),  (38,3),  (70,7),  (71,3),  (100,3),  (131,3),  (132,3),  (107,3), 


[Timing] Time passed: 351.923606 s

Posterior Probability: -272.1306129
Agreement with demo: 13%
Current angular diffs: 91'

Selected number of demos: 45

-- Positive Demos --
 (572,3),  (545,3),  (520,5),  (521,5),  (494,5),  (467,3),  (468,3),  (469,5),  (442,5),  (444,5),  (415,5),  (360,0),  (333,4),  (304,4),  (246,4),  (245,2),  (215,2),  (212,2),  (211,2),  (208,2),  (206,6),  (260,2),  (286,6),  (313,2),  (312,2),  (310,2),  (309,2),  (309,4),  (280,0),  (252,0),  (195,0),  (113,5),  (59,3),  (60,3),  (34,3),  (36,3),  (39,3),  (71,3),  (100,3),  (102,7),  (131,3),  (132,3),  (133,3),  (107,3),  (81,5), 


[Timing] Time passed: 296.449228 s

Posterior Probability: -100.9214549
Agreement with demo: 10%
Current angular diffs: 87'

Selected number of demos: 45

-- Positive Demos --
 (572,3),  (544,5),  (546,3),  (521,5),  (467,3),  (469,5),  (442,5),  (442,3),  (415,5),  (389,0),  (333,4),  (304,4),  (275,4),  (245,2),  (215,2),  (214,2),  (212,2),  (209,2),  (208,2),  (207,2),  (206,6),  (233,6),  (260,2),  (259,6),  (313,2),  (312,2),  (309,2),  (309,4),  (280,0),  (252,0),  (195,0),  (168,5),  (86,5),  (59,3),  (32,3),  (34,3),  (35,3),  (38,3),  (70,7),  (100,3),  (101,3),  (102,7),  (132,3),  (133,3),  (108,5), 


[Timing] Time passed: 297.10502 s

Posterior Probability: -296.3548506
Agreement with demo: 12%
Current angular diffs: 93'

Selected number of demos: 27

-- Positive Demos --
 (545,3),  (546,3),  (494,5),  (469,5),  (442,3),  (360,0),  (333,4),  (275,4),  (246,4),  (245,2),  (211,2),  (207,2),  (233,6),  (260,2),  (313,2),  (309,4),  (224,0),  (113,5),  (86,5),  (34,3),  (36,3),  (38,3),  (39,3),  (100,3),  (132,3),  (107,3),  (108,5), 


[Timing] Time passed: 292.364585 s

Posterior Probability: -525.2765964
Agreement with demo: 14%
Current angular diffs: 93'

Selected number of demos: 18

-- Positive Demos --
 (520,5),  (521,5),  (467,3),  (442,5),  (415,5),  (304,4),  (246,4),  (214,2),  (208,2),  (259,6),  (310,2),  (252,0),  (86,5),  (34,3),  (35,3),  (71,3),  (132,3),  (81,5), 


[Timing] Time passed: 302.309927 s

Posterior Probability: -115.8072208
Agreement with demo: 14%
Current angular diffs: 91'

Selected number of demos: 65

-- Positive Demos --
 (572,3),  (544,5),  (545,3),  (546,3),  (520,5),  (521,5),  (494,5),  (467,3),  (468,3),  (469,5),  (442,5),  (442,3),  (444,5),  (415,5),  (389,0),  (360,0),  (333,4),  (304,4),  (275,4),  (246,4),  (245,2),  (215,2),  (214,2),  (212,2),  (211,2),  (209,2),  (208,2),  (207,2),  (206,6),  (233,6),  (260,2),  (259,6),  (286,6),  (313,2),  (312,2),  (310,2),  (309,2),  (309,4),  (280,0),  (252,0),  (224,0),  (195,0),  (168,5),  (113,5),  (86,5),  (59,3),  (60,3),  (32,3),  (34,3),  (35,3),  (36,3),  (38,3),  (39,3),  (70,7),  (71,3),  (100,3),  (101,3),  (102,7),  (131,3),  (132,3),  (133,3),  (107,3),  (108,5),  (81,5), 


[Timing] Time passed: 324.415797 s

Posterior Probability: -314.5688926
Agreement with demo: 9%
Current angular diffs: 89'

Selected number of demos: 43

-- Positive Demos --
 (544,5),  (545,3),  (520,5),  (494,5),  (468,3),  (469,5),  (442,5),  (442,3),  (444,5),  (389,0),  (360,0),  (333,4),  (304,4),  (246,4),  (215,2),  (212,2),  (209,2),  (208,2),  (206,6),  (233,6),  (260,2),  (259,6),  (313,2),  (312,2),  (310,2),  (309,2),  (280,0),  (224,0),  (195,0),  (113,5),  (59,3),  (32,3),  (34,3),  (35,3),  (36,3),  (39,3),  (70,7),  (100,3),  (102,7),  (132,3),  (133,3),  (108,5),  (81,5), 


[Timing] Time passed: 323.106424 s

Posterior Probability: -401.4062836
Agreement with demo: 12%
Current angular diffs: 95'

Selected number of demos: 43

-- Positive Demos --
 (572,3),  (544,5),  (545,3),  (546,3),  (520,5),  (521,5),  (494,5),  (468,3),  (442,5),  (442,3),  (415,5),  (389,0),  (360,0),  (333,4),  (304,4),  (275,4),  (245,2),  (214,2),  (211,2),  (208,2),  (207,2),  (233,6),  (260,2),  (259,6),  (313,2),  (310,2),  (309,4),  (280,0),  (224,0),  (168,5),  (86,5),  (60,3),  (34,3),  (35,3),  (38,3),  (70,7),  (71,3),  (101,3),  (102,7),  (131,3),  (133,3),  (107,3),  (108,5), 


[Timing] Time passed: 282.486695 s

Posterior Probability: -104.3745431
Agreement with demo: 12%
Current angular diffs: 93'

Selected number of demos: 27

-- Positive Demos --
 (572,3),  (546,3),  (467,3),  (468,3),  (442,3),  (389,0),  (333,4),  (275,4),  (215,2),  (214,2),  (211,2),  (207,2),  (206,6),  (286,6),  (313,2),  (310,2),  (309,4),  (252,0),  (113,5),  (86,5),  (60,3),  (34,3),  (38,3),  (39,3),  (101,3),  (133,3),  (108,5), 


[Timing] Time passed: 246.716798 s

Posterior Probability: -207.4174036
Agreement with demo: 6.4%
Current angular diffs: 96'

Selected number of demos: 42

-- Positive Demos --
 (572,3),  (545,3),  (520,5),  (521,5),  (494,5),  (468,3),  (442,5),  (442,3),  (444,5),  (415,5),  (389,0),  (333,4),  (304,4),  (275,4),  (246,4),  (245,2),  (215,2),  (214,2),  (211,2),  (208,2),  (207,2),  (233,6),  (259,6),  (313,2),  (310,2),  (309,4),  (252,0),  (195,0),  (113,5),  (86,5),  (60,3),  (34,3),  (35,3),  (38,3),  (70,7),  (71,3),  (100,3),  (101,3),  (131,3),  (133,3),  (107,3),  (81,5), 


[Timing] Time passed: 245.303559 s

Posterior Probability: -185.9152117
Agreement with demo: 5.1%
Current angular diffs: 89'

Selected number of demos: 28

-- Positive Demos --
 (572,3),  (544,5),  (545,3),  (520,5),  (468,3),  (444,5),  (415,5),  (389,0),  (304,4),  (245,2),  (215,2),  (209,2),  (207,2),  (233,6),  (286,6),  (313,2),  (309,4),  (252,0),  (168,5),  (59,3),  (60,3),  (32,3),  (38,3),  (71,3),  (101,3),  (131,3),  (108,5),  (81,5), 


[Timing] Time passed: 243.43663 s

Posterior Probability: -92.5196009
Agreement with demo: 10%
Current angular diffs: 1e+02'

Selected number of demos: 65

-- Positive Demos --
 (572,3),  (544,5),  (545,3),  (546,3),  (520,5),  (521,5),  (494,5),  (467,3),  (468,3),  (469,5),  (442,5),  (442,3),  (444,5),  (415,5),  (389,0),  (360,0),  (333,4),  (304,4),  (275,4),  (246,4),  (245,2),  (215,2),  (214,2),  (212,2),  (211,2),  (209,2),  (208,2),  (207,2),  (206,6),  (233,6),  (260,2),  (259,6),  (286,6),  (313,2),  (312,2),  (310,2),  (309,2),  (309,4),  (280,0),  (252,0),  (224,0),  (195,0),  (168,5),  (113,5),  (86,5),  (59,3),  (60,3),  (32,3),  (34,3),  (35,3),  (36,3),  (38,3),  (39,3),  (70,7),  (71,3),  (100,3),  (101,3),  (102,7),  (131,3),  (132,3),  (133,3),  (107,3),  (108,5),  (81,5), 


[Timing] Time passed: 247.416612 s

Posterior Probability: -409.1036479
Agreement with demo: 13%
Current angular diffs: 95'

Selected number of demos: 25

-- Positive Demos --
 (545,3),  (521,5),  (469,5),  (415,5),  (333,4),  (304,4),  (246,4),  (214,2),  (209,2),  (206,6),  (233,6),  (286,6),  (313,2),  (309,4),  (280,0),  (195,0),  (168,5),  (60,3),  (36,3),  (71,3),  (101,3),  (131,3),  (132,3),  (133,3),  (108,5), 


[Timing] Time passed: 243.191027 s

Posterior Probability: -199.9775442
Agreement with demo: 12%
Current angular diffs: 91'

Selected number of demos: 65

-- Positive Demos --
 (572,3),  (544,5),  (545,3),  (546,3),  (520,5),  (521,5),  (494,5),  (467,3),  (468,3),  (469,5),  (442,5),  (442,3),  (444,5),  (415,5),  (389,0),  (360,0),  (333,4),  (304,4),  (275,4),  (246,4),  (245,2),  (215,2),  (214,2),  (212,2),  (211,2),  (209,2),  (208,2),  (207,2),  (206,6),  (233,6),  (260,2),  (259,6),  (286,6),  (313,2),  (312,2),  (310,2),  (309,2),  (309,4),  (280,0),  (252,0),  (224,0),  (195,0),  (168,5),  (113,5),  (86,5),  (59,3),  (60,3),  (32,3),  (34,3),  (35,3),  (36,3),  (38,3),  (39,3),  (70,7),  (71,3),  (100,3),  (101,3),  (102,7),  (131,3),  (132,3),  (133,3),  (107,3),  (108,5),  (81,5), 


[Timing] Time passed: 277.56893 s

Posterior Probability: -406.9228565
Agreement with demo: 12%
Current angular diffs: 92'

Selected number of demos: 23

-- Positive Demos --
 (572,3),  (546,3),  (521,5),  (442,5),  (415,5),  (360,0),  (275,4),  (245,2),  (212,2),  (208,2),  (206,6),  (260,2),  (312,2),  (309,4),  (280,0),  (252,0),  (168,5),  (113,5),  (34,3),  (70,7),  (100,3),  (133,3),  (81,5), 


[Timing] Time passed: 242.500614 s

Posterior Probability: -211.1666859
Agreement with demo: 14%
Current angular diffs: 92'

Selected number of demos: 43

-- Positive Demos --
 (572,3),  (545,3),  (546,3),  (521,5),  (467,3),  (468,3),  (469,5),  (442,5),  (444,5),  (389,0),  (333,4),  (304,4),  (275,4),  (246,4),  (245,2),  (214,2),  (211,2),  (209,2),  (207,2),  (206,6),  (233,6),  (259,6),  (313,2),  (310,2),  (309,2),  (280,0),  (252,0),  (195,0),  (113,5),  (86,5),  (59,3),  (32,3),  (35,3),  (36,3),  (38,3),  (39,3),  (70,7),  (71,3),  (100,3),  (102,7),  (132,3),  (133,3),  (108,5), 


[Timing] Time passed: 243.703043 s

Posterior Probability: -170.9504594
Agreement with demo: 10%
Current angular diffs: 92'

Selected number of demos: 22

-- Positive Demos --
 (572,3),  (546,3),  (467,3),  (442,3),  (360,0),  (333,4),  (246,4),  (212,2),  (208,2),  (233,6),  (259,6),  (312,2),  (252,0),  (168,5),  (86,5),  (35,3),  (39,3),  (70,7),  (100,3),  (102,7),  (132,3),  (108,5), 


[Timing] Time passed: 241.820037 s

Posterior Probability: -308.0543644
Agreement with demo: 10%
Current angular diffs: 94'

Selected number of demos: 21

-- Positive Demos --
 (545,3),  (494,5),  (467,3),  (442,5),  (444,5),  (389,0),  (360,0),  (333,4),  (245,2),  (211,2),  (206,6),  (259,6),  (313,2),  (310,2),  (309,4),  (168,5),  (32,3),  (34,3),  (39,3),  (100,3),  (133,3), 


[Timing] Time passed: 240.756628 s

Posterior Probability: -200.610554
Agreement with demo: 12%
Current angular diffs: 93'

Selected number of demos: 43

-- Positive Demos --
 (544,5),  (546,3),  (520,5),  (494,5),  (468,3),  (442,5),  (444,5),  (415,5),  (360,0),  (333,4),  (304,4),  (275,4),  (246,4),  (245,2),  (215,2),  (214,2),  (212,2),  (211,2),  (208,2),  (206,6),  (233,6),  (259,6),  (286,6),  (313,2),  (310,2),  (309,4),  (280,0),  (224,0),  (168,5),  (86,5),  (59,3),  (60,3),  (32,3),  (34,3),  (36,3),  (39,3),  (71,3),  (101,3),  (131,3),  (132,3),  (107,3),  (108,5),  (81,5), 


[Timing] Time passed: 242.152959 s

Posterior Probability: -174.6289008
Agreement with demo: 7.7%
Current angular diffs: 87'

Selected number of demos: 35

-- Positive Demos --
 (545,3),  (520,5),  (521,5),  (494,5),  (468,3),  (442,5),  (444,5),  (415,5),  (360,0),  (304,4),  (275,4),  (246,4),  (214,2),  (212,2),  (211,2),  (207,2),  (206,6),  (260,2),  (313,2),  (312,2),  (309,2),  (252,0),  (195,0),  (113,5),  (59,3),  (34,3),  (35,3),  (38,3),  (71,3),  (101,3),  (132,3),  (133,3),  (107,3),  (108,5),  (81,5), 


[Timing] Time passed: 240.721831 s

Posterior Probability: -138.2653803
Agreement with demo: 9%
Current angular diffs: 84'

Selected number of demos: 19

-- Positive Demos --
 (544,5),  (521,5),  (442,5),  (442,3),  (415,5),  (304,4),  (214,2),  (208,2),  (207,2),  (260,2),  (310,2),  (309,4),  (224,0),  (86,5),  (34,3),  (70,7),  (71,3),  (131,3),  (81,5), 


[Timing] Time passed: 242.582728 s

Posterior Probability: -71.21643285
Agreement with demo: 13%
Current angular diffs: 92'

Selected number of demos: 22

-- Positive Demos --
 (572,3),  (546,3),  (467,3),  (442,3),  (360,0),  (304,4),  (275,4),  (245,2),  (212,2),  (206,6),  (259,6),  (313,2),  (310,2),  (309,4),  (224,0),  (86,5),  (60,3),  (35,3),  (39,3),  (70,7),  (100,3),  (133,3), 


[Timing] Time passed: 240.488089 s

Posterior Probability: -166.7331328
Agreement with demo: 10%
Current angular diffs: 88'

Selected number of demos: 65

-- Positive Demos --
 (572,3),  (544,5),  (545,3),  (546,3),  (520,5),  (521,5),  (494,5),  (467,3),  (468,3),  (469,5),  (442,5),  (442,3),  (444,5),  (415,5),  (389,0),  (360,0),  (333,4),  (304,4),  (275,4),  (246,4),  (245,2),  (215,2),  (214,2),  (212,2),  (211,2),  (209,2),  (208,2),  (207,2),  (206,6),  (233,6),  (260,2),  (259,6),  (286,6),  (313,2),  (312,2),  (310,2),  (309,2),  (309,4),  (280,0),  (252,0),  (224,0),  (195,0),  (168,5),  (113,5),  (86,5),  (59,3),  (60,3),  (32,3),  (34,3),  (35,3),  (36,3),  (38,3),  (39,3),  (70,7),  (71,3),  (100,3),  (101,3),  (102,7),  (131,3),  (132,3),  (133,3),  (107,3),  (108,5),  (81,5), 


[Timing] Time passed: 241.243976 s

Posterior Probability: -135.4301616
Agreement with demo: 14%
Current angular diffs: 89'

Selected number of demos: 35

-- Positive Demos --
 (545,3),  (546,3),  (520,5),  (467,3),  (469,5),  (442,3),  (415,5),  (389,0),  (333,4),  (275,4),  (246,4),  (245,2),  (214,2),  (209,2),  (208,2),  (206,6),  (259,6),  (313,2),  (310,2),  (309,2),  (309,4),  (252,0),  (224,0),  (168,5),  (113,5),  (86,5),  (59,3),  (32,3),  (36,3),  (70,7),  (71,3),  (102,7),  (131,3),  (107,3),  (81,5), 


[Timing] Time passed: 246.269841 s

Posterior Probability: -200.1013135
Agreement with demo: 10%
Current angular diffs: 93'

Selected number of demos: 32

-- Positive Demos --
 (544,5),  (520,5),  (521,5),  (467,3),  (442,5),  (444,5),  (360,0),  (304,4),  (275,4),  (246,4),  (245,2),  (212,2),  (209,2),  (207,2),  (260,2),  (259,6),  (286,6),  (313,2),  (309,2),  (280,0),  (195,0),  (86,5),  (59,3),  (34,3),  (35,3),  (39,3),  (71,3),  (100,3),  (101,3),  (132,3),  (133,3),  (108,5), 


[Timing] Time passed: 235.800657 s

Posterior Probability: -206.5900058
Agreement with demo: 13%
Current angular diffs: 83'

Selected number of demos: 65

-- Positive Demos --
 (572,3),  (544,5),  (545,3),  (546,3),  (520,5),  (521,5),  (494,5),  (467,3),  (468,3),  (469,5),  (442,5),  (442,3),  (444,5),  (415,5),  (389,0),  (360,0),  (333,4),  (304,4),  (275,4),  (246,4),  (245,2),  (215,2),  (214,2),  (212,2),  (211,2),  (209,2),  (208,2),  (207,2),  (206,6),  (233,6),  (260,2),  (259,6),  (286,6),  (313,2),  (312,2),  (310,2),  (309,2),  (309,4),  (280,0),  (252,0),  (224,0),  (195,0),  (168,5),  (113,5),  (86,5),  (59,3),  (60,3),  (32,3),  (34,3),  (35,3),  (36,3),  (38,3),  (39,3),  (70,7),  (71,3),  (100,3),  (101,3),  (102,7),  (131,3),  (132,3),  (133,3),  (107,3),  (108,5),  (81,5), 


[Timing] Time passed: 243.291145 s

Posterior Probability: -167.4674712
Agreement with demo: 15%
Current angular diffs: 85'

Selected number of demos: 27

-- Positive Demos --
 (572,3),  (520,5),  (467,3),  (468,3),  (469,5),  (442,3),  (415,5),  (333,4),  (304,4),  (275,4),  (245,2),  (214,2),  (212,2),  (208,2),  (206,6),  (286,6),  (310,2),  (309,4),  (224,0),  (86,5),  (34,3),  (38,3),  (70,7),  (71,3),  (101,3),  (133,3),  (108,5), 


[Timing] Time passed: 248.336736 s

Posterior Probability: -164.1682974
Agreement with demo: 10%
Current angular diffs: 98'

Selected number of demos: 21

-- Positive Demos --
 (520,5),  (494,5),  (442,3),  (333,4),  (275,4),  (215,2),  (209,2),  (206,6),  (286,6),  (313,2),  (309,2),  (309,4),  (195,0),  (86,5),  (60,3),  (34,3),  (70,7),  (71,3),  (100,3),  (131,3),  (132,3), 


[Timing] Time passed: 240.566591 s

Posterior Probability: -104.2439723
Agreement with demo: 7.7%
Current angular diffs: 89'

Selected number of demos: 25

-- Positive Demos --
 (546,3),  (520,5),  (494,5),  (468,3),  (442,5),  (444,5),  (389,0),  (333,4),  (245,2),  (211,2),  (209,2),  (206,6),  (260,2),  (286,6),  (310,2),  (309,4),  (252,0),  (168,5),  (59,3),  (35,3),  (39,3),  (70,7),  (100,3),  (102,7),  (133,3), 


[Timing] Time passed: 237.637148 s

Posterior Probability: -104.340813
Agreement with demo: 7.7%
Current angular diffs: 91'

Selected number of demos: 26

-- Positive Demos --
 (546,3),  (467,3),  (469,5),  (444,5),  (389,0),  (333,4),  (304,4),  (245,2),  (211,2),  (208,2),  (260,2),  (313,2),  (309,2),  (309,4),  (224,0),  (195,0),  (113,5),  (86,5),  (60,3),  (36,3),  (39,3),  (101,3),  (102,7),  (132,3),  (107,3),  (81,5), 


[Timing] Time passed: 236.319823 s

Posterior Probability: -197.9763711
Agreement with demo: 10%
Current angular diffs: 95'

Selected number of demos: 65

-- Positive Demos --
 (572,3),  (544,5),  (545,3),  (546,3),  (520,5),  (521,5),  (494,5),  (467,3),  (468,3),  (469,5),  (442,5),  (442,3),  (444,5),  (415,5),  (389,0),  (360,0),  (333,4),  (304,4),  (275,4),  (246,4),  (245,2),  (215,2),  (214,2),  (212,2),  (211,2),  (209,2),  (208,2),  (207,2),  (206,6),  (233,6),  (260,2),  (259,6),  (286,6),  (313,2),  (312,2),  (310,2),  (309,2),  (309,4),  (280,0),  (252,0),  (224,0),  (195,0),  (168,5),  (113,5),  (86,5),  (59,3),  (60,3),  (32,3),  (34,3),  (35,3),  (36,3),  (38,3),  (39,3),  (70,7),  (71,3),  (100,3),  (101,3),  (102,7),  (131,3),  (132,3),  (133,3),  (107,3),  (108,5),  (81,5), 


[Timing] Time passed: 180.897943 s

Posterior Probability: -509.852457
Agreement with demo: 7.7%
Current angular diffs: 98'

Selected number of demos: 27

-- Positive Demos --
 (545,3),  (521,5),  (494,5),  (468,3),  (442,3),  (415,5),  (360,0),  (275,4),  (246,4),  (214,2),  (209,2),  (207,2),  (259,6),  (313,2),  (312,2),  (310,2),  (309,4),  (195,0),  (59,3),  (32,3),  (34,3),  (35,3),  (36,3),  (70,7),  (100,3),  (131,3),  (107,3), 


[Timing] Time passed: 187.24306 s

Posterior Probability: -235.4643094
Agreement with demo: 7.7%
Current angular diffs: 92'

Selected number of demos: 27

-- Positive Demos --
 (545,3),  (494,5),  (467,3),  (468,3),  (469,5),  (415,5),  (360,0),  (333,4),  (275,4),  (215,2),  (211,2),  (206,6),  (260,2),  (312,2),  (310,2),  (309,4),  (195,0),  (168,5),  (113,5),  (60,3),  (32,3),  (38,3),  (70,7),  (102,7),  (131,3),  (107,3),  (81,5), 


[Timing] Time passed: 209.954957 s

Posterior Probability: -279.080472
Agreement with demo: 12%
Current angular diffs: 91'

Selected number of demos: 23

-- Positive Demos --
 (544,5),  (545,3),  (520,5),  (468,3),  (415,5),  (360,0),  (333,4),  (215,2),  (208,2),  (259,6),  (313,2),  (310,2),  (309,4),  (252,0),  (113,5),  (86,5),  (34,3),  (35,3),  (36,3),  (71,3),  (100,3),  (131,3),  (107,3), 


[Timing] Time passed: 206.316743 s

Posterior Probability: -97.75218979
Agreement with demo: 5.1%
Current angular diffs: 91'

Selected number of demos: 46

-- Positive Demos --
 (544,5),  (545,3),  (546,3),  (520,5),  (494,5),  (467,3),  (469,5),  (442,3),  (444,5),  (415,5),  (360,0),  (333,4),  (304,4),  (275,4),  (246,4),  (245,2),  (215,2),  (212,2),  (211,2),  (209,2),  (207,2),  (233,6),  (260,2),  (286,6),  (313,2),  (312,2),  (310,2),  (309,2),  (309,4),  (280,0),  (224,0),  (168,5),  (113,5),  (59,3),  (32,3),  (35,3),  (36,3),  (38,3),  (70,7),  (71,3),  (100,3),  (101,3),  (131,3),  (132,3),  (107,3),  (81,5), 


[Timing] Time passed: 213.001238 s

Posterior Probability: -477.1680499
Agreement with demo: 10%
Current angular diffs: 88'

Selected number of demos: 19

-- Positive Demos --
 (544,5),  (545,3),  (467,3),  (442,5),  (389,0),  (304,4),  (215,2),  (208,2),  (233,6),  (286,6),  (312,2),  (309,2),  (195,0),  (59,3),  (34,3),  (35,3),  (71,3),  (131,3),  (132,3), 


[Timing] Time passed: 208.714672 s

Posterior Probability: -304.2235033
Agreement with demo: 9%
Current angular diffs: 93'

Selected number of demos: 65

-- Positive Demos --
 (572,3),  (544,5),  (545,3),  (546,3),  (520,5),  (521,5),  (494,5),  (467,3),  (468,3),  (469,5),  (442,5),  (442,3),  (444,5),  (415,5),  (389,0),  (360,0),  (333,4),  (304,4),  (275,4),  (246,4),  (245,2),  (215,2),  (214,2),  (212,2),  (211,2),  (209,2),  (208,2),  (207,2),  (206,6),  (233,6),  (260,2),  (259,6),  (286,6),  (313,2),  (312,2),  (310,2),  (309,2),  (309,4),  (280,0),  (252,0),  (224,0),  (195,0),  (168,5),  (113,5),  (86,5),  (59,3),  (60,3),  (32,3),  (34,3),  (35,3),  (36,3),  (38,3),  (39,3),  (70,7),  (71,3),  (100,3),  (101,3),  (102,7),  (131,3),  (132,3),  (133,3),  (107,3),  (108,5),  (81,5), 


[Timing] Time passed: 196.384326 s

Posterior Probability: -686.5439182
Agreement with demo: 9%
Current angular diffs: 92'

Selected number of demos: 20

-- Positive Demos --
 (520,5),  (467,3),  (469,5),  (415,5),  (333,4),  (304,4),  (245,2),  (212,2),  (211,2),  (233,6),  (286,6),  (309,4),  (224,0),  (59,3),  (60,3),  (35,3),  (71,3),  (102,7),  (133,3),  (81,5), 


[Timing] Time passed: 174.528836 s

Posterior Probability: -110.4361467
Agreement with demo: 9%
Current angular diffs: 85'

Selected number of demos: 25

-- Positive Demos --
 (572,3),  (544,5),  (521,5),  (468,3),  (469,5),  (442,3),  (389,0),  (304,4),  (275,4),  (215,2),  (209,2),  (207,2),  (206,6),  (260,2),  (286,6),  (312,2),  (280,0),  (195,0),  (113,5),  (59,3),  (34,3),  (39,3),  (101,3),  (132,3),  (108,5), 


[Timing] Time passed: 177.795258 s

Posterior Probability: -261.1260597
Agreement with demo: 10%
Current angular diffs: 91'

Selected number of demos: 27

-- Positive Demos --
 (544,5),  (521,5),  (494,5),  (468,3),  (442,5),  (444,5),  (333,4),  (304,4),  (246,4),  (212,2),  (207,2),  (206,6),  (260,2),  (286,6),  (312,2),  (309,4),  (195,0),  (168,5),  (86,5),  (32,3),  (34,3),  (36,3),  (38,3),  (71,3),  (100,3),  (101,3),  (133,3), 


[Timing] Time passed: 172.328393 s

Posterior Probability: -63.90857792
Agreement with demo: 12%
Current angular diffs: 88'

Selected number of demos: 24

-- Positive Demos --
 (545,3),  (467,3),  (444,5),  (389,0),  (304,4),  (275,4),  (246,4),  (215,2),  (211,2),  (207,2),  (206,6),  (286,6),  (312,2),  (309,4),  (252,0),  (195,0),  (113,5),  (86,5),  (35,3),  (36,3),  (70,7),  (100,3),  (102,7),  (133,3), 


[Timing] Time passed: 154.036687 s

Posterior Probability: -164.6321691
Agreement with demo: 9%
Current angular diffs: 94'

-----------------------------
Avg angular diffs: 78'
-- learned weights --
Feature Weights: -0.6955, -0.013, -0.0965, -0.1, 
