processing file :../birl_data/47_42_4_objects.txt

Initializing gridworld of size 32 by 24..
    Num states: 768
    Num actions: 8

Total number of demos: 88

Total number of good demos: 57

Selected number of demos: 57

-- Positive Demos --
 (688,3), 


 - [Timing] Time passed: 174.629608 s
- Current feature weights:-0.0004385964912, 0.0005964912281, -0.002263157895, -0.0001
 - Posterior Probability: -2.07944
 - Agreement with demo: 0%
 - Current angular diffs: 90'

-- Positive Demos --
 (694,3),  (695,3),  (700,7),  (716,7),  (736,3),  (747,3),  (740,5), 


 - [Timing] Time passed: 175.921657 s
- Current feature weights:0.01122807018, -0.001, -0.02510526316, -0.0001
 - Posterior Probability: -14.5561
 - Agreement with demo: 0%
 - Current angular diffs: 96.4286'

-- Positive Demos --
 (719,5),  (701,3),  (663,5), 


 - [Timing] Time passed: 165.11084 s
- Current feature weights:0.01528070175, -0.003736842105, -0.03094736842, -0.0001
 - Posterior Probability: -6.23832
 - Agreement with demo: 0%
 - Current angular diffs: 165'

-- Positive Demos --
 (632,5),  (605,5),  (580,5), 


 - [Timing] Time passed: 171.636723 s
- Current feature weights:0.02064912281, -0.01115789474, -0.039, -0.0001
 - Posterior Probability: -6.23832
 - Agreement with demo: 0%
 - Current angular diffs: 90'

-- Positive Demos --
 (548,0),  (515,0),  (486,0),  (464,4),  (442,4), 


 - [Timing] Time passed: 176.48539 s
- Current feature weights:0.02328070175, -0.03089473684, -0.06224561404, -0.0001
 - Posterior Probability: -10.3972
 - Agreement with demo: 0%
 - Current angular diffs: 108'

-- Positive Demos --
 (416,4),  (381,4), 


 - [Timing] Time passed: 132.563976 s
- Current feature weights:0.02433333333, -0.03878947368, -0.07154385965, -0.0001
 - Posterior Probability: -2.25197
 - Agreement with demo: 0%
 - Current angular diffs: 90'

-- Positive Demos --
 (353,2),  (338,2),  (321,4),  (295,2),  (308,2),  (311,2),  (298,2),  (317,6),  (332,2), 


 - [Timing] Time passed: 174.343697 s
- Current feature weights:0.01975438596, -0.09405263158, -0.1228596491, -0.0001
 - Posterior Probability: -18.715
 - Agreement with demo: 22.2222%
 - Current angular diffs: 55'

-- Positive Demos --
 (341,2), 


 - [Timing] Time passed: 167.315822 s
- Current feature weights:0.01814035088, -0.09961403509, -0.1288421053, -0.0001
 - Posterior Probability: -2.07944
 - Agreement with demo: 0%
 - Current angular diffs: 135'

-- Positive Demos --
 (340,2),  (333,4),  (318,0),  (263,0),  (226,5),  (200,5),  (130,5),  (113,3),  (104,3), 


 - [Timing] Time passed: 165.981916 s
- Current feature weights:-0.01249122807, -0.1330877193, -0.1935789474, -0.0001
 - Posterior Probability: -18.715
 - Agreement with demo: 0%
 - Current angular diffs: 100'

-- Positive Demos --
 (92,3),  (83,3),  (93,7),  (112,7), 


 - [Timing] Time passed: 159.938917 s
- Current feature weights:-0.02996491228, -0.1396140351, -0.2335789474, -0.0001
 - Posterior Probability: -8.31777
 - Agreement with demo: 0%
 - Current angular diffs: 78.75'

-- Positive Demos --
 (129,7),  (144,7), 


 - [Timing] Time passed: 134.264598 s
- Current feature weights:-0.03705263158, -0.1399649123, -0.2481754386, -0.0001
 - Posterior Probability: -4.15888
 - Agreement with demo: 0%
 - Current angular diffs: 135'

-- Positive Demos --
 (167,7),  (185,3),  (164,5), 


 - [Timing] Time passed: 106.465013 s
- Current feature weights:-0.04973684211, -0.1391754386, -0.2673333333, -0.0001
 - Posterior Probability: -6.23832
 - Agreement with demo: 0%
 - Current angular diffs: 105'

-- Positive Demos --
 (147,3),  (137,3),  (136,3),  (140,7), 


 - [Timing] Time passed: 115.643991 s
- Current feature weights:-0.06777192982, -0.1482982456, -0.2943508772, -0.0001
 - Posterior Probability: -8.31777
 - Agreement with demo: 0%
 - Current angular diffs: 135'

-----------------------------
Avg angular diffs: 91.5789'
Total agreement with demo: 3.50877%
-- learned weights --
Final feature weights:-0.0677719, -0.148298, -0.294351, -0.0001
