loading features...

Initializing gridworld of size 28 by 22..
    Num states: 616
    Num actions: 8

-- Positive Demos --
 (506,7),  (506,3),  (506,5),  (507,5),  (480,3),  (481,3),  (482,7),  (511,3),  (539,3),  (541,3),  (543,3),  (544,3),  (546,3),  (521,3),  (523,3),  (524,3),  (526,3),  (527,3),  (528,5),  (501,0),  (473,0),  (444,4),  (414,2),  (413,2),  (412,2),  (411,2),  (410,6),  (438,2),  (437,2),  (435,2),  (434,2),  (433,2),  (403,4),  (402,4),  (374,4),  (344,4),  (316,0),  (317,0),  (289,0),  (260,0),  (232,0),  (204,4),  (176,2),  (175,2),  (174,4),  (145,5),  (146,3),  (147,5),  (120,0),  (93,5),  (65,3),  (66,7),  (94,7),  (123,7),  (152,7),  (181,7),  (208,3),  (209,3),  (210,7),  (211,3),  (241,0),  (212,0),  (184,0),  (157,5),  (129,5),  (102,5),  (103,5),  (76,3),  (77,3),  (79,3),  (80,3),  (52,3),  (82,7),  (82,0),  (82,4),  (82,2),  (81,2),  (80,5),  (81,0),  (80,2), 


[Timing] Time passed: 141.488867 s

Posterior Probability: -200.432544
Agreement with demo: 14%
Avg angular diffs: 87'

-- Positive Demos --
 (506,7),  (506,3),  (506,5),  (507,5),  (480,3),  (481,3),  (482,7),  (511,3),  (539,3),  (541,3),  (543,3),  (544,3),  (546,3),  (521,3),  (523,3),  (524,3),  (526,3),  (527,3),  (528,5),  (501,0),  (473,0),  (444,4),  (414,2),  (413,2),  (412,2),  (411,2),  (410,6),  (438,2),  (437,2),  (435,2),  (434,2),  (433,2),  (403,4),  (402,4),  (374,4),  (344,4),  (316,0),  (317,0),  (289,0),  (260,0),  (232,0),  (204,4),  (176,2),  (175,2),  (174,4),  (145,5),  (146,3),  (147,5),  (120,0),  (93,5),  (65,3),  (66,7),  (94,7),  (123,7),  (152,7),  (181,7),  (208,3),  (209,3),  (210,7),  (211,3),  (241,0),  (212,0),  (184,0),  (157,5),  (129,5),  (102,5),  (103,5),  (76,3),  (77,3),  (79,3),  (80,3),  (52,3),  (82,7),  (82,0),  (82,4),  (82,2),  (81,2),  (80,5),  (81,0),  (80,2), 


[Timing] Time passed: 136.318854 s

Posterior Probability: -281.6163601
Agreement with demo: 16%
Avg angular diffs: 92'

-- Positive Demos --
 (506,7),  (506,3),  (506,5),  (507,5),  (480,3),  (481,3),  (482,7),  (511,3),  (539,3),  (541,3),  (543,3),  (544,3),  (546,3),  (521,3),  (523,3),  (524,3),  (526,3),  (527,3),  (528,5),  (501,0),  (473,0),  (444,4),  (414,2),  (413,2),  (412,2),  (411,2),  (410,6),  (438,2),  (437,2),  (435,2),  (434,2),  (433,2),  (403,4),  (402,4),  (374,4),  (344,4),  (316,0),  (317,0),  (289,0),  (260,0),  (232,0),  (204,4),  (176,2),  (175,2),  (174,4),  (145,5),  (146,3),  (147,5),  (120,0),  (93,5),  (65,3),  (66,7),  (94,7),  (123,7),  (152,7),  (181,7),  (208,3),  (209,3),  (210,7),  (211,3),  (241,0),  (212,0),  (184,0),  (157,5),  (129,5),  (102,5),  (103,5),  (76,3),  (77,3),  (79,3),  (80,3),  (52,3),  (82,7),  (82,0),  (82,4),  (82,2),  (81,2),  (80,5),  (81,0),  (80,2), 


[Timing] Time passed: 136.374109 s

Posterior Probability: -199.081742
Agreement with demo: 12%
Avg angular diffs: 85'

-- Positive Demos --
 (506,7),  (506,3),  (506,5),  (507,5),  (480,3),  (481,3),  (482,7),  (511,3),  (539,3),  (541,3),  (543,3),  (544,3),  (546,3),  (521,3),  (523,3),  (524,3),  (526,3),  (527,3),  (528,5),  (501,0),  (473,0),  (444,4),  (414,2),  (413,2),  (412,2),  (411,2),  (410,6),  (438,2),  (437,2),  (435,2),  (434,2),  (433,2),  (403,4),  (402,4),  (374,4),  (344,4),  (316,0),  (317,0),  (289,0),  (260,0),  (232,0),  (204,4),  (176,2),  (175,2),  (174,4),  (145,5),  (146,3),  (147,5),  (120,0),  (93,5),  (65,3),  (66,7),  (94,7),  (123,7),  (152,7),  (181,7),  (208,3),  (209,3),  (210,7),  (211,3),  (241,0),  (212,0),  (184,0),  (157,5),  (129,5),  (102,5),  (103,5),  (76,3),  (77,3),  (79,3),  (80,3),  (52,3),  (82,7),  (82,0),  (82,4),  (82,2),  (81,2),  (80,5),  (81,0),  (80,2), 


[Timing] Time passed: 132.495403 s

Posterior Probability: -176.4120167
Agreement with demo: 16%
Avg angular diffs: 76'

-- Positive Demos --
 (506,7),  (506,3),  (506,5),  (507,5),  (480,3),  (481,3),  (482,7),  (511,3),  (539,3),  (541,3),  (543,3),  (544,3),  (546,3),  (521,3),  (523,3),  (524,3),  (526,3),  (527,3),  (528,5),  (501,0),  (473,0),  (444,4),  (414,2),  (413,2),  (412,2),  (411,2),  (410,6),  (438,2),  (437,2),  (435,2),  (434,2),  (433,2),  (403,4),  (402,4),  (374,4),  (344,4),  (316,0),  (317,0),  (289,0),  (260,0),  (232,0),  (204,4),  (176,2),  (175,2),  (174,4),  (145,5),  (146,3),  (147,5),  (120,0),  (93,5),  (65,3),  (66,7),  (94,7),  (123,7),  (152,7),  (181,7),  (208,3),  (209,3),  (210,7),  (211,3),  (241,0),  (212,0),  (184,0),  (157,5),  (129,5),  (102,5),  (103,5),  (76,3),  (77,3),  (79,3),  (80,3),  (52,3),  (82,7),  (82,0),  (82,4),  (82,2),  (81,2),  (80,5),  (81,0),  (80,2), 


[Timing] Time passed: 132.198155 s

Posterior Probability: -241.0525236
Agreement with demo: 13%
Avg angular diffs: 87'
-- learned weights --
