loading features...

Initializing gridworld of size 28 by 22..
    Num states: 616
    Num actions: 8

Total number of demos: 53

Selected number of demos: 24

-- Positive Demos --
 (544,3),  (547,3),  (548,3),  (549,7),  (581,3),  (555,5),  (528,0),  (445,0),  (359,4),  (329,4),  (242,4),  (240,2),  (207,2),  (203,2),  (172,4),  (114,0),  (87,5),  (33,3),  (15,3),  (20,3),  (23,3),  (25,3),  (52,3),  (82,3), 


[Timing] Time passed: 313.627339 s

Posterior Probability: -365.3821899
Agreement with demo: 15%
Current angular diffs: 79'

Selected number of demos: 15

-- Positive Demos --
 (545,3),  (580,3),  (554,3),  (501,0),  (359,4),  (271,4),  (207,2),  (203,2),  (142,4),  (86,5),  (87,5),  (60,5),  (15,3),  (23,3),  (82,3), 


[Timing] Time passed: 316.267126 s

Posterior Probability: -67.14001694
Agreement with demo: 13%
Current angular diffs: 85'

Selected number of demos: 53

-- Positive Demos --
 (543,3),  (544,3),  (545,3),  (547,3),  (548,3),  (549,7),  (580,3),  (581,3),  (553,3),  (554,3),  (555,5),  (528,0),  (501,0),  (473,0),  (445,0),  (416,4),  (388,4),  (359,4),  (330,2),  (329,4),  (300,4),  (271,4),  (242,4),  (240,2),  (210,2),  (209,2),  (207,2),  (206,2),  (204,2),  (203,2),  (201,2),  (200,4),  (172,4),  (142,4),  (114,0),  (86,5),  (87,5),  (60,5),  (33,3),  (34,5),  (7,5),  (15,3),  (17,3),  (18,3),  (20,3),  (22,3),  (23,3),  (25,3),  (52,3),  (82,3),  (82,7), 


[Timing] Time passed: 313.965211 s

Posterior Probability: -235.2330308
Agreement with demo: 4.8%
Current angular diffs: 86'

Selected number of demos: 26

-- Positive Demos --
 (544,3),  (549,7),  (580,3),  (554,3),  (555,5),  (528,0),  (445,0),  (388,4),  (359,4),  (329,4),  (271,4),  (210,2),  (206,2),  (200,4),  (142,4),  (60,5),  (33,3),  (7,5),  (15,3),  (18,3),  (20,3),  (22,3),  (23,3),  (52,3),  (82,7), 


[Timing] Time passed: 280.066069 s

Posterior Probability: -353.8481114
Agreement with demo: 4.8%
Current angular diffs: 99'

Selected number of demos: 27

-- Positive Demos --
 (543,3),  (544,3),  (548,3),  (580,3),  (581,3),  (555,5),  (528,0),  (445,0),  (359,4),  (330,2),  (271,4),  (240,2),  (207,2),  (203,2),  (172,4),  (142,4),  (87,5),  (60,5),  (33,3),  (34,5),  (7,5),  (15,3),  (20,3),  (25,3),  (52,3),  (82,7), 


[Timing] Time passed: 277.229531 s

Posterior Probability: -383.7534363
Agreement with demo: 3.2%
Current angular diffs: 97'

Selected number of demos: 53

-- Positive Demos --
 (543,3),  (544,3),  (545,3),  (547,3),  (548,3),  (549,7),  (580,3),  (581,3),  (553,3),  (554,3),  (555,5),  (528,0),  (501,0),  (473,0),  (445,0),  (416,4),  (388,4),  (359,4),  (330,2),  (329,4),  (300,4),  (271,4),  (242,4),  (240,2),  (210,2),  (209,2),  (207,2),  (206,2),  (204,2),  (203,2),  (201,2),  (200,4),  (172,4),  (142,4),  (114,0),  (86,5),  (87,5),  (60,5),  (33,3),  (34,5),  (7,5),  (15,3),  (17,3),  (18,3),  (20,3),  (22,3),  (23,3),  (25,3),  (52,3),  (82,3),  (82,7), 


[Timing] Time passed: 278.120914 s

Posterior Probability: -298.6014159
Agreement with demo: 6.5%
Current angular diffs: 92'

Selected number of demos: 18

-- Positive Demos --
 (545,3),  (581,3),  (553,3),  (528,0),  (416,4),  (300,4),  (240,2),  (207,2),  (206,2),  (201,2),  (200,4),  (114,0),  (60,5),  (7,5),  (15,3),  (20,3),  (23,3),  (82,3), 


[Timing] Time passed: 274.124387 s

Posterior Probability: -237.7186834
Agreement with demo: 6.5%
Current angular diffs: 91'

Selected number of demos: 14

-- Positive Demos --
 (548,3),  (553,3),  (528,0),  (416,4),  (330,2),  (329,4),  (209,2),  (203,2),  (172,4),  (114,0),  (60,5),  (34,5),  (20,3),  (82,3), 


[Timing] Time passed: 274.687209 s

Posterior Probability: -39.40304552
Agreement with demo: 13%
Current angular diffs: 88'

-----------------------------
Avg angular diffs: 79'
-- learned weights --
Feature Weights: -0.34525, -0.91575, 0.8105, -0.1, 
