loading features...

Initializing gridworld of size 32 by 24..
    Num states: 768
    Num actions: 8

Total number of demos: 81

Selected number of demos: 81

-- Positive Demos --
 (726,3),  (720,3),  (717,3),  (718,3),  (714,3),  (724,7),  (746,3),  (758,3),  (752,3),  (742,3),  (733,5),  (712,0),  (681,0),  (651,0),  (608,0),  (565,0),  (530,0),  (499,0),  (465,0),  (437,4),  (411,4),  (382,4),  (349,4),  (331,2),  (321,2),  (307,4),  (288,2),  (281,2),  (287,2),  (290,2),  (293,2),  (307,6),  (330,6),  (350,6),  (372,6),  (401,6),  (429,2),  (445,2),  (454,2),  (457,4),  (447,4),  (425,4),  (394,0),  (352,0),  (306,0),  (266,0),  (221,0),  (174,5),  (142,5),  (120,3),  (103,3),  (102,3),  (109,3),  (106,3),  (101,3),  (112,7),  (132,3),  (149,3),  (163,7),  (187,7),  (218,3),  (228,3),  (230,3),  (232,3),  (222,5),  (191,5),  (169,5),  (156,3),  (150,5),  (145,5),  (143,6),  (146,6),  (153,6),  (161,6),  (165,6),  (167,2),  (170,2),  (173,6),  (182,1),  (199,1), 


[Timing] Time passed: 420.805408 s

Posterior Probability: -633.4585204
Agreement with demo: 9.9%
Current angular diffs: 89'

Selected number of demos: 81

-- Positive Demos --
 (726,3),  (720,3),  (717,3),  (718,3),  (714,3),  (724,7),  (746,3),  (758,3),  (752,3),  (742,3),  (733,5),  (712,0),  (681,0),  (651,0),  (608,0),  (565,0),  (530,0),  (499,0),  (465,0),  (437,4),  (411,4),  (382,4),  (349,4),  (331,2),  (321,2),  (307,4),  (288,2),  (281,2),  (287,2),  (290,2),  (293,2),  (307,6),  (330,6),  (350,6),  (372,6),  (401,6),  (429,2),  (445,2),  (454,2),  (457,4),  (447,4),  (425,4),  (394,0),  (352,0),  (306,0),  (266,0),  (221,0),  (174,5),  (142,5),  (120,3),  (103,3),  (102,3),  (109,3),  (106,3),  (101,3),  (112,7),  (132,3),  (149,3),  (163,7),  (187,7),  (218,3),  (228,3),  (230,3),  (232,3),  (222,5),  (191,5),  (169,5),  (156,3),  (150,5),  (145,5),  (143,6),  (146,6),  (153,6),  (161,6),  (165,6),  (167,2),  (170,2),  (173,6),  (182,1),  (199,1), 


[Timing] Time passed: 447.406582 s

Posterior Probability: -277.6104845
Agreement with demo: 19%
Current angular diffs: 83'

Selected number of demos: 38

-- Positive Demos --
 (717,3),  (720,3),  (718,3),  (714,3),  (724,7),  (746,3),  (752,3),  (712,0),  (608,0),  (499,0),  (411,4),  (349,4),  (307,4),  (288,2),  (287,2),  (290,2),  (307,6),  (372,6),  (429,2),  (454,2),  (457,4),  (447,4),  (425,4),  (352,0),  (306,0),  (174,5),  (103,3),  (106,3),  (112,7),  (163,7),  (228,3),  (222,5),  (156,3),  (143,6),  (161,6),  (167,2),  (173,6),  (199,1), 


[Timing] Time passed: 443.830676 s

Posterior Probability: -80.79842549
Agreement with demo: 14%
Current angular diffs: 83'

Selected number of demos: 52

-- Positive Demos --
 (720,3),  (717,3),  (718,3),  (714,3),  (746,3),  (752,3),  (742,3),  (733,5),  (712,0),  (681,0),  (608,0),  (565,0),  (499,0),  (465,0),  (437,4),  (411,4),  (349,4),  (331,2),  (321,2),  (288,2),  (287,2),  (290,2),  (293,2),  (307,6),  (330,6),  (372,6),  (401,6),  (429,2),  (445,2),  (454,2),  (457,4),  (425,4),  (352,0),  (266,0),  (174,5),  (142,5),  (103,3),  (109,3),  (106,3),  (112,7),  (149,3),  (187,7),  (228,3),  (232,3),  (191,5),  (156,3),  (145,5),  (143,6),  (153,6),  (165,6),  (170,2),  (182,1), 


[Timing] Time passed: 460.152793 s

Posterior Probability: -165.7353464
Agreement with demo: 20%
Current angular diffs: 76'

Selected number of demos: 53

-- Positive Demos --
 (720,3),  (717,3),  (714,3),  (746,3),  (758,3),  (752,3),  (742,3),  (733,5),  (681,0),  (651,0),  (565,0),  (499,0),  (465,0),  (411,4),  (382,4),  (349,4),  (321,2),  (288,2),  (281,2),  (287,2),  (293,2),  (330,6),  (372,6),  (429,2),  (454,2),  (457,4),  (447,4),  (394,0),  (352,0),  (266,0),  (221,0),  (142,5),  (103,3),  (102,3),  (109,3),  (101,3),  (112,7),  (132,3),  (163,7),  (218,3),  (228,3),  (232,3),  (222,5),  (169,5),  (156,3),  (150,5),  (143,6),  (153,6),  (165,6),  (167,2),  (173,6),  (182,1), 


[Timing] Time passed: 447.049607 s

Posterior Probability: -160.2804851
Agreement with demo: 21%
Current angular diffs: 81'

Selected number of demos: 81

-- Positive Demos --
 (726,3),  (720,3),  (717,3),  (718,3),  (714,3),  (724,7),  (746,3),  (758,3),  (752,3),  (742,3),  (733,5),  (712,0),  (681,0),  (651,0),  (608,0),  (565,0),  (530,0),  (499,0),  (465,0),  (437,4),  (411,4),  (382,4),  (349,4),  (331,2),  (321,2),  (307,4),  (288,2),  (281,2),  (287,2),  (290,2),  (293,2),  (307,6),  (330,6),  (350,6),  (372,6),  (401,6),  (429,2),  (445,2),  (454,2),  (457,4),  (447,4),  (425,4),  (394,0),  (352,0),  (306,0),  (266,0),  (221,0),  (174,5),  (142,5),  (120,3),  (103,3),  (102,3),  (109,3),  (106,3),  (101,3),  (112,7),  (132,3),  (149,3),  (163,7),  (187,7),  (218,3),  (228,3),  (230,3),  (232,3),  (222,5),  (191,5),  (169,5),  (156,3),  (150,5),  (145,5),  (143,6),  (146,6),  (153,6),  (161,6),  (165,6),  (167,2),  (170,2),  (173,6),  (182,1),  (199,1), 


[Timing] Time passed: 407.324192 s

Posterior Probability: -195.1439296
Agreement with demo: 11%
Current angular diffs: 86'

Selected number of demos: 50

-- Positive Demos --
 (726,3),  (717,3),  (718,3),  (724,7),  (758,3),  (742,3),  (712,0),  (681,0),  (608,0),  (530,0),  (465,0),  (411,4),  (382,4),  (331,2),  (307,4),  (288,2),  (281,2),  (290,2),  (293,2),  (307,6),  (330,6),  (350,6),  (401,6),  (429,2),  (454,2),  (447,4),  (394,0),  (306,0),  (221,0),  (142,5),  (103,3),  (109,3),  (106,3),  (101,3),  (132,3),  (163,7),  (218,3),  (228,3),  (230,3),  (232,3),  (191,5),  (156,3),  (145,5),  (146,6),  (153,6),  (165,6),  (167,2),  (170,2),  (173,6),  (182,1), 


[Timing] Time passed: 450.838834 s

Posterior Probability: -275.8332423
Agreement with demo: 12%
Current angular diffs: 89'

Selected number of demos: 43

-- Positive Demos --
 (720,3),  (714,3),  (746,3),  (758,3),  (752,3),  (712,0),  (608,0),  (499,0),  (437,4),  (382,4),  (331,2),  (307,4),  (281,2),  (287,2),  (293,2),  (330,6),  (350,6),  (429,2),  (445,2),  (454,2),  (457,4),  (425,4),  (352,0),  (266,0),  (221,0),  (174,5),  (142,5),  (102,3),  (106,3),  (101,3),  (132,3),  (163,7),  (218,3),  (232,3),  (191,5),  (169,5),  (145,5),  (143,6),  (161,6),  (165,6),  (173,6),  (199,1), 


[Timing] Time passed: 427.69359 s

Posterior Probability: -144.8276297
Agreement with demo: 16%
Current angular diffs: 80'

Selected number of demos: 55

-- Positive Demos --
 (720,3),  (718,3),  (724,7),  (746,3),  (752,3),  (733,5),  (681,0),  (651,0),  (565,0),  (530,0),  (499,0),  (465,0),  (411,4),  (349,4),  (331,2),  (321,2),  (288,2),  (281,2),  (287,2),  (290,2),  (293,2),  (330,6),  (350,6),  (372,6),  (429,2),  (454,2),  (447,4),  (394,0),  (352,0),  (306,0),  (266,0),  (174,5),  (142,5),  (103,3),  (109,3),  (101,3),  (132,3),  (149,3),  (187,7),  (218,3),  (228,3),  (230,3),  (232,3),  (222,5),  (169,5),  (150,5),  (145,5),  (143,6),  (153,6),  (161,6),  (165,6),  (170,2),  (182,1),  (199,1), 


[Timing] Time passed: 464.257918 s

Posterior Probability: -266.3585505
Agreement with demo: 14%
Current angular diffs: 83'

Selected number of demos: 52

-- Positive Demos --
 (720,3),  (717,3),  (718,3),  (714,3),  (724,7),  (758,3),  (752,3),  (742,3),  (712,0),  (651,0),  (565,0),  (499,0),  (437,4),  (411,4),  (349,4),  (331,2),  (307,4),  (281,2),  (290,2),  (307,6),  (330,6),  (350,6),  (401,6),  (445,2),  (457,4),  (447,4),  (425,4),  (352,0),  (306,0),  (266,0),  (174,5),  (142,5),  (120,3),  (102,3),  (109,3),  (101,3),  (112,7),  (132,3),  (163,7),  (218,3),  (228,3),  (230,3),  (232,3),  (191,5),  (169,5),  (156,3),  (145,5),  (146,6),  (161,6),  (167,2),  (170,2),  (182,1), 


[Timing] Time passed: 441.513851 s

Posterior Probability: -150.3673457
Agreement with demo: 12%
Current angular diffs: 93'

Selected number of demos: 52

-- Positive Demos --
 (726,3),  (717,3),  (718,3),  (714,3),  (724,7),  (758,3),  (742,3),  (733,5),  (681,0),  (608,0),  (530,0),  (499,0),  (437,4),  (382,4),  (349,4),  (321,2),  (288,2),  (281,2),  (287,2),  (290,2),  (307,6),  (350,6),  (372,6),  (401,6),  (429,2),  (454,2),  (457,4),  (425,4),  (352,0),  (266,0),  (174,5),  (120,3),  (103,3),  (102,3),  (106,3),  (112,7),  (132,3),  (149,3),  (187,7),  (228,3),  (232,3),  (191,5),  (156,3),  (150,5),  (145,5),  (146,6),  (153,6),  (165,6),  (167,2),  (170,2),  (173,6),  (199,1), 


[Timing] Time passed: 470.748701 s

Posterior Probability: -284.6573944
Agreement with demo: 14%
Current angular diffs: 83'

Selected number of demos: 54

-- Positive Demos --
 (726,3),  (717,3),  (720,3),  (718,3),  (724,7),  (746,3),  (758,3),  (742,3),  (712,0),  (681,0),  (651,0),  (565,0),  (499,0),  (437,4),  (382,4),  (331,2),  (321,2),  (288,2),  (287,2),  (290,2),  (307,6),  (350,6),  (401,6),  (429,2),  (454,2),  (457,4),  (425,4),  (394,0),  (306,0),  (221,0),  (142,5),  (120,3),  (103,3),  (109,3),  (106,3),  (112,7),  (132,3),  (149,3),  (163,7),  (218,3),  (228,3),  (232,3),  (191,5),  (156,3),  (150,5),  (145,5),  (143,6),  (146,6),  (161,6),  (165,6),  (167,2),  (170,2),  (182,1),  (199,1), 


[Timing] Time passed: 474.51239 s

Posterior Probability: -239.6854601
Agreement with demo: 8.6%
Current angular diffs: 84'

Selected number of demos: 34

-- Positive Demos --
 (726,3),  (717,3),  (714,3),  (758,3),  (733,5),  (651,0),  (608,0),  (530,0),  (437,4),  (349,4),  (307,4),  (281,2),  (293,2),  (307,6),  (350,6),  (401,6),  (454,2),  (425,4),  (306,0),  (266,0),  (142,5),  (120,3),  (109,3),  (106,3),  (132,3),  (163,7),  (228,3),  (232,3),  (191,5),  (169,5),  (145,5),  (153,6),  (167,2),  (182,1), 


[Timing] Time passed: 451.660156 s

Posterior Probability: -90.06960285
Agreement with demo: 16%
Current angular diffs: 88'

Selected number of demos: 81

-- Positive Demos --
 (726,3),  (720,3),  (717,3),  (718,3),  (714,3),  (724,7),  (746,3),  (758,3),  (752,3),  (742,3),  (733,5),  (712,0),  (681,0),  (651,0),  (608,0),  (565,0),  (530,0),  (499,0),  (465,0),  (437,4),  (411,4),  (382,4),  (349,4),  (331,2),  (321,2),  (307,4),  (288,2),  (281,2),  (287,2),  (290,2),  (293,2),  (307,6),  (330,6),  (350,6),  (372,6),  (401,6),  (429,2),  (445,2),  (454,2),  (457,4),  (447,4),  (425,4),  (394,0),  (352,0),  (306,0),  (266,0),  (221,0),  (174,5),  (142,5),  (120,3),  (103,3),  (102,3),  (109,3),  (106,3),  (101,3),  (112,7),  (132,3),  (149,3),  (163,7),  (187,7),  (218,3),  (228,3),  (230,3),  (232,3),  (222,5),  (191,5),  (169,5),  (156,3),  (150,5),  (145,5),  (143,6),  (146,6),  (153,6),  (161,6),  (165,6),  (167,2),  (170,2),  (173,6),  (182,1),  (199,1), 


[Timing] Time passed: 391.576204 s

Posterior Probability: -201.3212964
Agreement with demo: 19%
Current angular diffs: 82'

Selected number of demos: 81

-- Positive Demos --
 (726,3),  (720,3),  (717,3),  (718,3),  (714,3),  (724,7),  (746,3),  (758,3),  (752,3),  (742,3),  (733,5),  (712,0),  (681,0),  (651,0),  (608,0),  (565,0),  (530,0),  (499,0),  (465,0),  (437,4),  (411,4),  (382,4),  (349,4),  (331,2),  (321,2),  (307,4),  (288,2),  (281,2),  (287,2),  (290,2),  (293,2),  (307,6),  (330,6),  (350,6),  (372,6),  (401,6),  (429,2),  (445,2),  (454,2),  (457,4),  (447,4),  (425,4),  (394,0),  (352,0),  (306,0),  (266,0),  (221,0),  (174,5),  (142,5),  (120,3),  (103,3),  (102,3),  (109,3),  (106,3),  (101,3),  (112,7),  (132,3),  (149,3),  (163,7),  (187,7),  (218,3),  (228,3),  (230,3),  (232,3),  (222,5),  (191,5),  (169,5),  (156,3),  (150,5),  (145,5),  (143,6),  (146,6),  (153,6),  (161,6),  (165,6),  (167,2),  (170,2),  (173,6),  (182,1),  (199,1), 


[Timing] Time passed: 393.012764 s

Posterior Probability: -236.1467353
Agreement with demo: 9.9%
Current angular diffs: 89'

Selected number of demos: 56

-- Positive Demos --
 (726,3),  (720,3),  (717,3),  (718,3),  (714,3),  (746,3),  (752,3),  (742,3),  (712,0),  (651,0),  (565,0),  (499,0),  (437,4),  (382,4),  (349,4),  (331,2),  (321,2),  (288,2),  (281,2),  (287,2),  (290,2),  (307,6),  (330,6),  (350,6),  (372,6),  (429,2),  (454,2),  (457,4),  (447,4),  (394,0),  (306,0),  (266,0),  (221,0),  (174,5),  (120,3),  (103,3),  (109,3),  (106,3),  (101,3),  (112,7),  (132,3),  (163,7),  (187,7),  (228,3),  (230,3),  (232,3),  (191,5),  (156,3),  (145,5),  (143,6),  (153,6),  (161,6),  (167,2),  (173,6),  (182,1),  (199,1), 


[Timing] Time passed: 383.350019 s

Posterior Probability: -267.1733834
Agreement with demo: 19%
Current angular diffs: 84'

Selected number of demos: 42

-- Positive Demos --
 (720,3),  (717,3),  (714,3),  (724,7),  (746,3),  (752,3),  (712,0),  (608,0),  (565,0),  (465,0),  (382,4),  (349,4),  (307,4),  (287,2),  (290,2),  (330,6),  (372,6),  (401,6),  (445,2),  (454,2),  (457,4),  (394,0),  (352,0),  (306,0),  (266,0),  (142,5),  (103,3),  (106,3),  (112,7),  (163,7),  (218,3),  (228,3),  (222,5),  (191,5),  (169,5),  (156,3),  (143,6),  (146,6),  (165,6),  (167,2),  (170,2),  (182,1), 


[Timing] Time passed: 385.358893 s

Posterior Probability: -285.7403041
Agreement with demo: 7.4%
Current angular diffs: 88'

Selected number of demos: 49

-- Positive Demos --
 (720,3),  (714,3),  (746,3),  (752,3),  (733,5),  (681,0),  (608,0),  (565,0),  (530,0),  (499,0),  (437,4),  (411,4),  (349,4),  (321,2),  (288,2),  (281,2),  (287,2),  (290,2),  (293,2),  (307,6),  (350,6),  (401,6),  (429,2),  (445,2),  (454,2),  (457,4),  (425,4),  (352,0),  (266,0),  (221,0),  (174,5),  (142,5),  (120,3),  (102,3),  (106,3),  (112,7),  (149,3),  (187,7),  (228,3),  (232,3),  (191,5),  (169,5),  (150,5),  (143,6),  (153,6),  (165,6),  (170,2),  (182,1), 


[Timing] Time passed: 377.620044 s

Posterior Probability: -177.1203464
Agreement with demo: 14%
Current angular diffs: 86'

Selected number of demos: 53

-- Positive Demos --
 (720,3),  (718,3),  (724,7),  (758,3),  (742,3),  (712,0),  (681,0),  (608,0),  (530,0),  (499,0),  (465,0),  (437,4),  (382,4),  (331,2),  (321,2),  (288,2),  (281,2),  (287,2),  (290,2),  (307,6),  (330,6),  (372,6),  (429,2),  (445,2),  (454,2),  (447,4),  (425,4),  (394,0),  (352,0),  (266,0),  (174,5),  (120,3),  (102,3),  (109,3),  (106,3),  (112,7),  (149,3),  (163,7),  (187,7),  (228,3),  (230,3),  (232,3),  (191,5),  (156,3),  (145,5),  (143,6),  (146,6),  (161,6),  (165,6),  (167,2),  (170,2),  (182,1), 


[Timing] Time passed: 376.212182 s

Posterior Probability: -156.1253689
Agreement with demo: 17%
Current angular diffs: 83'

Selected number of demos: 81

-- Positive Demos --
 (726,3),  (720,3),  (717,3),  (718,3),  (714,3),  (724,7),  (746,3),  (758,3),  (752,3),  (742,3),  (733,5),  (712,0),  (681,0),  (651,0),  (608,0),  (565,0),  (530,0),  (499,0),  (465,0),  (437,4),  (411,4),  (382,4),  (349,4),  (331,2),  (321,2),  (307,4),  (288,2),  (281,2),  (287,2),  (290,2),  (293,2),  (307,6),  (330,6),  (350,6),  (372,6),  (401,6),  (429,2),  (445,2),  (454,2),  (457,4),  (447,4),  (425,4),  (394,0),  (352,0),  (306,0),  (266,0),  (221,0),  (174,5),  (142,5),  (120,3),  (103,3),  (102,3),  (109,3),  (106,3),  (101,3),  (112,7),  (132,3),  (149,3),  (163,7),  (187,7),  (218,3),  (228,3),  (230,3),  (232,3),  (222,5),  (191,5),  (169,5),  (156,3),  (150,5),  (145,5),  (143,6),  (146,6),  (153,6),  (161,6),  (165,6),  (167,2),  (170,2),  (173,6),  (182,1),  (199,1), 


[Timing] Time passed: 387.381457 s

Posterior Probability: -590.8729817
Agreement with demo: 11%
Current angular diffs: 90'

Selected number of demos: 42

-- Positive Demos --
 (717,3),  (718,3),  (714,3),  (724,7),  (752,3),  (733,5),  (712,0),  (608,0),  (565,0),  (530,0),  (465,0),  (411,4),  (349,4),  (307,4),  (287,2),  (293,2),  (307,6),  (330,6),  (350,6),  (429,2),  (454,2),  (425,4),  (394,0),  (306,0),  (174,5),  (103,3),  (109,3),  (112,7),  (149,3),  (187,7),  (218,3),  (228,3),  (230,3),  (222,5),  (156,3),  (150,5),  (146,6),  (153,6),  (161,6),  (165,6),  (170,2),  (182,1), 


[Timing] Time passed: 380.821887 s

Posterior Probability: -243.6107938
Agreement with demo: 8.6%
Current angular diffs: 92'

Selected number of demos: 46

-- Positive Demos --
 (726,3),  (720,3),  (717,3),  (724,7),  (746,3),  (742,3),  (681,0),  (565,0),  (465,0),  (437,4),  (411,4),  (349,4),  (307,4),  (287,2),  (307,6),  (372,6),  (401,6),  (445,2),  (454,2),  (457,4),  (425,4),  (394,0),  (266,0),  (174,5),  (120,3),  (102,3),  (106,3),  (101,3),  (112,7),  (149,3),  (187,7),  (218,3),  (232,3),  (191,5),  (169,5),  (156,3),  (145,5),  (143,6),  (146,6),  (161,6),  (165,6),  (167,2),  (173,6),  (182,1),  (199,1), 


[Timing] Time passed: 386.078724 s

Posterior Probability: -527.3397063
Agreement with demo: 12%
Current angular diffs: 89'

Selected number of demos: 81

-- Positive Demos --
 (726,3),  (720,3),  (717,3),  (718,3),  (714,3),  (724,7),  (746,3),  (758,3),  (752,3),  (742,3),  (733,5),  (712,0),  (681,0),  (651,0),  (608,0),  (565,0),  (530,0),  (499,0),  (465,0),  (437,4),  (411,4),  (382,4),  (349,4),  (331,2),  (321,2),  (307,4),  (288,2),  (281,2),  (287,2),  (290,2),  (293,2),  (307,6),  (330,6),  (350,6),  (372,6),  (401,6),  (429,2),  (445,2),  (454,2),  (457,4),  (447,4),  (425,4),  (394,0),  (352,0),  (306,0),  (266,0),  (221,0),  (174,5),  (142,5),  (120,3),  (103,3),  (102,3),  (109,3),  (106,3),  (101,3),  (112,7),  (132,3),  (149,3),  (163,7),  (187,7),  (218,3),  (228,3),  (230,3),  (232,3),  (222,5),  (191,5),  (169,5),  (156,3),  (150,5),  (145,5),  (143,6),  (146,6),  (153,6),  (161,6),  (165,6),  (167,2),  (170,2),  (173,6),  (182,1),  (199,1), 


[Timing] Time passed: 381.81422 s

Posterior Probability: -538.4101929
Agreement with demo: 9.9%
Current angular diffs: 88'

Selected number of demos: 54

-- Positive Demos --
 (720,3),  (718,3),  (714,3),  (746,3),  (752,3),  (733,5),  (681,0),  (608,0),  (565,0),  (499,0),  (437,4),  (411,4),  (382,4),  (331,2),  (307,4),  (288,2),  (287,2),  (290,2),  (293,2),  (330,6),  (372,6),  (401,6),  (429,2),  (445,2),  (457,4),  (447,4),  (425,4),  (394,0),  (352,0),  (266,0),  (221,0),  (174,5),  (120,3),  (103,3),  (109,3),  (106,3),  (112,7),  (132,3),  (163,7),  (218,3),  (228,3),  (232,3),  (191,5),  (169,5),  (156,3),  (145,5),  (143,6),  (153,6),  (165,6),  (167,2),  (173,6),  (182,1),  (199,1), 


[Timing] Time passed: 341.869479 s

Posterior Probability: -213.691712
Agreement with demo: 15%
Current angular diffs: 86'

Selected number of demos: 40

-- Positive Demos --
 (726,3),  (717,3),  (714,3),  (758,3),  (733,5),  (712,0),  (681,0),  (651,0),  (530,0),  (437,4),  (411,4),  (349,4),  (307,4),  (281,2),  (287,2),  (307,6),  (372,6),  (445,2),  (457,4),  (447,4),  (425,4),  (394,0),  (266,0),  (174,5),  (142,5),  (102,3),  (109,3),  (112,7),  (132,3),  (187,7),  (230,3),  (222,5),  (191,5),  (156,3),  (150,5),  (145,5),  (153,6),  (165,6),  (170,2),  (199,1), 


[Timing] Time passed: 360.533398 s

Posterior Probability: -297.3628413
Agreement with demo: 16%
Current angular diffs: 86'

Selected number of demos: 53

-- Positive Demos --
 (726,3),  (720,3),  (717,3),  (718,3),  (724,7),  (758,3),  (742,3),  (733,5),  (712,0),  (681,0),  (651,0),  (608,0),  (565,0),  (530,0),  (499,0),  (437,4),  (382,4),  (349,4),  (321,2),  (288,2),  (281,2),  (287,2),  (293,2),  (307,6),  (330,6),  (350,6),  (372,6),  (401,6),  (445,2),  (457,4),  (425,4),  (394,0),  (306,0),  (221,0),  (142,5),  (120,3),  (102,3),  (109,3),  (101,3),  (132,3),  (149,3),  (187,7),  (228,3),  (230,3),  (222,5),  (169,5),  (150,5),  (145,5),  (146,6),  (161,6),  (167,2),  (173,6),  (199,1), 


[Timing] Time passed: 363.550481 s

Posterior Probability: -165.1772666
Agreement with demo: 17%
Current angular diffs: 81'

Selected number of demos: 47

-- Positive Demos --
 (720,3),  (718,3),  (714,3),  (746,3),  (752,3),  (733,5),  (681,0),  (608,0),  (565,0),  (499,0),  (437,4),  (411,4),  (349,4),  (321,2),  (288,2),  (287,2),  (293,2),  (330,6),  (372,6),  (429,2),  (454,2),  (457,4),  (425,4),  (352,0),  (266,0),  (221,0),  (174,5),  (120,3),  (102,3),  (106,3),  (112,7),  (149,3),  (187,7),  (228,3),  (230,3),  (222,5),  (191,5),  (156,3),  (150,5),  (145,5),  (143,6),  (146,6),  (153,6),  (165,6),  (170,2),  (182,1), 


[Timing] Time passed: 378.676624 s

Posterior Probability: -375.458404
Agreement with demo: 11%
Current angular diffs: 89'

Selected number of demos: 81

-- Positive Demos --
 (726,3),  (720,3),  (717,3),  (718,3),  (714,3),  (724,7),  (746,3),  (758,3),  (752,3),  (742,3),  (733,5),  (712,0),  (681,0),  (651,0),  (608,0),  (565,0),  (530,0),  (499,0),  (465,0),  (437,4),  (411,4),  (382,4),  (349,4),  (331,2),  (321,2),  (307,4),  (288,2),  (281,2),  (287,2),  (290,2),  (293,2),  (307,6),  (330,6),  (350,6),  (372,6),  (401,6),  (429,2),  (445,2),  (454,2),  (457,4),  (447,4),  (425,4),  (394,0),  (352,0),  (306,0),  (266,0),  (221,0),  (174,5),  (142,5),  (120,3),  (103,3),  (102,3),  (109,3),  (106,3),  (101,3),  (112,7),  (132,3),  (149,3),  (163,7),  (187,7),  (218,3),  (228,3),  (230,3),  (232,3),  (222,5),  (191,5),  (169,5),  (156,3),  (150,5),  (145,5),  (143,6),  (146,6),  (153,6),  (161,6),  (165,6),  (167,2),  (170,2),  (173,6),  (182,1),  (199,1), 


[Timing] Time passed: 381.446839 s

Posterior Probability: -186.5916947
Agreement with demo: 8.6%
Current angular diffs: 94'

Selected number of demos: 81

-- Positive Demos --
 (726,3),  (720,3),  (717,3),  (718,3),  (714,3),  (724,7),  (746,3),  (758,3),  (752,3),  (742,3),  (733,5),  (712,0),  (681,0),  (651,0),  (608,0),  (565,0),  (530,0),  (499,0),  (465,0),  (437,4),  (411,4),  (382,4),  (349,4),  (331,2),  (321,2),  (307,4),  (288,2),  (281,2),  (287,2),  (290,2),  (293,2),  (307,6),  (330,6),  (350,6),  (372,6),  (401,6),  (429,2),  (445,2),  (454,2),  (457,4),  (447,4),  (425,4),  (394,0),  (352,0),  (306,0),  (266,0),  (221,0),  (174,5),  (142,5),  (120,3),  (103,3),  (102,3),  (109,3),  (106,3),  (101,3),  (112,7),  (132,3),  (149,3),  (163,7),  (187,7),  (218,3),  (228,3),  (230,3),  (232,3),  (222,5),  (191,5),  (169,5),  (156,3),  (150,5),  (145,5),  (143,6),  (146,6),  (153,6),  (161,6),  (165,6),  (167,2),  (170,2),  (173,6),  (182,1),  (199,1), 


[Timing] Time passed: 386.698473 s

Posterior Probability: -246.870729
Agreement with demo: 12%
Current angular diffs: 91'

Selected number of demos: 43

-- Positive Demos --
 (726,3),  (720,3),  (717,3),  (718,3),  (746,3),  (758,3),  (742,3),  (733,5),  (681,0),  (608,0),  (565,0),  (465,0),  (437,4),  (382,4),  (321,2),  (288,2),  (287,2),  (307,6),  (330,6),  (350,6),  (401,6),  (445,2),  (454,2),  (425,4),  (306,0),  (266,0),  (221,0),  (120,3),  (102,3),  (109,3),  (106,3),  (132,3),  (163,7),  (218,3),  (232,3),  (191,5),  (150,5),  (143,6),  (153,6),  (165,6),  (173,6),  (199,1), 


[Timing] Time passed: 383.504511 s

Posterior Probability: -309.1963205
Agreement with demo: 9.9%
Current angular diffs: 87'

Selected number of demos: 52

-- Positive Demos --
 (720,3),  (717,3),  (714,3),  (724,7),  (746,3),  (758,3),  (752,3),  (733,5),  (681,0),  (651,0),  (608,0),  (565,0),  (530,0),  (499,0),  (465,0),  (411,4),  (349,4),  (321,2),  (307,4),  (288,2),  (287,2),  (293,2),  (330,6),  (350,6),  (401,6),  (445,2),  (454,2),  (447,4),  (394,0),  (306,0),  (266,0),  (174,5),  (120,3),  (102,3),  (106,3),  (101,3),  (132,3),  (163,7),  (218,3),  (228,3),  (230,3),  (232,3),  (191,5),  (169,5),  (156,3),  (145,5),  (146,6),  (161,6),  (165,6),  (170,2),  (182,1), 


[Timing] Time passed: 385.032997 s

Posterior Probability: -268.0118655
Agreement with demo: 9.9%
Current angular diffs: 87'

Selected number of demos: 81

-- Positive Demos --
 (726,3),  (720,3),  (717,3),  (718,3),  (714,3),  (724,7),  (746,3),  (758,3),  (752,3),  (742,3),  (733,5),  (712,0),  (681,0),  (651,0),  (608,0),  (565,0),  (530,0),  (499,0),  (465,0),  (437,4),  (411,4),  (382,4),  (349,4),  (331,2),  (321,2),  (307,4),  (288,2),  (281,2),  (287,2),  (290,2),  (293,2),  (307,6),  (330,6),  (350,6),  (372,6),  (401,6),  (429,2),  (445,2),  (454,2),  (457,4),  (447,4),  (425,4),  (394,0),  (352,0),  (306,0),  (266,0),  (221,0),  (174,5),  (142,5),  (120,3),  (103,3),  (102,3),  (109,3),  (106,3),  (101,3),  (112,7),  (132,3),  (149,3),  (163,7),  (187,7),  (218,3),  (228,3),  (230,3),  (232,3),  (222,5),  (191,5),  (169,5),  (156,3),  (150,5),  (145,5),  (143,6),  (146,6),  (153,6),  (161,6),  (165,6),  (167,2),  (170,2),  (173,6),  (182,1),  (199,1), 


[Timing] Time passed: 388.777161 s

Posterior Probability: -524.9674092
Agreement with demo: 12%
Current angular diffs: 88'

Selected number of demos: 41

-- Positive Demos --
 (720,3),  (714,3),  (746,3),  (752,3),  (742,3),  (733,5),  (681,0),  (608,0),  (530,0),  (499,0),  (465,0),  (437,4),  (382,4),  (331,2),  (288,2),  (281,2),  (287,2),  (307,6),  (330,6),  (350,6),  (429,2),  (454,2),  (447,4),  (394,0),  (352,0),  (221,0),  (120,3),  (109,3),  (101,3),  (149,3),  (163,7),  (228,3),  (230,3),  (191,5),  (169,5),  (145,5),  (153,6),  (167,2),  (173,6),  (182,1), 


[Timing] Time passed: 377.405576 s

Posterior Probability: -93.32902735
Agreement with demo: 20%
Current angular diffs: 79'

Selected number of demos: 34

-- Positive Demos --
 (720,3),  (718,3),  (746,3),  (758,3),  (733,5),  (712,0),  (651,0),  (530,0),  (437,4),  (349,4),  (307,4),  (287,2),  (307,6),  (350,6),  (401,6),  (445,2),  (447,4),  (352,0),  (266,0),  (221,0),  (120,3),  (102,3),  (101,3),  (149,3),  (218,3),  (230,3),  (191,5),  (169,5),  (156,3),  (145,5),  (143,6),  (153,6),  (167,2),  (182,1), 


[Timing] Time passed: 384.186626 s

Posterior Probability: -222.7703607
Agreement with demo: 12%
Current angular diffs: 90'

Selected number of demos: 51

-- Positive Demos --
 (726,3),  (717,3),  (718,3),  (714,3),  (724,7),  (746,3),  (752,3),  (742,3),  (712,0),  (681,0),  (651,0),  (565,0),  (499,0),  (465,0),  (411,4),  (382,4),  (331,2),  (321,2),  (288,2),  (281,2),  (290,2),  (307,6),  (350,6),  (401,6),  (445,2),  (454,2),  (447,4),  (394,0),  (306,0),  (266,0),  (221,0),  (142,5),  (103,3),  (109,3),  (106,3),  (112,7),  (132,3),  (163,7),  (218,3),  (230,3),  (232,3),  (222,5),  (191,5),  (156,3),  (150,5),  (143,6),  (153,6),  (165,6),  (170,2),  (173,6),  (199,1), 


[Timing] Time passed: 385.831278 s

Posterior Probability: -147.3977569
Agreement with demo: 20%
Current angular diffs: 75'

Selected number of demos: 81

-- Positive Demos --
 (726,3),  (720,3),  (717,3),  (718,3),  (714,3),  (724,7),  (746,3),  (758,3),  (752,3),  (742,3),  (733,5),  (712,0),  (681,0),  (651,0),  (608,0),  (565,0),  (530,0),  (499,0),  (465,0),  (437,4),  (411,4),  (382,4),  (349,4),  (331,2),  (321,2),  (307,4),  (288,2),  (281,2),  (287,2),  (290,2),  (293,2),  (307,6),  (330,6),  (350,6),  (372,6),  (401,6),  (429,2),  (445,2),  (454,2),  (457,4),  (447,4),  (425,4),  (394,0),  (352,0),  (306,0),  (266,0),  (221,0),  (174,5),  (142,5),  (120,3),  (103,3),  (102,3),  (109,3),  (106,3),  (101,3),  (112,7),  (132,3),  (149,3),  (163,7),  (187,7),  (218,3),  (228,3),  (230,3),  (232,3),  (222,5),  (191,5),  (169,5),  (156,3),  (150,5),  (145,5),  (143,6),  (146,6),  (153,6),  (161,6),  (165,6),  (167,2),  (170,2),  (173,6),  (182,1),  (199,1), 


[Timing] Time passed: 383.206068 s

Posterior Probability: -245.6815854
Agreement with demo: 22%
Current angular diffs: 77'

Selected number of demos: 52

-- Positive Demos --
 (720,3),  (718,3),  (714,3),  (746,3),  (758,3),  (742,3),  (712,0),  (681,0),  (651,0),  (608,0),  (565,0),  (499,0),  (465,0),  (437,4),  (382,4),  (331,2),  (321,2),  (288,2),  (281,2),  (290,2),  (293,2),  (330,6),  (350,6),  (401,6),  (429,2),  (454,2),  (447,4),  (394,0),  (306,0),  (221,0),  (174,5),  (142,5),  (103,3),  (102,3),  (106,3),  (112,7),  (149,3),  (187,7),  (228,3),  (230,3),  (222,5),  (169,5),  (150,5),  (143,6),  (153,6),  (161,6),  (165,6),  (167,2),  (170,2),  (173,6),  (199,1), 


[Timing] Time passed: 389.173636 s

Posterior Probability: -189.1212997
Agreement with demo: 11%
Current angular diffs: 89'

Selected number of demos: 51

-- Positive Demos --
 (726,3),  (720,3),  (718,3),  (714,3),  (724,7),  (758,3),  (752,3),  (733,5),  (712,0),  (651,0),  (565,0),  (530,0),  (499,0),  (437,4),  (411,4),  (382,4),  (349,4),  (321,2),  (307,4),  (281,2),  (287,2),  (290,2),  (307,6),  (350,6),  (401,6),  (429,2),  (454,2),  (447,4),  (394,0),  (306,0),  (221,0),  (142,5),  (120,3),  (103,3),  (109,3),  (106,3),  (112,7),  (149,3),  (163,7),  (218,3),  (230,3),  (222,5),  (169,5),  (150,5),  (143,6),  (146,6),  (161,6),  (167,2),  (173,6),  (199,1), 


[Timing] Time passed: 384.952358 s

Posterior Probability: -206.3043844
Agreement with demo: 20%
Current angular diffs: 83'

Selected number of demos: 81

-- Positive Demos --
 (726,3),  (720,3),  (717,3),  (718,3),  (714,3),  (724,7),  (746,3),  (758,3),  (752,3),  (742,3),  (733,5),  (712,0),  (681,0),  (651,0),  (608,0),  (565,0),  (530,0),  (499,0),  (465,0),  (437,4),  (411,4),  (382,4),  (349,4),  (331,2),  (321,2),  (307,4),  (288,2),  (281,2),  (287,2),  (290,2),  (293,2),  (307,6),  (330,6),  (350,6),  (372,6),  (401,6),  (429,2),  (445,2),  (454,2),  (457,4),  (447,4),  (425,4),  (394,0),  (352,0),  (306,0),  (266,0),  (221,0),  (174,5),  (142,5),  (120,3),  (103,3),  (102,3),  (109,3),  (106,3),  (101,3),  (112,7),  (132,3),  (149,3),  (163,7),  (187,7),  (218,3),  (228,3),  (230,3),  (232,3),  (222,5),  (191,5),  (169,5),  (156,3),  (150,5),  (145,5),  (143,6),  (146,6),  (153,6),  (161,6),  (165,6),  (167,2),  (170,2),  (173,6),  (182,1),  (199,1), 


[Timing] Time passed: 383.086493 s

Posterior Probability: -183.3577941
Agreement with demo: 16%
Current angular diffs: 86'

Selected number of demos: 54

-- Positive Demos --
 (720,3),  (717,3),  (718,3),  (714,3),  (724,7),  (758,3),  (752,3),  (742,3),  (733,5),  (712,0),  (681,0),  (608,0),  (565,0),  (499,0),  (465,0),  (411,4),  (349,4),  (321,2),  (288,2),  (281,2),  (287,2),  (293,2),  (307,6),  (350,6),  (401,6),  (429,2),  (454,2),  (457,4),  (447,4),  (394,0),  (352,0),  (266,0),  (174,5),  (142,5),  (103,3),  (102,3),  (106,3),  (112,7),  (132,3),  (163,7),  (218,3),  (230,3),  (222,5),  (169,5),  (156,3),  (145,5),  (146,6),  (153,6),  (161,6),  (165,6),  (167,2),  (173,6),  (199,1), 


[Timing] Time passed: 384.505091 s

Posterior Probability: -118.0105595
Agreement with demo: 12%
Current angular diffs: 92'

Selected number of demos: 39

-- Positive Demos --
 (717,3),  (720,3),  (718,3),  (724,7),  (758,3),  (742,3),  (712,0),  (651,0),  (565,0),  (465,0),  (437,4),  (382,4),  (349,4),  (307,4),  (287,2),  (290,2),  (293,2),  (330,6),  (372,6),  (401,6),  (454,2),  (425,4),  (306,0),  (266,0),  (174,5),  (120,3),  (103,3),  (106,3),  (112,7),  (149,3),  (187,7),  (228,3),  (222,5),  (156,3),  (143,6),  (153,6),  (165,6),  (170,2),  (173,6), 


[Timing] Time passed: 381.245247 s

Posterior Probability: -101.6277547
Agreement with demo: 16%
Current angular diffs: 84'

Selected number of demos: 81

-- Positive Demos --
 (726,3),  (720,3),  (717,3),  (718,3),  (714,3),  (724,7),  (746,3),  (758,3),  (752,3),  (742,3),  (733,5),  (712,0),  (681,0),  (651,0),  (608,0),  (565,0),  (530,0),  (499,0),  (465,0),  (437,4),  (411,4),  (382,4),  (349,4),  (331,2),  (321,2),  (307,4),  (288,2),  (281,2),  (287,2),  (290,2),  (293,2),  (307,6),  (330,6),  (350,6),  (372,6),  (401,6),  (429,2),  (445,2),  (454,2),  (457,4),  (447,4),  (425,4),  (394,0),  (352,0),  (306,0),  (266,0),  (221,0),  (174,5),  (142,5),  (120,3),  (103,3),  (102,3),  (109,3),  (106,3),  (101,3),  (112,7),  (132,3),  (149,3),  (163,7),  (187,7),  (218,3),  (228,3),  (230,3),  (232,3),  (222,5),  (191,5),  (169,5),  (156,3),  (150,5),  (145,5),  (143,6),  (146,6),  (153,6),  (161,6),  (165,6),  (167,2),  (170,2),  (173,6),  (182,1),  (199,1), 


[Timing] Time passed: 380.625682 s

Posterior Probability: -215.2283375
Agreement with demo: 19%
Current angular diffs: 83'

Selected number of demos: 52

-- Positive Demos --
 (720,3),  (718,3),  (714,3),  (746,3),  (758,3),  (742,3),  (733,5),  (681,0),  (651,0),  (608,0),  (565,0),  (499,0),  (437,4),  (411,4),  (349,4),  (321,2),  (288,2),  (287,2),  (290,2),  (307,6),  (350,6),  (401,6),  (429,2),  (454,2),  (447,4),  (425,4),  (394,0),  (306,0),  (266,0),  (174,5),  (142,5),  (120,3),  (102,3),  (109,3),  (101,3),  (132,3),  (163,7),  (218,3),  (230,3),  (232,3),  (222,5),  (169,5),  (150,5),  (143,6),  (146,6),  (153,6),  (161,6),  (167,2),  (170,2),  (173,6),  (182,1), 


[Timing] Time passed: 383.885927 s

Posterior Probability: -251.9778065
Agreement with demo: 12%
Current angular diffs: 88'

Selected number of demos: 81

-- Positive Demos --
 (726,3),  (720,3),  (717,3),  (718,3),  (714,3),  (724,7),  (746,3),  (758,3),  (752,3),  (742,3),  (733,5),  (712,0),  (681,0),  (651,0),  (608,0),  (565,0),  (530,0),  (499,0),  (465,0),  (437,4),  (411,4),  (382,4),  (349,4),  (331,2),  (321,2),  (307,4),  (288,2),  (281,2),  (287,2),  (290,2),  (293,2),  (307,6),  (330,6),  (350,6),  (372,6),  (401,6),  (429,2),  (445,2),  (454,2),  (457,4),  (447,4),  (425,4),  (394,0),  (352,0),  (306,0),  (266,0),  (221,0),  (174,5),  (142,5),  (120,3),  (103,3),  (102,3),  (109,3),  (106,3),  (101,3),  (112,7),  (132,3),  (149,3),  (163,7),  (187,7),  (218,3),  (228,3),  (230,3),  (232,3),  (222,5),  (191,5),  (169,5),  (156,3),  (150,5),  (145,5),  (143,6),  (146,6),  (153,6),  (161,6),  (165,6),  (167,2),  (170,2),  (173,6),  (182,1),  (199,1), 


[Timing] Time passed: 356.458681 s

Posterior Probability: -360.9100285
Agreement with demo: 20%
Current angular diffs: 78'

Selected number of demos: 81

-- Positive Demos --
 (726,3),  (720,3),  (717,3),  (718,3),  (714,3),  (724,7),  (746,3),  (758,3),  (752,3),  (742,3),  (733,5),  (712,0),  (681,0),  (651,0),  (608,0),  (565,0),  (530,0),  (499,0),  (465,0),  (437,4),  (411,4),  (382,4),  (349,4),  (331,2),  (321,2),  (307,4),  (288,2),  (281,2),  (287,2),  (290,2),  (293,2),  (307,6),  (330,6),  (350,6),  (372,6),  (401,6),  (429,2),  (445,2),  (454,2),  (457,4),  (447,4),  (425,4),  (394,0),  (352,0),  (306,0),  (266,0),  (221,0),  (174,5),  (142,5),  (120,3),  (103,3),  (102,3),  (109,3),  (106,3),  (101,3),  (112,7),  (132,3),  (149,3),  (163,7),  (187,7),  (218,3),  (228,3),  (230,3),  (232,3),  (222,5),  (191,5),  (169,5),  (156,3),  (150,5),  (145,5),  (143,6),  (146,6),  (153,6),  (161,6),  (165,6),  (167,2),  (170,2),  (173,6),  (182,1),  (199,1), 


[Timing] Time passed: 383.907408 s

Posterior Probability: -281.9487429
Agreement with demo: 16%
Current angular diffs: 74'

Selected number of demos: 55

-- Positive Demos --
 (726,3),  (717,3),  (720,3),  (714,3),  (724,7),  (758,3),  (742,3),  (712,0),  (681,0),  (608,0),  (530,0),  (465,0),  (437,4),  (382,4),  (349,4),  (331,2),  (307,4),  (281,2),  (287,2),  (290,2),  (293,2),  (330,6),  (350,6),  (401,6),  (429,2),  (454,2),  (447,4),  (425,4),  (394,0),  (352,0),  (266,0),  (221,0),  (142,5),  (103,3),  (102,3),  (109,3),  (106,3),  (112,7),  (149,3),  (163,7),  (187,7),  (218,3),  (228,3),  (230,3),  (232,3),  (222,5),  (169,5),  (150,5),  (143,6),  (153,6),  (165,6),  (170,2),  (173,6),  (182,1),  (199,1), 


[Timing] Time passed: 354.249141 s

Posterior Probability: -136.1582072
Agreement with demo: 8.6%
Current angular diffs: 91'

Selected number of demos: 53

-- Positive Demos --
 (726,3),  (717,3),  (718,3),  (724,7),  (758,3),  (752,3),  (733,5),  (712,0),  (681,0),  (608,0),  (565,0),  (530,0),  (465,0),  (437,4),  (411,4),  (349,4),  (321,2),  (307,4),  (288,2),  (281,2),  (287,2),  (290,2),  (293,2),  (330,6),  (372,6),  (401,6),  (429,2),  (454,2),  (457,4),  (425,4),  (352,0),  (306,0),  (266,0),  (221,0),  (142,5),  (103,3),  (102,3),  (106,3),  (112,7),  (149,3),  (163,7),  (218,3),  (230,3),  (222,5),  (191,5),  (156,3),  (150,5),  (143,6),  (153,6),  (165,6),  (170,2),  (173,6),  (199,1), 


[Timing] Time passed: 267.645547 s

Posterior Probability: -311.8077939
Agreement with demo: 12%
Current angular diffs: 91'

Selected number of demos: 53

-- Positive Demos --
 (720,3),  (717,3),  (718,3),  (724,7),  (758,3),  (742,3),  (733,5),  (681,0),  (608,0),  (565,0),  (530,0),  (499,0),  (437,4),  (382,4),  (331,2),  (307,4),  (281,2),  (290,2),  (307,6),  (330,6),  (350,6),  (401,6),  (445,2),  (454,2),  (457,4),  (425,4),  (394,0),  (352,0),  (306,0),  (221,0),  (142,5),  (103,3),  (109,3),  (106,3),  (101,3),  (112,7),  (149,3),  (163,7),  (218,3),  (228,3),  (232,3),  (191,5),  (169,5),  (156,3),  (150,5),  (145,5),  (146,6),  (153,6),  (165,6),  (170,2),  (173,6),  (182,1),  (199,1), 


[Timing] Time passed: 175.34807 s

Posterior Probability: -283.5406654
Agreement with demo: 16%
Current angular diffs: 81'

Selected number of demos: 50

-- Positive Demos --
 (720,3),  (714,3),  (746,3),  (752,3),  (742,3),  (733,5),  (681,0),  (651,0),  (608,0),  (530,0),  (465,0),  (411,4),  (382,4),  (349,4),  (321,2),  (288,2),  (287,2),  (290,2),  (293,2),  (330,6),  (372,6),  (429,2),  (445,2),  (454,2),  (447,4),  (394,0),  (306,0),  (221,0),  (142,5),  (120,3),  (103,3),  (102,3),  (106,3),  (112,7),  (132,3),  (163,7),  (218,3),  (230,3),  (232,3),  (191,5),  (169,5),  (150,5),  (143,6),  (146,6),  (161,6),  (165,6),  (167,2),  (173,6),  (199,1), 


[Timing] Time passed: 123.781452 s

Posterior Probability: -324.7637369
Agreement with demo: 9.9%
Current angular diffs: 92'

Selected number of demos: 81

-- Positive Demos --
 (726,3),  (720,3),  (717,3),  (718,3),  (714,3),  (724,7),  (746,3),  (758,3),  (752,3),  (742,3),  (733,5),  (712,0),  (681,0),  (651,0),  (608,0),  (565,0),  (530,0),  (499,0),  (465,0),  (437,4),  (411,4),  (382,4),  (349,4),  (331,2),  (321,2),  (307,4),  (288,2),  (281,2),  (287,2),  (290,2),  (293,2),  (307,6),  (330,6),  (350,6),  (372,6),  (401,6),  (429,2),  (445,2),  (454,2),  (457,4),  (447,4),  (425,4),  (394,0),  (352,0),  (306,0),  (266,0),  (221,0),  (174,5),  (142,5),  (120,3),  (103,3),  (102,3),  (109,3),  (106,3),  (101,3),  (112,7),  (132,3),  (149,3),  (163,7),  (187,7),  (218,3),  (228,3),  (230,3),  (232,3),  (222,5),  (191,5),  (169,5),  (156,3),  (150,5),  (145,5),  (143,6),  (146,6),  (153,6),  (161,6),  (165,6),  (167,2),  (170,2),  (173,6),  (182,1),  (199,1), 


[Timing] Time passed: 106.018696 s

Posterior Probability: -203.9853722
Agreement with demo: 12%
Current angular diffs: 86'

-----------------------------
Avg angular diffs: 74'
-- learned weights --
Feature Weights: 0.106, 0.4735, 0.0675, -0.1, 
