loading features...

Initializing gridworld of size 28 by 22..
    Num states: 616
    Num actions: 8

Total number of demos: 71

Selected number of demos: 23

-- Positive Demos --
 (537,3),  (516,3),  (545,3),  (550,5),  (525,5),  (498,5),  (472,5),  (358,4),  (329,2),  (294,4),  (265,4),  (202,2),  (172,4),  (171,4),  (86,0),  (32,3),  (37,3),  (42,3),  (73,3),  (75,3),  (78,3),  (81,3),  (53,6), 


[Timing] Time passed: 318.660204 s

Posterior Probability: -78.75208688
Agreement with demo: 7.5%
Current angular diffs: 94'

Selected number of demos: 30

-- Positive Demos --
 (536,3),  (538,3),  (516,3),  (545,3),  (546,3),  (549,3),  (524,5),  (472,5),  (444,0),  (330,2),  (297,2),  (296,2),  (264,2),  (235,2),  (202,2),  (174,2),  (172,4),  (114,0),  (59,5),  (33,3),  (35,3),  (36,3),  (37,3),  (38,3),  (42,3),  (73,3),  (75,3),  (79,3),  (81,3),  (54,6), 


[Timing] Time passed: 325.554268 s

Posterior Probability: -266.6588462
Agreement with demo: 7.5%
Current angular diffs: 89'

Selected number of demos: 71

-- Positive Demos --
 (535,3),  (536,3),  (537,3),  (538,3),  (540,3),  (541,3),  (542,3),  (516,3),  (544,3),  (545,3),  (546,3),  (547,3),  (548,3),  (549,3),  (550,5),  (524,5),  (525,5),  (498,5),  (499,5),  (472,5),  (472,0),  (444,0),  (415,4),  (387,4),  (358,4),  (330,2),  (329,2),  (327,2),  (326,2),  (297,2),  (296,2),  (294,4),  (265,4),  (264,2),  (235,2),  (233,4),  (203,4),  (202,2),  (174,2),  (172,4),  (171,4),  (143,0),  (114,0),  (86,0),  (59,5),  (59,3),  (32,3),  (33,3),  (35,3),  (36,3),  (37,3),  (38,3),  (40,3),  (41,3),  (42,3),  (43,3),  (73,3),  (75,3),  (76,3),  (77,3),  (78,3),  (79,3),  (80,3),  (81,3),  (83,3),  (83,5),  (54,2),  (54,6),  (53,6), 


[Timing] Time passed: 329.483369 s

Posterior Probability: -336.6676426
Agreement with demo: 17%
Current angular diffs: 81'

Selected number of demos: 41

-- Positive Demos --
 (535,3),  (536,3),  (537,3),  (541,3),  (516,3),  (544,3),  (545,3),  (546,3),  (548,3),  (549,3),  (524,5),  (525,5),  (499,5),  (472,5),  (415,4),  (387,4),  (358,4),  (327,2),  (297,2),  (294,4),  (265,4),  (235,2),  (203,4),  (202,2),  (172,4),  (171,4),  (114,0),  (59,5),  (59,3),  (32,3),  (33,3),  (36,3),  (37,3),  (40,3),  (43,3),  (75,3),  (78,3),  (79,3),  (83,3),  (83,5),  (54,6), 


[Timing] Time passed: 289.076186 s

Posterior Probability: -513.575932
Agreement with demo: 7.5%
Current angular diffs: 90'

Selected number of demos: 25

-- Positive Demos --
 (535,3),  (540,3),  (544,3),  (547,3),  (550,5),  (498,5),  (472,0),  (387,4),  (329,2),  (327,2),  (294,4),  (233,4),  (203,4),  (172,4),  (171,4),  (86,0),  (59,3),  (33,3),  (35,3),  (40,3),  (73,3),  (77,3),  (80,3),  (54,2), 


[Timing] Time passed: 283.795091 s

Posterior Probability: -169.8401577
Agreement with demo: 7.5%
Current angular diffs: 90'

Selected number of demos: 71

-- Positive Demos --
 (535,3),  (536,3),  (537,3),  (538,3),  (540,3),  (541,3),  (542,3),  (516,3),  (544,3),  (545,3),  (546,3),  (547,3),  (548,3),  (549,3),  (550,5),  (524,5),  (525,5),  (498,5),  (499,5),  (472,5),  (472,0),  (444,0),  (415,4),  (387,4),  (358,4),  (330,2),  (329,2),  (327,2),  (326,2),  (297,2),  (296,2),  (294,4),  (265,4),  (264,2),  (235,2),  (233,4),  (203,4),  (202,2),  (174,2),  (172,4),  (171,4),  (143,0),  (114,0),  (86,0),  (59,5),  (59,3),  (32,3),  (33,3),  (35,3),  (36,3),  (37,3),  (38,3),  (40,3),  (41,3),  (42,3),  (43,3),  (73,3),  (75,3),  (76,3),  (77,3),  (78,3),  (79,3),  (80,3),  (81,3),  (83,3),  (83,5),  (54,2),  (54,6),  (53,6), 


[Timing] Time passed: 279.541859 s

Posterior Probability: -643.455304
Agreement with demo: 5.4%
Current angular diffs: 91'

Selected number of demos: 28

-- Positive Demos --
 (535,3),  (538,3),  (540,3),  (542,3),  (544,3),  (545,3),  (546,3),  (550,5),  (525,5),  (472,0),  (415,4),  (327,2),  (294,4),  (235,2),  (233,4),  (172,4),  (114,0),  (59,5),  (59,3),  (33,3),  (36,3),  (40,3),  (41,3),  (75,3),  (77,3),  (78,3),  (79,3),  (83,3), 


[Timing] Time passed: 277.006614 s

Posterior Probability: -387.5637107
Agreement with demo: 5.4%
Current angular diffs: 93'

Selected number of demos: 22

-- Positive Demos --
 (538,3),  (542,3),  (547,3),  (524,5),  (472,0),  (415,4),  (358,4),  (329,2),  (296,2),  (294,4),  (264,2),  (174,2),  (172,4),  (171,4),  (86,0),  (33,3),  (40,3),  (42,3),  (73,3),  (78,3),  (83,5),  (53,6), 


[Timing] Time passed: 262.492214 s

Posterior Probability: -330.9196571
Agreement with demo: 16%
Current angular diffs: 82'

Selected number of demos: 21

-- Positive Demos --
 (535,3),  (541,3),  (544,3),  (545,3),  (546,3),  (525,5),  (444,0),  (415,4),  (387,4),  (326,2),  (296,2),  (233,4),  (171,4),  (143,0),  (59,3),  (32,3),  (37,3),  (73,3),  (75,3),  (81,3),  (54,6), 


[Timing] Time passed: 204.171438 s

Posterior Probability: -133.3262528
Agreement with demo: 5.4%
Current angular diffs: 91'

Selected number of demos: 25

-- Positive Demos --
 (536,3),  (537,3),  (538,3),  (541,3),  (542,3),  (546,3),  (550,5),  (525,5),  (472,0),  (444,0),  (330,2),  (326,2),  (265,4),  (203,4),  (172,4),  (143,0),  (59,3),  (32,3),  (33,3),  (38,3),  (41,3),  (75,3),  (78,3),  (80,3),  (54,2), 


[Timing] Time passed: 228.79057 s

Posterior Probability: -288.3629899
Agreement with demo: 4.3%
Current angular diffs: 88'

Selected number of demos: 36

-- Positive Demos --
 (535,3),  (536,3),  (540,3),  (516,3),  (546,3),  (548,3),  (549,3),  (525,5),  (498,5),  (499,5),  (472,5),  (444,0),  (415,4),  (387,4),  (358,4),  (329,2),  (326,2),  (294,4),  (264,2),  (203,4),  (202,2),  (172,4),  (171,4),  (114,0),  (59,3),  (32,3),  (33,3),  (36,3),  (40,3),  (43,3),  (73,3),  (77,3),  (78,3),  (81,3),  (54,2),  (54,6), 


[Timing] Time passed: 242.324851 s

Posterior Probability: -384.5577474
Agreement with demo: 6.5%
Current angular diffs: 95'

Selected number of demos: 34

-- Positive Demos --
 (536,3),  (540,3),  (542,3),  (544,3),  (547,3),  (549,3),  (524,5),  (498,5),  (472,0),  (415,4),  (387,4),  (330,2),  (329,2),  (326,2),  (297,2),  (294,4),  (265,4),  (233,4),  (202,2),  (174,2),  (143,0),  (59,5),  (32,3),  (36,3),  (40,3),  (42,3),  (43,3),  (73,3),  (77,3),  (78,3),  (81,3),  (83,5),  (54,2),  (54,6), 


[Timing] Time passed: 237.086697 s

Posterior Probability: -118.9398487
Agreement with demo: 16%
Current angular diffs: 77'

Selected number of demos: 71

-- Positive Demos --
 (535,3),  (536,3),  (537,3),  (538,3),  (540,3),  (541,3),  (542,3),  (516,3),  (544,3),  (545,3),  (546,3),  (547,3),  (548,3),  (549,3),  (550,5),  (524,5),  (525,5),  (498,5),  (499,5),  (472,5),  (472,0),  (444,0),  (415,4),  (387,4),  (358,4),  (330,2),  (329,2),  (327,2),  (326,2),  (297,2),  (296,2),  (294,4),  (265,4),  (264,2),  (235,2),  (233,4),  (203,4),  (202,2),  (174,2),  (172,4),  (171,4),  (143,0),  (114,0),  (86,0),  (59,5),  (59,3),  (32,3),  (33,3),  (35,3),  (36,3),  (37,3),  (38,3),  (40,3),  (41,3),  (42,3),  (43,3),  (73,3),  (75,3),  (76,3),  (77,3),  (78,3),  (79,3),  (80,3),  (81,3),  (83,3),  (83,5),  (54,2),  (54,6),  (53,6), 


[Timing] Time passed: 240.96087 s

Posterior Probability: -573.3586007
Agreement with demo: 16%
Current angular diffs: 80'

Selected number of demos: 38

-- Positive Demos --
 (535,3),  (537,3),  (538,3),  (542,3),  (545,3),  (546,3),  (548,3),  (550,5),  (498,5),  (499,5),  (472,5),  (472,0),  (387,4),  (329,2),  (327,2),  (296,2),  (264,2),  (203,4),  (202,2),  (174,2),  (171,4),  (143,0),  (59,5),  (32,3),  (33,3),  (36,3),  (37,3),  (40,3),  (42,3),  (43,3),  (73,3),  (76,3),  (77,3),  (78,3),  (80,3),  (81,3),  (54,2), 


[Timing] Time passed: 233.886358 s

Posterior Probability: -302.0703283
Agreement with demo: 7.5%
Current angular diffs: 88'

Selected number of demos: 43

-- Positive Demos --
 (535,3),  (537,3),  (540,3),  (541,3),  (516,3),  (544,3),  (545,3),  (546,3),  (548,3),  (549,3),  (524,5),  (525,5),  (498,5),  (499,5),  (472,5),  (472,0),  (415,4),  (358,4),  (329,2),  (327,2),  (297,2),  (294,4),  (265,4),  (235,2),  (203,4),  (174,2),  (171,4),  (114,0),  (59,5),  (32,3),  (33,3),  (36,3),  (38,3),  (41,3),  (42,3),  (73,3),  (76,3),  (78,3),  (80,3),  (83,3),  (83,5),  (54,6), 


[Timing] Time passed: 240.504225 s

Posterior Probability: -423.7719957
Agreement with demo: 7.5%
Current angular diffs: 95'

Selected number of demos: 26

-- Positive Demos --
 (537,3),  (541,3),  (545,3),  (549,3),  (498,5),  (472,0),  (415,4),  (330,2),  (326,2),  (265,4),  (233,4),  (203,4),  (171,4),  (143,0),  (114,0),  (32,3),  (35,3),  (37,3),  (38,3),  (43,3),  (75,3),  (77,3),  (80,3),  (81,3),  (54,2),  (53,6), 


[Timing] Time passed: 232.007719 s

Posterior Probability: -155.3146468
Agreement with demo: 14%
Current angular diffs: 87'

Selected number of demos: 44

-- Positive Demos --
 (535,3),  (536,3),  (537,3),  (538,3),  (541,3),  (542,3),  (516,3),  (544,3),  (546,3),  (548,3),  (550,5),  (524,5),  (525,5),  (498,5),  (472,5),  (444,0),  (415,4),  (387,4),  (358,4),  (329,2),  (327,2),  (297,2),  (296,2),  (265,4),  (235,2),  (203,4),  (202,2),  (172,4),  (171,4),  (114,0),  (59,5),  (32,3),  (33,3),  (36,3),  (38,3),  (41,3),  (42,3),  (43,3),  (75,3),  (77,3),  (79,3),  (81,3),  (83,5),  (54,6), 


[Timing] Time passed: 237.552055 s

Posterior Probability: -346.4985968
Agreement with demo: 17%
Current angular diffs: 83'

Selected number of demos: 49

-- Positive Demos --
 (535,3),  (536,3),  (537,3),  (538,3),  (541,3),  (542,3),  (516,3),  (544,3),  (546,3),  (548,3),  (549,3),  (550,5),  (525,5),  (499,5),  (472,0),  (415,4),  (387,4),  (358,4),  (330,2),  (327,2),  (326,2),  (297,2),  (294,4),  (264,2),  (235,2),  (233,4),  (202,2),  (172,4),  (171,4),  (114,0),  (86,0),  (59,5),  (32,3),  (35,3),  (37,3),  (38,3),  (41,3),  (43,3),  (73,3),  (75,3),  (77,3),  (78,3),  (80,3),  (81,3),  (83,5),  (54,2),  (53,6), 


[Timing] Time passed: 241.818952 s

Posterior Probability: -646.3790999
Agreement with demo: 19%
Current angular diffs: 80'

Selected number of demos: 24

-- Positive Demos --
 (536,3),  (538,3),  (540,3),  (544,3),  (545,3),  (550,5),  (499,5),  (472,5),  (444,0),  (415,4),  (387,4),  (329,2),  (327,2),  (297,2),  (264,2),  (203,4),  (143,0),  (86,0),  (33,3),  (37,3),  (43,3),  (75,3),  (80,3),  (54,6), 


[Timing] Time passed: 209.34599 s

Posterior Probability: -249.8267323
Agreement with demo: 15%
Current angular diffs: 80'

Selected number of demos: 22

-- Positive Demos --
 (535,3),  (538,3),  (542,3),  (547,3),  (550,5),  (499,5),  (444,0),  (329,2),  (326,2),  (265,4),  (235,2),  (203,4),  (174,2),  (114,0),  (59,3),  (33,3),  (37,3),  (40,3),  (73,3),  (75,3),  (79,3),  (54,2), 


[Timing] Time passed: 202.930363 s

Posterior Probability: -226.4450121
Agreement with demo: 15%
Current angular diffs: 79'

Selected number of demos: 71

-- Positive Demos --
 (535,3),  (536,3),  (537,3),  (538,3),  (540,3),  (541,3),  (542,3),  (516,3),  (544,3),  (545,3),  (546,3),  (547,3),  (548,3),  (549,3),  (550,5),  (524,5),  (525,5),  (498,5),  (499,5),  (472,5),  (472,0),  (444,0),  (415,4),  (387,4),  (358,4),  (330,2),  (329,2),  (327,2),  (326,2),  (297,2),  (296,2),  (294,4),  (265,4),  (264,2),  (235,2),  (233,4),  (203,4),  (202,2),  (174,2),  (172,4),  (171,4),  (143,0),  (114,0),  (86,0),  (59,5),  (59,3),  (32,3),  (33,3),  (35,3),  (36,3),  (37,3),  (38,3),  (40,3),  (41,3),  (42,3),  (43,3),  (73,3),  (75,3),  (76,3),  (77,3),  (78,3),  (79,3),  (80,3),  (81,3),  (83,3),  (83,5),  (54,2),  (54,6),  (53,6), 


[Timing] Time passed: 207.567024 s

Posterior Probability: -328.0635869
Agreement with demo: 7.5%
Current angular diffs: 93'

Selected number of demos: 32

-- Positive Demos --
 (536,3),  (538,3),  (541,3),  (542,3),  (544,3),  (546,3),  (549,3),  (524,5),  (499,5),  (472,0),  (387,4),  (330,2),  (327,2),  (296,2),  (265,4),  (233,4),  (203,4),  (172,4),  (143,0),  (86,0),  (59,3),  (32,3),  (36,3),  (40,3),  (41,3),  (73,3),  (75,3),  (77,3),  (79,3),  (83,3),  (54,2),  (53,6), 


[Timing] Time passed: 200.854536 s

Posterior Probability: -256.9611415
Agreement with demo: 8.6%
Current angular diffs: 97'

Selected number of demos: 71

-- Positive Demos --
 (535,3),  (536,3),  (537,3),  (538,3),  (540,3),  (541,3),  (542,3),  (516,3),  (544,3),  (545,3),  (546,3),  (547,3),  (548,3),  (549,3),  (550,5),  (524,5),  (525,5),  (498,5),  (499,5),  (472,5),  (472,0),  (444,0),  (415,4),  (387,4),  (358,4),  (330,2),  (329,2),  (327,2),  (326,2),  (297,2),  (296,2),  (294,4),  (265,4),  (264,2),  (235,2),  (233,4),  (203,4),  (202,2),  (174,2),  (172,4),  (171,4),  (143,0),  (114,0),  (86,0),  (59,5),  (59,3),  (32,3),  (33,3),  (35,3),  (36,3),  (37,3),  (38,3),  (40,3),  (41,3),  (42,3),  (43,3),  (73,3),  (75,3),  (76,3),  (77,3),  (78,3),  (79,3),  (80,3),  (81,3),  (83,3),  (83,5),  (54,2),  (54,6),  (53,6), 


[Timing] Time passed: 202.023618 s

Posterior Probability: -810.4772332
Agreement with demo: 7.5%
Current angular diffs: 88'

Selected number of demos: 27

-- Positive Demos --
 (535,3),  (540,3),  (516,3),  (546,3),  (549,3),  (498,5),  (499,5),  (472,0),  (358,4),  (326,2),  (294,4),  (264,2),  (233,4),  (203,4),  (202,2),  (172,4),  (143,0),  (114,0),  (32,3),  (37,3),  (42,3),  (73,3),  (76,3),  (80,3),  (83,5),  (54,2), 


[Timing] Time passed: 191.208323 s

Posterior Probability: -314.2129566
Agreement with demo: 18%
Current angular diffs: 76'

Selected number of demos: 37

-- Positive Demos --
 (535,3),  (537,3),  (540,3),  (541,3),  (516,3),  (545,3),  (547,3),  (550,5),  (498,5),  (499,5),  (472,0),  (444,0),  (358,4),  (330,2),  (329,2),  (327,2),  (296,2),  (294,4),  (265,4),  (235,2),  (233,4),  (203,4),  (202,2),  (172,4),  (114,0),  (59,3),  (33,3),  (37,3),  (38,3),  (40,3),  (42,3),  (73,3),  (75,3),  (76,3),  (79,3),  (83,3),  (54,6), 


[Timing] Time passed: 205.10258 s

Posterior Probability: -330.3190562
Agreement with demo: 19%
Current angular diffs: 81'

Selected number of demos: 28

-- Positive Demos --
 (535,3),  (536,3),  (540,3),  (541,3),  (516,3),  (546,3),  (547,3),  (550,5),  (525,5),  (472,0),  (415,4),  (329,2),  (297,2),  (265,4),  (233,4),  (172,4),  (114,0),  (59,5),  (32,3),  (35,3),  (38,3),  (41,3),  (73,3),  (78,3),  (83,3),  (54,6),  (53,6), 


[Timing] Time passed: 190.353192 s

Posterior Probability: -170.7323807
Agreement with demo: 15%
Current angular diffs: 76'

Selected number of demos: 19

-- Positive Demos --
 (538,3),  (544,3),  (549,3),  (525,5),  (472,5),  (415,4),  (330,2),  (296,2),  (264,2),  (203,4),  (174,2),  (86,0),  (33,3),  (35,3),  (40,3),  (75,3),  (78,3),  (83,5),  (54,6), 


[Timing] Time passed: 197.390725 s

Posterior Probability: -313.0607031
Agreement with demo: 20%
Current angular diffs: 76'

Selected number of demos: 48

-- Positive Demos --
 (535,3),  (536,3),  (537,3),  (540,3),  (542,3),  (544,3),  (545,3),  (546,3),  (548,3),  (550,5),  (525,5),  (499,5),  (472,5),  (444,0),  (415,4),  (358,4),  (329,2),  (327,2),  (326,2),  (296,2),  (294,4),  (264,2),  (235,2),  (203,4),  (202,2),  (174,2),  (172,4),  (143,0),  (86,0),  (59,5),  (59,3),  (32,3),  (33,3),  (35,3),  (37,3),  (38,3),  (41,3),  (43,3),  (75,3),  (76,3),  (77,3),  (78,3),  (79,3),  (80,3),  (83,3),  (83,5),  (54,6),  (53,6), 


[Timing] Time passed: 193.436651 s

Posterior Probability: -411.5338328
Agreement with demo: 5.4%
Current angular diffs: 92'

Selected number of demos: 27

-- Positive Demos --
 (535,3),  (540,3),  (516,3),  (545,3),  (549,3),  (550,5),  (499,5),  (415,4),  (330,2),  (326,2),  (265,4),  (264,2),  (233,4),  (174,2),  (171,4),  (143,0),  (59,3),  (35,3),  (37,3),  (38,3),  (40,3),  (43,3),  (73,3),  (75,3),  (79,3),  (54,2), 


[Timing] Time passed: 204.745776 s

Posterior Probability: -246.9794206
Agreement with demo: 9.7%
Current angular diffs: 87'

Selected number of demos: 24

-- Positive Demos --
 (535,3),  (540,3),  (542,3),  (544,3),  (547,3),  (548,3),  (525,5),  (498,5),  (415,4),  (387,4),  (330,2),  (329,2),  (326,2),  (264,2),  (202,2),  (172,4),  (143,0),  (32,3),  (35,3),  (41,3),  (42,3),  (77,3),  (83,3),  (54,6), 


[Timing] Time passed: 195.195147 s

Posterior Probability: -300.1742166
Agreement with demo: 6.5%
Current angular diffs: 90'

Selected number of demos: 49

-- Positive Demos --
 (535,3),  (537,3),  (540,3),  (541,3),  (542,3),  (544,3),  (545,3),  (546,3),  (548,3),  (550,5),  (524,5),  (498,5),  (472,5),  (444,0),  (387,4),  (330,2),  (327,2),  (326,2),  (296,2),  (294,4),  (265,4),  (264,2),  (235,2),  (203,4),  (174,2),  (171,4),  (143,0),  (86,0),  (59,5),  (59,3),  (32,3),  (35,3),  (37,3),  (38,3),  (40,3),  (41,3),  (42,3),  (43,3),  (73,3),  (75,3),  (76,3),  (78,3),  (80,3),  (81,3),  (83,3),  (83,5),  (54,6),  (53,6), 


[Timing] Time passed: 172.308305 s

Posterior Probability: -338.8281843
Agreement with demo: 13%
Current angular diffs: 83'

Selected number of demos: 30

-- Positive Demos --
 (537,3),  (542,3),  (516,3),  (545,3),  (547,3),  (548,3),  (549,3),  (525,5),  (498,5),  (472,5),  (444,0),  (358,4),  (330,2),  (327,2),  (326,2),  (265,4),  (264,2),  (202,2),  (171,4),  (143,0),  (114,0),  (86,0),  (32,3),  (33,3),  (37,3),  (41,3),  (75,3),  (79,3),  (83,5),  (54,6), 


[Timing] Time passed: 170.21444 s

Posterior Probability: -404.9367996
Agreement with demo: 18%
Current angular diffs: 80'

Selected number of demos: 36

-- Positive Demos --
 (535,3),  (538,3),  (541,3),  (516,3),  (545,3),  (548,3),  (550,5),  (525,5),  (472,5),  (415,4),  (387,4),  (358,4),  (330,2),  (326,2),  (294,4),  (264,2),  (235,2),  (233,4),  (202,2),  (172,4),  (171,4),  (143,0),  (59,5),  (32,3),  (33,3),  (37,3),  (40,3),  (42,3),  (43,3),  (73,3),  (77,3),  (79,3),  (83,3),  (83,5),  (53,6), 


[Timing] Time passed: 166.146242 s

Posterior Probability: -155.2041263
Agreement with demo: 15%
Current angular diffs: 86'

Selected number of demos: 71

-- Positive Demos --
 (535,3),  (536,3),  (537,3),  (538,3),  (540,3),  (541,3),  (542,3),  (516,3),  (544,3),  (545,3),  (546,3),  (547,3),  (548,3),  (549,3),  (550,5),  (524,5),  (525,5),  (498,5),  (499,5),  (472,5),  (472,0),  (444,0),  (415,4),  (387,4),  (358,4),  (330,2),  (329,2),  (327,2),  (326,2),  (297,2),  (296,2),  (294,4),  (265,4),  (264,2),  (235,2),  (233,4),  (203,4),  (202,2),  (174,2),  (172,4),  (171,4),  (143,0),  (114,0),  (86,0),  (59,5),  (59,3),  (32,3),  (33,3),  (35,3),  (36,3),  (37,3),  (38,3),  (40,3),  (41,3),  (42,3),  (43,3),  (73,3),  (75,3),  (76,3),  (77,3),  (78,3),  (79,3),  (80,3),  (81,3),  (83,3),  (83,5),  (54,2),  (54,6),  (53,6), 


[Timing] Time passed: 138.501092 s

Posterior Probability: -556.2635802
Agreement with demo: 5.4%
Current angular diffs: 96'

Selected number of demos: 22

-- Positive Demos --
 (537,3),  (540,3),  (545,3),  (549,3),  (499,5),  (444,0),  (415,4),  (387,4),  (327,2),  (294,4),  (264,2),  (174,2),  (171,4),  (86,0),  (59,3),  (32,3),  (38,3),  (41,3),  (75,3),  (80,3),  (83,5),  (53,6), 


[Timing] Time passed: 127.928054 s

Posterior Probability: -159.3611491
Agreement with demo: 6.5%
Current angular diffs: 93'

Selected number of demos: 71

-- Positive Demos --
 (535,3),  (536,3),  (537,3),  (538,3),  (540,3),  (541,3),  (542,3),  (516,3),  (544,3),  (545,3),  (546,3),  (547,3),  (548,3),  (549,3),  (550,5),  (524,5),  (525,5),  (498,5),  (499,5),  (472,5),  (472,0),  (444,0),  (415,4),  (387,4),  (358,4),  (330,2),  (329,2),  (327,2),  (326,2),  (297,2),  (296,2),  (294,4),  (265,4),  (264,2),  (235,2),  (233,4),  (203,4),  (202,2),  (174,2),  (172,4),  (171,4),  (143,0),  (114,0),  (86,0),  (59,5),  (59,3),  (32,3),  (33,3),  (35,3),  (36,3),  (37,3),  (38,3),  (40,3),  (41,3),  (42,3),  (43,3),  (73,3),  (75,3),  (76,3),  (77,3),  (78,3),  (79,3),  (80,3),  (81,3),  (83,3),  (83,5),  (54,2),  (54,6),  (53,6), 


[Timing] Time passed: 129.343532 s

Posterior Probability: -611.776576
Agreement with demo: 5.4%
Current angular diffs: 92'

Selected number of demos: 23

-- Positive Demos --
 (536,3),  (540,3),  (544,3),  (549,3),  (499,5),  (472,0),  (444,0),  (329,2),  (265,4),  (233,4),  (172,4),  (171,4),  (143,0),  (32,3),  (36,3),  (37,3),  (40,3),  (42,3),  (75,3),  (81,3),  (83,3),  (83,5),  (53,6), 


[Timing] Time passed: 127.683554 s

Posterior Probability: -143.7663388
Agreement with demo: 6.5%
Current angular diffs: 95'

Selected number of demos: 34

-- Positive Demos --
 (536,3),  (538,3),  (542,3),  (544,3),  (547,3),  (548,3),  (549,3),  (524,5),  (499,5),  (444,0),  (358,4),  (330,2),  (327,2),  (326,2),  (296,2),  (265,4),  (233,4),  (174,2),  (172,4),  (143,0),  (59,5),  (59,3),  (33,3),  (36,3),  (40,3),  (42,3),  (73,3),  (75,3),  (76,3),  (78,3),  (81,3),  (83,3),  (54,6),  (53,6), 


[Timing] Time passed: 130.176401 s

Posterior Probability: -213.5653995
Agreement with demo: 19%
Current angular diffs: 80'

Selected number of demos: 23

-- Positive Demos --
 (535,3),  (537,3),  (540,3),  (544,3),  (548,3),  (550,5),  (499,5),  (472,5),  (358,4),  (297,2),  (264,2),  (233,4),  (202,2),  (143,0),  (32,3),  (33,3),  (40,3),  (41,3),  (42,3),  (76,3),  (77,3),  (79,3),  (54,2), 


[Timing] Time passed: 128.580773 s

Posterior Probability: -366.2091734
Agreement with demo: 14%
Current angular diffs: 83'

Selected number of demos: 34

-- Positive Demos --
 (535,3),  (537,3),  (541,3),  (544,3),  (546,3),  (547,3),  (550,5),  (524,5),  (498,5),  (472,5),  (415,4),  (387,4),  (358,4),  (327,2),  (297,2),  (296,2),  (265,4),  (264,2),  (203,4),  (202,2),  (172,4),  (143,0),  (86,0),  (32,3),  (35,3),  (38,3),  (40,3),  (42,3),  (75,3),  (78,3),  (81,3),  (83,5),  (53,6), 


[Timing] Time passed: 129.764104 s

Posterior Probability: -339.5435272
Agreement with demo: 19%
Current angular diffs: 78'

Selected number of demos: 71

-- Positive Demos --
 (535,3),  (536,3),  (537,3),  (538,3),  (540,3),  (541,3),  (542,3),  (516,3),  (544,3),  (545,3),  (546,3),  (547,3),  (548,3),  (549,3),  (550,5),  (524,5),  (525,5),  (498,5),  (499,5),  (472,5),  (472,0),  (444,0),  (415,4),  (387,4),  (358,4),  (330,2),  (329,2),  (327,2),  (326,2),  (297,2),  (296,2),  (294,4),  (265,4),  (264,2),  (235,2),  (233,4),  (203,4),  (202,2),  (174,2),  (172,4),  (171,4),  (143,0),  (114,0),  (86,0),  (59,5),  (59,3),  (32,3),  (33,3),  (35,3),  (36,3),  (37,3),  (38,3),  (40,3),  (41,3),  (42,3),  (43,3),  (73,3),  (75,3),  (76,3),  (77,3),  (78,3),  (79,3),  (80,3),  (81,3),  (83,3),  (83,5),  (54,2),  (54,6),  (53,6), 


[Timing] Time passed: 108.314756 s

Posterior Probability: -715.5442427
Agreement with demo: 14%
Current angular diffs: 79'

Selected number of demos: 25

-- Positive Demos --
 (535,3),  (540,3),  (541,3),  (544,3),  (545,3),  (548,3),  (549,3),  (550,5),  (524,5),  (472,0),  (415,4),  (327,2),  (265,4),  (203,4),  (202,2),  (143,0),  (59,5),  (32,3),  (33,3),  (35,3),  (38,3),  (73,3),  (78,3),  (83,3),  (53,6), 


[Timing] Time passed: 106.470284 s

Posterior Probability: -153.1942639
Agreement with demo: 12%
Current angular diffs: 85'

Selected number of demos: 27

-- Positive Demos --
 (535,3),  (538,3),  (540,3),  (516,3),  (545,3),  (547,3),  (550,5),  (525,5),  (472,0),  (444,0),  (330,2),  (327,2),  (326,2),  (294,4),  (233,4),  (172,4),  (171,4),  (114,0),  (59,3),  (35,3),  (37,3),  (42,3),  (76,3),  (79,3),  (83,3),  (83,5),  (53,6), 


[Timing] Time passed: 106.476713 s

Posterior Probability: -273.7008107
Agreement with demo: 13%
Current angular diffs: 90'

Selected number of demos: 53

-- Positive Demos --
 (535,3),  (536,3),  (538,3),  (540,3),  (541,3),  (542,3),  (516,3),  (544,3),  (546,3),  (547,3),  (548,3),  (550,5),  (524,5),  (525,5),  (498,5),  (499,5),  (472,5),  (472,0),  (444,0),  (415,4),  (387,4),  (330,2),  (329,2),  (327,2),  (326,2),  (297,2),  (296,2),  (265,4),  (235,2),  (203,4),  (202,2),  (174,2),  (172,4),  (143,0),  (114,0),  (86,0),  (59,5),  (59,3),  (32,3),  (35,3),  (36,3),  (38,3),  (40,3),  (41,3),  (42,3),  (43,3),  (75,3),  (76,3),  (78,3),  (80,3),  (83,3),  (54,2),  (54,6), 


[Timing] Time passed: 104.768076 s

Posterior Probability: -245.6206113
Agreement with demo: 4.3%
Current angular diffs: 94'

Selected number of demos: 29

-- Positive Demos --
 (536,3),  (538,3),  (516,3),  (547,3),  (548,3),  (524,5),  (498,5),  (444,0),  (387,4),  (327,2),  (297,2),  (264,2),  (202,2),  (174,2),  (172,4),  (143,0),  (114,0),  (86,0),  (59,3),  (33,3),  (37,3),  (41,3),  (73,3),  (75,3),  (76,3),  (80,3),  (83,5),  (54,2),  (54,6), 


[Timing] Time passed: 103.983452 s

Posterior Probability: -421.0914478
Agreement with demo: 14%
Current angular diffs: 83'

Selected number of demos: 37

-- Positive Demos --
 (536,3),  (537,3),  (541,3),  (544,3),  (545,3),  (547,3),  (550,5),  (524,5),  (525,5),  (472,5),  (444,0),  (415,4),  (387,4),  (329,2),  (327,2),  (326,2),  (297,2),  (265,4),  (233,4),  (174,2),  (172,4),  (114,0),  (59,5),  (32,3),  (36,3),  (37,3),  (38,3),  (40,3),  (42,3),  (43,3),  (75,3),  (78,3),  (79,3),  (80,3),  (83,5),  (54,6), 


[Timing] Time passed: 104.399229 s

Posterior Probability: -140.4559794
Agreement with demo: 13%
Current angular diffs: 90'

Selected number of demos: 36

-- Positive Demos --
 (535,3),  (537,3),  (541,3),  (516,3),  (544,3),  (547,3),  (549,3),  (525,5),  (472,5),  (415,4),  (358,4),  (327,2),  (296,2),  (294,4),  (265,4),  (264,2),  (233,4),  (203,4),  (172,4),  (171,4),  (86,0),  (32,3),  (35,3),  (37,3),  (41,3),  (42,3),  (73,3),  (76,3),  (77,3),  (79,3),  (81,3),  (83,3),  (83,5),  (54,2),  (53,6), 


[Timing] Time passed: 106.112773 s

Posterior Probability: -336.1510035
Agreement with demo: 8.6%
Current angular diffs: 94'

Selected number of demos: 21

-- Positive Demos --
 (535,3),  (537,3),  (540,3),  (541,3),  (545,3),  (549,3),  (499,5),  (387,4),  (330,2),  (296,2),  (264,2),  (202,2),  (114,0),  (59,5),  (33,3),  (37,3),  (43,3),  (75,3),  (77,3),  (83,3),  (54,6), 


[Timing] Time passed: 105.470434 s

Posterior Probability: -98.95121142
Agreement with demo: 17%
Current angular diffs: 78'

Selected number of demos: 42

-- Positive Demos --
 (535,3),  (536,3),  (540,3),  (541,3),  (542,3),  (545,3),  (547,3),  (548,3),  (550,5),  (524,5),  (525,5),  (498,5),  (472,0),  (415,4),  (330,2),  (329,2),  (326,2),  (294,4),  (235,2),  (203,4),  (172,4),  (114,0),  (59,5),  (59,3),  (32,3),  (33,3),  (35,3),  (37,3),  (40,3),  (41,3),  (42,3),  (43,3),  (75,3),  (77,3),  (78,3),  (79,3),  (80,3),  (81,3),  (83,3),  (54,2),  (54,6),  (53,6), 


[Timing] Time passed: 108.050947 s

Posterior Probability: -173.0535457
Agreement with demo: 17%
Current angular diffs: 80'

Selected number of demos: 27

-- Positive Demos --
 (535,3),  (538,3),  (541,3),  (545,3),  (549,3),  (498,5),  (499,5),  (415,4),  (330,2),  (329,2),  (327,2),  (294,4),  (235,2),  (233,4),  (172,4),  (86,0),  (59,5),  (32,3),  (37,3),  (38,3),  (41,3),  (75,3),  (76,3),  (79,3),  (81,3),  (83,5),  (54,2), 


[Timing] Time passed: 83.876307 s

Posterior Probability: -226.6921103
Agreement with demo: 5.4%
Current angular diffs: 92'

-----------------------------
Avg angular diffs: 76'
-- learned weights --
Feature Weights: 0.77, -0.0535, 0.6095, -0.1, 
