loading features...

Initializing gridworld of size 28 by 22..
    Num states: 616
    Num actions: 8

Total number of demos: 38

Selected number of demos: 14

-- Positive Demos --
 (192,1),  (248,1),  (331,6),  (494,6),  (493,2),  (546,0),  (518,4),  (462,0),  (289,4),  (258,2),  (285,6),  (311,6),  (366,1),  (421,1), 


[Timing] Time passed: 639.542212 s

Posterior Probability: -973.0766145
Agreement with demo: 3.4%
Current angular diffs: 1.1e+02'

Selected number of demos: 22

-- Positive Demos --
 (219,1),  (276,1),  (276,6),  (331,6),  (357,6),  (385,6),  (439,6),  (467,6),  (494,6),  (520,2),  (518,4),  (462,0),  (377,4),  (290,4),  (259,2),  (258,2),  (258,6),  (311,6),  (337,6),  (366,1),  (421,1),  (449,1), 


[Timing] Time passed: 623.459068 s

Posterior Probability: -779.6955718
Agreement with demo: 5.2%
Current angular diffs: 1e+02'

Selected number of demos: 19

-- Positive Demos --
 (192,1),  (219,1),  (276,1),  (276,6),  (303,6),  (331,6),  (412,6),  (467,6),  (494,6),  (546,0),  (462,0),  (405,4),  (377,4),  (319,4),  (289,4),  (258,2),  (284,6),  (311,6),  (393,1), 


[Timing] Time passed: 621.064496 s

Posterior Probability: -1456.333314
Agreement with demo: 3.4%
Current angular diffs: 84'

Selected number of demos: 38

-- Positive Demos --
 (192,1),  (219,1),  (248,1),  (276,1),  (276,6),  (303,6),  (331,6),  (357,6),  (385,6),  (412,6),  (439,6),  (467,6),  (494,6),  (493,2),  (520,2),  (546,0),  (518,4),  (490,0),  (462,0),  (405,4),  (377,4),  (347,4),  (319,4),  (290,4),  (289,4),  (260,2),  (259,2),  (258,2),  (258,6),  (285,6),  (284,6),  (311,6),  (337,6),  (366,1),  (393,1),  (421,1),  (449,1), 


[Timing] Time passed: 610.525862 s

Posterior Probability: -1067.934351
Agreement with demo: 5.2%
Current angular diffs: 81'

Selected number of demos: 9

-- Positive Demos --
 (276,6),  (331,6),  (412,6),  (546,0),  (405,4),  (260,2),  (285,6),  (284,6),  (449,1), 


[Timing] Time passed: 569.861972 s

Posterior Probability: -164.5071446
Agreement with demo: 8.6%
Current angular diffs: 1e+02'

Selected number of demos: 13

-- Positive Demos --
 (192,1),  (276,1),  (357,6),  (412,6),  (467,6),  (546,0),  (462,0),  (347,4),  (260,2),  (285,6),  (337,6),  (393,1),  (449,1), 


[Timing] Time passed: 593.514906 s

Posterior Probability: -201.0789777
Agreement with demo: 12%
Current angular diffs: 95'

Selected number of demos: 19

-- Positive Demos --
 (248,1),  (276,1),  (303,6),  (331,6),  (357,6),  (385,6),  (439,6),  (493,2),  (546,0),  (462,0),  (377,4),  (290,4),  (259,2),  (258,6),  (285,6),  (311,6),  (337,6),  (421,1),  (449,1), 


[Timing] Time passed: 577.502073 s

Posterior Probability: -601.8129465
Agreement with demo: 3.4%
Current angular diffs: 97'

Selected number of demos: 14

-- Positive Demos --
 (219,1),  (303,6),  (412,6),  (494,6),  (493,2),  (520,2),  (462,0),  (405,4),  (347,4),  (289,4),  (258,2),  (258,6),  (311,6),  (366,1), 


[Timing] Time passed: 571.395663 s

Posterior Probability: -695.9870827
Agreement with demo: 10%
Current angular diffs: 78'

Selected number of demos: 14

-- Positive Demos --
 (192,1),  (219,1),  (248,1),  (276,1),  (357,6),  (467,6),  (546,0),  (462,0),  (347,4),  (289,4),  (258,2),  (258,6),  (311,6),  (393,1), 


[Timing] Time passed: 579.115437 s

Posterior Probability: -517.2435072
Agreement with demo: 3.4%
Current angular diffs: 96'

Selected number of demos: 22

-- Positive Demos --
 (219,1),  (276,1),  (303,6),  (357,6),  (385,6),  (412,6),  (439,6),  (467,6),  (493,2),  (546,0),  (490,0),  (462,0),  (405,4),  (377,4),  (319,4),  (289,4),  (259,2),  (258,6),  (284,6),  (337,6),  (393,1),  (449,1), 


[Timing] Time passed: 585.420059 s

Posterior Probability: -1786.482321
Agreement with demo: 6.9%
Current angular diffs: 90'

Selected number of demos: 18

-- Positive Demos --
 (219,1),  (248,1),  (303,6),  (385,6),  (467,6),  (493,2),  (518,4),  (462,0),  (347,4),  (319,4),  (289,4),  (258,2),  (285,6),  (284,6),  (311,6),  (366,1),  (393,1),  (449,1), 


[Timing] Time passed: 589.598095 s

Posterior Probability: -890.9268151
Agreement with demo: 5.2%
Current angular diffs: 1e+02'

Selected number of demos: 12

-- Positive Demos --
 (248,1),  (276,6),  (331,6),  (385,6),  (494,6),  (520,2),  (462,0),  (290,4),  (289,4),  (258,2),  (311,6),  (421,1), 


[Timing] Time passed: 573.104689 s

Posterior Probability: -800.9173673
Agreement with demo: 10%
Current angular diffs: 75'

Selected number of demos: 27

-- Positive Demos --
 (192,1),  (219,1),  (248,1),  (276,6),  (303,6),  (331,6),  (357,6),  (412,6),  (439,6),  (494,6),  (493,2),  (546,0),  (490,0),  (462,0),  (405,4),  (347,4),  (319,4),  (290,4),  (289,4),  (259,2),  (258,2),  (285,6),  (284,6),  (337,6),  (366,1),  (393,1),  (449,1), 


[Timing] Time passed: 582.575559 s

Posterior Probability: -966.8892104
Agreement with demo: 5.2%
Current angular diffs: 93'

Selected number of demos: 11

-- Positive Demos --
 (276,6),  (331,6),  (467,6),  (493,2),  (520,2),  (462,0),  (405,4),  (319,4),  (259,2),  (285,6),  (337,6), 


[Timing] Time passed: 575.191016 s

Posterior Probability: -474.0555872
Agreement with demo: 21%
Current angular diffs: 81'

Selected number of demos: 24

-- Positive Demos --
 (192,1),  (248,1),  (276,1),  (276,6),  (303,6),  (357,6),  (385,6),  (439,6),  (467,6),  (493,2),  (546,0),  (518,4),  (462,0),  (377,4),  (319,4),  (289,4),  (259,2),  (258,2),  (285,6),  (284,6),  (337,6),  (393,1),  (449,1), 


[Timing] Time passed: 581.287878 s

Posterior Probability: -529.6809327
Agreement with demo: 10%
Current angular diffs: 81'

Selected number of demos: 9

-- Positive Demos --
 (303,6),  (412,6),  (520,2),  (462,0),  (319,4),  (259,2),  (311,6),  (421,1),  (449,1), 


[Timing] Time passed: 553.472732 s

Posterior Probability: -339.4498968
Agreement with demo: 5.2%
Current angular diffs: 97'

Selected number of demos: 11

-- Positive Demos --
 (192,1),  (276,1),  (385,6),  (494,6),  (546,0),  (518,4),  (377,4),  (260,2),  (259,2),  (258,2),  (366,1), 


[Timing] Time passed: 544.030899 s

Posterior Probability: -661.0875019
Agreement with demo: 14%
Current angular diffs: 85'

Selected number of demos: 12

-- Positive Demos --
 (276,1),  (276,6),  (303,6),  (331,6),  (439,6),  (494,6),  (520,2),  (462,0),  (290,4),  (258,2),  (337,6),  (449,1), 


[Timing] Time passed: 540.153296 s

Posterior Probability: -297.9022817
Agreement with demo: 3.4%
Current angular diffs: 85'

Selected number of demos: 21

-- Positive Demos --
 (248,1),  (303,6),  (357,6),  (439,6),  (467,6),  (494,6),  (520,2),  (546,0),  (462,0),  (377,4),  (347,4),  (289,4),  (260,2),  (259,2),  (285,6),  (311,6),  (366,1),  (393,1),  (421,1),  (449,1), 


[Timing] Time passed: 496.869351 s

Posterior Probability: -926.0876881
Agreement with demo: 6.9%
Current angular diffs: 89'

Selected number of demos: 13

-- Positive Demos --
 (248,1),  (276,1),  (331,6),  (412,6),  (439,6),  (546,0),  (518,4),  (405,4),  (347,4),  (289,4),  (258,6),  (311,6),  (393,1), 


[Timing] Time passed: 518.532239 s

Posterior Probability: -1105.262531
Agreement with demo: 3.4%
Current angular diffs: 84'

Selected number of demos: 22

-- Positive Demos --
 (219,1),  (276,1),  (303,6),  (357,6),  (385,6),  (439,6),  (494,6),  (520,2),  (518,4),  (490,0),  (462,0),  (377,4),  (319,4),  (289,4),  (259,2),  (258,2),  (285,6),  (311,6),  (337,6),  (366,1),  (421,1), 


[Timing] Time passed: 520.852239 s

Posterior Probability: -1123.583697
Agreement with demo: 3.4%
Current angular diffs: 99'

Selected number of demos: 23

-- Positive Demos --
 (192,1),  (219,1),  (248,1),  (276,6),  (331,6),  (357,6),  (385,6),  (412,6),  (439,6),  (467,6),  (494,6),  (493,2),  (518,4),  (462,0),  (377,4),  (319,4),  (289,4),  (258,2),  (284,6),  (311,6),  (337,6),  (393,1), 


[Timing] Time passed: 514.164336 s

Posterior Probability: -699.7935699
Agreement with demo: 6.9%
Current angular diffs: 77'

Selected number of demos: 14

-- Positive Demos --
 (219,1),  (303,6),  (357,6),  (467,6),  (494,6),  (518,4),  (462,0),  (347,4),  (319,4),  (259,2),  (258,6),  (337,6),  (366,1),  (421,1), 


[Timing] Time passed: 511.749431 s

Posterior Probability: -703.2651431
Agreement with demo: 3.4%
Current angular diffs: 81'

Selected number of demos: 26

-- Positive Demos --
 (219,1),  (248,1),  (276,6),  (331,6),  (385,6),  (412,6),  (467,6),  (494,6),  (493,2),  (546,0),  (490,0),  (462,0),  (405,4),  (377,4),  (347,4),  (319,4),  (290,4),  (289,4),  (259,2),  (258,6),  (284,6),  (311,6),  (337,6),  (393,1),  (421,1),  (449,1), 


[Timing] Time passed: 521.610922 s

Posterior Probability: -1682.23369
Agreement with demo: 14%
Current angular diffs: 73'

Selected number of demos: 20

-- Positive Demos --
 (192,1),  (276,1),  (276,6),  (357,6),  (385,6),  (412,6),  (467,6),  (494,6),  (493,2),  (520,2),  (518,4),  (490,0),  (462,0),  (347,4),  (290,4),  (260,2),  (258,6),  (284,6),  (366,1),  (449,1), 


[Timing] Time passed: 528.961277 s

Posterior Probability: -707.5509151
Agreement with demo: 6.9%
Current angular diffs: 1e+02'

Selected number of demos: 18

-- Positive Demos --
 (219,1),  (276,1),  (331,6),  (412,6),  (439,6),  (467,6),  (494,6),  (546,0),  (490,0),  (462,0),  (377,4),  (290,4),  (259,2),  (258,2),  (258,6),  (284,6),  (337,6),  (421,1), 


[Timing] Time passed: 521.55604 s

Posterior Probability: -978.4966785
Agreement with demo: 6.9%
Current angular diffs: 86'

Selected number of demos: 25

-- Positive Demos --
 (219,1),  (276,1),  (276,6),  (331,6),  (385,6),  (412,6),  (439,6),  (467,6),  (494,6),  (520,2),  (518,4),  (462,0),  (377,4),  (347,4),  (319,4),  (290,4),  (260,2),  (258,2),  (285,6),  (284,6),  (311,6),  (337,6),  (393,1),  (449,1), 


[Timing] Time passed: 512.459626 s

Posterior Probability: -1749.651566
Agreement with demo: 1.7%
Current angular diffs: 85'

Selected number of demos: 25

-- Positive Demos --
 (192,1),  (219,1),  (248,1),  (276,1),  (303,6),  (331,6),  (385,6),  (439,6),  (494,6),  (493,2),  (520,2),  (518,4),  (462,0),  (405,4),  (377,4),  (347,4),  (319,4),  (290,4),  (260,2),  (258,2),  (285,6),  (311,6),  (366,1),  (421,1), 


[Timing] Time passed: 489.32468 s

Posterior Probability: -126.2843801
Agreement with demo: 21%
Current angular diffs: 77'

Selected number of demos: 17

-- Positive Demos --
 (248,1),  (303,6),  (331,6),  (385,6),  (412,6),  (494,6),  (546,0),  (490,0),  (462,0),  (405,4),  (377,4),  (290,4),  (289,4),  (260,2),  (258,6),  (311,6),  (393,1), 


[Timing] Time passed: 466.001807 s

Posterior Probability: -673.1518902
Agreement with demo: 1.7%
Current angular diffs: 1e+02'

Selected number of demos: 13

-- Positive Demos --
 (248,1),  (276,1),  (357,6),  (467,6),  (546,0),  (518,4),  (462,0),  (319,4),  (260,2),  (285,6),  (311,6),  (393,1),  (449,1), 


[Timing] Time passed: 487.609114 s

Posterior Probability: -403.8054002
Agreement with demo: 1.7%
Current angular diffs: 1.1e+02'

Selected number of demos: 18

-- Positive Demos --
 (192,1),  (248,1),  (276,1),  (357,6),  (439,6),  (493,2),  (520,2),  (518,4),  (462,0),  (377,4),  (347,4),  (319,4),  (259,2),  (285,6),  (311,6),  (337,6),  (366,1),  (393,1), 


[Timing] Time passed: 468.276976 s

Posterior Probability: -1426.21344
Agreement with demo: 6.9%
Current angular diffs: 81'

Selected number of demos: 10

-- Positive Demos --
 (248,1),  (276,1),  (412,6),  (494,6),  (462,0),  (347,4),  (319,4),  (258,6),  (311,6),  (421,1), 


[Timing] Time passed: 468.9283 s

Posterior Probability: -343.7677797
Agreement with demo: 5.2%
Current angular diffs: 97'

Selected number of demos: 38

-- Positive Demos --
 (192,1),  (219,1),  (248,1),  (276,1),  (276,6),  (303,6),  (331,6),  (357,6),  (385,6),  (412,6),  (439,6),  (467,6),  (494,6),  (493,2),  (520,2),  (546,0),  (518,4),  (490,0),  (462,0),  (405,4),  (377,4),  (347,4),  (319,4),  (290,4),  (289,4),  (260,2),  (259,2),  (258,2),  (258,6),  (285,6),  (284,6),  (311,6),  (337,6),  (366,1),  (393,1),  (421,1),  (449,1), 


[Timing] Time passed: 494.270696 s

Posterior Probability: -2178.797259
Agreement with demo: 3.4%
Current angular diffs: 82'

Selected number of demos: 16

-- Positive Demos --
 (219,1),  (303,6),  (331,6),  (412,6),  (493,2),  (520,2),  (546,0),  (462,0),  (405,4),  (377,4),  (347,4),  (319,4),  (259,2),  (285,6),  (366,1),  (449,1), 


[Timing] Time passed: 475.802805 s

Posterior Probability: -87.74968209
Agreement with demo: 16%
Current angular diffs: 92'

Selected number of demos: 21

-- Positive Demos --
 (248,1),  (276,1),  (303,6),  (357,6),  (385,6),  (439,6),  (493,2),  (520,2),  (518,4),  (462,0),  (377,4),  (347,4),  (319,4),  (289,4),  (259,2),  (258,2),  (285,6),  (311,6),  (337,6),  (421,1),  (449,1), 


[Timing] Time passed: 456.281597 s

Posterior Probability: -1081.903394
Agreement with demo: 6.9%
Current angular diffs: 85'

Selected number of demos: 14

-- Positive Demos --
 (219,1),  (303,6),  (412,6),  (494,6),  (546,0),  (518,4),  (462,0),  (377,4),  (289,4),  (260,2),  (285,6),  (284,6),  (393,1), 


[Timing] Time passed: 436.590356 s

Posterior Probability: -181.4298645
Agreement with demo: 19%
Current angular diffs: 85'

Selected number of demos: 19

-- Positive Demos --
 (192,1),  (276,1),  (276,6),  (331,6),  (357,6),  (385,6),  (412,6),  (467,6),  (520,2),  (518,4),  (490,0),  (405,4),  (377,4),  (290,4),  (260,2),  (258,6),  (311,6),  (337,6),  (421,1), 


[Timing] Time passed: 422.016783 s

Posterior Probability: -409.3354208
Agreement with demo: 3.4%
Current angular diffs: 95'

Selected number of demos: 10

-- Positive Demos --
 (219,1),  (303,6),  (385,6),  (467,6),  (520,2),  (462,0),  (405,4),  (319,4),  (258,6),  (366,1), 


[Timing] Time passed: 396.876444 s

Posterior Probability: -52.76470695
Agreement with demo: 8.6%
Current angular diffs: 90'

Selected number of demos: 11

-- Positive Demos --
 (248,1),  (331,6),  (357,6),  (494,6),  (546,0),  (462,0),  (290,4),  (258,2),  (284,6),  (337,6),  (421,1), 


[Timing] Time passed: 409.411102 s

Posterior Probability: -153.1548319
Agreement with demo: 12%
Current angular diffs: 87'

Selected number of demos: 24

-- Positive Demos --
 (219,1),  (276,1),  (303,6),  (357,6),  (412,6),  (439,6),  (494,6),  (493,2),  (520,2),  (518,4),  (462,0),  (377,4),  (347,4),  (290,4),  (289,4),  (259,2),  (258,6),  (285,6),  (311,6),  (337,6),  (366,1),  (393,1),  (421,1), 


[Timing] Time passed: 422.490894 s

Posterior Probability: -878.658014
Agreement with demo: 8.6%
Current angular diffs: 79'

Selected number of demos: 10

-- Positive Demos --
 (276,6),  (385,6),  (520,2),  (462,0),  (319,4),  (289,4),  (260,2),  (258,2),  (337,6),  (421,1), 


[Timing] Time passed: 396.521159 s

Posterior Probability: -105.6408066
Agreement with demo: 8.6%
Current angular diffs: 93'

Selected number of demos: 11

-- Positive Demos --
 (219,1),  (248,1),  (385,6),  (467,6),  (520,2),  (518,4),  (462,0),  (319,4),  (259,2),  (258,2),  (337,6), 


[Timing] Time passed: 396.456748 s

Posterior Probability: -138.0618775
Agreement with demo: 8.6%
Current angular diffs: 1e+02'

Selected number of demos: 23

-- Positive Demos --
 (219,1),  (248,1),  (276,6),  (331,6),  (357,6),  (412,6),  (467,6),  (494,6),  (493,2),  (546,0),  (518,4),  (462,0),  (405,4),  (347,4),  (290,4),  (289,4),  (259,2),  (258,2),  (285,6),  (311,6),  (337,6),  (393,1),  (449,1), 


[Timing] Time passed: 395.262432 s

Posterior Probability: -407.9834699
Agreement with demo: 3.4%
Current angular diffs: 1e+02'

Selected number of demos: 15

-- Positive Demos --
 (192,1),  (276,1),  (276,6),  (357,6),  (385,6),  (467,6),  (493,2),  (490,0),  (377,4),  (347,4),  (290,4),  (258,2),  (311,6),  (337,6),  (393,1), 


[Timing] Time passed: 378.143027 s

Posterior Probability: -306.9166935
Agreement with demo: 8.6%
Current angular diffs: 93'

Selected number of demos: 38

-- Positive Demos --
 (192,1),  (219,1),  (248,1),  (276,1),  (276,6),  (303,6),  (331,6),  (357,6),  (385,6),  (412,6),  (439,6),  (467,6),  (494,6),  (493,2),  (520,2),  (546,0),  (518,4),  (490,0),  (462,0),  (405,4),  (377,4),  (347,4),  (319,4),  (290,4),  (289,4),  (260,2),  (259,2),  (258,2),  (258,6),  (285,6),  (284,6),  (311,6),  (337,6),  (366,1),  (393,1),  (421,1),  (449,1), 


[Timing] Time passed: 391.331795 s

Posterior Probability: -2770.46275
Agreement with demo: 5.2%
Current angular diffs: 92'

Selected number of demos: 13

-- Positive Demos --
 (276,1),  (276,6),  (303,6),  (385,6),  (439,6),  (520,2),  (518,4),  (405,4),  (290,4),  (289,4),  (259,2),  (285,6),  (366,1), 


[Timing] Time passed: 390.394599 s

Posterior Probability: -639.3915648
Agreement with demo: 3.4%
Current angular diffs: 1e+02'

Selected number of demos: 38

-- Positive Demos --
 (192,1),  (219,1),  (248,1),  (276,1),  (276,6),  (303,6),  (331,6),  (357,6),  (385,6),  (412,6),  (439,6),  (467,6),  (494,6),  (493,2),  (520,2),  (546,0),  (518,4),  (490,0),  (462,0),  (405,4),  (377,4),  (347,4),  (319,4),  (290,4),  (289,4),  (260,2),  (259,2),  (258,2),  (258,6),  (285,6),  (284,6),  (311,6),  (337,6),  (366,1),  (393,1),  (421,1),  (449,1), 


[Timing] Time passed: 379.426354 s

Posterior Probability: -113.4259989
Agreement with demo: 8.6%
Current angular diffs: 95'

Selected number of demos: 19

-- Positive Demos --
 (192,1),  (248,1),  (276,1),  (303,6),  (331,6),  (385,6),  (467,6),  (493,2),  (520,2),  (546,0),  (462,0),  (347,4),  (289,4),  (260,2),  (258,2),  (284,6),  (337,6),  (421,1), 


[Timing] Time passed: 391.699666 s

Posterior Probability: -761.6555841
Agreement with demo: 5.2%
Current angular diffs: 83'

Selected number of demos: 29

-- Positive Demos --
 (192,1),  (248,1),  (276,6),  (303,6),  (331,6),  (385,6),  (412,6),  (439,6),  (494,6),  (520,2),  (546,0),  (518,4),  (462,0),  (405,4),  (377,4),  (347,4),  (319,4),  (290,4),  (289,4),  (260,2),  (259,2),  (258,2),  (258,6),  (284,6),  (337,6),  (393,1),  (421,1),  (449,1), 


[Timing] Time passed: 384.311905 s

Posterior Probability: -1530.277295
Agreement with demo: 6.9%
Current angular diffs: 1e+02'

Selected number of demos: 14

-- Positive Demos --
 (248,1),  (276,1),  (357,6),  (385,6),  (467,6),  (494,6),  (518,4),  (462,0),  (347,4),  (290,4),  (258,2),  (311,6),  (421,1), 


[Timing] Time passed: 352.427751 s

Posterior Probability: -240.9180744
Agreement with demo: 3.4%
Current angular diffs: 97'

-----------------------------
Avg angular diffs: 73'
-- learned weights --
Feature Weights: 0.6205, 0.358, -0.429, -0.1, 
