processing file :../birl_data/59_28_2_objects.txt

Initializing gridworld of size 32 by 24..
    Num states: 768
    Num actions: 8

Total number of demos: 85

Total number of good demos: 70

Selected number of demos: 70

-- Positive Demos --
 (685,3), 


 - [Timing] Time passed: 384.806046 s
- Current feature weights:-0.0002428571429, -0.001157142857, -0.0008571428571, -0.0001
 - Posterior Probability: -2.07944
 - Agreement with demo: 0%
 - Current angular diffs: 90'

-- Positive Demos --
 (689,3), 


 - [Timing] Time passed: 386.495143 s
- Current feature weights:-0.0009428571429, -0.003571428571, -0.0014, -0.0001
 - Posterior Probability: -2.07944
 - Agreement with demo: 0%
 - Current angular diffs: 90'

-- Positive Demos --
 (693,3), 


 - [Timing] Time passed: 411.00678 s
- Current feature weights:-0.001557142857, -0.005528571429, -0.0008571428571, -0.0001
 - Posterior Probability: -2.07944
 - Agreement with demo: 0%
 - Current angular diffs: 90'

-- Positive Demos --
 (699,3),  (708,3), 


 - [Timing] Time passed: 381.812761 s
- Current feature weights:-0.001557142857, -0.01012857143, 0.0002571428571, -0.0001
 - Posterior Probability: -4.15888
 - Agreement with demo: 0%
 - Current angular diffs: 67.5'

-- Positive Demos --
 (709,3),  (696,3),  (684,5),  (673,5),  (653,5),  (632,5), 


 - [Timing] Time passed: 411.41398 s
- Current feature weights:-1.428571429e-05, -0.02007142857, 0.0006, -0.0001
 - Posterior Probability: -12.4766
 - Agreement with demo: 0%
 - Current angular diffs: 120'

-- Positive Demos --
 (620,5),  (608,5),  (591,0),  (567,0),  (544,5),  (524,0),  (508,4),  (492,4),  (473,4),  (452,4),  (424,4), 


 - [Timing] Time passed: 372.739367 s
- Current feature weights:-0.009285714286, -0.03657142857, 0.02857142857, -0.0001
 - Posterior Probability: -22.8739
 - Agreement with demo: 36.3636%
 - Current angular diffs: 61.3636'

-- Positive Demos --
 (396,4),  (373,4), 


 - [Timing] Time passed: 374.217261 s
- Current feature weights:-0.01142857143, -0.03851428571, 0.03317142857, -0.0001
 - Posterior Probability: -4.15888
 - Agreement with demo: 50%
 - Current angular diffs: 45'

-- Positive Demos --
 (353,4),  (336,4), 


 - [Timing] Time passed: 372.55439 s
- Current feature weights:-0.01345714286, -0.03994285714, 0.0376, -0.0001
 - Posterior Probability: -4.15888
 - Agreement with demo: 50%
 - Current angular diffs: 90'

-- Positive Demos --
 (320,2),  (311,2), 


 - [Timing] Time passed: 372.300748 s
- Current feature weights:-0.01691428571, -0.04005714286, 0.04357142857, -0.0001
 - Posterior Probability: -4.15888
 - Agreement with demo: 50%
 - Current angular diffs: 67.5'

-- Positive Demos --
 (314,2),  (317,2),  (318,2),  (326,6),  (350,6),  (402,6),  (419,2),  (436,2),  (408,4), 


 - [Timing] Time passed: 379.465928 s
- Current feature weights:-0.03401428571, -0.02372857143, 0.077, -0.0001
 - Posterior Probability: -18.715
 - Agreement with demo: 0%
 - Current angular diffs: 120'

-- Positive Demos --
 (354,0),  (325,0),  (296,5), 


 - [Timing] Time passed: 342.447014 s
- Current feature weights:-0.041, -0.02132857143, 0.08518571429, -0.0001
 - Posterior Probability: -6.23832
 - Agreement with demo: 33.3333%
 - Current angular diffs: 90'

-- Positive Demos --
 (266,5),  (237,5),  (180,5),  (155,5), 


 - [Timing] Time passed: 207.034152 s
- Current feature weights:-0.05237142857, -0.01544285714, 0.09341428571, -0.0001
 - Posterior Probability: -8.31777
 - Agreement with demo: 50%
 - Current angular diffs: 56.25'

-- Positive Demos --
 (131,5),  (106,5),  (85,3), 


 - [Timing] Time passed: 271.674856 s
- Current feature weights:-0.0552, -0.01304285714, 0.1000142857, -0.0001
 - Posterior Probability: -6.23832
 - Agreement with demo: 33.3333%
 - Current angular diffs: 60'

-- Positive Demos --
 (73,3), 


 - [Timing] Time passed: 270.24474 s
- Current feature weights:-0.05837142857, -0.01251428571, 0.1035714286, -0.0001
 - Posterior Probability: -2.07944
 - Agreement with demo: 0%
 - Current angular diffs: 90'

-- Positive Demos --
 (68,3),  (67,3),  (70,3),  (80,3),  (95,3),  (99,3),  (97,3),  (98,3),  (103,3),  (105,3),  (107,3), 


 - [Timing] Time passed: 267.366073 s
- Current feature weights:-0.07172857143, 0.0087, 0.1306, -0.0001
 - Posterior Probability: -22.8739
 - Agreement with demo: 0%
 - Current angular diffs: 102.273'

-- Positive Demos --
 (113,3),  (126,7),  (140,7),  (151,7), 


 - [Timing] Time passed: 192.751654 s
- Current feature weights:-0.07841428571, 0.02001428571, 0.1402571429, -0.0001
 - Posterior Probability: -8.31777
 - Agreement with demo: 0%
 - Current angular diffs: 112.5'

-----------------------------
Avg angular diffs: 80.3571'
Total agreement with demo: 15.7143%
-- learned weights --
Final feature weights:-0.0784143, 0.0200143, 0.140257, -0.0001
