loading features...

Initializing gridworld of size 28 by 22..
    Num states: 616
    Num actions: 8

-- Positive Demos --
 (53,5),  (54,5),  (54,3),  (54,1),  (54,7),  (54,0),  (54,6),  (54,2),  (54,4),  (83,6),  (82,6),  (110,1),  (138,1),  (138,6),  (165,6),  (193,1),  (219,1),  (248,1),  (276,6),  (303,1),  (331,1),  (358,1),  (387,1),  (413,6),  (442,6),  (469,6),  (497,6),  (524,6),  (523,2),  (522,2),  (521,4),  (521,0),  (493,0),  (465,0),  (437,0),  (408,0),  (381,0),  (352,0),  (325,0),  (325,4),  (296,4),  (268,0),  (240,0),  (210,4),  (183,4),  (154,4),  (126,4),  (125,4),  (97,2),  (96,2),  (95,2),  (122,6),  (121,6),  (149,6),  (176,6),  (175,6),  (202,6),  (230,6),  (257,6),  (285,6),  (312,6),  (339,6),  (338,1),  (367,6),  (394,6),  (422,6),  (449,1),  (477,1),  (505,1),  (532,1),  (532,4),  (532,0),  (532,5),  (532,7),  (533,3),  (533,7), 


[Timing] Time passed: 166.026936 s

Posterior Probability: -201.5561019
Agreement with demo: 12%
Avg angular diffs: 85'

-- Positive Demos --
 (53,5),  (54,5),  (54,3),  (54,1),  (54,7),  (54,0),  (54,6),  (54,2),  (54,4),  (83,6),  (82,6),  (110,1),  (138,1),  (138,6),  (165,6),  (193,1),  (219,1),  (248,1),  (276,6),  (303,1),  (331,1),  (358,1),  (387,1),  (413,6),  (442,6),  (469,6),  (497,6),  (524,6),  (523,2),  (522,2),  (521,4),  (521,0),  (493,0),  (465,0),  (437,0),  (408,0),  (381,0),  (352,0),  (325,0),  (325,4),  (296,4),  (268,0),  (240,0),  (210,4),  (183,4),  (154,4),  (126,4),  (125,4),  (97,2),  (96,2),  (95,2),  (122,6),  (121,6),  (149,6),  (176,6),  (175,6),  (202,6),  (230,6),  (257,6),  (285,6),  (312,6),  (339,6),  (338,1),  (367,6),  (394,6),  (422,6),  (449,1),  (477,1),  (505,1),  (532,1),  (532,4),  (532,0),  (532,5),  (532,7),  (533,3),  (533,7), 


[Timing] Time passed: 166.644246 s

Posterior Probability: -497.5996482
Agreement with demo: 16%
Avg angular diffs: 96'

-- Positive Demos --
 (53,5),  (54,5),  (54,3),  (54,1),  (54,7),  (54,0),  (54,6),  (54,2),  (54,4),  (83,6),  (82,6),  (110,1),  (138,1),  (138,6),  (165,6),  (193,1),  (219,1),  (248,1),  (276,6),  (303,1),  (331,1),  (358,1),  (387,1),  (413,6),  (442,6),  (469,6),  (497,6),  (524,6),  (523,2),  (522,2),  (521,4),  (521,0),  (493,0),  (465,0),  (437,0),  (408,0),  (381,0),  (352,0),  (325,0),  (325,4),  (296,4),  (268,0),  (240,0),  (210,4),  (183,4),  (154,4),  (126,4),  (125,4),  (97,2),  (96,2),  (95,2),  (122,6),  (121,6),  (149,6),  (176,6),  (175,6),  (202,6),  (230,6),  (257,6),  (285,6),  (312,6),  (339,6),  (338,1),  (367,6),  (394,6),  (422,6),  (449,1),  (477,1),  (505,1),  (532,1),  (532,4),  (532,0),  (532,5),  (532,7),  (533,3),  (533,7), 


[Timing] Time passed: 156.449651 s

Posterior Probability: -256.3397004
Agreement with demo: 8.9%
Avg angular diffs: 97'

-- Positive Demos --
 (53,5),  (54,5),  (54,3),  (54,1),  (54,7),  (54,0),  (54,6),  (54,2),  (54,4),  (83,6),  (82,6),  (110,1),  (138,1),  (138,6),  (165,6),  (193,1),  (219,1),  (248,1),  (276,6),  (303,1),  (331,1),  (358,1),  (387,1),  (413,6),  (442,6),  (469,6),  (497,6),  (524,6),  (523,2),  (522,2),  (521,4),  (521,0),  (493,0),  (465,0),  (437,0),  (408,0),  (381,0),  (352,0),  (325,0),  (325,4),  (296,4),  (268,0),  (240,0),  (210,4),  (183,4),  (154,4),  (126,4),  (125,4),  (97,2),  (96,2),  (95,2),  (122,6),  (121,6),  (149,6),  (176,6),  (175,6),  (202,6),  (230,6),  (257,6),  (285,6),  (312,6),  (339,6),  (338,1),  (367,6),  (394,6),  (422,6),  (449,1),  (477,1),  (505,1),  (532,1),  (532,4),  (532,0),  (532,5),  (532,7),  (533,3),  (533,7), 


[Timing] Time passed: 165.347661 s

Posterior Probability: -448.9211662
Agreement with demo: 16%
Avg angular diffs: 92'

-- Positive Demos --
 (53,5),  (54,5),  (54,3),  (54,1),  (54,7),  (54,0),  (54,6),  (54,2),  (54,4),  (83,6),  (82,6),  (110,1),  (138,1),  (138,6),  (165,6),  (193,1),  (219,1),  (248,1),  (276,6),  (303,1),  (331,1),  (358,1),  (387,1),  (413,6),  (442,6),  (469,6),  (497,6),  (524,6),  (523,2),  (522,2),  (521,4),  (521,0),  (493,0),  (465,0),  (437,0),  (408,0),  (381,0),  (352,0),  (325,0),  (325,4),  (296,4),  (268,0),  (240,0),  (210,4),  (183,4),  (154,4),  (126,4),  (125,4),  (97,2),  (96,2),  (95,2),  (122,6),  (121,6),  (149,6),  (176,6),  (175,6),  (202,6),  (230,6),  (257,6),  (285,6),  (312,6),  (339,6),  (338,1),  (367,6),  (394,6),  (422,6),  (449,1),  (477,1),  (505,1),  (532,1),  (532,4),  (532,0),  (532,5),  (532,7),  (533,3),  (533,7), 


[Timing] Time passed: 158.419212 s

Posterior Probability: -249.3681048
Agreement with demo: 14%
Avg angular diffs: 91'

-- Positive Demos --
 (53,5),  (54,5),  (54,3),  (54,1),  (54,7),  (54,0),  (54,6),  (54,2),  (54,4),  (83,6),  (82,6),  (110,1),  (138,1),  (138,6),  (165,6),  (193,1),  (219,1),  (248,1),  (276,6),  (303,1),  (331,1),  (358,1),  (387,1),  (413,6),  (442,6),  (469,6),  (497,6),  (524,6),  (523,2),  (522,2),  (521,4),  (521,0),  (493,0),  (465,0),  (437,0),  (408,0),  (381,0),  (352,0),  (325,0),  (325,4),  (296,4),  (268,0),  (240,0),  (210,4),  (183,4),  (154,4),  (126,4),  (125,4),  (97,2),  (96,2),  (95,2),  (122,6),  (121,6),  (149,6),  (176,6),  (175,6),  (202,6),  (230,6),  (257,6),  (285,6),  (312,6),  (339,6),  (338,1),  (367,6),  (394,6),  (422,6),  (449,1),  (477,1),  (505,1),  (532,1),  (532,4),  (532,0),  (532,5),  (532,7),  (533,3),  (533,7), 


[Timing] Time passed: 175.90198 s

Posterior Probability: -1149.153269
Agreement with demo: 9.9%
Avg angular diffs: 96'

-- Positive Demos --
 (53,5),  (54,5),  (54,3),  (54,1),  (54,7),  (54,0),  (54,6),  (54,2),  (54,4),  (83,6),  (82,6),  (110,1),  (138,1),  (138,6),  (165,6),  (193,1),  (219,1),  (248,1),  (276,6),  (303,1),  (331,1),  (358,1),  (387,1),  (413,6),  (442,6),  (469,6),  (497,6),  (524,6),  (523,2),  (522,2),  (521,4),  (521,0),  (493,0),  (465,0),  (437,0),  (408,0),  (381,0),  (352,0),  (325,0),  (325,4),  (296,4),  (268,0),  (240,0),  (210,4),  (183,4),  (154,4),  (126,4),  (125,4),  (97,2),  (96,2),  (95,2),  (122,6),  (121,6),  (149,6),  (176,6),  (175,6),  (202,6),  (230,6),  (257,6),  (285,6),  (312,6),  (339,6),  (338,1),  (367,6),  (394,6),  (422,6),  (449,1),  (477,1),  (505,1),  (532,1),  (532,4),  (532,0),  (532,5),  (532,7),  (533,3),  (533,7), 


[Timing] Time passed: 181.446828 s

Posterior Probability: -1718.158207
Agreement with demo: 9.9%
Avg angular diffs: 99'

-- Positive Demos --
 (53,5),  (54,5),  (54,3),  (54,1),  (54,7),  (54,0),  (54,6),  (54,2),  (54,4),  (83,6),  (82,6),  (110,1),  (138,1),  (138,6),  (165,6),  (193,1),  (219,1),  (248,1),  (276,6),  (303,1),  (331,1),  (358,1),  (387,1),  (413,6),  (442,6),  (469,6),  (497,6),  (524,6),  (523,2),  (522,2),  (521,4),  (521,0),  (493,0),  (465,0),  (437,0),  (408,0),  (381,0),  (352,0),  (325,0),  (325,4),  (296,4),  (268,0),  (240,0),  (210,4),  (183,4),  (154,4),  (126,4),  (125,4),  (97,2),  (96,2),  (95,2),  (122,6),  (121,6),  (149,6),  (176,6),  (175,6),  (202,6),  (230,6),  (257,6),  (285,6),  (312,6),  (339,6),  (338,1),  (367,6),  (394,6),  (422,6),  (449,1),  (477,1),  (505,1),  (532,1),  (532,4),  (532,0),  (532,5),  (532,7),  (533,3),  (533,7), 


[Timing] Time passed: 166.675898 s

Posterior Probability: -398.5545345
Agreement with demo: 15%
Avg angular diffs: 92'

-- Positive Demos --
 (53,5),  (54,5),  (54,3),  (54,1),  (54,7),  (54,0),  (54,6),  (54,2),  (54,4),  (83,6),  (82,6),  (110,1),  (138,1),  (138,6),  (165,6),  (193,1),  (219,1),  (248,1),  (276,6),  (303,1),  (331,1),  (358,1),  (387,1),  (413,6),  (442,6),  (469,6),  (497,6),  (524,6),  (523,2),  (522,2),  (521,4),  (521,0),  (493,0),  (465,0),  (437,0),  (408,0),  (381,0),  (352,0),  (325,0),  (325,4),  (296,4),  (268,0),  (240,0),  (210,4),  (183,4),  (154,4),  (126,4),  (125,4),  (97,2),  (96,2),  (95,2),  (122,6),  (121,6),  (149,6),  (176,6),  (175,6),  (202,6),  (230,6),  (257,6),  (285,6),  (312,6),  (339,6),  (338,1),  (367,6),  (394,6),  (422,6),  (449,1),  (477,1),  (505,1),  (532,1),  (532,4),  (532,0),  (532,5),  (532,7),  (533,3),  (533,7), 


[Timing] Time passed: 175.490947 s

Posterior Probability: -633.7725111
Agreement with demo: 5.9%
Avg angular diffs: 1e+02'

-- Positive Demos --
 (53,5),  (54,5),  (54,3),  (54,1),  (54,7),  (54,0),  (54,6),  (54,2),  (54,4),  (83,6),  (82,6),  (110,1),  (138,1),  (138,6),  (165,6),  (193,1),  (219,1),  (248,1),  (276,6),  (303,1),  (331,1),  (358,1),  (387,1),  (413,6),  (442,6),  (469,6),  (497,6),  (524,6),  (523,2),  (522,2),  (521,4),  (521,0),  (493,0),  (465,0),  (437,0),  (408,0),  (381,0),  (352,0),  (325,0),  (325,4),  (296,4),  (268,0),  (240,0),  (210,4),  (183,4),  (154,4),  (126,4),  (125,4),  (97,2),  (96,2),  (95,2),  (122,6),  (121,6),  (149,6),  (176,6),  (175,6),  (202,6),  (230,6),  (257,6),  (285,6),  (312,6),  (339,6),  (338,1),  (367,6),  (394,6),  (422,6),  (449,1),  (477,1),  (505,1),  (532,1),  (532,4),  (532,0),  (532,5),  (532,7),  (533,3),  (533,7), 


[Timing] Time passed: 170.832683 s

Posterior Probability: -819.6522322
Agreement with demo: 15%
Avg angular diffs: 91'

-- Positive Demos --
 (53,5),  (54,5),  (54,3),  (54,1),  (54,7),  (54,0),  (54,6),  (54,2),  (54,4),  (83,6),  (82,6),  (110,1),  (138,1),  (138,6),  (165,6),  (193,1),  (219,1),  (248,1),  (276,6),  (303,1),  (331,1),  (358,1),  (387,1),  (413,6),  (442,6),  (469,6),  (497,6),  (524,6),  (523,2),  (522,2),  (521,4),  (521,0),  (493,0),  (465,0),  (437,0),  (408,0),  (381,0),  (352,0),  (325,0),  (325,4),  (296,4),  (268,0),  (240,0),  (210,4),  (183,4),  (154,4),  (126,4),  (125,4),  (97,2),  (96,2),  (95,2),  (122,6),  (121,6),  (149,6),  (176,6),  (175,6),  (202,6),  (230,6),  (257,6),  (285,6),  (312,6),  (339,6),  (338,1),  (367,6),  (394,6),  (422,6),  (449,1),  (477,1),  (505,1),  (532,1),  (532,4),  (532,0),  (532,5),  (532,7),  (533,3),  (533,7), 


[Timing] Time passed: 168.612765 s

Posterior Probability: -364.4440938
Agreement with demo: 18%
Avg angular diffs: 88'

-- Positive Demos --
 (53,5),  (54,5),  (54,3),  (54,1),  (54,7),  (54,0),  (54,6),  (54,2),  (54,4),  (83,6),  (82,6),  (110,1),  (138,1),  (138,6),  (165,6),  (193,1),  (219,1),  (248,1),  (276,6),  (303,1),  (331,1),  (358,1),  (387,1),  (413,6),  (442,6),  (469,6),  (497,6),  (524,6),  (523,2),  (522,2),  (521,4),  (521,0),  (493,0),  (465,0),  (437,0),  (408,0),  (381,0),  (352,0),  (325,0),  (325,4),  (296,4),  (268,0),  (240,0),  (210,4),  (183,4),  (154,4),  (126,4),  (125,4),  (97,2),  (96,2),  (95,2),  (122,6),  (121,6),  (149,6),  (176,6),  (175,6),  (202,6),  (230,6),  (257,6),  (285,6),  (312,6),  (339,6),  (338,1),  (367,6),  (394,6),  (422,6),  (449,1),  (477,1),  (505,1),  (532,1),  (532,4),  (532,0),  (532,5),  (532,7),  (533,3),  (533,7), 


[Timing] Time passed: 168.867756 s

Posterior Probability: -243.1451513
Agreement with demo: 14%
Avg angular diffs: 97'

-- Positive Demos --
 (53,5),  (54,5),  (54,3),  (54,1),  (54,7),  (54,0),  (54,6),  (54,2),  (54,4),  (83,6),  (82,6),  (110,1),  (138,1),  (138,6),  (165,6),  (193,1),  (219,1),  (248,1),  (276,6),  (303,1),  (331,1),  (358,1),  (387,1),  (413,6),  (442,6),  (469,6),  (497,6),  (524,6),  (523,2),  (522,2),  (521,4),  (521,0),  (493,0),  (465,0),  (437,0),  (408,0),  (381,0),  (352,0),  (325,0),  (325,4),  (296,4),  (268,0),  (240,0),  (210,4),  (183,4),  (154,4),  (126,4),  (125,4),  (97,2),  (96,2),  (95,2),  (122,6),  (121,6),  (149,6),  (176,6),  (175,6),  (202,6),  (230,6),  (257,6),  (285,6),  (312,6),  (339,6),  (338,1),  (367,6),  (394,6),  (422,6),  (449,1),  (477,1),  (505,1),  (532,1),  (532,4),  (532,0),  (532,5),  (532,7),  (533,3),  (533,7), 


[Timing] Time passed: 171.554702 s

Posterior Probability: -571.3015052
Agreement with demo: 14%
Avg angular diffs: 97'

-- Positive Demos --
 (53,5),  (54,5),  (54,3),  (54,1),  (54,7),  (54,0),  (54,6),  (54,2),  (54,4),  (83,6),  (82,6),  (110,1),  (138,1),  (138,6),  (165,6),  (193,1),  (219,1),  (248,1),  (276,6),  (303,1),  (331,1),  (358,1),  (387,1),  (413,6),  (442,6),  (469,6),  (497,6),  (524,6),  (523,2),  (522,2),  (521,4),  (521,0),  (493,0),  (465,0),  (437,0),  (408,0),  (381,0),  (352,0),  (325,0),  (325,4),  (296,4),  (268,0),  (240,0),  (210,4),  (183,4),  (154,4),  (126,4),  (125,4),  (97,2),  (96,2),  (95,2),  (122,6),  (121,6),  (149,6),  (176,6),  (175,6),  (202,6),  (230,6),  (257,6),  (285,6),  (312,6),  (339,6),  (338,1),  (367,6),  (394,6),  (422,6),  (449,1),  (477,1),  (505,1),  (532,1),  (532,4),  (532,0),  (532,5),  (532,7),  (533,3),  (533,7), 


[Timing] Time passed: 160.10189 s

Posterior Probability: -418.6112491
Agreement with demo: 17%
Avg angular diffs: 86'

-- Positive Demos --
 (53,5),  (54,5),  (54,3),  (54,1),  (54,7),  (54,0),  (54,6),  (54,2),  (54,4),  (83,6),  (82,6),  (110,1),  (138,1),  (138,6),  (165,6),  (193,1),  (219,1),  (248,1),  (276,6),  (303,1),  (331,1),  (358,1),  (387,1),  (413,6),  (442,6),  (469,6),  (497,6),  (524,6),  (523,2),  (522,2),  (521,4),  (521,0),  (493,0),  (465,0),  (437,0),  (408,0),  (381,0),  (352,0),  (325,0),  (325,4),  (296,4),  (268,0),  (240,0),  (210,4),  (183,4),  (154,4),  (126,4),  (125,4),  (97,2),  (96,2),  (95,2),  (122,6),  (121,6),  (149,6),  (176,6),  (175,6),  (202,6),  (230,6),  (257,6),  (285,6),  (312,6),  (339,6),  (338,1),  (367,6),  (394,6),  (422,6),  (449,1),  (477,1),  (505,1),  (532,1),  (532,4),  (532,0),  (532,5),  (532,7),  (533,3),  (533,7), 


[Timing] Time passed: 179.810433 s

Posterior Probability: -1010.748646
Agreement with demo: 9.9%
Avg angular diffs: 94'

-- Positive Demos --
 (53,5),  (54,5),  (54,3),  (54,1),  (54,7),  (54,0),  (54,6),  (54,2),  (54,4),  (83,6),  (82,6),  (110,1),  (138,1),  (138,6),  (165,6),  (193,1),  (219,1),  (248,1),  (276,6),  (303,1),  (331,1),  (358,1),  (387,1),  (413,6),  (442,6),  (469,6),  (497,6),  (524,6),  (523,2),  (522,2),  (521,4),  (521,0),  (493,0),  (465,0),  (437,0),  (408,0),  (381,0),  (352,0),  (325,0),  (325,4),  (296,4),  (268,0),  (240,0),  (210,4),  (183,4),  (154,4),  (126,4),  (125,4),  (97,2),  (96,2),  (95,2),  (122,6),  (121,6),  (149,6),  (176,6),  (175,6),  (202,6),  (230,6),  (257,6),  (285,6),  (312,6),  (339,6),  (338,1),  (367,6),  (394,6),  (422,6),  (449,1),  (477,1),  (505,1),  (532,1),  (532,4),  (532,0),  (532,5),  (532,7),  (533,3),  (533,7), 


[Timing] Time passed: 166.760843 s

Posterior Probability: -598.089754
Agreement with demo: 15%
Avg angular diffs: 92'

-- Positive Demos --
 (53,5),  (54,5),  (54,3),  (54,1),  (54,7),  (54,0),  (54,6),  (54,2),  (54,4),  (83,6),  (82,6),  (110,1),  (138,1),  (138,6),  (165,6),  (193,1),  (219,1),  (248,1),  (276,6),  (303,1),  (331,1),  (358,1),  (387,1),  (413,6),  (442,6),  (469,6),  (497,6),  (524,6),  (523,2),  (522,2),  (521,4),  (521,0),  (493,0),  (465,0),  (437,0),  (408,0),  (381,0),  (352,0),  (325,0),  (325,4),  (296,4),  (268,0),  (240,0),  (210,4),  (183,4),  (154,4),  (126,4),  (125,4),  (97,2),  (96,2),  (95,2),  (122,6),  (121,6),  (149,6),  (176,6),  (175,6),  (202,6),  (230,6),  (257,6),  (285,6),  (312,6),  (339,6),  (338,1),  (367,6),  (394,6),  (422,6),  (449,1),  (477,1),  (505,1),  (532,1),  (532,4),  (532,0),  (532,5),  (532,7),  (533,3),  (533,7), 


[Timing] Time passed: 162.324385 s

Posterior Probability: -386.2655524
Agreement with demo: 16%
Avg angular diffs: 89'

-- Positive Demos --
 (53,5),  (54,5),  (54,3),  (54,1),  (54,7),  (54,0),  (54,6),  (54,2),  (54,4),  (83,6),  (82,6),  (110,1),  (138,1),  (138,6),  (165,6),  (193,1),  (219,1),  (248,1),  (276,6),  (303,1),  (331,1),  (358,1),  (387,1),  (413,6),  (442,6),  (469,6),  (497,6),  (524,6),  (523,2),  (522,2),  (521,4),  (521,0),  (493,0),  (465,0),  (437,0),  (408,0),  (381,0),  (352,0),  (325,0),  (325,4),  (296,4),  (268,0),  (240,0),  (210,4),  (183,4),  (154,4),  (126,4),  (125,4),  (97,2),  (96,2),  (95,2),  (122,6),  (121,6),  (149,6),  (176,6),  (175,6),  (202,6),  (230,6),  (257,6),  (285,6),  (312,6),  (339,6),  (338,1),  (367,6),  (394,6),  (422,6),  (449,1),  (477,1),  (505,1),  (532,1),  (532,4),  (532,0),  (532,5),  (532,7),  (533,3),  (533,7), 


[Timing] Time passed: 170.905217 s

Posterior Probability: -756.0452594
Agreement with demo: 14%
Avg angular diffs: 92'

-- Positive Demos --
 (53,5),  (54,5),  (54,3),  (54,1),  (54,7),  (54,0),  (54,6),  (54,2),  (54,4),  (83,6),  (82,6),  (110,1),  (138,1),  (138,6),  (165,6),  (193,1),  (219,1),  (248,1),  (276,6),  (303,1),  (331,1),  (358,1),  (387,1),  (413,6),  (442,6),  (469,6),  (497,6),  (524,6),  (523,2),  (522,2),  (521,4),  (521,0),  (493,0),  (465,0),  (437,0),  (408,0),  (381,0),  (352,0),  (325,0),  (325,4),  (296,4),  (268,0),  (240,0),  (210,4),  (183,4),  (154,4),  (126,4),  (125,4),  (97,2),  (96,2),  (95,2),  (122,6),  (121,6),  (149,6),  (176,6),  (175,6),  (202,6),  (230,6),  (257,6),  (285,6),  (312,6),  (339,6),  (338,1),  (367,6),  (394,6),  (422,6),  (449,1),  (477,1),  (505,1),  (532,1),  (532,4),  (532,0),  (532,5),  (532,7),  (533,3),  (533,7), 


[Timing] Time passed: 169.839331 s

Posterior Probability: -564.8346544
Agreement with demo: 7.9%
Avg angular diffs: 92'

-- Positive Demos --
 (53,5),  (54,5),  (54,3),  (54,1),  (54,7),  (54,0),  (54,6),  (54,2),  (54,4),  (83,6),  (82,6),  (110,1),  (138,1),  (138,6),  (165,6),  (193,1),  (219,1),  (248,1),  (276,6),  (303,1),  (331,1),  (358,1),  (387,1),  (413,6),  (442,6),  (469,6),  (497,6),  (524,6),  (523,2),  (522,2),  (521,4),  (521,0),  (493,0),  (465,0),  (437,0),  (408,0),  (381,0),  (352,0),  (325,0),  (325,4),  (296,4),  (268,0),  (240,0),  (210,4),  (183,4),  (154,4),  (126,4),  (125,4),  (97,2),  (96,2),  (95,2),  (122,6),  (121,6),  (149,6),  (176,6),  (175,6),  (202,6),  (230,6),  (257,6),  (285,6),  (312,6),  (339,6),  (338,1),  (367,6),  (394,6),  (422,6),  (449,1),  (477,1),  (505,1),  (532,1),  (532,4),  (532,0),  (532,5),  (532,7),  (533,3),  (533,7), 


[Timing] Time passed: 151.54813 s

Posterior Probability: -496.6016857
Agreement with demo: 8.9%
Avg angular diffs: 96'
-- learned weights --
Feature Weights: 0.08275, 0.0435, 0.02025, -0.1, 
