loading features...

Initializing gridworld of size 28 by 22..
    Num states: 616
    Num actions: 8

Total number of demos: 61

Selected number of demos: 37

-- Positive Demos --
 (518,3),  (520,3),  (550,3),  (552,3),  (526,5),  (527,5),  (500,0),  (471,4),  (441,2),  (440,2),  (439,2),  (437,2),  (436,2),  (406,4),  (405,4),  (376,4),  (346,4),  (317,4),  (288,4),  (231,4),  (201,0),  (146,5),  (119,5),  (64,5),  (37,3),  (39,3),  (40,3),  (41,3),  (44,3),  (45,3),  (48,3),  (49,3),  (51,3),  (53,3),  (54,1),  (83,6), 


[Timing] Time passed: 161.702246 s

Posterior Probability: -159.7397264
Agreement with demo: 5.8%
Current angular diffs: 93'

Selected number of demos: 17

-- Positive Demos --
 (521,3),  (526,5),  (527,5),  (471,4),  (440,2),  (406,4),  (404,2),  (288,4),  (146,5),  (65,3),  (37,3),  (39,3),  (41,3),  (44,3),  (45,3),  (51,3),  (83,6), 


[Timing] Time passed: 165.049984 s

Posterior Probability: -339.3717622
Agreement with demo: 10%
Current angular diffs: 90'

Selected number of demos: 41

-- Positive Demos --
 (517,3),  (519,3),  (520,3),  (550,3),  (551,3),  (552,3),  (526,5),  (527,5),  (500,0),  (471,4),  (442,2),  (441,2),  (440,2),  (439,2),  (438,2),  (436,2),  (405,4),  (404,2),  (376,4),  (345,4),  (317,4),  (260,4),  (202,4),  (174,0),  (147,5),  (92,5),  (64,5),  (65,3),  (38,3),  (40,3),  (43,3),  (44,3),  (45,3),  (46,3),  (49,3),  (50,3),  (51,3),  (52,3),  (53,3),  (83,6), 


[Timing] Time passed: 158.677364 s

Posterior Probability: -201.8079509
Agreement with demo: 14%
Current angular diffs: 98'

Selected number of demos: 22

-- Positive Demos --
 (518,3),  (520,3),  (550,3),  (527,5),  (442,2),  (441,2),  (437,2),  (404,2),  (345,4),  (231,4),  (147,5),  (119,5),  (64,5),  (38,3),  (41,3),  (45,3),  (46,3),  (49,3),  (51,3),  (83,6), 


[Timing] Time passed: 160.927774 s

Posterior Probability: -63.21942263
Agreement with demo: 8.7%
Current angular diffs: 88'

Selected number of demos: 37

-- Positive Demos --
 (518,3),  (520,3),  (550,3),  (551,3),  (552,3),  (527,5),  (500,0),  (471,4),  (441,2),  (440,2),  (438,2),  (436,2),  (405,4),  (376,4),  (346,4),  (345,4),  (288,4),  (260,4),  (202,4),  (201,0),  (146,5),  (119,5),  (92,5),  (65,3),  (38,3),  (40,3),  (41,3),  (43,3),  (44,3),  (46,3),  (49,3),  (51,3),  (53,3),  (54,1),  (83,6), 


[Timing] Time passed: 163.478941 s

Posterior Probability: -159.3692036
Agreement with demo: 1.4%
Current angular diffs: 1e+02'

Selected number of demos: 61

-- Positive Demos --
 (517,3),  (518,3),  (519,3),  (520,3),  (521,3),  (550,3),  (551,3),  (552,3),  (526,5),  (527,5),  (500,0),  (471,4),  (442,2),  (441,2),  (440,2),  (439,2),  (438,2),  (437,2),  (436,2),  (406,4),  (405,4),  (404,2),  (376,4),  (346,4),  (345,4),  (317,4),  (288,4),  (260,4),  (231,4),  (202,4),  (201,0),  (174,0),  (146,5),  (147,5),  (119,5),  (92,5),  (64,5),  (65,3),  (37,3),  (38,3),  (39,3),  (40,3),  (41,3),  (43,3),  (44,3),  (45,3),  (46,3),  (48,3),  (49,3),  (50,3),  (51,3),  (52,3),  (53,3),  (54,1),  (83,6), 


[Timing] Time passed: 166.973793 s

Posterior Probability: -508.9260792
Agreement with demo: 13%
Current angular diffs: 84'

Selected number of demos: 42

-- Positive Demos --
 (518,3),  (520,3),  (550,3),  (551,3),  (526,5),  (527,5),  (500,0),  (471,4),  (441,2),  (440,2),  (438,2),  (436,2),  (406,4),  (405,4),  (376,4),  (345,4),  (317,4),  (288,4),  (260,4),  (231,4),  (202,4),  (201,0),  (174,0),  (147,5),  (119,5),  (92,5),  (64,5),  (37,3),  (39,3),  (41,3),  (43,3),  (44,3),  (46,3),  (49,3),  (51,3),  (52,3),  (53,3),  (83,6), 


[Timing] Time passed: 153.698069 s

Posterior Probability: -232.6736334
Agreement with demo: 22%
Current angular diffs: 74'

Selected number of demos: 61

-- Positive Demos --
 (517,3),  (518,3),  (519,3),  (520,3),  (521,3),  (550,3),  (551,3),  (552,3),  (526,5),  (527,5),  (500,0),  (471,4),  (442,2),  (441,2),  (440,2),  (439,2),  (438,2),  (437,2),  (436,2),  (406,4),  (405,4),  (404,2),  (376,4),  (346,4),  (345,4),  (317,4),  (288,4),  (260,4),  (231,4),  (202,4),  (201,0),  (174,0),  (146,5),  (147,5),  (119,5),  (92,5),  (64,5),  (65,3),  (37,3),  (38,3),  (39,3),  (40,3),  (41,3),  (43,3),  (44,3),  (45,3),  (46,3),  (48,3),  (49,3),  (50,3),  (51,3),  (52,3),  (53,3),  (54,1),  (83,6), 


[Timing] Time passed: 154.001299 s

Posterior Probability: -672.1677919
Agreement with demo: 8.7%
Current angular diffs: 93'

Selected number of demos: 61

-- Positive Demos --
 (517,3),  (518,3),  (519,3),  (520,3),  (521,3),  (550,3),  (551,3),  (552,3),  (526,5),  (527,5),  (500,0),  (471,4),  (442,2),  (441,2),  (440,2),  (439,2),  (438,2),  (437,2),  (436,2),  (406,4),  (405,4),  (404,2),  (376,4),  (346,4),  (345,4),  (317,4),  (288,4),  (260,4),  (231,4),  (202,4),  (201,0),  (174,0),  (146,5),  (147,5),  (119,5),  (92,5),  (64,5),  (65,3),  (37,3),  (38,3),  (39,3),  (40,3),  (41,3),  (43,3),  (44,3),  (45,3),  (46,3),  (48,3),  (49,3),  (50,3),  (51,3),  (52,3),  (53,3),  (54,1),  (83,6), 


[Timing] Time passed: 154.819942 s

Posterior Probability: -288.958758
Agreement with demo: 7.2%
Current angular diffs: 94'

Selected number of demos: 61

-- Positive Demos --
 (517,3),  (518,3),  (519,3),  (520,3),  (521,3),  (550,3),  (551,3),  (552,3),  (526,5),  (527,5),  (500,0),  (471,4),  (442,2),  (441,2),  (440,2),  (439,2),  (438,2),  (437,2),  (436,2),  (406,4),  (405,4),  (404,2),  (376,4),  (346,4),  (345,4),  (317,4),  (288,4),  (260,4),  (231,4),  (202,4),  (201,0),  (174,0),  (146,5),  (147,5),  (119,5),  (92,5),  (64,5),  (65,3),  (37,3),  (38,3),  (39,3),  (40,3),  (41,3),  (43,3),  (44,3),  (45,3),  (46,3),  (48,3),  (49,3),  (50,3),  (51,3),  (52,3),  (53,3),  (54,1),  (83,6), 


[Timing] Time passed: 157.517933 s

Posterior Probability: -321.1405641
Agreement with demo: 7.2%
Current angular diffs: 91'

Selected number of demos: 24

-- Positive Demos --
 (519,3),  (520,3),  (550,3),  (551,3),  (552,3),  (527,5),  (500,0),  (440,2),  (437,2),  (436,2),  (346,4),  (317,4),  (288,4),  (260,4),  (231,4),  (147,5),  (119,5),  (64,5),  (38,3),  (41,3),  (46,3),  (51,3),  (53,3),  (83,6), 


[Timing] Time passed: 160.995983 s

Posterior Probability: -204.9280878
Agreement with demo: 10%
Current angular diffs: 93'

Selected number of demos: 40

-- Positive Demos --
 (517,3),  (519,3),  (520,3),  (550,3),  (552,3),  (527,5),  (500,0),  (471,4),  (442,2),  (441,2),  (440,2),  (439,2),  (437,2),  (436,2),  (406,4),  (405,4),  (404,2),  (376,4),  (346,4),  (345,4),  (288,4),  (231,4),  (201,0),  (174,0),  (146,5),  (147,5),  (92,5),  (65,3),  (38,3),  (40,3),  (41,3),  (44,3),  (45,3),  (48,3),  (50,3),  (51,3),  (53,3),  (54,1), 


[Timing] Time passed: 156.484331 s

Posterior Probability: -276.8136372
Agreement with demo: 10%
Current angular diffs: 95'

Selected number of demos: 24

-- Positive Demos --
 (517,3),  (521,3),  (550,3),  (526,5),  (527,5),  (471,4),  (442,2),  (439,2),  (406,4),  (346,4),  (345,4),  (288,4),  (202,4),  (146,5),  (64,5),  (37,3),  (39,3),  (41,3),  (43,3),  (48,3),  (50,3),  (51,3),  (52,3),  (83,6), 


[Timing] Time passed: 161.660655 s

Posterior Probability: -142.0080512
Agreement with demo: 13%
Current angular diffs: 89'

Selected number of demos: 61

-- Positive Demos --
 (517,3),  (518,3),  (519,3),  (520,3),  (521,3),  (550,3),  (551,3),  (552,3),  (526,5),  (527,5),  (500,0),  (471,4),  (442,2),  (441,2),  (440,2),  (439,2),  (438,2),  (437,2),  (436,2),  (406,4),  (405,4),  (404,2),  (376,4),  (346,4),  (345,4),  (317,4),  (288,4),  (260,4),  (231,4),  (202,4),  (201,0),  (174,0),  (146,5),  (147,5),  (119,5),  (92,5),  (64,5),  (65,3),  (37,3),  (38,3),  (39,3),  (40,3),  (41,3),  (43,3),  (44,3),  (45,3),  (46,3),  (48,3),  (49,3),  (50,3),  (51,3),  (52,3),  (53,3),  (54,1),  (83,6), 


[Timing] Time passed: 151.024441 s

Posterior Probability: -273.5311129
Agreement with demo: 8.7%
Current angular diffs: 95'

Selected number of demos: 38

-- Positive Demos --
 (518,3),  (520,3),  (550,3),  (551,3),  (526,5),  (527,5),  (500,0),  (471,4),  (441,2),  (440,2),  (439,2),  (437,2),  (436,2),  (406,4),  (405,4),  (376,4),  (346,4),  (345,4),  (317,4),  (260,4),  (202,4),  (201,0),  (146,5),  (119,5),  (64,5),  (65,3),  (38,3),  (40,3),  (43,3),  (44,3),  (46,3),  (49,3),  (51,3),  (52,3),  (53,3),  (54,1),  (83,6), 


[Timing] Time passed: 148.874656 s

Posterior Probability: -155.5381114
Agreement with demo: 8.7%
Current angular diffs: 1e+02'

Selected number of demos: 61

-- Positive Demos --
 (517,3),  (518,3),  (519,3),  (520,3),  (521,3),  (550,3),  (551,3),  (552,3),  (526,5),  (527,5),  (500,0),  (471,4),  (442,2),  (441,2),  (440,2),  (439,2),  (438,2),  (437,2),  (436,2),  (406,4),  (405,4),  (404,2),  (376,4),  (346,4),  (345,4),  (317,4),  (288,4),  (260,4),  (231,4),  (202,4),  (201,0),  (174,0),  (146,5),  (147,5),  (119,5),  (92,5),  (64,5),  (65,3),  (37,3),  (38,3),  (39,3),  (40,3),  (41,3),  (43,3),  (44,3),  (45,3),  (46,3),  (48,3),  (49,3),  (50,3),  (51,3),  (52,3),  (53,3),  (54,1),  (83,6), 


[Timing] Time passed: 141.928765 s

Posterior Probability: -442.2771308
Agreement with demo: 10%
Current angular diffs: 97'

Selected number of demos: 40

-- Positive Demos --
 (517,3),  (519,3),  (520,3),  (521,3),  (551,3),  (552,3),  (527,5),  (500,0),  (471,4),  (441,2),  (440,2),  (439,2),  (438,2),  (436,2),  (406,4),  (405,4),  (404,2),  (376,4),  (346,4),  (317,4),  (260,4),  (202,4),  (201,0),  (146,5),  (119,5),  (92,5),  (65,3),  (37,3),  (39,3),  (41,3),  (44,3),  (45,3),  (48,3),  (50,3),  (51,3),  (52,3),  (53,3),  (83,6), 


[Timing] Time passed: 145.017402 s

Posterior Probability: -203.9901509
Agreement with demo: 8.7%
Current angular diffs: 87'

Selected number of demos: 19

-- Positive Demos --
 (519,3),  (550,3),  (551,3),  (500,0),  (442,2),  (440,2),  (439,2),  (406,4),  (376,4),  (260,4),  (202,4),  (146,5),  (65,3),  (40,3),  (46,3),  (49,3),  (53,3),  (54,1), 


[Timing] Time passed: 135.922786 s

Posterior Probability: -54.76122963
Agreement with demo: 10%
Current angular diffs: 84'

Selected number of demos: 18

-- Positive Demos --
 (519,3),  (526,5),  (471,4),  (441,2),  (436,2),  (406,4),  (346,4),  (317,4),  (202,4),  (119,5),  (38,3),  (43,3),  (45,3),  (49,3),  (52,3),  (53,3),  (83,6), 


[Timing] Time passed: 130.856302 s

Posterior Probability: -57.59234868
Agreement with demo: 4.3%
Current angular diffs: 1.1e+02'

Selected number of demos: 17

-- Positive Demos --
 (520,3),  (550,3),  (527,5),  (442,2),  (438,2),  (437,2),  (436,2),  (404,2),  (317,4),  (202,4),  (119,5),  (37,3),  (39,3),  (45,3),  (48,3),  (51,3),  (54,1), 


[Timing] Time passed: 123.223931 s

Posterior Probability: -206.6438913
Agreement with demo: 10%
Current angular diffs: 95'

Selected number of demos: 17

-- Positive Demos --
 (520,3),  (527,5),  (471,4),  (440,2),  (436,2),  (404,2),  (345,4),  (260,4),  (231,4),  (201,0),  (174,0),  (64,5),  (38,3),  (39,3),  (46,3),  (49,3),  (53,3), 


[Timing] Time passed: 125.624094 s

Posterior Probability: -128.2162797
Agreement with demo: 7.2%
Current angular diffs: 99'

Selected number of demos: 61

-- Positive Demos --
 (517,3),  (518,3),  (519,3),  (520,3),  (521,3),  (550,3),  (551,3),  (552,3),  (526,5),  (527,5),  (500,0),  (471,4),  (442,2),  (441,2),  (440,2),  (439,2),  (438,2),  (437,2),  (436,2),  (406,4),  (405,4),  (404,2),  (376,4),  (346,4),  (345,4),  (317,4),  (288,4),  (260,4),  (231,4),  (202,4),  (201,0),  (174,0),  (146,5),  (147,5),  (119,5),  (92,5),  (64,5),  (65,3),  (37,3),  (38,3),  (39,3),  (40,3),  (41,3),  (43,3),  (44,3),  (45,3),  (46,3),  (48,3),  (49,3),  (50,3),  (51,3),  (52,3),  (53,3),  (54,1),  (83,6), 


[Timing] Time passed: 134.060044 s

Posterior Probability: -259.4856235
Agreement with demo: 5.8%
Current angular diffs: 97'

Selected number of demos: 61

-- Positive Demos --
 (517,3),  (518,3),  (519,3),  (520,3),  (521,3),  (550,3),  (551,3),  (552,3),  (526,5),  (527,5),  (500,0),  (471,4),  (442,2),  (441,2),  (440,2),  (439,2),  (438,2),  (437,2),  (436,2),  (406,4),  (405,4),  (404,2),  (376,4),  (346,4),  (345,4),  (317,4),  (288,4),  (260,4),  (231,4),  (202,4),  (201,0),  (174,0),  (146,5),  (147,5),  (119,5),  (92,5),  (64,5),  (65,3),  (37,3),  (38,3),  (39,3),  (40,3),  (41,3),  (43,3),  (44,3),  (45,3),  (46,3),  (48,3),  (49,3),  (50,3),  (51,3),  (52,3),  (53,3),  (54,1),  (83,6), 


[Timing] Time passed: 116.211805 s

Posterior Probability: -275.8085441
Agreement with demo: 4.3%
Current angular diffs: 91'

Selected number of demos: 20

-- Positive Demos --
 (519,3),  (520,3),  (521,3),  (526,5),  (500,0),  (442,2),  (440,2),  (436,2),  (406,4),  (376,4),  (260,4),  (146,5),  (119,5),  (65,3),  (38,3),  (43,3),  (48,3),  (52,3),  (54,1),  (83,6), 


[Timing] Time passed: 115.002422 s

Posterior Probability: -376.0451166
Agreement with demo: 10%
Current angular diffs: 91'

Selected number of demos: 20

-- Positive Demos --
 (521,3),  (526,5),  (500,0),  (471,4),  (442,2),  (438,2),  (404,2),  (288,4),  (260,4),  (231,4),  (202,4),  (174,0),  (64,5),  (39,3),  (43,3),  (44,3),  (45,3),  (48,3),  (52,3),  (54,1), 


[Timing] Time passed: 106.638135 s

Posterior Probability: -47.18990433
Agreement with demo: 12%
Current angular diffs: 87'

-----------------------------
Avg angular diffs: 74'
-- learned weights --
Feature Weights: -0.41175, -0.7025, -0.53425, -0.1, 
