processing file :../birl_data/59_37_2_objects.txt

Initializing gridworld of size 32 by 24..
    Num states: 768
    Num actions: 8

Total number of demos: 79

Total number of good demos: 72

Selected number of demos: 72

-- Positive Demos --
 (185,2),  (187,2),  (190,2),  (194,6),  (208,1), 


 - [Timing] Time passed: 238.569049 s
- Current feature weights:-0.0075, -0.0002777777778, 0.005277777778, -0.0001
 - Posterior Probability: -10.3972
 - Agreement with demo: 0%
 - Current angular diffs: 90'

-- Positive Demos --
 (238,1),  (270,6),  (301,6),  (334,1), 


 - [Timing] Time passed: 248.509307 s
- Current feature weights:-0.01611111111, 0.002666666667, 0.01283333333, -0.0001
 - Posterior Probability: -8.31777
 - Agreement with demo: 0%
 - Current angular diffs: 78.75'

-- Positive Demos --
 (368,1),  (410,1), 


 - [Timing] Time passed: 212.258823 s
- Current feature weights:-0.02163888889, 0.002805555556, 0.02011111111, -0.0001
 - Posterior Probability: -4.15888
 - Agreement with demo: 0%
 - Current angular diffs: 67.5'

-- Positive Demos --
 (450,1),  (492,1),  (532,1),  (573,1), 


 - [Timing] Time passed: 236.790972 s
- Current feature weights:-0.03430555556, 0.006305555556, 0.03305555556, -0.0001
 - Posterior Probability: -8.31777
 - Agreement with demo: 50%
 - Current angular diffs: 45'

-- Positive Demos --
 (610,6),  (639,6),  (662,6), 


 - [Timing] Time passed: 289.518132 s
- Current feature weights:-0.04205555556, 0.002472222222, 0.04338888889, -0.0001
 - Posterior Probability: -6.23832
 - Agreement with demo: 0%
 - Current angular diffs: 90'

-- Positive Demos --
 (682,6),  (700,2),  (705,2),  (704,2),  (706,2),  (707,4),  (697,4), 


 - [Timing] Time passed: 207.595263 s
- Current feature weights:-0.06645833333, -0.009680555556, 0.06769444444, -0.0001
 - Posterior Probability: -14.5561
 - Agreement with demo: 0%
 - Current angular diffs: 90'

-- Positive Demos --
 (677,0),  (648,4),  (623,4), 


 - [Timing] Time passed: 242.647614 s
- Current feature weights:-0.079125, -0.01068055556, 0.08069444444, -0.0001
 - Posterior Probability: -6.23832
 - Agreement with demo: 66.6667%
 - Current angular diffs: 15'

-- Positive Demos --
 (594,4),  (565,4),  (534,4),  (508,4),  (482,4),  (454,0),  (421,0),  (384,0),  (347,0),  (312,5),  (280,5),  (249,0),  (221,4), 


 - [Timing] Time passed: 237.649835 s
- Current feature weights:-0.1551388889, -0.02006944444, 0.1397361111, -0.0001
 - Posterior Probability: -27.0327
 - Agreement with demo: 30.7692%
 - Current angular diffs: 55.3846'

-- Positive Demos --
 (195,4),  (171,4),  (149,4),  (136,2), 


 - [Timing] Time passed: 229.434157 s
- Current feature weights:-0.1810277778, -0.02568055556, 0.1532361111, -0.0001
 - Posterior Probability: -8.31777
 - Agreement with demo: 0%
 - Current angular diffs: 123.75'

-- Positive Demos --
 (130,2),  (125,2),  (131,6),  (153,6),  (178,6),  (210,1),  (245,1), 


 - [Timing] Time passed: 265.386365 s
- Current feature weights:-0.2366388889, -0.03968055556, 0.1777361111, -0.0001
 - Posterior Probability: -14.5561
 - Agreement with demo: 0%
 - Current angular diffs: 77.1429'

-- Positive Demos --
 (287,1),  (324,1),  (364,1),  (401,1), 


 - [Timing] Time passed: 211.813419 s
- Current feature weights:-0.2681388889, -0.04773611111, 0.1932916667, -0.0001
 - Posterior Probability: -8.31777
 - Agreement with demo: 25%
 - Current angular diffs: 101.25'

-- Positive Demos --
 (440,1),  (474,1), 


 - [Timing] Time passed: 229.329908 s
- Current feature weights:-0.2816666667, -0.05376388889, 0.201125, -0.0001
 - Posterior Probability: -4.15888
 - Agreement with demo: 0%
 - Current angular diffs: 135'

-- Positive Demos --
 (506,1),  (540,1),  (572,1),  (605,1),  (631,1),  (653,1), 


 - [Timing] Time passed: 277.256408 s
- Current feature weights:-0.322, -0.06734722222, 0.218875, -0.0001
 - Posterior Probability: -12.4766
 - Agreement with demo: 0%
 - Current angular diffs: 135'

-- Positive Demos --
 (671,7),  (679,3), 


 - [Timing] Time passed: 232.254902 s
- Current feature weights:-0.3361388889, -0.07345833333, 0.2305694444, -0.0001
 - Posterior Probability: -4.15888
 - Agreement with demo: 0%
 - Current angular diffs: 135'

-----------------------------
Avg angular diffs: 76.875'
Total agreement with demo: 12.5%
-- learned weights --
Final feature weights:-0.336139, -0.0734583, 0.230569, -0.0001
