loading features...

Initializing gridworld of size 28 by 22..
    Num states: 616
    Num actions: 8

Total number of demos: 64

Selected number of demos: 39

-- Positive Demos --
 (109,6),  (164,6),  (218,6),  (274,6),  (301,6),  (355,6),  (383,6),  (438,6),  (464,2),  (435,4),  (405,0),  (379,0),  (350,0),  (323,0),  (295,5),  (268,0),  (211,0),  (184,0),  (128,0),  (100,4),  (71,4),  (70,2),  (68,2),  (94,6),  (120,6),  (148,6),  (175,6),  (230,6),  (229,6),  (284,6),  (312,6),  (367,6),  (393,6),  (449,1),  (477,1),  (505,7),  (532,3), 


[Timing] Time passed: 159.465073 s

Posterior Probability: -209.5417474
Agreement with demo: 30%
Current angular diffs: 76'

Selected number of demos: 25

-- Positive Demos --
 (136,6),  (246,6),  (329,6),  (355,6),  (383,6),  (409,6),  (464,2),  (435,4),  (350,0),  (268,0),  (156,0),  (100,4),  (70,2),  (69,2),  (67,2),  (120,6),  (175,6),  (230,6),  (312,6),  (393,6),  (421,1),  (449,1),  (505,7),  (532,3), 


[Timing] Time passed: 159.323505 s

Posterior Probability: -58.68069271
Agreement with demo: 9.6%
Current angular diffs: 89'

Selected number of demos: 32

-- Positive Demos --
 (81,1),  (164,6),  (218,6),  (301,6),  (329,6),  (355,6),  (383,6),  (437,2),  (464,2),  (434,0),  (379,0),  (350,0),  (295,5),  (211,0),  (128,0),  (100,4),  (71,4),  (70,2),  (68,2),  (93,6),  (175,6),  (202,6),  (230,6),  (229,6),  (312,6),  (367,6),  (421,1),  (477,1),  (505,7),  (532,3), 


[Timing] Time passed: 164.387265 s

Posterior Probability: -103.0991551
Agreement with demo: 5.5%
Current angular diffs: 1.1e+02'

Selected number of demos: 14

-- Positive Demos --
 (191,1),  (329,6),  (409,6),  (435,4),  (323,5),  (156,0),  (128,4),  (71,4),  (94,6),  (175,6),  (230,6),  (338,6),  (477,1),  (505,7), 


[Timing] Time passed: 162.350832 s

Posterior Probability: -64.48594182
Agreement with demo: 11%
Current angular diffs: 1.1e+02'

Selected number of demos: 26

-- Positive Demos --
 (109,6),  (164,6),  (218,6),  (246,6),  (329,6),  (409,6),  (464,2),  (405,0),  (323,5),  (268,0),  (156,0),  (100,4),  (71,4),  (70,2),  (69,2),  (93,6),  (120,6),  (175,6),  (202,6),  (284,6),  (312,6),  (367,6),  (449,1),  (477,1),  (532,3), 


[Timing] Time passed: 163.095613 s

Posterior Probability: -119.6585811
Agreement with demo: 18%
Current angular diffs: 81'

Selected number of demos: 64

-- Positive Demos --
 (81,1),  (109,6),  (136,6),  (164,6),  (191,1),  (218,6),  (246,6),  (274,6),  (301,6),  (329,6),  (355,6),  (383,6),  (409,6),  (438,6),  (437,2),  (464,2),  (435,4),  (434,0),  (405,0),  (379,0),  (350,0),  (323,0),  (323,5),  (295,5),  (268,0),  (240,0),  (211,0),  (184,0),  (156,0),  (128,0),  (128,4),  (100,4),  (71,4),  (70,2),  (69,2),  (68,2),  (67,2),  (94,6),  (93,6),  (120,6),  (148,6),  (175,6),  (202,6),  (230,6),  (229,6),  (257,6),  (284,6),  (312,6),  (338,6),  (367,6),  (393,6),  (421,1),  (449,1),  (477,1),  (505,7),  (532,3), 


[Timing] Time passed: 167.05481 s

Posterior Probability: -235.4995035
Agreement with demo: 11%
Current angular diffs: 1.1e+02'

Selected number of demos: 42

-- Positive Demos --
 (109,6),  (164,6),  (218,6),  (274,6),  (329,6),  (355,6),  (383,6),  (438,6),  (464,2),  (435,4),  (434,0),  (379,0),  (323,0),  (295,5),  (240,0),  (184,0),  (156,0),  (128,4),  (100,4),  (71,4),  (70,2),  (69,2),  (67,2),  (93,6),  (148,6),  (202,6),  (230,6),  (229,6),  (284,6),  (338,6),  (367,6),  (393,6),  (421,1),  (449,1),  (477,1),  (505,7),  (532,3), 


[Timing] Time passed: 158.577694 s

Posterior Probability: -201.8995779
Agreement with demo: 11%
Current angular diffs: 1.1e+02'

Selected number of demos: 13

-- Positive Demos --
 (164,6),  (301,6),  (383,6),  (464,2),  (405,0),  (268,0),  (156,0),  (71,4),  (67,2),  (148,6),  (284,6),  (393,6),  (505,7), 


[Timing] Time passed: 152.762489 s

Posterior Probability: -140.0041943
Agreement with demo: 12%
Current angular diffs: 1.1e+02'

Selected number of demos: 30

-- Positive Demos --
 (81,1),  (136,6),  (164,6),  (218,6),  (246,6),  (301,6),  (355,6),  (409,6),  (437,2),  (464,2),  (435,4),  (379,0),  (323,0),  (268,0),  (240,0),  (184,0),  (128,4),  (100,4),  (70,2),  (69,2),  (94,6),  (93,6),  (148,6),  (230,6),  (284,6),  (338,6),  (421,1),  (477,1),  (505,7),  (532,3), 


[Timing] Time passed: 159.87539 s

Posterior Probability: -135.3864401
Agreement with demo: 21%
Current angular diffs: 74'

Selected number of demos: 17

-- Positive Demos --
 (136,6),  (274,6),  (383,6),  (464,2),  (435,4),  (405,0),  (268,0),  (211,0),  (128,0),  (71,4),  (94,6),  (148,6),  (230,6),  (284,6),  (449,1),  (477,1),  (505,7), 


[Timing] Time passed: 155.675223 s

Posterior Probability: -95.89793659
Agreement with demo: 22%
Current angular diffs: 76'

Selected number of demos: 42

-- Positive Demos --
 (109,6),  (136,6),  (164,6),  (218,6),  (246,6),  (301,6),  (355,6),  (383,6),  (409,6),  (437,2),  (464,2),  (435,4),  (434,0),  (405,0),  (350,0),  (323,0),  (295,5),  (268,0),  (211,0),  (184,0),  (128,0),  (100,4),  (71,4),  (70,2),  (69,2),  (67,2),  (93,6),  (120,6),  (148,6),  (202,6),  (229,6),  (284,6),  (338,6),  (367,6),  (421,1),  (449,1),  (477,1),  (505,7),  (532,3), 


[Timing] Time passed: 160.477489 s

Posterior Probability: -129.5317479
Agreement with demo: 12%
Current angular diffs: 1.1e+02'

Selected number of demos: 32

-- Positive Demos --
 (136,6),  (218,6),  (274,6),  (355,6),  (409,6),  (438,6),  (437,2),  (464,2),  (435,4),  (405,0),  (379,0),  (323,5),  (295,5),  (268,0),  (240,0),  (184,0),  (128,4),  (100,4),  (70,2),  (68,2),  (67,2),  (93,6),  (120,6),  (175,6),  (230,6),  (284,6),  (367,6),  (421,1),  (477,1),  (505,7),  (532,3), 


[Timing] Time passed: 160.54196 s

Posterior Probability: -144.0612884
Agreement with demo: 11%
Current angular diffs: 97'

Selected number of demos: 42

-- Positive Demos --
 (109,6),  (164,6),  (218,6),  (246,6),  (274,6),  (329,6),  (355,6),  (409,6),  (438,6),  (437,2),  (464,2),  (435,4),  (434,0),  (405,0),  (379,0),  (350,0),  (323,5),  (295,5),  (240,0),  (211,0),  (156,0),  (128,4),  (100,4),  (71,4),  (70,2),  (68,2),  (67,2),  (93,6),  (120,6),  (148,6),  (202,6),  (230,6),  (229,6),  (284,6),  (338,6),  (393,6),  (421,1),  (477,1),  (505,7),  (532,3), 


[Timing] Time passed: 159.243962 s

Posterior Probability: -203.6941946
Agreement with demo: 8.2%
Current angular diffs: 1.1e+02'

Selected number of demos: 31

-- Positive Demos --
 (109,6),  (191,1),  (274,6),  (329,6),  (383,6),  (409,6),  (464,2),  (435,4),  (405,0),  (323,0),  (268,0),  (184,0),  (156,0),  (128,0),  (71,4),  (70,2),  (69,2),  (94,6),  (120,6),  (148,6),  (202,6),  (229,6),  (312,6),  (338,6),  (393,6),  (449,1),  (477,1),  (505,7),  (532,3), 


[Timing] Time passed: 148.544104 s

Posterior Probability: -154.8163866
Agreement with demo: 12%
Current angular diffs: 1.1e+02'

Selected number of demos: 64

-- Positive Demos --
 (81,1),  (109,6),  (136,6),  (164,6),  (191,1),  (218,6),  (246,6),  (274,6),  (301,6),  (329,6),  (355,6),  (383,6),  (409,6),  (438,6),  (437,2),  (464,2),  (435,4),  (434,0),  (405,0),  (379,0),  (350,0),  (323,0),  (323,5),  (295,5),  (268,0),  (240,0),  (211,0),  (184,0),  (156,0),  (128,0),  (128,4),  (100,4),  (71,4),  (70,2),  (69,2),  (68,2),  (67,2),  (94,6),  (93,6),  (120,6),  (148,6),  (175,6),  (202,6),  (230,6),  (229,6),  (257,6),  (284,6),  (312,6),  (338,6),  (367,6),  (393,6),  (421,1),  (449,1),  (477,1),  (505,7),  (532,3), 


[Timing] Time passed: 152.830609 s

Posterior Probability: -166.7379108
Agreement with demo: 14%
Current angular diffs: 86'

Selected number of demos: 22

-- Positive Demos --
 (191,1),  (218,6),  (329,6),  (355,6),  (438,6),  (464,2),  (405,0),  (295,5),  (268,0),  (156,0),  (71,4),  (70,2),  (67,2),  (148,6),  (202,6),  (230,6),  (284,6),  (367,6),  (477,1),  (532,3), 


[Timing] Time passed: 147.097942 s

Posterior Probability: -99.69145348
Agreement with demo: 9.6%
Current angular diffs: 1e+02'

Selected number of demos: 35

-- Positive Demos --
 (109,6),  (191,1),  (218,6),  (246,6),  (274,6),  (329,6),  (355,6),  (438,6),  (437,2),  (464,2),  (435,4),  (405,0),  (379,0),  (323,0),  (323,5),  (295,5),  (211,0),  (156,0),  (128,4),  (71,4),  (70,2),  (67,2),  (120,6),  (148,6),  (202,6),  (257,6),  (284,6),  (312,6),  (367,6),  (393,6),  (449,1),  (477,1),  (505,7),  (532,3), 


[Timing] Time passed: 147.00714 s

Posterior Probability: -227.3363644
Agreement with demo: 8.2%
Current angular diffs: 1e+02'

Selected number of demos: 38

-- Positive Demos --
 (81,1),  (109,6),  (164,6),  (218,6),  (246,6),  (301,6),  (355,6),  (409,6),  (437,2),  (464,2),  (435,4),  (405,0),  (350,0),  (323,5),  (268,0),  (211,0),  (156,0),  (128,0),  (128,4),  (71,4),  (70,2),  (69,2),  (67,2),  (93,6),  (148,6),  (202,6),  (229,6),  (257,6),  (284,6),  (338,6),  (367,6),  (421,1),  (449,1),  (477,1),  (505,7),  (532,3), 


[Timing] Time passed: 153.492762 s

Posterior Probability: -166.5682126
Agreement with demo: 14%
Current angular diffs: 1.1e+02'

Selected number of demos: 34

-- Positive Demos --
 (109,6),  (136,6),  (164,6),  (218,6),  (274,6),  (301,6),  (355,6),  (383,6),  (437,2),  (435,4),  (405,0),  (350,0),  (323,5),  (268,0),  (211,0),  (156,0),  (128,0),  (100,4),  (70,2),  (67,2),  (120,6),  (148,6),  (230,6),  (257,6),  (284,6),  (338,6),  (367,6),  (393,6),  (421,1),  (477,1),  (505,7),  (532,3), 


[Timing] Time passed: 137.039346 s

Posterior Probability: -187.9070255
Agreement with demo: 8.2%
Current angular diffs: 1e+02'

Selected number of demos: 23

-- Positive Demos --
 (164,6),  (246,6),  (355,6),  (409,6),  (438,6),  (437,2),  (435,4),  (350,0),  (323,0),  (240,0),  (156,0),  (71,4),  (69,2),  (67,2),  (93,6),  (202,6),  (229,6),  (257,6),  (367,6),  (393,6),  (477,1),  (532,3), 


[Timing] Time passed: 120.049096 s

Posterior Probability: -96.31012318
Agreement with demo: 12%
Current angular diffs: 93'

Selected number of demos: 44

-- Positive Demos --
 (109,6),  (136,6),  (164,6),  (191,1),  (246,6),  (301,6),  (329,6),  (355,6),  (383,6),  (409,6),  (437,2),  (464,2),  (435,4),  (434,0),  (379,0),  (350,0),  (323,0),  (323,5),  (295,5),  (240,0),  (211,0),  (156,0),  (128,4),  (100,4),  (71,4),  (70,2),  (69,2),  (67,2),  (93,6),  (148,6),  (175,6),  (230,6),  (257,6),  (312,6),  (338,6),  (393,6),  (449,1),  (477,1),  (505,7),  (532,3), 


[Timing] Time passed: 137.26194 s

Posterior Probability: -278.8044253
Agreement with demo: 6.8%
Current angular diffs: 91'

Selected number of demos: 32

-- Positive Demos --
 (109,6),  (136,6),  (191,1),  (246,6),  (301,6),  (329,6),  (355,6),  (383,6),  (409,6),  (438,6),  (464,2),  (435,4),  (379,0),  (323,5),  (268,0),  (240,0),  (184,0),  (156,0),  (100,4),  (70,2),  (68,2),  (67,2),  (120,6),  (202,6),  (229,6),  (257,6),  (312,6),  (393,6),  (477,1),  (505,7), 


[Timing] Time passed: 126.489205 s

Posterior Probability: -101.6171487
Agreement with demo: 12%
Current angular diffs: 86'

Selected number of demos: 24

-- Positive Demos --
 (109,6),  (218,6),  (301,6),  (355,6),  (383,6),  (437,2),  (435,4),  (434,0),  (379,0),  (323,0),  (323,5),  (211,0),  (128,4),  (71,4),  (69,2),  (93,6),  (148,6),  (229,6),  (284,6),  (393,6),  (421,1),  (477,1),  (532,3), 


[Timing] Time passed: 133.701912 s

Posterior Probability: -153.152848
Agreement with demo: 6.8%
Current angular diffs: 1.1e+02'

Selected number of demos: 44

-- Positive Demos --
 (81,1),  (136,6),  (191,1),  (246,6),  (274,6),  (301,6),  (355,6),  (383,6),  (409,6),  (438,6),  (437,2),  (464,2),  (435,4),  (434,0),  (379,0),  (323,0),  (295,5),  (268,0),  (240,0),  (211,0),  (184,0),  (128,0),  (100,4),  (71,4),  (70,2),  (68,2),  (67,2),  (93,6),  (120,6),  (148,6),  (175,6),  (230,6),  (229,6),  (284,6),  (338,6),  (393,6),  (421,1),  (449,1),  (477,1),  (505,7),  (532,3), 


[Timing] Time passed: 123.880829 s

Posterior Probability: -152.0685715
Agreement with demo: 14%
Current angular diffs: 80'

Selected number of demos: 38

-- Positive Demos --
 (109,6),  (136,6),  (191,1),  (246,6),  (301,6),  (355,6),  (409,6),  (438,6),  (464,2),  (435,4),  (434,0),  (405,0),  (379,0),  (323,0),  (295,5),  (240,0),  (184,0),  (128,0),  (100,4),  (71,4),  (70,2),  (68,2),  (94,6),  (120,6),  (148,6),  (202,6),  (229,6),  (284,6),  (312,6),  (367,6),  (393,6),  (449,1),  (477,1),  (505,7),  (532,3), 


[Timing] Time passed: 101.120341 s

Posterior Probability: -169.5469293
Agreement with demo: 8.2%
Current angular diffs: 1e+02'

Selected number of demos: 64

-- Positive Demos --
 (81,1),  (109,6),  (136,6),  (164,6),  (191,1),  (218,6),  (246,6),  (274,6),  (301,6),  (329,6),  (355,6),  (383,6),  (409,6),  (438,6),  (437,2),  (464,2),  (435,4),  (434,0),  (405,0),  (379,0),  (350,0),  (323,0),  (323,5),  (295,5),  (268,0),  (240,0),  (211,0),  (184,0),  (156,0),  (128,0),  (128,4),  (100,4),  (71,4),  (70,2),  (69,2),  (68,2),  (67,2),  (94,6),  (93,6),  (120,6),  (148,6),  (175,6),  (202,6),  (230,6),  (229,6),  (257,6),  (284,6),  (312,6),  (338,6),  (367,6),  (393,6),  (421,1),  (449,1),  (477,1),  (505,7),  (532,3), 


[Timing] Time passed: 89.110523 s

Posterior Probability: -429.8264056
Agreement with demo: 12%
Current angular diffs: 87'

Selected number of demos: 43

-- Positive Demos --
 (109,6),  (136,6),  (164,6),  (218,6),  (246,6),  (301,6),  (329,6),  (355,6),  (409,6),  (438,6),  (464,2),  (435,4),  (434,0),  (405,0),  (379,0),  (350,0),  (323,0),  (295,5),  (240,0),  (184,0),  (128,0),  (128,4),  (71,4),  (70,2),  (69,2),  (67,2),  (93,6),  (120,6),  (148,6),  (202,6),  (230,6),  (257,6),  (284,6),  (338,6),  (367,6),  (393,6),  (449,1),  (477,1),  (505,7),  (532,3), 


[Timing] Time passed: 83.505006 s

Posterior Probability: -195.0524129
Agreement with demo: 11%
Current angular diffs: 1.1e+02'

Selected number of demos: 19

-- Positive Demos --
 (81,1),  (164,6),  (301,6),  (329,6),  (383,6),  (464,2),  (405,0),  (323,5),  (268,0),  (156,0),  (128,4),  (70,2),  (94,6),  (120,6),  (229,6),  (338,6),  (367,6),  (393,6),  (505,7), 


[Timing] Time passed: 92.600929 s

Posterior Probability: -63.46866094
Agreement with demo: 15%
Current angular diffs: 92'

Selected number of demos: 64

-- Positive Demos --
 (81,1),  (109,6),  (136,6),  (164,6),  (191,1),  (218,6),  (246,6),  (274,6),  (301,6),  (329,6),  (355,6),  (383,6),  (409,6),  (438,6),  (437,2),  (464,2),  (435,4),  (434,0),  (405,0),  (379,0),  (350,0),  (323,0),  (323,5),  (295,5),  (268,0),  (240,0),  (211,0),  (184,0),  (156,0),  (128,0),  (128,4),  (100,4),  (71,4),  (70,2),  (69,2),  (68,2),  (67,2),  (94,6),  (93,6),  (120,6),  (148,6),  (175,6),  (202,6),  (230,6),  (229,6),  (257,6),  (284,6),  (312,6),  (338,6),  (367,6),  (393,6),  (421,1),  (449,1),  (477,1),  (505,7),  (532,3), 


[Timing] Time passed: 90.550953 s

Posterior Probability: -278.6235855
Agreement with demo: 14%
Current angular diffs: 86'

Selected number of demos: 31

-- Positive Demos --
 (81,1),  (164,6),  (191,1),  (218,6),  (301,6),  (355,6),  (409,6),  (438,6),  (437,2),  (435,4),  (405,0),  (323,0),  (323,5),  (295,5),  (240,0),  (184,0),  (128,4),  (71,4),  (70,2),  (69,2),  (94,6),  (148,6),  (230,6),  (257,6),  (338,6),  (393,6),  (421,1),  (477,1),  (505,7),  (532,3), 


[Timing] Time passed: 83.45173 s

Posterior Probability: -174.8399824
Agreement with demo: 8.2%
Current angular diffs: 90'

Selected number of demos: 20

-- Positive Demos --
 (191,1),  (246,6),  (355,6),  (409,6),  (464,2),  (405,0),  (350,0),  (323,0),  (268,0),  (128,0),  (71,4),  (68,2),  (120,6),  (175,6),  (202,6),  (257,6),  (367,6),  (393,6),  (477,1),  (505,7), 


[Timing] Time passed: 81.996828 s

Posterior Probability: -98.02650721
Agreement with demo: 4.1%
Current angular diffs: 1e+02'

Selected number of demos: 18

-- Positive Demos --
 (191,1),  (329,6),  (438,6),  (464,2),  (405,0),  (350,0),  (323,0),  (211,0),  (184,0),  (128,0),  (100,4),  (71,4),  (67,2),  (175,6),  (229,6),  (367,6),  (477,1),  (505,7), 


[Timing] Time passed: 73.274915 s

Posterior Probability: -77.17135013
Agreement with demo: 8.2%
Current angular diffs: 1.1e+02'

Selected number of demos: 31

-- Positive Demos --
 (81,1),  (164,6),  (246,6),  (274,6),  (329,6),  (383,6),  (438,6),  (437,2),  (464,2),  (434,0),  (350,0),  (323,0),  (268,0),  (211,0),  (184,0),  (128,0),  (128,4),  (71,4),  (70,2),  (68,2),  (67,2),  (120,6),  (148,6),  (230,6),  (257,6),  (338,6),  (393,6),  (449,1),  (477,1),  (505,7), 


[Timing] Time passed: 73.534453 s

Posterior Probability: -96.3939422
Agreement with demo: 4.1%
Current angular diffs: 96'

Selected number of demos: 64

-- Positive Demos --
 (81,1),  (109,6),  (136,6),  (164,6),  (191,1),  (218,6),  (246,6),  (274,6),  (301,6),  (329,6),  (355,6),  (383,6),  (409,6),  (438,6),  (437,2),  (464,2),  (435,4),  (434,0),  (405,0),  (379,0),  (350,0),  (323,0),  (323,5),  (295,5),  (268,0),  (240,0),  (211,0),  (184,0),  (156,0),  (128,0),  (128,4),  (100,4),  (71,4),  (70,2),  (69,2),  (68,2),  (67,2),  (94,6),  (93,6),  (120,6),  (148,6),  (175,6),  (202,6),  (230,6),  (229,6),  (257,6),  (284,6),  (312,6),  (338,6),  (367,6),  (393,6),  (421,1),  (449,1),  (477,1),  (505,7),  (532,3), 


[Timing] Time passed: 74.386998 s

Posterior Probability: -459.3749162
Agreement with demo: 11%
Current angular diffs: 1.1e+02'

Selected number of demos: 42

-- Positive Demos --
 (109,6),  (136,6),  (164,6),  (218,6),  (274,6),  (329,6),  (355,6),  (383,6),  (409,6),  (438,6),  (437,2),  (464,2),  (435,4),  (405,0),  (379,0),  (350,0),  (323,0),  (295,5),  (268,0),  (240,0),  (184,0),  (128,0),  (100,4),  (71,4),  (70,2),  (69,2),  (68,2),  (67,2),  (93,6),  (148,6),  (175,6),  (230,6),  (229,6),  (284,6),  (338,6),  (393,6),  (449,1),  (477,1),  (505,7),  (532,3), 


[Timing] Time passed: 77.759884 s

Posterior Probability: -202.8674485
Agreement with demo: 11%
Current angular diffs: 1.1e+02'

Selected number of demos: 30

-- Positive Demos --
 (109,6),  (164,6),  (218,6),  (274,6),  (355,6),  (383,6),  (438,6),  (464,2),  (435,4),  (434,0),  (350,0),  (323,0),  (268,0),  (240,0),  (211,0),  (156,0),  (100,4),  (71,4),  (70,2),  (68,2),  (93,6),  (148,6),  (202,6),  (257,6),  (284,6),  (312,6),  (393,6),  (477,1),  (505,7), 


[Timing] Time passed: 81.852534 s

Posterior Probability: -210.2999578
Agreement with demo: 11%
Current angular diffs: 96'

Selected number of demos: 44

-- Positive Demos --
 (109,6),  (136,6),  (164,6),  (218,6),  (246,6),  (274,6),  (301,6),  (329,6),  (355,6),  (383,6),  (409,6),  (438,6),  (437,2),  (464,2),  (435,4),  (434,0),  (379,0),  (350,0),  (323,0),  (295,5),  (240,0),  (211,0),  (156,0),  (128,4),  (100,4),  (71,4),  (70,2),  (69,2),  (67,2),  (94,6),  (120,6),  (175,6),  (202,6),  (229,6),  (284,6),  (312,6),  (367,6),  (421,1),  (449,1),  (477,1),  (505,7),  (532,3), 


[Timing] Time passed: 83.488825 s

Posterior Probability: -339.0606984
Agreement with demo: 11%
Current angular diffs: 1.1e+02'

Selected number of demos: 41

-- Positive Demos --
 (81,1),  (136,6),  (191,1),  (218,6),  (246,6),  (274,6),  (329,6),  (355,6),  (409,6),  (437,2),  (464,2),  (435,4),  (405,0),  (350,0),  (323,0),  (323,5),  (268,0),  (211,0),  (156,0),  (128,4),  (71,4),  (70,2),  (69,2),  (67,2),  (94,6),  (93,6),  (148,6),  (175,6),  (230,6),  (257,6),  (284,6),  (312,6),  (338,6),  (367,6),  (421,1),  (477,1),  (505,7),  (532,3), 


[Timing] Time passed: 81.746379 s

Posterior Probability: -101.2324131
Agreement with demo: 9.6%
Current angular diffs: 88'

Selected number of demos: 23

-- Positive Demos --
 (136,6),  (218,6),  (301,6),  (329,6),  (409,6),  (438,6),  (464,2),  (405,0),  (323,5),  (295,5),  (184,0),  (156,0),  (128,0),  (71,4),  (70,2),  (67,2),  (93,6),  (148,6),  (202,6),  (284,6),  (393,6),  (477,1),  (532,3), 


[Timing] Time passed: 82.794638 s

Posterior Probability: -123.9913698
Agreement with demo: 5.5%
Current angular diffs: 93'

Selected number of demos: 27

-- Positive Demos --
 (164,6),  (191,1),  (274,6),  (355,6),  (437,2),  (464,2),  (435,4),  (379,0),  (350,0),  (268,0),  (211,0),  (128,0),  (128,4),  (71,4),  (70,2),  (94,6),  (148,6),  (175,6),  (202,6),  (230,6),  (229,6),  (367,6),  (421,1),  (449,1),  (505,7), 


[Timing] Time passed: 83.847865 s

Posterior Probability: -72.10370729
Agreement with demo: 6.8%
Current angular diffs: 1.1e+02'

Selected number of demos: 18

-- Positive Demos --
 (109,6),  (246,6),  (355,6),  (409,6),  (437,2),  (434,0),  (379,0),  (323,0),  (240,0),  (128,0),  (71,4),  (70,2),  (69,2),  (67,2),  (148,6),  (229,6),  (393,6),  (505,7), 


[Timing] Time passed: 82.405024 s

Posterior Probability: -131.9104508
Agreement with demo: 11%
Current angular diffs: 90'

Selected number of demos: 26

-- Positive Demos --
 (164,6),  (191,1),  (301,6),  (355,6),  (383,6),  (438,6),  (437,2),  (464,2),  (435,4),  (379,0),  (295,5),  (240,0),  (156,0),  (128,0),  (71,4),  (70,2),  (68,2),  (93,6),  (202,6),  (230,6),  (284,6),  (393,6),  (449,1),  (477,1),  (532,3), 


[Timing] Time passed: 86.637651 s

Posterior Probability: -174.6077943
Agreement with demo: 8.2%
Current angular diffs: 1.1e+02'

Selected number of demos: 64

-- Positive Demos --
 (81,1),  (109,6),  (136,6),  (164,6),  (191,1),  (218,6),  (246,6),  (274,6),  (301,6),  (329,6),  (355,6),  (383,6),  (409,6),  (438,6),  (437,2),  (464,2),  (435,4),  (434,0),  (405,0),  (379,0),  (350,0),  (323,0),  (323,5),  (295,5),  (268,0),  (240,0),  (211,0),  (184,0),  (156,0),  (128,0),  (128,4),  (100,4),  (71,4),  (70,2),  (69,2),  (68,2),  (67,2),  (94,6),  (93,6),  (120,6),  (148,6),  (175,6),  (202,6),  (230,6),  (229,6),  (257,6),  (284,6),  (312,6),  (338,6),  (367,6),  (393,6),  (421,1),  (449,1),  (477,1),  (505,7),  (532,3), 


[Timing] Time passed: 81.198817 s

Posterior Probability: -179.9253935
Agreement with demo: 18%
Current angular diffs: 81'

Selected number of demos: 39

-- Positive Demos --
 (109,6),  (136,6),  (164,6),  (191,1),  (246,6),  (301,6),  (355,6),  (383,6),  (438,6),  (464,2),  (435,4),  (434,0),  (405,0),  (350,0),  (323,5),  (268,0),  (211,0),  (184,0),  (128,0),  (100,4),  (71,4),  (70,2),  (69,2),  (67,2),  (94,6),  (120,6),  (175,6),  (230,6),  (257,6),  (284,6),  (312,6),  (367,6),  (393,6),  (421,1),  (477,1),  (505,7),  (532,3), 


[Timing] Time passed: 80.478904 s

Posterior Probability: -199.0206376
Agreement with demo: 9.6%
Current angular diffs: 91'

Selected number of demos: 31

-- Positive Demos --
 (136,6),  (164,6),  (218,6),  (329,6),  (355,6),  (383,6),  (438,6),  (437,2),  (435,4),  (405,0),  (350,0),  (323,5),  (211,0),  (184,0),  (156,0),  (128,0),  (71,4),  (68,2),  (94,6),  (93,6),  (120,6),  (175,6),  (202,6),  (230,6),  (284,6),  (367,6),  (393,6),  (477,1),  (505,7), 


[Timing] Time passed: 80.906493 s

Posterior Probability: -108.2086338
Agreement with demo: 14%
Current angular diffs: 94'

Selected number of demos: 16

-- Positive Demos --
 (191,1),  (246,6),  (383,6),  (464,2),  (435,4),  (434,0),  (323,5),  (268,0),  (128,4),  (71,4),  (68,2),  (120,6),  (175,6),  (284,6),  (421,1),  (532,3), 


[Timing] Time passed: 73.250356 s

Posterior Probability: -49.88674406
Agreement with demo: 21%
Current angular diffs: 80'

-----------------------------
Avg angular diffs: 74'
-- learned weights --
Feature Weights: -0.08625, -0.218, -0.86075, -0.1, 
