loading features...

Initializing gridworld of size 28 by 22..
    Num states: 616
    Num actions: 8

Total number of demos: 108

Selected number of demos: 34

-- Positive Demos --
 (539,7),  (570,3),  (545,3),  (546,3),  (548,3),  (552,3),  (530,5),  (443,2),  (441,4),  (439,2),  (435,2),  (404,4),  (404,2),  (318,4),  (262,0),  (204,2),  (203,2),  (201,2),  (200,0),  (118,0),  (63,3),  (65,5),  (68,3),  (154,7),  (211,1),  (241,0),  (185,0),  (75,3),  (77,5),  (49,3),  (51,5),  (53,3),  (54,4), 


[Timing] Time passed: 161.916298 s

Posterior Probability: -202.9726377
Agreement with demo: 18%
Current angular diffs: 90'

Selected number of demos: 108

-- Positive Demos --
 (539,7),  (540,3),  (570,3),  (542,3),  (544,3),  (545,3),  (546,3),  (547,3),  (548,3),  (549,3),  (550,3),  (551,3),  (552,3),  (553,3),  (554,3),  (555,3),  (556,5),  (530,5),  (501,4),  (473,4),  (472,2),  (443,2),  (442,2),  (441,4),  (440,2),  (439,2),  (438,4),  (437,4),  (408,2),  (407,2),  (435,2),  (434,4),  (404,4),  (404,2),  (376,2),  (375,4),  (346,0),  (318,4),  (290,0),  (289,5),  (262,5),  (262,0),  (234,0),  (205,0),  (206,0),  (178,6),  (178,2),  (204,2),  (203,2),  (202,2),  (201,2),  (201,4),  (200,0),  (173,0),  (118,0),  (90,5),  (90,3),  (63,3),  (91,3),  (64,5),  (65,5),  (65,3),  (66,7),  (67,7),  (67,3),  (68,3),  (69,7),  (98,1),  (126,7),  (154,7),  (155,7),  (184,7),  (211,1),  (211,7),  (241,5),  (241,0),  (212,0),  (185,0),  (185,5),  (158,5),  (130,5),  (102,5),  (103,5),  (75,3),  (76,3),  (77,5),  (49,3),  (50,3),  (51,3),  (51,5),  (52,5),  (53,3),  (54,5),  (54,4), 


[Timing] Time passed: 166.110949 s

Posterior Probability: -521.8361873
Agreement with demo: 18%
Current angular diffs: 84'

Selected number of demos: 58

-- Positive Demos --
 (539,7),  (540,3),  (542,3),  (545,3),  (546,3),  (548,3),  (550,3),  (551,3),  (553,3),  (554,3),  (555,3),  (556,5),  (530,5),  (473,4),  (443,2),  (441,4),  (440,2),  (438,4),  (437,4),  (408,2),  (435,2),  (404,4),  (375,4),  (318,4),  (289,5),  (262,0),  (206,0),  (204,2),  (203,2),  (201,2),  (201,4),  (173,0),  (118,0),  (63,3),  (91,3),  (65,3),  (66,7),  (67,3),  (68,3),  (69,7),  (126,7),  (184,7),  (211,1),  (241,0),  (185,5),  (130,5),  (102,5),  (76,3),  (77,5),  (49,3),  (51,3),  (51,5),  (52,5),  (53,3),  (54,4), 


[Timing] Time passed: 166.293692 s

Posterior Probability: -540.6444983
Agreement with demo: 10%
Current angular diffs: 95'

Selected number of demos: 69

-- Positive Demos --
 (540,3),  (542,3),  (545,3),  (546,3),  (548,3),  (550,3),  (551,3),  (552,3),  (554,3),  (555,3),  (556,5),  (530,5),  (501,4),  (473,4),  (472,2),  (443,2),  (442,2),  (441,4),  (440,2),  (439,2),  (437,4),  (407,2),  (435,2),  (434,4),  (404,2),  (375,4),  (346,0),  (318,4),  (290,0),  (289,5),  (262,0),  (234,0),  (205,0),  (178,6),  (178,2),  (204,2),  (203,2),  (201,2),  (200,0),  (173,0),  (90,5),  (90,3),  (91,3),  (65,5),  (66,7),  (67,3),  (69,7),  (126,7),  (155,7),  (211,1),  (211,7),  (241,5),  (241,0),  (212,0),  (185,5),  (130,5),  (102,5),  (75,3),  (76,3),  (77,5),  (49,3),  (50,3),  (51,3),  (51,5),  (53,3),  (54,5), 


[Timing] Time passed: 166.150634 s

Posterior Probability: -631.0520412
Agreement with demo: 12%
Current angular diffs: 86'

Selected number of demos: 108

-- Positive Demos --
 (539,7),  (540,3),  (570,3),  (542,3),  (544,3),  (545,3),  (546,3),  (547,3),  (548,3),  (549,3),  (550,3),  (551,3),  (552,3),  (553,3),  (554,3),  (555,3),  (556,5),  (530,5),  (501,4),  (473,4),  (472,2),  (443,2),  (442,2),  (441,4),  (440,2),  (439,2),  (438,4),  (437,4),  (408,2),  (407,2),  (435,2),  (434,4),  (404,4),  (404,2),  (376,2),  (375,4),  (346,0),  (318,4),  (290,0),  (289,5),  (262,5),  (262,0),  (234,0),  (205,0),  (206,0),  (178,6),  (178,2),  (204,2),  (203,2),  (202,2),  (201,2),  (201,4),  (200,0),  (173,0),  (118,0),  (90,5),  (90,3),  (63,3),  (91,3),  (64,5),  (65,5),  (65,3),  (66,7),  (67,7),  (67,3),  (68,3),  (69,7),  (98,1),  (126,7),  (154,7),  (155,7),  (184,7),  (211,1),  (211,7),  (241,5),  (241,0),  (212,0),  (185,0),  (185,5),  (158,5),  (130,5),  (102,5),  (103,5),  (75,3),  (76,3),  (77,5),  (49,3),  (50,3),  (51,3),  (51,5),  (52,5),  (53,3),  (54,5),  (54,4), 


[Timing] Time passed: 168.108693 s

Posterior Probability: -654.5573876
Agreement with demo: 22%
Current angular diffs: 85'

Selected number of demos: 31

-- Positive Demos --
 (540,3),  (545,3),  (546,3),  (547,3),  (550,3),  (552,3),  (556,5),  (530,5),  (443,2),  (440,2),  (439,2),  (435,2),  (404,4),  (346,0),  (262,5),  (206,0),  (203,2),  (201,2),  (118,0),  (64,5),  (68,3),  (98,1),  (155,7),  (241,5),  (185,0),  (75,3),  (50,3),  (51,3),  (51,5),  (54,4), 


[Timing] Time passed: 163.653244 s

Posterior Probability: -219.8401633
Agreement with demo: 20%
Current angular diffs: 88'

Selected number of demos: 45

-- Positive Demos --
 (540,3),  (545,3),  (546,3),  (547,3),  (551,3),  (552,3),  (553,3),  (554,3),  (530,5),  (473,4),  (472,2),  (442,2),  (440,2),  (439,2),  (438,4),  (435,2),  (404,4),  (376,2),  (375,4),  (346,0),  (290,0),  (289,5),  (262,0),  (206,0),  (178,6),  (204,2),  (201,2),  (201,4),  (173,0),  (118,0),  (91,3),  (64,5),  (67,7),  (67,3),  (69,7),  (155,7),  (184,7),  (241,5),  (185,5),  (103,5),  (75,3),  (49,3),  (50,3),  (53,3),  (54,5), 


[Timing] Time passed: 166.664343 s

Posterior Probability: -501.7426209
Agreement with demo: 23%
Current angular diffs: 81'

Selected number of demos: 72

-- Positive Demos --
 (540,3),  (542,3),  (544,3),  (546,3),  (547,3),  (548,3),  (549,3),  (551,3),  (553,3),  (555,3),  (556,5),  (530,5),  (501,4),  (473,4),  (472,2),  (443,2),  (442,2),  (441,4),  (440,2),  (439,2),  (438,4),  (437,4),  (408,2),  (407,2),  (435,2),  (434,4),  (404,4),  (376,2),  (375,4),  (346,0),  (318,4),  (290,0),  (289,5),  (262,0),  (234,0),  (205,0),  (178,6),  (204,2),  (203,2),  (202,2),  (201,4),  (173,0),  (118,0),  (90,3),  (91,3),  (64,5),  (65,3),  (67,7),  (68,3),  (98,1),  (126,7),  (155,7),  (184,7),  (211,7),  (241,0),  (212,0),  (185,5),  (158,5),  (102,5),  (103,5),  (75,3),  (77,5),  (49,3),  (50,3),  (51,3),  (51,5),  (52,5),  (53,3),  (54,5),  (54,4), 


[Timing] Time passed: 166.79117 s

Posterior Probability: -233.370901
Agreement with demo: 17%
Current angular diffs: 88'

Selected number of demos: 32

-- Positive Demos --
 (545,3),  (548,3),  (553,3),  (556,5),  (530,5),  (473,4),  (443,2),  (441,4),  (440,2),  (437,4),  (434,4),  (404,2),  (318,4),  (289,5),  (234,0),  (178,2),  (202,2),  (201,2),  (118,0),  (90,3),  (65,5),  (67,7),  (68,3),  (154,7),  (184,7),  (211,1),  (241,0),  (130,5),  (76,3),  (50,3),  (53,3),  (54,4), 


[Timing] Time passed: 165.14729 s

Posterior Probability: -238.2289352
Agreement with demo: 6.2%
Current angular diffs: 1e+02'

Selected number of demos: 34

-- Positive Demos --
 (570,3),  (546,3),  (547,3),  (553,3),  (554,3),  (501,4),  (441,4),  (440,2),  (439,2),  (435,2),  (375,4),  (318,4),  (290,0),  (289,5),  (205,0),  (178,2),  (201,4),  (173,0),  (91,3),  (64,5),  (67,7),  (67,3),  (126,7),  (211,7),  (241,0),  (185,0),  (130,5),  (77,5),  (49,3),  (51,3),  (52,5),  (54,5), 


[Timing] Time passed: 163.861374 s

Posterior Probability: -336.8313913
Agreement with demo: 17%
Current angular diffs: 89'

Selected number of demos: 45

-- Positive Demos --
 (539,7),  (542,3),  (546,3),  (547,3),  (551,3),  (553,3),  (556,5),  (530,5),  (501,4),  (473,4),  (443,2),  (440,2),  (438,4),  (407,2),  (435,2),  (434,4),  (375,4),  (318,4),  (262,5),  (234,0),  (205,0),  (178,2),  (204,2),  (201,2),  (201,4),  (173,0),  (118,0),  (90,5),  (90,3),  (65,5),  (65,3),  (66,7),  (68,3),  (126,7),  (184,7),  (211,7),  (185,0),  (185,5),  (158,5),  (75,3),  (76,3),  (77,5),  (50,3),  (51,3),  (53,3), 


[Timing] Time passed: 160.578846 s

Posterior Probability: -233.658527
Agreement with demo: 16%
Current angular diffs: 89'

Selected number of demos: 54

-- Positive Demos --
 (570,3),  (542,3),  (544,3),  (546,3),  (548,3),  (549,3),  (551,3),  (553,3),  (554,3),  (556,5),  (501,4),  (472,2),  (443,2),  (442,2),  (440,2),  (439,2),  (437,4),  (435,2),  (404,4),  (375,4),  (318,4),  (290,0),  (289,5),  (234,0),  (206,0),  (178,6),  (203,2),  (201,2),  (200,0),  (173,0),  (118,0),  (90,3),  (91,3),  (64,5),  (65,5),  (65,3),  (67,7),  (67,3),  (98,1),  (126,7),  (184,7),  (211,7),  (241,0),  (185,0),  (185,5),  (158,5),  (130,5),  (75,3),  (76,3),  (77,5),  (49,3),  (51,3),  (52,5),  (54,5), 


[Timing] Time passed: 150.489493 s

Posterior Probability: -350.6428192
Agreement with demo: 7.8%
Current angular diffs: 1e+02'

Selected number of demos: 72

-- Positive Demos --
 (539,7),  (570,3),  (544,3),  (545,3),  (546,3),  (547,3),  (549,3),  (550,3),  (552,3),  (553,3),  (555,3),  (556,5),  (530,5),  (473,4),  (472,2),  (443,2),  (441,4),  (440,2),  (439,2),  (438,4),  (408,2),  (407,2),  (435,2),  (404,4),  (404,2),  (376,2),  (375,4),  (346,0),  (318,4),  (290,0),  (289,5),  (262,5),  (234,0),  (205,0),  (206,0),  (178,2),  (204,2),  (203,2),  (202,2),  (201,2),  (201,4),  (173,0),  (118,0),  (90,3),  (91,3),  (64,5),  (65,3),  (66,7),  (67,3),  (69,7),  (126,7),  (154,7),  (155,7),  (211,1),  (241,5),  (241,0),  (185,0),  (185,5),  (130,5),  (102,5),  (103,5),  (76,3),  (77,5),  (50,3),  (51,5),  (52,5),  (53,3),  (54,5),  (54,4), 


[Timing] Time passed: 154.579368 s

Posterior Probability: -548.4262164
Agreement with demo: 8.6%
Current angular diffs: 97'

Selected number of demos: 49

-- Positive Demos --
 (570,3),  (544,3),  (546,3),  (549,3),  (550,3),  (551,3),  (554,3),  (556,5),  (530,5),  (473,4),  (443,2),  (442,2),  (440,2),  (439,2),  (408,2),  (435,2),  (404,2),  (376,2),  (375,4),  (318,4),  (289,5),  (234,0),  (206,0),  (178,2),  (204,2),  (203,2),  (201,2),  (173,0),  (90,5),  (91,3),  (65,3),  (67,7),  (67,3),  (98,1),  (126,7),  (155,7),  (184,7),  (211,1),  (241,5),  (185,0),  (185,5),  (102,5),  (103,5),  (77,5),  (49,3),  (51,3),  (52,5),  (54,5), 


[Timing] Time passed: 149.581475 s

Posterior Probability: -450.9056843
Agreement with demo: 20%
Current angular diffs: 84'

Selected number of demos: 53

-- Positive Demos --
 (570,3),  (542,3),  (546,3),  (547,3),  (548,3),  (551,3),  (552,3),  (554,3),  (556,5),  (501,4),  (473,4),  (472,2),  (442,2),  (441,4),  (440,2),  (439,2),  (438,4),  (408,2),  (435,2),  (404,4),  (375,4),  (318,4),  (289,5),  (262,5),  (234,0),  (178,6),  (203,2),  (201,4),  (173,0),  (90,3),  (64,5),  (65,5),  (67,7),  (69,7),  (98,1),  (154,7),  (211,1),  (211,7),  (241,0),  (185,5),  (102,5),  (103,5),  (75,3),  (77,5),  (49,3),  (51,3),  (52,5),  (53,3),  (54,4), 


[Timing] Time passed: 142.114715 s

Posterior Probability: -619.2302303
Agreement with demo: 18%
Current angular diffs: 90'

Selected number of demos: 29

-- Positive Demos --
 (539,7),  (544,3),  (545,3),  (546,3),  (551,3),  (554,3),  (501,4),  (443,2),  (441,4),  (438,4),  (437,4),  (408,2),  (434,4),  (346,0),  (318,4),  (262,5),  (206,0),  (202,2),  (173,0),  (90,3),  (65,3),  (69,7),  (154,7),  (211,7),  (212,0),  (130,5),  (77,5),  (50,3),  (53,3), 


[Timing] Time passed: 131.52573 s

Posterior Probability: -401.418617
Agreement with demo: 5.5%
Current angular diffs: 1e+02'

Selected number of demos: 108

-- Positive Demos --
 (539,7),  (540,3),  (570,3),  (542,3),  (544,3),  (545,3),  (546,3),  (547,3),  (548,3),  (549,3),  (550,3),  (551,3),  (552,3),  (553,3),  (554,3),  (555,3),  (556,5),  (530,5),  (501,4),  (473,4),  (472,2),  (443,2),  (442,2),  (441,4),  (440,2),  (439,2),  (438,4),  (437,4),  (408,2),  (407,2),  (435,2),  (434,4),  (404,4),  (404,2),  (376,2),  (375,4),  (346,0),  (318,4),  (290,0),  (289,5),  (262,5),  (262,0),  (234,0),  (205,0),  (206,0),  (178,6),  (178,2),  (204,2),  (203,2),  (202,2),  (201,2),  (201,4),  (200,0),  (173,0),  (118,0),  (90,5),  (90,3),  (63,3),  (91,3),  (64,5),  (65,5),  (65,3),  (66,7),  (67,7),  (67,3),  (68,3),  (69,7),  (98,1),  (126,7),  (154,7),  (155,7),  (184,7),  (211,1),  (211,7),  (241,5),  (241,0),  (212,0),  (185,0),  (185,5),  (158,5),  (130,5),  (102,5),  (103,5),  (75,3),  (76,3),  (77,5),  (49,3),  (50,3),  (51,3),  (51,5),  (52,5),  (53,3),  (54,5),  (54,4), 


[Timing] Time passed: 133.309404 s

Posterior Probability: -616.6070993
Agreement with demo: 21%
Current angular diffs: 87'

Selected number of demos: 38

-- Positive Demos --
 (544,3),  (547,3),  (552,3),  (553,3),  (556,5),  (473,4),  (443,2),  (441,4),  (440,2),  (439,2),  (438,4),  (408,2),  (434,4),  (375,4),  (318,4),  (262,0),  (178,2),  (204,2),  (202,2),  (173,0),  (90,5),  (65,5),  (67,7),  (69,7),  (98,1),  (155,7),  (211,7),  (241,5),  (241,0),  (185,5),  (130,5),  (103,5),  (75,3),  (76,3),  (50,3),  (51,5),  (53,3),  (54,4), 


[Timing] Time passed: 132.936011 s

Posterior Probability: -182.4876635
Agreement with demo: 13%
Current angular diffs: 86'

Selected number of demos: 30

-- Positive Demos --
 (540,3),  (570,3),  (542,3),  (546,3),  (547,3),  (551,3),  (553,3),  (556,5),  (473,4),  (443,2),  (440,2),  (437,4),  (408,2),  (404,4),  (318,4),  (234,0),  (206,0),  (204,2),  (203,2),  (173,0),  (63,3),  (67,7),  (126,7),  (211,7),  (158,5),  (76,3),  (77,5),  (51,5),  (53,3), 


[Timing] Time passed: 131.961803 s

Posterior Probability: -226.5005989
Agreement with demo: 12%
Current angular diffs: 85'

Selected number of demos: 41

-- Positive Demos --
 (542,3),  (544,3),  (545,3),  (548,3),  (552,3),  (555,3),  (556,5),  (530,5),  (472,2),  (441,4),  (440,2),  (439,2),  (438,4),  (407,2),  (404,4),  (404,2),  (376,2),  (318,4),  (262,5),  (234,0),  (206,0),  (204,2),  (201,2),  (201,4),  (118,0),  (90,3),  (63,3),  (64,5),  (66,7),  (69,7),  (98,1),  (154,7),  (211,7),  (241,0),  (212,0),  (158,5),  (75,3),  (77,5),  (50,3),  (52,5),  (53,3), 


[Timing] Time passed: 129.176288 s

Posterior Probability: -465.482867
Agreement with demo: 10%
Current angular diffs: 95'

Selected number of demos: 34

-- Positive Demos --
 (570,3),  (545,3),  (549,3),  (554,3),  (555,3),  (556,5),  (501,4),  (442,2),  (441,4),  (440,2),  (439,2),  (435,2),  (434,4),  (376,2),  (375,4),  (318,4),  (205,0),  (204,2),  (201,4),  (173,0),  (90,3),  (66,7),  (69,7),  (126,7),  (154,7),  (155,7),  (184,7),  (212,0),  (130,5),  (75,3),  (50,3),  (53,3), 


[Timing] Time passed: 122.902945 s

Posterior Probability: -175.1185313
Agreement with demo: 10%
Current angular diffs: 99'

Selected number of demos: 53

-- Positive Demos --
 (570,3),  (542,3),  (546,3),  (548,3),  (550,3),  (551,3),  (552,3),  (554,3),  (556,5),  (530,5),  (472,2),  (443,2),  (441,4),  (439,2),  (437,4),  (435,2),  (434,4),  (404,2),  (375,4),  (318,4),  (262,5),  (205,0),  (178,6),  (178,2),  (204,2),  (202,2),  (201,2),  (200,0),  (118,0),  (90,5),  (63,3),  (91,3),  (64,5),  (65,5),  (67,7),  (68,3),  (69,7),  (98,1),  (126,7),  (154,7),  (211,1),  (241,5),  (185,0),  (130,5),  (75,3),  (76,3),  (49,3),  (51,3),  (52,5),  (53,3),  (54,4), 


[Timing] Time passed: 129.746983 s

Posterior Probability: -875.123787
Agreement with demo: 10%
Current angular diffs: 89'

Selected number of demos: 73

-- Positive Demos --
 (539,7),  (540,3),  (542,3),  (544,3),  (546,3),  (547,3),  (549,3),  (551,3),  (553,3),  (554,3),  (555,3),  (556,5),  (530,5),  (473,4),  (443,2),  (441,4),  (440,2),  (439,2),  (438,4),  (437,4),  (407,2),  (435,2),  (434,4),  (404,4),  (404,2),  (375,4),  (346,0),  (318,4),  (290,0),  (262,5),  (262,0),  (205,0),  (178,6),  (204,2),  (203,2),  (202,2),  (201,4),  (173,0),  (118,0),  (90,5),  (90,3),  (63,3),  (64,5),  (65,5),  (66,7),  (67,3),  (68,3),  (69,7),  (126,7),  (154,7),  (155,7),  (211,1),  (241,5),  (241,0),  (212,0),  (185,5),  (158,5),  (130,5),  (102,5),  (103,5),  (76,3),  (77,5),  (49,3),  (50,3),  (51,5),  (53,3),  (54,5),  (54,4), 


[Timing] Time passed: 133.920361 s

Posterior Probability: -652.5287212
Agreement with demo: 23%
Current angular diffs: 86'

Selected number of demos: 108

-- Positive Demos --
 (539,7),  (540,3),  (570,3),  (542,3),  (544,3),  (545,3),  (546,3),  (547,3),  (548,3),  (549,3),  (550,3),  (551,3),  (552,3),  (553,3),  (554,3),  (555,3),  (556,5),  (530,5),  (501,4),  (473,4),  (472,2),  (443,2),  (442,2),  (441,4),  (440,2),  (439,2),  (438,4),  (437,4),  (408,2),  (407,2),  (435,2),  (434,4),  (404,4),  (404,2),  (376,2),  (375,4),  (346,0),  (318,4),  (290,0),  (289,5),  (262,5),  (262,0),  (234,0),  (205,0),  (206,0),  (178,6),  (178,2),  (204,2),  (203,2),  (202,2),  (201,2),  (201,4),  (200,0),  (173,0),  (118,0),  (90,5),  (90,3),  (63,3),  (91,3),  (64,5),  (65,5),  (65,3),  (66,7),  (67,7),  (67,3),  (68,3),  (69,7),  (98,1),  (126,7),  (154,7),  (155,7),  (184,7),  (211,1),  (211,7),  (241,5),  (241,0),  (212,0),  (185,0),  (185,5),  (158,5),  (130,5),  (102,5),  (103,5),  (75,3),  (76,3),  (77,5),  (49,3),  (50,3),  (51,3),  (51,5),  (52,5),  (53,3),  (54,5),  (54,4), 


[Timing] Time passed: 135.703974 s

Posterior Probability: -984.825683
Agreement with demo: 11%
Current angular diffs: 93'

Selected number of demos: 34

-- Positive Demos --
 (544,3),  (547,3),  (552,3),  (555,3),  (530,5),  (472,2),  (441,4),  (438,4),  (437,4),  (407,2),  (434,4),  (404,2),  (346,0),  (262,5),  (262,0),  (234,0),  (205,0),  (178,6),  (178,2),  (201,2),  (201,4),  (200,0),  (90,3),  (64,5),  (65,5),  (68,3),  (98,1),  (154,7),  (241,5),  (185,5),  (103,5),  (77,5),  (51,5),  (54,4), 


[Timing] Time passed: 133.331736 s

Posterior Probability: -288.6684042
Agreement with demo: 9.4%
Current angular diffs: 97'

Selected number of demos: 40

-- Positive Demos --
 (542,3),  (544,3),  (545,3),  (547,3),  (551,3),  (556,5),  (473,4),  (443,2),  (440,2),  (437,4),  (434,4),  (404,2),  (375,4),  (318,4),  (290,0),  (262,5),  (262,0),  (178,2),  (203,2),  (201,4),  (90,5),  (90,3),  (91,3),  (65,5),  (66,7),  (67,7),  (69,7),  (98,1),  (126,7),  (155,7),  (211,1),  (211,7),  (212,0),  (102,5),  (103,5),  (75,3),  (76,3),  (77,5),  (51,3),  (53,3), 


[Timing] Time passed: 130.429268 s

Posterior Probability: -254.8968847
Agreement with demo: 14%
Current angular diffs: 89'

Selected number of demos: 53

-- Positive Demos --
 (570,3),  (545,3),  (547,3),  (548,3),  (550,3),  (553,3),  (555,3),  (530,5),  (473,4),  (472,2),  (443,2),  (442,2),  (441,4),  (440,2),  (439,2),  (438,4),  (437,4),  (407,2),  (435,2),  (404,4),  (375,4),  (318,4),  (289,5),  (262,5),  (205,0),  (178,6),  (203,2),  (201,2),  (200,0),  (173,0),  (118,0),  (90,5),  (91,3),  (65,3),  (67,7),  (68,3),  (126,7),  (155,7),  (211,7),  (241,5),  (185,0),  (185,5),  (130,5),  (103,5),  (76,3),  (49,3),  (50,3),  (51,3),  (51,5),  (53,3), 


[Timing] Time passed: 128.967479 s

Posterior Probability: -339.9330032
Agreement with demo: 23%
Current angular diffs: 80'

Selected number of demos: 108

-- Positive Demos --
 (539,7),  (540,3),  (570,3),  (542,3),  (544,3),  (545,3),  (546,3),  (547,3),  (548,3),  (549,3),  (550,3),  (551,3),  (552,3),  (553,3),  (554,3),  (555,3),  (556,5),  (530,5),  (501,4),  (473,4),  (472,2),  (443,2),  (442,2),  (441,4),  (440,2),  (439,2),  (438,4),  (437,4),  (408,2),  (407,2),  (435,2),  (434,4),  (404,4),  (404,2),  (376,2),  (375,4),  (346,0),  (318,4),  (290,0),  (289,5),  (262,5),  (262,0),  (234,0),  (205,0),  (206,0),  (178,6),  (178,2),  (204,2),  (203,2),  (202,2),  (201,2),  (201,4),  (200,0),  (173,0),  (118,0),  (90,5),  (90,3),  (63,3),  (91,3),  (64,5),  (65,5),  (65,3),  (66,7),  (67,7),  (67,3),  (68,3),  (69,7),  (98,1),  (126,7),  (154,7),  (155,7),  (184,7),  (211,1),  (211,7),  (241,5),  (241,0),  (212,0),  (185,0),  (185,5),  (158,5),  (130,5),  (102,5),  (103,5),  (75,3),  (76,3),  (77,5),  (49,3),  (50,3),  (51,3),  (51,5),  (52,5),  (53,3),  (54,5),  (54,4), 


[Timing] Time passed: 139.756205 s

Posterior Probability: -920.2459791
Agreement with demo: 10%
Current angular diffs: 90'

Selected number of demos: 108

-- Positive Demos --
 (539,7),  (540,3),  (570,3),  (542,3),  (544,3),  (545,3),  (546,3),  (547,3),  (548,3),  (549,3),  (550,3),  (551,3),  (552,3),  (553,3),  (554,3),  (555,3),  (556,5),  (530,5),  (501,4),  (473,4),  (472,2),  (443,2),  (442,2),  (441,4),  (440,2),  (439,2),  (438,4),  (437,4),  (408,2),  (407,2),  (435,2),  (434,4),  (404,4),  (404,2),  (376,2),  (375,4),  (346,0),  (318,4),  (290,0),  (289,5),  (262,5),  (262,0),  (234,0),  (205,0),  (206,0),  (178,6),  (178,2),  (204,2),  (203,2),  (202,2),  (201,2),  (201,4),  (200,0),  (173,0),  (118,0),  (90,5),  (90,3),  (63,3),  (91,3),  (64,5),  (65,5),  (65,3),  (66,7),  (67,7),  (67,3),  (68,3),  (69,7),  (98,1),  (126,7),  (154,7),  (155,7),  (184,7),  (211,1),  (211,7),  (241,5),  (241,0),  (212,0),  (185,0),  (185,5),  (158,5),  (130,5),  (102,5),  (103,5),  (75,3),  (76,3),  (77,5),  (49,3),  (50,3),  (51,3),  (51,5),  (52,5),  (53,3),  (54,5),  (54,4), 


[Timing] Time passed: 131.531895 s

Posterior Probability: -875.0070611
Agreement with demo: 21%
Current angular diffs: 87'

Selected number of demos: 30

-- Positive Demos --
 (570,3),  (544,3),  (546,3),  (549,3),  (552,3),  (555,3),  (556,5),  (530,5),  (443,2),  (441,4),  (439,2),  (408,2),  (404,2),  (375,4),  (318,4),  (234,0),  (205,0),  (204,2),  (201,4),  (90,3),  (65,3),  (69,7),  (98,1),  (155,7),  (211,1),  (241,0),  (130,5),  (77,5),  (51,5),  (54,4), 


[Timing] Time passed: 131.522645 s

Posterior Probability: -126.3271235
Agreement with demo: 12%
Current angular diffs: 94'

Selected number of demos: 56

-- Positive Demos --
 (540,3),  (542,3),  (544,3),  (546,3),  (547,3),  (549,3),  (550,3),  (552,3),  (554,3),  (556,5),  (530,5),  (472,2),  (442,2),  (441,4),  (439,2),  (438,4),  (437,4),  (407,2),  (435,2),  (404,4),  (404,2),  (375,4),  (318,4),  (290,0),  (262,5),  (234,0),  (178,6),  (178,2),  (204,2),  (203,2),  (201,2),  (200,0),  (173,0),  (90,5),  (90,3),  (63,3),  (65,5),  (66,7),  (67,3),  (68,3),  (69,7),  (154,7),  (155,7),  (211,1),  (241,5),  (185,0),  (185,5),  (130,5),  (75,3),  (77,5),  (50,3),  (51,5),  (53,3),  (54,5), 


[Timing] Time passed: 127.410574 s

Posterior Probability: -448.2692109
Agreement with demo: 6.2%
Current angular diffs: 96'

Selected number of demos: 33

-- Positive Demos --
 (539,7),  (545,3),  (546,3),  (550,3),  (555,3),  (556,5),  (473,4),  (442,2),  (439,2),  (407,2),  (434,4),  (375,4),  (346,0),  (318,4),  (289,5),  (262,0),  (206,0),  (203,2),  (202,2),  (173,0),  (91,3),  (66,7),  (98,1),  (126,7),  (154,7),  (155,7),  (241,0),  (130,5),  (103,5),  (76,3),  (49,3),  (51,3),  (53,3), 


[Timing] Time passed: 118.836615 s

Posterior Probability: -227.4983024
Agreement with demo: 15%
Current angular diffs: 91'

Selected number of demos: 27

-- Positive Demos --
 (570,3),  (545,3),  (546,3),  (552,3),  (556,5),  (530,5),  (442,2),  (440,2),  (408,2),  (404,4),  (346,0),  (318,4),  (234,0),  (178,2),  (203,2),  (173,0),  (118,0),  (64,5),  (67,3),  (155,7),  (211,7),  (158,5),  (76,3),  (77,5),  (50,3),  (51,5),  (54,4), 


[Timing] Time passed: 131.720858 s

Posterior Probability: -168.5521663
Agreement with demo: 20%
Current angular diffs: 86'

Selected number of demos: 74

-- Positive Demos --
 (540,3),  (570,3),  (544,3),  (546,3),  (547,3),  (548,3),  (549,3),  (550,3),  (551,3),  (553,3),  (555,3),  (556,5),  (530,5),  (501,4),  (472,2),  (443,2),  (442,2),  (440,2),  (439,2),  (438,4),  (408,2),  (407,2),  (435,2),  (404,4),  (404,2),  (375,4),  (318,4),  (290,0),  (289,5),  (262,5),  (262,0),  (234,0),  (205,0),  (178,6),  (204,2),  (203,2),  (201,2),  (201,4),  (200,0),  (173,0),  (90,5),  (90,3),  (91,3),  (64,5),  (65,5),  (65,3),  (67,7),  (67,3),  (69,7),  (98,1),  (154,7),  (155,7),  (184,7),  (211,7),  (241,0),  (212,0),  (185,0),  (185,5),  (130,5),  (103,5),  (76,3),  (77,5),  (50,3),  (51,3),  (51,5),  (53,3),  (54,5),  (54,4), 


[Timing] Time passed: 128.301 s

Posterior Probability: -385.4439561
Agreement with demo: 7%
Current angular diffs: 95'

Selected number of demos: 25

-- Positive Demos --
 (545,3),  (549,3),  (554,3),  (556,5),  (443,2),  (440,2),  (438,4),  (435,2),  (375,4),  (318,4),  (234,0),  (206,0),  (202,2),  (173,0),  (91,3),  (64,5),  (66,7),  (126,7),  (241,5),  (241,0),  (185,5),  (130,5),  (77,5),  (50,3),  (53,3), 


[Timing] Time passed: 129.63426 s

Posterior Probability: -303.5037885
Agreement with demo: 9.4%
Current angular diffs: 87'

Selected number of demos: 75

-- Positive Demos --
 (539,7),  (540,3),  (542,3),  (544,3),  (546,3),  (547,3),  (548,3),  (550,3),  (552,3),  (553,3),  (554,3),  (555,3),  (556,5),  (530,5),  (501,4),  (472,2),  (443,2),  (442,2),  (440,2),  (439,2),  (438,4),  (408,2),  (435,2),  (434,4),  (404,4),  (404,2),  (376,2),  (375,4),  (318,4),  (289,5),  (262,5),  (262,0),  (234,0),  (205,0),  (178,6),  (178,2),  (203,2),  (201,2),  (201,4),  (200,0),  (173,0),  (90,5),  (63,3),  (91,3),  (65,5),  (65,3),  (67,7),  (67,3),  (68,3),  (98,1),  (126,7),  (154,7),  (155,7),  (184,7),  (211,1),  (241,5),  (212,0),  (185,5),  (130,5),  (102,5),  (103,5),  (75,3),  (77,5),  (50,3),  (51,3),  (51,5),  (53,3),  (54,5),  (54,4), 


[Timing] Time passed: 144.236223 s

Posterior Probability: -195.0554132
Agreement with demo: 14%
Current angular diffs: 89'

Selected number of demos: 61

-- Positive Demos --
 (540,3),  (570,3),  (542,3),  (544,3),  (545,3),  (546,3),  (548,3),  (549,3),  (550,3),  (552,3),  (553,3),  (555,3),  (530,5),  (473,4),  (472,2),  (443,2),  (440,2),  (439,2),  (438,4),  (407,2),  (435,2),  (434,4),  (404,2),  (375,4),  (346,0),  (318,4),  (290,0),  (262,5),  (205,0),  (178,2),  (204,2),  (203,2),  (201,2),  (201,4),  (200,0),  (173,0),  (118,0),  (90,5),  (90,3),  (91,3),  (65,3),  (66,7),  (67,7),  (69,7),  (98,1),  (154,7),  (184,7),  (211,1),  (241,5),  (185,0),  (185,5),  (158,5),  (130,5),  (103,5),  (76,3),  (49,3),  (50,3),  (52,5),  (53,3),  (54,5), 


[Timing] Time passed: 136.419927 s

Posterior Probability: -402.8969756
Agreement with demo: 21%
Current angular diffs: 87'

Selected number of demos: 45

-- Positive Demos --
 (540,3),  (544,3),  (546,3),  (550,3),  (551,3),  (555,3),  (556,5),  (501,4),  (472,2),  (442,2),  (440,2),  (439,2),  (438,4),  (408,2),  (435,2),  (404,4),  (376,2),  (375,4),  (318,4),  (290,0),  (262,0),  (178,6),  (203,2),  (201,2),  (201,4),  (173,0),  (63,3),  (65,3),  (68,3),  (98,1),  (154,7),  (211,1),  (241,0),  (212,0),  (158,5),  (102,5),  (76,3),  (77,5),  (50,3),  (53,3),  (54,5),  (54,4), 


[Timing] Time passed: 128.067656 s

Posterior Probability: -531.9397088
Agreement with demo: 20%
Current angular diffs: 84'

Selected number of demos: 75

-- Positive Demos --
 (540,3),  (570,3),  (544,3),  (546,3),  (547,3),  (549,3),  (551,3),  (553,3),  (555,3),  (556,5),  (530,5),  (501,4),  (472,2),  (443,2),  (442,2),  (441,4),  (440,2),  (439,2),  (438,4),  (437,4),  (408,2),  (435,2),  (434,4),  (404,4),  (376,2),  (375,4),  (346,0),  (318,4),  (290,0),  (289,5),  (262,0),  (234,0),  (205,0),  (178,6),  (178,2),  (203,2),  (202,2),  (201,4),  (200,0),  (173,0),  (90,5),  (90,3),  (91,3),  (65,5),  (65,3),  (67,7),  (67,3),  (68,3),  (69,7),  (98,1),  (154,7),  (155,7),  (184,7),  (211,7),  (241,5),  (241,0),  (185,0),  (185,5),  (158,5),  (130,5),  (102,5),  (103,5),  (75,3),  (76,3),  (77,5),  (49,3),  (50,3),  (51,5),  (52,5),  (53,3),  (54,5), 


[Timing] Time passed: 134.015078 s

Posterior Probability: -607.5411782
Agreement with demo: 14%
Current angular diffs: 91'

Selected number of demos: 44

-- Positive Demos --
 (540,3),  (570,3),  (542,3),  (546,3),  (547,3),  (548,3),  (551,3),  (555,3),  (530,5),  (501,4),  (443,2),  (441,4),  (440,2),  (439,2),  (407,2),  (404,4),  (375,4),  (346,0),  (318,4),  (290,0),  (262,0),  (205,0),  (178,6),  (204,2),  (201,2),  (201,4),  (200,0),  (173,0),  (90,5),  (91,3),  (65,5),  (67,3),  (98,1),  (155,7),  (211,7),  (185,0),  (130,5),  (102,5),  (76,3),  (77,5),  (49,3),  (51,3),  (53,3),  (54,5), 


[Timing] Time passed: 128.822849 s

Posterior Probability: -331.972234
Agreement with demo: 19%
Current angular diffs: 86'

Selected number of demos: 76

-- Positive Demos --
 (539,7),  (540,3),  (570,3),  (542,3),  (544,3),  (546,3),  (547,3),  (548,3),  (550,3),  (551,3),  (552,3),  (553,3),  (554,3),  (556,5),  (530,5),  (473,4),  (443,2),  (442,2),  (441,4),  (440,2),  (439,2),  (438,4),  (408,2),  (407,2),  (435,2),  (404,4),  (404,2),  (376,2),  (375,4),  (346,0),  (318,4),  (290,0),  (289,5),  (262,5),  (262,0),  (205,0),  (178,6),  (204,2),  (203,2),  (201,2),  (200,0),  (173,0),  (90,5),  (90,3),  (91,3),  (64,5),  (65,5),  (65,3),  (67,7),  (68,3),  (69,7),  (98,1),  (154,7),  (155,7),  (211,1),  (241,5),  (241,0),  (212,0),  (185,5),  (130,5),  (102,5),  (103,5),  (76,3),  (77,5),  (49,3),  (50,3),  (51,3),  (51,5),  (53,3),  (54,5),  (54,4), 


[Timing] Time passed: 143.334833 s

Posterior Probability: -551.4277303
Agreement with demo: 24%
Current angular diffs: 83'

Selected number of demos: 55

-- Positive Demos --
 (540,3),  (570,3),  (545,3),  (546,3),  (547,3),  (548,3),  (550,3),  (553,3),  (556,5),  (530,5),  (473,4),  (443,2),  (441,4),  (439,2),  (437,4),  (408,2),  (435,2),  (404,4),  (375,4),  (318,4),  (290,0),  (289,5),  (262,5),  (205,0),  (206,0),  (178,6),  (204,2),  (203,2),  (201,2),  (200,0),  (173,0),  (90,3),  (91,3),  (64,5),  (65,3),  (67,7),  (68,3),  (98,1),  (154,7),  (155,7),  (211,7),  (212,0),  (185,0),  (130,5),  (102,5),  (76,3),  (49,3),  (50,3),  (51,5),  (53,3),  (54,4), 


[Timing] Time passed: 133.146009 s

Posterior Probability: -296.3221277
Agreement with demo: 22%
Current angular diffs: 83'

Selected number of demos: 34

-- Positive Demos --
 (539,7),  (544,3),  (546,3),  (548,3),  (554,3),  (556,5),  (530,5),  (501,4),  (442,2),  (438,4),  (435,2),  (404,2),  (376,2),  (318,4),  (262,0),  (205,0),  (203,2),  (202,2),  (201,4),  (173,0),  (118,0),  (63,3),  (66,7),  (98,1),  (154,7),  (211,7),  (185,0),  (130,5),  (77,5),  (49,3),  (50,3),  (51,3),  (53,3), 


[Timing] Time passed: 131.421882 s

Posterior Probability: -411.4221676
Agreement with demo: 19%
Current angular diffs: 91'

Selected number of demos: 74

-- Positive Demos --
 (539,7),  (540,3),  (570,3),  (542,3),  (544,3),  (546,3),  (547,3),  (548,3),  (549,3),  (551,3),  (553,3),  (555,3),  (556,5),  (530,5),  (501,4),  (473,4),  (443,2),  (442,2),  (440,2),  (439,2),  (437,4),  (408,2),  (435,2),  (404,4),  (376,2),  (375,4),  (318,4),  (290,0),  (262,5),  (262,0),  (205,0),  (206,0),  (178,6),  (204,2),  (203,2),  (202,2),  (201,2),  (201,4),  (173,0),  (118,0),  (90,3),  (63,3),  (64,5),  (65,3),  (67,7),  (68,3),  (98,1),  (154,7),  (155,7),  (211,1),  (211,7),  (241,0),  (212,0),  (185,5),  (130,5),  (102,5),  (103,5),  (75,3),  (77,5),  (49,3),  (50,3),  (51,3),  (52,5),  (53,3),  (54,5),  (54,4), 


[Timing] Time passed: 136.851267 s

Posterior Probability: -757.4332067
Agreement with demo: 7.8%
Current angular diffs: 91'

Selected number of demos: 50

-- Positive Demos --
 (539,7),  (542,3),  (545,3),  (546,3),  (549,3),  (552,3),  (553,3),  (556,5),  (530,5),  (472,2),  (442,2),  (440,2),  (438,4),  (408,2),  (435,2),  (404,2),  (375,4),  (346,0),  (318,4),  (262,5),  (262,0),  (205,0),  (178,2),  (203,2),  (201,2),  (201,4),  (173,0),  (118,0),  (63,3),  (65,5),  (66,7),  (67,7),  (68,3),  (69,7),  (154,7),  (155,7),  (184,7),  (211,7),  (241,5),  (241,0),  (185,0),  (185,5),  (130,5),  (102,5),  (76,3),  (77,5),  (50,3),  (52,5),  (54,5), 


[Timing] Time passed: 129.474442 s

Posterior Probability: -162.174629
Agreement with demo: 15%
Current angular diffs: 91'

Selected number of demos: 72

-- Positive Demos --
 (539,7),  (540,3),  (570,3),  (544,3),  (545,3),  (546,3),  (547,3),  (548,3),  (549,3),  (551,3),  (553,3),  (555,3),  (556,5),  (530,5),  (501,4),  (472,2),  (443,2),  (442,2),  (441,4),  (440,2),  (439,2),  (438,4),  (408,2),  (407,2),  (435,2),  (434,4),  (404,2),  (376,2),  (375,4),  (346,0),  (318,4),  (290,0),  (289,5),  (262,0),  (234,0),  (205,0),  (178,6),  (178,2),  (203,2),  (202,2),  (201,2),  (200,0),  (173,0),  (118,0),  (90,5),  (63,3),  (91,3),  (65,5),  (66,7),  (67,3),  (68,3),  (98,1),  (126,7),  (154,7),  (184,7),  (211,7),  (241,0),  (185,0),  (158,5),  (102,5),  (103,5),  (76,3),  (77,5),  (49,3),  (50,3),  (51,3),  (52,5),  (53,3),  (54,4), 


[Timing] Time passed: 128.961526 s

Posterior Probability: -377.6917345
Agreement with demo: 7.8%
Current angular diffs: 89'

Selected number of demos: 79

-- Positive Demos --
 (539,7),  (540,3),  (542,3),  (545,3),  (546,3),  (547,3),  (548,3),  (550,3),  (552,3),  (553,3),  (554,3),  (556,5),  (530,5),  (501,4),  (473,4),  (472,2),  (443,2),  (442,2),  (441,4),  (440,2),  (439,2),  (438,4),  (437,4),  (408,2),  (407,2),  (435,2),  (434,4),  (404,2),  (375,4),  (346,0),  (318,4),  (289,5),  (262,0),  (234,0),  (205,0),  (206,0),  (178,2),  (204,2),  (203,2),  (201,2),  (201,4),  (173,0),  (118,0),  (90,5),  (63,3),  (91,3),  (64,5),  (65,5),  (65,3),  (66,7),  (67,7),  (68,3),  (69,7),  (98,1),  (126,7),  (155,7),  (184,7),  (211,7),  (241,5),  (241,0),  (185,0),  (158,5),  (102,5),  (103,5),  (76,3),  (77,5),  (49,3),  (50,3),  (51,3),  (52,5),  (53,3),  (54,5),  (54,4), 


[Timing] Time passed: 132.722748 s

Posterior Probability: -176.1339637
Agreement with demo: 22%
Current angular diffs: 86'

Selected number of demos: 108

-- Positive Demos --
 (539,7),  (540,3),  (570,3),  (542,3),  (544,3),  (545,3),  (546,3),  (547,3),  (548,3),  (549,3),  (550,3),  (551,3),  (552,3),  (553,3),  (554,3),  (555,3),  (556,5),  (530,5),  (501,4),  (473,4),  (472,2),  (443,2),  (442,2),  (441,4),  (440,2),  (439,2),  (438,4),  (437,4),  (408,2),  (407,2),  (435,2),  (434,4),  (404,4),  (404,2),  (376,2),  (375,4),  (346,0),  (318,4),  (290,0),  (289,5),  (262,5),  (262,0),  (234,0),  (205,0),  (206,0),  (178,6),  (178,2),  (204,2),  (203,2),  (202,2),  (201,2),  (201,4),  (200,0),  (173,0),  (118,0),  (90,5),  (90,3),  (63,3),  (91,3),  (64,5),  (65,5),  (65,3),  (66,7),  (67,7),  (67,3),  (68,3),  (69,7),  (98,1),  (126,7),  (154,7),  (155,7),  (184,7),  (211,1),  (211,7),  (241,5),  (241,0),  (212,0),  (185,0),  (185,5),  (158,5),  (130,5),  (102,5),  (103,5),  (75,3),  (76,3),  (77,5),  (49,3),  (50,3),  (51,3),  (51,5),  (52,5),  (53,3),  (54,5),  (54,4), 


[Timing] Time passed: 129.493881 s

Posterior Probability: -725.3498041
Agreement with demo: 20%
Current angular diffs: 86'

Selected number of demos: 75

-- Positive Demos --
 (539,7),  (570,3),  (542,3),  (545,3),  (546,3),  (547,3),  (549,3),  (551,3),  (553,3),  (555,3),  (556,5),  (530,5),  (473,4),  (472,2),  (443,2),  (441,4),  (440,2),  (439,2),  (438,4),  (408,2),  (407,2),  (435,2),  (434,4),  (404,4),  (376,2),  (375,4),  (346,0),  (318,4),  (290,0),  (289,5),  (262,5),  (234,0),  (205,0),  (206,0),  (178,2),  (204,2),  (203,2),  (202,2),  (201,2),  (201,4),  (200,0),  (173,0),  (118,0),  (90,3),  (91,3),  (65,5),  (66,7),  (67,3),  (68,3),  (98,1),  (126,7),  (154,7),  (155,7),  (184,7),  (211,7),  (241,5),  (241,0),  (185,0),  (158,5),  (130,5),  (102,5),  (75,3),  (77,5),  (50,3),  (51,3),  (51,5),  (52,5),  (53,3),  (54,5), 


[Timing] Time passed: 130.65656 s

Posterior Probability: -539.0794556
Agreement with demo: 13%
Current angular diffs: 91'

Selected number of demos: 68

-- Positive Demos --
 (540,3),  (570,3),  (544,3),  (546,3),  (547,3),  (549,3),  (551,3),  (553,3),  (554,3),  (555,3),  (556,5),  (530,5),  (473,4),  (443,2),  (442,2),  (441,4),  (440,2),  (439,2),  (437,4),  (408,2),  (407,2),  (435,2),  (434,4),  (404,4),  (376,2),  (375,4),  (318,4),  (290,0),  (289,5),  (262,5),  (234,0),  (205,0),  (178,6),  (178,2),  (203,2),  (202,2),  (201,4),  (173,0),  (118,0),  (90,3),  (63,3),  (64,5),  (65,5),  (66,7),  (67,7),  (68,3),  (98,1),  (154,7),  (184,7),  (211,1),  (211,7),  (241,0),  (212,0),  (185,0),  (158,5),  (102,5),  (75,3),  (76,3),  (77,5),  (49,3),  (50,3),  (51,3),  (51,5),  (52,5),  (53,3),  (54,5), 


[Timing] Time passed: 128.522209 s

Posterior Probability: -513.2640461
Agreement with demo: 10%
Current angular diffs: 90'

-----------------------------
Avg angular diffs: 80'
-- learned weights --
Feature Weights: 0.3525, -0.239, 0.371, -0.1, 
