processing file :../birl_data/61_22_4_objects.txt

Initializing gridworld of size 32 by 24..
    Num states: 768
    Num actions: 8

Total number of demos: 209

Total number of good demos: 135

Selected number of demos: 135

-- Positive Demos --
 (689,7),  (697,3),  (695,5),  (683,5),  (672,3),  (669,3),  (673,7),  (686,7),  (702,3),  (705,5),  (694,7),  (704,7),  (741,7),  (750,3),  (756,7),  (767,3),  (766,3),  (752,3),  (736,3),  (729,7),  (730,3),  (713,5),  (706,3),  (707,3),  (714,3), 


 - [Timing] Time passed: 410.319311 s
- Current feature weights:0.002222222222, -0.01944444444, -0.006481481481, -0.0001
 - Posterior Probability: -51.986
 - Agreement with demo: 20%
 - Current angular diffs: 68.4'

-- Positive Demos --
 (711,5), 


 - [Timing] Time passed: 406.054156 s
- Current feature weights:0.002022222222, -0.02061481481, -0.00677037037, -0.0001
 - Posterior Probability: -2.07944
 - Agreement with demo: 0%
 - Current angular diffs: 45'

-- Positive Demos --
 (681,3),  (674,3),  (667,3),  (657,5),  (642,5),  (620,3),  (605,3),  (591,3),  (571,5),  (552,5),  (534,5),  (515,3),  (505,5),  (499,5),  (491,0),  (483,0),  (475,0),  (465,5), 


 - [Timing] Time passed: 404.115668 s
- Current feature weights:-0.002377777778, -0.03741481481, -0.005837037037, -0.0001
 - Posterior Probability: -37.4299
 - Agreement with demo: 0%
 - Current angular diffs: 107.5'

-- Positive Demos --
 (450,0),  (430,4),  (416,4),  (408,5),  (405,5), 


 - [Timing] Time passed: 404.608959 s
- Current feature weights:-0.00222962963, -0.04352592593, -0.006392592593, -0.0001
 - Posterior Probability: -10.3972
 - Agreement with demo: 20%
 - Current angular diffs: 63'

-- Positive Demos --
 (395,5),  (377,0),  (361,4),  (350,0),  (335,4), 


 - [Timing] Time passed: 402.693234 s
- Current feature weights:-0.002748148148, -0.04634074074, -0.009133333333, -0.0001
 - Posterior Probability: -10.3972
 - Agreement with demo: 0%
 - Current angular diffs: 54'

-- Positive Demos --
 (315,4),  (316,2), 


 - [Timing] Time passed: 402.280442 s
- Current feature weights:-0.003666666667, -0.04779259259, -0.008718518519, -0.0001
 - Posterior Probability: -4.15888
 - Agreement with demo: 0%
 - Current angular diffs: 90'

-- Positive Demos --
 (317,4),  (311,4),  (312,2),  (341,4), 


 - [Timing] Time passed: 398.113027 s
- Current feature weights:-0.006333333333, -0.04918518519, -0.008214814815, -0.0001
 - Posterior Probability: -8.31777
 - Agreement with demo: 0%
 - Current angular diffs: 90'

-- Positive Demos --
 (298,2),  (277,6),  (294,4),  (290,2),  (288,2),  (296,4),  (300,2), 


 - [Timing] Time passed: 401.90855 s
- Current feature weights:-0.01234814815, -0.0525037037, -0.008733333333, -0.0001
 - Posterior Probability: -14.5561
 - Agreement with demo: 28.5714%
 - Current angular diffs: 57.8571'

-- Positive Demos --
 (295,2),  (262,6),  (249,6),  (235,2),  (224,2),  (197,2), 


 - [Timing] Time passed: 404.535674 s
- Current feature weights:-0.0199037037, -0.05272592593, -0.007444444444, -0.0001
 - Posterior Probability: -12.4766
 - Agreement with demo: 0%
 - Current angular diffs: 90'

-- Positive Demos --
 (177,4), 


 - [Timing] Time passed: 316.58763 s
- Current feature weights:-0.02107407407, -0.05171851852, -0.006955555556, -0.0001
 - Posterior Probability: -2.07944
 - Agreement with demo: 100%
 - Current angular diffs: 0'

-- Positive Demos --
 (162,5),  (189,5),  (194,5),  (191,5),  (195,3),  (204,3), 


 - [Timing] Time passed: 332.833383 s
- Current feature weights:-0.0300962963, -0.04785185185, -0.006511111111, -0.0001
 - Posterior Probability: -12.4766
 - Agreement with demo: 0%
 - Current angular diffs: 120'

-- Positive Demos --
 (210,3),  (214,3),  (215,7),  (217,7), 


 - [Timing] Time passed: 308.137922 s
- Current feature weights:-0.03714814815, -0.04388148148, -0.008466666667, -0.0001
 - Posterior Probability: -8.31777
 - Agreement with demo: 0%
 - Current angular diffs: 101.25'

-- Positive Demos --
 (216,3),  (220,3),  (222,3),  (226,7), 


 - [Timing] Time passed: 250.909442 s
- Current feature weights:-0.03954814815, -0.04198518519, -0.01068888889, -0.0001
 - Posterior Probability: -8.31777
 - Agreement with demo: 25%
 - Current angular diffs: 56.25'

-- Positive Demos --
 (237,7),  (246,3),  (248,2),  (258,2),  (270,6),  (276,1),  (273,1), 


 - [Timing] Time passed: 136.495341 s
- Current feature weights:-0.05339259259, -0.03866666667, -0.01022222222, -0.0001
 - Posterior Probability: -14.5561
 - Agreement with demo: 0%
 - Current angular diffs: 77.1429'

-- Positive Demos --
 (280,3),  (269,3),  (254,3),  (239,3), 


 - [Timing] Time passed: 121.353313 s
- Current feature weights:-0.05845925926, -0.03351111111, -0.01131851852, -0.0001
 - Posterior Probability: -8.31777
 - Agreement with demo: 0%
 - Current angular diffs: 112.5'

-- Positive Demos --
 (219,2),  (200,2),  (183,2),  (111,2),  (93,4),  (86,4),  (80,4),  (68,4),  (52,0),  (48,0),  (57,0),  (88,0),  (103,5),  (123,3), 


 - [Timing] Time passed: 121.284992 s
- Current feature weights:-0.07463703704, -0.009866666667, -0.0165037037, -0.0001
 - Posterior Probability: -29.1122
 - Agreement with demo: 0%
 - Current angular diffs: 70.7143'

-- Positive Demos --
 (154,5),  (174,3),  (175,7),  (168,7),  (161,7),  (153,1),  (139,7),  (138,7),  (141,1),  (132,2),  (109,4),  (84,0),  (81,5),  (62,3),  (66,3),  (78,5),  (87,5),  (100,3),  (114,3), 


 - [Timing] Time passed: 122.751425 s
- Current feature weights:-0.1075703704, 0.04108148148, -0.01791111111, -0.0001
 - Posterior Probability: -39.5094
 - Agreement with demo: 26.3158%
 - Current angular diffs: 87.6316'

-----------------------------
Avg angular diffs: 79.6667'
Total agreement with demo: 11.1111%
-- learned weights --
Final feature weights:-0.10757, 0.0410815, -0.0179111, -0.0001
