loading features...

Initializing gridworld of size 28 by 22..
    Num states: 616
    Num actions: 8

Total number of demos: 90

Selected number of demos: 68

-- Positive Demos --
 (82,2),  (165,1),  (220,1),  (249,1),  (277,1),  (305,1),  (360,1),  (388,6),  (387,2),  (413,6),  (441,2),  (441,6),  (440,6),  (468,6),  (463,2),  (462,2),  (489,2),  (461,4),  (432,4),  (432,2),  (431,2),  (374,4),  (373,0),  (344,0),  (318,0),  (290,5),  (291,5),  (264,5),  (237,5),  (209,5),  (183,0),  (127,5),  (128,0),  (100,4),  (99,4),  (70,4),  (41,4),  (40,2),  (37,6),  (66,6),  (65,6),  (92,1),  (120,6),  (148,6),  (147,6),  (175,6),  (201,2),  (200,6),  (199,6),  (255,6),  (282,6),  (310,1),  (366,1),  (393,6),  (421,1),  (449,1),  (477,1),  (531,1), 


[Timing] Time passed: 131.402897 s

Posterior Probability: -863.0509172
Agreement with demo: 11%
Current angular diffs: 1e+02'

Selected number of demos: 37

-- Positive Demos --
 (165,1),  (249,1),  (305,1),  (388,6),  (387,2),  (386,6),  (413,6),  (441,2),  (468,6),  (495,2),  (462,2),  (432,4),  (430,4),  (374,4),  (373,0),  (318,0),  (291,5),  (209,5),  (183,0),  (100,4),  (71,4),  (41,2),  (40,2),  (92,1),  (120,6),  (147,6),  (175,6),  (201,2),  (199,6),  (282,6),  (366,1),  (393,6),  (449,1),  (531,1), 


[Timing] Time passed: 113.564997 s

Posterior Probability: -254.0828493
Agreement with demo: 11%
Current angular diffs: 84'

Selected number of demos: 42

-- Positive Demos --
 (165,1),  (220,1),  (249,1),  (305,1),  (333,1),  (360,1),  (388,2),  (387,2),  (413,6),  (440,6),  (468,6),  (462,2),  (461,4),  (432,2),  (430,4),  (373,0),  (345,0),  (290,5),  (264,5),  (209,5),  (183,0),  (127,5),  (100,4),  (70,4),  (41,2),  (40,2),  (66,6),  (65,6),  (92,1),  (120,6),  (148,6),  (147,6),  (201,2),  (200,6),  (199,6),  (255,6),  (337,1),  (366,1),  (421,1),  (477,1), 


[Timing] Time passed: 118.776572 s

Posterior Probability: -992.1389865
Agreement with demo: 13%
Current angular diffs: 1e+02'

Selected number of demos: 44

-- Positive Demos --
 (165,1),  (193,1),  (249,1),  (333,1),  (360,1),  (388,6),  (387,2),  (413,6),  (441,2),  (441,6),  (468,6),  (463,2),  (489,2),  (461,4),  (431,2),  (373,0),  (345,0),  (318,0),  (291,5),  (237,5),  (209,5),  (183,0),  (127,5),  (100,4),  (71,4),  (41,4),  (40,2),  (66,6),  (92,1),  (120,6),  (148,6),  (147,6),  (175,6),  (201,2),  (199,6),  (255,6),  (310,1),  (366,1),  (393,6),  (449,1),  (531,1), 


[Timing] Time passed: 127.390552 s

Posterior Probability: -187.3683425
Agreement with demo: 12%
Current angular diffs: 96'

Selected number of demos: 35

-- Positive Demos --
 (82,2),  (220,1),  (249,1),  (277,1),  (360,1),  (387,2),  (386,6),  (441,2),  (441,6),  (495,2),  (463,2),  (461,4),  (432,4),  (430,4),  (373,0),  (373,5),  (318,5),  (291,5),  (237,5),  (209,5),  (155,0),  (99,4),  (41,4),  (41,2),  (37,6),  (66,6),  (92,1),  (175,6),  (201,2),  (228,6),  (310,1),  (393,6),  (477,1), 


[Timing] Time passed: 112.950839 s

Posterior Probability: -870.7981532
Agreement with demo: 12%
Current angular diffs: 89'

Selected number of demos: 90

-- Positive Demos --
 (82,2),  (165,1),  (193,1),  (220,1),  (249,1),  (277,1),  (305,1),  (333,1),  (360,1),  (388,6),  (388,2),  (387,2),  (386,6),  (413,6),  (441,2),  (441,6),  (440,6),  (468,6),  (495,2),  (463,2),  (462,2),  (489,2),  (461,4),  (432,4),  (432,2),  (431,2),  (430,4),  (374,4),  (373,0),  (373,5),  (344,0),  (345,0),  (318,0),  (318,5),  (290,5),  (291,5),  (264,5),  (237,5),  (209,5),  (183,0),  (155,0),  (127,5),  (128,0),  (100,4),  (99,4),  (71,4),  (70,4),  (41,4),  (41,2),  (40,2),  (37,6),  (66,6),  (65,6),  (92,1),  (120,6),  (148,6),  (147,6),  (175,6),  (201,2),  (200,6),  (199,6),  (228,6),  (255,6),  (282,6),  (310,1),  (337,1),  (366,1),  (393,6),  (421,1),  (449,1),  (477,1),  (531,1), 


[Timing] Time passed: 117.669053 s

Posterior Probability: -639.9711659
Agreement with demo: 11%
Current angular diffs: 90'

Selected number of demos: 61

-- Positive Demos --
 (165,1),  (193,1),  (220,1),  (249,1),  (305,1),  (333,1),  (360,1),  (388,6),  (388,2),  (387,2),  (386,6),  (413,6),  (441,2),  (441,6),  (468,6),  (495,2),  (463,2),  (462,2),  (461,4),  (432,2),  (431,2),  (374,4),  (373,0),  (344,0),  (318,0),  (290,5),  (291,5),  (264,5),  (237,5),  (209,5),  (183,0),  (155,0),  (127,5),  (128,0),  (100,4),  (71,4),  (41,4),  (41,2),  (40,2),  (37,6),  (66,6),  (92,1),  (120,6),  (147,6),  (175,6),  (201,2),  (199,6),  (228,6),  (255,6),  (282,6),  (310,1),  (337,1),  (366,1),  (421,1),  (477,1),  (531,1), 


[Timing] Time passed: 121.241062 s

Posterior Probability: -1301.872794
Agreement with demo: 7.5%
Current angular diffs: 94'

Selected number of demos: 62

-- Positive Demos --
 (165,1),  (220,1),  (249,1),  (277,1),  (305,1),  (360,1),  (388,6),  (387,2),  (386,6),  (413,6),  (441,2),  (441,6),  (440,6),  (468,6),  (463,2),  (462,2),  (489,2),  (461,4),  (432,2),  (431,2),  (430,4),  (374,4),  (373,0),  (373,5),  (345,0),  (318,5),  (290,5),  (291,5),  (264,5),  (237,5),  (209,5),  (183,0),  (155,0),  (127,5),  (100,4),  (71,4),  (41,4),  (41,2),  (40,2),  (37,6),  (65,6),  (92,1),  (148,6),  (147,6),  (175,6),  (201,2),  (200,6),  (228,6),  (255,6),  (310,1),  (337,1),  (366,1),  (393,6),  (449,1),  (477,1),  (531,1), 


[Timing] Time passed: 110.099942 s

Posterior Probability: -373.8285669
Agreement with demo: 14%
Current angular diffs: 83'

Selected number of demos: 32

-- Positive Demos --
 (193,1),  (249,1),  (360,1),  (387,2),  (386,6),  (413,6),  (441,6),  (468,6),  (462,2),  (461,4),  (430,4),  (373,5),  (318,0),  (290,5),  (291,5),  (209,5),  (183,0),  (128,0),  (71,4),  (41,2),  (66,6),  (92,1),  (148,6),  (175,6),  (201,2),  (228,6),  (310,1),  (366,1),  (393,6),  (421,1),  (477,1), 


[Timing] Time passed: 133.667061 s

Posterior Probability: -1080.079306
Agreement with demo: 13%
Current angular diffs: 96'

Selected number of demos: 58

-- Positive Demos --
 (82,2),  (165,1),  (193,1),  (220,1),  (249,1),  (305,1),  (360,1),  (388,6),  (388,2),  (387,2),  (386,6),  (413,6),  (441,6),  (468,6),  (495,2),  (463,2),  (462,2),  (461,4),  (432,4),  (431,2),  (430,4),  (373,0),  (344,0),  (345,0),  (318,5),  (291,5),  (264,5),  (237,5),  (209,5),  (183,0),  (155,0),  (127,5),  (100,4),  (99,4),  (71,4),  (70,4),  (41,2),  (40,2),  (37,6),  (65,6),  (92,1),  (120,6),  (147,6),  (175,6),  (201,2),  (200,6),  (228,6),  (255,6),  (282,6),  (337,1),  (366,1),  (393,6),  (421,1),  (449,1),  (477,1), 


[Timing] Time passed: 118.02373 s

Posterior Probability: -705.7639662
Agreement with demo: 8.3%
Current angular diffs: 90'

Selected number of demos: 43

-- Positive Demos --
 (165,1),  (193,1),  (220,1),  (249,1),  (277,1),  (333,1),  (388,6),  (387,2),  (413,6),  (441,2),  (440,6),  (468,6),  (462,2),  (461,4),  (432,2),  (374,4),  (373,5),  (318,0),  (291,5),  (264,5),  (237,5),  (209,5),  (183,0),  (155,0),  (100,4),  (99,4),  (41,4),  (40,2),  (37,6),  (92,1),  (120,6),  (148,6),  (147,6),  (201,2),  (200,6),  (255,6),  (282,6),  (337,1),  (366,1),  (393,6),  (449,1),  (477,1),  (531,1), 


[Timing] Time passed: 113.677196 s

Posterior Probability: -454.5772348
Agreement with demo: 6.8%
Current angular diffs: 94'

Selected number of demos: 44

-- Positive Demos --
 (82,2),  (165,1),  (193,1),  (220,1),  (277,1),  (333,1),  (360,1),  (387,2),  (413,6),  (441,6),  (468,6),  (463,2),  (461,4),  (432,4),  (431,2),  (374,4),  (344,0),  (318,5),  (291,5),  (264,5),  (209,5),  (183,0),  (155,0),  (100,4),  (71,4),  (41,2),  (40,2),  (37,6),  (66,6),  (92,1),  (148,6),  (175,6),  (201,2),  (228,6),  (255,6),  (310,1),  (366,1),  (421,1),  (477,1), 


[Timing] Time passed: 113.649245 s

Posterior Probability: -524.5027862
Agreement with demo: 11%
Current angular diffs: 91'

Selected number of demos: 34

-- Positive Demos --
 (220,1),  (249,1),  (360,1),  (387,2),  (441,6),  (468,6),  (462,2),  (432,4),  (430,4),  (374,4),  (373,5),  (318,5),  (291,5),  (209,5),  (183,0),  (127,5),  (71,4),  (41,4),  (41,2),  (40,2),  (66,6),  (92,1),  (120,6),  (148,6),  (147,6),  (175,6),  (201,2),  (200,6),  (282,6),  (337,1),  (393,6),  (477,1), 


[Timing] Time passed: 117.942431 s

Posterior Probability: -539.5142105
Agreement with demo: 11%
Current angular diffs: 97'

Selected number of demos: 32

-- Positive Demos --
 (193,1),  (220,1),  (277,1),  (360,1),  (388,2),  (387,2),  (386,6),  (413,6),  (440,6),  (495,2),  (463,2),  (461,4),  (430,4),  (344,0),  (290,5),  (264,5),  (209,5),  (155,0),  (100,4),  (41,4),  (40,2),  (66,6),  (92,1),  (148,6),  (147,6),  (201,2),  (200,6),  (228,6),  (282,6),  (366,1),  (449,1),  (531,1), 


[Timing] Time passed: 121.546915 s

Posterior Probability: -442.9996674
Agreement with demo: 6%
Current angular diffs: 93'

Selected number of demos: 30

-- Positive Demos --
 (220,1),  (305,1),  (388,6),  (413,6),  (441,6),  (468,6),  (463,2),  (432,2),  (431,2),  (374,4),  (318,0),  (291,5),  (237,5),  (209,5),  (183,0),  (155,0),  (71,4),  (40,2),  (66,6),  (65,6),  (92,1),  (147,6),  (175,6),  (201,2),  (199,6),  (228,6),  (366,1),  (421,1),  (477,1),  (531,1), 


[Timing] Time passed: 127.412535 s

Posterior Probability: -668.2314835
Agreement with demo: 16%
Current angular diffs: 98'

Selected number of demos: 90

-- Positive Demos --
 (82,2),  (165,1),  (193,1),  (220,1),  (249,1),  (277,1),  (305,1),  (333,1),  (360,1),  (388,6),  (388,2),  (387,2),  (386,6),  (413,6),  (441,2),  (441,6),  (440,6),  (468,6),  (495,2),  (463,2),  (462,2),  (489,2),  (461,4),  (432,4),  (432,2),  (431,2),  (430,4),  (374,4),  (373,0),  (373,5),  (344,0),  (345,0),  (318,0),  (318,5),  (290,5),  (291,5),  (264,5),  (237,5),  (209,5),  (183,0),  (155,0),  (127,5),  (128,0),  (100,4),  (99,4),  (71,4),  (70,4),  (41,4),  (41,2),  (40,2),  (37,6),  (66,6),  (65,6),  (92,1),  (120,6),  (148,6),  (147,6),  (175,6),  (201,2),  (200,6),  (199,6),  (228,6),  (255,6),  (282,6),  (310,1),  (337,1),  (366,1),  (393,6),  (421,1),  (449,1),  (477,1),  (531,1), 


[Timing] Time passed: 111.521185 s

Posterior Probability: -206.9977588
Agreement with demo: 9%
Current angular diffs: 90'

Selected number of demos: 43

-- Positive Demos --
 (165,1),  (249,1),  (277,1),  (333,1),  (360,1),  (388,2),  (387,2),  (386,6),  (413,6),  (441,6),  (440,6),  (468,6),  (463,2),  (461,4),  (432,2),  (374,4),  (344,0),  (345,0),  (318,0),  (290,5),  (264,5),  (209,5),  (183,0),  (128,0),  (71,4),  (41,4),  (40,2),  (37,6),  (65,6),  (92,1),  (148,6),  (147,6),  (201,2),  (199,6),  (255,6),  (282,6),  (337,1),  (366,1),  (421,1),  (477,1),  (531,1), 


[Timing] Time passed: 116.677862 s

Posterior Probability: -1686.356902
Agreement with demo: 8.3%
Current angular diffs: 97'

Selected number of demos: 28

-- Positive Demos --
 (220,1),  (333,1),  (388,6),  (386,6),  (441,2),  (440,6),  (495,2),  (461,4),  (432,2),  (374,4),  (373,5),  (345,0),  (291,5),  (237,5),  (209,5),  (127,5),  (99,4),  (70,4),  (40,2),  (92,1),  (148,6),  (175,6),  (200,6),  (282,6),  (366,1),  (449,1), 


[Timing] Time passed: 109.832471 s

Posterior Probability: -144.8999712
Agreement with demo: 15%
Current angular diffs: 89'

Selected number of demos: 90

-- Positive Demos --
 (82,2),  (165,1),  (193,1),  (220,1),  (249,1),  (277,1),  (305,1),  (333,1),  (360,1),  (388,6),  (388,2),  (387,2),  (386,6),  (413,6),  (441,2),  (441,6),  (440,6),  (468,6),  (495,2),  (463,2),  (462,2),  (489,2),  (461,4),  (432,4),  (432,2),  (431,2),  (430,4),  (374,4),  (373,0),  (373,5),  (344,0),  (345,0),  (318,0),  (318,5),  (290,5),  (291,5),  (264,5),  (237,5),  (209,5),  (183,0),  (155,0),  (127,5),  (128,0),  (100,4),  (99,4),  (71,4),  (70,4),  (41,4),  (41,2),  (40,2),  (37,6),  (66,6),  (65,6),  (92,1),  (120,6),  (148,6),  (147,6),  (175,6),  (201,2),  (200,6),  (199,6),  (228,6),  (255,6),  (282,6),  (310,1),  (337,1),  (366,1),  (393,6),  (421,1),  (449,1),  (477,1),  (531,1), 


[Timing] Time passed: 112.01208 s

Posterior Probability: -149.4847254
Agreement with demo: 8.3%
Current angular diffs: 88'

Selected number of demos: 38

-- Positive Demos --
 (165,1),  (249,1),  (305,1),  (333,1),  (388,6),  (386,6),  (413,6),  (440,6),  (468,6),  (463,2),  (489,2),  (432,2),  (430,4),  (344,0),  (345,0),  (318,5),  (291,5),  (209,5),  (155,0),  (127,5),  (100,4),  (41,4),  (41,2),  (40,2),  (37,6),  (92,1),  (120,6),  (148,6),  (201,2),  (199,6),  (255,6),  (282,6),  (310,1),  (366,1),  (477,1), 


[Timing] Time passed: 113.477466 s

Posterior Probability: -832.0470014
Agreement with demo: 6.8%
Current angular diffs: 95'

Selected number of demos: 22

-- Positive Demos --
 (249,1),  (333,1),  (388,2),  (413,6),  (468,6),  (462,2),  (432,2),  (430,4),  (345,0),  (290,5),  (291,5),  (264,5),  (183,0),  (100,4),  (99,4),  (40,2),  (66,6),  (120,6),  (201,2),  (228,6),  (337,1),  (449,1), 


[Timing] Time passed: 107.163795 s

Posterior Probability: -108.6084518
Agreement with demo: 16%
Current angular diffs: 82'

Selected number of demos: 90

-- Positive Demos --
 (82,2),  (165,1),  (193,1),  (220,1),  (249,1),  (277,1),  (305,1),  (333,1),  (360,1),  (388,6),  (388,2),  (387,2),  (386,6),  (413,6),  (441,2),  (441,6),  (440,6),  (468,6),  (495,2),  (463,2),  (462,2),  (489,2),  (461,4),  (432,4),  (432,2),  (431,2),  (430,4),  (374,4),  (373,0),  (373,5),  (344,0),  (345,0),  (318,0),  (318,5),  (290,5),  (291,5),  (264,5),  (237,5),  (209,5),  (183,0),  (155,0),  (127,5),  (128,0),  (100,4),  (99,4),  (71,4),  (70,4),  (41,4),  (41,2),  (40,2),  (37,6),  (66,6),  (65,6),  (92,1),  (120,6),  (148,6),  (147,6),  (175,6),  (201,2),  (200,6),  (199,6),  (228,6),  (255,6),  (282,6),  (310,1),  (337,1),  (366,1),  (393,6),  (421,1),  (449,1),  (477,1),  (531,1), 


[Timing] Time passed: 114.504768 s

Posterior Probability: -626.4124843
Agreement with demo: 7.5%
Current angular diffs: 88'

Selected number of demos: 90

-- Positive Demos --
 (82,2),  (165,1),  (193,1),  (220,1),  (249,1),  (277,1),  (305,1),  (333,1),  (360,1),  (388,6),  (388,2),  (387,2),  (386,6),  (413,6),  (441,2),  (441,6),  (440,6),  (468,6),  (495,2),  (463,2),  (462,2),  (489,2),  (461,4),  (432,4),  (432,2),  (431,2),  (430,4),  (374,4),  (373,0),  (373,5),  (344,0),  (345,0),  (318,0),  (318,5),  (290,5),  (291,5),  (264,5),  (237,5),  (209,5),  (183,0),  (155,0),  (127,5),  (128,0),  (100,4),  (99,4),  (71,4),  (70,4),  (41,4),  (41,2),  (40,2),  (37,6),  (66,6),  (65,6),  (92,1),  (120,6),  (148,6),  (147,6),  (175,6),  (201,2),  (200,6),  (199,6),  (228,6),  (255,6),  (282,6),  (310,1),  (337,1),  (366,1),  (393,6),  (421,1),  (449,1),  (477,1),  (531,1), 


[Timing] Time passed: 126.903004 s

Posterior Probability: -1824.591545
Agreement with demo: 17%
Current angular diffs: 93'

Selected number of demos: 90

-- Positive Demos --
 (82,2),  (165,1),  (193,1),  (220,1),  (249,1),  (277,1),  (305,1),  (333,1),  (360,1),  (388,6),  (388,2),  (387,2),  (386,6),  (413,6),  (441,2),  (441,6),  (440,6),  (468,6),  (495,2),  (463,2),  (462,2),  (489,2),  (461,4),  (432,4),  (432,2),  (431,2),  (430,4),  (374,4),  (373,0),  (373,5),  (344,0),  (345,0),  (318,0),  (318,5),  (290,5),  (291,5),  (264,5),  (237,5),  (209,5),  (183,0),  (155,0),  (127,5),  (128,0),  (100,4),  (99,4),  (71,4),  (70,4),  (41,4),  (41,2),  (40,2),  (37,6),  (66,6),  (65,6),  (92,1),  (120,6),  (148,6),  (147,6),  (175,6),  (201,2),  (200,6),  (199,6),  (228,6),  (255,6),  (282,6),  (310,1),  (337,1),  (366,1),  (393,6),  (421,1),  (449,1),  (477,1),  (531,1), 


[Timing] Time passed: 116.809964 s

Posterior Probability: -1638.1008
Agreement with demo: 12%
Current angular diffs: 98'

Selected number of demos: 90

-- Positive Demos --
 (82,2),  (165,1),  (193,1),  (220,1),  (249,1),  (277,1),  (305,1),  (333,1),  (360,1),  (388,6),  (388,2),  (387,2),  (386,6),  (413,6),  (441,2),  (441,6),  (440,6),  (468,6),  (495,2),  (463,2),  (462,2),  (489,2),  (461,4),  (432,4),  (432,2),  (431,2),  (430,4),  (374,4),  (373,0),  (373,5),  (344,0),  (345,0),  (318,0),  (318,5),  (290,5),  (291,5),  (264,5),  (237,5),  (209,5),  (183,0),  (155,0),  (127,5),  (128,0),  (100,4),  (99,4),  (71,4),  (70,4),  (41,4),  (41,2),  (40,2),  (37,6),  (66,6),  (65,6),  (92,1),  (120,6),  (148,6),  (147,6),  (175,6),  (201,2),  (200,6),  (199,6),  (228,6),  (255,6),  (282,6),  (310,1),  (337,1),  (366,1),  (393,6),  (421,1),  (449,1),  (477,1),  (531,1), 


[Timing] Time passed: 125.870689 s

Posterior Probability: -422.0551335
Agreement with demo: 9%
Current angular diffs: 90'

Selected number of demos: 29

-- Positive Demos --
 (193,1),  (333,1),  (388,2),  (413,6),  (441,6),  (468,6),  (495,2),  (463,2),  (432,4),  (432,2),  (373,0),  (344,0),  (318,5),  (291,5),  (237,5),  (209,5),  (183,0),  (128,0),  (71,4),  (70,4),  (66,6),  (148,6),  (147,6),  (200,6),  (255,6),  (393,6),  (421,1),  (449,1),  (477,1), 


[Timing] Time passed: 130.88316 s

Posterior Probability: -1221.638222
Agreement with demo: 14%
Current angular diffs: 93'

Selected number of demos: 24

-- Positive Demos --
 (82,2),  (165,1),  (277,1),  (360,1),  (387,2),  (440,6),  (463,2),  (461,4),  (432,2),  (430,4),  (345,0),  (291,5),  (209,5),  (183,0),  (100,4),  (70,4),  (37,6),  (92,1),  (120,6),  (201,2),  (282,6),  (366,1),  (531,1), 


[Timing] Time passed: 127.133548 s

Posterior Probability: -79.71554529
Agreement with demo: 20%
Current angular diffs: 73'

Selected number of demos: 32

-- Positive Demos --
 (165,1),  (249,1),  (333,1),  (388,6),  (388,2),  (413,6),  (440,6),  (462,2),  (461,4),  (431,2),  (374,4),  (344,0),  (290,5),  (291,5),  (237,5),  (209,5),  (127,5),  (70,4),  (37,6),  (92,1),  (120,6),  (175,6),  (201,2),  (200,6),  (228,6),  (255,6),  (366,1),  (421,1),  (449,1),  (477,1), 


[Timing] Time passed: 118.61568 s

Posterior Probability: -61.94936133
Agreement with demo: 15%
Current angular diffs: 86'

Selected number of demos: 27

-- Positive Demos --
 (193,1),  (220,1),  (305,1),  (360,1),  (387,2),  (413,6),  (441,6),  (468,6),  (461,4),  (432,2),  (373,5),  (318,5),  (237,5),  (183,0),  (100,4),  (71,4),  (70,4),  (37,6),  (92,1),  (147,6),  (200,6),  (255,6),  (366,1),  (449,1),  (477,1),  (531,1), 


[Timing] Time passed: 119.709725 s

Posterior Probability: -774.4449455
Agreement with demo: 9.8%
Current angular diffs: 1e+02'

Selected number of demos: 24

-- Positive Demos --
 (165,1),  (220,1),  (360,1),  (388,6),  (386,6),  (413,6),  (441,2),  (495,2),  (489,2),  (431,2),  (344,0),  (318,5),  (291,5),  (209,5),  (127,5),  (128,0),  (41,2),  (37,6),  (92,1),  (175,6),  (201,2),  (282,6),  (421,1),  (531,1), 


[Timing] Time passed: 125.338511 s

Posterior Probability: -1132.6134
Agreement with demo: 8.3%
Current angular diffs: 1.1e+02'

Selected number of demos: 50

-- Positive Demos --
 (82,2),  (193,1),  (249,1),  (333,1),  (360,1),  (388,2),  (387,2),  (386,6),  (413,6),  (441,6),  (468,6),  (462,2),  (461,4),  (432,4),  (431,2),  (374,4),  (344,0),  (345,0),  (318,5),  (290,5),  (291,5),  (237,5),  (209,5),  (183,0),  (128,0),  (71,4),  (41,4),  (40,2),  (65,6),  (92,1),  (120,6),  (148,6),  (147,6),  (175,6),  (201,2),  (200,6),  (228,6),  (282,6),  (310,1),  (366,1),  (393,6),  (477,1), 


[Timing] Time passed: 124.120496 s

Posterior Probability: -105.7266417
Agreement with demo: 11%
Current angular diffs: 98'

Selected number of demos: 35

-- Positive Demos --
 (165,1),  (249,1),  (305,1),  (333,1),  (360,1),  (388,2),  (413,6),  (441,2),  (468,6),  (461,4),  (432,4),  (431,2),  (374,4),  (318,0),  (318,5),  (290,5),  (291,5),  (264,5),  (237,5),  (209,5),  (127,5),  (100,4),  (70,4),  (40,2),  (92,1),  (120,6),  (147,6),  (201,2),  (200,6),  (282,6),  (366,1),  (421,1),  (477,1),  (531,1), 


[Timing] Time passed: 130.585442 s

Posterior Probability: -790.7586062
Agreement with demo: 9.8%
Current angular diffs: 92'

Selected number of demos: 90

-- Positive Demos --
 (82,2),  (165,1),  (193,1),  (220,1),  (249,1),  (277,1),  (305,1),  (333,1),  (360,1),  (388,6),  (388,2),  (387,2),  (386,6),  (413,6),  (441,2),  (441,6),  (440,6),  (468,6),  (495,2),  (463,2),  (462,2),  (489,2),  (461,4),  (432,4),  (432,2),  (431,2),  (430,4),  (374,4),  (373,0),  (373,5),  (344,0),  (345,0),  (318,0),  (318,5),  (290,5),  (291,5),  (264,5),  (237,5),  (209,5),  (183,0),  (155,0),  (127,5),  (128,0),  (100,4),  (99,4),  (71,4),  (70,4),  (41,4),  (41,2),  (40,2),  (37,6),  (66,6),  (65,6),  (92,1),  (120,6),  (148,6),  (147,6),  (175,6),  (201,2),  (200,6),  (199,6),  (228,6),  (255,6),  (282,6),  (310,1),  (337,1),  (366,1),  (393,6),  (421,1),  (449,1),  (477,1),  (531,1), 


[Timing] Time passed: 117.419833 s

Posterior Probability: -1142.80127
Agreement with demo: 11%
Current angular diffs: 83'

Selected number of demos: 30

-- Positive Demos --
 (165,1),  (249,1),  (360,1),  (388,2),  (387,2),  (413,6),  (440,6),  (463,2),  (461,4),  (432,4),  (374,4),  (344,0),  (345,0),  (291,5),  (237,5),  (209,5),  (183,0),  (128,0),  (99,4),  (41,4),  (40,2),  (92,1),  (147,6),  (201,2),  (199,6),  (255,6),  (337,1),  (421,1),  (477,1), 


[Timing] Time passed: 113.176419 s

Posterior Probability: -420.8117509
Agreement with demo: 11%
Current angular diffs: 88'

Selected number of demos: 59

-- Positive Demos --
 (82,2),  (165,1),  (193,1),  (249,1),  (277,1),  (333,1),  (360,1),  (388,6),  (387,2),  (386,6),  (413,6),  (441,6),  (468,6),  (495,2),  (463,2),  (462,2),  (489,2),  (461,4),  (432,4),  (431,2),  (430,4),  (373,0),  (344,0),  (318,0),  (318,5),  (291,5),  (264,5),  (237,5),  (209,5),  (183,0),  (155,0),  (128,0),  (100,4),  (99,4),  (70,4),  (41,4),  (41,2),  (40,2),  (66,6),  (92,1),  (120,6),  (147,6),  (175,6),  (201,2),  (200,6),  (199,6),  (255,6),  (282,6),  (337,1),  (366,1),  (421,1),  (477,1),  (531,1), 


[Timing] Time passed: 117.182921 s

Posterior Probability: -1311.753797
Agreement with demo: 11%
Current angular diffs: 1e+02'

Selected number of demos: 29

-- Positive Demos --
 (82,2),  (165,1),  (249,1),  (333,1),  (387,2),  (413,6),  (441,2),  (441,6),  (440,6),  (468,6),  (462,2),  (432,4),  (373,0),  (318,0),  (264,5),  (183,0),  (100,4),  (70,4),  (40,2),  (37,6),  (92,1),  (147,6),  (175,6),  (201,2),  (228,6),  (337,1),  (366,1),  (393,6),  (449,1), 


[Timing] Time passed: 133.672511 s

Posterior Probability: -98.1826447
Agreement with demo: 15%
Current angular diffs: 97'

Selected number of demos: 36

-- Positive Demos --
 (165,1),  (249,1),  (305,1),  (360,1),  (388,2),  (386,6),  (413,6),  (441,6),  (495,2),  (462,2),  (461,4),  (431,2),  (374,4),  (345,0),  (318,5),  (290,5),  (291,5),  (209,5),  (183,0),  (155,0),  (99,4),  (71,4),  (41,4),  (40,2),  (66,6),  (65,6),  (148,6),  (175,6),  (201,2),  (199,6),  (228,6),  (255,6),  (282,6),  (337,1),  (393,6),  (477,1), 


[Timing] Time passed: 129.08151 s

Posterior Probability: -121.653113
Agreement with demo: 11%
Current angular diffs: 87'

Selected number of demos: 90

-- Positive Demos --
 (82,2),  (165,1),  (193,1),  (220,1),  (249,1),  (277,1),  (305,1),  (333,1),  (360,1),  (388,6),  (388,2),  (387,2),  (386,6),  (413,6),  (441,2),  (441,6),  (440,6),  (468,6),  (495,2),  (463,2),  (462,2),  (489,2),  (461,4),  (432,4),  (432,2),  (431,2),  (430,4),  (374,4),  (373,0),  (373,5),  (344,0),  (345,0),  (318,0),  (318,5),  (290,5),  (291,5),  (264,5),  (237,5),  (209,5),  (183,0),  (155,0),  (127,5),  (128,0),  (100,4),  (99,4),  (71,4),  (70,4),  (41,4),  (41,2),  (40,2),  (37,6),  (66,6),  (65,6),  (92,1),  (120,6),  (148,6),  (147,6),  (175,6),  (201,2),  (200,6),  (199,6),  (228,6),  (255,6),  (282,6),  (310,1),  (337,1),  (366,1),  (393,6),  (421,1),  (449,1),  (477,1),  (531,1), 


[Timing] Time passed: 115.991981 s

Posterior Probability: -648.05954
Agreement with demo: 11%
Current angular diffs: 95'

Selected number of demos: 90

-- Positive Demos --
 (82,2),  (165,1),  (193,1),  (220,1),  (249,1),  (277,1),  (305,1),  (333,1),  (360,1),  (388,6),  (388,2),  (387,2),  (386,6),  (413,6),  (441,2),  (441,6),  (440,6),  (468,6),  (495,2),  (463,2),  (462,2),  (489,2),  (461,4),  (432,4),  (432,2),  (431,2),  (430,4),  (374,4),  (373,0),  (373,5),  (344,0),  (345,0),  (318,0),  (318,5),  (290,5),  (291,5),  (264,5),  (237,5),  (209,5),  (183,0),  (155,0),  (127,5),  (128,0),  (100,4),  (99,4),  (71,4),  (70,4),  (41,4),  (41,2),  (40,2),  (37,6),  (66,6),  (65,6),  (92,1),  (120,6),  (148,6),  (147,6),  (175,6),  (201,2),  (200,6),  (199,6),  (228,6),  (255,6),  (282,6),  (310,1),  (337,1),  (366,1),  (393,6),  (421,1),  (449,1),  (477,1),  (531,1), 


[Timing] Time passed: 111.877731 s

Posterior Probability: -146.4907701
Agreement with demo: 11%
Current angular diffs: 89'

Selected number of demos: 42

-- Positive Demos --
 (165,1),  (220,1),  (249,1),  (277,1),  (305,1),  (360,1),  (388,2),  (387,2),  (413,6),  (441,6),  (468,6),  (463,2),  (462,2),  (461,4),  (431,2),  (430,4),  (373,5),  (318,0),  (318,5),  (291,5),  (237,5),  (209,5),  (183,0),  (127,5),  (99,4),  (71,4),  (41,4),  (41,2),  (37,6),  (65,6),  (120,6),  (147,6),  (175,6),  (201,2),  (199,6),  (255,6),  (310,1),  (366,1),  (421,1),  (449,1),  (531,1), 


[Timing] Time passed: 116.558322 s

Posterior Probability: -838.2776668
Agreement with demo: 7.5%
Current angular diffs: 92'

Selected number of demos: 90

-- Positive Demos --
 (82,2),  (165,1),  (193,1),  (220,1),  (249,1),  (277,1),  (305,1),  (333,1),  (360,1),  (388,6),  (388,2),  (387,2),  (386,6),  (413,6),  (441,2),  (441,6),  (440,6),  (468,6),  (495,2),  (463,2),  (462,2),  (489,2),  (461,4),  (432,4),  (432,2),  (431,2),  (430,4),  (374,4),  (373,0),  (373,5),  (344,0),  (345,0),  (318,0),  (318,5),  (290,5),  (291,5),  (264,5),  (237,5),  (209,5),  (183,0),  (155,0),  (127,5),  (128,0),  (100,4),  (99,4),  (71,4),  (70,4),  (41,4),  (41,2),  (40,2),  (37,6),  (66,6),  (65,6),  (92,1),  (120,6),  (148,6),  (147,6),  (175,6),  (201,2),  (200,6),  (199,6),  (228,6),  (255,6),  (282,6),  (310,1),  (337,1),  (366,1),  (393,6),  (421,1),  (449,1),  (477,1),  (531,1), 


[Timing] Time passed: 130.355413 s

Posterior Probability: -1925.749089
Agreement with demo: 11%
Current angular diffs: 91'

Selected number of demos: 90

-- Positive Demos --
 (82,2),  (165,1),  (193,1),  (220,1),  (249,1),  (277,1),  (305,1),  (333,1),  (360,1),  (388,6),  (388,2),  (387,2),  (386,6),  (413,6),  (441,2),  (441,6),  (440,6),  (468,6),  (495,2),  (463,2),  (462,2),  (489,2),  (461,4),  (432,4),  (432,2),  (431,2),  (430,4),  (374,4),  (373,0),  (373,5),  (344,0),  (345,0),  (318,0),  (318,5),  (290,5),  (291,5),  (264,5),  (237,5),  (209,5),  (183,0),  (155,0),  (127,5),  (128,0),  (100,4),  (99,4),  (71,4),  (70,4),  (41,4),  (41,2),  (40,2),  (37,6),  (66,6),  (65,6),  (92,1),  (120,6),  (148,6),  (147,6),  (175,6),  (201,2),  (200,6),  (199,6),  (228,6),  (255,6),  (282,6),  (310,1),  (337,1),  (366,1),  (393,6),  (421,1),  (449,1),  (477,1),  (531,1), 


[Timing] Time passed: 127.303079 s

Posterior Probability: -1980.327647
Agreement with demo: 11%
Current angular diffs: 99'

Selected number of demos: 49

-- Positive Demos --
 (165,1),  (249,1),  (305,1),  (360,1),  (388,2),  (387,2),  (413,6),  (441,2),  (440,6),  (495,2),  (463,2),  (462,2),  (489,2),  (461,4),  (432,2),  (431,2),  (430,4),  (373,5),  (344,0),  (345,0),  (318,0),  (318,5),  (291,5),  (264,5),  (237,5),  (209,5),  (183,0),  (155,0),  (100,4),  (70,4),  (40,2),  (37,6),  (66,6),  (92,1),  (120,6),  (175,6),  (201,2),  (200,6),  (199,6),  (255,6),  (310,1),  (337,1),  (366,1),  (421,1),  (477,1), 


[Timing] Time passed: 117.119639 s

Posterior Probability: -198.171657
Agreement with demo: 9.8%
Current angular diffs: 86'

Selected number of demos: 90

-- Positive Demos --
 (82,2),  (165,1),  (193,1),  (220,1),  (249,1),  (277,1),  (305,1),  (333,1),  (360,1),  (388,6),  (388,2),  (387,2),  (386,6),  (413,6),  (441,2),  (441,6),  (440,6),  (468,6),  (495,2),  (463,2),  (462,2),  (489,2),  (461,4),  (432,4),  (432,2),  (431,2),  (430,4),  (374,4),  (373,0),  (373,5),  (344,0),  (345,0),  (318,0),  (318,5),  (290,5),  (291,5),  (264,5),  (237,5),  (209,5),  (183,0),  (155,0),  (127,5),  (128,0),  (100,4),  (99,4),  (71,4),  (70,4),  (41,4),  (41,2),  (40,2),  (37,6),  (66,6),  (65,6),  (92,1),  (120,6),  (148,6),  (147,6),  (175,6),  (201,2),  (200,6),  (199,6),  (228,6),  (255,6),  (282,6),  (310,1),  (337,1),  (366,1),  (393,6),  (421,1),  (449,1),  (477,1),  (531,1), 


[Timing] Time passed: 110.567705 s

Posterior Probability: -1872.227078
Agreement with demo: 11%
Current angular diffs: 87'

Selected number of demos: 27

-- Positive Demos --
 (220,1),  (249,1),  (333,1),  (388,2),  (386,6),  (441,6),  (440,6),  (495,2),  (461,4),  (430,4),  (373,0),  (373,5),  (318,0),  (291,5),  (264,5),  (209,5),  (183,0),  (100,4),  (41,4),  (40,2),  (65,6),  (147,6),  (175,6),  (199,6),  (255,6),  (366,1),  (477,1), 


[Timing] Time passed: 112.863119 s

Posterior Probability: -78.57573132
Agreement with demo: 15%
Current angular diffs: 80'

Selected number of demos: 90

-- Positive Demos --
 (82,2),  (165,1),  (193,1),  (220,1),  (249,1),  (277,1),  (305,1),  (333,1),  (360,1),  (388,6),  (388,2),  (387,2),  (386,6),  (413,6),  (441,2),  (441,6),  (440,6),  (468,6),  (495,2),  (463,2),  (462,2),  (489,2),  (461,4),  (432,4),  (432,2),  (431,2),  (430,4),  (374,4),  (373,0),  (373,5),  (344,0),  (345,0),  (318,0),  (318,5),  (290,5),  (291,5),  (264,5),  (237,5),  (209,5),  (183,0),  (155,0),  (127,5),  (128,0),  (100,4),  (99,4),  (71,4),  (70,4),  (41,4),  (41,2),  (40,2),  (37,6),  (66,6),  (65,6),  (92,1),  (120,6),  (148,6),  (147,6),  (175,6),  (201,2),  (200,6),  (199,6),  (228,6),  (255,6),  (282,6),  (310,1),  (337,1),  (366,1),  (393,6),  (421,1),  (449,1),  (477,1),  (531,1), 


[Timing] Time passed: 123.726438 s

Posterior Probability: -203.1869784
Agreement with demo: 11%
Current angular diffs: 85'

Selected number of demos: 36

-- Positive Demos --
 (193,1),  (249,1),  (277,1),  (305,1),  (388,6),  (387,2),  (441,6),  (463,2),  (461,4),  (432,4),  (373,0),  (373,5),  (345,0),  (290,5),  (264,5),  (237,5),  (209,5),  (183,0),  (155,0),  (100,4),  (41,4),  (40,2),  (65,6),  (148,6),  (175,6),  (200,6),  (199,6),  (255,6),  (310,1),  (393,6),  (421,1),  (477,1),  (531,1), 


[Timing] Time passed: 121.648566 s

Posterior Probability: -468.7507877
Agreement with demo: 8.3%
Current angular diffs: 92'

Selected number of demos: 90

-- Positive Demos --
 (82,2),  (165,1),  (193,1),  (220,1),  (249,1),  (277,1),  (305,1),  (333,1),  (360,1),  (388,6),  (388,2),  (387,2),  (386,6),  (413,6),  (441,2),  (441,6),  (440,6),  (468,6),  (495,2),  (463,2),  (462,2),  (489,2),  (461,4),  (432,4),  (432,2),  (431,2),  (430,4),  (374,4),  (373,0),  (373,5),  (344,0),  (345,0),  (318,0),  (318,5),  (290,5),  (291,5),  (264,5),  (237,5),  (209,5),  (183,0),  (155,0),  (127,5),  (128,0),  (100,4),  (99,4),  (71,4),  (70,4),  (41,4),  (41,2),  (40,2),  (37,6),  (66,6),  (65,6),  (92,1),  (120,6),  (148,6),  (147,6),  (175,6),  (201,2),  (200,6),  (199,6),  (228,6),  (255,6),  (282,6),  (310,1),  (337,1),  (366,1),  (393,6),  (421,1),  (449,1),  (477,1),  (531,1), 


[Timing] Time passed: 108.353191 s

Posterior Probability: -296.3383329
Agreement with demo: 9.8%
Current angular diffs: 90'

Selected number of demos: 90

-- Positive Demos --
 (82,2),  (165,1),  (193,1),  (220,1),  (249,1),  (277,1),  (305,1),  (333,1),  (360,1),  (388,6),  (388,2),  (387,2),  (386,6),  (413,6),  (441,2),  (441,6),  (440,6),  (468,6),  (495,2),  (463,2),  (462,2),  (489,2),  (461,4),  (432,4),  (432,2),  (431,2),  (430,4),  (374,4),  (373,0),  (373,5),  (344,0),  (345,0),  (318,0),  (318,5),  (290,5),  (291,5),  (264,5),  (237,5),  (209,5),  (183,0),  (155,0),  (127,5),  (128,0),  (100,4),  (99,4),  (71,4),  (70,4),  (41,4),  (41,2),  (40,2),  (37,6),  (66,6),  (65,6),  (92,1),  (120,6),  (148,6),  (147,6),  (175,6),  (201,2),  (200,6),  (199,6),  (228,6),  (255,6),  (282,6),  (310,1),  (337,1),  (366,1),  (393,6),  (421,1),  (449,1),  (477,1),  (531,1), 


[Timing] Time passed: 111.194047 s

Posterior Probability: -497.5582769
Agreement with demo: 9%
Current angular diffs: 90'

Selected number of demos: 60

-- Positive Demos --
 (82,2),  (165,1),  (193,1),  (220,1),  (249,1),  (277,1),  (333,1),  (360,1),  (388,6),  (387,2),  (386,6),  (413,6),  (441,2),  (440,6),  (468,6),  (463,2),  (489,2),  (461,4),  (432,4),  (432,2),  (431,2),  (430,4),  (374,4),  (373,5),  (344,0),  (345,0),  (318,5),  (291,5),  (264,5),  (237,5),  (209,5),  (183,0),  (127,5),  (100,4),  (71,4),  (41,4),  (40,2),  (37,6),  (65,6),  (92,1),  (120,6),  (148,6),  (147,6),  (175,6),  (201,2),  (199,6),  (255,6),  (310,1),  (366,1),  (393,6),  (421,1),  (449,1),  (477,1),  (531,1), 


[Timing] Time passed: 95.842924 s

Posterior Probability: -1390.444959
Agreement with demo: 8.3%
Current angular diffs: 93'

-----------------------------
Avg angular diffs: 73'
-- learned weights --
Feature Weights: -0.37925, -0.41725, -0.0175, -0.1, 
