loading features...

Initializing gridworld of size 32 by 24..
    Num states: 768
    Num actions: 8

Total number of demos: 131

Selected number of demos: 73

-- Positive Demos --
 (694,5),  (660,3),  (666,3),  (680,7),  (709,3),  (702,3),  (699,3),  (700,5),  (662,5),  (640,0),  (615,3),  (619,3),  (614,3),  (609,3),  (603,3),  (602,7),  (595,5),  (587,5),  (581,0),  (566,0),  (527,0),  (490,4),  (462,4),  (433,4),  (420,2),  (407,4),  (364,2),  (361,2),  (358,2),  (341,2),  (339,2),  (329,4),  (317,2),  (320,6),  (351,6),  (366,6),  (399,6),  (434,2),  (439,2),  (449,4),  (414,4),  (379,0),  (350,0),  (287,0),  (235,5),  (164,5),  (135,5),  (121,3),  (118,3),  (106,3),  (119,3),  (120,7),  (133,3),  (140,3),  (151,7),  (184,3),  (204,7),  (213,7),  (218,3),  (213,3),  (206,3),  (199,5),  (188,5),  (169,5),  (146,5),  (124,5),  (99,5),  (96,1),  (102,7),  (107,3),  (107,1), 


[Timing] Time passed: 235.735394 s

Posterior Probability: -408.4433733
Agreement with demo: 19%
Current angular diffs: 87'

Selected number of demos: 65

-- Positive Demos --
 (660,3),  (680,7),  (702,3),  (709,3),  (696,3),  (700,5),  (662,5),  (656,5),  (640,0),  (615,3),  (614,3),  (606,3),  (603,3),  (602,7),  (620,5),  (589,3),  (581,0),  (544,0),  (490,4),  (462,4),  (420,2),  (407,4),  (377,2),  (358,2),  (341,2),  (340,2),  (317,2),  (320,6),  (366,6),  (382,6),  (430,2),  (434,2),  (445,2),  (452,2),  (449,4),  (403,4),  (391,4),  (379,0),  (368,0),  (350,0),  (287,0),  (235,5),  (212,5),  (135,5),  (111,3),  (122,3),  (110,3),  (120,7),  (140,3),  (164,7),  (184,3),  (197,3),  (213,7),  (218,3),  (206,3),  (199,5),  (188,5),  (146,5),  (136,3),  (130,3),  (99,5),  (102,1),  (105,7),  (106,3),  (107,3), 


[Timing] Time passed: 248.421028 s

Posterior Probability: -444.1748635
Agreement with demo: 18%
Current angular diffs: 88'

Selected number of demos: 66

-- Positive Demos --
 (694,5),  (670,5),  (666,3),  (672,3),  (680,7),  (690,7),  (702,3),  (696,3),  (690,5),  (656,5),  (619,3),  (609,3),  (606,3),  (603,3),  (599,3),  (602,7),  (620,5),  (610,5),  (587,5),  (544,0),  (508,0),  (475,4),  (462,4),  (433,4),  (420,2),  (413,2),  (395,4),  (361,2),  (341,2),  (339,2),  (338,2),  (320,6),  (338,6),  (366,6),  (382,6),  (419,6),  (439,2),  (445,2),  (452,2),  (414,4),  (391,4),  (350,0),  (330,0),  (312,0),  (287,0),  (212,5),  (164,5),  (118,3),  (111,3),  (112,3),  (119,3),  (120,7),  (144,3),  (164,7),  (193,3),  (204,7),  (224,3),  (206,3),  (188,5),  (136,3),  (130,3),  (99,5),  (99,1),  (102,7),  (106,3), 


[Timing] Time passed: 251.332248 s

Posterior Probability: -189.87124
Agreement with demo: 12%
Current angular diffs: 92'

Selected number of demos: 131

-- Positive Demos --
 (694,5),  (670,5),  (660,3),  (666,3),  (672,3),  (680,7),  (690,7),  (702,3),  (709,3),  (696,3),  (699,3),  (700,5),  (690,5),  (675,5),  (662,5),  (656,5),  (640,0),  (619,3),  (615,3),  (620,3),  (614,3),  (609,3),  (606,3),  (603,3),  (599,3),  (602,7),  (620,5),  (610,5),  (595,5),  (589,3),  (587,5),  (581,0),  (566,0),  (544,0),  (527,0),  (508,0),  (490,4),  (475,4),  (462,4),  (449,4),  (433,4),  (420,2),  (413,2),  (407,4),  (395,4),  (377,2),  (364,2),  (361,2),  (358,2),  (352,2),  (341,2),  (339,2),  (340,2),  (338,2),  (329,4),  (317,2),  (320,6),  (338,6),  (351,6),  (366,6),  (382,6),  (399,6),  (419,6),  (430,2),  (434,2),  (439,2),  (445,2),  (452,2),  (414,4),  (403,4),  (391,4),  (379,0),  (368,0),  (350,0),  (330,0),  (312,0),  (287,0),  (259,0),  (235,5),  (212,5),  (194,5),  (164,5),  (135,5),  (121,3),  (118,3),  (111,3),  (106,3),  (112,3),  (122,3),  (119,3),  (110,3),  (120,7),  (133,3),  (140,3),  (144,3),  (151,7),  (164,7),  (184,3),  (193,3),  (197,3),  (204,7),  (213,7),  (222,3),  (224,3),  (218,3),  (213,3),  (206,3),  (199,5),  (188,5),  (169,5),  (146,5),  (136,3),  (130,3),  (124,5),  (113,0),  (99,5),  (96,1),  (99,1),  (102,1),  (102,7),  (105,7),  (107,3),  (107,1), 


[Timing] Time passed: 260.686869 s

Posterior Probability: -961.3929884
Agreement with demo: 16%
Current angular diffs: 88'

Selected number of demos: 66

-- Positive Demos --
 (670,5),  (660,3),  (666,3),  (672,3),  (690,7),  (709,3),  (702,3),  (699,3),  (675,5),  (640,0),  (615,3),  (619,3),  (609,3),  (603,3),  (602,7),  (620,5),  (595,5),  (589,3),  (566,0),  (544,0),  (508,0),  (475,4),  (433,4),  (420,2),  (407,4),  (377,2),  (364,2),  (358,2),  (339,2),  (338,2),  (317,2),  (320,6),  (338,6),  (382,6),  (430,2),  (445,2),  (449,4),  (403,4),  (379,0),  (368,0),  (350,0),  (287,0),  (259,0),  (212,5),  (164,5),  (121,3),  (118,3),  (112,3),  (110,3),  (133,3),  (144,3),  (151,7),  (193,3),  (213,7),  (224,3),  (206,3),  (188,5),  (146,5),  (124,5),  (99,5),  (96,1),  (99,1),  (102,7),  (107,3), 


[Timing] Time passed: 260.278094 s

Posterior Probability: -183.5920407
Agreement with demo: 15%
Current angular diffs: 94'

Selected number of demos: 131

-- Positive Demos --
 (694,5),  (670,5),  (660,3),  (666,3),  (672,3),  (680,7),  (690,7),  (702,3),  (709,3),  (696,3),  (699,3),  (700,5),  (690,5),  (675,5),  (662,5),  (656,5),  (640,0),  (619,3),  (615,3),  (620,3),  (614,3),  (609,3),  (606,3),  (603,3),  (599,3),  (602,7),  (620,5),  (610,5),  (595,5),  (589,3),  (587,5),  (581,0),  (566,0),  (544,0),  (527,0),  (508,0),  (490,4),  (475,4),  (462,4),  (449,4),  (433,4),  (420,2),  (413,2),  (407,4),  (395,4),  (377,2),  (364,2),  (361,2),  (358,2),  (352,2),  (341,2),  (339,2),  (340,2),  (338,2),  (329,4),  (317,2),  (320,6),  (338,6),  (351,6),  (366,6),  (382,6),  (399,6),  (419,6),  (430,2),  (434,2),  (439,2),  (445,2),  (452,2),  (414,4),  (403,4),  (391,4),  (379,0),  (368,0),  (350,0),  (330,0),  (312,0),  (287,0),  (259,0),  (235,5),  (212,5),  (194,5),  (164,5),  (135,5),  (121,3),  (118,3),  (111,3),  (106,3),  (112,3),  (122,3),  (119,3),  (110,3),  (120,7),  (133,3),  (140,3),  (144,3),  (151,7),  (164,7),  (184,3),  (193,3),  (197,3),  (204,7),  (213,7),  (222,3),  (224,3),  (218,3),  (213,3),  (206,3),  (199,5),  (188,5),  (169,5),  (146,5),  (136,3),  (130,3),  (124,5),  (113,0),  (99,5),  (96,1),  (99,1),  (102,1),  (102,7),  (105,7),  (107,3),  (107,1), 


[Timing] Time passed: 218.414011 s

Posterior Probability: -283.9570002
Agreement with demo: 15%
Current angular diffs: 93'

Selected number of demos: 131

-- Positive Demos --
 (694,5),  (670,5),  (660,3),  (666,3),  (672,3),  (680,7),  (690,7),  (702,3),  (709,3),  (696,3),  (699,3),  (700,5),  (690,5),  (675,5),  (662,5),  (656,5),  (640,0),  (619,3),  (615,3),  (620,3),  (614,3),  (609,3),  (606,3),  (603,3),  (599,3),  (602,7),  (620,5),  (610,5),  (595,5),  (589,3),  (587,5),  (581,0),  (566,0),  (544,0),  (527,0),  (508,0),  (490,4),  (475,4),  (462,4),  (449,4),  (433,4),  (420,2),  (413,2),  (407,4),  (395,4),  (377,2),  (364,2),  (361,2),  (358,2),  (352,2),  (341,2),  (339,2),  (340,2),  (338,2),  (329,4),  (317,2),  (320,6),  (338,6),  (351,6),  (366,6),  (382,6),  (399,6),  (419,6),  (430,2),  (434,2),  (439,2),  (445,2),  (452,2),  (414,4),  (403,4),  (391,4),  (379,0),  (368,0),  (350,0),  (330,0),  (312,0),  (287,0),  (259,0),  (235,5),  (212,5),  (194,5),  (164,5),  (135,5),  (121,3),  (118,3),  (111,3),  (106,3),  (112,3),  (122,3),  (119,3),  (110,3),  (120,7),  (133,3),  (140,3),  (144,3),  (151,7),  (164,7),  (184,3),  (193,3),  (197,3),  (204,7),  (213,7),  (222,3),  (224,3),  (218,3),  (213,3),  (206,3),  (199,5),  (188,5),  (169,5),  (146,5),  (136,3),  (130,3),  (124,5),  (113,0),  (99,5),  (96,1),  (99,1),  (102,1),  (102,7),  (105,7),  (107,3),  (107,1), 


[Timing] Time passed: 221.818374 s

Posterior Probability: -362.5126401
Agreement with demo: 16%
Current angular diffs: 94'

Selected number of demos: 89

-- Positive Demos --
 (694,5),  (660,3),  (666,3),  (672,3),  (680,7),  (690,7),  (702,3),  (709,3),  (699,3),  (690,5),  (662,5),  (656,5),  (640,0),  (619,3),  (615,3),  (614,3),  (609,3),  (606,3),  (599,3),  (602,7),  (620,5),  (595,5),  (589,3),  (587,5),  (566,0),  (527,0),  (490,4),  (462,4),  (449,4),  (420,2),  (407,4),  (395,4),  (364,2),  (358,2),  (352,2),  (339,2),  (340,2),  (329,4),  (317,2),  (338,6),  (366,6),  (399,6),  (430,2),  (434,2),  (439,2),  (445,2),  (433,4),  (403,4),  (379,0),  (368,0),  (350,0),  (330,0),  (312,0),  (287,0),  (235,5),  (194,5),  (135,5),  (118,3),  (106,3),  (112,3),  (122,3),  (110,3),  (120,7),  (133,3),  (144,3),  (164,7),  (184,3),  (197,3),  (213,7),  (224,3),  (218,3),  (213,3),  (199,5),  (188,5),  (169,5),  (136,3),  (124,5),  (113,0),  (99,5),  (99,1),  (102,1),  (102,7),  (107,3),  (107,1), 


[Timing] Time passed: 224.416151 s

Posterior Probability: -498.8489344
Agreement with demo: 12%
Current angular diffs: 92'

Selected number of demos: 131

-- Positive Demos --
 (694,5),  (670,5),  (660,3),  (666,3),  (672,3),  (680,7),  (690,7),  (702,3),  (709,3),  (696,3),  (699,3),  (700,5),  (690,5),  (675,5),  (662,5),  (656,5),  (640,0),  (619,3),  (615,3),  (620,3),  (614,3),  (609,3),  (606,3),  (603,3),  (599,3),  (602,7),  (620,5),  (610,5),  (595,5),  (589,3),  (587,5),  (581,0),  (566,0),  (544,0),  (527,0),  (508,0),  (490,4),  (475,4),  (462,4),  (449,4),  (433,4),  (420,2),  (413,2),  (407,4),  (395,4),  (377,2),  (364,2),  (361,2),  (358,2),  (352,2),  (341,2),  (339,2),  (340,2),  (338,2),  (329,4),  (317,2),  (320,6),  (338,6),  (351,6),  (366,6),  (382,6),  (399,6),  (419,6),  (430,2),  (434,2),  (439,2),  (445,2),  (452,2),  (414,4),  (403,4),  (391,4),  (379,0),  (368,0),  (350,0),  (330,0),  (312,0),  (287,0),  (259,0),  (235,5),  (212,5),  (194,5),  (164,5),  (135,5),  (121,3),  (118,3),  (111,3),  (106,3),  (112,3),  (122,3),  (119,3),  (110,3),  (120,7),  (133,3),  (140,3),  (144,3),  (151,7),  (164,7),  (184,3),  (193,3),  (197,3),  (204,7),  (213,7),  (222,3),  (224,3),  (218,3),  (213,3),  (206,3),  (199,5),  (188,5),  (169,5),  (146,5),  (136,3),  (130,3),  (124,5),  (113,0),  (99,5),  (96,1),  (99,1),  (102,1),  (102,7),  (105,7),  (107,3),  (107,1), 


[Timing] Time passed: 222.202692 s

Posterior Probability: -685.4278755
Agreement with demo: 16%
Current angular diffs: 79'

Selected number of demos: 71

-- Positive Demos --
 (670,5),  (666,3),  (672,3),  (680,7),  (690,7),  (702,3),  (696,3),  (699,3),  (690,5),  (675,5),  (662,5),  (640,0),  (619,3),  (615,3),  (614,3),  (606,3),  (602,7),  (620,5),  (610,5),  (587,5),  (566,0),  (508,0),  (475,4),  (433,4),  (420,2),  (395,4),  (364,2),  (361,2),  (341,2),  (338,2),  (320,6),  (351,6),  (366,6),  (382,6),  (419,6),  (434,2),  (452,2),  (403,4),  (368,0),  (312,0),  (287,0),  (259,0),  (194,5),  (164,5),  (135,5),  (111,3),  (106,3),  (119,3),  (110,3),  (140,3),  (151,7),  (164,7),  (193,3),  (197,3),  (204,7),  (222,3),  (224,3),  (218,3),  (213,3),  (206,3),  (199,5),  (169,5),  (136,3),  (130,3),  (124,5),  (113,0),  (96,1),  (102,7),  (107,3),  (107,1), 


[Timing] Time passed: 219.778224 s

Posterior Probability: -428.7248185
Agreement with demo: 11%
Current angular diffs: 91'

Selected number of demos: 131

-- Positive Demos --
 (694,5),  (670,5),  (660,3),  (666,3),  (672,3),  (680,7),  (690,7),  (702,3),  (709,3),  (696,3),  (699,3),  (700,5),  (690,5),  (675,5),  (662,5),  (656,5),  (640,0),  (619,3),  (615,3),  (620,3),  (614,3),  (609,3),  (606,3),  (603,3),  (599,3),  (602,7),  (620,5),  (610,5),  (595,5),  (589,3),  (587,5),  (581,0),  (566,0),  (544,0),  (527,0),  (508,0),  (490,4),  (475,4),  (462,4),  (449,4),  (433,4),  (420,2),  (413,2),  (407,4),  (395,4),  (377,2),  (364,2),  (361,2),  (358,2),  (352,2),  (341,2),  (339,2),  (340,2),  (338,2),  (329,4),  (317,2),  (320,6),  (338,6),  (351,6),  (366,6),  (382,6),  (399,6),  (419,6),  (430,2),  (434,2),  (439,2),  (445,2),  (452,2),  (414,4),  (403,4),  (391,4),  (379,0),  (368,0),  (350,0),  (330,0),  (312,0),  (287,0),  (259,0),  (235,5),  (212,5),  (194,5),  (164,5),  (135,5),  (121,3),  (118,3),  (111,3),  (106,3),  (112,3),  (122,3),  (119,3),  (110,3),  (120,7),  (133,3),  (140,3),  (144,3),  (151,7),  (164,7),  (184,3),  (193,3),  (197,3),  (204,7),  (213,7),  (222,3),  (224,3),  (218,3),  (213,3),  (206,3),  (199,5),  (188,5),  (169,5),  (146,5),  (136,3),  (130,3),  (124,5),  (113,0),  (99,5),  (96,1),  (99,1),  (102,1),  (102,7),  (105,7),  (107,3),  (107,1), 


[Timing] Time passed: 224.324708 s

Posterior Probability: -779.6259983
Agreement with demo: 13%
Current angular diffs: 89'

Selected number of demos: 93

-- Positive Demos --
 (694,5),  (660,3),  (672,3),  (680,7),  (690,7),  (702,3),  (699,3),  (700,5),  (675,5),  (656,5),  (640,0),  (619,3),  (620,3),  (614,3),  (609,3),  (606,3),  (599,3),  (602,7),  (620,5),  (595,5),  (589,3),  (581,0),  (566,0),  (544,0),  (527,0),  (508,0),  (475,4),  (449,4),  (433,4),  (420,2),  (413,2),  (407,4),  (395,4),  (377,2),  (364,2),  (358,2),  (352,2),  (339,2),  (340,2),  (329,4),  (320,6),  (338,6),  (351,6),  (366,6),  (382,6),  (419,6),  (434,2),  (445,2),  (414,4),  (403,4),  (391,4),  (379,0),  (368,0),  (350,0),  (330,0),  (312,0),  (259,0),  (235,5),  (194,5),  (135,5),  (121,3),  (111,3),  (106,3),  (122,3),  (110,3),  (120,7),  (140,3),  (144,3),  (151,7),  (164,7),  (193,3),  (197,3),  (204,7),  (222,3),  (218,3),  (206,3),  (199,5),  (188,5),  (169,5),  (146,5),  (136,3),  (130,3),  (124,5),  (113,0),  (99,5),  (99,1),  (102,1),  (102,7),  (107,1), 


[Timing] Time passed: 221.177721 s

Posterior Probability: -359.4762523
Agreement with demo: 9.9%
Current angular diffs: 95'

Selected number of demos: 71

-- Positive Demos --
 (694,5),  (670,5),  (672,3),  (680,7),  (690,7),  (702,3),  (699,3),  (700,5),  (690,5),  (656,5),  (619,3),  (620,3),  (614,3),  (606,3),  (602,7),  (620,5),  (595,5),  (587,5),  (581,0),  (544,0),  (490,4),  (475,4),  (449,4),  (420,2),  (407,4),  (395,4),  (364,2),  (361,2),  (352,2),  (340,2),  (338,2),  (329,4),  (317,2),  (338,6),  (382,6),  (419,6),  (434,2),  (439,2),  (433,4),  (391,4),  (379,0),  (368,0),  (330,0),  (259,0),  (194,5),  (121,3),  (111,3),  (106,3),  (119,3),  (120,7),  (133,3),  (140,3),  (151,7),  (184,3),  (204,7),  (213,7),  (222,3),  (213,3),  (199,5),  (188,5),  (146,5),  (130,3),  (124,5),  (96,1),  (102,1),  (107,1), 


[Timing] Time passed: 220.816903 s

Posterior Probability: -319.3873252
Agreement with demo: 15%
Current angular diffs: 91'

Selected number of demos: 131

-- Positive Demos --
 (694,5),  (670,5),  (660,3),  (666,3),  (672,3),  (680,7),  (690,7),  (702,3),  (709,3),  (696,3),  (699,3),  (700,5),  (690,5),  (675,5),  (662,5),  (656,5),  (640,0),  (619,3),  (615,3),  (620,3),  (614,3),  (609,3),  (606,3),  (603,3),  (599,3),  (602,7),  (620,5),  (610,5),  (595,5),  (589,3),  (587,5),  (581,0),  (566,0),  (544,0),  (527,0),  (508,0),  (490,4),  (475,4),  (462,4),  (449,4),  (433,4),  (420,2),  (413,2),  (407,4),  (395,4),  (377,2),  (364,2),  (361,2),  (358,2),  (352,2),  (341,2),  (339,2),  (340,2),  (338,2),  (329,4),  (317,2),  (320,6),  (338,6),  (351,6),  (366,6),  (382,6),  (399,6),  (419,6),  (430,2),  (434,2),  (439,2),  (445,2),  (452,2),  (414,4),  (403,4),  (391,4),  (379,0),  (368,0),  (350,0),  (330,0),  (312,0),  (287,0),  (259,0),  (235,5),  (212,5),  (194,5),  (164,5),  (135,5),  (121,3),  (118,3),  (111,3),  (106,3),  (112,3),  (122,3),  (119,3),  (110,3),  (120,7),  (133,3),  (140,3),  (144,3),  (151,7),  (164,7),  (184,3),  (193,3),  (197,3),  (204,7),  (213,7),  (222,3),  (224,3),  (218,3),  (213,3),  (206,3),  (199,5),  (188,5),  (169,5),  (146,5),  (136,3),  (130,3),  (124,5),  (113,0),  (99,5),  (96,1),  (99,1),  (102,1),  (102,7),  (105,7),  (107,3),  (107,1), 


[Timing] Time passed: 223.588817 s

Posterior Probability: -555.0121894
Agreement with demo: 15%
Current angular diffs: 81'

Selected number of demos: 131

-- Positive Demos --
 (694,5),  (670,5),  (660,3),  (666,3),  (672,3),  (680,7),  (690,7),  (702,3),  (709,3),  (696,3),  (699,3),  (700,5),  (690,5),  (675,5),  (662,5),  (656,5),  (640,0),  (619,3),  (615,3),  (620,3),  (614,3),  (609,3),  (606,3),  (603,3),  (599,3),  (602,7),  (620,5),  (610,5),  (595,5),  (589,3),  (587,5),  (581,0),  (566,0),  (544,0),  (527,0),  (508,0),  (490,4),  (475,4),  (462,4),  (449,4),  (433,4),  (420,2),  (413,2),  (407,4),  (395,4),  (377,2),  (364,2),  (361,2),  (358,2),  (352,2),  (341,2),  (339,2),  (340,2),  (338,2),  (329,4),  (317,2),  (320,6),  (338,6),  (351,6),  (366,6),  (382,6),  (399,6),  (419,6),  (430,2),  (434,2),  (439,2),  (445,2),  (452,2),  (414,4),  (403,4),  (391,4),  (379,0),  (368,0),  (350,0),  (330,0),  (312,0),  (287,0),  (259,0),  (235,5),  (212,5),  (194,5),  (164,5),  (135,5),  (121,3),  (118,3),  (111,3),  (106,3),  (112,3),  (122,3),  (119,3),  (110,3),  (120,7),  (133,3),  (140,3),  (144,3),  (151,7),  (164,7),  (184,3),  (193,3),  (197,3),  (204,7),  (213,7),  (222,3),  (224,3),  (218,3),  (213,3),  (206,3),  (199,5),  (188,5),  (169,5),  (146,5),  (136,3),  (130,3),  (124,5),  (113,0),  (99,5),  (96,1),  (99,1),  (102,1),  (102,7),  (105,7),  (107,3),  (107,1), 


[Timing] Time passed: 223.340526 s

Posterior Probability: -857.4965308
Agreement with demo: 16%
Current angular diffs: 87'

Selected number of demos: 63

-- Positive Demos --
 (670,5),  (672,3),  (680,7),  (690,7),  (702,3),  (699,3),  (675,5),  (640,0),  (615,3),  (620,3),  (619,3),  (609,3),  (603,3),  (599,3),  (602,7),  (614,3),  (610,5),  (595,5),  (581,0),  (566,0),  (544,0),  (490,4),  (475,4),  (449,4),  (413,2),  (395,4),  (364,2),  (361,2),  (358,2),  (339,2),  (338,2),  (317,2),  (351,6),  (399,6),  (430,2),  (439,2),  (452,2),  (414,4),  (379,0),  (368,0),  (312,0),  (235,5),  (164,5),  (118,3),  (112,3),  (122,3),  (110,3),  (133,3),  (140,3),  (164,7),  (184,3),  (197,3),  (213,7),  (224,3),  (218,3),  (206,3),  (169,5),  (130,3),  (124,5),  (113,0),  (99,1),  (102,7),  (107,3), 


[Timing] Time passed: 221.289644 s

Posterior Probability: -292.2065672
Agreement with demo: 13%
Current angular diffs: 95'

Selected number of demos: 68

-- Positive Demos --
 (660,3),  (680,7),  (702,3),  (709,3),  (700,5),  (675,5),  (640,0),  (620,3),  (619,3),  (614,3),  (606,3),  (603,3),  (599,3),  (620,5),  (595,5),  (581,0),  (566,0),  (508,0),  (475,4),  (449,4),  (433,4),  (420,2),  (413,2),  (377,2),  (364,2),  (352,2),  (339,2),  (338,2),  (320,6),  (338,6),  (351,6),  (399,6),  (434,2),  (445,2),  (452,2),  (414,4),  (379,0),  (330,0),  (312,0),  (235,5),  (194,5),  (121,3),  (111,3),  (106,3),  (112,3),  (122,3),  (110,3),  (140,3),  (151,7),  (164,7),  (184,3),  (197,3),  (204,7),  (222,3),  (218,3),  (206,3),  (199,5),  (188,5),  (136,3),  (130,3),  (124,5),  (99,5),  (102,1),  (105,7),  (107,3), 


[Timing] Time passed: 197.483874 s

Posterior Probability: -187.6519159
Agreement with demo: 12%
Current angular diffs: 86'

Selected number of demos: 83

-- Positive Demos --
 (670,5),  (666,3),  (680,7),  (702,3),  (709,3),  (696,3),  (699,3),  (700,5),  (675,5),  (662,5),  (656,5),  (619,3),  (615,3),  (609,3),  (603,3),  (599,3),  (602,7),  (614,3),  (620,5),  (595,5),  (587,5),  (581,0),  (544,0),  (508,0),  (490,4),  (462,4),  (433,4),  (420,2),  (407,4),  (377,2),  (361,2),  (358,2),  (352,2),  (339,2),  (340,2),  (338,2),  (317,2),  (338,6),  (351,6),  (382,6),  (419,6),  (434,2),  (439,2),  (445,2),  (449,4),  (414,4),  (391,4),  (368,0),  (330,0),  (287,0),  (259,0),  (235,5),  (194,5),  (135,5),  (118,3),  (106,3),  (122,3),  (110,3),  (120,7),  (133,3),  (140,3),  (144,3),  (164,7),  (184,3),  (197,3),  (213,7),  (224,3),  (213,3),  (206,3),  (188,5),  (169,5),  (136,3),  (130,3),  (113,0),  (99,5),  (96,1),  (99,1),  (102,7),  (107,3),  (107,1), 


[Timing] Time passed: 213.251282 s

Posterior Probability: -344.5122848
Agreement with demo: 14%
Current angular diffs: 82'

Selected number of demos: 84

-- Positive Demos --
 (694,5),  (660,3),  (666,3),  (680,7),  (702,3),  (699,3),  (700,5),  (675,5),  (656,5),  (619,3),  (620,3),  (614,3),  (609,3),  (603,3),  (602,7),  (620,5),  (610,5),  (589,3),  (587,5),  (581,0),  (566,0),  (544,0),  (508,0),  (490,4),  (475,4),  (449,4),  (420,2),  (407,4),  (395,4),  (364,2),  (361,2),  (358,2),  (341,2),  (340,2),  (329,4),  (317,2),  (320,6),  (338,6),  (366,6),  (399,6),  (430,2),  (439,2),  (452,2),  (433,4),  (414,4),  (391,4),  (379,0),  (368,0),  (350,0),  (312,0),  (287,0),  (259,0),  (212,5),  (194,5),  (135,5),  (118,3),  (106,3),  (112,3),  (122,3),  (110,3),  (120,7),  (140,3),  (151,7),  (164,7),  (184,3),  (193,3),  (197,3),  (204,7),  (222,3),  (218,3),  (213,3),  (206,3),  (199,5),  (169,5),  (136,3),  (124,5),  (113,0),  (99,5),  (99,1),  (102,7),  (107,3), 


[Timing] Time passed: 219.658081 s

Posterior Probability: -600.0230845
Agreement with demo: 16%
Current angular diffs: 90'

Selected number of demos: 71

-- Positive Demos --
 (660,3),  (680,7),  (690,7),  (702,3),  (709,3),  (696,3),  (699,3),  (700,5),  (690,5),  (662,5),  (656,5),  (619,3),  (615,3),  (614,3),  (606,3),  (599,3),  (620,5),  (589,3),  (581,0),  (566,0),  (544,0),  (490,4),  (475,4),  (462,4),  (433,4),  (420,2),  (395,4),  (361,2),  (358,2),  (341,2),  (338,2),  (320,6),  (366,6),  (382,6),  (430,2),  (434,2),  (439,2),  (445,2),  (449,4),  (414,4),  (379,0),  (368,0),  (350,0),  (330,0),  (287,0),  (212,5),  (135,5),  (118,3),  (106,3),  (112,3),  (110,3),  (133,3),  (140,3),  (164,7),  (193,3),  (204,7),  (213,7),  (224,3),  (213,3),  (206,3),  (169,5),  (146,5),  (136,3),  (113,0),  (99,5),  (96,1),  (99,1),  (102,7),  (105,7),  (107,1), 


[Timing] Time passed: 217.542331 s

Posterior Probability: -535.6327521
Agreement with demo: 11%
Current angular diffs: 96'

Selected number of demos: 87

-- Positive Demos --
 (694,5),  (660,3),  (672,3),  (690,7),  (702,3),  (709,3),  (696,3),  (700,5),  (675,5),  (656,5),  (619,3),  (620,3),  (614,3),  (609,3),  (606,3),  (603,3),  (599,3),  (610,5),  (589,3),  (587,5),  (581,0),  (544,0),  (527,0),  (508,0),  (475,4),  (449,4),  (433,4),  (420,2),  (413,2),  (407,4),  (377,2),  (361,2),  (358,2),  (352,2),  (339,2),  (340,2),  (338,2),  (329,4),  (320,6),  (351,6),  (382,6),  (419,6),  (434,2),  (439,2),  (452,2),  (403,4),  (391,4),  (379,0),  (368,0),  (350,0),  (330,0),  (287,0),  (235,5),  (212,5),  (194,5),  (164,5),  (121,3),  (111,3),  (106,3),  (122,3),  (119,3),  (110,3),  (133,3),  (140,3),  (151,7),  (184,3),  (193,3),  (204,7),  (222,3),  (224,3),  (213,3),  (206,3),  (188,5),  (146,5),  (130,3),  (124,5),  (113,0),  (96,1),  (99,1),  (102,1),  (102,7),  (105,7),  (107,1), 


[Timing] Time passed: 218.346319 s

Posterior Probability: -742.4415349
Agreement with demo: 14%
Current angular diffs: 92'

Selected number of demos: 84

-- Positive Demos --
 (670,5),  (660,3),  (672,3),  (690,7),  (702,3),  (699,3),  (700,5),  (690,5),  (662,5),  (640,0),  (619,3),  (620,3),  (614,3),  (609,3),  (606,3),  (599,3),  (602,7),  (620,5),  (610,5),  (589,3),  (587,5),  (581,0),  (566,0),  (527,0),  (490,4),  (462,4),  (449,4),  (420,2),  (407,4),  (377,2),  (361,2),  (352,2),  (341,2),  (339,2),  (340,2),  (329,4),  (317,2),  (338,6),  (366,6),  (399,6),  (430,2),  (434,2),  (445,2),  (433,4),  (414,4),  (403,4),  (391,4),  (368,0),  (330,0),  (312,0),  (259,0),  (212,5),  (194,5),  (164,5),  (135,5),  (118,3),  (111,3),  (112,3),  (119,3),  (110,3),  (133,3),  (140,3),  (144,3),  (164,7),  (184,3),  (197,3),  (213,7),  (224,3),  (218,3),  (213,3),  (206,3),  (199,5),  (169,5),  (136,3),  (130,3),  (113,0),  (99,5),  (99,1),  (102,7),  (106,3),  (107,1), 


[Timing] Time passed: 215.080509 s

Posterior Probability: -614.6561075
Agreement with demo: 15%
Current angular diffs: 90'

Selected number of demos: 89

-- Positive Demos --
 (694,5),  (670,5),  (666,3),  (680,7),  (702,3),  (709,3),  (696,3),  (699,3),  (690,5),  (675,5),  (656,5),  (619,3),  (615,3),  (620,3),  (614,3),  (609,3),  (603,3),  (602,7),  (610,5),  (595,5),  (587,5),  (566,0),  (527,0),  (490,4),  (475,4),  (462,4),  (433,4),  (420,2),  (407,4),  (377,2),  (364,2),  (361,2),  (352,2),  (339,2),  (338,2),  (329,4),  (317,2),  (320,6),  (338,6),  (366,6),  (399,6),  (430,2),  (439,2),  (445,2),  (449,4),  (414,4),  (403,4),  (391,4),  (368,0),  (330,0),  (287,0),  (235,5),  (212,5),  (194,5),  (135,5),  (121,3),  (118,3),  (111,3),  (112,3),  (119,3),  (110,3),  (120,7),  (133,3),  (140,3),  (144,3),  (151,7),  (164,7),  (184,3),  (197,3),  (213,7),  (224,3),  (218,3),  (213,3),  (206,3),  (188,5),  (169,5),  (146,5),  (136,3),  (130,3),  (113,0),  (96,1),  (102,1),  (102,7),  (106,3),  (107,3),  (107,1), 


[Timing] Time passed: 216.750958 s

Posterior Probability: -483.1288499
Agreement with demo: 12%
Current angular diffs: 93'

Selected number of demos: 64

-- Positive Demos --
 (694,5),  (670,5),  (660,3),  (666,3),  (672,3),  (690,7),  (702,3),  (700,5),  (662,5),  (640,0),  (620,3),  (614,3),  (609,3),  (603,3),  (595,5),  (589,3),  (566,0),  (508,0),  (475,4),  (449,4),  (413,2),  (407,4),  (364,2),  (361,2),  (358,2),  (341,2),  (338,2),  (329,4),  (317,2),  (320,6),  (366,6),  (399,6),  (419,6),  (439,2),  (433,4),  (403,4),  (368,0),  (312,0),  (287,0),  (235,5),  (164,5),  (121,3),  (118,3),  (106,3),  (112,3),  (119,3),  (120,7),  (144,3),  (151,7),  (164,7),  (197,3),  (222,3),  (224,3),  (206,3),  (169,5),  (130,3),  (124,5),  (96,1),  (99,1),  (102,1),  (105,7),  (107,1), 


[Timing] Time passed: 214.217142 s

Posterior Probability: -334.3174446
Agreement with demo: 18%
Current angular diffs: 88'

Selected number of demos: 64

-- Positive Demos --
 (670,5),  (666,3),  (672,3),  (702,3),  (709,3),  (696,3),  (699,3),  (690,5),  (662,5),  (640,0),  (619,3),  (620,3),  (609,3),  (599,3),  (614,3),  (595,5),  (587,5),  (566,0),  (527,0),  (508,0),  (475,4),  (449,4),  (420,2),  (395,4),  (361,2),  (358,2),  (339,2),  (329,4),  (317,2),  (351,6),  (382,6),  (430,2),  (445,2),  (452,2),  (414,4),  (391,4),  (368,0),  (312,0),  (287,0),  (212,5),  (194,5),  (164,5),  (118,3),  (111,3),  (112,3),  (110,3),  (133,3),  (140,3),  (151,7),  (193,3),  (204,7),  (213,7),  (218,3),  (206,3),  (169,5),  (130,3),  (113,0),  (99,5),  (96,1),  (99,1),  (105,7),  (107,1), 


[Timing] Time passed: 212.560205 s

Posterior Probability: -240.0164231
Agreement with demo: 18%
Current angular diffs: 79'

Selected number of demos: 131

-- Positive Demos --
 (694,5),  (670,5),  (660,3),  (666,3),  (672,3),  (680,7),  (690,7),  (702,3),  (709,3),  (696,3),  (699,3),  (700,5),  (690,5),  (675,5),  (662,5),  (656,5),  (640,0),  (619,3),  (615,3),  (620,3),  (614,3),  (609,3),  (606,3),  (603,3),  (599,3),  (602,7),  (620,5),  (610,5),  (595,5),  (589,3),  (587,5),  (581,0),  (566,0),  (544,0),  (527,0),  (508,0),  (490,4),  (475,4),  (462,4),  (449,4),  (433,4),  (420,2),  (413,2),  (407,4),  (395,4),  (377,2),  (364,2),  (361,2),  (358,2),  (352,2),  (341,2),  (339,2),  (340,2),  (338,2),  (329,4),  (317,2),  (320,6),  (338,6),  (351,6),  (366,6),  (382,6),  (399,6),  (419,6),  (430,2),  (434,2),  (439,2),  (445,2),  (452,2),  (414,4),  (403,4),  (391,4),  (379,0),  (368,0),  (350,0),  (330,0),  (312,0),  (287,0),  (259,0),  (235,5),  (212,5),  (194,5),  (164,5),  (135,5),  (121,3),  (118,3),  (111,3),  (106,3),  (112,3),  (122,3),  (119,3),  (110,3),  (120,7),  (133,3),  (140,3),  (144,3),  (151,7),  (164,7),  (184,3),  (193,3),  (197,3),  (204,7),  (213,7),  (222,3),  (224,3),  (218,3),  (213,3),  (206,3),  (199,5),  (188,5),  (169,5),  (146,5),  (136,3),  (130,3),  (124,5),  (113,0),  (99,5),  (96,1),  (99,1),  (102,1),  (102,7),  (105,7),  (107,3),  (107,1), 


[Timing] Time passed: 208.793182 s

Posterior Probability: -483.6734184
Agreement with demo: 11%
Current angular diffs: 92'

Selected number of demos: 84

-- Positive Demos --
 (670,5),  (660,3),  (666,3),  (672,3),  (690,7),  (702,3),  (696,3),  (700,5),  (675,5),  (656,5),  (640,0),  (615,3),  (619,3),  (609,3),  (606,3),  (603,3),  (599,3),  (614,3),  (610,5),  (595,5),  (589,3),  (581,0),  (566,0),  (527,0),  (490,4),  (462,4),  (449,4),  (420,2),  (407,4),  (377,2),  (361,2),  (352,2),  (339,2),  (338,2),  (329,4),  (320,6),  (351,6),  (382,6),  (399,6),  (419,6),  (434,2),  (439,2),  (452,2),  (433,4),  (403,4),  (379,0),  (368,0),  (350,0),  (330,0),  (312,0),  (259,0),  (235,5),  (194,5),  (164,5),  (121,3),  (118,3),  (106,3),  (112,3),  (119,3),  (110,3),  (120,7),  (140,3),  (144,3),  (151,7),  (184,3),  (197,3),  (204,7),  (213,7),  (224,3),  (218,3),  (206,3),  (188,5),  (169,5),  (146,5),  (130,3),  (113,0),  (96,1),  (102,1),  (102,7),  (107,3), 


[Timing] Time passed: 210.889885 s

Posterior Probability: -212.2098108
Agreement with demo: 15%
Current angular diffs: 90'

Selected number of demos: 131

-- Positive Demos --
 (694,5),  (670,5),  (660,3),  (666,3),  (672,3),  (680,7),  (690,7),  (702,3),  (709,3),  (696,3),  (699,3),  (700,5),  (690,5),  (675,5),  (662,5),  (656,5),  (640,0),  (619,3),  (615,3),  (620,3),  (614,3),  (609,3),  (606,3),  (603,3),  (599,3),  (602,7),  (620,5),  (610,5),  (595,5),  (589,3),  (587,5),  (581,0),  (566,0),  (544,0),  (527,0),  (508,0),  (490,4),  (475,4),  (462,4),  (449,4),  (433,4),  (420,2),  (413,2),  (407,4),  (395,4),  (377,2),  (364,2),  (361,2),  (358,2),  (352,2),  (341,2),  (339,2),  (340,2),  (338,2),  (329,4),  (317,2),  (320,6),  (338,6),  (351,6),  (366,6),  (382,6),  (399,6),  (419,6),  (430,2),  (434,2),  (439,2),  (445,2),  (452,2),  (414,4),  (403,4),  (391,4),  (379,0),  (368,0),  (350,0),  (330,0),  (312,0),  (287,0),  (259,0),  (235,5),  (212,5),  (194,5),  (164,5),  (135,5),  (121,3),  (118,3),  (111,3),  (106,3),  (112,3),  (122,3),  (119,3),  (110,3),  (120,7),  (133,3),  (140,3),  (144,3),  (151,7),  (164,7),  (184,3),  (193,3),  (197,3),  (204,7),  (213,7),  (222,3),  (224,3),  (218,3),  (213,3),  (206,3),  (199,5),  (188,5),  (169,5),  (146,5),  (136,3),  (130,3),  (124,5),  (113,0),  (99,5),  (96,1),  (99,1),  (102,1),  (102,7),  (105,7),  (107,3),  (107,1), 


[Timing] Time passed: 205.707125 s

Posterior Probability: -771.113533
Agreement with demo: 14%
Current angular diffs: 92'

Selected number of demos: 131

-- Positive Demos --
 (694,5),  (670,5),  (660,3),  (666,3),  (672,3),  (680,7),  (690,7),  (702,3),  (709,3),  (696,3),  (699,3),  (700,5),  (690,5),  (675,5),  (662,5),  (656,5),  (640,0),  (619,3),  (615,3),  (620,3),  (614,3),  (609,3),  (606,3),  (603,3),  (599,3),  (602,7),  (620,5),  (610,5),  (595,5),  (589,3),  (587,5),  (581,0),  (566,0),  (544,0),  (527,0),  (508,0),  (490,4),  (475,4),  (462,4),  (449,4),  (433,4),  (420,2),  (413,2),  (407,4),  (395,4),  (377,2),  (364,2),  (361,2),  (358,2),  (352,2),  (341,2),  (339,2),  (340,2),  (338,2),  (329,4),  (317,2),  (320,6),  (338,6),  (351,6),  (366,6),  (382,6),  (399,6),  (419,6),  (430,2),  (434,2),  (439,2),  (445,2),  (452,2),  (414,4),  (403,4),  (391,4),  (379,0),  (368,0),  (350,0),  (330,0),  (312,0),  (287,0),  (259,0),  (235,5),  (212,5),  (194,5),  (164,5),  (135,5),  (121,3),  (118,3),  (111,3),  (106,3),  (112,3),  (122,3),  (119,3),  (110,3),  (120,7),  (133,3),  (140,3),  (144,3),  (151,7),  (164,7),  (184,3),  (193,3),  (197,3),  (204,7),  (213,7),  (222,3),  (224,3),  (218,3),  (213,3),  (206,3),  (199,5),  (188,5),  (169,5),  (146,5),  (136,3),  (130,3),  (124,5),  (113,0),  (99,5),  (96,1),  (99,1),  (102,1),  (102,7),  (105,7),  (107,3),  (107,1), 


[Timing] Time passed: 214.244965 s

Posterior Probability: -499.777218
Agreement with demo: 11%
Current angular diffs: 95'

Selected number of demos: 85

-- Positive Demos --
 (694,5),  (660,3),  (666,3),  (680,7),  (690,7),  (709,3),  (696,3),  (700,5),  (690,5),  (662,5),  (656,5),  (619,3),  (620,3),  (609,3),  (606,3),  (599,3),  (614,3),  (610,5),  (589,3),  (581,0),  (566,0),  (527,0),  (508,0),  (490,4),  (475,4),  (449,4),  (420,2),  (407,4),  (377,2),  (364,2),  (361,2),  (352,2),  (339,2),  (340,2),  (329,4),  (317,2),  (338,6),  (366,6),  (399,6),  (430,2),  (439,2),  (452,2),  (433,4),  (403,4),  (391,4),  (368,0),  (330,0),  (312,0),  (287,0),  (259,0),  (235,5),  (194,5),  (164,5),  (121,3),  (111,3),  (112,3),  (122,3),  (119,3),  (110,3),  (120,7),  (133,3),  (140,3),  (151,7),  (164,7),  (193,3),  (204,7),  (213,7),  (224,3),  (213,3),  (199,5),  (188,5),  (169,5),  (136,3),  (130,3),  (113,0),  (99,5),  (99,1),  (102,1),  (102,7),  (106,3),  (107,3),  (107,1), 


[Timing] Time passed: 223.471925 s

Posterior Probability: -354.3983442
Agreement with demo: 12%
Current angular diffs: 93'

Selected number of demos: 96

-- Positive Demos --
 (670,5),  (660,3),  (666,3),  (672,3),  (690,7),  (702,3),  (696,3),  (700,5),  (675,5),  (662,5),  (640,0),  (615,3),  (620,3),  (614,3),  (609,3),  (606,3),  (599,3),  (620,5),  (610,5),  (595,5),  (589,3),  (587,5),  (581,0),  (544,0),  (527,0),  (508,0),  (475,4),  (462,4),  (449,4),  (433,4),  (420,2),  (413,2),  (395,4),  (377,2),  (361,2),  (358,2),  (352,2),  (341,2),  (340,2),  (338,2),  (329,4),  (317,2),  (320,6),  (351,6),  (366,6),  (399,6),  (419,6),  (430,2),  (434,2),  (439,2),  (445,2),  (452,2),  (414,4),  (403,4),  (379,0),  (368,0),  (330,0),  (312,0),  (287,0),  (259,0),  (235,5),  (212,5),  (164,5),  (135,5),  (118,3),  (106,3),  (122,3),  (119,3),  (110,3),  (133,3),  (140,3),  (151,7),  (164,7),  (193,3),  (197,3),  (213,7),  (224,3),  (218,3),  (206,3),  (188,5),  (169,5),  (146,5),  (136,3),  (130,3),  (124,5),  (113,0),  (99,5),  (99,1),  (102,1),  (102,7),  (107,3),  (107,1), 


[Timing] Time passed: 221.066624 s

Posterior Probability: -647.5536702
Agreement with demo: 13%
Current angular diffs: 96'

Selected number of demos: 65

-- Positive Demos --
 (660,3),  (672,3),  (680,7),  (709,3),  (702,3),  (700,5),  (675,5),  (656,5),  (615,3),  (619,3),  (609,3),  (603,3),  (614,3),  (620,5),  (589,3),  (566,0),  (527,0),  (475,4),  (449,4),  (433,4),  (407,4),  (364,2),  (358,2),  (341,2),  (340,2),  (338,2),  (320,6),  (338,6),  (366,6),  (399,6),  (419,6),  (439,2),  (445,2),  (414,4),  (403,4),  (368,0),  (350,0),  (287,0),  (235,5),  (194,5),  (164,5),  (118,3),  (106,3),  (112,3),  (122,3),  (119,3),  (120,7),  (144,3),  (184,3),  (193,3),  (204,7),  (224,3),  (206,3),  (199,5),  (188,5),  (136,3),  (124,5),  (99,5),  (99,1),  (102,1),  (105,7),  (107,3),  (107,1), 


[Timing] Time passed: 208.919464 s

Posterior Probability: -208.2385066
Agreement with demo: 9.9%
Current angular diffs: 97'

Selected number of demos: 131

-- Positive Demos --
 (694,5),  (670,5),  (660,3),  (666,3),  (672,3),  (680,7),  (690,7),  (702,3),  (709,3),  (696,3),  (699,3),  (700,5),  (690,5),  (675,5),  (662,5),  (656,5),  (640,0),  (619,3),  (615,3),  (620,3),  (614,3),  (609,3),  (606,3),  (603,3),  (599,3),  (602,7),  (620,5),  (610,5),  (595,5),  (589,3),  (587,5),  (581,0),  (566,0),  (544,0),  (527,0),  (508,0),  (490,4),  (475,4),  (462,4),  (449,4),  (433,4),  (420,2),  (413,2),  (407,4),  (395,4),  (377,2),  (364,2),  (361,2),  (358,2),  (352,2),  (341,2),  (339,2),  (340,2),  (338,2),  (329,4),  (317,2),  (320,6),  (338,6),  (351,6),  (366,6),  (382,6),  (399,6),  (419,6),  (430,2),  (434,2),  (439,2),  (445,2),  (452,2),  (414,4),  (403,4),  (391,4),  (379,0),  (368,0),  (350,0),  (330,0),  (312,0),  (287,0),  (259,0),  (235,5),  (212,5),  (194,5),  (164,5),  (135,5),  (121,3),  (118,3),  (111,3),  (106,3),  (112,3),  (122,3),  (119,3),  (110,3),  (120,7),  (133,3),  (140,3),  (144,3),  (151,7),  (164,7),  (184,3),  (193,3),  (197,3),  (204,7),  (213,7),  (222,3),  (224,3),  (218,3),  (213,3),  (206,3),  (199,5),  (188,5),  (169,5),  (146,5),  (136,3),  (130,3),  (124,5),  (113,0),  (99,5),  (96,1),  (99,1),  (102,1),  (102,7),  (105,7),  (107,3),  (107,1), 


[Timing] Time passed: 208.926666 s

Posterior Probability: -428.7919378
Agreement with demo: 17%
Current angular diffs: 83'

Selected number of demos: 63

-- Positive Demos --
 (694,5),  (666,3),  (672,3),  (702,3),  (696,3),  (700,5),  (690,5),  (675,5),  (656,5),  (619,3),  (615,3),  (614,3),  (609,3),  (603,3),  (595,5),  (587,5),  (566,0),  (527,0),  (508,0),  (490,4),  (475,4),  (433,4),  (407,4),  (395,4),  (361,2),  (352,2),  (339,2),  (329,4),  (317,2),  (338,6),  (382,6),  (430,2),  (445,2),  (414,4),  (403,4),  (379,0),  (350,0),  (330,0),  (259,0),  (212,5),  (194,5),  (135,5),  (121,3),  (118,3),  (106,3),  (122,3),  (110,3),  (133,3),  (151,7),  (164,7),  (184,3),  (204,7),  (224,3),  (213,3),  (188,5),  (169,5),  (130,3),  (99,5),  (99,1),  (102,7),  (107,3), 


[Timing] Time passed: 206.52486 s

Posterior Probability: -273.6695063
Agreement with demo: 11%
Current angular diffs: 1e+02'

Selected number of demos: 131

-- Positive Demos --
 (694,5),  (670,5),  (660,3),  (666,3),  (672,3),  (680,7),  (690,7),  (702,3),  (709,3),  (696,3),  (699,3),  (700,5),  (690,5),  (675,5),  (662,5),  (656,5),  (640,0),  (619,3),  (615,3),  (620,3),  (614,3),  (609,3),  (606,3),  (603,3),  (599,3),  (602,7),  (620,5),  (610,5),  (595,5),  (589,3),  (587,5),  (581,0),  (566,0),  (544,0),  (527,0),  (508,0),  (490,4),  (475,4),  (462,4),  (449,4),  (433,4),  (420,2),  (413,2),  (407,4),  (395,4),  (377,2),  (364,2),  (361,2),  (358,2),  (352,2),  (341,2),  (339,2),  (340,2),  (338,2),  (329,4),  (317,2),  (320,6),  (338,6),  (351,6),  (366,6),  (382,6),  (399,6),  (419,6),  (430,2),  (434,2),  (439,2),  (445,2),  (452,2),  (414,4),  (403,4),  (391,4),  (379,0),  (368,0),  (350,0),  (330,0),  (312,0),  (287,0),  (259,0),  (235,5),  (212,5),  (194,5),  (164,5),  (135,5),  (121,3),  (118,3),  (111,3),  (106,3),  (112,3),  (122,3),  (119,3),  (110,3),  (120,7),  (133,3),  (140,3),  (144,3),  (151,7),  (164,7),  (184,3),  (193,3),  (197,3),  (204,7),  (213,7),  (222,3),  (224,3),  (218,3),  (213,3),  (206,3),  (199,5),  (188,5),  (169,5),  (146,5),  (136,3),  (130,3),  (124,5),  (113,0),  (99,5),  (96,1),  (99,1),  (102,1),  (102,7),  (105,7),  (107,3),  (107,1), 


[Timing] Time passed: 218.915712 s

Posterior Probability: -482.7755578
Agreement with demo: 12%
Current angular diffs: 90'

Selected number of demos: 87

-- Positive Demos --
 (694,5),  (670,5),  (660,3),  (672,3),  (680,7),  (690,7),  (709,3),  (696,3),  (699,3),  (700,5),  (675,5),  (656,5),  (640,0),  (615,3),  (619,3),  (614,3),  (609,3),  (606,3),  (603,3),  (599,3),  (610,5),  (589,3),  (587,5),  (581,0),  (544,0),  (527,0),  (508,0),  (475,4),  (462,4),  (433,4),  (420,2),  (413,2),  (407,4),  (395,4),  (364,2),  (361,2),  (352,2),  (339,2),  (340,2),  (338,2),  (329,4),  (317,2),  (338,6),  (366,6),  (399,6),  (430,2),  (439,2),  (452,2),  (403,4),  (391,4),  (379,0),  (368,0),  (330,0),  (287,0),  (235,5),  (194,5),  (135,5),  (118,3),  (106,3),  (112,3),  (119,3),  (110,3),  (120,7),  (140,3),  (151,7),  (184,3),  (193,3),  (197,3),  (213,7),  (222,3),  (224,3),  (218,3),  (206,3),  (188,5),  (146,5),  (136,3),  (130,3),  (124,5),  (99,5),  (99,1),  (102,7),  (107,3),  (107,1), 


[Timing] Time passed: 191.395101 s

Posterior Probability: -439.3675811
Agreement with demo: 12%
Current angular diffs: 93'

Selected number of demos: 65

-- Positive Demos --
 (670,5),  (666,3),  (672,3),  (702,3),  (696,3),  (690,5),  (662,5),  (640,0),  (619,3),  (614,3),  (609,3),  (606,3),  (602,7),  (610,5),  (587,5),  (566,0),  (527,0),  (490,4),  (449,4),  (413,2),  (377,2),  (361,2),  (358,2),  (341,2),  (339,2),  (338,2),  (329,4),  (338,6),  (351,6),  (366,6),  (419,6),  (434,2),  (445,2),  (414,4),  (391,4),  (379,0),  (368,0),  (312,0),  (235,5),  (194,5),  (164,5),  (135,5),  (121,3),  (118,3),  (111,3),  (122,3),  (110,3),  (133,3),  (151,7),  (184,3),  (204,7),  (222,3),  (224,3),  (213,3),  (199,5),  (169,5),  (130,3),  (113,0),  (96,1),  (99,1),  (102,1),  (102,7),  (107,3), 


[Timing] Time passed: 103.009247 s

Posterior Probability: -170.4280885
Agreement with demo: 4.6%
Current angular diffs: 1e+02'

Selected number of demos: 91

-- Positive Demos --
 (694,5),  (670,5),  (660,3),  (672,3),  (680,7),  (702,3),  (699,3),  (690,5),  (675,5),  (662,5),  (640,0),  (619,3),  (620,3),  (609,3),  (606,3),  (603,3),  (599,3),  (602,7),  (614,3),  (610,5),  (589,3),  (587,5),  (566,0),  (527,0),  (490,4),  (462,4),  (449,4),  (433,4),  (413,2),  (395,4),  (377,2),  (364,2),  (361,2),  (358,2),  (341,2),  (339,2),  (338,2),  (329,4),  (317,2),  (320,6),  (338,6),  (351,6),  (382,6),  (399,6),  (419,6),  (434,2),  (439,2),  (445,2),  (403,4),  (391,4),  (379,0),  (350,0),  (330,0),  (287,0),  (259,0),  (235,5),  (194,5),  (164,5),  (121,3),  (111,3),  (106,3),  (112,3),  (119,3),  (110,3),  (120,7),  (140,3),  (144,3),  (151,7),  (184,3),  (193,3),  (197,3),  (204,7),  (213,7),  (222,3),  (218,3),  (213,3),  (206,3),  (199,5),  (188,5),  (169,5),  (136,3),  (130,3),  (113,0),  (96,1),  (102,1),  (105,7),  (107,3), 


[Timing] Time passed: 68.628818 s

Posterior Probability: -449.6472262
Agreement with demo: 11%
Current angular diffs: 93'

Selected number of demos: 89

-- Positive Demos --
 (670,5),  (660,3),  (666,3),  (680,7),  (690,7),  (709,3),  (696,3),  (699,3),  (700,5),  (690,5),  (675,5),  (662,5),  (656,5),  (619,3),  (615,3),  (620,3),  (609,3),  (603,3),  (599,3),  (614,3),  (620,5),  (595,5),  (587,5),  (566,0),  (527,0),  (490,4),  (462,4),  (433,4),  (413,2),  (407,4),  (377,2),  (361,2),  (352,2),  (341,2),  (339,2),  (340,2),  (338,2),  (329,4),  (320,6),  (338,6),  (351,6),  (382,6),  (419,6),  (434,2),  (439,2),  (452,2),  (449,4),  (403,4),  (391,4),  (368,0),  (330,0),  (312,0),  (287,0),  (259,0),  (212,5),  (164,5),  (121,3),  (118,3),  (111,3),  (112,3),  (122,3),  (119,3),  (110,3),  (120,7),  (133,3),  (144,3),  (151,7),  (184,3),  (193,3),  (204,7),  (222,3),  (224,3),  (218,3),  (213,3),  (206,3),  (199,5),  (188,5),  (169,5),  (136,3),  (124,5),  (99,5),  (96,1),  (102,1),  (105,7),  (106,3),  (107,3), 


[Timing] Time passed: 66.560231 s

Posterior Probability: -261.8313944
Agreement with demo: 11%
Current angular diffs: 97'

Selected number of demos: 65

-- Positive Demos --
 (694,5),  (670,5),  (666,3),  (680,7),  (709,3),  (696,3),  (700,5),  (675,5),  (662,5),  (619,3),  (609,3),  (603,3),  (602,7),  (620,5),  (595,5),  (589,3),  (587,5),  (581,0),  (566,0),  (544,0),  (508,0),  (490,4),  (449,4),  (433,4),  (413,2),  (377,2),  (361,2),  (352,2),  (339,2),  (338,2),  (320,6),  (366,6),  (382,6),  (399,6),  (430,2),  (439,2),  (403,4),  (391,4),  (350,0),  (330,0),  (312,0),  (259,0),  (212,5),  (135,5),  (121,3),  (106,3),  (119,3),  (110,3),  (133,3),  (151,7),  (193,3),  (204,7),  (224,3),  (218,3),  (213,3),  (188,5),  (136,3),  (113,0),  (96,1),  (99,1),  (102,7),  (107,1), 


[Timing] Time passed: 57.041985 s

Posterior Probability: -323.7703049
Agreement with demo: 17%
Current angular diffs: 88'

Selected number of demos: 131

-- Positive Demos --
 (694,5),  (670,5),  (660,3),  (666,3),  (672,3),  (680,7),  (690,7),  (702,3),  (709,3),  (696,3),  (699,3),  (700,5),  (690,5),  (675,5),  (662,5),  (656,5),  (640,0),  (619,3),  (615,3),  (620,3),  (614,3),  (609,3),  (606,3),  (603,3),  (599,3),  (602,7),  (620,5),  (610,5),  (595,5),  (589,3),  (587,5),  (581,0),  (566,0),  (544,0),  (527,0),  (508,0),  (490,4),  (475,4),  (462,4),  (449,4),  (433,4),  (420,2),  (413,2),  (407,4),  (395,4),  (377,2),  (364,2),  (361,2),  (358,2),  (352,2),  (341,2),  (339,2),  (340,2),  (338,2),  (329,4),  (317,2),  (320,6),  (338,6),  (351,6),  (366,6),  (382,6),  (399,6),  (419,6),  (430,2),  (434,2),  (439,2),  (445,2),  (452,2),  (414,4),  (403,4),  (391,4),  (379,0),  (368,0),  (350,0),  (330,0),  (312,0),  (287,0),  (259,0),  (235,5),  (212,5),  (194,5),  (164,5),  (135,5),  (121,3),  (118,3),  (111,3),  (106,3),  (112,3),  (122,3),  (119,3),  (110,3),  (120,7),  (133,3),  (140,3),  (144,3),  (151,7),  (164,7),  (184,3),  (193,3),  (197,3),  (204,7),  (213,7),  (222,3),  (224,3),  (218,3),  (213,3),  (206,3),  (199,5),  (188,5),  (169,5),  (146,5),  (136,3),  (130,3),  (124,5),  (113,0),  (99,5),  (96,1),  (99,1),  (102,1),  (102,7),  (105,7),  (107,3),  (107,1), 


[Timing] Time passed: 55.443645 s

Posterior Probability: -542.3714677
Agreement with demo: 16%
Current angular diffs: 88'

Selected number of demos: 85

-- Positive Demos --
 (694,5),  (660,3),  (672,3),  (680,7),  (702,3),  (696,3),  (700,5),  (675,5),  (656,5),  (619,3),  (615,3),  (620,3),  (614,3),  (609,3),  (606,3),  (603,3),  (599,3),  (620,5),  (610,5),  (595,5),  (589,3),  (587,5),  (581,0),  (566,0),  (527,0),  (508,0),  (475,4),  (462,4),  (433,4),  (413,2),  (395,4),  (377,2),  (364,2),  (361,2),  (352,2),  (341,2),  (339,2),  (340,2),  (338,2),  (317,2),  (320,6),  (338,6),  (366,6),  (399,6),  (419,6),  (434,2),  (445,2),  (452,2),  (403,4),  (391,4),  (368,0),  (330,0),  (287,0),  (235,5),  (194,5),  (135,5),  (118,3),  (106,3),  (112,3),  (122,3),  (110,3),  (120,7),  (140,3),  (151,7),  (184,3),  (197,3),  (213,7),  (224,3),  (213,3),  (199,5),  (169,5),  (146,5),  (130,3),  (124,5),  (99,5),  (96,1),  (99,1),  (102,1),  (102,7),  (105,7),  (107,3), 


[Timing] Time passed: 50.531974 s

Posterior Probability: -171.1243421
Agreement with demo: 11%
Current angular diffs: 98'

Selected number of demos: 131

-- Positive Demos --
 (694,5),  (670,5),  (660,3),  (666,3),  (672,3),  (680,7),  (690,7),  (702,3),  (709,3),  (696,3),  (699,3),  (700,5),  (690,5),  (675,5),  (662,5),  (656,5),  (640,0),  (619,3),  (615,3),  (620,3),  (614,3),  (609,3),  (606,3),  (603,3),  (599,3),  (602,7),  (620,5),  (610,5),  (595,5),  (589,3),  (587,5),  (581,0),  (566,0),  (544,0),  (527,0),  (508,0),  (490,4),  (475,4),  (462,4),  (449,4),  (433,4),  (420,2),  (413,2),  (407,4),  (395,4),  (377,2),  (364,2),  (361,2),  (358,2),  (352,2),  (341,2),  (339,2),  (340,2),  (338,2),  (329,4),  (317,2),  (320,6),  (338,6),  (351,6),  (366,6),  (382,6),  (399,6),  (419,6),  (430,2),  (434,2),  (439,2),  (445,2),  (452,2),  (414,4),  (403,4),  (391,4),  (379,0),  (368,0),  (350,0),  (330,0),  (312,0),  (287,0),  (259,0),  (235,5),  (212,5),  (194,5),  (164,5),  (135,5),  (121,3),  (118,3),  (111,3),  (106,3),  (112,3),  (122,3),  (119,3),  (110,3),  (120,7),  (133,3),  (140,3),  (144,3),  (151,7),  (164,7),  (184,3),  (193,3),  (197,3),  (204,7),  (213,7),  (222,3),  (224,3),  (218,3),  (213,3),  (206,3),  (199,5),  (188,5),  (169,5),  (146,5),  (136,3),  (130,3),  (124,5),  (113,0),  (99,5),  (96,1),  (99,1),  (102,1),  (102,7),  (105,7),  (107,3),  (107,1), 


[Timing] Time passed: 54.140938 s

Posterior Probability: -769.7116063
Agreement with demo: 14%
Current angular diffs: 94'

Selected number of demos: 65

-- Positive Demos --
 (670,5),  (672,3),  (690,7),  (702,3),  (699,3),  (690,5),  (656,5),  (615,3),  (614,3),  (609,3),  (603,3),  (620,5),  (589,3),  (587,5),  (581,0),  (527,0),  (508,0),  (490,4),  (449,4),  (413,2),  (395,4),  (364,2),  (358,2),  (339,2),  (338,2),  (329,4),  (320,6),  (366,6),  (419,6),  (434,2),  (445,2),  (433,4),  (403,4),  (379,0),  (330,0),  (287,0),  (259,0),  (235,5),  (212,5),  (194,5),  (121,3),  (118,3),  (112,3),  (122,3),  (110,3),  (120,7),  (144,3),  (151,7),  (164,7),  (184,3),  (197,3),  (213,7),  (222,3),  (224,3),  (206,3),  (188,5),  (136,3),  (113,0),  (99,5),  (102,1),  (105,7),  (107,3), 


[Timing] Time passed: 51.134981 s

Posterior Probability: -182.2452168
Agreement with demo: 16%
Current angular diffs: 83'

Selected number of demos: 64

-- Positive Demos --
 (694,5),  (670,5),  (666,3),  (690,7),  (702,3),  (709,3),  (696,3),  (690,5),  (656,5),  (615,3),  (614,3),  (609,3),  (606,3),  (603,3),  (602,7),  (610,5),  (595,5),  (581,0),  (566,0),  (508,0),  (475,4),  (449,4),  (433,4),  (420,2),  (413,2),  (377,2),  (358,2),  (341,2),  (340,2),  (317,2),  (351,6),  (382,6),  (419,6),  (434,2),  (445,2),  (391,4),  (368,0),  (312,0),  (259,0),  (212,5),  (135,5),  (118,3),  (106,3),  (112,3),  (122,3),  (110,3),  (120,7),  (133,3),  (144,3),  (164,7),  (197,3),  (213,7),  (222,3),  (213,3),  (188,5),  (136,3),  (124,5),  (99,5),  (99,1),  (102,7), 


[Timing] Time passed: 52.351897 s

Posterior Probability: -165.1437481
Agreement with demo: 12%
Current angular diffs: 99'

Selected number of demos: 131

-- Positive Demos --
 (694,5),  (670,5),  (660,3),  (666,3),  (672,3),  (680,7),  (690,7),  (702,3),  (709,3),  (696,3),  (699,3),  (700,5),  (690,5),  (675,5),  (662,5),  (656,5),  (640,0),  (619,3),  (615,3),  (620,3),  (614,3),  (609,3),  (606,3),  (603,3),  (599,3),  (602,7),  (620,5),  (610,5),  (595,5),  (589,3),  (587,5),  (581,0),  (566,0),  (544,0),  (527,0),  (508,0),  (490,4),  (475,4),  (462,4),  (449,4),  (433,4),  (420,2),  (413,2),  (407,4),  (395,4),  (377,2),  (364,2),  (361,2),  (358,2),  (352,2),  (341,2),  (339,2),  (340,2),  (338,2),  (329,4),  (317,2),  (320,6),  (338,6),  (351,6),  (366,6),  (382,6),  (399,6),  (419,6),  (430,2),  (434,2),  (439,2),  (445,2),  (452,2),  (414,4),  (403,4),  (391,4),  (379,0),  (368,0),  (350,0),  (330,0),  (312,0),  (287,0),  (259,0),  (235,5),  (212,5),  (194,5),  (164,5),  (135,5),  (121,3),  (118,3),  (111,3),  (106,3),  (112,3),  (122,3),  (119,3),  (110,3),  (120,7),  (133,3),  (140,3),  (144,3),  (151,7),  (164,7),  (184,3),  (193,3),  (197,3),  (204,7),  (213,7),  (222,3),  (224,3),  (218,3),  (213,3),  (206,3),  (199,5),  (188,5),  (169,5),  (146,5),  (136,3),  (130,3),  (124,5),  (113,0),  (99,5),  (96,1),  (99,1),  (102,1),  (102,7),  (105,7),  (107,3),  (107,1), 


[Timing] Time passed: 53.36077 s

Posterior Probability: -483.2153213
Agreement with demo: 15%
Current angular diffs: 88'

Selected number of demos: 88

-- Positive Demos --
 (670,5),  (660,3),  (666,3),  (680,7),  (702,3),  (699,3),  (700,5),  (675,5),  (656,5),  (619,3),  (620,3),  (614,3),  (609,3),  (606,3),  (599,3),  (602,7),  (610,5),  (595,5),  (589,3),  (587,5),  (581,0),  (566,0),  (527,0),  (508,0),  (490,4),  (475,4),  (462,4),  (433,4),  (413,2),  (407,4),  (377,2),  (361,2),  (352,2),  (341,2),  (339,2),  (338,2),  (317,2),  (338,6),  (351,6),  (366,6),  (399,6),  (430,2),  (434,2),  (439,2),  (445,2),  (449,4),  (403,4),  (379,0),  (350,0),  (330,0),  (287,0),  (235,5),  (194,5),  (164,5),  (121,3),  (111,3),  (106,3),  (112,3),  (119,3),  (110,3),  (120,7),  (140,3),  (144,3),  (151,7),  (184,3),  (193,3),  (197,3),  (213,7),  (222,3),  (218,3),  (213,3),  (199,5),  (188,5),  (169,5),  (146,5),  (136,3),  (130,3),  (113,0),  (96,1),  (99,1),  (102,7),  (105,7),  (107,3), 


[Timing] Time passed: 52.983141 s

Posterior Probability: -299.3406208
Agreement with demo: 15%
Current angular diffs: 81'

Selected number of demos: 64

-- Positive Demos --
 (670,5),  (666,3),  (690,7),  (709,3),  (702,3),  (700,5),  (690,5),  (675,5),  (640,0),  (620,3),  (619,3),  (609,3),  (606,3),  (602,7),  (614,3),  (610,5),  (595,5),  (587,5),  (581,0),  (544,0),  (508,0),  (475,4),  (462,4),  (449,4),  (433,4),  (407,4),  (364,2),  (361,2),  (358,2),  (352,2),  (340,2),  (317,2),  (338,6),  (382,6),  (419,6),  (439,2),  (403,4),  (391,4),  (350,0),  (312,0),  (259,0),  (212,5),  (194,5),  (164,5),  (118,3),  (106,3),  (122,3),  (110,3),  (120,7),  (140,3),  (164,7),  (197,3),  (222,3),  (224,3),  (213,3),  (199,5),  (146,5),  (124,5),  (96,1),  (99,1),  (102,1),  (107,1), 


[Timing] Time passed: 62.125462 s

Posterior Probability: -323.1989867
Agreement with demo: 16%
Current angular diffs: 92'

Selected number of demos: 87

-- Positive Demos --
 (670,5),  (660,3),  (672,3),  (680,7),  (702,3),  (696,3),  (699,3),  (700,5),  (690,5),  (675,5),  (656,5),  (640,0),  (619,3),  (615,3),  (620,3),  (614,3),  (609,3),  (606,3),  (603,3),  (599,3),  (602,7),  (620,5),  (595,5),  (587,5),  (581,0),  (566,0),  (544,0),  (508,0),  (490,4),  (475,4),  (449,4),  (420,2),  (413,2),  (407,4),  (377,2),  (364,2),  (361,2),  (352,2),  (341,2),  (339,2),  (338,2),  (317,2),  (338,6),  (366,6),  (399,6),  (419,6),  (434,2),  (439,2),  (445,2),  (433,4),  (403,4),  (379,0),  (350,0),  (330,0),  (287,0),  (235,5),  (194,5),  (164,5),  (121,3),  (111,3),  (112,3),  (119,3),  (110,3),  (133,3),  (140,3),  (151,7),  (184,3),  (197,3),  (204,7),  (213,7),  (222,3),  (218,3),  (206,3),  (188,5),  (169,5),  (136,3),  (130,3),  (124,5),  (113,0),  (99,5),  (99,1),  (102,7),  (106,3),  (107,3), 


[Timing] Time passed: 64.737942 s

Posterior Probability: -458.3652031
Agreement with demo: 14%
Current angular diffs: 92'

Selected number of demos: 85

-- Positive Demos --
 (694,5),  (660,3),  (666,3),  (680,7),  (690,7),  (709,3),  (702,3),  (696,3),  (700,5),  (675,5),  (662,5),  (656,5),  (619,3),  (615,3),  (620,3),  (614,3),  (609,3),  (603,3),  (599,3),  (620,5),  (610,5),  (589,3),  (587,5),  (581,0),  (544,0),  (527,0),  (490,4),  (462,4),  (449,4),  (433,4),  (420,2),  (413,2),  (395,4),  (364,2),  (361,2),  (358,2),  (341,2),  (340,2),  (329,4),  (320,6),  (338,6),  (351,6),  (382,6),  (399,6),  (430,2),  (439,2),  (452,2),  (414,4),  (403,4),  (391,4),  (368,0),  (330,0),  (312,0),  (259,0),  (212,5),  (164,5),  (121,3),  (118,3),  (106,3),  (122,3),  (119,3),  (110,3),  (133,3),  (140,3),  (144,3),  (164,7),  (193,3),  (204,7),  (213,7),  (224,3),  (218,3),  (213,3),  (199,5),  (169,5),  (136,3),  (124,5),  (99,5),  (99,1),  (102,7),  (107,3), 


[Timing] Time passed: 58.458046 s

Posterior Probability: -192.1654049
Agreement with demo: 15%
Current angular diffs: 93'

-----------------------------
Avg angular diffs: 79'
-- learned weights --
Feature Weights: 0.244, -0.06925, -0.81625, -0.1, 
