processing file :../birl_data/63_19_3_objects.txt

Initializing gridworld of size 32 by 24..
    Num states: 768
    Num actions: 8

Total number of demos: 145

Total number of good demos: 99

Selected number of demos: 99

-- Positive Demos --
 (162,7),  (166,7),  (176,7),  (189,1), 


 - [Timing] Time passed: 60.946345 s
- Current feature weights:-0.004484848485, -0.001090909091, 0.003717171717, -0.0001
 - Posterior Probability: -8.31777
 - Agreement with demo: 50%
 - Current angular diffs: 56.25'

-- Positive Demos --
 (211,6),  (221,6), 


 - [Timing] Time passed: 51.467472 s
- Current feature weights:-0.006727272727, -0.001636363636, 0.005575757576, -0.0001
 - Posterior Probability: -0.711595
 - Agreement with demo: 0%
 - Current angular diffs: 45'

-- Positive Demos --
 (230,6),  (255,1),  (278,6),  (299,1),  (319,1),  (345,1),  (365,6),  (383,6),  (399,6),  (418,6),  (441,6), 


 - [Timing] Time passed: 62.645184 s
- Current feature weights:-0.03528282828, -0.01396969697, 0.01046464646, -0.0001
 - Posterior Probability: -22.8739
 - Agreement with demo: 9.09091%
 - Current angular diffs: 85.9091'

-- Positive Demos --
 (459,1),  (471,7),  (488,7),  (510,1),  (530,1),  (554,1),  (578,1),  (594,1),  (626,2),  (633,2),  (640,6),  (648,6),  (659,6),  (666,6),  (669,0),  (653,4), 


 - [Timing] Time passed: 61.958877 s
- Current feature weights:-0.08263636364, -0.02851515152, 0.01418181818, -0.0001
 - Posterior Probability: -33.2711
 - Agreement with demo: 18.75%
 - Current angular diffs: 92.8125'

-- Positive Demos --
 (652,2),  (650,0),  (630,0),  (603,0),  (579,4),  (555,0),  (531,0), 


 - [Timing] Time passed: 62.762202 s
- Current feature weights:-0.1038484848, -0.04145454545, 0.01665656566, -0.0001
 - Posterior Probability: -14.5561
 - Agreement with demo: 14.2857%
 - Current angular diffs: 70.7143'

-- Positive Demos --
 (504,0),  (482,4),  (463,4),  (447,4),  (433,4),  (410,4),  (393,4),  (375,4),  (357,0),  (333,0),  (309,0),  (291,4),  (273,4),  (263,4),  (250,4),  (228,4),  (216,4),  (179,0),  (147,6),  (169,2), 


 - [Timing] Time passed: 93.599502 s
- Current feature weights:-0.157989899, -0.07539393939, 0.02554545455, -0.0001
 - Posterior Probability: -41.5888
 - Agreement with demo: 25%
 - Current angular diffs: 74.25'

-- Positive Demos --
 (171,0),  (151,0),  (128,4),  (115,2), 


 - [Timing] Time passed: 91.031536 s
- Current feature weights:-0.1734646465, -0.08044444444, 0.02982828283, -0.0001
 - Posterior Probability: -8.31777
 - Agreement with demo: 25%
 - Current angular diffs: 90'

-- Positive Demos --
 (113,2),  (112,2),  (109,4),  (99,2),  (101,6),  (114,6),  (124,6),  (136,6),  (178,1),  (203,6), 


 - [Timing] Time passed: 92.855033 s
- Current feature weights:-0.2264949495, -0.09478787879, 0.0374040404, -0.0001
 - Posterior Probability: -20.7944
 - Agreement with demo: 10%
 - Current angular diffs: 94.5'

-- Positive Demos --
 (224,6),  (244,1),  (264,1),  (289,7),  (315,1), 


 - [Timing] Time passed: 88.227122 s
- Current feature weights:-0.255989899, -0.1033737374, 0.03578787879, -0.0001
 - Posterior Probability: -10.3972
 - Agreement with demo: 40%
 - Current angular diffs: 72'

-- Positive Demos --
 (336,6),  (361,6), 


 - [Timing] Time passed: 56.481344 s
- Current feature weights:-0.2692020202, -0.1065454545, 0.03621212121, -0.0001
 - Posterior Probability: -4.15888
 - Agreement with demo: 50%
 - Current angular diffs: 22.5'

-- Positive Demos --
 (382,1),  (406,1),  (438,6),  (461,6),  (485,6),  (507,1),  (532,1),  (566,1),  (590,6), 


 - [Timing] Time passed: 45.011604 s
- Current feature weights:-0.3269292929, -0.1204545455, 0.0393030303, -0.0001
 - Posterior Probability: -18.715
 - Agreement with demo: 11.1111%
 - Current angular diffs: 110'

-----------------------------
Avg angular diffs: 75'
Total agreement with demo: 18.1818%
-- learned weights --
Final feature weights:-0.326929, -0.120455, 0.039303, -0.0001
