loading features...

Initializing gridworld of size 28 by 22..
    Num states: 616
    Num actions: 8

Total number of demos: 104

Selected number of demos: 68

-- Positive Demos --
 (54,1),  (83,1),  (111,1),  (138,6),  (166,6),  (193,6),  (219,6),  (247,1),  (275,1),  (331,1),  (358,1),  (387,1),  (443,6),  (442,1),  (470,1),  (498,6),  (526,6),  (524,2),  (523,2),  (549,2),  (521,2),  (520,2),  (519,0),  (518,0),  (434,4),  (433,0),  (374,0),  (374,5),  (346,5),  (320,5),  (293,5),  (267,5),  (239,0),  (211,5),  (184,5),  (156,0),  (128,4),  (71,4),  (69,4),  (12,0),  (12,2),  (39,6),  (38,2),  (66,6),  (65,4),  (34,2),  (60,6),  (88,1),  (116,1),  (144,1),  (172,7),  (199,6),  (198,6),  (227,1),  (255,1),  (283,1),  (311,1),  (338,1),  (367,1),  (394,6),  (422,6),  (449,1),  (532,5), 


[Timing] Time passed: 169.764349 s

Posterior Probability: -745.8851942
Agreement with demo: 12%
Current angular diffs: 96'

Selected number of demos: 25

-- Positive Demos --
 (83,1),  (111,1),  (166,6),  (275,1),  (387,1),  (442,1),  (524,2),  (521,2),  (520,2),  (518,0),  (434,4),  (433,0),  (347,5),  (293,5),  (184,5),  (128,4),  (12,0),  (38,2),  (34,2),  (60,1),  (172,7),  (198,6),  (283,1),  (394,6),  (532,3), 


[Timing] Time passed: 164.535415 s

Posterior Probability: -294.3541656
Agreement with demo: 6.1%
Current angular diffs: 96'

Selected number of demos: 67

-- Positive Demos --
 (54,1),  (83,1),  (111,1),  (138,6),  (193,6),  (219,6),  (247,1),  (275,1),  (303,1),  (331,1),  (387,1),  (414,6),  (443,6),  (442,1),  (470,1),  (526,6),  (524,2),  (523,2),  (549,2),  (521,2),  (520,2),  (519,0),  (490,4),  (434,4),  (433,0),  (403,2),  (374,5),  (346,5),  (347,5),  (320,5),  (293,5),  (266,5),  (267,5),  (210,5),  (211,5),  (156,0),  (100,4),  (71,4),  (40,0),  (12,0),  (11,6),  (39,6),  (38,2),  (66,6),  (65,4),  (34,4),  (61,6),  (60,1),  (88,1),  (116,1),  (144,1),  (172,7),  (199,1),  (198,2),  (198,6),  (227,1),  (255,1),  (283,1),  (311,1),  (367,1),  (394,6),  (422,6),  (449,1),  (532,5), 


[Timing] Time passed: 165.165035 s

Posterior Probability: -755.0162193
Agreement with demo: 6.8%
Current angular diffs: 92'

Selected number of demos: 44

-- Positive Demos --
 (54,1),  (83,1),  (139,6),  (138,6),  (219,6),  (218,6),  (247,1),  (275,1),  (331,1),  (358,1),  (443,6),  (442,1),  (498,6),  (523,2),  (521,2),  (518,0),  (433,0),  (374,5),  (293,5),  (266,5),  (210,5),  (156,0),  (71,4),  (12,2),  (11,6),  (39,6),  (66,6),  (34,4),  (60,6),  (60,1),  (144,1),  (172,7),  (199,1),  (198,6),  (255,1),  (283,1),  (367,1),  (394,6),  (449,1),  (532,3),  (532,5), 


[Timing] Time passed: 164.426379 s

Posterior Probability: -241.2399562
Agreement with demo: 12%
Current angular diffs: 94'

Selected number of demos: 29

-- Positive Demos --
 (83,1),  (138,6),  (193,6),  (218,6),  (275,1),  (387,1),  (442,1),  (498,6),  (549,4),  (519,2),  (490,4),  (374,0),  (293,5),  (211,5),  (100,4),  (40,0),  (38,2),  (66,6),  (65,4),  (34,4),  (61,6),  (60,1),  (116,1),  (198,2),  (198,6),  (255,1),  (394,6),  (449,1), 


[Timing] Time passed: 165.128221 s

Posterior Probability: -280.7062666
Agreement with demo: 12%
Current angular diffs: 77'

Selected number of demos: 70

-- Positive Demos --
 (54,1),  (83,1),  (111,1),  (139,6),  (138,6),  (166,6),  (193,6),  (218,6),  (247,1),  (275,1),  (303,1),  (331,1),  (387,1),  (443,6),  (442,1),  (470,1),  (498,6),  (524,2),  (523,2),  (549,4),  (521,2),  (520,2),  (519,0),  (518,0),  (490,4),  (434,4),  (433,0),  (374,0),  (346,5),  (347,5),  (293,5),  (266,5),  (239,0),  (210,5),  (184,5),  (156,0),  (128,4),  (100,4),  (71,4),  (40,0),  (12,0),  (12,2),  (39,6),  (38,2),  (66,6),  (65,4),  (34,4),  (34,2),  (61,6),  (60,6),  (88,1),  (116,1),  (172,1),  (199,1),  (198,2),  (227,1),  (283,1),  (338,1),  (367,1),  (394,6),  (422,6),  (449,1),  (532,5), 


[Timing] Time passed: 157.185295 s

Posterior Probability: -790.5552096
Agreement with demo: 5.4%
Current angular diffs: 94'

Selected number of demos: 32

-- Positive Demos --
 (83,1),  (139,6),  (138,6),  (218,6),  (331,1),  (414,6),  (470,1),  (523,2),  (521,2),  (519,2),  (518,0),  (434,4),  (374,5),  (320,5),  (293,5),  (210,5),  (184,5),  (156,0),  (71,4),  (40,0),  (39,6),  (65,4),  (60,6),  (144,1),  (172,7),  (198,2),  (283,1),  (394,6),  (449,1),  (532,5), 


[Timing] Time passed: 152.524875 s

Posterior Probability: -381.5584482
Agreement with demo: 12%
Current angular diffs: 79'

Selected number of demos: 43

-- Positive Demos --
 (83,1),  (111,1),  (138,6),  (166,6),  (218,6),  (275,1),  (331,1),  (414,6),  (442,1),  (498,6),  (523,2),  (549,4),  (519,2),  (518,0),  (490,4),  (434,4),  (374,5),  (347,5),  (320,5),  (293,5),  (239,0),  (210,5),  (184,5),  (156,0),  (128,4),  (71,4),  (69,4),  (12,2),  (39,6),  (38,2),  (65,4),  (60,6),  (116,1),  (144,1),  (199,6),  (227,1),  (255,1),  (283,1),  (338,1),  (394,6),  (422,6),  (532,3), 


[Timing] Time passed: 150.697492 s

Posterior Probability: -701.2604089
Agreement with demo: 6.8%
Current angular diffs: 96'

Selected number of demos: 29

-- Positive Demos --
 (111,1),  (219,6),  (275,1),  (414,6),  (442,1),  (524,2),  (523,2),  (549,2),  (519,2),  (518,0),  (434,4),  (374,0),  (293,5),  (266,5),  (156,0),  (100,4),  (40,0),  (11,6),  (38,2),  (34,4),  (34,2),  (116,1),  (144,1),  (198,2),  (283,1),  (367,1),  (422,6),  (421,1), 


[Timing] Time passed: 152.281468 s

Posterior Probability: -262.3696645
Agreement with demo: 12%
Current angular diffs: 83'

Selected number of demos: 33

-- Positive Demos --
 (54,1),  (83,1),  (139,6),  (138,6),  (219,6),  (247,1),  (275,1),  (387,1),  (470,1),  (526,6),  (524,2),  (521,2),  (519,2),  (490,4),  (403,2),  (374,0),  (346,5),  (347,5),  (293,5),  (239,0),  (156,0),  (69,4),  (12,2),  (38,2),  (65,4),  (61,6),  (88,1),  (172,1),  (198,2),  (255,1),  (311,1),  (394,6),  (422,6), 


[Timing] Time passed: 151.104481 s

Posterior Probability: -109.9695115
Agreement with demo: 8.2%
Current angular diffs: 94'

Selected number of demos: 28

-- Positive Demos --
 (83,1),  (166,6),  (218,6),  (358,1),  (443,6),  (526,6),  (549,2),  (519,2),  (490,4),  (433,0),  (347,5),  (266,5),  (184,5),  (100,4),  (40,0),  (11,6),  (38,2),  (66,6),  (60,6),  (60,1),  (88,1),  (172,7),  (199,1),  (227,1),  (283,1),  (311,1),  (394,6),  (421,1), 


[Timing] Time passed: 150.486399 s

Posterior Probability: -541.7932582
Agreement with demo: 6.8%
Current angular diffs: 96'

Selected number of demos: 41

-- Positive Demos --
 (54,1),  (83,1),  (111,1),  (193,6),  (219,6),  (218,6),  (275,1),  (358,1),  (387,1),  (442,1),  (526,6),  (523,2),  (549,2),  (549,4),  (521,2),  (518,0),  (433,0),  (374,5),  (347,5),  (266,5),  (239,0),  (210,5),  (184,5),  (156,0),  (69,4),  (12,0),  (11,6),  (38,2),  (66,6),  (34,2),  (60,1),  (144,1),  (172,1),  (199,6),  (198,6),  (227,1),  (255,1),  (338,1),  (367,1),  (421,1), 


[Timing] Time passed: 156.638243 s

Posterior Probability: -470.6366437
Agreement with demo: 7.5%
Current angular diffs: 95'

Selected number of demos: 69

-- Positive Demos --
 (54,1),  (83,1),  (111,1),  (139,6),  (166,6),  (193,6),  (218,6),  (247,1),  (275,1),  (303,1),  (358,1),  (387,1),  (414,6),  (442,1),  (470,1),  (498,6),  (524,2),  (549,2),  (549,4),  (521,2),  (519,2),  (519,0),  (490,4),  (434,4),  (433,0),  (403,2),  (374,5),  (347,5),  (293,5),  (266,5),  (267,5),  (210,5),  (184,5),  (156,0),  (128,4),  (71,4),  (69,4),  (40,0),  (12,2),  (11,6),  (39,6),  (38,2),  (66,6),  (65,4),  (34,4),  (34,2),  (61,6),  (60,1),  (116,1),  (144,1),  (172,7),  (199,1),  (198,2),  (227,1),  (255,1),  (283,1),  (311,1),  (367,1),  (394,6),  (421,1),  (532,3), 


[Timing] Time passed: 152.77927 s

Posterior Probability: -1356.655147
Agreement with demo: 6.8%
Current angular diffs: 97'

Selected number of demos: 104

-- Positive Demos --
 (54,1),  (83,1),  (111,1),  (139,6),  (138,6),  (166,6),  (193,6),  (219,6),  (218,6),  (247,1),  (275,1),  (303,1),  (331,1),  (358,1),  (387,1),  (414,6),  (443,6),  (442,1),  (470,1),  (498,6),  (526,6),  (524,2),  (523,2),  (549,2),  (549,4),  (521,2),  (520,2),  (519,2),  (519,0),  (518,0),  (490,4),  (434,4),  (433,0),  (403,2),  (374,0),  (374,5),  (346,5),  (347,5),  (320,5),  (293,5),  (266,5),  (267,5),  (239,0),  (210,5),  (211,5),  (184,5),  (156,0),  (128,4),  (100,4),  (71,4),  (69,4),  (40,0),  (12,0),  (12,2),  (11,6),  (39,6),  (38,2),  (66,6),  (65,4),  (34,4),  (34,2),  (61,6),  (60,6),  (60,1),  (88,1),  (116,1),  (144,1),  (172,1),  (172,7),  (199,1),  (199,6),  (198,2),  (198,6),  (227,1),  (255,1),  (283,1),  (311,1),  (338,1),  (367,1),  (394,6),  (422,6),  (421,1),  (449,1),  (532,3),  (532,5), 


[Timing] Time passed: 153.726322 s

Posterior Probability: -946.7751836
Agreement with demo: 14%
Current angular diffs: 87'

Selected number of demos: 104

-- Positive Demos --
 (54,1),  (83,1),  (111,1),  (139,6),  (138,6),  (166,6),  (193,6),  (219,6),  (218,6),  (247,1),  (275,1),  (303,1),  (331,1),  (358,1),  (387,1),  (414,6),  (443,6),  (442,1),  (470,1),  (498,6),  (526,6),  (524,2),  (523,2),  (549,2),  (549,4),  (521,2),  (520,2),  (519,2),  (519,0),  (518,0),  (490,4),  (434,4),  (433,0),  (403,2),  (374,0),  (374,5),  (346,5),  (347,5),  (320,5),  (293,5),  (266,5),  (267,5),  (239,0),  (210,5),  (211,5),  (184,5),  (156,0),  (128,4),  (100,4),  (71,4),  (69,4),  (40,0),  (12,0),  (12,2),  (11,6),  (39,6),  (38,2),  (66,6),  (65,4),  (34,4),  (34,2),  (61,6),  (60,6),  (60,1),  (88,1),  (116,1),  (144,1),  (172,1),  (172,7),  (199,1),  (199,6),  (198,2),  (198,6),  (227,1),  (255,1),  (283,1),  (311,1),  (338,1),  (367,1),  (394,6),  (422,6),  (421,1),  (449,1),  (532,3),  (532,5), 


[Timing] Time passed: 153.897779 s

Posterior Probability: -796.6049044
Agreement with demo: 14%
Current angular diffs: 82'

Selected number of demos: 104

-- Positive Demos --
 (54,1),  (83,1),  (111,1),  (139,6),  (138,6),  (166,6),  (193,6),  (219,6),  (218,6),  (247,1),  (275,1),  (303,1),  (331,1),  (358,1),  (387,1),  (414,6),  (443,6),  (442,1),  (470,1),  (498,6),  (526,6),  (524,2),  (523,2),  (549,2),  (549,4),  (521,2),  (520,2),  (519,2),  (519,0),  (518,0),  (490,4),  (434,4),  (433,0),  (403,2),  (374,0),  (374,5),  (346,5),  (347,5),  (320,5),  (293,5),  (266,5),  (267,5),  (239,0),  (210,5),  (211,5),  (184,5),  (156,0),  (128,4),  (100,4),  (71,4),  (69,4),  (40,0),  (12,0),  (12,2),  (11,6),  (39,6),  (38,2),  (66,6),  (65,4),  (34,4),  (34,2),  (61,6),  (60,6),  (60,1),  (88,1),  (116,1),  (144,1),  (172,1),  (172,7),  (199,1),  (199,6),  (198,2),  (198,6),  (227,1),  (255,1),  (283,1),  (311,1),  (338,1),  (367,1),  (394,6),  (422,6),  (421,1),  (449,1),  (532,3),  (532,5), 


[Timing] Time passed: 155.283196 s

Posterior Probability: -1242.482966
Agreement with demo: 7.5%
Current angular diffs: 96'

Selected number of demos: 57

-- Positive Demos --
 (54,1),  (83,1),  (111,1),  (138,6),  (166,6),  (193,6),  (219,6),  (218,6),  (275,1),  (331,1),  (358,1),  (414,6),  (442,1),  (470,1),  (526,6),  (524,2),  (523,2),  (549,4),  (521,2),  (520,2),  (518,0),  (434,4),  (403,2),  (346,5),  (293,5),  (266,5),  (239,0),  (184,5),  (156,0),  (128,4),  (71,4),  (69,4),  (12,0),  (39,6),  (66,6),  (65,4),  (34,2),  (61,6),  (60,1),  (116,1),  (144,1),  (172,1),  (172,7),  (198,2),  (227,1),  (255,1),  (283,1),  (311,1),  (394,6),  (422,6),  (449,1),  (532,3),  (532,5), 


[Timing] Time passed: 153.056607 s

Posterior Probability: -278.5950068
Agreement with demo: 9.5%
Current angular diffs: 93'

Selected number of demos: 51

-- Positive Demos --
 (54,1),  (83,1),  (111,1),  (166,6),  (219,6),  (247,1),  (275,1),  (303,1),  (358,1),  (414,6),  (442,1),  (470,1),  (498,6),  (524,2),  (549,2),  (549,4),  (521,2),  (519,0),  (490,4),  (434,4),  (403,2),  (346,5),  (347,5),  (320,5),  (293,5),  (239,0),  (211,5),  (184,5),  (128,4),  (69,4),  (12,2),  (11,6),  (38,2),  (65,4),  (34,2),  (61,6),  (60,1),  (116,1),  (172,7),  (199,1),  (199,6),  (227,1),  (283,1),  (311,1),  (394,6),  (421,1),  (532,3), 


[Timing] Time passed: 152.194758 s

Posterior Probability: -455.2377365
Agreement with demo: 11%
Current angular diffs: 83'

Selected number of demos: 41

-- Positive Demos --
 (83,1),  (111,1),  (138,6),  (166,6),  (193,6),  (218,6),  (275,1),  (331,1),  (387,1),  (443,6),  (470,1),  (524,2),  (523,2),  (549,4),  (520,2),  (519,2),  (434,4),  (433,0),  (403,2),  (346,5),  (347,5),  (266,5),  (239,0),  (156,0),  (100,4),  (40,0),  (12,2),  (38,2),  (65,4),  (34,4),  (60,6),  (116,1),  (144,1),  (199,6),  (227,1),  (283,1),  (338,1),  (422,6),  (421,1),  (532,5), 


[Timing] Time passed: 153.322498 s

Posterior Probability: -289.9009063
Agreement with demo: 12%
Current angular diffs: 86'

Selected number of demos: 104

-- Positive Demos --
 (54,1),  (83,1),  (111,1),  (139,6),  (138,6),  (166,6),  (193,6),  (219,6),  (218,6),  (247,1),  (275,1),  (303,1),  (331,1),  (358,1),  (387,1),  (414,6),  (443,6),  (442,1),  (470,1),  (498,6),  (526,6),  (524,2),  (523,2),  (549,2),  (549,4),  (521,2),  (520,2),  (519,2),  (519,0),  (518,0),  (490,4),  (434,4),  (433,0),  (403,2),  (374,0),  (374,5),  (346,5),  (347,5),  (320,5),  (293,5),  (266,5),  (267,5),  (239,0),  (210,5),  (211,5),  (184,5),  (156,0),  (128,4),  (100,4),  (71,4),  (69,4),  (40,0),  (12,0),  (12,2),  (11,6),  (39,6),  (38,2),  (66,6),  (65,4),  (34,4),  (34,2),  (61,6),  (60,6),  (60,1),  (88,1),  (116,1),  (144,1),  (172,1),  (172,7),  (199,1),  (199,6),  (198,2),  (198,6),  (227,1),  (255,1),  (283,1),  (311,1),  (338,1),  (367,1),  (394,6),  (422,6),  (421,1),  (449,1),  (532,3),  (532,5), 


[Timing] Time passed: 153.73376 s

Posterior Probability: -628.9688369
Agreement with demo: 13%
Current angular diffs: 79'

Selected number of demos: 53

-- Positive Demos --
 (83,1),  (111,1),  (139,6),  (193,6),  (218,6),  (275,1),  (303,1),  (331,1),  (387,1),  (414,6),  (442,1),  (470,1),  (524,2),  (523,2),  (549,4),  (521,2),  (519,2),  (519,0),  (434,4),  (403,2),  (346,5),  (347,5),  (293,5),  (266,5),  (210,5),  (156,0),  (100,4),  (40,0),  (12,2),  (11,6),  (39,6),  (66,6),  (34,4),  (34,2),  (61,6),  (60,6),  (88,1),  (116,1),  (172,1),  (172,7),  (199,1),  (198,2),  (227,1),  (283,1),  (311,1),  (367,1),  (394,6),  (422,6),  (421,1),  (532,5), 


[Timing] Time passed: 142.60294 s

Posterior Probability: -552.0753558
Agreement with demo: 16%
Current angular diffs: 82'

Selected number of demos: 41

-- Positive Demos --
 (54,1),  (83,1),  (111,1),  (166,6),  (219,6),  (275,1),  (331,1),  (387,1),  (414,6),  (470,1),  (498,6),  (524,2),  (549,2),  (520,2),  (519,0),  (434,4),  (403,2),  (347,5),  (320,5),  (293,5),  (267,5),  (210,5),  (156,0),  (71,4),  (12,2),  (39,6),  (38,2),  (66,6),  (65,4),  (34,2),  (60,1),  (116,1),  (172,1),  (199,1),  (227,1),  (255,1),  (338,1),  (394,6),  (421,1),  (532,5), 


[Timing] Time passed: 143.596057 s

Posterior Probability: -461.9385304
Agreement with demo: 6.8%
Current angular diffs: 95'

Selected number of demos: 54

-- Positive Demos --
 (54,1),  (83,1),  (111,1),  (139,6),  (166,6),  (193,6),  (247,1),  (275,1),  (303,1),  (358,1),  (387,1),  (414,6),  (442,1),  (470,1),  (526,6),  (523,2),  (549,4),  (521,2),  (519,0),  (490,4),  (434,4),  (374,0),  (346,5),  (293,5),  (267,5),  (211,5),  (184,5),  (156,0),  (71,4),  (40,0),  (12,0),  (12,2),  (11,6),  (39,6),  (66,6),  (65,4),  (61,6),  (60,1),  (88,1),  (116,1),  (144,1),  (172,7),  (198,2),  (198,6),  (283,1),  (338,1),  (394,6),  (449,1),  (532,5), 


[Timing] Time passed: 142.169004 s

Posterior Probability: -623.4055139
Agreement with demo: 12%
Current angular diffs: 80'

Selected number of demos: 104

-- Positive Demos --
 (54,1),  (83,1),  (111,1),  (139,6),  (138,6),  (166,6),  (193,6),  (219,6),  (218,6),  (247,1),  (275,1),  (303,1),  (331,1),  (358,1),  (387,1),  (414,6),  (443,6),  (442,1),  (470,1),  (498,6),  (526,6),  (524,2),  (523,2),  (549,2),  (549,4),  (521,2),  (520,2),  (519,2),  (519,0),  (518,0),  (490,4),  (434,4),  (433,0),  (403,2),  (374,0),  (374,5),  (346,5),  (347,5),  (320,5),  (293,5),  (266,5),  (267,5),  (239,0),  (210,5),  (211,5),  (184,5),  (156,0),  (128,4),  (100,4),  (71,4),  (69,4),  (40,0),  (12,0),  (12,2),  (11,6),  (39,6),  (38,2),  (66,6),  (65,4),  (34,4),  (34,2),  (61,6),  (60,6),  (60,1),  (88,1),  (116,1),  (144,1),  (172,1),  (172,7),  (199,1),  (199,6),  (198,2),  (198,6),  (227,1),  (255,1),  (283,1),  (311,1),  (338,1),  (367,1),  (394,6),  (422,6),  (421,1),  (449,1),  (532,3),  (532,5), 


[Timing] Time passed: 143.519466 s

Posterior Probability: -781.197426
Agreement with demo: 15%
Current angular diffs: 79'

Selected number of demos: 29

-- Positive Demos --
 (54,1),  (111,1),  (193,6),  (303,1),  (358,1),  (387,1),  (442,1),  (498,6),  (523,2),  (549,4),  (519,2),  (519,0),  (434,4),  (374,5),  (347,5),  (267,5),  (156,0),  (69,4),  (12,0),  (39,6),  (65,4),  (60,6),  (116,1),  (198,2),  (227,1),  (255,1),  (283,1),  (394,6), 


[Timing] Time passed: 141.237994 s

Posterior Probability: -273.7249704
Agreement with demo: 10%
Current angular diffs: 96'

Selected number of demos: 70

-- Positive Demos --
 (54,1),  (83,1),  (111,1),  (139,6),  (166,6),  (193,6),  (218,6),  (247,1),  (275,1),  (303,1),  (331,1),  (358,1),  (387,1),  (443,6),  (442,1),  (470,1),  (498,6),  (526,6),  (524,2),  (523,2),  (549,2),  (549,4),  (521,2),  (519,2),  (519,0),  (518,0),  (490,4),  (434,4),  (433,0),  (374,0),  (346,5),  (320,5),  (293,5),  (266,5),  (239,0),  (210,5),  (211,5),  (156,0),  (128,4),  (100,4),  (71,4),  (40,0),  (12,2),  (11,6),  (39,6),  (66,6),  (65,4),  (34,2),  (61,6),  (60,6),  (88,1),  (116,1),  (144,1),  (172,7),  (199,1),  (199,6),  (198,6),  (227,1),  (283,1),  (311,1),  (338,1),  (394,6),  (422,6),  (421,1),  (532,3),  (532,5), 


[Timing] Time passed: 140.356306 s

Posterior Probability: -618.4701767
Agreement with demo: 8.2%
Current angular diffs: 84'

Selected number of demos: 28

-- Positive Demos --
 (111,1),  (166,6),  (275,1),  (358,1),  (414,6),  (498,6),  (526,6),  (549,4),  (521,2),  (519,2),  (433,0),  (346,5),  (320,5),  (239,0),  (128,4),  (40,0),  (38,2),  (66,6),  (34,4),  (61,6),  (116,1),  (172,1),  (172,7),  (198,6),  (283,1),  (338,1),  (367,1),  (532,3), 


[Timing] Time passed: 144.485703 s

Posterior Probability: -308.0633357
Agreement with demo: 8.8%
Current angular diffs: 96'

Selected number of demos: 26

-- Positive Demos --
 (54,1),  (139,6),  (193,6),  (247,1),  (331,1),  (414,6),  (443,6),  (442,1),  (524,2),  (549,4),  (518,0),  (433,0),  (403,2),  (320,5),  (293,5),  (210,5),  (211,5),  (71,4),  (11,6),  (66,6),  (60,6),  (116,1),  (199,6),  (283,1),  (422,6), 


[Timing] Time passed: 142.702213 s

Posterior Probability: -263.458741
Agreement with demo: 14%
Current angular diffs: 96'

Selected number of demos: 55

-- Positive Demos --
 (54,1),  (83,1),  (111,1),  (139,6),  (166,6),  (193,6),  (247,1),  (303,1),  (331,1),  (387,1),  (442,1),  (498,6),  (526,6),  (524,2),  (549,2),  (521,2),  (520,2),  (519,0),  (490,4),  (434,4),  (403,2),  (374,5),  (347,5),  (293,5),  (266,5),  (267,5),  (211,5),  (156,0),  (128,4),  (100,4),  (40,0),  (12,2),  (39,6),  (38,2),  (66,6),  (65,4),  (34,2),  (61,6),  (60,1),  (116,1),  (172,1),  (199,1),  (198,6),  (227,1),  (255,1),  (283,1),  (367,1),  (394,6),  (422,6),  (449,1),  (532,3),  (532,5), 


[Timing] Time passed: 142.061658 s

Posterior Probability: -148.5105251
Agreement with demo: 16%
Current angular diffs: 81'

Selected number of demos: 74

-- Positive Demos --
 (54,1),  (83,1),  (111,1),  (138,6),  (166,6),  (193,6),  (218,6),  (247,1),  (275,1),  (303,1),  (331,1),  (358,1),  (387,1),  (414,6),  (442,1),  (470,1),  (498,6),  (526,6),  (524,2),  (523,2),  (549,2),  (549,4),  (521,2),  (519,2),  (519,0),  (490,4),  (434,4),  (433,0),  (403,2),  (374,0),  (346,5),  (320,5),  (293,5),  (266,5),  (239,0),  (210,5),  (184,5),  (156,0),  (128,4),  (100,4),  (69,4),  (40,0),  (12,0),  (12,2),  (11,6),  (39,6),  (66,6),  (65,4),  (34,4),  (34,2),  (60,6),  (60,1),  (116,1),  (172,1),  (199,1),  (199,6),  (198,6),  (255,1),  (283,1),  (311,1),  (338,1),  (367,1),  (394,6),  (422,6),  (449,1),  (532,3), 


[Timing] Time passed: 147.550337 s

Posterior Probability: -619.8803241
Agreement with demo: 6.8%
Current angular diffs: 1e+02'

Selected number of demos: 33

-- Positive Demos --
 (83,1),  (139,6),  (138,6),  (193,6),  (218,6),  (275,1),  (303,1),  (414,6),  (470,1),  (524,2),  (549,2),  (520,2),  (518,0),  (403,2),  (346,5),  (347,5),  (293,5),  (267,5),  (239,0),  (211,5),  (184,5),  (71,4),  (12,2),  (66,6),  (65,4),  (60,6),  (88,1),  (144,1),  (172,7),  (199,6),  (227,1),  (338,1),  (422,6), 


[Timing] Time passed: 142.803436 s

Posterior Probability: -446.5116778
Agreement with demo: 6.8%
Current angular diffs: 96'

Selected number of demos: 31

-- Positive Demos --
 (83,1),  (139,6),  (219,6),  (275,1),  (303,1),  (414,6),  (470,1),  (498,6),  (526,6),  (549,4),  (521,2),  (520,2),  (519,2),  (434,4),  (403,2),  (374,5),  (293,5),  (211,5),  (156,0),  (69,4),  (11,6),  (39,6),  (65,4),  (60,1),  (88,1),  (172,7),  (227,1),  (283,1),  (394,6),  (422,6),  (449,1), 


[Timing] Time passed: 140.982205 s

Posterior Probability: -206.8448897
Agreement with demo: 14%
Current angular diffs: 81'

Selected number of demos: 104

-- Positive Demos --
 (54,1),  (83,1),  (111,1),  (139,6),  (138,6),  (166,6),  (193,6),  (219,6),  (218,6),  (247,1),  (275,1),  (303,1),  (331,1),  (358,1),  (387,1),  (414,6),  (443,6),  (442,1),  (470,1),  (498,6),  (526,6),  (524,2),  (523,2),  (549,2),  (549,4),  (521,2),  (520,2),  (519,2),  (519,0),  (518,0),  (490,4),  (434,4),  (433,0),  (403,2),  (374,0),  (374,5),  (346,5),  (347,5),  (320,5),  (293,5),  (266,5),  (267,5),  (239,0),  (210,5),  (211,5),  (184,5),  (156,0),  (128,4),  (100,4),  (71,4),  (69,4),  (40,0),  (12,0),  (12,2),  (11,6),  (39,6),  (38,2),  (66,6),  (65,4),  (34,4),  (34,2),  (61,6),  (60,6),  (60,1),  (88,1),  (116,1),  (144,1),  (172,1),  (172,7),  (199,1),  (199,6),  (198,2),  (198,6),  (227,1),  (255,1),  (283,1),  (311,1),  (338,1),  (367,1),  (394,6),  (422,6),  (421,1),  (449,1),  (532,3),  (532,5), 


[Timing] Time passed: 146.451332 s

Posterior Probability: -666.2604942
Agreement with demo: 7.5%
Current angular diffs: 95'

Selected number of demos: 32

-- Positive Demos --
 (83,1),  (111,1),  (166,6),  (193,6),  (303,1),  (387,1),  (443,6),  (470,1),  (524,2),  (523,2),  (521,2),  (519,2),  (490,4),  (434,4),  (433,0),  (374,0),  (374,5),  (347,5),  (239,0),  (128,4),  (12,2),  (39,6),  (66,6),  (34,2),  (116,1),  (172,7),  (198,2),  (283,1),  (338,1),  (422,6), 


[Timing] Time passed: 141.789745 s

Posterior Probability: -71.13912667
Agreement with demo: 6.8%
Current angular diffs: 97'

Selected number of demos: 104

-- Positive Demos --
 (54,1),  (83,1),  (111,1),  (139,6),  (138,6),  (166,6),  (193,6),  (219,6),  (218,6),  (247,1),  (275,1),  (303,1),  (331,1),  (358,1),  (387,1),  (414,6),  (443,6),  (442,1),  (470,1),  (498,6),  (526,6),  (524,2),  (523,2),  (549,2),  (549,4),  (521,2),  (520,2),  (519,2),  (519,0),  (518,0),  (490,4),  (434,4),  (433,0),  (403,2),  (374,0),  (374,5),  (346,5),  (347,5),  (320,5),  (293,5),  (266,5),  (267,5),  (239,0),  (210,5),  (211,5),  (184,5),  (156,0),  (128,4),  (100,4),  (71,4),  (69,4),  (40,0),  (12,0),  (12,2),  (11,6),  (39,6),  (38,2),  (66,6),  (65,4),  (34,4),  (34,2),  (61,6),  (60,6),  (60,1),  (88,1),  (116,1),  (144,1),  (172,1),  (172,7),  (199,1),  (199,6),  (198,2),  (198,6),  (227,1),  (255,1),  (283,1),  (311,1),  (338,1),  (367,1),  (394,6),  (422,6),  (421,1),  (449,1),  (532,3),  (532,5), 


[Timing] Time passed: 144.697282 s

Posterior Probability: -416.8198521
Agreement with demo: 6.8%
Current angular diffs: 94'

Selected number of demos: 34

-- Positive Demos --
 (83,1),  (138,6),  (166,6),  (193,6),  (275,1),  (387,1),  (443,6),  (442,1),  (498,6),  (523,2),  (521,2),  (519,0),  (434,4),  (374,5),  (293,5),  (211,5),  (128,4),  (69,4),  (12,2),  (11,6),  (39,6),  (65,4),  (34,4),  (61,6),  (116,1),  (199,6),  (255,1),  (338,1),  (394,6),  (449,1),  (532,5), 


[Timing] Time passed: 139.568482 s

Posterior Probability: -208.422743
Agreement with demo: 10%
Current angular diffs: 84'

Selected number of demos: 45

-- Positive Demos --
 (54,1),  (83,1),  (111,1),  (193,6),  (219,6),  (247,1),  (275,1),  (358,1),  (414,6),  (442,1),  (470,1),  (498,6),  (524,2),  (549,4),  (521,2),  (519,2),  (434,4),  (374,5),  (320,5),  (293,5),  (267,5),  (210,5),  (211,5),  (156,0),  (69,4),  (12,0),  (39,6),  (38,2),  (66,6),  (34,2),  (61,6),  (60,6),  (116,1),  (144,1),  (199,6),  (198,2),  (283,1),  (338,1),  (394,6),  (422,6),  (532,3), 


[Timing] Time passed: 144.491848 s

Posterior Probability: -463.787333
Agreement with demo: 10%
Current angular diffs: 88'

Selected number of demos: 57

-- Positive Demos --
 (54,1),  (111,1),  (138,6),  (166,6),  (219,6),  (218,6),  (247,1),  (275,1),  (303,1),  (331,1),  (387,1),  (414,6),  (443,6),  (442,1),  (470,1),  (498,6),  (524,2),  (549,2),  (549,4),  (521,2),  (520,2),  (518,0),  (490,4),  (434,4),  (374,0),  (347,5),  (320,5),  (293,5),  (267,5),  (239,0),  (184,5),  (156,0),  (71,4),  (69,4),  (40,0),  (12,2),  (39,6),  (38,2),  (65,4),  (34,2),  (60,1),  (116,1),  (172,1),  (172,7),  (198,2),  (198,6),  (283,1),  (311,1),  (338,1),  (367,1),  (394,6),  (422,6),  (449,1),  (532,3), 


[Timing] Time passed: 145.275487 s

Posterior Probability: -650.3016529
Agreement with demo: 7.5%
Current angular diffs: 91'

Selected number of demos: 71

-- Positive Demos --
 (54,1),  (83,1),  (111,1),  (139,6),  (166,6),  (193,6),  (218,6),  (275,1),  (303,1),  (331,1),  (358,1),  (387,1),  (443,6),  (442,1),  (470,1),  (498,6),  (526,6),  (524,2),  (549,2),  (549,4),  (521,2),  (520,2),  (519,2),  (519,0),  (518,0),  (490,4),  (434,4),  (433,0),  (374,0),  (346,5),  (347,5),  (293,5),  (266,5),  (239,0),  (211,5),  (156,0),  (128,4),  (71,4),  (69,4),  (40,0),  (12,0),  (12,2),  (11,6),  (39,6),  (66,6),  (65,4),  (34,4),  (61,6),  (60,6),  (60,1),  (116,1),  (144,1),  (172,1),  (199,1),  (198,2),  (227,1),  (283,1),  (338,1),  (367,1),  (394,6),  (422,6),  (449,1),  (532,5), 


[Timing] Time passed: 142.754929 s

Posterior Probability: -725.5392631
Agreement with demo: 10%
Current angular diffs: 96'

Selected number of demos: 65

-- Positive Demos --
 (54,1),  (83,1),  (111,1),  (139,6),  (166,6),  (193,6),  (219,6),  (247,1),  (275,1),  (331,1),  (358,1),  (387,1),  (414,6),  (443,6),  (442,1),  (470,1),  (526,6),  (524,2),  (549,2),  (521,2),  (519,2),  (518,0),  (434,4),  (433,0),  (403,2),  (374,5),  (346,5),  (320,5),  (293,5),  (266,5),  (239,0),  (210,5),  (211,5),  (156,0),  (128,4),  (71,4),  (40,0),  (12,2),  (11,6),  (39,6),  (38,2),  (66,6),  (65,4),  (34,2),  (61,6),  (60,6),  (88,1),  (116,1),  (144,1),  (172,7),  (199,1),  (198,2),  (227,1),  (255,1),  (283,1),  (338,1),  (367,1),  (394,6),  (421,1),  (532,3), 


[Timing] Time passed: 143.218535 s

Posterior Probability: -572.7564105
Agreement with demo: 17%
Current angular diffs: 78'

Selected number of demos: 41

-- Positive Demos --
 (54,1),  (83,1),  (138,6),  (193,6),  (219,6),  (247,1),  (331,1),  (414,6),  (443,6),  (470,1),  (498,6),  (526,6),  (549,2),  (549,4),  (520,2),  (519,2),  (434,4),  (403,2),  (346,5),  (347,5),  (266,5),  (210,5),  (211,5),  (156,0),  (71,4),  (12,0),  (39,6),  (38,2),  (65,4),  (61,6),  (60,6),  (88,1),  (144,1),  (199,1),  (198,2),  (255,1),  (338,1),  (367,1),  (394,6),  (532,3), 


[Timing] Time passed: 142.324661 s

Posterior Probability: -504.1414166
Agreement with demo: 10%
Current angular diffs: 83'

Selected number of demos: 43

-- Positive Demos --
 (54,1),  (111,1),  (166,6),  (193,6),  (219,6),  (247,1),  (331,1),  (414,6),  (442,1),  (498,6),  (526,6),  (523,2),  (521,2),  (518,0),  (434,4),  (374,0),  (347,5),  (293,5),  (239,0),  (210,5),  (211,5),  (156,0),  (71,4),  (69,4),  (40,0),  (12,2),  (39,6),  (65,4),  (34,4),  (60,1),  (88,1),  (172,1),  (199,6),  (198,2),  (227,1),  (311,1),  (338,1),  (367,1),  (394,6),  (449,1),  (532,3), 


[Timing] Time passed: 145.176888 s

Posterior Probability: -482.3971989
Agreement with demo: 5.4%
Current angular diffs: 99'

Selected number of demos: 31

-- Positive Demos --
 (83,1),  (111,1),  (193,6),  (275,1),  (387,1),  (442,1),  (524,2),  (521,2),  (490,4),  (374,0),  (374,5),  (347,5),  (293,5),  (267,5),  (156,0),  (40,0),  (39,6),  (66,6),  (65,4),  (60,1),  (88,1),  (116,1),  (144,1),  (199,1),  (198,2),  (227,1),  (255,1),  (311,1),  (421,1), 


[Timing] Time passed: 140.6268 s

Posterior Probability: -209.016992
Agreement with demo: 8.8%
Current angular diffs: 90'

Selected number of demos: 65

-- Positive Demos --
 (54,1),  (83,1),  (111,1),  (139,6),  (138,6),  (166,6),  (193,6),  (219,6),  (218,6),  (275,1),  (303,1),  (358,1),  (387,1),  (414,6),  (442,1),  (470,1),  (498,6),  (524,2),  (549,2),  (521,2),  (520,2),  (519,2),  (519,0),  (518,0),  (490,4),  (434,4),  (433,0),  (374,0),  (374,5),  (347,5),  (293,5),  (266,5),  (239,0),  (211,5),  (156,0),  (128,4),  (100,4),  (69,4),  (12,0),  (12,2),  (11,6),  (39,6),  (66,6),  (65,4),  (34,4),  (61,6),  (60,1),  (116,1),  (144,1),  (172,1),  (172,7),  (199,6),  (198,2),  (198,6),  (255,1),  (283,1),  (338,1),  (394,6),  (421,1),  (449,1),  (532,5), 


[Timing] Time passed: 150.946791 s

Posterior Probability: -596.1503475
Agreement with demo: 7.5%
Current angular diffs: 93'

Selected number of demos: 104

-- Positive Demos --
 (54,1),  (83,1),  (111,1),  (139,6),  (138,6),  (166,6),  (193,6),  (219,6),  (218,6),  (247,1),  (275,1),  (303,1),  (331,1),  (358,1),  (387,1),  (414,6),  (443,6),  (442,1),  (470,1),  (498,6),  (526,6),  (524,2),  (523,2),  (549,2),  (549,4),  (521,2),  (520,2),  (519,2),  (519,0),  (518,0),  (490,4),  (434,4),  (433,0),  (403,2),  (374,0),  (374,5),  (346,5),  (347,5),  (320,5),  (293,5),  (266,5),  (267,5),  (239,0),  (210,5),  (211,5),  (184,5),  (156,0),  (128,4),  (100,4),  (71,4),  (69,4),  (40,0),  (12,0),  (12,2),  (11,6),  (39,6),  (38,2),  (66,6),  (65,4),  (34,4),  (34,2),  (61,6),  (60,6),  (60,1),  (88,1),  (116,1),  (144,1),  (172,1),  (172,7),  (199,1),  (199,6),  (198,2),  (198,6),  (227,1),  (255,1),  (283,1),  (311,1),  (338,1),  (367,1),  (394,6),  (422,6),  (421,1),  (449,1),  (532,3),  (532,5), 


[Timing] Time passed: 146.544772 s

Posterior Probability: -635.7253628
Agreement with demo: 11%
Current angular diffs: 94'

Selected number of demos: 33

-- Positive Demos --
 (54,1),  (138,6),  (247,1),  (275,1),  (331,1),  (358,1),  (443,6),  (498,6),  (524,2),  (523,2),  (549,4),  (521,2),  (518,0),  (434,4),  (374,0),  (293,5),  (211,5),  (184,5),  (128,4),  (40,0),  (38,2),  (66,6),  (61,6),  (60,6),  (60,1),  (172,7),  (199,6),  (198,6),  (283,1),  (422,6),  (449,1),  (532,5), 


[Timing] Time passed: 140.435576 s

Posterior Probability: -348.2493097
Agreement with demo: 13%
Current angular diffs: 93'

Selected number of demos: 46

-- Positive Demos --
 (83,1),  (139,6),  (193,6),  (219,6),  (275,1),  (303,1),  (331,1),  (414,6),  (443,6),  (442,1),  (498,6),  (523,2),  (549,2),  (521,2),  (519,2),  (519,0),  (518,0),  (490,4),  (433,0),  (374,0),  (374,5),  (293,5),  (266,5),  (210,5),  (156,0),  (69,4),  (40,0),  (12,0),  (39,6),  (66,6),  (34,4),  (61,6),  (60,6),  (60,1),  (88,1),  (116,1),  (144,1),  (172,1),  (199,1),  (198,6),  (283,1),  (367,1),  (394,6),  (421,1), 


[Timing] Time passed: 138.299007 s

Posterior Probability: -244.2923065
Agreement with demo: 8.2%
Current angular diffs: 97'

Selected number of demos: 104

-- Positive Demos --
 (54,1),  (83,1),  (111,1),  (139,6),  (138,6),  (166,6),  (193,6),  (219,6),  (218,6),  (247,1),  (275,1),  (303,1),  (331,1),  (358,1),  (387,1),  (414,6),  (443,6),  (442,1),  (470,1),  (498,6),  (526,6),  (524,2),  (523,2),  (549,2),  (549,4),  (521,2),  (520,2),  (519,2),  (519,0),  (518,0),  (490,4),  (434,4),  (433,0),  (403,2),  (374,0),  (374,5),  (346,5),  (347,5),  (320,5),  (293,5),  (266,5),  (267,5),  (239,0),  (210,5),  (211,5),  (184,5),  (156,0),  (128,4),  (100,4),  (71,4),  (69,4),  (40,0),  (12,0),  (12,2),  (11,6),  (39,6),  (38,2),  (66,6),  (65,4),  (34,4),  (34,2),  (61,6),  (60,6),  (60,1),  (88,1),  (116,1),  (144,1),  (172,1),  (172,7),  (199,1),  (199,6),  (198,2),  (198,6),  (227,1),  (255,1),  (283,1),  (311,1),  (338,1),  (367,1),  (394,6),  (422,6),  (421,1),  (449,1),  (532,3),  (532,5), 


[Timing] Time passed: 139.829401 s

Posterior Probability: -690.8728561
Agreement with demo: 9.5%
Current angular diffs: 89'

Selected number of demos: 104

-- Positive Demos --
 (54,1),  (83,1),  (111,1),  (139,6),  (138,6),  (166,6),  (193,6),  (219,6),  (218,6),  (247,1),  (275,1),  (303,1),  (331,1),  (358,1),  (387,1),  (414,6),  (443,6),  (442,1),  (470,1),  (498,6),  (526,6),  (524,2),  (523,2),  (549,2),  (549,4),  (521,2),  (520,2),  (519,2),  (519,0),  (518,0),  (490,4),  (434,4),  (433,0),  (403,2),  (374,0),  (374,5),  (346,5),  (347,5),  (320,5),  (293,5),  (266,5),  (267,5),  (239,0),  (210,5),  (211,5),  (184,5),  (156,0),  (128,4),  (100,4),  (71,4),  (69,4),  (40,0),  (12,0),  (12,2),  (11,6),  (39,6),  (38,2),  (66,6),  (65,4),  (34,4),  (34,2),  (61,6),  (60,6),  (60,1),  (88,1),  (116,1),  (144,1),  (172,1),  (172,7),  (199,1),  (199,6),  (198,2),  (198,6),  (227,1),  (255,1),  (283,1),  (311,1),  (338,1),  (367,1),  (394,6),  (422,6),  (421,1),  (449,1),  (532,3),  (532,5), 


[Timing] Time passed: 141.015806 s

Posterior Probability: -293.38185
Agreement with demo: 8.8%
Current angular diffs: 96'

Selected number of demos: 39

-- Positive Demos --
 (111,1),  (166,6),  (219,6),  (247,1),  (358,1),  (387,1),  (442,1),  (498,6),  (526,6),  (549,2),  (521,2),  (519,2),  (434,4),  (433,0),  (347,5),  (293,5),  (266,5),  (184,5),  (156,0),  (128,4),  (100,4),  (69,4),  (11,6),  (66,6),  (34,4),  (34,2),  (60,6),  (88,1),  (172,7),  (199,6),  (255,1),  (311,1),  (338,1),  (394,6),  (532,3),  (532,5), 


[Timing] Time passed: 112.965405 s

Posterior Probability: -81.81491612
Agreement with demo: 7.5%
Current angular diffs: 86'

-----------------------------
Avg angular diffs: 77'
-- learned weights --
Feature Weights: -0.62125, 0.00875, -0.335, -0.1, 
