processing file :../birl_data/64_12_4_objects.txt

Initializing gridworld of size 32 by 24..
    Num states: 768
    Num actions: 8

Total number of demos: 130

Total number of good demos: 94

Selected number of demos: 94

-- Positive Demos --
 (651,3),  (652,7),  (655,1), 


 - [Timing] Time passed: 82.333591 s
- Current feature weights:-0.001914893617, -0.002904255319, -0.002265957447, -0.0001
 - Posterior Probability: -6.23832
 - Agreement with demo: 0%
 - Current angular diffs: 45'

-- Positive Demos --
 (657,1), 


 - [Timing] Time passed: 79.305269 s
- Current feature weights:-0.001946808511, -0.002468085106, -0.00320212766, -0.0001
 - Posterior Probability: -2.07944
 - Agreement with demo: 100%
 - Current angular diffs: 0'

-- Positive Demos --
 (658,7),  (660,1), 


 - [Timing] Time passed: 99.754554 s
- Current feature weights:-0.003265957447, -0.004085106383, -0.007585106383, -0.0001
 - Posterior Probability: -4.15888
 - Agreement with demo: 0%
 - Current angular diffs: 67.5'

-- Positive Demos --
 (662,0), 


 - [Timing] Time passed: 102.414928 s
- Current feature weights:-0.003925531915, -0.004893617021, -0.009776595745, -0.0001
 - Posterior Probability: -1.94591
 - Agreement with demo: 0%
 - Current angular diffs: 45'

-- Positive Demos --
 (667,3), 


 - [Timing] Time passed: 98.89403 s
- Current feature weights:-0.004585106383, -0.00570212766, -0.01196808511, -0.0001
 - Posterior Probability: -1.38629
 - Agreement with demo: 0%
 - Current angular diffs: 135'

-- Positive Demos --
 (671,3),  (669,3),  (678,3), 


 - [Timing] Time passed: 89.645746 s
- Current feature weights:-0.006563829787, -0.008127659574, -0.01854255319, -0.0001
 - Posterior Probability: -5.95064
 - Agreement with demo: 33.3333%
 - Current angular diffs: 60'

-- Positive Demos --
 (683,3), 


 - [Timing] Time passed: 93.94273 s
- Current feature weights:-0.007223404255, -0.008936170213, -0.02073404255, -0.0001
 - Posterior Probability: -1.79176
 - Agreement with demo: 0%
 - Current angular diffs: 180'

-- Positive Demos --
 (715,3),  (723,3),  (724,3),  (727,3), 


 - [Timing] Time passed: 84.010288 s
- Current feature weights:-0.005138297872, -0.01514893617, -0.02911702128, -0.0001
 - Posterior Probability: -8.31777
 - Agreement with demo: 0%
 - Current angular diffs: 90'

-- Positive Demos --
 (722,5),  (707,5),  (687,5),  (649,5),  (632,5),  (627,5), 


 - [Timing] Time passed: 123.600639 s
- Current feature weights:-0.006734042553, -0.01642553191, -0.04615957447, -0.0001
 - Posterior Probability: -12.4766
 - Agreement with demo: 16.6667%
 - Current angular diffs: 75'

-- Positive Demos --
 (620,5),  (614,3),  (617,3),  (621,3), 


 - [Timing] Time passed: 67.11622 s
- Current feature weights:-0.00779787234, -0.01727659574, -0.0575212766, -0.0001
 - Posterior Probability: -8.29993
 - Agreement with demo: 0%
 - Current angular diffs: 112.5'

-- Positive Demos --
 (626,3),  (625,3),  (615,5),  (602,3),  (592,5), 


 - [Timing] Time passed: 107.129529 s
- Current feature weights:-0.009127659574, -0.01834042553, -0.07172340426, -0.0001
 - Posterior Probability: -9.97673
 - Agreement with demo: 20%
 - Current angular diffs: 90'

-- Positive Demos --
 (577,5), 


 - [Timing] Time passed: 122.517105 s
- Current feature weights:-0.01080851064, -0.01720212766, -0.07494680851, -0.0001
 - Posterior Probability: -2.07944
 - Agreement with demo: 0%
 - Current angular diffs: 135'

-- Positive Demos --
 (552,5), 


 - [Timing] Time passed: 59.217198 s
- Current feature weights:-0.0124893617, -0.01606382979, -0.07817021277, -0.0001
 - Posterior Probability: -1.16638
 - Agreement with demo: 100%
 - Current angular diffs: 0'

-- Positive Demos --
 (524,0),  (496,0),  (469,0), 


 - [Timing] Time passed: 113.745264 s
- Current feature weights:-0.01290425532, -0.01446808511, -0.08471276596, -0.0001
 - Posterior Probability: -6.23832
 - Agreement with demo: 33.3333%
 - Current angular diffs: 75'

-- Positive Demos --
 (443,0), 


 - [Timing] Time passed: 117.136833 s
- Current feature weights:-0.01454255319, -0.01342553191, -0.08569148936, -0.0001
 - Posterior Probability: -2.07944
 - Agreement with demo: 100%
 - Current angular diffs: 0'

-- Positive Demos --
 (416,4), 


 - [Timing] Time passed: 113.757542 s
- Current feature weights:-0.01708510638, -0.01270212766, -0.08506382979, -0.0001
 - Posterior Probability: -2.07944
 - Agreement with demo: 100%
 - Current angular diffs: 0'

-- Positive Demos --
 (396,4),  (383,4),  (368,4), 


 - [Timing] Time passed: 113.495216 s
- Current feature weights:-0.02458510638, -0.01257446809, -0.07884042553, -0.0001
 - Posterior Probability: -6.23832
 - Agreement with demo: 0%
 - Current angular diffs: 90'

-- Positive Demos --
 (351,2),  (340,2), 


 - [Timing] Time passed: 115.141405 s
- Current feature weights:-0.02794680851, -0.01391489362, -0.07464893617, -0.0001
 - Posterior Probability: -4.15888
 - Agreement with demo: 0%
 - Current angular diffs: 135'

-- Positive Demos --
 (334,4), 


 - [Timing] Time passed: 117.345663 s
- Current feature weights:-0.02929787234, -0.01479787234, -0.07269148936, -0.0001
 - Posterior Probability: -2.07944
 - Agreement with demo: 0%
 - Current angular diffs: 45'

-- Positive Demos --
 (324,4),  (311,2), 


 - [Timing] Time passed: 108.139215 s
- Current feature weights:-0.03214893617, -0.01886170213, -0.06815957447, -0.0001
 - Posterior Probability: -4.15888
 - Agreement with demo: 0%
 - Current angular diffs: 90'

-- Positive Demos --
 (309,2),  (318,2),  (328,2),  (331,2),  (327,2),  (323,2), 


 - [Timing] Time passed: 93.832127 s
- Current feature weights:-0.04217021277, -0.0290106383, -0.05603191489, -0.0001
 - Posterior Probability: -12.4766
 - Agreement with demo: 0%
 - Current angular diffs: 97.5'

-- Positive Demos --
 (329,6), 


 - [Timing] Time passed: 84.805728 s
- Current feature weights:-0.04268085106, -0.03173404255, -0.05294680851, -0.0001
 - Posterior Probability: -2.07944
 - Agreement with demo: 0%
 - Current angular diffs: 90'

-- Positive Demos --
 (350,6),  (372,6),  (384,2),  (413,6),  (431,2), 


 - [Timing] Time passed: 87.115784 s
- Current feature weights:-0.05246808511, -0.04726595745, -0.04837234043, -0.0001
 - Posterior Probability: -10.3972
 - Agreement with demo: 20%
 - Current angular diffs: 81'

-- Positive Demos --
 (433,2),  (430,2),  (423,4),  (410,4), 


 - [Timing] Time passed: 87.741647 s
- Current feature weights:-0.05570212766, -0.06386170213, -0.04292553191, -0.0001
 - Posterior Probability: -8.31777
 - Agreement with demo: 0%
 - Current angular diffs: 101.25'

-- Positive Demos --
 (374,0), 


 - [Timing] Time passed: 86.322538 s
- Current feature weights:-0.05682978723, -0.06793617021, -0.0435106383, -0.0001
 - Posterior Probability: -2.07944
 - Agreement with demo: 0%
 - Current angular diffs: 180'

-- Positive Demos --
 (343,0),  (306,0),  (266,0), 


 - [Timing] Time passed: 83.101076 s
- Current feature weights:-0.05877659574, -0.07942553191, -0.04258510638, -0.0001
 - Posterior Probability: -6.23832
 - Agreement with demo: 0%
 - Current angular diffs: 90'

-- Positive Demos --
 (229,0),  (196,0), 


 - [Timing] Time passed: 88.193541 s
- Current feature weights:-0.06069148936, -0.08921276596, -0.04267021277, -0.0001
 - Posterior Probability: -4.15888
 - Agreement with demo: 0%
 - Current angular diffs: 157.5'

-- Positive Demos --
 (167,5), 


 - [Timing] Time passed: 81.248665 s
- Current feature weights:-0.06164893617, -0.09410638298, -0.04271276596, -0.0001
 - Posterior Probability: -0.715661
 - Agreement with demo: 0%
 - Current angular diffs: 45'

-- Positive Demos --
 (123,5), 


 - [Timing] Time passed: 97.92109 s
- Current feature weights:-0.06524468085, -0.100787234, -0.04384042553, -0.0001
 - Posterior Probability: -2.07944
 - Agreement with demo: 0%
 - Current angular diffs: 45'

-- Positive Demos --
 (112,3), 


 - [Timing] Time passed: 80.729913 s
- Current feature weights:-0.06884042553, -0.1074680851, -0.04496808511, -0.0001
 - Posterior Probability: -1.79176
 - Agreement with demo: 0%
 - Current angular diffs: 45'

-- Positive Demos --
 (100,3),  (94,3),  (99,3),  (102,3),  (104,3), 


 - [Timing] Time passed: 79.997433 s
- Current feature weights:-0.08681914894, -0.1408723404, -0.05060638298, -0.0001
 - Posterior Probability: -10.2637
 - Agreement with demo: 20%
 - Current angular diffs: 81'

-- Positive Demos --
 (113,3), 


 - [Timing] Time passed: 95.641104 s
- Current feature weights:-0.09045744681, -0.1493617021, -0.05028723404, -0.0001
 - Posterior Probability: -2.07944
 - Agreement with demo: 0%
 - Current angular diffs: 90'

-- Positive Demos --
 (146,3),  (156,7),  (172,7),  (185,3),  (192,5), 


 - [Timing] Time passed: 122.098411 s
- Current feature weights:-0.1138085106, -0.1985106383, -0.04640425532, -0.0001
 - Posterior Probability: -10.3972
 - Agreement with demo: 0%
 - Current angular diffs: 81'

-- Positive Demos --
 (184,0), 


 - [Timing] Time passed: 113.469642 s
- Current feature weights:-0.1176702128, -0.2098404255, -0.0450212766, -0.0001
 - Posterior Probability: -2.07944
 - Agreement with demo: 0%
 - Current angular diffs: 45'

-- Positive Demos --
 (160,0),  (130,5),  (108,5), 


 - [Timing] Time passed: 111.409577 s
- Current feature weights:-0.129606383, -0.2475, -0.03806382979, -0.0001
 - Posterior Probability: -6.23832
 - Agreement with demo: 33.3333%
 - Current angular diffs: 60'

-----------------------------
Avg angular diffs: 76.117'
Total agreement with demo: 11.7021%
-- learned weights --
Final feature weights:-0.129606, -0.2475, -0.0380638, -0.0001
