loading features...

Initializing gridworld of size 28 by 22..
    Num states: 616
    Num actions: 8

-- Positive Demos --
 (506,4),  (506,7),  (507,3),  (508,3),  (510,3),  (511,3),  (512,3),  (514,3),  (515,3),  (517,3),  (519,3),  (520,3),  (521,3),  (495,3),  (496,3),  (497,5),  (470,5),  (471,5),  (444,5),  (415,0),  (388,4),  (359,4),  (358,4),  (330,2),  (329,2),  (300,2),  (299,2),  (297,2),  (268,2),  (266,2),  (265,2),  (235,2),  (234,2),  (232,2),  (202,2),  (201,4),  (199,4),  (172,4),  (143,4),  (142,4),  (113,0),  (86,5),  (58,3),  (59,3),  (60,3),  (62,3),  (34,3),  (36,3),  (37,3),  (39,3),  (40,3),  (42,3),  (43,3),  (45,3),  (46,3),  (47,3),  (49,3),  (50,3),  (52,3),  (53,7),  (53,2),  (53,3),  (53,1),  (82,1),  (82,7),  (82,5),  (82,0), 


[Timing] Time passed: 157.947082 s

Posterior Probability: -240.9454831
Agreement with demo: 10%
Avg angular diffs: 93'

-- Positive Demos --
 (506,4),  (506,7),  (507,3),  (508,3),  (510,3),  (511,3),  (512,3),  (514,3),  (515,3),  (517,3),  (519,3),  (520,3),  (521,3),  (495,3),  (496,3),  (497,5),  (470,5),  (471,5),  (444,5),  (415,0),  (388,4),  (359,4),  (358,4),  (330,2),  (329,2),  (300,2),  (299,2),  (297,2),  (268,2),  (266,2),  (265,2),  (235,2),  (234,2),  (232,2),  (202,2),  (201,4),  (199,4),  (172,4),  (143,4),  (142,4),  (113,0),  (86,5),  (58,3),  (59,3),  (60,3),  (62,3),  (34,3),  (36,3),  (37,3),  (39,3),  (40,3),  (42,3),  (43,3),  (45,3),  (46,3),  (47,3),  (49,3),  (50,3),  (52,3),  (53,7),  (53,2),  (53,3),  (53,1),  (82,1),  (82,7),  (82,5),  (82,0), 


[Timing] Time passed: 172.597456 s

Posterior Probability: -1068.626385
Agreement with demo: 14%
Avg angular diffs: 80'

-- Positive Demos --
 (506,4),  (506,7),  (507,3),  (508,3),  (510,3),  (511,3),  (512,3),  (514,3),  (515,3),  (517,3),  (519,3),  (520,3),  (521,3),  (495,3),  (496,3),  (497,5),  (470,5),  (471,5),  (444,5),  (415,0),  (388,4),  (359,4),  (358,4),  (330,2),  (329,2),  (300,2),  (299,2),  (297,2),  (268,2),  (266,2),  (265,2),  (235,2),  (234,2),  (232,2),  (202,2),  (201,4),  (199,4),  (172,4),  (143,4),  (142,4),  (113,0),  (86,5),  (58,3),  (59,3),  (60,3),  (62,3),  (34,3),  (36,3),  (37,3),  (39,3),  (40,3),  (42,3),  (43,3),  (45,3),  (46,3),  (47,3),  (49,3),  (50,3),  (52,3),  (53,7),  (53,2),  (53,3),  (53,1),  (82,1),  (82,7),  (82,5),  (82,0), 


[Timing] Time passed: 179.146323 s

Posterior Probability: -1368.100257
Agreement with demo: 13%
Avg angular diffs: 79'

-- Positive Demos --
 (506,4),  (506,7),  (507,3),  (508,3),  (510,3),  (511,3),  (512,3),  (514,3),  (515,3),  (517,3),  (519,3),  (520,3),  (521,3),  (495,3),  (496,3),  (497,5),  (470,5),  (471,5),  (444,5),  (415,0),  (388,4),  (359,4),  (358,4),  (330,2),  (329,2),  (300,2),  (299,2),  (297,2),  (268,2),  (266,2),  (265,2),  (235,2),  (234,2),  (232,2),  (202,2),  (201,4),  (199,4),  (172,4),  (143,4),  (142,4),  (113,0),  (86,5),  (58,3),  (59,3),  (60,3),  (62,3),  (34,3),  (36,3),  (37,3),  (39,3),  (40,3),  (42,3),  (43,3),  (45,3),  (46,3),  (47,3),  (49,3),  (50,3),  (52,3),  (53,7),  (53,2),  (53,3),  (53,1),  (82,1),  (82,7),  (82,5),  (82,0), 


[Timing] Time passed: 172.736745 s

Posterior Probability: -635.3720719
Agreement with demo: 7.7%
Avg angular diffs: 89'

-- Positive Demos --
 (506,4),  (506,7),  (507,3),  (508,3),  (510,3),  (511,3),  (512,3),  (514,3),  (515,3),  (517,3),  (519,3),  (520,3),  (521,3),  (495,3),  (496,3),  (497,5),  (470,5),  (471,5),  (444,5),  (415,0),  (388,4),  (359,4),  (358,4),  (330,2),  (329,2),  (300,2),  (299,2),  (297,2),  (268,2),  (266,2),  (265,2),  (235,2),  (234,2),  (232,2),  (202,2),  (201,4),  (199,4),  (172,4),  (143,4),  (142,4),  (113,0),  (86,5),  (58,3),  (59,3),  (60,3),  (62,3),  (34,3),  (36,3),  (37,3),  (39,3),  (40,3),  (42,3),  (43,3),  (45,3),  (46,3),  (47,3),  (49,3),  (50,3),  (52,3),  (53,7),  (53,2),  (53,3),  (53,1),  (82,1),  (82,7),  (82,5),  (82,0), 


[Timing] Time passed: 160.636839 s

Posterior Probability: -258.6458119
Agreement with demo: 7.7%
Avg angular diffs: 93'

-- Positive Demos --
 (506,4),  (506,7),  (507,3),  (508,3),  (510,3),  (511,3),  (512,3),  (514,3),  (515,3),  (517,3),  (519,3),  (520,3),  (521,3),  (495,3),  (496,3),  (497,5),  (470,5),  (471,5),  (444,5),  (415,0),  (388,4),  (359,4),  (358,4),  (330,2),  (329,2),  (300,2),  (299,2),  (297,2),  (268,2),  (266,2),  (265,2),  (235,2),  (234,2),  (232,2),  (202,2),  (201,4),  (199,4),  (172,4),  (143,4),  (142,4),  (113,0),  (86,5),  (58,3),  (59,3),  (60,3),  (62,3),  (34,3),  (36,3),  (37,3),  (39,3),  (40,3),  (42,3),  (43,3),  (45,3),  (46,3),  (47,3),  (49,3),  (50,3),  (52,3),  (53,7),  (53,2),  (53,3),  (53,1),  (82,1),  (82,7),  (82,5),  (82,0), 


[Timing] Time passed: 173.432992 s

Posterior Probability: -632.2953447
Agreement with demo: 14%
Avg angular diffs: 82'

-- Positive Demos --
 (506,4),  (506,7),  (507,3),  (508,3),  (510,3),  (511,3),  (512,3),  (514,3),  (515,3),  (517,3),  (519,3),  (520,3),  (521,3),  (495,3),  (496,3),  (497,5),  (470,5),  (471,5),  (444,5),  (415,0),  (388,4),  (359,4),  (358,4),  (330,2),  (329,2),  (300,2),  (299,2),  (297,2),  (268,2),  (266,2),  (265,2),  (235,2),  (234,2),  (232,2),  (202,2),  (201,4),  (199,4),  (172,4),  (143,4),  (142,4),  (113,0),  (86,5),  (58,3),  (59,3),  (60,3),  (62,3),  (34,3),  (36,3),  (37,3),  (39,3),  (40,3),  (42,3),  (43,3),  (45,3),  (46,3),  (47,3),  (49,3),  (50,3),  (52,3),  (53,7),  (53,2),  (53,3),  (53,1),  (82,1),  (82,7),  (82,5),  (82,0), 


[Timing] Time passed: 169.839762 s

Posterior Probability: -729.6666063
Agreement with demo: 3.8%
Avg angular diffs: 88'

-- Positive Demos --
 (506,4),  (506,7),  (507,3),  (508,3),  (510,3),  (511,3),  (512,3),  (514,3),  (515,3),  (517,3),  (519,3),  (520,3),  (521,3),  (495,3),  (496,3),  (497,5),  (470,5),  (471,5),  (444,5),  (415,0),  (388,4),  (359,4),  (358,4),  (330,2),  (329,2),  (300,2),  (299,2),  (297,2),  (268,2),  (266,2),  (265,2),  (235,2),  (234,2),  (232,2),  (202,2),  (201,4),  (199,4),  (172,4),  (143,4),  (142,4),  (113,0),  (86,5),  (58,3),  (59,3),  (60,3),  (62,3),  (34,3),  (36,3),  (37,3),  (39,3),  (40,3),  (42,3),  (43,3),  (45,3),  (46,3),  (47,3),  (49,3),  (50,3),  (52,3),  (53,7),  (53,2),  (53,3),  (53,1),  (82,1),  (82,7),  (82,5),  (82,0), 


[Timing] Time passed: 177.157423 s

Posterior Probability: -821.3508508
Agreement with demo: 15%
Avg angular diffs: 73'

-- Positive Demos --
 (506,4),  (506,7),  (507,3),  (508,3),  (510,3),  (511,3),  (512,3),  (514,3),  (515,3),  (517,3),  (519,3),  (520,3),  (521,3),  (495,3),  (496,3),  (497,5),  (470,5),  (471,5),  (444,5),  (415,0),  (388,4),  (359,4),  (358,4),  (330,2),  (329,2),  (300,2),  (299,2),  (297,2),  (268,2),  (266,2),  (265,2),  (235,2),  (234,2),  (232,2),  (202,2),  (201,4),  (199,4),  (172,4),  (143,4),  (142,4),  (113,0),  (86,5),  (58,3),  (59,3),  (60,3),  (62,3),  (34,3),  (36,3),  (37,3),  (39,3),  (40,3),  (42,3),  (43,3),  (45,3),  (46,3),  (47,3),  (49,3),  (50,3),  (52,3),  (53,7),  (53,2),  (53,3),  (53,1),  (82,1),  (82,7),  (82,5),  (82,0), 


[Timing] Time passed: 160.755321 s

Posterior Probability: -264.5099823
Agreement with demo: 9%
Avg angular diffs: 87'

-- Positive Demos --
 (506,4),  (506,7),  (507,3),  (508,3),  (510,3),  (511,3),  (512,3),  (514,3),  (515,3),  (517,3),  (519,3),  (520,3),  (521,3),  (495,3),  (496,3),  (497,5),  (470,5),  (471,5),  (444,5),  (415,0),  (388,4),  (359,4),  (358,4),  (330,2),  (329,2),  (300,2),  (299,2),  (297,2),  (268,2),  (266,2),  (265,2),  (235,2),  (234,2),  (232,2),  (202,2),  (201,4),  (199,4),  (172,4),  (143,4),  (142,4),  (113,0),  (86,5),  (58,3),  (59,3),  (60,3),  (62,3),  (34,3),  (36,3),  (37,3),  (39,3),  (40,3),  (42,3),  (43,3),  (45,3),  (46,3),  (47,3),  (49,3),  (50,3),  (52,3),  (53,7),  (53,2),  (53,3),  (53,1),  (82,1),  (82,7),  (82,5),  (82,0), 


[Timing] Time passed: 160.519422 s

Posterior Probability: -346.8958977
Agreement with demo: 10%
Avg angular diffs: 84'

-- Positive Demos --
 (506,4),  (506,7),  (507,3),  (508,3),  (510,3),  (511,3),  (512,3),  (514,3),  (515,3),  (517,3),  (519,3),  (520,3),  (521,3),  (495,3),  (496,3),  (497,5),  (470,5),  (471,5),  (444,5),  (415,0),  (388,4),  (359,4),  (358,4),  (330,2),  (329,2),  (300,2),  (299,2),  (297,2),  (268,2),  (266,2),  (265,2),  (235,2),  (234,2),  (232,2),  (202,2),  (201,4),  (199,4),  (172,4),  (143,4),  (142,4),  (113,0),  (86,5),  (58,3),  (59,3),  (60,3),  (62,3),  (34,3),  (36,3),  (37,3),  (39,3),  (40,3),  (42,3),  (43,3),  (45,3),  (46,3),  (47,3),  (49,3),  (50,3),  (52,3),  (53,7),  (53,2),  (53,3),  (53,1),  (82,1),  (82,7),  (82,5),  (82,0), 


[Timing] Time passed: 161.018171 s

Posterior Probability: -365.3081051
Agreement with demo: 5.1%
Avg angular diffs: 96'

-- Positive Demos --
 (506,4),  (506,7),  (507,3),  (508,3),  (510,3),  (511,3),  (512,3),  (514,3),  (515,3),  (517,3),  (519,3),  (520,3),  (521,3),  (495,3),  (496,3),  (497,5),  (470,5),  (471,5),  (444,5),  (415,0),  (388,4),  (359,4),  (358,4),  (330,2),  (329,2),  (300,2),  (299,2),  (297,2),  (268,2),  (266,2),  (265,2),  (235,2),  (234,2),  (232,2),  (202,2),  (201,4),  (199,4),  (172,4),  (143,4),  (142,4),  (113,0),  (86,5),  (58,3),  (59,3),  (60,3),  (62,3),  (34,3),  (36,3),  (37,3),  (39,3),  (40,3),  (42,3),  (43,3),  (45,3),  (46,3),  (47,3),  (49,3),  (50,3),  (52,3),  (53,7),  (53,2),  (53,3),  (53,1),  (82,1),  (82,7),  (82,5),  (82,0), 


[Timing] Time passed: 178.938441 s

Posterior Probability: -1046.687321
Agreement with demo: 9%
Avg angular diffs: 91'

-- Positive Demos --
 (506,4),  (506,7),  (507,3),  (508,3),  (510,3),  (511,3),  (512,3),  (514,3),  (515,3),  (517,3),  (519,3),  (520,3),  (521,3),  (495,3),  (496,3),  (497,5),  (470,5),  (471,5),  (444,5),  (415,0),  (388,4),  (359,4),  (358,4),  (330,2),  (329,2),  (300,2),  (299,2),  (297,2),  (268,2),  (266,2),  (265,2),  (235,2),  (234,2),  (232,2),  (202,2),  (201,4),  (199,4),  (172,4),  (143,4),  (142,4),  (113,0),  (86,5),  (58,3),  (59,3),  (60,3),  (62,3),  (34,3),  (36,3),  (37,3),  (39,3),  (40,3),  (42,3),  (43,3),  (45,3),  (46,3),  (47,3),  (49,3),  (50,3),  (52,3),  (53,7),  (53,2),  (53,3),  (53,1),  (82,1),  (82,7),  (82,5),  (82,0), 


[Timing] Time passed: 166.541653 s

Posterior Probability: -411.3194756
Agreement with demo: 12%
Avg angular diffs: 91'

-- Positive Demos --
 (506,4),  (506,7),  (507,3),  (508,3),  (510,3),  (511,3),  (512,3),  (514,3),  (515,3),  (517,3),  (519,3),  (520,3),  (521,3),  (495,3),  (496,3),  (497,5),  (470,5),  (471,5),  (444,5),  (415,0),  (388,4),  (359,4),  (358,4),  (330,2),  (329,2),  (300,2),  (299,2),  (297,2),  (268,2),  (266,2),  (265,2),  (235,2),  (234,2),  (232,2),  (202,2),  (201,4),  (199,4),  (172,4),  (143,4),  (142,4),  (113,0),  (86,5),  (58,3),  (59,3),  (60,3),  (62,3),  (34,3),  (36,3),  (37,3),  (39,3),  (40,3),  (42,3),  (43,3),  (45,3),  (46,3),  (47,3),  (49,3),  (50,3),  (52,3),  (53,7),  (53,2),  (53,3),  (53,1),  (82,1),  (82,7),  (82,5),  (82,0), 


[Timing] Time passed: 157.172962 s

Posterior Probability: -152.9482739
Agreement with demo: 18%
Avg angular diffs: 85'

-- Positive Demos --
 (506,4),  (506,7),  (507,3),  (508,3),  (510,3),  (511,3),  (512,3),  (514,3),  (515,3),  (517,3),  (519,3),  (520,3),  (521,3),  (495,3),  (496,3),  (497,5),  (470,5),  (471,5),  (444,5),  (415,0),  (388,4),  (359,4),  (358,4),  (330,2),  (329,2),  (300,2),  (299,2),  (297,2),  (268,2),  (266,2),  (265,2),  (235,2),  (234,2),  (232,2),  (202,2),  (201,4),  (199,4),  (172,4),  (143,4),  (142,4),  (113,0),  (86,5),  (58,3),  (59,3),  (60,3),  (62,3),  (34,3),  (36,3),  (37,3),  (39,3),  (40,3),  (42,3),  (43,3),  (45,3),  (46,3),  (47,3),  (49,3),  (50,3),  (52,3),  (53,7),  (53,2),  (53,3),  (53,1),  (82,1),  (82,7),  (82,5),  (82,0), 


[Timing] Time passed: 179.514524 s

Posterior Probability: -1384.175684
Agreement with demo: 13%
Avg angular diffs: 87'

-- Positive Demos --
 (506,4),  (506,7),  (507,3),  (508,3),  (510,3),  (511,3),  (512,3),  (514,3),  (515,3),  (517,3),  (519,3),  (520,3),  (521,3),  (495,3),  (496,3),  (497,5),  (470,5),  (471,5),  (444,5),  (415,0),  (388,4),  (359,4),  (358,4),  (330,2),  (329,2),  (300,2),  (299,2),  (297,2),  (268,2),  (266,2),  (265,2),  (235,2),  (234,2),  (232,2),  (202,2),  (201,4),  (199,4),  (172,4),  (143,4),  (142,4),  (113,0),  (86,5),  (58,3),  (59,3),  (60,3),  (62,3),  (34,3),  (36,3),  (37,3),  (39,3),  (40,3),  (42,3),  (43,3),  (45,3),  (46,3),  (47,3),  (49,3),  (50,3),  (52,3),  (53,7),  (53,2),  (53,3),  (53,1),  (82,1),  (82,7),  (82,5),  (82,0), 


[Timing] Time passed: 158.325342 s

Posterior Probability: -236.1826165
Agreement with demo: 9%
Avg angular diffs: 87'

-- Positive Demos --
 (506,4),  (506,7),  (507,3),  (508,3),  (510,3),  (511,3),  (512,3),  (514,3),  (515,3),  (517,3),  (519,3),  (520,3),  (521,3),  (495,3),  (496,3),  (497,5),  (470,5),  (471,5),  (444,5),  (415,0),  (388,4),  (359,4),  (358,4),  (330,2),  (329,2),  (300,2),  (299,2),  (297,2),  (268,2),  (266,2),  (265,2),  (235,2),  (234,2),  (232,2),  (202,2),  (201,4),  (199,4),  (172,4),  (143,4),  (142,4),  (113,0),  (86,5),  (58,3),  (59,3),  (60,3),  (62,3),  (34,3),  (36,3),  (37,3),  (39,3),  (40,3),  (42,3),  (43,3),  (45,3),  (46,3),  (47,3),  (49,3),  (50,3),  (52,3),  (53,7),  (53,2),  (53,3),  (53,1),  (82,1),  (82,7),  (82,5),  (82,0), 


[Timing] Time passed: 159.472802 s

Posterior Probability: -372.825624
Agreement with demo: 3.8%
Avg angular diffs: 88'

-- Positive Demos --
 (506,4),  (506,7),  (507,3),  (508,3),  (510,3),  (511,3),  (512,3),  (514,3),  (515,3),  (517,3),  (519,3),  (520,3),  (521,3),  (495,3),  (496,3),  (497,5),  (470,5),  (471,5),  (444,5),  (415,0),  (388,4),  (359,4),  (358,4),  (330,2),  (329,2),  (300,2),  (299,2),  (297,2),  (268,2),  (266,2),  (265,2),  (235,2),  (234,2),  (232,2),  (202,2),  (201,4),  (199,4),  (172,4),  (143,4),  (142,4),  (113,0),  (86,5),  (58,3),  (59,3),  (60,3),  (62,3),  (34,3),  (36,3),  (37,3),  (39,3),  (40,3),  (42,3),  (43,3),  (45,3),  (46,3),  (47,3),  (49,3),  (50,3),  (52,3),  (53,7),  (53,2),  (53,3),  (53,1),  (82,1),  (82,7),  (82,5),  (82,0), 


[Timing] Time passed: 174.876783 s

Posterior Probability: -977.130929
Agreement with demo: 14%
Avg angular diffs: 80'

-- Positive Demos --
 (506,4),  (506,7),  (507,3),  (508,3),  (510,3),  (511,3),  (512,3),  (514,3),  (515,3),  (517,3),  (519,3),  (520,3),  (521,3),  (495,3),  (496,3),  (497,5),  (470,5),  (471,5),  (444,5),  (415,0),  (388,4),  (359,4),  (358,4),  (330,2),  (329,2),  (300,2),  (299,2),  (297,2),  (268,2),  (266,2),  (265,2),  (235,2),  (234,2),  (232,2),  (202,2),  (201,4),  (199,4),  (172,4),  (143,4),  (142,4),  (113,0),  (86,5),  (58,3),  (59,3),  (60,3),  (62,3),  (34,3),  (36,3),  (37,3),  (39,3),  (40,3),  (42,3),  (43,3),  (45,3),  (46,3),  (47,3),  (49,3),  (50,3),  (52,3),  (53,7),  (53,2),  (53,3),  (53,1),  (82,1),  (82,7),  (82,5),  (82,0), 


[Timing] Time passed: 169.87881 s

Posterior Probability: -361.594314
Agreement with demo: 17%
Avg angular diffs: 85'

-- Positive Demos --
 (506,4),  (506,7),  (507,3),  (508,3),  (510,3),  (511,3),  (512,3),  (514,3),  (515,3),  (517,3),  (519,3),  (520,3),  (521,3),  (495,3),  (496,3),  (497,5),  (470,5),  (471,5),  (444,5),  (415,0),  (388,4),  (359,4),  (358,4),  (330,2),  (329,2),  (300,2),  (299,2),  (297,2),  (268,2),  (266,2),  (265,2),  (235,2),  (234,2),  (232,2),  (202,2),  (201,4),  (199,4),  (172,4),  (143,4),  (142,4),  (113,0),  (86,5),  (58,3),  (59,3),  (60,3),  (62,3),  (34,3),  (36,3),  (37,3),  (39,3),  (40,3),  (42,3),  (43,3),  (45,3),  (46,3),  (47,3),  (49,3),  (50,3),  (52,3),  (53,7),  (53,2),  (53,3),  (53,1),  (82,1),  (82,7),  (82,5),  (82,0), 


[Timing] Time passed: 149.977451 s

Posterior Probability: -676.7132802
Agreement with demo: 15%
Avg angular diffs: 88'
-- learned weights --
Feature Weights: -0.02275, 0.06325, -0.0745, -0.1, 
