loading features...

Initializing gridworld of size 28 by 22..
    Num states: 616
    Num actions: 8

Total number of demos: 69

Selected number of demos: 22

-- Positive Demos --
 (138,1),  (306,1),  (360,1),  (527,6),  (552,6),  (581,2),  (578,2),  (518,4),  (490,0),  (377,4),  (347,4),  (293,5),  (266,5),  (238,0),  (154,0),  (69,4),  (8,2),  (61,6),  (115,6),  (143,6),  (254,1),  (365,1), 


[Timing] Time passed: 166.232131 s

Posterior Probability: -166.0268832
Agreement with demo: 7.2%
Current angular diffs: 87'

Selected number of demos: 46

-- Positive Demos --
 (82,1),  (110,1),  (166,1),  (221,1),  (306,1),  (334,1),  (360,1),  (445,6),  (500,6),  (553,6),  (581,2),  (578,2),  (577,2),  (576,4),  (546,4),  (519,4),  (518,4),  (518,0),  (490,0),  (434,0),  (405,4),  (377,4),  (347,4),  (347,0),  (320,0),  (320,5),  (293,5),  (293,0),  (238,0),  (182,0),  (98,0),  (69,4),  (39,2),  (10,2),  (9,2),  (7,2),  (33,6),  (61,6),  (60,6),  (115,6),  (170,1),  (226,1),  (309,1),  (365,1),  (421,1),  (477,1), 


[Timing] Time passed: 167.839806 s

Posterior Probability: -758.6421731
Agreement with demo: 7.2%
Current angular diffs: 98'

Selected number of demos: 26

-- Positive Demos --
 (138,1),  (306,1),  (360,1),  (527,6),  (552,6),  (581,2),  (579,2),  (576,4),  (546,4),  (490,0),  (405,4),  (377,4),  (320,5),  (321,5),  (238,0),  (182,0),  (154,0),  (98,4),  (10,2),  (7,2),  (115,6),  (226,1),  (254,1),  (309,1),  (421,1),  (477,1), 


[Timing] Time passed: 161.863408 s

Posterior Probability: -134.692665
Agreement with demo: 9.6%
Current angular diffs: 86'

Selected number of demos: 48

-- Positive Demos --
 (82,1),  (110,1),  (138,1),  (194,1),  (278,1),  (334,1),  (360,1),  (416,1),  (445,6),  (472,1),  (500,6),  (527,6),  (553,6),  (581,2),  (579,2),  (577,2),  (576,4),  (519,4),  (518,0),  (490,0),  (462,0),  (434,0),  (405,0),  (377,4),  (347,0),  (320,0),  (321,5),  (293,5),  (266,5),  (238,0),  (182,0),  (154,0),  (98,4),  (40,4),  (10,2),  (9,2),  (8,2),  (7,2),  (33,6),  (60,6),  (115,6),  (170,1),  (254,1),  (309,1),  (336,1),  (421,1),  (449,1),  (477,1), 


[Timing] Time passed: 165.525536 s

Posterior Probability: -221.9258907
Agreement with demo: 13%
Current angular diffs: 83'

Selected number of demos: 22

-- Positive Demos --
 (166,1),  (221,1),  (278,1),  (416,1),  (445,6),  (500,6),  (553,6),  (581,2),  (546,4),  (462,0),  (347,4),  (293,5),  (266,5),  (209,0),  (69,4),  (39,2),  (10,2),  (7,2),  (6,2),  (115,6),  (309,1),  (449,1), 


[Timing] Time passed: 163.191654 s

Posterior Probability: -43.72704666
Agreement with demo: 11%
Current angular diffs: 89'

-----------------------------
Avg angular diffs: 83'
-- learned weights --
Feature Weights: -0.518, -0.0835, -0.272, -0.1, 
