loading features...

Initializing gridworld of size 28 by 22..
    Num states: 616
    Num actions: 8

-- Positive Demos --
 (533,0),  (506,5),  (506,3),  (506,7),  (533,7),  (533,6),  (533,2),  (533,3),  (533,5),  (507,3),  (534,3),  (535,3),  (536,3),  (537,3),  (538,3),  (540,3),  (570,3),  (571,3),  (573,3),  (574,3),  (576,3),  (577,3),  (578,3),  (580,3),  (581,3),  (582,3),  (583,3),  (555,5),  (556,5),  (529,5),  (502,0),  (474,0),  (446,0),  (417,4),  (389,4),  (359,2),  (358,2),  (357,2),  (356,2),  (355,2),  (354,2),  (353,2),  (352,2),  (351,2),  (350,4),  (322,4),  (293,4),  (292,4),  (263,2),  (261,2),  (260,2),  (231,4),  (230,4),  (200,2),  (199,4),  (171,4),  (170,4),  (142,4),  (142,0),  (114,0),  (86,5),  (59,5),  (61,3),  (33,3),  (34,3),  (35,3),  (36,3),  (37,3),  (38,3),  (39,3),  (13,3),  (15,3),  (17,3),  (20,3),  (22,3),  (50,3),  (51,3),  (52,3),  (52,5),  (52,7),  (52,6),  (52,4),  (52,0),  (52,1),  (52,2), 


[Timing] Time passed: 157.528752 s

Posterior Probability: -199.2762009
Agreement with demo: 11%
Avg angular diffs: 95'

-- Positive Demos --
 (533,0),  (506,5),  (506,3),  (506,7),  (533,7),  (533,6),  (533,2),  (533,3),  (533,5),  (507,3),  (534,3),  (535,3),  (536,3),  (537,3),  (538,3),  (540,3),  (570,3),  (571,3),  (573,3),  (574,3),  (576,3),  (577,3),  (578,3),  (580,3),  (581,3),  (582,3),  (583,3),  (555,5),  (556,5),  (529,5),  (502,0),  (474,0),  (446,0),  (417,4),  (389,4),  (359,2),  (358,2),  (357,2),  (356,2),  (355,2),  (354,2),  (353,2),  (352,2),  (351,2),  (350,4),  (322,4),  (293,4),  (292,4),  (263,2),  (261,2),  (260,2),  (231,4),  (230,4),  (200,2),  (199,4),  (171,4),  (170,4),  (142,4),  (142,0),  (114,0),  (86,5),  (59,5),  (61,3),  (33,3),  (34,3),  (35,3),  (36,3),  (37,3),  (38,3),  (39,3),  (13,3),  (15,3),  (17,3),  (20,3),  (22,3),  (50,3),  (51,3),  (52,3),  (52,5),  (52,7),  (52,6),  (52,4),  (52,0),  (52,1),  (52,2), 


[Timing] Time passed: 173.336938 s

Posterior Probability: -1218.295882
Agreement with demo: 8.3%
Avg angular diffs: 81'

-- Positive Demos --
 (533,0),  (506,5),  (506,3),  (506,7),  (533,7),  (533,6),  (533,2),  (533,3),  (533,5),  (507,3),  (534,3),  (535,3),  (536,3),  (537,3),  (538,3),  (540,3),  (570,3),  (571,3),  (573,3),  (574,3),  (576,3),  (577,3),  (578,3),  (580,3),  (581,3),  (582,3),  (583,3),  (555,5),  (556,5),  (529,5),  (502,0),  (474,0),  (446,0),  (417,4),  (389,4),  (359,2),  (358,2),  (357,2),  (356,2),  (355,2),  (354,2),  (353,2),  (352,2),  (351,2),  (350,4),  (322,4),  (293,4),  (292,4),  (263,2),  (261,2),  (260,2),  (231,4),  (230,4),  (200,2),  (199,4),  (171,4),  (170,4),  (142,4),  (142,0),  (114,0),  (86,5),  (59,5),  (61,3),  (33,3),  (34,3),  (35,3),  (36,3),  (37,3),  (38,3),  (39,3),  (13,3),  (15,3),  (17,3),  (20,3),  (22,3),  (50,3),  (51,3),  (52,3),  (52,5),  (52,7),  (52,6),  (52,4),  (52,0),  (52,1),  (52,2), 


[Timing] Time passed: 178.109525 s

Posterior Probability: -1386.267038
Agreement with demo: 14%
Avg angular diffs: 70'

-- Positive Demos --
 (533,0),  (506,5),  (506,3),  (506,7),  (533,7),  (533,6),  (533,2),  (533,3),  (533,5),  (507,3),  (534,3),  (535,3),  (536,3),  (537,3),  (538,3),  (540,3),  (570,3),  (571,3),  (573,3),  (574,3),  (576,3),  (577,3),  (578,3),  (580,3),  (581,3),  (582,3),  (583,3),  (555,5),  (556,5),  (529,5),  (502,0),  (474,0),  (446,0),  (417,4),  (389,4),  (359,2),  (358,2),  (357,2),  (356,2),  (355,2),  (354,2),  (353,2),  (352,2),  (351,2),  (350,4),  (322,4),  (293,4),  (292,4),  (263,2),  (261,2),  (260,2),  (231,4),  (230,4),  (200,2),  (199,4),  (171,4),  (170,4),  (142,4),  (142,0),  (114,0),  (86,5),  (59,5),  (61,3),  (33,3),  (34,3),  (35,3),  (36,3),  (37,3),  (38,3),  (39,3),  (13,3),  (15,3),  (17,3),  (20,3),  (22,3),  (50,3),  (51,3),  (52,3),  (52,5),  (52,7),  (52,6),  (52,4),  (52,0),  (52,1),  (52,2), 


[Timing] Time passed: 167.715892 s

Posterior Probability: -858.1215849
Agreement with demo: 6.4%
Avg angular diffs: 89'

-- Positive Demos --
 (533,0),  (506,5),  (506,3),  (506,7),  (533,7),  (533,6),  (533,2),  (533,3),  (533,5),  (507,3),  (534,3),  (535,3),  (536,3),  (537,3),  (538,3),  (540,3),  (570,3),  (571,3),  (573,3),  (574,3),  (576,3),  (577,3),  (578,3),  (580,3),  (581,3),  (582,3),  (583,3),  (555,5),  (556,5),  (529,5),  (502,0),  (474,0),  (446,0),  (417,4),  (389,4),  (359,2),  (358,2),  (357,2),  (356,2),  (355,2),  (354,2),  (353,2),  (352,2),  (351,2),  (350,4),  (322,4),  (293,4),  (292,4),  (263,2),  (261,2),  (260,2),  (231,4),  (230,4),  (200,2),  (199,4),  (171,4),  (170,4),  (142,4),  (142,0),  (114,0),  (86,5),  (59,5),  (61,3),  (33,3),  (34,3),  (35,3),  (36,3),  (37,3),  (38,3),  (39,3),  (13,3),  (15,3),  (17,3),  (20,3),  (22,3),  (50,3),  (51,3),  (52,3),  (52,5),  (52,7),  (52,6),  (52,4),  (52,0),  (52,1),  (52,2), 


[Timing] Time passed: 158.025977 s

Posterior Probability: -217.2209768
Agreement with demo: 13%
Avg angular diffs: 86'

-- Positive Demos --
 (533,0),  (506,5),  (506,3),  (506,7),  (533,7),  (533,6),  (533,2),  (533,3),  (533,5),  (507,3),  (534,3),  (535,3),  (536,3),  (537,3),  (538,3),  (540,3),  (570,3),  (571,3),  (573,3),  (574,3),  (576,3),  (577,3),  (578,3),  (580,3),  (581,3),  (582,3),  (583,3),  (555,5),  (556,5),  (529,5),  (502,0),  (474,0),  (446,0),  (417,4),  (389,4),  (359,2),  (358,2),  (357,2),  (356,2),  (355,2),  (354,2),  (353,2),  (352,2),  (351,2),  (350,4),  (322,4),  (293,4),  (292,4),  (263,2),  (261,2),  (260,2),  (231,4),  (230,4),  (200,2),  (199,4),  (171,4),  (170,4),  (142,4),  (142,0),  (114,0),  (86,5),  (59,5),  (61,3),  (33,3),  (34,3),  (35,3),  (36,3),  (37,3),  (38,3),  (39,3),  (13,3),  (15,3),  (17,3),  (20,3),  (22,3),  (50,3),  (51,3),  (52,3),  (52,5),  (52,7),  (52,6),  (52,4),  (52,0),  (52,1),  (52,2), 


[Timing] Time passed: 171.469317 s

Posterior Probability: -714.4409713
Agreement with demo: 10%
Avg angular diffs: 82'

-- Positive Demos --
 (533,0),  (506,5),  (506,3),  (506,7),  (533,7),  (533,6),  (533,2),  (533,3),  (533,5),  (507,3),  (534,3),  (535,3),  (536,3),  (537,3),  (538,3),  (540,3),  (570,3),  (571,3),  (573,3),  (574,3),  (576,3),  (577,3),  (578,3),  (580,3),  (581,3),  (582,3),  (583,3),  (555,5),  (556,5),  (529,5),  (502,0),  (474,0),  (446,0),  (417,4),  (389,4),  (359,2),  (358,2),  (357,2),  (356,2),  (355,2),  (354,2),  (353,2),  (352,2),  (351,2),  (350,4),  (322,4),  (293,4),  (292,4),  (263,2),  (261,2),  (260,2),  (231,4),  (230,4),  (200,2),  (199,4),  (171,4),  (170,4),  (142,4),  (142,0),  (114,0),  (86,5),  (59,5),  (61,3),  (33,3),  (34,3),  (35,3),  (36,3),  (37,3),  (38,3),  (39,3),  (13,3),  (15,3),  (17,3),  (20,3),  (22,3),  (50,3),  (51,3),  (52,3),  (52,5),  (52,7),  (52,6),  (52,4),  (52,0),  (52,1),  (52,2), 


[Timing] Time passed: 169.342146 s

Posterior Probability: -935.3631966
Agreement with demo: 5.5%
Avg angular diffs: 92'

-- Positive Demos --
 (533,0),  (506,5),  (506,3),  (506,7),  (533,7),  (533,6),  (533,2),  (533,3),  (533,5),  (507,3),  (534,3),  (535,3),  (536,3),  (537,3),  (538,3),  (540,3),  (570,3),  (571,3),  (573,3),  (574,3),  (576,3),  (577,3),  (578,3),  (580,3),  (581,3),  (582,3),  (583,3),  (555,5),  (556,5),  (529,5),  (502,0),  (474,0),  (446,0),  (417,4),  (389,4),  (359,2),  (358,2),  (357,2),  (356,2),  (355,2),  (354,2),  (353,2),  (352,2),  (351,2),  (350,4),  (322,4),  (293,4),  (292,4),  (263,2),  (261,2),  (260,2),  (231,4),  (230,4),  (200,2),  (199,4),  (171,4),  (170,4),  (142,4),  (142,0),  (114,0),  (86,5),  (59,5),  (61,3),  (33,3),  (34,3),  (35,3),  (36,3),  (37,3),  (38,3),  (39,3),  (13,3),  (15,3),  (17,3),  (20,3),  (22,3),  (50,3),  (51,3),  (52,3),  (52,5),  (52,7),  (52,6),  (52,4),  (52,0),  (52,1),  (52,2), 


[Timing] Time passed: 172.419633 s

Posterior Probability: -944.3827538
Agreement with demo: 9.2%
Avg angular diffs: 66'

-- Positive Demos --
 (533,0),  (506,5),  (506,3),  (506,7),  (533,7),  (533,6),  (533,2),  (533,3),  (533,5),  (507,3),  (534,3),  (535,3),  (536,3),  (537,3),  (538,3),  (540,3),  (570,3),  (571,3),  (573,3),  (574,3),  (576,3),  (577,3),  (578,3),  (580,3),  (581,3),  (582,3),  (583,3),  (555,5),  (556,5),  (529,5),  (502,0),  (474,0),  (446,0),  (417,4),  (389,4),  (359,2),  (358,2),  (357,2),  (356,2),  (355,2),  (354,2),  (353,2),  (352,2),  (351,2),  (350,4),  (322,4),  (293,4),  (292,4),  (263,2),  (261,2),  (260,2),  (231,4),  (230,4),  (200,2),  (199,4),  (171,4),  (170,4),  (142,4),  (142,0),  (114,0),  (86,5),  (59,5),  (61,3),  (33,3),  (34,3),  (35,3),  (36,3),  (37,3),  (38,3),  (39,3),  (13,3),  (15,3),  (17,3),  (20,3),  (22,3),  (50,3),  (51,3),  (52,3),  (52,5),  (52,7),  (52,6),  (52,4),  (52,0),  (52,1),  (52,2), 


[Timing] Time passed: 157.036517 s

Posterior Probability: -173.5009633
Agreement with demo: 13%
Avg angular diffs: 84'

-- Positive Demos --
 (533,0),  (506,5),  (506,3),  (506,7),  (533,7),  (533,6),  (533,2),  (533,3),  (533,5),  (507,3),  (534,3),  (535,3),  (536,3),  (537,3),  (538,3),  (540,3),  (570,3),  (571,3),  (573,3),  (574,3),  (576,3),  (577,3),  (578,3),  (580,3),  (581,3),  (582,3),  (583,3),  (555,5),  (556,5),  (529,5),  (502,0),  (474,0),  (446,0),  (417,4),  (389,4),  (359,2),  (358,2),  (357,2),  (356,2),  (355,2),  (354,2),  (353,2),  (352,2),  (351,2),  (350,4),  (322,4),  (293,4),  (292,4),  (263,2),  (261,2),  (260,2),  (231,4),  (230,4),  (200,2),  (199,4),  (171,4),  (170,4),  (142,4),  (142,0),  (114,0),  (86,5),  (59,5),  (61,3),  (33,3),  (34,3),  (35,3),  (36,3),  (37,3),  (38,3),  (39,3),  (13,3),  (15,3),  (17,3),  (20,3),  (22,3),  (50,3),  (51,3),  (52,3),  (52,5),  (52,7),  (52,6),  (52,4),  (52,0),  (52,1),  (52,2), 


[Timing] Time passed: 156.844224 s

Posterior Probability: -272.0716863
Agreement with demo: 7.3%
Avg angular diffs: 1e+02'

-- Positive Demos --
 (533,0),  (506,5),  (506,3),  (506,7),  (533,7),  (533,6),  (533,2),  (533,3),  (533,5),  (507,3),  (534,3),  (535,3),  (536,3),  (537,3),  (538,3),  (540,3),  (570,3),  (571,3),  (573,3),  (574,3),  (576,3),  (577,3),  (578,3),  (580,3),  (581,3),  (582,3),  (583,3),  (555,5),  (556,5),  (529,5),  (502,0),  (474,0),  (446,0),  (417,4),  (389,4),  (359,2),  (358,2),  (357,2),  (356,2),  (355,2),  (354,2),  (353,2),  (352,2),  (351,2),  (350,4),  (322,4),  (293,4),  (292,4),  (263,2),  (261,2),  (260,2),  (231,4),  (230,4),  (200,2),  (199,4),  (171,4),  (170,4),  (142,4),  (142,0),  (114,0),  (86,5),  (59,5),  (61,3),  (33,3),  (34,3),  (35,3),  (36,3),  (37,3),  (38,3),  (39,3),  (13,3),  (15,3),  (17,3),  (20,3),  (22,3),  (50,3),  (51,3),  (52,3),  (52,5),  (52,7),  (52,6),  (52,4),  (52,0),  (52,1),  (52,2), 


[Timing] Time passed: 154.590983 s

Posterior Probability: -277.7413621
Agreement with demo: 15%
Avg angular diffs: 90'

-- Positive Demos --
 (533,0),  (506,5),  (506,3),  (506,7),  (533,7),  (533,6),  (533,2),  (533,3),  (533,5),  (507,3),  (534,3),  (535,3),  (536,3),  (537,3),  (538,3),  (540,3),  (570,3),  (571,3),  (573,3),  (574,3),  (576,3),  (577,3),  (578,3),  (580,3),  (581,3),  (582,3),  (583,3),  (555,5),  (556,5),  (529,5),  (502,0),  (474,0),  (446,0),  (417,4),  (389,4),  (359,2),  (358,2),  (357,2),  (356,2),  (355,2),  (354,2),  (353,2),  (352,2),  (351,2),  (350,4),  (322,4),  (293,4),  (292,4),  (263,2),  (261,2),  (260,2),  (231,4),  (230,4),  (200,2),  (199,4),  (171,4),  (170,4),  (142,4),  (142,0),  (114,0),  (86,5),  (59,5),  (61,3),  (33,3),  (34,3),  (35,3),  (36,3),  (37,3),  (38,3),  (39,3),  (13,3),  (15,3),  (17,3),  (20,3),  (22,3),  (50,3),  (51,3),  (52,3),  (52,5),  (52,7),  (52,6),  (52,4),  (52,0),  (52,1),  (52,2), 


[Timing] Time passed: 173.694584 s

Posterior Probability: -1212.451376
Agreement with demo: 8.3%
Avg angular diffs: 85'

-- Positive Demos --
 (533,0),  (506,5),  (506,3),  (506,7),  (533,7),  (533,6),  (533,2),  (533,3),  (533,5),  (507,3),  (534,3),  (535,3),  (536,3),  (537,3),  (538,3),  (540,3),  (570,3),  (571,3),  (573,3),  (574,3),  (576,3),  (577,3),  (578,3),  (580,3),  (581,3),  (582,3),  (583,3),  (555,5),  (556,5),  (529,5),  (502,0),  (474,0),  (446,0),  (417,4),  (389,4),  (359,2),  (358,2),  (357,2),  (356,2),  (355,2),  (354,2),  (353,2),  (352,2),  (351,2),  (350,4),  (322,4),  (293,4),  (292,4),  (263,2),  (261,2),  (260,2),  (231,4),  (230,4),  (200,2),  (199,4),  (171,4),  (170,4),  (142,4),  (142,0),  (114,0),  (86,5),  (59,5),  (61,3),  (33,3),  (34,3),  (35,3),  (36,3),  (37,3),  (38,3),  (39,3),  (13,3),  (15,3),  (17,3),  (20,3),  (22,3),  (50,3),  (51,3),  (52,3),  (52,5),  (52,7),  (52,6),  (52,4),  (52,0),  (52,1),  (52,2), 


[Timing] Time passed: 162.21975 s

Posterior Probability: -479.9436956
Agreement with demo: 9.2%
Avg angular diffs: 86'

-- Positive Demos --
 (533,0),  (506,5),  (506,3),  (506,7),  (533,7),  (533,6),  (533,2),  (533,3),  (533,5),  (507,3),  (534,3),  (535,3),  (536,3),  (537,3),  (538,3),  (540,3),  (570,3),  (571,3),  (573,3),  (574,3),  (576,3),  (577,3),  (578,3),  (580,3),  (581,3),  (582,3),  (583,3),  (555,5),  (556,5),  (529,5),  (502,0),  (474,0),  (446,0),  (417,4),  (389,4),  (359,2),  (358,2),  (357,2),  (356,2),  (355,2),  (354,2),  (353,2),  (352,2),  (351,2),  (350,4),  (322,4),  (293,4),  (292,4),  (263,2),  (261,2),  (260,2),  (231,4),  (230,4),  (200,2),  (199,4),  (171,4),  (170,4),  (142,4),  (142,0),  (114,0),  (86,5),  (59,5),  (61,3),  (33,3),  (34,3),  (35,3),  (36,3),  (37,3),  (38,3),  (39,3),  (13,3),  (15,3),  (17,3),  (20,3),  (22,3),  (50,3),  (51,3),  (52,3),  (52,5),  (52,7),  (52,6),  (52,4),  (52,0),  (52,1),  (52,2), 


[Timing] Time passed: 155.117314 s

Posterior Probability: -184.8940857
Agreement with demo: 7.3%
Avg angular diffs: 90'

-- Positive Demos --
 (533,0),  (506,5),  (506,3),  (506,7),  (533,7),  (533,6),  (533,2),  (533,3),  (533,5),  (507,3),  (534,3),  (535,3),  (536,3),  (537,3),  (538,3),  (540,3),  (570,3),  (571,3),  (573,3),  (574,3),  (576,3),  (577,3),  (578,3),  (580,3),  (581,3),  (582,3),  (583,3),  (555,5),  (556,5),  (529,5),  (502,0),  (474,0),  (446,0),  (417,4),  (389,4),  (359,2),  (358,2),  (357,2),  (356,2),  (355,2),  (354,2),  (353,2),  (352,2),  (351,2),  (350,4),  (322,4),  (293,4),  (292,4),  (263,2),  (261,2),  (260,2),  (231,4),  (230,4),  (200,2),  (199,4),  (171,4),  (170,4),  (142,4),  (142,0),  (114,0),  (86,5),  (59,5),  (61,3),  (33,3),  (34,3),  (35,3),  (36,3),  (37,3),  (38,3),  (39,3),  (13,3),  (15,3),  (17,3),  (20,3),  (22,3),  (50,3),  (51,3),  (52,3),  (52,5),  (52,7),  (52,6),  (52,4),  (52,0),  (52,1),  (52,2), 


[Timing] Time passed: 178.504763 s

Posterior Probability: -1728.524416
Agreement with demo: 7.3%
Avg angular diffs: 88'

-- Positive Demos --
 (533,0),  (506,5),  (506,3),  (506,7),  (533,7),  (533,6),  (533,2),  (533,3),  (533,5),  (507,3),  (534,3),  (535,3),  (536,3),  (537,3),  (538,3),  (540,3),  (570,3),  (571,3),  (573,3),  (574,3),  (576,3),  (577,3),  (578,3),  (580,3),  (581,3),  (582,3),  (583,3),  (555,5),  (556,5),  (529,5),  (502,0),  (474,0),  (446,0),  (417,4),  (389,4),  (359,2),  (358,2),  (357,2),  (356,2),  (355,2),  (354,2),  (353,2),  (352,2),  (351,2),  (350,4),  (322,4),  (293,4),  (292,4),  (263,2),  (261,2),  (260,2),  (231,4),  (230,4),  (200,2),  (199,4),  (171,4),  (170,4),  (142,4),  (142,0),  (114,0),  (86,5),  (59,5),  (61,3),  (33,3),  (34,3),  (35,3),  (36,3),  (37,3),  (38,3),  (39,3),  (13,3),  (15,3),  (17,3),  (20,3),  (22,3),  (50,3),  (51,3),  (52,3),  (52,5),  (52,7),  (52,6),  (52,4),  (52,0),  (52,1),  (52,2), 


[Timing] Time passed: 155.114188 s

Posterior Probability: -200.3890637
Agreement with demo: 15%
Avg angular diffs: 78'

-- Positive Demos --
 (533,0),  (506,5),  (506,3),  (506,7),  (533,7),  (533,6),  (533,2),  (533,3),  (533,5),  (507,3),  (534,3),  (535,3),  (536,3),  (537,3),  (538,3),  (540,3),  (570,3),  (571,3),  (573,3),  (574,3),  (576,3),  (577,3),  (578,3),  (580,3),  (581,3),  (582,3),  (583,3),  (555,5),  (556,5),  (529,5),  (502,0),  (474,0),  (446,0),  (417,4),  (389,4),  (359,2),  (358,2),  (357,2),  (356,2),  (355,2),  (354,2),  (353,2),  (352,2),  (351,2),  (350,4),  (322,4),  (293,4),  (292,4),  (263,2),  (261,2),  (260,2),  (231,4),  (230,4),  (200,2),  (199,4),  (171,4),  (170,4),  (142,4),  (142,0),  (114,0),  (86,5),  (59,5),  (61,3),  (33,3),  (34,3),  (35,3),  (36,3),  (37,3),  (38,3),  (39,3),  (13,3),  (15,3),  (17,3),  (20,3),  (22,3),  (50,3),  (51,3),  (52,3),  (52,5),  (52,7),  (52,6),  (52,4),  (52,0),  (52,1),  (52,2), 


[Timing] Time passed: 157.621296 s

Posterior Probability: -329.5441498
Agreement with demo: 15%
Avg angular diffs: 90'

-- Positive Demos --
 (533,0),  (506,5),  (506,3),  (506,7),  (533,7),  (533,6),  (533,2),  (533,3),  (533,5),  (507,3),  (534,3),  (535,3),  (536,3),  (537,3),  (538,3),  (540,3),  (570,3),  (571,3),  (573,3),  (574,3),  (576,3),  (577,3),  (578,3),  (580,3),  (581,3),  (582,3),  (583,3),  (555,5),  (556,5),  (529,5),  (502,0),  (474,0),  (446,0),  (417,4),  (389,4),  (359,2),  (358,2),  (357,2),  (356,2),  (355,2),  (354,2),  (353,2),  (352,2),  (351,2),  (350,4),  (322,4),  (293,4),  (292,4),  (263,2),  (261,2),  (260,2),  (231,4),  (230,4),  (200,2),  (199,4),  (171,4),  (170,4),  (142,4),  (142,0),  (114,0),  (86,5),  (59,5),  (61,3),  (33,3),  (34,3),  (35,3),  (36,3),  (37,3),  (38,3),  (39,3),  (13,3),  (15,3),  (17,3),  (20,3),  (22,3),  (50,3),  (51,3),  (52,3),  (52,5),  (52,7),  (52,6),  (52,4),  (52,0),  (52,1),  (52,2), 


[Timing] Time passed: 175.296664 s

Posterior Probability: -968.6372332
Agreement with demo: 13%
Avg angular diffs: 74'

-- Positive Demos --
 (533,0),  (506,5),  (506,3),  (506,7),  (533,7),  (533,6),  (533,2),  (533,3),  (533,5),  (507,3),  (534,3),  (535,3),  (536,3),  (537,3),  (538,3),  (540,3),  (570,3),  (571,3),  (573,3),  (574,3),  (576,3),  (577,3),  (578,3),  (580,3),  (581,3),  (582,3),  (583,3),  (555,5),  (556,5),  (529,5),  (502,0),  (474,0),  (446,0),  (417,4),  (389,4),  (359,2),  (358,2),  (357,2),  (356,2),  (355,2),  (354,2),  (353,2),  (352,2),  (351,2),  (350,4),  (322,4),  (293,4),  (292,4),  (263,2),  (261,2),  (260,2),  (231,4),  (230,4),  (200,2),  (199,4),  (171,4),  (170,4),  (142,4),  (142,0),  (114,0),  (86,5),  (59,5),  (61,3),  (33,3),  (34,3),  (35,3),  (36,3),  (37,3),  (38,3),  (39,3),  (13,3),  (15,3),  (17,3),  (20,3),  (22,3),  (50,3),  (51,3),  (52,3),  (52,5),  (52,7),  (52,6),  (52,4),  (52,0),  (52,1),  (52,2), 


[Timing] Time passed: 166.126332 s

Posterior Probability: -274.076299
Agreement with demo: 16%
Avg angular diffs: 74'

-- Positive Demos --
 (533,0),  (506,5),  (506,3),  (506,7),  (533,7),  (533,6),  (533,2),  (533,3),  (533,5),  (507,3),  (534,3),  (535,3),  (536,3),  (537,3),  (538,3),  (540,3),  (570,3),  (571,3),  (573,3),  (574,3),  (576,3),  (577,3),  (578,3),  (580,3),  (581,3),  (582,3),  (583,3),  (555,5),  (556,5),  (529,5),  (502,0),  (474,0),  (446,0),  (417,4),  (389,4),  (359,2),  (358,2),  (357,2),  (356,2),  (355,2),  (354,2),  (353,2),  (352,2),  (351,2),  (350,4),  (322,4),  (293,4),  (292,4),  (263,2),  (261,2),  (260,2),  (231,4),  (230,4),  (200,2),  (199,4),  (171,4),  (170,4),  (142,4),  (142,0),  (114,0),  (86,5),  (59,5),  (61,3),  (33,3),  (34,3),  (35,3),  (36,3),  (37,3),  (38,3),  (39,3),  (13,3),  (15,3),  (17,3),  (20,3),  (22,3),  (50,3),  (51,3),  (52,3),  (52,5),  (52,7),  (52,6),  (52,4),  (52,0),  (52,1),  (52,2), 


[Timing] Time passed: 132.043305 s

Posterior Probability: -852.0557047
Agreement with demo: 7.3%
Avg angular diffs: 90'
-- learned weights --
Feature Weights: 0.01025, -0.89675, 0.005, -0.1, 
