loading features...

Initializing gridworld of size 28 by 22..
    Num states: 616
    Num actions: 8

Total number of demos: 68

Selected number of demos: 47

-- Positive Demos --
 (578,3),  (581,3),  (554,3),  (529,5),  (529,0),  (502,5),  (474,5),  (447,0),  (418,0),  (391,4),  (361,0),  (305,2),  (304,2),  (329,2),  (327,2),  (352,2),  (351,2),  (349,2),  (347,2),  (346,2),  (345,6),  (344,4),  (316,0),  (288,0),  (260,4),  (231,4),  (230,4),  (201,4),  (200,4),  (172,0),  (144,0),  (116,5),  (88,5),  (63,5),  (35,3),  (38,3),  (11,3),  (13,3),  (17,3),  (18,3),  (49,3),  (50,3),  (52,7),  (82,0),  (82,4), 


[Timing] Time passed: 285.366258 s

Posterior Probability: -140.0114631
Agreement with demo: 4.8%
Current angular diffs: 98'

Selected number of demos: 47

-- Positive Demos --
 (576,3),  (578,3),  (581,3),  (554,3),  (555,3),  (529,5),  (502,5),  (474,5),  (447,0),  (418,0),  (391,4),  (361,0),  (334,4),  (305,2),  (303,2),  (329,2),  (328,2),  (327,2),  (351,2),  (349,2),  (347,2),  (346,2),  (345,6),  (344,4),  (288,0),  (260,4),  (259,4),  (230,4),  (200,4),  (172,4),  (144,0),  (116,0),  (116,5),  (89,5),  (35,3),  (36,3),  (38,3),  (11,3),  (15,3),  (18,3),  (20,3),  (49,3),  (50,3),  (51,7),  (82,0),  (82,4), 


[Timing] Time passed: 284.167604 s

Posterior Probability: -367.5069392
Agreement with demo: 9.6%
Current angular diffs: 95'

Selected number of demos: 34

-- Positive Demos --
 (578,3),  (553,3),  (554,3),  (529,5),  (529,0),  (502,5),  (447,0),  (418,0),  (391,0),  (361,0),  (334,4),  (304,2),  (328,2),  (352,2),  (349,2),  (348,2),  (345,6),  (344,4),  (316,0),  (260,4),  (230,4),  (200,4),  (172,0),  (144,0),  (116,0),  (88,5),  (89,5),  (36,3),  (13,3),  (15,3),  (20,3),  (50,3),  (52,7),  (82,0), 


[Timing] Time passed: 269.386206 s

Posterior Probability: -240.2630802
Agreement with demo: 16%
Current angular diffs: 88'

Selected number of demos: 20

-- Positive Demos --
 (581,3),  (529,0),  (447,0),  (418,0),  (305,2),  (327,2),  (349,2),  (346,2),  (316,0),  (288,0),  (230,4),  (144,0),  (116,0),  (35,3),  (38,3),  (11,3),  (15,3),  (49,3),  (82,4), 


[Timing] Time passed: 266.034867 s

Posterior Probability: -353.3604947
Agreement with demo: 11%
Current angular diffs: 91'

Selected number of demos: 22

-- Positive Demos --
 (579,3),  (554,3),  (555,3),  (529,0),  (474,5),  (418,0),  (391,0),  (361,0),  (303,2),  (352,2),  (347,2),  (344,4),  (288,0),  (230,4),  (172,0),  (116,0),  (63,5),  (38,3),  (15,3),  (49,3),  (51,7), 


[Timing] Time passed: 258.224904 s

Posterior Probability: -269.4344639
Agreement with demo: 16%
Current angular diffs: 78'

Selected number of demos: 68

-- Positive Demos --
 (576,3),  (578,3),  (579,3),  (581,3),  (553,3),  (554,3),  (555,3),  (529,5),  (529,0),  (502,5),  (474,5),  (475,0),  (447,0),  (418,0),  (391,4),  (391,0),  (361,0),  (334,4),  (305,2),  (304,2),  (303,2),  (329,2),  (328,2),  (327,2),  (352,2),  (351,2),  (349,2),  (348,2),  (347,2),  (346,2),  (345,6),  (344,4),  (316,0),  (288,0),  (260,4),  (259,4),  (231,4),  (230,4),  (201,4),  (200,4),  (172,4),  (172,0),  (144,0),  (116,0),  (116,5),  (88,5),  (89,5),  (63,5),  (35,3),  (36,3),  (38,3),  (11,3),  (13,3),  (15,3),  (17,3),  (18,3),  (20,3),  (49,3),  (50,3),  (51,7),  (52,7),  (82,0),  (82,4), 


[Timing] Time passed: 252.056434 s

Posterior Probability: -529.9401746
Agreement with demo: 6%
Current angular diffs: 95'

Selected number of demos: 22

-- Positive Demos --
 (581,3),  (555,3),  (474,5),  (447,0),  (418,0),  (391,0),  (304,2),  (352,2),  (346,2),  (345,6),  (316,0),  (260,4),  (200,4),  (172,0),  (144,0),  (116,0),  (88,5),  (35,3),  (13,3),  (18,3),  (51,7),  (82,4), 


[Timing] Time passed: 245.860901 s

Posterior Probability: -111.7071357
Agreement with demo: 4.8%
Current angular diffs: 81'

Selected number of demos: 25

-- Positive Demos --
 (576,3),  (578,3),  (579,3),  (581,3),  (553,3),  (554,3),  (529,5),  (529,0),  (502,5),  (475,0),  (418,0),  (305,2),  (328,2),  (349,2),  (345,6),  (344,4),  (259,4),  (200,4),  (116,0),  (116,5),  (36,3),  (13,3),  (49,3),  (51,7), 


[Timing] Time passed: 245.822338 s

Posterior Probability: -226.6067212
Agreement with demo: 9.6%
Current angular diffs: 91'

Selected number of demos: 49

-- Positive Demos --
 (578,3),  (579,3),  (553,3),  (554,3),  (555,3),  (529,5),  (529,0),  (502,5),  (475,0),  (447,0),  (418,0),  (391,4),  (391,0),  (361,0),  (334,4),  (305,2),  (303,2),  (328,2),  (327,2),  (352,2),  (351,2),  (349,2),  (347,2),  (346,2),  (344,4),  (316,0),  (260,4),  (259,4),  (230,4),  (201,4),  (200,4),  (172,4),  (144,0),  (116,5),  (89,5),  (63,5),  (36,3),  (38,3),  (11,3),  (15,3),  (17,3),  (20,3),  (49,3),  (51,7),  (82,0),  (82,4), 


[Timing] Time passed: 236.70601 s

Posterior Probability: -96.85157274
Agreement with demo: 18%
Current angular diffs: 89'

Selected number of demos: 27

-- Positive Demos --
 (579,3),  (555,3),  (529,5),  (529,0),  (502,5),  (474,5),  (447,0),  (418,0),  (361,0),  (303,2),  (352,2),  (349,2),  (346,2),  (344,4),  (259,4),  (201,4),  (172,4),  (116,0),  (63,5),  (36,3),  (38,3),  (17,3),  (50,3),  (51,7),  (52,7),  (82,4), 


[Timing] Time passed: 234.748174 s

Posterior Probability: -121.4308991
Agreement with demo: 14%
Current angular diffs: 91'

Selected number of demos: 28

-- Positive Demos --
 (579,3),  (581,3),  (554,3),  (502,5),  (447,0),  (391,4),  (361,0),  (305,2),  (303,2),  (327,2),  (349,2),  (348,2),  (345,6),  (316,0),  (260,4),  (201,4),  (200,4),  (172,4),  (116,0),  (88,5),  (63,5),  (36,3),  (13,3),  (17,3),  (18,3),  (51,7),  (52,7),  (82,4), 


[Timing] Time passed: 233.144836 s

Posterior Probability: -576.1215278
Agreement with demo: 13%
Current angular diffs: 82'

Selected number of demos: 22

-- Positive Demos --
 (578,3),  (579,3),  (555,3),  (474,5),  (418,0),  (305,2),  (303,2),  (327,2),  (351,2),  (348,2),  (346,2),  (288,0),  (259,4),  (172,4),  (172,0),  (116,0),  (116,5),  (36,3),  (11,3),  (13,3),  (20,3),  (50,3), 


[Timing] Time passed: 247.867778 s

Posterior Probability: -450.0483944
Agreement with demo: 8.4%
Current angular diffs: 88'

Selected number of demos: 33

-- Positive Demos --
 (579,3),  (554,3),  (529,5),  (502,5),  (474,5),  (475,0),  (418,0),  (391,4),  (334,4),  (305,2),  (329,2),  (327,2),  (352,2),  (348,2),  (347,2),  (344,4),  (316,0),  (260,4),  (231,4),  (230,4),  (200,4),  (172,0),  (116,0),  (88,5),  (35,3),  (11,3),  (13,3),  (17,3),  (20,3),  (50,3),  (52,7),  (82,4), 


[Timing] Time passed: 237.405634 s

Posterior Probability: -225.1502354
Agreement with demo: 9.6%
Current angular diffs: 92'

Selected number of demos: 68

-- Positive Demos --
 (576,3),  (578,3),  (579,3),  (581,3),  (553,3),  (554,3),  (555,3),  (529,5),  (529,0),  (502,5),  (474,5),  (475,0),  (447,0),  (418,0),  (391,4),  (391,0),  (361,0),  (334,4),  (305,2),  (304,2),  (303,2),  (329,2),  (328,2),  (327,2),  (352,2),  (351,2),  (349,2),  (348,2),  (347,2),  (346,2),  (345,6),  (344,4),  (316,0),  (288,0),  (260,4),  (259,4),  (231,4),  (230,4),  (201,4),  (200,4),  (172,4),  (172,0),  (144,0),  (116,0),  (116,5),  (88,5),  (89,5),  (63,5),  (35,3),  (36,3),  (38,3),  (11,3),  (13,3),  (15,3),  (17,3),  (18,3),  (20,3),  (49,3),  (50,3),  (51,7),  (52,7),  (82,0),  (82,4), 


[Timing] Time passed: 236.427472 s

Posterior Probability: -385.6353175
Agreement with demo: 14%
Current angular diffs: 87'

Selected number of demos: 41

-- Positive Demos --
 (576,3),  (579,3),  (553,3),  (555,3),  (529,5),  (502,5),  (475,0),  (447,0),  (418,0),  (391,0),  (334,4),  (304,2),  (303,2),  (328,2),  (352,2),  (349,2),  (348,2),  (347,2),  (345,6),  (344,4),  (288,0),  (260,4),  (231,4),  (230,4),  (200,4),  (172,4),  (144,0),  (116,0),  (88,5),  (63,5),  (36,3),  (11,3),  (13,3),  (17,3),  (18,3),  (20,3),  (49,3),  (51,7),  (82,0), 


[Timing] Time passed: 225.935904 s

Posterior Probability: -317.0046897
Agreement with demo: 7.2%
Current angular diffs: 81'

Selected number of demos: 68

-- Positive Demos --
 (576,3),  (578,3),  (579,3),  (581,3),  (553,3),  (554,3),  (555,3),  (529,5),  (529,0),  (502,5),  (474,5),  (475,0),  (447,0),  (418,0),  (391,4),  (391,0),  (361,0),  (334,4),  (305,2),  (304,2),  (303,2),  (329,2),  (328,2),  (327,2),  (352,2),  (351,2),  (349,2),  (348,2),  (347,2),  (346,2),  (345,6),  (344,4),  (316,0),  (288,0),  (260,4),  (259,4),  (231,4),  (230,4),  (201,4),  (200,4),  (172,4),  (172,0),  (144,0),  (116,0),  (116,5),  (88,5),  (89,5),  (63,5),  (35,3),  (36,3),  (38,3),  (11,3),  (13,3),  (15,3),  (17,3),  (18,3),  (20,3),  (49,3),  (50,3),  (51,7),  (52,7),  (82,0),  (82,4), 


[Timing] Time passed: 231.154386 s

Posterior Probability: -575.0112193
Agreement with demo: 13%
Current angular diffs: 87'

Selected number of demos: 68

-- Positive Demos --
 (576,3),  (578,3),  (579,3),  (581,3),  (553,3),  (554,3),  (555,3),  (529,5),  (529,0),  (502,5),  (474,5),  (475,0),  (447,0),  (418,0),  (391,4),  (391,0),  (361,0),  (334,4),  (305,2),  (304,2),  (303,2),  (329,2),  (328,2),  (327,2),  (352,2),  (351,2),  (349,2),  (348,2),  (347,2),  (346,2),  (345,6),  (344,4),  (316,0),  (288,0),  (260,4),  (259,4),  (231,4),  (230,4),  (201,4),  (200,4),  (172,4),  (172,0),  (144,0),  (116,0),  (116,5),  (88,5),  (89,5),  (63,5),  (35,3),  (36,3),  (38,3),  (11,3),  (13,3),  (15,3),  (17,3),  (18,3),  (20,3),  (49,3),  (50,3),  (51,7),  (52,7),  (82,0),  (82,4), 


[Timing] Time passed: 233.333239 s

Posterior Probability: -308.4817518
Agreement with demo: 16%
Current angular diffs: 92'

Selected number of demos: 68

-- Positive Demos --
 (576,3),  (578,3),  (579,3),  (581,3),  (553,3),  (554,3),  (555,3),  (529,5),  (529,0),  (502,5),  (474,5),  (475,0),  (447,0),  (418,0),  (391,4),  (391,0),  (361,0),  (334,4),  (305,2),  (304,2),  (303,2),  (329,2),  (328,2),  (327,2),  (352,2),  (351,2),  (349,2),  (348,2),  (347,2),  (346,2),  (345,6),  (344,4),  (316,0),  (288,0),  (260,4),  (259,4),  (231,4),  (230,4),  (201,4),  (200,4),  (172,4),  (172,0),  (144,0),  (116,0),  (116,5),  (88,5),  (89,5),  (63,5),  (35,3),  (36,3),  (38,3),  (11,3),  (13,3),  (15,3),  (17,3),  (18,3),  (20,3),  (49,3),  (50,3),  (51,7),  (52,7),  (82,0),  (82,4), 


[Timing] Time passed: 227.424191 s

Posterior Probability: -326.9519962
Agreement with demo: 8.4%
Current angular diffs: 82'

Selected number of demos: 32

-- Positive Demos --
 (579,3),  (553,3),  (529,5),  (502,5),  (475,0),  (447,0),  (391,4),  (334,4),  (305,2),  (304,2),  (328,2),  (351,2),  (349,2),  (346,2),  (344,4),  (260,4),  (259,4),  (201,4),  (172,4),  (172,0),  (144,0),  (116,0),  (116,5),  (63,5),  (36,3),  (38,3),  (15,3),  (20,3),  (50,3),  (82,0), 


[Timing] Time passed: 221.846083 s

Posterior Probability: -173.9514487
Agreement with demo: 9.6%
Current angular diffs: 82'

Selected number of demos: 25

-- Positive Demos --
 (579,3),  (553,3),  (529,0),  (502,5),  (447,0),  (418,0),  (361,0),  (334,4),  (304,2),  (329,2),  (352,2),  (351,2),  (346,2),  (344,4),  (288,0),  (231,4),  (230,4),  (201,4),  (144,0),  (88,5),  (36,3),  (38,3),  (17,3),  (50,3),  (82,0), 


[Timing] Time passed: 223.043849 s

Posterior Probability: -351.3182666
Agreement with demo: 9.6%
Current angular diffs: 87'

Selected number of demos: 68

-- Positive Demos --
 (576,3),  (578,3),  (579,3),  (581,3),  (553,3),  (554,3),  (555,3),  (529,5),  (529,0),  (502,5),  (474,5),  (475,0),  (447,0),  (418,0),  (391,4),  (391,0),  (361,0),  (334,4),  (305,2),  (304,2),  (303,2),  (329,2),  (328,2),  (327,2),  (352,2),  (351,2),  (349,2),  (348,2),  (347,2),  (346,2),  (345,6),  (344,4),  (316,0),  (288,0),  (260,4),  (259,4),  (231,4),  (230,4),  (201,4),  (200,4),  (172,4),  (172,0),  (144,0),  (116,0),  (116,5),  (88,5),  (89,5),  (63,5),  (35,3),  (36,3),  (38,3),  (11,3),  (13,3),  (15,3),  (17,3),  (18,3),  (20,3),  (49,3),  (50,3),  (51,7),  (52,7),  (82,0),  (82,4), 


[Timing] Time passed: 223.19172 s

Posterior Probability: -360.2027741
Agreement with demo: 16%
Current angular diffs: 91'

Selected number of demos: 41

-- Positive Demos --
 (576,3),  (579,3),  (553,3),  (554,3),  (529,5),  (529,0),  (502,5),  (474,5),  (447,0),  (418,0),  (391,0),  (361,0),  (305,2),  (303,2),  (328,2),  (352,2),  (349,2),  (348,2),  (347,2),  (346,2),  (344,4),  (316,0),  (260,4),  (259,4),  (230,4),  (201,4),  (172,4),  (144,0),  (116,5),  (89,5),  (35,3),  (38,3),  (13,3),  (17,3),  (20,3),  (49,3),  (50,3),  (51,7),  (82,0), 


[Timing] Time passed: 232.019248 s

Posterior Probability: -630.6331757
Agreement with demo: 8.4%
Current angular diffs: 87'

Selected number of demos: 33

-- Positive Demos --
 (579,3),  (554,3),  (529,0),  (474,5),  (447,0),  (418,0),  (391,4),  (334,4),  (303,2),  (328,2),  (352,2),  (349,2),  (347,2),  (346,2),  (344,4),  (316,0),  (288,0),  (231,4),  (201,4),  (172,4),  (172,0),  (144,0),  (116,0),  (116,5),  (88,5),  (63,5),  (35,3),  (38,3),  (13,3),  (18,3),  (50,3),  (52,7),  (82,4), 


[Timing] Time passed: 232.41295 s

Posterior Probability: -138.3773843
Agreement with demo: 12%
Current angular diffs: 84'

Selected number of demos: 27

-- Positive Demos --
 (579,3),  (555,3),  (529,0),  (502,5),  (475,0),  (418,0),  (391,4),  (305,2),  (304,2),  (328,2),  (327,2),  (349,2),  (347,2),  (345,6),  (288,0),  (230,4),  (201,4),  (200,4),  (172,0),  (144,0),  (116,0),  (63,5),  (11,3),  (13,3),  (18,3),  (50,3),  (82,0), 


[Timing] Time passed: 209.123773 s

Posterior Probability: -57.01752392
Agreement with demo: 12%
Current angular diffs: 88'

Selected number of demos: 42

-- Positive Demos --
 (576,3),  (579,3),  (553,3),  (554,3),  (555,3),  (529,0),  (502,5),  (474,5),  (447,0),  (418,0),  (391,4),  (391,0),  (361,0),  (305,2),  (303,2),  (329,2),  (328,2),  (352,2),  (349,2),  (347,2),  (345,6),  (344,4),  (316,0),  (260,4),  (259,4),  (230,4),  (200,4),  (172,0),  (144,0),  (116,0),  (116,5),  (89,5),  (63,5),  (36,3),  (11,3),  (13,3),  (17,3),  (18,3),  (49,3),  (50,3),  (52,7),  (82,4), 


[Timing] Time passed: 214.550431 s

Posterior Probability: -339.9122222
Agreement with demo: 12%
Current angular diffs: 85'

Selected number of demos: 29

-- Positive Demos --
 (581,3),  (555,3),  (529,0),  (475,0),  (418,0),  (391,4),  (391,0),  (334,4),  (305,2),  (304,2),  (328,2),  (327,2),  (351,2),  (348,2),  (347,2),  (344,4),  (259,4),  (201,4),  (200,4),  (172,4),  (144,0),  (116,5),  (35,3),  (38,3),  (15,3),  (17,3),  (18,3),  (50,3),  (82,4), 


[Timing] Time passed: 208.165746 s

Posterior Probability: -137.3620428
Agreement with demo: 16%
Current angular diffs: 89'

Selected number of demos: 68

-- Positive Demos --
 (576,3),  (578,3),  (579,3),  (581,3),  (553,3),  (554,3),  (555,3),  (529,5),  (529,0),  (502,5),  (474,5),  (475,0),  (447,0),  (418,0),  (391,4),  (391,0),  (361,0),  (334,4),  (305,2),  (304,2),  (303,2),  (329,2),  (328,2),  (327,2),  (352,2),  (351,2),  (349,2),  (348,2),  (347,2),  (346,2),  (345,6),  (344,4),  (316,0),  (288,0),  (260,4),  (259,4),  (231,4),  (230,4),  (201,4),  (200,4),  (172,4),  (172,0),  (144,0),  (116,0),  (116,5),  (88,5),  (89,5),  (63,5),  (35,3),  (36,3),  (38,3),  (11,3),  (13,3),  (15,3),  (17,3),  (18,3),  (20,3),  (49,3),  (50,3),  (51,7),  (52,7),  (82,0),  (82,4), 


[Timing] Time passed: 197.181396 s

Posterior Probability: -159.6446921
Agreement with demo: 18%
Current angular diffs: 89'

Selected number of demos: 27

-- Positive Demos --
 (578,3),  (554,3),  (529,5),  (529,0),  (474,5),  (447,0),  (391,4),  (305,2),  (328,2),  (352,2),  (348,2),  (346,2),  (316,0),  (231,4),  (201,4),  (172,4),  (172,0),  (116,5),  (88,5),  (89,5),  (35,3),  (13,3),  (17,3),  (18,3),  (49,3),  (50,3),  (51,7), 


[Timing] Time passed: 181.284199 s

Posterior Probability: -152.7126161
Agreement with demo: 14%
Current angular diffs: 90'

Selected number of demos: 29

-- Positive Demos --
 (581,3),  (553,3),  (554,3),  (502,5),  (475,0),  (418,0),  (391,0),  (334,4),  (305,2),  (329,2),  (327,2),  (351,2),  (348,2),  (345,6),  (316,0),  (231,4),  (200,4),  (172,4),  (144,0),  (116,5),  (88,5),  (35,3),  (11,3),  (18,3),  (20,3),  (49,3),  (50,3),  (51,7), 


[Timing] Time passed: 151.945618 s

Posterior Probability: -108.0375716
Agreement with demo: 17%
Current angular diffs: 91'

Selected number of demos: 46

-- Positive Demos --
 (576,3),  (578,3),  (579,3),  (553,3),  (554,3),  (555,3),  (529,5),  (529,0),  (502,5),  (474,5),  (447,0),  (418,0),  (391,4),  (361,0),  (334,4),  (304,2),  (329,2),  (327,2),  (352,2),  (349,2),  (347,2),  (345,6),  (344,4),  (316,0),  (288,0),  (259,4),  (231,4),  (201,4),  (200,4),  (172,4),  (144,0),  (116,0),  (88,5),  (89,5),  (63,5),  (36,3),  (11,3),  (15,3),  (17,3),  (18,3),  (20,3),  (49,3),  (51,7),  (82,0), 


[Timing] Time passed: 154.566536 s

Posterior Probability: -144.8418387
Agreement with demo: 7.2%
Current angular diffs: 87'

Selected number of demos: 68

-- Positive Demos --
 (576,3),  (578,3),  (579,3),  (581,3),  (553,3),  (554,3),  (555,3),  (529,5),  (529,0),  (502,5),  (474,5),  (475,0),  (447,0),  (418,0),  (391,4),  (391,0),  (361,0),  (334,4),  (305,2),  (304,2),  (303,2),  (329,2),  (328,2),  (327,2),  (352,2),  (351,2),  (349,2),  (348,2),  (347,2),  (346,2),  (345,6),  (344,4),  (316,0),  (288,0),  (260,4),  (259,4),  (231,4),  (230,4),  (201,4),  (200,4),  (172,4),  (172,0),  (144,0),  (116,0),  (116,5),  (88,5),  (89,5),  (63,5),  (35,3),  (36,3),  (38,3),  (11,3),  (13,3),  (15,3),  (17,3),  (18,3),  (20,3),  (49,3),  (50,3),  (51,7),  (52,7),  (82,0),  (82,4), 


[Timing] Time passed: 170.595859 s

Posterior Probability: -186.2357544
Agreement with demo: 11%
Current angular diffs: 97'

Selected number of demos: 21

-- Positive Demos --
 (581,3),  (554,3),  (502,5),  (475,0),  (418,0),  (361,0),  (305,2),  (328,2),  (351,2),  (346,2),  (344,4),  (260,4),  (259,4),  (200,4),  (144,0),  (89,5),  (36,3),  (13,3),  (49,3),  (82,0), 


[Timing] Time passed: 182.030794 s

Posterior Probability: -339.3589703
Agreement with demo: 9.6%
Current angular diffs: 90'

Selected number of demos: 24

-- Positive Demos --
 (576,3),  (578,3),  (579,3),  (554,3),  (502,5),  (474,5),  (418,0),  (305,2),  (304,2),  (352,2),  (348,2),  (344,4),  (316,0),  (288,0),  (230,4),  (200,4),  (144,0),  (116,5),  (35,3),  (38,3),  (17,3),  (49,3),  (52,7), 


[Timing] Time passed: 173.920203 s

Posterior Probability: -95.17192951
Agreement with demo: 14%
Current angular diffs: 90'

Selected number of demos: 37

-- Positive Demos --
 (578,3),  (581,3),  (554,3),  (529,5),  (502,5),  (475,0),  (447,0),  (391,4),  (334,4),  (303,2),  (327,2),  (351,2),  (349,2),  (346,2),  (344,4),  (288,0),  (259,4),  (230,4),  (201,4),  (172,4),  (172,0),  (144,0),  (116,0),  (116,5),  (89,5),  (63,5),  (35,3),  (36,3),  (11,3),  (17,3),  (18,3),  (49,3),  (50,3),  (52,7),  (82,4), 


[Timing] Time passed: 178.912056 s

Posterior Probability: -483.1868628
Agreement with demo: 7.2%
Current angular diffs: 83'

Selected number of demos: 47

-- Positive Demos --
 (578,3),  (579,3),  (553,3),  (555,3),  (529,5),  (502,5),  (474,5),  (447,0),  (418,0),  (391,0),  (334,4),  (305,2),  (304,2),  (303,2),  (328,2),  (327,2),  (352,2),  (351,2),  (348,2),  (346,2),  (345,6),  (344,4),  (316,0),  (288,0),  (260,4),  (231,4),  (230,4),  (201,4),  (200,4),  (172,4),  (172,0),  (144,0),  (116,5),  (88,5),  (89,5),  (63,5),  (36,3),  (11,3),  (15,3),  (18,3),  (20,3),  (49,3),  (50,3),  (52,7),  (82,0), 


[Timing] Time passed: 174.792571 s

Posterior Probability: -230.0617261
Agreement with demo: 13%
Current angular diffs: 89'

Selected number of demos: 46

-- Positive Demos --
 (576,3),  (578,3),  (579,3),  (581,3),  (553,3),  (555,3),  (529,5),  (502,5),  (474,5),  (475,0),  (447,0),  (418,0),  (391,4),  (361,0),  (305,2),  (303,2),  (329,2),  (327,2),  (352,2),  (349,2),  (347,2),  (345,6),  (344,4),  (316,0),  (260,4),  (231,4),  (230,4),  (200,4),  (172,4),  (144,0),  (116,0),  (116,5),  (89,5),  (35,3),  (36,3),  (11,3),  (13,3),  (15,3),  (18,3),  (20,3),  (49,3),  (51,7),  (82,0),  (82,4), 


[Timing] Time passed: 158.24614 s

Posterior Probability: -394.3379288
Agreement with demo: 9.6%
Current angular diffs: 92'

Selected number of demos: 28

-- Positive Demos --
 (576,3),  (553,3),  (529,5),  (529,0),  (502,5),  (474,5),  (418,0),  (391,0),  (304,2),  (303,2),  (328,2),  (351,2),  (349,2),  (346,2),  (344,4),  (316,0),  (231,4),  (201,4),  (144,0),  (116,0),  (63,5),  (36,3),  (15,3),  (18,3),  (49,3),  (51,7),  (52,7), 


[Timing] Time passed: 153.287027 s

Posterior Probability: -192.125846
Agreement with demo: 9.6%
Current angular diffs: 93'

Selected number of demos: 29

-- Positive Demos --
 (578,3),  (579,3),  (581,3),  (554,3),  (502,5),  (474,5),  (447,0),  (418,0),  (391,4),  (334,4),  (305,2),  (304,2),  (303,2),  (327,2),  (348,2),  (345,6),  (344,4),  (288,0),  (230,4),  (172,4),  (144,0),  (116,0),  (63,5),  (11,3),  (18,3),  (20,3),  (52,7),  (82,4), 


[Timing] Time passed: 155.70373 s

Posterior Probability: -400.6586042
Agreement with demo: 12%
Current angular diffs: 92'

Selected number of demos: 68

-- Positive Demos --
 (576,3),  (578,3),  (579,3),  (581,3),  (553,3),  (554,3),  (555,3),  (529,5),  (529,0),  (502,5),  (474,5),  (475,0),  (447,0),  (418,0),  (391,4),  (391,0),  (361,0),  (334,4),  (305,2),  (304,2),  (303,2),  (329,2),  (328,2),  (327,2),  (352,2),  (351,2),  (349,2),  (348,2),  (347,2),  (346,2),  (345,6),  (344,4),  (316,0),  (288,0),  (260,4),  (259,4),  (231,4),  (230,4),  (201,4),  (200,4),  (172,4),  (172,0),  (144,0),  (116,0),  (116,5),  (88,5),  (89,5),  (63,5),  (35,3),  (36,3),  (38,3),  (11,3),  (13,3),  (15,3),  (17,3),  (18,3),  (20,3),  (49,3),  (50,3),  (51,7),  (52,7),  (82,0),  (82,4), 


[Timing] Time passed: 151.881617 s

Posterior Probability: -275.5825236
Agreement with demo: 18%
Current angular diffs: 92'

Selected number of demos: 34

-- Positive Demos --
 (578,3),  (581,3),  (555,3),  (529,0),  (502,5),  (475,0),  (447,0),  (391,4),  (334,4),  (305,2),  (303,2),  (329,2),  (328,2),  (351,2),  (349,2),  (347,2),  (345,6),  (344,4),  (316,0),  (260,4),  (259,4),  (230,4),  (201,4),  (200,4),  (172,0),  (116,0),  (89,5),  (36,3),  (13,3),  (18,3),  (49,3),  (51,7),  (82,0),  (82,4), 


[Timing] Time passed: 148.107649 s

Posterior Probability: -425.6502991
Agreement with demo: 13%
Current angular diffs: 82'

Selected number of demos: 45

-- Positive Demos --
 (576,3),  (579,3),  (581,3),  (553,3),  (555,3),  (529,5),  (502,5),  (475,0),  (447,0),  (418,0),  (391,4),  (391,0),  (361,0),  (334,4),  (305,2),  (303,2),  (328,2),  (352,2),  (349,2),  (347,2),  (346,2),  (345,6),  (344,4),  (316,0),  (260,4),  (231,4),  (201,4),  (172,4),  (144,0),  (116,0),  (88,5),  (89,5),  (35,3),  (36,3),  (38,3),  (11,3),  (13,3),  (17,3),  (18,3),  (20,3),  (50,3),  (51,7),  (82,0), 


[Timing] Time passed: 131.483682 s

Posterior Probability: -159.5917449
Agreement with demo: 11%
Current angular diffs: 81'

Selected number of demos: 19

-- Positive Demos --
 (581,3),  (529,0),  (474,5),  (418,0),  (391,4),  (304,2),  (352,2),  (347,2),  (316,0),  (231,4),  (201,4),  (172,0),  (144,0),  (88,5),  (63,5),  (13,3),  (18,3),  (52,7),  (82,4), 


[Timing] Time passed: 131.767323 s

Posterior Probability: -147.9422353
Agreement with demo: 9.6%
Current angular diffs: 79'

Selected number of demos: 24

-- Positive Demos --
 (579,3),  (553,3),  (554,3),  (529,0),  (502,5),  (474,5),  (447,0),  (391,0),  (303,2),  (329,2),  (351,2),  (345,6),  (316,0),  (288,0),  (231,4),  (201,4),  (200,4),  (144,0),  (63,5),  (13,3),  (20,3),  (49,3),  (50,3),  (82,4), 


[Timing] Time passed: 131.464065 s

Posterior Probability: -49.54660378
Agreement with demo: 6%
Current angular diffs: 92'

-----------------------------
Avg angular diffs: 78'
-- learned weights --
Feature Weights: -0.13175, -0.17675, 0.381, -0.1, 
