loading features...

Initializing gridworld of size 28 by 22..
    Num states: 616
    Num actions: 8

Total number of demos: 66

Selected number of demos: 66

-- Positive Demos --
 (329,1),  (356,1),  (385,1),  (412,1),  (441,6),  (468,6),  (467,6),  (495,2),  (494,2),  (493,4),  (492,4),  (464,4),  (435,2),  (434,2),  (405,5),  (379,0),  (350,0),  (323,0),  (295,0),  (268,0),  (240,0),  (211,0),  (183,4),  (155,0),  (126,4),  (97,4),  (96,4),  (68,2),  (67,2),  (66,6),  (93,6),  (120,6),  (119,6),  (147,2),  (146,2),  (145,2),  (144,2),  (143,2),  (143,1),  (142,1),  (171,1),  (198,1),  (227,7),  (256,3),  (257,3),  (258,7),  (286,7),  (315,7),  (316,7),  (344,1),  (373,1),  (400,1),  (429,1),  (457,6),  (484,6),  (483,6),  (510,6),  (509,2),  (508,2),  (507,2),  (507,6),  (533,4), 


[Timing] Time passed: 290.996534 s

Posterior Probability: -803.5367996
Agreement with demo: 9.5%
Current angular diffs: 92'

Selected number of demos: 26

-- Positive Demos --
 (385,1),  (467,6),  (495,2),  (464,4),  (434,2),  (405,5),  (323,0),  (211,0),  (155,0),  (97,4),  (66,6),  (119,6),  (146,2),  (145,2),  (144,2),  (142,1),  (171,1),  (198,1),  (227,7),  (286,7),  (344,1),  (457,6),  (484,6),  (510,6),  (509,2),  (507,6), 


[Timing] Time passed: 264.078461 s

Posterior Probability: -120.275183
Agreement with demo: 6%
Current angular diffs: 96'

Selected number of demos: 20

-- Positive Demos --
 (356,1),  (385,1),  (441,6),  (493,4),  (405,5),  (295,0),  (240,0),  (126,4),  (97,4),  (96,4),  (93,6),  (119,6),  (145,2),  (143,1),  (227,7),  (315,7),  (400,1),  (484,6),  (483,6),  (507,2), 


[Timing] Time passed: 265.328618 s

Posterior Probability: -212.5580051
Agreement with demo: 12%
Current angular diffs: 93'

Selected number of demos: 27

-- Positive Demos --
 (356,1),  (468,6),  (494,2),  (493,4),  (492,4),  (405,5),  (350,0),  (240,0),  (126,4),  (96,4),  (66,6),  (93,6),  (147,2),  (145,2),  (143,1),  (171,1),  (257,3),  (258,7),  (286,7),  (315,7),  (316,7),  (400,1),  (484,6),  (510,6),  (509,2),  (508,2), 


[Timing] Time passed: 242.016448 s

Posterior Probability: -76.97377087
Agreement with demo: 18%
Current angular diffs: 94'

Selected number of demos: 47

-- Positive Demos --
 (356,1),  (412,1),  (441,6),  (468,6),  (467,6),  (494,2),  (492,4),  (464,4),  (435,2),  (434,2),  (405,5),  (350,0),  (323,0),  (268,0),  (211,0),  (155,0),  (126,4),  (97,4),  (96,4),  (68,2),  (67,2),  (66,6),  (93,6),  (119,6),  (147,2),  (145,2),  (144,2),  (143,2),  (143,1),  (142,1),  (198,1),  (227,7),  (256,3),  (258,7),  (286,7),  (316,7),  (344,1),  (373,1),  (400,1),  (457,6),  (484,6),  (483,6),  (510,6),  (508,2),  (507,6), 


[Timing] Time passed: 242.626258 s

Posterior Probability: -555.3163443
Agreement with demo: 9.5%
Current angular diffs: 95'

Selected number of demos: 36

-- Positive Demos --
 (356,1),  (441,6),  (468,6),  (495,2),  (494,2),  (492,4),  (435,2),  (434,2),  (379,0),  (295,0),  (240,0),  (183,4),  (126,4),  (97,4),  (96,4),  (67,2),  (93,6),  (119,6),  (147,2),  (145,2),  (143,2),  (143,1),  (142,1),  (198,1),  (227,7),  (258,7),  (316,7),  (373,1),  (400,1),  (429,1),  (457,6),  (484,6),  (510,6),  (508,2),  (507,6), 


[Timing] Time passed: 254.310899 s

Posterior Probability: -497.9731979
Agreement with demo: 15%
Current angular diffs: 87'

Selected number of demos: 46

-- Positive Demos --
 (356,1),  (412,1),  (441,6),  (468,6),  (467,6),  (494,2),  (492,4),  (464,4),  (434,2),  (405,5),  (350,0),  (295,0),  (240,0),  (211,0),  (183,4),  (126,4),  (97,4),  (96,4),  (67,2),  (66,6),  (93,6),  (119,6),  (147,2),  (145,2),  (144,2),  (143,2),  (143,1),  (142,1),  (171,1),  (198,1),  (256,3),  (257,3),  (258,7),  (286,7),  (316,7),  (373,1),  (429,1),  (484,6),  (510,6),  (509,2),  (508,2),  (507,2),  (533,4), 


[Timing] Time passed: 246.519099 s

Posterior Probability: -383.6861334
Agreement with demo: 14%
Current angular diffs: 90'

Selected number of demos: 26

-- Positive Demos --
 (385,1),  (412,1),  (495,2),  (494,2),  (435,2),  (434,2),  (405,5),  (350,0),  (268,0),  (240,0),  (155,0),  (126,4),  (68,2),  (93,6),  (147,2),  (145,2),  (144,2),  (171,1),  (256,3),  (258,7),  (344,1),  (457,6),  (484,6),  (483,6),  (510,6),  (507,2), 


[Timing] Time passed: 246.154702 s

Posterior Probability: -209.2836756
Agreement with demo: 11%
Current angular diffs: 93'

Selected number of demos: 48

-- Positive Demos --
 (356,1),  (412,1),  (468,6),  (467,6),  (495,2),  (493,4),  (464,4),  (435,2),  (405,5),  (379,0),  (350,0),  (323,0),  (295,0),  (268,0),  (240,0),  (183,4),  (126,4),  (97,4),  (96,4),  (67,2),  (66,6),  (93,6),  (119,6),  (147,2),  (146,2),  (145,2),  (144,2),  (143,2),  (143,1),  (142,1),  (198,1),  (256,3),  (258,7),  (315,7),  (316,7),  (344,1),  (400,1),  (429,1),  (457,6),  (484,6),  (483,6),  (510,6),  (509,2),  (508,2),  (507,2),  (507,6),  (533,4), 


[Timing] Time passed: 245.032567 s

Posterior Probability: -195.9487367
Agreement with demo: 17%
Current angular diffs: 91'

Selected number of demos: 66

-- Positive Demos --
 (329,1),  (356,1),  (385,1),  (412,1),  (441,6),  (468,6),  (467,6),  (495,2),  (494,2),  (493,4),  (492,4),  (464,4),  (435,2),  (434,2),  (405,5),  (379,0),  (350,0),  (323,0),  (295,0),  (268,0),  (240,0),  (211,0),  (183,4),  (155,0),  (126,4),  (97,4),  (96,4),  (68,2),  (67,2),  (66,6),  (93,6),  (120,6),  (119,6),  (147,2),  (146,2),  (145,2),  (144,2),  (143,2),  (143,1),  (142,1),  (171,1),  (198,1),  (227,7),  (256,3),  (257,3),  (258,7),  (286,7),  (315,7),  (316,7),  (344,1),  (373,1),  (400,1),  (429,1),  (457,6),  (484,6),  (483,6),  (510,6),  (509,2),  (508,2),  (507,2),  (507,6),  (533,4), 


[Timing] Time passed: 232.304619 s

Posterior Probability: -590.2104248
Agreement with demo: 24%
Current angular diffs: 84'

Selected number of demos: 32

-- Positive Demos --
 (356,1),  (441,6),  (468,6),  (467,6),  (492,4),  (464,4),  (434,2),  (405,5),  (350,0),  (240,0),  (183,4),  (155,0),  (126,4),  (97,4),  (68,2),  (66,6),  (93,6),  (147,2),  (145,2),  (143,1),  (142,1),  (198,1),  (256,3),  (257,3),  (258,7),  (286,7),  (344,1),  (429,1),  (510,6),  (508,2),  (507,6),  (533,4), 


[Timing] Time passed: 212.275396 s

Posterior Probability: -310.4363098
Agreement with demo: 13%
Current angular diffs: 91'

Selected number of demos: 22

-- Positive Demos --
 (356,1),  (468,6),  (494,2),  (493,4),  (492,4),  (464,4),  (405,5),  (268,0),  (240,0),  (211,0),  (126,4),  (68,2),  (93,6),  (120,6),  (145,2),  (171,1),  (198,1),  (256,3),  (258,7),  (344,1),  (484,6),  (507,2), 


[Timing] Time passed: 207.449746 s

Posterior Probability: -298.6945097
Agreement with demo: 13%
Current angular diffs: 87'

Selected number of demos: 66

-- Positive Demos --
 (329,1),  (356,1),  (385,1),  (412,1),  (441,6),  (468,6),  (467,6),  (495,2),  (494,2),  (493,4),  (492,4),  (464,4),  (435,2),  (434,2),  (405,5),  (379,0),  (350,0),  (323,0),  (295,0),  (268,0),  (240,0),  (211,0),  (183,4),  (155,0),  (126,4),  (97,4),  (96,4),  (68,2),  (67,2),  (66,6),  (93,6),  (120,6),  (119,6),  (147,2),  (146,2),  (145,2),  (144,2),  (143,2),  (143,1),  (142,1),  (171,1),  (198,1),  (227,7),  (256,3),  (257,3),  (258,7),  (286,7),  (315,7),  (316,7),  (344,1),  (373,1),  (400,1),  (429,1),  (457,6),  (484,6),  (483,6),  (510,6),  (509,2),  (508,2),  (507,2),  (507,6),  (533,4), 


[Timing] Time passed: 213.082334 s

Posterior Probability: -618.6027088
Agreement with demo: 21%
Current angular diffs: 88'

Selected number of demos: 35

-- Positive Demos --
 (329,1),  (385,1),  (412,1),  (468,6),  (494,2),  (492,4),  (434,2),  (405,5),  (379,0),  (350,0),  (323,0),  (268,0),  (211,0),  (183,4),  (126,4),  (97,4),  (67,2),  (93,6),  (119,6),  (145,2),  (144,2),  (143,1),  (142,1),  (171,1),  (227,7),  (256,3),  (257,3),  (286,7),  (344,1),  (373,1),  (429,1),  (457,6),  (483,6),  (508,2),  (533,4), 


[Timing] Time passed: 212.120611 s

Posterior Probability: -343.115388
Agreement with demo: 19%
Current angular diffs: 86'

Selected number of demos: 32

-- Positive Demos --
 (356,1),  (441,6),  (467,6),  (493,4),  (464,4),  (434,2),  (405,5),  (323,0),  (295,0),  (211,0),  (183,4),  (126,4),  (68,2),  (66,6),  (120,6),  (119,6),  (147,2),  (145,2),  (143,2),  (171,1),  (227,7),  (256,3),  (286,7),  (315,7),  (373,1),  (429,1),  (484,6),  (510,6),  (508,2),  (507,2), 


[Timing] Time passed: 203.798812 s

Posterior Probability: -252.4085952
Agreement with demo: 7.1%
Current angular diffs: 91'

Selected number of demos: 47

-- Positive Demos --
 (329,1),  (356,1),  (385,1),  (441,6),  (467,6),  (495,2),  (493,4),  (492,4),  (435,2),  (405,5),  (350,0),  (295,0),  (268,0),  (240,0),  (211,0),  (183,4),  (126,4),  (97,4),  (96,4),  (67,2),  (66,6),  (93,6),  (119,6),  (146,2),  (145,2),  (144,2),  (143,2),  (143,1),  (142,1),  (171,1),  (227,7),  (257,3),  (258,7),  (315,7),  (344,1),  (400,1),  (429,1),  (457,6),  (484,6),  (510,6),  (509,2),  (507,2),  (533,4), 


[Timing] Time passed: 210.437506 s

Posterior Probability: -307.590096
Agreement with demo: 18%
Current angular diffs: 89'

Selected number of demos: 22

-- Positive Demos --
 (441,6),  (495,2),  (435,2),  (434,2),  (350,0),  (240,0),  (183,4),  (96,4),  (93,6),  (119,6),  (147,2),  (144,2),  (142,1),  (171,1),  (256,3),  (257,3),  (344,1),  (457,6),  (510,6),  (509,2),  (507,2),  (533,4), 


[Timing] Time passed: 214.637607 s

Posterior Probability: -124.4829131
Agreement with demo: 9.5%
Current angular diffs: 92'

Selected number of demos: 29

-- Positive Demos --
 (356,1),  (412,1),  (441,6),  (467,6),  (494,2),  (464,4),  (405,5),  (379,0),  (295,0),  (211,0),  (155,0),  (126,4),  (96,4),  (68,2),  (66,6),  (93,6),  (119,6),  (145,2),  (144,2),  (142,1),  (227,7),  (257,3),  (286,7),  (344,1),  (429,1),  (484,6),  (509,2),  (507,2),  (507,6), 


[Timing] Time passed: 211.983245 s

Posterior Probability: -280.4325126
Agreement with demo: 15%
Current angular diffs: 88'

Selected number of demos: 66

-- Positive Demos --
 (329,1),  (356,1),  (385,1),  (412,1),  (441,6),  (468,6),  (467,6),  (495,2),  (494,2),  (493,4),  (492,4),  (464,4),  (435,2),  (434,2),  (405,5),  (379,0),  (350,0),  (323,0),  (295,0),  (268,0),  (240,0),  (211,0),  (183,4),  (155,0),  (126,4),  (97,4),  (96,4),  (68,2),  (67,2),  (66,6),  (93,6),  (120,6),  (119,6),  (147,2),  (146,2),  (145,2),  (144,2),  (143,2),  (143,1),  (142,1),  (171,1),  (198,1),  (227,7),  (256,3),  (257,3),  (258,7),  (286,7),  (315,7),  (316,7),  (344,1),  (373,1),  (400,1),  (429,1),  (457,6),  (484,6),  (483,6),  (510,6),  (509,2),  (508,2),  (507,2),  (507,6),  (533,4), 


[Timing] Time passed: 207.015432 s

Posterior Probability: -297.6137675
Agreement with demo: 18%
Current angular diffs: 93'

Selected number of demos: 43

-- Positive Demos --
 (329,1),  (356,1),  (412,1),  (468,6),  (467,6),  (495,2),  (493,4),  (492,4),  (464,4),  (434,2),  (405,5),  (379,0),  (350,0),  (323,0),  (295,0),  (240,0),  (183,4),  (126,4),  (97,4),  (68,2),  (67,2),  (66,6),  (93,6),  (120,6),  (119,6),  (147,2),  (146,2),  (145,2),  (144,2),  (143,1),  (171,1),  (227,7),  (257,3),  (286,7),  (315,7),  (344,1),  (400,1),  (457,6),  (483,6),  (509,2),  (508,2),  (507,2),  (533,4), 


[Timing] Time passed: 204.007376 s

Posterior Probability: -245.0276591
Agreement with demo: 13%
Current angular diffs: 91'

Selected number of demos: 31

-- Positive Demos --
 (356,1),  (385,1),  (412,1),  (441,6),  (495,2),  (492,4),  (434,2),  (379,0),  (350,0),  (295,0),  (183,4),  (155,0),  (96,4),  (93,6),  (120,6),  (119,6),  (147,2),  (146,2),  (145,2),  (143,1),  (142,1),  (256,3),  (286,7),  (344,1),  (457,6),  (484,6),  (483,6),  (509,2),  (508,2),  (507,2),  (533,4), 


[Timing] Time passed: 208.268722 s

Posterior Probability: -353.9005967
Agreement with demo: 20%
Current angular diffs: 87'

Selected number of demos: 45

-- Positive Demos --
 (356,1),  (412,1),  (468,6),  (467,6),  (495,2),  (493,4),  (492,4),  (435,2),  (434,2),  (405,5),  (379,0),  (323,0),  (268,0),  (240,0),  (183,4),  (126,4),  (96,4),  (68,2),  (67,2),  (93,6),  (120,6),  (147,2),  (146,2),  (145,2),  (144,2),  (143,1),  (142,1),  (171,1),  (198,1),  (227,7),  (256,3),  (258,7),  (286,7),  (315,7),  (316,7),  (344,1),  (373,1),  (400,1),  (457,6),  (483,6),  (509,2),  (508,2),  (507,6), 


[Timing] Time passed: 209.414711 s

Posterior Probability: -277.9053844
Agreement with demo: 7.1%
Current angular diffs: 91'

Selected number of demos: 26

-- Positive Demos --
 (329,1),  (441,6),  (467,6),  (495,2),  (464,4),  (405,5),  (323,0),  (295,0),  (211,0),  (126,4),  (96,4),  (66,6),  (93,6),  (147,2),  (145,2),  (143,2),  (171,1),  (256,3),  (258,7),  (286,7),  (344,1),  (373,1),  (429,1),  (484,6),  (508,2), 


[Timing] Time passed: 202.003725 s

Posterior Probability: -86.55375833
Agreement with demo: 7.1%
Current angular diffs: 96'

Selected number of demos: 34

-- Positive Demos --
 (329,1),  (412,1),  (467,6),  (493,4),  (435,2),  (405,5),  (379,0),  (350,0),  (323,0),  (268,0),  (183,4),  (155,0),  (126,4),  (96,4),  (66,6),  (93,6),  (119,6),  (147,2),  (145,2),  (144,2),  (142,1),  (198,1),  (256,3),  (286,7),  (315,7),  (344,1),  (400,1),  (484,6),  (510,6),  (508,2),  (533,4), 


[Timing] Time passed: 204.138096 s

Posterior Probability: -85.92537378
Agreement with demo: 17%
Current angular diffs: 91'

Selected number of demos: 66

-- Positive Demos --
 (329,1),  (356,1),  (385,1),  (412,1),  (441,6),  (468,6),  (467,6),  (495,2),  (494,2),  (493,4),  (492,4),  (464,4),  (435,2),  (434,2),  (405,5),  (379,0),  (350,0),  (323,0),  (295,0),  (268,0),  (240,0),  (211,0),  (183,4),  (155,0),  (126,4),  (97,4),  (96,4),  (68,2),  (67,2),  (66,6),  (93,6),  (120,6),  (119,6),  (147,2),  (146,2),  (145,2),  (144,2),  (143,2),  (143,1),  (142,1),  (171,1),  (198,1),  (227,7),  (256,3),  (257,3),  (258,7),  (286,7),  (315,7),  (316,7),  (344,1),  (373,1),  (400,1),  (429,1),  (457,6),  (484,6),  (483,6),  (510,6),  (509,2),  (508,2),  (507,2),  (507,6),  (533,4), 


[Timing] Time passed: 208.405445 s

Posterior Probability: -494.0277798
Agreement with demo: 2.4%
Current angular diffs: 1e+02'

Selected number of demos: 46

-- Positive Demos --
 (329,1),  (356,1),  (385,1),  (441,6),  (467,6),  (494,2),  (493,4),  (464,4),  (434,2),  (405,5),  (379,0),  (323,0),  (268,0),  (240,0),  (211,0),  (183,4),  (126,4),  (97,4),  (96,4),  (68,2),  (67,2),  (66,6),  (93,6),  (119,6),  (146,2),  (145,2),  (144,2),  (143,1),  (142,1),  (171,1),  (227,7),  (256,3),  (257,3),  (286,7),  (316,7),  (344,1),  (373,1),  (429,1),  (484,6),  (510,6),  (508,2),  (507,2),  (507,6),  (533,4), 


[Timing] Time passed: 205.881561 s

Posterior Probability: -364.7541716
Agreement with demo: 9.5%
Current angular diffs: 85'

Selected number of demos: 29

-- Positive Demos --
 (385,1),  (468,6),  (494,2),  (492,4),  (434,2),  (405,5),  (323,0),  (268,0),  (183,4),  (126,4),  (96,4),  (67,2),  (93,6),  (120,6),  (147,2),  (145,2),  (144,2),  (143,1),  (171,1),  (227,7),  (257,3),  (258,7),  (316,7),  (400,1),  (429,1),  (484,6),  (510,6),  (507,2),  (507,6), 


[Timing] Time passed: 207.008916 s

Posterior Probability: -323.4277135
Agreement with demo: 4.8%
Current angular diffs: 97'

Selected number of demos: 41

-- Positive Demos --
 (356,1),  (412,1),  (468,6),  (467,6),  (494,2),  (493,4),  (464,4),  (435,2),  (434,2),  (405,5),  (350,0),  (323,0),  (295,0),  (240,0),  (211,0),  (155,0),  (126,4),  (97,4),  (96,4),  (67,2),  (66,6),  (93,6),  (119,6),  (146,2),  (145,2),  (144,2),  (143,1),  (171,1),  (198,1),  (256,3),  (258,7),  (315,7),  (316,7),  (373,1),  (429,1),  (484,6),  (510,6),  (508,2),  (507,6),  (533,4), 


[Timing] Time passed: 213.631928 s

Posterior Probability: -283.8376358
Agreement with demo: 14%
Current angular diffs: 89'

Selected number of demos: 20

-- Positive Demos --
 (441,6),  (494,2),  (464,4),  (379,0),  (240,0),  (155,0),  (97,4),  (96,4),  (68,2),  (93,6),  (146,2),  (143,1),  (256,3),  (258,7),  (286,7),  (373,1),  (483,6),  (510,6),  (507,2),  (533,4), 


[Timing] Time passed: 213.56751 s

Posterior Probability: -90.83108987
Agreement with demo: 14%
Current angular diffs: 90'

Selected number of demos: 22

-- Positive Demos --
 (329,1),  (356,1),  (385,1),  (495,2),  (492,4),  (464,4),  (405,5),  (379,0),  (240,0),  (126,4),  (68,2),  (66,6),  (120,6),  (146,2),  (143,1),  (142,1),  (257,3),  (344,1),  (400,1),  (484,6),  (509,2), 


[Timing] Time passed: 212.484925 s

Posterior Probability: -283.1350277
Agreement with demo: 14%
Current angular diffs: 89'

Selected number of demos: 66

-- Positive Demos --
 (329,1),  (356,1),  (385,1),  (412,1),  (441,6),  (468,6),  (467,6),  (495,2),  (494,2),  (493,4),  (492,4),  (464,4),  (435,2),  (434,2),  (405,5),  (379,0),  (350,0),  (323,0),  (295,0),  (268,0),  (240,0),  (211,0),  (183,4),  (155,0),  (126,4),  (97,4),  (96,4),  (68,2),  (67,2),  (66,6),  (93,6),  (120,6),  (119,6),  (147,2),  (146,2),  (145,2),  (144,2),  (143,2),  (143,1),  (142,1),  (171,1),  (198,1),  (227,7),  (256,3),  (257,3),  (258,7),  (286,7),  (315,7),  (316,7),  (344,1),  (373,1),  (400,1),  (429,1),  (457,6),  (484,6),  (483,6),  (510,6),  (509,2),  (508,2),  (507,2),  (507,6),  (533,4), 


[Timing] Time passed: 176.233221 s

Posterior Probability: -309.5037473
Agreement with demo: 11%
Current angular diffs: 80'

Selected number of demos: 42

-- Positive Demos --
 (356,1),  (412,1),  (468,6),  (495,2),  (494,2),  (493,4),  (492,4),  (435,2),  (434,2),  (405,5),  (379,0),  (323,0),  (268,0),  (240,0),  (211,0),  (183,4),  (126,4),  (97,4),  (68,2),  (67,2),  (93,6),  (119,6),  (146,2),  (145,2),  (144,2),  (143,1),  (171,1),  (198,1),  (256,3),  (257,3),  (286,7),  (315,7),  (344,1),  (400,1),  (457,6),  (484,6),  (510,6),  (509,2),  (508,2),  (507,2),  (507,6), 


[Timing] Time passed: 155.212024 s

Posterior Probability: -369.0426457
Agreement with demo: 11%
Current angular diffs: 92'

Selected number of demos: 29

-- Positive Demos --
 (356,1),  (441,6),  (495,2),  (493,4),  (435,2),  (405,5),  (350,0),  (268,0),  (240,0),  (155,0),  (126,4),  (68,2),  (66,6),  (93,6),  (119,6),  (145,2),  (144,2),  (142,1),  (227,7),  (257,3),  (315,7),  (373,1),  (429,1),  (483,6),  (510,6),  (508,2),  (507,6), 


[Timing] Time passed: 172.350539 s

Posterior Probability: -258.5676819
Agreement with demo: 15%
Current angular diffs: 87'

Selected number of demos: 46

-- Positive Demos --
 (329,1),  (385,1),  (412,1),  (441,6),  (468,6),  (467,6),  (495,2),  (494,2),  (493,4),  (492,4),  (464,4),  (434,2),  (405,5),  (379,0),  (323,0),  (295,0),  (268,0),  (240,0),  (183,4),  (155,0),  (126,4),  (97,4),  (68,2),  (67,2),  (93,6),  (120,6),  (119,6),  (146,2),  (145,2),  (143,2),  (142,1),  (198,1),  (227,7),  (257,3),  (286,7),  (315,7),  (316,7),  (373,1),  (400,1),  (429,1),  (457,6),  (484,6),  (510,6),  (508,2),  (507,6),  (533,4), 


[Timing] Time passed: 150.117932 s

Posterior Probability: -311.6494702
Agreement with demo: 7.1%
Current angular diffs: 94'

Selected number of demos: 29

-- Positive Demos --
 (356,1),  (468,6),  (467,6),  (494,2),  (493,4),  (492,4),  (435,2),  (379,0),  (295,0),  (211,0),  (126,4),  (96,4),  (68,2),  (67,2),  (66,6),  (93,6),  (120,6),  (145,2),  (142,1),  (256,3),  (258,7),  (286,7),  (344,1),  (400,1),  (429,1),  (510,6),  (507,6), 


[Timing] Time passed: 139.184918 s

Posterior Probability: -202.3477288
Agreement with demo: 24%
Current angular diffs: 85'

Selected number of demos: 32

-- Positive Demos --
 (329,1),  (385,1),  (468,6),  (494,2),  (492,4),  (464,4),  (435,2),  (434,2),  (405,5),  (350,0),  (295,0),  (268,0),  (211,0),  (155,0),  (97,4),  (96,4),  (67,2),  (93,6),  (147,2),  (145,2),  (143,2),  (142,1),  (198,1),  (256,3),  (257,3),  (315,7),  (373,1),  (429,1),  (484,6),  (510,6),  (508,2),  (507,2), 


[Timing] Time passed: 143.783036 s

Posterior Probability: -223.1171439
Agreement with demo: 9.5%
Current angular diffs: 93'

Selected number of demos: 33

-- Positive Demos --
 (356,1),  (385,1),  (412,1),  (468,6),  (467,6),  (495,2),  (492,4),  (435,2),  (405,5),  (379,0),  (323,0),  (295,0),  (211,0),  (183,4),  (126,4),  (97,4),  (67,2),  (93,6),  (147,2),  (146,2),  (145,2),  (143,2),  (143,1),  (198,1),  (256,3),  (257,3),  (258,7),  (315,7),  (373,1),  (457,6),  (510,6),  (508,2),  (533,4), 


[Timing] Time passed: 145.465464 s

Posterior Probability: -433.4657476
Agreement with demo: 12%
Current angular diffs: 89'

Selected number of demos: 66

-- Positive Demos --
 (329,1),  (356,1),  (385,1),  (412,1),  (441,6),  (468,6),  (467,6),  (495,2),  (494,2),  (493,4),  (492,4),  (464,4),  (435,2),  (434,2),  (405,5),  (379,0),  (350,0),  (323,0),  (295,0),  (268,0),  (240,0),  (211,0),  (183,4),  (155,0),  (126,4),  (97,4),  (96,4),  (68,2),  (67,2),  (66,6),  (93,6),  (120,6),  (119,6),  (147,2),  (146,2),  (145,2),  (144,2),  (143,2),  (143,1),  (142,1),  (171,1),  (198,1),  (227,7),  (256,3),  (257,3),  (258,7),  (286,7),  (315,7),  (316,7),  (344,1),  (373,1),  (400,1),  (429,1),  (457,6),  (484,6),  (483,6),  (510,6),  (509,2),  (508,2),  (507,2),  (507,6),  (533,4), 


[Timing] Time passed: 147.304983 s

Posterior Probability: -567.5861156
Agreement with demo: 15%
Current angular diffs: 87'

Selected number of demos: 66

-- Positive Demos --
 (329,1),  (356,1),  (385,1),  (412,1),  (441,6),  (468,6),  (467,6),  (495,2),  (494,2),  (493,4),  (492,4),  (464,4),  (435,2),  (434,2),  (405,5),  (379,0),  (350,0),  (323,0),  (295,0),  (268,0),  (240,0),  (211,0),  (183,4),  (155,0),  (126,4),  (97,4),  (96,4),  (68,2),  (67,2),  (66,6),  (93,6),  (120,6),  (119,6),  (147,2),  (146,2),  (145,2),  (144,2),  (143,2),  (143,1),  (142,1),  (171,1),  (198,1),  (227,7),  (256,3),  (257,3),  (258,7),  (286,7),  (315,7),  (316,7),  (344,1),  (373,1),  (400,1),  (429,1),  (457,6),  (484,6),  (483,6),  (510,6),  (509,2),  (508,2),  (507,2),  (507,6),  (533,4), 


[Timing] Time passed: 152.750753 s

Posterior Probability: -483.8715111
Agreement with demo: 3.6%
Current angular diffs: 98'

Selected number of demos: 22

-- Positive Demos --
 (441,6),  (468,6),  (494,2),  (493,4),  (435,2),  (350,0),  (323,0),  (295,0),  (183,4),  (155,0),  (126,4),  (68,2),  (120,6),  (119,6),  (146,2),  (143,1),  (227,7),  (315,7),  (400,1),  (457,6),  (510,6),  (508,2), 


[Timing] Time passed: 152.104695 s

Posterior Probability: -403.2791643
Agreement with demo: 12%
Current angular diffs: 91'

Selected number of demos: 32

-- Positive Demos --
 (385,1),  (441,6),  (467,6),  (494,2),  (464,4),  (405,5),  (379,0),  (295,0),  (268,0),  (240,0),  (211,0),  (183,4),  (126,4),  (68,2),  (67,2),  (93,6),  (119,6),  (146,2),  (144,2),  (142,1),  (171,1),  (256,3),  (286,7),  (316,7),  (344,1),  (373,1),  (400,1),  (457,6),  (483,6),  (508,2),  (507,6),  (533,4), 


[Timing] Time passed: 151.876499 s

Posterior Probability: -267.3455929
Agreement with demo: 18%
Current angular diffs: 87'

Selected number of demos: 30

-- Positive Demos --
 (356,1),  (385,1),  (468,6),  (467,6),  (494,2),  (492,4),  (434,2),  (405,5),  (350,0),  (295,0),  (240,0),  (155,0),  (126,4),  (96,4),  (66,6),  (93,6),  (119,6),  (146,2),  (145,2),  (143,2),  (143,1),  (198,1),  (257,3),  (286,7),  (344,1),  (429,1),  (484,6),  (483,6),  (508,2),  (507,2), 


[Timing] Time passed: 168.993953 s

Posterior Probability: -270.588288
Agreement with demo: 19%
Current angular diffs: 80'

Selected number of demos: 31

-- Positive Demos --
 (356,1),  (441,6),  (467,6),  (494,2),  (492,4),  (435,2),  (434,2),  (405,5),  (350,0),  (268,0),  (211,0),  (126,4),  (97,4),  (96,4),  (66,6),  (93,6),  (147,2),  (145,2),  (144,2),  (142,1),  (198,1),  (227,7),  (258,7),  (315,7),  (373,1),  (429,1),  (457,6),  (484,6),  (509,2),  (508,2),  (533,4), 


[Timing] Time passed: 154.770721 s

Posterior Probability: -291.9169818
Agreement with demo: 8.3%
Current angular diffs: 95'

Selected number of demos: 66

-- Positive Demos --
 (329,1),  (356,1),  (385,1),  (412,1),  (441,6),  (468,6),  (467,6),  (495,2),  (494,2),  (493,4),  (492,4),  (464,4),  (435,2),  (434,2),  (405,5),  (379,0),  (350,0),  (323,0),  (295,0),  (268,0),  (240,0),  (211,0),  (183,4),  (155,0),  (126,4),  (97,4),  (96,4),  (68,2),  (67,2),  (66,6),  (93,6),  (120,6),  (119,6),  (147,2),  (146,2),  (145,2),  (144,2),  (143,2),  (143,1),  (142,1),  (171,1),  (198,1),  (227,7),  (256,3),  (257,3),  (258,7),  (286,7),  (315,7),  (316,7),  (344,1),  (373,1),  (400,1),  (429,1),  (457,6),  (484,6),  (483,6),  (510,6),  (509,2),  (508,2),  (507,2),  (507,6),  (533,4), 


[Timing] Time passed: 163.513571 s

Posterior Probability: -158.4232887
Agreement with demo: 20%
Current angular diffs: 87'

Selected number of demos: 23

-- Positive Demos --
 (356,1),  (412,1),  (441,6),  (493,4),  (464,4),  (405,5),  (323,0),  (295,0),  (268,0),  (211,0),  (126,4),  (68,2),  (93,6),  (146,2),  (143,1),  (171,1),  (257,3),  (315,7),  (316,7),  (429,1),  (483,6),  (510,6),  (507,6), 


[Timing] Time passed: 153.884858 s

Posterior Probability: -242.2182361
Agreement with demo: 17%
Current angular diffs: 72'

Selected number of demos: 42

-- Positive Demos --
 (356,1),  (385,1),  (441,6),  (467,6),  (494,2),  (492,4),  (464,4),  (435,2),  (405,5),  (379,0),  (323,0),  (295,0),  (268,0),  (211,0),  (155,0),  (126,4),  (96,4),  (67,2),  (66,6),  (93,6),  (120,6),  (119,6),  (146,2),  (145,2),  (144,2),  (143,2),  (143,1),  (142,1),  (198,1),  (256,3),  (258,7),  (315,7),  (344,1),  (373,1),  (400,1),  (429,1),  (484,6),  (483,6),  (510,6),  (509,2),  (507,2),  (533,4), 


[Timing] Time passed: 153.248318 s

Posterior Probability: -345.5823638
Agreement with demo: 11%
Current angular diffs: 93'

Selected number of demos: 33

-- Positive Demos --
 (385,1),  (412,1),  (441,6),  (468,6),  (467,6),  (494,2),  (464,4),  (434,2),  (379,0),  (323,0),  (295,0),  (268,0),  (211,0),  (126,4),  (96,4),  (66,6),  (120,6),  (146,2),  (145,2),  (144,2),  (143,1),  (198,1),  (227,7),  (257,3),  (286,7),  (315,7),  (316,7),  (400,1),  (457,6),  (484,6),  (509,2),  (507,2),  (507,6), 


[Timing] Time passed: 152.595467 s

Posterior Probability: -267.3233348
Agreement with demo: 18%
Current angular diffs: 83'

Selected number of demos: 66

-- Positive Demos --
 (329,1),  (356,1),  (385,1),  (412,1),  (441,6),  (468,6),  (467,6),  (495,2),  (494,2),  (493,4),  (492,4),  (464,4),  (435,2),  (434,2),  (405,5),  (379,0),  (350,0),  (323,0),  (295,0),  (268,0),  (240,0),  (211,0),  (183,4),  (155,0),  (126,4),  (97,4),  (96,4),  (68,2),  (67,2),  (66,6),  (93,6),  (120,6),  (119,6),  (147,2),  (146,2),  (145,2),  (144,2),  (143,2),  (143,1),  (142,1),  (171,1),  (198,1),  (227,7),  (256,3),  (257,3),  (258,7),  (286,7),  (315,7),  (316,7),  (344,1),  (373,1),  (400,1),  (429,1),  (457,6),  (484,6),  (483,6),  (510,6),  (509,2),  (508,2),  (507,2),  (507,6),  (533,4), 


[Timing] Time passed: 148.748669 s

Posterior Probability: -402.4573406
Agreement with demo: 11%
Current angular diffs: 93'

Selected number of demos: 66

-- Positive Demos --
 (329,1),  (356,1),  (385,1),  (412,1),  (441,6),  (468,6),  (467,6),  (495,2),  (494,2),  (493,4),  (492,4),  (464,4),  (435,2),  (434,2),  (405,5),  (379,0),  (350,0),  (323,0),  (295,0),  (268,0),  (240,0),  (211,0),  (183,4),  (155,0),  (126,4),  (97,4),  (96,4),  (68,2),  (67,2),  (66,6),  (93,6),  (120,6),  (119,6),  (147,2),  (146,2),  (145,2),  (144,2),  (143,2),  (143,1),  (142,1),  (171,1),  (198,1),  (227,7),  (256,3),  (257,3),  (258,7),  (286,7),  (315,7),  (316,7),  (344,1),  (373,1),  (400,1),  (429,1),  (457,6),  (484,6),  (483,6),  (510,6),  (509,2),  (508,2),  (507,2),  (507,6),  (533,4), 


[Timing] Time passed: 137.512387 s

Posterior Probability: -464.0713096
Agreement with demo: 15%
Current angular diffs: 87'

Selected number of demos: 36

-- Positive Demos --
 (356,1),  (412,1),  (441,6),  (467,6),  (494,2),  (464,4),  (405,5),  (379,0),  (350,0),  (323,0),  (295,0),  (268,0),  (211,0),  (126,4),  (97,4),  (68,2),  (67,2),  (66,6),  (93,6),  (120,6),  (147,2),  (145,2),  (143,2),  (143,1),  (198,1),  (257,3),  (258,7),  (286,7),  (316,7),  (400,1),  (429,1),  (483,6),  (510,6),  (508,2),  (507,2), 


[Timing] Time passed: 125.404111 s

Posterior Probability: -211.8893339
Agreement with demo: 11%
Current angular diffs: 89'

-----------------------------
Avg angular diffs: 72'
-- learned weights --
Feature Weights: -0.784, -0.1115, -0.574, -0.1, 
