loading features...

Initializing gridworld of size 28 by 22..
    Num states: 616
    Num actions: 8

Total number of demos: 62

Selected number of demos: 62

-- Positive Demos --
 (430,5),  (431,3),  (431,7),  (432,7),  (461,7),  (490,3),  (519,3),  (520,3),  (522,3),  (523,3),  (524,3),  (525,3),  (498,5),  (499,0),  (471,0),  (443,5),  (415,5),  (389,5),  (360,0),  (333,0),  (305,0),  (277,2),  (277,6),  (304,6),  (303,2),  (302,2),  (301,2),  (300,2),  (327,2),  (326,2),  (325,2),  (295,2),  (294,2),  (293,4),  (291,4),  (262,4),  (234,4),  (233,4),  (203,4),  (202,4),  (175,0),  (147,5),  (119,5),  (120,5),  (93,3),  (94,3),  (96,3),  (97,3),  (98,3),  (99,7),  (128,3),  (129,3),  (130,5),  (102,5),  (75,5),  (75,3),  (77,3),  (49,3),  (50,3),  (51,7), 


[Timing] Time passed: 288.585864 s

Posterior Probability: -731.022822
Agreement with demo: 17%
Current angular diffs: 89'

Selected number of demos: 23

-- Positive Demos --
 (432,7),  (490,3),  (522,3),  (498,5),  (443,5),  (333,0),  (305,0),  (304,6),  (302,2),  (300,2),  (325,2),  (291,4),  (234,4),  (202,4),  (120,5),  (96,3),  (98,3),  (99,7),  (129,3),  (75,5),  (75,3),  (77,3),  (49,3), 


[Timing] Time passed: 285.268325 s

Posterior Probability: -223.762565
Agreement with demo: 13%
Current angular diffs: 95'

Selected number of demos: 62

-- Positive Demos --
 (430,5),  (431,3),  (431,7),  (432,7),  (461,7),  (490,3),  (519,3),  (520,3),  (522,3),  (523,3),  (524,3),  (525,3),  (498,5),  (499,0),  (471,0),  (443,5),  (415,5),  (389,5),  (360,0),  (333,0),  (305,0),  (277,2),  (277,6),  (304,6),  (303,2),  (302,2),  (301,2),  (300,2),  (327,2),  (326,2),  (325,2),  (295,2),  (294,2),  (293,4),  (291,4),  (262,4),  (234,4),  (233,4),  (203,4),  (202,4),  (175,0),  (147,5),  (119,5),  (120,5),  (93,3),  (94,3),  (96,3),  (97,3),  (98,3),  (99,7),  (128,3),  (129,3),  (130,5),  (102,5),  (75,5),  (75,3),  (77,3),  (49,3),  (50,3),  (51,7), 


[Timing] Time passed: 264.410338 s

Posterior Probability: -249.2848691
Agreement with demo: 9.3%
Current angular diffs: 92'

Selected number of demos: 42

-- Positive Demos --
 (430,5),  (431,3),  (431,7),  (461,7),  (519,3),  (520,3),  (523,3),  (524,3),  (498,5),  (471,0),  (415,5),  (389,5),  (360,0),  (333,0),  (305,0),  (277,2),  (304,6),  (302,2),  (301,2),  (327,2),  (326,2),  (325,2),  (294,2),  (291,4),  (234,4),  (203,4),  (202,4),  (175,0),  (119,5),  (120,5),  (93,3),  (96,3),  (98,3),  (99,7),  (128,3),  (129,3),  (130,5),  (75,5),  (75,3),  (49,3),  (50,3),  (51,7), 


[Timing] Time passed: 253.547081 s

Posterior Probability: -110.0031099
Agreement with demo: 21%
Current angular diffs: 85'

Selected number of demos: 23

-- Positive Demos --
 (431,3),  (431,7),  (490,3),  (522,3),  (524,3),  (498,5),  (443,5),  (360,0),  (333,0),  (304,6),  (300,2),  (295,2),  (293,4),  (203,4),  (202,4),  (147,5),  (120,5),  (94,3),  (96,3),  (128,3),  (130,5),  (102,5),  (50,3), 


[Timing] Time passed: 251.188783 s

Posterior Probability: -315.175018
Agreement with demo: 9.3%
Current angular diffs: 91'

Selected number of demos: 62

-- Positive Demos --
 (430,5),  (431,3),  (431,7),  (432,7),  (461,7),  (490,3),  (519,3),  (520,3),  (522,3),  (523,3),  (524,3),  (525,3),  (498,5),  (499,0),  (471,0),  (443,5),  (415,5),  (389,5),  (360,0),  (333,0),  (305,0),  (277,2),  (277,6),  (304,6),  (303,2),  (302,2),  (301,2),  (300,2),  (327,2),  (326,2),  (325,2),  (295,2),  (294,2),  (293,4),  (291,4),  (262,4),  (234,4),  (233,4),  (203,4),  (202,4),  (175,0),  (147,5),  (119,5),  (120,5),  (93,3),  (94,3),  (96,3),  (97,3),  (98,3),  (99,7),  (128,3),  (129,3),  (130,5),  (102,5),  (75,5),  (75,3),  (77,3),  (49,3),  (50,3),  (51,7), 


[Timing] Time passed: 246.963017 s

Posterior Probability: -488.1049241
Agreement with demo: 5.3%
Current angular diffs: 88'

Selected number of demos: 29

-- Positive Demos --
 (431,3),  (461,7),  (519,3),  (522,3),  (525,3),  (471,0),  (443,5),  (415,5),  (360,0),  (305,0),  (277,2),  (303,2),  (300,2),  (326,2),  (325,2),  (293,4),  (234,4),  (233,4),  (203,4),  (175,0),  (120,5),  (93,3),  (97,3),  (128,3),  (130,5),  (75,3),  (77,3),  (49,3),  (51,7), 


[Timing] Time passed: 243.710267 s

Posterior Probability: -146.8889401
Agreement with demo: 8%
Current angular diffs: 90'

Selected number of demos: 27

-- Positive Demos --
 (432,7),  (519,3),  (524,3),  (498,5),  (499,0),  (389,5),  (360,0),  (305,0),  (277,6),  (301,2),  (300,2),  (325,2),  (295,2),  (294,2),  (291,4),  (234,4),  (175,0),  (147,5),  (120,5),  (94,3),  (96,3),  (99,7),  (128,3),  (129,3),  (75,5),  (50,3), 


[Timing] Time passed: 242.603249 s

Posterior Probability: -93.12560475
Agreement with demo: 5.3%
Current angular diffs: 90'

Selected number of demos: 29

-- Positive Demos --
 (431,3),  (461,7),  (520,3),  (523,3),  (498,5),  (499,0),  (415,5),  (389,5),  (360,0),  (305,0),  (277,6),  (302,2),  (327,2),  (295,2),  (294,2),  (293,4),  (262,4),  (203,4),  (175,0),  (119,5),  (120,5),  (93,3),  (97,3),  (99,7),  (129,3),  (130,5),  (102,5),  (77,3),  (50,3), 


[Timing] Time passed: 242.010904 s

Posterior Probability: -427.5739291
Agreement with demo: 9.3%
Current angular diffs: 97'

Selected number of demos: 23

-- Positive Demos --
 (431,3),  (461,7),  (490,3),  (523,3),  (524,3),  (499,0),  (471,0),  (389,5),  (305,0),  (304,6),  (301,2),  (325,2),  (291,4),  (203,4),  (147,5),  (120,5),  (94,3),  (97,3),  (129,3),  (102,5),  (77,3),  (49,3),  (50,3), 


[Timing] Time passed: 247.789557 s

Posterior Probability: -170.6232469
Agreement with demo: 15%
Current angular diffs: 88'

Selected number of demos: 27

-- Positive Demos --
 (431,7),  (490,3),  (519,3),  (522,3),  (525,3),  (471,0),  (389,5),  (305,0),  (277,2),  (304,6),  (302,2),  (327,2),  (326,2),  (295,2),  (294,2),  (262,4),  (234,4),  (202,4),  (119,5),  (93,3),  (96,3),  (97,3),  (128,3),  (130,5),  (75,5),  (77,3),  (50,3), 


[Timing] Time passed: 252.101282 s

Posterior Probability: -221.3882073
Agreement with demo: 23%
Current angular diffs: 83'

Selected number of demos: 31

-- Positive Demos --
 (430,5),  (432,7),  (461,7),  (520,3),  (523,3),  (524,3),  (499,0),  (415,5),  (333,0),  (277,2),  (277,6),  (302,2),  (301,2),  (300,2),  (326,2),  (295,2),  (294,2),  (293,4),  (291,4),  (262,4),  (233,4),  (202,4),  (147,5),  (120,5),  (93,3),  (96,3),  (99,7),  (129,3),  (130,5),  (75,3),  (50,3), 


[Timing] Time passed: 234.319852 s

Posterior Probability: -75.08780075
Agreement with demo: 17%
Current angular diffs: 92'

Selected number of demos: 43

-- Positive Demos --
 (430,5),  (431,3),  (431,7),  (432,7),  (490,3),  (520,3),  (522,3),  (523,3),  (525,3),  (498,5),  (499,0),  (471,0),  (443,5),  (389,5),  (360,0),  (333,0),  (305,0),  (277,2),  (304,6),  (303,2),  (301,2),  (327,2),  (325,2),  (295,2),  (293,4),  (262,4),  (233,4),  (203,4),  (202,4),  (147,5),  (119,5),  (120,5),  (93,3),  (94,3),  (97,3),  (98,3),  (99,7),  (129,3),  (130,5),  (75,5),  (75,3),  (49,3),  (51,7), 


[Timing] Time passed: 244.247992 s

Posterior Probability: -458.0844377
Agreement with demo: 19%
Current angular diffs: 85'

Selected number of demos: 28

-- Positive Demos --
 (430,5),  (461,7),  (520,3),  (522,3),  (498,5),  (471,0),  (360,0),  (305,0),  (277,6),  (303,2),  (301,2),  (300,2),  (326,2),  (325,2),  (295,2),  (262,4),  (202,4),  (147,5),  (120,5),  (94,3),  (98,3),  (99,7),  (129,3),  (75,5),  (75,3),  (77,3),  (50,3),  (51,7), 


[Timing] Time passed: 230.828121 s

Posterior Probability: -63.29835434
Agreement with demo: 4%
Current angular diffs: 91'

Selected number of demos: 39

-- Positive Demos --
 (430,5),  (431,3),  (432,7),  (461,7),  (490,3),  (520,3),  (523,3),  (524,3),  (525,3),  (499,0),  (471,0),  (415,5),  (389,5),  (360,0),  (305,0),  (277,2),  (277,6),  (303,2),  (301,2),  (300,2),  (326,2),  (295,2),  (293,4),  (262,4),  (234,4),  (203,4),  (175,0),  (147,5),  (120,5),  (93,3),  (94,3),  (97,3),  (99,7),  (129,3),  (102,5),  (75,5),  (77,3),  (49,3),  (50,3), 


[Timing] Time passed: 215.321177 s

Posterior Probability: -112.4778692
Agreement with demo: 4%
Current angular diffs: 87'

Selected number of demos: 39

-- Positive Demos --
 (430,5),  (431,3),  (432,7),  (490,3),  (520,3),  (522,3),  (524,3),  (525,3),  (499,0),  (443,5),  (389,5),  (360,0),  (333,0),  (305,0),  (277,6),  (303,2),  (302,2),  (300,2),  (326,2),  (325,2),  (295,2),  (293,4),  (262,4),  (233,4),  (203,4),  (202,4),  (175,0),  (119,5),  (120,5),  (94,3),  (96,3),  (98,3),  (99,7),  (129,3),  (130,5),  (75,5),  (75,3),  (77,3),  (50,3), 


[Timing] Time passed: 225.67218 s

Posterior Probability: -172.203187
Agreement with demo: 6.7%
Current angular diffs: 94'

Selected number of demos: 17

-- Positive Demos --
 (431,7),  (490,3),  (524,3),  (443,5),  (305,0),  (277,2),  (301,2),  (327,2),  (325,2),  (294,2),  (234,4),  (147,5),  (119,5),  (94,3),  (128,3),  (75,3),  (77,3), 


[Timing] Time passed: 218.843227 s

Posterior Probability: -104.2371215
Agreement with demo: 17%
Current angular diffs: 87'

Selected number of demos: 22

-- Positive Demos --
 (431,3),  (490,3),  (519,3),  (522,3),  (525,3),  (499,0),  (471,0),  (415,5),  (305,0),  (277,6),  (303,2),  (300,2),  (326,2),  (293,4),  (234,4),  (175,0),  (119,5),  (93,3),  (98,3),  (128,3),  (75,3),  (50,3), 


[Timing] Time passed: 226.453528 s

Posterior Probability: -207.2664037
Agreement with demo: 9.3%
Current angular diffs: 1e+02'

Selected number of demos: 28

-- Positive Demos --
 (431,3),  (431,7),  (519,3),  (522,3),  (524,3),  (525,3),  (471,0),  (415,5),  (360,0),  (305,0),  (303,2),  (301,2),  (327,2),  (295,2),  (293,4),  (234,4),  (203,4),  (202,4),  (175,0),  (147,5),  (120,5),  (93,3),  (96,3),  (99,7),  (128,3),  (129,3),  (102,5),  (49,3), 


[Timing] Time passed: 219.097793 s

Posterior Probability: -443.2858866
Agreement with demo: 9.3%
Current angular diffs: 1e+02'

Selected number of demos: 62

-- Positive Demos --
 (430,5),  (431,3),  (431,7),  (432,7),  (461,7),  (490,3),  (519,3),  (520,3),  (522,3),  (523,3),  (524,3),  (525,3),  (498,5),  (499,0),  (471,0),  (443,5),  (415,5),  (389,5),  (360,0),  (333,0),  (305,0),  (277,2),  (277,6),  (304,6),  (303,2),  (302,2),  (301,2),  (300,2),  (327,2),  (326,2),  (325,2),  (295,2),  (294,2),  (293,4),  (291,4),  (262,4),  (234,4),  (233,4),  (203,4),  (202,4),  (175,0),  (147,5),  (119,5),  (120,5),  (93,3),  (94,3),  (96,3),  (97,3),  (98,3),  (99,7),  (128,3),  (129,3),  (130,5),  (102,5),  (75,5),  (75,3),  (77,3),  (49,3),  (50,3),  (51,7), 


[Timing] Time passed: 230.194227 s

Posterior Probability: -472.0476859
Agreement with demo: 19%
Current angular diffs: 85'

Selected number of demos: 32

-- Positive Demos --
 (430,5),  (432,7),  (490,3),  (520,3),  (522,3),  (524,3),  (499,0),  (471,0),  (443,5),  (415,5),  (360,0),  (305,0),  (277,2),  (303,2),  (300,2),  (326,2),  (325,2),  (295,2),  (293,4),  (234,4),  (203,4),  (147,5),  (120,5),  (96,3),  (97,3),  (98,3),  (99,7),  (129,3),  (102,5),  (75,3),  (77,3),  (51,7), 


[Timing] Time passed: 214.675024 s

Posterior Probability: -344.9625465
Agreement with demo: 15%
Current angular diffs: 98'

Selected number of demos: 18

-- Positive Demos --
 (432,7),  (461,7),  (522,3),  (525,3),  (415,5),  (305,0),  (277,6),  (302,2),  (325,2),  (295,2),  (293,4),  (234,4),  (175,0),  (120,5),  (97,3),  (128,3),  (75,3),  (51,7), 


[Timing] Time passed: 222.153043 s

Posterior Probability: -53.79250084
Agreement with demo: 5.3%
Current angular diffs: 87'

Selected number of demos: 43

-- Positive Demos --
 (430,5),  (431,7),  (432,7),  (461,7),  (490,3),  (520,3),  (523,3),  (524,3),  (525,3),  (499,0),  (471,0),  (443,5),  (415,5),  (389,5),  (360,0),  (305,0),  (277,2),  (277,6),  (303,2),  (301,2),  (300,2),  (326,2),  (295,2),  (294,2),  (291,4),  (262,4),  (234,4),  (233,4),  (203,4),  (202,4),  (147,5),  (119,5),  (120,5),  (93,3),  (94,3),  (96,3),  (98,3),  (128,3),  (129,3),  (102,5),  (75,3),  (77,3),  (50,3), 


[Timing] Time passed: 223.066047 s

Posterior Probability: -137.0013274
Agreement with demo: 19%
Current angular diffs: 89'

Selected number of demos: 23

-- Positive Demos --
 (431,3),  (490,3),  (519,3),  (522,3),  (498,5),  (415,5),  (333,0),  (277,6),  (304,6),  (301,2),  (326,2),  (293,4),  (291,4),  (262,4),  (203,4),  (119,5),  (94,3),  (99,7),  (129,3),  (75,5),  (77,3),  (49,3),  (50,3), 


[Timing] Time passed: 221.076185 s

Posterior Probability: -134.2894603
Agreement with demo: 6.7%
Current angular diffs: 95'

Selected number of demos: 31

-- Positive Demos --
 (430,5),  (432,7),  (519,3),  (520,3),  (523,3),  (498,5),  (443,5),  (415,5),  (360,0),  (333,0),  (305,0),  (304,6),  (302,2),  (300,2),  (325,2),  (293,4),  (291,4),  (262,4),  (233,4),  (202,4),  (175,0),  (147,5),  (120,5),  (94,3),  (97,3),  (99,7),  (130,5),  (75,5),  (49,3),  (50,3), 


[Timing] Time passed: 212.038425 s

Posterior Probability: -295.6388467
Agreement with demo: 11%
Current angular diffs: 92'

Selected number of demos: 62

-- Positive Demos --
 (430,5),  (431,3),  (431,7),  (432,7),  (461,7),  (490,3),  (519,3),  (520,3),  (522,3),  (523,3),  (524,3),  (525,3),  (498,5),  (499,0),  (471,0),  (443,5),  (415,5),  (389,5),  (360,0),  (333,0),  (305,0),  (277,2),  (277,6),  (304,6),  (303,2),  (302,2),  (301,2),  (300,2),  (327,2),  (326,2),  (325,2),  (295,2),  (294,2),  (293,4),  (291,4),  (262,4),  (234,4),  (233,4),  (203,4),  (202,4),  (175,0),  (147,5),  (119,5),  (120,5),  (93,3),  (94,3),  (96,3),  (97,3),  (98,3),  (99,7),  (128,3),  (129,3),  (130,5),  (102,5),  (75,5),  (75,3),  (77,3),  (49,3),  (50,3),  (51,7), 


[Timing] Time passed: 199.254766 s

Posterior Probability: -176.4731694
Agreement with demo: 17%
Current angular diffs: 88'

Selected number of demos: 24

-- Positive Demos --
 (431,7),  (519,3),  (524,3),  (471,0),  (415,5),  (389,5),  (333,0),  (277,2),  (304,6),  (300,2),  (295,2),  (294,2),  (291,4),  (233,4),  (202,4),  (147,5),  (93,3),  (98,3),  (129,3),  (130,5),  (75,5),  (49,3),  (50,3),  (51,7), 


[Timing] Time passed: 175.580936 s

Posterior Probability: -94.94433075
Agreement with demo: 9.3%
Current angular diffs: 81'

Selected number of demos: 21

-- Positive Demos --
 (431,7),  (490,3),  (523,3),  (525,3),  (443,5),  (305,0),  (277,2),  (303,2),  (326,2),  (293,4),  (233,4),  (175,0),  (93,3),  (94,3),  (128,3),  (129,3),  (130,5),  (102,5),  (49,3),  (51,7), 


[Timing] Time passed: 180.800866 s

Posterior Probability: -49.60845203
Agreement with demo: 13%
Current angular diffs: 98'

-----------------------------
Avg angular diffs: 81'
-- learned weights --
Feature Weights: -0.3755, -0.4965, -0.7035, -0.1, 
