loading features...

Initializing gridworld of size 28 by 22..
    Num states: 616
    Num actions: 8

Total number of demos: 76

Selected number of demos: 37

-- Positive Demos --
 (110,1),  (167,1),  (195,1),  (250,1),  (278,1),  (305,6),  (333,6),  (358,6),  (413,6),  (440,6),  (467,6),  (495,6),  (521,2),  (519,4),  (465,6),  (462,2),  (433,0),  (377,0),  (348,0),  (321,5),  (322,0),  (294,0),  (266,0),  (208,4),  (179,4),  (150,6),  (177,2),  (176,2),  (175,6),  (200,6),  (228,6),  (283,6),  (310,1),  (392,1),  (477,1), 


[Timing] Time passed: 271.142232 s

Posterior Probability: -265.9538201
Agreement with demo: 2.4%
Current angular diffs: 98'

Selected number of demos: 50

-- Positive Demos --
 (110,1),  (138,1),  (138,7),  (167,1),  (195,1),  (250,1),  (305,6),  (333,6),  (358,6),  (386,6),  (413,6),  (440,6),  (467,6),  (495,6),  (522,6),  (521,2),  (519,4),  (466,0),  (463,2),  (461,4),  (433,0),  (377,0),  (348,5),  (321,5),  (322,0),  (294,0),  (266,0),  (238,4),  (208,4),  (179,4),  (150,6),  (177,2),  (176,2),  (175,6),  (200,2),  (200,6),  (228,6),  (256,6),  (283,6),  (310,1),  (337,1),  (366,1),  (392,1),  (477,1),  (505,1), 


[Timing] Time passed: 269.224755 s

Posterior Probability: -493.4372223
Agreement with demo: 18%
Current angular diffs: 80'

Selected number of demos: 76

-- Positive Demos --
 (81,3),  (110,1),  (138,1),  (138,7),  (167,1),  (195,1),  (221,6),  (250,1),  (278,1),  (305,6),  (333,6),  (332,6),  (358,6),  (386,6),  (413,6),  (412,6),  (440,6),  (467,6),  (495,6),  (522,2),  (522,6),  (521,2),  (519,4),  (466,5),  (466,0),  (465,6),  (463,2),  (462,2),  (461,4),  (461,0),  (433,0),  (404,0),  (377,0),  (348,0),  (348,5),  (321,5),  (322,0),  (294,0),  (266,0),  (238,4),  (208,4),  (207,4),  (179,4),  (150,6),  (178,6),  (177,2),  (176,2),  (175,6),  (200,2),  (200,6),  (228,6),  (256,6),  (283,6),  (282,1),  (310,1),  (337,1),  (366,1),  (392,1),  (421,1),  (477,1),  (505,1), 


[Timing] Time passed: 263.973162 s

Posterior Probability: -155.1727854
Agreement with demo: 14%
Current angular diffs: 87'

Selected number of demos: 39

-- Positive Demos --
 (81,3),  (110,1),  (138,1),  (195,1),  (221,6),  (305,6),  (333,6),  (332,6),  (386,6),  (440,6),  (495,6),  (522,6),  (521,2),  (519,4),  (466,5),  (465,6),  (462,2),  (433,0),  (377,0),  (348,0),  (321,5),  (322,0),  (266,0),  (208,4),  (207,4),  (150,6),  (178,6),  (177,2),  (176,2),  (175,6),  (200,2),  (228,6),  (282,1),  (337,1),  (421,1),  (477,1),  (505,1), 


[Timing] Time passed: 267.418063 s

Posterior Probability: -248.8133216
Agreement with demo: 14%
Current angular diffs: 84'

Selected number of demos: 76

-- Positive Demos --
 (81,3),  (110,1),  (138,1),  (138,7),  (167,1),  (195,1),  (221,6),  (250,1),  (278,1),  (305,6),  (333,6),  (332,6),  (358,6),  (386,6),  (413,6),  (412,6),  (440,6),  (467,6),  (495,6),  (522,2),  (522,6),  (521,2),  (519,4),  (466,5),  (466,0),  (465,6),  (463,2),  (462,2),  (461,4),  (461,0),  (433,0),  (404,0),  (377,0),  (348,0),  (348,5),  (321,5),  (322,0),  (294,0),  (266,0),  (238,4),  (208,4),  (207,4),  (179,4),  (150,6),  (178,6),  (177,2),  (176,2),  (175,6),  (200,2),  (200,6),  (228,6),  (256,6),  (283,6),  (282,1),  (310,1),  (337,1),  (366,1),  (392,1),  (421,1),  (477,1),  (505,1), 


[Timing] Time passed: 251.771291 s

Posterior Probability: -212.8465074
Agreement with demo: 6.4%
Current angular diffs: 1e+02'

Selected number of demos: 30

-- Positive Demos --
 (110,1),  (138,7),  (250,1),  (305,6),  (358,6),  (413,6),  (467,6),  (495,6),  (522,6),  (521,2),  (466,5),  (463,2),  (433,0),  (404,0),  (377,0),  (322,0),  (294,0),  (238,4),  (208,4),  (150,6),  (177,2),  (176,2),  (200,2),  (228,6),  (283,6),  (310,1),  (337,1),  (477,1), 


[Timing] Time passed: 253.320518 s

Posterior Probability: -152.9854481
Agreement with demo: 6.4%
Current angular diffs: 95'

Selected number of demos: 76

-- Positive Demos --
 (81,3),  (110,1),  (138,1),  (138,7),  (167,1),  (195,1),  (221,6),  (250,1),  (278,1),  (305,6),  (333,6),  (332,6),  (358,6),  (386,6),  (413,6),  (412,6),  (440,6),  (467,6),  (495,6),  (522,2),  (522,6),  (521,2),  (519,4),  (466,5),  (466,0),  (465,6),  (463,2),  (462,2),  (461,4),  (461,0),  (433,0),  (404,0),  (377,0),  (348,0),  (348,5),  (321,5),  (322,0),  (294,0),  (266,0),  (238,4),  (208,4),  (207,4),  (179,4),  (150,6),  (178,6),  (177,2),  (176,2),  (175,6),  (200,2),  (200,6),  (228,6),  (256,6),  (283,6),  (282,1),  (310,1),  (337,1),  (366,1),  (392,1),  (421,1),  (477,1),  (505,1), 


[Timing] Time passed: 257.333119 s

Posterior Probability: -410.8174955
Agreement with demo: 11%
Current angular diffs: 96'

Selected number of demos: 76

-- Positive Demos --
 (81,3),  (110,1),  (138,1),  (138,7),  (167,1),  (195,1),  (221,6),  (250,1),  (278,1),  (305,6),  (333,6),  (332,6),  (358,6),  (386,6),  (413,6),  (412,6),  (440,6),  (467,6),  (495,6),  (522,2),  (522,6),  (521,2),  (519,4),  (466,5),  (466,0),  (465,6),  (463,2),  (462,2),  (461,4),  (461,0),  (433,0),  (404,0),  (377,0),  (348,0),  (348,5),  (321,5),  (322,0),  (294,0),  (266,0),  (238,4),  (208,4),  (207,4),  (179,4),  (150,6),  (178,6),  (177,2),  (176,2),  (175,6),  (200,2),  (200,6),  (228,6),  (256,6),  (283,6),  (282,1),  (310,1),  (337,1),  (366,1),  (392,1),  (421,1),  (477,1),  (505,1), 


[Timing] Time passed: 249.486364 s

Posterior Probability: -477.4309458
Agreement with demo: 8%
Current angular diffs: 97'

Selected number of demos: 35

-- Positive Demos --
 (110,1),  (138,1),  (138,7),  (221,6),  (250,1),  (278,1),  (333,6),  (386,6),  (413,6),  (440,6),  (495,6),  (522,2),  (521,2),  (466,0),  (463,2),  (461,0),  (377,0),  (321,5),  (322,0),  (266,0),  (238,4),  (208,4),  (207,4),  (150,6),  (178,6),  (177,2),  (176,2),  (175,6),  (200,6),  (228,6),  (283,6),  (310,1),  (366,1),  (477,1), 


[Timing] Time passed: 244.569582 s

Posterior Probability: -151.9732331
Agreement with demo: 2.4%
Current angular diffs: 93'

Selected number of demos: 26

-- Positive Demos --
 (138,1),  (221,6),  (333,6),  (386,6),  (440,6),  (522,2),  (519,4),  (465,6),  (461,4),  (404,0),  (348,0),  (321,5),  (294,0),  (266,0),  (238,4),  (208,4),  (207,4),  (179,4),  (178,6),  (175,6),  (200,2),  (228,6),  (256,6),  (310,1),  (366,1),  (505,1), 


[Timing] Time passed: 253.984879 s

Posterior Probability: -247.4971023
Agreement with demo: 15%
Current angular diffs: 89'

Selected number of demos: 56

-- Positive Demos --
 (81,3),  (110,1),  (138,1),  (167,1),  (221,6),  (250,1),  (305,6),  (332,6),  (358,6),  (386,6),  (412,6),  (440,6),  (467,6),  (495,6),  (522,2),  (521,2),  (466,5),  (465,6),  (463,2),  (462,2),  (461,4),  (461,0),  (404,0),  (377,0),  (348,5),  (321,5),  (322,0),  (266,0),  (238,4),  (208,4),  (207,4),  (179,4),  (150,6),  (177,2),  (176,2),  (175,6),  (200,2),  (200,6),  (228,6),  (256,6),  (283,6),  (310,1),  (337,1),  (366,1),  (392,1),  (421,1),  (477,1),  (505,1), 


[Timing] Time passed: 254.988599 s

Posterior Probability: -174.5186278
Agreement with demo: 12%
Current angular diffs: 85'

Selected number of demos: 51

-- Positive Demos --
 (81,3),  (110,1),  (138,1),  (167,1),  (195,1),  (250,1),  (305,6),  (333,6),  (332,6),  (358,6),  (386,6),  (413,6),  (412,6),  (467,6),  (495,6),  (522,6),  (521,2),  (519,4),  (466,5),  (466,0),  (463,2),  (462,2),  (461,4),  (461,0),  (433,0),  (377,0),  (348,5),  (322,0),  (294,0),  (266,0),  (238,4),  (208,4),  (179,4),  (150,6),  (178,6),  (177,2),  (176,2),  (175,6),  (200,2),  (200,6),  (228,6),  (256,6),  (282,1),  (310,1),  (366,1),  (421,1),  (477,1),  (505,1), 


[Timing] Time passed: 255.759113 s

Posterior Probability: -561.1808698
Agreement with demo: 11%
Current angular diffs: 98'

Selected number of demos: 51

-- Positive Demos --
 (110,1),  (138,7),  (195,1),  (221,6),  (250,1),  (305,6),  (333,6),  (332,6),  (386,6),  (413,6),  (412,6),  (440,6),  (467,6),  (495,6),  (522,2),  (522,6),  (521,2),  (466,5),  (466,0),  (463,2),  (462,2),  (461,0),  (433,0),  (377,0),  (348,5),  (321,5),  (322,0),  (294,0),  (266,0),  (238,4),  (208,4),  (207,4),  (179,4),  (150,6),  (177,2),  (176,2),  (175,6),  (200,6),  (228,6),  (283,6),  (282,1),  (337,1),  (392,1),  (421,1),  (477,1),  (505,1), 


[Timing] Time passed: 230.448548 s

Posterior Probability: -431.4650312
Agreement with demo: 9.6%
Current angular diffs: 97'

Selected number of demos: 33

-- Positive Demos --
 (110,1),  (138,1),  (195,1),  (250,1),  (278,1),  (305,6),  (332,6),  (386,6),  (412,6),  (495,6),  (521,2),  (466,5),  (462,2),  (461,4),  (461,0),  (377,0),  (322,0),  (266,0),  (238,4),  (208,4),  (150,6),  (176,2),  (175,6),  (200,2),  (256,6),  (282,1),  (310,1),  (337,1),  (392,1),  (477,1),  (505,1), 


[Timing] Time passed: 234.259959 s

Posterior Probability: -434.7057401
Agreement with demo: 14%
Current angular diffs: 85'

Selected number of demos: 49

-- Positive Demos --
 (81,3),  (110,1),  (138,7),  (195,1),  (221,6),  (278,1),  (305,6),  (332,6),  (386,6),  (413,6),  (412,6),  (467,6),  (495,6),  (522,6),  (521,2),  (519,4),  (466,5),  (465,6),  (462,2),  (461,4),  (433,0),  (377,0),  (348,5),  (321,5),  (322,0),  (266,0),  (238,4),  (208,4),  (207,4),  (179,4),  (150,6),  (178,6),  (176,2),  (175,6),  (200,2),  (200,6),  (228,6),  (283,6),  (282,1),  (337,1),  (366,1),  (421,1),  (477,1),  (505,1), 


[Timing] Time passed: 237.508689 s

Posterior Probability: -511.5018997
Agreement with demo: 12%
Current angular diffs: 86'

Selected number of demos: 49

-- Positive Demos --
 (81,3),  (110,1),  (138,7),  (167,1),  (221,6),  (278,1),  (305,6),  (333,6),  (332,6),  (358,6),  (386,6),  (412,6),  (440,6),  (495,6),  (522,2),  (521,2),  (519,4),  (466,0),  (465,6),  (462,2),  (461,0),  (404,0),  (377,0),  (348,0),  (321,5),  (322,0),  (294,0),  (266,0),  (238,4),  (208,4),  (179,4),  (150,6),  (178,6),  (177,2),  (176,2),  (175,6),  (200,6),  (228,6),  (256,6),  (283,6),  (310,1),  (366,1),  (421,1),  (477,1),  (505,1), 


[Timing] Time passed: 232.213699 s

Posterior Probability: -119.8090114
Agreement with demo: 9.6%
Current angular diffs: 89'

Selected number of demos: 31

-- Positive Demos --
 (110,1),  (138,7),  (167,1),  (250,1),  (305,6),  (386,6),  (467,6),  (522,6),  (521,2),  (519,4),  (466,0),  (463,2),  (462,2),  (404,0),  (348,5),  (322,0),  (294,0),  (266,0),  (208,4),  (150,6),  (176,2),  (200,6),  (256,6),  (337,1),  (477,1),  (505,1), 


[Timing] Time passed: 206.928238 s

Posterior Probability: -159.2252567
Agreement with demo: 14%
Current angular diffs: 90'

Selected number of demos: 76

-- Positive Demos --
 (81,3),  (110,1),  (138,1),  (138,7),  (167,1),  (195,1),  (221,6),  (250,1),  (278,1),  (305,6),  (333,6),  (332,6),  (358,6),  (386,6),  (413,6),  (412,6),  (440,6),  (467,6),  (495,6),  (522,2),  (522,6),  (521,2),  (519,4),  (466,5),  (466,0),  (465,6),  (463,2),  (462,2),  (461,4),  (461,0),  (433,0),  (404,0),  (377,0),  (348,0),  (348,5),  (321,5),  (322,0),  (294,0),  (266,0),  (238,4),  (208,4),  (207,4),  (179,4),  (150,6),  (178,6),  (177,2),  (176,2),  (175,6),  (200,2),  (200,6),  (228,6),  (256,6),  (283,6),  (282,1),  (310,1),  (337,1),  (366,1),  (392,1),  (421,1),  (477,1),  (505,1), 


[Timing] Time passed: 230.088407 s

Posterior Probability: -315.6743576
Agreement with demo: 5.6%
Current angular diffs: 1e+02'

Selected number of demos: 25

-- Positive Demos --
 (138,1),  (221,6),  (250,1),  (305,6),  (358,6),  (386,6),  (413,6),  (467,6),  (495,6),  (519,4),  (463,2),  (404,0),  (322,0),  (266,0),  (208,4),  (150,6),  (175,6),  (228,6),  (282,1),  (310,1),  (392,1),  (505,1), 


[Timing] Time passed: 235.057905 s

Posterior Probability: -233.4274595
Agreement with demo: 14%
Current angular diffs: 89'

Selected number of demos: 76

-- Positive Demos --
 (81,3),  (110,1),  (138,1),  (138,7),  (167,1),  (195,1),  (221,6),  (250,1),  (278,1),  (305,6),  (333,6),  (332,6),  (358,6),  (386,6),  (413,6),  (412,6),  (440,6),  (467,6),  (495,6),  (522,2),  (522,6),  (521,2),  (519,4),  (466,5),  (466,0),  (465,6),  (463,2),  (462,2),  (461,4),  (461,0),  (433,0),  (404,0),  (377,0),  (348,0),  (348,5),  (321,5),  (322,0),  (294,0),  (266,0),  (238,4),  (208,4),  (207,4),  (179,4),  (150,6),  (178,6),  (177,2),  (176,2),  (175,6),  (200,2),  (200,6),  (228,6),  (256,6),  (283,6),  (282,1),  (310,1),  (337,1),  (366,1),  (392,1),  (421,1),  (477,1),  (505,1), 


[Timing] Time passed: 214.271911 s

Posterior Probability: -296.4335926
Agreement with demo: 4.8%
Current angular diffs: 97'

Selected number of demos: 45

-- Positive Demos --
 (81,3),  (110,1),  (138,7),  (167,1),  (221,6),  (278,1),  (305,6),  (333,6),  (358,6),  (386,6),  (412,6),  (440,6),  (467,6),  (495,6),  (522,6),  (521,2),  (519,4),  (466,0),  (465,6),  (462,2),  (461,0),  (404,0),  (377,0),  (348,5),  (322,0),  (266,0),  (238,4),  (208,4),  (207,4),  (150,6),  (178,6),  (176,2),  (175,6),  (200,2),  (228,6),  (256,6),  (282,1),  (337,1),  (392,1),  (477,1),  (505,1), 


[Timing] Time passed: 181.714402 s

Posterior Probability: -88.06094251
Agreement with demo: 14%
Current angular diffs: 85'

Selected number of demos: 76

-- Positive Demos --
 (81,3),  (110,1),  (138,1),  (138,7),  (167,1),  (195,1),  (221,6),  (250,1),  (278,1),  (305,6),  (333,6),  (332,6),  (358,6),  (386,6),  (413,6),  (412,6),  (440,6),  (467,6),  (495,6),  (522,2),  (522,6),  (521,2),  (519,4),  (466,5),  (466,0),  (465,6),  (463,2),  (462,2),  (461,4),  (461,0),  (433,0),  (404,0),  (377,0),  (348,0),  (348,5),  (321,5),  (322,0),  (294,0),  (266,0),  (238,4),  (208,4),  (207,4),  (179,4),  (150,6),  (178,6),  (177,2),  (176,2),  (175,6),  (200,2),  (200,6),  (228,6),  (256,6),  (283,6),  (282,1),  (310,1),  (337,1),  (366,1),  (392,1),  (421,1),  (477,1),  (505,1), 


[Timing] Time passed: 193.915436 s

Posterior Probability: -612.3463105
Agreement with demo: 9.6%
Current angular diffs: 94'

Selected number of demos: 76

-- Positive Demos --
 (81,3),  (110,1),  (138,1),  (138,7),  (167,1),  (195,1),  (221,6),  (250,1),  (278,1),  (305,6),  (333,6),  (332,6),  (358,6),  (386,6),  (413,6),  (412,6),  (440,6),  (467,6),  (495,6),  (522,2),  (522,6),  (521,2),  (519,4),  (466,5),  (466,0),  (465,6),  (463,2),  (462,2),  (461,4),  (461,0),  (433,0),  (404,0),  (377,0),  (348,0),  (348,5),  (321,5),  (322,0),  (294,0),  (266,0),  (238,4),  (208,4),  (207,4),  (179,4),  (150,6),  (178,6),  (177,2),  (176,2),  (175,6),  (200,2),  (200,6),  (228,6),  (256,6),  (283,6),  (282,1),  (310,1),  (337,1),  (366,1),  (392,1),  (421,1),  (477,1),  (505,1), 


[Timing] Time passed: 198.739125 s

Posterior Probability: -572.6215528
Agreement with demo: 13%
Current angular diffs: 90'

Selected number of demos: 76

-- Positive Demos --
 (81,3),  (110,1),  (138,1),  (138,7),  (167,1),  (195,1),  (221,6),  (250,1),  (278,1),  (305,6),  (333,6),  (332,6),  (358,6),  (386,6),  (413,6),  (412,6),  (440,6),  (467,6),  (495,6),  (522,2),  (522,6),  (521,2),  (519,4),  (466,5),  (466,0),  (465,6),  (463,2),  (462,2),  (461,4),  (461,0),  (433,0),  (404,0),  (377,0),  (348,0),  (348,5),  (321,5),  (322,0),  (294,0),  (266,0),  (238,4),  (208,4),  (207,4),  (179,4),  (150,6),  (178,6),  (177,2),  (176,2),  (175,6),  (200,2),  (200,6),  (228,6),  (256,6),  (283,6),  (282,1),  (310,1),  (337,1),  (366,1),  (392,1),  (421,1),  (477,1),  (505,1), 


[Timing] Time passed: 191.970687 s

Posterior Probability: -162.5723895
Agreement with demo: 11%
Current angular diffs: 91'

Selected number of demos: 26

-- Positive Demos --
 (110,1),  (138,1),  (195,1),  (278,1),  (358,6),  (413,6),  (495,6),  (522,2),  (521,2),  (466,5),  (463,2),  (462,2),  (461,0),  (377,0),  (348,5),  (322,0),  (266,0),  (238,4),  (179,4),  (150,6),  (176,2),  (228,6),  (283,6),  (337,1),  (366,1),  (421,1), 


[Timing] Time passed: 171.886134 s

Posterior Probability: -82.92117304
Agreement with demo: 14%
Current angular diffs: 85'

Selected number of demos: 29

-- Positive Demos --
 (138,1),  (195,1),  (221,6),  (305,6),  (386,6),  (440,6),  (495,6),  (521,2),  (519,4),  (463,2),  (433,0),  (404,0),  (348,5),  (321,5),  (322,0),  (266,0),  (238,4),  (208,4),  (207,4),  (179,4),  (150,6),  (176,2),  (200,6),  (228,6),  (310,1),  (421,1),  (505,1), 


[Timing] Time passed: 157.347708 s

Posterior Probability: -79.20270292
Agreement with demo: 3.2%
Current angular diffs: 98'

Selected number of demos: 38

-- Positive Demos --
 (110,1),  (167,1),  (221,6),  (250,1),  (305,6),  (332,6),  (386,6),  (412,6),  (467,6),  (495,6),  (522,2),  (521,2),  (466,0),  (463,2),  (461,0),  (377,0),  (321,5),  (294,0),  (238,4),  (208,4),  (179,4),  (150,6),  (177,2),  (176,2),  (175,6),  (200,2),  (228,6),  (256,6),  (283,6),  (337,1),  (366,1),  (421,1),  (477,1),  (505,1), 


[Timing] Time passed: 149.542927 s

Posterior Probability: -341.5909618
Agreement with demo: 8.8%
Current angular diffs: 98'

Selected number of demos: 55

-- Positive Demos --
 (81,3),  (110,1),  (138,7),  (195,1),  (221,6),  (250,1),  (278,1),  (305,6),  (333,6),  (358,6),  (386,6),  (413,6),  (412,6),  (467,6),  (495,6),  (522,2),  (522,6),  (521,2),  (466,5),  (466,0),  (463,2),  (461,4),  (461,0),  (404,0),  (348,0),  (348,5),  (321,5),  (322,0),  (294,0),  (266,0),  (238,4),  (208,4),  (207,4),  (179,4),  (150,6),  (178,6),  (176,2),  (175,6),  (200,2),  (228,6),  (256,6),  (283,6),  (310,1),  (337,1),  (392,1),  (477,1),  (505,1), 


[Timing] Time passed: 149.862935 s

Posterior Probability: -611.5143366
Agreement with demo: 9.6%
Current angular diffs: 96'

Selected number of demos: 27

-- Positive Demos --
 (110,1),  (138,1),  (221,6),  (305,6),  (358,6),  (386,6),  (467,6),  (495,6),  (522,2),  (521,2),  (466,0),  (461,4),  (433,0),  (348,5),  (321,5),  (322,0),  (266,0),  (208,4),  (150,6),  (178,6),  (176,2),  (200,2),  (256,6),  (310,1),  (337,1),  (421,1),  (505,1), 


[Timing] Time passed: 147.801693 s

Posterior Probability: -119.7037417
Agreement with demo: 14%
Current angular diffs: 95'

Selected number of demos: 48

-- Positive Demos --
 (110,1),  (138,1),  (167,1),  (195,1),  (250,1),  (305,6),  (333,6),  (358,6),  (386,6),  (413,6),  (412,6),  (440,6),  (467,6),  (495,6),  (522,6),  (521,2),  (466,5),  (465,6),  (463,2),  (461,4),  (433,0),  (377,0),  (348,5),  (322,0),  (266,0),  (238,4),  (208,4),  (207,4),  (179,4),  (150,6),  (178,6),  (177,2),  (176,2),  (175,6),  (200,2),  (228,6),  (283,6),  (310,1),  (337,1),  (366,1),  (392,1),  (477,1),  (505,1), 


[Timing] Time passed: 164.996455 s

Posterior Probability: -278.6924326
Agreement with demo: 8.8%
Current angular diffs: 91'

Selected number of demos: 76

-- Positive Demos --
 (81,3),  (110,1),  (138,1),  (138,7),  (167,1),  (195,1),  (221,6),  (250,1),  (278,1),  (305,6),  (333,6),  (332,6),  (358,6),  (386,6),  (413,6),  (412,6),  (440,6),  (467,6),  (495,6),  (522,2),  (522,6),  (521,2),  (519,4),  (466,5),  (466,0),  (465,6),  (463,2),  (462,2),  (461,4),  (461,0),  (433,0),  (404,0),  (377,0),  (348,0),  (348,5),  (321,5),  (322,0),  (294,0),  (266,0),  (238,4),  (208,4),  (207,4),  (179,4),  (150,6),  (178,6),  (177,2),  (176,2),  (175,6),  (200,2),  (200,6),  (228,6),  (256,6),  (283,6),  (282,1),  (310,1),  (337,1),  (366,1),  (392,1),  (421,1),  (477,1),  (505,1), 


[Timing] Time passed: 162.621391 s

Posterior Probability: -151.9223638
Agreement with demo: 16%
Current angular diffs: 78'

Selected number of demos: 37

-- Positive Demos --
 (110,1),  (138,1),  (167,1),  (221,6),  (250,1),  (305,6),  (332,6),  (358,6),  (413,6),  (467,6),  (495,6),  (522,6),  (521,2),  (466,5),  (466,0),  (462,2),  (461,0),  (377,0),  (348,5),  (322,0),  (266,0),  (238,4),  (208,4),  (207,4),  (150,6),  (177,2),  (176,2),  (175,6),  (200,6),  (228,6),  (256,6),  (283,6),  (282,1),  (366,1),  (421,1),  (505,1), 


[Timing] Time passed: 155.063851 s

Posterior Probability: -355.5272413
Agreement with demo: 7.2%
Current angular diffs: 98'

Selected number of demos: 32

-- Positive Demos --
 (110,1),  (138,1),  (167,1),  (221,6),  (250,1),  (278,1),  (305,6),  (358,6),  (386,6),  (412,6),  (440,6),  (467,6),  (495,6),  (521,2),  (519,4),  (466,0),  (461,4),  (404,0),  (321,5),  (266,0),  (238,4),  (208,4),  (150,6),  (178,6),  (177,2),  (176,2),  (200,2),  (256,6),  (310,1),  (392,1),  (477,1), 


[Timing] Time passed: 150.064381 s

Posterior Probability: -249.4582542
Agreement with demo: 10%
Current angular diffs: 87'

Selected number of demos: 30

-- Positive Demos --
 (110,1),  (138,1),  (195,1),  (250,1),  (305,6),  (386,6),  (440,6),  (467,6),  (495,6),  (521,2),  (466,0),  (463,2),  (462,2),  (433,0),  (377,0),  (348,0),  (322,0),  (294,0),  (238,4),  (208,4),  (207,4),  (179,4),  (178,6),  (175,6),  (228,6),  (283,6),  (366,1),  (477,1),  (505,1), 


[Timing] Time passed: 144.12507 s

Posterior Probability: -181.5970869
Agreement with demo: 16%
Current angular diffs: 90'

Selected number of demos: 28

-- Positive Demos --
 (110,1),  (138,1),  (221,6),  (305,6),  (358,6),  (412,6),  (440,6),  (495,6),  (521,2),  (466,5),  (466,0),  (463,2),  (433,0),  (348,0),  (322,0),  (266,0),  (238,4),  (208,4),  (179,4),  (150,6),  (178,6),  (176,2),  (200,2),  (228,6),  (282,1),  (337,1),  (392,1),  (477,1), 


[Timing] Time passed: 156.14682 s

Posterior Probability: -103.0157536
Agreement with demo: 14%
Current angular diffs: 82'

Selected number of demos: 37

-- Positive Demos --
 (110,1),  (138,1),  (195,1),  (221,6),  (278,1),  (305,6),  (358,6),  (413,6),  (412,6),  (495,6),  (522,2),  (521,2),  (466,0),  (463,2),  (461,4),  (404,0),  (348,5),  (322,0),  (266,0),  (238,4),  (208,4),  (179,4),  (178,6),  (176,2),  (175,6),  (200,2),  (228,6),  (283,6),  (337,1),  (366,1),  (392,1),  (477,1),  (505,1), 


[Timing] Time passed: 148.850947 s

Posterior Probability: -89.38827405
Agreement with demo: 12%
Current angular diffs: 88'

Selected number of demos: 36

-- Positive Demos --
 (110,1),  (167,1),  (250,1),  (305,6),  (333,6),  (358,6),  (386,6),  (412,6),  (495,6),  (522,6),  (521,2),  (519,4),  (466,5),  (466,0),  (465,6),  (461,4),  (461,0),  (404,0),  (348,0),  (322,0),  (266,0),  (238,4),  (207,4),  (150,6),  (178,6),  (176,2),  (175,6),  (228,6),  (282,1),  (366,1),  (392,1),  (477,1),  (505,1), 


[Timing] Time passed: 145.949787 s

Posterior Probability: -255.3138808
Agreement with demo: 8.8%
Current angular diffs: 95'

Selected number of demos: 50

-- Positive Demos --
 (81,3),  (110,1),  (138,1),  (138,7),  (167,1),  (221,6),  (250,1),  (278,1),  (305,6),  (332,6),  (386,6),  (413,6),  (412,6),  (467,6),  (495,6),  (522,6),  (521,2),  (519,4),  (466,5),  (465,6),  (462,2),  (461,0),  (404,0),  (348,0),  (321,5),  (322,0),  (266,0),  (238,4),  (208,4),  (179,4),  (150,6),  (178,6),  (177,2),  (176,2),  (175,6),  (200,2),  (228,6),  (256,6),  (283,6),  (310,1),  (366,1),  (392,1),  (477,1),  (505,1), 


[Timing] Time passed: 154.551238 s

Posterior Probability: -309.1050664
Agreement with demo: 9.6%
Current angular diffs: 1e+02'

Selected number of demos: 51

-- Positive Demos --
 (81,3),  (110,1),  (138,7),  (195,1),  (250,1),  (305,6),  (333,6),  (332,6),  (386,6),  (413,6),  (440,6),  (495,6),  (522,2),  (522,6),  (521,2),  (519,4),  (466,5),  (465,6),  (463,2),  (462,2),  (461,0),  (433,0),  (404,0),  (377,0),  (348,5),  (321,5),  (322,0),  (294,0),  (266,0),  (238,4),  (208,4),  (207,4),  (179,4),  (150,6),  (178,6),  (177,2),  (176,2),  (175,6),  (200,2),  (228,6),  (283,6),  (310,1),  (337,1),  (392,1),  (421,1),  (477,1),  (505,1), 


[Timing] Time passed: 149.640666 s

Posterior Probability: -250.4808622
Agreement with demo: 16%
Current angular diffs: 78'

Selected number of demos: 52

-- Positive Demos --
 (81,3),  (110,1),  (138,1),  (138,7),  (167,1),  (221,6),  (278,1),  (305,6),  (333,6),  (332,6),  (386,6),  (413,6),  (440,6),  (467,6),  (495,6),  (522,6),  (521,2),  (519,4),  (466,0),  (465,6),  (462,2),  (461,0),  (404,0),  (348,0),  (321,5),  (322,0),  (294,0),  (266,0),  (238,4),  (208,4),  (207,4),  (150,6),  (177,2),  (176,2),  (175,6),  (200,2),  (228,6),  (283,6),  (282,1),  (337,1),  (392,1),  (421,1),  (477,1),  (505,1), 


[Timing] Time passed: 147.530452 s

Posterior Probability: -408.8418711
Agreement with demo: 13%
Current angular diffs: 87'

Selected number of demos: 33

-- Positive Demos --
 (81,3),  (138,1),  (138,7),  (167,1),  (278,1),  (333,6),  (332,6),  (386,6),  (412,6),  (467,6),  (495,6),  (522,6),  (521,2),  (466,5),  (466,0),  (461,4),  (461,0),  (377,0),  (348,5),  (321,5),  (322,0),  (238,4),  (207,4),  (179,4),  (177,2),  (176,2),  (200,2),  (228,6),  (256,6),  (310,1),  (366,1),  (477,1),  (505,1), 


[Timing] Time passed: 145.603341 s

Posterior Probability: -156.8532417
Agreement with demo: 8.8%
Current angular diffs: 98'

Selected number of demos: 46

-- Positive Demos --
 (81,3),  (110,1),  (138,7),  (167,1),  (221,6),  (278,1),  (305,6),  (332,6),  (386,6),  (413,6),  (440,6),  (495,6),  (522,6),  (521,2),  (466,5),  (466,0),  (465,6),  (463,2),  (461,4),  (433,0),  (377,0),  (348,5),  (322,0),  (294,0),  (266,0),  (238,4),  (208,4),  (207,4),  (150,6),  (178,6),  (177,2),  (176,2),  (175,6),  (200,6),  (228,6),  (256,6),  (282,1),  (337,1),  (392,1),  (477,1),  (505,1), 


[Timing] Time passed: 140.118321 s

Posterior Probability: -204.846699
Agreement with demo: 12%
Current angular diffs: 91'

Selected number of demos: 49

-- Positive Demos --
 (110,1),  (138,1),  (138,7),  (195,1),  (250,1),  (278,1),  (305,6),  (333,6),  (332,6),  (386,6),  (412,6),  (440,6),  (495,6),  (522,6),  (521,2),  (519,4),  (466,0),  (465,6),  (463,2),  (461,4),  (461,0),  (433,0),  (404,0),  (348,0),  (321,5),  (322,0),  (266,0),  (238,4),  (208,4),  (179,4),  (150,6),  (178,6),  (176,2),  (175,6),  (200,2),  (228,6),  (256,6),  (282,1),  (337,1),  (366,1),  (421,1),  (477,1),  (505,1), 


[Timing] Time passed: 135.163306 s

Posterior Probability: -102.6693404
Agreement with demo: 14%
Current angular diffs: 95'

Selected number of demos: 76

-- Positive Demos --
 (81,3),  (110,1),  (138,1),  (138,7),  (167,1),  (195,1),  (221,6),  (250,1),  (278,1),  (305,6),  (333,6),  (332,6),  (358,6),  (386,6),  (413,6),  (412,6),  (440,6),  (467,6),  (495,6),  (522,2),  (522,6),  (521,2),  (519,4),  (466,5),  (466,0),  (465,6),  (463,2),  (462,2),  (461,4),  (461,0),  (433,0),  (404,0),  (377,0),  (348,0),  (348,5),  (321,5),  (322,0),  (294,0),  (266,0),  (238,4),  (208,4),  (207,4),  (179,4),  (150,6),  (178,6),  (177,2),  (176,2),  (175,6),  (200,2),  (200,6),  (228,6),  (256,6),  (283,6),  (282,1),  (310,1),  (337,1),  (366,1),  (392,1),  (421,1),  (477,1),  (505,1), 


[Timing] Time passed: 135.200554 s

Posterior Probability: -402.1883948
Agreement with demo: 4.8%
Current angular diffs: 1e+02'

Selected number of demos: 25

-- Positive Demos --
 (138,7),  (195,1),  (305,6),  (386,6),  (467,6),  (521,2),  (519,4),  (466,5),  (466,0),  (461,0),  (433,0),  (404,0),  (348,5),  (322,0),  (294,0),  (266,0),  (238,4),  (208,4),  (179,4),  (150,6),  (176,2),  (200,6),  (282,1),  (366,1),  (505,1), 


[Timing] Time passed: 133.704191 s

Posterior Probability: -297.6854849
Agreement with demo: 12%
Current angular diffs: 89'

Selected number of demos: 25

-- Positive Demos --
 (138,1),  (221,6),  (305,6),  (333,6),  (386,6),  (412,6),  (467,6),  (495,6),  (522,2),  (522,6),  (521,2),  (466,5),  (461,4),  (433,0),  (348,0),  (322,0),  (238,4),  (179,4),  (176,2),  (200,2),  (228,6),  (310,1),  (477,1),  (505,1), 


[Timing] Time passed: 128.242196 s

Posterior Probability: -322.1477697
Agreement with demo: 13%
Current angular diffs: 91'

Selected number of demos: 50

-- Positive Demos --
 (81,3),  (110,1),  (138,7),  (167,1),  (221,6),  (250,1),  (278,1),  (305,6),  (332,6),  (358,6),  (386,6),  (412,6),  (440,6),  (495,6),  (522,2),  (522,6),  (521,2),  (519,4),  (466,5),  (466,0),  (463,2),  (461,4),  (433,0),  (377,0),  (348,5),  (322,0),  (266,0),  (238,4),  (208,4),  (207,4),  (179,4),  (150,6),  (177,2),  (176,2),  (175,6),  (200,2),  (200,6),  (228,6),  (256,6),  (282,1),  (337,1),  (366,1),  (421,1),  (477,1),  (505,1), 


[Timing] Time passed: 100.968282 s

Posterior Probability: -168.8600616
Agreement with demo: 9.6%
Current angular diffs: 99'

Selected number of demos: 26

-- Positive Demos --
 (138,1),  (195,1),  (278,1),  (332,6),  (412,6),  (440,6),  (495,6),  (522,2),  (521,2),  (519,4),  (463,2),  (462,2),  (404,0),  (348,0),  (322,0),  (238,4),  (208,4),  (207,4),  (179,4),  (176,2),  (200,6),  (282,1),  (421,1),  (477,1),  (505,1), 


[Timing] Time passed: 102.693472 s

Posterior Probability: -159.0947782
Agreement with demo: 8.8%
Current angular diffs: 97'

Selected number of demos: 32

-- Positive Demos --
 (110,1),  (138,1),  (138,7),  (167,1),  (221,6),  (305,6),  (358,6),  (386,6),  (440,6),  (467,6),  (522,6),  (521,2),  (466,5),  (462,2),  (461,0),  (433,0),  (348,0),  (322,0),  (294,0),  (238,4),  (208,4),  (179,4),  (178,6),  (175,6),  (200,6),  (228,6),  (282,1),  (337,1),  (421,1),  (505,1), 


[Timing] Time passed: 98.783803 s

Posterior Probability: -209.1956979
Agreement with demo: 3.2%
Current angular diffs: 98'

Selected number of demos: 76

-- Positive Demos --
 (81,3),  (110,1),  (138,1),  (138,7),  (167,1),  (195,1),  (221,6),  (250,1),  (278,1),  (305,6),  (333,6),  (332,6),  (358,6),  (386,6),  (413,6),  (412,6),  (440,6),  (467,6),  (495,6),  (522,2),  (522,6),  (521,2),  (519,4),  (466,5),  (466,0),  (465,6),  (463,2),  (462,2),  (461,4),  (461,0),  (433,0),  (404,0),  (377,0),  (348,0),  (348,5),  (321,5),  (322,0),  (294,0),  (266,0),  (238,4),  (208,4),  (207,4),  (179,4),  (150,6),  (178,6),  (177,2),  (176,2),  (175,6),  (200,2),  (200,6),  (228,6),  (256,6),  (283,6),  (282,1),  (310,1),  (337,1),  (366,1),  (392,1),  (421,1),  (477,1),  (505,1), 


[Timing] Time passed: 99.279553 s

Posterior Probability: -510.3347677
Agreement with demo: 15%
Current angular diffs: 86'

-----------------------------
Avg angular diffs: 78'
-- learned weights --
Feature Weights: -0.1885, -0.95025, -0.00075, -0.1, 
