loading features...

Initializing gridworld of size 28 by 22..
    Num states: 616
    Num actions: 8

Total number of demos: 80

Selected number of demos: 23

-- Positive Demos --
 (566,3),  (568,5),  (541,3),  (547,5),  (521,5),  (523,5),  (471,3),  (415,0),  (358,0),  (273,4),  (183,2),  (182,2),  (207,2),  (204,2),  (202,2),  (170,4),  (115,5),  (63,3),  (64,3),  (66,7),  (71,3),  (45,3),  (51,7), 


[Timing] Time passed: 65.978811 s

Posterior Probability: -208.6075986
Agreement with demo: 9%
Current angular diffs: 88'

Selected number of demos: 58

-- Positive Demos --
 (566,3),  (567,5),  (568,5),  (539,3),  (541,3),  (543,3),  (544,3),  (546,3),  (547,5),  (521,5),  (522,3),  (495,5),  (496,5),  (469,3),  (470,3),  (472,5),  (444,0),  (415,4),  (388,0),  (358,0),  (358,4),  (301,4),  (301,0),  (244,2),  (213,2),  (212,2),  (182,2),  (208,2),  (207,2),  (204,2),  (203,2),  (202,2),  (230,2),  (200,2),  (198,2),  (170,4),  (142,5),  (114,5),  (115,5),  (89,3),  (90,5),  (63,3),  (64,3),  (36,5),  (36,7),  (37,7),  (66,7),  (96,3),  (70,3),  (71,3),  (72,3),  (73,3),  (45,3),  (46,3),  (22,3),  (51,7),  (109,5),  (27,1), 


[Timing] Time passed: 66.139952 s

Posterior Probability: -309.8747493
Agreement with demo: 12%
Current angular diffs: 90'

Selected number of demos: 31

-- Positive Demos --
 (565,3),  (567,3),  (567,5),  (539,3),  (543,3),  (521,5),  (496,5),  (470,3),  (471,3),  (472,5),  (415,0),  (358,4),  (301,4),  (243,2),  (183,2),  (208,2),  (207,2),  (205,2),  (204,2),  (230,2),  (198,2),  (170,4),  (115,5),  (90,5),  (36,5),  (67,3),  (70,3),  (71,3),  (45,3),  (22,3),  (109,5), 


[Timing] Time passed: 63.619666 s

Posterior Probability: -298.4561018
Agreement with demo: 17%
Current angular diffs: 80'

Selected number of demos: 27

-- Positive Demos --
 (567,5),  (568,5),  (539,3),  (543,3),  (546,3),  (523,5),  (495,5),  (470,3),  (444,0),  (388,0),  (358,0),  (330,4),  (301,4),  (243,2),  (213,2),  (183,2),  (204,2),  (200,2),  (198,2),  (142,5),  (115,5),  (64,3),  (36,7),  (67,3),  (70,3),  (46,3),  (109,5), 


[Timing] Time passed: 63.484605 s

Posterior Probability: -456.6525518
Agreement with demo: 11%
Current angular diffs: 87'

Selected number of demos: 39

-- Positive Demos --
 (565,3),  (566,3),  (568,5),  (541,3),  (544,3),  (521,5),  (495,5),  (470,3),  (444,0),  (415,4),  (388,0),  (358,4),  (301,4),  (273,4),  (244,2),  (243,2),  (212,2),  (208,2),  (207,2),  (205,2),  (203,2),  (202,2),  (200,2),  (170,4),  (142,5),  (115,5),  (90,5),  (64,5),  (36,5),  (66,7),  (96,3),  (71,3),  (45,3),  (46,3),  (22,3),  (51,7),  (109,5),  (27,1), 


[Timing] Time passed: 62.455263 s

Posterior Probability: -88.14225167
Agreement with demo: 14%
Current angular diffs: 86'

Selected number of demos: 50

-- Positive Demos --
 (566,3),  (567,3),  (568,5),  (539,3),  (541,3),  (543,3),  (546,3),  (521,5),  (522,3),  (495,5),  (469,3),  (470,3),  (472,5),  (444,0),  (415,0),  (415,4),  (388,0),  (358,4),  (301,4),  (273,4),  (243,2),  (212,2),  (182,2),  (208,2),  (207,2),  (204,2),  (202,2),  (200,2),  (199,2),  (170,4),  (170,0),  (114,5),  (88,3),  (90,5),  (63,3),  (64,3),  (64,5),  (36,7),  (37,7),  (67,3),  (70,3),  (72,3),  (45,3),  (47,3),  (22,7),  (109,5),  (25,3),  (27,1), 


[Timing] Time passed: 65.211477 s

Posterior Probability: -322.2535847
Agreement with demo: 9.9%
Current angular diffs: 90'

Selected number of demos: 54

-- Positive Demos --
 (566,3),  (567,3),  (568,5),  (539,3),  (541,3),  (542,3),  (543,3),  (546,3),  (521,5),  (523,5),  (496,5),  (470,3),  (472,5),  (444,0),  (415,0),  (415,4),  (388,0),  (358,0),  (330,4),  (301,4),  (273,4),  (243,2),  (213,2),  (183,2),  (208,2),  (205,2),  (203,2),  (202,2),  (230,2),  (200,2),  (198,2),  (170,0),  (142,5),  (114,5),  (88,3),  (89,3),  (63,3),  (64,3),  (36,5),  (36,7),  (37,7),  (66,7),  (67,3),  (96,3),  (70,3),  (71,3),  (73,3),  (46,3),  (47,3),  (22,7),  (51,7),  (25,3), 


[Timing] Time passed: 64.274583 s

Posterior Probability: -341.6303674
Agreement with demo: 13%
Current angular diffs: 86'

Selected number of demos: 49

-- Positive Demos --
 (566,3),  (567,3),  (568,5),  (539,3),  (541,3),  (543,3),  (546,3),  (521,5),  (522,3),  (523,5),  (496,5),  (469,3),  (471,3),  (444,0),  (415,0),  (388,0),  (358,0),  (330,4),  (301,4),  (273,4),  (243,2),  (213,2),  (183,2),  (182,2),  (208,2),  (205,2),  (203,2),  (202,2),  (200,2),  (199,2),  (170,4),  (142,5),  (114,5),  (88,3),  (90,5),  (64,3),  (64,5),  (36,5),  (37,7),  (66,7),  (96,3),  (71,3),  (72,3),  (45,3),  (46,3),  (22,3),  (51,7),  (25,3), 


[Timing] Time passed: 64.004067 s

Posterior Probability: -115.7807932
Agreement with demo: 9%
Current angular diffs: 96'

Selected number of demos: 40

-- Positive Demos --
 (565,3),  (567,3),  (539,3),  (540,3),  (541,3),  (542,3),  (544,3),  (546,3),  (522,3),  (495,5),  (470,3),  (471,3),  (444,0),  (415,4),  (358,0),  (358,4),  (301,0),  (243,2),  (213,2),  (183,2),  (182,2),  (205,2),  (202,2),  (230,2),  (198,2),  (170,4),  (142,5),  (88,3),  (89,3),  (63,3),  (64,5),  (36,7),  (37,7),  (67,3),  (96,3),  (71,3),  (73,3),  (46,3),  (22,7),  (109,5), 


[Timing] Time passed: 64.094533 s

Posterior Probability: -544.3270208
Agreement with demo: 14%
Current angular diffs: 87'

Selected number of demos: 26

-- Positive Demos --
 (568,5),  (541,3),  (544,3),  (522,3),  (469,3),  (472,5),  (444,0),  (415,0),  (358,4),  (244,2),  (213,2),  (182,2),  (205,2),  (230,2),  (200,2),  (142,5),  (115,5),  (63,3),  (37,7),  (96,3),  (70,3),  (73,3),  (45,3),  (46,3),  (22,3),  (22,7), 


[Timing] Time passed: 62.253929 s

Posterior Probability: -97.17564046
Agreement with demo: 22%
Current angular diffs: 84'

Selected number of demos: 39

-- Positive Demos --
 (567,3),  (539,3),  (541,3),  (542,3),  (544,3),  (521,5),  (495,5),  (496,5),  (469,3),  (471,3),  (472,5),  (444,0),  (388,0),  (358,4),  (330,4),  (301,0),  (273,4),  (243,2),  (183,2),  (207,2),  (204,2),  (202,2),  (200,2),  (198,2),  (142,5),  (88,3),  (89,3),  (63,3),  (64,5),  (36,5),  (37,7),  (66,7),  (67,3),  (70,3),  (72,3),  (45,3),  (47,3),  (22,7),  (25,3), 


[Timing] Time passed: 62.8501 s

Posterior Probability: -405.8693689
Agreement with demo: 9.9%
Current angular diffs: 88'

Selected number of demos: 25

-- Positive Demos --
 (567,3),  (568,5),  (539,3),  (540,3),  (546,3),  (495,5),  (496,5),  (472,5),  (444,0),  (358,0),  (301,0),  (213,2),  (208,2),  (204,2),  (202,2),  (200,2),  (142,5),  (89,3),  (36,5),  (36,7),  (67,3),  (72,3),  (45,3),  (51,7),  (27,1), 


[Timing] Time passed: 63.045477 s

Posterior Probability: -222.5009612
Agreement with demo: 9.9%
Current angular diffs: 91'

Selected number of demos: 52

-- Positive Demos --
 (565,3),  (566,3),  (567,5),  (568,5),  (540,3),  (542,3),  (544,3),  (547,5),  (522,3),  (495,5),  (496,5),  (470,3),  (471,3),  (444,0),  (415,0),  (415,4),  (388,0),  (358,4),  (330,4),  (301,0),  (273,4),  (243,2),  (212,2),  (183,2),  (182,2),  (208,2),  (205,2),  (203,2),  (202,2),  (200,2),  (199,2),  (198,2),  (170,4),  (142,5),  (114,5),  (115,5),  (88,3),  (90,5),  (64,3),  (36,5),  (37,7),  (66,7),  (96,3),  (71,3),  (73,3),  (46,3),  (22,3),  (22,7),  (109,5),  (25,3),  (27,1), 


[Timing] Time passed: 63.042229 s

Posterior Probability: -127.799533
Agreement with demo: 6.3%
Current angular diffs: 94'

Selected number of demos: 55

-- Positive Demos --
 (565,3),  (566,3),  (567,3),  (568,5),  (540,3),  (542,3),  (543,3),  (544,3),  (546,3),  (547,5),  (521,5),  (522,3),  (495,5),  (469,3),  (470,3),  (472,5),  (444,0),  (415,0),  (388,0),  (358,0),  (358,4),  (301,4),  (301,0),  (244,2),  (243,2),  (212,2),  (183,2),  (208,2),  (205,2),  (204,2),  (203,2),  (202,2),  (200,2),  (199,2),  (198,2),  (170,4),  (142,5),  (114,5),  (115,5),  (89,3),  (63,3),  (64,5),  (36,7),  (37,7),  (66,7),  (96,3),  (70,3),  (71,3),  (73,3),  (46,3),  (47,3),  (22,7),  (51,7),  (25,3),  (27,1), 


[Timing] Time passed: 62.33796 s

Posterior Probability: -133.6843159
Agreement with demo: 9%
Current angular diffs: 86'

Selected number of demos: 52

-- Positive Demos --
 (565,3),  (566,3),  (567,5),  (568,5),  (540,3),  (542,3),  (544,3),  (546,3),  (521,5),  (523,5),  (495,5),  (496,5),  (470,3),  (472,5),  (444,0),  (415,0),  (415,4),  (358,0),  (358,4),  (301,4),  (301,0),  (273,4),  (243,2),  (213,2),  (183,2),  (208,2),  (205,2),  (203,2),  (202,2),  (230,2),  (200,2),  (199,2),  (198,2),  (170,0),  (114,5),  (88,3),  (89,3),  (63,3),  (64,3),  (64,5),  (36,7),  (66,7),  (96,3),  (71,3),  (72,3),  (45,3),  (47,3),  (22,7),  (51,7),  (25,3), 


[Timing] Time passed: 62.208471 s

Posterior Probability: -287.6395549
Agreement with demo: 9.9%
Current angular diffs: 89'

Selected number of demos: 80

-- Positive Demos --
 (565,3),  (566,3),  (567,3),  (567,5),  (568,5),  (539,3),  (540,3),  (541,3),  (542,3),  (543,3),  (544,3),  (546,3),  (547,5),  (521,5),  (522,3),  (523,5),  (495,5),  (496,5),  (469,3),  (470,3),  (471,3),  (472,5),  (444,0),  (415,0),  (415,4),  (388,0),  (358,0),  (358,4),  (330,4),  (301,4),  (301,0),  (273,4),  (244,2),  (243,2),  (213,2),  (212,2),  (183,2),  (182,2),  (208,2),  (207,2),  (205,2),  (204,2),  (203,2),  (202,2),  (230,2),  (200,2),  (199,2),  (198,2),  (170,4),  (170,0),  (142,5),  (114,5),  (115,5),  (88,3),  (89,3),  (90,5),  (63,3),  (64,3),  (64,5),  (36,5),  (36,7),  (37,7),  (66,7),  (67,3),  (96,3),  (70,3),  (71,3),  (72,3),  (73,3),  (45,3),  (46,3),  (47,3),  (22,3),  (22,7),  (51,7),  (109,5),  (25,3),  (27,1), 


[Timing] Time passed: 63.331573 s

Posterior Probability: -247.0260749
Agreement with demo: 9.9%
Current angular diffs: 88'

Selected number of demos: 53

-- Positive Demos --
 (566,3),  (567,3),  (568,5),  (540,3),  (542,3),  (544,3),  (546,3),  (521,5),  (523,5),  (496,5),  (470,3),  (472,5),  (444,0),  (415,0),  (415,4),  (358,0),  (358,4),  (330,4),  (301,0),  (273,4),  (243,2),  (212,2),  (183,2),  (208,2),  (207,2),  (204,2),  (203,2),  (202,2),  (200,2),  (198,2),  (170,4),  (170,0),  (142,5),  (114,5),  (88,3),  (90,5),  (63,3),  (64,5),  (36,5),  (37,7),  (66,7),  (96,3),  (71,3),  (73,3),  (45,3),  (46,3),  (47,3),  (22,3),  (22,7),  (51,7),  (109,5),  (27,1), 


[Timing] Time passed: 64.567859 s

Posterior Probability: -367.0387158
Agreement with demo: 15%
Current angular diffs: 89'

Selected number of demos: 38

-- Positive Demos --
 (566,3),  (568,5),  (541,3),  (544,3),  (547,5),  (522,3),  (523,5),  (496,5),  (471,3),  (472,5),  (444,0),  (415,4),  (388,0),  (358,0),  (330,4),  (301,0),  (244,2),  (243,2),  (183,2),  (208,2),  (205,2),  (203,2),  (202,2),  (200,2),  (170,4),  (114,5),  (88,3),  (90,5),  (64,3),  (36,7),  (66,7),  (96,3),  (72,3),  (45,3),  (46,3),  (22,3),  (109,5),  (27,1), 


[Timing] Time passed: 62.593449 s

Posterior Probability: -112.9153194
Agreement with demo: 11%
Current angular diffs: 88'

Selected number of demos: 80

-- Positive Demos --
 (565,3),  (566,3),  (567,3),  (567,5),  (568,5),  (539,3),  (540,3),  (541,3),  (542,3),  (543,3),  (544,3),  (546,3),  (547,5),  (521,5),  (522,3),  (523,5),  (495,5),  (496,5),  (469,3),  (470,3),  (471,3),  (472,5),  (444,0),  (415,0),  (415,4),  (388,0),  (358,0),  (358,4),  (330,4),  (301,4),  (301,0),  (273,4),  (244,2),  (243,2),  (213,2),  (212,2),  (183,2),  (182,2),  (208,2),  (207,2),  (205,2),  (204,2),  (203,2),  (202,2),  (230,2),  (200,2),  (199,2),  (198,2),  (170,4),  (170,0),  (142,5),  (114,5),  (115,5),  (88,3),  (89,3),  (90,5),  (63,3),  (64,3),  (64,5),  (36,5),  (36,7),  (37,7),  (66,7),  (67,3),  (96,3),  (70,3),  (71,3),  (72,3),  (73,3),  (45,3),  (46,3),  (47,3),  (22,3),  (22,7),  (51,7),  (109,5),  (25,3),  (27,1), 


[Timing] Time passed: 64.236459 s

Posterior Probability: -371.829124
Agreement with demo: 5.4%
Current angular diffs: 96'

Selected number of demos: 26

-- Positive Demos --
 (567,5),  (539,3),  (542,3),  (521,5),  (495,5),  (496,5),  (470,3),  (444,0),  (358,4),  (301,4),  (244,2),  (212,2),  (205,2),  (202,2),  (200,2),  (170,4),  (142,5),  (90,5),  (36,5),  (66,7),  (96,3),  (73,3),  (47,3),  (22,7),  (51,7),  (25,3), 


[Timing] Time passed: 64.023165 s

Posterior Probability: -301.6579254
Agreement with demo: 15%
Current angular diffs: 84'

Selected number of demos: 80

-- Positive Demos --
 (565,3),  (566,3),  (567,3),  (567,5),  (568,5),  (539,3),  (540,3),  (541,3),  (542,3),  (543,3),  (544,3),  (546,3),  (547,5),  (521,5),  (522,3),  (523,5),  (495,5),  (496,5),  (469,3),  (470,3),  (471,3),  (472,5),  (444,0),  (415,0),  (415,4),  (388,0),  (358,0),  (358,4),  (330,4),  (301,4),  (301,0),  (273,4),  (244,2),  (243,2),  (213,2),  (212,2),  (183,2),  (182,2),  (208,2),  (207,2),  (205,2),  (204,2),  (203,2),  (202,2),  (230,2),  (200,2),  (199,2),  (198,2),  (170,4),  (170,0),  (142,5),  (114,5),  (115,5),  (88,3),  (89,3),  (90,5),  (63,3),  (64,3),  (64,5),  (36,5),  (36,7),  (37,7),  (66,7),  (67,3),  (96,3),  (70,3),  (71,3),  (72,3),  (73,3),  (45,3),  (46,3),  (47,3),  (22,3),  (22,7),  (51,7),  (109,5),  (25,3),  (27,1), 


[Timing] Time passed: 64.896285 s

Posterior Probability: -174.5054015
Agreement with demo: 14%
Current angular diffs: 84'

Selected number of demos: 27

-- Positive Demos --
 (565,3),  (568,5),  (540,3),  (541,3),  (546,3),  (523,5),  (469,3),  (444,0),  (415,0),  (358,4),  (301,0),  (213,2),  (212,2),  (207,2),  (204,2),  (230,2),  (170,4),  (114,5),  (89,3),  (90,5),  (36,5),  (37,7),  (70,3),  (45,3),  (22,3),  (22,7),  (109,5), 


[Timing] Time passed: 63.090718 s

Posterior Probability: -89.52968517
Agreement with demo: 11%
Current angular diffs: 91'

Selected number of demos: 42

-- Positive Demos --
 (565,3),  (566,3),  (567,3),  (568,5),  (539,3),  (540,3),  (541,3),  (542,3),  (544,3),  (547,5),  (521,5),  (522,3),  (496,5),  (470,3),  (471,3),  (472,5),  (444,0),  (388,0),  (330,4),  (273,4),  (244,2),  (243,2),  (213,2),  (212,2),  (183,2),  (207,2),  (203,2),  (230,2),  (200,2),  (170,4),  (114,5),  (88,3),  (63,3),  (36,5),  (36,7),  (66,7),  (70,3),  (71,3),  (45,3),  (47,3),  (51,7),  (27,1), 


[Timing] Time passed: 62.737226 s

Posterior Probability: -215.7709161
Agreement with demo: 11%
Current angular diffs: 90'

Selected number of demos: 25

-- Positive Demos --
 (567,5),  (541,3),  (546,3),  (547,5),  (496,5),  (471,3),  (472,5),  (444,0),  (415,0),  (415,4),  (301,4),  (213,2),  (212,2),  (207,2),  (202,2),  (200,2),  (170,4),  (115,5),  (64,3),  (36,5),  (67,3),  (73,3),  (46,3),  (51,7),  (25,3), 


[Timing] Time passed: 62.478157 s

Posterior Probability: -141.3244178
Agreement with demo: 7.2%
Current angular diffs: 92'

Selected number of demos: 80

-- Positive Demos --
 (565,3),  (566,3),  (567,3),  (567,5),  (568,5),  (539,3),  (540,3),  (541,3),  (542,3),  (543,3),  (544,3),  (546,3),  (547,5),  (521,5),  (522,3),  (523,5),  (495,5),  (496,5),  (469,3),  (470,3),  (471,3),  (472,5),  (444,0),  (415,0),  (415,4),  (388,0),  (358,0),  (358,4),  (330,4),  (301,4),  (301,0),  (273,4),  (244,2),  (243,2),  (213,2),  (212,2),  (183,2),  (182,2),  (208,2),  (207,2),  (205,2),  (204,2),  (203,2),  (202,2),  (230,2),  (200,2),  (199,2),  (198,2),  (170,4),  (170,0),  (142,5),  (114,5),  (115,5),  (88,3),  (89,3),  (90,5),  (63,3),  (64,3),  (64,5),  (36,5),  (36,7),  (37,7),  (66,7),  (67,3),  (96,3),  (70,3),  (71,3),  (72,3),  (73,3),  (45,3),  (46,3),  (47,3),  (22,3),  (22,7),  (51,7),  (109,5),  (25,3),  (27,1), 


[Timing] Time passed: 63.670986 s

Posterior Probability: -236.7741398
Agreement with demo: 9.9%
Current angular diffs: 88'

Selected number of demos: 80

-- Positive Demos --
 (565,3),  (566,3),  (567,3),  (567,5),  (568,5),  (539,3),  (540,3),  (541,3),  (542,3),  (543,3),  (544,3),  (546,3),  (547,5),  (521,5),  (522,3),  (523,5),  (495,5),  (496,5),  (469,3),  (470,3),  (471,3),  (472,5),  (444,0),  (415,0),  (415,4),  (388,0),  (358,0),  (358,4),  (330,4),  (301,4),  (301,0),  (273,4),  (244,2),  (243,2),  (213,2),  (212,2),  (183,2),  (182,2),  (208,2),  (207,2),  (205,2),  (204,2),  (203,2),  (202,2),  (230,2),  (200,2),  (199,2),  (198,2),  (170,4),  (170,0),  (142,5),  (114,5),  (115,5),  (88,3),  (89,3),  (90,5),  (63,3),  (64,3),  (64,5),  (36,5),  (36,7),  (37,7),  (66,7),  (67,3),  (96,3),  (70,3),  (71,3),  (72,3),  (73,3),  (45,3),  (46,3),  (47,3),  (22,3),  (22,7),  (51,7),  (109,5),  (25,3),  (27,1), 


[Timing] Time passed: 64.216032 s

Posterior Probability: -481.9826826
Agreement with demo: 9%
Current angular diffs: 91'

Selected number of demos: 34

-- Positive Demos --
 (565,3),  (568,5),  (539,3),  (542,3),  (546,3),  (522,3),  (496,5),  (472,5),  (415,0),  (388,0),  (301,4),  (273,4),  (243,2),  (212,2),  (208,2),  (204,2),  (203,2),  (202,2),  (198,2),  (170,0),  (115,5),  (89,3),  (63,3),  (64,3),  (37,7),  (96,3),  (71,3),  (72,3),  (45,3),  (46,3),  (22,3),  (22,7),  (51,7), 


[Timing] Time passed: 64.875646 s

Posterior Probability: -414.8559239
Agreement with demo: 15%
Current angular diffs: 85'

Selected number of demos: 62

-- Positive Demos --
 (566,3),  (567,3),  (568,5),  (539,3),  (540,3),  (541,3),  (542,3),  (543,3),  (546,3),  (547,5),  (522,3),  (495,5),  (496,5),  (469,3),  (470,3),  (471,3),  (472,5),  (444,0),  (415,4),  (388,0),  (358,0),  (358,4),  (330,4),  (301,4),  (301,0),  (273,4),  (244,2),  (243,2),  (213,2),  (212,2),  (183,2),  (182,2),  (208,2),  (205,2),  (204,2),  (203,2),  (202,2),  (200,2),  (198,2),  (170,4),  (170,0),  (142,5),  (114,5),  (115,5),  (88,3),  (90,5),  (63,3),  (64,5),  (36,5),  (37,7),  (67,3),  (96,3),  (71,3),  (73,3),  (45,3),  (46,3),  (22,3),  (22,7),  (51,7),  (25,3),  (27,1), 


[Timing] Time passed: 63.243373 s

Posterior Probability: -387.097443
Agreement with demo: 9%
Current angular diffs: 93'

Selected number of demos: 27

-- Positive Demos --
 (565,3),  (566,3),  (539,3),  (542,3),  (547,5),  (522,3),  (469,3),  (472,5),  (444,0),  (415,4),  (330,4),  (301,0),  (213,2),  (183,2),  (207,2),  (204,2),  (230,2),  (200,2),  (199,2),  (142,5),  (89,3),  (63,3),  (36,7),  (66,7),  (71,3),  (46,3),  (51,7), 


[Timing] Time passed: 61.907436 s

Posterior Probability: -60.31418135
Agreement with demo: 7.2%
Current angular diffs: 1e+02'

Selected number of demos: 50

-- Positive Demos --
 (565,3),  (567,3),  (568,5),  (539,3),  (540,3),  (542,3),  (543,3),  (546,3),  (547,5),  (522,3),  (495,5),  (469,3),  (470,3),  (472,5),  (444,0),  (415,0),  (388,0),  (358,4),  (330,4),  (301,0),  (244,2),  (213,2),  (183,2),  (208,2),  (205,2),  (203,2),  (202,2),  (200,2),  (199,2),  (170,4),  (142,5),  (115,5),  (88,3),  (90,5),  (64,3),  (64,5),  (36,7),  (66,7),  (67,3),  (96,3),  (70,3),  (72,3),  (73,3),  (46,3),  (22,3),  (22,7),  (51,7),  (109,5),  (27,1), 


[Timing] Time passed: 64.33698 s

Posterior Probability: -265.7917451
Agreement with demo: 9%
Current angular diffs: 87'

Selected number of demos: 80

-- Positive Demos --
 (565,3),  (566,3),  (567,3),  (567,5),  (568,5),  (539,3),  (540,3),  (541,3),  (542,3),  (543,3),  (544,3),  (546,3),  (547,5),  (521,5),  (522,3),  (523,5),  (495,5),  (496,5),  (469,3),  (470,3),  (471,3),  (472,5),  (444,0),  (415,0),  (415,4),  (388,0),  (358,0),  (358,4),  (330,4),  (301,4),  (301,0),  (273,4),  (244,2),  (243,2),  (213,2),  (212,2),  (183,2),  (182,2),  (208,2),  (207,2),  (205,2),  (204,2),  (203,2),  (202,2),  (230,2),  (200,2),  (199,2),  (198,2),  (170,4),  (170,0),  (142,5),  (114,5),  (115,5),  (88,3),  (89,3),  (90,5),  (63,3),  (64,3),  (64,5),  (36,5),  (36,7),  (37,7),  (66,7),  (67,3),  (96,3),  (70,3),  (71,3),  (72,3),  (73,3),  (45,3),  (46,3),  (47,3),  (22,3),  (22,7),  (51,7),  (109,5),  (25,3),  (27,1), 


[Timing] Time passed: 63.456712 s

Posterior Probability: -380.1928925
Agreement with demo: 11%
Current angular diffs: 88'

Selected number of demos: 53

-- Positive Demos --
 (566,3),  (567,3),  (567,5),  (539,3),  (540,3),  (541,3),  (542,3),  (543,3),  (544,3),  (546,3),  (547,5),  (521,5),  (522,3),  (495,5),  (469,3),  (470,3),  (471,3),  (472,5),  (444,0),  (415,0),  (415,4),  (358,0),  (330,4),  (301,0),  (273,4),  (244,2),  (213,2),  (183,2),  (208,2),  (207,2),  (205,2),  (203,2),  (202,2),  (200,2),  (198,2),  (170,0),  (114,5),  (88,3),  (90,5),  (64,3),  (64,5),  (36,5),  (37,7),  (67,3),  (70,3),  (72,3),  (73,3),  (46,3),  (22,3),  (22,7),  (51,7),  (25,3), 


[Timing] Time passed: 63.098646 s

Posterior Probability: -128.1841487
Agreement with demo: 11%
Current angular diffs: 98'

Selected number of demos: 36

-- Positive Demos --
 (567,5),  (540,3),  (542,3),  (547,5),  (522,3),  (469,3),  (444,0),  (415,0),  (358,4),  (273,4),  (212,2),  (183,2),  (182,2),  (208,2),  (205,2),  (203,2),  (230,2),  (200,2),  (199,2),  (170,4),  (170,0),  (114,5),  (115,5),  (88,3),  (90,5),  (64,3),  (36,5),  (66,7),  (70,3),  (72,3),  (45,3),  (46,3),  (22,7),  (109,5),  (27,1), 


[Timing] Time passed: 64.279501 s

Posterior Probability: -595.4355373
Agreement with demo: 11%
Current angular diffs: 88'

Selected number of demos: 51

-- Positive Demos --
 (566,3),  (567,3),  (567,5),  (568,5),  (539,3),  (541,3),  (543,3),  (546,3),  (521,5),  (523,5),  (496,5),  (470,3),  (472,5),  (444,0),  (415,4),  (388,0),  (358,4),  (301,4),  (301,0),  (273,4),  (244,2),  (243,2),  (213,2),  (183,2),  (208,2),  (205,2),  (204,2),  (203,2),  (202,2),  (200,2),  (198,2),  (170,4),  (142,5),  (115,5),  (88,3),  (90,5),  (63,3),  (64,5),  (36,7),  (37,7),  (67,3),  (96,3),  (71,3),  (72,3),  (45,3),  (46,3),  (47,3),  (22,7),  (51,7),  (109,5),  (27,1), 


[Timing] Time passed: 62.717825 s

Posterior Probability: -268.9619068
Agreement with demo: 9.9%
Current angular diffs: 90'

Selected number of demos: 22

-- Positive Demos --
 (568,5),  (540,3),  (546,3),  (523,5),  (470,3),  (444,0),  (415,4),  (358,4),  (330,4),  (273,4),  (212,2),  (205,2),  (202,2),  (199,2),  (142,5),  (114,5),  (89,3),  (36,5),  (67,3),  (73,3),  (47,3),  (25,3), 


[Timing] Time passed: 62.559098 s

Posterior Probability: -76.15067646
Agreement with demo: 11%
Current angular diffs: 91'

Selected number of demos: 80

-- Positive Demos --
 (565,3),  (566,3),  (567,3),  (567,5),  (568,5),  (539,3),  (540,3),  (541,3),  (542,3),  (543,3),  (544,3),  (546,3),  (547,5),  (521,5),  (522,3),  (523,5),  (495,5),  (496,5),  (469,3),  (470,3),  (471,3),  (472,5),  (444,0),  (415,0),  (415,4),  (388,0),  (358,0),  (358,4),  (330,4),  (301,4),  (301,0),  (273,4),  (244,2),  (243,2),  (213,2),  (212,2),  (183,2),  (182,2),  (208,2),  (207,2),  (205,2),  (204,2),  (203,2),  (202,2),  (230,2),  (200,2),  (199,2),  (198,2),  (170,4),  (170,0),  (142,5),  (114,5),  (115,5),  (88,3),  (89,3),  (90,5),  (63,3),  (64,3),  (64,5),  (36,5),  (36,7),  (37,7),  (66,7),  (67,3),  (96,3),  (70,3),  (71,3),  (72,3),  (73,3),  (45,3),  (46,3),  (47,3),  (22,3),  (22,7),  (51,7),  (109,5),  (25,3),  (27,1), 


[Timing] Time passed: 63.955368 s

Posterior Probability: -600.2570918
Agreement with demo: 9.9%
Current angular diffs: 89'

Selected number of demos: 31

-- Positive Demos --
 (565,3),  (567,3),  (540,3),  (544,3),  (521,5),  (523,5),  (469,3),  (471,3),  (444,0),  (415,4),  (358,0),  (301,4),  (301,0),  (213,2),  (212,2),  (183,2),  (182,2),  (207,2),  (203,2),  (200,2),  (198,2),  (142,5),  (89,3),  (63,3),  (36,7),  (96,3),  (70,3),  (72,3),  (47,3),  (109,5),  (27,1), 


[Timing] Time passed: 62.85402 s

Posterior Probability: -69.19971482
Agreement with demo: 14%
Current angular diffs: 94'

Selected number of demos: 51

-- Positive Demos --
 (565,3),  (567,3),  (567,5),  (539,3),  (541,3),  (542,3),  (543,3),  (544,3),  (547,5),  (522,3),  (523,5),  (496,5),  (469,3),  (471,3),  (444,0),  (415,0),  (388,0),  (358,4),  (301,4),  (273,4),  (243,2),  (213,2),  (212,2),  (182,2),  (208,2),  (205,2),  (203,2),  (202,2),  (230,2),  (200,2),  (199,2),  (198,2),  (170,0),  (142,5),  (115,5),  (89,3),  (63,3),  (64,3),  (36,5),  (36,7),  (66,7),  (96,3),  (71,3),  (73,3),  (45,3),  (46,3),  (47,3),  (22,3),  (22,7),  (109,5),  (27,1), 


[Timing] Time passed: 62.591779 s

Posterior Probability: -480.277319
Agreement with demo: 8.1%
Current angular diffs: 88'

Selected number of demos: 80

-- Positive Demos --
 (565,3),  (566,3),  (567,3),  (567,5),  (568,5),  (539,3),  (540,3),  (541,3),  (542,3),  (543,3),  (544,3),  (546,3),  (547,5),  (521,5),  (522,3),  (523,5),  (495,5),  (496,5),  (469,3),  (470,3),  (471,3),  (472,5),  (444,0),  (415,0),  (415,4),  (388,0),  (358,0),  (358,4),  (330,4),  (301,4),  (301,0),  (273,4),  (244,2),  (243,2),  (213,2),  (212,2),  (183,2),  (182,2),  (208,2),  (207,2),  (205,2),  (204,2),  (203,2),  (202,2),  (230,2),  (200,2),  (199,2),  (198,2),  (170,4),  (170,0),  (142,5),  (114,5),  (115,5),  (88,3),  (89,3),  (90,5),  (63,3),  (64,3),  (64,5),  (36,5),  (36,7),  (37,7),  (66,7),  (67,3),  (96,3),  (70,3),  (71,3),  (72,3),  (73,3),  (45,3),  (46,3),  (47,3),  (22,3),  (22,7),  (51,7),  (109,5),  (25,3),  (27,1), 


[Timing] Time passed: 63.895918 s

Posterior Probability: -496.857495
Agreement with demo: 9.9%
Current angular diffs: 87'

Selected number of demos: 50

-- Positive Demos --
 (566,3),  (567,5),  (568,5),  (540,3),  (541,3),  (542,3),  (544,3),  (547,5),  (522,3),  (495,5),  (469,3),  (471,3),  (472,5),  (444,0),  (415,0),  (388,0),  (358,0),  (330,4),  (301,4),  (273,4),  (244,2),  (213,2),  (183,2),  (208,2),  (205,2),  (203,2),  (202,2),  (230,2),  (200,2),  (198,2),  (170,4),  (142,5),  (115,5),  (88,3),  (89,3),  (63,3),  (64,3),  (64,5),  (36,5),  (37,7),  (67,3),  (70,3),  (71,3),  (73,3),  (46,3),  (47,3),  (22,3),  (51,7),  (25,3),  (27,1), 


[Timing] Time passed: 63.15886 s

Posterior Probability: -448.9004027
Agreement with demo: 14%
Current angular diffs: 88'

Selected number of demos: 56

-- Positive Demos --
 (566,3),  (567,3),  (568,5),  (539,3),  (541,3),  (542,3),  (544,3),  (546,3),  (547,5),  (521,5),  (522,3),  (495,5),  (469,3),  (470,3),  (471,3),  (444,0),  (415,0),  (415,4),  (358,0),  (330,4),  (301,0),  (273,4),  (244,2),  (213,2),  (212,2),  (183,2),  (182,2),  (207,2),  (205,2),  (204,2),  (203,2),  (202,2),  (230,2),  (199,2),  (170,4),  (142,5),  (114,5),  (88,3),  (90,5),  (63,3),  (64,5),  (36,5),  (37,7),  (66,7),  (67,3),  (96,3),  (70,3),  (72,3),  (73,3),  (46,3),  (47,3),  (22,7),  (109,5),  (25,3),  (27,1), 


[Timing] Time passed: 64.659506 s

Posterior Probability: -285.5113408
Agreement with demo: 14%
Current angular diffs: 85'

Selected number of demos: 80

-- Positive Demos --
 (565,3),  (566,3),  (567,3),  (567,5),  (568,5),  (539,3),  (540,3),  (541,3),  (542,3),  (543,3),  (544,3),  (546,3),  (547,5),  (521,5),  (522,3),  (523,5),  (495,5),  (496,5),  (469,3),  (470,3),  (471,3),  (472,5),  (444,0),  (415,0),  (415,4),  (388,0),  (358,0),  (358,4),  (330,4),  (301,4),  (301,0),  (273,4),  (244,2),  (243,2),  (213,2),  (212,2),  (183,2),  (182,2),  (208,2),  (207,2),  (205,2),  (204,2),  (203,2),  (202,2),  (230,2),  (200,2),  (199,2),  (198,2),  (170,4),  (170,0),  (142,5),  (114,5),  (115,5),  (88,3),  (89,3),  (90,5),  (63,3),  (64,3),  (64,5),  (36,5),  (36,7),  (37,7),  (66,7),  (67,3),  (96,3),  (70,3),  (71,3),  (72,3),  (73,3),  (45,3),  (46,3),  (47,3),  (22,3),  (22,7),  (51,7),  (109,5),  (25,3),  (27,1), 


[Timing] Time passed: 65.085902 s

Posterior Probability: -621.1961669
Agreement with demo: 5.4%
Current angular diffs: 93'

Selected number of demos: 56

-- Positive Demos --
 (565,3),  (566,3),  (567,5),  (568,5),  (539,3),  (540,3),  (541,3),  (542,3),  (544,3),  (546,3),  (521,5),  (522,3),  (523,5),  (496,5),  (470,3),  (471,3),  (472,5),  (444,0),  (415,0),  (415,4),  (358,0),  (358,4),  (330,4),  (301,4),  (273,4),  (244,2),  (213,2),  (183,2),  (208,2),  (205,2),  (204,2),  (203,2),  (202,2),  (200,2),  (199,2),  (170,4),  (142,5),  (114,5),  (115,5),  (88,3),  (89,3),  (63,3),  (64,5),  (36,5),  (36,7),  (37,7),  (67,3),  (70,3),  (72,3),  (73,3),  (46,3),  (47,3),  (22,7),  (109,5),  (25,3),  (27,1), 


[Timing] Time passed: 64.399718 s

Posterior Probability: -475.2123344
Agreement with demo: 14%
Current angular diffs: 83'

Selected number of demos: 31

-- Positive Demos --
 (565,3),  (567,3),  (567,5),  (540,3),  (546,3),  (521,5),  (495,5),  (471,3),  (415,0),  (415,4),  (358,4),  (301,0),  (212,2),  (182,2),  (204,2),  (202,2),  (230,2),  (200,2),  (170,4),  (170,0),  (115,5),  (89,3),  (90,5),  (36,7),  (66,7),  (96,3),  (71,3),  (73,3),  (47,3),  (51,7),  (109,5), 


[Timing] Time passed: 62.262238 s

Posterior Probability: -75.02975301
Agreement with demo: 13%
Current angular diffs: 87'

Selected number of demos: 43

-- Positive Demos --
 (567,3),  (567,5),  (539,3),  (542,3),  (543,3),  (547,5),  (522,3),  (523,5),  (469,3),  (471,3),  (444,0),  (388,0),  (358,0),  (358,4),  (301,4),  (301,0),  (244,2),  (243,2),  (183,2),  (182,2),  (208,2),  (205,2),  (204,2),  (202,2),  (230,2),  (199,2),  (198,2),  (170,4),  (114,5),  (88,3),  (89,3),  (63,3),  (36,5),  (36,7),  (66,7),  (70,3),  (72,3),  (46,3),  (22,7),  (51,7),  (109,5),  (27,1), 


[Timing] Time passed: 63.897995 s

Posterior Probability: -400.0379058
Agreement with demo: 9%
Current angular diffs: 93'

Selected number of demos: 24

-- Positive Demos --
 (567,3),  (541,3),  (546,3),  (522,3),  (496,5),  (469,3),  (471,3),  (415,0),  (358,0),  (330,4),  (244,2),  (212,2),  (182,2),  (204,2),  (230,2),  (170,4),  (114,5),  (90,5),  (64,5),  (36,7),  (96,3),  (73,3),  (22,3),  (27,1), 


[Timing] Time passed: 63.078726 s

Posterior Probability: -191.9654236
Agreement with demo: 9%
Current angular diffs: 90'

Selected number of demos: 54

-- Positive Demos --
 (565,3),  (567,3),  (567,5),  (568,5),  (540,3),  (541,3),  (542,3),  (544,3),  (547,5),  (521,5),  (522,3),  (495,5),  (496,5),  (469,3),  (470,3),  (471,3),  (472,5),  (444,0),  (415,4),  (358,0),  (358,4),  (301,4),  (273,4),  (243,2),  (212,2),  (182,2),  (208,2),  (207,2),  (204,2),  (203,2),  (202,2),  (230,2),  (199,2),  (198,2),  (170,4),  (142,5),  (115,5),  (88,3),  (89,3),  (90,5),  (64,3),  (64,5),  (36,7),  (66,7),  (67,3),  (70,3),  (72,3),  (73,3),  (45,3),  (47,3),  (22,7),  (51,7),  (109,5),  (27,1), 


[Timing] Time passed: 65.242873 s

Posterior Probability: -633.0677794
Agreement with demo: 11%
Current angular diffs: 90'

Selected number of demos: 53

-- Positive Demos --
 (566,3),  (567,5),  (539,3),  (541,3),  (542,3),  (544,3),  (546,3),  (521,5),  (523,5),  (496,5),  (469,3),  (470,3),  (471,3),  (444,0),  (415,0),  (415,4),  (358,0),  (358,4),  (330,4),  (301,4),  (301,0),  (244,2),  (213,2),  (212,2),  (183,2),  (208,2),  (207,2),  (205,2),  (203,2),  (202,2),  (230,2),  (200,2),  (199,2),  (170,4),  (142,5),  (115,5),  (89,3),  (90,5),  (64,3),  (64,5),  (36,5),  (37,7),  (67,3),  (96,3),  (71,3),  (73,3),  (45,3),  (46,3),  (22,3),  (22,7),  (109,5),  (27,1), 


[Timing] Time passed: 64.476102 s

Posterior Probability: -586.3778407
Agreement with demo: 13%
Current angular diffs: 86'

Selected number of demos: 30

-- Positive Demos --
 (567,5),  (541,3),  (543,3),  (547,5),  (522,3),  (496,5),  (469,3),  (444,0),  (388,0),  (301,4),  (301,0),  (243,2),  (213,2),  (212,2),  (183,2),  (182,2),  (204,2),  (202,2),  (199,2),  (170,0),  (142,5),  (88,3),  (64,3),  (36,5),  (37,7),  (66,7),  (70,3),  (45,3),  (22,3),  (25,3), 


[Timing] Time passed: 65.342754 s

Posterior Probability: -256.479539
Agreement with demo: 7.2%
Current angular diffs: 92'

Selected number of demos: 42

-- Positive Demos --
 (566,3),  (567,5),  (539,3),  (541,3),  (544,3),  (547,5),  (521,5),  (523,5),  (496,5),  (471,3),  (472,5),  (444,0),  (388,0),  (330,4),  (301,0),  (273,4),  (243,2),  (212,2),  (208,2),  (204,2),  (203,2),  (230,2),  (200,2),  (199,2),  (170,0),  (142,5),  (115,5),  (88,3),  (89,3),  (90,5),  (63,3),  (64,5),  (37,7),  (96,3),  (72,3),  (45,3),  (47,3),  (22,3),  (22,7),  (51,7),  (109,5),  (25,3), 


[Timing] Time passed: 63.864718 s

Posterior Probability: -387.1433785
Agreement with demo: 9.9%
Current angular diffs: 87'

-----------------------------
Avg angular diffs: 80'
-- learned weights --
Feature Weights: -0.64875, 0.18975, 0.536, -0.1, 
