loading features...

Initializing gridworld of size 28 by 22..
    Num states: 616
    Num actions: 8

Total number of demos: 75

Selected number of demos: 75

-- Positive Demos --
 (506,3),  (508,3),  (509,3),  (510,3),  (512,3),  (513,3),  (514,3),  (542,3),  (543,3),  (517,3),  (545,3),  (547,3),  (521,3),  (522,3),  (523,3),  (524,3),  (497,5),  (498,5),  (471,5),  (472,5),  (444,0),  (415,5),  (416,0),  (416,4),  (388,4),  (358,4),  (330,4),  (301,2),  (300,2),  (299,4),  (270,2),  (269,2),  (267,2),  (266,2),  (237,2),  (236,2),  (234,2),  (233,2),  (203,2),  (202,2),  (201,2),  (200,2),  (172,4),  (171,4),  (143,4),  (142,4),  (114,0),  (86,5),  (87,3),  (59,5),  (60,3),  (61,3),  (62,3),  (64,3),  (65,3),  (66,3),  (38,3),  (69,3),  (41,3),  (42,3),  (43,3),  (44,3),  (46,3),  (47,3),  (48,3),  (49,3),  (50,3),  (51,3),  (52,3), 


[Timing] Time passed: 1040.245319 s

Posterior Probability: -230.3546219
Agreement with demo: 19%
Current angular diffs: 84'

Selected number of demos: 75

-- Positive Demos --
 (506,3),  (508,3),  (509,3),  (510,3),  (512,3),  (513,3),  (514,3),  (542,3),  (543,3),  (517,3),  (545,3),  (547,3),  (521,3),  (522,3),  (523,3),  (524,3),  (497,5),  (498,5),  (471,5),  (472,5),  (444,0),  (415,5),  (416,0),  (416,4),  (388,4),  (358,4),  (330,4),  (301,2),  (300,2),  (299,4),  (270,2),  (269,2),  (267,2),  (266,2),  (237,2),  (236,2),  (234,2),  (233,2),  (203,2),  (202,2),  (201,2),  (200,2),  (172,4),  (171,4),  (143,4),  (142,4),  (114,0),  (86,5),  (87,3),  (59,5),  (60,3),  (61,3),  (62,3),  (64,3),  (65,3),  (66,3),  (38,3),  (69,3),  (41,3),  (42,3),  (43,3),  (44,3),  (46,3),  (47,3),  (48,3),  (49,3),  (50,3),  (51,3),  (52,3), 


[Timing] Time passed: 994.662346 s

Posterior Probability: -436.1882112
Agreement with demo: 7.8%
Current angular diffs: 80'

Selected number of demos: 56

-- Positive Demos --
 (506,3),  (508,3),  (509,3),  (512,3),  (513,3),  (542,3),  (543,3),  (517,3),  (545,3),  (547,3),  (521,3),  (523,3),  (497,5),  (498,5),  (471,5),  (472,5),  (444,0),  (415,5),  (416,0),  (416,4),  (388,4),  (358,4),  (301,2),  (299,4),  (270,2),  (269,2),  (266,2),  (237,2),  (236,2),  (233,2),  (203,2),  (201,2),  (172,4),  (143,4),  (142,4),  (114,0),  (86,5),  (59,5),  (60,3),  (61,3),  (64,3),  (65,3),  (38,3),  (69,3),  (41,3),  (43,3),  (44,3),  (46,3),  (47,3),  (48,3),  (49,3),  (50,3),  (51,3),  (52,3), 


[Timing] Time passed: 938.199885 s

Posterior Probability: -222.726228
Agreement with demo: 14%
Current angular diffs: 86'

Selected number of demos: 75

-- Positive Demos --
 (506,3),  (508,3),  (509,3),  (510,3),  (512,3),  (513,3),  (514,3),  (542,3),  (543,3),  (517,3),  (545,3),  (547,3),  (521,3),  (522,3),  (523,3),  (524,3),  (497,5),  (498,5),  (471,5),  (472,5),  (444,0),  (415,5),  (416,0),  (416,4),  (388,4),  (358,4),  (330,4),  (301,2),  (300,2),  (299,4),  (270,2),  (269,2),  (267,2),  (266,2),  (237,2),  (236,2),  (234,2),  (233,2),  (203,2),  (202,2),  (201,2),  (200,2),  (172,4),  (171,4),  (143,4),  (142,4),  (114,0),  (86,5),  (87,3),  (59,5),  (60,3),  (61,3),  (62,3),  (64,3),  (65,3),  (66,3),  (38,3),  (69,3),  (41,3),  (42,3),  (43,3),  (44,3),  (46,3),  (47,3),  (48,3),  (49,3),  (50,3),  (51,3),  (52,3), 


[Timing] Time passed: 943.82852 s

Posterior Probability: -355.6446353
Agreement with demo: 13%
Current angular diffs: 82'

Selected number of demos: 75

-- Positive Demos --
 (506,3),  (508,3),  (509,3),  (510,3),  (512,3),  (513,3),  (514,3),  (542,3),  (543,3),  (517,3),  (545,3),  (547,3),  (521,3),  (522,3),  (523,3),  (524,3),  (497,5),  (498,5),  (471,5),  (472,5),  (444,0),  (415,5),  (416,0),  (416,4),  (388,4),  (358,4),  (330,4),  (301,2),  (300,2),  (299,4),  (270,2),  (269,2),  (267,2),  (266,2),  (237,2),  (236,2),  (234,2),  (233,2),  (203,2),  (202,2),  (201,2),  (200,2),  (172,4),  (171,4),  (143,4),  (142,4),  (114,0),  (86,5),  (87,3),  (59,5),  (60,3),  (61,3),  (62,3),  (64,3),  (65,3),  (66,3),  (38,3),  (69,3),  (41,3),  (42,3),  (43,3),  (44,3),  (46,3),  (47,3),  (48,3),  (49,3),  (50,3),  (51,3),  (52,3), 


[Timing] Time passed: 944.604781 s

Posterior Probability: -457.9185529
Agreement with demo: 10%
Current angular diffs: 84'

Selected number of demos: 75

-- Positive Demos --
 (506,3),  (508,3),  (509,3),  (510,3),  (512,3),  (513,3),  (514,3),  (542,3),  (543,3),  (517,3),  (545,3),  (547,3),  (521,3),  (522,3),  (523,3),  (524,3),  (497,5),  (498,5),  (471,5),  (472,5),  (444,0),  (415,5),  (416,0),  (416,4),  (388,4),  (358,4),  (330,4),  (301,2),  (300,2),  (299,4),  (270,2),  (269,2),  (267,2),  (266,2),  (237,2),  (236,2),  (234,2),  (233,2),  (203,2),  (202,2),  (201,2),  (200,2),  (172,4),  (171,4),  (143,4),  (142,4),  (114,0),  (86,5),  (87,3),  (59,5),  (60,3),  (61,3),  (62,3),  (64,3),  (65,3),  (66,3),  (38,3),  (69,3),  (41,3),  (42,3),  (43,3),  (44,3),  (46,3),  (47,3),  (48,3),  (49,3),  (50,3),  (51,3),  (52,3), 


[Timing] Time passed: 950.571832 s

Posterior Probability: -373.2714603
Agreement with demo: 5.6%
Current angular diffs: 90'

Selected number of demos: 22

-- Positive Demos --
 (508,3),  (512,3),  (513,3),  (543,3),  (522,3),  (497,5),  (472,5),  (415,5),  (358,4),  (300,2),  (267,2),  (237,2),  (202,2),  (171,4),  (86,5),  (59,5),  (65,3),  (38,3),  (43,3),  (46,3),  (48,3),  (52,3), 


[Timing] Time passed: 939.974576 s

Posterior Probability: -140.8478596
Agreement with demo: 18%
Current angular diffs: 91'

Selected number of demos: 75

-- Positive Demos --
 (506,3),  (508,3),  (509,3),  (510,3),  (512,3),  (513,3),  (514,3),  (542,3),  (543,3),  (517,3),  (545,3),  (547,3),  (521,3),  (522,3),  (523,3),  (524,3),  (497,5),  (498,5),  (471,5),  (472,5),  (444,0),  (415,5),  (416,0),  (416,4),  (388,4),  (358,4),  (330,4),  (301,2),  (300,2),  (299,4),  (270,2),  (269,2),  (267,2),  (266,2),  (237,2),  (236,2),  (234,2),  (233,2),  (203,2),  (202,2),  (201,2),  (200,2),  (172,4),  (171,4),  (143,4),  (142,4),  (114,0),  (86,5),  (87,3),  (59,5),  (60,3),  (61,3),  (62,3),  (64,3),  (65,3),  (66,3),  (38,3),  (69,3),  (41,3),  (42,3),  (43,3),  (44,3),  (46,3),  (47,3),  (48,3),  (49,3),  (50,3),  (51,3),  (52,3), 


[Timing] Time passed: 920.522985 s

Posterior Probability: -263.944054
Agreement with demo: 14%
Current angular diffs: 90'

Selected number of demos: 54

-- Positive Demos --
 (506,3),  (508,3),  (509,3),  (510,3),  (512,3),  (513,3),  (514,3),  (543,3),  (545,3),  (521,3),  (522,3),  (524,3),  (497,5),  (498,5),  (471,5),  (472,5),  (444,0),  (415,5),  (416,4),  (388,4),  (358,4),  (330,4),  (301,2),  (300,2),  (299,4),  (269,2),  (266,2),  (236,2),  (234,2),  (233,2),  (202,2),  (200,2),  (172,4),  (171,4),  (143,4),  (114,0),  (86,5),  (87,3),  (59,5),  (60,3),  (61,3),  (62,3),  (65,3),  (66,3),  (38,3),  (41,3),  (42,3),  (43,3),  (46,3),  (48,3),  (49,3),  (51,3),  (52,3), 


[Timing] Time passed: 898.89244 s

Posterior Probability: -319.8510895
Agreement with demo: 14%
Current angular diffs: 89'

Selected number of demos: 28

-- Positive Demos --
 (509,3),  (510,3),  (514,3),  (545,3),  (547,3),  (521,3),  (522,3),  (498,5),  (472,5),  (416,0),  (416,4),  (388,4),  (330,4),  (301,2),  (269,2),  (237,2),  (203,2),  (172,4),  (143,4),  (86,5),  (59,5),  (60,3),  (62,3),  (66,3),  (42,3),  (46,3),  (48,3),  (52,3), 


[Timing] Time passed: 832.122945 s

Posterior Probability: -102.7768386
Agreement with demo: 13%
Current angular diffs: 81'

Selected number of demos: 24

-- Positive Demos --
 (508,3),  (512,3),  (513,3),  (517,3),  (521,3),  (497,5),  (472,5),  (444,0),  (388,4),  (358,4),  (300,2),  (266,2),  (233,2),  (200,2),  (172,4),  (86,5),  (87,3),  (59,5),  (64,3),  (65,3),  (41,3),  (43,3),  (49,3),  (50,3), 


[Timing] Time passed: 782.398832 s

Posterior Probability: -179.2121073
Agreement with demo: 3.3%
Current angular diffs: 90'

Selected number of demos: 75

-- Positive Demos --
 (506,3),  (508,3),  (509,3),  (510,3),  (512,3),  (513,3),  (514,3),  (542,3),  (543,3),  (517,3),  (545,3),  (547,3),  (521,3),  (522,3),  (523,3),  (524,3),  (497,5),  (498,5),  (471,5),  (472,5),  (444,0),  (415,5),  (416,0),  (416,4),  (388,4),  (358,4),  (330,4),  (301,2),  (300,2),  (299,4),  (270,2),  (269,2),  (267,2),  (266,2),  (237,2),  (236,2),  (234,2),  (233,2),  (203,2),  (202,2),  (201,2),  (200,2),  (172,4),  (171,4),  (143,4),  (142,4),  (114,0),  (86,5),  (87,3),  (59,5),  (60,3),  (61,3),  (62,3),  (64,3),  (65,3),  (66,3),  (38,3),  (69,3),  (41,3),  (42,3),  (43,3),  (44,3),  (46,3),  (47,3),  (48,3),  (49,3),  (50,3),  (51,3),  (52,3), 


[Timing] Time passed: 794.404188 s

Posterior Probability: -163.3188718
Agreement with demo: 10%
Current angular diffs: 82'

Selected number of demos: 25

-- Positive Demos --
 (509,3),  (510,3),  (542,3),  (521,3),  (522,3),  (523,3),  (497,5),  (498,5),  (471,5),  (416,0),  (358,4),  (301,2),  (300,2),  (269,2),  (237,2),  (236,2),  (202,2),  (172,4),  (114,0),  (59,5),  (65,3),  (42,3),  (43,3),  (46,3),  (51,3), 


[Timing] Time passed: 787.786904 s

Posterior Probability: -101.1461203
Agreement with demo: 13%
Current angular diffs: 92'

Selected number of demos: 38

-- Positive Demos --
 (508,3),  (509,3),  (510,3),  (514,3),  (543,3),  (517,3),  (547,3),  (522,3),  (523,3),  (497,5),  (471,5),  (444,0),  (416,0),  (388,4),  (330,4),  (300,2),  (270,2),  (266,2),  (234,2),  (233,2),  (202,2),  (201,2),  (200,2),  (143,4),  (114,0),  (86,5),  (59,5),  (61,3),  (62,3),  (66,3),  (38,3),  (42,3),  (44,3),  (46,3),  (49,3),  (50,3),  (52,3), 


[Timing] Time passed: 860.314799 s

Posterior Probability: -215.1062672
Agreement with demo: 14%
Current angular diffs: 78'

Selected number of demos: 51

-- Positive Demos --
 (508,3),  (509,3),  (510,3),  (513,3),  (542,3),  (543,3),  (545,3),  (547,3),  (521,3),  (522,3),  (523,3),  (497,5),  (498,5),  (471,5),  (472,5),  (444,0),  (416,0),  (388,4),  (358,4),  (330,4),  (301,2),  (300,2),  (299,4),  (270,2),  (267,2),  (237,2),  (236,2),  (233,2),  (202,2),  (201,2),  (172,4),  (143,4),  (114,0),  (87,3),  (59,5),  (61,3),  (62,3),  (64,3),  (65,3),  (66,3),  (38,3),  (41,3),  (43,3),  (44,3),  (47,3),  (49,3),  (50,3),  (51,3),  (52,3), 


[Timing] Time passed: 873.275357 s

Posterior Probability: -189.715459
Agreement with demo: 19%
Current angular diffs: 87'

Selected number of demos: 75

-- Positive Demos --
 (506,3),  (508,3),  (509,3),  (510,3),  (512,3),  (513,3),  (514,3),  (542,3),  (543,3),  (517,3),  (545,3),  (547,3),  (521,3),  (522,3),  (523,3),  (524,3),  (497,5),  (498,5),  (471,5),  (472,5),  (444,0),  (415,5),  (416,0),  (416,4),  (388,4),  (358,4),  (330,4),  (301,2),  (300,2),  (299,4),  (270,2),  (269,2),  (267,2),  (266,2),  (237,2),  (236,2),  (234,2),  (233,2),  (203,2),  (202,2),  (201,2),  (200,2),  (172,4),  (171,4),  (143,4),  (142,4),  (114,0),  (86,5),  (87,3),  (59,5),  (60,3),  (61,3),  (62,3),  (64,3),  (65,3),  (66,3),  (38,3),  (69,3),  (41,3),  (42,3),  (43,3),  (44,3),  (46,3),  (47,3),  (48,3),  (49,3),  (50,3),  (51,3),  (52,3), 


[Timing] Time passed: 887.32636 s

Posterior Probability: -317.5542792
Agreement with demo: 6.7%
Current angular diffs: 86'

Selected number of demos: 75

-- Positive Demos --
 (506,3),  (508,3),  (509,3),  (510,3),  (512,3),  (513,3),  (514,3),  (542,3),  (543,3),  (517,3),  (545,3),  (547,3),  (521,3),  (522,3),  (523,3),  (524,3),  (497,5),  (498,5),  (471,5),  (472,5),  (444,0),  (415,5),  (416,0),  (416,4),  (388,4),  (358,4),  (330,4),  (301,2),  (300,2),  (299,4),  (270,2),  (269,2),  (267,2),  (266,2),  (237,2),  (236,2),  (234,2),  (233,2),  (203,2),  (202,2),  (201,2),  (200,2),  (172,4),  (171,4),  (143,4),  (142,4),  (114,0),  (86,5),  (87,3),  (59,5),  (60,3),  (61,3),  (62,3),  (64,3),  (65,3),  (66,3),  (38,3),  (69,3),  (41,3),  (42,3),  (43,3),  (44,3),  (46,3),  (47,3),  (48,3),  (49,3),  (50,3),  (51,3),  (52,3), 


[Timing] Time passed: 910.010422 s

Posterior Probability: -415.074369
Agreement with demo: 14%
Current angular diffs: 91'

Selected number of demos: 75

-- Positive Demos --
 (506,3),  (508,3),  (509,3),  (510,3),  (512,3),  (513,3),  (514,3),  (542,3),  (543,3),  (517,3),  (545,3),  (547,3),  (521,3),  (522,3),  (523,3),  (524,3),  (497,5),  (498,5),  (471,5),  (472,5),  (444,0),  (415,5),  (416,0),  (416,4),  (388,4),  (358,4),  (330,4),  (301,2),  (300,2),  (299,4),  (270,2),  (269,2),  (267,2),  (266,2),  (237,2),  (236,2),  (234,2),  (233,2),  (203,2),  (202,2),  (201,2),  (200,2),  (172,4),  (171,4),  (143,4),  (142,4),  (114,0),  (86,5),  (87,3),  (59,5),  (60,3),  (61,3),  (62,3),  (64,3),  (65,3),  (66,3),  (38,3),  (69,3),  (41,3),  (42,3),  (43,3),  (44,3),  (46,3),  (47,3),  (48,3),  (49,3),  (50,3),  (51,3),  (52,3), 


[Timing] Time passed: 803.455468 s

Posterior Probability: -286.9140041
Agreement with demo: 14%
Current angular diffs: 83'

Selected number of demos: 46

-- Positive Demos --
 (506,3),  (508,3),  (509,3),  (512,3),  (514,3),  (543,3),  (545,3),  (521,3),  (523,3),  (524,3),  (498,5),  (471,5),  (444,0),  (415,5),  (416,4),  (388,4),  (358,4),  (330,4),  (300,2),  (270,2),  (267,2),  (237,2),  (234,2),  (233,2),  (203,2),  (201,2),  (172,4),  (143,4),  (114,0),  (87,3),  (59,5),  (60,3),  (62,3),  (65,3),  (38,3),  (69,3),  (41,3),  (42,3),  (44,3),  (47,3),  (48,3),  (49,3),  (50,3),  (52,3), 


[Timing] Time passed: 786.901351 s

Posterior Probability: -231.2744605
Agreement with demo: 14%
Current angular diffs: 88'

Selected number of demos: 50

-- Positive Demos --
 (508,3),  (509,3),  (510,3),  (513,3),  (514,3),  (542,3),  (517,3),  (547,3),  (521,3),  (522,3),  (524,3),  (497,5),  (498,5),  (471,5),  (444,0),  (416,0),  (388,4),  (358,4),  (330,4),  (301,2),  (299,4),  (270,2),  (267,2),  (266,2),  (237,2),  (234,2),  (233,2),  (202,2),  (200,2),  (171,4),  (143,4),  (142,4),  (86,5),  (59,5),  (60,3),  (62,3),  (64,3),  (66,3),  (69,3),  (41,3),  (42,3),  (43,3),  (46,3),  (48,3),  (50,3),  (51,3),  (52,3), 


[Timing] Time passed: 804.133162 s

Posterior Probability: -242.0117985
Agreement with demo: 19%
Current angular diffs: 84'

Selected number of demos: 27

-- Positive Demos --
 (506,3),  (509,3),  (514,3),  (545,3),  (521,3),  (497,5),  (472,5),  (444,0),  (416,0),  (388,4),  (301,2),  (269,2),  (237,2),  (236,2),  (202,2),  (201,2),  (200,2),  (143,4),  (86,5),  (87,3),  (62,3),  (38,3),  (43,3),  (47,3),  (49,3),  (52,3), 


[Timing] Time passed: 811.468705 s

Posterior Probability: -107.5431219
Agreement with demo: 14%
Current angular diffs: 87'

Selected number of demos: 75

-- Positive Demos --
 (506,3),  (508,3),  (509,3),  (510,3),  (512,3),  (513,3),  (514,3),  (542,3),  (543,3),  (517,3),  (545,3),  (547,3),  (521,3),  (522,3),  (523,3),  (524,3),  (497,5),  (498,5),  (471,5),  (472,5),  (444,0),  (415,5),  (416,0),  (416,4),  (388,4),  (358,4),  (330,4),  (301,2),  (300,2),  (299,4),  (270,2),  (269,2),  (267,2),  (266,2),  (237,2),  (236,2),  (234,2),  (233,2),  (203,2),  (202,2),  (201,2),  (200,2),  (172,4),  (171,4),  (143,4),  (142,4),  (114,0),  (86,5),  (87,3),  (59,5),  (60,3),  (61,3),  (62,3),  (64,3),  (65,3),  (66,3),  (38,3),  (69,3),  (41,3),  (42,3),  (43,3),  (44,3),  (46,3),  (47,3),  (48,3),  (49,3),  (50,3),  (51,3),  (52,3), 


[Timing] Time passed: 809.438168 s

Posterior Probability: -166.5060699
Agreement with demo: 14%
Current angular diffs: 84'

Selected number of demos: 50

-- Positive Demos --
 (508,3),  (509,3),  (510,3),  (512,3),  (514,3),  (543,3),  (545,3),  (521,3),  (523,3),  (497,5),  (498,5),  (471,5),  (472,5),  (444,0),  (415,5),  (416,0),  (416,4),  (358,4),  (301,2),  (300,2),  (270,2),  (269,2),  (267,2),  (237,2),  (234,2),  (203,2),  (202,2),  (200,2),  (172,4),  (171,4),  (142,4),  (86,5),  (59,5),  (60,3),  (61,3),  (62,3),  (65,3),  (66,3),  (69,3),  (41,3),  (43,3),  (46,3),  (47,3),  (49,3),  (50,3),  (51,3),  (52,3), 


[Timing] Time passed: 807.038363 s

Posterior Probability: -377.8045001
Agreement with demo: 5.6%
Current angular diffs: 88'

Selected number of demos: 75

-- Positive Demos --
 (506,3),  (508,3),  (509,3),  (510,3),  (512,3),  (513,3),  (514,3),  (542,3),  (543,3),  (517,3),  (545,3),  (547,3),  (521,3),  (522,3),  (523,3),  (524,3),  (497,5),  (498,5),  (471,5),  (472,5),  (444,0),  (415,5),  (416,0),  (416,4),  (388,4),  (358,4),  (330,4),  (301,2),  (300,2),  (299,4),  (270,2),  (269,2),  (267,2),  (266,2),  (237,2),  (236,2),  (234,2),  (233,2),  (203,2),  (202,2),  (201,2),  (200,2),  (172,4),  (171,4),  (143,4),  (142,4),  (114,0),  (86,5),  (87,3),  (59,5),  (60,3),  (61,3),  (62,3),  (64,3),  (65,3),  (66,3),  (38,3),  (69,3),  (41,3),  (42,3),  (43,3),  (44,3),  (46,3),  (47,3),  (48,3),  (49,3),  (50,3),  (51,3),  (52,3), 


[Timing] Time passed: 780.013921 s

Posterior Probability: -641.6183133
Agreement with demo: 16%
Current angular diffs: 89'

Selected number of demos: 48

-- Positive Demos --
 (508,3),  (509,3),  (510,3),  (513,3),  (514,3),  (543,3),  (545,3),  (521,3),  (522,3),  (523,3),  (497,5),  (498,5),  (472,5),  (444,0),  (415,5),  (416,4),  (388,4),  (358,4),  (330,4),  (300,2),  (270,2),  (267,2),  (237,2),  (236,2),  (233,2),  (203,2),  (202,2),  (201,2),  (200,2),  (172,4),  (171,4),  (142,4),  (114,0),  (86,5),  (59,5),  (61,3),  (64,3),  (65,3),  (38,3),  (41,3),  (43,3),  (46,3),  (48,3),  (50,3),  (51,3),  (52,3), 


[Timing] Time passed: 780.535708 s

Posterior Probability: -470.4047859
Agreement with demo: 16%
Current angular diffs: 87'

Selected number of demos: 75

-- Positive Demos --
 (506,3),  (508,3),  (509,3),  (510,3),  (512,3),  (513,3),  (514,3),  (542,3),  (543,3),  (517,3),  (545,3),  (547,3),  (521,3),  (522,3),  (523,3),  (524,3),  (497,5),  (498,5),  (471,5),  (472,5),  (444,0),  (415,5),  (416,0),  (416,4),  (388,4),  (358,4),  (330,4),  (301,2),  (300,2),  (299,4),  (270,2),  (269,2),  (267,2),  (266,2),  (237,2),  (236,2),  (234,2),  (233,2),  (203,2),  (202,2),  (201,2),  (200,2),  (172,4),  (171,4),  (143,4),  (142,4),  (114,0),  (86,5),  (87,3),  (59,5),  (60,3),  (61,3),  (62,3),  (64,3),  (65,3),  (66,3),  (38,3),  (69,3),  (41,3),  (42,3),  (43,3),  (44,3),  (46,3),  (47,3),  (48,3),  (49,3),  (50,3),  (51,3),  (52,3), 


[Timing] Time passed: 745.001472 s

Posterior Probability: -192.6611399
Agreement with demo: 13%
Current angular diffs: 90'

Selected number of demos: 49

-- Positive Demos --
 (506,3),  (508,3),  (509,3),  (510,3),  (512,3),  (514,3),  (543,3),  (517,3),  (547,3),  (521,3),  (523,3),  (497,5),  (498,5),  (471,5),  (444,0),  (416,0),  (388,4),  (358,4),  (301,2),  (300,2),  (299,4),  (270,2),  (269,2),  (266,2),  (236,2),  (234,2),  (203,2),  (201,2),  (200,2),  (172,4),  (143,4),  (114,0),  (86,5),  (87,3),  (60,3),  (62,3),  (65,3),  (38,3),  (69,3),  (41,3),  (43,3),  (46,3),  (47,3),  (48,3),  (49,3),  (51,3),  (52,3), 


[Timing] Time passed: 735.811494 s

Posterior Probability: -170.5223869
Agreement with demo: 14%
Current angular diffs: 82'

Selected number of demos: 31

-- Positive Demos --
 (508,3),  (510,3),  (512,3),  (513,3),  (514,3),  (545,3),  (521,3),  (524,3),  (471,5),  (472,5),  (444,0),  (416,4),  (330,4),  (301,2),  (269,2),  (237,2),  (203,2),  (200,2),  (172,4),  (142,4),  (114,0),  (87,3),  (61,3),  (66,3),  (38,3),  (69,3),  (41,3),  (42,3),  (46,3),  (50,3),  (52,3), 


[Timing] Time passed: 656.572216 s

Posterior Probability: -245.4023169
Agreement with demo: 10%
Current angular diffs: 84'

Selected number of demos: 31

-- Positive Demos --
 (508,3),  (509,3),  (513,3),  (543,3),  (517,3),  (545,3),  (522,3),  (523,3),  (498,5),  (472,5),  (415,5),  (388,4),  (330,4),  (299,4),  (270,2),  (266,2),  (237,2),  (233,2),  (202,2),  (172,4),  (142,4),  (87,3),  (61,3),  (65,3),  (38,3),  (42,3),  (46,3),  (48,3),  (50,3),  (51,3),  (52,3), 


[Timing] Time passed: 659.56323 s

Posterior Probability: -492.0989493
Agreement with demo: 11%
Current angular diffs: 90'

Selected number of demos: 30

-- Positive Demos --
 (508,3),  (510,3),  (514,3),  (543,3),  (521,3),  (523,3),  (497,5),  (472,5),  (415,5),  (416,4),  (358,4),  (330,4),  (301,2),  (300,2),  (299,4),  (266,2),  (237,2),  (203,2),  (201,2),  (143,4),  (87,3),  (60,3),  (65,3),  (41,3),  (43,3),  (46,3),  (49,3),  (51,3),  (52,3), 


[Timing] Time passed: 635.151608 s

Posterior Probability: -179.9094654
Agreement with demo: 18%
Current angular diffs: 88'

Selected number of demos: 50

-- Positive Demos --
 (508,3),  (509,3),  (510,3),  (513,3),  (542,3),  (517,3),  (547,3),  (521,3),  (522,3),  (523,3),  (524,3),  (498,5),  (471,5),  (472,5),  (444,0),  (416,0),  (416,4),  (358,4),  (330,4),  (300,2),  (270,2),  (267,2),  (266,2),  (237,2),  (234,2),  (233,2),  (203,2),  (201,2),  (172,4),  (171,4),  (142,4),  (114,0),  (87,3),  (59,5),  (61,3),  (62,3),  (64,3),  (66,3),  (38,3),  (69,3),  (42,3),  (43,3),  (44,3),  (47,3),  (48,3),  (49,3),  (50,3),  (52,3), 


[Timing] Time passed: 623.930788 s

Posterior Probability: -158.0856403
Agreement with demo: 14%
Current angular diffs: 90'

Selected number of demos: 28

-- Positive Demos --
 (508,3),  (510,3),  (542,3),  (545,3),  (524,3),  (498,5),  (471,5),  (444,0),  (415,5),  (358,4),  (300,2),  (266,2),  (233,2),  (203,2),  (200,2),  (114,0),  (86,5),  (60,3),  (61,3),  (64,3),  (41,3),  (42,3),  (43,3),  (44,3),  (47,3),  (48,3),  (51,3),  (52,3), 


[Timing] Time passed: 592.167466 s

Posterior Probability: -161.7392827
Agreement with demo: 12%
Current angular diffs: 85'

Selected number of demos: 53

-- Positive Demos --
 (508,3),  (509,3),  (512,3),  (513,3),  (514,3),  (542,3),  (543,3),  (545,3),  (547,3),  (521,3),  (523,3),  (524,3),  (498,5),  (471,5),  (472,5),  (444,0),  (415,5),  (416,4),  (358,4),  (330,4),  (301,2),  (300,2),  (270,2),  (269,2),  (266,2),  (236,2),  (234,2),  (203,2),  (202,2),  (200,2),  (172,4),  (171,4),  (143,4),  (142,4),  (86,5),  (87,3),  (60,3),  (61,3),  (62,3),  (65,3),  (38,3),  (69,3),  (41,3),  (43,3),  (44,3),  (46,3),  (47,3),  (48,3),  (50,3),  (51,3),  (52,3), 


[Timing] Time passed: 583.297705 s

Posterior Probability: -242.5030907
Agreement with demo: 8.9%
Current angular diffs: 90'

Selected number of demos: 27

-- Positive Demos --
 (509,3),  (542,3),  (545,3),  (521,3),  (522,3),  (497,5),  (472,5),  (444,0),  (416,0),  (330,4),  (270,2),  (237,2),  (234,2),  (202,2),  (171,4),  (86,5),  (59,5),  (60,3),  (62,3),  (38,3),  (41,3),  (44,3),  (46,3),  (48,3),  (49,3),  (51,3), 


[Timing] Time passed: 601.927402 s

Posterior Probability: -255.5288964
Agreement with demo: 5.6%
Current angular diffs: 83'

Selected number of demos: 51

-- Positive Demos --
 (506,3),  (508,3),  (509,3),  (512,3),  (513,3),  (514,3),  (543,3),  (545,3),  (547,3),  (521,3),  (522,3),  (524,3),  (497,5),  (498,5),  (472,5),  (444,0),  (416,0),  (388,4),  (358,4),  (301,2),  (299,4),  (270,2),  (267,2),  (237,2),  (234,2),  (203,2),  (201,2),  (172,4),  (143,4),  (114,0),  (86,5),  (87,3),  (59,5),  (60,3),  (62,3),  (64,3),  (66,3),  (69,3),  (41,3),  (42,3),  (43,3),  (44,3),  (46,3),  (47,3),  (48,3),  (50,3),  (51,3),  (52,3), 


[Timing] Time passed: 648.102045 s

Posterior Probability: -255.4544735
Agreement with demo: 14%
Current angular diffs: 92'

Selected number of demos: 38

-- Positive Demos --
 (508,3),  (509,3),  (510,3),  (514,3),  (543,3),  (517,3),  (545,3),  (522,3),  (523,3),  (497,5),  (498,5),  (471,5),  (444,0),  (415,5),  (388,4),  (330,4),  (299,4),  (269,2),  (266,2),  (237,2),  (233,2),  (202,2),  (201,2),  (171,4),  (143,4),  (86,5),  (60,3),  (62,3),  (66,3),  (69,3),  (43,3),  (44,3),  (47,3),  (48,3),  (50,3),  (51,3),  (52,3), 


[Timing] Time passed: 614.373637 s

Posterior Probability: -317.2745292
Agreement with demo: 14%
Current angular diffs: 82'

Selected number of demos: 75

-- Positive Demos --
 (506,3),  (508,3),  (509,3),  (510,3),  (512,3),  (513,3),  (514,3),  (542,3),  (543,3),  (517,3),  (545,3),  (547,3),  (521,3),  (522,3),  (523,3),  (524,3),  (497,5),  (498,5),  (471,5),  (472,5),  (444,0),  (415,5),  (416,0),  (416,4),  (388,4),  (358,4),  (330,4),  (301,2),  (300,2),  (299,4),  (270,2),  (269,2),  (267,2),  (266,2),  (237,2),  (236,2),  (234,2),  (233,2),  (203,2),  (202,2),  (201,2),  (200,2),  (172,4),  (171,4),  (143,4),  (142,4),  (114,0),  (86,5),  (87,3),  (59,5),  (60,3),  (61,3),  (62,3),  (64,3),  (65,3),  (66,3),  (38,3),  (69,3),  (41,3),  (42,3),  (43,3),  (44,3),  (46,3),  (47,3),  (48,3),  (49,3),  (50,3),  (51,3),  (52,3), 


[Timing] Time passed: 590.852495 s

Posterior Probability: -175.5904749
Agreement with demo: 14%
Current angular diffs: 84'

Selected number of demos: 28

-- Positive Demos --
 (508,3),  (509,3),  (513,3),  (517,3),  (547,3),  (524,3),  (498,5),  (471,5),  (444,0),  (415,5),  (388,4),  (358,4),  (299,4),  (270,2),  (266,2),  (234,2),  (201,2),  (143,4),  (114,0),  (60,3),  (61,3),  (62,3),  (66,3),  (38,3),  (41,3),  (46,3),  (47,3),  (51,3), 


[Timing] Time passed: 590.751409 s

Posterior Probability: -357.0459776
Agreement with demo: 12%
Current angular diffs: 89'

Selected number of demos: 75

-- Positive Demos --
 (506,3),  (508,3),  (509,3),  (510,3),  (512,3),  (513,3),  (514,3),  (542,3),  (543,3),  (517,3),  (545,3),  (547,3),  (521,3),  (522,3),  (523,3),  (524,3),  (497,5),  (498,5),  (471,5),  (472,5),  (444,0),  (415,5),  (416,0),  (416,4),  (388,4),  (358,4),  (330,4),  (301,2),  (300,2),  (299,4),  (270,2),  (269,2),  (267,2),  (266,2),  (237,2),  (236,2),  (234,2),  (233,2),  (203,2),  (202,2),  (201,2),  (200,2),  (172,4),  (171,4),  (143,4),  (142,4),  (114,0),  (86,5),  (87,3),  (59,5),  (60,3),  (61,3),  (62,3),  (64,3),  (65,3),  (66,3),  (38,3),  (69,3),  (41,3),  (42,3),  (43,3),  (44,3),  (46,3),  (47,3),  (48,3),  (49,3),  (50,3),  (51,3),  (52,3), 


[Timing] Time passed: 610.090884 s

Posterior Probability: -821.5447961
Agreement with demo: 11%
Current angular diffs: 88'

Selected number of demos: 24

-- Positive Demos --
 (508,3),  (510,3),  (542,3),  (545,3),  (521,3),  (497,5),  (498,5),  (444,0),  (388,4),  (330,4),  (301,2),  (299,4),  (266,2),  (234,2),  (201,2),  (172,4),  (114,0),  (60,3),  (61,3),  (66,3),  (43,3),  (48,3),  (51,3), 


[Timing] Time passed: 604.074869 s

Posterior Probability: -166.2941792
Agreement with demo: 19%
Current angular diffs: 90'

Selected number of demos: 34

-- Positive Demos --
 (509,3),  (512,3),  (513,3),  (542,3),  (543,3),  (547,3),  (521,3),  (523,3),  (498,5),  (471,5),  (415,5),  (416,4),  (330,4),  (270,2),  (269,2),  (236,2),  (234,2),  (233,2),  (202,2),  (200,2),  (143,4),  (142,4),  (114,0),  (86,5),  (60,3),  (61,3),  (62,3),  (38,3),  (69,3),  (44,3),  (47,3),  (48,3),  (50,3),  (52,3), 


[Timing] Time passed: 594.075209 s

Posterior Probability: -97.53953529
Agreement with demo: 18%
Current angular diffs: 90'

Selected number of demos: 53

-- Positive Demos --
 (506,3),  (508,3),  (509,3),  (510,3),  (513,3),  (514,3),  (542,3),  (543,3),  (545,3),  (547,3),  (521,3),  (523,3),  (497,5),  (498,5),  (472,5),  (444,0),  (415,5),  (416,4),  (388,4),  (358,4),  (330,4),  (301,2),  (300,2),  (270,2),  (267,2),  (266,2),  (236,2),  (234,2),  (233,2),  (202,2),  (201,2),  (172,4),  (171,4),  (142,4),  (86,5),  (87,3),  (60,3),  (61,3),  (62,3),  (64,3),  (66,3),  (38,3),  (69,3),  (42,3),  (44,3),  (47,3),  (48,3),  (49,3),  (51,3),  (52,3), 


[Timing] Time passed: 554.054348 s

Posterior Probability: -264.5818616
Agreement with demo: 19%
Current angular diffs: 80'

Selected number of demos: 75

-- Positive Demos --
 (506,3),  (508,3),  (509,3),  (510,3),  (512,3),  (513,3),  (514,3),  (542,3),  (543,3),  (517,3),  (545,3),  (547,3),  (521,3),  (522,3),  (523,3),  (524,3),  (497,5),  (498,5),  (471,5),  (472,5),  (444,0),  (415,5),  (416,0),  (416,4),  (388,4),  (358,4),  (330,4),  (301,2),  (300,2),  (299,4),  (270,2),  (269,2),  (267,2),  (266,2),  (237,2),  (236,2),  (234,2),  (233,2),  (203,2),  (202,2),  (201,2),  (200,2),  (172,4),  (171,4),  (143,4),  (142,4),  (114,0),  (86,5),  (87,3),  (59,5),  (60,3),  (61,3),  (62,3),  (64,3),  (65,3),  (66,3),  (38,3),  (69,3),  (41,3),  (42,3),  (43,3),  (44,3),  (46,3),  (47,3),  (48,3),  (49,3),  (50,3),  (51,3),  (52,3), 


[Timing] Time passed: 544.910091 s

Posterior Probability: -310.0821664
Agreement with demo: 17%
Current angular diffs: 82'

Selected number of demos: 25

-- Positive Demos --
 (509,3),  (510,3),  (514,3),  (517,3),  (523,3),  (497,5),  (472,5),  (416,4),  (358,4),  (300,2),  (266,2),  (236,2),  (203,2),  (201,2),  (172,4),  (114,0),  (60,3),  (62,3),  (64,3),  (69,3),  (43,3),  (44,3),  (46,3),  (48,3),  (51,3), 


[Timing] Time passed: 532.533513 s

Posterior Probability: -89.78546235
Agreement with demo: 13%
Current angular diffs: 86'

Selected number of demos: 49

-- Positive Demos --
 (508,3),  (509,3),  (510,3),  (512,3),  (514,3),  (542,3),  (543,3),  (517,3),  (547,3),  (522,3),  (524,3),  (498,5),  (472,5),  (444,0),  (415,5),  (416,4),  (358,4),  (330,4),  (301,2),  (299,4),  (269,2),  (267,2),  (266,2),  (236,2),  (233,2),  (202,2),  (201,2),  (172,4),  (143,4),  (142,4),  (86,5),  (59,5),  (60,3),  (61,3),  (64,3),  (66,3),  (38,3),  (69,3),  (41,3),  (43,3),  (46,3),  (47,3),  (49,3),  (50,3),  (51,3),  (52,3), 


[Timing] Time passed: 542.386851 s

Posterior Probability: -324.7120246
Agreement with demo: 7.8%
Current angular diffs: 84'

Selected number of demos: 22

-- Positive Demos --
 (509,3),  (542,3),  (545,3),  (521,3),  (497,5),  (498,5),  (471,5),  (472,5),  (444,0),  (388,4),  (300,2),  (266,2),  (237,2),  (202,2),  (200,2),  (114,0),  (59,5),  (62,3),  (65,3),  (42,3),  (48,3),  (50,3), 


[Timing] Time passed: 546.088497 s

Posterior Probability: -175.6373709
Agreement with demo: 10%
Current angular diffs: 84'

Selected number of demos: 43

-- Positive Demos --
 (508,3),  (509,3),  (513,3),  (514,3),  (542,3),  (517,3),  (545,3),  (521,3),  (522,3),  (497,5),  (498,5),  (444,0),  (416,0),  (358,4),  (301,2),  (270,2),  (269,2),  (266,2),  (237,2),  (236,2),  (234,2),  (203,2),  (201,2),  (200,2),  (171,4),  (143,4),  (114,0),  (86,5),  (59,5),  (60,3),  (61,3),  (64,3),  (66,3),  (69,3),  (41,3),  (43,3),  (44,3),  (46,3),  (48,3),  (50,3),  (52,3), 


[Timing] Time passed: 527.579455 s

Posterior Probability: -201.8848014
Agreement with demo: 17%
Current angular diffs: 86'

Selected number of demos: 30

-- Positive Demos --
 (509,3),  (510,3),  (513,3),  (543,3),  (517,3),  (521,3),  (497,5),  (498,5),  (471,5),  (444,0),  (416,4),  (358,4),  (330,4),  (301,2),  (300,2),  (269,2),  (266,2),  (236,2),  (234,2),  (203,2),  (200,2),  (143,4),  (87,3),  (61,3),  (65,3),  (38,3),  (42,3),  (47,3),  (49,3),  (52,3), 


[Timing] Time passed: 511.818508 s

Posterior Probability: -88.08943138
Agreement with demo: 18%
Current angular diffs: 80'

Selected number of demos: 28

-- Positive Demos --
 (506,3),  (508,3),  (512,3),  (543,3),  (547,3),  (521,3),  (524,3),  (498,5),  (444,0),  (388,4),  (358,4),  (300,2),  (270,2),  (237,2),  (236,2),  (202,2),  (171,4),  (86,5),  (87,3),  (60,3),  (62,3),  (38,3),  (41,3),  (43,3),  (46,3),  (50,3),  (51,3),  (52,3), 


[Timing] Time passed: 478.961373 s

Posterior Probability: -128.4442255
Agreement with demo: 11%
Current angular diffs: 92'

Selected number of demos: 24

-- Positive Demos --
 (509,3),  (510,3),  (514,3),  (545,3),  (521,3),  (498,5),  (471,5),  (416,0),  (388,4),  (301,2),  (299,4),  (267,2),  (266,2),  (203,2),  (201,2),  (143,4),  (86,5),  (59,5),  (61,3),  (66,3),  (43,3),  (46,3),  (49,3), 


[Timing] Time passed: 470.434321 s

Posterior Probability: -71.80403716
Agreement with demo: 12%
Current angular diffs: 86'

-----------------------------
Avg angular diffs: 78'
-- learned weights --
Feature Weights: -0.71275, 0.55075, 0.001, -0.1, 
