loading features...

Initializing gridworld of size 28 by 22..
    Num states: 616
    Num actions: 8

Total number of demos: 80

Selected number of demos: 29

-- Positive Demos --
 (503,0),  (448,3),  (453,3),  (485,3),  (514,1),  (544,3),  (466,5),  (411,0),  (412,3),  (413,5),  (275,4),  (213,2),  (183,2),  (233,6),  (287,2),  (285,2),  (224,0),  (195,0),  (112,5),  (5,3),  (35,3),  (37,3),  (69,7),  (70,3),  (100,3),  (131,3),  (107,5),  (54,5), 


[Timing] Time passed: 1055.234117 s

Posterior Probability: -247.7150226
Agreement with demo: 14%
Current angular diffs: 82'

Selected number of demos: 26

-- Positive Demos --
 (448,3),  (449,5),  (453,3),  (485,3),  (543,3),  (492,5),  (440,3),  (440,5),  (412,3),  (358,0),  (332,0),  (275,4),  (216,2),  (183,2),  (260,6),  (310,4),  (281,4),  (195,0),  (168,0),  (112,5),  (32,3),  (69,7),  (131,3),  (108,5),  (54,5),  (25,7), 


[Timing] Time passed: 975.790659 s

Posterior Probability: -168.4428676
Agreement with demo: 3.6%
Current angular diffs: 95'

Selected number of demos: 39

-- Positive Demos --
 (448,3),  (450,3),  (451,3),  (454,3),  (485,3),  (542,7),  (542,3),  (544,3),  (546,5),  (493,5),  (440,3),  (412,3),  (413,5),  (332,0),  (275,4),  (216,2),  (215,2),  (212,2),  (209,2),  (207,2),  (260,6),  (287,2),  (312,2),  (281,4),  (195,0),  (112,5),  (30,5),  (32,3),  (5,3),  (37,3),  (38,7),  (69,7),  (100,3),  (132,3),  (134,3),  (108,5),  (53,5),  (54,5), 


[Timing] Time passed: 939.188283 s

Posterior Probability: -127.7960772
Agreement with demo: 10%
Current angular diffs: 85'

Selected number of demos: 29

-- Positive Demos --
 (448,3),  (452,3),  (454,3),  (484,7),  (485,3),  (542,7),  (546,5),  (439,5),  (411,0),  (387,0),  (304,4),  (275,4),  (213,2),  (212,2),  (209,2),  (206,6),  (233,6),  (310,4),  (195,0),  (168,0),  (30,5),  (32,3),  (69,7),  (100,3),  (134,3),  (81,5),  (53,5),  (54,5), 


[Timing] Time passed: 933.186827 s

Posterior Probability: -65.26853606
Agreement with demo: 20%
Current angular diffs: 87'

Selected number of demos: 29

-- Positive Demos --
 (448,3),  (449,5),  (452,3),  (485,3),  (542,3),  (543,3),  (544,3),  (466,5),  (440,3),  (440,5),  (411,0),  (412,3),  (332,0),  (275,4),  (246,4),  (215,2),  (212,2),  (206,6),  (287,2),  (285,2),  (310,4),  (168,0),  (58,5),  (35,3),  (69,7),  (132,3),  (108,5),  (81,5),  (53,5), 


[Timing] Time passed: 928.602275 s

Posterior Probability: -74.74839006
Agreement with demo: 15%
Current angular diffs: 87'

Selected number of demos: 80

-- Positive Demos --
 (503,0),  (476,5),  (448,3),  (449,5),  (450,3),  (451,3),  (452,3),  (453,3),  (454,3),  (455,7),  (484,7),  (485,3),  (514,1),  (542,7),  (542,3),  (543,3),  (544,3),  (546,5),  (519,5),  (492,5),  (493,5),  (466,5),  (439,5),  (440,3),  (440,5),  (411,0),  (412,3),  (413,5),  (387,0),  (358,0),  (332,0),  (304,4),  (275,4),  (246,4),  (216,2),  (215,2),  (213,2),  (212,2),  (183,2),  (209,2),  (207,2),  (206,6),  (233,6),  (260,6),  (287,2),  (285,2),  (312,2),  (310,4),  (281,4),  (253,4),  (224,0),  (195,0),  (168,0),  (112,5),  (85,5),  (58,5),  (30,5),  (32,3),  (5,3),  (35,3),  (37,3),  (38,7),  (69,7),  (70,3),  (100,3),  (101,3),  (131,3),  (132,3),  (134,3),  (107,5),  (108,5),  (81,5),  (53,5),  (25,5),  (54,5),  (25,7), 


[Timing] Time passed: 892.68729 s

Posterior Probability: -293.14869
Agreement with demo: 12%
Current angular diffs: 88'

Selected number of demos: 28

-- Positive Demos --
 (476,5),  (448,3),  (451,3),  (455,7),  (485,3),  (542,3),  (543,3),  (546,5),  (493,5),  (440,5),  (412,3),  (387,0),  (304,4),  (246,4),  (216,2),  (212,2),  (209,2),  (206,6),  (285,2),  (312,2),  (310,4),  (224,0),  (168,0),  (85,5),  (35,3),  (70,3),  (134,3),  (25,5), 


[Timing] Time passed: 885.095439 s

Posterior Probability: -151.6745914
Agreement with demo: 14%
Current angular diffs: 90'

Selected number of demos: 50

-- Positive Demos --
 (476,5),  (448,3),  (450,3),  (452,3),  (454,3),  (484,7),  (485,3),  (514,1),  (542,3),  (543,3),  (546,5),  (492,5),  (466,5),  (440,3),  (440,5),  (412,3),  (413,5),  (358,0),  (304,4),  (275,4),  (216,2),  (213,2),  (183,2),  (207,2),  (206,6),  (233,6),  (260,6),  (287,2),  (285,2),  (312,2),  (281,4),  (253,4),  (224,0),  (168,0),  (85,5),  (30,5),  (32,3),  (5,3),  (35,3),  (37,3),  (69,7),  (100,3),  (131,3),  (132,3),  (134,3),  (108,5),  (53,5),  (54,5),  (25,7), 


[Timing] Time passed: 935.264859 s

Posterior Probability: -123.6810304
Agreement with demo: 15%
Current angular diffs: 88'

Selected number of demos: 30

-- Positive Demos --
 (503,0),  (448,3),  (450,3),  (453,3),  (455,7),  (485,3),  (542,7),  (543,3),  (492,5),  (439,5),  (440,3),  (411,0),  (387,0),  (275,4),  (246,4),  (213,2),  (207,2),  (287,2),  (285,2),  (310,4),  (281,4),  (168,0),  (30,5),  (5,3),  (69,7),  (70,3),  (100,3),  (134,3),  (108,5),  (53,5), 


[Timing] Time passed: 881.815168 s

Posterior Probability: -197.0954053
Agreement with demo: 5.5%
Current angular diffs: 93'

Selected number of demos: 32

-- Positive Demos --
 (476,5),  (450,3),  (451,3),  (454,3),  (455,7),  (542,7),  (546,5),  (492,5),  (493,5),  (439,5),  (411,0),  (387,0),  (358,0),  (304,4),  (275,4),  (215,2),  (207,2),  (260,6),  (285,2),  (310,4),  (253,4),  (224,0),  (168,0),  (112,5),  (58,5),  (30,5),  (35,3),  (70,3),  (131,3),  (134,3),  (25,5),  (25,7), 


[Timing] Time passed: 851.280159 s

Posterior Probability: -184.5371337
Agreement with demo: 11%
Current angular diffs: 92'

Selected number of demos: 41

-- Positive Demos --
 (503,0),  (448,3),  (450,3),  (453,3),  (484,7),  (485,3),  (514,1),  (542,3),  (544,3),  (546,5),  (492,5),  (466,5),  (440,3),  (412,3),  (387,0),  (358,0),  (332,0),  (304,4),  (275,4),  (246,4),  (213,2),  (183,2),  (207,2),  (233,6),  (287,2),  (285,2),  (281,4),  (253,4),  (168,0),  (85,5),  (32,3),  (5,3),  (38,7),  (100,3),  (132,3),  (108,5),  (53,5),  (25,5),  (25,7), 


[Timing] Time passed: 776.200733 s

Posterior Probability: -396.847275
Agreement with demo: 10%
Current angular diffs: 93'

Selected number of demos: 50

-- Positive Demos --
 (476,5),  (448,3),  (450,3),  (451,3),  (453,3),  (455,7),  (484,7),  (485,3),  (542,7),  (543,3),  (546,5),  (519,5),  (492,5),  (493,5),  (439,5),  (440,5),  (412,3),  (413,5),  (387,0),  (358,0),  (304,4),  (275,4),  (216,2),  (213,2),  (183,2),  (207,2),  (206,6),  (260,6),  (285,2),  (310,4),  (253,4),  (224,0),  (195,0),  (168,0),  (112,5),  (58,5),  (32,3),  (5,3),  (35,3),  (37,3),  (69,7),  (70,3),  (100,3),  (101,3),  (131,3),  (132,3),  (107,5),  (81,5),  (25,5),  (25,7), 


[Timing] Time passed: 788.482506 s

Posterior Probability: -462.654945
Agreement with demo: 14%
Current angular diffs: 92'

Selected number of demos: 44

-- Positive Demos --
 (476,5),  (448,3),  (449,5),  (450,3),  (451,3),  (454,3),  (484,7),  (485,3),  (542,7),  (542,3),  (546,5),  (519,5),  (492,5),  (466,5),  (439,5),  (411,0),  (412,3),  (413,5),  (387,0),  (358,0),  (304,4),  (246,4),  (213,2),  (212,2),  (209,2),  (207,2),  (260,6),  (287,2),  (285,2),  (281,4),  (195,0),  (168,0),  (112,5),  (85,5),  (32,3),  (5,3),  (35,3),  (37,3),  (70,3),  (131,3),  (132,3),  (108,5),  (25,5), 


[Timing] Time passed: 794.642639 s

Posterior Probability: -221.6321908
Agreement with demo: 11%
Current angular diffs: 94'

Selected number of demos: 24

-- Positive Demos --
 (448,3),  (452,3),  (485,3),  (544,3),  (492,5),  (439,5),  (412,3),  (332,0),  (275,4),  (216,2),  (213,2),  (212,2),  (209,2),  (287,2),  (285,2),  (253,4),  (112,5),  (30,5),  (35,3),  (38,7),  (131,3),  (81,5),  (53,5), 


[Timing] Time passed: 858.431547 s

Posterior Probability: -126.945791
Agreement with demo: 12%
Current angular diffs: 89'

Selected number of demos: 25

-- Positive Demos --
 (449,5),  (452,3),  (455,7),  (485,3),  (542,3),  (492,5),  (493,5),  (440,3),  (411,0),  (412,3),  (413,5),  (275,4),  (215,2),  (209,2),  (287,2),  (312,2),  (224,0),  (85,5),  (58,5),  (37,3),  (69,7),  (131,3),  (81,5),  (54,5), 


[Timing] Time passed: 876.649971 s

Posterior Probability: -58.79674541
Agreement with demo: 17%
Current angular diffs: 92'

Selected number of demos: 26

-- Positive Demos --
 (448,3),  (451,3),  (454,3),  (484,7),  (542,3),  (546,5),  (519,5),  (439,5),  (440,3),  (412,3),  (387,0),  (275,4),  (213,2),  (183,2),  (207,2),  (233,6),  (285,2),  (310,4),  (253,4),  (224,0),  (58,5),  (35,3),  (37,3),  (101,3),  (132,3),  (81,5), 


[Timing] Time passed: 870.823886 s

Posterior Probability: -117.0735397
Agreement with demo: 12%
Current angular diffs: 85'

Selected number of demos: 42

-- Positive Demos --
 (476,5),  (448,3),  (449,5),  (451,3),  (452,3),  (454,3),  (455,7),  (484,7),  (485,3),  (542,3),  (546,5),  (492,5),  (493,5),  (439,5),  (440,3),  (412,3),  (387,0),  (332,0),  (304,4),  (275,4),  (246,4),  (216,2),  (212,2),  (207,2),  (260,6),  (312,2),  (253,4),  (195,0),  (85,5),  (30,5),  (32,3),  (5,3),  (37,3),  (38,7),  (100,3),  (131,3),  (132,3),  (134,3),  (108,5),  (25,5),  (25,7), 


[Timing] Time passed: 937.857755 s

Posterior Probability: -259.5854489
Agreement with demo: 11%
Current angular diffs: 93'

Selected number of demos: 28

-- Positive Demos --
 (503,0),  (448,3),  (449,5),  (452,3),  (454,3),  (514,1),  (544,3),  (493,5),  (440,3),  (411,0),  (412,3),  (358,0),  (275,4),  (215,2),  (212,2),  (183,2),  (260,6),  (285,2),  (253,4),  (168,0),  (30,5),  (38,7),  (100,3),  (131,3),  (132,3),  (107,5),  (53,5),  (25,7), 


[Timing] Time passed: 808.728403 s

Posterior Probability: -87.60355782
Agreement with demo: 16%
Current angular diffs: 88'

Selected number of demos: 43

-- Positive Demos --
 (476,5),  (449,5),  (451,3),  (454,3),  (455,7),  (484,7),  (485,3),  (514,1),  (542,7),  (543,3),  (519,5),  (492,5),  (493,5),  (466,5),  (439,5),  (440,3),  (412,3),  (387,0),  (304,4),  (275,4),  (216,2),  (215,2),  (212,2),  (207,2),  (206,6),  (233,6),  (285,2),  (312,2),  (281,4),  (253,4),  (195,0),  (168,0),  (58,5),  (30,5),  (32,3),  (5,3),  (37,3),  (69,7),  (101,3),  (132,3),  (107,5),  (53,5),  (25,7), 


[Timing] Time passed: 793.312821 s

Posterior Probability: -191.8273694
Agreement with demo: 15%
Current angular diffs: 92'

Selected number of demos: 80

-- Positive Demos --
 (503,0),  (476,5),  (448,3),  (449,5),  (450,3),  (451,3),  (452,3),  (453,3),  (454,3),  (455,7),  (484,7),  (485,3),  (514,1),  (542,7),  (542,3),  (543,3),  (544,3),  (546,5),  (519,5),  (492,5),  (493,5),  (466,5),  (439,5),  (440,3),  (440,5),  (411,0),  (412,3),  (413,5),  (387,0),  (358,0),  (332,0),  (304,4),  (275,4),  (246,4),  (216,2),  (215,2),  (213,2),  (212,2),  (183,2),  (209,2),  (207,2),  (206,6),  (233,6),  (260,6),  (287,2),  (285,2),  (312,2),  (310,4),  (281,4),  (253,4),  (224,0),  (195,0),  (168,0),  (112,5),  (85,5),  (58,5),  (30,5),  (32,3),  (5,3),  (35,3),  (37,3),  (38,7),  (69,7),  (70,3),  (100,3),  (101,3),  (131,3),  (132,3),  (134,3),  (107,5),  (108,5),  (81,5),  (53,5),  (25,5),  (54,5),  (25,7), 


[Timing] Time passed: 801.605399 s

Posterior Probability: -347.5809665
Agreement with demo: 6.4%
Current angular diffs: 87'

Selected number of demos: 80

-- Positive Demos --
 (503,0),  (476,5),  (448,3),  (449,5),  (450,3),  (451,3),  (452,3),  (453,3),  (454,3),  (455,7),  (484,7),  (485,3),  (514,1),  (542,7),  (542,3),  (543,3),  (544,3),  (546,5),  (519,5),  (492,5),  (493,5),  (466,5),  (439,5),  (440,3),  (440,5),  (411,0),  (412,3),  (413,5),  (387,0),  (358,0),  (332,0),  (304,4),  (275,4),  (246,4),  (216,2),  (215,2),  (213,2),  (212,2),  (183,2),  (209,2),  (207,2),  (206,6),  (233,6),  (260,6),  (287,2),  (285,2),  (312,2),  (310,4),  (281,4),  (253,4),  (224,0),  (195,0),  (168,0),  (112,5),  (85,5),  (58,5),  (30,5),  (32,3),  (5,3),  (35,3),  (37,3),  (38,7),  (69,7),  (70,3),  (100,3),  (101,3),  (131,3),  (132,3),  (134,3),  (107,5),  (108,5),  (81,5),  (53,5),  (25,5),  (54,5),  (25,7), 


[Timing] Time passed: 801.322362 s

Posterior Probability: -167.8910352
Agreement with demo: 9.1%
Current angular diffs: 97'

Selected number of demos: 53

-- Positive Demos --
 (503,0),  (476,5),  (448,3),  (450,3),  (451,3),  (453,3),  (454,3),  (455,7),  (484,7),  (485,3),  (514,1),  (542,3),  (544,3),  (546,5),  (519,5),  (492,5),  (466,5),  (440,3),  (411,0),  (412,3),  (387,0),  (358,0),  (332,0),  (275,4),  (246,4),  (216,2),  (213,2),  (183,2),  (209,2),  (206,6),  (260,6),  (287,2),  (312,2),  (281,4),  (224,0),  (168,0),  (112,5),  (58,5),  (32,3),  (35,3),  (38,7),  (70,3),  (100,3),  (101,3),  (132,3),  (134,3),  (107,5),  (108,5),  (53,5),  (25,5),  (54,5),  (25,7), 


[Timing] Time passed: 816.262979 s

Posterior Probability: -279.989517
Agreement with demo: 14%
Current angular diffs: 93'

Selected number of demos: 30

-- Positive Demos --
 (448,3),  (452,3),  (453,3),  (455,7),  (485,3),  (542,3),  (544,3),  (519,5),  (493,5),  (440,5),  (413,5),  (387,0),  (332,0),  (246,4),  (215,2),  (209,2),  (206,6),  (233,6),  (287,2),  (312,2),  (281,4),  (195,0),  (85,5),  (58,5),  (5,3),  (69,7),  (101,3),  (131,3),  (108,5),  (53,5), 


[Timing] Time passed: 808.745909 s

Posterior Probability: -147.5487956
Agreement with demo: 15%
Current angular diffs: 90'

Selected number of demos: 80

-- Positive Demos --
 (503,0),  (476,5),  (448,3),  (449,5),  (450,3),  (451,3),  (452,3),  (453,3),  (454,3),  (455,7),  (484,7),  (485,3),  (514,1),  (542,7),  (542,3),  (543,3),  (544,3),  (546,5),  (519,5),  (492,5),  (493,5),  (466,5),  (439,5),  (440,3),  (440,5),  (411,0),  (412,3),  (413,5),  (387,0),  (358,0),  (332,0),  (304,4),  (275,4),  (246,4),  (216,2),  (215,2),  (213,2),  (212,2),  (183,2),  (209,2),  (207,2),  (206,6),  (233,6),  (260,6),  (287,2),  (285,2),  (312,2),  (310,4),  (281,4),  (253,4),  (224,0),  (195,0),  (168,0),  (112,5),  (85,5),  (58,5),  (30,5),  (32,3),  (5,3),  (35,3),  (37,3),  (38,7),  (69,7),  (70,3),  (100,3),  (101,3),  (131,3),  (132,3),  (134,3),  (107,5),  (108,5),  (81,5),  (53,5),  (25,5),  (54,5),  (25,7), 


[Timing] Time passed: 761.184583 s

Posterior Probability: -754.1813397
Agreement with demo: 5.5%
Current angular diffs: 96'

Selected number of demos: 52

-- Positive Demos --
 (476,5),  (448,3),  (449,5),  (450,3),  (451,3),  (452,3),  (454,3),  (484,7),  (485,3),  (542,7),  (542,3),  (544,3),  (519,5),  (493,5),  (439,5),  (440,5),  (411,0),  (412,3),  (413,5),  (387,0),  (332,0),  (304,4),  (275,4),  (246,4),  (215,2),  (212,2),  (183,2),  (209,2),  (206,6),  (233,6),  (260,6),  (285,2),  (310,4),  (281,4),  (224,0),  (195,0),  (168,0),  (112,5),  (58,5),  (30,5),  (5,3),  (37,3),  (69,7),  (70,3),  (100,3),  (101,3),  (132,3),  (134,3),  (108,5),  (53,5),  (54,5),  (25,7), 


[Timing] Time passed: 745.857909 s

Posterior Probability: -138.6568178
Agreement with demo: 16%
Current angular diffs: 92'

Selected number of demos: 52

-- Positive Demos --
 (476,5),  (448,3),  (449,5),  (451,3),  (453,3),  (455,7),  (484,7),  (485,3),  (514,1),  (542,7),  (542,3),  (544,3),  (519,5),  (493,5),  (439,5),  (440,3),  (411,0),  (412,3),  (413,5),  (358,0),  (304,4),  (275,4),  (246,4),  (216,2),  (215,2),  (212,2),  (183,2),  (207,2),  (206,6),  (233,6),  (287,2),  (312,2),  (310,4),  (253,4),  (224,0),  (168,0),  (112,5),  (58,5),  (30,5),  (5,3),  (37,3),  (38,7),  (69,7),  (100,3),  (101,3),  (131,3),  (134,3),  (108,5),  (81,5),  (53,5),  (25,5),  (25,7), 


[Timing] Time passed: 774.338119 s

Posterior Probability: -303.9828418
Agreement with demo: 11%
Current angular diffs: 86'

Selected number of demos: 26

-- Positive Demos --
 (503,0),  (448,3),  (450,3),  (454,3),  (485,3),  (514,1),  (542,7),  (543,3),  (544,3),  (492,5),  (440,3),  (412,3),  (358,0),  (246,4),  (215,2),  (207,2),  (260,6),  (285,2),  (312,2),  (195,0),  (58,5),  (30,5),  (35,3),  (100,3),  (107,5),  (54,5), 


[Timing] Time passed: 723.547084 s

Posterior Probability: -224.0916566
Agreement with demo: 8.2%
Current angular diffs: 86'

Selected number of demos: 24

-- Positive Demos --
 (503,0),  (450,3),  (455,7),  (514,1),  (544,3),  (466,5),  (439,5),  (412,3),  (332,0),  (275,4),  (216,2),  (183,2),  (233,6),  (260,6),  (281,4),  (224,0),  (58,5),  (32,3),  (69,7),  (70,3),  (100,3),  (107,5),  (81,5),  (54,5), 


[Timing] Time passed: 718.309957 s

Posterior Probability: -176.3794742
Agreement with demo: 10%
Current angular diffs: 92'

Selected number of demos: 29

-- Positive Demos --
 (448,3),  (452,3),  (455,7),  (484,7),  (485,3),  (543,3),  (544,3),  (519,5),  (439,5),  (412,3),  (413,5),  (304,4),  (275,4),  (246,4),  (215,2),  (183,2),  (207,2),  (287,2),  (285,2),  (253,4),  (112,5),  (58,5),  (30,5),  (32,3),  (38,7),  (70,3),  (132,3),  (81,5),  (25,7), 


[Timing] Time passed: 725.884601 s

Posterior Probability: -80.28673029
Agreement with demo: 3.6%
Current angular diffs: 88'

Selected number of demos: 37

-- Positive Demos --
 (448,3),  (450,3),  (451,3),  (454,3),  (455,7),  (484,7),  (514,1),  (542,3),  (546,5),  (493,5),  (440,3),  (411,0),  (412,3),  (387,0),  (358,0),  (332,0),  (275,4),  (246,4),  (215,2),  (212,2),  (207,2),  (233,6),  (285,2),  (281,4),  (195,0),  (168,0),  (112,5),  (58,5),  (5,3),  (35,3),  (69,7),  (101,3),  (131,3),  (107,5),  (53,5),  (25,5),  (54,5), 


[Timing] Time passed: 723.888796 s

Posterior Probability: -77.99824901
Agreement with demo: 6.4%
Current angular diffs: 90'

Selected number of demos: 80

-- Positive Demos --
 (503,0),  (476,5),  (448,3),  (449,5),  (450,3),  (451,3),  (452,3),  (453,3),  (454,3),  (455,7),  (484,7),  (485,3),  (514,1),  (542,7),  (542,3),  (543,3),  (544,3),  (546,5),  (519,5),  (492,5),  (493,5),  (466,5),  (439,5),  (440,3),  (440,5),  (411,0),  (412,3),  (413,5),  (387,0),  (358,0),  (332,0),  (304,4),  (275,4),  (246,4),  (216,2),  (215,2),  (213,2),  (212,2),  (183,2),  (209,2),  (207,2),  (206,6),  (233,6),  (260,6),  (287,2),  (285,2),  (312,2),  (310,4),  (281,4),  (253,4),  (224,0),  (195,0),  (168,0),  (112,5),  (85,5),  (58,5),  (30,5),  (32,3),  (5,3),  (35,3),  (37,3),  (38,7),  (69,7),  (70,3),  (100,3),  (101,3),  (131,3),  (132,3),  (134,3),  (107,5),  (108,5),  (81,5),  (53,5),  (25,5),  (54,5),  (25,7), 


[Timing] Time passed: 725.165374 s

Posterior Probability: -429.7010401
Agreement with demo: 9.1%
Current angular diffs: 99'

Selected number of demos: 29

-- Positive Demos --
 (448,3),  (450,3),  (455,7),  (485,3),  (543,3),  (519,5),  (493,5),  (440,3),  (411,0),  (412,3),  (413,5),  (304,4),  (275,4),  (246,4),  (216,2),  (183,2),  (209,2),  (206,6),  (312,2),  (224,0),  (85,5),  (32,3),  (35,3),  (70,3),  (132,3),  (107,5),  (108,5),  (53,5),  (25,7), 


[Timing] Time passed: 733.959598 s

Posterior Probability: -240.2195468
Agreement with demo: 12%
Current angular diffs: 94'

Selected number of demos: 80

-- Positive Demos --
 (503,0),  (476,5),  (448,3),  (449,5),  (450,3),  (451,3),  (452,3),  (453,3),  (454,3),  (455,7),  (484,7),  (485,3),  (514,1),  (542,7),  (542,3),  (543,3),  (544,3),  (546,5),  (519,5),  (492,5),  (493,5),  (466,5),  (439,5),  (440,3),  (440,5),  (411,0),  (412,3),  (413,5),  (387,0),  (358,0),  (332,0),  (304,4),  (275,4),  (246,4),  (216,2),  (215,2),  (213,2),  (212,2),  (183,2),  (209,2),  (207,2),  (206,6),  (233,6),  (260,6),  (287,2),  (285,2),  (312,2),  (310,4),  (281,4),  (253,4),  (224,0),  (195,0),  (168,0),  (112,5),  (85,5),  (58,5),  (30,5),  (32,3),  (5,3),  (35,3),  (37,3),  (38,7),  (69,7),  (70,3),  (100,3),  (101,3),  (131,3),  (132,3),  (134,3),  (107,5),  (108,5),  (81,5),  (53,5),  (25,5),  (54,5),  (25,7), 


[Timing] Time passed: 678.093096 s

Posterior Probability: -340.685366
Agreement with demo: 13%
Current angular diffs: 94'

Selected number of demos: 42

-- Positive Demos --
 (503,0),  (476,5),  (448,3),  (450,3),  (451,3),  (454,3),  (485,3),  (542,7),  (544,3),  (546,5),  (492,5),  (439,5),  (440,3),  (411,0),  (412,3),  (413,5),  (387,0),  (304,4),  (275,4),  (216,2),  (212,2),  (207,2),  (233,6),  (287,2),  (310,4),  (281,4),  (195,0),  (112,5),  (30,5),  (5,3),  (37,3),  (38,7),  (70,3),  (101,3),  (131,3),  (134,3),  (107,5),  (81,5),  (53,5),  (25,5),  (25,7), 


[Timing] Time passed: 657.817258 s

Posterior Probability: -276.9458606
Agreement with demo: 13%
Current angular diffs: 94'

Selected number of demos: 26

-- Positive Demos --
 (476,5),  (448,3),  (452,3),  (484,7),  (542,3),  (543,3),  (493,5),  (440,5),  (412,3),  (413,5),  (387,0),  (358,0),  (275,4),  (212,2),  (209,2),  (206,6),  (233,6),  (312,2),  (195,0),  (30,5),  (38,7),  (70,3),  (132,3),  (107,5),  (54,5), 


[Timing] Time passed: 663.06658 s

Posterior Probability: -251.2617512
Agreement with demo: 11%
Current angular diffs: 90'

Selected number of demos: 80

-- Positive Demos --
 (503,0),  (476,5),  (448,3),  (449,5),  (450,3),  (451,3),  (452,3),  (453,3),  (454,3),  (455,7),  (484,7),  (485,3),  (514,1),  (542,7),  (542,3),  (543,3),  (544,3),  (546,5),  (519,5),  (492,5),  (493,5),  (466,5),  (439,5),  (440,3),  (440,5),  (411,0),  (412,3),  (413,5),  (387,0),  (358,0),  (332,0),  (304,4),  (275,4),  (246,4),  (216,2),  (215,2),  (213,2),  (212,2),  (183,2),  (209,2),  (207,2),  (206,6),  (233,6),  (260,6),  (287,2),  (285,2),  (312,2),  (310,4),  (281,4),  (253,4),  (224,0),  (195,0),  (168,0),  (112,5),  (85,5),  (58,5),  (30,5),  (32,3),  (5,3),  (35,3),  (37,3),  (38,7),  (69,7),  (70,3),  (100,3),  (101,3),  (131,3),  (132,3),  (134,3),  (107,5),  (108,5),  (81,5),  (53,5),  (25,5),  (54,5),  (25,7), 


[Timing] Time passed: 666.732558 s

Posterior Probability: -236.810378
Agreement with demo: 15%
Current angular diffs: 91'

Selected number of demos: 30

-- Positive Demos --
 (503,0),  (448,3),  (452,3),  (484,7),  (485,3),  (542,7),  (546,5),  (493,5),  (466,5),  (440,3),  (412,3),  (387,0),  (332,0),  (275,4),  (216,2),  (212,2),  (206,6),  (233,6),  (312,2),  (253,4),  (195,0),  (112,5),  (85,5),  (30,5),  (37,3),  (100,3),  (101,3),  (134,3),  (53,5),  (25,7), 


[Timing] Time passed: 647.472755 s

Posterior Probability: -106.9592239
Agreement with demo: 12%
Current angular diffs: 91'

Selected number of demos: 42

-- Positive Demos --
 (476,5),  (448,3),  (449,5),  (451,3),  (454,3),  (485,3),  (542,7),  (543,3),  (544,3),  (519,5),  (492,5),  (439,5),  (440,3),  (412,3),  (413,5),  (358,0),  (332,0),  (275,4),  (215,2),  (212,2),  (209,2),  (233,6),  (287,2),  (312,2),  (253,4),  (195,0),  (168,0),  (85,5),  (58,5),  (32,3),  (5,3),  (35,3),  (69,7),  (100,3),  (101,3),  (131,3),  (134,3),  (107,5),  (108,5),  (25,5),  (25,7), 


[Timing] Time passed: 663.290213 s

Posterior Probability: -277.742014
Agreement with demo: 13%
Current angular diffs: 92'

Selected number of demos: 32

-- Positive Demos --
 (503,0),  (448,3),  (451,3),  (454,3),  (485,3),  (542,7),  (546,5),  (492,5),  (439,5),  (411,0),  (412,3),  (358,0),  (275,4),  (246,4),  (215,2),  (213,2),  (212,2),  (183,2),  (206,6),  (233,6),  (312,2),  (253,4),  (224,0),  (85,5),  (30,5),  (5,3),  (38,7),  (101,3),  (132,3),  (81,5),  (25,5),  (25,7), 


[Timing] Time passed: 664.082497 s

Posterior Probability: -213.6276468
Agreement with demo: 4.5%
Current angular diffs: 93'

Selected number of demos: 33

-- Positive Demos --
 (448,3),  (452,3),  (454,3),  (484,7),  (485,3),  (543,3),  (544,3),  (519,5),  (439,5),  (440,5),  (412,3),  (413,5),  (387,0),  (332,0),  (246,4),  (215,2),  (183,2),  (206,6),  (260,6),  (285,2),  (310,4),  (281,4),  (224,0),  (112,5),  (85,5),  (58,5),  (5,3),  (69,7),  (131,3),  (134,3),  (107,5),  (53,5),  (25,5), 


[Timing] Time passed: 662.888831 s

Posterior Probability: -222.4690309
Agreement with demo: 15%
Current angular diffs: 84'

Selected number of demos: 26

-- Positive Demos --
 (449,5),  (450,3),  (451,3),  (455,7),  (514,1),  (542,7),  (543,3),  (492,5),  (440,5),  (412,3),  (358,0),  (304,4),  (246,4),  (212,2),  (183,2),  (260,6),  (287,2),  (310,4),  (253,4),  (85,5),  (5,3),  (69,7),  (70,3),  (131,3),  (81,5),  (25,7), 


[Timing] Time passed: 667.773607 s

Posterior Probability: -220.156773
Agreement with demo: 10%
Current angular diffs: 83'

Selected number of demos: 31

-- Positive Demos --
 (448,3),  (450,3),  (451,3),  (453,3),  (485,3),  (543,3),  (519,5),  (493,5),  (440,3),  (411,0),  (413,5),  (358,0),  (304,4),  (275,4),  (216,2),  (212,2),  (209,2),  (233,6),  (285,2),  (312,2),  (310,4),  (195,0),  (85,5),  (5,3),  (35,3),  (69,7),  (70,3),  (131,3),  (108,5),  (25,5), 


[Timing] Time passed: 660.276777 s

Posterior Probability: -330.1032423
Agreement with demo: 15%
Current angular diffs: 91'

Selected number of demos: 28

-- Positive Demos --
 (476,5),  (448,3),  (449,5),  (451,3),  (454,3),  (485,3),  (514,1),  (542,7),  (544,3),  (519,5),  (440,3),  (412,3),  (332,0),  (275,4),  (246,4),  (183,2),  (207,2),  (206,6),  (312,2),  (310,4),  (253,4),  (168,0),  (112,5),  (5,3),  (70,3),  (131,3),  (108,5),  (81,5), 


[Timing] Time passed: 658.392524 s

Posterior Probability: -390.0243507
Agreement with demo: 13%
Current angular diffs: 91'

Selected number of demos: 34

-- Positive Demos --
 (448,3),  (450,3),  (451,3),  (454,3),  (485,3),  (514,1),  (544,3),  (519,5),  (492,5),  (440,3),  (412,3),  (387,0),  (304,4),  (216,2),  (213,2),  (183,2),  (233,6),  (287,2),  (285,2),  (312,2),  (281,4),  (195,0),  (58,5),  (32,3),  (5,3),  (35,3),  (37,3),  (69,7),  (70,3),  (132,3),  (134,3),  (108,5),  (54,5), 


[Timing] Time passed: 663.095744 s

Posterior Probability: -377.6317132
Agreement with demo: 12%
Current angular diffs: 91'

Selected number of demos: 27

-- Positive Demos --
 (449,5),  (450,3),  (455,7),  (484,7),  (514,1),  (543,3),  (546,5),  (493,5),  (439,5),  (412,3),  (387,0),  (304,4),  (215,2),  (183,2),  (233,6),  (260,6),  (310,4),  (224,0),  (85,5),  (30,5),  (37,3),  (101,3),  (132,3),  (134,3),  (107,5),  (81,5),  (25,5), 


[Timing] Time passed: 662.516709 s

Posterior Probability: -388.048994
Agreement with demo: 10%
Current angular diffs: 92'

Selected number of demos: 80

-- Positive Demos --
 (503,0),  (476,5),  (448,3),  (449,5),  (450,3),  (451,3),  (452,3),  (453,3),  (454,3),  (455,7),  (484,7),  (485,3),  (514,1),  (542,7),  (542,3),  (543,3),  (544,3),  (546,5),  (519,5),  (492,5),  (493,5),  (466,5),  (439,5),  (440,3),  (440,5),  (411,0),  (412,3),  (413,5),  (387,0),  (358,0),  (332,0),  (304,4),  (275,4),  (246,4),  (216,2),  (215,2),  (213,2),  (212,2),  (183,2),  (209,2),  (207,2),  (206,6),  (233,6),  (260,6),  (287,2),  (285,2),  (312,2),  (310,4),  (281,4),  (253,4),  (224,0),  (195,0),  (168,0),  (112,5),  (85,5),  (58,5),  (30,5),  (32,3),  (5,3),  (35,3),  (37,3),  (38,7),  (69,7),  (70,3),  (100,3),  (101,3),  (131,3),  (132,3),  (134,3),  (107,5),  (108,5),  (81,5),  (53,5),  (25,5),  (54,5),  (25,7), 


[Timing] Time passed: 595.603924 s

Posterior Probability: -363.0240634
Agreement with demo: 15%
Current angular diffs: 86'

Selected number of demos: 80

-- Positive Demos --
 (503,0),  (476,5),  (448,3),  (449,5),  (450,3),  (451,3),  (452,3),  (453,3),  (454,3),  (455,7),  (484,7),  (485,3),  (514,1),  (542,7),  (542,3),  (543,3),  (544,3),  (546,5),  (519,5),  (492,5),  (493,5),  (466,5),  (439,5),  (440,3),  (440,5),  (411,0),  (412,3),  (413,5),  (387,0),  (358,0),  (332,0),  (304,4),  (275,4),  (246,4),  (216,2),  (215,2),  (213,2),  (212,2),  (183,2),  (209,2),  (207,2),  (206,6),  (233,6),  (260,6),  (287,2),  (285,2),  (312,2),  (310,4),  (281,4),  (253,4),  (224,0),  (195,0),  (168,0),  (112,5),  (85,5),  (58,5),  (30,5),  (32,3),  (5,3),  (35,3),  (37,3),  (38,7),  (69,7),  (70,3),  (100,3),  (101,3),  (131,3),  (132,3),  (134,3),  (107,5),  (108,5),  (81,5),  (53,5),  (25,5),  (54,5),  (25,7), 


[Timing] Time passed: 557.279533 s

Posterior Probability: -303.8723989
Agreement with demo: 4.5%
Current angular diffs: 88'

Selected number of demos: 80

-- Positive Demos --
 (503,0),  (476,5),  (448,3),  (449,5),  (450,3),  (451,3),  (452,3),  (453,3),  (454,3),  (455,7),  (484,7),  (485,3),  (514,1),  (542,7),  (542,3),  (543,3),  (544,3),  (546,5),  (519,5),  (492,5),  (493,5),  (466,5),  (439,5),  (440,3),  (440,5),  (411,0),  (412,3),  (413,5),  (387,0),  (358,0),  (332,0),  (304,4),  (275,4),  (246,4),  (216,2),  (215,2),  (213,2),  (212,2),  (183,2),  (209,2),  (207,2),  (206,6),  (233,6),  (260,6),  (287,2),  (285,2),  (312,2),  (310,4),  (281,4),  (253,4),  (224,0),  (195,0),  (168,0),  (112,5),  (85,5),  (58,5),  (30,5),  (32,3),  (5,3),  (35,3),  (37,3),  (38,7),  (69,7),  (70,3),  (100,3),  (101,3),  (131,3),  (132,3),  (134,3),  (107,5),  (108,5),  (81,5),  (53,5),  (25,5),  (54,5),  (25,7), 


[Timing] Time passed: 448.010101 s

Posterior Probability: -370.697312
Agreement with demo: 15%
Current angular diffs: 90'

Selected number of demos: 48

-- Positive Demos --
 (503,0),  (476,5),  (448,3),  (450,3),  (451,3),  (452,3),  (453,3),  (455,7),  (485,3),  (514,1),  (542,3),  (544,3),  (519,5),  (493,5),  (439,5),  (440,3),  (411,0),  (412,3),  (387,0),  (332,0),  (275,4),  (216,2),  (215,2),  (213,2),  (183,2),  (207,2),  (206,6),  (233,6),  (287,2),  (312,2),  (281,4),  (224,0),  (168,0),  (112,5),  (58,5),  (32,3),  (5,3),  (35,3),  (38,7),  (70,3),  (101,3),  (131,3),  (134,3),  (107,5),  (108,5),  (53,5),  (54,5), 


[Timing] Time passed: 419.3592 s

Posterior Probability: -343.4727995
Agreement with demo: 12%
Current angular diffs: 91'

Selected number of demos: 51

-- Positive Demos --
 (476,5),  (448,3),  (450,3),  (451,3),  (452,3),  (453,3),  (455,7),  (485,3),  (514,1),  (542,7),  (543,3),  (544,3),  (519,5),  (492,5),  (466,5),  (440,3),  (440,5),  (411,0),  (412,3),  (413,5),  (358,0),  (332,0),  (304,4),  (275,4),  (216,2),  (215,2),  (212,2),  (183,2),  (209,2),  (206,6),  (233,6),  (287,2),  (285,2),  (310,4),  (281,4),  (224,0),  (195,0),  (112,5),  (85,5),  (30,5),  (5,3),  (37,3),  (69,7),  (100,3),  (131,3),  (132,3),  (134,3),  (108,5),  (81,5),  (25,5),  (54,5), 


[Timing] Time passed: 163.771327 s

Posterior Probability: -277.6292106
Agreement with demo: 11%
Current angular diffs: 81'

-----------------------------
Avg angular diffs: 81'
-- learned weights --
Feature Weights: -0.1455, 0.4285, 0.134, -0.1, 
