loading features...

Initializing gridworld of size 28 by 22..
    Num states: 616
    Num actions: 8

Total number of demos: 68

Selected number of demos: 68

-- Positive Demos --
 (220,1),  (277,1),  (305,1),  (333,1),  (360,1),  (389,6),  (415,2),  (414,2),  (413,6),  (412,6),  (440,2),  (439,6),  (466,6),  (493,2),  (493,4),  (464,2),  (463,2),  (462,2),  (461,2),  (460,2),  (460,6),  (487,0),  (431,0),  (431,4),  (401,0),  (374,0),  (345,0),  (318,0),  (290,5),  (291,3),  (264,5),  (265,5),  (237,5),  (209,5),  (183,0),  (155,0),  (127,0),  (99,0),  (70,4),  (70,2),  (40,2),  (39,2),  (67,2),  (66,6),  (65,6),  (92,6),  (120,6),  (147,6),  (147,1),  (175,1),  (201,6),  (230,6),  (257,6),  (284,1),  (312,1),  (338,6),  (367,1),  (394,1),  (423,1),  (423,6),  (451,6),  (450,6),  (477,6),  (477,1), 


[Timing] Time passed: 293.808107 s

Posterior Probability: -558.664741
Agreement with demo: 8.3%
Current angular diffs: 1e+02'

Selected number of demos: 26

-- Positive Demos --
 (305,1),  (333,1),  (389,6),  (414,2),  (439,6),  (493,2),  (493,4),  (461,2),  (431,4),  (345,0),  (291,3),  (209,5),  (183,0),  (155,0),  (99,0),  (70,2),  (65,6),  (92,6),  (147,1),  (175,1),  (257,6),  (338,6),  (423,1),  (451,6),  (450,6),  (477,1), 


[Timing] Time passed: 267.037871 s

Posterior Probability: -127.8080194
Agreement with demo: 3.6%
Current angular diffs: 96'

Selected number of demos: 18

-- Positive Demos --
 (333,1),  (360,1),  (413,6),  (493,2),  (461,2),  (431,4),  (318,0),  (265,5),  (237,5),  (99,0),  (70,4),  (66,6),  (92,6),  (147,1),  (230,6),  (284,1),  (367,1),  (451,6), 


[Timing] Time passed: 262.087715 s

Posterior Probability: -80.02143828
Agreement with demo: 17%
Current angular diffs: 89'

Selected number of demos: 68

-- Positive Demos --
 (220,1),  (277,1),  (305,1),  (333,1),  (360,1),  (389,6),  (415,2),  (414,2),  (413,6),  (412,6),  (440,2),  (439,6),  (466,6),  (493,2),  (493,4),  (464,2),  (463,2),  (462,2),  (461,2),  (460,2),  (460,6),  (487,0),  (431,0),  (431,4),  (401,0),  (374,0),  (345,0),  (318,0),  (290,5),  (291,3),  (264,5),  (265,5),  (237,5),  (209,5),  (183,0),  (155,0),  (127,0),  (99,0),  (70,4),  (70,2),  (40,2),  (39,2),  (67,2),  (66,6),  (65,6),  (92,6),  (120,6),  (147,6),  (147,1),  (175,1),  (201,6),  (230,6),  (257,6),  (284,1),  (312,1),  (338,6),  (367,1),  (394,1),  (423,1),  (423,6),  (451,6),  (450,6),  (477,6),  (477,1), 


[Timing] Time passed: 251.053317 s

Posterior Probability: -203.4583822
Agreement with demo: 8.3%
Current angular diffs: 95'

Selected number of demos: 68

-- Positive Demos --
 (220,1),  (277,1),  (305,1),  (333,1),  (360,1),  (389,6),  (415,2),  (414,2),  (413,6),  (412,6),  (440,2),  (439,6),  (466,6),  (493,2),  (493,4),  (464,2),  (463,2),  (462,2),  (461,2),  (460,2),  (460,6),  (487,0),  (431,0),  (431,4),  (401,0),  (374,0),  (345,0),  (318,0),  (290,5),  (291,3),  (264,5),  (265,5),  (237,5),  (209,5),  (183,0),  (155,0),  (127,0),  (99,0),  (70,4),  (70,2),  (40,2),  (39,2),  (67,2),  (66,6),  (65,6),  (92,6),  (120,6),  (147,6),  (147,1),  (175,1),  (201,6),  (230,6),  (257,6),  (284,1),  (312,1),  (338,6),  (367,1),  (394,1),  (423,1),  (423,6),  (451,6),  (450,6),  (477,6),  (477,1), 


[Timing] Time passed: 242.331142 s

Posterior Probability: -426.9326946
Agreement with demo: 9.5%
Current angular diffs: 86'

Selected number of demos: 24

-- Positive Demos --
 (277,1),  (305,1),  (360,1),  (389,6),  (415,2),  (439,6),  (466,6),  (493,4),  (460,2),  (401,0),  (290,5),  (237,5),  (127,0),  (99,0),  (40,2),  (66,6),  (92,6),  (147,1),  (175,1),  (257,6),  (338,6),  (423,6),  (477,6), 


[Timing] Time passed: 254.707375 s

Posterior Probability: -276.537905
Agreement with demo: 4.8%
Current angular diffs: 96'

Selected number of demos: 29

-- Positive Demos --
 (220,1),  (360,1),  (415,2),  (413,6),  (439,6),  (466,6),  (493,4),  (462,2),  (487,0),  (431,4),  (401,0),  (374,0),  (345,0),  (290,5),  (291,3),  (237,5),  (183,0),  (99,0),  (40,2),  (39,2),  (65,6),  (92,6),  (147,1),  (257,6),  (312,1),  (394,1),  (423,6),  (451,6),  (477,6), 


[Timing] Time passed: 250.49698 s

Posterior Probability: -122.7969649
Agreement with demo: 9.5%
Current angular diffs: 85'

Selected number of demos: 31

-- Positive Demos --
 (220,1),  (305,1),  (360,1),  (415,2),  (412,6),  (466,6),  (464,2),  (462,2),  (460,6),  (431,0),  (401,0),  (374,0),  (290,5),  (264,5),  (265,5),  (237,5),  (209,5),  (155,0),  (99,0),  (40,2),  (67,2),  (92,6),  (120,6),  (175,1),  (257,6),  (312,1),  (338,6),  (394,1),  (423,1),  (450,6),  (477,1), 


[Timing] Time passed: 246.549744 s

Posterior Probability: -126.0212094
Agreement with demo: 2.4%
Current angular diffs: 1e+02'

Selected number of demos: 36

-- Positive Demos --
 (305,1),  (360,1),  (414,2),  (440,2),  (439,6),  (493,4),  (462,2),  (460,2),  (460,6),  (487,0),  (401,0),  (318,0),  (290,5),  (291,3),  (237,5),  (155,0),  (99,0),  (70,4),  (70,2),  (40,2),  (39,2),  (67,2),  (65,6),  (92,6),  (120,6),  (175,1),  (257,6),  (312,1),  (338,6),  (394,1),  (423,1),  (423,6),  (451,6),  (477,6),  (477,1), 


[Timing] Time passed: 246.208274 s

Posterior Probability: -81.06329394
Agreement with demo: 11%
Current angular diffs: 99'

Selected number of demos: 68

-- Positive Demos --
 (220,1),  (277,1),  (305,1),  (333,1),  (360,1),  (389,6),  (415,2),  (414,2),  (413,6),  (412,6),  (440,2),  (439,6),  (466,6),  (493,2),  (493,4),  (464,2),  (463,2),  (462,2),  (461,2),  (460,2),  (460,6),  (487,0),  (431,0),  (431,4),  (401,0),  (374,0),  (345,0),  (318,0),  (290,5),  (291,3),  (264,5),  (265,5),  (237,5),  (209,5),  (183,0),  (155,0),  (127,0),  (99,0),  (70,4),  (70,2),  (40,2),  (39,2),  (67,2),  (66,6),  (65,6),  (92,6),  (120,6),  (147,6),  (147,1),  (175,1),  (201,6),  (230,6),  (257,6),  (284,1),  (312,1),  (338,6),  (367,1),  (394,1),  (423,1),  (423,6),  (451,6),  (450,6),  (477,6),  (477,1), 


[Timing] Time passed: 228.512294 s

Posterior Probability: -219.2168749
Agreement with demo: 12%
Current angular diffs: 92'

Selected number of demos: 68

-- Positive Demos --
 (220,1),  (277,1),  (305,1),  (333,1),  (360,1),  (389,6),  (415,2),  (414,2),  (413,6),  (412,6),  (440,2),  (439,6),  (466,6),  (493,2),  (493,4),  (464,2),  (463,2),  (462,2),  (461,2),  (460,2),  (460,6),  (487,0),  (431,0),  (431,4),  (401,0),  (374,0),  (345,0),  (318,0),  (290,5),  (291,3),  (264,5),  (265,5),  (237,5),  (209,5),  (183,0),  (155,0),  (127,0),  (99,0),  (70,4),  (70,2),  (40,2),  (39,2),  (67,2),  (66,6),  (65,6),  (92,6),  (120,6),  (147,6),  (147,1),  (175,1),  (201,6),  (230,6),  (257,6),  (284,1),  (312,1),  (338,6),  (367,1),  (394,1),  (423,1),  (423,6),  (451,6),  (450,6),  (477,6),  (477,1), 


[Timing] Time passed: 209.623974 s

Posterior Probability: -247.8999654
Agreement with demo: 13%
Current angular diffs: 81'

Selected number of demos: 37

-- Positive Demos --
 (220,1),  (305,1),  (333,1),  (360,1),  (389,6),  (413,6),  (439,6),  (466,6),  (464,2),  (462,2),  (460,6),  (487,0),  (401,0),  (374,0),  (318,0),  (291,3),  (237,5),  (155,0),  (99,0),  (70,4),  (70,2),  (40,2),  (39,2),  (67,2),  (92,6),  (147,6),  (175,1),  (201,6),  (257,6),  (284,1),  (312,1),  (338,6),  (394,1),  (451,6),  (450,6),  (477,1), 


[Timing] Time passed: 217.155068 s

Posterior Probability: -109.5808219
Agreement with demo: 8.3%
Current angular diffs: 94'

Selected number of demos: 36

-- Positive Demos --
 (277,1),  (360,1),  (389,6),  (413,6),  (412,6),  (439,6),  (493,2),  (463,2),  (460,2),  (431,0),  (401,0),  (318,0),  (291,3),  (264,5),  (265,5),  (209,5),  (183,0),  (127,0),  (99,0),  (70,4),  (70,2),  (39,2),  (65,6),  (120,6),  (147,1),  (201,6),  (257,6),  (284,1),  (312,1),  (338,6),  (394,1),  (423,1),  (451,6),  (477,6), 


[Timing] Time passed: 212.71269 s

Posterior Probability: -258.6770535
Agreement with demo: 3.6%
Current angular diffs: 1e+02'

Selected number of demos: 22

-- Positive Demos --
 (277,1),  (360,1),  (412,6),  (466,6),  (464,2),  (462,2),  (431,0),  (401,0),  (318,0),  (265,5),  (127,0),  (99,0),  (70,4),  (40,2),  (39,2),  (66,6),  (147,6),  (230,6),  (284,1),  (338,6),  (423,1),  (477,6), 


[Timing] Time passed: 215.144015 s

Posterior Probability: -164.6218548
Agreement with demo: 8.3%
Current angular diffs: 1e+02'

Selected number of demos: 45

-- Positive Demos --
 (277,1),  (333,1),  (360,1),  (415,2),  (413,6),  (440,2),  (439,6),  (466,6),  (493,2),  (493,4),  (463,2),  (462,2),  (461,2),  (460,6),  (487,0),  (431,0),  (431,4),  (374,0),  (345,0),  (290,5),  (291,3),  (264,5),  (265,5),  (209,5),  (183,0),  (155,0),  (99,0),  (70,4),  (70,2),  (39,2),  (67,2),  (66,6),  (92,6),  (147,6),  (175,1),  (230,6),  (257,6),  (284,1),  (338,6),  (394,1),  (423,1),  (451,6),  (450,6),  (477,6), 


[Timing] Time passed: 204.781738 s

Posterior Probability: -270.5634645
Agreement with demo: 7.1%
Current angular diffs: 94'

Selected number of demos: 47

-- Positive Demos --
 (277,1),  (333,1),  (360,1),  (389,6),  (414,2),  (412,6),  (440,2),  (466,6),  (493,2),  (493,4),  (464,2),  (463,2),  (461,2),  (460,2),  (487,0),  (431,0),  (431,4),  (374,0),  (318,0),  (290,5),  (291,3),  (264,5),  (237,5),  (183,0),  (127,0),  (99,0),  (70,4),  (70,2),  (40,2),  (67,2),  (65,6),  (92,6),  (120,6),  (147,1),  (175,1),  (201,6),  (230,6),  (257,6),  (284,1),  (312,1),  (338,6),  (394,1),  (423,6),  (451,6),  (477,6),  (477,1), 


[Timing] Time passed: 213.450245 s

Posterior Probability: -245.5875228
Agreement with demo: 2.4%
Current angular diffs: 1e+02'

Selected number of demos: 28

-- Positive Demos --
 (220,1),  (333,1),  (414,2),  (413,6),  (412,6),  (439,6),  (466,6),  (493,2),  (463,2),  (460,2),  (431,0),  (345,0),  (291,3),  (237,5),  (155,0),  (99,0),  (40,2),  (39,2),  (66,6),  (92,6),  (120,6),  (201,6),  (257,6),  (284,1),  (367,1),  (394,1),  (450,6),  (477,6), 


[Timing] Time passed: 208.512549 s

Posterior Probability: -140.3497617
Agreement with demo: 7.1%
Current angular diffs: 98'

Selected number of demos: 37

-- Positive Demos --
 (220,1),  (277,1),  (360,1),  (389,6),  (414,2),  (413,6),  (439,6),  (493,2),  (493,4),  (463,2),  (462,2),  (460,2),  (431,0),  (431,4),  (374,0),  (345,0),  (290,5),  (291,3),  (264,5),  (237,5),  (209,5),  (183,0),  (155,0),  (127,0),  (70,4),  (39,2),  (66,6),  (120,6),  (147,1),  (230,6),  (257,6),  (312,1),  (367,1),  (394,1),  (423,6),  (451,6),  (477,6), 


[Timing] Time passed: 210.464188 s

Posterior Probability: -115.6573329
Agreement with demo: 13%
Current angular diffs: 92'

Selected number of demos: 68

-- Positive Demos --
 (220,1),  (277,1),  (305,1),  (333,1),  (360,1),  (389,6),  (415,2),  (414,2),  (413,6),  (412,6),  (440,2),  (439,6),  (466,6),  (493,2),  (493,4),  (464,2),  (463,2),  (462,2),  (461,2),  (460,2),  (460,6),  (487,0),  (431,0),  (431,4),  (401,0),  (374,0),  (345,0),  (318,0),  (290,5),  (291,3),  (264,5),  (265,5),  (237,5),  (209,5),  (183,0),  (155,0),  (127,0),  (99,0),  (70,4),  (70,2),  (40,2),  (39,2),  (67,2),  (66,6),  (65,6),  (92,6),  (120,6),  (147,6),  (147,1),  (175,1),  (201,6),  (230,6),  (257,6),  (284,1),  (312,1),  (338,6),  (367,1),  (394,1),  (423,1),  (423,6),  (451,6),  (450,6),  (477,6),  (477,1), 


[Timing] Time passed: 217.135961 s

Posterior Probability: -281.3372907
Agreement with demo: 4.8%
Current angular diffs: 91'

Selected number of demos: 32

-- Positive Demos --
 (220,1),  (305,1),  (389,6),  (414,2),  (413,6),  (439,6),  (466,6),  (493,4),  (463,2),  (462,2),  (461,2),  (460,6),  (431,0),  (431,4),  (374,0),  (345,0),  (291,3),  (264,5),  (209,5),  (127,0),  (70,4),  (39,2),  (65,6),  (147,6),  (201,6),  (257,6),  (312,1),  (394,1),  (423,1),  (450,6),  (477,6), 


[Timing] Time passed: 202.394254 s

Posterior Probability: -282.6704642
Agreement with demo: 9.5%
Current angular diffs: 85'

Selected number of demos: 68

-- Positive Demos --
 (220,1),  (277,1),  (305,1),  (333,1),  (360,1),  (389,6),  (415,2),  (414,2),  (413,6),  (412,6),  (440,2),  (439,6),  (466,6),  (493,2),  (493,4),  (464,2),  (463,2),  (462,2),  (461,2),  (460,2),  (460,6),  (487,0),  (431,0),  (431,4),  (401,0),  (374,0),  (345,0),  (318,0),  (290,5),  (291,3),  (264,5),  (265,5),  (237,5),  (209,5),  (183,0),  (155,0),  (127,0),  (99,0),  (70,4),  (70,2),  (40,2),  (39,2),  (67,2),  (66,6),  (65,6),  (92,6),  (120,6),  (147,6),  (147,1),  (175,1),  (201,6),  (230,6),  (257,6),  (284,1),  (312,1),  (338,6),  (367,1),  (394,1),  (423,1),  (423,6),  (451,6),  (450,6),  (477,6),  (477,1), 


[Timing] Time passed: 214.425033 s

Posterior Probability: -155.045333
Agreement with demo: 4.8%
Current angular diffs: 92'

Selected number of demos: 68

-- Positive Demos --
 (220,1),  (277,1),  (305,1),  (333,1),  (360,1),  (389,6),  (415,2),  (414,2),  (413,6),  (412,6),  (440,2),  (439,6),  (466,6),  (493,2),  (493,4),  (464,2),  (463,2),  (462,2),  (461,2),  (460,2),  (460,6),  (487,0),  (431,0),  (431,4),  (401,0),  (374,0),  (345,0),  (318,0),  (290,5),  (291,3),  (264,5),  (265,5),  (237,5),  (209,5),  (183,0),  (155,0),  (127,0),  (99,0),  (70,4),  (70,2),  (40,2),  (39,2),  (67,2),  (66,6),  (65,6),  (92,6),  (120,6),  (147,6),  (147,1),  (175,1),  (201,6),  (230,6),  (257,6),  (284,1),  (312,1),  (338,6),  (367,1),  (394,1),  (423,1),  (423,6),  (451,6),  (450,6),  (477,6),  (477,1), 


[Timing] Time passed: 217.489183 s

Posterior Probability: -416.4947736
Agreement with demo: 8.3%
Current angular diffs: 1e+02'

Selected number of demos: 28

-- Positive Demos --
 (333,1),  (414,2),  (439,6),  (493,4),  (463,2),  (460,2),  (431,0),  (431,4),  (374,0),  (291,3),  (264,5),  (237,5),  (183,0),  (127,0),  (70,2),  (40,2),  (65,6),  (147,1),  (201,6),  (257,6),  (284,1),  (312,1),  (394,1),  (451,6),  (450,6),  (477,1), 


[Timing] Time passed: 208.651676 s

Posterior Probability: -181.2444009
Agreement with demo: 12%
Current angular diffs: 94'

Selected number of demos: 33

-- Positive Demos --
 (305,1),  (360,1),  (414,2),  (440,2),  (439,6),  (493,2),  (463,2),  (460,2),  (487,0),  (401,0),  (318,0),  (291,3),  (237,5),  (183,0),  (155,0),  (99,0),  (70,4),  (39,2),  (67,2),  (66,6),  (65,6),  (92,6),  (147,6),  (147,1),  (175,1),  (257,6),  (312,1),  (367,1),  (423,1),  (423,6),  (477,6), 


[Timing] Time passed: 208.697503 s

Posterior Probability: -190.2317348
Agreement with demo: 15%
Current angular diffs: 92'

Selected number of demos: 24

-- Positive Demos --
 (220,1),  (389,6),  (412,6),  (439,6),  (466,6),  (464,2),  (463,2),  (462,2),  (431,0),  (431,4),  (374,0),  (318,0),  (291,3),  (209,5),  (99,0),  (70,4),  (67,2),  (92,6),  (175,1),  (284,1),  (312,1),  (367,1),  (423,6),  (477,1), 


[Timing] Time passed: 203.878191 s

Posterior Probability: -97.76458657
Agreement with demo: 9.5%
Current angular diffs: 93'

Selected number of demos: 68

-- Positive Demos --
 (220,1),  (277,1),  (305,1),  (333,1),  (360,1),  (389,6),  (415,2),  (414,2),  (413,6),  (412,6),  (440,2),  (439,6),  (466,6),  (493,2),  (493,4),  (464,2),  (463,2),  (462,2),  (461,2),  (460,2),  (460,6),  (487,0),  (431,0),  (431,4),  (401,0),  (374,0),  (345,0),  (318,0),  (290,5),  (291,3),  (264,5),  (265,5),  (237,5),  (209,5),  (183,0),  (155,0),  (127,0),  (99,0),  (70,4),  (70,2),  (40,2),  (39,2),  (67,2),  (66,6),  (65,6),  (92,6),  (120,6),  (147,6),  (147,1),  (175,1),  (201,6),  (230,6),  (257,6),  (284,1),  (312,1),  (338,6),  (367,1),  (394,1),  (423,1),  (423,6),  (451,6),  (450,6),  (477,6),  (477,1), 


[Timing] Time passed: 215.497181 s

Posterior Probability: -293.1533438
Agreement with demo: 4.8%
Current angular diffs: 93'

Selected number of demos: 45

-- Positive Demos --
 (220,1),  (277,1),  (305,1),  (333,1),  (360,1),  (389,6),  (414,2),  (413,6),  (440,2),  (439,6),  (466,6),  (493,2),  (464,2),  (462,2),  (460,2),  (460,6),  (487,0),  (431,4),  (374,0),  (318,0),  (290,5),  (291,3),  (265,5),  (237,5),  (209,5),  (183,0),  (155,0),  (99,0),  (70,4),  (40,2),  (67,2),  (66,6),  (92,6),  (147,6),  (147,1),  (201,6),  (230,6),  (257,6),  (284,1),  (338,6),  (367,1),  (394,1),  (423,1),  (451,6),  (477,6), 


[Timing] Time passed: 209.206915 s

Posterior Probability: -113.7062509
Agreement with demo: 4.8%
Current angular diffs: 95'

Selected number of demos: 33

-- Positive Demos --
 (220,1),  (277,1),  (333,1),  (360,1),  (415,2),  (413,6),  (439,6),  (493,4),  (463,2),  (461,2),  (460,6),  (487,0),  (401,0),  (374,0),  (345,0),  (290,5),  (291,3),  (265,5),  (183,0),  (99,0),  (70,2),  (67,2),  (65,6),  (147,6),  (175,1),  (230,6),  (257,6),  (284,1),  (338,6),  (394,1),  (423,1),  (450,6),  (477,1), 


[Timing] Time passed: 207.079104 s

Posterior Probability: -295.7269543
Agreement with demo: 11%
Current angular diffs: 89'

Selected number of demos: 41

-- Positive Demos --
 (220,1),  (305,1),  (360,1),  (415,2),  (413,6),  (412,6),  (440,2),  (466,6),  (493,4),  (464,2),  (462,2),  (461,2),  (460,2),  (487,0),  (431,4),  (374,0),  (318,0),  (291,3),  (264,5),  (237,5),  (183,0),  (127,0),  (99,0),  (70,2),  (39,2),  (67,2),  (66,6),  (65,6),  (120,6),  (147,1),  (201,6),  (230,6),  (257,6),  (284,1),  (338,6),  (394,1),  (423,1),  (423,6),  (450,6),  (477,1), 


[Timing] Time passed: 214.037728 s

Posterior Probability: -126.9526288
Agreement with demo: 7.1%
Current angular diffs: 97'

Selected number of demos: 23

-- Positive Demos --
 (277,1),  (360,1),  (413,6),  (466,6),  (463,2),  (461,2),  (431,0),  (345,0),  (290,5),  (265,5),  (237,5),  (183,0),  (155,0),  (70,4),  (67,2),  (120,6),  (175,1),  (257,6),  (367,1),  (394,1),  (423,6),  (451,6),  (477,6), 


[Timing] Time passed: 211.300223 s

Posterior Probability: -97.6483968
Agreement with demo: 19%
Current angular diffs: 88'

Selected number of demos: 32

-- Positive Demos --
 (305,1),  (333,1),  (389,6),  (413,6),  (439,6),  (466,6),  (464,2),  (461,2),  (487,0),  (431,4),  (374,0),  (318,0),  (290,5),  (291,3),  (264,5),  (209,5),  (127,0),  (70,4),  (39,2),  (65,6),  (92,6),  (147,6),  (175,1),  (230,6),  (284,1),  (338,6),  (367,1),  (394,1),  (451,6),  (477,6),  (477,1), 


[Timing] Time passed: 157.201438 s

Posterior Probability: -87.04550338
Agreement with demo: 6%
Current angular diffs: 95'

Selected number of demos: 43

-- Positive Demos --
 (220,1),  (305,1),  (333,1),  (389,6),  (414,2),  (412,6),  (439,6),  (493,2),  (493,4),  (463,2),  (461,2),  (460,6),  (487,0),  (431,0),  (401,0),  (345,0),  (290,5),  (291,3),  (264,5),  (265,5),  (209,5),  (183,0),  (155,0),  (99,0),  (70,4),  (40,2),  (39,2),  (66,6),  (65,6),  (92,6),  (120,6),  (147,1),  (175,1),  (201,6),  (230,6),  (257,6),  (312,1),  (367,1),  (394,1),  (423,1),  (423,6),  (450,6),  (477,1), 


[Timing] Time passed: 162.547518 s

Posterior Probability: -486.1918634
Agreement with demo: 3.6%
Current angular diffs: 1e+02'

Selected number of demos: 24

-- Positive Demos --
 (333,1),  (389,6),  (413,6),  (412,6),  (440,2),  (439,6),  (493,2),  (463,2),  (460,2),  (431,4),  (318,0),  (290,5),  (264,5),  (183,0),  (99,0),  (39,2),  (92,6),  (175,1),  (257,6),  (338,6),  (394,1),  (451,6),  (450,6),  (477,6), 


[Timing] Time passed: 157.222512 s

Posterior Probability: -49.84273082
Agreement with demo: 8.3%
Current angular diffs: 94'

-----------------------------
Avg angular diffs: 81'
-- learned weights --
Feature Weights: -0.52325, -0.30875, -0.6505, -0.1, 
