loading features...

Initializing gridworld of size 28 by 22..
    Num states: 616
    Num actions: 8

Total number of demos: 53

Selected number of demos: 53

-- Positive Demos --
 (517,3),  (518,3),  (520,3),  (521,3),  (523,3),  (496,3),  (497,3),  (499,5),  (471,5),  (444,5),  (416,5),  (416,0),  (390,4),  (360,4),  (332,4),  (331,4),  (302,2),  (300,2),  (299,2),  (269,2),  (268,2),  (266,2),  (265,2),  (235,2),  (234,2),  (232,2),  (230,2),  (229,2),  (199,4),  (171,4),  (142,0),  (114,0),  (86,5),  (59,5),  (60,3),  (33,3),  (34,3),  (36,3),  (37,3),  (39,3),  (41,3),  (42,3),  (44,3),  (18,3),  (20,3),  (48,3),  (50,3),  (51,3),  (52,3),  (53,7),  (82,2), 


[Timing] Time passed: 284.217436 s

Posterior Probability: -265.4396322
Agreement with demo: 6.3%
Current angular diffs: 89'

Selected number of demos: 26

-- Positive Demos --
 (517,3),  (521,3),  (523,3),  (497,3),  (471,5),  (416,5),  (416,0),  (332,4),  (302,2),  (300,2),  (269,2),  (265,2),  (232,2),  (230,2),  (171,4),  (142,0),  (86,5),  (60,3),  (33,3),  (36,3),  (37,3),  (42,3),  (20,3),  (48,3),  (52,3),  (82,2), 


[Timing] Time passed: 282.515687 s

Posterior Probability: -161.3554055
Agreement with demo: 13%
Current angular diffs: 85'

Selected number of demos: 21

-- Positive Demos --
 (520,3),  (496,3),  (499,5),  (416,5),  (416,0),  (390,4),  (331,4),  (300,2),  (266,2),  (235,2),  (230,2),  (142,0),  (114,0),  (59,5),  (60,3),  (34,3),  (41,3),  (42,3),  (44,3),  (50,3),  (53,7), 


[Timing] Time passed: 262.45926 s

Posterior Probability: -100.9516886
Agreement with demo: 9.5%
Current angular diffs: 94'

Selected number of demos: 53

-- Positive Demos --
 (517,3),  (518,3),  (520,3),  (521,3),  (523,3),  (496,3),  (497,3),  (499,5),  (471,5),  (444,5),  (416,5),  (416,0),  (390,4),  (360,4),  (332,4),  (331,4),  (302,2),  (300,2),  (299,2),  (269,2),  (268,2),  (266,2),  (265,2),  (235,2),  (234,2),  (232,2),  (230,2),  (229,2),  (199,4),  (171,4),  (142,0),  (114,0),  (86,5),  (59,5),  (60,3),  (33,3),  (34,3),  (36,3),  (37,3),  (39,3),  (41,3),  (42,3),  (44,3),  (18,3),  (20,3),  (48,3),  (50,3),  (51,3),  (52,3),  (53,7),  (82,2), 


[Timing] Time passed: 275.328563 s

Posterior Probability: -556.7875329
Agreement with demo: 11%
Current angular diffs: 95'

Selected number of demos: 14

-- Positive Demos --
 (523,3),  (471,5),  (416,0),  (332,4),  (302,2),  (266,2),  (230,2),  (171,4),  (114,0),  (33,3),  (39,3),  (20,3),  (50,3),  (53,7), 


[Timing] Time passed: 242.631276 s

Posterior Probability: -59.05816695
Agreement with demo: 9.5%
Current angular diffs: 94'

Selected number of demos: 28

-- Positive Demos --
 (518,3),  (520,3),  (496,3),  (499,5),  (444,5),  (416,0),  (332,4),  (331,4),  (302,2),  (299,2),  (266,2),  (265,2),  (235,2),  (230,2),  (229,2),  (142,0),  (114,0),  (86,5),  (60,3),  (33,3),  (34,3),  (37,3),  (42,3),  (18,3),  (48,3),  (50,3),  (53,7),  (82,2), 


[Timing] Time passed: 240.426075 s

Posterior Probability: -168.4380441
Agreement with demo: 11%
Current angular diffs: 88'

Selected number of demos: 53

-- Positive Demos --
 (517,3),  (518,3),  (520,3),  (521,3),  (523,3),  (496,3),  (497,3),  (499,5),  (471,5),  (444,5),  (416,5),  (416,0),  (390,4),  (360,4),  (332,4),  (331,4),  (302,2),  (300,2),  (299,2),  (269,2),  (268,2),  (266,2),  (265,2),  (235,2),  (234,2),  (232,2),  (230,2),  (229,2),  (199,4),  (171,4),  (142,0),  (114,0),  (86,5),  (59,5),  (60,3),  (33,3),  (34,3),  (36,3),  (37,3),  (39,3),  (41,3),  (42,3),  (44,3),  (18,3),  (20,3),  (48,3),  (50,3),  (51,3),  (52,3),  (53,7),  (82,2), 


[Timing] Time passed: 234.427864 s

Posterior Probability: -184.002261
Agreement with demo: 19%
Current angular diffs: 84'

Selected number of demos: 29

-- Positive Demos --
 (518,3),  (523,3),  (497,3),  (499,5),  (471,5),  (416,5),  (360,4),  (332,4),  (331,4),  (299,2),  (268,2),  (265,2),  (232,2),  (229,2),  (199,4),  (171,4),  (142,0),  (114,0),  (59,5),  (33,3),  (34,3),  (37,3),  (42,3),  (20,3),  (48,3),  (50,3),  (52,3),  (53,7), 


[Timing] Time passed: 244.706954 s

Posterior Probability: -349.3547238
Agreement with demo: 11%
Current angular diffs: 91'

Selected number of demos: 26

-- Positive Demos --
 (518,3),  (523,3),  (497,3),  (471,5),  (416,5),  (390,4),  (331,4),  (299,2),  (268,2),  (266,2),  (235,2),  (230,2),  (171,4),  (142,0),  (114,0),  (59,5),  (34,3),  (37,3),  (39,3),  (42,3),  (18,3),  (20,3),  (48,3),  (52,3),  (53,7), 


[Timing] Time passed: 245.519994 s

Posterior Probability: -93.23736895
Agreement with demo: 13%
Current angular diffs: 84'

Selected number of demos: 34

-- Positive Demos --
 (518,3),  (521,3),  (523,3),  (496,3),  (499,5),  (471,5),  (444,5),  (416,5),  (416,0),  (360,4),  (331,4),  (300,2),  (299,2),  (268,2),  (265,2),  (235,2),  (232,2),  (230,2),  (199,4),  (142,0),  (114,0),  (86,5),  (60,3),  (34,3),  (36,3),  (39,3),  (42,3),  (18,3),  (48,3),  (51,3),  (52,3),  (53,7), 


[Timing] Time passed: 240.016208 s

Posterior Probability: -170.1777982
Agreement with demo: 7.9%
Current angular diffs: 1.1e+02'

Selected number of demos: 19

-- Positive Demos --
 (520,3),  (497,3),  (416,5),  (360,4),  (300,2),  (266,2),  (235,2),  (229,2),  (199,4),  (142,0),  (114,0),  (86,5),  (33,3),  (36,3),  (41,3),  (20,3),  (50,3),  (53,7),  (82,2), 


[Timing] Time passed: 235.290882 s

Posterior Probability: -164.5048899
Agreement with demo: 17%
Current angular diffs: 84'

Selected number of demos: 17

-- Positive Demos --
 (517,3),  (520,3),  (497,3),  (416,0),  (302,2),  (268,2),  (232,2),  (229,2),  (171,4),  (142,0),  (59,5),  (37,3),  (42,3),  (18,3),  (51,3),  (52,3),  (82,2), 


[Timing] Time passed: 251.887521 s

Posterior Probability: -141.831046
Agreement with demo: 14%
Current angular diffs: 89'

Selected number of demos: 15

-- Positive Demos --
 (517,3),  (496,3),  (416,5),  (331,4),  (269,2),  (265,2),  (230,2),  (229,2),  (171,4),  (59,5),  (33,3),  (41,3),  (48,3),  (51,3),  (52,3), 


[Timing] Time passed: 252.143206 s

Posterior Probability: -107.4702701
Agreement with demo: 19%
Current angular diffs: 86'

Selected number of demos: 28

-- Positive Demos --
 (517,3),  (520,3),  (521,3),  (497,3),  (499,5),  (416,5),  (360,4),  (302,2),  (300,2),  (299,2),  (266,2),  (235,2),  (234,2),  (232,2),  (230,2),  (229,2),  (142,0),  (86,5),  (33,3),  (34,3),  (39,3),  (41,3),  (44,3),  (18,3),  (50,3),  (52,3),  (53,7),  (82,2), 


[Timing] Time passed: 239.252305 s

Posterior Probability: -268.2600693
Agreement with demo: 16%
Current angular diffs: 90'

Selected number of demos: 53

-- Positive Demos --
 (517,3),  (518,3),  (520,3),  (521,3),  (523,3),  (496,3),  (497,3),  (499,5),  (471,5),  (444,5),  (416,5),  (416,0),  (390,4),  (360,4),  (332,4),  (331,4),  (302,2),  (300,2),  (299,2),  (269,2),  (268,2),  (266,2),  (265,2),  (235,2),  (234,2),  (232,2),  (230,2),  (229,2),  (199,4),  (171,4),  (142,0),  (114,0),  (86,5),  (59,5),  (60,3),  (33,3),  (34,3),  (36,3),  (37,3),  (39,3),  (41,3),  (42,3),  (44,3),  (18,3),  (20,3),  (48,3),  (50,3),  (51,3),  (52,3),  (53,7),  (82,2), 


[Timing] Time passed: 246.946401 s

Posterior Probability: -296.3208818
Agreement with demo: 13%
Current angular diffs: 95'

Selected number of demos: 19

-- Positive Demos --
 (521,3),  (496,3),  (444,5),  (416,5),  (360,4),  (302,2),  (269,2),  (266,2),  (265,2),  (234,2),  (199,4),  (114,0),  (60,3),  (37,3),  (41,3),  (44,3),  (48,3),  (53,7), 


[Timing] Time passed: 233.426594 s

Posterior Probability: -99.45844863
Agreement with demo: 14%
Current angular diffs: 92'

Selected number of demos: 35

-- Positive Demos --
 (517,3),  (520,3),  (523,3),  (497,3),  (471,5),  (444,5),  (416,5),  (390,4),  (360,4),  (331,4),  (302,2),  (300,2),  (269,2),  (268,2),  (265,2),  (234,2),  (232,2),  (230,2),  (229,2),  (199,4),  (142,0),  (114,0),  (59,5),  (60,3),  (33,3),  (36,3),  (37,3),  (41,3),  (44,3),  (18,3),  (48,3),  (51,3),  (53,7),  (82,2), 


[Timing] Time passed: 227.772715 s

Posterior Probability: -197.2613035
Agreement with demo: 17%
Current angular diffs: 87'

Selected number of demos: 14

-- Positive Demos --
 (518,3),  (523,3),  (444,5),  (416,0),  (302,2),  (299,2),  (265,2),  (232,2),  (229,2),  (142,0),  (33,3),  (41,3),  (20,3),  (52,3), 


[Timing] Time passed: 232.229675 s

Posterior Probability: -154.8495269
Agreement with demo: 14%
Current angular diffs: 91'

Selected number of demos: 21

-- Positive Demos --
 (517,3),  (521,3),  (497,3),  (499,5),  (444,5),  (360,4),  (332,4),  (299,2),  (265,2),  (235,2),  (234,2),  (229,2),  (171,4),  (114,0),  (33,3),  (36,3),  (37,3),  (42,3),  (20,3),  (51,3),  (53,7), 


[Timing] Time passed: 216.56439 s

Posterior Probability: -301.0629134
Agreement with demo: 14%
Current angular diffs: 86'

Selected number of demos: 23

-- Positive Demos --
 (520,3),  (523,3),  (499,5),  (471,5),  (416,0),  (332,4),  (302,2),  (299,2),  (266,2),  (235,2),  (232,2),  (229,2),  (199,4),  (142,0),  (59,5),  (33,3),  (37,3),  (39,3),  (42,3),  (20,3),  (51,3),  (53,7),  (82,2), 


[Timing] Time passed: 224.661989 s

Posterior Probability: -151.1892005
Agreement with demo: 11%
Current angular diffs: 96'

Selected number of demos: 53

-- Positive Demos --
 (517,3),  (518,3),  (520,3),  (521,3),  (523,3),  (496,3),  (497,3),  (499,5),  (471,5),  (444,5),  (416,5),  (416,0),  (390,4),  (360,4),  (332,4),  (331,4),  (302,2),  (300,2),  (299,2),  (269,2),  (268,2),  (266,2),  (265,2),  (235,2),  (234,2),  (232,2),  (230,2),  (229,2),  (199,4),  (171,4),  (142,0),  (114,0),  (86,5),  (59,5),  (60,3),  (33,3),  (34,3),  (36,3),  (37,3),  (39,3),  (41,3),  (42,3),  (44,3),  (18,3),  (20,3),  (48,3),  (50,3),  (51,3),  (52,3),  (53,7),  (82,2), 


[Timing] Time passed: 226.619872 s

Posterior Probability: -180.5973051
Agreement with demo: 13%
Current angular diffs: 83'

Selected number of demos: 53

-- Positive Demos --
 (517,3),  (518,3),  (520,3),  (521,3),  (523,3),  (496,3),  (497,3),  (499,5),  (471,5),  (444,5),  (416,5),  (416,0),  (390,4),  (360,4),  (332,4),  (331,4),  (302,2),  (300,2),  (299,2),  (269,2),  (268,2),  (266,2),  (265,2),  (235,2),  (234,2),  (232,2),  (230,2),  (229,2),  (199,4),  (171,4),  (142,0),  (114,0),  (86,5),  (59,5),  (60,3),  (33,3),  (34,3),  (36,3),  (37,3),  (39,3),  (41,3),  (42,3),  (44,3),  (18,3),  (20,3),  (48,3),  (50,3),  (51,3),  (52,3),  (53,7),  (82,2), 


[Timing] Time passed: 229.804198 s

Posterior Probability: -364.8445253
Agreement with demo: 13%
Current angular diffs: 89'

Selected number of demos: 34

-- Positive Demos --
 (517,3),  (520,3),  (521,3),  (523,3),  (497,3),  (499,5),  (444,5),  (416,5),  (416,0),  (390,4),  (332,4),  (302,2),  (299,2),  (269,2),  (266,2),  (235,2),  (232,2),  (230,2),  (229,2),  (171,4),  (142,0),  (86,5),  (60,3),  (33,3),  (34,3),  (37,3),  (39,3),  (41,3),  (44,3),  (20,3),  (50,3),  (52,3),  (53,7),  (82,2), 


[Timing] Time passed: 225.566501 s

Posterior Probability: -292.5677299
Agreement with demo: 19%
Current angular diffs: 86'

Selected number of demos: 53

-- Positive Demos --
 (517,3),  (518,3),  (520,3),  (521,3),  (523,3),  (496,3),  (497,3),  (499,5),  (471,5),  (444,5),  (416,5),  (416,0),  (390,4),  (360,4),  (332,4),  (331,4),  (302,2),  (300,2),  (299,2),  (269,2),  (268,2),  (266,2),  (265,2),  (235,2),  (234,2),  (232,2),  (230,2),  (229,2),  (199,4),  (171,4),  (142,0),  (114,0),  (86,5),  (59,5),  (60,3),  (33,3),  (34,3),  (36,3),  (37,3),  (39,3),  (41,3),  (42,3),  (44,3),  (18,3),  (20,3),  (48,3),  (50,3),  (51,3),  (52,3),  (53,7),  (82,2), 


[Timing] Time passed: 202.960256 s

Posterior Probability: -298.9052469
Agreement with demo: 13%
Current angular diffs: 91'

Selected number of demos: 21

-- Positive Demos --
 (517,3),  (523,3),  (499,5),  (471,5),  (416,0),  (331,4),  (302,2),  (269,2),  (268,2),  (234,2),  (232,2),  (229,2),  (142,0),  (60,3),  (33,3),  (39,3),  (41,3),  (44,3),  (48,3),  (52,3),  (53,7), 


[Timing] Time passed: 208.762463 s

Posterior Probability: -219.7583633
Agreement with demo: 14%
Current angular diffs: 94'

Selected number of demos: 23

-- Positive Demos --
 (520,3),  (523,3),  (496,3),  (444,5),  (416,0),  (331,4),  (302,2),  (269,2),  (268,2),  (266,2),  (235,2),  (232,2),  (229,2),  (171,4),  (142,0),  (114,0),  (60,3),  (34,3),  (36,3),  (41,3),  (18,3),  (20,3),  (52,3), 


[Timing] Time passed: 198.106201 s

Posterior Probability: -53.64093464
Agreement with demo: 3.2%
Current angular diffs: 1e+02'

Selected number of demos: 22

-- Positive Demos --
 (518,3),  (520,3),  (523,3),  (497,3),  (416,5),  (332,4),  (300,2),  (299,2),  (269,2),  (268,2),  (235,2),  (232,2),  (229,2),  (142,0),  (60,3),  (34,3),  (36,3),  (42,3),  (18,3),  (51,3),  (52,3),  (82,2), 


[Timing] Time passed: 187.523705 s

Posterior Probability: -484.7652065
Agreement with demo: 11%
Current angular diffs: 86'

Selected number of demos: 18

-- Positive Demos --
 (520,3),  (523,3),  (471,5),  (444,5),  (360,4),  (331,4),  (300,2),  (299,2),  (266,2),  (232,2),  (171,4),  (142,0),  (59,5),  (36,3),  (39,3),  (18,3),  (20,3),  (52,3), 


[Timing] Time passed: 176.385925 s

Posterior Probability: -42.82494467
Agreement with demo: 11%
Current angular diffs: 86'

-----------------------------
Avg angular diffs: 83'
-- learned weights --
Feature Weights: 0.01375, -0.54375, -0.1135, -0.1, 
