loading features...

Initializing gridworld of size 28 by 22..
    Num states: 616
    Num actions: 8

Total number of demos: 59

Selected number of demos: 59

-- Positive Demos --
 (533,3),  (534,3),  (535,3),  (536,3),  (537,3),  (511,3),  (513,3),  (514,3),  (516,3),  (517,3),  (519,3),  (520,3),  (522,3),  (495,3),  (497,5),  (470,5),  (471,5),  (444,0),  (415,0),  (359,0),  (332,4),  (303,4),  (302,2),  (273,2),  (271,2),  (242,2),  (240,2),  (238,2),  (237,2),  (235,2),  (233,2),  (203,2),  (201,2),  (173,4),  (172,4),  (115,0),  (87,5),  (59,5),  (60,3),  (33,3),  (34,3),  (36,3),  (37,3),  (39,3),  (40,3),  (42,3),  (43,3),  (45,3),  (46,3),  (48,3),  (78,3),  (80,3),  (52,3),  (53,3),  (83,7),  (113,2),  (112,4), 


[Timing] Time passed: 1068.26873 s

Posterior Probability: -685.9388653
Agreement with demo: 9%
Current angular diffs: 88'

Selected number of demos: 59

-- Positive Demos --
 (533,3),  (534,3),  (535,3),  (536,3),  (537,3),  (511,3),  (513,3),  (514,3),  (516,3),  (517,3),  (519,3),  (520,3),  (522,3),  (495,3),  (497,5),  (470,5),  (471,5),  (444,0),  (415,0),  (359,0),  (332,4),  (303,4),  (302,2),  (273,2),  (271,2),  (242,2),  (240,2),  (238,2),  (237,2),  (235,2),  (233,2),  (203,2),  (201,2),  (173,4),  (172,4),  (115,0),  (87,5),  (59,5),  (60,3),  (33,3),  (34,3),  (36,3),  (37,3),  (39,3),  (40,3),  (42,3),  (43,3),  (45,3),  (46,3),  (48,3),  (78,3),  (80,3),  (52,3),  (53,3),  (83,7),  (113,2),  (112,4), 


[Timing] Time passed: 993.088859 s

Posterior Probability: -255.9985954
Agreement with demo: 3%
Current angular diffs: 93'

Selected number of demos: 59

-- Positive Demos --
 (533,3),  (534,3),  (535,3),  (536,3),  (537,3),  (511,3),  (513,3),  (514,3),  (516,3),  (517,3),  (519,3),  (520,3),  (522,3),  (495,3),  (497,5),  (470,5),  (471,5),  (444,0),  (415,0),  (359,0),  (332,4),  (303,4),  (302,2),  (273,2),  (271,2),  (242,2),  (240,2),  (238,2),  (237,2),  (235,2),  (233,2),  (203,2),  (201,2),  (173,4),  (172,4),  (115,0),  (87,5),  (59,5),  (60,3),  (33,3),  (34,3),  (36,3),  (37,3),  (39,3),  (40,3),  (42,3),  (43,3),  (45,3),  (46,3),  (48,3),  (78,3),  (80,3),  (52,3),  (53,3),  (83,7),  (113,2),  (112,4), 


[Timing] Time passed: 965.135308 s

Posterior Probability: -337.3597785
Agreement with demo: 19%
Current angular diffs: 79'

Selected number of demos: 23

-- Positive Demos --
 (533,3),  (536,3),  (537,3),  (514,3),  (520,3),  (497,5),  (470,5),  (471,5),  (332,4),  (271,2),  (237,2),  (235,2),  (201,2),  (173,4),  (87,5),  (60,3),  (36,3),  (37,3),  (42,3),  (43,3),  (78,3),  (80,3),  (113,2), 


[Timing] Time passed: 936.003007 s

Posterior Probability: -149.990807
Agreement with demo: 4.5%
Current angular diffs: 91'

Selected number of demos: 30

-- Positive Demos --
 (533,3),  (535,3),  (537,3),  (513,3),  (514,3),  (516,3),  (520,3),  (522,3),  (497,5),  (471,5),  (444,0),  (332,4),  (303,4),  (273,2),  (271,2),  (240,2),  (238,2),  (235,2),  (201,2),  (172,4),  (59,5),  (60,3),  (36,3),  (40,3),  (42,3),  (46,3),  (78,3),  (80,3),  (53,3),  (113,2), 


[Timing] Time passed: 920.669993 s

Posterior Probability: -94.61776401
Agreement with demo: 16%
Current angular diffs: 87'

Selected number of demos: 41

-- Positive Demos --
 (533,3),  (535,3),  (537,3),  (513,3),  (514,3),  (516,3),  (519,3),  (522,3),  (497,5),  (470,5),  (471,5),  (415,0),  (359,0),  (332,4),  (302,2),  (273,2),  (242,2),  (240,2),  (238,2),  (235,2),  (203,2),  (201,2),  (173,4),  (172,4),  (115,0),  (87,5),  (60,3),  (33,3),  (36,3),  (39,3),  (40,3),  (42,3),  (43,3),  (46,3),  (78,3),  (52,3),  (53,3),  (83,7),  (113,2),  (112,4), 


[Timing] Time passed: 895.565875 s

Posterior Probability: -578.9287704
Agreement with demo: 9%
Current angular diffs: 85'

Selected number of demos: 31

-- Positive Demos --
 (533,3),  (534,3),  (537,3),  (513,3),  (514,3),  (516,3),  (519,3),  (522,3),  (497,5),  (471,5),  (444,0),  (359,0),  (302,2),  (242,2),  (237,2),  (235,2),  (233,2),  (173,4),  (172,4),  (87,5),  (59,5),  (33,3),  (36,3),  (37,3),  (39,3),  (42,3),  (46,3),  (80,3),  (52,3),  (113,2),  (112,4), 


[Timing] Time passed: 873.582306 s

Posterior Probability: -121.0743578
Agreement with demo: 9%
Current angular diffs: 90'

Selected number of demos: 30

-- Positive Demos --
 (534,3),  (535,3),  (511,3),  (513,3),  (514,3),  (517,3),  (522,3),  (497,5),  (444,0),  (415,0),  (332,4),  (303,4),  (273,2),  (242,2),  (237,2),  (233,2),  (203,2),  (201,2),  (173,4),  (87,5),  (33,3),  (34,3),  (39,3),  (42,3),  (45,3),  (48,3),  (80,3),  (83,7),  (113,2), 


[Timing] Time passed: 908.835233 s

Posterior Probability: -84.60526998
Agreement with demo: 9%
Current angular diffs: 93'

Selected number of demos: 18

-- Positive Demos --
 (536,3),  (511,3),  (516,3),  (495,3),  (444,0),  (359,0),  (303,4),  (242,2),  (240,2),  (237,2),  (201,2),  (115,0),  (34,3),  (37,3),  (43,3),  (48,3),  (52,3),  (112,4), 


[Timing] Time passed: 874.619601 s

Posterior Probability: -180.3774463
Agreement with demo: 4.5%
Current angular diffs: 89'

Selected number of demos: 16

-- Positive Demos --
 (536,3),  (513,3),  (520,3),  (470,5),  (415,0),  (332,4),  (273,2),  (240,2),  (235,2),  (173,4),  (87,5),  (34,3),  (39,3),  (45,3),  (48,3),  (83,7), 


[Timing] Time passed: 834.378246 s

Posterior Probability: -39.15094672
Agreement with demo: 9%
Current angular diffs: 83'

-----------------------------
Avg angular diffs: 79'
-- learned weights --
Feature Weights: 0.00125, 0.4845, 0.08175, -0.1, 
