loading features...

Initializing gridworld of size 28 by 22..
    Num states: 616
    Num actions: 8

Total number of demos: 48

Selected number of demos: 17

-- Positive Demos --
 (507,3),  (510,3),  (519,3),  (470,5),  (443,0),  (330,2),  (298,2),  (296,2),  (266,2),  (202,2),  (200,4),  (87,5),  (66,3),  (70,3),  (71,3),  (48,3),  (53,3), 


[Timing] Time passed: 671.611876 s

Posterior Probability: -64.41135553
Agreement with demo: 8.9%
Current angular diffs: 87'

Selected number of demos: 18

-- Positive Demos --
 (509,3),  (516,3),  (519,3),  (521,3),  (470,5),  (330,2),  (296,2),  (265,2),  (235,2),  (143,0),  (60,3),  (66,3),  (70,3),  (71,3),  (73,3),  (46,3),  (52,3),  (55,4), 


[Timing] Time passed: 524.136733 s

Posterior Probability: -60.84298303
Agreement with demo: 8.9%
Current angular diffs: 91'

Selected number of demos: 48

-- Positive Demos --
 (478,7),  (507,3),  (509,3),  (510,3),  (512,3),  (514,3),  (516,3),  (517,3),  (519,3),  (521,3),  (523,3),  (497,5),  (470,5),  (443,0),  (414,0),  (387,4),  (358,4),  (330,2),  (300,2),  (298,2),  (296,2),  (266,2),  (265,2),  (235,2),  (233,2),  (202,2),  (200,4),  (172,4),  (143,0),  (115,5),  (87,5),  (60,3),  (32,3),  (34,3),  (64,3),  (66,3),  (68,3),  (70,3),  (71,3),  (73,3),  (46,3),  (48,3),  (50,3),  (51,3),  (52,3),  (53,3),  (55,4), 


[Timing] Time passed: 571.803871 s

Posterior Probability: -215.4115557
Agreement with demo: 11%
Current angular diffs: 91'

Selected number of demos: 21

-- Positive Demos --
 (507,3),  (510,3),  (516,3),  (521,3),  (470,5),  (387,4),  (330,2),  (298,2),  (265,2),  (202,2),  (143,0),  (60,3),  (32,3),  (34,3),  (64,3),  (66,3),  (70,3),  (71,3),  (48,3),  (52,3),  (53,3), 


[Timing] Time passed: 597.868217 s

Posterior Probability: -144.152693
Agreement with demo: 6.3%
Current angular diffs: 86'

Selected number of demos: 29

-- Positive Demos --
 (507,3),  (509,3),  (510,3),  (514,3),  (517,3),  (519,3),  (523,3),  (497,5),  (470,5),  (443,0),  (387,4),  (330,2),  (298,2),  (296,2),  (265,2),  (233,2),  (200,4),  (143,0),  (87,5),  (32,3),  (34,3),  (66,3),  (70,3),  (71,3),  (46,3),  (48,3),  (51,3),  (53,3),  (55,4), 


[Timing] Time passed: 445.101181 s

Posterior Probability: -101.3749844
Agreement with demo: 7.6%
Current angular diffs: 99'

Selected number of demos: 48

-- Positive Demos --
 (478,7),  (507,3),  (509,3),  (510,3),  (512,3),  (514,3),  (516,3),  (517,3),  (519,3),  (521,3),  (523,3),  (497,5),  (470,5),  (443,0),  (414,0),  (387,4),  (358,4),  (330,2),  (300,2),  (298,2),  (296,2),  (266,2),  (265,2),  (235,2),  (233,2),  (202,2),  (200,4),  (172,4),  (143,0),  (115,5),  (87,5),  (60,3),  (32,3),  (34,3),  (64,3),  (66,3),  (68,3),  (70,3),  (71,3),  (73,3),  (46,3),  (48,3),  (50,3),  (51,3),  (52,3),  (53,3),  (55,4), 


[Timing] Time passed: 525.207945 s

Posterior Probability: -416.4658498
Agreement with demo: 6.3%
Current angular diffs: 88'

Selected number of demos: 31

-- Positive Demos --
 (507,3),  (509,3),  (510,3),  (512,3),  (514,3),  (517,3),  (519,3),  (523,3),  (470,5),  (414,0),  (358,4),  (330,2),  (300,2),  (298,2),  (266,2),  (235,2),  (233,2),  (202,2),  (172,4),  (115,5),  (60,3),  (34,3),  (64,3),  (66,3),  (68,3),  (71,3),  (46,3),  (48,3),  (50,3),  (52,3),  (55,4), 


[Timing] Time passed: 569.71421 s

Posterior Probability: -344.3275516
Agreement with demo: 7.6%
Current angular diffs: 1.1e+02'

Selected number of demos: 20

-- Positive Demos --
 (507,3),  (510,3),  (512,3),  (516,3),  (521,3),  (497,5),  (470,5),  (414,0),  (387,4),  (300,2),  (266,2),  (235,2),  (200,4),  (115,5),  (32,3),  (34,3),  (68,3),  (73,3),  (50,3),  (52,3), 


[Timing] Time passed: 644.963818 s

Posterior Probability: -136.9402832
Agreement with demo: 14%
Current angular diffs: 87'

Selected number of demos: 16

-- Positive Demos --
 (507,3),  (512,3),  (514,3),  (521,3),  (414,0),  (300,2),  (265,2),  (235,2),  (233,2),  (200,4),  (87,5),  (34,3),  (70,3),  (71,3),  (50,3),  (55,4), 


[Timing] Time passed: 625.580453 s

Posterior Probability: -60.02997576
Agreement with demo: 19%
Current angular diffs: 77'

Selected number of demos: 19

-- Positive Demos --
 (507,3),  (510,3),  (516,3),  (521,3),  (414,0),  (387,4),  (330,2),  (300,2),  (298,2),  (265,2),  (233,2),  (143,0),  (60,3),  (66,3),  (73,3),  (46,3),  (51,3),  (52,3),  (55,4), 


[Timing] Time passed: 609.237897 s

Posterior Probability: -164.0109548
Agreement with demo: 5.1%
Current angular diffs: 1e+02'

Selected number of demos: 14

-- Positive Demos --
 (509,3),  (516,3),  (497,5),  (414,0),  (387,4),  (296,2),  (233,2),  (200,4),  (87,5),  (34,3),  (66,3),  (70,3),  (73,3),  (51,3), 


[Timing] Time passed: 629.712055 s

Posterior Probability: -87.2323795
Agreement with demo: 8.9%
Current angular diffs: 85'

Selected number of demos: 23

-- Positive Demos --
 (478,7),  (509,3),  (510,3),  (514,3),  (519,3),  (521,3),  (497,5),  (414,0),  (330,2),  (296,2),  (265,2),  (233,2),  (200,4),  (143,0),  (115,5),  (32,3),  (34,3),  (64,3),  (70,3),  (71,3),  (46,3),  (51,3),  (55,4), 


[Timing] Time passed: 597.912534 s

Posterior Probability: -220.3554512
Agreement with demo: 6.3%
Current angular diffs: 1.1e+02'

Selected number of demos: 48

-- Positive Demos --
 (478,7),  (507,3),  (509,3),  (510,3),  (512,3),  (514,3),  (516,3),  (517,3),  (519,3),  (521,3),  (523,3),  (497,5),  (470,5),  (443,0),  (414,0),  (387,4),  (358,4),  (330,2),  (300,2),  (298,2),  (296,2),  (266,2),  (265,2),  (235,2),  (233,2),  (202,2),  (200,4),  (172,4),  (143,0),  (115,5),  (87,5),  (60,3),  (32,3),  (34,3),  (64,3),  (66,3),  (68,3),  (70,3),  (71,3),  (73,3),  (46,3),  (48,3),  (50,3),  (51,3),  (52,3),  (53,3),  (55,4), 


[Timing] Time passed: 570.507213 s

Posterior Probability: -620.3367684
Agreement with demo: 11%
Current angular diffs: 1.1e+02'

Selected number of demos: 16

-- Positive Demos --
 (507,3),  (509,3),  (512,3),  (514,3),  (523,3),  (470,5),  (414,0),  (300,2),  (235,2),  (202,2),  (115,5),  (87,5),  (64,3),  (73,3),  (52,3),  (53,3), 


[Timing] Time passed: 582.319518 s

Posterior Probability: -47.98597764
Agreement with demo: 8.9%
Current angular diffs: 97'

-----------------------------
Avg angular diffs: 77'
-- learned weights --
Feature Weights: -0.301, -0.67725, -0.20675, -0.1, 
