loading features...

Initializing gridworld of size 28 by 22..
    Num states: 616
    Num actions: 8

Total number of demos: 50

Selected number of demos: 18

-- Positive Demos --
 (82,6),  (108,6),  (274,1),  (410,6),  (438,6),  (518,2),  (489,0),  (461,0),  (433,0),  (295,0),  (239,0),  (98,4),  (121,6),  (202,1),  (231,1),  (340,6),  (450,6),  (478,1), 


[Timing] Time passed: 676.711419 s

Posterior Probability: -145.9743923
Agreement with demo: 13%
Current angular diffs: 87'

Selected number of demos: 21

-- Positive Demos --
 (82,6),  (135,6),  (246,1),  (274,1),  (356,6),  (438,6),  (493,6),  (519,2),  (489,4),  (461,0),  (322,0),  (239,0),  (210,0),  (126,4),  (95,2),  (121,6),  (258,6),  (368,6),  (478,1),  (506,1), 


[Timing] Time passed: 623.169062 s

Posterior Probability: -94.27990507
Agreement with demo: 9.4%
Current angular diffs: 95'

Selected number of demos: 16

-- Positive Demos --
 (83,0),  (82,6),  (135,6),  (274,1),  (384,6),  (493,6),  (489,4),  (378,0),  (239,0),  (98,4),  (97,2),  (95,2),  (202,1),  (314,6),  (423,6),  (506,1), 


[Timing] Time passed: 557.146208 s

Posterior Probability: -75.89815522
Agreement with demo: 8.2%
Current angular diffs: 99'

Selected number of demos: 50

-- Positive Demos --
 (83,0),  (83,4),  (82,6),  (81,6),  (108,6),  (135,6),  (163,1),  (190,1),  (246,1),  (274,1),  (329,1),  (356,6),  (384,6),  (410,6),  (438,6),  (493,6),  (492,2),  (519,2),  (518,2),  (489,4),  (489,0),  (461,0),  (433,0),  (404,5),  (378,0),  (322,0),  (295,0),  (239,0),  (210,0),  (155,0),  (126,4),  (98,4),  (97,2),  (96,2),  (95,2),  (93,6),  (121,6),  (176,6),  (202,1),  (231,1),  (258,6),  (314,6),  (340,6),  (368,6),  (394,6),  (423,6),  (450,6),  (478,1),  (506,1), 


[Timing] Time passed: 587.672271 s

Posterior Probability: -395.3323461
Agreement with demo: 8.2%
Current angular diffs: 99'

Selected number of demos: 25

-- Positive Demos --
 (83,0),  (82,6),  (108,6),  (190,1),  (246,1),  (329,1),  (356,6),  (384,6),  (493,6),  (518,2),  (489,0),  (404,5),  (295,0),  (210,0),  (155,0),  (126,4),  (96,2),  (95,2),  (93,6),  (176,6),  (231,1),  (258,6),  (368,6),  (450,6),  (478,1), 


[Timing] Time passed: 641.659585 s

Posterior Probability: -383.5775489
Agreement with demo: 13%
Current angular diffs: 92'

Selected number of demos: 31

-- Positive Demos --
 (83,4),  (81,6),  (108,6),  (135,6),  (190,1),  (274,1),  (329,1),  (384,6),  (410,6),  (493,6),  (492,2),  (518,2),  (489,4),  (461,0),  (404,5),  (322,0),  (239,0),  (155,0),  (98,4),  (97,2),  (96,2),  (93,6),  (121,6),  (202,1),  (231,1),  (258,6),  (314,6),  (340,6),  (394,6),  (450,6),  (478,1), 


[Timing] Time passed: 605.394257 s

Posterior Probability: -101.8433257
Agreement with demo: 16%
Current angular diffs: 91'

Selected number of demos: 17

-- Positive Demos --
 (83,4),  (82,6),  (163,1),  (329,1),  (438,6),  (519,2),  (518,2),  (489,0),  (404,5),  (322,0),  (210,0),  (97,2),  (121,6),  (258,6),  (340,6),  (450,6),  (478,1), 


[Timing] Time passed: 634.491901 s

Posterior Probability: -125.8638857
Agreement with demo: 9.4%
Current angular diffs: 98'

Selected number of demos: 16

-- Positive Demos --
 (83,0),  (135,6),  (274,1),  (356,6),  (384,6),  (493,6),  (489,4),  (489,0),  (404,5),  (239,0),  (155,0),  (98,4),  (93,6),  (121,6),  (314,6),  (450,6), 


[Timing] Time passed: 638.590224 s

Posterior Probability: -83.52315122
Agreement with demo: 7.1%
Current angular diffs: 1e+02'

Selected number of demos: 36

-- Positive Demos --
 (83,0),  (83,4),  (81,6),  (135,6),  (190,1),  (274,1),  (356,6),  (384,6),  (410,6),  (438,6),  (492,2),  (518,2),  (489,4),  (489,0),  (461,0),  (404,5),  (378,0),  (322,0),  (239,0),  (155,0),  (126,4),  (98,4),  (97,2),  (96,2),  (95,2),  (93,6),  (121,6),  (176,6),  (202,1),  (231,1),  (314,6),  (340,6),  (368,6),  (394,6),  (450,6),  (478,1), 


[Timing] Time passed: 545.230913 s

Posterior Probability: -398.9963763
Agreement with demo: 7.1%
Current angular diffs: 97'

Selected number of demos: 18

-- Positive Demos --
 (83,0),  (108,6),  (246,1),  (410,6),  (438,6),  (492,2),  (489,4),  (461,0),  (322,0),  (295,0),  (98,4),  (97,2),  (96,2),  (176,6),  (231,1),  (368,6),  (394,6),  (506,1), 


[Timing] Time passed: 642.753049 s

Posterior Probability: -98.54726598
Agreement with demo: 14%
Current angular diffs: 87'

Selected number of demos: 21

-- Positive Demos --
 (82,6),  (81,6),  (108,6),  (246,1),  (274,1),  (410,6),  (492,2),  (518,2),  (489,0),  (404,5),  (322,0),  (295,0),  (210,0),  (126,4),  (97,2),  (121,6),  (231,1),  (340,6),  (394,6),  (478,1),  (506,1), 


[Timing] Time passed: 648.604316 s

Posterior Probability: -132.0406502
Agreement with demo: 11%
Current angular diffs: 88'

Selected number of demos: 24

-- Positive Demos --
 (82,6),  (81,6),  (108,6),  (190,1),  (329,1),  (384,6),  (438,6),  (519,2),  (518,2),  (489,4),  (461,0),  (404,5),  (378,0),  (239,0),  (210,0),  (126,4),  (96,2),  (95,2),  (121,6),  (231,1),  (340,6),  (423,6),  (478,1),  (506,1), 


[Timing] Time passed: 597.235366 s

Posterior Probability: -262.5981974
Agreement with demo: 8.2%
Current angular diffs: 96'

Selected number of demos: 32

-- Positive Demos --
 (83,0),  (82,6),  (81,6),  (135,6),  (190,1),  (274,1),  (356,6),  (410,6),  (493,6),  (492,2),  (519,2),  (489,4),  (461,0),  (433,0),  (378,0),  (322,0),  (239,0),  (155,0),  (98,4),  (97,2),  (95,2),  (93,6),  (121,6),  (176,6),  (202,1),  (231,1),  (314,6),  (368,6),  (423,6),  (450,6),  (478,1),  (506,1), 


[Timing] Time passed: 638.025275 s

Posterior Probability: -216.4300892
Agreement with demo: 5.9%
Current angular diffs: 96'

Selected number of demos: 24

-- Positive Demos --
 (83,4),  (108,6),  (135,6),  (190,1),  (246,1),  (329,1),  (410,6),  (438,6),  (519,2),  (518,2),  (489,0),  (433,0),  (322,0),  (239,0),  (155,0),  (98,4),  (95,2),  (93,6),  (176,6),  (258,6),  (314,6),  (368,6),  (423,6),  (478,1), 


[Timing] Time passed: 485.097866 s

Posterior Probability: -295.0287545
Agreement with demo: 7.1%
Current angular diffs: 1e+02'

Selected number of demos: 16

-- Positive Demos --
 (83,4),  (135,6),  (190,1),  (274,1),  (410,6),  (519,2),  (433,0),  (378,0),  (295,0),  (210,0),  (126,4),  (97,2),  (176,6),  (314,6),  (394,6),  (450,6), 


[Timing] Time passed: 630.252585 s

Posterior Probability: -78.58285394
Agreement with demo: 16%
Current angular diffs: 88'

Selected number of demos: 19

-- Positive Demos --
 (81,6),  (135,6),  (163,1),  (274,1),  (410,6),  (493,6),  (518,2),  (489,0),  (322,0),  (239,0),  (210,0),  (97,2),  (121,6),  (231,1),  (258,6),  (340,6),  (394,6),  (423,6),  (478,1), 


[Timing] Time passed: 357.157055 s

Posterior Probability: -143.3516513
Agreement with demo: 11%
Current angular diffs: 91'

Selected number of demos: 36

-- Positive Demos --
 (83,0),  (82,6),  (108,6),  (135,6),  (190,1),  (246,1),  (274,1),  (356,6),  (384,6),  (410,6),  (493,6),  (492,2),  (519,2),  (518,2),  (489,0),  (433,0),  (404,5),  (322,0),  (295,0),  (239,0),  (210,0),  (155,0),  (126,4),  (98,4),  (97,2),  (95,2),  (93,6),  (176,6),  (231,1),  (258,6),  (314,6),  (340,6),  (394,6),  (450,6),  (478,1),  (506,1), 


[Timing] Time passed: 436.368793 s

Posterior Probability: -117.77814
Agreement with demo: 9.4%
Current angular diffs: 97'

Selected number of demos: 50

-- Positive Demos --
 (83,0),  (83,4),  (82,6),  (81,6),  (108,6),  (135,6),  (163,1),  (190,1),  (246,1),  (274,1),  (329,1),  (356,6),  (384,6),  (410,6),  (438,6),  (493,6),  (492,2),  (519,2),  (518,2),  (489,4),  (489,0),  (461,0),  (433,0),  (404,5),  (378,0),  (322,0),  (295,0),  (239,0),  (210,0),  (155,0),  (126,4),  (98,4),  (97,2),  (96,2),  (95,2),  (93,6),  (121,6),  (176,6),  (202,1),  (231,1),  (258,6),  (314,6),  (340,6),  (368,6),  (394,6),  (423,6),  (450,6),  (478,1),  (506,1), 


[Timing] Time passed: 489.365698 s

Posterior Probability: -414.3583249
Agreement with demo: 9.4%
Current angular diffs: 94'

Selected number of demos: 29

-- Positive Demos --
 (83,4),  (82,6),  (108,6),  (163,1),  (246,1),  (329,1),  (356,6),  (410,6),  (493,6),  (492,2),  (519,2),  (489,4),  (461,0),  (404,5),  (322,0),  (239,0),  (210,0),  (126,4),  (98,4),  (96,2),  (93,6),  (121,6),  (202,1),  (258,6),  (340,6),  (394,6),  (423,6),  (478,1), 


[Timing] Time passed: 442.271106 s

Posterior Probability: -279.6226632
Agreement with demo: 12%
Current angular diffs: 88'

Selected number of demos: 25

-- Positive Demos --
 (83,0),  (82,6),  (108,6),  (163,1),  (274,1),  (356,6),  (410,6),  (493,6),  (519,2),  (518,2),  (489,4),  (489,0),  (404,5),  (322,0),  (210,0),  (155,0),  (126,4),  (97,2),  (96,2),  (121,6),  (231,1),  (340,6),  (368,6),  (450,6),  (506,1), 


[Timing] Time passed: 350.920483 s

Posterior Probability: -288.5648135
Agreement with demo: 13%
Current angular diffs: 88'

Selected number of demos: 18

-- Positive Demos --
 (83,4),  (82,6),  (135,6),  (246,1),  (356,6),  (438,6),  (518,2),  (489,4),  (404,5),  (295,0),  (155,0),  (97,2),  (121,6),  (202,1),  (314,6),  (394,6),  (450,6),  (478,1), 


[Timing] Time passed: 370.416752 s

Posterior Probability: -301.5206043
Agreement with demo: 8.2%
Current angular diffs: 94'

Selected number of demos: 19

-- Positive Demos --
 (81,6),  (108,6),  (163,1),  (190,1),  (246,1),  (329,1),  (356,6),  (438,6),  (519,2),  (489,0),  (404,5),  (239,0),  (155,0),  (97,2),  (93,6),  (121,6),  (258,6),  (394,6),  (478,1), 


[Timing] Time passed: 353.034194 s

Posterior Probability: -223.783983
Agreement with demo: 11%
Current angular diffs: 1e+02'

Selected number of demos: 18

-- Positive Demos --
 (83,0),  (135,6),  (190,1),  (274,1),  (384,6),  (492,2),  (489,4),  (461,0),  (378,0),  (322,0),  (210,0),  (126,4),  (98,4),  (93,6),  (231,1),  (314,6),  (394,6),  (506,1), 


[Timing] Time passed: 488.891227 s

Posterior Probability: -140.4065275
Agreement with demo: 11%
Current angular diffs: 90'

Selected number of demos: 25

-- Positive Demos --
 (82,6),  (81,6),  (135,6),  (190,1),  (246,1),  (329,1),  (384,6),  (493,6),  (518,2),  (489,0),  (433,0),  (322,0),  (295,0),  (210,0),  (98,4),  (96,2),  (95,2),  (93,6),  (202,1),  (258,6),  (314,6),  (368,6),  (394,6),  (450,6),  (506,1), 


[Timing] Time passed: 468.719469 s

Posterior Probability: -194.2682515
Agreement with demo: 11%
Current angular diffs: 88'

Selected number of demos: 33

-- Positive Demos --
 (83,0),  (83,4),  (81,6),  (108,6),  (163,1),  (190,1),  (274,1),  (356,6),  (410,6),  (438,6),  (493,6),  (519,2),  (518,2),  (489,4),  (489,0),  (433,0),  (404,5),  (322,0),  (295,0),  (210,0),  (126,4),  (98,4),  (97,2),  (95,2),  (121,6),  (202,1),  (231,1),  (258,6),  (314,6),  (368,6),  (394,6),  (450,6),  (478,1), 


[Timing] Time passed: 390.350555 s

Posterior Probability: -136.3947503
Agreement with demo: 5.9%
Current angular diffs: 98'

Selected number of demos: 25

-- Positive Demos --
 (83,4),  (108,6),  (190,1),  (329,1),  (384,6),  (493,6),  (518,2),  (461,0),  (433,0),  (404,5),  (322,0),  (295,0),  (239,0),  (210,0),  (98,4),  (96,2),  (93,6),  (202,1),  (258,6),  (340,6),  (423,6),  (450,6),  (478,1),  (506,1), 


[Timing] Time passed: 465.314688 s

Posterior Probability: -302.0439876
Agreement with demo: 15%
Current angular diffs: 85'

Selected number of demos: 27

-- Positive Demos --
 (83,0),  (83,4),  (108,6),  (190,1),  (329,1),  (356,6),  (384,6),  (410,6),  (438,6),  (519,2),  (518,2),  (489,0),  (461,0),  (404,5),  (378,0),  (295,0),  (155,0),  (126,4),  (98,4),  (95,2),  (176,6),  (202,1),  (258,6),  (368,6),  (394,6),  (450,6),  (506,1), 


[Timing] Time passed: 421.295234 s

Posterior Probability: -173.1007295
Agreement with demo: 13%
Current angular diffs: 92'

Selected number of demos: 36

-- Positive Demos --
 (83,4),  (82,6),  (81,6),  (135,6),  (163,1),  (190,1),  (246,1),  (329,1),  (356,6),  (410,6),  (493,6),  (492,2),  (519,2),  (489,4),  (489,0),  (433,0),  (378,0),  (295,0),  (239,0),  (210,0),  (155,0),  (98,4),  (96,2),  (93,6),  (121,6),  (176,6),  (231,1),  (258,6),  (314,6),  (340,6),  (368,6),  (394,6),  (423,6),  (450,6),  (478,1),  (506,1), 


[Timing] Time passed: 499.430268 s

Posterior Probability: -304.2107851
Agreement with demo: 15%
Current angular diffs: 80'

Selected number of demos: 34

-- Positive Demos --
 (83,0),  (83,4),  (82,6),  (108,6),  (135,6),  (163,1),  (190,1),  (274,1),  (356,6),  (384,6),  (438,6),  (492,2),  (519,2),  (489,4),  (489,0),  (461,0),  (404,5),  (378,0),  (295,0),  (210,0),  (155,0),  (98,4),  (97,2),  (96,2),  (93,6),  (176,6),  (231,1),  (258,6),  (314,6),  (340,6),  (368,6),  (394,6),  (450,6),  (478,1), 


[Timing] Time passed: 390.315944 s

Posterior Probability: -148.3746182
Agreement with demo: 4.7%
Current angular diffs: 96'

Selected number of demos: 33

-- Positive Demos --
 (83,4),  (82,6),  (108,6),  (163,1),  (190,1),  (274,1),  (356,6),  (410,6),  (438,6),  (493,6),  (492,2),  (519,2),  (489,4),  (489,0),  (433,0),  (404,5),  (322,0),  (239,0),  (155,0),  (126,4),  (97,2),  (95,2),  (93,6),  (121,6),  (176,6),  (231,1),  (314,6),  (340,6),  (368,6),  (394,6),  (450,6),  (478,1),  (506,1), 


[Timing] Time passed: 403.417047 s

Posterior Probability: -339.719672
Agreement with demo: 11%
Current angular diffs: 93'

Selected number of demos: 20

-- Positive Demos --
 (82,6),  (81,6),  (163,1),  (329,1),  (356,6),  (493,6),  (518,2),  (489,4),  (404,5),  (378,0),  (322,0),  (295,0),  (126,4),  (95,2),  (93,6),  (202,1),  (314,6),  (368,6),  (478,1), 


[Timing] Time passed: 442.153913 s

Posterior Probability: -245.9037455
Agreement with demo: 9.4%
Current angular diffs: 96'

Selected number of demos: 35

-- Positive Demos --
 (83,0),  (83,4),  (81,6),  (108,6),  (135,6),  (163,1),  (190,1),  (246,1),  (329,1),  (384,6),  (438,6),  (492,2),  (519,2),  (518,2),  (489,4),  (461,0),  (433,0),  (404,5),  (322,0),  (239,0),  (210,0),  (126,4),  (97,2),  (96,2),  (93,6),  (176,6),  (231,1),  (258,6),  (314,6),  (340,6),  (368,6),  (394,6),  (423,6),  (478,1), 


[Timing] Time passed: 468.566002 s

Posterior Probability: -221.8332636
Agreement with demo: 13%
Current angular diffs: 90'

Selected number of demos: 50

-- Positive Demos --
 (83,0),  (83,4),  (82,6),  (81,6),  (108,6),  (135,6),  (163,1),  (190,1),  (246,1),  (274,1),  (329,1),  (356,6),  (384,6),  (410,6),  (438,6),  (493,6),  (492,2),  (519,2),  (518,2),  (489,4),  (489,0),  (461,0),  (433,0),  (404,5),  (378,0),  (322,0),  (295,0),  (239,0),  (210,0),  (155,0),  (126,4),  (98,4),  (97,2),  (96,2),  (95,2),  (93,6),  (121,6),  (176,6),  (202,1),  (231,1),  (258,6),  (314,6),  (340,6),  (368,6),  (394,6),  (423,6),  (450,6),  (478,1),  (506,1), 


[Timing] Time passed: 435.90693 s

Posterior Probability: -161.8495349
Agreement with demo: 18%
Current angular diffs: 89'

Selected number of demos: 23

-- Positive Demos --
 (83,0),  (81,6),  (163,1),  (190,1),  (329,1),  (356,6),  (384,6),  (410,6),  (438,6),  (519,2),  (518,2),  (461,0),  (378,0),  (295,0),  (155,0),  (97,2),  (93,6),  (121,6),  (176,6),  (231,1),  (340,6),  (394,6),  (478,1), 


[Timing] Time passed: 362.230663 s

Posterior Probability: -335.3456497
Agreement with demo: 9.4%
Current angular diffs: 92'

Selected number of demos: 50

-- Positive Demos --
 (83,0),  (83,4),  (82,6),  (81,6),  (108,6),  (135,6),  (163,1),  (190,1),  (246,1),  (274,1),  (329,1),  (356,6),  (384,6),  (410,6),  (438,6),  (493,6),  (492,2),  (519,2),  (518,2),  (489,4),  (489,0),  (461,0),  (433,0),  (404,5),  (378,0),  (322,0),  (295,0),  (239,0),  (210,0),  (155,0),  (126,4),  (98,4),  (97,2),  (96,2),  (95,2),  (93,6),  (121,6),  (176,6),  (202,1),  (231,1),  (258,6),  (314,6),  (340,6),  (368,6),  (394,6),  (423,6),  (450,6),  (478,1),  (506,1), 


[Timing] Time passed: 358.331732 s

Posterior Probability: -394.5086277
Agreement with demo: 14%
Current angular diffs: 82'

Selected number of demos: 25

-- Positive Demos --
 (83,4),  (108,6),  (135,6),  (163,1),  (274,1),  (356,6),  (410,6),  (493,6),  (492,2),  (519,2),  (489,0),  (461,0),  (433,0),  (378,0),  (295,0),  (155,0),  (126,4),  (96,2),  (93,6),  (202,1),  (231,1),  (314,6),  (394,6),  (478,1),  (506,1), 


[Timing] Time passed: 455.892983 s

Posterior Probability: -90.35327974
Agreement with demo: 11%
Current angular diffs: 98'

Selected number of demos: 23

-- Positive Demos --
 (83,0),  (81,6),  (108,6),  (163,1),  (274,1),  (329,1),  (356,6),  (438,6),  (519,2),  (489,4),  (489,0),  (404,5),  (295,0),  (239,0),  (210,0),  (98,4),  (95,2),  (93,6),  (202,1),  (314,6),  (368,6),  (394,6),  (478,1), 


[Timing] Time passed: 416.613827 s

Posterior Probability: -232.6685189
Agreement with demo: 11%
Current angular diffs: 91'

Selected number of demos: 22

-- Positive Demos --
 (82,6),  (135,6),  (163,1),  (190,1),  (274,1),  (410,6),  (519,2),  (518,2),  (489,0),  (461,0),  (433,0),  (295,0),  (126,4),  (95,2),  (121,6),  (202,1),  (231,1),  (258,6),  (340,6),  (394,6),  (423,6),  (506,1), 


[Timing] Time passed: 360.177002 s

Posterior Probability: -189.9152042
Agreement with demo: 12%
Current angular diffs: 92'

Selected number of demos: 21

-- Positive Demos --
 (82,6),  (135,6),  (246,1),  (356,6),  (438,6),  (493,6),  (518,2),  (461,0),  (378,0),  (322,0),  (239,0),  (155,0),  (97,2),  (95,2),  (93,6),  (202,1),  (314,6),  (340,6),  (368,6),  (450,6),  (506,1), 


[Timing] Time passed: 408.844919 s

Posterior Probability: -250.3018145
Agreement with demo: 12%
Current angular diffs: 95'

Selected number of demos: 23

-- Positive Demos --
 (82,6),  (163,1),  (274,1),  (384,6),  (410,6),  (492,2),  (489,0),  (433,0),  (404,5),  (322,0),  (239,0),  (210,0),  (126,4),  (96,2),  (93,6),  (121,6),  (176,6),  (231,1),  (368,6),  (394,6),  (450,6),  (478,1),  (506,1), 


[Timing] Time passed: 464.860952 s

Posterior Probability: -126.4268446
Agreement with demo: 12%
Current angular diffs: 90'

Selected number of demos: 50

-- Positive Demos --
 (83,0),  (83,4),  (82,6),  (81,6),  (108,6),  (135,6),  (163,1),  (190,1),  (246,1),  (274,1),  (329,1),  (356,6),  (384,6),  (410,6),  (438,6),  (493,6),  (492,2),  (519,2),  (518,2),  (489,4),  (489,0),  (461,0),  (433,0),  (404,5),  (378,0),  (322,0),  (295,0),  (239,0),  (210,0),  (155,0),  (126,4),  (98,4),  (97,2),  (96,2),  (95,2),  (93,6),  (121,6),  (176,6),  (202,1),  (231,1),  (258,6),  (314,6),  (340,6),  (368,6),  (394,6),  (423,6),  (450,6),  (478,1),  (506,1), 


[Timing] Time passed: 543.73288 s

Posterior Probability: -348.5070726
Agreement with demo: 11%
Current angular diffs: 92'

Selected number of demos: 23

-- Positive Demos --
 (82,6),  (135,6),  (190,1),  (329,1),  (410,6),  (438,6),  (493,6),  (518,2),  (489,4),  (489,0),  (404,5),  (378,0),  (239,0),  (155,0),  (98,4),  (97,2),  (93,6),  (176,6),  (258,6),  (340,6),  (368,6),  (450,6),  (478,1), 


[Timing] Time passed: 447.923753 s

Posterior Probability: -228.1516617
Agreement with demo: 5.9%
Current angular diffs: 1e+02'

Selected number of demos: 33

-- Positive Demos --
 (83,4),  (81,6),  (108,6),  (163,1),  (246,1),  (274,1),  (356,6),  (384,6),  (410,6),  (493,6),  (492,2),  (518,2),  (489,4),  (489,0),  (433,0),  (404,5),  (378,0),  (295,0),  (210,0),  (155,0),  (126,4),  (98,4),  (97,2),  (95,2),  (121,6),  (176,6),  (231,1),  (314,6),  (340,6),  (368,6),  (423,6),  (478,1),  (506,1), 


[Timing] Time passed: 437.700833 s

Posterior Probability: -200.0894341
Agreement with demo: 9.4%
Current angular diffs: 1e+02'

Selected number of demos: 50

-- Positive Demos --
 (83,0),  (83,4),  (82,6),  (81,6),  (108,6),  (135,6),  (163,1),  (190,1),  (246,1),  (274,1),  (329,1),  (356,6),  (384,6),  (410,6),  (438,6),  (493,6),  (492,2),  (519,2),  (518,2),  (489,4),  (489,0),  (461,0),  (433,0),  (404,5),  (378,0),  (322,0),  (295,0),  (239,0),  (210,0),  (155,0),  (126,4),  (98,4),  (97,2),  (96,2),  (95,2),  (93,6),  (121,6),  (176,6),  (202,1),  (231,1),  (258,6),  (314,6),  (340,6),  (368,6),  (394,6),  (423,6),  (450,6),  (478,1),  (506,1), 


[Timing] Time passed: 562.772658 s

Posterior Probability: -546.5060085
Agreement with demo: 13%
Current angular diffs: 91'

Selected number of demos: 15

-- Positive Demos --
 (82,6),  (135,6),  (329,1),  (438,6),  (493,6),  (492,2),  (461,0),  (433,0),  (295,0),  (126,4),  (95,2),  (202,1),  (258,6),  (340,6),  (478,1), 


[Timing] Time passed: 516.683225 s

Posterior Probability: -204.6057861
Agreement with demo: 5.9%
Current angular diffs: 1e+02'

Selected number of demos: 15

-- Positive Demos --
 (83,0),  (135,6),  (190,1),  (356,6),  (438,6),  (493,6),  (489,0),  (404,5),  (239,0),  (97,2),  (176,6),  (258,6),  (340,6),  (478,1), 


[Timing] Time passed: 382.95779 s

Posterior Probability: -216.926135
Agreement with demo: 11%
Current angular diffs: 94'

Selected number of demos: 24

-- Positive Demos --
 (83,4),  (82,6),  (81,6),  (135,6),  (163,1),  (274,1),  (384,6),  (438,6),  (493,6),  (518,2),  (461,0),  (404,5),  (322,0),  (210,0),  (126,4),  (98,4),  (97,2),  (93,6),  (202,1),  (258,6),  (340,6),  (368,6),  (423,6),  (478,1), 


[Timing] Time passed: 413.122996 s

Posterior Probability: -152.8649374
Agreement with demo: 9.4%
Current angular diffs: 89'

Selected number of demos: 27

-- Positive Demos --
 (83,0),  (83,4),  (108,6),  (135,6),  (163,1),  (274,1),  (329,1),  (356,6),  (438,6),  (493,6),  (518,2),  (489,0),  (461,0),  (404,5),  (378,0),  (295,0),  (155,0),  (126,4),  (97,2),  (93,6),  (121,6),  (202,1),  (314,6),  (368,6),  (394,6),  (423,6),  (478,1), 


[Timing] Time passed: 339.337942 s

Posterior Probability: -89.19101864
Agreement with demo: 13%
Current angular diffs: 87'

Selected number of demos: 16

-- Positive Demos --
 (108,6),  (163,1),  (246,1),  (356,6),  (438,6),  (518,2),  (433,0),  (404,5),  (322,0),  (155,0),  (95,2),  (121,6),  (176,6),  (231,1),  (394,6),  (450,6), 


[Timing] Time passed: 236.677623 s

Posterior Probability: -207.9329672
Agreement with demo: 9.4%
Current angular diffs: 90'

Selected number of demos: 27

-- Positive Demos --
 (82,6),  (81,6),  (163,1),  (190,1),  (329,1),  (384,6),  (493,6),  (492,2),  (489,4),  (489,0),  (433,0),  (378,0),  (322,0),  (295,0),  (210,0),  (155,0),  (126,4),  (96,2),  (93,6),  (121,6),  (176,6),  (231,1),  (258,6),  (368,6),  (450,6),  (478,1),  (506,1), 


[Timing] Time passed: 198.361387 s

Posterior Probability: -158.7035213
Agreement with demo: 12%
Current angular diffs: 1e+02'

-----------------------------
Avg angular diffs: 80'
-- learned weights --
Feature Weights: -0.7515, -0.50725, -0.58875, -0.1, 
