loading features...

Initializing gridworld of size 28 by 22..
    Num states: 616
    Num actions: 8

Total number of demos: 57

Selected number of demos: 19

-- Positive Demos --
 (539,3),  (542,3),  (550,3),  (528,5),  (500,5),  (444,2),  (442,2),  (441,2),  (440,2),  (436,2),  (435,2),  (375,4),  (231,4),  (173,0),  (145,0),  (90,5),  (37,3),  (40,3),  (48,3), 


[Timing] Time passed: 681.130813 s

Posterior Probability: -98.56374109
Agreement with demo: 11%
Current angular diffs: 99'

Selected number of demos: 24

-- Positive Demos --
 (539,3),  (544,3),  (545,3),  (548,3),  (553,3),  (527,5),  (500,5),  (473,4),  (444,2),  (440,2),  (466,2),  (465,2),  (435,2),  (375,4),  (317,4),  (201,4),  (117,0),  (63,3),  (36,3),  (37,3),  (40,3),  (44,3),  (46,3),  (48,3), 


[Timing] Time passed: 626.925835 s

Posterior Probability: -471.6885911
Agreement with demo: 17%
Current angular diffs: 93'

Selected number of demos: 23

-- Positive Demos --
 (510,7),  (541,3),  (542,3),  (544,3),  (548,3),  (550,3),  (527,5),  (528,5),  (500,5),  (444,2),  (471,2),  (439,2),  (465,2),  (435,2),  (375,4),  (345,4),  (231,4),  (117,0),  (63,5),  (39,3),  (42,3),  (45,3),  (50,3), 


[Timing] Time passed: 537.029565 s

Posterior Probability: -221.1655068
Agreement with demo: 14%
Current angular diffs: 98'

Selected number of demos: 19

-- Positive Demos --
 (539,3),  (547,3),  (548,3),  (527,5),  (528,5),  (500,0),  (444,2),  (442,2),  (466,2),  (436,2),  (403,4),  (260,4),  (173,0),  (89,5),  (90,5),  (39,3),  (44,3),  (45,3),  (50,3), 


[Timing] Time passed: 626.114905 s

Posterior Probability: -60.86692991
Agreement with demo: 13%
Current angular diffs: 88'

Selected number of demos: 38

-- Positive Demos --
 (510,7),  (539,3),  (541,3),  (542,3),  (545,3),  (547,3),  (548,3),  (551,3),  (527,5),  (528,5),  (500,5),  (500,0),  (444,2),  (442,2),  (441,2),  (440,2),  (439,2),  (466,2),  (436,2),  (433,4),  (404,4),  (375,4),  (317,4),  (288,4),  (231,4),  (201,4),  (173,0),  (145,0),  (89,5),  (63,5),  (36,3),  (37,3),  (40,3),  (44,3),  (46,3),  (49,3),  (51,3), 


[Timing] Time passed: 635.247265 s

Posterior Probability: -343.2407112
Agreement with demo: 17%
Current angular diffs: 89'

Selected number of demos: 20

-- Positive Demos --
 (510,7),  (538,3),  (542,3),  (545,3),  (551,3),  (500,0),  (444,2),  (441,2),  (466,2),  (465,2),  (435,2),  (375,4),  (345,4),  (201,4),  (90,5),  (37,3),  (42,3),  (45,3),  (50,3),  (51,3), 


[Timing] Time passed: 611.960305 s

Posterior Probability: -141.6947602
Agreement with demo: 4.2%
Current angular diffs: 83'

Selected number of demos: 27

-- Positive Demos --
 (539,3),  (544,3),  (547,3),  (551,3),  (527,5),  (500,0),  (444,2),  (441,2),  (440,2),  (466,2),  (436,2),  (433,4),  (375,4),  (345,4),  (317,4),  (231,4),  (173,0),  (117,0),  (89,5),  (63,5),  (36,3),  (37,3),  (39,3),  (44,3),  (48,3),  (49,3),  (51,3), 


[Timing] Time passed: 647.85621 s

Posterior Probability: -145.7061726
Agreement with demo: 15%
Current angular diffs: 87'

Selected number of demos: 22

-- Positive Demos --
 (539,3),  (541,3),  (545,3),  (550,3),  (551,3),  (553,3),  (528,5),  (444,2),  (471,2),  (466,2),  (433,4),  (403,4),  (375,4),  (288,4),  (173,0),  (145,0),  (90,5),  (37,3),  (40,3),  (44,3),  (49,3),  (50,3), 


[Timing] Time passed: 532.292279 s

Posterior Probability: -231.9283491
Agreement with demo: 13%
Current angular diffs: 91'

Selected number of demos: 29

-- Positive Demos --
 (510,7),  (541,3),  (544,3),  (547,3),  (551,3),  (527,5),  (528,5),  (500,0),  (444,2),  (471,2),  (442,2),  (440,2),  (465,2),  (433,4),  (404,4),  (403,4),  (375,4),  (288,4),  (231,4),  (201,4),  (145,0),  (89,5),  (63,5),  (63,3),  (39,3),  (40,3),  (44,3),  (46,3),  (49,3), 


[Timing] Time passed: 564.320086 s

Posterior Probability: -203.995484
Agreement with demo: 9.9%
Current angular diffs: 96'

Selected number of demos: 57

-- Positive Demos --
 (510,7),  (538,3),  (539,3),  (541,3),  (542,3),  (544,3),  (545,3),  (547,3),  (548,3),  (550,3),  (551,3),  (553,3),  (527,5),  (528,5),  (500,5),  (500,0),  (473,4),  (444,2),  (471,2),  (442,2),  (441,2),  (440,2),  (439,2),  (466,2),  (465,2),  (436,2),  (435,2),  (433,4),  (404,4),  (403,4),  (375,4),  (345,4),  (317,4),  (288,4),  (260,4),  (231,4),  (201,4),  (173,0),  (145,0),  (117,0),  (89,5),  (90,5),  (63,5),  (63,3),  (36,3),  (37,3),  (39,3),  (40,3),  (42,3),  (44,3),  (45,3),  (46,3),  (48,3),  (49,3),  (50,3),  (51,3), 


[Timing] Time passed: 448.872054 s

Posterior Probability: -509.0231244
Agreement with demo: 13%
Current angular diffs: 90'

Selected number of demos: 37

-- Positive Demos --
 (538,3),  (539,3),  (542,3),  (545,3),  (548,3),  (551,3),  (553,3),  (527,5),  (500,5),  (500,0),  (473,4),  (444,2),  (471,2),  (441,2),  (439,2),  (465,2),  (436,2),  (435,2),  (404,4),  (375,4),  (345,4),  (288,4),  (260,4),  (201,4),  (145,0),  (89,5),  (63,5),  (36,3),  (39,3),  (40,3),  (42,3),  (44,3),  (45,3),  (46,3),  (49,3),  (51,3), 


[Timing] Time passed: 616.014296 s

Posterior Probability: -118.7440935
Agreement with demo: 5.6%
Current angular diffs: 92'

Selected number of demos: 19

-- Positive Demos --
 (541,3),  (547,3),  (551,3),  (528,5),  (500,0),  (473,4),  (442,2),  (439,2),  (435,2),  (433,4),  (345,4),  (231,4),  (145,0),  (89,5),  (63,5),  (36,3),  (37,3),  (44,3),  (49,3), 


[Timing] Time passed: 569.328818 s

Posterior Probability: -92.12121351
Agreement with demo: 13%
Current angular diffs: 85'

Selected number of demos: 38

-- Positive Demos --
 (538,3),  (539,3),  (542,3),  (544,3),  (547,3),  (550,3),  (553,3),  (528,5),  (500,5),  (500,0),  (473,4),  (444,2),  (471,2),  (442,2),  (441,2),  (439,2),  (465,2),  (435,2),  (404,4),  (375,4),  (317,4),  (288,4),  (260,4),  (201,4),  (145,0),  (89,5),  (63,5),  (63,3),  (36,3),  (37,3),  (39,3),  (42,3),  (45,3),  (46,3),  (48,3),  (49,3),  (51,3), 


[Timing] Time passed: 619.322988 s

Posterior Probability: -307.7213546
Agreement with demo: 20%
Current angular diffs: 81'

Selected number of demos: 30

-- Positive Demos --
 (538,3),  (539,3),  (542,3),  (544,3),  (547,3),  (548,3),  (553,3),  (527,5),  (500,0),  (444,2),  (441,2),  (466,2),  (435,2),  (433,4),  (375,4),  (345,4),  (260,4),  (231,4),  (201,4),  (145,0),  (89,5),  (63,5),  (63,3),  (36,3),  (37,3),  (40,3),  (44,3),  (46,3),  (48,3),  (50,3), 


[Timing] Time passed: 529.02334 s

Posterior Probability: -205.7301338
Agreement with demo: 17%
Current angular diffs: 88'

Selected number of demos: 40

-- Positive Demos --
 (510,7),  (538,3),  (541,3),  (542,3),  (545,3),  (547,3),  (548,3),  (551,3),  (527,5),  (528,5),  (500,5),  (473,4),  (444,2),  (442,2),  (441,2),  (440,2),  (439,2),  (466,2),  (465,2),  (435,2),  (433,4),  (404,4),  (375,4),  (345,4),  (317,4),  (288,4),  (231,4),  (201,4),  (145,0),  (89,5),  (90,5),  (63,5),  (63,3),  (36,3),  (37,3),  (40,3),  (42,3),  (45,3),  (48,3),  (50,3), 


[Timing] Time passed: 355.14218 s

Posterior Probability: -400.7727817
Agreement with demo: 11%
Current angular diffs: 97'

Selected number of demos: 23

-- Positive Demos --
 (539,3),  (544,3),  (545,3),  (547,3),  (551,3),  (553,3),  (500,5),  (444,2),  (471,2),  (441,2),  (465,2),  (433,4),  (404,4),  (403,4),  (288,4),  (201,4),  (145,0),  (90,5),  (37,3),  (39,3),  (44,3),  (49,3),  (51,3), 


[Timing] Time passed: 348.147578 s

Posterior Probability: -120.8864788
Agreement with demo: 4.2%
Current angular diffs: 94'

Selected number of demos: 33

-- Positive Demos --
 (538,3),  (539,3),  (541,3),  (542,3),  (545,3),  (548,3),  (550,3),  (551,3),  (527,5),  (500,5),  (500,0),  (444,2),  (471,2),  (441,2),  (439,2),  (465,2),  (435,2),  (404,4),  (375,4),  (317,4),  (288,4),  (260,4),  (201,4),  (145,0),  (117,0),  (90,5),  (63,3),  (37,3),  (39,3),  (42,3),  (45,3),  (48,3),  (50,3), 


[Timing] Time passed: 359.033901 s

Posterior Probability: -149.5689192
Agreement with demo: 14%
Current angular diffs: 82'

Selected number of demos: 22

-- Positive Demos --
 (541,3),  (545,3),  (547,3),  (550,3),  (553,3),  (528,5),  (500,0),  (444,2),  (471,2),  (441,2),  (439,2),  (435,2),  (375,4),  (317,4),  (288,4),  (201,4),  (89,5),  (63,5),  (37,3),  (40,3),  (46,3),  (51,3), 


[Timing] Time passed: 386.125528 s

Posterior Probability: -220.3529355
Agreement with demo: 11%
Current angular diffs: 88'

Selected number of demos: 21

-- Positive Demos --
 (541,3),  (544,3),  (547,3),  (548,3),  (550,3),  (527,5),  (473,4),  (441,2),  (439,2),  (465,2),  (403,4),  (345,4),  (201,4),  (89,5),  (63,5),  (36,3),  (37,3),  (39,3),  (44,3),  (45,3),  (49,3), 


[Timing] Time passed: 386.983754 s

Posterior Probability: -302.1575641
Agreement with demo: 15%
Current angular diffs: 89'

Selected number of demos: 21

-- Positive Demos --
 (538,3),  (542,3),  (547,3),  (550,3),  (527,5),  (500,5),  (500,0),  (444,2),  (439,2),  (466,2),  (433,4),  (375,4),  (345,4),  (260,4),  (201,4),  (89,5),  (90,5),  (36,3),  (44,3),  (49,3),  (51,3), 


[Timing] Time passed: 455.312741 s

Posterior Probability: -70.36714087
Agreement with demo: 11%
Current angular diffs: 96'

Selected number of demos: 37

-- Positive Demos --
 (538,3),  (539,3),  (541,3),  (544,3),  (545,3),  (548,3),  (550,3),  (553,3),  (528,5),  (500,0),  (473,4),  (444,2),  (471,2),  (442,2),  (441,2),  (440,2),  (466,2),  (436,2),  (433,4),  (404,4),  (375,4),  (317,4),  (288,4),  (231,4),  (173,0),  (117,0),  (90,5),  (63,5),  (63,3),  (37,3),  (39,3),  (42,3),  (45,3),  (48,3),  (49,3),  (50,3),  (51,3), 


[Timing] Time passed: 394.477182 s

Posterior Probability: -112.957859
Agreement with demo: 9.9%
Current angular diffs: 1e+02'

Selected number of demos: 18

-- Positive Demos --
 (541,3),  (547,3),  (553,3),  (528,5),  (500,5),  (444,2),  (440,2),  (465,2),  (433,4),  (375,4),  (260,4),  (145,0),  (63,5),  (63,3),  (40,3),  (45,3),  (50,3),  (51,3), 


[Timing] Time passed: 384.512534 s

Posterior Probability: -240.2335757
Agreement with demo: 11%
Current angular diffs: 98'

Selected number of demos: 57

-- Positive Demos --
 (510,7),  (538,3),  (539,3),  (541,3),  (542,3),  (544,3),  (545,3),  (547,3),  (548,3),  (550,3),  (551,3),  (553,3),  (527,5),  (528,5),  (500,5),  (500,0),  (473,4),  (444,2),  (471,2),  (442,2),  (441,2),  (440,2),  (439,2),  (466,2),  (465,2),  (436,2),  (435,2),  (433,4),  (404,4),  (403,4),  (375,4),  (345,4),  (317,4),  (288,4),  (260,4),  (231,4),  (201,4),  (173,0),  (145,0),  (117,0),  (89,5),  (90,5),  (63,5),  (63,3),  (36,3),  (37,3),  (39,3),  (40,3),  (42,3),  (44,3),  (45,3),  (46,3),  (48,3),  (49,3),  (50,3),  (51,3), 


[Timing] Time passed: 378.164387 s

Posterior Probability: -789.0073785
Agreement with demo: 9.9%
Current angular diffs: 98'

Selected number of demos: 26

-- Positive Demos --
 (539,3),  (542,3),  (544,3),  (548,3),  (553,3),  (527,5),  (500,0),  (444,2),  (471,2),  (440,2),  (465,2),  (436,2),  (433,4),  (375,4),  (317,4),  (231,4),  (145,0),  (89,5),  (90,5),  (63,3),  (36,3),  (37,3),  (42,3),  (45,3),  (49,3),  (51,3), 


[Timing] Time passed: 406.395438 s

Posterior Probability: -106.7596343
Agreement with demo: 15%
Current angular diffs: 96'

Selected number of demos: 57

-- Positive Demos --
 (510,7),  (538,3),  (539,3),  (541,3),  (542,3),  (544,3),  (545,3),  (547,3),  (548,3),  (550,3),  (551,3),  (553,3),  (527,5),  (528,5),  (500,5),  (500,0),  (473,4),  (444,2),  (471,2),  (442,2),  (441,2),  (440,2),  (439,2),  (466,2),  (465,2),  (436,2),  (435,2),  (433,4),  (404,4),  (403,4),  (375,4),  (345,4),  (317,4),  (288,4),  (260,4),  (231,4),  (201,4),  (173,0),  (145,0),  (117,0),  (89,5),  (90,5),  (63,5),  (63,3),  (36,3),  (37,3),  (39,3),  (40,3),  (42,3),  (44,3),  (45,3),  (46,3),  (48,3),  (49,3),  (50,3),  (51,3), 


[Timing] Time passed: 414.451326 s

Posterior Probability: -151.1368295
Agreement with demo: 11%
Current angular diffs: 98'

Selected number of demos: 16

-- Positive Demos --
 (538,3),  (544,3),  (551,3),  (528,5),  (444,2),  (440,2),  (466,2),  (465,2),  (403,4),  (288,4),  (201,4),  (90,5),  (37,3),  (40,3),  (44,3),  (49,3), 


[Timing] Time passed: 397.275142 s

Posterior Probability: -71.43108072
Agreement with demo: 11%
Current angular diffs: 97'

Selected number of demos: 25

-- Positive Demos --
 (510,7),  (538,3),  (542,3),  (545,3),  (547,3),  (550,3),  (551,3),  (528,5),  (473,4),  (444,2),  (471,2),  (441,2),  (466,2),  (465,2),  (435,2),  (404,4),  (403,4),  (317,4),  (231,4),  (145,0),  (90,5),  (36,3),  (40,3),  (45,3),  (49,3), 


[Timing] Time passed: 480.373278 s

Posterior Probability: -79.91953307
Agreement with demo: 20%
Current angular diffs: 96'

Selected number of demos: 15

-- Positive Demos --
 (542,3),  (545,3),  (551,3),  (527,5),  (444,2),  (471,2),  (442,2),  (465,2),  (404,4),  (288,4),  (201,4),  (90,5),  (63,3),  (42,3),  (49,3), 


[Timing] Time passed: 349.201501 s

Posterior Probability: -202.1080914
Agreement with demo: 7%
Current angular diffs: 87'

Selected number of demos: 17

-- Positive Demos --
 (510,7),  (544,3),  (545,3),  (551,3),  (500,0),  (442,2),  (439,2),  (436,2),  (404,4),  (317,4),  (201,4),  (90,5),  (36,3),  (37,3),  (45,3),  (50,3),  (51,3), 


[Timing] Time passed: 531.12782 s

Posterior Probability: -125.0912958
Agreement with demo: 15%
Current angular diffs: 87'

Selected number of demos: 57

-- Positive Demos --
 (510,7),  (538,3),  (539,3),  (541,3),  (542,3),  (544,3),  (545,3),  (547,3),  (548,3),  (550,3),  (551,3),  (553,3),  (527,5),  (528,5),  (500,5),  (500,0),  (473,4),  (444,2),  (471,2),  (442,2),  (441,2),  (440,2),  (439,2),  (466,2),  (465,2),  (436,2),  (435,2),  (433,4),  (404,4),  (403,4),  (375,4),  (345,4),  (317,4),  (288,4),  (260,4),  (231,4),  (201,4),  (173,0),  (145,0),  (117,0),  (89,5),  (90,5),  (63,5),  (63,3),  (36,3),  (37,3),  (39,3),  (40,3),  (42,3),  (44,3),  (45,3),  (46,3),  (48,3),  (49,3),  (50,3),  (51,3), 


[Timing] Time passed: 377.933295 s

Posterior Probability: -159.7631531
Agreement with demo: 11%
Current angular diffs: 84'

Selected number of demos: 57

-- Positive Demos --
 (510,7),  (538,3),  (539,3),  (541,3),  (542,3),  (544,3),  (545,3),  (547,3),  (548,3),  (550,3),  (551,3),  (553,3),  (527,5),  (528,5),  (500,5),  (500,0),  (473,4),  (444,2),  (471,2),  (442,2),  (441,2),  (440,2),  (439,2),  (466,2),  (465,2),  (436,2),  (435,2),  (433,4),  (404,4),  (403,4),  (375,4),  (345,4),  (317,4),  (288,4),  (260,4),  (231,4),  (201,4),  (173,0),  (145,0),  (117,0),  (89,5),  (90,5),  (63,5),  (63,3),  (36,3),  (37,3),  (39,3),  (40,3),  (42,3),  (44,3),  (45,3),  (46,3),  (48,3),  (49,3),  (50,3),  (51,3), 


[Timing] Time passed: 460.895066 s

Posterior Probability: -332.5998109
Agreement with demo: 13%
Current angular diffs: 93'

Selected number of demos: 28

-- Positive Demos --
 (510,7),  (539,3),  (544,3),  (547,3),  (551,3),  (553,3),  (528,5),  (473,4),  (471,2),  (440,2),  (439,2),  (466,2),  (435,2),  (403,4),  (317,4),  (260,4),  (201,4),  (117,0),  (90,5),  (63,5),  (36,3),  (37,3),  (40,3),  (42,3),  (46,3),  (49,3),  (50,3),  (51,3), 


[Timing] Time passed: 374.878214 s

Posterior Probability: -134.8953083
Agreement with demo: 5.6%
Current angular diffs: 99'

Selected number of demos: 21

-- Positive Demos --
 (541,3),  (542,3),  (544,3),  (551,3),  (500,0),  (471,2),  (466,2),  (435,2),  (404,4),  (375,4),  (345,4),  (288,4),  (260,4),  (231,4),  (145,0),  (90,5),  (39,3),  (42,3),  (44,3),  (45,3),  (46,3), 


[Timing] Time passed: 389.538155 s

Posterior Probability: -82.21656705
Agreement with demo: 15%
Current angular diffs: 80'

Selected number of demos: 21

-- Positive Demos --
 (510,7),  (544,3),  (550,3),  (551,3),  (528,5),  (473,4),  (444,2),  (442,2),  (439,2),  (466,2),  (436,2),  (435,2),  (433,4),  (403,4),  (317,4),  (173,0),  (90,5),  (39,3),  (40,3),  (45,3),  (51,3), 


[Timing] Time passed: 418.826805 s

Posterior Probability: -205.5350329
Agreement with demo: 11%
Current angular diffs: 93'

Selected number of demos: 22

-- Positive Demos --
 (510,7),  (539,3),  (542,3),  (548,3),  (553,3),  (527,5),  (473,4),  (442,2),  (466,2),  (433,4),  (404,4),  (345,4),  (317,4),  (288,4),  (260,4),  (201,4),  (89,5),  (63,5),  (39,3),  (45,3),  (48,3),  (51,3), 


[Timing] Time passed: 343.935554 s

Posterior Probability: -185.018255
Agreement with demo: 7%
Current angular diffs: 99'

Selected number of demos: 23

-- Positive Demos --
 (539,3),  (544,3),  (548,3),  (553,3),  (528,5),  (473,4),  (444,2),  (441,2),  (439,2),  (436,2),  (404,4),  (375,4),  (317,4),  (288,4),  (201,4),  (173,0),  (89,5),  (63,3),  (39,3),  (42,3),  (45,3),  (49,3),  (51,3), 


[Timing] Time passed: 423.215359 s

Posterior Probability: -124.4011115
Agreement with demo: 9.9%
Current angular diffs: 98'

Selected number of demos: 16

-- Positive Demos --
 (510,7),  (541,3),  (545,3),  (551,3),  (500,5),  (444,2),  (471,2),  (439,2),  (465,2),  (403,4),  (288,4),  (145,0),  (63,5),  (40,3),  (45,3),  (48,3), 


[Timing] Time passed: 346.486755 s

Posterior Probability: -325.2132757
Agreement with demo: 17%
Current angular diffs: 93'

Selected number of demos: 30

-- Positive Demos --
 (538,3),  (542,3),  (547,3),  (548,3),  (553,3),  (528,5),  (500,5),  (444,2),  (441,2),  (439,2),  (465,2),  (436,2),  (435,2),  (404,4),  (375,4),  (288,4),  (260,4),  (173,0),  (145,0),  (117,0),  (90,5),  (63,3),  (36,3),  (39,3),  (42,3),  (44,3),  (48,3),  (49,3),  (51,3), 


[Timing] Time passed: 462.818286 s

Posterior Probability: -116.1625643
Agreement with demo: 13%
Current angular diffs: 93'

Selected number of demos: 29

-- Positive Demos --
 (510,7),  (538,3),  (542,3),  (544,3),  (547,3),  (550,3),  (527,5),  (500,0),  (473,4),  (471,2),  (442,2),  (439,2),  (466,2),  (435,2),  (433,4),  (403,4),  (375,4),  (288,4),  (260,4),  (173,0),  (145,0),  (90,5),  (36,3),  (37,3),  (39,3),  (40,3),  (44,3),  (48,3),  (49,3), 


[Timing] Time passed: 410.994166 s

Posterior Probability: -149.7339962
Agreement with demo: 13%
Current angular diffs: 91'

Selected number of demos: 17

-- Positive Demos --
 (542,3),  (547,3),  (553,3),  (527,5),  (500,5),  (444,2),  (471,2),  (441,2),  (465,2),  (403,4),  (317,4),  (231,4),  (117,0),  (63,3),  (39,3),  (42,3),  (49,3), 


[Timing] Time passed: 443.164881 s

Posterior Probability: -94.93609956
Agreement with demo: 7%
Current angular diffs: 91'

Selected number of demos: 35

-- Positive Demos --
 (538,3),  (539,3),  (542,3),  (545,3),  (548,3),  (551,3),  (527,5),  (528,5),  (500,0),  (473,4),  (444,2),  (442,2),  (440,2),  (466,2),  (436,2),  (433,4),  (404,4),  (375,4),  (345,4),  (317,4),  (260,4),  (231,4),  (173,0),  (145,0),  (117,0),  (90,5),  (63,5),  (63,3),  (36,3),  (39,3),  (42,3),  (45,3),  (48,3),  (50,3),  (51,3), 


[Timing] Time passed: 417.324872 s

Posterior Probability: -211.6862274
Agreement with demo: 18%
Current angular diffs: 87'

Selected number of demos: 22

-- Positive Demos --
 (541,3),  (545,3),  (550,3),  (527,5),  (500,0),  (473,4),  (444,2),  (441,2),  (439,2),  (465,2),  (435,2),  (404,4),  (375,4),  (288,4),  (260,4),  (173,0),  (117,0),  (63,3),  (36,3),  (40,3),  (46,3),  (51,3), 


[Timing] Time passed: 388.857384 s

Posterior Probability: -61.23229027
Agreement with demo: 13%
Current angular diffs: 1e+02'

Selected number of demos: 26

-- Positive Demos --
 (510,7),  (538,3),  (539,3),  (544,3),  (547,3),  (551,3),  (528,5),  (500,5),  (444,2),  (471,2),  (441,2),  (439,2),  (436,2),  (433,4),  (403,4),  (317,4),  (231,4),  (201,4),  (145,0),  (90,5),  (36,3),  (39,3),  (40,3),  (45,3),  (46,3),  (50,3), 


[Timing] Time passed: 472.729331 s

Posterior Probability: -197.9433984
Agreement with demo: 9.9%
Current angular diffs: 1e+02'

Selected number of demos: 33

-- Positive Demos --
 (539,3),  (541,3),  (542,3),  (544,3),  (545,3),  (547,3),  (548,3),  (550,3),  (551,3),  (528,5),  (473,4),  (444,2),  (471,2),  (440,2),  (439,2),  (466,2),  (465,2),  (435,2),  (433,4),  (375,4),  (345,4),  (288,4),  (260,4),  (201,4),  (117,0),  (90,5),  (63,5),  (63,3),  (39,3),  (42,3),  (45,3),  (48,3),  (51,3), 


[Timing] Time passed: 406.896054 s

Posterior Probability: -406.9323813
Agreement with demo: 17%
Current angular diffs: 93'

Selected number of demos: 39

-- Positive Demos --
 (510,7),  (538,3),  (539,3),  (541,3),  (544,3),  (547,3),  (548,3),  (550,3),  (553,3),  (528,5),  (500,0),  (473,4),  (444,2),  (442,2),  (441,2),  (440,2),  (439,2),  (466,2),  (465,2),  (435,2),  (433,4),  (404,4),  (375,4),  (345,4),  (288,4),  (260,4),  (231,4),  (201,4),  (173,0),  (117,0),  (89,5),  (63,5),  (36,3),  (37,3),  (40,3),  (44,3),  (45,3),  (48,3),  (50,3), 


[Timing] Time passed: 360.89396 s

Posterior Probability: -314.6267657
Agreement with demo: 17%
Current angular diffs: 97'

Selected number of demos: 21

-- Positive Demos --
 (538,3),  (542,3),  (544,3),  (551,3),  (528,5),  (444,2),  (441,2),  (440,2),  (465,2),  (435,2),  (433,4),  (375,4),  (345,4),  (260,4),  (231,4),  (89,5),  (90,5),  (37,3),  (39,3),  (44,3),  (48,3), 


[Timing] Time passed: 359.725977 s

Posterior Probability: -113.4721471
Agreement with demo: 18%
Current angular diffs: 86'

Selected number of demos: 57

-- Positive Demos --
 (510,7),  (538,3),  (539,3),  (541,3),  (542,3),  (544,3),  (545,3),  (547,3),  (548,3),  (550,3),  (551,3),  (553,3),  (527,5),  (528,5),  (500,5),  (500,0),  (473,4),  (444,2),  (471,2),  (442,2),  (441,2),  (440,2),  (439,2),  (466,2),  (465,2),  (436,2),  (435,2),  (433,4),  (404,4),  (403,4),  (375,4),  (345,4),  (317,4),  (288,4),  (260,4),  (231,4),  (201,4),  (173,0),  (145,0),  (117,0),  (89,5),  (90,5),  (63,5),  (63,3),  (36,3),  (37,3),  (39,3),  (40,3),  (42,3),  (44,3),  (45,3),  (46,3),  (48,3),  (49,3),  (50,3),  (51,3), 


[Timing] Time passed: 362.460166 s

Posterior Probability: -344.5578081
Agreement with demo: 5.6%
Current angular diffs: 91'

Selected number of demos: 32

-- Positive Demos --
 (538,3),  (542,3),  (544,3),  (545,3),  (548,3),  (551,3),  (527,5),  (528,5),  (500,5),  (473,4),  (471,2),  (442,2),  (439,2),  (465,2),  (433,4),  (403,4),  (375,4),  (345,4),  (288,4),  (260,4),  (231,4),  (201,4),  (145,0),  (117,0),  (89,5),  (63,3),  (39,3),  (40,3),  (44,3),  (48,3),  (50,3),  (51,3), 


[Timing] Time passed: 378.978001 s

Posterior Probability: -121.201793
Agreement with demo: 15%
Current angular diffs: 87'

Selected number of demos: 39

-- Positive Demos --
 (510,7),  (539,3),  (541,3),  (544,3),  (547,3),  (548,3),  (550,3),  (553,3),  (528,5),  (500,0),  (473,4),  (444,2),  (471,2),  (442,2),  (440,2),  (439,2),  (465,2),  (436,2),  (433,4),  (404,4),  (403,4),  (375,4),  (345,4),  (288,4),  (231,4),  (201,4),  (173,0),  (117,0),  (90,5),  (63,3),  (37,3),  (39,3),  (40,3),  (42,3),  (45,3),  (46,3),  (49,3),  (51,3), 


[Timing] Time passed: 424.321172 s

Posterior Probability: -255.8063761
Agreement with demo: 17%
Current angular diffs: 89'

Selected number of demos: 28

-- Positive Demos --
 (538,3),  (542,3),  (544,3),  (548,3),  (551,3),  (528,5),  (500,0),  (473,4),  (444,2),  (442,2),  (441,2),  (439,2),  (436,2),  (433,4),  (404,4),  (375,4),  (317,4),  (231,4),  (201,4),  (145,0),  (89,5),  (63,5),  (63,3),  (37,3),  (40,3),  (42,3),  (45,3),  (49,3), 


[Timing] Time passed: 389.651389 s

Posterior Probability: -156.8915172
Agreement with demo: 14%
Current angular diffs: 91'

-----------------------------
Avg angular diffs: 80'
-- learned weights --
Feature Weights: -0.2015, -0.8685, -0.1765, -0.1, 
