loading features...

Initializing gridworld of size 28 by 22..
    Num states: 616
    Num actions: 8

Total number of demos: 65

Selected number of demos: 22

-- Positive Demos --
 (511,3),  (514,3),  (522,3),  (498,0),  (470,0),  (385,4),  (384,6),  (383,2),  (409,2),  (403,2),  (401,2),  (313,4),  (224,4),  (168,0),  (140,0),  (57,5),  (33,3),  (64,7),  (71,5),  (76,3),  (78,3),  (108,5), 


[Timing] Time passed: 528.462713 s

Posterior Probability: -143.3691094
Agreement with demo: 20%
Current angular diffs: 88'

Selected number of demos: 34

-- Positive Demos --
 (509,3),  (511,3),  (516,3),  (548,3),  (525,5),  (498,0),  (470,0),  (443,0),  (414,4),  (385,2),  (409,2),  (407,2),  (403,2),  (400,2),  (371,4),  (312,4),  (283,4),  (253,4),  (168,0),  (84,5),  (31,3),  (32,3),  (63,7),  (94,3),  (123,3),  (96,5),  (97,3),  (71,5),  (72,3),  (76,3),  (78,3),  (107,3),  (108,5),  (25,7), 


[Timing] Time passed: 521.577718 s

Posterior Probability: -90.52323701
Agreement with demo: 13%
Current angular diffs: 94'

Selected number of demos: 41

-- Positive Demos --
 (510,3),  (513,3),  (514,3),  (518,3),  (548,3),  (522,3),  (525,5),  (498,0),  (443,0),  (413,2),  (385,2),  (384,6),  (383,2),  (409,2),  (407,2),  (406,2),  (403,2),  (400,2),  (371,4),  (313,4),  (283,4),  (282,4),  (253,4),  (195,0),  (168,0),  (140,0),  (84,5),  (57,5),  (29,5),  (31,3),  (33,3),  (64,7),  (123,3),  (97,3),  (71,5),  (44,3),  (76,3),  (78,3),  (107,3),  (108,5),  (25,3), 


[Timing] Time passed: 467.101227 s

Posterior Probability: -255.2877746
Agreement with demo: 5.8%
Current angular diffs: 88'

Selected number of demos: 65

-- Positive Demos --
 (509,3),  (510,3),  (511,3),  (513,3),  (514,3),  (516,3),  (518,3),  (546,3),  (548,3),  (522,3),  (524,3),  (525,5),  (526,0),  (498,0),  (470,0),  (443,0),  (414,4),  (413,2),  (385,4),  (385,2),  (384,6),  (383,2),  (409,2),  (407,2),  (406,2),  (404,2),  (403,2),  (401,2),  (400,2),  (371,4),  (342,4),  (313,4),  (312,4),  (283,4),  (282,4),  (253,4),  (224,4),  (195,0),  (168,0),  (140,0),  (112,0),  (84,5),  (57,5),  (29,5),  (31,3),  (32,3),  (33,3),  (63,7),  (64,7),  (94,3),  (123,3),  (96,5),  (97,3),  (71,5),  (72,3),  (44,3),  (45,7),  (76,3),  (77,3),  (78,3),  (107,3),  (108,5),  (25,3),  (25,7), 


[Timing] Time passed: 350.121767 s

Posterior Probability: -243.4588311
Agreement with demo: 22%
Current angular diffs: 86'

Selected number of demos: 32

-- Positive Demos --
 (509,3),  (510,3),  (514,3),  (546,3),  (522,3),  (526,0),  (470,0),  (413,2),  (385,4),  (383,2),  (409,2),  (406,2),  (404,2),  (400,2),  (313,4),  (283,4),  (253,4),  (224,4),  (140,0),  (112,0),  (57,5),  (31,3),  (33,3),  (63,7),  (123,3),  (96,5),  (71,5),  (72,3),  (76,3),  (107,3),  (108,5),  (25,7), 


[Timing] Time passed: 341.060083 s

Posterior Probability: -315.6072169
Agreement with demo: 17%
Current angular diffs: 89'

Selected number of demos: 65

-- Positive Demos --
 (509,3),  (510,3),  (511,3),  (513,3),  (514,3),  (516,3),  (518,3),  (546,3),  (548,3),  (522,3),  (524,3),  (525,5),  (526,0),  (498,0),  (470,0),  (443,0),  (414,4),  (413,2),  (385,4),  (385,2),  (384,6),  (383,2),  (409,2),  (407,2),  (406,2),  (404,2),  (403,2),  (401,2),  (400,2),  (371,4),  (342,4),  (313,4),  (312,4),  (283,4),  (282,4),  (253,4),  (224,4),  (195,0),  (168,0),  (140,0),  (112,0),  (84,5),  (57,5),  (29,5),  (31,3),  (32,3),  (33,3),  (63,7),  (64,7),  (94,3),  (123,3),  (96,5),  (97,3),  (71,5),  (72,3),  (44,3),  (45,7),  (76,3),  (77,3),  (78,3),  (107,3),  (108,5),  (25,3),  (25,7), 


[Timing] Time passed: 344.92263 s

Posterior Probability: -477.2435836
Agreement with demo: 7%
Current angular diffs: 99'

Selected number of demos: 39

-- Positive Demos --
 (510,3),  (513,3),  (514,3),  (518,3),  (548,3),  (524,3),  (525,5),  (498,0),  (470,0),  (414,4),  (385,4),  (384,6),  (409,2),  (406,2),  (404,2),  (401,2),  (371,4),  (313,4),  (312,4),  (282,4),  (224,4),  (195,0),  (168,0),  (112,0),  (84,5),  (29,5),  (31,3),  (32,3),  (33,3),  (63,7),  (94,3),  (96,5),  (71,5),  (72,3),  (45,7),  (76,3),  (78,3),  (108,5),  (25,3), 


[Timing] Time passed: 344.058048 s

Posterior Probability: -349.9018518
Agreement with demo: 10%
Current angular diffs: 97'

Selected number of demos: 28

-- Positive Demos --
 (511,3),  (513,3),  (546,3),  (525,5),  (498,0),  (470,0),  (413,2),  (385,4),  (384,6),  (383,2),  (404,2),  (371,4),  (342,4),  (313,4),  (312,4),  (253,4),  (140,0),  (57,5),  (29,5),  (32,3),  (33,3),  (123,3),  (96,5),  (71,5),  (44,3),  (77,3),  (108,5),  (25,7), 


[Timing] Time passed: 337.858041 s

Posterior Probability: -223.6486843
Agreement with demo: 7%
Current angular diffs: 88'

Selected number of demos: 43

-- Positive Demos --
 (509,3),  (511,3),  (513,3),  (514,3),  (516,3),  (518,3),  (546,3),  (548,3),  (524,3),  (525,5),  (498,0),  (470,0),  (443,0),  (414,4),  (385,4),  (384,6),  (409,2),  (406,2),  (404,2),  (401,2),  (400,2),  (342,4),  (312,4),  (282,4),  (224,4),  (168,0),  (112,0),  (57,5),  (29,5),  (31,3),  (33,3),  (63,7),  (64,7),  (123,3),  (96,5),  (97,3),  (71,5),  (72,3),  (44,3),  (76,3),  (78,3),  (108,5),  (25,3), 


[Timing] Time passed: 338.698726 s

Posterior Probability: -94.00564072
Agreement with demo: 14%
Current angular diffs: 97'

Selected number of demos: 27

-- Positive Demos --
 (513,3),  (518,3),  (546,3),  (548,3),  (524,3),  (526,0),  (470,0),  (443,0),  (385,2),  (409,2),  (406,2),  (400,2),  (312,4),  (282,4),  (253,4),  (224,4),  (168,0),  (140,0),  (29,5),  (32,3),  (94,3),  (123,3),  (97,3),  (44,3),  (76,3),  (107,3),  (25,7), 


[Timing] Time passed: 341.906864 s

Posterior Probability: -63.73650368
Agreement with demo: 9.3%
Current angular diffs: 92'

Selected number of demos: 65

-- Positive Demos --
 (509,3),  (510,3),  (511,3),  (513,3),  (514,3),  (516,3),  (518,3),  (546,3),  (548,3),  (522,3),  (524,3),  (525,5),  (526,0),  (498,0),  (470,0),  (443,0),  (414,4),  (413,2),  (385,4),  (385,2),  (384,6),  (383,2),  (409,2),  (407,2),  (406,2),  (404,2),  (403,2),  (401,2),  (400,2),  (371,4),  (342,4),  (313,4),  (312,4),  (283,4),  (282,4),  (253,4),  (224,4),  (195,0),  (168,0),  (140,0),  (112,0),  (84,5),  (57,5),  (29,5),  (31,3),  (32,3),  (33,3),  (63,7),  (64,7),  (94,3),  (123,3),  (96,5),  (97,3),  (71,5),  (72,3),  (44,3),  (45,7),  (76,3),  (77,3),  (78,3),  (107,3),  (108,5),  (25,3),  (25,7), 


[Timing] Time passed: 338.092342 s

Posterior Probability: -261.4803252
Agreement with demo: 17%
Current angular diffs: 95'

Selected number of demos: 30

-- Positive Demos --
 (511,3),  (513,3),  (514,3),  (518,3),  (548,3),  (524,3),  (526,0),  (414,4),  (385,4),  (409,2),  (403,2),  (401,2),  (400,2),  (312,4),  (283,4),  (282,4),  (253,4),  (195,0),  (84,5),  (29,5),  (63,7),  (94,3),  (123,3),  (71,5),  (44,3),  (45,7),  (77,3),  (78,3),  (108,5), 


[Timing] Time passed: 338.733637 s

Posterior Probability: -127.0644517
Agreement with demo: 20%
Current angular diffs: 81'

Selected number of demos: 65

-- Positive Demos --
 (509,3),  (510,3),  (511,3),  (513,3),  (514,3),  (516,3),  (518,3),  (546,3),  (548,3),  (522,3),  (524,3),  (525,5),  (526,0),  (498,0),  (470,0),  (443,0),  (414,4),  (413,2),  (385,4),  (385,2),  (384,6),  (383,2),  (409,2),  (407,2),  (406,2),  (404,2),  (403,2),  (401,2),  (400,2),  (371,4),  (342,4),  (313,4),  (312,4),  (283,4),  (282,4),  (253,4),  (224,4),  (195,0),  (168,0),  (140,0),  (112,0),  (84,5),  (57,5),  (29,5),  (31,3),  (32,3),  (33,3),  (63,7),  (64,7),  (94,3),  (123,3),  (96,5),  (97,3),  (71,5),  (72,3),  (44,3),  (45,7),  (76,3),  (77,3),  (78,3),  (107,3),  (108,5),  (25,3),  (25,7), 


[Timing] Time passed: 344.980018 s

Posterior Probability: -367.9312116
Agreement with demo: 14%
Current angular diffs: 89'

Selected number of demos: 65

-- Positive Demos --
 (509,3),  (510,3),  (511,3),  (513,3),  (514,3),  (516,3),  (518,3),  (546,3),  (548,3),  (522,3),  (524,3),  (525,5),  (526,0),  (498,0),  (470,0),  (443,0),  (414,4),  (413,2),  (385,4),  (385,2),  (384,6),  (383,2),  (409,2),  (407,2),  (406,2),  (404,2),  (403,2),  (401,2),  (400,2),  (371,4),  (342,4),  (313,4),  (312,4),  (283,4),  (282,4),  (253,4),  (224,4),  (195,0),  (168,0),  (140,0),  (112,0),  (84,5),  (57,5),  (29,5),  (31,3),  (32,3),  (33,3),  (63,7),  (64,7),  (94,3),  (123,3),  (96,5),  (97,3),  (71,5),  (72,3),  (44,3),  (45,7),  (76,3),  (77,3),  (78,3),  (107,3),  (108,5),  (25,3),  (25,7), 


[Timing] Time passed: 348.635909 s

Posterior Probability: -458.713133
Agreement with demo: 9.3%
Current angular diffs: 92'

Selected number of demos: 25

-- Positive Demos --
 (510,3),  (514,3),  (548,3),  (524,3),  (526,0),  (443,0),  (414,4),  (384,6),  (404,2),  (401,2),  (371,4),  (342,4),  (282,4),  (224,4),  (195,0),  (140,0),  (29,5),  (64,7),  (94,3),  (71,5),  (72,3),  (44,3),  (77,3),  (107,3),  (25,3), 


[Timing] Time passed: 339.254434 s

Posterior Probability: -132.2064744
Agreement with demo: 12%
Current angular diffs: 85'

Selected number of demos: 65

-- Positive Demos --
 (509,3),  (510,3),  (511,3),  (513,3),  (514,3),  (516,3),  (518,3),  (546,3),  (548,3),  (522,3),  (524,3),  (525,5),  (526,0),  (498,0),  (470,0),  (443,0),  (414,4),  (413,2),  (385,4),  (385,2),  (384,6),  (383,2),  (409,2),  (407,2),  (406,2),  (404,2),  (403,2),  (401,2),  (400,2),  (371,4),  (342,4),  (313,4),  (312,4),  (283,4),  (282,4),  (253,4),  (224,4),  (195,0),  (168,0),  (140,0),  (112,0),  (84,5),  (57,5),  (29,5),  (31,3),  (32,3),  (33,3),  (63,7),  (64,7),  (94,3),  (123,3),  (96,5),  (97,3),  (71,5),  (72,3),  (44,3),  (45,7),  (76,3),  (77,3),  (78,3),  (107,3),  (108,5),  (25,3),  (25,7), 


[Timing] Time passed: 339.572348 s

Posterior Probability: -248.3309882
Agreement with demo: 16%
Current angular diffs: 90'

Selected number of demos: 26

-- Positive Demos --
 (510,3),  (516,3),  (546,3),  (522,3),  (524,3),  (498,0),  (470,0),  (385,4),  (385,2),  (407,2),  (404,2),  (400,2),  (312,4),  (283,4),  (253,4),  (168,0),  (112,0),  (29,5),  (63,7),  (123,3),  (96,5),  (97,3),  (72,3),  (76,3),  (108,5),  (25,7), 


[Timing] Time passed: 338.460617 s

Posterior Probability: -209.5016426
Agreement with demo: 12%
Current angular diffs: 85'

Selected number of demos: 29

-- Positive Demos --
 (513,3),  (514,3),  (548,3),  (522,3),  (526,0),  (414,4),  (385,4),  (385,2),  (384,6),  (406,2),  (404,2),  (400,2),  (371,4),  (342,4),  (282,4),  (195,0),  (140,0),  (84,5),  (29,5),  (32,3),  (33,3),  (64,7),  (96,5),  (44,3),  (45,7),  (77,3),  (107,3),  (108,5),  (25,3), 


[Timing] Time passed: 340.35052 s

Posterior Probability: -206.7156377
Agreement with demo: 19%
Current angular diffs: 92'

Selected number of demos: 20

-- Positive Demos --
 (510,3),  (518,3),  (524,3),  (525,5),  (498,0),  (470,0),  (385,2),  (383,2),  (409,2),  (403,2),  (371,4),  (282,4),  (195,0),  (168,0),  (57,5),  (63,7),  (94,3),  (72,3),  (78,3),  (108,5), 


[Timing] Time passed: 336.17591 s

Posterior Probability: -39.79400392
Agreement with demo: 23%
Current angular diffs: 86'

-----------------------------
Avg angular diffs: 81'
-- learned weights --
Feature Weights: -0.51125, -0.018, -0.21425, -0.1, 
