loading features...

Initializing gridworld of size 28 by 22..
    Num states: 616
    Num actions: 8

Total number of demos: 71

Selected number of demos: 53

-- Positive Demos --
 (84,2),  (111,1),  (139,1),  (167,1),  (222,1),  (251,1),  (306,6),  (360,6),  (414,6),  (442,6),  (468,6),  (496,2),  (495,2),  (522,2),  (521,2),  (492,4),  (491,2),  (490,0),  (462,0),  (434,0),  (404,4),  (348,0),  (321,0),  (293,5),  (238,5),  (183,0),  (155,0),  (127,0),  (99,0),  (99,4),  (70,4),  (40,2),  (39,2),  (38,6),  (66,2),  (65,2),  (92,2),  (91,2),  (89,6),  (115,6),  (142,1),  (170,1),  (197,1),  (283,1),  (311,1),  (338,1),  (394,6),  (422,6),  (450,6),  (477,6),  (504,6),  (504,7), 


[Timing] Time passed: 555.155664 s

Posterior Probability: -431.401364
Agreement with demo: 17%
Current angular diffs: 87'

Selected number of demos: 24

-- Positive Demos --
 (111,1),  (195,1),  (222,1),  (306,6),  (334,6),  (414,6),  (469,6),  (468,6),  (492,4),  (490,0),  (462,0),  (404,4),  (376,0),  (265,5),  (127,0),  (40,2),  (65,2),  (64,2),  (88,6),  (115,6),  (197,1),  (338,1),  (422,6),  (504,7), 


[Timing] Time passed: 584.404793 s

Posterior Probability: -69.10196459
Agreement with demo: 9.1%
Current angular diffs: 91'

Selected number of demos: 27

-- Positive Demos --
 (139,1),  (222,1),  (334,6),  (442,6),  (496,2),  (495,2),  (521,2),  (490,4),  (404,4),  (293,5),  (210,0),  (127,0),  (99,0),  (70,4),  (40,2),  (39,2),  (38,6),  (65,2),  (92,2),  (88,6),  (115,6),  (142,1),  (254,1),  (367,1),  (477,6),  (504,7), 


[Timing] Time passed: 633.270483 s

Posterior Probability: -149.377659
Agreement with demo: 14%
Current angular diffs: 88'

Selected number of demos: 25

-- Positive Demos --
 (111,7),  (222,1),  (279,6),  (414,6),  (495,2),  (521,2),  (491,2),  (462,0),  (376,0),  (238,5),  (183,0),  (155,0),  (127,0),  (99,0),  (70,4),  (39,2),  (66,2),  (65,2),  (89,6),  (170,1),  (311,1),  (367,1),  (394,6),  (477,6),  (504,7), 


[Timing] Time passed: 581.770295 s

Posterior Probability: -208.2383821
Agreement with demo: 10%
Current angular diffs: 1e+02'

Selected number of demos: 48

-- Positive Demos --
 (84,2),  (111,7),  (111,1),  (139,1),  (195,1),  (222,1),  (279,6),  (334,6),  (388,6),  (442,6),  (468,6),  (495,2),  (522,2),  (521,2),  (491,2),  (490,0),  (434,0),  (404,4),  (348,0),  (293,5),  (238,5),  (210,0),  (183,0),  (155,0),  (127,0),  (99,4),  (70,4),  (40,2),  (39,2),  (38,6),  (66,2),  (65,2),  (64,2),  (92,2),  (91,2),  (89,6),  (88,6),  (143,6),  (170,1),  (254,1),  (283,1),  (311,1),  (367,1),  (422,6),  (450,6),  (477,6),  (504,6), 


[Timing] Time passed: 610.172299 s

Posterior Probability: -164.2996958
Agreement with demo: 8.1%
Current angular diffs: 93'

Selected number of demos: 71

-- Positive Demos --
 (84,2),  (111,7),  (111,1),  (139,1),  (167,1),  (195,1),  (222,1),  (251,1),  (279,6),  (306,6),  (334,6),  (360,6),  (388,6),  (414,6),  (442,6),  (469,6),  (468,6),  (496,2),  (495,2),  (522,2),  (521,2),  (492,4),  (491,2),  (490,4),  (490,0),  (462,0),  (434,0),  (404,4),  (376,0),  (348,0),  (321,0),  (293,5),  (265,5),  (238,5),  (210,0),  (183,0),  (155,0),  (127,0),  (99,0),  (99,4),  (70,4),  (40,2),  (39,2),  (38,6),  (66,2),  (65,2),  (64,2),  (92,2),  (91,2),  (90,2),  (89,6),  (88,6),  (115,6),  (143,6),  (142,1),  (170,1),  (197,1),  (254,1),  (283,1),  (311,1),  (338,1),  (367,1),  (394,6),  (422,6),  (450,6),  (477,6),  (504,6),  (504,7), 


[Timing] Time passed: 668.013887 s

Posterior Probability: -702.671068
Agreement with demo: 10%
Current angular diffs: 97'

Selected number of demos: 71

-- Positive Demos --
 (84,2),  (111,7),  (111,1),  (139,1),  (167,1),  (195,1),  (222,1),  (251,1),  (279,6),  (306,6),  (334,6),  (360,6),  (388,6),  (414,6),  (442,6),  (469,6),  (468,6),  (496,2),  (495,2),  (522,2),  (521,2),  (492,4),  (491,2),  (490,4),  (490,0),  (462,0),  (434,0),  (404,4),  (376,0),  (348,0),  (321,0),  (293,5),  (265,5),  (238,5),  (210,0),  (183,0),  (155,0),  (127,0),  (99,0),  (99,4),  (70,4),  (40,2),  (39,2),  (38,6),  (66,2),  (65,2),  (64,2),  (92,2),  (91,2),  (90,2),  (89,6),  (88,6),  (115,6),  (143,6),  (142,1),  (170,1),  (197,1),  (254,1),  (283,1),  (311,1),  (338,1),  (367,1),  (394,6),  (422,6),  (450,6),  (477,6),  (504,6),  (504,7), 


[Timing] Time passed: 589.622176 s

Posterior Probability: -461.9730452
Agreement with demo: 5.1%
Current angular diffs: 97'

Selected number of demos: 28

-- Positive Demos --
 (111,7),  (139,1),  (195,1),  (222,1),  (334,6),  (360,6),  (414,6),  (468,6),  (521,2),  (490,4),  (490,0),  (404,4),  (376,0),  (265,5),  (238,5),  (127,0),  (70,4),  (40,2),  (39,2),  (66,2),  (91,2),  (89,6),  (142,1),  (197,1),  (311,1),  (422,6),  (504,6),  (504,7), 


[Timing] Time passed: 640.241734 s

Posterior Probability: -165.8621726
Agreement with demo: 7.1%
Current angular diffs: 94'

Selected number of demos: 38

-- Positive Demos --
 (111,1),  (139,1),  (222,1),  (279,6),  (306,6),  (334,6),  (360,6),  (442,6),  (469,6),  (495,2),  (521,2),  (492,4),  (490,4),  (434,0),  (404,4),  (376,0),  (348,0),  (265,5),  (238,5),  (210,0),  (183,0),  (127,0),  (99,4),  (70,4),  (39,2),  (38,6),  (64,2),  (90,2),  (88,6),  (143,6),  (142,1),  (197,1),  (283,1),  (338,1),  (394,6),  (450,6),  (477,6),  (504,7), 


[Timing] Time passed: 617.903107 s

Posterior Probability: -112.412114
Agreement with demo: 12%
Current angular diffs: 94'

Selected number of demos: 26

-- Positive Demos --
 (84,2),  (111,1),  (167,1),  (222,1),  (306,6),  (360,6),  (414,6),  (496,2),  (492,4),  (490,0),  (404,4),  (293,5),  (238,5),  (127,0),  (70,4),  (38,6),  (66,2),  (64,2),  (92,2),  (89,6),  (143,6),  (197,1),  (338,1),  (450,6),  (477,6), 


[Timing] Time passed: 609.557903 s

Posterior Probability: -197.4268954
Agreement with demo: 10%
Current angular diffs: 92'

Selected number of demos: 30

-- Positive Demos --
 (111,7),  (139,1),  (222,1),  (251,1),  (334,6),  (388,6),  (468,6),  (496,2),  (521,2),  (492,4),  (490,0),  (404,4),  (376,0),  (293,5),  (238,5),  (155,0),  (99,4),  (40,2),  (66,2),  (64,2),  (91,2),  (89,6),  (115,6),  (142,1),  (170,1),  (311,1),  (338,1),  (422,6),  (477,6), 


[Timing] Time passed: 629.637219 s

Posterior Probability: -323.1452621
Agreement with demo: 10%
Current angular diffs: 93'

Selected number of demos: 38

-- Positive Demos --
 (84,2),  (111,7),  (111,1),  (167,1),  (222,1),  (251,1),  (279,6),  (360,6),  (388,6),  (442,6),  (468,6),  (496,2),  (521,2),  (492,4),  (491,2),  (490,0),  (462,0),  (404,4),  (348,0),  (265,5),  (238,5),  (183,0),  (155,0),  (99,0),  (99,4),  (40,2),  (66,2),  (92,2),  (90,2),  (89,6),  (88,6),  (142,1),  (197,1),  (283,1),  (311,1),  (394,6),  (477,6),  (504,6), 


[Timing] Time passed: 624.20359 s

Posterior Probability: -292.5587937
Agreement with demo: 10%
Current angular diffs: 89'

Selected number of demos: 35

-- Positive Demos --
 (111,1),  (195,1),  (279,6),  (334,6),  (360,6),  (388,6),  (469,6),  (468,6),  (495,2),  (492,4),  (490,0),  (462,0),  (404,4),  (376,0),  (321,0),  (293,5),  (210,0),  (183,0),  (99,0),  (70,4),  (40,2),  (38,6),  (64,2),  (92,2),  (89,6),  (88,6),  (143,6),  (142,1),  (170,1),  (197,1),  (311,1),  (338,1),  (394,6),  (477,6),  (504,7), 


[Timing] Time passed: 576.871968 s

Posterior Probability: -82.89154382
Agreement with demo: 10%
Current angular diffs: 95'

Selected number of demos: 47

-- Positive Demos --
 (111,7),  (139,1),  (167,1),  (195,1),  (251,1),  (306,6),  (334,6),  (360,6),  (388,6),  (442,6),  (468,6),  (495,2),  (521,2),  (492,4),  (490,4),  (462,0),  (434,0),  (404,4),  (376,0),  (321,0),  (265,5),  (238,5),  (210,0),  (183,0),  (155,0),  (127,0),  (99,0),  (99,4),  (70,4),  (39,2),  (66,2),  (65,2),  (64,2),  (91,2),  (90,2),  (88,6),  (143,6),  (142,1),  (197,1),  (283,1),  (311,1),  (338,1),  (394,6),  (450,6),  (477,6),  (504,7), 


[Timing] Time passed: 598.173523 s

Posterior Probability: -420.6032575
Agreement with demo: 12%
Current angular diffs: 94'

Selected number of demos: 24

-- Positive Demos --
 (84,2),  (167,1),  (306,6),  (414,6),  (496,2),  (491,2),  (490,4),  (434,0),  (404,4),  (348,0),  (238,5),  (99,0),  (70,4),  (40,2),  (38,6),  (65,2),  (92,2),  (88,6),  (142,1),  (311,1),  (394,6),  (477,6),  (504,6),  (504,7), 


[Timing] Time passed: 603.008 s

Posterior Probability: -184.8443375
Agreement with demo: 17%
Current angular diffs: 83'

Selected number of demos: 23

-- Positive Demos --
 (139,1),  (251,1),  (306,6),  (388,6),  (469,6),  (468,6),  (492,4),  (434,0),  (321,0),  (210,0),  (127,0),  (99,0),  (70,4),  (66,2),  (64,2),  (89,6),  (88,6),  (170,1),  (197,1),  (254,1),  (283,1),  (394,6),  (450,6), 


[Timing] Time passed: 647.961197 s

Posterior Probability: -279.8713503
Agreement with demo: 7.1%
Current angular diffs: 1e+02'

Selected number of demos: 28

-- Positive Demos --
 (84,2),  (139,1),  (195,1),  (306,6),  (334,6),  (414,6),  (442,6),  (469,6),  (522,2),  (490,4),  (462,0),  (404,4),  (321,0),  (293,5),  (210,0),  (127,0),  (99,4),  (70,4),  (39,2),  (64,2),  (90,2),  (89,6),  (143,6),  (254,1),  (367,1),  (394,6),  (477,6),  (504,6), 


[Timing] Time passed: 621.742503 s

Posterior Probability: -64.15527513
Agreement with demo: 14%
Current angular diffs: 88'

Selected number of demos: 48

-- Positive Demos --
 (84,2),  (111,7),  (111,1),  (167,1),  (195,1),  (251,1),  (306,6),  (334,6),  (360,6),  (414,6),  (469,6),  (468,6),  (495,2),  (521,2),  (491,2),  (490,0),  (462,0),  (404,4),  (376,0),  (321,0),  (265,5),  (210,0),  (183,0),  (155,0),  (99,0),  (70,4),  (40,2),  (39,2),  (38,6),  (65,2),  (64,2),  (92,2),  (91,2),  (89,6),  (115,6),  (142,1),  (197,1),  (254,1),  (311,1),  (338,1),  (367,1),  (394,6),  (422,6),  (477,6),  (504,6),  (504,7), 


[Timing] Time passed: 588.184793 s

Posterior Probability: -325.3286037
Agreement with demo: 5.1%
Current angular diffs: 94'

Selected number of demos: 21

-- Positive Demos --
 (167,1),  (222,1),  (279,6),  (334,6),  (414,6),  (495,2),  (490,4),  (434,0),  (321,0),  (183,0),  (127,0),  (70,4),  (66,2),  (64,2),  (92,2),  (90,2),  (88,6),  (170,1),  (338,1),  (367,1),  (450,6), 


[Timing] Time passed: 548.239337 s

Posterior Probability: -87.39770028
Agreement with demo: 17%
Current angular diffs: 83'

Selected number of demos: 71

-- Positive Demos --
 (84,2),  (111,7),  (111,1),  (139,1),  (167,1),  (195,1),  (222,1),  (251,1),  (279,6),  (306,6),  (334,6),  (360,6),  (388,6),  (414,6),  (442,6),  (469,6),  (468,6),  (496,2),  (495,2),  (522,2),  (521,2),  (492,4),  (491,2),  (490,4),  (490,0),  (462,0),  (434,0),  (404,4),  (376,0),  (348,0),  (321,0),  (293,5),  (265,5),  (238,5),  (210,0),  (183,0),  (155,0),  (127,0),  (99,0),  (99,4),  (70,4),  (40,2),  (39,2),  (38,6),  (66,2),  (65,2),  (64,2),  (92,2),  (91,2),  (90,2),  (89,6),  (88,6),  (115,6),  (143,6),  (142,1),  (170,1),  (197,1),  (254,1),  (283,1),  (311,1),  (338,1),  (367,1),  (394,6),  (422,6),  (450,6),  (477,6),  (504,6),  (504,7), 


[Timing] Time passed: 515.713454 s

Posterior Probability: -747.0533055
Agreement with demo: 11%
Current angular diffs: 95'

Selected number of demos: 47

-- Positive Demos --
 (111,7),  (139,1),  (167,1),  (195,1),  (251,1),  (306,6),  (334,6),  (388,6),  (442,6),  (468,6),  (495,2),  (522,2),  (492,4),  (491,2),  (490,4),  (490,0),  (462,0),  (404,4),  (348,0),  (293,5),  (238,5),  (210,0),  (183,0),  (155,0),  (99,0),  (99,4),  (70,4),  (40,2),  (38,6),  (66,2),  (64,2),  (91,2),  (89,6),  (88,6),  (115,6),  (143,6),  (142,1),  (197,1),  (254,1),  (283,1),  (338,1),  (367,1),  (422,6),  (477,6),  (504,7), 


[Timing] Time passed: 347.776405 s

Posterior Probability: -590.5619713
Agreement with demo: 8.1%
Current angular diffs: 96'

Selected number of demos: 35

-- Positive Demos --
 (84,2),  (111,1),  (167,1),  (222,1),  (306,6),  (388,6),  (469,6),  (468,6),  (496,2),  (521,2),  (490,4),  (434,0),  (404,4),  (321,0),  (265,5),  (210,0),  (155,0),  (99,4),  (70,4),  (40,2),  (39,2),  (66,2),  (65,2),  (91,2),  (88,6),  (143,6),  (170,1),  (197,1),  (254,1),  (311,1),  (367,1),  (394,6),  (477,6),  (504,7), 


[Timing] Time passed: 549.164875 s

Posterior Probability: -156.2817373
Agreement with demo: 5.1%
Current angular diffs: 92'

Selected number of demos: 47

-- Positive Demos --
 (84,2),  (111,7),  (111,1),  (139,1),  (195,1),  (251,1),  (279,6),  (306,6),  (334,6),  (388,6),  (442,6),  (469,6),  (468,6),  (495,2),  (521,2),  (491,2),  (490,0),  (462,0),  (434,0),  (404,4),  (376,0),  (348,0),  (321,0),  (265,5),  (210,0),  (183,0),  (127,0),  (99,4),  (70,4),  (39,2),  (66,2),  (65,2),  (92,2),  (91,2),  (90,2),  (88,6),  (143,6),  (142,1),  (197,1),  (283,1),  (338,1),  (367,1),  (422,6),  (477,6),  (504,6),  (504,7), 


[Timing] Time passed: 407.987317 s

Posterior Probability: -214.6032673
Agreement with demo: 9.1%
Current angular diffs: 95'

Selected number of demos: 71

-- Positive Demos --
 (84,2),  (111,7),  (111,1),  (139,1),  (167,1),  (195,1),  (222,1),  (251,1),  (279,6),  (306,6),  (334,6),  (360,6),  (388,6),  (414,6),  (442,6),  (469,6),  (468,6),  (496,2),  (495,2),  (522,2),  (521,2),  (492,4),  (491,2),  (490,4),  (490,0),  (462,0),  (434,0),  (404,4),  (376,0),  (348,0),  (321,0),  (293,5),  (265,5),  (238,5),  (210,0),  (183,0),  (155,0),  (127,0),  (99,0),  (99,4),  (70,4),  (40,2),  (39,2),  (38,6),  (66,2),  (65,2),  (64,2),  (92,2),  (91,2),  (90,2),  (89,6),  (88,6),  (115,6),  (143,6),  (142,1),  (170,1),  (197,1),  (254,1),  (283,1),  (311,1),  (338,1),  (367,1),  (394,6),  (422,6),  (450,6),  (477,6),  (504,6),  (504,7), 


[Timing] Time passed: 438.077411 s

Posterior Probability: -271.9028876
Agreement with demo: 8.1%
Current angular diffs: 97'

Selected number of demos: 47

-- Positive Demos --
 (111,7),  (111,1),  (139,1),  (195,1),  (251,1),  (306,6),  (360,6),  (414,6),  (469,6),  (496,2),  (495,2),  (521,2),  (491,2),  (490,4),  (462,0),  (404,4),  (376,0),  (321,0),  (293,5),  (265,5),  (238,5),  (210,0),  (183,0),  (127,0),  (99,0),  (99,4),  (70,4),  (40,2),  (38,6),  (66,2),  (64,2),  (91,2),  (90,2),  (89,6),  (88,6),  (115,6),  (142,1),  (170,1),  (254,1),  (311,1),  (338,1),  (367,1),  (394,6),  (450,6),  (477,6),  (504,6), 


[Timing] Time passed: 380.319967 s

Posterior Probability: -100.9017599
Agreement with demo: 12%
Current angular diffs: 93'

Selected number of demos: 28

-- Positive Demos --
 (139,1),  (195,1),  (222,1),  (279,6),  (388,6),  (469,6),  (496,2),  (521,2),  (491,2),  (490,4),  (434,0),  (348,0),  (265,5),  (155,0),  (70,4),  (39,2),  (66,2),  (91,2),  (88,6),  (115,6),  (170,1),  (197,1),  (254,1),  (367,1),  (394,6),  (477,6),  (504,6), 


[Timing] Time passed: 473.503327 s

Posterior Probability: -163.247517
Agreement with demo: 14%
Current angular diffs: 80'

Selected number of demos: 71

-- Positive Demos --
 (84,2),  (111,7),  (111,1),  (139,1),  (167,1),  (195,1),  (222,1),  (251,1),  (279,6),  (306,6),  (334,6),  (360,6),  (388,6),  (414,6),  (442,6),  (469,6),  (468,6),  (496,2),  (495,2),  (522,2),  (521,2),  (492,4),  (491,2),  (490,4),  (490,0),  (462,0),  (434,0),  (404,4),  (376,0),  (348,0),  (321,0),  (293,5),  (265,5),  (238,5),  (210,0),  (183,0),  (155,0),  (127,0),  (99,0),  (99,4),  (70,4),  (40,2),  (39,2),  (38,6),  (66,2),  (65,2),  (64,2),  (92,2),  (91,2),  (90,2),  (89,6),  (88,6),  (115,6),  (143,6),  (142,1),  (170,1),  (197,1),  (254,1),  (283,1),  (311,1),  (338,1),  (367,1),  (394,6),  (422,6),  (450,6),  (477,6),  (504,6),  (504,7), 


[Timing] Time passed: 507.599858 s

Posterior Probability: -595.9360756
Agreement with demo: 9.1%
Current angular diffs: 95'

Selected number of demos: 44

-- Positive Demos --
 (84,2),  (111,7),  (139,1),  (167,1),  (195,1),  (222,1),  (251,1),  (306,6),  (360,6),  (414,6),  (469,6),  (496,2),  (522,2),  (521,2),  (491,2),  (490,4),  (462,0),  (434,0),  (404,4),  (348,0),  (321,0),  (265,5),  (210,0),  (155,0),  (127,0),  (99,0),  (70,4),  (40,2),  (38,6),  (66,2),  (64,2),  (91,2),  (90,2),  (88,6),  (143,6),  (142,1),  (197,1),  (283,1),  (338,1),  (367,1),  (422,6),  (477,6),  (504,6), 


[Timing] Time passed: 426.984965 s

Posterior Probability: -259.6519151
Agreement with demo: 22%
Current angular diffs: 79'

Selected number of demos: 24

-- Positive Demos --
 (167,1),  (195,1),  (222,1),  (360,6),  (442,6),  (495,2),  (492,4),  (490,0),  (434,0),  (376,0),  (265,5),  (210,0),  (183,0),  (155,0),  (70,4),  (40,2),  (39,2),  (38,6),  (91,2),  (115,6),  (254,1),  (367,1),  (422,6),  (504,7), 


[Timing] Time passed: 392.990533 s

Posterior Probability: -154.7286461
Agreement with demo: 6.1%
Current angular diffs: 95'

Selected number of demos: 26

-- Positive Demos --
 (111,7),  (139,1),  (222,1),  (279,6),  (388,6),  (468,6),  (521,2),  (490,0),  (404,4),  (376,0),  (348,0),  (238,5),  (183,0),  (99,0),  (40,2),  (39,2),  (66,2),  (92,2),  (90,2),  (143,6),  (197,1),  (283,1),  (367,1),  (477,6),  (504,6), 


[Timing] Time passed: 488.671144 s

Posterior Probability: -296.6982787
Agreement with demo: 7.1%
Current angular diffs: 97'

Selected number of demos: 32

-- Positive Demos --
 (111,1),  (139,1),  (167,1),  (222,1),  (279,6),  (306,6),  (360,6),  (414,6),  (468,6),  (495,2),  (521,2),  (491,2),  (490,0),  (404,4),  (348,0),  (293,5),  (210,0),  (127,0),  (99,0),  (70,4),  (39,2),  (66,2),  (92,2),  (89,6),  (143,6),  (170,1),  (283,1),  (311,1),  (367,1),  (422,6),  (477,6),  (504,7), 


[Timing] Time passed: 354.043028 s

Posterior Probability: -174.2851443
Agreement with demo: 13%
Current angular diffs: 95'

Selected number of demos: 48

-- Positive Demos --
 (84,2),  (111,7),  (139,1),  (167,1),  (222,1),  (251,1),  (279,6),  (306,6),  (360,6),  (388,6),  (442,6),  (469,6),  (468,6),  (496,2),  (495,2),  (522,2),  (521,2),  (491,2),  (490,0),  (434,0),  (404,4),  (348,0),  (293,5),  (265,5),  (210,0),  (183,0),  (127,0),  (99,4),  (70,4),  (40,2),  (38,6),  (66,2),  (64,2),  (91,2),  (89,6),  (88,6),  (143,6),  (170,1),  (254,1),  (311,1),  (338,1),  (367,1),  (394,6),  (450,6),  (477,6),  (504,7), 


[Timing] Time passed: 354.759889 s

Posterior Probability: -117.604318
Agreement with demo: 10%
Current angular diffs: 96'

Selected number of demos: 71

-- Positive Demos --
 (84,2),  (111,7),  (111,1),  (139,1),  (167,1),  (195,1),  (222,1),  (251,1),  (279,6),  (306,6),  (334,6),  (360,6),  (388,6),  (414,6),  (442,6),  (469,6),  (468,6),  (496,2),  (495,2),  (522,2),  (521,2),  (492,4),  (491,2),  (490,4),  (490,0),  (462,0),  (434,0),  (404,4),  (376,0),  (348,0),  (321,0),  (293,5),  (265,5),  (238,5),  (210,0),  (183,0),  (155,0),  (127,0),  (99,0),  (99,4),  (70,4),  (40,2),  (39,2),  (38,6),  (66,2),  (65,2),  (64,2),  (92,2),  (91,2),  (90,2),  (89,6),  (88,6),  (115,6),  (143,6),  (142,1),  (170,1),  (197,1),  (254,1),  (283,1),  (311,1),  (338,1),  (367,1),  (394,6),  (422,6),  (450,6),  (477,6),  (504,6),  (504,7), 


[Timing] Time passed: 389.641589 s

Posterior Probability: -390.9588199
Agreement with demo: 15%
Current angular diffs: 89'

Selected number of demos: 71

-- Positive Demos --
 (84,2),  (111,7),  (111,1),  (139,1),  (167,1),  (195,1),  (222,1),  (251,1),  (279,6),  (306,6),  (334,6),  (360,6),  (388,6),  (414,6),  (442,6),  (469,6),  (468,6),  (496,2),  (495,2),  (522,2),  (521,2),  (492,4),  (491,2),  (490,4),  (490,0),  (462,0),  (434,0),  (404,4),  (376,0),  (348,0),  (321,0),  (293,5),  (265,5),  (238,5),  (210,0),  (183,0),  (155,0),  (127,0),  (99,0),  (99,4),  (70,4),  (40,2),  (39,2),  (38,6),  (66,2),  (65,2),  (64,2),  (92,2),  (91,2),  (90,2),  (89,6),  (88,6),  (115,6),  (143,6),  (142,1),  (170,1),  (197,1),  (254,1),  (283,1),  (311,1),  (338,1),  (367,1),  (394,6),  (422,6),  (450,6),  (477,6),  (504,6),  (504,7), 


[Timing] Time passed: 381.209013 s

Posterior Probability: -629.9512329
Agreement with demo: 10%
Current angular diffs: 96'

Selected number of demos: 71

-- Positive Demos --
 (84,2),  (111,7),  (111,1),  (139,1),  (167,1),  (195,1),  (222,1),  (251,1),  (279,6),  (306,6),  (334,6),  (360,6),  (388,6),  (414,6),  (442,6),  (469,6),  (468,6),  (496,2),  (495,2),  (522,2),  (521,2),  (492,4),  (491,2),  (490,4),  (490,0),  (462,0),  (434,0),  (404,4),  (376,0),  (348,0),  (321,0),  (293,5),  (265,5),  (238,5),  (210,0),  (183,0),  (155,0),  (127,0),  (99,0),  (99,4),  (70,4),  (40,2),  (39,2),  (38,6),  (66,2),  (65,2),  (64,2),  (92,2),  (91,2),  (90,2),  (89,6),  (88,6),  (115,6),  (143,6),  (142,1),  (170,1),  (197,1),  (254,1),  (283,1),  (311,1),  (338,1),  (367,1),  (394,6),  (422,6),  (450,6),  (477,6),  (504,6),  (504,7), 


[Timing] Time passed: 395.438999 s

Posterior Probability: -269.8165552
Agreement with demo: 4%
Current angular diffs: 94'

Selected number of demos: 36

-- Positive Demos --
 (84,2),  (111,7),  (167,1),  (195,1),  (279,6),  (360,6),  (388,6),  (442,6),  (468,6),  (522,2),  (521,2),  (492,4),  (490,4),  (462,0),  (434,0),  (376,0),  (321,0),  (238,5),  (155,0),  (99,0),  (99,4),  (70,4),  (38,6),  (66,2),  (65,2),  (64,2),  (90,2),  (89,6),  (115,6),  (170,1),  (197,1),  (311,1),  (394,6),  (422,6),  (477,6),  (504,7), 


[Timing] Time passed: 350.187598 s

Posterior Probability: -261.062125
Agreement with demo: 11%
Current angular diffs: 96'

Selected number of demos: 20

-- Positive Demos --
 (111,1),  (251,1),  (388,6),  (496,2),  (522,2),  (492,4),  (490,4),  (404,4),  (321,0),  (238,5),  (127,0),  (40,2),  (39,2),  (65,2),  (90,2),  (143,6),  (197,1),  (283,1),  (422,6),  (504,7), 


[Timing] Time passed: 441.177132 s

Posterior Probability: -151.6577108
Agreement with demo: 11%
Current angular diffs: 96'

Selected number of demos: 23

-- Positive Demos --
 (139,1),  (167,1),  (195,1),  (251,1),  (388,6),  (469,6),  (496,2),  (522,2),  (490,4),  (404,4),  (293,5),  (238,5),  (183,0),  (70,4),  (38,6),  (92,2),  (89,6),  (143,6),  (197,1),  (311,1),  (338,1),  (450,6), 


[Timing] Time passed: 339.489783 s

Posterior Probability: -155.3848284
Agreement with demo: 13%
Current angular diffs: 90'

Selected number of demos: 37

-- Positive Demos --
 (84,2),  (111,7),  (111,1),  (139,1),  (195,1),  (222,1),  (279,6),  (334,6),  (360,6),  (414,6),  (469,6),  (496,2),  (522,2),  (492,4),  (490,0),  (404,4),  (348,0),  (293,5),  (210,0),  (155,0),  (99,0),  (70,4),  (38,6),  (65,2),  (92,2),  (89,6),  (143,6),  (142,1),  (254,1),  (283,1),  (311,1),  (338,1),  (394,6),  (422,6),  (477,6),  (504,6), 


[Timing] Time passed: 447.178351 s

Posterior Probability: -275.5248332
Agreement with demo: 15%
Current angular diffs: 79'

Selected number of demos: 31

-- Positive Demos --
 (111,1),  (222,1),  (251,1),  (360,6),  (414,6),  (469,6),  (468,6),  (496,2),  (495,2),  (491,2),  (490,4),  (462,0),  (404,4),  (321,0),  (265,5),  (210,0),  (183,0),  (99,0),  (70,4),  (39,2),  (66,2),  (92,2),  (91,2),  (90,2),  (88,6),  (143,6),  (197,1),  (311,1),  (338,1),  (450,6),  (504,7), 


[Timing] Time passed: 465.29405 s

Posterior Probability: -253.6228286
Agreement with demo: 7.1%
Current angular diffs: 97'

Selected number of demos: 26

-- Positive Demos --
 (84,2),  (111,1),  (222,1),  (279,6),  (334,6),  (414,6),  (469,6),  (495,2),  (491,2),  (434,0),  (348,0),  (265,5),  (210,0),  (183,0),  (99,0),  (70,4),  (39,2),  (64,2),  (90,2),  (88,6),  (142,1),  (254,1),  (338,1),  (394,6),  (450,6),  (477,6), 


[Timing] Time passed: 467.115861 s

Posterior Probability: -157.4699861
Agreement with demo: 5.1%
Current angular diffs: 97'

Selected number of demos: 34

-- Positive Demos --
 (84,2),  (139,1),  (195,1),  (251,1),  (334,6),  (388,6),  (468,6),  (495,2),  (522,2),  (521,2),  (492,4),  (490,4),  (434,0),  (404,4),  (321,0),  (293,5),  (265,5),  (210,0),  (99,0),  (99,4),  (70,4),  (38,6),  (65,2),  (91,2),  (115,6),  (142,1),  (197,1),  (283,1),  (367,1),  (394,6),  (450,6),  (477,6),  (504,7), 


[Timing] Time passed: 353.212261 s

Posterior Probability: -148.3980297
Agreement with demo: 19%
Current angular diffs: 85'

Selected number of demos: 23

-- Positive Demos --
 (84,2),  (195,1),  (251,1),  (334,6),  (442,6),  (469,6),  (522,2),  (491,2),  (462,0),  (376,0),  (321,0),  (183,0),  (99,0),  (39,2),  (65,2),  (91,2),  (143,6),  (254,1),  (367,1),  (422,6),  (450,6),  (477,6),  (504,7), 


[Timing] Time passed: 542.45841 s

Posterior Probability: -44.43018455
Agreement with demo: 7.1%
Current angular diffs: 97'

-----------------------------
Avg angular diffs: 79'
-- learned weights --
Feature Weights: -0.71975, -0.7775, -0.51425, -0.1, 
