loading features...

Initializing gridworld of size 28 by 22..
    Num states: 616
    Num actions: 8

Total number of demos: 58

Selected number of demos: 43

-- Positive Demos --
 (540,3),  (544,3),  (546,3),  (548,3),  (551,5),  (525,5),  (499,0),  (471,4),  (442,4),  (412,4),  (411,6),  (439,2),  (438,2),  (437,2),  (435,2),  (434,2),  (433,4),  (403,4),  (375,2),  (374,4),  (374,0),  (344,0),  (317,4),  (289,2),  (287,4),  (230,4),  (200,0),  (173,5),  (146,5),  (119,5),  (91,5),  (65,7),  (94,7),  (122,7),  (123,7),  (152,7),  (98,5),  (71,5),  (45,3),  (48,3),  (51,7), 


[Timing] Time passed: 512.250679 s

Posterior Probability: -239.0193272
Agreement with demo: 13%
Current angular diffs: 87'

Selected number of demos: 25

-- Positive Demos --
 (540,3),  (542,3),  (544,3),  (548,3),  (551,5),  (499,0),  (471,0),  (412,4),  (411,6),  (438,2),  (434,2),  (433,4),  (375,2),  (374,4),  (344,0),  (289,2),  (230,4),  (146,5),  (65,7),  (123,7),  (125,0),  (45,3),  (48,3),  (51,7), 


[Timing] Time passed: 449.401842 s

Posterior Probability: -196.9334824
Agreement with demo: 8.6%
Current angular diffs: 1e+02'

Selected number of demos: 41

-- Positive Demos --
 (540,3),  (542,3),  (544,3),  (546,3),  (548,3),  (550,3),  (551,5),  (526,5),  (499,0),  (471,4),  (470,4),  (412,4),  (411,6),  (439,2),  (438,2),  (435,2),  (434,2),  (403,4),  (374,4),  (374,0),  (344,0),  (317,0),  (317,4),  (289,2),  (288,4),  (259,4),  (200,0),  (146,5),  (119,5),  (64,3),  (65,7),  (122,7),  (152,7),  (125,0),  (71,5),  (72,5),  (46,3),  (50,3),  (51,7), 


[Timing] Time passed: 554.87335 s

Posterior Probability: -232.1109494
Agreement with demo: 15%
Current angular diffs: 84'

Selected number of demos: 23

-- Positive Demos --
 (542,3),  (546,3),  (551,5),  (471,0),  (412,2),  (439,2),  (438,2),  (437,2),  (435,2),  (403,4),  (375,2),  (374,0),  (344,0),  (288,4),  (173,5),  (64,3),  (94,7),  (122,7),  (125,0),  (72,5),  (45,3),  (48,3),  (51,7), 


[Timing] Time passed: 541.142906 s

Posterior Probability: -154.3014036
Agreement with demo: 8.6%
Current angular diffs: 1e+02'

Selected number of demos: 38

-- Positive Demos --
 (540,3),  (544,3),  (546,3),  (550,3),  (525,5),  (499,0),  (471,4),  (442,4),  (412,2),  (411,6),  (439,2),  (437,2),  (434,2),  (403,4),  (375,2),  (374,0),  (317,0),  (289,2),  (288,4),  (287,4),  (259,4),  (200,0),  (146,5),  (119,5),  (91,5),  (64,3),  (65,7),  (94,7),  (122,7),  (123,7),  (152,7),  (98,5),  (71,5),  (45,3),  (48,3),  (51,7), 


[Timing] Time passed: 504.941597 s

Posterior Probability: -336.4241365
Agreement with demo: 15%
Current angular diffs: 88'

Selected number of demos: 38

-- Positive Demos --
 (542,3),  (544,3),  (546,3),  (548,3),  (550,3),  (551,5),  (525,5),  (499,0),  (471,0),  (470,4),  (442,4),  (412,2),  (411,6),  (438,2),  (435,2),  (434,2),  (403,4),  (375,2),  (374,0),  (344,0),  (317,0),  (317,4),  (289,2),  (288,4),  (259,4),  (200,0),  (173,5),  (119,5),  (64,3),  (65,7),  (122,7),  (152,7),  (125,0),  (71,5),  (45,3),  (46,3),  (50,3),  (51,7), 


[Timing] Time passed: 494.329185 s

Posterior Probability: -195.3599319
Agreement with demo: 13%
Current angular diffs: 94'

Selected number of demos: 18

-- Positive Demos --
 (546,3),  (550,3),  (526,5),  (442,4),  (438,2),  (435,2),  (375,2),  (317,4),  (289,2),  (230,4),  (173,5),  (146,5),  (65,7),  (125,0),  (45,3),  (50,3),  (51,7), 


[Timing] Time passed: 387.972846 s

Posterior Probability: -58.45757337
Agreement with demo: 12%
Current angular diffs: 91'

Selected number of demos: 58

-- Positive Demos --
 (540,3),  (542,3),  (544,3),  (546,3),  (548,3),  (550,3),  (551,5),  (525,5),  (526,5),  (499,0),  (471,0),  (471,4),  (470,4),  (442,4),  (412,4),  (412,2),  (411,6),  (439,2),  (438,2),  (437,2),  (435,2),  (434,2),  (433,4),  (403,4),  (375,2),  (374,4),  (374,0),  (344,0),  (317,0),  (317,4),  (289,2),  (288,4),  (287,4),  (259,4),  (230,4),  (200,0),  (173,5),  (146,5),  (119,5),  (91,5),  (64,3),  (65,7),  (94,7),  (122,7),  (123,7),  (152,7),  (125,0),  (98,5),  (71,5),  (72,5),  (45,3),  (46,3),  (48,3),  (50,3),  (51,7), 


[Timing] Time passed: 463.414106 s

Posterior Probability: -344.7065237
Agreement with demo: 7.5%
Current angular diffs: 1e+02'

Selected number of demos: 22

-- Positive Demos --
 (546,3),  (548,3),  (525,5),  (526,5),  (499,0),  (471,0),  (412,4),  (411,6),  (435,2),  (403,4),  (344,0),  (289,2),  (230,4),  (173,5),  (64,3),  (123,7),  (98,5),  (46,3),  (48,3),  (50,3),  (51,7), 


[Timing] Time passed: 506.888625 s

Posterior Probability: -436.6272762
Agreement with demo: 20%
Current angular diffs: 86'

Selected number of demos: 58

-- Positive Demos --
 (540,3),  (542,3),  (544,3),  (546,3),  (548,3),  (550,3),  (551,5),  (525,5),  (526,5),  (499,0),  (471,0),  (471,4),  (470,4),  (442,4),  (412,4),  (412,2),  (411,6),  (439,2),  (438,2),  (437,2),  (435,2),  (434,2),  (433,4),  (403,4),  (375,2),  (374,4),  (374,0),  (344,0),  (317,0),  (317,4),  (289,2),  (288,4),  (287,4),  (259,4),  (230,4),  (200,0),  (173,5),  (146,5),  (119,5),  (91,5),  (64,3),  (65,7),  (94,7),  (122,7),  (123,7),  (152,7),  (125,0),  (98,5),  (71,5),  (72,5),  (45,3),  (46,3),  (48,3),  (50,3),  (51,7), 


[Timing] Time passed: 549.695962 s

Posterior Probability: -326.3867696
Agreement with demo: 9.7%
Current angular diffs: 1e+02'

Selected number of demos: 58

-- Positive Demos --
 (540,3),  (542,3),  (544,3),  (546,3),  (548,3),  (550,3),  (551,5),  (525,5),  (526,5),  (499,0),  (471,0),  (471,4),  (470,4),  (442,4),  (412,4),  (412,2),  (411,6),  (439,2),  (438,2),  (437,2),  (435,2),  (434,2),  (433,4),  (403,4),  (375,2),  (374,4),  (374,0),  (344,0),  (317,0),  (317,4),  (289,2),  (288,4),  (287,4),  (259,4),  (230,4),  (200,0),  (173,5),  (146,5),  (119,5),  (91,5),  (64,3),  (65,7),  (94,7),  (122,7),  (123,7),  (152,7),  (125,0),  (98,5),  (71,5),  (72,5),  (45,3),  (46,3),  (48,3),  (50,3),  (51,7), 


[Timing] Time passed: 436.14082 s

Posterior Probability: -314.4548145
Agreement with demo: 17%
Current angular diffs: 91'

Selected number of demos: 22

-- Positive Demos --
 (544,3),  (548,3),  (526,5),  (470,4),  (442,4),  (439,2),  (435,2),  (433,4),  (375,2),  (374,0),  (344,0),  (317,0),  (317,4),  (288,4),  (230,4),  (119,5),  (65,7),  (123,7),  (71,5),  (72,5),  (45,3),  (48,3), 


[Timing] Time passed: 451.049523 s

Posterior Probability: -191.7539053
Agreement with demo: 6.5%
Current angular diffs: 1e+02'

Selected number of demos: 30

-- Positive Demos --
 (544,3),  (546,3),  (550,3),  (551,5),  (499,0),  (471,0),  (471,4),  (412,4),  (439,2),  (437,2),  (434,2),  (433,4),  (403,4),  (375,2),  (344,0),  (317,4),  (289,2),  (288,4),  (287,4),  (200,0),  (146,5),  (91,5),  (94,7),  (152,7),  (98,5),  (72,5),  (48,3),  (51,7), 


[Timing] Time passed: 344.474971 s

Posterior Probability: -113.2174163
Agreement with demo: 11%
Current angular diffs: 93'

Selected number of demos: 37

-- Positive Demos --
 (540,3),  (542,3),  (544,3),  (548,3),  (550,3),  (551,5),  (526,5),  (471,0),  (470,4),  (412,4),  (412,2),  (411,6),  (438,2),  (437,2),  (434,2),  (433,4),  (403,4),  (375,2),  (374,0),  (317,0),  (289,2),  (287,4),  (230,4),  (200,0),  (173,5),  (119,5),  (91,5),  (64,3),  (94,7),  (123,7),  (125,0),  (71,5),  (45,3),  (46,3),  (50,3),  (51,7), 


[Timing] Time passed: 399.628966 s

Posterior Probability: -77.11330006
Agreement with demo: 15%
Current angular diffs: 86'

Selected number of demos: 25

-- Positive Demos --
 (540,3),  (542,3),  (546,3),  (525,5),  (499,0),  (471,0),  (442,4),  (439,2),  (435,2),  (434,2),  (433,4),  (403,4),  (375,2),  (317,4),  (289,2),  (200,0),  (173,5),  (146,5),  (64,3),  (152,7),  (125,0),  (71,5),  (72,5),  (50,3), 


[Timing] Time passed: 497.79698 s

Posterior Probability: -109.2227882
Agreement with demo: 6.5%
Current angular diffs: 1e+02'

Selected number of demos: 58

-- Positive Demos --
 (540,3),  (542,3),  (544,3),  (546,3),  (548,3),  (550,3),  (551,5),  (525,5),  (526,5),  (499,0),  (471,0),  (471,4),  (470,4),  (442,4),  (412,4),  (412,2),  (411,6),  (439,2),  (438,2),  (437,2),  (435,2),  (434,2),  (433,4),  (403,4),  (375,2),  (374,4),  (374,0),  (344,0),  (317,0),  (317,4),  (289,2),  (288,4),  (287,4),  (259,4),  (230,4),  (200,0),  (173,5),  (146,5),  (119,5),  (91,5),  (64,3),  (65,7),  (94,7),  (122,7),  (123,7),  (152,7),  (125,0),  (98,5),  (71,5),  (72,5),  (45,3),  (46,3),  (48,3),  (50,3),  (51,7), 


[Timing] Time passed: 383.62489 s

Posterior Probability: -473.03561
Agreement with demo: 16%
Current angular diffs: 85'

Selected number of demos: 22

-- Positive Demos --
 (548,3),  (550,3),  (499,0),  (442,4),  (412,2),  (411,6),  (439,2),  (433,4),  (403,4),  (374,0),  (317,0),  (317,4),  (289,2),  (259,4),  (230,4),  (119,5),  (65,7),  (94,7),  (152,7),  (98,5),  (72,5),  (48,3), 


[Timing] Time passed: 384.931802 s

Posterior Probability: -89.78273067
Agreement with demo: 18%
Current angular diffs: 80'

Selected number of demos: 58

-- Positive Demos --
 (540,3),  (542,3),  (544,3),  (546,3),  (548,3),  (550,3),  (551,5),  (525,5),  (526,5),  (499,0),  (471,0),  (471,4),  (470,4),  (442,4),  (412,4),  (412,2),  (411,6),  (439,2),  (438,2),  (437,2),  (435,2),  (434,2),  (433,4),  (403,4),  (375,2),  (374,4),  (374,0),  (344,0),  (317,0),  (317,4),  (289,2),  (288,4),  (287,4),  (259,4),  (230,4),  (200,0),  (173,5),  (146,5),  (119,5),  (91,5),  (64,3),  (65,7),  (94,7),  (122,7),  (123,7),  (152,7),  (125,0),  (98,5),  (71,5),  (72,5),  (45,3),  (46,3),  (48,3),  (50,3),  (51,7), 


[Timing] Time passed: 424.675361 s

Posterior Probability: -401.1980367
Agreement with demo: 8.6%
Current angular diffs: 1e+02'

Selected number of demos: 38

-- Positive Demos --
 (540,3),  (542,3),  (546,3),  (548,3),  (551,5),  (526,5),  (471,0),  (470,4),  (412,4),  (412,2),  (439,2),  (437,2),  (435,2),  (434,2),  (433,4),  (403,4),  (375,2),  (374,0),  (317,0),  (289,2),  (288,4),  (259,4),  (230,4),  (200,0),  (146,5),  (91,5),  (64,3),  (65,7),  (122,7),  (123,7),  (152,7),  (98,5),  (72,5),  (46,3),  (48,3),  (51,7), 


[Timing] Time passed: 421.929457 s

Posterior Probability: -230.6510621
Agreement with demo: 9.7%
Current angular diffs: 94'

Selected number of demos: 28

-- Positive Demos --
 (542,3),  (544,3),  (548,3),  (551,5),  (526,5),  (471,0),  (471,4),  (412,4),  (439,2),  (435,2),  (434,2),  (403,4),  (374,0),  (317,0),  (317,4),  (289,2),  (287,4),  (230,4),  (146,5),  (64,3),  (65,7),  (123,7),  (152,7),  (98,5),  (71,5),  (46,3),  (51,7), 


[Timing] Time passed: 397.800542 s

Posterior Probability: -119.2580607
Agreement with demo: 11%
Current angular diffs: 88'

Selected number of demos: 21

-- Positive Demos --
 (546,3),  (550,3),  (499,0),  (470,4),  (412,4),  (437,2),  (435,2),  (433,4),  (375,2),  (374,4),  (374,0),  (317,0),  (317,4),  (259,4),  (173,5),  (91,5),  (122,7),  (123,7),  (125,0),  (45,3),  (51,7), 


[Timing] Time passed: 377.053677 s

Posterior Probability: -69.2803707
Agreement with demo: 11%
Current angular diffs: 94'

Selected number of demos: 22

-- Positive Demos --
 (546,3),  (525,5),  (499,0),  (471,4),  (412,4),  (438,2),  (433,4),  (403,4),  (374,4),  (317,0),  (289,2),  (259,4),  (230,4),  (200,0),  (173,5),  (119,5),  (91,5),  (94,7),  (125,0),  (98,5),  (72,5),  (48,3), 


[Timing] Time passed: 460.677144 s

Posterior Probability: -142.4600009
Agreement with demo: 12%
Current angular diffs: 91'

Selected number of demos: 25

-- Positive Demos --
 (542,3),  (548,3),  (525,5),  (471,4),  (442,4),  (411,6),  (439,2),  (434,2),  (403,4),  (374,0),  (344,0),  (289,2),  (288,4),  (230,4),  (173,5),  (146,5),  (91,5),  (64,3),  (65,7),  (122,7),  (125,0),  (71,5),  (48,3),  (51,7), 


[Timing] Time passed: 523.634415 s

Posterior Probability: -55.51917314
Agreement with demo: 8.6%
Current angular diffs: 98'

Selected number of demos: 22

-- Positive Demos --
 (544,3),  (548,3),  (550,3),  (499,0),  (471,0),  (471,4),  (442,4),  (412,4),  (412,2),  (411,6),  (435,2),  (403,4),  (344,0),  (289,2),  (287,4),  (259,4),  (146,5),  (64,3),  (122,7),  (152,7),  (72,5),  (48,3), 


[Timing] Time passed: 461.554812 s

Posterior Probability: -127.1127851
Agreement with demo: 8.6%
Current angular diffs: 1e+02'

Selected number of demos: 27

-- Positive Demos --
 (542,3),  (548,3),  (525,5),  (499,0),  (471,4),  (470,4),  (442,4),  (412,4),  (439,2),  (437,2),  (434,2),  (433,4),  (375,2),  (344,0),  (317,4),  (289,2),  (287,4),  (259,4),  (200,0),  (119,5),  (64,3),  (122,7),  (152,7),  (71,5),  (46,3),  (50,3), 


[Timing] Time passed: 398.893733 s

Posterior Probability: -251.0679083
Agreement with demo: 16%
Current angular diffs: 81'

Selected number of demos: 20

-- Positive Demos --
 (542,3),  (548,3),  (550,3),  (526,5),  (499,0),  (442,4),  (439,2),  (435,2),  (375,2),  (374,4),  (317,0),  (288,4),  (200,0),  (146,5),  (91,5),  (123,7),  (125,0),  (72,5),  (46,3),  (48,3), 


[Timing] Time passed: 336.477563 s

Posterior Probability: -78.36509617
Agreement with demo: 11%
Current angular diffs: 99'

Selected number of demos: 58

-- Positive Demos --
 (540,3),  (542,3),  (544,3),  (546,3),  (548,3),  (550,3),  (551,5),  (525,5),  (526,5),  (499,0),  (471,0),  (471,4),  (470,4),  (442,4),  (412,4),  (412,2),  (411,6),  (439,2),  (438,2),  (437,2),  (435,2),  (434,2),  (433,4),  (403,4),  (375,2),  (374,4),  (374,0),  (344,0),  (317,0),  (317,4),  (289,2),  (288,4),  (287,4),  (259,4),  (230,4),  (200,0),  (173,5),  (146,5),  (119,5),  (91,5),  (64,3),  (65,7),  (94,7),  (122,7),  (123,7),  (152,7),  (125,0),  (98,5),  (71,5),  (72,5),  (45,3),  (46,3),  (48,3),  (50,3),  (51,7), 


[Timing] Time passed: 335.262022 s

Posterior Probability: -116.6096479
Agreement with demo: 15%
Current angular diffs: 87'

Selected number of demos: 24

-- Positive Demos --
 (540,3),  (548,3),  (551,5),  (499,0),  (471,4),  (442,4),  (411,6),  (437,2),  (434,2),  (433,4),  (375,2),  (374,4),  (374,0),  (344,0),  (289,2),  (230,4),  (119,5),  (91,5),  (122,7),  (123,7),  (71,5),  (72,5),  (50,3),  (51,7), 


[Timing] Time passed: 336.064415 s

Posterior Probability: -217.3545348
Agreement with demo: 8.6%
Current angular diffs: 1e+02'

Selected number of demos: 58

-- Positive Demos --
 (540,3),  (542,3),  (544,3),  (546,3),  (548,3),  (550,3),  (551,5),  (525,5),  (526,5),  (499,0),  (471,0),  (471,4),  (470,4),  (442,4),  (412,4),  (412,2),  (411,6),  (439,2),  (438,2),  (437,2),  (435,2),  (434,2),  (433,4),  (403,4),  (375,2),  (374,4),  (374,0),  (344,0),  (317,0),  (317,4),  (289,2),  (288,4),  (287,4),  (259,4),  (230,4),  (200,0),  (173,5),  (146,5),  (119,5),  (91,5),  (64,3),  (65,7),  (94,7),  (122,7),  (123,7),  (152,7),  (125,0),  (98,5),  (71,5),  (72,5),  (45,3),  (46,3),  (48,3),  (50,3),  (51,7), 


[Timing] Time passed: 334.602866 s

Posterior Probability: -243.5147124
Agreement with demo: 13%
Current angular diffs: 85'

Selected number of demos: 18

-- Positive Demos --
 (542,3),  (544,3),  (525,5),  (470,4),  (412,4),  (411,6),  (434,2),  (403,4),  (374,0),  (289,2),  (230,4),  (173,5),  (64,3),  (122,7),  (123,7),  (71,5),  (48,3),  (51,7), 


[Timing] Time passed: 333.368428 s

Posterior Probability: -62.68433559
Agreement with demo: 8.6%
Current angular diffs: 1e+02'

Selected number of demos: 58

-- Positive Demos --
 (540,3),  (542,3),  (544,3),  (546,3),  (548,3),  (550,3),  (551,5),  (525,5),  (526,5),  (499,0),  (471,0),  (471,4),  (470,4),  (442,4),  (412,4),  (412,2),  (411,6),  (439,2),  (438,2),  (437,2),  (435,2),  (434,2),  (433,4),  (403,4),  (375,2),  (374,4),  (374,0),  (344,0),  (317,0),  (317,4),  (289,2),  (288,4),  (287,4),  (259,4),  (230,4),  (200,0),  (173,5),  (146,5),  (119,5),  (91,5),  (64,3),  (65,7),  (94,7),  (122,7),  (123,7),  (152,7),  (125,0),  (98,5),  (71,5),  (72,5),  (45,3),  (46,3),  (48,3),  (50,3),  (51,7), 


[Timing] Time passed: 347.178286 s

Posterior Probability: -760.5584042
Agreement with demo: 15%
Current angular diffs: 86'

Selected number of demos: 29

-- Positive Demos --
 (544,3),  (550,3),  (551,5),  (499,0),  (470,4),  (412,2),  (438,2),  (435,2),  (434,2),  (403,4),  (374,0),  (344,0),  (317,4),  (288,4),  (287,4),  (259,4),  (230,4),  (173,5),  (146,5),  (119,5),  (91,5),  (64,3),  (94,7),  (152,7),  (98,5),  (45,3),  (46,3),  (48,3),  (51,7), 


[Timing] Time passed: 334.56665 s

Posterior Probability: -298.3798525
Agreement with demo: 6.5%
Current angular diffs: 1e+02'

Selected number of demos: 24

-- Positive Demos --
 (542,3),  (544,3),  (546,3),  (551,5),  (499,0),  (471,0),  (442,4),  (439,2),  (438,2),  (435,2),  (433,4),  (374,4),  (374,0),  (317,4),  (259,4),  (200,0),  (173,5),  (146,5),  (64,3),  (94,7),  (125,0),  (46,3),  (48,3),  (51,7), 


[Timing] Time passed: 336.891878 s

Posterior Probability: -486.6423229
Agreement with demo: 19%
Current angular diffs: 81'

Selected number of demos: 19

-- Positive Demos --
 (544,3),  (525,5),  (471,4),  (412,4),  (439,2),  (437,2),  (433,4),  (403,4),  (375,2),  (374,4),  (374,0),  (317,0),  (288,4),  (230,4),  (91,5),  (123,7),  (152,7),  (98,5),  (48,3), 


[Timing] Time passed: 339.388453 s

Posterior Probability: -320.6923896
Agreement with demo: 17%
Current angular diffs: 86'

Selected number of demos: 27

-- Positive Demos --
 (540,3),  (542,3),  (546,3),  (550,3),  (551,5),  (525,5),  (471,0),  (442,4),  (411,6),  (437,2),  (435,2),  (403,4),  (374,4),  (344,0),  (289,2),  (288,4),  (230,4),  (146,5),  (119,5),  (64,3),  (65,7),  (123,7),  (152,7),  (98,5),  (45,3),  (50,3), 


[Timing] Time passed: 341.521797 s

Posterior Probability: -419.3844511
Agreement with demo: 20%
Current angular diffs: 84'

Selected number of demos: 23

-- Positive Demos --
 (540,3),  (546,3),  (550,3),  (551,5),  (525,5),  (526,5),  (471,0),  (442,4),  (439,2),  (434,2),  (375,2),  (317,0),  (288,4),  (287,4),  (230,4),  (200,0),  (91,5),  (122,7),  (152,7),  (98,5),  (46,3),  (48,3),  (51,7), 


[Timing] Time passed: 343.409628 s

Posterior Probability: -48.68746704
Agreement with demo: 22%
Current angular diffs: 82'

-----------------------------
Avg angular diffs: 80'
-- learned weights --
Feature Weights: -0.6725, -0.87725, 0.03975, -0.1, 
