loading features...

Initializing gridworld of size 28 by 22..
    Num states: 616
    Num actions: 8

Total number of demos: 45

Selected number of demos: 34

-- Positive Demos --
 (545,3),  (521,3),  (523,3),  (524,3),  (499,5),  (472,5),  (444,0),  (387,4),  (330,4),  (329,2),  (298,2),  (296,2),  (266,2),  (265,2),  (235,2),  (233,2),  (232,2),  (200,4),  (172,4),  (143,0),  (115,0),  (115,5),  (60,3),  (62,3),  (63,3),  (66,3),  (41,3),  (43,3),  (44,3),  (46,3),  (48,3),  (49,3),  (52,3),  (53,7), 


[Timing] Time passed: 539.74386 s

Posterior Probability: -271.9408471
Agreement with demo: 14%
Current angular diffs: 84'

Selected number of demos: 19

-- Positive Demos --
 (523,3),  (472,5),  (472,0),  (387,4),  (299,2),  (298,2),  (235,2),  (230,2),  (200,4),  (172,4),  (143,0),  (115,0),  (88,5),  (62,3),  (66,3),  (39,3),  (46,3),  (49,3),  (52,3), 


[Timing] Time passed: 498.795566 s

Posterior Probability: -217.2579457
Agreement with demo: 7%
Current angular diffs: 96'

Selected number of demos: 18

-- Positive Demos --
 (545,3),  (524,3),  (472,5),  (444,0),  (358,4),  (299,2),  (296,2),  (266,2),  (233,2),  (232,2),  (172,4),  (143,0),  (115,5),  (63,3),  (41,3),  (43,3),  (48,3),  (52,3), 


[Timing] Time passed: 568.057785 s

Posterior Probability: -175.6278645
Agreement with demo: 5.3%
Current angular diffs: 92'

Selected number of demos: 22

-- Positive Demos --
 (547,3),  (524,3),  (472,5),  (444,0),  (415,0),  (387,4),  (329,2),  (299,2),  (296,2),  (266,2),  (233,2),  (230,2),  (172,4),  (115,5),  (60,3),  (65,3),  (41,3),  (43,3),  (44,3),  (48,3),  (51,3),  (53,7), 


[Timing] Time passed: 508.71923 s

Posterior Probability: -65.2211177
Agreement with demo: 18%
Current angular diffs: 90'

Selected number of demos: 13

-- Positive Demos --
 (547,3),  (523,3),  (472,0),  (330,4),  (329,2),  (296,2),  (232,2),  (143,0),  (88,5),  (66,3),  (44,3),  (48,3),  (53,7), 


[Timing] Time passed: 560.353496 s

Posterior Probability: -292.8444861
Agreement with demo: 8.8%
Current angular diffs: 94'

Selected number of demos: 12

-- Positive Demos --
 (547,3),  (521,3),  (499,5),  (387,4),  (299,2),  (265,2),  (200,4),  (88,5),  (66,3),  (46,3),  (49,3),  (53,7), 


[Timing] Time passed: 448.347193 s

Posterior Probability: -137.8886863
Agreement with demo: 14%
Current angular diffs: 93'

Selected number of demos: 15

-- Positive Demos --
 (523,3),  (499,5),  (472,0),  (387,4),  (299,2),  (265,2),  (232,2),  (230,2),  (143,0),  (88,5),  (63,3),  (41,3),  (43,3),  (44,3),  (52,3), 


[Timing] Time passed: 544.107993 s

Posterior Probability: -64.45404718
Agreement with demo: 16%
Current angular diffs: 81'

Selected number of demos: 45

-- Positive Demos --
 (545,3),  (547,3),  (521,3),  (523,3),  (524,3),  (498,5),  (499,5),  (472,5),  (472,0),  (444,0),  (415,0),  (387,4),  (358,4),  (330,4),  (329,2),  (299,2),  (298,2),  (296,2),  (266,2),  (265,2),  (235,2),  (233,2),  (232,2),  (230,2),  (200,4),  (172,4),  (143,0),  (115,0),  (115,5),  (88,5),  (60,3),  (62,3),  (63,3),  (65,3),  (66,3),  (39,3),  (41,3),  (43,3),  (44,3),  (46,3),  (48,3),  (49,3),  (51,3),  (52,3),  (53,7), 


[Timing] Time passed: 496.738532 s

Posterior Probability: -138.6603075
Agreement with demo: 19%
Current angular diffs: 82'

Selected number of demos: 29

-- Positive Demos --
 (547,3),  (523,3),  (524,3),  (499,5),  (472,0),  (444,0),  (387,4),  (358,4),  (330,4),  (299,2),  (296,2),  (266,2),  (235,2),  (233,2),  (230,2),  (172,4),  (143,0),  (115,5),  (60,3),  (62,3),  (63,3),  (65,3),  (39,3),  (43,3),  (44,3),  (48,3),  (49,3),  (52,3),  (53,7), 


[Timing] Time passed: 397.445167 s

Posterior Probability: -84.9129835
Agreement with demo: 5.3%
Current angular diffs: 84'

Selected number of demos: 21

-- Positive Demos --
 (545,3),  (523,3),  (472,5),  (472,0),  (415,0),  (387,4),  (358,4),  (330,4),  (266,2),  (235,2),  (232,2),  (172,4),  (143,0),  (115,0),  (88,5),  (62,3),  (39,3),  (43,3),  (46,3),  (48,3),  (52,3), 


[Timing] Time passed: 421.430375 s

Posterior Probability: -355.7030501
Agreement with demo: 16%
Current angular diffs: 91'

Selected number of demos: 24

-- Positive Demos --
 (521,3),  (524,3),  (498,5),  (499,5),  (472,5),  (444,0),  (415,0),  (358,4),  (329,2),  (298,2),  (266,2),  (235,2),  (232,2),  (172,4),  (143,0),  (88,5),  (60,3),  (65,3),  (41,3),  (44,3),  (46,3),  (49,3),  (51,3),  (53,7), 


[Timing] Time passed: 623.007569 s

Posterior Probability: -141.9312524
Agreement with demo: 5.3%
Current angular diffs: 98'

Selected number of demos: 16

-- Positive Demos --
 (524,3),  (472,0),  (358,4),  (329,2),  (266,2),  (265,2),  (232,2),  (143,0),  (60,3),  (63,3),  (39,3),  (41,3),  (44,3),  (46,3),  (48,3),  (51,3), 


[Timing] Time passed: 361.364703 s

Posterior Probability: -75.32257072
Agreement with demo: 8.8%
Current angular diffs: 84'

Selected number of demos: 13

-- Positive Demos --
 (545,3),  (521,3),  (523,3),  (472,5),  (444,0),  (329,2),  (266,2),  (265,2),  (200,4),  (88,5),  (65,3),  (44,3),  (52,3), 


[Timing] Time passed: 421.954199 s

Posterior Probability: -89.25571277
Agreement with demo: 11%
Current angular diffs: 87'

Selected number of demos: 15

-- Positive Demos --
 (523,3),  (472,0),  (415,0),  (329,2),  (298,2),  (233,2),  (172,4),  (115,5),  (60,3),  (63,3),  (65,3),  (43,3),  (49,3),  (52,3),  (53,7), 


[Timing] Time passed: 457.530541 s

Posterior Probability: -316.012773
Agreement with demo: 7%
Current angular diffs: 92'

Selected number of demos: 21

-- Positive Demos --
 (523,3),  (524,3),  (498,5),  (472,5),  (444,0),  (358,4),  (329,2),  (266,2),  (232,2),  (172,4),  (143,0),  (88,5),  (63,3),  (65,3),  (66,3),  (41,3),  (43,3),  (46,3),  (48,3),  (51,3),  (52,3), 


[Timing] Time passed: 495.651068 s

Posterior Probability: -160.724692
Agreement with demo: 1.8%
Current angular diffs: 96'

Selected number of demos: 27

-- Positive Demos --
 (547,3),  (523,3),  (498,5),  (499,5),  (472,5),  (444,0),  (387,4),  (358,4),  (329,2),  (298,2),  (266,2),  (265,2),  (233,2),  (232,2),  (200,4),  (172,4),  (115,0),  (88,5),  (62,3),  (63,3),  (66,3),  (41,3),  (43,3),  (44,3),  (48,3),  (51,3),  (53,7), 


[Timing] Time passed: 533.28326 s

Posterior Probability: -102.884267
Agreement with demo: 3.5%
Current angular diffs: 88'

Selected number of demos: 45

-- Positive Demos --
 (545,3),  (547,3),  (521,3),  (523,3),  (524,3),  (498,5),  (499,5),  (472,5),  (472,0),  (444,0),  (415,0),  (387,4),  (358,4),  (330,4),  (329,2),  (299,2),  (298,2),  (296,2),  (266,2),  (265,2),  (235,2),  (233,2),  (232,2),  (230,2),  (200,4),  (172,4),  (143,0),  (115,0),  (115,5),  (88,5),  (60,3),  (62,3),  (63,3),  (65,3),  (66,3),  (39,3),  (41,3),  (43,3),  (44,3),  (46,3),  (48,3),  (49,3),  (51,3),  (52,3),  (53,7), 


[Timing] Time passed: 519.203318 s

Posterior Probability: -248.4371438
Agreement with demo: 19%
Current angular diffs: 81'

Selected number of demos: 45

-- Positive Demos --
 (545,3),  (547,3),  (521,3),  (523,3),  (524,3),  (498,5),  (499,5),  (472,5),  (472,0),  (444,0),  (415,0),  (387,4),  (358,4),  (330,4),  (329,2),  (299,2),  (298,2),  (296,2),  (266,2),  (265,2),  (235,2),  (233,2),  (232,2),  (230,2),  (200,4),  (172,4),  (143,0),  (115,0),  (115,5),  (88,5),  (60,3),  (62,3),  (63,3),  (65,3),  (66,3),  (39,3),  (41,3),  (43,3),  (44,3),  (46,3),  (48,3),  (49,3),  (51,3),  (52,3),  (53,7), 


[Timing] Time passed: 514.806083 s

Posterior Probability: -114.5942036
Agreement with demo: 18%
Current angular diffs: 79'

Selected number of demos: 45

-- Positive Demos --
 (545,3),  (547,3),  (521,3),  (523,3),  (524,3),  (498,5),  (499,5),  (472,5),  (472,0),  (444,0),  (415,0),  (387,4),  (358,4),  (330,4),  (329,2),  (299,2),  (298,2),  (296,2),  (266,2),  (265,2),  (235,2),  (233,2),  (232,2),  (230,2),  (200,4),  (172,4),  (143,0),  (115,0),  (115,5),  (88,5),  (60,3),  (62,3),  (63,3),  (65,3),  (66,3),  (39,3),  (41,3),  (43,3),  (44,3),  (46,3),  (48,3),  (49,3),  (51,3),  (52,3),  (53,7), 


[Timing] Time passed: 544.339776 s

Posterior Probability: -228.0287285
Agreement with demo: 14%
Current angular diffs: 92'

Selected number of demos: 14

-- Positive Demos --
 (547,3),  (524,3),  (472,5),  (358,4),  (330,4),  (299,2),  (265,2),  (200,4),  (88,5),  (60,3),  (66,3),  (46,3),  (49,3),  (53,7), 


[Timing] Time passed: 440.976591 s

Posterior Probability: -108.8310168
Agreement with demo: 7%
Current angular diffs: 94'

Selected number of demos: 29

-- Positive Demos --
 (547,3),  (523,3),  (524,3),  (499,5),  (472,0),  (444,0),  (387,4),  (330,4),  (329,2),  (298,2),  (296,2),  (266,2),  (265,2),  (233,2),  (230,2),  (172,4),  (143,0),  (115,0),  (88,5),  (62,3),  (63,3),  (65,3),  (39,3),  (41,3),  (43,3),  (46,3),  (48,3),  (51,3),  (53,7), 


[Timing] Time passed: 474.228507 s

Posterior Probability: -171.2975782
Agreement with demo: 19%
Current angular diffs: 83'

Selected number of demos: 21

-- Positive Demos --
 (545,3),  (521,3),  (523,3),  (498,5),  (472,5),  (444,0),  (358,4),  (329,2),  (298,2),  (265,2),  (232,2),  (230,2),  (143,0),  (115,5),  (60,3),  (63,3),  (39,3),  (43,3),  (48,3),  (51,3),  (53,7), 


[Timing] Time passed: 342.221677 s

Posterior Probability: -236.3876448
Agreement with demo: 14%
Current angular diffs: 91'

Selected number of demos: 13

-- Positive Demos --
 (521,3),  (524,3),  (472,5),  (444,0),  (329,2),  (298,2),  (266,2),  (230,2),  (115,0),  (88,5),  (66,3),  (44,3),  (49,3), 


[Timing] Time passed: 335.541878 s

Posterior Probability: -310.7176944
Agreement with demo: 12%
Current angular diffs: 90'

Selected number of demos: 45

-- Positive Demos --
 (545,3),  (547,3),  (521,3),  (523,3),  (524,3),  (498,5),  (499,5),  (472,5),  (472,0),  (444,0),  (415,0),  (387,4),  (358,4),  (330,4),  (329,2),  (299,2),  (298,2),  (296,2),  (266,2),  (265,2),  (235,2),  (233,2),  (232,2),  (230,2),  (200,4),  (172,4),  (143,0),  (115,0),  (115,5),  (88,5),  (60,3),  (62,3),  (63,3),  (65,3),  (66,3),  (39,3),  (41,3),  (43,3),  (44,3),  (46,3),  (48,3),  (49,3),  (51,3),  (52,3),  (53,7), 


[Timing] Time passed: 345.04035 s

Posterior Probability: -689.0919081
Agreement with demo: 12%
Current angular diffs: 92'

Selected number of demos: 22

-- Positive Demos --
 (521,3),  (498,5),  (499,5),  (472,0),  (444,0),  (358,4),  (299,2),  (298,2),  (266,2),  (235,2),  (232,2),  (172,4),  (115,5),  (60,3),  (62,3),  (65,3),  (39,3),  (41,3),  (43,3),  (48,3),  (52,3),  (53,7), 


[Timing] Time passed: 338.397839 s

Posterior Probability: -131.519602
Agreement with demo: 14%
Current angular diffs: 90'

Selected number of demos: 22

-- Positive Demos --
 (547,3),  (521,3),  (523,3),  (499,5),  (444,0),  (358,4),  (330,4),  (298,2),  (265,2),  (233,2),  (230,2),  (200,4),  (172,4),  (115,5),  (60,3),  (63,3),  (39,3),  (43,3),  (46,3),  (48,3),  (49,3),  (51,3), 


[Timing] Time passed: 340.063984 s

Posterior Probability: -396.3659275
Agreement with demo: 14%
Current angular diffs: 89'

Selected number of demos: 26

-- Positive Demos --
 (545,3),  (523,3),  (499,5),  (472,5),  (472,0),  (444,0),  (358,4),  (330,4),  (329,2),  (298,2),  (265,2),  (235,2),  (233,2),  (232,2),  (200,4),  (172,4),  (115,0),  (60,3),  (62,3),  (66,3),  (43,3),  (44,3),  (46,3),  (48,3),  (51,3),  (53,7), 


[Timing] Time passed: 341.400985 s

Posterior Probability: -510.7028272
Agreement with demo: 11%
Current angular diffs: 95'

Selected number of demos: 30

-- Positive Demos --
 (545,3),  (547,3),  (523,3),  (524,3),  (498,5),  (472,5),  (472,0),  (444,0),  (387,4),  (358,4),  (329,2),  (298,2),  (296,2),  (266,2),  (265,2),  (235,2),  (232,2),  (200,4),  (143,0),  (115,0),  (115,5),  (60,3),  (63,3),  (66,3),  (39,3),  (41,3),  (44,3),  (48,3),  (51,3),  (53,7), 


[Timing] Time passed: 340.194168 s

Posterior Probability: -163.3505222
Agreement with demo: 11%
Current angular diffs: 90'

Selected number of demos: 15

-- Positive Demos --
 (523,3),  (499,5),  (415,0),  (330,4),  (298,2),  (266,2),  (235,2),  (230,2),  (172,4),  (88,5),  (65,3),  (43,3),  (44,3),  (48,3),  (51,3), 


[Timing] Time passed: 331.203631 s

Posterior Probability: -300.3361459
Agreement with demo: 11%
Current angular diffs: 93'

Selected number of demos: 19

-- Positive Demos --
 (547,3),  (524,3),  (498,5),  (472,0),  (387,4),  (329,2),  (296,2),  (235,2),  (232,2),  (200,4),  (115,0),  (88,5),  (62,3),  (65,3),  (41,3),  (44,3),  (46,3),  (49,3),  (52,3), 


[Timing] Time passed: 332.548788 s

Posterior Probability: -189.3783793
Agreement with demo: 14%
Current angular diffs: 88'

Selected number of demos: 16

-- Positive Demos --
 (545,3),  (547,3),  (499,5),  (472,0),  (415,0),  (329,2),  (299,2),  (266,2),  (235,2),  (232,2),  (200,4),  (115,5),  (60,3),  (39,3),  (41,3),  (48,3), 


[Timing] Time passed: 303.103694 s

Posterior Probability: -103.9793331
Agreement with demo: 8.8%
Current angular diffs: 87'

Selected number of demos: 25

-- Positive Demos --
 (547,3),  (524,3),  (498,5),  (499,5),  (472,5),  (444,0),  (415,0),  (387,4),  (358,4),  (329,2),  (298,2),  (296,2),  (266,2),  (233,2),  (232,2),  (230,2),  (172,4),  (115,0),  (60,3),  (65,3),  (39,3),  (41,3),  (43,3),  (48,3),  (52,3), 


[Timing] Time passed: 200.660866 s

Posterior Probability: -63.91383524
Agreement with demo: 3.5%
Current angular diffs: 86'

Selected number of demos: 17

-- Positive Demos --
 (545,3),  (547,3),  (523,3),  (472,5),  (444,0),  (358,4),  (298,2),  (265,2),  (233,2),  (200,4),  (115,0),  (88,5),  (65,3),  (66,3),  (41,3),  (46,3),  (49,3), 


[Timing] Time passed: 278.569259 s

Posterior Probability: -214.4865777
Agreement with demo: 12%
Current angular diffs: 92'

Selected number of demos: 27

-- Positive Demos --
 (545,3),  (521,3),  (524,3),  (498,5),  (472,5),  (444,0),  (387,4),  (330,4),  (299,2),  (296,2),  (265,2),  (235,2),  (232,2),  (230,2),  (172,4),  (143,0),  (115,5),  (60,3),  (62,3),  (65,3),  (66,3),  (39,3),  (41,3),  (44,3),  (48,3),  (51,3),  (53,7), 


[Timing] Time passed: 329.203084 s

Posterior Probability: -263.9911053
Agreement with demo: 12%
Current angular diffs: 92'

Selected number of demos: 29

-- Positive Demos --
 (545,3),  (521,3),  (523,3),  (524,3),  (499,5),  (472,0),  (415,0),  (358,4),  (330,4),  (329,2),  (299,2),  (296,2),  (265,2),  (233,2),  (230,2),  (200,4),  (143,0),  (115,0),  (88,5),  (60,3),  (63,3),  (65,3),  (66,3),  (39,3),  (43,3),  (44,3),  (46,3),  (49,3),  (52,3), 


[Timing] Time passed: 262.396193 s

Posterior Probability: -260.7237074
Agreement with demo: 3.5%
Current angular diffs: 92'

Selected number of demos: 45

-- Positive Demos --
 (545,3),  (547,3),  (521,3),  (523,3),  (524,3),  (498,5),  (499,5),  (472,5),  (472,0),  (444,0),  (415,0),  (387,4),  (358,4),  (330,4),  (329,2),  (299,2),  (298,2),  (296,2),  (266,2),  (265,2),  (235,2),  (233,2),  (232,2),  (230,2),  (200,4),  (172,4),  (143,0),  (115,0),  (115,5),  (88,5),  (60,3),  (62,3),  (63,3),  (65,3),  (66,3),  (39,3),  (41,3),  (43,3),  (44,3),  (46,3),  (48,3),  (49,3),  (51,3),  (52,3),  (53,7), 


[Timing] Time passed: 274.456407 s

Posterior Probability: -205.0321169
Agreement with demo: 14%
Current angular diffs: 84'

Selected number of demos: 29

-- Positive Demos --
 (545,3),  (547,3),  (523,3),  (524,3),  (499,5),  (472,0),  (444,0),  (415,0),  (358,4),  (330,4),  (299,2),  (296,2),  (266,2),  (235,2),  (232,2),  (230,2),  (172,4),  (143,0),  (115,0),  (88,5),  (62,3),  (65,3),  (66,3),  (41,3),  (43,3),  (44,3),  (48,3),  (51,3),  (52,3), 


[Timing] Time passed: 333.606028 s

Posterior Probability: -223.898488
Agreement with demo: 7%
Current angular diffs: 92'

Selected number of demos: 18

-- Positive Demos --
 (523,3),  (498,5),  (472,0),  (358,4),  (298,2),  (266,2),  (233,2),  (172,4),  (143,0),  (115,5),  (88,5),  (63,3),  (66,3),  (43,3),  (44,3),  (46,3),  (49,3),  (52,3), 


[Timing] Time passed: 321.518144 s

Posterior Probability: -68.37700308
Agreement with demo: 5.3%
Current angular diffs: 91'

Selected number of demos: 45

-- Positive Demos --
 (545,3),  (547,3),  (521,3),  (523,3),  (524,3),  (498,5),  (499,5),  (472,5),  (472,0),  (444,0),  (415,0),  (387,4),  (358,4),  (330,4),  (329,2),  (299,2),  (298,2),  (296,2),  (266,2),  (265,2),  (235,2),  (233,2),  (232,2),  (230,2),  (200,4),  (172,4),  (143,0),  (115,0),  (115,5),  (88,5),  (60,3),  (62,3),  (63,3),  (65,3),  (66,3),  (39,3),  (41,3),  (43,3),  (44,3),  (46,3),  (48,3),  (49,3),  (51,3),  (52,3),  (53,7), 


[Timing] Time passed: 328.184895 s

Posterior Probability: -320.2284453
Agreement with demo: 18%
Current angular diffs: 84'

Selected number of demos: 45

-- Positive Demos --
 (545,3),  (547,3),  (521,3),  (523,3),  (524,3),  (498,5),  (499,5),  (472,5),  (472,0),  (444,0),  (415,0),  (387,4),  (358,4),  (330,4),  (329,2),  (299,2),  (298,2),  (296,2),  (266,2),  (265,2),  (235,2),  (233,2),  (232,2),  (230,2),  (200,4),  (172,4),  (143,0),  (115,0),  (115,5),  (88,5),  (60,3),  (62,3),  (63,3),  (65,3),  (66,3),  (39,3),  (41,3),  (43,3),  (44,3),  (46,3),  (48,3),  (49,3),  (51,3),  (52,3),  (53,7), 


[Timing] Time passed: 333.867606 s

Posterior Probability: -196.8263313
Agreement with demo: 11%
Current angular diffs: 83'

Selected number of demos: 16

-- Positive Demos --
 (521,3),  (523,3),  (472,5),  (415,0),  (330,4),  (298,2),  (235,2),  (233,2),  (232,2),  (230,2),  (115,0),  (60,3),  (65,3),  (43,3),  (44,3),  (51,3), 


[Timing] Time passed: 291.515448 s

Posterior Probability: -34.41876715
Agreement with demo: 11%
Current angular diffs: 94'

-----------------------------
Avg angular diffs: 79'
-- learned weights --
Feature Weights: 0.004, -0.5655, -0.0085, -0.1, 
