loading features...

Initializing gridworld of size 28 by 22..
    Num states: 616
    Num actions: 8

Total number of demos: 65

Selected number of demos: 48

-- Positive Demos --
 (519,3),  (522,3),  (523,5),  (496,0),  (441,5),  (412,0),  (386,3),  (359,5),  (333,0),  (305,4),  (276,2),  (275,2),  (274,2),  (272,2),  (271,2),  (269,2),  (240,2),  (265,6),  (292,6),  (319,6),  (345,6),  (344,2),  (342,2),  (340,4),  (312,4),  (282,4),  (224,0),  (195,0),  (168,0),  (112,5),  (85,5),  (58,5),  (31,3),  (33,7),  (63,7),  (64,7),  (93,3),  (96,3),  (97,3),  (72,3),  (75,3),  (78,3),  (79,3),  (80,3),  (52,5),  (25,5),  (0,1),  (25,3), 


[Timing] Time passed: 418.436662 s

Posterior Probability: -349.1604741
Agreement with demo: 18%
Current angular diffs: 87'

Selected number of demos: 37

-- Positive Demos --
 (521,3),  (496,0),  (468,5),  (441,5),  (412,0),  (385,5),  (386,3),  (359,5),  (360,5),  (333,0),  (305,4),  (275,2),  (274,2),  (269,2),  (265,6),  (292,6),  (344,2),  (342,2),  (311,2),  (282,4),  (224,0),  (112,5),  (85,5),  (58,5),  (33,7),  (64,7),  (93,3),  (96,3),  (72,3),  (75,3),  (76,3),  (78,3),  (79,3),  (80,3),  (81,5),  (25,5),  (25,3), 


[Timing] Time passed: 437.658714 s

Posterior Probability: -93.63253652
Agreement with demo: 23%
Current angular diffs: 89'

Selected number of demos: 44

-- Positive Demos --
 (521,3),  (522,3),  (496,0),  (468,5),  (441,5),  (412,0),  (385,5),  (386,3),  (387,3),  (359,5),  (333,0),  (305,4),  (275,2),  (274,2),  (271,2),  (269,2),  (238,6),  (292,6),  (319,6),  (344,2),  (343,2),  (340,4),  (311,2),  (253,4),  (195,0),  (112,5),  (58,5),  (31,3),  (63,7),  (64,7),  (95,3),  (96,3),  (97,3),  (99,3),  (72,3),  (75,3),  (76,3),  (78,3),  (80,3),  (81,5),  (52,5),  (25,5),  (0,1),  (0,6), 


[Timing] Time passed: 410.254157 s

Posterior Probability: -168.879868
Agreement with demo: 11%
Current angular diffs: 81'

Selected number of demos: 35

-- Positive Demos --
 (521,3),  (523,5),  (496,0),  (441,5),  (412,0),  (386,3),  (387,3),  (359,5),  (333,0),  (276,2),  (275,2),  (274,2),  (272,2),  (271,2),  (238,6),  (319,6),  (344,2),  (343,2),  (342,2),  (340,4),  (311,2),  (224,0),  (168,0),  (112,5),  (30,3),  (63,7),  (64,7),  (96,3),  (97,3),  (99,3),  (75,3),  (78,3),  (81,5),  (25,5),  (0,6), 


[Timing] Time passed: 343.464441 s

Posterior Probability: -556.426829
Agreement with demo: 20%
Current angular diffs: 82'

Selected number of demos: 33

-- Positive Demos --
 (521,3),  (496,0),  (468,5),  (441,5),  (412,0),  (386,3),  (360,5),  (305,4),  (276,2),  (275,2),  (272,2),  (271,2),  (240,2),  (265,6),  (319,6),  (344,2),  (340,4),  (311,2),  (253,4),  (168,0),  (112,5),  (85,5),  (30,3),  (31,3),  (33,7),  (93,3),  (97,3),  (72,3),  (75,3),  (78,3),  (81,5),  (25,5),  (25,3), 


[Timing] Time passed: 350.475981 s

Posterior Probability: -276.3932249
Agreement with demo: 5.4%
Current angular diffs: 88'

Selected number of demos: 65

-- Positive Demos --
 (519,3),  (521,3),  (522,3),  (523,5),  (496,0),  (468,5),  (441,5),  (412,0),  (385,5),  (386,3),  (387,3),  (359,5),  (360,5),  (333,0),  (305,4),  (276,2),  (275,2),  (274,2),  (272,2),  (271,2),  (269,2),  (240,2),  (238,6),  (265,6),  (292,6),  (319,6),  (345,6),  (344,2),  (343,2),  (342,2),  (340,4),  (312,4),  (311,2),  (282,4),  (253,4),  (224,0),  (195,0),  (168,0),  (112,5),  (85,5),  (58,5),  (30,3),  (31,3),  (33,7),  (63,7),  (64,7),  (93,3),  (95,3),  (96,3),  (97,3),  (99,3),  (72,3),  (73,3),  (75,3),  (76,3),  (78,3),  (79,3),  (80,3),  (81,5),  (52,5),  (25,5),  (0,1),  (0,6),  (25,3), 


[Timing] Time passed: 434.051795 s

Posterior Probability: -204.1120597
Agreement with demo: 16%
Current angular diffs: 82'

Selected number of demos: 30

-- Positive Demos --
 (521,3),  (496,0),  (468,5),  (385,5),  (359,5),  (360,5),  (305,4),  (274,2),  (269,2),  (238,6),  (265,6),  (344,2),  (343,2),  (342,2),  (282,4),  (253,4),  (224,0),  (168,0),  (85,5),  (58,5),  (30,3),  (63,7),  (95,3),  (99,3),  (72,3),  (76,3),  (80,3),  (25,5),  (0,6),  (25,3), 


[Timing] Time passed: 446.503966 s

Posterior Probability: -129.5623503
Agreement with demo: 22%
Current angular diffs: 96'

Selected number of demos: 65

-- Positive Demos --
 (519,3),  (521,3),  (522,3),  (523,5),  (496,0),  (468,5),  (441,5),  (412,0),  (385,5),  (386,3),  (387,3),  (359,5),  (360,5),  (333,0),  (305,4),  (276,2),  (275,2),  (274,2),  (272,2),  (271,2),  (269,2),  (240,2),  (238,6),  (265,6),  (292,6),  (319,6),  (345,6),  (344,2),  (343,2),  (342,2),  (340,4),  (312,4),  (311,2),  (282,4),  (253,4),  (224,0),  (195,0),  (168,0),  (112,5),  (85,5),  (58,5),  (30,3),  (31,3),  (33,7),  (63,7),  (64,7),  (93,3),  (95,3),  (96,3),  (97,3),  (99,3),  (72,3),  (73,3),  (75,3),  (76,3),  (78,3),  (79,3),  (80,3),  (81,5),  (52,5),  (25,5),  (0,1),  (0,6),  (25,3), 


[Timing] Time passed: 421.747861 s

Posterior Probability: -399.1424163
Agreement with demo: 22%
Current angular diffs: 92'

Selected number of demos: 42

-- Positive Demos --
 (519,3),  (521,3),  (523,5),  (468,5),  (441,5),  (412,0),  (385,5),  (387,3),  (360,5),  (305,4),  (276,2),  (274,2),  (271,2),  (269,2),  (240,2),  (238,6),  (265,6),  (319,6),  (345,6),  (344,2),  (342,2),  (312,4),  (282,4),  (253,4),  (195,0),  (112,5),  (85,5),  (30,3),  (33,7),  (64,7),  (93,3),  (96,3),  (99,3),  (73,3),  (75,3),  (78,3),  (80,3),  (81,5),  (52,5),  (25,5),  (0,1),  (25,3), 


[Timing] Time passed: 338.431482 s

Posterior Probability: -178.6303781
Agreement with demo: 11%
Current angular diffs: 78'

Selected number of demos: 29

-- Positive Demos --
 (522,3),  (523,5),  (468,5),  (412,0),  (385,5),  (359,5),  (305,4),  (275,2),  (274,2),  (269,2),  (265,6),  (292,6),  (344,2),  (340,4),  (282,4),  (253,4),  (168,0),  (58,5),  (33,7),  (93,3),  (97,3),  (99,3),  (75,3),  (79,3),  (81,5),  (25,5),  (0,1),  (0,6), 


[Timing] Time passed: 342.082202 s

Posterior Probability: -430.1337741
Agreement with demo: 8.1%
Current angular diffs: 90'

Selected number of demos: 42

-- Positive Demos --
 (519,3),  (521,3),  (522,3),  (496,0),  (441,5),  (385,5),  (387,3),  (360,5),  (333,0),  (305,4),  (276,2),  (275,2),  (272,2),  (269,2),  (240,2),  (238,6),  (292,6),  (319,6),  (345,6),  (344,2),  (342,2),  (340,4),  (312,4),  (282,4),  (224,0),  (195,0),  (168,0),  (85,5),  (30,3),  (33,7),  (64,7),  (95,3),  (97,3),  (72,3),  (73,3),  (75,3),  (76,3),  (79,3),  (81,5),  (52,5),  (0,1),  (0,6), 


[Timing] Time passed: 340.106567 s

Posterior Probability: -406.6833963
Agreement with demo: 20%
Current angular diffs: 84'

Selected number of demos: 32

-- Positive Demos --
 (519,3),  (521,3),  (496,0),  (441,5),  (385,5),  (386,3),  (360,5),  (305,4),  (275,2),  (271,2),  (238,6),  (319,6),  (345,6),  (344,2),  (340,4),  (311,2),  (282,4),  (253,4),  (195,0),  (168,0),  (58,5),  (30,3),  (31,3),  (63,7),  (95,3),  (99,3),  (75,3),  (78,3),  (80,3),  (52,5),  (25,5),  (0,1), 


[Timing] Time passed: 341.275588 s

Posterior Probability: -85.17914693
Agreement with demo: 14%
Current angular diffs: 85'

Selected number of demos: 65

-- Positive Demos --
 (519,3),  (521,3),  (522,3),  (523,5),  (496,0),  (468,5),  (441,5),  (412,0),  (385,5),  (386,3),  (387,3),  (359,5),  (360,5),  (333,0),  (305,4),  (276,2),  (275,2),  (274,2),  (272,2),  (271,2),  (269,2),  (240,2),  (238,6),  (265,6),  (292,6),  (319,6),  (345,6),  (344,2),  (343,2),  (342,2),  (340,4),  (312,4),  (311,2),  (282,4),  (253,4),  (224,0),  (195,0),  (168,0),  (112,5),  (85,5),  (58,5),  (30,3),  (31,3),  (33,7),  (63,7),  (64,7),  (93,3),  (95,3),  (96,3),  (97,3),  (99,3),  (72,3),  (73,3),  (75,3),  (76,3),  (78,3),  (79,3),  (80,3),  (81,5),  (52,5),  (25,5),  (0,1),  (0,6),  (25,3), 


[Timing] Time passed: 341.794668 s

Posterior Probability: -391.9226734
Agreement with demo: 16%
Current angular diffs: 89'

Selected number of demos: 42

-- Positive Demos --
 (519,3),  (522,3),  (496,0),  (468,5),  (412,0),  (386,3),  (359,5),  (360,5),  (333,0),  (305,4),  (276,2),  (275,2),  (274,2),  (271,2),  (240,2),  (265,6),  (292,6),  (345,6),  (344,2),  (342,2),  (340,4),  (312,4),  (282,4),  (224,0),  (168,0),  (85,5),  (58,5),  (31,3),  (33,7),  (64,7),  (95,3),  (96,3),  (97,3),  (72,3),  (75,3),  (78,3),  (80,3),  (81,5),  (25,5),  (0,6),  (25,3), 


[Timing] Time passed: 343.960545 s

Posterior Probability: -369.613616
Agreement with demo: 11%
Current angular diffs: 81'

Selected number of demos: 23

-- Positive Demos --
 (519,3),  (496,0),  (468,5),  (387,3),  (360,5),  (305,4),  (272,2),  (240,2),  (345,6),  (312,4),  (282,4),  (195,0),  (112,5),  (85,5),  (58,5),  (63,7),  (95,3),  (72,3),  (76,3),  (79,3),  (80,3),  (0,6), 


[Timing] Time passed: 239.313917 s

Posterior Probability: -119.2776969
Agreement with demo: 9.5%
Current angular diffs: 78'

Selected number of demos: 46

-- Positive Demos --
 (519,3),  (522,3),  (523,5),  (468,5),  (412,0),  (385,5),  (386,3),  (387,3),  (359,5),  (333,0),  (305,4),  (276,2),  (275,2),  (272,2),  (271,2),  (269,2),  (240,2),  (238,6),  (292,6),  (345,6),  (343,2),  (342,2),  (340,4),  (312,4),  (311,2),  (282,4),  (224,0),  (195,0),  (112,5),  (85,5),  (30,3),  (33,7),  (64,7),  (95,3),  (97,3),  (99,3),  (72,3),  (75,3),  (76,3),  (78,3),  (79,3),  (80,3),  (81,5),  (52,5),  (0,1),  (0,6), 


[Timing] Time passed: 244.932579 s

Posterior Probability: -328.1587471
Agreement with demo: 6.8%
Current angular diffs: 85'

Selected number of demos: 32

-- Positive Demos --
 (521,3),  (523,5),  (441,5),  (385,5),  (359,5),  (360,5),  (333,0),  (305,4),  (276,2),  (272,2),  (269,2),  (265,6),  (345,6),  (342,2),  (312,4),  (311,2),  (224,0),  (112,5),  (85,5),  (58,5),  (30,3),  (31,3),  (63,7),  (95,3),  (96,3),  (72,3),  (73,3),  (76,3),  (80,3),  (25,5),  (0,1),  (25,3), 


[Timing] Time passed: 325.802868 s

Posterior Probability: -241.06965
Agreement with demo: 11%
Current angular diffs: 80'

Selected number of demos: 41

-- Positive Demos --
 (519,3),  (522,3),  (523,5),  (496,0),  (468,5),  (412,0),  (386,3),  (387,3),  (360,5),  (333,0),  (305,4),  (276,2),  (275,2),  (274,2),  (271,2),  (240,2),  (265,6),  (292,6),  (345,6),  (343,2),  (340,4),  (312,4),  (282,4),  (224,0),  (168,0),  (85,5),  (58,5),  (30,3),  (33,7),  (64,7),  (95,3),  (96,3),  (99,3),  (72,3),  (73,3),  (76,3),  (79,3),  (81,5),  (25,5),  (0,1),  (0,6), 


[Timing] Time passed: 330.306927 s

Posterior Probability: -451.398303
Agreement with demo: 6.8%
Current angular diffs: 88'

Selected number of demos: 32

-- Positive Demos --
 (519,3),  (521,3),  (522,3),  (468,5),  (385,5),  (386,3),  (387,3),  (333,0),  (305,4),  (275,2),  (271,2),  (269,2),  (238,6),  (292,6),  (344,2),  (340,4),  (311,2),  (224,0),  (112,5),  (58,5),  (31,3),  (63,7),  (64,7),  (93,3),  (97,3),  (73,3),  (76,3),  (78,3),  (81,5),  (25,5),  (0,1),  (0,6), 


[Timing] Time passed: 223.226119 s

Posterior Probability: -219.0896262
Agreement with demo: 26%
Current angular diffs: 89'

Selected number of demos: 28

-- Positive Demos --
 (519,3),  (521,3),  (523,5),  (468,5),  (386,3),  (387,3),  (333,0),  (276,2),  (272,2),  (240,2),  (292,6),  (344,2),  (312,4),  (224,0),  (112,5),  (31,3),  (63,7),  (64,7),  (93,3),  (95,3),  (96,3),  (99,3),  (73,3),  (75,3),  (78,3),  (52,5),  (25,5),  (0,1), 


[Timing] Time passed: 234.021057 s

Posterior Probability: -230.0932854
Agreement with demo: 22%
Current angular diffs: 89'

Selected number of demos: 23

-- Positive Demos --
 (523,5),  (496,0),  (412,0),  (386,3),  (359,5),  (360,5),  (275,2),  (272,2),  (238,6),  (319,6),  (343,2),  (282,4),  (253,4),  (224,0),  (58,5),  (31,3),  (33,7),  (95,3),  (99,3),  (73,3),  (80,3),  (0,6),  (25,3), 


[Timing] Time passed: 302.991337 s

Posterior Probability: -361.5539441
Agreement with demo: 12%
Current angular diffs: 81'

Selected number of demos: 23

-- Positive Demos --
 (496,0),  (468,5),  (385,5),  (386,3),  (359,5),  (360,5),  (275,2),  (272,2),  (265,6),  (319,6),  (342,2),  (253,4),  (85,5),  (58,5),  (33,7),  (63,7),  (64,7),  (95,3),  (96,3),  (72,3),  (79,3),  (52,5),  (0,6), 


[Timing] Time passed: 204.18397 s

Posterior Probability: -125.4371043
Agreement with demo: 18%
Current angular diffs: 87'

Selected number of demos: 65

-- Positive Demos --
 (519,3),  (521,3),  (522,3),  (523,5),  (496,0),  (468,5),  (441,5),  (412,0),  (385,5),  (386,3),  (387,3),  (359,5),  (360,5),  (333,0),  (305,4),  (276,2),  (275,2),  (274,2),  (272,2),  (271,2),  (269,2),  (240,2),  (238,6),  (265,6),  (292,6),  (319,6),  (345,6),  (344,2),  (343,2),  (342,2),  (340,4),  (312,4),  (311,2),  (282,4),  (253,4),  (224,0),  (195,0),  (168,0),  (112,5),  (85,5),  (58,5),  (30,3),  (31,3),  (33,7),  (63,7),  (64,7),  (93,3),  (95,3),  (96,3),  (97,3),  (99,3),  (72,3),  (73,3),  (75,3),  (76,3),  (78,3),  (79,3),  (80,3),  (81,5),  (52,5),  (25,5),  (0,1),  (0,6),  (25,3), 


[Timing] Time passed: 272.629663 s

Posterior Probability: -300.0776508
Agreement with demo: 14%
Current angular diffs: 83'

Selected number of demos: 31

-- Positive Demos --
 (519,3),  (523,5),  (441,5),  (386,3),  (360,5),  (305,4),  (275,2),  (274,2),  (269,2),  (238,6),  (292,6),  (344,2),  (340,4),  (312,4),  (282,4),  (195,0),  (168,0),  (85,5),  (58,5),  (31,3),  (64,7),  (96,3),  (97,3),  (99,3),  (73,3),  (75,3),  (76,3),  (78,3),  (79,3),  (52,5),  (0,6), 


[Timing] Time passed: 322.474197 s

Posterior Probability: -238.1685693
Agreement with demo: 22%
Current angular diffs: 85'

Selected number of demos: 22

-- Positive Demos --
 (523,5),  (496,0),  (468,5),  (387,3),  (305,4),  (276,2),  (274,2),  (238,6),  (265,6),  (292,6),  (319,6),  (344,2),  (311,2),  (168,0),  (31,3),  (93,3),  (96,3),  (73,3),  (79,3),  (80,3),  (25,5),  (0,6), 


[Timing] Time passed: 324.612716 s

Posterior Probability: -121.7750192
Agreement with demo: 6.8%
Current angular diffs: 80'

Selected number of demos: 22

-- Positive Demos --
 (523,5),  (412,0),  (386,3),  (359,5),  (333,0),  (275,2),  (272,2),  (238,6),  (265,6),  (319,6),  (342,2),  (311,2),  (195,0),  (58,5),  (33,7),  (93,3),  (96,3),  (99,3),  (76,3),  (80,3),  (25,5),  (25,3), 


[Timing] Time passed: 316.227544 s

Posterior Probability: -444.2553848
Agreement with demo: 12%
Current angular diffs: 80'

Selected number of demos: 24

-- Positive Demos --
 (523,5),  (468,5),  (412,0),  (385,5),  (386,3),  (387,3),  (305,4),  (275,2),  (272,2),  (269,2),  (240,2),  (265,6),  (345,6),  (344,2),  (340,4),  (282,4),  (224,0),  (85,5),  (30,3),  (63,7),  (96,3),  (73,3),  (79,3),  (25,5), 


[Timing] Time passed: 204.036017 s

Posterior Probability: -304.6293439
Agreement with demo: 16%
Current angular diffs: 85'

Selected number of demos: 33

-- Positive Demos --
 (519,3),  (523,5),  (468,5),  (441,5),  (412,0),  (385,5),  (387,3),  (360,5),  (305,4),  (274,2),  (271,2),  (269,2),  (265,6),  (292,6),  (345,6),  (342,2),  (311,2),  (282,4),  (224,0),  (168,0),  (58,5),  (31,3),  (63,7),  (64,7),  (96,3),  (97,3),  (72,3),  (75,3),  (78,3),  (80,3),  (52,5),  (0,1),  (25,3), 


[Timing] Time passed: 201.735799 s

Posterior Probability: -264.6198895
Agreement with demo: 6.8%
Current angular diffs: 78'

Selected number of demos: 21

-- Positive Demos --
 (522,3),  (441,5),  (386,3),  (360,5),  (333,0),  (276,2),  (269,2),  (240,2),  (345,6),  (342,2),  (312,4),  (282,4),  (168,0),  (85,5),  (58,5),  (30,3),  (33,7),  (95,3),  (73,3),  (79,3),  (52,5), 


[Timing] Time passed: 204.938431 s

Posterior Probability: -207.4503132
Agreement with demo: 12%
Current angular diffs: 74'

Selected number of demos: 65

-- Positive Demos --
 (519,3),  (521,3),  (522,3),  (523,5),  (496,0),  (468,5),  (441,5),  (412,0),  (385,5),  (386,3),  (387,3),  (359,5),  (360,5),  (333,0),  (305,4),  (276,2),  (275,2),  (274,2),  (272,2),  (271,2),  (269,2),  (240,2),  (238,6),  (265,6),  (292,6),  (319,6),  (345,6),  (344,2),  (343,2),  (342,2),  (340,4),  (312,4),  (311,2),  (282,4),  (253,4),  (224,0),  (195,0),  (168,0),  (112,5),  (85,5),  (58,5),  (30,3),  (31,3),  (33,7),  (63,7),  (64,7),  (93,3),  (95,3),  (96,3),  (97,3),  (99,3),  (72,3),  (73,3),  (75,3),  (76,3),  (78,3),  (79,3),  (80,3),  (81,5),  (52,5),  (25,5),  (0,1),  (0,6),  (25,3), 


[Timing] Time passed: 286.407137 s

Posterior Probability: -638.9006611
Agreement with demo: 12%
Current angular diffs: 82'

Selected number of demos: 29

-- Positive Demos --
 (522,3),  (468,5),  (412,0),  (386,3),  (360,5),  (305,4),  (276,2),  (275,2),  (274,2),  (269,2),  (240,2),  (238,6),  (292,6),  (344,2),  (340,4),  (282,4),  (195,0),  (112,5),  (30,3),  (31,3),  (64,7),  (93,3),  (95,3),  (99,3),  (73,3),  (78,3),  (80,3),  (25,5),  (0,1), 


[Timing] Time passed: 206.010544 s

Posterior Probability: -66.53231196
Agreement with demo: 15%
Current angular diffs: 83'

Selected number of demos: 65

-- Positive Demos --
 (519,3),  (521,3),  (522,3),  (523,5),  (496,0),  (468,5),  (441,5),  (412,0),  (385,5),  (386,3),  (387,3),  (359,5),  (360,5),  (333,0),  (305,4),  (276,2),  (275,2),  (274,2),  (272,2),  (271,2),  (269,2),  (240,2),  (238,6),  (265,6),  (292,6),  (319,6),  (345,6),  (344,2),  (343,2),  (342,2),  (340,4),  (312,4),  (311,2),  (282,4),  (253,4),  (224,0),  (195,0),  (168,0),  (112,5),  (85,5),  (58,5),  (30,3),  (31,3),  (33,7),  (63,7),  (64,7),  (93,3),  (95,3),  (96,3),  (97,3),  (99,3),  (72,3),  (73,3),  (75,3),  (76,3),  (78,3),  (79,3),  (80,3),  (81,5),  (52,5),  (25,5),  (0,1),  (0,6),  (25,3), 


[Timing] Time passed: 285.585128 s

Posterior Probability: -920.5980771
Agreement with demo: 16%
Current angular diffs: 77'

Selected number of demos: 43

-- Positive Demos --
 (521,3),  (522,3),  (523,5),  (496,0),  (441,5),  (412,0),  (385,5),  (387,3),  (360,5),  (333,0),  (305,4),  (276,2),  (275,2),  (274,2),  (271,2),  (240,2),  (238,6),  (292,6),  (345,6),  (344,2),  (343,2),  (340,4),  (312,4),  (311,2),  (253,4),  (195,0),  (112,5),  (85,5),  (58,5),  (31,3),  (63,7),  (64,7),  (95,3),  (97,3),  (72,3),  (75,3),  (76,3),  (79,3),  (80,3),  (81,5),  (25,5),  (0,6), 


[Timing] Time passed: 323.828516 s

Posterior Probability: -189.9919161
Agreement with demo: 20%
Current angular diffs: 87'

Selected number of demos: 25

-- Positive Demos --
 (521,3),  (523,5),  (441,5),  (386,3),  (359,5),  (305,4),  (275,2),  (269,2),  (240,2),  (265,6),  (319,6),  (342,2),  (340,4),  (282,4),  (253,4),  (195,0),  (85,5),  (30,3),  (31,3),  (93,3),  (96,3),  (73,3),  (78,3),  (52,5),  (25,5), 


[Timing] Time passed: 306.593376 s

Posterior Probability: -136.0375615
Agreement with demo: 12%
Current angular diffs: 85'

Selected number of demos: 39

-- Positive Demos --
 (521,3),  (523,5),  (468,5),  (412,0),  (386,3),  (387,3),  (359,5),  (333,0),  (305,4),  (275,2),  (272,2),  (269,2),  (238,6),  (292,6),  (345,6),  (344,2),  (342,2),  (312,4),  (282,4),  (253,4),  (195,0),  (168,0),  (85,5),  (58,5),  (31,3),  (63,7),  (93,3),  (95,3),  (96,3),  (97,3),  (72,3),  (75,3),  (78,3),  (80,3),  (81,5),  (52,5),  (0,1),  (25,3), 


[Timing] Time passed: 205.631302 s

Posterior Probability: -377.4997309
Agreement with demo: 22%
Current angular diffs: 89'

Selected number of demos: 40

-- Positive Demos --
 (521,3),  (522,3),  (523,5),  (468,5),  (412,0),  (385,5),  (386,3),  (359,5),  (333,0),  (305,4),  (276,2),  (274,2),  (272,2),  (271,2),  (240,2),  (265,6),  (319,6),  (344,2),  (343,2),  (340,4),  (311,2),  (282,4),  (224,0),  (168,0),  (112,5),  (58,5),  (31,3),  (63,7),  (64,7),  (93,3),  (95,3),  (97,3),  (72,3),  (73,3),  (76,3),  (78,3),  (80,3),  (52,5),  (0,1),  (0,6), 


[Timing] Time passed: 202.935088 s

Posterior Probability: -231.3963074
Agreement with demo: 9.5%
Current angular diffs: 87'

Selected number of demos: 42

-- Positive Demos --
 (519,3),  (522,3),  (496,0),  (441,5),  (385,5),  (387,3),  (359,5),  (360,5),  (333,0),  (305,4),  (276,2),  (275,2),  (272,2),  (271,2),  (240,2),  (238,6),  (292,6),  (319,6),  (344,2),  (343,2),  (342,2),  (312,4),  (282,4),  (224,0),  (195,0),  (168,0),  (112,5),  (85,5),  (30,3),  (33,7),  (63,7),  (93,3),  (96,3),  (99,3),  (73,3),  (75,3),  (76,3),  (79,3),  (81,5),  (25,5),  (0,6),  (25,3), 


[Timing] Time passed: 206.916438 s

Posterior Probability: -288.8357889
Agreement with demo: 12%
Current angular diffs: 79'

Selected number of demos: 45

-- Positive Demos --
 (521,3),  (522,3),  (496,0),  (441,5),  (385,5),  (387,3),  (359,5),  (360,5),  (333,0),  (305,4),  (275,2),  (274,2),  (272,2),  (269,2),  (240,2),  (238,6),  (292,6),  (319,6),  (344,2),  (342,2),  (312,4),  (311,2),  (253,4),  (195,0),  (168,0),  (112,5),  (85,5),  (58,5),  (30,3),  (33,7),  (63,7),  (64,7),  (93,3),  (96,3),  (99,3),  (72,3),  (75,3),  (78,3),  (79,3),  (81,5),  (52,5),  (25,5),  (0,1),  (0,6), 


[Timing] Time passed: 321.392781 s

Posterior Probability: -243.6161874
Agreement with demo: 22%
Current angular diffs: 86'

Selected number of demos: 42

-- Positive Demos --
 (519,3),  (522,3),  (496,0),  (468,5),  (412,0),  (386,3),  (387,3),  (360,5),  (305,4),  (276,2),  (274,2),  (272,2),  (269,2),  (238,6),  (292,6),  (345,6),  (343,2),  (342,2),  (340,4),  (311,2),  (282,4),  (253,4),  (195,0),  (168,0),  (85,5),  (58,5),  (30,3),  (33,7),  (64,7),  (93,3),  (96,3),  (97,3),  (72,3),  (75,3),  (76,3),  (78,3),  (79,3),  (81,5),  (52,5),  (25,5),  (0,6), 


[Timing] Time passed: 330.135524 s

Posterior Probability: -448.3800154
Agreement with demo: 18%
Current angular diffs: 88'

Selected number of demos: 24

-- Positive Demos --
 (523,5),  (468,5),  (385,5),  (359,5),  (360,5),  (333,0),  (275,2),  (274,2),  (240,2),  (292,6),  (345,6),  (340,4),  (253,4),  (195,0),  (112,5),  (85,5),  (58,5),  (31,3),  (64,7),  (93,3),  (99,3),  (76,3),  (81,5),  (0,1), 


[Timing] Time passed: 324.507678 s

Posterior Probability: -191.2850177
Agreement with demo: 12%
Current angular diffs: 89'

Selected number of demos: 23

-- Positive Demos --
 (496,0),  (386,3),  (333,0),  (305,4),  (276,2),  (269,2),  (265,6),  (292,6),  (345,6),  (342,2),  (311,2),  (224,0),  (195,0),  (58,5),  (30,3),  (33,7),  (96,3),  (97,3),  (76,3),  (78,3),  (79,3),  (52,5),  (25,5), 


[Timing] Time passed: 322.92898 s

Posterior Probability: -74.91685682
Agreement with demo: 15%
Current angular diffs: 82'

Selected number of demos: 48

-- Positive Demos --
 (519,3),  (522,3),  (523,5),  (496,0),  (441,5),  (385,5),  (386,3),  (387,3),  (359,5),  (360,5),  (333,0),  (305,4),  (276,2),  (275,2),  (272,2),  (269,2),  (240,2),  (265,6),  (292,6),  (319,6),  (345,6),  (343,2),  (340,4),  (312,4),  (311,2),  (253,4),  (224,0),  (195,0),  (112,5),  (85,5),  (58,5),  (30,3),  (31,3),  (33,7),  (63,7),  (93,3),  (95,3),  (96,3),  (99,3),  (72,3),  (73,3),  (75,3),  (78,3),  (79,3),  (80,3),  (52,5),  (0,1),  (25,3), 


[Timing] Time passed: 328.748437 s

Posterior Probability: -298.0847297
Agreement with demo: 11%
Current angular diffs: 80'

Selected number of demos: 37

-- Positive Demos --
 (522,3),  (496,0),  (468,5),  (385,5),  (386,3),  (387,3),  (360,5),  (333,0),  (305,4),  (275,2),  (271,2),  (269,2),  (240,2),  (292,6),  (344,2),  (342,2),  (312,4),  (311,2),  (282,4),  (224,0),  (195,0),  (112,5),  (30,3),  (31,3),  (33,7),  (64,7),  (93,3),  (96,3),  (99,3),  (72,3),  (76,3),  (79,3),  (81,5),  (52,5),  (0,1),  (0,6),  (25,3), 


[Timing] Time passed: 310.608991 s

Posterior Probability: -355.6448399
Agreement with demo: 14%
Current angular diffs: 74'

Selected number of demos: 65

-- Positive Demos --
 (519,3),  (521,3),  (522,3),  (523,5),  (496,0),  (468,5),  (441,5),  (412,0),  (385,5),  (386,3),  (387,3),  (359,5),  (360,5),  (333,0),  (305,4),  (276,2),  (275,2),  (274,2),  (272,2),  (271,2),  (269,2),  (240,2),  (238,6),  (265,6),  (292,6),  (319,6),  (345,6),  (344,2),  (343,2),  (342,2),  (340,4),  (312,4),  (311,2),  (282,4),  (253,4),  (224,0),  (195,0),  (168,0),  (112,5),  (85,5),  (58,5),  (30,3),  (31,3),  (33,7),  (63,7),  (64,7),  (93,3),  (95,3),  (96,3),  (97,3),  (99,3),  (72,3),  (73,3),  (75,3),  (76,3),  (78,3),  (79,3),  (80,3),  (81,5),  (52,5),  (25,5),  (0,1),  (0,6),  (25,3), 


[Timing] Time passed: 314.270576 s

Posterior Probability: -365.6735326
Agreement with demo: 19%
Current angular diffs: 88'

Selected number of demos: 65

-- Positive Demos --
 (519,3),  (521,3),  (522,3),  (523,5),  (496,0),  (468,5),  (441,5),  (412,0),  (385,5),  (386,3),  (387,3),  (359,5),  (360,5),  (333,0),  (305,4),  (276,2),  (275,2),  (274,2),  (272,2),  (271,2),  (269,2),  (240,2),  (238,6),  (265,6),  (292,6),  (319,6),  (345,6),  (344,2),  (343,2),  (342,2),  (340,4),  (312,4),  (311,2),  (282,4),  (253,4),  (224,0),  (195,0),  (168,0),  (112,5),  (85,5),  (58,5),  (30,3),  (31,3),  (33,7),  (63,7),  (64,7),  (93,3),  (95,3),  (96,3),  (97,3),  (99,3),  (72,3),  (73,3),  (75,3),  (76,3),  (78,3),  (79,3),  (80,3),  (81,5),  (52,5),  (25,5),  (0,1),  (0,6),  (25,3), 


[Timing] Time passed: 326.832289 s

Posterior Probability: -379.5806891
Agreement with demo: 11%
Current angular diffs: 89'

Selected number of demos: 31

-- Positive Demos --
 (519,3),  (522,3),  (523,5),  (496,0),  (468,5),  (412,0),  (386,3),  (387,3),  (359,5),  (305,4),  (275,2),  (272,2),  (269,2),  (265,6),  (319,6),  (343,2),  (342,2),  (340,4),  (311,2),  (253,4),  (168,0),  (112,5),  (30,3),  (63,7),  (64,7),  (96,3),  (72,3),  (75,3),  (79,3),  (81,5),  (0,1), 


[Timing] Time passed: 335.868163 s

Posterior Probability: -476.2596354
Agreement with demo: 15%
Current angular diffs: 78'

Selected number of demos: 34

-- Positive Demos --
 (519,3),  (522,3),  (523,5),  (468,5),  (412,0),  (387,3),  (359,5),  (333,0),  (305,4),  (276,2),  (274,2),  (271,2),  (269,2),  (240,2),  (238,6),  (292,6),  (345,6),  (342,2),  (312,4),  (253,4),  (168,0),  (85,5),  (30,3),  (63,7),  (64,7),  (95,3),  (99,3),  (72,3),  (73,3),  (78,3),  (80,3),  (81,5),  (0,1),  (25,3), 


[Timing] Time passed: 335.434913 s

Posterior Probability: -190.8344328
Agreement with demo: 20%
Current angular diffs: 93'

Selected number of demos: 23

-- Positive Demos --
 (522,3),  (468,5),  (385,5),  (359,5),  (305,4),  (274,2),  (240,2),  (265,6),  (344,2),  (343,2),  (342,2),  (340,4),  (312,4),  (282,4),  (168,0),  (58,5),  (31,3),  (33,7),  (95,3),  (99,3),  (76,3),  (80,3),  (25,5), 


[Timing] Time passed: 329.508487 s

Posterior Probability: -115.0750649
Agreement with demo: 16%
Current angular diffs: 93'

Selected number of demos: 20

-- Positive Demos --
 (496,0),  (386,3),  (387,3),  (359,5),  (360,5),  (276,2),  (272,2),  (238,6),  (345,6),  (342,2),  (311,2),  (253,4),  (85,5),  (33,7),  (63,7),  (96,3),  (73,3),  (79,3),  (81,5),  (25,3), 


[Timing] Time passed: 201.109539 s

Posterior Probability: -207.7065865
Agreement with demo: 1.4%
Current angular diffs: 92'

Selected number of demos: 23

-- Positive Demos --
 (519,3),  (496,0),  (441,5),  (387,3),  (333,0),  (276,2),  (275,2),  (274,2),  (271,2),  (240,2),  (319,6),  (343,2),  (312,4),  (253,4),  (168,0),  (85,5),  (31,3),  (63,7),  (95,3),  (72,3),  (76,3),  (81,5),  (0,6), 


[Timing] Time passed: 181.087013 s

Posterior Probability: -170.7939589
Agreement with demo: 11%
Current angular diffs: 80'

-----------------------------
Avg angular diffs: 74'
-- learned weights --
Feature Weights: -0.3535, 0.57475, 0.22675, -0.1, 
