loading features...

Initializing gridworld of size 28 by 22..
    Num states: 616
    Num actions: 8

Total number of demos: 65

Selected number of demos: 43

-- Positive Demos --
 (535,3),  (538,3),  (541,3),  (517,3),  (546,3),  (521,3),  (522,3),  (525,3),  (499,5),  (500,5),  (445,0),  (416,4),  (388,4),  (331,2),  (330,2),  (301,2),  (298,2),  (297,2),  (268,2),  (265,2),  (263,2),  (232,2),  (231,2),  (200,2),  (199,4),  (171,4),  (142,4),  (113,0),  (85,5),  (58,3),  (59,3),  (32,3),  (35,3),  (37,3),  (40,3),  (43,3),  (46,3),  (47,3),  (50,3),  (51,3),  (52,3), 


[Timing] Time passed: 617.057213 s

Posterior Probability: -193.2615766
Agreement with demo: 10%
Current angular diffs: 86'

Selected number of demos: 22

-- Positive Demos --
 (541,3),  (517,3),  (545,3),  (521,3),  (523,3),  (500,5),  (472,5),  (388,4),  (359,4),  (330,2),  (297,2),  (268,2),  (266,2),  (234,2),  (231,2),  (142,4),  (58,3),  (35,3),  (39,3),  (40,3),  (47,3),  (48,3), 


[Timing] Time passed: 584.323256 s

Posterior Probability: -380.7476781
Agreement with demo: 6.5%
Current angular diffs: 94'

Selected number of demos: 23

-- Positive Demos --
 (540,3),  (541,3),  (546,3),  (525,3),  (500,5),  (416,4),  (331,2),  (299,2),  (266,2),  (263,2),  (231,2),  (199,4),  (142,4),  (85,5),  (58,3),  (33,3),  (39,3),  (44,3),  (46,3),  (47,3),  (50,3),  (51,3), 


[Timing] Time passed: 625.238375 s

Posterior Probability: -335.8891191
Agreement with demo: 5.2%
Current angular diffs: 88'

Selected number of demos: 29

-- Positive Demos --
 (535,3),  (541,3),  (517,3),  (546,3),  (522,3),  (523,3),  (499,5),  (500,5),  (472,5),  (388,4),  (301,2),  (298,2),  (297,2),  (268,2),  (264,2),  (234,2),  (231,2),  (171,4),  (85,5),  (31,3),  (33,3),  (36,3),  (40,3),  (42,3),  (43,3),  (44,3),  (47,3),  (52,3), 


[Timing] Time passed: 526.505581 s

Posterior Probability: -139.7654223
Agreement with demo: 18%
Current angular diffs: 88'

Selected number of demos: 65

-- Positive Demos --
 (535,3),  (537,3),  (538,3),  (540,3),  (541,3),  (542,3),  (517,3),  (545,3),  (546,3),  (521,3),  (522,3),  (523,3),  (525,3),  (526,3),  (499,5),  (500,5),  (472,5),  (445,0),  (416,4),  (388,4),  (359,4),  (331,2),  (330,2),  (301,2),  (299,2),  (298,2),  (297,2),  (268,2),  (266,2),  (265,2),  (264,2),  (263,2),  (234,2),  (232,2),  (231,2),  (201,2),  (200,2),  (199,4),  (171,4),  (142,4),  (113,0),  (113,5),  (85,5),  (58,3),  (59,3),  (31,3),  (32,3),  (33,3),  (35,3),  (36,3),  (37,3),  (39,3),  (40,3),  (42,3),  (43,3),  (44,3),  (46,3),  (47,3),  (48,3),  (50,3),  (51,3),  (52,3), 


[Timing] Time passed: 582.314858 s

Posterior Probability: -600.0022462
Agreement with demo: 7.8%
Current angular diffs: 91'

Selected number of demos: 43

-- Positive Demos --
 (535,3),  (538,3),  (540,3),  (542,3),  (517,3),  (545,3),  (521,3),  (523,3),  (526,3),  (500,5),  (472,5),  (445,0),  (416,4),  (359,4),  (330,2),  (299,2),  (297,2),  (268,2),  (266,2),  (265,2),  (263,2),  (232,2),  (231,2),  (201,2),  (200,2),  (171,4),  (113,0),  (113,5),  (85,5),  (58,3),  (59,3),  (32,3),  (35,3),  (37,3),  (40,3),  (43,3),  (44,3),  (46,3),  (47,3),  (50,3),  (52,3), 


[Timing] Time passed: 615.539631 s

Posterior Probability: -279.116571
Agreement with demo: 9.1%
Current angular diffs: 88'

Selected number of demos: 65

-- Positive Demos --
 (535,3),  (537,3),  (538,3),  (540,3),  (541,3),  (542,3),  (517,3),  (545,3),  (546,3),  (521,3),  (522,3),  (523,3),  (525,3),  (526,3),  (499,5),  (500,5),  (472,5),  (445,0),  (416,4),  (388,4),  (359,4),  (331,2),  (330,2),  (301,2),  (299,2),  (298,2),  (297,2),  (268,2),  (266,2),  (265,2),  (264,2),  (263,2),  (234,2),  (232,2),  (231,2),  (201,2),  (200,2),  (199,4),  (171,4),  (142,4),  (113,0),  (113,5),  (85,5),  (58,3),  (59,3),  (31,3),  (32,3),  (33,3),  (35,3),  (36,3),  (37,3),  (39,3),  (40,3),  (42,3),  (43,3),  (44,3),  (46,3),  (47,3),  (48,3),  (50,3),  (51,3),  (52,3), 


[Timing] Time passed: 612.734208 s

Posterior Probability: -250.9770316
Agreement with demo: 6.5%
Current angular diffs: 85'

Selected number of demos: 24

-- Positive Demos --
 (541,3),  (545,3),  (525,3),  (472,5),  (445,0),  (359,4),  (330,2),  (298,2),  (268,2),  (265,2),  (263,2),  (234,2),  (232,2),  (199,4),  (142,4),  (85,5),  (58,3),  (31,3),  (35,3),  (36,3),  (40,3),  (43,3),  (48,3),  (51,3), 


[Timing] Time passed: 554.46229 s

Posterior Probability: -48.86635662
Agreement with demo: 13%
Current angular diffs: 89'

-----------------------------
Avg angular diffs: 85'
-- learned weights --
Feature Weights: -0.7235, 0.2435, -0.1885, -0.1, 
