loading features...

Initializing gridworld of size 28 by 22..
    Num states: 616
    Num actions: 8

Total number of demos: 64

Selected number of demos: 42

-- Positive Demos --
 (110,1),  (137,6),  (192,1),  (247,6),  (330,6),  (356,6),  (383,2),  (382,4),  (353,4),  (324,4),  (295,0),  (239,4),  (210,4),  (181,4),  (152,4),  (124,4),  (94,4),  (65,4),  (34,2),  (62,6),  (89,6),  (117,2),  (115,2),  (114,6),  (142,7),  (171,1),  (198,3),  (199,7),  (229,7),  (257,7),  (287,3),  (317,7),  (345,1),  (431,1),  (486,6),  (539,2),  (538,2),  (509,2),  (507,2), 


[Timing] Time passed: 577.468572 s

Posterior Probability: -480.8619963
Agreement with demo: 11%
Current angular diffs: 95'

Selected number of demos: 64

-- Positive Demos --
 (110,1),  (110,6),  (137,6),  (165,1),  (192,1),  (219,6),  (247,6),  (275,6),  (330,6),  (356,6),  (384,6),  (383,2),  (410,4),  (382,4),  (353,4),  (325,4),  (324,4),  (295,0),  (239,4),  (210,4),  (182,4),  (181,4),  (152,4),  (124,4),  (123,4),  (94,4),  (65,4),  (35,2),  (34,2),  (63,2),  (62,6),  (61,1),  (89,6),  (117,2),  (116,2),  (115,2),  (114,6),  (142,7),  (171,1),  (171,7),  (198,3),  (199,7),  (229,7),  (257,7),  (286,7),  (287,3),  (288,3),  (317,7),  (317,1),  (345,1),  (401,1),  (431,1),  (459,6),  (486,6),  (513,6),  (539,2),  (538,2),  (537,2),  (509,2),  (507,2),  (507,4), 


[Timing] Time passed: 455.488324 s

Posterior Probability: -298.2342176
Agreement with demo: 22%
Current angular diffs: 86'

Selected number of demos: 41

-- Positive Demos --
 (110,6),  (137,6),  (165,1),  (192,1),  (219,6),  (247,6),  (330,6),  (356,6),  (383,2),  (382,4),  (325,4),  (324,4),  (239,4),  (182,4),  (181,4),  (152,4),  (123,4),  (65,4),  (34,2),  (62,6),  (89,6),  (117,2),  (115,2),  (114,6),  (142,7),  (171,7),  (198,3),  (199,7),  (257,7),  (287,3),  (317,7),  (317,1),  (401,1),  (459,6),  (486,6),  (539,2),  (538,2),  (537,2),  (509,2),  (507,4), 


[Timing] Time passed: 434.114381 s

Posterior Probability: -471.9604811
Agreement with demo: 18%
Current angular diffs: 88'

Selected number of demos: 43

-- Positive Demos --
 (110,1),  (110,6),  (137,6),  (165,1),  (219,6),  (275,6),  (330,6),  (384,6),  (383,2),  (410,4),  (382,4),  (325,4),  (295,0),  (239,4),  (182,4),  (152,4),  (124,4),  (94,4),  (65,4),  (34,2),  (63,2),  (62,6),  (89,6),  (117,2),  (115,2),  (142,7),  (171,1),  (171,7),  (198,3),  (229,7),  (257,7),  (286,7),  (288,3),  (317,7),  (317,1),  (345,1),  (431,1),  (486,6),  (513,6),  (538,2),  (509,2),  (507,2),  (507,4), 


[Timing] Time passed: 519.889167 s

Posterior Probability: -353.4731175
Agreement with demo: 3.6%
Current angular diffs: 1e+02'

Selected number of demos: 30

-- Positive Demos --
 (110,1),  (137,6),  (165,1),  (192,1),  (219,6),  (247,6),  (356,6),  (382,4),  (353,4),  (324,4),  (210,4),  (182,4),  (181,4),  (94,4),  (65,4),  (35,2),  (62,6),  (89,6),  (114,6),  (171,7),  (199,7),  (257,7),  (317,7),  (317,1),  (401,1),  (431,1),  (459,6),  (513,6),  (537,2),  (507,2), 


[Timing] Time passed: 490.183513 s

Posterior Probability: -147.7887114
Agreement with demo: 23%
Current angular diffs: 87'

Selected number of demos: 64

-- Positive Demos --
 (110,1),  (110,6),  (137,6),  (165,1),  (192,1),  (219,6),  (247,6),  (275,6),  (330,6),  (356,6),  (384,6),  (383,2),  (410,4),  (382,4),  (353,4),  (325,4),  (324,4),  (295,0),  (239,4),  (210,4),  (182,4),  (181,4),  (152,4),  (124,4),  (123,4),  (94,4),  (65,4),  (35,2),  (34,2),  (63,2),  (62,6),  (61,1),  (89,6),  (117,2),  (116,2),  (115,2),  (114,6),  (142,7),  (171,1),  (171,7),  (198,3),  (199,7),  (229,7),  (257,7),  (286,7),  (287,3),  (288,3),  (317,7),  (317,1),  (345,1),  (401,1),  (431,1),  (459,6),  (486,6),  (513,6),  (539,2),  (538,2),  (537,2),  (509,2),  (507,2),  (507,4), 


[Timing] Time passed: 523.131355 s

Posterior Probability: -217.4381874
Agreement with demo: 6%
Current angular diffs: 1e+02'

Selected number of demos: 64

-- Positive Demos --
 (110,1),  (110,6),  (137,6),  (165,1),  (192,1),  (219,6),  (247,6),  (275,6),  (330,6),  (356,6),  (384,6),  (383,2),  (410,4),  (382,4),  (353,4),  (325,4),  (324,4),  (295,0),  (239,4),  (210,4),  (182,4),  (181,4),  (152,4),  (124,4),  (123,4),  (94,4),  (65,4),  (35,2),  (34,2),  (63,2),  (62,6),  (61,1),  (89,6),  (117,2),  (116,2),  (115,2),  (114,6),  (142,7),  (171,1),  (171,7),  (198,3),  (199,7),  (229,7),  (257,7),  (286,7),  (287,3),  (288,3),  (317,7),  (317,1),  (345,1),  (401,1),  (431,1),  (459,6),  (486,6),  (513,6),  (539,2),  (538,2),  (537,2),  (509,2),  (507,2),  (507,4), 


[Timing] Time passed: 552.83257 s

Posterior Probability: -223.2851608
Agreement with demo: 11%
Current angular diffs: 94'

Selected number of demos: 64

-- Positive Demos --
 (110,1),  (110,6),  (137,6),  (165,1),  (192,1),  (219,6),  (247,6),  (275,6),  (330,6),  (356,6),  (384,6),  (383,2),  (410,4),  (382,4),  (353,4),  (325,4),  (324,4),  (295,0),  (239,4),  (210,4),  (182,4),  (181,4),  (152,4),  (124,4),  (123,4),  (94,4),  (65,4),  (35,2),  (34,2),  (63,2),  (62,6),  (61,1),  (89,6),  (117,2),  (116,2),  (115,2),  (114,6),  (142,7),  (171,1),  (171,7),  (198,3),  (199,7),  (229,7),  (257,7),  (286,7),  (287,3),  (288,3),  (317,7),  (317,1),  (345,1),  (401,1),  (431,1),  (459,6),  (486,6),  (513,6),  (539,2),  (538,2),  (537,2),  (509,2),  (507,2),  (507,4), 


[Timing] Time passed: 605.015627 s

Posterior Probability: -678.7628131
Agreement with demo: 7.2%
Current angular diffs: 94'

Selected number of demos: 47

-- Positive Demos --
 (110,6),  (165,1),  (192,1),  (219,6),  (275,6),  (330,6),  (356,6),  (384,6),  (383,2),  (410,4),  (353,4),  (325,4),  (295,0),  (239,4),  (210,4),  (182,4),  (152,4),  (124,4),  (123,4),  (94,4),  (65,4),  (35,2),  (34,2),  (62,6),  (89,6),  (116,2),  (115,2),  (142,7),  (171,7),  (198,3),  (229,7),  (257,7),  (286,7),  (287,3),  (288,3),  (317,7),  (317,1),  (345,1),  (401,1),  (431,1),  (486,6),  (513,6),  (539,2),  (537,2),  (507,2),  (507,4), 


[Timing] Time passed: 615.749011 s

Posterior Probability: -268.5997475
Agreement with demo: 8.4%
Current angular diffs: 1e+02'

Selected number of demos: 44

-- Positive Demos --
 (110,1),  (137,6),  (192,1),  (219,6),  (247,6),  (330,6),  (356,6),  (383,2),  (410,4),  (382,4),  (325,4),  (324,4),  (239,4),  (182,4),  (152,4),  (124,4),  (94,4),  (65,4),  (35,2),  (63,2),  (62,6),  (61,1),  (117,2),  (116,2),  (115,2),  (114,6),  (142,7),  (171,7),  (198,3),  (199,7),  (257,7),  (287,3),  (288,3),  (317,1),  (345,1),  (401,1),  (459,6),  (486,6),  (539,2),  (538,2),  (509,2),  (507,4), 


[Timing] Time passed: 563.002424 s

Posterior Probability: -120.481698
Agreement with demo: 11%
Current angular diffs: 92'

Selected number of demos: 21

-- Positive Demos --
 (137,6),  (219,6),  (330,6),  (384,6),  (353,4),  (239,4),  (182,4),  (124,4),  (94,4),  (35,2),  (61,1),  (116,2),  (142,7),  (199,7),  (257,7),  (317,7),  (345,1),  (459,6),  (486,6),  (539,2),  (507,2), 


[Timing] Time passed: 469.308421 s

Posterior Probability: -82.1961306
Agreement with demo: 8.4%
Current angular diffs: 98'

Selected number of demos: 27

-- Positive Demos --
 (110,6),  (165,1),  (192,1),  (219,6),  (330,6),  (410,4),  (382,4),  (325,4),  (324,4),  (295,0),  (210,4),  (182,4),  (181,4),  (124,4),  (65,4),  (34,2),  (62,6),  (116,2),  (115,2),  (171,1),  (198,3),  (257,7),  (288,3),  (345,1),  (459,6),  (538,2),  (507,2), 


[Timing] Time passed: 434.620468 s

Posterior Probability: -112.4664087
Agreement with demo: 9.6%
Current angular diffs: 99'

Selected number of demos: 33

-- Positive Demos --
 (137,6),  (219,6),  (247,6),  (330,6),  (384,6),  (382,4),  (353,4),  (325,4),  (239,4),  (182,4),  (152,4),  (124,4),  (65,4),  (35,2),  (62,6),  (117,2),  (114,6),  (171,1),  (171,7),  (198,3),  (199,7),  (286,7),  (287,3),  (288,3),  (317,1),  (345,1),  (431,1),  (459,6),  (539,2),  (537,2),  (509,2),  (507,2),  (507,4), 


[Timing] Time passed: 487.773108 s

Posterior Probability: -327.8907748
Agreement with demo: 13%
Current angular diffs: 91'

Selected number of demos: 21

-- Positive Demos --
 (165,1),  (275,6),  (383,2),  (324,4),  (295,0),  (152,4),  (65,4),  (61,1),  (117,2),  (116,2),  (114,6),  (171,1),  (171,7),  (229,7),  (287,3),  (345,1),  (459,6),  (486,6),  (513,6),  (537,2),  (507,4), 


[Timing] Time passed: 524.908023 s

Posterior Probability: -118.2677448
Agreement with demo: 8.4%
Current angular diffs: 98'

Selected number of demos: 19

-- Positive Demos --
 (110,6),  (192,1),  (247,6),  (330,6),  (356,6),  (353,4),  (239,4),  (181,4),  (124,4),  (65,4),  (61,1),  (89,6),  (114,6),  (171,1),  (257,7),  (288,3),  (431,1),  (539,2),  (507,4), 


[Timing] Time passed: 507.666294 s

Posterior Probability: -39.85430323
Agreement with demo: 7.2%
Current angular diffs: 98'

-----------------------------
Avg angular diffs: 86'
-- learned weights --
Feature Weights: 0.04275, -0.768, -0.73925, -0.1, 
