loading features...

Initializing gridworld of size 28 by 22..
    Num states: 616
    Num actions: 8

Total number of demos: 43

Selected number of demos: 43

-- Positive Demos --
 (218,1),  (247,1),  (303,1),  (331,1),  (386,6),  (413,6),  (412,2),  (440,6),  (439,6),  (466,2),  (465,2),  (464,2),  (463,4),  (434,4),  (404,4),  (376,4),  (347,4),  (319,0),  (290,0),  (262,0),  (205,0),  (179,0),  (151,0),  (95,0),  (67,4),  (37,4),  (36,2),  (35,2),  (33,6),  (32,6),  (60,6),  (115,1),  (143,1),  (198,1),  (226,1),  (282,1),  (309,1),  (336,1),  (392,1),  (421,1),  (477,1), 


[Timing] Time passed: 247.695246 s

Posterior Probability: -304.5131303
Agreement with demo: 5.4%
Current angular diffs: 89'

Selected number of demos: 29

-- Positive Demos --
 (218,1),  (247,1),  (303,1),  (331,1),  (413,6),  (440,6),  (439,6),  (465,2),  (464,2),  (434,4),  (376,4),  (319,0),  (290,0),  (205,0),  (179,0),  (95,0),  (67,4),  (36,2),  (35,2),  (32,6),  (60,6),  (143,1),  (198,1),  (226,1),  (309,1),  (392,1),  (477,1), 


[Timing] Time passed: 246.371841 s

Posterior Probability: -88.85495897
Agreement with demo: 3.6%
Current angular diffs: 1e+02'

Selected number of demos: 14

-- Positive Demos --
 (331,1),  (440,6),  (465,2),  (434,4),  (347,4),  (205,0),  (179,0),  (37,4),  (35,2),  (60,6),  (198,1),  (282,1),  (392,1),  (421,1), 


[Timing] Time passed: 233.537059 s

Posterior Probability: -54.95221559
Agreement with demo: 16%
Current angular diffs: 92'

Selected number of demos: 15

-- Positive Demos --
 (331,1),  (386,6),  (412,2),  (464,2),  (376,4),  (262,0),  (179,0),  (36,2),  (33,6),  (32,6),  (115,1),  (143,1),  (226,1),  (309,1),  (477,1), 


[Timing] Time passed: 232.460395 s

Posterior Probability: -64.43071382
Agreement with demo: 7.1%
Current angular diffs: 85'

Selected number of demos: 43

-- Positive Demos --
 (218,1),  (247,1),  (303,1),  (331,1),  (386,6),  (413,6),  (412,2),  (440,6),  (439,6),  (466,2),  (465,2),  (464,2),  (463,4),  (434,4),  (404,4),  (376,4),  (347,4),  (319,0),  (290,0),  (262,0),  (205,0),  (179,0),  (151,0),  (95,0),  (67,4),  (37,4),  (36,2),  (35,2),  (33,6),  (32,6),  (60,6),  (115,1),  (143,1),  (198,1),  (226,1),  (282,1),  (309,1),  (336,1),  (392,1),  (421,1),  (477,1), 


[Timing] Time passed: 240.466084 s

Posterior Probability: -424.5184912
Agreement with demo: 8.9%
Current angular diffs: 88'

Selected number of demos: 15

-- Positive Demos --
 (247,1),  (386,6),  (439,6),  (463,4),  (404,4),  (319,0),  (290,0),  (179,0),  (37,4),  (36,2),  (32,6),  (198,1),  (226,1),  (336,1),  (392,1), 


[Timing] Time passed: 227.874028 s

Posterior Probability: -238.9052626
Agreement with demo: 8.9%
Current angular diffs: 1e+02'

Selected number of demos: 21

-- Positive Demos --
 (218,1),  (303,1),  (386,6),  (412,2),  (440,6),  (439,6),  (466,2),  (465,2),  (434,4),  (404,4),  (376,4),  (290,0),  (179,0),  (151,0),  (37,4),  (33,6),  (60,6),  (198,1),  (309,1),  (336,1),  (421,1), 


[Timing] Time passed: 214.439349 s

Posterior Probability: -139.3891116
Agreement with demo: 8.9%
Current angular diffs: 1e+02'

Selected number of demos: 28

-- Positive Demos --
 (218,1),  (247,1),  (331,1),  (386,6),  (412,2),  (440,6),  (439,6),  (466,2),  (465,2),  (463,4),  (434,4),  (404,4),  (347,4),  (319,0),  (290,0),  (262,0),  (179,0),  (151,0),  (67,4),  (36,2),  (33,6),  (32,6),  (115,1),  (198,1),  (282,1),  (336,1),  (421,1),  (477,1), 


[Timing] Time passed: 212.791547 s

Posterior Probability: -96.46906573
Agreement with demo: 1.8%
Current angular diffs: 89'

Selected number of demos: 13

-- Positive Demos --
 (331,1),  (412,2),  (465,2),  (434,4),  (319,0),  (179,0),  (151,0),  (35,2),  (33,6),  (143,1),  (282,1),  (421,1),  (477,1), 


[Timing] Time passed: 205.047537 s

Posterior Probability: -142.9869526
Agreement with demo: 7.1%
Current angular diffs: 99'

Selected number of demos: 13

-- Positive Demos --
 (386,6),  (412,2),  (440,6),  (466,2),  (465,2),  (404,4),  (262,0),  (179,0),  (36,2),  (33,6),  (115,1),  (309,1),  (477,1), 


[Timing] Time passed: 214.452225 s

Posterior Probability: -35.51066506
Agreement with demo: 7.1%
Current angular diffs: 1.1e+02'

-----------------------------
Avg angular diffs: 85'
-- learned weights --
Feature Weights: -0.01675, 0.53125, -0.1605, -0.1, 
