loading features...

Initializing gridworld of size 28 by 22..
    Num states: 616
    Num actions: 8

Total number of demos: 54

Selected number of demos: 36

-- Positive Demos --
 (546,3),  (548,3),  (550,3),  (553,3),  (528,5),  (501,5),  (446,0),  (391,0),  (361,4),  (305,4),  (303,2),  (301,6),  (328,6),  (352,2),  (351,2),  (379,2),  (376,2),  (345,4),  (317,4),  (289,4),  (260,4),  (202,0),  (175,5),  (121,5),  (95,5),  (68,3),  (69,3),  (41,5),  (42,5),  (15,3),  (17,3),  (18,3),  (20,3),  (22,3),  (51,3),  (52,3), 


[Timing] Time passed: 487.433462 s

Posterior Probability: -588.3200856
Agreement with demo: 11%
Current angular diffs: 91'

Selected number of demos: 54

-- Positive Demos --
 (545,3),  (546,3),  (548,3),  (549,3),  (550,3),  (552,3),  (553,3),  (554,5),  (528,5),  (500,5),  (501,5),  (474,0),  (446,0),  (418,0),  (391,0),  (361,4),  (334,4),  (305,4),  (304,2),  (303,2),  (302,2),  (301,6),  (328,6),  (354,2),  (352,2),  (351,2),  (379,2),  (377,2),  (376,2),  (346,4),  (345,4),  (317,4),  (289,4),  (260,4),  (231,0),  (202,0),  (175,5),  (148,5),  (121,5),  (93,5),  (95,5),  (68,3),  (69,3),  (41,5),  (42,5),  (15,3),  (17,3),  (18,3),  (20,3),  (22,3),  (50,3),  (51,3),  (52,3), 


[Timing] Time passed: 422.665782 s

Posterior Probability: -336.5728472
Agreement with demo: 7.6%
Current angular diffs: 85'

Selected number of demos: 37

-- Positive Demos --
 (546,3),  (549,3),  (552,3),  (553,3),  (554,5),  (500,5),  (501,5),  (474,0),  (446,0),  (418,0),  (361,4),  (305,4),  (304,2),  (303,2),  (302,2),  (301,6),  (354,2),  (352,2),  (379,2),  (377,2),  (376,2),  (346,4),  (317,4),  (260,4),  (231,0),  (175,5),  (148,5),  (93,5),  (95,5),  (68,3),  (41,5),  (15,3),  (18,3),  (22,3),  (51,3),  (52,3), 


[Timing] Time passed: 438.704453 s

Posterior Probability: -274.8398545
Agreement with demo: 7.6%
Current angular diffs: 85'

Selected number of demos: 28

-- Positive Demos --
 (545,3),  (549,3),  (550,3),  (554,5),  (528,5),  (501,5),  (446,0),  (391,0),  (334,4),  (303,2),  (328,6),  (354,2),  (352,2),  (351,2),  (377,2),  (376,2),  (346,4),  (289,4),  (260,4),  (175,5),  (93,5),  (68,3),  (41,5),  (17,3),  (20,3),  (50,3),  (51,3),  (52,3), 


[Timing] Time passed: 409.763733 s

Posterior Probability: -174.9908991
Agreement with demo: 6.1%
Current angular diffs: 93'

Selected number of demos: 20

-- Positive Demos --
 (549,3),  (553,3),  (554,5),  (501,5),  (418,0),  (361,4),  (303,2),  (354,2),  (379,2),  (377,2),  (317,4),  (231,0),  (148,5),  (93,5),  (69,3),  (42,5),  (20,3),  (51,3),  (52,3), 


[Timing] Time passed: 387.013023 s

Posterior Probability: -87.81910676
Agreement with demo: 15%
Current angular diffs: 82'

Selected number of demos: 22

-- Positive Demos --
 (549,3),  (550,3),  (528,5),  (501,5),  (474,0),  (391,0),  (305,4),  (303,2),  (302,2),  (352,2),  (379,2),  (346,4),  (317,4),  (202,0),  (175,5),  (121,5),  (68,3),  (69,3),  (15,3),  (20,3),  (50,3),  (51,3), 


[Timing] Time passed: 365.854661 s

Posterior Probability: -251.9449035
Agreement with demo: 12%
Current angular diffs: 93'

Selected number of demos: 18

-- Positive Demos --
 (546,3),  (550,3),  (554,5),  (528,5),  (446,0),  (305,4),  (302,2),  (301,6),  (379,2),  (345,4),  (317,4),  (202,0),  (148,5),  (68,3),  (17,3),  (20,3),  (50,3),  (51,3), 


[Timing] Time passed: 355.875551 s

Posterior Probability: -379.628901
Agreement with demo: 7.6%
Current angular diffs: 1e+02'

Selected number of demos: 15

-- Positive Demos --
 (546,3),  (548,3),  (552,3),  (500,5),  (391,0),  (304,2),  (354,2),  (376,2),  (317,4),  (175,5),  (121,5),  (68,3),  (69,3),  (18,3),  (52,3), 


[Timing] Time passed: 360.929283 s

Posterior Probability: -243.8374748
Agreement with demo: 15%
Current angular diffs: 89'

Selected number of demos: 18

-- Positive Demos --
 (548,3),  (549,3),  (552,3),  (528,5),  (446,0),  (361,4),  (334,4),  (303,2),  (354,2),  (351,2),  (376,2),  (317,4),  (260,4),  (148,5),  (68,3),  (15,3),  (22,3),  (52,3), 


[Timing] Time passed: 333.218995 s

Posterior Probability: -76.23369532
Agreement with demo: 12%
Current angular diffs: 85'

Selected number of demos: 19

-- Positive Demos --
 (549,3),  (552,3),  (528,5),  (446,0),  (361,4),  (334,4),  (305,4),  (304,2),  (354,2),  (351,2),  (346,4),  (317,4),  (231,0),  (148,5),  (121,5),  (68,3),  (15,3),  (50,3),  (52,3), 


[Timing] Time passed: 345.998997 s

Posterior Probability: -131.4755541
Agreement with demo: 6.1%
Current angular diffs: 94'

Selected number of demos: 17

-- Positive Demos --
 (550,3),  (500,5),  (474,0),  (361,4),  (305,4),  (301,6),  (352,2),  (351,2),  (377,2),  (376,2),  (346,4),  (231,0),  (175,5),  (121,5),  (41,5),  (20,3),  (51,3), 


[Timing] Time passed: 356.716237 s

Posterior Probability: -117.6157517
Agreement with demo: 9.1%
Current angular diffs: 97'

Selected number of demos: 29

-- Positive Demos --
 (546,3),  (548,3),  (549,3),  (552,3),  (554,5),  (528,5),  (500,5),  (474,0),  (418,0),  (391,0),  (305,4),  (302,2),  (301,6),  (352,2),  (379,2),  (376,2),  (345,4),  (289,4),  (231,0),  (148,5),  (93,5),  (68,3),  (42,5),  (15,3),  (17,3),  (20,3),  (22,3),  (51,3),  (52,3), 


[Timing] Time passed: 328.565839 s

Posterior Probability: -79.71935613
Agreement with demo: 14%
Current angular diffs: 96'

Selected number of demos: 28

-- Positive Demos --
 (545,3),  (549,3),  (552,3),  (554,5),  (528,5),  (501,5),  (446,0),  (391,0),  (361,4),  (334,4),  (303,2),  (302,2),  (328,6),  (351,2),  (377,2),  (345,4),  (317,4),  (231,0),  (175,5),  (148,5),  (121,5),  (68,3),  (69,3),  (15,3),  (17,3),  (20,3),  (51,3),  (52,3), 


[Timing] Time passed: 274.023152 s

Posterior Probability: -279.3556141
Agreement with demo: 11%
Current angular diffs: 87'

Selected number of demos: 54

-- Positive Demos --
 (545,3),  (546,3),  (548,3),  (549,3),  (550,3),  (552,3),  (553,3),  (554,5),  (528,5),  (500,5),  (501,5),  (474,0),  (446,0),  (418,0),  (391,0),  (361,4),  (334,4),  (305,4),  (304,2),  (303,2),  (302,2),  (301,6),  (328,6),  (354,2),  (352,2),  (351,2),  (379,2),  (377,2),  (376,2),  (346,4),  (345,4),  (317,4),  (289,4),  (260,4),  (231,0),  (202,0),  (175,5),  (148,5),  (121,5),  (93,5),  (95,5),  (68,3),  (69,3),  (41,5),  (42,5),  (15,3),  (17,3),  (18,3),  (20,3),  (22,3),  (50,3),  (51,3),  (52,3), 


[Timing] Time passed: 271.299054 s

Posterior Probability: -155.8333843
Agreement with demo: 11%
Current angular diffs: 85'

Selected number of demos: 54

-- Positive Demos --
 (545,3),  (546,3),  (548,3),  (549,3),  (550,3),  (552,3),  (553,3),  (554,5),  (528,5),  (500,5),  (501,5),  (474,0),  (446,0),  (418,0),  (391,0),  (361,4),  (334,4),  (305,4),  (304,2),  (303,2),  (302,2),  (301,6),  (328,6),  (354,2),  (352,2),  (351,2),  (379,2),  (377,2),  (376,2),  (346,4),  (345,4),  (317,4),  (289,4),  (260,4),  (231,0),  (202,0),  (175,5),  (148,5),  (121,5),  (93,5),  (95,5),  (68,3),  (69,3),  (41,5),  (42,5),  (15,3),  (17,3),  (18,3),  (20,3),  (22,3),  (50,3),  (51,3),  (52,3), 


[Timing] Time passed: 280.841505 s

Posterior Probability: -216.4010267
Agreement with demo: 11%
Current angular diffs: 80'

Selected number of demos: 54

-- Positive Demos --
 (545,3),  (546,3),  (548,3),  (549,3),  (550,3),  (552,3),  (553,3),  (554,5),  (528,5),  (500,5),  (501,5),  (474,0),  (446,0),  (418,0),  (391,0),  (361,4),  (334,4),  (305,4),  (304,2),  (303,2),  (302,2),  (301,6),  (328,6),  (354,2),  (352,2),  (351,2),  (379,2),  (377,2),  (376,2),  (346,4),  (345,4),  (317,4),  (289,4),  (260,4),  (231,0),  (202,0),  (175,5),  (148,5),  (121,5),  (93,5),  (95,5),  (68,3),  (69,3),  (41,5),  (42,5),  (15,3),  (17,3),  (18,3),  (20,3),  (22,3),  (50,3),  (51,3),  (52,3), 


[Timing] Time passed: 270.755734 s

Posterior Probability: -110.2063747
Agreement with demo: 15%
Current angular diffs: 89'

Selected number of demos: 25

-- Positive Demos --
 (548,3),  (552,3),  (528,5),  (474,0),  (446,0),  (391,0),  (361,4),  (305,4),  (303,2),  (301,6),  (352,2),  (351,2),  (376,2),  (346,4),  (317,4),  (289,4),  (231,0),  (148,5),  (95,5),  (69,3),  (42,5),  (17,3),  (22,3),  (51,3),  (52,3), 


[Timing] Time passed: 275.28104 s

Posterior Probability: -190.3028895
Agreement with demo: 17%
Current angular diffs: 80'

Selected number of demos: 18

-- Positive Demos --
 (545,3),  (546,3),  (552,3),  (554,5),  (528,5),  (446,0),  (305,4),  (301,6),  (328,6),  (379,2),  (377,2),  (345,4),  (260,4),  (175,5),  (68,3),  (69,3),  (18,3),  (52,3), 


[Timing] Time passed: 277.173923 s

Posterior Probability: -151.3393179
Agreement with demo: 14%
Current angular diffs: 90'

Selected number of demos: 19

-- Positive Demos --
 (546,3),  (553,3),  (554,5),  (528,5),  (500,5),  (418,0),  (304,2),  (328,6),  (377,2),  (317,4),  (260,4),  (202,0),  (175,5),  (93,5),  (69,3),  (18,3),  (50,3),  (51,3),  (52,3), 


[Timing] Time passed: 276.55104 s

Posterior Probability: -41.87426864
Agreement with demo: 1.5%
Current angular diffs: 83'

-----------------------------
Avg angular diffs: 80'
-- learned weights --
Feature Weights: -0.3, 0.80325, -0.20325, -0.1, 
