loading features...

Initializing gridworld of size 28 by 22..
    Num states: 616
    Num actions: 8

Total number of demos: 48

Selected number of demos: 32

-- Positive Demos --
 (496,6),  (495,2),  (494,4),  (464,0),  (380,0),  (295,0),  (209,4),  (152,4),  (123,4),  (65,2),  (63,2),  (89,6),  (116,6),  (143,6),  (143,7),  (172,7),  (200,7),  (258,7),  (287,7),  (316,7),  (344,1),  (400,1),  (430,1),  (486,2),  (484,2),  (483,2),  (482,6),  (509,2),  (508,2),  (506,1),  (506,5),  (508,3), 


[Timing] Time passed: 247.837162 s

Posterior Probability: -72.37603252
Agreement with demo: 10%
Current angular diffs: 1e+02'

Selected number of demos: 48

-- Positive Demos --
 (440,6),  (496,6),  (495,2),  (522,4),  (494,4),  (493,4),  (464,0),  (436,0),  (380,0),  (351,4),  (295,0),  (267,0),  (209,4),  (181,4),  (152,4),  (123,4),  (94,4),  (65,2),  (64,2),  (63,2),  (62,6),  (89,6),  (116,6),  (144,2),  (143,6),  (143,7),  (172,7),  (173,7),  (200,7),  (230,1),  (258,7),  (287,7),  (316,7),  (344,1),  (373,1),  (400,1),  (430,1),  (486,1),  (486,2),  (485,2),  (484,2),  (483,2),  (482,6),  (509,2),  (508,2),  (506,1),  (506,5),  (508,3), 


[Timing] Time passed: 244.786991 s

Posterior Probability: -378.0472445
Agreement with demo: 17%
Current angular diffs: 88'

Selected number of demos: 33

-- Positive Demos --
 (496,6),  (495,2),  (494,4),  (464,0),  (436,0),  (380,0),  (295,0),  (209,4),  (181,4),  (152,4),  (94,4),  (64,2),  (62,6),  (89,6),  (116,6),  (143,6),  (143,7),  (172,7),  (173,7),  (200,7),  (258,7),  (316,7),  (344,1),  (373,1),  (400,1),  (430,1),  (486,2),  (485,2),  (483,2),  (482,6),  (509,2),  (508,2),  (506,5), 


[Timing] Time passed: 227.602206 s

Posterior Probability: -104.6588422
Agreement with demo: 15%
Current angular diffs: 92'

Selected number of demos: 48

-- Positive Demos --
 (440,6),  (496,6),  (495,2),  (522,4),  (494,4),  (493,4),  (464,0),  (436,0),  (380,0),  (351,4),  (295,0),  (267,0),  (209,4),  (181,4),  (152,4),  (123,4),  (94,4),  (65,2),  (64,2),  (63,2),  (62,6),  (89,6),  (116,6),  (144,2),  (143,6),  (143,7),  (172,7),  (173,7),  (200,7),  (230,1),  (258,7),  (287,7),  (316,7),  (344,1),  (373,1),  (400,1),  (430,1),  (486,1),  (486,2),  (485,2),  (484,2),  (483,2),  (482,6),  (509,2),  (508,2),  (506,1),  (506,5),  (508,3), 


[Timing] Time passed: 205.483542 s

Posterior Probability: -224.4991136
Agreement with demo: 10%
Current angular diffs: 89'

Selected number of demos: 23

-- Positive Demos --
 (496,6),  (495,2),  (494,4),  (436,0),  (380,0),  (295,0),  (209,4),  (152,4),  (94,4),  (65,2),  (62,6),  (144,2),  (143,6),  (143,7),  (173,7),  (230,1),  (258,7),  (344,1),  (430,1),  (485,2),  (484,2),  (509,2),  (506,5), 


[Timing] Time passed: 195.749612 s

Posterior Probability: -98.98129911
Agreement with demo: 15%
Current angular diffs: 88'

Selected number of demos: 48

-- Positive Demos --
 (440,6),  (496,6),  (495,2),  (522,4),  (494,4),  (493,4),  (464,0),  (436,0),  (380,0),  (351,4),  (295,0),  (267,0),  (209,4),  (181,4),  (152,4),  (123,4),  (94,4),  (65,2),  (64,2),  (63,2),  (62,6),  (89,6),  (116,6),  (144,2),  (143,6),  (143,7),  (172,7),  (173,7),  (200,7),  (230,1),  (258,7),  (287,7),  (316,7),  (344,1),  (373,1),  (400,1),  (430,1),  (486,1),  (486,2),  (485,2),  (484,2),  (483,2),  (482,6),  (509,2),  (508,2),  (506,1),  (506,5),  (508,3), 


[Timing] Time passed: 196.451577 s

Posterior Probability: -269.0900007
Agreement with demo: 17%
Current angular diffs: 82'

Selected number of demos: 48

-- Positive Demos --
 (440,6),  (496,6),  (495,2),  (522,4),  (494,4),  (493,4),  (464,0),  (436,0),  (380,0),  (351,4),  (295,0),  (267,0),  (209,4),  (181,4),  (152,4),  (123,4),  (94,4),  (65,2),  (64,2),  (63,2),  (62,6),  (89,6),  (116,6),  (144,2),  (143,6),  (143,7),  (172,7),  (173,7),  (200,7),  (230,1),  (258,7),  (287,7),  (316,7),  (344,1),  (373,1),  (400,1),  (430,1),  (486,1),  (486,2),  (485,2),  (484,2),  (483,2),  (482,6),  (509,2),  (508,2),  (506,1),  (506,5),  (508,3), 


[Timing] Time passed: 189.099886 s

Posterior Probability: -321.9308936
Agreement with demo: 6.8%
Current angular diffs: 1.1e+02'

Selected number of demos: 18

-- Positive Demos --
 (496,6),  (494,4),  (380,0),  (351,4),  (181,4),  (65,2),  (62,6),  (89,6),  (144,2),  (143,6),  (143,7),  (230,1),  (287,7),  (316,7),  (430,1),  (484,2),  (509,2),  (508,3), 


[Timing] Time passed: 189.33174 s

Posterior Probability: -159.0614524
Agreement with demo: 17%
Current angular diffs: 91'

Selected number of demos: 26

-- Positive Demos --
 (496,6),  (495,2),  (494,4),  (436,0),  (351,4),  (295,0),  (209,4),  (181,4),  (152,4),  (123,4),  (64,2),  (63,2),  (62,6),  (116,6),  (144,2),  (143,7),  (172,7),  (200,7),  (287,7),  (373,1),  (430,1),  (485,2),  (484,2),  (483,2),  (508,2),  (506,1), 


[Timing] Time passed: 184.960658 s

Posterior Probability: -111.5250682
Agreement with demo: 17%
Current angular diffs: 88'

Selected number of demos: 19

-- Positive Demos --
 (440,6),  (494,4),  (380,0),  (295,0),  (209,4),  (94,4),  (63,2),  (62,6),  (144,2),  (143,6),  (143,7),  (172,7),  (200,7),  (316,7),  (373,1),  (486,2),  (482,6),  (508,2),  (508,3), 


[Timing] Time passed: 187.382852 s

Posterior Probability: -94.88936551
Agreement with demo: 17%
Current angular diffs: 82'

Selected number of demos: 48

-- Positive Demos --
 (440,6),  (496,6),  (495,2),  (522,4),  (494,4),  (493,4),  (464,0),  (436,0),  (380,0),  (351,4),  (295,0),  (267,0),  (209,4),  (181,4),  (152,4),  (123,4),  (94,4),  (65,2),  (64,2),  (63,2),  (62,6),  (89,6),  (116,6),  (144,2),  (143,6),  (143,7),  (172,7),  (173,7),  (200,7),  (230,1),  (258,7),  (287,7),  (316,7),  (344,1),  (373,1),  (400,1),  (430,1),  (486,1),  (486,2),  (485,2),  (484,2),  (483,2),  (482,6),  (509,2),  (508,2),  (506,1),  (506,5),  (508,3), 


[Timing] Time passed: 195.342873 s

Posterior Probability: -179.0173898
Agreement with demo: 19%
Current angular diffs: 85'

Selected number of demos: 31

-- Positive Demos --
 (496,6),  (522,4),  (493,4),  (464,0),  (380,0),  (351,4),  (267,0),  (181,4),  (123,4),  (94,4),  (65,2),  (64,2),  (62,6),  (116,6),  (143,6),  (172,7),  (200,7),  (258,7),  (287,7),  (344,1),  (373,1),  (400,1),  (430,1),  (486,2),  (485,2),  (484,2),  (482,6),  (509,2),  (508,2),  (506,1),  (506,5), 


[Timing] Time passed: 195.366551 s

Posterior Probability: -200.4639999
Agreement with demo: 17%
Current angular diffs: 81'

Selected number of demos: 17

-- Positive Demos --
 (440,6),  (494,4),  (380,0),  (209,4),  (181,4),  (65,2),  (63,2),  (116,6),  (143,7),  (230,1),  (316,7),  (373,1),  (486,1),  (486,2),  (485,2),  (483,2),  (506,1), 


[Timing] Time passed: 163.683191 s

Posterior Probability: -84.83124868
Agreement with demo: 10%
Current angular diffs: 99'

Selected number of demos: 22

-- Positive Demos --
 (440,6),  (522,4),  (494,4),  (380,0),  (351,4),  (295,0),  (209,4),  (181,4),  (152,4),  (123,4),  (63,2),  (89,6),  (144,2),  (143,6),  (173,7),  (200,7),  (316,7),  (373,1),  (486,2),  (482,6),  (508,2),  (506,5), 


[Timing] Time passed: 178.696085 s

Posterior Probability: -62.08319319
Agreement with demo: 17%
Current angular diffs: 88'

Selected number of demos: 29

-- Positive Demos --
 (496,6),  (495,2),  (494,4),  (464,0),  (436,0),  (380,0),  (295,0),  (209,4),  (181,4),  (123,4),  (65,2),  (63,2),  (89,6),  (116,6),  (144,2),  (143,6),  (172,7),  (200,7),  (258,7),  (287,7),  (344,1),  (400,1),  (430,1),  (486,1),  (485,2),  (484,2),  (482,6),  (508,2),  (506,5), 


[Timing] Time passed: 171.088959 s

Posterior Probability: -137.2492774
Agreement with demo: 19%
Current angular diffs: 87'

Selected number of demos: 18

-- Positive Demos --
 (496,6),  (493,4),  (464,0),  (295,0),  (152,4),  (65,2),  (64,2),  (89,6),  (143,7),  (172,7),  (258,7),  (287,7),  (344,1),  (486,1),  (485,2),  (483,2),  (509,2),  (508,3), 


[Timing] Time passed: 180.488624 s

Posterior Probability: -46.12693385
Agreement with demo: 6.8%
Current angular diffs: 88'

-----------------------------
Avg angular diffs: 81'
-- learned weights --
Feature Weights: -0.90525, 0.7755, -0.68075, -0.1, 
