loading features...

Initializing gridworld of size 28 by 22..
    Num states: 616
    Num actions: 8

Total number of demos: 41

Selected number of demos: 25

-- Positive Demos --
 (163,6),  (191,6),  (302,1),  (329,6),  (384,6),  (438,2),  (464,2),  (435,0),  (406,0),  (350,0),  (267,0),  (183,0),  (155,0),  (98,4),  (70,2),  (68,2),  (94,6),  (148,6),  (202,6),  (230,6),  (285,6),  (367,6),  (394,6),  (450,1),  (479,3), 


[Timing] Time passed: 255.317087 s

Posterior Probability: -301.2155974
Agreement with demo: 14%
Current angular diffs: 1e+02'

Selected number of demos: 41

-- Positive Demos --
 (136,1),  (163,6),  (191,6),  (246,1),  (302,1),  (301,1),  (329,6),  (355,6),  (384,6),  (410,6),  (438,2),  (465,2),  (464,2),  (464,4),  (435,0),  (406,0),  (379,0),  (350,0),  (295,0),  (267,0),  (239,0),  (183,0),  (155,0),  (127,0),  (98,4),  (70,2),  (68,2),  (95,2),  (94,6),  (121,6),  (148,6),  (202,6),  (230,6),  (285,6),  (312,6),  (367,6),  (394,6),  (422,1),  (450,1),  (478,6),  (479,3), 


[Timing] Time passed: 245.056042 s

Posterior Probability: -351.895836
Agreement with demo: 8.9%
Current angular diffs: 1e+02'

Selected number of demos: 22

-- Positive Demos --
 (163,6),  (191,6),  (301,1),  (355,6),  (410,6),  (465,2),  (464,2),  (406,0),  (295,0),  (267,0),  (183,0),  (155,0),  (127,0),  (70,2),  (68,2),  (95,2),  (94,6),  (202,6),  (312,6),  (422,1),  (478,6),  (479,3), 


[Timing] Time passed: 225.327284 s

Posterior Probability: -141.3571958
Agreement with demo: 14%
Current angular diffs: 1e+02'

Selected number of demos: 24

-- Positive Demos --
 (163,6),  (246,1),  (301,1),  (355,6),  (410,6),  (465,2),  (464,2),  (435,0),  (379,0),  (295,0),  (267,0),  (183,0),  (155,0),  (98,4),  (68,2),  (94,6),  (148,6),  (230,6),  (285,6),  (312,6),  (394,6),  (450,1),  (478,6),  (479,3), 


[Timing] Time passed: 200.79891 s

Posterior Probability: -111.7662075
Agreement with demo: 14%
Current angular diffs: 1e+02'

Selected number of demos: 22

-- Positive Demos --
 (163,6),  (302,1),  (301,1),  (355,6),  (384,6),  (410,6),  (465,2),  (464,4),  (435,0),  (406,0),  (295,0),  (267,0),  (183,0),  (127,0),  (70,2),  (68,2),  (121,6),  (148,6),  (230,6),  (312,6),  (422,1),  (450,1), 


[Timing] Time passed: 199.601962 s

Posterior Probability: -113.4409277
Agreement with demo: 7.1%
Current angular diffs: 84'

Selected number of demos: 41

-- Positive Demos --
 (136,1),  (163,6),  (191,6),  (246,1),  (302,1),  (301,1),  (329,6),  (355,6),  (384,6),  (410,6),  (438,2),  (465,2),  (464,2),  (464,4),  (435,0),  (406,0),  (379,0),  (350,0),  (295,0),  (267,0),  (239,0),  (183,0),  (155,0),  (127,0),  (98,4),  (70,2),  (68,2),  (95,2),  (94,6),  (121,6),  (148,6),  (202,6),  (230,6),  (285,6),  (312,6),  (367,6),  (394,6),  (422,1),  (450,1),  (478,6),  (479,3), 


[Timing] Time passed: 200.172364 s

Posterior Probability: -303.5638881
Agreement with demo: 18%
Current angular diffs: 97'

Selected number of demos: 17

-- Positive Demos --
 (191,6),  (329,6),  (384,6),  (464,2),  (435,0),  (406,0),  (379,0),  (239,0),  (183,0),  (70,2),  (95,2),  (94,6),  (121,6),  (230,6),  (367,6),  (394,6),  (479,3), 


[Timing] Time passed: 185.415032 s

Posterior Probability: -168.9373789
Agreement with demo: 12%
Current angular diffs: 1.1e+02'

Selected number of demos: 16

-- Positive Demos --
 (246,1),  (355,6),  (410,6),  (464,2),  (464,4),  (435,0),  (350,0),  (295,0),  (267,0),  (155,0),  (70,2),  (94,6),  (202,6),  (367,6),  (394,6),  (478,6), 


[Timing] Time passed: 189.077105 s

Posterior Probability: -177.8780627
Agreement with demo: 11%
Current angular diffs: 98'

Selected number of demos: 14

-- Positive Demos --
 (163,6),  (191,6),  (355,6),  (384,6),  (410,6),  (435,0),  (295,0),  (183,0),  (127,0),  (94,6),  (148,6),  (285,6),  (394,6),  (450,1), 


[Timing] Time passed: 191.361172 s

Posterior Probability: -128.2492517
Agreement with demo: 8.9%
Current angular diffs: 87'

Selected number of demos: 27

-- Positive Demos --
 (163,6),  (246,1),  (301,1),  (329,6),  (355,6),  (410,6),  (465,2),  (464,2),  (464,4),  (435,0),  (406,0),  (350,0),  (295,0),  (239,0),  (155,0),  (98,4),  (68,2),  (95,2),  (94,6),  (121,6),  (148,6),  (230,6),  (285,6),  (367,6),  (394,6),  (450,1),  (478,6), 


[Timing] Time passed: 181.982425 s

Posterior Probability: -87.74235062
Agreement with demo: 18%
Current angular diffs: 91'

Selected number of demos: 14

-- Positive Demos --
 (246,1),  (355,6),  (465,2),  (464,4),  (379,0),  (350,0),  (239,0),  (70,2),  (94,6),  (121,6),  (148,6),  (202,6),  (312,6),  (450,1), 


[Timing] Time passed: 181.587111 s

Posterior Probability: -114.4082255
Agreement with demo: 8.9%
Current angular diffs: 87'

Selected number of demos: 13

-- Positive Demos --
 (163,6),  (329,6),  (410,6),  (464,4),  (379,0),  (267,0),  (155,0),  (95,2),  (148,6),  (312,6),  (367,6),  (422,1),  (478,6), 


[Timing] Time passed: 188.898215 s

Posterior Probability: -168.1366453
Agreement with demo: 7.1%
Current angular diffs: 98'

Selected number of demos: 18

-- Positive Demos --
 (163,6),  (191,6),  (302,1),  (329,6),  (410,6),  (465,2),  (464,2),  (406,0),  (350,0),  (295,0),  (239,0),  (127,0),  (68,2),  (121,6),  (202,6),  (312,6),  (367,6),  (450,1), 


[Timing] Time passed: 170.493457 s

Posterior Probability: -81.9307613
Agreement with demo: 20%
Current angular diffs: 90'

Selected number of demos: 41

-- Positive Demos --
 (136,1),  (163,6),  (191,6),  (246,1),  (302,1),  (301,1),  (329,6),  (355,6),  (384,6),  (410,6),  (438,2),  (465,2),  (464,2),  (464,4),  (435,0),  (406,0),  (379,0),  (350,0),  (295,0),  (267,0),  (239,0),  (183,0),  (155,0),  (127,0),  (98,4),  (70,2),  (68,2),  (95,2),  (94,6),  (121,6),  (148,6),  (202,6),  (230,6),  (285,6),  (312,6),  (367,6),  (394,6),  (422,1),  (450,1),  (478,6),  (479,3), 


[Timing] Time passed: 169.938018 s

Posterior Probability: -299.6737059
Agreement with demo: 11%
Current angular diffs: 83'

Selected number of demos: 16

-- Positive Demos --
 (191,6),  (329,6),  (465,2),  (464,2),  (435,0),  (379,0),  (267,0),  (183,0),  (155,0),  (95,2),  (94,6),  (121,6),  (230,6),  (285,6),  (422,1),  (479,3), 


[Timing] Time passed: 169.450066 s

Posterior Probability: -80.15898672
Agreement with demo: 18%
Current angular diffs: 96'

Selected number of demos: 15

-- Positive Demos --
 (191,6),  (329,6),  (438,2),  (464,2),  (379,0),  (267,0),  (155,0),  (70,2),  (95,2),  (94,6),  (148,6),  (230,6),  (285,6),  (394,6),  (479,3), 


[Timing] Time passed: 171.558746 s

Posterior Probability: -35.00857496
Agreement with demo: 14%
Current angular diffs: 85'

-----------------------------
Avg angular diffs: 83'
-- learned weights --
Feature Weights: -0.29125, 0.56575, -0.5355, -0.1, 
