loading features...

Initializing gridworld of size 28 by 22..
    Num states: 616
    Num actions: 8

Total number of demos: 39

Selected number of demos: 24

-- Positive Demos --
 (471,5),  (444,5),  (388,0),  (332,4),  (302,2),  (271,2),  (267,2),  (264,2),  (234,2),  (231,2),  (199,4),  (142,0),  (114,5),  (59,3),  (60,3),  (33,3),  (36,3),  (40,3),  (42,3),  (44,3),  (45,3),  (49,3),  (50,3),  (81,6), 


[Timing] Time passed: 258.847995 s

Posterior Probability: -254.8528147
Agreement with demo: 7.8%
Current angular diffs: 87'

Selected number of demos: 14

-- Positive Demos --
 (415,0),  (332,4),  (272,2),  (269,2),  (266,2),  (264,2),  (234,2),  (229,4),  (114,5),  (59,3),  (36,3),  (44,3),  (49,3),  (81,6), 


[Timing] Time passed: 234.343562 s

Posterior Probability: -30.53026391
Agreement with demo: 7.8%
Current angular diffs: 99'

-----------------------------
Avg angular diffs: 87'
-- learned weights --
Feature Weights: -0.00325, 0.343, 0.17825, -0.1, 
