loading features...

Initializing gridworld of size 28 by 22..
    Num states: 616
    Num actions: 8

Total number of demos: 58

Selected number of demos: 38

-- Positive Demos --
 (548,3),  (522,3),  (497,5),  (443,5),  (389,0),  (333,4),  (303,2),  (330,6),  (356,6),  (355,0),  (300,4),  (271,2),  (270,2),  (239,2),  (266,6),  (293,6),  (318,6),  (371,2),  (370,2),  (369,2),  (368,4),  (310,0),  (281,0),  (196,0),  (142,5),  (115,5),  (88,3),  (61,3),  (62,3),  (64,3),  (66,3),  (67,3),  (69,3),  (71,3),  (74,3),  (77,3),  (25,3),  (25,6), 


[Timing] Time passed: 230.949321 s

Posterior Probability: -715.7430673
Agreement with demo: 17%
Current angular diffs: 82'

Selected number of demos: 21

-- Positive Demos --
 (546,3),  (497,5),  (470,5),  (360,0),  (304,2),  (384,0),  (300,2),  (271,2),  (266,6),  (293,6),  (344,6),  (368,4),  (281,0),  (196,0),  (142,5),  (88,3),  (62,3),  (71,3),  (74,3),  (25,6),  (81,5), 


[Timing] Time passed: 243.865042 s

Posterior Probability: -155.9873972
Agreement with demo: 13%
Current angular diffs: 81'

Selected number of demos: 36

-- Positive Demos --
 (546,3),  (522,3),  (497,5),  (443,5),  (389,0),  (360,0),  (333,4),  (303,2),  (303,6),  (356,6),  (355,0),  (300,4),  (300,2),  (270,2),  (239,2),  (293,6),  (318,6),  (344,6),  (370,2),  (368,4),  (337,4),  (281,0),  (253,0),  (169,5),  (115,5),  (88,3),  (61,3),  (64,3),  (67,3),  (69,3),  (71,3),  (74,3),  (77,3),  (25,3),  (25,6),  (81,5), 


[Timing] Time passed: 237.423071 s

Posterior Probability: -230.1234263
Agreement with demo: 16%
Current angular diffs: 93'

Selected number of demos: 21

-- Positive Demos --
 (497,5),  (389,0),  (360,0),  (330,6),  (356,6),  (328,0),  (269,2),  (239,2),  (318,6),  (371,2),  (370,2),  (369,2),  (281,0),  (169,5),  (88,3),  (61,3),  (67,3),  (69,3),  (72,3),  (25,3),  (81,5), 


[Timing] Time passed: 222.277892 s

Posterior Probability: -309.4583223
Agreement with demo: 11%
Current angular diffs: 88'

Selected number of demos: 58

-- Positive Demos --
 (546,3),  (548,3),  (522,3),  (524,3),  (497,5),  (470,5),  (443,5),  (415,5),  (389,0),  (360,0),  (333,4),  (304,2),  (303,2),  (303,6),  (330,6),  (356,6),  (384,0),  (355,0),  (328,0),  (300,4),  (300,2),  (271,2),  (270,2),  (269,2),  (239,2),  (266,6),  (293,6),  (291,6),  (318,6),  (344,6),  (371,2),  (370,2),  (369,2),  (368,4),  (337,4),  (310,0),  (281,0),  (253,0),  (196,0),  (169,5),  (142,5),  (115,5),  (88,3),  (61,3),  (62,3),  (64,3),  (66,3),  (67,3),  (69,3),  (71,3),  (72,3),  (74,3),  (76,3),  (77,3),  (79,3),  (25,3),  (25,6),  (81,5), 


[Timing] Time passed: 218.948507 s

Posterior Probability: -573.3118445
Agreement with demo: 13%
Current angular diffs: 1e+02'

Selected number of demos: 58

-- Positive Demos --
 (546,3),  (548,3),  (522,3),  (524,3),  (497,5),  (470,5),  (443,5),  (415,5),  (389,0),  (360,0),  (333,4),  (304,2),  (303,2),  (303,6),  (330,6),  (356,6),  (384,0),  (355,0),  (328,0),  (300,4),  (300,2),  (271,2),  (270,2),  (269,2),  (239,2),  (266,6),  (293,6),  (291,6),  (318,6),  (344,6),  (371,2),  (370,2),  (369,2),  (368,4),  (337,4),  (310,0),  (281,0),  (253,0),  (196,0),  (169,5),  (142,5),  (115,5),  (88,3),  (61,3),  (62,3),  (64,3),  (66,3),  (67,3),  (69,3),  (71,3),  (72,3),  (74,3),  (76,3),  (77,3),  (79,3),  (25,3),  (25,6),  (81,5), 


[Timing] Time passed: 218.347536 s

Posterior Probability: -410.9198802
Agreement with demo: 14%
Current angular diffs: 81'

Selected number of demos: 58

-- Positive Demos --
 (546,3),  (548,3),  (522,3),  (524,3),  (497,5),  (470,5),  (443,5),  (415,5),  (389,0),  (360,0),  (333,4),  (304,2),  (303,2),  (303,6),  (330,6),  (356,6),  (384,0),  (355,0),  (328,0),  (300,4),  (300,2),  (271,2),  (270,2),  (269,2),  (239,2),  (266,6),  (293,6),  (291,6),  (318,6),  (344,6),  (371,2),  (370,2),  (369,2),  (368,4),  (337,4),  (310,0),  (281,0),  (253,0),  (196,0),  (169,5),  (142,5),  (115,5),  (88,3),  (61,3),  (62,3),  (64,3),  (66,3),  (67,3),  (69,3),  (71,3),  (72,3),  (74,3),  (76,3),  (77,3),  (79,3),  (25,3),  (25,6),  (81,5), 


[Timing] Time passed: 221.802531 s

Posterior Probability: -715.0572426
Agreement with demo: 11%
Current angular diffs: 87'

Selected number of demos: 39

-- Positive Demos --
 (546,3),  (522,3),  (497,5),  (470,5),  (415,5),  (360,0),  (333,4),  (303,2),  (303,6),  (330,6),  (384,0),  (328,0),  (300,4),  (271,2),  (269,2),  (239,2),  (293,6),  (318,6),  (344,6),  (371,2),  (370,2),  (368,4),  (310,0),  (253,0),  (196,0),  (169,5),  (142,5),  (115,5),  (88,3),  (62,3),  (64,3),  (66,3),  (67,3),  (71,3),  (72,3),  (76,3),  (79,3),  (25,3),  (25,6), 


[Timing] Time passed: 209.656617 s

Posterior Probability: -187.8974532
Agreement with demo: 7.1%
Current angular diffs: 86'

Selected number of demos: 58

-- Positive Demos --
 (546,3),  (548,3),  (522,3),  (524,3),  (497,5),  (470,5),  (443,5),  (415,5),  (389,0),  (360,0),  (333,4),  (304,2),  (303,2),  (303,6),  (330,6),  (356,6),  (384,0),  (355,0),  (328,0),  (300,4),  (300,2),  (271,2),  (270,2),  (269,2),  (239,2),  (266,6),  (293,6),  (291,6),  (318,6),  (344,6),  (371,2),  (370,2),  (369,2),  (368,4),  (337,4),  (310,0),  (281,0),  (253,0),  (196,0),  (169,5),  (142,5),  (115,5),  (88,3),  (61,3),  (62,3),  (64,3),  (66,3),  (67,3),  (69,3),  (71,3),  (72,3),  (74,3),  (76,3),  (77,3),  (79,3),  (25,3),  (25,6),  (81,5), 


[Timing] Time passed: 215.009528 s

Posterior Probability: -815.7812706
Agreement with demo: 11%
Current angular diffs: 84'

Selected number of demos: 28

-- Positive Demos --
 (522,3),  (524,3),  (443,5),  (360,0),  (333,4),  (304,2),  (303,6),  (330,6),  (384,0),  (300,4),  (300,2),  (269,2),  (239,2),  (266,6),  (318,6),  (371,2),  (368,4),  (337,4),  (281,0),  (196,0),  (142,5),  (88,3),  (62,3),  (66,3),  (71,3),  (76,3),  (25,3),  (81,5), 


[Timing] Time passed: 206.428327 s

Posterior Probability: -287.2775199
Agreement with demo: 11%
Current angular diffs: 98'

Selected number of demos: 18

-- Positive Demos --
 (546,3),  (497,5),  (389,0),  (303,6),  (384,0),  (300,2),  (266,6),  (344,6),  (371,2),  (370,2),  (369,2),  (337,4),  (281,0),  (142,5),  (62,3),  (66,3),  (71,3),  (77,3), 


[Timing] Time passed: 217.333149 s

Posterior Probability: -220.3426102
Agreement with demo: 8.6%
Current angular diffs: 88'

Selected number of demos: 17

-- Positive Demos --
 (524,3),  (389,0),  (303,2),  (356,6),  (384,0),  (328,0),  (271,2),  (270,2),  (239,2),  (318,6),  (368,4),  (310,0),  (169,5),  (88,3),  (67,3),  (74,3),  (25,6), 


[Timing] Time passed: 217.72374 s

Posterior Probability: -350.5044309
Agreement with demo: 16%
Current angular diffs: 80'

Selected number of demos: 58

-- Positive Demos --
 (546,3),  (548,3),  (522,3),  (524,3),  (497,5),  (470,5),  (443,5),  (415,5),  (389,0),  (360,0),  (333,4),  (304,2),  (303,2),  (303,6),  (330,6),  (356,6),  (384,0),  (355,0),  (328,0),  (300,4),  (300,2),  (271,2),  (270,2),  (269,2),  (239,2),  (266,6),  (293,6),  (291,6),  (318,6),  (344,6),  (371,2),  (370,2),  (369,2),  (368,4),  (337,4),  (310,0),  (281,0),  (253,0),  (196,0),  (169,5),  (142,5),  (115,5),  (88,3),  (61,3),  (62,3),  (64,3),  (66,3),  (67,3),  (69,3),  (71,3),  (72,3),  (74,3),  (76,3),  (77,3),  (79,3),  (25,3),  (25,6),  (81,5), 


[Timing] Time passed: 209.237495 s

Posterior Probability: -255.9044489
Agreement with demo: 8.6%
Current angular diffs: 86'

Selected number of demos: 18

-- Positive Demos --
 (546,3),  (497,5),  (443,5),  (360,0),  (303,6),  (384,0),  (300,2),  (266,6),  (344,6),  (371,2),  (369,2),  (310,0),  (196,0),  (169,5),  (61,3),  (66,3),  (74,3),  (25,6), 


[Timing] Time passed: 210.845543 s

Posterior Probability: -65.58513694
Agreement with demo: 26%
Current angular diffs: 76'

Selected number of demos: 18

-- Positive Demos --
 (497,5),  (443,5),  (304,2),  (384,0),  (300,4),  (269,2),  (318,6),  (344,6),  (337,4),  (310,0),  (281,0),  (169,5),  (115,5),  (62,3),  (67,3),  (69,3),  (74,3),  (79,3), 


[Timing] Time passed: 187.731836 s

Posterior Probability: -159.6843949
Agreement with demo: 13%
Current angular diffs: 94'

Selected number of demos: 38

-- Positive Demos --
 (546,3),  (548,3),  (524,3),  (497,5),  (443,5),  (389,0),  (360,0),  (333,4),  (304,2),  (303,6),  (330,6),  (384,0),  (328,0),  (300,4),  (271,2),  (269,2),  (266,6),  (291,6),  (318,6),  (344,6),  (371,2),  (369,2),  (337,4),  (310,0),  (253,0),  (196,0),  (142,5),  (115,5),  (61,3),  (62,3),  (64,3),  (67,3),  (69,3),  (72,3),  (76,3),  (79,3),  (25,3),  (81,5), 


[Timing] Time passed: 178.071932 s

Posterior Probability: -175.4370401
Agreement with demo: 7.1%
Current angular diffs: 87'

Selected number of demos: 27

-- Positive Demos --
 (546,3),  (497,5),  (415,5),  (360,0),  (303,6),  (384,0),  (300,4),  (300,2),  (271,2),  (270,2),  (266,6),  (293,6),  (318,6),  (344,6),  (371,2),  (370,2),  (369,2),  (337,4),  (281,0),  (169,5),  (115,5),  (88,3),  (61,3),  (67,3),  (74,3),  (79,3),  (81,5), 


[Timing] Time passed: 156.908933 s

Posterior Probability: -379.0096282
Agreement with demo: 16%
Current angular diffs: 78'

Selected number of demos: 26

-- Positive Demos --
 (546,3),  (497,5),  (470,5),  (415,5),  (304,2),  (356,6),  (328,0),  (300,4),  (300,2),  (271,2),  (269,2),  (239,2),  (266,6),  (344,6),  (370,2),  (368,4),  (310,0),  (169,5),  (88,3),  (64,3),  (66,3),  (69,3),  (76,3),  (25,3),  (25,6),  (81,5), 


[Timing] Time passed: 160.633623 s

Posterior Probability: -575.0816907
Agreement with demo: 8.6%
Current angular diffs: 89'

Selected number of demos: 29

-- Positive Demos --
 (546,3),  (548,3),  (522,3),  (524,3),  (497,5),  (415,5),  (360,0),  (303,2),  (303,6),  (384,0),  (355,0),  (328,0),  (300,2),  (270,2),  (239,2),  (293,6),  (344,6),  (371,2),  (368,4),  (310,0),  (253,0),  (142,5),  (88,3),  (61,3),  (64,3),  (67,3),  (72,3),  (77,3),  (25,3), 


[Timing] Time passed: 166.775063 s

Posterior Probability: -537.7917906
Agreement with demo: 20%
Current angular diffs: 82'

Selected number of demos: 25

-- Positive Demos --
 (522,3),  (524,3),  (497,5),  (470,5),  (443,5),  (415,5),  (360,0),  (333,4),  (330,6),  (355,0),  (328,0),  (300,2),  (269,2),  (293,6),  (344,6),  (370,2),  (337,4),  (310,0),  (169,5),  (88,3),  (66,3),  (67,3),  (72,3),  (79,3),  (81,5), 


[Timing] Time passed: 147.895782 s

Posterior Probability: -153.4307953
Agreement with demo: 17%
Current angular diffs: 88'

Selected number of demos: 26

-- Positive Demos --
 (522,3),  (470,5),  (415,5),  (389,0),  (360,0),  (304,2),  (330,6),  (355,0),  (300,4),  (270,2),  (269,2),  (266,6),  (291,6),  (371,2),  (368,4),  (281,0),  (196,0),  (142,5),  (88,3),  (62,3),  (64,3),  (67,3),  (72,3),  (74,3),  (79,3),  (25,6), 


[Timing] Time passed: 147.374836 s

Posterior Probability: -419.1241948
Agreement with demo: 8.6%
Current angular diffs: 89'

Selected number of demos: 58

-- Positive Demos --
 (546,3),  (548,3),  (522,3),  (524,3),  (497,5),  (470,5),  (443,5),  (415,5),  (389,0),  (360,0),  (333,4),  (304,2),  (303,2),  (303,6),  (330,6),  (356,6),  (384,0),  (355,0),  (328,0),  (300,4),  (300,2),  (271,2),  (270,2),  (269,2),  (239,2),  (266,6),  (293,6),  (291,6),  (318,6),  (344,6),  (371,2),  (370,2),  (369,2),  (368,4),  (337,4),  (310,0),  (281,0),  (253,0),  (196,0),  (169,5),  (142,5),  (115,5),  (88,3),  (61,3),  (62,3),  (64,3),  (66,3),  (67,3),  (69,3),  (71,3),  (72,3),  (74,3),  (76,3),  (77,3),  (79,3),  (25,3),  (25,6),  (81,5), 


[Timing] Time passed: 138.711952 s

Posterior Probability: -453.7909093
Agreement with demo: 11%
Current angular diffs: 86'

Selected number of demos: 26

-- Positive Demos --
 (522,3),  (497,5),  (443,5),  (360,0),  (333,4),  (303,6),  (384,0),  (328,0),  (300,4),  (270,2),  (269,2),  (293,6),  (318,6),  (344,6),  (369,2),  (310,0),  (196,0),  (115,5),  (62,3),  (66,3),  (71,3),  (72,3),  (74,3),  (79,3),  (25,6),  (81,5), 


[Timing] Time passed: 136.96448 s

Posterior Probability: -63.92018563
Agreement with demo: 10%
Current angular diffs: 85'

Selected number of demos: 40

-- Positive Demos --
 (548,3),  (522,3),  (524,3),  (470,5),  (443,5),  (389,0),  (333,4),  (304,2),  (303,2),  (303,6),  (330,6),  (356,6),  (355,0),  (300,4),  (300,2),  (271,2),  (270,2),  (269,2),  (266,6),  (291,6),  (344,6),  (371,2),  (369,2),  (337,4),  (310,0),  (281,0),  (196,0),  (169,5),  (115,5),  (61,3),  (64,3),  (66,3),  (67,3),  (71,3),  (74,3),  (76,3),  (77,3),  (79,3),  (25,3),  (81,5), 


[Timing] Time passed: 135.808098 s

Posterior Probability: -446.9115894
Agreement with demo: 11%
Current angular diffs: 96'

Selected number of demos: 39

-- Positive Demos --
 (548,3),  (522,3),  (524,3),  (497,5),  (443,5),  (389,0),  (333,4),  (303,2),  (303,6),  (330,6),  (356,6),  (355,0),  (300,4),  (271,2),  (270,2),  (239,2),  (266,6),  (291,6),  (318,6),  (344,6),  (370,2),  (368,4),  (310,0),  (281,0),  (253,0),  (169,5),  (142,5),  (115,5),  (61,3),  (62,3),  (66,3),  (67,3),  (69,3),  (71,3),  (74,3),  (76,3),  (79,3),  (25,3),  (81,5), 


[Timing] Time passed: 135.96972 s

Posterior Probability: -697.0863766
Agreement with demo: 11%
Current angular diffs: 91'

Selected number of demos: 29

-- Positive Demos --
 (522,3),  (524,3),  (470,5),  (443,5),  (360,0),  (304,2),  (303,6),  (330,6),  (355,0),  (300,4),  (270,2),  (266,6),  (318,6),  (371,2),  (370,2),  (369,2),  (337,4),  (281,0),  (196,0),  (142,5),  (61,3),  (64,3),  (66,3),  (67,3),  (71,3),  (76,3),  (79,3),  (25,6),  (81,5), 


[Timing] Time passed: 134.875704 s

Posterior Probability: -245.9886224
Agreement with demo: 14%
Current angular diffs: 79'

Selected number of demos: 38

-- Positive Demos --
 (548,3),  (524,3),  (497,5),  (470,5),  (443,5),  (415,5),  (389,0),  (333,4),  (304,2),  (303,2),  (303,6),  (330,6),  (384,0),  (328,0),  (300,2),  (271,2),  (270,2),  (269,2),  (266,6),  (291,6),  (344,6),  (370,2),  (368,4),  (310,0),  (253,0),  (169,5),  (115,5),  (61,3),  (64,3),  (66,3),  (67,3),  (69,3),  (72,3),  (76,3),  (77,3),  (79,3),  (25,6),  (81,5), 


[Timing] Time passed: 137.001369 s

Posterior Probability: -95.88140177
Agreement with demo: 7.1%
Current angular diffs: 91'

Selected number of demos: 58

-- Positive Demos --
 (546,3),  (548,3),  (522,3),  (524,3),  (497,5),  (470,5),  (443,5),  (415,5),  (389,0),  (360,0),  (333,4),  (304,2),  (303,2),  (303,6),  (330,6),  (356,6),  (384,0),  (355,0),  (328,0),  (300,4),  (300,2),  (271,2),  (270,2),  (269,2),  (239,2),  (266,6),  (293,6),  (291,6),  (318,6),  (344,6),  (371,2),  (370,2),  (369,2),  (368,4),  (337,4),  (310,0),  (281,0),  (253,0),  (196,0),  (169,5),  (142,5),  (115,5),  (88,3),  (61,3),  (62,3),  (64,3),  (66,3),  (67,3),  (69,3),  (71,3),  (72,3),  (74,3),  (76,3),  (77,3),  (79,3),  (25,3),  (25,6),  (81,5), 


[Timing] Time passed: 137.729946 s

Posterior Probability: -452.781914
Agreement with demo: 13%
Current angular diffs: 93'

Selected number of demos: 21

-- Positive Demos --
 (522,3),  (443,5),  (415,5),  (360,0),  (303,2),  (384,0),  (328,0),  (300,4),  (269,2),  (266,6),  (291,6),  (371,2),  (368,4),  (281,0),  (196,0),  (115,5),  (64,3),  (67,3),  (71,3),  (76,3),  (25,3), 


[Timing] Time passed: 135.219769 s

Posterior Probability: -153.7150373
Agreement with demo: 11%
Current angular diffs: 94'

Selected number of demos: 17

-- Positive Demos --
 (522,3),  (524,3),  (389,0),  (333,4),  (303,6),  (328,0),  (300,4),  (269,2),  (291,6),  (371,2),  (310,0),  (169,5),  (142,5),  (64,3),  (72,3),  (77,3),  (81,5), 


[Timing] Time passed: 135.376403 s

Posterior Probability: -70.91246871
Agreement with demo: 14%
Current angular diffs: 94'

Selected number of demos: 32

-- Positive Demos --
 (548,3),  (522,3),  (497,5),  (443,5),  (415,5),  (333,4),  (304,2),  (303,2),  (303,6),  (384,0),  (355,0),  (328,0),  (300,4),  (271,2),  (239,2),  (266,6),  (318,6),  (370,2),  (369,2),  (337,4),  (281,0),  (196,0),  (169,5),  (115,5),  (61,3),  (62,3),  (66,3),  (69,3),  (72,3),  (77,3),  (25,3),  (25,6), 


[Timing] Time passed: 136.550553 s

Posterior Probability: -370.3344702
Agreement with demo: 14%
Current angular diffs: 83'

Selected number of demos: 58

-- Positive Demos --
 (546,3),  (548,3),  (522,3),  (524,3),  (497,5),  (470,5),  (443,5),  (415,5),  (389,0),  (360,0),  (333,4),  (304,2),  (303,2),  (303,6),  (330,6),  (356,6),  (384,0),  (355,0),  (328,0),  (300,4),  (300,2),  (271,2),  (270,2),  (269,2),  (239,2),  (266,6),  (293,6),  (291,6),  (318,6),  (344,6),  (371,2),  (370,2),  (369,2),  (368,4),  (337,4),  (310,0),  (281,0),  (253,0),  (196,0),  (169,5),  (142,5),  (115,5),  (88,3),  (61,3),  (62,3),  (64,3),  (66,3),  (67,3),  (69,3),  (71,3),  (72,3),  (74,3),  (76,3),  (77,3),  (79,3),  (25,3),  (25,6),  (81,5), 


[Timing] Time passed: 136.650511 s

Posterior Probability: -534.3521977
Agreement with demo: 14%
Current angular diffs: 93'

Selected number of demos: 29

-- Positive Demos --
 (546,3),  (522,3),  (470,5),  (389,0),  (360,0),  (333,4),  (303,2),  (356,6),  (384,0),  (355,0),  (300,2),  (271,2),  (270,2),  (269,2),  (239,2),  (266,6),  (318,6),  (371,2),  (368,4),  (310,0),  (281,0),  (169,5),  (115,5),  (62,3),  (66,3),  (71,3),  (76,3),  (77,3),  (25,6), 


[Timing] Time passed: 137.114857 s

Posterior Probability: -373.8336276
Agreement with demo: 14%
Current angular diffs: 82'

Selected number of demos: 20

-- Positive Demos --
 (522,3),  (497,5),  (389,0),  (333,4),  (303,2),  (303,6),  (328,0),  (300,2),  (271,2),  (293,6),  (371,2),  (370,2),  (369,2),  (253,0),  (88,3),  (62,3),  (69,3),  (76,3),  (25,3),  (25,6), 


[Timing] Time passed: 133.5651 s

Posterior Probability: -131.2339431
Agreement with demo: 7.1%
Current angular diffs: 86'

Selected number of demos: 37

-- Positive Demos --
 (548,3),  (522,3),  (524,3),  (470,5),  (415,5),  (360,0),  (304,2),  (303,2),  (330,6),  (384,0),  (328,0),  (300,4),  (271,2),  (270,2),  (239,2),  (266,6),  (291,6),  (344,6),  (370,2),  (368,4),  (310,0),  (253,0),  (196,0),  (169,5),  (115,5),  (88,3),  (61,3),  (64,3),  (67,3),  (69,3),  (71,3),  (72,3),  (76,3),  (79,3),  (25,3),  (25,6),  (81,5), 


[Timing] Time passed: 133.920069 s

Posterior Probability: -303.1577706
Agreement with demo: 11%
Current angular diffs: 86'

Selected number of demos: 58

-- Positive Demos --
 (546,3),  (548,3),  (522,3),  (524,3),  (497,5),  (470,5),  (443,5),  (415,5),  (389,0),  (360,0),  (333,4),  (304,2),  (303,2),  (303,6),  (330,6),  (356,6),  (384,0),  (355,0),  (328,0),  (300,4),  (300,2),  (271,2),  (270,2),  (269,2),  (239,2),  (266,6),  (293,6),  (291,6),  (318,6),  (344,6),  (371,2),  (370,2),  (369,2),  (368,4),  (337,4),  (310,0),  (281,0),  (253,0),  (196,0),  (169,5),  (142,5),  (115,5),  (88,3),  (61,3),  (62,3),  (64,3),  (66,3),  (67,3),  (69,3),  (71,3),  (72,3),  (74,3),  (76,3),  (77,3),  (79,3),  (25,3),  (25,6),  (81,5), 


[Timing] Time passed: 127.104417 s

Posterior Probability: -559.3005991
Agreement with demo: 5.7%
Current angular diffs: 89'

Selected number of demos: 40

-- Positive Demos --
 (548,3),  (522,3),  (497,5),  (443,5),  (389,0),  (360,0),  (333,4),  (304,2),  (303,6),  (330,6),  (356,6),  (384,0),  (328,0),  (300,2),  (271,2),  (270,2),  (269,2),  (239,2),  (293,6),  (291,6),  (344,6),  (371,2),  (369,2),  (368,4),  (310,0),  (281,0),  (196,0),  (142,5),  (115,5),  (61,3),  (62,3),  (66,3),  (67,3),  (71,3),  (72,3),  (76,3),  (79,3),  (25,3),  (25,6),  (81,5), 


[Timing] Time passed: 121.526204 s

Posterior Probability: -125.1293815
Agreement with demo: 19%
Current angular diffs: 86'

Selected number of demos: 38

-- Positive Demos --
 (546,3),  (522,3),  (497,5),  (443,5),  (415,5),  (389,0),  (333,4),  (303,2),  (303,6),  (356,6),  (384,0),  (328,0),  (300,4),  (300,2),  (271,2),  (269,2),  (239,2),  (293,6),  (291,6),  (344,6),  (371,2),  (369,2),  (368,4),  (337,4),  (281,0),  (196,0),  (169,5),  (115,5),  (88,3),  (62,3),  (66,3),  (69,3),  (71,3),  (74,3),  (76,3),  (77,3),  (25,3),  (81,5), 


[Timing] Time passed: 116.844911 s

Posterior Probability: -191.6905483
Agreement with demo: 8.6%
Current angular diffs: 84'

Selected number of demos: 26

-- Positive Demos --
 (522,3),  (470,5),  (415,5),  (360,0),  (303,2),  (303,6),  (356,6),  (384,0),  (328,0),  (300,4),  (270,2),  (266,6),  (318,6),  (370,2),  (337,4),  (310,0),  (196,0),  (142,5),  (115,5),  (61,3),  (64,3),  (69,3),  (71,3),  (74,3),  (79,3),  (25,6), 


[Timing] Time passed: 127.070609 s

Posterior Probability: -185.447275
Agreement with demo: 13%
Current angular diffs: 88'

Selected number of demos: 29

-- Positive Demos --
 (548,3),  (524,3),  (443,5),  (389,0),  (333,4),  (303,6),  (330,6),  (384,0),  (300,4),  (300,2),  (269,2),  (266,6),  (293,6),  (344,6),  (369,2),  (368,4),  (310,0),  (196,0),  (169,5),  (115,5),  (88,3),  (62,3),  (66,3),  (69,3),  (71,3),  (74,3),  (77,3),  (79,3),  (25,6), 


[Timing] Time passed: 119.859171 s

Posterior Probability: -177.0418421
Agreement with demo: 14%
Current angular diffs: 92'

Selected number of demos: 29

-- Positive Demos --
 (522,3),  (524,3),  (443,5),  (389,0),  (360,0),  (333,4),  (303,6),  (384,0),  (300,4),  (300,2),  (270,2),  (239,2),  (293,6),  (344,6),  (370,2),  (369,2),  (368,4),  (310,0),  (253,0),  (142,5),  (88,3),  (64,3),  (69,3),  (71,3),  (76,3),  (77,3),  (25,3),  (25,6),  (81,5), 


[Timing] Time passed: 119.648066 s

Posterior Probability: -95.9367673
Agreement with demo: 14%
Current angular diffs: 1e+02'

Selected number of demos: 19

-- Positive Demos --
 (497,5),  (389,0),  (360,0),  (304,2),  (330,6),  (328,0),  (300,2),  (269,2),  (318,6),  (344,6),  (371,2),  (369,2),  (368,4),  (310,0),  (196,0),  (115,5),  (64,3),  (72,3),  (79,3), 


[Timing] Time passed: 117.8717 s

Posterior Probability: -175.5209842
Agreement with demo: 10%
Current angular diffs: 83'

Selected number of demos: 17

-- Positive Demos --
 (524,3),  (497,5),  (443,5),  (304,2),  (330,6),  (328,0),  (300,4),  (300,2),  (266,6),  (344,6),  (371,2),  (368,4),  (196,0),  (88,3),  (67,3),  (71,3),  (79,3), 


[Timing] Time passed: 118.174693 s

Posterior Probability: -200.5831845
Agreement with demo: 8.6%
Current angular diffs: 83'

Selected number of demos: 23

-- Positive Demos --
 (524,3),  (443,5),  (389,0),  (303,2),  (356,6),  (328,0),  (300,4),  (271,2),  (266,6),  (293,6),  (318,6),  (344,6),  (371,2),  (370,2),  (368,4),  (253,0),  (196,0),  (142,5),  (88,3),  (64,3),  (69,3),  (76,3),  (25,6), 


[Timing] Time passed: 118.911698 s

Posterior Probability: -412.44533
Agreement with demo: 7.1%
Current angular diffs: 85'

Selected number of demos: 30

-- Positive Demos --
 (522,3),  (470,5),  (389,0),  (304,2),  (303,2),  (330,6),  (355,0),  (300,4),  (300,2),  (270,2),  (239,2),  (293,6),  (291,6),  (318,6),  (371,2),  (370,2),  (369,2),  (310,0),  (281,0),  (196,0),  (115,5),  (61,3),  (62,3),  (64,3),  (66,3),  (71,3),  (72,3),  (77,3),  (79,3),  (81,5), 


[Timing] Time passed: 109.281624 s

Posterior Probability: -154.5047875
Agreement with demo: 13%
Current angular diffs: 82'

Selected number of demos: 19

-- Positive Demos --
 (548,3),  (470,5),  (360,0),  (304,2),  (384,0),  (328,0),  (300,4),  (239,2),  (344,6),  (370,2),  (368,4),  (253,0),  (169,5),  (61,3),  (62,3),  (69,3),  (74,3),  (77,3),  (25,3), 


[Timing] Time passed: 86.623237 s

Posterior Probability: -74.63815497
Agreement with demo: 10%
Current angular diffs: 91'

Selected number of demos: 31

-- Positive Demos --
 (548,3),  (522,3),  (524,3),  (497,5),  (443,5),  (415,5),  (360,0),  (304,2),  (303,2),  (330,6),  (356,6),  (355,0),  (300,2),  (271,2),  (239,2),  (291,6),  (318,6),  (344,6),  (370,2),  (337,4),  (310,0),  (196,0),  (115,5),  (62,3),  (64,3),  (67,3),  (69,3),  (74,3),  (76,3),  (77,3),  (25,3), 


[Timing] Time passed: 81.993521 s

Posterior Probability: -264.485394
Agreement with demo: 13%
Current angular diffs: 91'

Selected number of demos: 25

-- Positive Demos --
 (548,3),  (524,3),  (415,5),  (360,0),  (303,6),  (356,6),  (355,0),  (300,4),  (300,2),  (271,2),  (269,2),  (293,6),  (318,6),  (369,2),  (368,4),  (281,0),  (196,0),  (88,3),  (64,3),  (66,3),  (69,3),  (76,3),  (79,3),  (25,3),  (25,6), 


[Timing] Time passed: 72.019134 s

Posterior Probability: -341.9908351
Agreement with demo: 11%
Current angular diffs: 85'

Selected number of demos: 29

-- Positive Demos --
 (548,3),  (524,3),  (470,5),  (389,0),  (304,2),  (303,2),  (356,6),  (355,0),  (328,0),  (300,2),  (269,2),  (239,2),  (291,6),  (318,6),  (371,2),  (370,2),  (369,2),  (310,0),  (281,0),  (196,0),  (142,5),  (115,5),  (61,3),  (66,3),  (69,3),  (72,3),  (74,3),  (79,3),  (81,5), 


[Timing] Time passed: 68.2501 s

Posterior Probability: -136.2846308
Agreement with demo: 14%
Current angular diffs: 90'

Selected number of demos: 58

-- Positive Demos --
 (546,3),  (548,3),  (522,3),  (524,3),  (497,5),  (470,5),  (443,5),  (415,5),  (389,0),  (360,0),  (333,4),  (304,2),  (303,2),  (303,6),  (330,6),  (356,6),  (384,0),  (355,0),  (328,0),  (300,4),  (300,2),  (271,2),  (270,2),  (269,2),  (239,2),  (266,6),  (293,6),  (291,6),  (318,6),  (344,6),  (371,2),  (370,2),  (369,2),  (368,4),  (337,4),  (310,0),  (281,0),  (253,0),  (196,0),  (169,5),  (142,5),  (115,5),  (88,3),  (61,3),  (62,3),  (64,3),  (66,3),  (67,3),  (69,3),  (71,3),  (72,3),  (74,3),  (76,3),  (77,3),  (79,3),  (25,3),  (25,6),  (81,5), 


[Timing] Time passed: 68.395677 s

Posterior Probability: -136.468658
Agreement with demo: 14%
Current angular diffs: 85'

-----------------------------
Avg angular diffs: 76'
-- learned weights --
Feature Weights: -0.79675, -0.749, 0.03075, -0.1, 
