loading features...

Initializing gridworld of size 28 by 22..
    Num states: 616
    Num actions: 8

Total number of demos: 61

Selected number of demos: 40

-- Positive Demos --
 (515,3),  (544,3),  (547,3),  (523,3),  (526,3),  (500,3),  (473,0),  (445,4),  (415,4),  (386,2),  (412,6),  (439,2),  (438,2),  (437,2),  (436,2),  (435,2),  (404,4),  (375,4),  (345,2),  (344,4),  (317,0),  (260,4),  (231,4),  (173,0),  (117,5),  (90,5),  (63,5),  (36,3),  (37,3),  (38,3),  (12,3),  (13,3),  (44,3),  (77,3),  (79,3),  (80,3),  (54,6),  (110,1), 


[Timing] Time passed: 222.00299 s

Posterior Probability: -445.6488375
Agreement with demo: 19%
Current angular diffs: 89'

Selected number of demos: 22

-- Positive Demos --
 (514,3),  (547,3),  (526,3),  (500,3),  (473,0),  (387,2),  (412,6),  (440,6),  (437,2),  (434,2),  (404,4),  (344,4),  (288,4),  (260,4),  (230,4),  (145,0),  (63,5),  (38,3),  (43,3),  (44,3),  (79,3),  (110,1), 


[Timing] Time passed: 230.11057 s

Posterior Probability: -124.3049743
Agreement with demo: 11%
Current angular diffs: 1e+02'

Selected number of demos: 20

-- Positive Demos --
 (514,3),  (547,3),  (499,3),  (473,0),  (386,2),  (412,6),  (439,2),  (438,2),  (437,2),  (436,2),  (375,4),  (288,4),  (231,4),  (173,0),  (117,5),  (36,3),  (13,3),  (44,3),  (79,3),  (110,1), 


[Timing] Time passed: 234.71957 s

Posterior Probability: -171.1997192
Agreement with demo: 6.9%
Current angular diffs: 96'

Selected number of demos: 21

-- Positive Demos --
 (546,3),  (523,3),  (500,3),  (445,4),  (386,2),  (412,6),  (439,2),  (437,2),  (436,2),  (403,4),  (317,0),  (260,4),  (231,4),  (117,5),  (90,5),  (37,3),  (38,3),  (44,3),  (78,3),  (54,6),  (110,1), 


[Timing] Time passed: 216.431409 s

Posterior Probability: -233.4098284
Agreement with demo: 14%
Current angular diffs: 79'

Selected number of demos: 33

-- Positive Demos --
 (514,3),  (515,3),  (547,3),  (522,3),  (525,3),  (499,3),  (473,0),  (415,4),  (387,2),  (412,6),  (439,2),  (438,2),  (437,2),  (436,2),  (435,2),  (404,4),  (375,4),  (345,2),  (344,4),  (260,4),  (231,4),  (173,0),  (117,5),  (90,5),  (63,5),  (37,3),  (38,3),  (13,3),  (44,3),  (78,3),  (79,3),  (54,6),  (110,1), 


[Timing] Time passed: 222.537217 s

Posterior Probability: -135.6401053
Agreement with demo: 15%
Current angular diffs: 99'

Selected number of demos: 29

-- Positive Demos --
 (544,3),  (547,3),  (525,3),  (526,3),  (501,0),  (473,0),  (445,4),  (386,2),  (412,6),  (440,6),  (437,2),  (435,2),  (403,4),  (375,4),  (317,0),  (288,4),  (260,4),  (173,0),  (145,0),  (117,5),  (63,5),  (36,3),  (37,3),  (13,3),  (46,3),  (77,3),  (78,3),  (80,3),  (54,6), 


[Timing] Time passed: 211.501644 s

Posterior Probability: -88.39245057
Agreement with demo: 4.2%
Current angular diffs: 1e+02'

Selected number of demos: 26

-- Positive Demos --
 (515,3),  (547,3),  (526,3),  (499,3),  (501,0),  (415,4),  (386,2),  (412,6),  (440,6),  (438,2),  (436,2),  (403,4),  (345,2),  (260,4),  (230,4),  (173,0),  (145,0),  (63,5),  (12,3),  (43,3),  (44,3),  (46,3),  (79,3),  (54,6),  (110,1), 


[Timing] Time passed: 220.78619 s

Posterior Probability: -220.8302354
Agreement with demo: 11%
Current angular diffs: 94'

Selected number of demos: 40

-- Positive Demos --
 (515,3),  (546,3),  (522,3),  (525,3),  (526,3),  (499,3),  (500,3),  (501,0),  (473,0),  (445,4),  (415,4),  (387,2),  (386,2),  (412,6),  (440,6),  (439,2),  (437,2),  (436,2),  (434,2),  (403,4),  (375,4),  (345,2),  (317,0),  (260,4),  (231,4),  (173,0),  (117,5),  (90,5),  (63,5),  (37,3),  (38,3),  (12,3),  (43,3),  (46,3),  (77,3),  (79,3),  (81,3),  (54,6),  (110,1), 


[Timing] Time passed: 217.108772 s

Posterior Probability: -506.2566559
Agreement with demo: 17%
Current angular diffs: 97'

Selected number of demos: 39

-- Positive Demos --
 (514,3),  (544,3),  (546,3),  (522,3),  (523,3),  (525,3),  (526,3),  (500,3),  (473,0),  (445,4),  (387,2),  (412,6),  (440,6),  (438,2),  (437,2),  (435,2),  (434,2),  (404,4),  (375,4),  (344,4),  (288,4),  (260,4),  (231,4),  (173,0),  (145,0),  (117,5),  (90,5),  (63,5),  (36,3),  (38,3),  (13,3),  (44,3),  (77,3),  (78,3),  (80,3),  (54,6),  (110,1), 


[Timing] Time passed: 211.250732 s

Posterior Probability: -200.4310734
Agreement with demo: 9.7%
Current angular diffs: 93'

Selected number of demos: 24

-- Positive Demos --
 (515,3),  (522,3),  (499,3),  (445,4),  (387,2),  (412,6),  (440,6),  (437,2),  (436,2),  (434,2),  (344,4),  (317,0),  (288,4),  (173,0),  (145,0),  (90,5),  (63,5),  (38,3),  (12,3),  (43,3),  (44,3),  (78,3),  (54,6),  (110,1), 


[Timing] Time passed: 242.249833 s

Posterior Probability: -500.3235545
Agreement with demo: 19%
Current angular diffs: 92'

Selected number of demos: 22

-- Positive Demos --
 (544,3),  (522,3),  (526,3),  (501,0),  (415,4),  (412,6),  (439,2),  (438,2),  (435,2),  (434,2),  (345,2),  (260,4),  (231,4),  (145,0),  (90,5),  (63,5),  (38,3),  (44,3),  (78,3),  (81,3),  (54,6),  (110,1), 


[Timing] Time passed: 213.548015 s

Posterior Probability: -95.09689075
Agreement with demo: 15%
Current angular diffs: 92'

Selected number of demos: 61

-- Positive Demos --
 (514,3),  (515,3),  (544,3),  (546,3),  (547,3),  (522,3),  (523,3),  (525,3),  (526,3),  (499,3),  (500,3),  (501,0),  (473,0),  (445,4),  (415,4),  (387,2),  (386,2),  (412,6),  (440,6),  (439,2),  (438,2),  (437,2),  (436,2),  (435,2),  (434,2),  (404,4),  (403,4),  (375,4),  (345,2),  (344,4),  (317,0),  (288,4),  (260,4),  (231,4),  (230,4),  (173,0),  (145,0),  (117,5),  (90,5),  (63,5),  (36,3),  (37,3),  (38,3),  (12,3),  (13,3),  (43,3),  (44,3),  (46,3),  (77,3),  (78,3),  (79,3),  (80,3),  (81,3),  (54,6),  (110,1), 


[Timing] Time passed: 213.800642 s

Posterior Probability: -331.9809436
Agreement with demo: 19%
Current angular diffs: 89'

Selected number of demos: 28

-- Positive Demos --
 (515,3),  (546,3),  (523,3),  (526,3),  (500,3),  (473,0),  (415,4),  (386,2),  (412,6),  (438,2),  (437,2),  (435,2),  (404,4),  (403,4),  (345,2),  (288,4),  (260,4),  (173,0),  (117,5),  (63,5),  (37,3),  (38,3),  (13,3),  (46,3),  (79,3),  (81,3),  (110,1), 


[Timing] Time passed: 212.134407 s

Posterior Probability: -161.1921399
Agreement with demo: 8.3%
Current angular diffs: 96'

Selected number of demos: 25

-- Positive Demos --
 (514,3),  (544,3),  (523,3),  (526,3),  (500,3),  (473,0),  (387,2),  (412,6),  (439,2),  (438,2),  (437,2),  (434,2),  (345,2),  (344,4),  (288,4),  (231,4),  (173,0),  (117,5),  (63,5),  (12,3),  (46,3),  (77,3),  (78,3),  (81,3), 


[Timing] Time passed: 189.406591 s

Posterior Probability: -276.1911089
Agreement with demo: 14%
Current angular diffs: 81'

Selected number of demos: 61

-- Positive Demos --
 (514,3),  (515,3),  (544,3),  (546,3),  (547,3),  (522,3),  (523,3),  (525,3),  (526,3),  (499,3),  (500,3),  (501,0),  (473,0),  (445,4),  (415,4),  (387,2),  (386,2),  (412,6),  (440,6),  (439,2),  (438,2),  (437,2),  (436,2),  (435,2),  (434,2),  (404,4),  (403,4),  (375,4),  (345,2),  (344,4),  (317,0),  (288,4),  (260,4),  (231,4),  (230,4),  (173,0),  (145,0),  (117,5),  (90,5),  (63,5),  (36,3),  (37,3),  (38,3),  (12,3),  (13,3),  (43,3),  (44,3),  (46,3),  (77,3),  (78,3),  (79,3),  (80,3),  (81,3),  (54,6),  (110,1), 


[Timing] Time passed: 182.260536 s

Posterior Probability: -599.4868375
Agreement with demo: 11%
Current angular diffs: 98'

Selected number of demos: 61

-- Positive Demos --
 (514,3),  (515,3),  (544,3),  (546,3),  (547,3),  (522,3),  (523,3),  (525,3),  (526,3),  (499,3),  (500,3),  (501,0),  (473,0),  (445,4),  (415,4),  (387,2),  (386,2),  (412,6),  (440,6),  (439,2),  (438,2),  (437,2),  (436,2),  (435,2),  (434,2),  (404,4),  (403,4),  (375,4),  (345,2),  (344,4),  (317,0),  (288,4),  (260,4),  (231,4),  (230,4),  (173,0),  (145,0),  (117,5),  (90,5),  (63,5),  (36,3),  (37,3),  (38,3),  (12,3),  (13,3),  (43,3),  (44,3),  (46,3),  (77,3),  (78,3),  (79,3),  (80,3),  (81,3),  (54,6),  (110,1), 


[Timing] Time passed: 170.243915 s

Posterior Probability: -153.0381924
Agreement with demo: 9.7%
Current angular diffs: 90'

Selected number of demos: 28

-- Positive Demos --
 (515,3),  (547,3),  (523,3),  (499,3),  (501,0),  (473,0),  (445,4),  (386,2),  (412,6),  (439,2),  (438,2),  (437,2),  (435,2),  (403,4),  (344,4),  (260,4),  (173,0),  (117,5),  (63,5),  (37,3),  (12,3),  (13,3),  (44,3),  (46,3),  (79,3),  (54,6),  (110,1), 


[Timing] Time passed: 158.175765 s

Posterior Probability: -178.249621
Agreement with demo: 8.3%
Current angular diffs: 87'

Selected number of demos: 40

-- Positive Demos --
 (514,3),  (544,3),  (546,3),  (522,3),  (525,3),  (499,3),  (501,0),  (473,0),  (445,4),  (415,4),  (387,2),  (412,6),  (440,6),  (438,2),  (437,2),  (436,2),  (434,2),  (403,4),  (345,2),  (317,0),  (288,4),  (231,4),  (230,4),  (173,0),  (145,0),  (117,5),  (90,5),  (63,5),  (36,3),  (38,3),  (12,3),  (43,3),  (46,3),  (78,3),  (79,3),  (80,3),  (81,3),  (54,6),  (110,1), 


[Timing] Time passed: 154.279269 s

Posterior Probability: -138.3777124
Agreement with demo: 9.7%
Current angular diffs: 97'

Selected number of demos: 15

-- Positive Demos --
 (546,3),  (526,3),  (473,0),  (412,6),  (437,2),  (404,4),  (403,4),  (317,0),  (288,4),  (230,4),  (90,5),  (38,3),  (13,3),  (78,3),  (81,3), 


[Timing] Time passed: 172.864488 s

Posterior Probability: -91.66818193
Agreement with demo: 11%
Current angular diffs: 94'

Selected number of demos: 19

-- Positive Demos --
 (547,3),  (525,3),  (526,3),  (473,0),  (387,2),  (412,6),  (437,2),  (404,4),  (375,4),  (260,4),  (230,4),  (145,0),  (117,5),  (37,3),  (13,3),  (77,3),  (54,6),  (110,1), 


[Timing] Time passed: 155.854603 s

Posterior Probability: -114.14487
Agreement with demo: 18%
Current angular diffs: 87'

Selected number of demos: 38

-- Positive Demos --
 (515,3),  (544,3),  (546,3),  (547,3),  (523,3),  (526,3),  (500,3),  (501,0),  (473,0),  (415,4),  (387,2),  (412,6),  (440,6),  (439,2),  (437,2),  (436,2),  (434,2),  (403,4),  (345,2),  (344,4),  (288,4),  (231,4),  (230,4),  (145,0),  (117,5),  (63,5),  (37,3),  (12,3),  (43,3),  (44,3),  (77,3),  (79,3),  (81,3),  (54,6),  (110,1), 


[Timing] Time passed: 153.844385 s

Posterior Probability: -81.03350309
Agreement with demo: 9.7%
Current angular diffs: 92'

Selected number of demos: 36

-- Positive Demos --
 (515,3),  (544,3),  (546,3),  (547,3),  (523,3),  (525,3),  (499,3),  (501,0),  (473,0),  (415,4),  (387,2),  (412,6),  (440,6),  (438,2),  (437,2),  (436,2),  (435,2),  (404,4),  (375,4),  (344,4),  (288,4),  (231,4),  (173,0),  (117,5),  (90,5),  (63,5),  (37,3),  (38,3),  (12,3),  (13,3),  (43,3),  (46,3),  (77,3),  (79,3),  (81,3),  (110,1), 


[Timing] Time passed: 137.929591 s

Posterior Probability: -150.3782
Agreement with demo: 9.7%
Current angular diffs: 99'

Selected number of demos: 30

-- Positive Demos --
 (544,3),  (522,3),  (525,3),  (499,3),  (500,3),  (473,0),  (387,2),  (412,6),  (438,2),  (437,2),  (434,2),  (403,4),  (344,4),  (288,4),  (231,4),  (173,0),  (117,5),  (63,5),  (36,3),  (37,3),  (12,3),  (43,3),  (44,3),  (77,3),  (79,3),  (81,3),  (54,6),  (110,1), 


[Timing] Time passed: 135.987742 s

Posterior Probability: -144.7899844
Agreement with demo: 4.2%
Current angular diffs: 1.1e+02'

Selected number of demos: 18

-- Positive Demos --
 (544,3),  (547,3),  (499,3),  (501,0),  (415,4),  (440,6),  (436,2),  (434,2),  (403,4),  (288,4),  (260,4),  (145,0),  (63,5),  (38,3),  (13,3),  (77,3),  (78,3),  (110,1), 


[Timing] Time passed: 136.533928 s

Posterior Probability: -131.8033033
Agreement with demo: 18%
Current angular diffs: 81'

Selected number of demos: 33

-- Positive Demos --
 (544,3),  (546,3),  (547,3),  (523,3),  (526,3),  (500,3),  (501,0),  (473,0),  (387,2),  (412,6),  (440,6),  (437,2),  (435,2),  (434,2),  (403,4),  (375,4),  (345,2),  (344,4),  (288,4),  (231,4),  (230,4),  (173,0),  (117,5),  (90,5),  (63,5),  (38,3),  (12,3),  (44,3),  (77,3),  (80,3),  (110,1), 


[Timing] Time passed: 136.966534 s

Posterior Probability: -195.2887719
Agreement with demo: 11%
Current angular diffs: 86'

Selected number of demos: 31

-- Positive Demos --
 (515,3),  (546,3),  (523,3),  (499,3),  (500,3),  (473,0),  (445,4),  (387,2),  (412,6),  (440,6),  (439,2),  (438,2),  (437,2),  (436,2),  (434,2),  (403,4),  (345,2),  (317,0),  (260,4),  (173,0),  (145,0),  (90,5),  (63,5),  (37,3),  (13,3),  (46,3),  (78,3),  (79,3),  (54,6),  (110,1), 


[Timing] Time passed: 140.136425 s

Posterior Probability: -324.1606713
Agreement with demo: 6.9%
Current angular diffs: 1.1e+02'

Selected number of demos: 39

-- Positive Demos --
 (515,3),  (546,3),  (522,3),  (525,3),  (499,3),  (501,0),  (473,0),  (445,4),  (387,2),  (412,6),  (439,2),  (437,2),  (436,2),  (435,2),  (434,2),  (403,4),  (375,4),  (345,2),  (344,4),  (317,0),  (288,4),  (231,4),  (173,0),  (145,0),  (117,5),  (63,5),  (36,3),  (37,3),  (38,3),  (13,3),  (44,3),  (46,3),  (77,3),  (79,3),  (81,3),  (54,6),  (110,1), 


[Timing] Time passed: 138.604783 s

Posterior Probability: -229.756108
Agreement with demo: 9.7%
Current angular diffs: 96'

Selected number of demos: 42

-- Positive Demos --
 (514,3),  (515,3),  (544,3),  (546,3),  (547,3),  (522,3),  (525,3),  (499,3),  (500,3),  (473,0),  (415,4),  (386,2),  (412,6),  (440,6),  (438,2),  (437,2),  (436,2),  (434,2),  (404,4),  (403,4),  (345,2),  (344,4),  (288,4),  (260,4),  (230,4),  (173,0),  (145,0),  (117,5),  (90,5),  (63,5),  (36,3),  (38,3),  (12,3),  (43,3),  (44,3),  (46,3),  (77,3),  (79,3),  (80,3),  (54,6),  (110,1), 


[Timing] Time passed: 140.315997 s

Posterior Probability: -510.1208479
Agreement with demo: 21%
Current angular diffs: 86'

Selected number of demos: 30

-- Positive Demos --
 (515,3),  (547,3),  (523,3),  (499,3),  (500,3),  (501,0),  (445,4),  (415,4),  (387,2),  (412,6),  (438,2),  (437,2),  (435,2),  (403,4),  (344,4),  (260,4),  (230,4),  (117,5),  (63,5),  (37,3),  (38,3),  (12,3),  (43,3),  (44,3),  (77,3),  (78,3),  (79,3),  (80,3),  (81,3),  (54,6), 


[Timing] Time passed: 133.29716 s

Posterior Probability: -119.3843418
Agreement with demo: 12%
Current angular diffs: 94'

Selected number of demos: 26

-- Positive Demos --
 (515,3),  (544,3),  (522,3),  (526,3),  (473,0),  (445,4),  (386,2),  (412,6),  (440,6),  (438,2),  (437,2),  (434,2),  (403,4),  (344,4),  (260,4),  (145,0),  (90,5),  (63,5),  (37,3),  (13,3),  (44,3),  (77,3),  (78,3),  (80,3),  (81,3), 


[Timing] Time passed: 133.552198 s

Posterior Probability: -83.02644098
Agreement with demo: 11%
Current angular diffs: 86'

Selected number of demos: 44

-- Positive Demos --
 (515,3),  (544,3),  (546,3),  (547,3),  (522,3),  (523,3),  (526,3),  (499,3),  (500,3),  (501,0),  (473,0),  (415,4),  (387,2),  (412,6),  (440,6),  (438,2),  (437,2),  (436,2),  (435,2),  (434,2),  (403,4),  (345,2),  (344,4),  (288,4),  (231,4),  (173,0),  (145,0),  (117,5),  (90,5),  (63,5),  (36,3),  (37,3),  (38,3),  (13,3),  (43,3),  (46,3),  (78,3),  (79,3),  (81,3),  (54,6),  (110,1), 


[Timing] Time passed: 134.550572 s

Posterior Probability: -267.128135
Agreement with demo: 8.3%
Current angular diffs: 92'

Selected number of demos: 21

-- Positive Demos --
 (546,3),  (525,3),  (500,3),  (501,0),  (415,4),  (412,6),  (440,6),  (438,2),  (437,2),  (434,2),  (375,4),  (345,2),  (260,4),  (230,4),  (117,5),  (63,5),  (37,3),  (12,3),  (46,3),  (80,3),  (81,3), 


[Timing] Time passed: 136.464946 s

Posterior Probability: -221.0174885
Agreement with demo: 6.9%
Current angular diffs: 1e+02'

Selected number of demos: 17

-- Positive Demos --
 (547,3),  (522,3),  (499,3),  (473,0),  (387,2),  (412,6),  (439,2),  (435,2),  (375,4),  (288,4),  (230,4),  (117,5),  (37,3),  (38,3),  (46,3),  (79,3),  (110,1), 


[Timing] Time passed: 137.522827 s

Posterior Probability: -121.1963363
Agreement with demo: 6.9%
Current angular diffs: 99'

Selected number of demos: 27

-- Positive Demos --
 (514,3),  (515,3),  (546,3),  (547,3),  (525,3),  (499,3),  (473,0),  (445,4),  (412,6),  (439,2),  (438,2),  (437,2),  (435,2),  (434,2),  (345,2),  (317,0),  (260,4),  (173,0),  (145,0),  (63,5),  (36,3),  (37,3),  (43,3),  (46,3),  (78,3),  (54,6), 


[Timing] Time passed: 133.200326 s

Posterior Probability: -92.06889722
Agreement with demo: 21%
Current angular diffs: 86'

Selected number of demos: 61

-- Positive Demos --
 (514,3),  (515,3),  (544,3),  (546,3),  (547,3),  (522,3),  (523,3),  (525,3),  (526,3),  (499,3),  (500,3),  (501,0),  (473,0),  (445,4),  (415,4),  (387,2),  (386,2),  (412,6),  (440,6),  (439,2),  (438,2),  (437,2),  (436,2),  (435,2),  (434,2),  (404,4),  (403,4),  (375,4),  (345,2),  (344,4),  (317,0),  (288,4),  (260,4),  (231,4),  (230,4),  (173,0),  (145,0),  (117,5),  (90,5),  (63,5),  (36,3),  (37,3),  (38,3),  (12,3),  (13,3),  (43,3),  (44,3),  (46,3),  (77,3),  (78,3),  (79,3),  (80,3),  (81,3),  (54,6),  (110,1), 


[Timing] Time passed: 132.764344 s

Posterior Probability: -143.3605178
Agreement with demo: 5.6%
Current angular diffs: 92'

Selected number of demos: 34

-- Positive Demos --
 (514,3),  (515,3),  (544,3),  (547,3),  (522,3),  (525,3),  (526,3),  (499,3),  (500,3),  (501,0),  (473,0),  (415,4),  (386,2),  (412,6),  (439,2),  (437,2),  (435,2),  (404,4),  (375,4),  (345,2),  (317,0),  (231,4),  (230,4),  (145,0),  (117,5),  (63,5),  (37,3),  (13,3),  (46,3),  (79,3),  (54,6),  (110,1), 


[Timing] Time passed: 129.623511 s

Posterior Probability: -242.7967351
Agreement with demo: 17%
Current angular diffs: 92'

Selected number of demos: 23

-- Positive Demos --
 (514,3),  (544,3),  (523,3),  (499,3),  (501,0),  (473,0),  (387,2),  (386,2),  (439,2),  (436,2),  (435,2),  (375,4),  (317,0),  (260,4),  (230,4),  (117,5),  (63,5),  (37,3),  (43,3),  (78,3),  (79,3),  (110,1), 


[Timing] Time passed: 109.017526 s

Posterior Probability: -207.6243857
Agreement with demo: 14%
Current angular diffs: 84'

Selected number of demos: 37

-- Positive Demos --
 (515,3),  (544,3),  (547,3),  (522,3),  (523,3),  (526,3),  (499,3),  (501,0),  (473,0),  (445,4),  (415,4),  (386,2),  (412,6),  (439,2),  (438,2),  (437,2),  (436,2),  (434,2),  (403,4),  (375,4),  (345,2),  (317,0),  (260,4),  (230,4),  (173,0),  (117,5),  (63,5),  (37,3),  (12,3),  (43,3),  (46,3),  (78,3),  (80,3),  (54,6),  (110,1), 


[Timing] Time passed: 111.214205 s

Posterior Probability: -230.4485651
Agreement with demo: 11%
Current angular diffs: 1e+02'

Selected number of demos: 29

-- Positive Demos --
 (515,3),  (547,3),  (522,3),  (523,3),  (499,3),  (501,0),  (473,0),  (445,4),  (415,4),  (386,2),  (440,6),  (437,2),  (435,2),  (434,2),  (404,4),  (345,2),  (344,4),  (260,4),  (173,0),  (145,0),  (90,5),  (63,5),  (36,3),  (12,3),  (44,3),  (78,3),  (81,3),  (110,1), 


[Timing] Time passed: 111.561652 s

Posterior Probability: -140.0316248
Agreement with demo: 4.2%
Current angular diffs: 1e+02'

Selected number of demos: 61

-- Positive Demos --
 (514,3),  (515,3),  (544,3),  (546,3),  (547,3),  (522,3),  (523,3),  (525,3),  (526,3),  (499,3),  (500,3),  (501,0),  (473,0),  (445,4),  (415,4),  (387,2),  (386,2),  (412,6),  (440,6),  (439,2),  (438,2),  (437,2),  (436,2),  (435,2),  (434,2),  (404,4),  (403,4),  (375,4),  (345,2),  (344,4),  (317,0),  (288,4),  (260,4),  (231,4),  (230,4),  (173,0),  (145,0),  (117,5),  (90,5),  (63,5),  (36,3),  (37,3),  (38,3),  (12,3),  (13,3),  (43,3),  (44,3),  (46,3),  (77,3),  (78,3),  (79,3),  (80,3),  (81,3),  (54,6),  (110,1), 


[Timing] Time passed: 110.98201 s

Posterior Probability: -223.8828634
Agreement with demo: 19%
Current angular diffs: 89'

Selected number of demos: 25

-- Positive Demos --
 (514,3),  (544,3),  (522,3),  (525,3),  (501,0),  (473,0),  (445,4),  (412,6),  (440,6),  (438,2),  (436,2),  (434,2),  (403,4),  (345,2),  (260,4),  (231,4),  (145,0),  (117,5),  (36,3),  (12,3),  (43,3),  (78,3),  (79,3),  (54,6), 


[Timing] Time passed: 107.741764 s

Posterior Probability: -117.0297861
Agreement with demo: 11%
Current angular diffs: 1e+02'

Selected number of demos: 38

-- Positive Demos --
 (514,3),  (515,3),  (546,3),  (522,3),  (525,3),  (499,3),  (500,3),  (501,0),  (473,0),  (415,4),  (386,2),  (412,6),  (439,2),  (437,2),  (436,2),  (434,2),  (404,4),  (375,4),  (344,4),  (288,4),  (231,4),  (230,4),  (145,0),  (117,5),  (90,5),  (63,5),  (36,3),  (38,3),  (12,3),  (43,3),  (44,3),  (46,3),  (78,3),  (80,3),  (81,3),  (54,6),  (110,1), 


[Timing] Time passed: 111.446663 s

Posterior Probability: -334.9768579
Agreement with demo: 11%
Current angular diffs: 1e+02'

Selected number of demos: 61

-- Positive Demos --
 (514,3),  (515,3),  (544,3),  (546,3),  (547,3),  (522,3),  (523,3),  (525,3),  (526,3),  (499,3),  (500,3),  (501,0),  (473,0),  (445,4),  (415,4),  (387,2),  (386,2),  (412,6),  (440,6),  (439,2),  (438,2),  (437,2),  (436,2),  (435,2),  (434,2),  (404,4),  (403,4),  (375,4),  (345,2),  (344,4),  (317,0),  (288,4),  (260,4),  (231,4),  (230,4),  (173,0),  (145,0),  (117,5),  (90,5),  (63,5),  (36,3),  (37,3),  (38,3),  (12,3),  (13,3),  (43,3),  (44,3),  (46,3),  (77,3),  (78,3),  (79,3),  (80,3),  (81,3),  (54,6),  (110,1), 


[Timing] Time passed: 108.556782 s

Posterior Probability: -235.5519003
Agreement with demo: 19%
Current angular diffs: 85'

Selected number of demos: 39

-- Positive Demos --
 (515,3),  (546,3),  (522,3),  (525,3),  (526,3),  (499,3),  (500,3),  (473,0),  (415,4),  (387,2),  (412,6),  (440,6),  (439,2),  (437,2),  (436,2),  (435,2),  (404,4),  (375,4),  (345,2),  (317,0),  (260,4),  (231,4),  (230,4),  (173,0),  (117,5),  (90,5),  (63,5),  (36,3),  (37,3),  (38,3),  (12,3),  (43,3),  (46,3),  (77,3),  (79,3),  (81,3),  (54,6),  (110,1), 


[Timing] Time passed: 110.459413 s

Posterior Probability: -224.3823552
Agreement with demo: 9.7%
Current angular diffs: 98'

Selected number of demos: 31

-- Positive Demos --
 (544,3),  (547,3),  (525,3),  (500,3),  (473,0),  (387,2),  (386,2),  (412,6),  (438,2),  (437,2),  (436,2),  (434,2),  (403,4),  (345,2),  (344,4),  (317,0),  (260,4),  (231,4),  (230,4),  (117,5),  (63,5),  (37,3),  (12,3),  (13,3),  (43,3),  (44,3),  (78,3),  (79,3),  (54,6),  (110,1), 


[Timing] Time passed: 109.7151 s

Posterior Probability: -282.9184385
Agreement with demo: 12%
Current angular diffs: 98'

Selected number of demos: 29

-- Positive Demos --
 (514,3),  (515,3),  (547,3),  (522,3),  (525,3),  (500,3),  (473,0),  (415,4),  (412,6),  (440,6),  (437,2),  (435,2),  (403,4),  (375,4),  (344,4),  (288,4),  (231,4),  (145,0),  (117,5),  (63,5),  (36,3),  (12,3),  (43,3),  (46,3),  (77,3),  (79,3),  (80,3),  (81,3),  (110,1), 


[Timing] Time passed: 95.310566 s

Posterior Probability: -119.6301549
Agreement with demo: 11%
Current angular diffs: 97'

Selected number of demos: 61

-- Positive Demos --
 (514,3),  (515,3),  (544,3),  (546,3),  (547,3),  (522,3),  (523,3),  (525,3),  (526,3),  (499,3),  (500,3),  (501,0),  (473,0),  (445,4),  (415,4),  (387,2),  (386,2),  (412,6),  (440,6),  (439,2),  (438,2),  (437,2),  (436,2),  (435,2),  (434,2),  (404,4),  (403,4),  (375,4),  (345,2),  (344,4),  (317,0),  (288,4),  (260,4),  (231,4),  (230,4),  (173,0),  (145,0),  (117,5),  (90,5),  (63,5),  (36,3),  (37,3),  (38,3),  (12,3),  (13,3),  (43,3),  (44,3),  (46,3),  (77,3),  (78,3),  (79,3),  (80,3),  (81,3),  (54,6),  (110,1), 


[Timing] Time passed: 73.322718 s

Posterior Probability: -352.9858111
Agreement with demo: 11%
Current angular diffs: 92'

Selected number of demos: 23

-- Positive Demos --
 (515,3),  (544,3),  (525,3),  (473,0),  (387,2),  (412,6),  (438,2),  (437,2),  (404,4),  (403,4),  (345,2),  (317,0),  (260,4),  (230,4),  (117,5),  (63,5),  (37,3),  (13,3),  (43,3),  (78,3),  (80,3),  (54,6), 


[Timing] Time passed: 71.961381 s

Posterior Probability: -49.8244607
Agreement with demo: 12%
Current angular diffs: 89'

-----------------------------
Avg angular diffs: 79'
-- learned weights --
Feature Weights: -0.48125, 0.76875, -0.5975, -0.1, 
