loading features...

Initializing gridworld of size 28 by 22..
    Num states: 616
    Num actions: 8

Total number of demos: 62

Selected number of demos: 33

-- Positive Demos --
 (515,3),  (517,3),  (547,3),  (548,3),  (551,3),  (527,3),  (501,5),  (390,0),  (334,0),  (276,2),  (273,2),  (271,2),  (298,2),  (268,2),  (265,2),  (264,6),  (318,6),  (345,6),  (371,2),  (367,2),  (308,0),  (224,0),  (195,5),  (141,5),  (113,5),  (59,3),  (33,3),  (65,3),  (68,3),  (73,3),  (76,3),  (80,3),  (53,6), 


[Timing] Time passed: 249.506717 s

Posterior Probability: -233.4232956
Agreement with demo: 16%
Current angular diffs: 94'

Selected number of demos: 44

-- Positive Demos --
 (515,3),  (545,3),  (548,3),  (551,3),  (552,3),  (527,3),  (501,5),  (473,5),  (390,0),  (361,0),  (305,4),  (276,2),  (275,2),  (273,2),  (271,2),  (269,2),  (267,2),  (265,2),  (264,6),  (291,6),  (318,6),  (345,6),  (371,2),  (396,2),  (367,2),  (336,4),  (308,0),  (280,0),  (195,5),  (141,5),  (113,5),  (59,3),  (61,3),  (35,3),  (65,3),  (67,3),  (68,3),  (70,3),  (99,3),  (74,3),  (76,3),  (105,3),  (80,3),  (81,5), 


[Timing] Time passed: 243.847197 s

Posterior Probability: -643.2083617
Agreement with demo: 19%
Current angular diffs: 90'

Selected number of demos: 20

-- Positive Demos --
 (515,3),  (545,3),  (551,3),  (473,5),  (334,0),  (275,2),  (271,2),  (298,2),  (267,2),  (265,2),  (291,6),  (371,2),  (367,2),  (224,0),  (141,5),  (113,5),  (61,3),  (68,3),  (70,3),  (105,3), 


[Timing] Time passed: 230.276143 s

Posterior Probability: -384.2565617
Agreement with demo: 16%
Current angular diffs: 88'

Selected number of demos: 27

-- Positive Demos --
 (545,3),  (550,3),  (528,5),  (473,5),  (417,0),  (305,4),  (275,2),  (298,2),  (267,2),  (291,6),  (372,6),  (371,2),  (397,2),  (367,2),  (366,4),  (336,4),  (308,0),  (280,0),  (195,5),  (141,5),  (59,3),  (65,3),  (70,3),  (73,3),  (76,3),  (81,5),  (53,6), 


[Timing] Time passed: 213.988418 s

Posterior Probability: -428.9338552
Agreement with demo: 19%
Current angular diffs: 90'

Selected number of demos: 27

-- Positive Demos --
 (545,3),  (547,3),  (550,3),  (552,3),  (527,3),  (473,5),  (361,0),  (305,4),  (275,2),  (273,2),  (298,2),  (268,2),  (264,6),  (345,6),  (397,2),  (366,4),  (336,4),  (280,0),  (141,5),  (59,3),  (33,3),  (35,3),  (65,3),  (70,3),  (74,3),  (79,3),  (53,6), 


[Timing] Time passed: 213.821823 s

Posterior Probability: -582.1310503
Agreement with demo: 15%
Current angular diffs: 89'

Selected number of demos: 62

-- Positive Demos --
 (515,3),  (517,3),  (545,3),  (547,3),  (548,3),  (550,3),  (551,3),  (552,3),  (527,3),  (528,5),  (501,5),  (473,5),  (417,0),  (390,0),  (361,0),  (334,0),  (305,4),  (276,2),  (275,2),  (274,2),  (273,2),  (271,2),  (298,2),  (269,2),  (268,2),  (267,2),  (265,2),  (264,6),  (291,6),  (318,6),  (345,6),  (372,6),  (371,2),  (397,2),  (396,2),  (367,2),  (366,4),  (336,4),  (308,0),  (280,0),  (224,0),  (195,5),  (141,5),  (113,5),  (86,5),  (59,3),  (61,3),  (33,3),  (35,3),  (65,3),  (67,3),  (68,3),  (70,3),  (99,3),  (73,3),  (74,3),  (76,3),  (105,3),  (79,3),  (80,3),  (81,5),  (53,6), 


[Timing] Time passed: 212.655175 s

Posterior Probability: -559.1707748
Agreement with demo: 12%
Current angular diffs: 91'

Selected number of demos: 42

-- Positive Demos --
 (517,3),  (547,3),  (548,3),  (551,3),  (527,3),  (501,5),  (473,5),  (390,0),  (361,0),  (305,4),  (276,2),  (275,2),  (274,2),  (271,2),  (298,2),  (269,2),  (267,2),  (265,2),  (291,6),  (345,6),  (371,2),  (397,2),  (396,2),  (366,4),  (336,4),  (308,0),  (280,0),  (195,5),  (113,5),  (86,5),  (59,3),  (33,3),  (65,3),  (67,3),  (68,3),  (70,3),  (73,3),  (74,3),  (105,3),  (80,3),  (81,5),  (53,6), 


[Timing] Time passed: 190.655282 s

Posterior Probability: -184.6078792
Agreement with demo: 13%
Current angular diffs: 92'

Selected number of demos: 38

-- Positive Demos --
 (515,3),  (545,3),  (548,3),  (550,3),  (551,3),  (527,3),  (501,5),  (417,0),  (390,0),  (334,0),  (276,2),  (274,2),  (273,2),  (271,2),  (298,2),  (268,2),  (267,2),  (264,6),  (318,6),  (345,6),  (371,2),  (396,2),  (366,4),  (308,0),  (280,0),  (195,5),  (113,5),  (86,5),  (61,3),  (35,3),  (67,3),  (68,3),  (99,3),  (73,3),  (74,3),  (105,3),  (80,3),  (53,6), 


[Timing] Time passed: 186.996847 s

Posterior Probability: -380.1994875
Agreement with demo: 21%
Current angular diffs: 90'

Selected number of demos: 33

-- Positive Demos --
 (517,3),  (548,3),  (552,3),  (528,5),  (473,5),  (361,0),  (305,4),  (276,2),  (274,2),  (273,2),  (298,2),  (268,2),  (267,2),  (264,6),  (291,6),  (318,6),  (345,6),  (371,2),  (396,2),  (336,4),  (308,0),  (195,5),  (141,5),  (59,3),  (33,3),  (67,3),  (70,3),  (73,3),  (74,3),  (76,3),  (105,3),  (81,5),  (53,6), 


[Timing] Time passed: 190.27386 s

Posterior Probability: -353.8355837
Agreement with demo: 12%
Current angular diffs: 84'

Selected number of demos: 26

-- Positive Demos --
 (547,3),  (552,3),  (527,3),  (528,5),  (501,5),  (473,5),  (334,0),  (276,2),  (274,2),  (298,2),  (265,2),  (264,6),  (372,6),  (396,2),  (367,2),  (308,0),  (195,5),  (141,5),  (86,5),  (61,3),  (65,3),  (68,3),  (70,3),  (74,3),  (105,3),  (79,3), 


[Timing] Time passed: 186.83963 s

Posterior Probability: -178.2975742
Agreement with demo: 11%
Current angular diffs: 90'

Selected number of demos: 62

-- Positive Demos --
 (515,3),  (517,3),  (545,3),  (547,3),  (548,3),  (550,3),  (551,3),  (552,3),  (527,3),  (528,5),  (501,5),  (473,5),  (417,0),  (390,0),  (361,0),  (334,0),  (305,4),  (276,2),  (275,2),  (274,2),  (273,2),  (271,2),  (298,2),  (269,2),  (268,2),  (267,2),  (265,2),  (264,6),  (291,6),  (318,6),  (345,6),  (372,6),  (371,2),  (397,2),  (396,2),  (367,2),  (366,4),  (336,4),  (308,0),  (280,0),  (224,0),  (195,5),  (141,5),  (113,5),  (86,5),  (59,3),  (61,3),  (33,3),  (35,3),  (65,3),  (67,3),  (68,3),  (70,3),  (99,3),  (73,3),  (74,3),  (76,3),  (105,3),  (79,3),  (80,3),  (81,5),  (53,6), 


[Timing] Time passed: 189.473807 s

Posterior Probability: -131.0251416
Agreement with demo: 15%
Current angular diffs: 94'

Selected number of demos: 62

-- Positive Demos --
 (515,3),  (517,3),  (545,3),  (547,3),  (548,3),  (550,3),  (551,3),  (552,3),  (527,3),  (528,5),  (501,5),  (473,5),  (417,0),  (390,0),  (361,0),  (334,0),  (305,4),  (276,2),  (275,2),  (274,2),  (273,2),  (271,2),  (298,2),  (269,2),  (268,2),  (267,2),  (265,2),  (264,6),  (291,6),  (318,6),  (345,6),  (372,6),  (371,2),  (397,2),  (396,2),  (367,2),  (366,4),  (336,4),  (308,0),  (280,0),  (224,0),  (195,5),  (141,5),  (113,5),  (86,5),  (59,3),  (61,3),  (33,3),  (35,3),  (65,3),  (67,3),  (68,3),  (70,3),  (99,3),  (73,3),  (74,3),  (76,3),  (105,3),  (79,3),  (80,3),  (81,5),  (53,6), 


[Timing] Time passed: 187.181502 s

Posterior Probability: -695.3154935
Agreement with demo: 8%
Current angular diffs: 89'

Selected number of demos: 62

-- Positive Demos --
 (515,3),  (517,3),  (545,3),  (547,3),  (548,3),  (550,3),  (551,3),  (552,3),  (527,3),  (528,5),  (501,5),  (473,5),  (417,0),  (390,0),  (361,0),  (334,0),  (305,4),  (276,2),  (275,2),  (274,2),  (273,2),  (271,2),  (298,2),  (269,2),  (268,2),  (267,2),  (265,2),  (264,6),  (291,6),  (318,6),  (345,6),  (372,6),  (371,2),  (397,2),  (396,2),  (367,2),  (366,4),  (336,4),  (308,0),  (280,0),  (224,0),  (195,5),  (141,5),  (113,5),  (86,5),  (59,3),  (61,3),  (33,3),  (35,3),  (65,3),  (67,3),  (68,3),  (70,3),  (99,3),  (73,3),  (74,3),  (76,3),  (105,3),  (79,3),  (80,3),  (81,5),  (53,6), 


[Timing] Time passed: 173.825509 s

Posterior Probability: -194.4787564
Agreement with demo: 17%
Current angular diffs: 88'

Selected number of demos: 42

-- Positive Demos --
 (517,3),  (547,3),  (550,3),  (551,3),  (552,3),  (528,5),  (501,5),  (473,5),  (390,0),  (334,0),  (305,4),  (276,2),  (274,2),  (271,2),  (298,2),  (268,2),  (267,2),  (265,2),  (264,6),  (318,6),  (372,6),  (397,2),  (396,2),  (367,2),  (366,4),  (308,0),  (280,0),  (195,5),  (141,5),  (86,5),  (61,3),  (33,3),  (35,3),  (65,3),  (67,3),  (68,3),  (99,3),  (73,3),  (74,3),  (105,3),  (80,3),  (81,5), 


[Timing] Time passed: 164.888593 s

Posterior Probability: -295.758034
Agreement with demo: 19%
Current angular diffs: 83'

Selected number of demos: 27

-- Positive Demos --
 (515,3),  (547,3),  (551,3),  (527,3),  (473,5),  (417,0),  (334,0),  (275,2),  (273,2),  (271,2),  (269,2),  (265,2),  (318,6),  (371,2),  (367,2),  (366,4),  (336,4),  (224,0),  (141,5),  (113,5),  (86,5),  (33,3),  (67,3),  (99,3),  (73,3),  (76,3),  (80,3), 


[Timing] Time passed: 171.896651 s

Posterior Probability: -171.7817022
Agreement with demo: 23%
Current angular diffs: 85'

Selected number of demos: 35

-- Positive Demos --
 (545,3),  (550,3),  (551,3),  (552,3),  (527,3),  (473,5),  (390,0),  (334,0),  (276,2),  (273,2),  (298,2),  (268,2),  (267,2),  (291,6),  (318,6),  (372,6),  (397,2),  (396,2),  (367,2),  (336,4),  (280,0),  (224,0),  (141,5),  (59,3),  (61,3),  (33,3),  (35,3),  (68,3),  (70,3),  (73,3),  (74,3),  (76,3),  (79,3),  (80,3),  (53,6), 


[Timing] Time passed: 177.119216 s

Posterior Probability: -648.8005182
Agreement with demo: 15%
Current angular diffs: 93'

Selected number of demos: 26

-- Positive Demos --
 (545,3),  (548,3),  (552,3),  (527,3),  (528,5),  (417,0),  (334,0),  (305,4),  (273,2),  (271,2),  (267,2),  (264,6),  (318,6),  (371,2),  (366,4),  (280,0),  (224,0),  (113,5),  (86,5),  (33,3),  (35,3),  (68,3),  (73,3),  (105,3),  (81,5),  (53,6), 


[Timing] Time passed: 135.959939 s

Posterior Probability: -343.6370302
Agreement with demo: 19%
Current angular diffs: 86'

Selected number of demos: 22

-- Positive Demos --
 (547,3),  (552,3),  (527,3),  (417,0),  (305,4),  (276,2),  (273,2),  (271,2),  (267,2),  (264,6),  (345,6),  (372,6),  (367,2),  (280,0),  (195,5),  (86,5),  (33,3),  (67,3),  (73,3),  (79,3),  (81,5),  (53,6), 


[Timing] Time passed: 133.140474 s

Posterior Probability: -91.674926
Agreement with demo: 13%
Current angular diffs: 89'

Selected number of demos: 19

-- Positive Demos --
 (517,3),  (547,3),  (527,3),  (417,0),  (390,0),  (361,0),  (274,2),  (269,2),  (264,6),  (372,6),  (396,2),  (366,4),  (280,0),  (195,5),  (86,5),  (35,3),  (68,3),  (76,3),  (53,6), 


[Timing] Time passed: 137.375294 s

Posterior Probability: -114.9995721
Agreement with demo: 13%
Current angular diffs: 93'

Selected number of demos: 32

-- Positive Demos --
 (545,3),  (547,3),  (551,3),  (527,3),  (501,5),  (473,5),  (417,0),  (390,0),  (334,0),  (275,2),  (271,2),  (298,2),  (267,2),  (291,6),  (372,6),  (397,2),  (367,2),  (366,4),  (336,4),  (224,0),  (195,5),  (113,5),  (59,3),  (61,3),  (35,3),  (68,3),  (73,3),  (76,3),  (105,3),  (80,3),  (81,5),  (53,6), 


[Timing] Time passed: 141.72902 s

Posterior Probability: -111.3586491
Agreement with demo: 13%
Current angular diffs: 88'

Selected number of demos: 42

-- Positive Demos --
 (517,3),  (547,3),  (548,3),  (551,3),  (552,3),  (528,5),  (473,5),  (417,0),  (361,0),  (305,4),  (275,2),  (273,2),  (271,2),  (269,2),  (267,2),  (265,2),  (291,6),  (318,6),  (345,6),  (372,6),  (371,2),  (396,2),  (367,2),  (366,4),  (308,0),  (280,0),  (195,5),  (141,5),  (113,5),  (59,3),  (61,3),  (35,3),  (65,3),  (68,3),  (70,3),  (99,3),  (73,3),  (74,3),  (76,3),  (79,3),  (81,5),  (53,6), 


[Timing] Time passed: 136.342699 s

Posterior Probability: -141.9388964
Agreement with demo: 13%
Current angular diffs: 86'

Selected number of demos: 40

-- Positive Demos --
 (517,3),  (547,3),  (550,3),  (551,3),  (527,3),  (501,5),  (473,5),  (390,0),  (334,0),  (305,4),  (275,2),  (274,2),  (271,2),  (269,2),  (267,2),  (265,2),  (264,6),  (291,6),  (318,6),  (372,6),  (397,2),  (396,2),  (367,2),  (366,4),  (336,4),  (308,0),  (224,0),  (141,5),  (86,5),  (59,3),  (33,3),  (35,3),  (67,3),  (70,3),  (99,3),  (74,3),  (76,3),  (79,3),  (80,3),  (53,6), 


[Timing] Time passed: 142.463286 s

Posterior Probability: -475.7270123
Agreement with demo: 17%
Current angular diffs: 87'

Selected number of demos: 62

-- Positive Demos --
 (515,3),  (517,3),  (545,3),  (547,3),  (548,3),  (550,3),  (551,3),  (552,3),  (527,3),  (528,5),  (501,5),  (473,5),  (417,0),  (390,0),  (361,0),  (334,0),  (305,4),  (276,2),  (275,2),  (274,2),  (273,2),  (271,2),  (298,2),  (269,2),  (268,2),  (267,2),  (265,2),  (264,6),  (291,6),  (318,6),  (345,6),  (372,6),  (371,2),  (397,2),  (396,2),  (367,2),  (366,4),  (336,4),  (308,0),  (280,0),  (224,0),  (195,5),  (141,5),  (113,5),  (86,5),  (59,3),  (61,3),  (33,3),  (35,3),  (65,3),  (67,3),  (68,3),  (70,3),  (99,3),  (73,3),  (74,3),  (76,3),  (105,3),  (79,3),  (80,3),  (81,5),  (53,6), 


[Timing] Time passed: 137.162864 s

Posterior Probability: -306.4410518
Agreement with demo: 11%
Current angular diffs: 85'

Selected number of demos: 24

-- Positive Demos --
 (515,3),  (545,3),  (551,3),  (552,3),  (501,5),  (417,0),  (361,0),  (274,2),  (273,2),  (298,2),  (265,2),  (291,6),  (372,6),  (396,2),  (336,4),  (224,0),  (113,5),  (86,5),  (35,3),  (67,3),  (68,3),  (70,3),  (76,3),  (53,6), 


[Timing] Time passed: 135.448583 s

Posterior Probability: -233.7861834
Agreement with demo: 16%
Current angular diffs: 88'

Selected number of demos: 28

-- Positive Demos --
 (515,3),  (545,3),  (548,3),  (552,3),  (501,5),  (417,0),  (390,0),  (305,4),  (276,2),  (274,2),  (298,2),  (268,2),  (264,6),  (318,6),  (371,2),  (396,2),  (367,2),  (308,0),  (224,0),  (113,5),  (59,3),  (35,3),  (68,3),  (73,3),  (74,3),  (76,3),  (80,3),  (53,6), 


[Timing] Time passed: 135.213198 s

Posterior Probability: -198.1088236
Agreement with demo: 13%
Current angular diffs: 88'

Selected number of demos: 32

-- Positive Demos --
 (515,3),  (547,3),  (548,3),  (550,3),  (551,3),  (527,3),  (501,5),  (417,0),  (390,0),  (305,4),  (276,2),  (273,2),  (298,2),  (267,2),  (291,6),  (318,6),  (371,2),  (397,2),  (367,2),  (366,4),  (336,4),  (280,0),  (195,5),  (86,5),  (61,3),  (65,3),  (67,3),  (99,3),  (74,3),  (79,3),  (80,3),  (53,6), 


[Timing] Time passed: 137.076351 s

Posterior Probability: -375.7525451
Agreement with demo: 11%
Current angular diffs: 83'

Selected number of demos: 29

-- Positive Demos --
 (545,3),  (547,3),  (548,3),  (552,3),  (527,3),  (528,5),  (417,0),  (361,0),  (305,4),  (274,2),  (271,2),  (268,2),  (265,2),  (318,6),  (372,6),  (371,2),  (397,2),  (367,2),  (308,0),  (280,0),  (141,5),  (59,3),  (61,3),  (65,3),  (68,3),  (73,3),  (74,3),  (105,3),  (81,5), 


[Timing] Time passed: 123.369036 s

Posterior Probability: -166.6308108
Agreement with demo: 15%
Current angular diffs: 88'

Selected number of demos: 42

-- Positive Demos --
 (517,3),  (545,3),  (548,3),  (550,3),  (551,3),  (552,3),  (527,3),  (528,5),  (473,5),  (417,0),  (361,0),  (334,0),  (305,4),  (275,2),  (274,2),  (273,2),  (298,2),  (268,2),  (265,2),  (291,6),  (318,6),  (345,6),  (371,2),  (396,2),  (367,2),  (366,4),  (336,4),  (308,0),  (280,0),  (195,5),  (141,5),  (86,5),  (61,3),  (35,3),  (67,3),  (70,3),  (99,3),  (74,3),  (105,3),  (80,3),  (81,5),  (53,6), 


[Timing] Time passed: 122.749164 s

Posterior Probability: -153.1315633
Agreement with demo: 19%
Current angular diffs: 91'

Selected number of demos: 40

-- Positive Demos --
 (515,3),  (545,3),  (547,3),  (550,3),  (552,3),  (528,5),  (501,5),  (417,0),  (390,0),  (361,0),  (305,4),  (275,2),  (274,2),  (271,2),  (298,2),  (269,2),  (268,2),  (267,2),  (264,6),  (318,6),  (372,6),  (397,2),  (396,2),  (366,4),  (308,0),  (224,0),  (195,5),  (113,5),  (86,5),  (59,3),  (61,3),  (33,3),  (65,3),  (67,3),  (70,3),  (99,3),  (74,3),  (105,3),  (79,3),  (81,5), 


[Timing] Time passed: 118.796904 s

Posterior Probability: -131.1793399
Agreement with demo: 12%
Current angular diffs: 91'

Selected number of demos: 62

-- Positive Demos --
 (515,3),  (517,3),  (545,3),  (547,3),  (548,3),  (550,3),  (551,3),  (552,3),  (527,3),  (528,5),  (501,5),  (473,5),  (417,0),  (390,0),  (361,0),  (334,0),  (305,4),  (276,2),  (275,2),  (274,2),  (273,2),  (271,2),  (298,2),  (269,2),  (268,2),  (267,2),  (265,2),  (264,6),  (291,6),  (318,6),  (345,6),  (372,6),  (371,2),  (397,2),  (396,2),  (367,2),  (366,4),  (336,4),  (308,0),  (280,0),  (224,0),  (195,5),  (141,5),  (113,5),  (86,5),  (59,3),  (61,3),  (33,3),  (35,3),  (65,3),  (67,3),  (68,3),  (70,3),  (99,3),  (73,3),  (74,3),  (76,3),  (105,3),  (79,3),  (80,3),  (81,5),  (53,6), 


[Timing] Time passed: 122.087643 s

Posterior Probability: -274.397409
Agreement with demo: 15%
Current angular diffs: 87'

Selected number of demos: 21

-- Positive Demos --
 (545,3),  (550,3),  (528,5),  (473,5),  (334,0),  (275,2),  (271,2),  (298,2),  (268,2),  (291,6),  (345,6),  (396,2),  (336,4),  (224,0),  (113,5),  (86,5),  (35,3),  (67,3),  (73,3),  (79,3),  (81,5), 


[Timing] Time passed: 121.386103 s

Posterior Probability: -151.3386635
Agreement with demo: 9.3%
Current angular diffs: 83'

Selected number of demos: 20

-- Positive Demos --
 (515,3),  (550,3),  (527,3),  (528,5),  (473,5),  (361,0),  (305,4),  (273,2),  (271,2),  (267,2),  (264,6),  (371,2),  (397,2),  (308,0),  (113,5),  (33,3),  (35,3),  (99,3),  (79,3),  (81,5), 


[Timing] Time passed: 121.104709 s

Posterior Probability: -188.8197935
Agreement with demo: 13%
Current angular diffs: 92'

Selected number of demos: 23

-- Positive Demos --
 (548,3),  (552,3),  (417,0),  (361,0),  (276,2),  (273,2),  (271,2),  (267,2),  (265,2),  (264,6),  (291,6),  (371,2),  (396,2),  (336,4),  (195,5),  (86,5),  (35,3),  (65,3),  (67,3),  (68,3),  (74,3),  (79,3),  (53,6), 


[Timing] Time passed: 123.215363 s

Posterior Probability: -239.9976405
Agreement with demo: 13%
Current angular diffs: 94'

Selected number of demos: 31

-- Positive Demos --
 (517,3),  (547,3),  (548,3),  (550,3),  (551,3),  (527,3),  (528,5),  (501,5),  (417,0),  (361,0),  (276,2),  (274,2),  (273,2),  (298,2),  (267,2),  (265,2),  (291,6),  (345,6),  (397,2),  (367,2),  (308,0),  (224,0),  (141,5),  (86,5),  (33,3),  (35,3),  (68,3),  (73,3),  (105,3),  (80,3),  (53,6), 


[Timing] Time passed: 122.342778 s

Posterior Probability: -172.5994989
Agreement with demo: 12%
Current angular diffs: 92'

Selected number of demos: 62

-- Positive Demos --
 (515,3),  (517,3),  (545,3),  (547,3),  (548,3),  (550,3),  (551,3),  (552,3),  (527,3),  (528,5),  (501,5),  (473,5),  (417,0),  (390,0),  (361,0),  (334,0),  (305,4),  (276,2),  (275,2),  (274,2),  (273,2),  (271,2),  (298,2),  (269,2),  (268,2),  (267,2),  (265,2),  (264,6),  (291,6),  (318,6),  (345,6),  (372,6),  (371,2),  (397,2),  (396,2),  (367,2),  (366,4),  (336,4),  (308,0),  (280,0),  (224,0),  (195,5),  (141,5),  (113,5),  (86,5),  (59,3),  (61,3),  (33,3),  (35,3),  (65,3),  (67,3),  (68,3),  (70,3),  (99,3),  (73,3),  (74,3),  (76,3),  (105,3),  (79,3),  (80,3),  (81,5),  (53,6), 


[Timing] Time passed: 124.542996 s

Posterior Probability: -370.1111811
Agreement with demo: 19%
Current angular diffs: 87'

Selected number of demos: 44

-- Positive Demos --
 (517,3),  (547,3),  (550,3),  (552,3),  (527,3),  (501,5),  (417,0),  (361,0),  (334,0),  (305,4),  (276,2),  (274,2),  (273,2),  (271,2),  (298,2),  (268,2),  (265,2),  (264,6),  (291,6),  (318,6),  (372,6),  (371,2),  (397,2),  (396,2),  (367,2),  (366,4),  (308,0),  (280,0),  (224,0),  (195,5),  (141,5),  (113,5),  (59,3),  (33,3),  (65,3),  (67,3),  (68,3),  (70,3),  (73,3),  (74,3),  (76,3),  (79,3),  (80,3),  (53,6), 


[Timing] Time passed: 122.033565 s

Posterior Probability: -100.9929918
Agreement with demo: 11%
Current angular diffs: 94'

Selected number of demos: 43

-- Positive Demos --
 (517,3),  (545,3),  (547,3),  (548,3),  (551,3),  (527,3),  (528,5),  (473,5),  (390,0),  (334,0),  (305,4),  (275,2),  (274,2),  (273,2),  (271,2),  (269,2),  (268,2),  (265,2),  (264,6),  (318,6),  (345,6),  (371,2),  (396,2),  (367,2),  (366,4),  (336,4),  (308,0),  (280,0),  (224,0),  (141,5),  (113,5),  (59,3),  (33,3),  (35,3),  (67,3),  (70,3),  (73,3),  (74,3),  (76,3),  (105,3),  (80,3),  (81,5),  (53,6), 


[Timing] Time passed: 121.884939 s

Posterior Probability: -422.9830782
Agreement with demo: 8%
Current angular diffs: 89'

Selected number of demos: 31

-- Positive Demos --
 (517,3),  (545,3),  (548,3),  (552,3),  (527,3),  (528,5),  (417,0),  (334,0),  (276,2),  (274,2),  (273,2),  (271,2),  (298,2),  (269,2),  (268,2),  (264,6),  (318,6),  (372,6),  (397,2),  (367,2),  (366,4),  (336,4),  (280,0),  (195,5),  (141,5),  (59,3),  (65,3),  (99,3),  (76,3),  (81,5),  (53,6), 


[Timing] Time passed: 117.511932 s

Posterior Probability: -66.65299876
Agreement with demo: 15%
Current angular diffs: 91'

Selected number of demos: 22

-- Positive Demos --
 (548,3),  (552,3),  (473,5),  (390,0),  (361,0),  (276,2),  (273,2),  (298,2),  (269,2),  (268,2),  (291,6),  (371,2),  (367,2),  (366,4),  (280,0),  (113,5),  (33,3),  (67,3),  (73,3),  (74,3),  (76,3),  (79,3), 


[Timing] Time passed: 96.633389 s

Posterior Probability: -274.9896367
Agreement with demo: 8%
Current angular diffs: 92'

Selected number of demos: 38

-- Positive Demos --
 (517,3),  (547,3),  (550,3),  (552,3),  (527,3),  (501,5),  (417,0),  (390,0),  (334,0),  (305,4),  (275,2),  (273,2),  (298,2),  (269,2),  (268,2),  (267,2),  (265,2),  (291,6),  (345,6),  (372,6),  (371,2),  (396,2),  (366,4),  (336,4),  (280,0),  (195,5),  (113,5),  (59,3),  (61,3),  (33,3),  (35,3),  (67,3),  (70,3),  (73,3),  (74,3),  (105,3),  (80,3),  (53,6), 


[Timing] Time passed: 96.608222 s

Posterior Probability: -89.60928234
Agreement with demo: 16%
Current angular diffs: 94'

Selected number of demos: 32

-- Positive Demos --
 (515,3),  (517,3),  (548,3),  (551,3),  (552,3),  (501,5),  (417,0),  (334,0),  (276,2),  (274,2),  (273,2),  (269,2),  (265,2),  (264,6),  (291,6),  (318,6),  (345,6),  (397,2),  (396,2),  (336,4),  (308,0),  (280,0),  (141,5),  (59,3),  (35,3),  (65,3),  (68,3),  (73,3),  (74,3),  (76,3),  (79,3),  (81,5), 


[Timing] Time passed: 107.601746 s

Posterior Probability: -212.9812488
Agreement with demo: 17%
Current angular diffs: 93'

Selected number of demos: 31

-- Positive Demos --
 (515,3),  (547,3),  (548,3),  (550,3),  (551,3),  (528,5),  (501,5),  (390,0),  (305,4),  (275,2),  (273,2),  (298,2),  (269,2),  (265,2),  (264,6),  (345,6),  (397,2),  (396,2),  (367,2),  (366,4),  (280,0),  (141,5),  (59,3),  (61,3),  (35,3),  (68,3),  (70,3),  (74,3),  (76,3),  (79,3),  (81,5), 


[Timing] Time passed: 107.599748 s

Posterior Probability: -331.8973672
Agreement with demo: 12%
Current angular diffs: 88'

Selected number of demos: 36

-- Positive Demos --
 (517,3),  (545,3),  (547,3),  (551,3),  (552,3),  (528,5),  (501,5),  (417,0),  (390,0),  (361,0),  (305,4),  (274,2),  (298,2),  (269,2),  (267,2),  (264,6),  (318,6),  (371,2),  (396,2),  (367,2),  (366,4),  (308,0),  (280,0),  (195,5),  (113,5),  (59,3),  (61,3),  (35,3),  (67,3),  (70,3),  (99,3),  (73,3),  (105,3),  (80,3),  (81,5),  (53,6), 


[Timing] Time passed: 106.807777 s

Posterior Probability: -246.4853581
Agreement with demo: 6.7%
Current angular diffs: 86'

Selected number of demos: 29

-- Positive Demos --
 (545,3),  (550,3),  (527,3),  (501,5),  (417,0),  (361,0),  (334,0),  (276,2),  (273,2),  (298,2),  (269,2),  (268,2),  (265,2),  (291,6),  (372,6),  (371,2),  (367,2),  (308,0),  (195,5),  (141,5),  (59,3),  (61,3),  (35,3),  (67,3),  (68,3),  (99,3),  (76,3),  (79,3),  (80,3), 


[Timing] Time passed: 110.688649 s

Posterior Probability: -99.87181422
Agreement with demo: 17%
Current angular diffs: 92'

Selected number of demos: 62

-- Positive Demos --
 (515,3),  (517,3),  (545,3),  (547,3),  (548,3),  (550,3),  (551,3),  (552,3),  (527,3),  (528,5),  (501,5),  (473,5),  (417,0),  (390,0),  (361,0),  (334,0),  (305,4),  (276,2),  (275,2),  (274,2),  (273,2),  (271,2),  (298,2),  (269,2),  (268,2),  (267,2),  (265,2),  (264,6),  (291,6),  (318,6),  (345,6),  (372,6),  (371,2),  (397,2),  (396,2),  (367,2),  (366,4),  (336,4),  (308,0),  (280,0),  (224,0),  (195,5),  (141,5),  (113,5),  (86,5),  (59,3),  (61,3),  (33,3),  (35,3),  (65,3),  (67,3),  (68,3),  (70,3),  (99,3),  (73,3),  (74,3),  (76,3),  (105,3),  (79,3),  (80,3),  (81,5),  (53,6), 


[Timing] Time passed: 108.450635 s

Posterior Probability: -327.4670094
Agreement with demo: 15%
Current angular diffs: 88'

Selected number of demos: 19

-- Positive Demos --
 (548,3),  (528,5),  (473,5),  (417,0),  (305,4),  (275,2),  (271,2),  (267,2),  (264,6),  (345,6),  (396,2),  (336,4),  (195,5),  (61,3),  (67,3),  (99,3),  (74,3),  (81,5),  (53,6), 


[Timing] Time passed: 110.257736 s

Posterior Probability: -301.0981348
Agreement with demo: 23%
Current angular diffs: 88'

Selected number of demos: 62

-- Positive Demos --
 (515,3),  (517,3),  (545,3),  (547,3),  (548,3),  (550,3),  (551,3),  (552,3),  (527,3),  (528,5),  (501,5),  (473,5),  (417,0),  (390,0),  (361,0),  (334,0),  (305,4),  (276,2),  (275,2),  (274,2),  (273,2),  (271,2),  (298,2),  (269,2),  (268,2),  (267,2),  (265,2),  (264,6),  (291,6),  (318,6),  (345,6),  (372,6),  (371,2),  (397,2),  (396,2),  (367,2),  (366,4),  (336,4),  (308,0),  (280,0),  (224,0),  (195,5),  (141,5),  (113,5),  (86,5),  (59,3),  (61,3),  (33,3),  (35,3),  (65,3),  (67,3),  (68,3),  (70,3),  (99,3),  (73,3),  (74,3),  (76,3),  (105,3),  (79,3),  (80,3),  (81,5),  (53,6), 


[Timing] Time passed: 110.163032 s

Posterior Probability: -617.5030814
Agreement with demo: 15%
Current angular diffs: 92'

Selected number of demos: 21

-- Positive Demos --
 (515,3),  (550,3),  (527,3),  (390,0),  (305,4),  (276,2),  (298,2),  (265,2),  (264,6),  (345,6),  (367,2),  (280,0),  (224,0),  (113,5),  (61,3),  (67,3),  (99,3),  (76,3),  (105,3),  (81,5),  (53,6), 


[Timing] Time passed: 104.606807 s

Posterior Probability: -119.4473371
Agreement with demo: 8%
Current angular diffs: 85'

Selected number of demos: 32

-- Positive Demos --
 (515,3),  (547,3),  (548,3),  (550,3),  (527,3),  (528,5),  (473,5),  (417,0),  (390,0),  (334,0),  (276,2),  (274,2),  (273,2),  (298,2),  (267,2),  (264,6),  (345,6),  (372,6),  (371,2),  (396,2),  (366,4),  (336,4),  (280,0),  (141,5),  (59,3),  (61,3),  (35,3),  (68,3),  (99,3),  (76,3),  (79,3),  (81,5), 


[Timing] Time passed: 107.905358 s

Posterior Probability: -111.2256689
Agreement with demo: 13%
Current angular diffs: 92'

Selected number of demos: 41

-- Positive Demos --
 (517,3),  (545,3),  (547,3),  (550,3),  (552,3),  (528,5),  (501,5),  (417,0),  (390,0),  (334,0),  (305,4),  (275,2),  (273,2),  (271,2),  (269,2),  (267,2),  (265,2),  (291,6),  (318,6),  (345,6),  (371,2),  (397,2),  (367,2),  (336,4),  (308,0),  (280,0),  (224,0),  (141,5),  (113,5),  (59,3),  (61,3),  (33,3),  (35,3),  (65,3),  (68,3),  (99,3),  (74,3),  (76,3),  (105,3),  (80,3),  (53,6), 


[Timing] Time passed: 108.110211 s

Posterior Probability: -203.3043324
Agreement with demo: 16%
Current angular diffs: 92'

-----------------------------
Avg angular diffs: 83'
-- learned weights --
Feature Weights: -0.38125, 0.00125, 0.2645, -0.1, 
