loading features...

Initializing gridworld of size 28 by 22..
    Num states: 616
    Num actions: 8

Total number of demos: 89

Selected number of demos: 46

-- Positive Demos --
 (83,6),  (81,1),  (110,1),  (165,6),  (193,1),  (220,1),  (276,6),  (331,6),  (357,1),  (386,1),  (470,6),  (497,6),  (524,2),  (523,2),  (522,2),  (493,0),  (465,0),  (437,0),  (381,0),  (324,0),  (296,4),  (268,4),  (239,4),  (239,0),  (183,0),  (154,4),  (125,0),  (97,4),  (67,6),  (65,6),  (92,6),  (119,1),  (147,1),  (175,6),  (230,1),  (258,1),  (286,6),  (340,6),  (339,1),  (368,1),  (394,6),  (422,1),  (450,1),  (450,6),  (476,7), 


[Timing] Time passed: 178.840719 s

Posterior Probability: -254.5868711
Agreement with demo: 11%
Current angular diffs: 95'

Selected number of demos: 64

-- Positive Demos --
 (81,1),  (110,7),  (165,6),  (193,1),  (220,1),  (248,6),  (276,6),  (275,1),  (331,6),  (357,1),  (357,7),  (414,1),  (442,6),  (470,6),  (497,6),  (524,2),  (523,2),  (522,2),  (493,0),  (465,0),  (465,4),  (437,0),  (408,0),  (352,4),  (352,0),  (324,0),  (296,4),  (268,4),  (239,0),  (210,0),  (183,0),  (183,4),  (154,4),  (125,0),  (69,4),  (38,6),  (65,6),  (93,6),  (92,6),  (120,6),  (147,1),  (175,6),  (201,6),  (201,1),  (230,1),  (258,6),  (286,1),  (314,6),  (313,6),  (339,1),  (368,6),  (394,6),  (422,1),  (450,6),  (477,6),  (476,7), 


[Timing] Time passed: 184.862771 s

Posterior Probability: -194.8580284
Agreement with demo: 15%
Current angular diffs: 88'

Selected number of demos: 29

-- Positive Demos --
 (83,6),  (165,6),  (220,1),  (275,1),  (357,7),  (497,6),  (523,2),  (521,0),  (493,0),  (408,0),  (324,0),  (268,4),  (239,0),  (183,0),  (125,0),  (97,4),  (65,6),  (93,6),  (120,6),  (147,1),  (175,6),  (201,1),  (230,1),  (314,6),  (368,1),  (394,6),  (422,1),  (477,6), 


[Timing] Time passed: 207.262089 s

Posterior Probability: -175.2934988
Agreement with demo: 12%
Current angular diffs: 94'

Selected number of demos: 45

-- Positive Demos --
 (81,1),  (165,6),  (220,1),  (276,6),  (303,1),  (357,1),  (414,1),  (442,6),  (497,6),  (524,2),  (522,2),  (493,0),  (465,4),  (437,0),  (408,0),  (381,0),  (352,0),  (324,0),  (296,0),  (268,4),  (239,4),  (183,0),  (183,4),  (125,0),  (69,4),  (38,6),  (65,6),  (93,6),  (119,1),  (147,1),  (175,6),  (201,1),  (230,1),  (258,6),  (258,1),  (286,6),  (314,6),  (339,1),  (368,1),  (394,6),  (422,1),  (450,6),  (476,7), 


[Timing] Time passed: 206.978299 s

Posterior Probability: -415.6814221
Agreement with demo: 18%
Current angular diffs: 87'

Selected number of demos: 61

-- Positive Demos --
 (83,6),  (81,1),  (110,7),  (110,1),  (165,6),  (193,1),  (220,1),  (276,6),  (275,1),  (331,6),  (357,7),  (414,1),  (470,6),  (497,6),  (524,2),  (523,2),  (522,2),  (521,0),  (465,0),  (437,0),  (408,0),  (352,4),  (324,0),  (296,0),  (296,4),  (239,4),  (210,0),  (183,0),  (154,4),  (125,0),  (69,4),  (38,6),  (67,6),  (65,6),  (93,6),  (120,6),  (119,1),  (147,1),  (175,6),  (201,1),  (230,1),  (258,6),  (258,1),  (286,1),  (286,6),  (314,6),  (340,6),  (368,1),  (368,6),  (394,6),  (422,1),  (450,6),  (477,6), 


[Timing] Time passed: 223.207246 s

Posterior Probability: -187.2283376
Agreement with demo: 18%
Current angular diffs: 94'

Selected number of demos: 35

-- Positive Demos --
 (81,1),  (165,6),  (220,1),  (275,1),  (303,1),  (331,6),  (414,1),  (497,6),  (524,2),  (523,2),  (465,0),  (408,0),  (352,4),  (352,0),  (296,0),  (296,4),  (239,4),  (239,0),  (183,4),  (154,4),  (97,4),  (69,4),  (65,6),  (93,6),  (92,6),  (119,1),  (175,6),  (230,1),  (258,1),  (286,1),  (314,6),  (368,1),  (394,6),  (422,1),  (477,6), 


[Timing] Time passed: 211.397838 s

Posterior Probability: -117.2613162
Agreement with demo: 12%
Current angular diffs: 87'

Selected number of demos: 89

-- Positive Demos --
 (83,6),  (81,1),  (110,7),  (110,1),  (165,6),  (193,1),  (220,1),  (248,6),  (276,6),  (275,1),  (303,1),  (331,6),  (357,1),  (357,7),  (386,1),  (414,1),  (442,6),  (470,6),  (497,6),  (524,2),  (523,2),  (522,2),  (521,0),  (493,0),  (465,0),  (465,4),  (437,0),  (408,0),  (381,0),  (352,4),  (352,0),  (324,0),  (296,0),  (296,4),  (268,4),  (239,4),  (239,0),  (210,0),  (183,0),  (183,4),  (154,4),  (125,0),  (97,4),  (69,4),  (38,6),  (67,6),  (65,6),  (93,6),  (92,6),  (120,6),  (119,1),  (147,1),  (175,6),  (201,6),  (201,1),  (230,1),  (258,6),  (258,1),  (286,1),  (286,6),  (314,6),  (313,6),  (340,6),  (339,1),  (368,1),  (368,6),  (394,6),  (422,1),  (450,1),  (450,6),  (477,6),  (476,7), 


[Timing] Time passed: 197.92134 s

Posterior Probability: -357.905219
Agreement with demo: 10%
Current angular diffs: 96'

Selected number of demos: 37

-- Positive Demos --
 (81,1),  (110,1),  (193,1),  (248,6),  (276,6),  (331,6),  (357,1),  (414,1),  (497,6),  (523,2),  (493,0),  (437,0),  (408,0),  (381,0),  (296,0),  (296,4),  (210,0),  (183,4),  (154,4),  (97,4),  (38,6),  (67,6),  (93,6),  (92,6),  (119,1),  (147,1),  (175,6),  (201,6),  (230,1),  (286,1),  (313,6),  (368,6),  (394,6),  (450,1),  (450,6),  (476,7), 


[Timing] Time passed: 196.155776 s

Posterior Probability: -328.8516309
Agreement with demo: 18%
Current angular diffs: 82'

Selected number of demos: 40

-- Positive Demos --
 (81,1),  (110,1),  (165,6),  (248,6),  (276,6),  (303,1),  (331,6),  (357,7),  (386,1),  (414,1),  (497,6),  (523,2),  (493,0),  (465,0),  (437,0),  (408,0),  (381,0),  (324,0),  (268,4),  (210,0),  (183,4),  (154,4),  (125,0),  (69,4),  (65,6),  (93,6),  (119,1),  (147,1),  (175,6),  (201,1),  (258,1),  (313,6),  (339,1),  (368,1),  (422,1),  (450,6),  (477,6), 


[Timing] Time passed: 221.718389 s

Posterior Probability: -235.9960889
Agreement with demo: 9.2%
Current angular diffs: 98'

Selected number of demos: 63

-- Positive Demos --
 (83,6),  (110,7),  (110,1),  (165,6),  (220,1),  (248,6),  (275,1),  (303,1),  (331,6),  (357,1),  (357,7),  (386,1),  (442,6),  (470,6),  (497,6),  (524,2),  (523,2),  (522,2),  (493,0),  (465,0),  (437,0),  (408,0),  (381,0),  (352,4),  (352,0),  (324,0),  (296,4),  (239,4),  (210,0),  (183,4),  (154,4),  (125,0),  (97,4),  (38,6),  (67,6),  (65,6),  (93,6),  (92,6),  (120,6),  (119,1),  (147,1),  (175,6),  (201,6),  (201,1),  (230,1),  (258,6),  (286,1),  (286,6),  (313,6),  (340,6),  (339,1),  (368,6),  (394,6),  (422,1),  (450,1),  (477,6),  (476,7), 


[Timing] Time passed: 200.94621 s

Posterior Probability: -536.3334023
Agreement with demo: 18%
Current angular diffs: 84'

Selected number of demos: 28

-- Positive Demos --
 (110,7),  (165,6),  (220,1),  (248,6),  (331,6),  (357,7),  (442,6),  (524,2),  (522,2),  (437,0),  (408,0),  (296,0),  (239,4),  (183,4),  (125,0),  (69,4),  (67,6),  (93,6),  (119,1),  (201,6),  (258,1),  (314,6),  (313,6),  (340,6),  (394,6),  (450,1),  (477,6), 


[Timing] Time passed: 199.230102 s

Posterior Probability: -122.3918965
Agreement with demo: 21%
Current angular diffs: 86'

Selected number of demos: 35

-- Positive Demos --
 (83,6),  (110,1),  (193,1),  (276,6),  (331,6),  (357,1),  (442,6),  (497,6),  (524,2),  (523,2),  (522,2),  (465,0),  (437,0),  (352,4),  (352,0),  (268,4),  (183,0),  (154,4),  (125,0),  (69,4),  (65,6),  (92,6),  (120,6),  (175,6),  (201,6),  (258,6),  (286,1),  (340,6),  (394,6),  (422,1),  (450,1),  (477,6),  (476,7), 


[Timing] Time passed: 198.692147 s

Posterior Probability: -209.9739339
Agreement with demo: 15%
Current angular diffs: 96'

Selected number of demos: 39

-- Positive Demos --
 (83,6),  (165,6),  (220,1),  (275,1),  (331,6),  (414,1),  (442,6),  (497,6),  (523,2),  (521,0),  (465,0),  (408,0),  (381,0),  (352,4),  (352,0),  (324,0),  (268,4),  (239,0),  (210,0),  (154,4),  (125,0),  (97,4),  (69,4),  (65,6),  (93,6),  (120,6),  (147,1),  (201,6),  (201,1),  (230,1),  (258,6),  (314,6),  (339,1),  (368,1),  (394,6),  (422,1),  (450,1),  (450,6), 


[Timing] Time passed: 207.240943 s

Posterior Probability: -435.8559417
Agreement with demo: 18%
Current angular diffs: 92'

Selected number of demos: 32

-- Positive Demos --
 (81,1),  (165,6),  (248,6),  (275,1),  (331,6),  (357,7),  (442,6),  (524,2),  (523,2),  (521,0),  (465,0),  (408,0),  (352,0),  (324,0),  (296,0),  (268,4),  (239,4),  (210,0),  (154,4),  (97,4),  (69,4),  (65,6),  (120,6),  (175,6),  (230,1),  (286,6),  (340,6),  (394,6),  (450,1),  (476,7), 


[Timing] Time passed: 202.318118 s

Posterior Probability: -147.8878325
Agreement with demo: 12%
Current angular diffs: 89'

Selected number of demos: 30

-- Positive Demos --
 (81,1),  (165,6),  (276,6),  (357,1),  (414,1),  (497,6),  (524,2),  (521,0),  (493,0),  (408,0),  (352,0),  (296,0),  (239,4),  (183,0),  (154,4),  (125,0),  (97,4),  (69,4),  (65,6),  (119,1),  (175,6),  (230,1),  (258,6),  (258,1),  (340,6),  (394,6),  (450,6),  (477,6),  (476,7), 


[Timing] Time passed: 205.604457 s

Posterior Probability: -144.4266621
Agreement with demo: 15%
Current angular diffs: 92'

Selected number of demos: 43

-- Positive Demos --
 (81,1),  (110,7),  (165,6),  (220,1),  (248,6),  (275,1),  (331,6),  (357,1),  (357,7),  (414,1),  (497,6),  (524,2),  (523,2),  (521,0),  (465,4),  (408,0),  (381,0),  (324,0),  (296,0),  (239,4),  (210,0),  (154,4),  (125,0),  (97,4),  (38,6),  (65,6),  (93,6),  (92,6),  (147,1),  (175,6),  (230,1),  (258,1),  (286,6),  (340,6),  (368,1),  (368,6),  (394,6),  (422,1),  (450,6),  (476,7), 


[Timing] Time passed: 208.089411 s

Posterior Probability: -490.077264
Agreement with demo: 18%
Current angular diffs: 85'

Selected number of demos: 89

-- Positive Demos --
 (83,6),  (81,1),  (110,7),  (110,1),  (165,6),  (193,1),  (220,1),  (248,6),  (276,6),  (275,1),  (303,1),  (331,6),  (357,1),  (357,7),  (386,1),  (414,1),  (442,6),  (470,6),  (497,6),  (524,2),  (523,2),  (522,2),  (521,0),  (493,0),  (465,0),  (465,4),  (437,0),  (408,0),  (381,0),  (352,4),  (352,0),  (324,0),  (296,0),  (296,4),  (268,4),  (239,4),  (239,0),  (210,0),  (183,0),  (183,4),  (154,4),  (125,0),  (97,4),  (69,4),  (38,6),  (67,6),  (65,6),  (93,6),  (92,6),  (120,6),  (119,1),  (147,1),  (175,6),  (201,6),  (201,1),  (230,1),  (258,6),  (258,1),  (286,1),  (286,6),  (314,6),  (313,6),  (340,6),  (339,1),  (368,1),  (368,6),  (394,6),  (422,1),  (450,1),  (450,6),  (477,6),  (476,7), 


[Timing] Time passed: 204.883869 s

Posterior Probability: -388.1747327
Agreement with demo: 12%
Current angular diffs: 88'

Selected number of demos: 34

-- Positive Demos --
 (110,7),  (193,1),  (276,6),  (331,6),  (357,7),  (442,6),  (497,6),  (524,2),  (523,2),  (521,0),  (493,0),  (465,0),  (465,4),  (437,0),  (408,0),  (352,0),  (296,0),  (268,4),  (210,0),  (183,4),  (125,0),  (38,6),  (93,6),  (119,1),  (175,6),  (230,1),  (258,6),  (314,6),  (339,1),  (394,6),  (450,6),  (477,6), 


[Timing] Time passed: 197.413598 s

Posterior Probability: -91.3200083
Agreement with demo: 12%
Current angular diffs: 95'

Selected number of demos: 36

-- Positive Demos --
 (83,6),  (110,7),  (193,1),  (276,6),  (303,1),  (357,7),  (442,6),  (470,6),  (524,2),  (523,2),  (465,0),  (408,0),  (352,0),  (296,4),  (239,4),  (210,0),  (154,4),  (125,0),  (69,4),  (65,6),  (93,6),  (119,1),  (147,1),  (201,6),  (201,1),  (230,1),  (286,1),  (286,6),  (314,6),  (368,1),  (394,6),  (422,1),  (450,1),  (450,6),  (476,7), 


[Timing] Time passed: 200.863532 s

Posterior Probability: -347.2785143
Agreement with demo: 16%
Current angular diffs: 88'

Selected number of demos: 58

-- Positive Demos --
 (81,1),  (110,7),  (110,1),  (165,6),  (220,1),  (276,6),  (275,1),  (303,1),  (331,6),  (357,7),  (414,1),  (442,6),  (497,6),  (524,2),  (523,2),  (522,2),  (493,0),  (465,4),  (408,0),  (381,0),  (352,0),  (296,0),  (296,4),  (239,4),  (239,0),  (183,0),  (183,4),  (154,4),  (125,0),  (69,4),  (38,6),  (65,6),  (93,6),  (92,6),  (120,6),  (147,1),  (175,6),  (201,6),  (201,1),  (230,1),  (258,1),  (286,1),  (286,6),  (314,6),  (340,6),  (368,1),  (394,6),  (422,1),  (450,1),  (477,6),  (476,7), 


[Timing] Time passed: 203.400072 s

Posterior Probability: -159.5706476
Agreement with demo: 14%
Current angular diffs: 93'

Selected number of demos: 30

-- Positive Demos --
 (110,1),  (220,1),  (248,6),  (276,6),  (303,1),  (331,6),  (386,1),  (497,6),  (524,2),  (521,0),  (408,0),  (381,0),  (324,0),  (239,4),  (183,4),  (154,4),  (125,0),  (67,6),  (65,6),  (119,1),  (201,6),  (201,1),  (258,6),  (314,6),  (368,1),  (368,6),  (394,6),  (422,1),  (477,6),  (476,7), 


[Timing] Time passed: 199.749217 s

Posterior Probability: -429.418502
Agreement with demo: 16%
Current angular diffs: 88'

Selected number of demos: 44

-- Positive Demos --
 (83,6),  (81,1),  (165,6),  (193,1),  (220,1),  (276,6),  (275,1),  (331,6),  (386,1),  (414,1),  (497,6),  (524,2),  (523,2),  (522,2),  (521,0),  (465,4),  (408,0),  (381,0),  (352,0),  (296,0),  (239,4),  (183,0),  (183,4),  (154,4),  (97,4),  (67,6),  (65,6),  (92,6),  (119,1),  (147,1),  (201,6),  (201,1),  (258,6),  (286,1),  (314,6),  (339,1),  (394,6),  (422,1),  (450,1),  (477,6),  (476,7), 


[Timing] Time passed: 225.10473 s

Posterior Probability: -295.6736895
Agreement with demo: 11%
Current angular diffs: 91'

Selected number of demos: 33

-- Positive Demos --
 (110,1),  (165,6),  (220,1),  (276,6),  (331,6),  (357,7),  (442,6),  (497,6),  (523,2),  (521,0),  (465,4),  (408,0),  (352,4),  (324,0),  (268,4),  (239,0),  (154,4),  (69,4),  (67,6),  (93,6),  (119,1),  (147,1),  (201,1),  (258,6),  (286,6),  (340,6),  (394,6),  (422,1),  (477,6), 


[Timing] Time passed: 205.403424 s

Posterior Probability: -178.7294066
Agreement with demo: 8.3%
Current angular diffs: 99'

Selected number of demos: 89

-- Positive Demos --
 (83,6),  (81,1),  (110,7),  (110,1),  (165,6),  (193,1),  (220,1),  (248,6),  (276,6),  (275,1),  (303,1),  (331,6),  (357,1),  (357,7),  (386,1),  (414,1),  (442,6),  (470,6),  (497,6),  (524,2),  (523,2),  (522,2),  (521,0),  (493,0),  (465,0),  (465,4),  (437,0),  (408,0),  (381,0),  (352,4),  (352,0),  (324,0),  (296,0),  (296,4),  (268,4),  (239,4),  (239,0),  (210,0),  (183,0),  (183,4),  (154,4),  (125,0),  (97,4),  (69,4),  (38,6),  (67,6),  (65,6),  (93,6),  (92,6),  (120,6),  (119,1),  (147,1),  (175,6),  (201,6),  (201,1),  (230,1),  (258,6),  (258,1),  (286,1),  (286,6),  (314,6),  (313,6),  (340,6),  (339,1),  (368,1),  (368,6),  (394,6),  (422,1),  (450,1),  (450,6),  (477,6),  (476,7), 


[Timing] Time passed: 200.282913 s

Posterior Probability: -482.3227913
Agreement with demo: 18%
Current angular diffs: 91'

Selected number of demos: 44

-- Positive Demos --
 (81,1),  (110,1),  (193,1),  (248,6),  (275,1),  (331,6),  (357,7),  (442,6),  (470,6),  (497,6),  (524,2),  (523,2),  (521,0),  (465,0),  (437,0),  (381,0),  (352,4),  (324,0),  (296,4),  (268,4),  (239,4),  (210,0),  (154,4),  (97,4),  (67,6),  (65,6),  (93,6),  (119,1),  (175,6),  (201,6),  (201,1),  (230,1),  (258,1),  (286,6),  (313,6),  (340,6),  (368,1),  (394,6),  (450,1),  (450,6),  (476,7), 


[Timing] Time passed: 181.96612 s

Posterior Probability: -118.3780768
Agreement with demo: 10%
Current angular diffs: 96'

Selected number of demos: 89

-- Positive Demos --
 (83,6),  (81,1),  (110,7),  (110,1),  (165,6),  (193,1),  (220,1),  (248,6),  (276,6),  (275,1),  (303,1),  (331,6),  (357,1),  (357,7),  (386,1),  (414,1),  (442,6),  (470,6),  (497,6),  (524,2),  (523,2),  (522,2),  (521,0),  (493,0),  (465,0),  (465,4),  (437,0),  (408,0),  (381,0),  (352,4),  (352,0),  (324,0),  (296,0),  (296,4),  (268,4),  (239,4),  (239,0),  (210,0),  (183,0),  (183,4),  (154,4),  (125,0),  (97,4),  (69,4),  (38,6),  (67,6),  (65,6),  (93,6),  (92,6),  (120,6),  (119,1),  (147,1),  (175,6),  (201,6),  (201,1),  (230,1),  (258,6),  (258,1),  (286,1),  (286,6),  (314,6),  (313,6),  (340,6),  (339,1),  (368,1),  (368,6),  (394,6),  (422,1),  (450,1),  (450,6),  (477,6),  (476,7), 


[Timing] Time passed: 205.51969 s

Posterior Probability: -435.7251173
Agreement with demo: 12%
Current angular diffs: 87'

Selected number of demos: 46

-- Positive Demos --
 (81,1),  (110,1),  (193,1),  (220,1),  (248,6),  (276,6),  (303,1),  (331,6),  (357,1),  (386,1),  (414,1),  (442,6),  (470,6),  (524,2),  (523,2),  (522,2),  (521,0),  (465,0),  (408,0),  (352,4),  (324,0),  (268,4),  (210,0),  (154,4),  (125,0),  (69,4),  (65,6),  (93,6),  (119,1),  (147,1),  (175,6),  (201,6),  (201,1),  (230,1),  (258,6),  (258,1),  (286,6),  (313,6),  (340,6),  (339,1),  (368,6),  (394,6),  (422,1),  (450,1),  (450,6),  (476,7), 


[Timing] Time passed: 198.902783 s

Posterior Probability: -580.5739915
Agreement with demo: 17%
Current angular diffs: 88'

Selected number of demos: 58

-- Positive Demos --
 (81,1),  (110,7),  (165,6),  (193,1),  (220,1),  (276,6),  (275,1),  (331,6),  (357,1),  (386,1),  (414,1),  (442,6),  (470,6),  (497,6),  (524,2),  (523,2),  (521,0),  (493,0),  (465,0),  (437,0),  (408,0),  (352,4),  (324,0),  (296,4),  (239,4),  (210,0),  (183,0),  (154,4),  (125,0),  (97,4),  (38,6),  (67,6),  (65,6),  (93,6),  (92,6),  (119,1),  (147,1),  (175,6),  (201,6),  (201,1),  (230,1),  (258,1),  (286,1),  (314,6),  (340,6),  (339,1),  (368,6),  (394,6),  (422,1),  (450,6),  (477,6),  (476,7), 


[Timing] Time passed: 199.231717 s

Posterior Probability: -410.2528836
Agreement with demo: 19%
Current angular diffs: 87'

Selected number of demos: 58

-- Positive Demos --
 (81,1),  (110,1),  (165,6),  (220,1),  (248,6),  (275,1),  (331,6),  (357,1),  (357,7),  (386,1),  (414,1),  (470,6),  (497,6),  (524,2),  (523,2),  (522,2),  (493,0),  (465,0),  (465,4),  (408,0),  (352,4),  (324,0),  (296,0),  (268,4),  (239,4),  (210,0),  (183,4),  (154,4),  (125,0),  (97,4),  (38,6),  (65,6),  (93,6),  (92,6),  (119,1),  (147,1),  (175,6),  (201,6),  (201,1),  (230,1),  (258,1),  (286,1),  (314,6),  (340,6),  (339,1),  (368,6),  (394,6),  (422,1),  (450,6),  (477,6), 


[Timing] Time passed: 205.495513 s

Posterior Probability: -506.8379034
Agreement with demo: 13%
Current angular diffs: 92'

Selected number of demos: 36

-- Positive Demos --
 (110,1),  (220,1),  (276,6),  (275,1),  (357,1),  (357,7),  (414,1),  (497,6),  (523,2),  (493,0),  (465,0),  (437,0),  (408,0),  (352,4),  (296,0),  (239,0),  (183,0),  (183,4),  (125,0),  (97,4),  (65,6),  (93,6),  (92,6),  (119,1),  (147,1),  (201,1),  (230,1),  (258,1),  (286,1),  (313,6),  (339,1),  (368,1),  (394,6),  (450,6),  (477,6),  (476,7), 


[Timing] Time passed: 189.577278 s

Posterior Probability: -120.2403589
Agreement with demo: 9.2%
Current angular diffs: 88'

Selected number of demos: 27

-- Positive Demos --
 (81,1),  (193,1),  (220,1),  (303,1),  (357,1),  (357,7),  (414,1),  (497,6),  (523,2),  (522,2),  (465,0),  (381,0),  (352,4),  (268,4),  (183,0),  (154,4),  (125,0),  (67,6),  (93,6),  (92,6),  (147,1),  (175,6),  (258,6),  (258,1),  (314,6),  (368,6),  (450,1), 


[Timing] Time passed: 199.734792 s

Posterior Probability: -204.6258411
Agreement with demo: 20%
Current angular diffs: 90'

Selected number of demos: 31

-- Positive Demos --
 (165,6),  (193,1),  (220,1),  (331,6),  (386,1),  (442,6),  (497,6),  (523,2),  (493,0),  (465,0),  (437,0),  (408,0),  (324,0),  (268,4),  (239,0),  (183,4),  (97,4),  (38,6),  (93,6),  (119,1),  (147,1),  (201,6),  (230,1),  (286,6),  (314,6),  (339,1),  (368,6),  (394,6),  (477,6), 


[Timing] Time passed: 192.599777 s

Posterior Probability: -98.18045558
Agreement with demo: 16%
Current angular diffs: 93'

Selected number of demos: 30

-- Positive Demos --
 (110,1),  (193,1),  (220,1),  (276,6),  (275,1),  (331,6),  (414,1),  (470,6),  (497,6),  (523,2),  (522,2),  (465,4),  (381,0),  (296,4),  (239,4),  (183,0),  (125,0),  (67,6),  (65,6),  (93,6),  (147,1),  (175,6),  (230,1),  (258,1),  (340,6),  (368,6),  (422,1),  (450,1),  (476,7), 


[Timing] Time passed: 196.285817 s

Posterior Probability: -295.4631798
Agreement with demo: 23%
Current angular diffs: 85'

Selected number of demos: 31

-- Positive Demos --
 (110,7),  (165,6),  (220,1),  (248,6),  (331,6),  (357,7),  (386,1),  (470,6),  (497,6),  (522,2),  (521,0),  (465,4),  (381,0),  (352,4),  (296,4),  (239,4),  (239,0),  (154,4),  (97,4),  (38,6),  (93,6),  (147,1),  (201,6),  (258,6),  (314,6),  (340,6),  (368,1),  (394,6),  (422,1),  (450,1), 


[Timing] Time passed: 191.071264 s

Posterior Probability: -65.83378139
Agreement with demo: 12%
Current angular diffs: 93'

Selected number of demos: 34

-- Positive Demos --
 (81,1),  (165,6),  (248,6),  (276,6),  (331,6),  (414,1),  (442,6),  (524,2),  (493,0),  (465,4),  (408,0),  (352,0),  (268,4),  (239,0),  (154,4),  (125,0),  (38,6),  (67,6),  (65,6),  (93,6),  (92,6),  (147,1),  (201,6),  (258,1),  (286,1),  (314,6),  (339,1),  (394,6),  (422,1),  (450,6),  (477,6), 


[Timing] Time passed: 192.18397 s

Posterior Probability: -119.7738061
Agreement with demo: 10%
Current angular diffs: 98'

Selected number of demos: 33

-- Positive Demos --
 (110,7),  (110,1),  (165,6),  (220,1),  (276,6),  (331,6),  (414,1),  (497,6),  (523,2),  (521,0),  (465,4),  (408,0),  (352,4),  (324,0),  (268,4),  (239,0),  (183,0),  (125,0),  (97,4),  (38,6),  (93,6),  (119,1),  (147,1),  (201,6),  (201,1),  (230,1),  (258,6),  (286,6),  (339,1),  (368,6),  (394,6),  (450,6), 


[Timing] Time passed: 196.350305 s

Posterior Probability: -204.9194084
Agreement with demo: 13%
Current angular diffs: 90'

Selected number of demos: 35

-- Positive Demos --
 (81,1),  (165,6),  (248,6),  (331,6),  (386,1),  (442,6),  (497,6),  (524,2),  (522,2),  (493,0),  (437,0),  (381,0),  (324,0),  (296,4),  (268,4),  (210,0),  (183,4),  (125,0),  (69,4),  (38,6),  (93,6),  (120,6),  (147,1),  (201,6),  (230,1),  (258,1),  (313,6),  (340,6),  (368,1),  (368,6),  (422,1),  (450,1),  (476,7), 


[Timing] Time passed: 197.788477 s

Posterior Probability: -119.5513914
Agreement with demo: 18%
Current angular diffs: 95'

Selected number of demos: 28

-- Positive Demos --
 (110,1),  (165,6),  (220,1),  (331,6),  (414,1),  (524,2),  (523,2),  (493,0),  (408,0),  (296,0),  (210,0),  (183,0),  (125,0),  (97,4),  (65,6),  (93,6),  (119,1),  (175,6),  (201,1),  (230,1),  (258,1),  (286,1),  (340,6),  (339,1),  (422,1),  (477,6), 


[Timing] Time passed: 195.736318 s

Posterior Probability: -365.2471125
Agreement with demo: 18%
Current angular diffs: 90'

Selected number of demos: 28

-- Positive Demos --
 (110,1),  (220,1),  (276,6),  (275,1),  (357,7),  (497,6),  (524,2),  (523,2),  (465,0),  (408,0),  (381,0),  (352,4),  (296,0),  (239,0),  (154,4),  (125,0),  (67,6),  (93,6),  (120,6),  (147,1),  (175,6),  (230,1),  (286,1),  (339,1),  (394,6),  (450,6),  (477,6),  (476,7), 


[Timing] Time passed: 208.722446 s

Posterior Probability: -184.2569674
Agreement with demo: 16%
Current angular diffs: 92'

Selected number of demos: 89

-- Positive Demos --
 (83,6),  (81,1),  (110,7),  (110,1),  (165,6),  (193,1),  (220,1),  (248,6),  (276,6),  (275,1),  (303,1),  (331,6),  (357,1),  (357,7),  (386,1),  (414,1),  (442,6),  (470,6),  (497,6),  (524,2),  (523,2),  (522,2),  (521,0),  (493,0),  (465,0),  (465,4),  (437,0),  (408,0),  (381,0),  (352,4),  (352,0),  (324,0),  (296,0),  (296,4),  (268,4),  (239,4),  (239,0),  (210,0),  (183,0),  (183,4),  (154,4),  (125,0),  (97,4),  (69,4),  (38,6),  (67,6),  (65,6),  (93,6),  (92,6),  (120,6),  (119,1),  (147,1),  (175,6),  (201,6),  (201,1),  (230,1),  (258,6),  (258,1),  (286,1),  (286,6),  (314,6),  (313,6),  (340,6),  (339,1),  (368,1),  (368,6),  (394,6),  (422,1),  (450,1),  (450,6),  (477,6),  (476,7), 


[Timing] Time passed: 223.542349 s

Posterior Probability: -692.1687473
Agreement with demo: 19%
Current angular diffs: 94'

Selected number of demos: 59

-- Positive Demos --
 (83,6),  (110,7),  (165,6),  (193,1),  (220,1),  (276,6),  (303,1),  (331,6),  (357,7),  (386,1),  (414,1),  (470,6),  (497,6),  (524,2),  (523,2),  (522,2),  (493,0),  (465,0),  (437,0),  (408,0),  (381,0),  (352,4),  (352,0),  (296,0),  (268,4),  (239,4),  (239,0),  (183,0),  (183,4),  (154,4),  (125,0),  (97,4),  (69,4),  (67,6),  (65,6),  (93,6),  (92,6),  (119,1),  (147,1),  (175,6),  (201,6),  (201,1),  (230,1),  (258,6),  (286,1),  (314,6),  (340,6),  (368,1),  (368,6),  (394,6),  (422,1),  (450,1),  (477,6), 


[Timing] Time passed: 198.320913 s

Posterior Probability: -733.4772453
Agreement with demo: 19%
Current angular diffs: 82'

Selected number of demos: 89

-- Positive Demos --
 (83,6),  (81,1),  (110,7),  (110,1),  (165,6),  (193,1),  (220,1),  (248,6),  (276,6),  (275,1),  (303,1),  (331,6),  (357,1),  (357,7),  (386,1),  (414,1),  (442,6),  (470,6),  (497,6),  (524,2),  (523,2),  (522,2),  (521,0),  (493,0),  (465,0),  (465,4),  (437,0),  (408,0),  (381,0),  (352,4),  (352,0),  (324,0),  (296,0),  (296,4),  (268,4),  (239,4),  (239,0),  (210,0),  (183,0),  (183,4),  (154,4),  (125,0),  (97,4),  (69,4),  (38,6),  (67,6),  (65,6),  (93,6),  (92,6),  (120,6),  (119,1),  (147,1),  (175,6),  (201,6),  (201,1),  (230,1),  (258,6),  (258,1),  (286,1),  (286,6),  (314,6),  (313,6),  (340,6),  (339,1),  (368,1),  (368,6),  (394,6),  (422,1),  (450,1),  (450,6),  (477,6),  (476,7), 


[Timing] Time passed: 197.206358 s

Posterior Probability: -180.4825762
Agreement with demo: 12%
Current angular diffs: 93'

Selected number of demos: 30

-- Positive Demos --
 (83,6),  (110,7),  (165,6),  (220,1),  (276,6),  (331,6),  (414,1),  (470,6),  (524,2),  (522,2),  (521,0),  (493,0),  (437,0),  (408,0),  (381,0),  (296,4),  (183,0),  (154,4),  (97,4),  (69,4),  (65,6),  (120,6),  (147,1),  (201,6),  (258,1),  (314,6),  (340,6),  (394,6),  (450,6), 


[Timing] Time passed: 209.267133 s

Posterior Probability: -93.7338763
Agreement with demo: 12%
Current angular diffs: 93'

Selected number of demos: 89

-- Positive Demos --
 (83,6),  (81,1),  (110,7),  (110,1),  (165,6),  (193,1),  (220,1),  (248,6),  (276,6),  (275,1),  (303,1),  (331,6),  (357,1),  (357,7),  (386,1),  (414,1),  (442,6),  (470,6),  (497,6),  (524,2),  (523,2),  (522,2),  (521,0),  (493,0),  (465,0),  (465,4),  (437,0),  (408,0),  (381,0),  (352,4),  (352,0),  (324,0),  (296,0),  (296,4),  (268,4),  (239,4),  (239,0),  (210,0),  (183,0),  (183,4),  (154,4),  (125,0),  (97,4),  (69,4),  (38,6),  (67,6),  (65,6),  (93,6),  (92,6),  (120,6),  (119,1),  (147,1),  (175,6),  (201,6),  (201,1),  (230,1),  (258,6),  (258,1),  (286,1),  (286,6),  (314,6),  (313,6),  (340,6),  (339,1),  (368,1),  (368,6),  (394,6),  (422,1),  (450,1),  (450,6),  (477,6),  (476,7), 


[Timing] Time passed: 207.255675 s

Posterior Probability: -408.1514463
Agreement with demo: 14%
Current angular diffs: 93'

Selected number of demos: 43

-- Positive Demos --
 (83,6),  (110,7),  (110,1),  (165,6),  (220,1),  (275,1),  (331,6),  (357,7),  (386,1),  (442,6),  (497,6),  (523,2),  (521,0),  (465,4),  (408,0),  (352,0),  (324,0),  (296,4),  (239,4),  (183,0),  (154,4),  (125,0),  (69,4),  (67,6),  (65,6),  (93,6),  (92,6),  (147,1),  (175,6),  (201,1),  (258,6),  (286,1),  (314,6),  (340,6),  (368,1),  (368,6),  (422,1),  (450,1),  (477,6), 


[Timing] Time passed: 207.076186 s

Posterior Probability: -229.87442
Agreement with demo: 16%
Current angular diffs: 92'

Selected number of demos: 89

-- Positive Demos --
 (83,6),  (81,1),  (110,7),  (110,1),  (165,6),  (193,1),  (220,1),  (248,6),  (276,6),  (275,1),  (303,1),  (331,6),  (357,1),  (357,7),  (386,1),  (414,1),  (442,6),  (470,6),  (497,6),  (524,2),  (523,2),  (522,2),  (521,0),  (493,0),  (465,0),  (465,4),  (437,0),  (408,0),  (381,0),  (352,4),  (352,0),  (324,0),  (296,0),  (296,4),  (268,4),  (239,4),  (239,0),  (210,0),  (183,0),  (183,4),  (154,4),  (125,0),  (97,4),  (69,4),  (38,6),  (67,6),  (65,6),  (93,6),  (92,6),  (120,6),  (119,1),  (147,1),  (175,6),  (201,6),  (201,1),  (230,1),  (258,6),  (258,1),  (286,1),  (286,6),  (314,6),  (313,6),  (340,6),  (339,1),  (368,1),  (368,6),  (394,6),  (422,1),  (450,1),  (450,6),  (477,6),  (476,7), 


[Timing] Time passed: 213.961631 s

Posterior Probability: -179.0821145
Agreement with demo: 18%
Current angular diffs: 97'

Selected number of demos: 30

-- Positive Demos --
 (110,1),  (220,1),  (276,6),  (331,6),  (386,1),  (414,1),  (442,6),  (524,2),  (523,2),  (493,0),  (408,0),  (381,0),  (324,0),  (239,4),  (210,0),  (154,4),  (97,4),  (67,6),  (93,6),  (147,1),  (175,6),  (230,1),  (258,6),  (286,6),  (340,6),  (394,6),  (422,1),  (477,6),  (476,7), 


[Timing] Time passed: 193.286029 s

Posterior Probability: -138.7520183
Agreement with demo: 17%
Current angular diffs: 88'

Selected number of demos: 89

-- Positive Demos --
 (83,6),  (81,1),  (110,7),  (110,1),  (165,6),  (193,1),  (220,1),  (248,6),  (276,6),  (275,1),  (303,1),  (331,6),  (357,1),  (357,7),  (386,1),  (414,1),  (442,6),  (470,6),  (497,6),  (524,2),  (523,2),  (522,2),  (521,0),  (493,0),  (465,0),  (465,4),  (437,0),  (408,0),  (381,0),  (352,4),  (352,0),  (324,0),  (296,0),  (296,4),  (268,4),  (239,4),  (239,0),  (210,0),  (183,0),  (183,4),  (154,4),  (125,0),  (97,4),  (69,4),  (38,6),  (67,6),  (65,6),  (93,6),  (92,6),  (120,6),  (119,1),  (147,1),  (175,6),  (201,6),  (201,1),  (230,1),  (258,6),  (258,1),  (286,1),  (286,6),  (314,6),  (313,6),  (340,6),  (339,1),  (368,1),  (368,6),  (394,6),  (422,1),  (450,1),  (450,6),  (477,6),  (476,7), 


[Timing] Time passed: 211.112518 s

Posterior Probability: -320.6701939
Agreement with demo: 12%
Current angular diffs: 98'

Selected number of demos: 25

-- Positive Demos --
 (81,1),  (165,6),  (220,1),  (331,6),  (414,1),  (470,6),  (523,2),  (522,2),  (437,0),  (352,4),  (268,4),  (183,0),  (154,4),  (38,6),  (93,6),  (147,1),  (201,1),  (230,1),  (286,6),  (340,6),  (368,6),  (394,6),  (450,1),  (477,6),  (476,7), 


[Timing] Time passed: 215.51482 s

Posterior Probability: -352.9614804
Agreement with demo: 18%
Current angular diffs: 88'

Selected number of demos: 45

-- Positive Demos --
 (110,7),  (165,6),  (220,1),  (276,6),  (303,1),  (331,6),  (357,7),  (442,6),  (497,6),  (524,2),  (523,2),  (522,2),  (493,0),  (465,0),  (465,4),  (408,0),  (381,0),  (352,4),  (324,0),  (296,4),  (268,4),  (210,0),  (183,4),  (154,4),  (125,0),  (69,4),  (67,6),  (93,6),  (120,6),  (119,1),  (175,6),  (201,6),  (230,1),  (258,6),  (286,1),  (314,6),  (340,6),  (368,1),  (394,6),  (422,1),  (450,1),  (477,6), 


[Timing] Time passed: 206.5511 s

Posterior Probability: -142.1176765
Agreement with demo: 8.3%
Current angular diffs: 94'

-----------------------------
Avg angular diffs: 82'
-- learned weights --
Feature Weights: 0.20275, -0.1425, 0.41025, -0.1, 
