loading features...

Initializing gridworld of size 28 by 22..
    Num states: 616
    Num actions: 8

Total number of demos: 94

Selected number of demos: 48

-- Positive Demos --
 (537,3),  (538,3),  (539,3),  (540,3),  (542,3),  (544,3),  (546,3),  (521,3),  (523,3),  (524,3),  (498,5),  (499,5),  (472,5),  (444,0),  (415,4),  (414,0),  (387,0),  (358,4),  (329,2),  (299,2),  (298,2),  (297,2),  (268,4),  (268,2),  (266,2),  (236,4),  (234,2),  (232,2),  (201,2),  (172,4),  (142,4),  (113,0),  (113,5),  (87,5),  (61,3),  (64,3),  (36,3),  (68,3),  (40,3),  (41,3),  (72,3),  (44,3),  (46,3),  (75,3),  (49,3),  (50,3),  (27,3), 


[Timing] Time passed: 202.020055 s

Posterior Probability: -197.6797314
Agreement with demo: 19%
Current angular diffs: 80'

Selected number of demos: 67

-- Positive Demos --
 (538,3),  (539,3),  (540,3),  (541,5),  (542,3),  (543,3),  (544,3),  (546,3),  (520,3),  (521,3),  (523,3),  (523,5),  (524,3),  (526,3),  (498,5),  (499,5),  (471,5),  (472,5),  (444,0),  (415,4),  (414,0),  (387,0),  (358,0),  (330,4),  (330,2),  (329,2),  (300,4),  (299,2),  (298,2),  (297,2),  (268,4),  (268,2),  (267,2),  (266,2),  (265,2),  (236,4),  (234,2),  (233,2),  (203,4),  (201,2),  (172,4),  (171,4),  (142,4),  (113,0),  (113,5),  (86,3),  (60,5),  (60,3),  (62,3),  (64,3),  (35,3),  (66,3),  (68,3),  (40,3),  (71,3),  (44,3),  (46,3),  (75,3),  (48,3),  (49,7),  (50,3),  (53,5),  (27,3), 


[Timing] Time passed: 194.749179 s

Posterior Probability: -432.128008
Agreement with demo: 7.4%
Current angular diffs: 98'

Selected number of demos: 32

-- Positive Demos --
 (540,3),  (545,3),  (519,3),  (520,3),  (523,5),  (499,5),  (472,5),  (444,0),  (415,4),  (330,4),  (330,2),  (299,2),  (297,2),  (268,2),  (265,2),  (236,4),  (233,2),  (203,4),  (171,4),  (113,0),  (86,3),  (60,5),  (63,3),  (67,3),  (71,3),  (72,3),  (44,3),  (75,3),  (50,3),  (53,5), 


[Timing] Time passed: 191.734804 s

Posterior Probability: -252.6946001
Agreement with demo: 7.4%
Current angular diffs: 96'

Selected number of demos: 61

-- Positive Demos --
 (537,3),  (538,3),  (539,3),  (540,3),  (542,3),  (544,3),  (545,3),  (519,3),  (520,3),  (521,3),  (523,3),  (523,5),  (525,3),  (498,5),  (499,5),  (471,5),  (444,5),  (415,4),  (387,0),  (358,4),  (330,4),  (329,2),  (329,4),  (299,2),  (298,2),  (268,4),  (268,2),  (266,2),  (265,2),  (235,2),  (233,2),  (232,2),  (203,4),  (201,2),  (172,4),  (171,4),  (142,4),  (113,0),  (113,5),  (86,3),  (60,5),  (60,3),  (62,3),  (64,3),  (35,3),  (36,3),  (66,3),  (68,3),  (40,3),  (71,3),  (72,3),  (45,3),  (75,3),  (48,3),  (49,7),  (50,3),  (53,5), 


[Timing] Time passed: 211.072152 s

Posterior Probability: -383.7385735
Agreement with demo: 6.5%
Current angular diffs: 94'

Selected number of demos: 94

-- Positive Demos --
 (537,3),  (538,3),  (539,3),  (540,3),  (541,5),  (542,3),  (543,3),  (544,3),  (545,3),  (546,3),  (519,3),  (520,3),  (521,3),  (549,3),  (523,3),  (523,5),  (524,3),  (525,3),  (526,3),  (498,5),  (499,5),  (471,5),  (472,5),  (444,5),  (444,0),  (415,4),  (414,0),  (387,0),  (358,0),  (358,4),  (330,4),  (330,2),  (329,2),  (329,4),  (300,4),  (299,2),  (298,2),  (297,2),  (268,4),  (268,2),  (267,2),  (266,2),  (265,2),  (236,4),  (235,2),  (234,2),  (233,2),  (232,2),  (203,4),  (202,2),  (201,2),  (200,2),  (172,4),  (171,4),  (142,4),  (113,0),  (113,5),  (86,3),  (87,5),  (60,5),  (60,3),  (61,3),  (62,3),  (63,3),  (64,3),  (35,3),  (36,3),  (66,3),  (67,3),  (68,3),  (40,3),  (41,3),  (71,3),  (72,3),  (44,3),  (45,3),  (46,3),  (75,3),  (47,3),  (48,3),  (49,3),  (49,7),  (50,3),  (52,3),  (53,5),  (27,3), 


[Timing] Time passed: 202.261905 s

Posterior Probability: -414.9932108
Agreement with demo: 8.3%
Current angular diffs: 94'

Selected number of demos: 34

-- Positive Demos --
 (537,3),  (538,3),  (542,3),  (545,3),  (549,3),  (525,3),  (499,5),  (471,5),  (444,5),  (415,4),  (387,0),  (330,2),  (329,4),  (299,2),  (268,4),  (265,2),  (233,2),  (203,4),  (202,2),  (171,4),  (142,4),  (113,5),  (60,3),  (62,3),  (64,3),  (67,3),  (68,3),  (41,3),  (72,3),  (44,3),  (47,3),  (49,7),  (50,3),  (27,3), 


[Timing] Time passed: 192.848644 s

Posterior Probability: -72.06915839
Agreement with demo: 10%
Current angular diffs: 95'

Selected number of demos: 46

-- Positive Demos --
 (537,3),  (538,3),  (540,3),  (543,3),  (546,3),  (520,3),  (549,3),  (523,3),  (525,3),  (498,5),  (499,5),  (472,5),  (444,0),  (415,4),  (414,0),  (387,0),  (330,4),  (330,2),  (329,4),  (299,2),  (268,4),  (267,2),  (265,2),  (234,2),  (233,2),  (232,2),  (202,2),  (201,2),  (171,4),  (113,0),  (113,5),  (86,3),  (87,5),  (61,3),  (62,3),  (64,3),  (66,3),  (40,3),  (71,3),  (44,3),  (75,3),  (48,3),  (50,3),  (52,3), 


[Timing] Time passed: 201.475994 s

Posterior Probability: -170.8326851
Agreement with demo: 8.3%
Current angular diffs: 93'

Selected number of demos: 37

-- Positive Demos --
 (537,3),  (540,3),  (542,3),  (543,3),  (544,3),  (546,3),  (520,3),  (523,5),  (498,5),  (499,5),  (444,0),  (387,0),  (358,0),  (330,4),  (300,4),  (299,2),  (297,2),  (267,2),  (266,2),  (236,4),  (232,2),  (202,2),  (171,4),  (142,4),  (113,0),  (87,5),  (61,3),  (35,3),  (66,3),  (67,3),  (41,3),  (45,3),  (46,3),  (75,3),  (48,3),  (49,3),  (27,3), 


[Timing] Time passed: 199.883817 s

Posterior Probability: -88.18140233
Agreement with demo: 11%
Current angular diffs: 85'

Selected number of demos: 35

-- Positive Demos --
 (539,3),  (544,3),  (520,3),  (521,3),  (523,5),  (525,3),  (471,5),  (444,0),  (415,4),  (358,0),  (329,4),  (300,4),  (297,2),  (268,4),  (267,2),  (236,4),  (235,2),  (202,2),  (201,2),  (171,4),  (113,5),  (86,3),  (60,3),  (61,3),  (62,3),  (63,3),  (64,3),  (67,3),  (40,3),  (71,3),  (75,3),  (47,3),  (50,3),  (53,5), 


[Timing] Time passed: 197.890148 s

Posterior Probability: -147.4723123
Agreement with demo: 11%
Current angular diffs: 85'

Selected number of demos: 38

-- Positive Demos --
 (539,3),  (540,3),  (543,3),  (544,3),  (545,3),  (521,3),  (523,5),  (526,3),  (498,5),  (499,5),  (444,0),  (415,4),  (414,0),  (387,0),  (358,4),  (330,2),  (300,4),  (298,2),  (297,2),  (268,4),  (265,2),  (235,2),  (233,2),  (201,2),  (171,4),  (113,0),  (87,5),  (60,3),  (61,3),  (64,3),  (35,3),  (67,3),  (71,3),  (44,3),  (75,3),  (47,3),  (49,7),  (52,3), 


[Timing] Time passed: 199.071914 s

Posterior Probability: -196.009873
Agreement with demo: 11%
Current angular diffs: 92'

Selected number of demos: 57

-- Positive Demos --
 (538,3),  (539,3),  (540,3),  (542,3),  (543,3),  (544,3),  (546,3),  (520,3),  (521,3),  (523,3),  (524,3),  (525,3),  (526,3),  (499,5),  (471,5),  (444,5),  (444,0),  (415,4),  (414,0),  (358,0),  (330,4),  (329,2),  (300,4),  (299,2),  (297,2),  (268,2),  (266,2),  (265,2),  (236,4),  (234,2),  (233,2),  (203,4),  (201,2),  (200,2),  (171,4),  (142,4),  (113,0),  (86,3),  (60,5),  (60,3),  (62,3),  (64,3),  (36,3),  (66,3),  (68,3),  (41,3),  (71,3),  (44,3),  (45,3),  (46,3),  (47,3),  (49,3),  (50,3),  (52,3),  (27,3), 


[Timing] Time passed: 202.077532 s

Posterior Probability: -785.7776931
Agreement with demo: 8.3%
Current angular diffs: 87'

Selected number of demos: 33

-- Positive Demos --
 (539,3),  (540,3),  (544,3),  (545,3),  (521,3),  (524,3),  (498,5),  (499,5),  (472,5),  (415,4),  (358,0),  (358,4),  (329,4),  (299,2),  (268,4),  (267,2),  (235,2),  (203,4),  (201,2),  (172,4),  (142,4),  (86,3),  (61,3),  (35,3),  (66,3),  (41,3),  (71,3),  (44,3),  (47,3),  (49,7),  (27,3), 


[Timing] Time passed: 191.672482 s

Posterior Probability: -241.5246643
Agreement with demo: 10%
Current angular diffs: 95'

Selected number of demos: 49

-- Positive Demos --
 (537,3),  (538,3),  (539,3),  (540,3),  (542,3),  (543,3),  (545,3),  (546,3),  (521,3),  (549,3),  (524,3),  (498,5),  (499,5),  (472,5),  (444,0),  (414,0),  (387,0),  (358,0),  (330,4),  (330,2),  (329,4),  (299,2),  (298,2),  (268,2),  (266,2),  (265,2),  (234,2),  (232,2),  (201,2),  (200,2),  (171,4),  (113,0),  (113,5),  (87,5),  (61,3),  (63,3),  (36,3),  (66,3),  (67,3),  (41,3),  (71,3),  (44,3),  (46,3),  (75,3),  (49,3),  (49,7),  (50,3),  (53,5), 


[Timing] Time passed: 215.23545 s

Posterior Probability: -190.6716249
Agreement with demo: 13%
Current angular diffs: 95'

Selected number of demos: 94

-- Positive Demos --
 (537,3),  (538,3),  (539,3),  (540,3),  (541,5),  (542,3),  (543,3),  (544,3),  (545,3),  (546,3),  (519,3),  (520,3),  (521,3),  (549,3),  (523,3),  (523,5),  (524,3),  (525,3),  (526,3),  (498,5),  (499,5),  (471,5),  (472,5),  (444,5),  (444,0),  (415,4),  (414,0),  (387,0),  (358,0),  (358,4),  (330,4),  (330,2),  (329,2),  (329,4),  (300,4),  (299,2),  (298,2),  (297,2),  (268,4),  (268,2),  (267,2),  (266,2),  (265,2),  (236,4),  (235,2),  (234,2),  (233,2),  (232,2),  (203,4),  (202,2),  (201,2),  (200,2),  (172,4),  (171,4),  (142,4),  (113,0),  (113,5),  (86,3),  (87,5),  (60,5),  (60,3),  (61,3),  (62,3),  (63,3),  (64,3),  (35,3),  (36,3),  (66,3),  (67,3),  (68,3),  (40,3),  (41,3),  (71,3),  (72,3),  (44,3),  (45,3),  (46,3),  (75,3),  (47,3),  (48,3),  (49,3),  (49,7),  (50,3),  (52,3),  (53,5),  (27,3), 


[Timing] Time passed: 203.768349 s

Posterior Probability: -269.9240679
Agreement with demo: 11%
Current angular diffs: 87'

Selected number of demos: 43

-- Positive Demos --
 (539,3),  (541,5),  (542,3),  (544,3),  (546,3),  (521,3),  (523,5),  (525,3),  (498,5),  (499,5),  (471,5),  (444,0),  (414,0),  (387,0),  (330,4),  (330,2),  (329,2),  (300,4),  (299,2),  (268,4),  (268,2),  (266,2),  (235,2),  (232,2),  (201,2),  (172,4),  (171,4),  (113,0),  (113,5),  (86,3),  (87,5),  (60,5),  (62,3),  (35,3),  (67,3),  (40,3),  (71,3),  (44,3),  (75,3),  (49,3),  (52,3),  (27,3), 


[Timing] Time passed: 202.363392 s

Posterior Probability: -299.5482393
Agreement with demo: 9.3%
Current angular diffs: 91'

Selected number of demos: 35

-- Positive Demos --
 (539,3),  (541,5),  (544,3),  (519,3),  (523,3),  (526,3),  (498,5),  (499,5),  (444,5),  (415,4),  (358,0),  (358,4),  (330,2),  (300,4),  (298,2),  (268,4),  (265,2),  (235,2),  (232,2),  (202,2),  (171,4),  (142,4),  (86,3),  (61,3),  (35,3),  (67,3),  (41,3),  (44,3),  (75,3),  (48,3),  (49,3),  (49,7),  (50,3), 


[Timing] Time passed: 220.232737 s

Posterior Probability: -122.7902306
Agreement with demo: 11%
Current angular diffs: 95'

Selected number of demos: 39

-- Positive Demos --
 (537,3),  (539,3),  (542,3),  (543,3),  (519,3),  (520,3),  (523,5),  (525,3),  (498,5),  (499,5),  (472,5),  (415,4),  (358,0),  (329,2),  (299,2),  (268,2),  (236,4),  (233,2),  (202,2),  (171,4),  (142,4),  (113,5),  (87,5),  (60,3),  (61,3),  (63,3),  (35,3),  (36,3),  (67,3),  (40,3),  (71,3),  (46,3),  (47,3),  (49,3),  (49,7),  (50,3),  (27,3), 


[Timing] Time passed: 206.85047 s

Posterior Probability: -492.1853507
Agreement with demo: 13%
Current angular diffs: 83'

Selected number of demos: 42

-- Positive Demos --
 (538,3),  (539,3),  (541,5),  (542,3),  (543,3),  (545,3),  (519,3),  (520,3),  (521,3),  (523,5),  (525,3),  (498,5),  (471,5),  (472,5),  (444,5),  (415,4),  (414,0),  (358,4),  (330,4),  (329,4),  (299,2),  (268,4),  (268,2),  (265,2),  (236,4),  (233,2),  (202,2),  (172,4),  (142,4),  (113,5),  (87,5),  (60,5),  (62,3),  (35,3),  (66,3),  (40,3),  (71,3),  (44,3),  (45,3),  (47,3),  (49,7),  (53,5), 


[Timing] Time passed: 197.867583 s

Posterior Probability: -383.0519457
Agreement with demo: 12%
Current angular diffs: 88'

Selected number of demos: 40

-- Positive Demos --
 (539,3),  (543,3),  (545,3),  (519,3),  (549,3),  (524,3),  (499,5),  (471,5),  (472,5),  (444,5),  (414,0),  (387,0),  (358,4),  (329,4),  (299,2),  (297,2),  (266,2),  (236,4),  (233,2),  (203,4),  (202,2),  (200,2),  (172,4),  (142,4),  (113,0),  (86,3),  (87,5),  (62,3),  (35,3),  (68,3),  (71,3),  (44,3),  (45,3),  (46,3),  (75,3),  (49,3),  (49,7),  (50,3), 


[Timing] Time passed: 196.891413 s

Posterior Probability: -110.7508995
Agreement with demo: 10%
Current angular diffs: 92'

Selected number of demos: 39

-- Positive Demos --
 (539,3),  (541,5),  (543,3),  (545,3),  (546,3),  (519,3),  (521,3),  (523,5),  (524,3),  (526,3),  (471,5),  (444,0),  (415,4),  (358,4),  (330,4),  (300,4),  (299,2),  (297,2),  (268,4),  (267,2),  (235,2),  (203,4),  (202,2),  (201,2),  (200,2),  (142,4),  (113,0),  (113,5),  (60,5),  (61,3),  (35,3),  (66,3),  (40,3),  (41,3),  (71,3),  (46,3),  (47,3),  (50,3), 


[Timing] Time passed: 203.561605 s

Posterior Probability: -138.8034987
Agreement with demo: 14%
Current angular diffs: 90'

Selected number of demos: 66

-- Positive Demos --
 (538,3),  (539,3),  (540,3),  (541,5),  (542,3),  (543,3),  (545,3),  (519,3),  (520,3),  (521,3),  (549,3),  (523,3),  (524,3),  (525,3),  (526,3),  (498,5),  (499,5),  (472,5),  (444,0),  (415,4),  (414,0),  (358,0),  (358,4),  (330,4),  (329,2),  (300,4),  (299,2),  (297,2),  (268,4),  (267,2),  (266,2),  (265,2),  (236,4),  (235,2),  (234,2),  (233,2),  (232,2),  (202,2),  (200,2),  (172,4),  (171,4),  (142,4),  (113,0),  (113,5),  (86,3),  (60,5),  (60,3),  (61,3),  (63,3),  (64,3),  (35,3),  (36,3),  (66,3),  (67,3),  (40,3),  (71,3),  (44,3),  (45,3),  (75,3),  (47,3),  (49,3),  (50,3),  (52,3),  (27,3), 


[Timing] Time passed: 198.483273 s

Posterior Probability: -234.6010055
Agreement with demo: 10%
Current angular diffs: 88'

Selected number of demos: 58

-- Positive Demos --
 (538,3),  (539,3),  (540,3),  (542,3),  (543,3),  (545,3),  (519,3),  (521,3),  (523,3),  (524,3),  (525,3),  (526,3),  (499,5),  (472,5),  (444,5),  (444,0),  (415,4),  (387,0),  (358,0),  (330,4),  (329,2),  (300,4),  (299,2),  (298,2),  (268,4),  (267,2),  (266,2),  (265,2),  (236,4),  (234,2),  (232,2),  (202,2),  (200,2),  (171,4),  (142,4),  (113,5),  (86,3),  (60,5),  (61,3),  (63,3),  (35,3),  (66,3),  (68,3),  (40,3),  (71,3),  (72,3),  (45,3),  (75,3),  (47,3),  (48,3),  (49,7),  (50,3),  (52,3),  (53,5), 


[Timing] Time passed: 200.862042 s

Posterior Probability: -229.6721252
Agreement with demo: 7.4%
Current angular diffs: 1e+02'

Selected number of demos: 48

-- Positive Demos --
 (537,3),  (539,3),  (541,5),  (544,3),  (545,3),  (519,3),  (549,3),  (524,3),  (525,3),  (526,3),  (499,5),  (472,5),  (415,4),  (414,0),  (387,0),  (358,0),  (330,4),  (330,2),  (329,2),  (300,4),  (299,2),  (298,2),  (268,2),  (266,2),  (265,2),  (235,2),  (232,2),  (201,2),  (200,2),  (171,4),  (142,4),  (113,0),  (86,3),  (60,5),  (60,3),  (63,3),  (35,3),  (67,3),  (41,3),  (71,3),  (72,3),  (46,3),  (47,3),  (49,3),  (50,3),  (52,3), 


[Timing] Time passed: 198.713747 s

Posterior Probability: -292.294578
Agreement with demo: 10%
Current angular diffs: 94'

Selected number of demos: 32

-- Positive Demos --
 (537,3),  (541,5),  (542,3),  (519,3),  (521,3),  (523,5),  (524,3),  (499,5),  (472,5),  (414,0),  (330,4),  (329,4),  (300,4),  (297,2),  (268,2),  (265,2),  (236,4),  (234,2),  (201,2),  (142,4),  (87,5),  (60,5),  (64,3),  (36,3),  (68,3),  (71,3),  (44,3),  (48,3),  (50,3),  (53,5),  (27,3), 


[Timing] Time passed: 206.215278 s

Posterior Probability: -98.42283477
Agreement with demo: 12%
Current angular diffs: 85'

Selected number of demos: 32

-- Positive Demos --
 (539,3),  (540,3),  (544,3),  (546,3),  (521,3),  (524,3),  (499,5),  (471,5),  (472,5),  (414,0),  (358,0),  (330,4),  (300,4),  (298,2),  (266,2),  (265,2),  (232,2),  (202,2),  (171,4),  (142,4),  (86,3),  (61,3),  (63,3),  (66,3),  (40,3),  (72,3),  (44,3),  (47,3),  (49,3),  (49,7),  (27,3), 


[Timing] Time passed: 206.886931 s

Posterior Probability: -184.8849888
Agreement with demo: 7.4%
Current angular diffs: 1e+02'

Selected number of demos: 62

-- Positive Demos --
 (538,3),  (539,3),  (541,5),  (543,3),  (544,3),  (546,3),  (519,3),  (520,3),  (549,3),  (523,5),  (525,3),  (526,3),  (499,5),  (471,5),  (472,5),  (444,5),  (444,0),  (415,4),  (387,0),  (358,0),  (330,4),  (330,2),  (329,4),  (300,4),  (299,2),  (298,2),  (268,4),  (268,2),  (267,2),  (265,2),  (235,2),  (234,2),  (232,2),  (203,4),  (202,2),  (200,2),  (171,4),  (142,4),  (113,0),  (86,3),  (87,5),  (60,3),  (61,3),  (62,3),  (64,3),  (36,3),  (66,3),  (68,3),  (40,3),  (41,3),  (71,3),  (72,3),  (45,3),  (46,3),  (47,3),  (48,3),  (49,3),  (50,3),  (52,3),  (27,3), 


[Timing] Time passed: 201.576766 s

Posterior Probability: -392.7204396
Agreement with demo: 8.3%
Current angular diffs: 88'

Selected number of demos: 94

-- Positive Demos --
 (537,3),  (538,3),  (539,3),  (540,3),  (541,5),  (542,3),  (543,3),  (544,3),  (545,3),  (546,3),  (519,3),  (520,3),  (521,3),  (549,3),  (523,3),  (523,5),  (524,3),  (525,3),  (526,3),  (498,5),  (499,5),  (471,5),  (472,5),  (444,5),  (444,0),  (415,4),  (414,0),  (387,0),  (358,0),  (358,4),  (330,4),  (330,2),  (329,2),  (329,4),  (300,4),  (299,2),  (298,2),  (297,2),  (268,4),  (268,2),  (267,2),  (266,2),  (265,2),  (236,4),  (235,2),  (234,2),  (233,2),  (232,2),  (203,4),  (202,2),  (201,2),  (200,2),  (172,4),  (171,4),  (142,4),  (113,0),  (113,5),  (86,3),  (87,5),  (60,5),  (60,3),  (61,3),  (62,3),  (63,3),  (64,3),  (35,3),  (36,3),  (66,3),  (67,3),  (68,3),  (40,3),  (41,3),  (71,3),  (72,3),  (44,3),  (45,3),  (46,3),  (75,3),  (47,3),  (48,3),  (49,3),  (49,7),  (50,3),  (52,3),  (53,5),  (27,3), 


[Timing] Time passed: 201.546678 s

Posterior Probability: -247.8426784
Agreement with demo: 15%
Current angular diffs: 82'

Selected number of demos: 60

-- Positive Demos --
 (537,3),  (539,3),  (540,3),  (541,5),  (543,3),  (545,3),  (519,3),  (521,3),  (549,3),  (523,3),  (523,5),  (525,3),  (498,5),  (499,5),  (472,5),  (444,5),  (444,0),  (415,4),  (387,0),  (358,0),  (330,4),  (329,2),  (329,4),  (300,4),  (299,2),  (298,2),  (268,4),  (267,2),  (265,2),  (236,4),  (234,2),  (233,2),  (203,4),  (201,2),  (200,2),  (172,4),  (171,4),  (142,4),  (113,0),  (86,3),  (87,5),  (60,3),  (62,3),  (63,3),  (64,3),  (36,3),  (66,3),  (67,3),  (68,3),  (41,3),  (71,3),  (72,3),  (45,3),  (75,3),  (47,3),  (49,3),  (49,7),  (52,3),  (53,5), 


[Timing] Time passed: 230.548218 s

Posterior Probability: -313.9108616
Agreement with demo: 9.3%
Current angular diffs: 92'

Selected number of demos: 94

-- Positive Demos --
 (537,3),  (538,3),  (539,3),  (540,3),  (541,5),  (542,3),  (543,3),  (544,3),  (545,3),  (546,3),  (519,3),  (520,3),  (521,3),  (549,3),  (523,3),  (523,5),  (524,3),  (525,3),  (526,3),  (498,5),  (499,5),  (471,5),  (472,5),  (444,5),  (444,0),  (415,4),  (414,0),  (387,0),  (358,0),  (358,4),  (330,4),  (330,2),  (329,2),  (329,4),  (300,4),  (299,2),  (298,2),  (297,2),  (268,4),  (268,2),  (267,2),  (266,2),  (265,2),  (236,4),  (235,2),  (234,2),  (233,2),  (232,2),  (203,4),  (202,2),  (201,2),  (200,2),  (172,4),  (171,4),  (142,4),  (113,0),  (113,5),  (86,3),  (87,5),  (60,5),  (60,3),  (61,3),  (62,3),  (63,3),  (64,3),  (35,3),  (36,3),  (66,3),  (67,3),  (68,3),  (40,3),  (41,3),  (71,3),  (72,3),  (44,3),  (45,3),  (46,3),  (75,3),  (47,3),  (48,3),  (49,3),  (49,7),  (50,3),  (52,3),  (53,5),  (27,3), 


[Timing] Time passed: 218.584249 s

Posterior Probability: -537.0372666
Agreement with demo: 11%
Current angular diffs: 89'

Selected number of demos: 50

-- Positive Demos --
 (537,3),  (539,3),  (541,5),  (542,3),  (543,3),  (545,3),  (519,3),  (549,3),  (523,3),  (523,5),  (525,3),  (498,5),  (499,5),  (471,5),  (472,5),  (444,5),  (444,0),  (414,0),  (387,0),  (358,0),  (330,2),  (300,4),  (299,2),  (298,2),  (297,2),  (267,2),  (236,4),  (234,2),  (233,2),  (232,2),  (202,2),  (201,2),  (171,4),  (142,4),  (86,3),  (60,3),  (61,3),  (64,3),  (35,3),  (66,3),  (40,3),  (71,3),  (45,3),  (46,3),  (47,3),  (48,3),  (49,7),  (50,3),  (53,5), 


[Timing] Time passed: 209.363819 s

Posterior Probability: -177.4358082
Agreement with demo: 13%
Current angular diffs: 88'

Selected number of demos: 94

-- Positive Demos --
 (537,3),  (538,3),  (539,3),  (540,3),  (541,5),  (542,3),  (543,3),  (544,3),  (545,3),  (546,3),  (519,3),  (520,3),  (521,3),  (549,3),  (523,3),  (523,5),  (524,3),  (525,3),  (526,3),  (498,5),  (499,5),  (471,5),  (472,5),  (444,5),  (444,0),  (415,4),  (414,0),  (387,0),  (358,0),  (358,4),  (330,4),  (330,2),  (329,2),  (329,4),  (300,4),  (299,2),  (298,2),  (297,2),  (268,4),  (268,2),  (267,2),  (266,2),  (265,2),  (236,4),  (235,2),  (234,2),  (233,2),  (232,2),  (203,4),  (202,2),  (201,2),  (200,2),  (172,4),  (171,4),  (142,4),  (113,0),  (113,5),  (86,3),  (87,5),  (60,5),  (60,3),  (61,3),  (62,3),  (63,3),  (64,3),  (35,3),  (36,3),  (66,3),  (67,3),  (68,3),  (40,3),  (41,3),  (71,3),  (72,3),  (44,3),  (45,3),  (46,3),  (75,3),  (47,3),  (48,3),  (49,3),  (49,7),  (50,3),  (52,3),  (53,5),  (27,3), 


[Timing] Time passed: 211.921897 s

Posterior Probability: -407.3886492
Agreement with demo: 11%
Current angular diffs: 90'

Selected number of demos: 46

-- Positive Demos --
 (537,3),  (539,3),  (541,5),  (544,3),  (545,3),  (546,3),  (521,3),  (523,3),  (523,5),  (524,3),  (526,3),  (499,5),  (472,5),  (415,4),  (387,0),  (358,4),  (330,2),  (329,2),  (299,2),  (298,2),  (297,2),  (267,2),  (265,2),  (235,2),  (233,2),  (203,4),  (201,2),  (200,2),  (171,4),  (142,4),  (113,5),  (87,5),  (60,3),  (61,3),  (64,3),  (35,3),  (36,3),  (68,3),  (71,3),  (72,3),  (44,3),  (45,3),  (75,3),  (49,3),  (50,3),  (53,5), 


[Timing] Time passed: 208.858296 s

Posterior Probability: -207.8496728
Agreement with demo: 11%
Current angular diffs: 85'

Selected number of demos: 45

-- Positive Demos --
 (538,3),  (540,3),  (542,3),  (544,3),  (545,3),  (520,3),  (523,3),  (523,5),  (525,3),  (526,3),  (499,5),  (472,5),  (415,4),  (358,0),  (330,2),  (329,4),  (299,2),  (297,2),  (268,4),  (267,2),  (236,4),  (235,2),  (233,2),  (203,4),  (202,2),  (200,2),  (171,4),  (142,4),  (86,3),  (60,5),  (60,3),  (62,3),  (64,3),  (35,3),  (67,3),  (40,3),  (71,3),  (72,3),  (44,3),  (45,3),  (47,3),  (48,3),  (50,3),  (53,5), 


[Timing] Time passed: 201.458361 s

Posterior Probability: -584.2963685
Agreement with demo: 12%
Current angular diffs: 87'

Selected number of demos: 40

-- Positive Demos --
 (538,3),  (539,3),  (542,3),  (546,3),  (519,3),  (523,3),  (523,5),  (524,3),  (499,5),  (471,5),  (472,5),  (415,4),  (387,0),  (330,4),  (329,2),  (300,4),  (299,2),  (298,2),  (268,2),  (265,2),  (234,2),  (232,2),  (202,2),  (200,2),  (171,4),  (142,4),  (86,3),  (60,3),  (64,3),  (35,3),  (67,3),  (68,3),  (40,3),  (71,3),  (45,3),  (46,3),  (47,3),  (50,3),  (53,5),  (27,3), 


[Timing] Time passed: 207.446373 s

Posterior Probability: -208.5475143
Agreement with demo: 12%
Current angular diffs: 89'

Selected number of demos: 35

-- Positive Demos --
 (539,3),  (543,3),  (546,3),  (521,3),  (524,3),  (526,3),  (499,5),  (444,5),  (415,4),  (387,0),  (330,4),  (329,2),  (300,4),  (298,2),  (268,4),  (265,2),  (233,2),  (232,2),  (201,2),  (200,2),  (171,4),  (142,4),  (86,3),  (60,3),  (61,3),  (63,3),  (36,3),  (40,3),  (71,3),  (45,3),  (75,3),  (47,3),  (49,7),  (50,3),  (27,3), 


[Timing] Time passed: 207.8956 s

Posterior Probability: -74.66324497
Agreement with demo: 16%
Current angular diffs: 79'

Selected number of demos: 50

-- Positive Demos --
 (539,3),  (540,3),  (542,3),  (543,3),  (544,3),  (519,3),  (521,3),  (549,3),  (524,3),  (526,3),  (499,5),  (444,5),  (444,0),  (415,4),  (414,0),  (358,4),  (330,2),  (300,4),  (299,2),  (298,2),  (268,2),  (266,2),  (265,2),  (236,4),  (234,2),  (203,4),  (201,2),  (171,4),  (142,4),  (113,0),  (113,5),  (86,3),  (87,5),  (60,5),  (60,3),  (63,3),  (36,3),  (66,3),  (67,3),  (68,3),  (40,3),  (41,3),  (71,3),  (44,3),  (46,3),  (47,3),  (48,3),  (49,3),  (52,3), 


[Timing] Time passed: 197.002638 s

Posterior Probability: -152.3579688
Agreement with demo: 17%
Current angular diffs: 88'

Selected number of demos: 47

-- Positive Demos --
 (538,3),  (539,3),  (541,5),  (543,3),  (544,3),  (546,3),  (521,3),  (549,3),  (523,3),  (524,3),  (526,3),  (499,5),  (471,5),  (444,5),  (415,4),  (414,0),  (358,0),  (358,4),  (330,2),  (329,4),  (299,2),  (297,2),  (268,4),  (268,2),  (266,2),  (235,2),  (232,2),  (203,4),  (200,2),  (171,4),  (142,4),  (86,3),  (87,5),  (60,3),  (61,3),  (64,3),  (36,3),  (66,3),  (40,3),  (71,3),  (45,3),  (75,3),  (48,3),  (49,3),  (49,7),  (53,5), 


[Timing] Time passed: 196.444824 s

Posterior Probability: -170.5389165
Agreement with demo: 5.6%
Current angular diffs: 95'

Selected number of demos: 36

-- Positive Demos --
 (537,3),  (538,3),  (539,3),  (540,3),  (542,3),  (545,3),  (521,3),  (523,3),  (524,3),  (525,3),  (526,3),  (471,5),  (415,4),  (414,0),  (358,4),  (329,2),  (299,2),  (297,2),  (266,2),  (234,2),  (233,2),  (202,2),  (201,2),  (171,4),  (113,5),  (60,5),  (63,3),  (66,3),  (68,3),  (40,3),  (71,3),  (44,3),  (45,3),  (47,3),  (50,3),  (27,3), 


[Timing] Time passed: 212.554699 s

Posterior Probability: -117.7634183
Agreement with demo: 7.4%
Current angular diffs: 88'

Selected number of demos: 49

-- Positive Demos --
 (537,3),  (538,3),  (539,3),  (541,5),  (543,3),  (545,3),  (546,3),  (521,3),  (523,3),  (523,5),  (524,3),  (525,3),  (499,5),  (472,5),  (444,0),  (415,4),  (387,0),  (358,0),  (330,4),  (329,4),  (300,4),  (299,2),  (268,4),  (268,2),  (266,2),  (236,4),  (235,2),  (233,2),  (232,2),  (203,4),  (200,2),  (171,4),  (142,4),  (113,0),  (86,3),  (87,5),  (61,3),  (62,3),  (35,3),  (66,3),  (68,3),  (40,3),  (71,3),  (72,3),  (45,3),  (75,3),  (49,3),  (52,3), 


[Timing] Time passed: 229.102892 s

Posterior Probability: -674.0644583
Agreement with demo: 16%
Current angular diffs: 83'

Selected number of demos: 94

-- Positive Demos --
 (537,3),  (538,3),  (539,3),  (540,3),  (541,5),  (542,3),  (543,3),  (544,3),  (545,3),  (546,3),  (519,3),  (520,3),  (521,3),  (549,3),  (523,3),  (523,5),  (524,3),  (525,3),  (526,3),  (498,5),  (499,5),  (471,5),  (472,5),  (444,5),  (444,0),  (415,4),  (414,0),  (387,0),  (358,0),  (358,4),  (330,4),  (330,2),  (329,2),  (329,4),  (300,4),  (299,2),  (298,2),  (297,2),  (268,4),  (268,2),  (267,2),  (266,2),  (265,2),  (236,4),  (235,2),  (234,2),  (233,2),  (232,2),  (203,4),  (202,2),  (201,2),  (200,2),  (172,4),  (171,4),  (142,4),  (113,0),  (113,5),  (86,3),  (87,5),  (60,5),  (60,3),  (61,3),  (62,3),  (63,3),  (64,3),  (35,3),  (36,3),  (66,3),  (67,3),  (68,3),  (40,3),  (41,3),  (71,3),  (72,3),  (44,3),  (45,3),  (46,3),  (75,3),  (47,3),  (48,3),  (49,3),  (49,7),  (50,3),  (52,3),  (53,5),  (27,3), 


[Timing] Time passed: 217.915307 s

Posterior Probability: -931.2774649
Agreement with demo: 8.3%
Current angular diffs: 86'

Selected number of demos: 61

-- Positive Demos --
 (537,3),  (539,3),  (540,3),  (541,5),  (543,3),  (544,3),  (545,3),  (546,3),  (520,3),  (549,3),  (523,3),  (523,5),  (524,3),  (525,3),  (498,5),  (499,5),  (472,5),  (444,5),  (415,4),  (387,0),  (358,4),  (330,2),  (329,4),  (299,2),  (298,2),  (297,2),  (268,4),  (268,2),  (266,2),  (265,2),  (236,4),  (234,2),  (233,2),  (232,2),  (203,4),  (202,2),  (201,2),  (200,2),  (171,4),  (142,4),  (113,5),  (86,3),  (60,5),  (61,3),  (62,3),  (63,3),  (35,3),  (36,3),  (66,3),  (67,3),  (40,3),  (41,3),  (71,3),  (44,3),  (46,3),  (47,3),  (49,3),  (50,3),  (53,5), 


[Timing] Time passed: 201.977647 s

Posterior Probability: -318.7388417
Agreement with demo: 13%
Current angular diffs: 81'

Selected number of demos: 32

-- Positive Demos --
 (539,3),  (544,3),  (545,3),  (549,3),  (526,3),  (472,5),  (444,0),  (415,4),  (387,0),  (358,4),  (330,4),  (329,2),  (329,4),  (300,4),  (297,2),  (267,2),  (234,2),  (233,2),  (200,2),  (171,4),  (113,5),  (86,3),  (60,3),  (35,3),  (66,3),  (40,3),  (41,3),  (45,3),  (49,3),  (27,3), 


[Timing] Time passed: 215.37641 s

Posterior Probability: -553.807245
Agreement with demo: 12%
Current angular diffs: 81'

Selected number of demos: 48

-- Positive Demos --
 (537,3),  (538,3),  (539,3),  (541,5),  (542,3),  (543,3),  (544,3),  (546,3),  (521,3),  (549,3),  (524,3),  (525,3),  (498,5),  (471,5),  (472,5),  (415,4),  (387,0),  (358,0),  (330,2),  (300,4),  (299,2),  (298,2),  (268,4),  (268,2),  (267,2),  (265,2),  (235,2),  (234,2),  (203,4),  (200,2),  (172,4),  (171,4),  (142,4),  (113,5),  (87,5),  (60,3),  (61,3),  (62,3),  (35,3),  (67,3),  (40,3),  (71,3),  (44,3),  (75,3),  (48,3),  (49,3),  (50,3),  (53,5), 


[Timing] Time passed: 219.911007 s

Posterior Probability: -208.9491408
Agreement with demo: 11%
Current angular diffs: 94'

Selected number of demos: 47

-- Positive Demos --
 (539,3),  (541,5),  (544,3),  (546,3),  (520,3),  (523,3),  (525,3),  (526,3),  (498,5),  (499,5),  (471,5),  (444,0),  (415,4),  (414,0),  (358,0),  (330,4),  (329,4),  (299,2),  (268,4),  (267,2),  (266,2),  (235,2),  (234,2),  (232,2),  (203,4),  (202,2),  (172,4),  (171,4),  (142,4),  (113,5),  (87,5),  (60,3),  (63,3),  (64,3),  (35,3),  (66,3),  (67,3),  (40,3),  (41,3),  (71,3),  (44,3),  (75,3),  (49,3),  (49,7),  (50,3),  (53,5), 


[Timing] Time passed: 202.481727 s

Posterior Probability: -207.9052798
Agreement with demo: 6.5%
Current angular diffs: 88'

Selected number of demos: 39

-- Positive Demos --
 (537,3),  (539,3),  (543,3),  (545,3),  (546,3),  (521,3),  (523,5),  (526,3),  (498,5),  (472,5),  (444,0),  (414,0),  (387,0),  (358,0),  (330,2),  (300,4),  (299,2),  (298,2),  (268,4),  (265,2),  (236,4),  (234,2),  (233,2),  (202,2),  (172,4),  (142,4),  (86,3),  (87,5),  (60,5),  (63,3),  (35,3),  (36,3),  (68,3),  (40,3),  (71,3),  (44,3),  (47,3),  (50,3),  (52,3), 


[Timing] Time passed: 197.000293 s

Posterior Probability: -225.6856347
Agreement with demo: 13%
Current angular diffs: 88'

Selected number of demos: 37

-- Positive Demos --
 (539,3),  (540,3),  (543,3),  (520,3),  (549,3),  (523,5),  (524,3),  (525,3),  (526,3),  (471,5),  (444,5),  (415,4),  (330,4),  (330,2),  (299,2),  (268,4),  (268,2),  (236,4),  (233,2),  (232,2),  (203,4),  (200,2),  (142,4),  (113,0),  (113,5),  (87,5),  (62,3),  (35,3),  (36,3),  (41,3),  (71,3),  (45,3),  (47,3),  (48,3),  (49,3),  (53,5), 


[Timing] Time passed: 201.359444 s

Posterior Probability: -231.8572782
Agreement with demo: 13%
Current angular diffs: 84'

Selected number of demos: 94

-- Positive Demos --
 (537,3),  (538,3),  (539,3),  (540,3),  (541,5),  (542,3),  (543,3),  (544,3),  (545,3),  (546,3),  (519,3),  (520,3),  (521,3),  (549,3),  (523,3),  (523,5),  (524,3),  (525,3),  (526,3),  (498,5),  (499,5),  (471,5),  (472,5),  (444,5),  (444,0),  (415,4),  (414,0),  (387,0),  (358,0),  (358,4),  (330,4),  (330,2),  (329,2),  (329,4),  (300,4),  (299,2),  (298,2),  (297,2),  (268,4),  (268,2),  (267,2),  (266,2),  (265,2),  (236,4),  (235,2),  (234,2),  (233,2),  (232,2),  (203,4),  (202,2),  (201,2),  (200,2),  (172,4),  (171,4),  (142,4),  (113,0),  (113,5),  (86,3),  (87,5),  (60,5),  (60,3),  (61,3),  (62,3),  (63,3),  (64,3),  (35,3),  (36,3),  (66,3),  (67,3),  (68,3),  (40,3),  (41,3),  (71,3),  (72,3),  (44,3),  (45,3),  (46,3),  (75,3),  (47,3),  (48,3),  (49,3),  (49,7),  (50,3),  (52,3),  (53,5),  (27,3), 


[Timing] Time passed: 212.752267 s

Posterior Probability: -320.579615
Agreement with demo: 9.3%
Current angular diffs: 89'

Selected number of demos: 47

-- Positive Demos --
 (537,3),  (539,3),  (541,5),  (542,3),  (543,3),  (545,3),  (519,3),  (521,3),  (523,5),  (526,3),  (499,5),  (472,5),  (444,5),  (415,4),  (414,0),  (358,4),  (330,2),  (300,4),  (299,2),  (298,2),  (297,2),  (268,2),  (267,2),  (265,2),  (234,2),  (233,2),  (232,2),  (202,2),  (172,4),  (142,4),  (113,0),  (86,3),  (60,5),  (61,3),  (63,3),  (36,3),  (66,3),  (68,3),  (41,3),  (72,3),  (44,3),  (75,3),  (48,3),  (49,3),  (49,7),  (52,3), 


[Timing] Time passed: 205.945946 s

Posterior Probability: -114.2392313
Agreement with demo: 9.3%
Current angular diffs: 88'

Selected number of demos: 29

-- Positive Demos --
 (539,3),  (540,3),  (544,3),  (521,3),  (523,3),  (526,3),  (471,5),  (415,4),  (358,0),  (358,4),  (330,4),  (300,4),  (299,2),  (268,4),  (236,4),  (203,4),  (200,2),  (172,4),  (142,4),  (86,3),  (61,3),  (62,3),  (66,3),  (68,3),  (71,3),  (72,3),  (47,3),  (49,7),  (50,3), 


[Timing] Time passed: 215.136088 s

Posterior Probability: -225.5369371
Agreement with demo: 12%
Current angular diffs: 83'

Selected number of demos: 33

-- Positive Demos --
 (539,3),  (541,5),  (542,3),  (546,3),  (549,3),  (523,5),  (525,3),  (526,3),  (499,5),  (444,0),  (358,0),  (329,4),  (300,4),  (299,2),  (297,2),  (268,4),  (268,2),  (266,2),  (236,4),  (232,2),  (201,2),  (142,4),  (113,0),  (60,5),  (61,3),  (35,3),  (36,3),  (67,3),  (41,3),  (45,3),  (47,3),  (49,7),  (53,5), 


[Timing] Time passed: 157.436803 s

Posterior Probability: -251.3108618
Agreement with demo: 14%
Current angular diffs: 82'

-----------------------------
Avg angular diffs: 79'
-- learned weights --
Feature Weights: -0.16625, -0.0375, -0.01025, -0.1, 
