loading features...

Initializing gridworld of size 28 by 22..
    Num states: 616
    Num actions: 8

Total number of demos: 79

Selected number of demos: 28

-- Positive Demos --
 (80,6),  (107,6),  (135,6),  (163,3),  (193,7),  (250,1),  (333,1),  (360,2),  (301,7),  (386,1),  (413,1),  (440,6),  (468,6),  (466,2),  (465,2),  (491,2),  (432,4),  (374,4),  (291,5),  (182,5),  (70,4),  (69,2),  (93,6),  (202,6),  (312,6),  (367,6),  (393,6),  (477,1), 


[Timing] Time passed: 237.052092 s

Posterior Probability: -305.1291201
Agreement with demo: 7.8%
Current angular diffs: 1.1e+02'

Selected number of demos: 36

-- Positive Demos --
 (80,6),  (107,6),  (162,3),  (164,7),  (193,7),  (250,1),  (305,1),  (360,2),  (303,4),  (357,1),  (413,1),  (440,6),  (466,2),  (491,2),  (462,2),  (461,4),  (460,4),  (432,4),  (402,0),  (345,0),  (290,5),  (291,5),  (264,5),  (182,5),  (154,0),  (99,4),  (69,2),  (68,2),  (93,6),  (148,6),  (176,6),  (230,6),  (312,6),  (422,1),  (477,1), 


[Timing] Time passed: 220.340212 s

Posterior Probability: -454.3366157
Agreement with demo: 4.7%
Current angular diffs: 1e+02'

Selected number of demos: 79

-- Positive Demos --
 (52,6),  (52,1),  (80,6),  (80,1),  (107,6),  (135,6),  (162,3),  (163,3),  (136,3),  (164,7),  (165,1),  (193,7),  (193,1),  (221,1),  (250,1),  (277,1),  (305,1),  (333,1),  (333,6),  (360,2),  (332,4),  (303,4),  (301,7),  (357,1),  (386,1),  (413,1),  (412,6),  (440,6),  (468,6),  (467,2),  (466,2),  (465,2),  (492,2),  (491,2),  (462,2),  (461,4),  (460,4),  (432,4),  (431,4),  (402,0),  (374,0),  (374,4),  (345,0),  (290,5),  (291,5),  (264,5),  (236,5),  (208,5),  (182,5),  (154,0),  (126,0),  (99,0),  (99,4),  (70,4),  (69,2),  (68,2),  (68,6),  (66,6),  (93,6),  (121,6),  (148,6),  (176,6),  (202,6),  (201,6),  (230,6),  (257,6),  (285,6),  (312,6),  (367,6),  (393,6),  (422,1),  (450,6),  (477,1), 


[Timing] Time passed: 213.235268 s

Posterior Probability: -373.4311854
Agreement with demo: 13%
Current angular diffs: 1e+02'

Selected number of demos: 23

-- Positive Demos --
 (80,1),  (107,6),  (136,3),  (165,1),  (277,1),  (332,4),  (357,1),  (440,6),  (468,6),  (492,2),  (462,2),  (431,4),  (345,0),  (290,5),  (236,5),  (99,0),  (99,4),  (70,4),  (68,6),  (148,6),  (257,6),  (422,1), 


[Timing] Time passed: 206.034764 s

Posterior Probability: -58.14658468
Agreement with demo: 3.9%
Current angular diffs: 1e+02'

Selected number of demos: 50

-- Positive Demos --
 (52,6),  (52,1),  (80,1),  (107,6),  (135,6),  (163,3),  (164,7),  (193,7),  (221,1),  (277,1),  (333,1),  (360,2),  (303,4),  (357,1),  (386,1),  (412,6),  (440,6),  (468,6),  (467,2),  (465,2),  (492,2),  (462,2),  (461,4),  (432,4),  (431,4),  (402,0),  (374,4),  (290,5),  (291,5),  (236,5),  (208,5),  (154,0),  (99,0),  (99,4),  (69,2),  (68,2),  (68,6),  (66,6),  (121,6),  (176,6),  (202,6),  (201,6),  (257,6),  (312,6),  (367,6),  (393,6),  (422,1),  (477,1), 


[Timing] Time passed: 212.2287 s

Posterior Probability: -619.7338397
Agreement with demo: 7%
Current angular diffs: 97'

Selected number of demos: 30

-- Positive Demos --
 (52,1),  (80,1),  (107,6),  (162,3),  (163,3),  (164,7),  (193,1),  (277,1),  (360,2),  (357,1),  (386,1),  (440,6),  (465,2),  (462,2),  (432,4),  (402,0),  (290,5),  (291,5),  (264,5),  (154,0),  (99,0),  (69,2),  (68,6),  (148,6),  (201,6),  (230,6),  (257,6),  (393,6),  (477,1), 


[Timing] Time passed: 209.415896 s

Posterior Probability: -209.6362899
Agreement with demo: 4.7%
Current angular diffs: 99'

Selected number of demos: 49

-- Positive Demos --
 (52,1),  (80,1),  (107,6),  (135,6),  (163,3),  (164,7),  (193,7),  (221,1),  (250,1),  (277,1),  (333,1),  (333,6),  (360,2),  (332,4),  (303,4),  (357,1),  (386,1),  (413,1),  (440,6),  (468,6),  (466,2),  (492,2),  (462,2),  (461,4),  (432,4),  (431,4),  (374,0),  (345,0),  (290,5),  (291,5),  (264,5),  (236,5),  (182,5),  (126,0),  (99,4),  (70,4),  (68,2),  (66,6),  (121,6),  (176,6),  (202,6),  (230,6),  (285,6),  (312,6),  (367,6),  (393,6),  (450,6),  (477,1), 


[Timing] Time passed: 202.549265 s

Posterior Probability: -330.3873969
Agreement with demo: 20%
Current angular diffs: 88'

Selected number of demos: 25

-- Positive Demos --
 (107,6),  (163,3),  (136,3),  (193,1),  (305,1),  (333,1),  (333,6),  (303,4),  (357,1),  (412,6),  (466,2),  (462,2),  (431,4),  (345,0),  (290,5),  (236,5),  (154,0),  (126,0),  (99,0),  (68,6),  (176,6),  (257,6),  (422,1),  (477,1), 


[Timing] Time passed: 205.704946 s

Posterior Probability: -126.884493
Agreement with demo: 11%
Current angular diffs: 83'

Selected number of demos: 41

-- Positive Demos --
 (52,6),  (80,6),  (107,6),  (163,3),  (164,7),  (165,1),  (193,1),  (277,1),  (305,1),  (360,2),  (301,7),  (357,1),  (413,1),  (412,6),  (440,6),  (468,6),  (467,2),  (466,2),  (492,2),  (462,2),  (460,4),  (432,4),  (431,4),  (374,4),  (345,0),  (290,5),  (236,5),  (154,0),  (99,4),  (68,2),  (68,6),  (66,6),  (121,6),  (148,6),  (202,6),  (257,6),  (312,6),  (367,6),  (422,1),  (477,1), 


[Timing] Time passed: 210.871431 s

Posterior Probability: -540.3224185
Agreement with demo: 7%
Current angular diffs: 1.1e+02'

Selected number of demos: 79

-- Positive Demos --
 (52,6),  (52,1),  (80,6),  (80,1),  (107,6),  (135,6),  (162,3),  (163,3),  (136,3),  (164,7),  (165,1),  (193,7),  (193,1),  (221,1),  (250,1),  (277,1),  (305,1),  (333,1),  (333,6),  (360,2),  (332,4),  (303,4),  (301,7),  (357,1),  (386,1),  (413,1),  (412,6),  (440,6),  (468,6),  (467,2),  (466,2),  (465,2),  (492,2),  (491,2),  (462,2),  (461,4),  (460,4),  (432,4),  (431,4),  (402,0),  (374,0),  (374,4),  (345,0),  (290,5),  (291,5),  (264,5),  (236,5),  (208,5),  (182,5),  (154,0),  (126,0),  (99,0),  (99,4),  (70,4),  (69,2),  (68,2),  (68,6),  (66,6),  (93,6),  (121,6),  (148,6),  (176,6),  (202,6),  (201,6),  (230,6),  (257,6),  (285,6),  (312,6),  (367,6),  (393,6),  (422,1),  (450,6),  (477,1), 


[Timing] Time passed: 209.154584 s

Posterior Probability: -349.8724573
Agreement with demo: 12%
Current angular diffs: 1e+02'

Selected number of demos: 35

-- Positive Demos --
 (52,1),  (80,6),  (135,6),  (164,7),  (193,1),  (250,1),  (305,1),  (360,2),  (332,4),  (357,1),  (413,1),  (468,6),  (466,2),  (465,2),  (462,2),  (432,4),  (402,0),  (290,5),  (291,5),  (264,5),  (208,5),  (182,5),  (126,0),  (99,0),  (99,4),  (69,2),  (68,2),  (121,6),  (201,6),  (257,6),  (285,6),  (312,6),  (367,6),  (477,1), 


[Timing] Time passed: 201.913724 s

Posterior Probability: -139.5368382
Agreement with demo: 4.7%
Current angular diffs: 88'

Selected number of demos: 33

-- Positive Demos --
 (52,6),  (52,1),  (107,6),  (163,3),  (136,3),  (165,1),  (250,1),  (277,1),  (333,6),  (332,4),  (357,1),  (440,6),  (466,2),  (465,2),  (462,2),  (460,4),  (432,4),  (402,0),  (374,4),  (290,5),  (236,5),  (126,0),  (99,0),  (68,2),  (66,6),  (176,6),  (201,6),  (285,6),  (422,1),  (477,1), 


[Timing] Time passed: 201.82883 s

Posterior Probability: -84.9915633
Agreement with demo: 15%
Current angular diffs: 88'

Selected number of demos: 37

-- Positive Demos --
 (52,6),  (80,1),  (135,6),  (162,3),  (164,7),  (193,7),  (250,1),  (333,1),  (332,4),  (357,1),  (413,1),  (440,6),  (467,2),  (492,2),  (491,2),  (462,2),  (461,4),  (432,4),  (431,4),  (402,0),  (345,0),  (290,5),  (291,5),  (236,5),  (182,5),  (99,0),  (70,4),  (69,2),  (66,6),  (121,6),  (148,6),  (201,6),  (230,6),  (312,6),  (393,6),  (422,1),  (477,1), 


[Timing] Time passed: 207.951026 s

Posterior Probability: -246.8506297
Agreement with demo: 19%
Current angular diffs: 91'

Selected number of demos: 38

-- Positive Demos --
 (52,6),  (80,6),  (107,6),  (162,3),  (164,7),  (165,1),  (193,7),  (193,1),  (250,1),  (305,1),  (333,6),  (303,4),  (357,1),  (412,6),  (440,6),  (467,2),  (466,2),  (491,2),  (461,4),  (431,4),  (374,4),  (290,5),  (264,5),  (208,5),  (154,0),  (126,0),  (70,4),  (68,6),  (93,6),  (176,6),  (201,6),  (230,6),  (257,6),  (312,6),  (367,6),  (422,1),  (477,1), 


[Timing] Time passed: 200.5142 s

Posterior Probability: -92.76237541
Agreement with demo: 8.6%
Current angular diffs: 92'

Selected number of demos: 33

-- Positive Demos --
 (52,6),  (80,6),  (80,1),  (162,3),  (165,1),  (193,7),  (277,1),  (305,1),  (360,2),  (301,7),  (357,1),  (413,1),  (468,6),  (466,2),  (462,2),  (432,4),  (374,0),  (290,5),  (236,5),  (182,5),  (99,4),  (70,4),  (69,2),  (68,2),  (93,6),  (121,6),  (176,6),  (201,6),  (312,6),  (393,6),  (477,1), 


[Timing] Time passed: 199.535079 s

Posterior Probability: -78.49348934
Agreement with demo: 14%
Current angular diffs: 85'

Selected number of demos: 79

-- Positive Demos --
 (52,6),  (52,1),  (80,6),  (80,1),  (107,6),  (135,6),  (162,3),  (163,3),  (136,3),  (164,7),  (165,1),  (193,7),  (193,1),  (221,1),  (250,1),  (277,1),  (305,1),  (333,1),  (333,6),  (360,2),  (332,4),  (303,4),  (301,7),  (357,1),  (386,1),  (413,1),  (412,6),  (440,6),  (468,6),  (467,2),  (466,2),  (465,2),  (492,2),  (491,2),  (462,2),  (461,4),  (460,4),  (432,4),  (431,4),  (402,0),  (374,0),  (374,4),  (345,0),  (290,5),  (291,5),  (264,5),  (236,5),  (208,5),  (182,5),  (154,0),  (126,0),  (99,0),  (99,4),  (70,4),  (69,2),  (68,2),  (68,6),  (66,6),  (93,6),  (121,6),  (148,6),  (176,6),  (202,6),  (201,6),  (230,6),  (257,6),  (285,6),  (312,6),  (367,6),  (393,6),  (422,1),  (450,6),  (477,1), 


[Timing] Time passed: 214.358305 s

Posterior Probability: -268.1574002
Agreement with demo: 7.8%
Current angular diffs: 97'

Selected number of demos: 42

-- Positive Demos --
 (52,1),  (80,6),  (107,6),  (162,3),  (163,3),  (165,1),  (193,7),  (193,1),  (277,1),  (333,1),  (333,6),  (332,4),  (301,7),  (357,1),  (386,1),  (440,6),  (467,2),  (465,2),  (491,2),  (461,4),  (432,4),  (374,0),  (345,0),  (291,5),  (264,5),  (208,5),  (126,0),  (99,0),  (70,4),  (68,2),  (68,6),  (66,6),  (148,6),  (176,6),  (201,6),  (257,6),  (312,6),  (422,1),  (477,1), 


[Timing] Time passed: 213.258584 s

Posterior Probability: -193.909642
Agreement with demo: 20%
Current angular diffs: 88'

Selected number of demos: 25

-- Positive Demos --
 (80,1),  (135,6),  (162,3),  (163,3),  (136,3),  (193,1),  (250,1),  (333,1),  (332,4),  (386,1),  (412,6),  (468,6),  (492,2),  (491,2),  (460,4),  (432,4),  (345,0),  (290,5),  (182,5),  (70,4),  (68,2),  (121,6),  (230,6),  (312,6),  (422,1), 


[Timing] Time passed: 203.919576 s

Posterior Probability: -80.30376975
Agreement with demo: 7.8%
Current angular diffs: 89'

Selected number of demos: 35

-- Positive Demos --
 (52,6),  (52,1),  (80,6),  (80,1),  (135,6),  (164,7),  (193,7),  (250,1),  (333,1),  (360,2),  (303,4),  (357,1),  (440,6),  (468,6),  (492,2),  (491,2),  (462,2),  (432,4),  (431,4),  (345,0),  (290,5),  (291,5),  (182,5),  (126,0),  (70,4),  (68,2),  (121,6),  (148,6),  (202,6),  (257,6),  (285,6),  (367,6),  (477,1), 


[Timing] Time passed: 200.408716 s

Posterior Probability: -296.9349637
Agreement with demo: 23%
Current angular diffs: 89'

Selected number of demos: 51

-- Positive Demos --
 (52,6),  (52,1),  (80,1),  (107,6),  (135,6),  (163,3),  (164,7),  (193,7),  (221,1),  (250,1),  (277,1),  (305,1),  (333,6),  (332,4),  (301,7),  (357,1),  (386,1),  (413,1),  (440,6),  (468,6),  (466,2),  (465,2),  (491,2),  (462,2),  (461,4),  (432,4),  (431,4),  (374,0),  (374,4),  (345,0),  (290,5),  (291,5),  (236,5),  (182,5),  (126,0),  (99,0),  (99,4),  (70,4),  (68,2),  (68,6),  (93,6),  (121,6),  (176,6),  (202,6),  (230,6),  (285,6),  (367,6),  (422,1),  (450,6),  (477,1), 


[Timing] Time passed: 205.835531 s

Posterior Probability: -541.3919383
Agreement with demo: 9.4%
Current angular diffs: 1e+02'

Selected number of demos: 79

-- Positive Demos --
 (52,6),  (52,1),  (80,6),  (80,1),  (107,6),  (135,6),  (162,3),  (163,3),  (136,3),  (164,7),  (165,1),  (193,7),  (193,1),  (221,1),  (250,1),  (277,1),  (305,1),  (333,1),  (333,6),  (360,2),  (332,4),  (303,4),  (301,7),  (357,1),  (386,1),  (413,1),  (412,6),  (440,6),  (468,6),  (467,2),  (466,2),  (465,2),  (492,2),  (491,2),  (462,2),  (461,4),  (460,4),  (432,4),  (431,4),  (402,0),  (374,0),  (374,4),  (345,0),  (290,5),  (291,5),  (264,5),  (236,5),  (208,5),  (182,5),  (154,0),  (126,0),  (99,0),  (99,4),  (70,4),  (69,2),  (68,2),  (68,6),  (66,6),  (93,6),  (121,6),  (148,6),  (176,6),  (202,6),  (201,6),  (230,6),  (257,6),  (285,6),  (312,6),  (367,6),  (393,6),  (422,1),  (450,6),  (477,1), 


[Timing] Time passed: 204.123264 s

Posterior Probability: -342.7529624
Agreement with demo: 21%
Current angular diffs: 89'

Selected number of demos: 23

-- Positive Demos --
 (80,6),  (107,6),  (136,3),  (165,1),  (221,1),  (333,1),  (332,4),  (357,1),  (440,6),  (467,2),  (465,2),  (461,4),  (402,0),  (374,0),  (290,5),  (291,5),  (182,5),  (99,4),  (66,6),  (148,6),  (201,6),  (367,6),  (477,1), 


[Timing] Time passed: 201.532515 s

Posterior Probability: -93.3628113
Agreement with demo: 3.1%
Current angular diffs: 90'

Selected number of demos: 24

-- Positive Demos --
 (80,6),  (162,3),  (136,3),  (193,1),  (305,1),  (333,1),  (360,2),  (303,4),  (413,1),  (467,2),  (491,2),  (460,4),  (402,0),  (290,5),  (236,5),  (126,0),  (99,0),  (70,4),  (69,2),  (121,6),  (230,6),  (257,6),  (422,1),  (477,1), 


[Timing] Time passed: 203.658496 s

Posterior Probability: -329.6199824
Agreement with demo: 9.4%
Current angular diffs: 1e+02'

Selected number of demos: 25

-- Positive Demos --
 (80,1),  (107,6),  (162,3),  (163,3),  (164,7),  (193,1),  (250,1),  (277,1),  (332,4),  (357,1),  (413,1),  (440,6),  (465,2),  (461,4),  (374,0),  (290,5),  (264,5),  (208,5),  (99,0),  (68,2),  (148,6),  (257,6),  (367,6),  (477,1), 


[Timing] Time passed: 201.923814 s

Posterior Probability: -75.85661923
Agreement with demo: 5.5%
Current angular diffs: 96'

Selected number of demos: 41

-- Positive Demos --
 (52,1),  (107,6),  (135,6),  (162,3),  (136,3),  (165,1),  (221,1),  (277,1),  (333,6),  (303,4),  (301,7),  (357,1),  (386,1),  (412,6),  (440,6),  (468,6),  (467,2),  (465,2),  (492,2),  (462,2),  (460,4),  (432,4),  (374,0),  (290,5),  (291,5),  (208,5),  (126,0),  (70,4),  (69,2),  (68,2),  (66,6),  (93,6),  (148,6),  (201,6),  (230,6),  (312,6),  (367,6),  (393,6),  (477,1), 


[Timing] Time passed: 206.749693 s

Posterior Probability: -88.14688277
Agreement with demo: 7%
Current angular diffs: 99'

Selected number of demos: 79

-- Positive Demos --
 (52,6),  (52,1),  (80,6),  (80,1),  (107,6),  (135,6),  (162,3),  (163,3),  (136,3),  (164,7),  (165,1),  (193,7),  (193,1),  (221,1),  (250,1),  (277,1),  (305,1),  (333,1),  (333,6),  (360,2),  (332,4),  (303,4),  (301,7),  (357,1),  (386,1),  (413,1),  (412,6),  (440,6),  (468,6),  (467,2),  (466,2),  (465,2),  (492,2),  (491,2),  (462,2),  (461,4),  (460,4),  (432,4),  (431,4),  (402,0),  (374,0),  (374,4),  (345,0),  (290,5),  (291,5),  (264,5),  (236,5),  (208,5),  (182,5),  (154,0),  (126,0),  (99,0),  (99,4),  (70,4),  (69,2),  (68,2),  (68,6),  (66,6),  (93,6),  (121,6),  (148,6),  (176,6),  (202,6),  (201,6),  (230,6),  (257,6),  (285,6),  (312,6),  (367,6),  (393,6),  (422,1),  (450,6),  (477,1), 


[Timing] Time passed: 204.079167 s

Posterior Probability: -222.9268169
Agreement with demo: 5.5%
Current angular diffs: 85'

Selected number of demos: 79

-- Positive Demos --
 (52,6),  (52,1),  (80,6),  (80,1),  (107,6),  (135,6),  (162,3),  (163,3),  (136,3),  (164,7),  (165,1),  (193,7),  (193,1),  (221,1),  (250,1),  (277,1),  (305,1),  (333,1),  (333,6),  (360,2),  (332,4),  (303,4),  (301,7),  (357,1),  (386,1),  (413,1),  (412,6),  (440,6),  (468,6),  (467,2),  (466,2),  (465,2),  (492,2),  (491,2),  (462,2),  (461,4),  (460,4),  (432,4),  (431,4),  (402,0),  (374,0),  (374,4),  (345,0),  (290,5),  (291,5),  (264,5),  (236,5),  (208,5),  (182,5),  (154,0),  (126,0),  (99,0),  (99,4),  (70,4),  (69,2),  (68,2),  (68,6),  (66,6),  (93,6),  (121,6),  (148,6),  (176,6),  (202,6),  (201,6),  (230,6),  (257,6),  (285,6),  (312,6),  (367,6),  (393,6),  (422,1),  (450,6),  (477,1), 


[Timing] Time passed: 211.044433 s

Posterior Probability: -501.0108828
Agreement with demo: 10%
Current angular diffs: 98'

Selected number of demos: 23

-- Positive Demos --
 (52,6),  (107,6),  (164,7),  (193,1),  (221,1),  (277,1),  (333,1),  (301,7),  (357,1),  (440,6),  (465,2),  (491,2),  (432,4),  (345,0),  (290,5),  (264,5),  (182,5),  (99,4),  (66,6),  (202,6),  (312,6),  (393,6),  (477,1), 


[Timing] Time passed: 194.432359 s

Posterior Probability: -65.0857341
Agreement with demo: 13%
Current angular diffs: 94'

Selected number of demos: 79

-- Positive Demos --
 (52,6),  (52,1),  (80,6),  (80,1),  (107,6),  (135,6),  (162,3),  (163,3),  (136,3),  (164,7),  (165,1),  (193,7),  (193,1),  (221,1),  (250,1),  (277,1),  (305,1),  (333,1),  (333,6),  (360,2),  (332,4),  (303,4),  (301,7),  (357,1),  (386,1),  (413,1),  (412,6),  (440,6),  (468,6),  (467,2),  (466,2),  (465,2),  (492,2),  (491,2),  (462,2),  (461,4),  (460,4),  (432,4),  (431,4),  (402,0),  (374,0),  (374,4),  (345,0),  (290,5),  (291,5),  (264,5),  (236,5),  (208,5),  (182,5),  (154,0),  (126,0),  (99,0),  (99,4),  (70,4),  (69,2),  (68,2),  (68,6),  (66,6),  (93,6),  (121,6),  (148,6),  (176,6),  (202,6),  (201,6),  (230,6),  (257,6),  (285,6),  (312,6),  (367,6),  (393,6),  (422,1),  (450,6),  (477,1), 


[Timing] Time passed: 206.797392 s

Posterior Probability: -162.2772059
Agreement with demo: 14%
Current angular diffs: 92'

Selected number of demos: 32

-- Positive Demos --
 (80,1),  (135,6),  (164,7),  (193,1),  (250,1),  (305,1),  (360,2),  (301,7),  (413,1),  (440,6),  (465,2),  (492,2),  (462,2),  (460,4),  (432,4),  (431,4),  (374,4),  (290,5),  (291,5),  (264,5),  (182,5),  (99,4),  (70,4),  (69,2),  (66,6),  (93,6),  (176,6),  (230,6),  (285,6),  (312,6),  (393,6),  (422,1), 


[Timing] Time passed: 207.674706 s

Posterior Probability: -91.72030086
Agreement with demo: 6.2%
Current angular diffs: 86'

Selected number of demos: 34

-- Positive Demos --
 (80,6),  (80,1),  (107,6),  (135,6),  (162,3),  (163,3),  (164,7),  (221,1),  (333,1),  (332,4),  (303,4),  (357,1),  (412,6),  (468,6),  (492,2),  (491,2),  (461,4),  (431,4),  (374,4),  (290,5),  (236,5),  (208,5),  (182,5),  (154,0),  (70,4),  (68,2),  (121,6),  (148,6),  (202,6),  (257,6),  (312,6),  (367,6),  (450,6),  (477,1), 


[Timing] Time passed: 202.585191 s

Posterior Probability: -75.48915881
Agreement with demo: 20%
Current angular diffs: 86'

Selected number of demos: 79

-- Positive Demos --
 (52,6),  (52,1),  (80,6),  (80,1),  (107,6),  (135,6),  (162,3),  (163,3),  (136,3),  (164,7),  (165,1),  (193,7),  (193,1),  (221,1),  (250,1),  (277,1),  (305,1),  (333,1),  (333,6),  (360,2),  (332,4),  (303,4),  (301,7),  (357,1),  (386,1),  (413,1),  (412,6),  (440,6),  (468,6),  (467,2),  (466,2),  (465,2),  (492,2),  (491,2),  (462,2),  (461,4),  (460,4),  (432,4),  (431,4),  (402,0),  (374,0),  (374,4),  (345,0),  (290,5),  (291,5),  (264,5),  (236,5),  (208,5),  (182,5),  (154,0),  (126,0),  (99,0),  (99,4),  (70,4),  (69,2),  (68,2),  (68,6),  (66,6),  (93,6),  (121,6),  (148,6),  (176,6),  (202,6),  (201,6),  (230,6),  (257,6),  (285,6),  (312,6),  (367,6),  (393,6),  (422,1),  (450,6),  (477,1), 


[Timing] Time passed: 214.802898 s

Posterior Probability: -469.5612467
Agreement with demo: 20%
Current angular diffs: 87'

Selected number of demos: 43

-- Positive Demos --
 (52,6),  (80,6),  (107,6),  (135,6),  (163,3),  (164,7),  (193,7),  (221,1),  (305,1),  (333,6),  (332,4),  (301,7),  (386,1),  (413,1),  (440,6),  (466,2),  (465,2),  (491,2),  (462,2),  (432,4),  (431,4),  (374,4),  (290,5),  (236,5),  (154,0),  (126,0),  (99,4),  (70,4),  (68,2),  (68,6),  (93,6),  (148,6),  (202,6),  (201,6),  (230,6),  (257,6),  (367,6),  (393,6),  (477,1), 


[Timing] Time passed: 206.649521 s

Posterior Probability: -84.36730483
Agreement with demo: 23%
Current angular diffs: 85'

Selected number of demos: 52

-- Positive Demos --
 (52,6),  (80,6),  (80,1),  (107,6),  (135,6),  (162,3),  (163,3),  (164,7),  (193,7),  (193,1),  (250,1),  (305,1),  (333,6),  (332,4),  (303,4),  (301,7),  (357,1),  (413,1),  (412,6),  (440,6),  (468,6),  (466,2),  (465,2),  (491,2),  (462,2),  (461,4),  (432,4),  (402,0),  (374,4),  (345,0),  (290,5),  (291,5),  (236,5),  (208,5),  (182,5),  (126,0),  (99,0),  (99,4),  (69,2),  (68,6),  (66,6),  (93,6),  (121,6),  (176,6),  (202,6),  (230,6),  (285,6),  (367,6),  (393,6),  (422,1),  (450,6),  (477,1), 


[Timing] Time passed: 212.145847 s

Posterior Probability: -118.7047703
Agreement with demo: 11%
Current angular diffs: 1.1e+02'

Selected number of demos: 79

-- Positive Demos --
 (52,6),  (52,1),  (80,6),  (80,1),  (107,6),  (135,6),  (162,3),  (163,3),  (136,3),  (164,7),  (165,1),  (193,7),  (193,1),  (221,1),  (250,1),  (277,1),  (305,1),  (333,1),  (333,6),  (360,2),  (332,4),  (303,4),  (301,7),  (357,1),  (386,1),  (413,1),  (412,6),  (440,6),  (468,6),  (467,2),  (466,2),  (465,2),  (492,2),  (491,2),  (462,2),  (461,4),  (460,4),  (432,4),  (431,4),  (402,0),  (374,0),  (374,4),  (345,0),  (290,5),  (291,5),  (264,5),  (236,5),  (208,5),  (182,5),  (154,0),  (126,0),  (99,0),  (99,4),  (70,4),  (69,2),  (68,2),  (68,6),  (66,6),  (93,6),  (121,6),  (148,6),  (176,6),  (202,6),  (201,6),  (230,6),  (257,6),  (285,6),  (312,6),  (367,6),  (393,6),  (422,1),  (450,6),  (477,1), 


[Timing] Time passed: 206.926832 s

Posterior Probability: -379.3485433
Agreement with demo: 16%
Current angular diffs: 90'

Selected number of demos: 79

-- Positive Demos --
 (52,6),  (52,1),  (80,6),  (80,1),  (107,6),  (135,6),  (162,3),  (163,3),  (136,3),  (164,7),  (165,1),  (193,7),  (193,1),  (221,1),  (250,1),  (277,1),  (305,1),  (333,1),  (333,6),  (360,2),  (332,4),  (303,4),  (301,7),  (357,1),  (386,1),  (413,1),  (412,6),  (440,6),  (468,6),  (467,2),  (466,2),  (465,2),  (492,2),  (491,2),  (462,2),  (461,4),  (460,4),  (432,4),  (431,4),  (402,0),  (374,0),  (374,4),  (345,0),  (290,5),  (291,5),  (264,5),  (236,5),  (208,5),  (182,5),  (154,0),  (126,0),  (99,0),  (99,4),  (70,4),  (69,2),  (68,2),  (68,6),  (66,6),  (93,6),  (121,6),  (148,6),  (176,6),  (202,6),  (201,6),  (230,6),  (257,6),  (285,6),  (312,6),  (367,6),  (393,6),  (422,1),  (450,6),  (477,1), 


[Timing] Time passed: 199.552046 s

Posterior Probability: -267.6201238
Agreement with demo: 6.2%
Current angular diffs: 86'

Selected number of demos: 36

-- Positive Demos --
 (52,1),  (107,6),  (162,3),  (164,7),  (193,7),  (193,1),  (277,1),  (333,1),  (332,4),  (301,7),  (357,1),  (413,1),  (440,6),  (466,2),  (465,2),  (462,2),  (460,4),  (431,4),  (402,0),  (374,4),  (290,5),  (236,5),  (154,0),  (99,0),  (70,4),  (68,2),  (68,6),  (66,6),  (121,6),  (202,6),  (230,6),  (257,6),  (312,6),  (393,6),  (477,1), 


[Timing] Time passed: 206.244952 s

Posterior Probability: -468.6299907
Agreement with demo: 4.7%
Current angular diffs: 1e+02'

Selected number of demos: 50

-- Positive Demos --
 (52,1),  (80,6),  (107,6),  (135,6),  (162,3),  (163,3),  (164,7),  (165,1),  (193,1),  (250,1),  (277,1),  (333,1),  (360,2),  (332,4),  (303,4),  (357,1),  (386,1),  (413,1),  (440,6),  (468,6),  (466,2),  (492,2),  (491,2),  (462,2),  (461,4),  (432,4),  (402,0),  (374,4),  (290,5),  (291,5),  (236,5),  (182,5),  (154,0),  (99,0),  (70,4),  (68,2),  (66,6),  (93,6),  (121,6),  (176,6),  (202,6),  (230,6),  (257,6),  (285,6),  (367,6),  (393,6),  (422,1),  (477,1), 


[Timing] Time passed: 190.821441 s

Posterior Probability: -399.6733053
Agreement with demo: 4.7%
Current angular diffs: 99'

Selected number of demos: 24

-- Positive Demos --
 (107,6),  (136,3),  (193,1),  (305,1),  (360,2),  (357,1),  (412,6),  (440,6),  (492,2),  (491,2),  (462,2),  (461,4),  (432,4),  (431,4),  (290,5),  (264,5),  (126,0),  (99,4),  (69,2),  (68,6),  (148,6),  (201,6),  (285,6),  (422,1), 


[Timing] Time passed: 202.190023 s

Posterior Probability: -247.075196
Agreement with demo: 22%
Current angular diffs: 86'

Selected number of demos: 79

-- Positive Demos --
 (52,6),  (52,1),  (80,6),  (80,1),  (107,6),  (135,6),  (162,3),  (163,3),  (136,3),  (164,7),  (165,1),  (193,7),  (193,1),  (221,1),  (250,1),  (277,1),  (305,1),  (333,1),  (333,6),  (360,2),  (332,4),  (303,4),  (301,7),  (357,1),  (386,1),  (413,1),  (412,6),  (440,6),  (468,6),  (467,2),  (466,2),  (465,2),  (492,2),  (491,2),  (462,2),  (461,4),  (460,4),  (432,4),  (431,4),  (402,0),  (374,0),  (374,4),  (345,0),  (290,5),  (291,5),  (264,5),  (236,5),  (208,5),  (182,5),  (154,0),  (126,0),  (99,0),  (99,4),  (70,4),  (69,2),  (68,2),  (68,6),  (66,6),  (93,6),  (121,6),  (148,6),  (176,6),  (202,6),  (201,6),  (230,6),  (257,6),  (285,6),  (312,6),  (367,6),  (393,6),  (422,1),  (450,6),  (477,1), 


[Timing] Time passed: 187.628302 s

Posterior Probability: -227.1056564
Agreement with demo: 9.4%
Current angular diffs: 90'

Selected number of demos: 79

-- Positive Demos --
 (52,6),  (52,1),  (80,6),  (80,1),  (107,6),  (135,6),  (162,3),  (163,3),  (136,3),  (164,7),  (165,1),  (193,7),  (193,1),  (221,1),  (250,1),  (277,1),  (305,1),  (333,1),  (333,6),  (360,2),  (332,4),  (303,4),  (301,7),  (357,1),  (386,1),  (413,1),  (412,6),  (440,6),  (468,6),  (467,2),  (466,2),  (465,2),  (492,2),  (491,2),  (462,2),  (461,4),  (460,4),  (432,4),  (431,4),  (402,0),  (374,0),  (374,4),  (345,0),  (290,5),  (291,5),  (264,5),  (236,5),  (208,5),  (182,5),  (154,0),  (126,0),  (99,0),  (99,4),  (70,4),  (69,2),  (68,2),  (68,6),  (66,6),  (93,6),  (121,6),  (148,6),  (176,6),  (202,6),  (201,6),  (230,6),  (257,6),  (285,6),  (312,6),  (367,6),  (393,6),  (422,1),  (450,6),  (477,1), 


[Timing] Time passed: 192.041179 s

Posterior Probability: -176.4527942
Agreement with demo: 11%
Current angular diffs: 89'

Selected number of demos: 37

-- Positive Demos --
 (80,6),  (107,6),  (163,3),  (136,3),  (165,1),  (193,1),  (221,1),  (305,1),  (360,2),  (303,4),  (357,1),  (386,1),  (412,6),  (440,6),  (467,2),  (492,2),  (462,2),  (460,4),  (402,0),  (374,4),  (345,0),  (291,5),  (236,5),  (208,5),  (154,0),  (126,0),  (99,4),  (69,2),  (68,2),  (66,6),  (121,6),  (176,6),  (201,6),  (285,6),  (393,6),  (477,1), 


[Timing] Time passed: 203.718448 s

Posterior Probability: -137.2327869
Agreement with demo: 23%
Current angular diffs: 86'

Selected number of demos: 35

-- Positive Demos --
 (52,1),  (107,6),  (163,3),  (165,1),  (193,1),  (305,1),  (333,6),  (360,2),  (303,4),  (301,7),  (386,1),  (413,1),  (412,6),  (440,6),  (467,2),  (466,2),  (491,2),  (462,2),  (432,4),  (431,4),  (374,4),  (345,0),  (290,5),  (291,5),  (182,5),  (99,4),  (68,2),  (93,6),  (121,6),  (201,6),  (285,6),  (393,6),  (450,6), 


[Timing] Time passed: 200.093495 s

Posterior Probability: -101.2758765
Agreement with demo: 19%
Current angular diffs: 80'

Selected number of demos: 24

-- Positive Demos --
 (80,1),  (107,6),  (163,3),  (193,7),  (277,1),  (360,2),  (357,1),  (440,6),  (465,2),  (462,2),  (461,4),  (431,4),  (290,5),  (208,5),  (99,0),  (99,4),  (69,2),  (93,6),  (176,6),  (285,6),  (367,6),  (450,6),  (477,1), 


[Timing] Time passed: 208.630529 s

Posterior Probability: -118.8958736
Agreement with demo: 23%
Current angular diffs: 87'

Selected number of demos: 31

-- Positive Demos --
 (80,1),  (135,6),  (163,3),  (165,1),  (193,7),  (221,1),  (333,1),  (333,6),  (301,7),  (357,1),  (440,6),  (466,2),  (462,2),  (460,4),  (432,4),  (374,0),  (290,5),  (291,5),  (236,5),  (126,0),  (99,0),  (68,2),  (66,6),  (148,6),  (176,6),  (230,6),  (257,6),  (285,6),  (422,1),  (477,1), 


[Timing] Time passed: 201.286308 s

Posterior Probability: -136.3683017
Agreement with demo: 13%
Current angular diffs: 86'

Selected number of demos: 28

-- Positive Demos --
 (52,6),  (80,6),  (80,1),  (163,3),  (164,7),  (193,1),  (221,1),  (250,1),  (333,1),  (301,7),  (386,1),  (413,1),  (412,6),  (467,2),  (465,2),  (491,2),  (432,4),  (402,0),  (374,0),  (290,5),  (208,5),  (99,4),  (69,2),  (121,6),  (202,6),  (285,6),  (312,6),  (393,6), 


[Timing] Time passed: 206.299767 s

Posterior Probability: -274.6451675
Agreement with demo: 5.5%
Current angular diffs: 98'

Selected number of demos: 28

-- Positive Demos --
 (80,6),  (107,6),  (135,6),  (162,3),  (164,7),  (221,1),  (333,1),  (332,4),  (301,7),  (413,1),  (468,6),  (466,2),  (491,2),  (460,4),  (431,4),  (374,4),  (290,5),  (236,5),  (154,0),  (70,4),  (66,6),  (176,6),  (201,6),  (257,6),  (393,6),  (450,6),  (477,1), 


[Timing] Time passed: 208.303673 s

Posterior Probability: -130.3863301
Agreement with demo: 3.9%
Current angular diffs: 88'

Selected number of demos: 49

-- Positive Demos --
 (52,6),  (52,1),  (80,1),  (107,6),  (135,6),  (162,3),  (136,3),  (165,1),  (193,1),  (221,1),  (250,1),  (305,1),  (333,1),  (360,2),  (303,4),  (301,7),  (357,1),  (386,1),  (412,6),  (440,6),  (468,6),  (466,2),  (492,2),  (462,2),  (461,4),  (460,4),  (431,4),  (374,0),  (374,4),  (290,5),  (291,5),  (264,5),  (208,5),  (182,5),  (126,0),  (99,4),  (70,4),  (68,2),  (66,6),  (93,6),  (148,6),  (202,6),  (230,6),  (285,6),  (312,6),  (367,6),  (422,1),  (450,6),  (477,1), 


[Timing] Time passed: 210.803547 s

Posterior Probability: -489.0611455
Agreement with demo: 3.9%
Current angular diffs: 1e+02'

Selected number of demos: 29

-- Positive Demos --
 (52,1),  (80,6),  (107,6),  (163,3),  (165,1),  (193,1),  (221,1),  (333,6),  (301,7),  (386,1),  (468,6),  (491,2),  (461,4),  (432,4),  (431,4),  (290,5),  (264,5),  (236,5),  (208,5),  (154,0),  (99,4),  (70,4),  (66,6),  (202,6),  (230,6),  (285,6),  (367,6),  (422,1), 


[Timing] Time passed: 210.260987 s

Posterior Probability: -93.59318214
Agreement with demo: 19%
Current angular diffs: 86'

Selected number of demos: 42

-- Positive Demos --
 (52,6),  (52,1),  (107,6),  (135,6),  (163,3),  (164,7),  (165,1),  (193,7),  (221,1),  (277,1),  (305,1),  (333,1),  (332,4),  (303,4),  (357,1),  (386,1),  (440,6),  (468,6),  (466,2),  (492,2),  (491,2),  (462,2),  (461,4),  (432,4),  (374,0),  (345,0),  (290,5),  (291,5),  (208,5),  (154,0),  (126,0),  (70,4),  (68,2),  (66,6),  (121,6),  (202,6),  (201,6),  (257,6),  (367,6),  (422,1),  (477,1), 


[Timing] Time passed: 188.022166 s

Posterior Probability: -510.8256843
Agreement with demo: 7.8%
Current angular diffs: 1e+02'

-----------------------------
Avg angular diffs: 80'
-- learned weights --
Feature Weights: -0.56925, -0.0135, -0.00025, -0.1, 
