arguments: 26 38 4 -0.864277 0.00384123 -0.00384123 -0.128041
loading features...

Initializing gridworld of size 28 by 22..
    Num states: 616
    Num actions: 8
recovered reward
-0.13, -0.13, -0.13, -0.13, -0.13, -0.13, -0.13, -0.13, -0.13, -0.14, -0.13, -0.13, -0.13, -0.14, -0.13, -0.13, -0.13, -0.14, -0.13, -0.13, -0.14, -0.13, -0.14, -0.13, -0.13, -0.14, -0.13, -0.13, 
-0.14, -0.13, -0.13, -0.14, -0.13, -0.13, -0.14, -0.13, -0.13, -0.13, -0.13, -0.13, -0.13, -0.13, -0.13, -0.13, -0.12, -0.12, -0.13, -0.13, -0.13, -0.13, -0.13, -0.13, -0.13, -0.13, -0.13, -0.13, 
-0.13, -0.13, -0.13, -0.13, -0.13, -0.13, -0.13, -0.13, -0.13, -0.13, -0.13, -0.13, -0.13, -0.13, -0.13, -0.13, -0.13, -0.13, -0.13, -0.13, -0.13, -0.13, -0.13, -0.13, -0.13, -0.13, -0.13, -0.13, 
-0.14, -0.13, -0.13, -0.13, -0.13, -0.13, -0.13, -0.13, -0.13, -0.12, -0.13, -0.13, -0.13, -0.12, -0.13, -0.13, -0.13, -0.13, -0.13, -0.13, -0.13, -0.13, -0.13, -0.13, -0.13, -0.13, -0.13, -0.13, 
-0.13, -0.13, -0.13, -0.13, -0.13, -0.13, -0.13, -0.13, -0.12, -0.13, -0.13, -0.13, -0.13, -0.13, -0.13, -0.13, -0.99, -0.13, -0.13, -0.13, -0.13, -0.13, -0.13, -0.13, -0.13, -0.13, -0.14, -0.13, 
-0.13, -0.13, -0.13, -0.13, -0.13, -0.13, -0.13, -0.13, -0.13, -0.13, -0.13, -0.99, -0.13, -0.13, -0.99, -0.13, -0.13, -0.13, -0.13, -0.13, -0.13, -0.13, -0.13, -0.13, -0.13, -0.13, -0.13, -0.13, 
-0.13, -0.13, -0.13, -0.13, -0.13, -0.13, -0.13, -0.13, -0.13, -0.13, -0.13, -0.13, -0.13, -0.13, -0.13, -0.13, -0.13, -0.13, -0.13, -0.13, -0.13, -0.13, -0.13, -0.13, -0.13, -0.13, -0.13, -0.13, 
-0.13, -0.13, -0.13, -0.13, -0.13, -0.13, -0.13, -0.13, -0.13, -0.13, -0.13, -0.13, -0.13, -0.13, -0.13, -0.13, -0.13, -0.13, -0.99, -0.13, -0.13, -0.13, -0.13, -0.13, -0.13, -0.13, -0.14, -0.13, 
-0.13, -0.13, -0.13, -0.13, -0.13, -0.13, -0.13, -0.13, -0.13, -0.13, -0.13, -0.13, -0.13, -0.13, -0.13, -0.13, -0.13, -0.13, -0.13, -0.13, -0.13, -0.13, -0.13, -0.13, -0.13, -0.13, -0.13, -0.13, 
-0.13, -0.13, -0.13, -0.13, -0.13, -0.13, -0.13, -0.13, -0.13, -0.13, -0.13, -0.13, -0.13, -0.13, -0.13, -0.13, -0.13, -0.13, -0.12, -0.13, -0.13, -0.13, -0.13, -0.13, -0.13, -0.13, -0.13, -0.13, 
-0.13, -0.13, -0.13, -0.13, -0.13, -0.12, -0.13, -0.13, -0.13, -0.13, -0.13, -0.12, -0.13, -0.13, -0.13, -0.13, -0.13, -0.13, -0.13, -0.13, -0.13, -0.13, -0.13, -0.13, -0.13, -0.13, -0.14, -0.13, 
-0.13, -0.13, -0.13, -0.13, -0.13, -0.99, -0.13, -0.13, -0.13, -0.13, -0.13, -0.13, -0.13, -0.13, -0.13, -0.13, -0.13, -0.13, -0.13, -0.13, -0.13, -0.13, -0.13, -0.13, -0.13, -0.13, -0.13, -0.13, 
-0.13, -0.13, -0.13, -0.13, -0.13, -0.13, -0.13, -0.13, -0.13, -0.13, -0.13, -0.13, -0.13, -0.13, -0.99, -0.13, -0.13, -0.13, -0.13, -0.13, -0.13, -0.13, -0.13, -0.99, -0.13, -0.13, -0.13, -0.13, 
-0.14, -0.13, -0.13, -0.14, -0.13, -0.13, -0.13, -0.13, -0.13, -0.13, -0.13, -0.13, -0.13, -0.13, -0.13, -0.13, -0.13, -0.13, -0.13, -0.13, -0.13, -0.99, -0.13, -0.13, -0.13, -0.13, -0.13, -0.13, 
-0.13, -0.13, -0.99, -0.13, -0.13, -0.13, -0.13, -0.13, -0.13, -0.13, -0.13, -0.13, -0.13, -0.13, -0.13, -0.13, -0.13, -0.13, -0.13, -0.13, -0.13, -0.13, -0.13, -0.13, -0.13, -0.13, -0.13, -0.13, 
-0.13, -0.13, -0.13, -0.13, -0.13, -0.13, -0.13, -0.13, -0.13, -0.13, -0.12, -0.13, -0.13, -0.13, -0.13, -0.13, -0.13, -0.13, -0.13, -0.13, -0.13, -0.13, -0.13, -0.13, -0.13, -0.13, -0.13, -0.13, 
-0.13, -0.13, -0.13, -0.13, -0.99, -0.13, -0.13, -0.13, -0.13, -0.13, -0.13, -0.13, -0.13, -0.13, -0.13, -0.13, -0.13, -0.13, -0.13, -0.13, -0.13, -0.13, -0.13, -0.13, -0.13, -0.13, -0.13, -0.13, 
-0.13, -0.13, -0.13, -0.13, -0.13, -0.13, -0.13, -0.13, -0.13, -0.13, -0.99, -0.13, -0.13, -0.13, -0.13, -0.13, -0.13, -0.13, -0.13, -0.13, -0.13, -0.13, -0.13, -0.13, -0.13, -0.13, -0.13, -0.13, 
-0.13, -0.13, -0.13, -0.13, -0.99, -0.13, -0.13, -0.13, -0.13, -0.13, -0.13, -0.13, -0.12, -0.13, -0.13, -0.13, -0.12, -0.13, -0.13, -0.13, -0.13, -0.13, -0.13, -0.13, -0.13, -0.13, -0.13, -0.13, 
-0.13, -0.13, -0.13, -0.13, -0.13, -0.13, -0.13, -0.13, -0.13, -0.13, -0.13, -0.13, -0.13, -0.13, -0.13, -0.13, -0.13, -0.13, -0.13, -0.13, -0.13, -0.13, -0.13, -0.13, -0.13, -0.13, -0.13, -0.13, 
-0.13, -0.13, -0.13, -0.13, -0.13, -0.13, -0.13, -0.13, -0.13, -0.13, -0.13, -0.13, -0.13, -0.13, -0.13, -0.13, -0.13, -0.13, -0.13, -0.13, -0.13, -0.13, -0.13, -0.13, -0.13, -0.13, -0.13, -0.13, 
-0.13, -0.13, -0.13, -0.13, -0.13, -0.13, -0.13, -0.13, -0.13, -0.13, -0.13, -0.13, -0.13, -0.13, -0.13, -0.13, -0.13, -0.13, -0.13, -0.13, -0.13, -0.13, -0.13, -0.13, -0.13, -0.13, -0.13, -0.13, 
-- optimal policy --
r  r  >  r  r  v  r  v  v  v  v  v  l  r  >  r  r  v  l  l  l  l  l  l  l  l  l  l  
r  r  r  r  r  r  v  r  v  v  v  l  l  r  r  >  >  <  <  <  l  l  <  <  <  <  <  <  
r  r  r  r  r  r  r  v  r  v  l  l  r  v  >  R  R  ^  L  <  <  l  l  l  L  L  L  <  
r  r  r  r  r  r  r  r  v  l  <  <  >  >  R  R  ^  R  ^  L  L  <  l  l  l  l  L  L  
r  r  r  r  r  r  r  >  R  <  L  <  R  ^  L  R  ^  ^  R  ^  L  L  <  l  l  l  l  L  
r  r  r  r  r  r  >  R  ^  L  <  L  L  ^  L  L  R  ^  ^  L  ^  L  L  <  l  l  l  l  
r  r  r  r  r  >  R  ^  ^  L  L  <  l  L  L  ^  L  ^  L  ^  L  ^  L  L  <  l  l  <  
r  r  r  r  >  R  R  R  R  ^  ^  L  <  <  L  L  ^  L  R  ^  ^  L  ^  L  L  <  <  l  
r  r  r  >  R  R  R  ^  R  ^  L  L  L  <  <  L  ^  L  L  ^  ^  ^  L  L  L  L  <  <  
r  r  >  R  ^  ^  ^  R  R  ^  ^  ^  ^  L  <  l  L  >  ^  <  ^  L  ^  L  L  L  L  <  
r  >  R  ^  >  ^  <  ^  L  ^  >  ^  <  ^  L  <  <  R  ^  L  <  ^  L  L  ^  L  L  L  
>  R  ^  >  R  ^  L  <  ^  >  R  ^  L  <  ^  L  <  R  ^  L  L  <  ^  L  L  L  L  ^  
R  ^  >  R  ^  L  ^  L  <  R  ^  ^  ^  L  <  ^  L  <  ^  L  L  L  <  ^  L  ^  L  L  
^  >  R  ^  ^  L  ^  L  L  ^  R  ^  L  ^  L  <  ^  L  <  ^  L  L  L  L  ^  L  ^  L  
>  R  ^  L  R  ^  L  ^  ^  L  ^  ^  ^  L  ^  L  <  ^  L  <  ^  L  ^  L  L  ^  L  ^  
R  ^  L  R  ^  R  ^  L  ^  >  R  <  R  ^  L  L  L  <  ^  L  <  ^  L  ^  L  L  ^  L  
R  ^  L  ^  ^  ^  L  ^  >  R  ^  L  <  ^  ^  L  L  L  <  L  L  <  L  L  ^  L  L  ^  
^  R  ^  ^  R  R  ^  >  R  R  ^  ^  L  l  ^  ^  L  L  L  <  L  L  <  L  L  L  L  <  
R  ^  ^  R  R  ^  >  R  R  ^  L  >  ^  <  l  >  ^  <  L  L  <  L  L  <  L  ^  L  L  
^  ^  R  ^  L  >  R  R  R  ^  R  R  ^  L  <  R  ^  L  L  L  L  L  L  L  L  ^  ^  L  
^  ^  R  R  >  R  R  ^  R  R  R  R  ^  ^  L  <  L  L  L  L  L  L  L  L  L  L  ^  ^  
R  R  R  >  R  R  R  R  R  R  R  ^  ^  ^  ^  L  L  L  L  L  L  L  L  L  ^  L  <  ^  
Correct actions (%) : 12.84
Avg angular diffs   : 85.46
