arguments: 26 10 1 0.00994036 -0.0596421 -0.532803 -0.397614
loading features...

Initializing gridworld of size 28 by 22..
    Num states: 616
    Num actions: 8
recovered reward
-0.40, -0.40, -0.40, -0.40, -0.40, -0.40, -0.40, -0.40, -0.39, -1.62, -0.40, -0.40, -0.40, -1.68, -0.40, -0.40, -0.40, -1.73, -0.40, -0.40, -1.78, -0.40, -1.84, -0.40, -0.40, -1.89, -0.40, -0.40, 
-0.40, -0.40, -0.40, -0.40, -0.40, -0.40, -1.57, -0.39, -0.39, -0.39, -0.40, -0.40, -0.40, -0.40, -0.40, -0.40, -0.40, -0.40, -0.40, -0.40, -0.40, -0.40, -0.40, -0.40, -0.40, -0.40, -0.40, -0.40, 
-0.40, -0.40, -0.40, -0.41, -0.43, -0.41, -0.40, -0.40, -0.39, -0.40, -0.40, -0.40, -0.40, -0.40, -0.40, -0.40, -0.40, -0.40, -0.40, -0.40, -0.40, -0.40, -0.40, -0.40, -0.40, -0.40, -0.40, -0.40, 
-0.40, -0.40, -0.40, -0.43, -1.58, -0.43, -0.40, -0.40, -0.40, -0.40, -0.40, -0.40, -0.40, -0.40, -0.40, -0.40, -0.40, -0.40, -0.40, -0.40, -0.40, -0.40, -0.40, -0.40, -0.40, -0.40, -0.40, -0.40, 
-0.40, -0.40, -0.40, -0.41, -0.43, -0.41, -0.40, -0.40, -0.40, -0.40, -0.39, -0.40, -0.40, -0.40, -0.40, -0.40, -0.40, -0.40, -0.40, -0.40, -0.40, -0.40, -0.40, -0.40, -0.40, -0.40, -0.40, -0.40, 
-0.40, -0.40, -0.40, -0.40, -0.39, -0.40, -0.41, -0.43, -0.41, -0.39, -0.40, -0.39, -0.40, -0.40, -0.40, -0.40, -0.40, -0.40, -0.40, -0.40, -0.40, -0.40, -0.40, -0.40, -0.40, -0.40, -0.40, -0.40, 
-0.41, -0.43, -0.41, -0.39, -1.45, -0.39, -0.43, -0.46, -0.42, -0.39, -0.39, -0.40, -0.40, -0.40, -0.40, -0.40, -0.39, -0.40, -0.40, -0.40, -0.40, -0.40, -0.40, -0.40, -0.40, -0.40, -0.40, -0.40, 
-0.43, -0.46, -0.43, -0.40, -0.39, -0.40, -1.42, -0.43, -0.41, -0.39, -0.40, -0.39, -0.39, -0.40, -0.40, -0.39, -0.39, -0.39, -0.40, -0.40, -0.40, -0.40, -0.40, -0.40, -0.40, -0.40, -0.40, -0.40, 
-0.41, -0.43, -0.41, -0.40, -0.40, -0.40, -0.40, -0.40, -0.40, -0.40, -0.40, -0.39, -0.40, -0.40, -0.40, -0.40, -0.39, -0.40, -0.39, -0.40, -0.40, -0.40, -0.40, -0.40, -0.40, -0.40, -0.40, -0.40, 
-0.40, -0.40, -0.40, -0.40, -0.40, -0.40, -0.40, -1.36, -0.40, -0.40, -0.40, -0.40, -0.40, -0.40, -0.40, -0.40, -0.40, -0.39, -0.40, -0.40, -0.40, -0.40, -0.40, -0.40, -0.40, -0.40, -0.40, -0.40, 
-0.40, -0.40, -0.40, -0.40, -0.40, -0.40, -0.40, -0.40, -0.40, -0.40, -0.40, -0.41, -0.43, -0.41, -0.43, -0.41, -0.40, -0.40, -0.40, -0.40, -0.40, -0.40, -0.40, -0.40, -0.40, -0.40, -0.40, -0.40, 
-0.40, -0.40, -0.40, -0.40, -0.40, -0.40, -0.40, -0.40, -0.40, -0.40, -0.40, -0.43, -0.46, -0.43, -0.46, -0.43, -0.40, -0.40, -0.40, -0.40, -0.40, -0.40, -0.40, -0.40, -0.40, -0.40, -0.40, -0.40, 
-0.40, -0.40, -0.40, -0.40, -0.40, -0.40, -0.40, -0.40, -0.40, -0.40, -0.40, -0.41, -0.43, -0.41, -0.43, -0.41, -0.40, -0.40, -0.40, -0.41, -0.43, -0.41, -0.40, -0.40, -0.40, -0.40, -0.40, -0.40, 
-0.40, -0.40, -0.40, -0.40, -0.40, -0.40, -0.40, -1.30, -0.40, -0.40, -0.40, -0.40, -0.40, -0.40, -0.41, -0.43, -0.41, -0.40, -0.40, -0.43, -0.46, -0.43, -0.40, -0.40, -0.40, -0.40, -0.40, -0.40, 
-0.40, -0.40, -0.40, -0.40, -0.40, -0.40, -0.40, -0.41, -1.28, -0.41, -0.40, -0.40, -0.40, -0.40, -0.42, -0.45, -0.43, -0.40, -0.40, -0.41, -1.07, -0.41, -0.40, -0.98, -0.40, -0.40, -0.93, -0.40, 
-0.40, -0.40, -0.40, -0.40, -0.40, -0.40, -0.40, -0.41, -0.43, -0.41, -0.40, -0.40, -1.20, -0.39, -0.40, -1.17, -0.41, -0.40, -1.10, -0.42, -0.41, -0.40, -0.40, -0.40, -0.40, -0.40, -0.40, -0.40, 
-0.40, -0.40, -0.40, -0.40, -0.40, -0.40, -0.40, -0.43, -0.46, -0.43, -0.40, -0.40, -0.40, -0.40, -0.39, -0.40, -0.40, -0.39, -0.42, -0.45, -0.43, -0.40, -0.40, -0.40, -0.40, -0.40, -0.40, -0.40, 
-0.40, -0.40, -0.40, -0.40, -0.40, -0.40, -0.40, -0.41, -0.43, -0.41, -0.40, -0.40, -0.40, -0.40, -0.40, -0.40, -0.40, -0.40, -0.41, -0.42, -0.41, -0.40, -0.40, -0.40, -0.40, -0.40, -0.40, -0.88, 
-0.40, -0.40, -0.40, -0.40, -0.40, -0.40, -0.40, -0.40, -0.40, -0.40, -0.40, -0.40, -0.40, -0.40, -0.40, -0.40, -0.40, -0.40, -0.41, -0.42, -0.41, -0.40, -0.40, -0.40, -0.40, -0.40, -0.40, -0.40, 
-0.40, -0.40, -0.45, -0.40, -0.40, -0.50, -0.40, -0.40, -0.56, -0.40, -0.40, -0.61, -0.40, -0.40, -0.66, -0.40, -0.40, -0.72, -0.40, -0.39, -0.77, -0.40, -0.40, -0.82, -0.40, -0.40, -0.40, -0.40, 
-0.40, -0.40, -0.40, -0.40, -0.40, -0.40, -0.40, -0.40, -0.40, -0.40, -0.40, -0.40, -0.40, -0.40, -0.40, -0.40, -0.40, -0.40, -0.40, -0.40, -0.40, -0.40, -0.40, -0.40, -0.40, -0.40, -0.40, -0.40, 
-0.40, -0.40, -0.40, -0.40, -0.40, -0.40, -0.40, -0.40, -0.40, -0.40, -0.40, -0.40, -0.40, -0.40, -0.40, -0.40, -0.40, -0.40, -0.40, -0.40, -0.40, -0.40, -0.40, -0.40, -0.40, -0.40, -0.40, -0.40, 
-- optimal policy --
r  r  r  >  r  >  r  r  v  l  l  l  l  l  l  l  l  r  v  v  v  v  l  l  l  l  l  l  
r  r  >  R  >  r  >  >  v  <  <  <  <  l  l  l  v  r  v  v  v  l  l  l  l  l  l  l  
r  >  R  R  R  >  R  R  ^  L  L  <  l  l  l  v  r  v  v  v  l  l  l  l  l  l  l  l  
r  r  v  l  R  R  R  R  ^  L  v  l  l  l  v  r  v  v  v  l  l  l  l  l  l  l  l  l  
r  r  r  r  r  R  R  ^  r  v  l  v  l  l  r  v  r  v  l  l  l  l  l  l  l  l  l  l  
>  >  r  >  >  R  ^  R  r  v  l  l  <  l  r  r  v  l  l  l  l  l  l  l  l  l  l  l  
R  R  >  R  R  ^  L  r  >  >  r  v  l  l  r  r  v  l  l  l  l  l  l  l  <  <  <  <  
^  R  R  >  R  ^  r  r  R  ^  >  v  <  <  >  >  v  <  <  l  l  l  l  l  l  l  l  l  
r  r  R  R  ^  r  >  >  R  ^  R  ^  L  L  R  R  ^  L  L  <  <  <  l  l  l  l  <  <  
r  >  R  ^  r  >  R  R  ^  R  R  ^  L  L  R  R  ^  L  ^  L  L  <  <  l  l  l  l  l  
>  R  R  r  >  R  >  R  R  R  ^  L  L  L  R  R  R  ^  L  L  L  L  <  <  l  l  l  l  
R  R  r  >  R  >  R  R  R  R  ^  L  L  ^  R  R  ^  R  ^  L  L  L  L  L  <  <  <  <  
R  r  >  R  >  R  R  R  R  ^  L  L  l  l  >  R  R  ^  L  ^  L  L  L  L  <  l  l  l  
r  >  R  >  R  R  R  ^  R  R  ^  L  <  <  R  R  R  R  ^  L  L  R  ^  L  L  <  <  <  
>  R  >  R  R  R  ^  R  ^  R  R  ^  L  <  l  R  R  ^  L  L  r  R  R  ^  L  L  <  L  
R  >  R  R  R  R  ^  L  L  R  ^  ^  L  L  <  l  R  ^  ^  L  >  R  ^  L  ^  L  L  <  
>  R  R  R  R  ^  L  L  R  R  ^  ^  R  ^  L  <  R  ^  L  l  R  ^  ^  L  L  ^  L  L  
R  R  R  R  ^  R  ^  L  r  R  ^  R  R  R  ^  L  R  ^  L  <  R  ^  L  ^  L  L  L  L  
R  R  R  ^  R  ^  L  L  <  R  R  R  R  R  ^  R  R  ^  L  v  l  ^  ^  ^  ^  L  ^  L  
R  R  ^  R  ^  ^  ^  L  L  R  R  R  R  ^  R  R  R  ^  L  <  <  l  l  ^  ^  ^  L  ^  
R  ^  L  ^  ^  L  ^  ^  R  R  ^  R  ^  L  R  R  ^  R  R  ^  L  <  l  l  ^  ^  ^  L  
^  L  ^  ^  ^  ^  ^  R  R  R  R  ^  L  R  R  R  R  R  ^  L  L  L  <  <  <  ^  L  ^  
Correct actions (%) : 20.93
Avg angular diffs   : 67.50
