arguments: 26 38 4 -0.325 -0.317857 5.69981e-16 -0.357143
loading features...

Initializing gridworld of size 28 by 22..
    Num states: 616
    Num actions: 8
recovered reward
-0.36, -0.36, -0.36, -0.36, -0.36, -0.36, -0.36, -0.36, -0.36, -0.36, -0.36, -0.36, -0.36, -0.36, -0.36, -0.36, -0.36, -0.36, -0.36, -0.36, -0.36, -0.36, -0.36, -0.36, -0.36, -0.36, -0.36, -0.36, 
-0.36, -0.36, -0.36, -0.36, -0.36, -0.36, -0.36, -0.36, -0.36, -0.36, -0.36, -0.36, -0.36, -0.36, -0.36, -0.36, -0.68, -0.68, -0.36, -0.36, -0.36, -0.36, -0.36, -0.36, -0.36, -0.36, -0.36, -0.36, 
-0.36, -0.36, -0.36, -0.36, -0.36, -0.36, -0.36, -0.36, -0.36, -0.36, -0.36, -0.36, -0.36, -0.36, -0.36, -0.36, -0.36, -0.36, -0.36, -0.36, -0.36, -0.36, -0.36, -0.36, -0.36, -0.36, -0.36, -0.36, 
-0.36, -0.36, -0.36, -0.36, -0.36, -0.36, -0.36, -0.36, -0.36, -0.68, -0.36, -0.36, -0.36, -0.68, -0.36, -0.36, -0.36, -0.36, -0.36, -0.36, -0.36, -0.36, -0.36, -0.36, -0.36, -0.36, -0.36, -0.36, 
-0.36, -0.36, -0.36, -0.36, -0.36, -0.36, -0.36, -0.36, -0.68, -0.36, -0.36, -0.36, -0.36, -0.36, -0.36, -0.36, -0.68, -0.36, -0.36, -0.36, -0.36, -0.36, -0.36, -0.36, -0.36, -0.36, -0.36, -0.36, 
-0.36, -0.36, -0.36, -0.36, -0.36, -0.36, -0.36, -0.36, -0.36, -0.36, -0.36, -1.00, -0.36, -0.36, -0.68, -0.36, -0.36, -0.36, -0.36, -0.36, -0.36, -0.36, -0.36, -0.36, -0.36, -0.36, -0.36, -0.36, 
-0.36, -0.36, -0.36, -0.36, -0.36, -0.36, -0.36, -0.36, -0.36, -0.36, -0.36, -0.36, -0.36, -0.36, -0.36, -0.36, -0.36, -0.36, -0.36, -0.36, -0.36, -0.36, -0.36, -0.36, -0.36, -0.36, -0.36, -0.36, 
-0.36, -0.36, -0.36, -0.36, -0.36, -0.36, -0.36, -0.36, -0.36, -0.36, -0.36, -0.36, -0.36, -0.36, -0.36, -0.36, -0.36, -0.36, -0.68, -0.36, -0.36, -0.36, -0.36, -0.36, -0.36, -0.36, -0.36, -0.36, 
-0.36, -0.36, -0.36, -0.36, -0.36, -0.36, -0.36, -0.36, -0.36, -0.36, -0.36, -0.36, -0.36, -0.36, -0.36, -0.36, -0.36, -0.36, -0.36, -0.36, -0.36, -0.36, -0.36, -0.36, -0.36, -0.36, -0.36, -0.36, 
-0.36, -0.36, -0.36, -0.36, -0.36, -0.36, -0.36, -0.36, -0.36, -0.36, -0.36, -0.36, -0.36, -0.36, -0.36, -0.36, -0.36, -0.36, -0.68, -0.36, -0.36, -0.36, -0.36, -0.36, -0.36, -0.36, -0.36, -0.36, 
-0.36, -0.36, -0.36, -0.36, -0.36, -0.68, -0.36, -0.36, -0.36, -0.36, -0.36, -0.68, -0.36, -0.36, -0.36, -0.36, -0.36, -0.36, -0.36, -0.36, -0.36, -0.36, -0.36, -0.36, -0.36, -0.36, -0.36, -0.36, 
-0.36, -0.36, -0.36, -0.36, -0.36, -0.68, -0.36, -0.36, -0.36, -0.36, -0.36, -0.36, -0.36, -0.36, -0.36, -0.36, -0.36, -0.36, -0.36, -0.36, -0.36, -0.36, -0.36, -0.36, -0.36, -0.36, -0.36, -0.36, 
-0.36, -0.36, -0.36, -0.36, -0.36, -0.36, -0.36, -0.36, -0.36, -0.36, -0.36, -0.36, -0.36, -0.36, -0.68, -0.36, -0.36, -0.36, -0.36, -0.36, -0.36, -0.36, -0.36, -0.68, -0.36, -0.36, -0.36, -0.36, 
-0.36, -0.36, -0.36, -0.36, -0.36, -0.36, -0.36, -0.36, -0.36, -0.36, -0.36, -0.36, -0.36, -0.36, -0.36, -0.36, -0.36, -0.36, -0.36, -0.36, -0.36, -0.68, -0.36, -0.36, -0.36, -0.36, -0.36, -0.36, 
-0.36, -0.36, -0.68, -0.36, -0.36, -0.36, -0.36, -0.36, -0.36, -0.36, -0.36, -0.36, -0.36, -0.36, -0.36, -0.36, -0.36, -0.36, -0.36, -0.36, -0.36, -0.36, -0.36, -0.36, -0.36, -0.36, -0.36, -0.36, 
-0.36, -0.36, -0.36, -0.36, -0.36, -0.36, -0.36, -0.36, -0.36, -0.36, -0.68, -0.36, -0.36, -0.36, -0.36, -0.36, -0.36, -0.36, -0.36, -0.36, -0.36, -0.36, -0.36, -0.36, -0.36, -0.36, -0.36, -0.36, 
-0.36, -0.36, -0.36, -0.36, -0.68, -0.36, -0.36, -0.36, -0.36, -0.36, -0.36, -0.36, -0.36, -0.36, -0.36, -0.36, -0.36, -0.36, -0.36, -0.36, -0.36, -0.36, -0.36, -0.36, -0.36, -0.36, -0.36, -0.36, 
-0.36, -0.36, -0.36, -0.36, -0.36, -0.36, -0.36, -0.36, -0.36, -0.36, -0.68, -0.36, -0.36, -0.36, -0.36, -0.36, -0.36, -0.36, -0.36, -0.36, -0.36, -0.36, -0.36, -0.36, -0.36, -0.36, -0.36, -0.36, 
-0.36, -0.36, -0.36, -0.36, -0.68, -0.36, -0.36, -0.36, -0.36, -0.36, -0.36, -0.36, -0.68, -0.36, -0.36, -0.36, -0.68, -0.36, -0.36, -0.36, -0.36, -0.36, -0.36, -0.36, -0.36, -0.36, -0.36, -0.36, 
-0.36, -0.36, -0.36, -0.36, -0.36, -0.36, -0.36, -0.36, -0.36, -0.36, -0.36, -0.36, -0.36, -0.36, -0.36, -0.36, -0.36, -0.36, -0.36, -0.36, -0.36, -0.36, -0.36, -0.36, -0.36, -0.36, -0.36, -0.36, 
-0.36, -0.36, -0.36, -0.36, -0.36, -0.36, -0.36, -0.36, -0.36, -0.36, -0.36, -0.36, -0.36, -0.36, -0.36, -0.36, -0.36, -0.36, -0.36, -0.36, -0.36, -0.36, -0.36, -0.36, -0.36, -0.36, -0.36, -0.36, 
-0.36, -0.36, -0.36, -0.36, -0.36, -0.36, -0.36, -0.36, -0.36, -0.36, -0.36, -0.36, -0.36, -0.36, -0.36, -0.36, -0.36, -0.36, -0.36, -0.36, -0.36, -0.36, -0.36, -0.36, -0.36, -0.36, -0.36, -0.36, 
-- optimal policy --
>  R  <  >  >  >  ^  <  >  >  >  R  L  <  >  >  >  L  <  >  ^  R  <  >  >  L  >  ^  
v  ^  L  R  R  R  ^  L  R  R  R  ^  ^  L  R  R  R  ^  L  R  ^  ^  L  R  R  ^  l  R  
l  <  v  l  <  v  v  v  v  r  v  v  >  r  v  r  v  v  >  >  >  >  >  >  >  >  v  L  
^  L  l  <  L  v  v  v  l  v  r  v  v  >  r  v  r  v  v  R  R  R  R  R  R  ^  >  >  
v  l  <  L  v  v  v  v  v  v  >  r  r  R  >  r  v  >  r  v  v  r  v  >  r  R  ^  ^  
<  <  L  v  v  v  v  v  v  l  v  >  >  r  r  v  >  r  >  r  v  v  >  >  >  >  >  R  
^  L  v  v  v  v  v  v  l  v  v  v  v  >  >  r  v  v  >  >  >  r  ^  R  R  >  >  R  
v  v  v  v  v  v  v  l  v  v  l  v  l  v  >  >  >  r  v  R  >  r  v  v  >  >  >  v  
v  v  v  v  v  v  l  v  v  l  v  l  v  r  v  >  r  v  l  v  r  v  r  v  v  >  >  R  
v  v  v  v  v  l  v  v  l  <  v  l  v  v  r  v  >  r  v  v  v  r  >  r  v  v  R  ^  
v  v  v  v  l  <  v  l  v  l  r  v  v  v  v  r  v  >  r  v  v  v  v  >  >  >  r  v  
v  v  v  l  <  L  r  v  l  <  v  r  v  v  l  v  r  v  >  r  v  v  l  R  R  ^  >  R  
v  v  l  <  L  v  v  l  v  l  v  v  r  v  v  l  >  r  v  >  v  l  <  L  r  R  R  ^  
v  l  <  L  v  v  l  <  l  v  r  v  v  r  v  <  v  >  r  v  r  v  L  v  v  >  r  v  
l  <  L  v  v  l  v  v  v  v  >  r  v  v  l  v  r  v  >  r  v  l  <  v  l  >  >  >  
l  <  >  v  r  v  l  r  v  v  v  v  r  v  <  r  v  r  v  >  r  <  l  v  <  R  R  ^  
^  L  v  r  v  l  v  v  r  v  l  v  l  l  v  v  r  v  r  v  l  r  v  l  <  r  v  v  
L  <  v  v  r  v  v  v  v  v  l  l  r  v  v  v  >  r  v  r  v  v  l  <  L  >  r  v  
^  L  r  v  v  r  v  r  v  l  v  l  >  v  r  v  r  v  l  >  >  r  v  l  v  v  >  R  
<  <  v  v  l  >  >  >  r  <  l  <  v  r  v  l  v  v  v  R  ^  L  l  <  r  v  v  r  
L  <  r  v  l  v  v  v  v  v  l  <  r  v  l  v  >  >  v  v  v  l  ^  L  v  l  v  R  
^  L  >  r  <  v  l  v  r  l  <  >  >  v  ^  r  >  >  r  l  l  v  v  <  r  v  r  v  
Correct actions (%) : 7.34
Avg angular diffs   : 99.08
