arguments: 26 41 4 -0.266355 -0.495327 -0.0046729 -0.233645
loading features...

Initializing gridworld of size 28 by 22..
    Num states: 616
    Num actions: 8
recovered reward
-0.23, -0.23, -0.23, -0.23, -0.23, -0.23, -0.23, -0.23, -0.23, -0.23, -0.23, -0.23, -0.23, -0.23, -0.23, -0.23, -0.23, -0.23, -0.23, -0.23, -0.23, -0.23, -0.23, -0.23, -0.23, -0.23, -0.23, -0.23, 
-0.23, -0.23, -0.23, -0.23, -0.23, -0.23, -0.23, -0.23, -0.23, -0.23, -0.23, -0.23, -0.50, -0.23, -0.23, -0.23, -0.23, -0.23, -0.23, -0.23, -0.23, -0.23, -0.23, -0.23, -0.23, -0.24, -0.23, -0.23, 
-0.23, -0.23, -0.23, -0.23, -0.23, -0.23, -0.23, -0.23, -0.23, -0.23, -0.23, -0.23, -0.23, -0.23, -0.24, -0.23, -0.23, -0.73, -0.23, -0.23, -0.23, -0.23, -0.73, -0.23, -0.23, -0.23, -0.23, -0.23, 
-0.23, -0.23, -0.23, -0.23, -0.23, -0.23, -0.23, -0.23, -0.23, -0.23, -0.23, -0.24, -0.23, -0.23, -0.50, -0.23, -0.24, -0.23, -0.23, -0.23, -0.23, -0.23, -0.23, -0.24, -0.23, -0.23, -0.23, -0.23, 
-0.23, -0.23, -0.23, -0.23, -0.23, -0.23, -0.23, -0.23, -0.23, -0.73, -0.50, -0.23, -0.23, -0.23, -0.23, -0.23, -0.23, -0.23, -0.73, -0.23, -0.23, -0.23, -0.23, -0.23, -0.23, -0.23, -0.23, -0.23, 
-0.23, -0.23, -0.23, -0.23, -0.23, -0.23, -0.23, -0.23, -0.23, -0.23, -0.23, -0.23, -0.23, -0.23, -0.23, -0.23, -0.23, -0.23, -0.23, -0.23, -0.23, -0.23, -0.23, -0.23, -0.23, -0.23, -0.23, -0.23, 
-0.23, -0.23, -0.50, -0.23, -0.23, -0.23, -0.23, -0.24, -0.23, -0.23, -0.23, -0.23, -0.23, -0.23, -0.23, -0.23, -0.24, -0.23, -0.23, -0.23, -0.23, -0.23, -0.23, -0.74, -0.23, -0.23, -0.23, -0.23, 
-0.23, -0.23, -0.23, -0.23, -0.23, -0.23, -0.23, -0.23, -0.23, -0.23, -0.23, -0.23, -0.23, -0.23, -0.23, -0.23, -0.50, -0.50, -0.23, -0.23, -0.23, -0.23, -0.23, -0.23, -0.23, -0.23, -0.23, -0.23, 
-0.23, -0.23, -0.23, -0.23, -0.23, -0.23, -0.23, -0.23, -0.73, -0.23, -0.23, -0.23, -0.23, -0.23, -0.23, -0.23, -0.23, -0.23, -0.23, -0.23, -0.23, -0.50, -0.23, -0.23, -0.23, -0.23, -0.23, -0.23, 
-0.23, -0.23, -0.23, -0.23, -0.23, -0.23, -0.24, -0.23, -0.23, -0.23, -0.73, -0.23, -0.23, -0.23, -0.23, -0.23, -0.24, -0.23, -0.23, -0.23, -0.23, -0.23, -0.24, -0.23, -0.23, -0.23, -0.23, -0.23, 
-0.23, -0.23, -0.23, -0.23, -0.23, -0.23, -0.23, -0.23, -0.23, -0.23, -0.23, -0.23, -0.23, -0.23, -0.23, -0.23, -0.23, -0.23, -0.23, -0.23, -0.23, -0.23, -0.23, -0.23, -0.23, -0.23, -0.23, -0.23, 
-0.23, -0.23, -0.23, -0.23, -0.23, -0.23, -0.23, -0.23, -0.23, -0.23, -0.23, -0.23, -0.23, -0.23, -0.23, -0.23, -0.23, -0.23, -0.23, -0.23, -0.23, -0.23, -0.23, -0.23, -0.50, -0.50, -0.23, -0.23, 
-0.23, -0.23, -0.23, -0.50, -0.24, -0.23, -0.23, -0.23, -0.23, -0.23, -0.23, -0.23, -0.23, -0.23, -0.24, -0.23, -0.23, -0.23, -0.23, -0.23, -0.23, -0.23, -0.23, -0.23, -0.23, -0.23, -0.23, -0.23, 
-0.23, -0.23, -0.50, -0.23, -0.23, -0.73, -0.23, -0.23, -0.23, -0.23, -0.23, -0.23, -0.23, -0.23, -0.73, -0.23, -0.23, -0.23, -0.23, -0.23, -0.23, -0.24, -0.23, -0.23, -0.23, -0.23, -0.23, -0.23, 
-0.23, -0.23, -0.73, -0.24, -0.23, -0.23, -0.23, -0.23, -0.23, -0.23, -0.23, -0.23, -0.23, -0.23, -0.23, -0.23, -0.23, -0.23, -0.23, -0.23, -0.23, -0.23, -0.23, -0.23, -0.23, -0.23, -0.23, -0.23, 
-0.23, -0.23, -0.23, -0.23, -0.23, -0.23, -0.23, -0.23, -0.23, -0.23, -0.23, -0.23, -0.23, -0.23, -0.23, -0.24, -0.23, -0.23, -0.23, -0.23, -0.24, -0.23, -0.23, -0.23, -0.23, -0.23, -0.23, -0.23, 
-0.23, -0.23, -0.23, -0.23, -0.23, -0.23, -0.23, -0.23, -0.23, -0.23, -0.23, -0.23, -0.23, -0.23, -0.23, -0.23, -0.23, -0.23, -0.23, -0.23, -0.23, -0.23, -0.23, -0.23, -0.23, -0.23, -0.23, -0.23, 
-0.23, -0.23, -0.23, -0.23, -0.23, -0.23, -0.23, -0.23, -0.23, -0.23, -0.23, -0.23, -0.23, -0.23, -0.23, -0.23, -0.23, -0.23, -0.73, -0.23, -0.23, -0.23, -0.23, -0.23, -0.23, -0.23, -0.23, -0.23, 
-0.23, -0.23, -0.23, -0.23, -0.23, -0.23, -0.23, -0.23, -0.23, -0.73, -0.23, -0.23, -0.23, -0.23, -0.23, -0.24, -0.23, -0.23, -0.24, -0.23, -0.23, -0.23, -0.23, -0.23, -0.50, -0.23, -0.23, -0.23, 
-0.23, -0.23, -0.23, -0.23, -0.23, -0.23, -0.23, -0.23, -0.23, -0.23, -0.23, -0.23, -0.23, -0.23, -0.23, -0.23, -0.23, -0.23, -0.23, -0.23, -0.23, -0.23, -0.23, -0.23, -0.23, -0.23, -0.23, -0.23, 
-0.23, -0.23, -0.23, -0.23, -0.23, -0.23, -0.23, -0.23, -0.23, -0.23, -0.23, -0.23, -0.23, -0.23, -0.23, -0.23, -0.23, -0.23, -0.23, -0.23, -0.23, -0.23, -0.23, -0.23, -0.23, -0.23, -0.23, -0.23, 
-0.23, -0.23, -0.23, -0.23, -0.23, -0.23, -0.23, -0.23, -0.23, -0.23, -0.23, -0.23, -0.23, -0.23, -0.23, -0.23, -0.23, -0.23, -0.23, -0.23, -0.23, -0.23, -0.23, -0.23, -0.23, -0.23, -0.23, -0.23, 
-- optimal policy --
<  <  >  >  >  >  >  >  >  >  R  <  >  L  <  >  >  R  <  >  L  <  >  >  ^  <  R  <  
<  <  R  R  R  R  R  R  R  R  ^  L  R  ^  L  R  R  ^  L  ^  ^  L  R  R  ^  L  ^  v  
^  L  v  r  v  v  v  v  l  <  v  >  r  v  r  v  r  r  v  v  r  v  >  >  >  >  >  v  
L  <  r  v  r  v  v  l  <  L  r  r  v  r  >  r  v  >  r  v  v  r  v  >  >  >  r  v  
L  <  >  v  v  v  l  <  L  v  v  >  r  v  >  >  r  R  >  r  v  v  r  v  R  R  ^  r  
L  <  >  v  v  l  <  L  r  v  v  v  >  r  v  R  >  r  v  >  r  v  v  r  v  v  R  ^  
^  L  l  v  l  <  L  l  v  r  v  l  >  >  r  v  >  >  r  v  >  r  v  r  >  r  v  v  
<  l  <  v  v  v  l  <  r  v  l  v  v  R  >  r  R  >  >  r  v  >  >  r  v  v  r  v  
l  ^  L  v  v  l  <  L  v  l  r  v  v  l  >  >  r  R  >  >  r  v  l  >  r  r  v  R  
^  L  v  v  l  <  L  v  l  <  >  v  l  <  >  r  r  v  >  >  >  r  v  R  >  >  r  v  
v  v  v  l  <  L  v  l  <  r  v  r  v  l  <  >  >  r  v  >  >  >  r  R  ^  R  >  r  
v  v  l  <  L  v  l  <  r  v  r  v  l  v  l  >  >  >  r  >  r  v  v  r  v  R  ^  L  
v  l  <  L  v  l  v  v  v  r  v  r  v  l  <  v  >  >  >  >  >  r  r  v  l  <  r  v  
<  <  L  >  v  l  v  v  v  v  r  v  l  <  v  l  >  >  r  v  R  ^  >  v  v  v  >  r  
^  L  l  v  l  r  v  v  v  v  v  l  <  v  v  l  v  >  >  >  >  >  >  >  v  r  R  l  
v  l  <  r  v  v  l  r  v  v  v  v  v  v  v  v  v  v  R  R  R  R  R  ^  >  >  r  ^  
v  l  L  v  r  v  v  v  r  v  v  v  v  v  v  v  v  v  >  r  v  v  v  R  ^  >  >  R  
<  <  v  v  v  l  r  v  v  r  v  v  v  v  l  r  v  v  l  >  r  r  v  l  r  v  ^  R  
<  L  v  v  v  v  v  r  v  v  >  r  v  l  v  r  v  l  <  >  >  >  r  v  >  l  <  ^  
^  L  v  v  v  v  v  v  l  >  r  v  l  <  r  v  l  <  L  R  ^  >  >  v  v  <  L  l  
v  v  l  v  l  v  v  v  l  ^  >  r  v  v  v  r  ^  L  >  r  R  R  ^  r  r  v  l  <  
r  v  <  r  <  l  >  v  <  L  R  ^  >  r  r  v  r  <  >  >  >  >  >  l  v  l  <  L  
Correct actions (%) : 9.78
Avg angular diffs   : 94.40
