arguments: 26 9 1 0.0196078 0.470588 -0.0196078 -0.490196
loading features...

Initializing gridworld of size 28 by 22..
    Num states: 616
    Num actions: 8
recovered reward
-0.49, -0.49, -0.49, -0.49, -0.49, -0.49, -0.49, -0.49, -0.49, -0.49, -0.49, -0.49, -0.49, -0.49, -0.49, -0.49, -0.49, -0.49, -0.49, -0.49, -0.49, -0.49, -0.49, -0.49, -0.49, -0.49, -0.49, -0.49, 
-0.49, -0.49, -0.49, -0.49, -0.49, -0.49, -0.49, -0.49, -0.49, -0.49, -0.49, -0.49, -0.49, -0.49, -0.49, -0.49, -0.49, -0.49, -0.49, -0.49, -0.49, -0.49, -0.49, -0.49, -0.49, -0.53, -0.49, -0.49, 
-0.49, -0.49, -0.49, -0.49, -0.49, -0.49, -0.49, -0.49, -0.49, -0.49, -0.49, -0.49, -0.49, -0.49, -0.51, -0.49, -0.49, -0.49, -0.49, -0.49, -0.49, -0.49, -0.49, -0.49, -0.49, -0.49, -0.49, -0.49, 
-0.49, -0.49, -0.49, -0.49, -0.49, -0.49, -0.49, -0.49, -0.49, -0.49, -0.49, -0.51, -0.49, -0.49, -0.49, -0.49, -0.51, -0.49, -0.49, -0.49, -0.49, -0.49, -0.49, -0.53, -0.49, -0.49, -0.49, -0.49, 
-0.49, -0.49, -0.49, -0.49, -0.49, -0.49, -0.49, -0.49, -0.49, -0.50, -0.49, -0.49, -0.49, -0.49, -0.47, -0.49, -0.49, -0.49, -0.49, -0.49, -0.49, -0.49, -0.47, -0.49, -0.49, -0.49, -0.49, -0.49, 
-0.49, -0.49, -0.49, -0.49, -0.49, -0.49, -0.49, -0.49, -0.49, -0.49, -0.49, -0.49, -0.49, -0.02, -0.49, -0.49, -0.49, -0.49, -0.49, -0.49, -0.49, -0.02, -0.49, -0.49, -0.49, -0.49, -0.49, -0.49, 
-0.49, -0.49, -0.49, -0.49, -0.49, -0.49, -0.49, -0.50, -0.49, -0.49, -0.49, -0.49, -0.49, -0.49, -0.49, -0.49, -0.51, -0.49, -0.49, -0.49, -0.49, -0.49, -0.49, -0.53, -0.49, -0.49, -0.49, -0.49, 
-0.49, -0.49, -0.49, -0.49, -0.49, -0.49, -0.49, -0.49, -0.49, -0.49, -0.49, -0.49, -0.49, -0.49, -0.02, -0.49, -0.49, -0.49, -0.49, -0.49, -0.49, -0.49, -0.49, -0.49, -0.49, -0.49, -0.49, -0.49, 
-0.49, -0.49, -0.49, -0.49, -0.49, -0.49, -0.49, -0.49, -0.49, -0.49, -0.49, -0.49, -0.49, -0.49, -0.49, -0.49, -0.49, -0.49, -0.49, -0.49, -0.49, -0.49, -0.49, -0.49, -0.49, -0.49, -0.49, -0.49, 
-0.49, -0.49, -0.49, -0.49, -0.49, -0.49, -0.50, -0.47, -0.49, -0.49, -0.49, -0.02, -0.49, -0.49, -0.49, -0.49, -0.51, -0.49, -0.49, -0.49, -0.02, -0.49, -0.53, -0.49, -0.49, -0.49, -0.49, -0.49, 
-0.49, -0.49, -0.49, -0.49, -0.49, -0.49, -0.49, -0.49, -0.02, -0.49, -0.49, -0.49, -0.49, -0.49, -0.49, -0.49, -0.49, -0.49, -0.49, -0.49, -0.49, -0.49, -0.49, -0.49, -0.49, -0.49, -0.49, -0.49, 
-0.49, -0.49, -0.49, -0.49, -0.47, -0.49, -0.49, 0.00, -0.49, -0.49, -0.47, -0.49, -0.49, -0.49, -0.47, -0.49, -0.49, -0.49, -0.49, -0.49, -0.49, -0.49, -0.49, -0.49, -0.49, -0.49, -0.49, -0.49, 
-0.49, -0.49, -0.49, -0.49, -0.50, -0.49, -0.49, -0.49, -0.49, -0.49, -0.49, -0.49, -0.49, -0.49, -0.52, -0.49, -0.49, -0.49, -0.49, -0.49, -0.47, -0.49, -0.49, -0.49, -0.49, -0.49, -0.49, -0.49, 
-0.49, -0.49, -0.49, -0.49, -0.49, -0.49, -0.47, -0.49, -0.49, -0.49, -0.49, -0.49, -0.47, -0.49, -0.49, -0.49, -0.49, -0.49, -0.49, -0.49, -0.49, -0.53, -0.49, -0.49, -0.49, -0.49, -0.49, -0.49, 
-0.49, -0.49, -0.49, -0.50, -0.49, -0.49, -0.49, -0.49, -0.49, -0.49, -0.02, -0.49, -0.49, -0.49, -0.49, -0.49, -0.49, -0.49, -0.49, -0.49, -0.49, -0.49, -0.49, -0.49, -0.49, -0.49, -0.49, -0.49, 
-0.49, -0.49, -0.49, -0.49, -0.49, -0.49, -0.49, -0.49, -0.49, -0.49, -0.49, -0.49, -0.49, -0.49, -0.49, -0.52, -0.49, -0.49, -0.49, -0.49, -0.52, -0.49, -0.49, -0.49, -0.49, -0.02, -0.49, -0.49, 
-0.49, -0.49, -0.49, -0.49, -0.49, -0.49, -0.49, -0.49, -0.49, -0.49, -0.49, -0.49, -0.49, -0.49, -0.49, -0.49, -0.49, -0.49, -0.49, -0.49, -0.02, -0.49, -0.49, -0.49, -0.49, -0.49, -0.49, -0.49, 
-0.49, -0.49, -0.49, -0.49, -0.49, -0.49, -0.02, -0.49, -0.49, -0.49, -0.49, -0.49, -0.49, -0.49, -0.49, -0.49, -0.49, -0.49, -0.49, -0.49, -0.49, -0.49, -0.49, -0.49, -0.49, -0.49, -0.49, -0.49, 
-0.49, -0.49, -0.49, -0.49, -0.49, -0.49, -0.49, -0.49, -0.49, -0.49, -0.49, -0.49, -0.47, -0.49, -0.49, -0.52, -0.49, -0.49, -0.52, -0.49, -0.49, -0.49, -0.49, -0.49, -0.49, -0.49, -0.49, -0.49, 
-0.49, -0.49, -0.49, -0.49, -0.49, -0.49, -0.49, -0.49, -0.49, -0.49, -0.49, -0.49, -0.49, -0.49, -0.49, -0.47, -0.49, -0.49, -0.49, -0.49, -0.49, -0.49, -0.49, -0.49, -0.49, -0.49, -0.49, -0.49, 
-0.49, -0.49, -0.49, -0.49, -0.49, -0.49, -0.49, -0.49, -0.49, -0.49, -0.49, -0.49, -0.49, -0.49, -0.49, -0.49, -0.49, -0.49, -0.49, -0.49, -0.49, -0.49, -0.49, -0.49, -0.49, -0.49, -0.49, -0.49, 
-0.49, -0.49, -0.49, -0.49, -0.49, -0.49, -0.49, -0.49, -0.49, -0.49, -0.49, -0.49, -0.49, -0.49, -0.49, -0.49, -0.49, -0.49, -0.49, -0.49, -0.49, -0.49, -0.49, -0.49, -0.49, -0.49, -0.49, -0.49, 
-- optimal policy --
r  v  l  r  v  v  r  v  r  r  r  r  v  l  v  l  v  l  l  l  l  l  l  l  l  l  l  l  
r  r  v  v  r  v  v  r  v  r  r  r  v  v  r  v  l  l  l  l  l  l  l  l  l  l  l  l  
r  r  v  r  v  l  r  v  l  v  r  r  r  v  v  l  l  <  l  l  l  l  l  l  l  l  l  l  
>  r  r  v  r  v  l  r  v  l  v  r  r  r  v  l  l  l  l  l  l  l  v  l  l  l  l  l  
r  >  r  r  v  l  v  v  r  v  l  l  r  v  l  <  <  l  l  l  l  v  l  <  <  <  <  <  
>  r  >  r  r  v  v  l  v  l  l  l  >  l  <  L  l  <  l  l  l  <  <  L  L  L  L  <  
r  >  r  >  r  r  v  v  v  l  l  v  l  r  v  l  l  l  l  l  l  ^  L  <  L  L  L  L  
r  r  >  r  >  r  v  l  l  l  l  l  l  l  l  <  <  <  <  l  l  v  l  L  <  L  L  L  
>  r  r  >  r  >  r  v  l  l  l  l  l  l  ^  L  L  L  <  <  v  l  l  <  L  <  L  L  
r  >  r  r  r  r  >  r  v  l  l  l  <  l  l  ^  L  L  L  <  L  <  <  l  l  L  <  L  
>  r  >  r  r  >  r  v  l  <  l  l  L  <  <  l  l  L  L  L  ^  L  L  <  <  <  L  <  
r  >  r  >  >  r  >  R  <  L  <  <  <  L  <  <  <  <  L  L  L  ^  L  <  <  l  L  L  
>  r  >  R  r  >  R  ^  L  <  L  L  <  l  L  L  <  L  <  L  L  <  ^  L  L  <  <  <  
r  >  R  r  >  R  ^  ^  ^  L  <  l  L  <  <  L  L  <  L  <  L  L  L  l  L  L  <  l  
>  R  r  >  R  R  ^  L  ^  ^  L  <  <  L  <  l  L  L  <  L  <  L  l  l  l  L  l  l  
R  r  >  R  R  ^  ^  ^  L  R  ^  L  L  <  L  <  l  L  L  <  v  l  l  l  l  l  <  <  
r  >  R  R  ^  ^  ^  ^  R  R  ^  L  L  <  l  L  <  <  L  L  <  <  <  <  <  ^  L  <  
>  R  R  ^  ^  >  ^  R  R  ^  R  ^  L  L  <  <  L  <  L  L  ^  L  <  <  <  <  ^  L  
R  R  ^  ^  >  R  ^  L  ^  R  ^  R  ^  L  L  <  l  L  <  L  L  ^  L  <  l  L  <  ^  
R  ^  L  >  R  ^  L  ^  L  ^  R  R  ^  L  L  L  <  <  L  <  L  L  ^  L  <  <  <  <  
R  ^  >  R  ^  L  R  ^  L  L  R  R  ^  ^  R  ^  L  <  <  L  <  <  L  ^  L  <  L  l  
^  >  R  ^  ^  L  R  ^  L  L  L  ^  R  R  ^  R  ^  L  <  <  L  L  <  L  ^  L  <  <  
Correct actions (%) : 7.58
Avg angular diffs   : 81.14
