arguments: 26 8 1 0.0362637 -0.067033 -0.457143 -0.43956
loading features...

Initializing gridworld of size 28 by 22..
    Num states: 616
    Num actions: 8
recovered reward
-0.44, -0.44, -0.44, -0.44, -0.44, -0.44, -1.45, -0.44, -0.44, -1.49, -0.46, -0.47, -0.46, -1.54, -0.44, -0.44, -0.44, -1.58, -0.44, -0.44, -1.63, -0.44, -1.67, -0.44, -0.44, -1.72, -0.44, -0.44, 
-0.44, -0.44, -0.44, -1.40, -0.44, -0.44, -0.44, -0.44, -0.44, -0.44, -0.47, -0.51, -0.47, -0.44, -0.44, -0.44, -0.44, -0.44, -0.44, -0.44, -0.44, -0.46, -0.47, -0.46, -0.44, -0.44, -0.44, -0.44, 
-0.44, -0.44, -0.44, -0.44, -0.44, -0.44, -0.44, -0.44, -0.46, -0.47, -0.46, -0.47, -0.46, -0.44, -0.44, -0.44, -0.44, -0.44, -0.44, -0.44, -0.44, -0.47, -0.51, -0.47, -0.44, -0.44, -0.44, -0.44, 
-0.44, -1.35, -0.44, -0.44, -0.44, -0.44, -0.44, -0.44, -0.47, -0.51, -0.47, -0.44, -0.44, -0.44, -0.44, -0.44, -0.44, -0.44, -0.44, -0.44, -0.44, -0.46, -0.47, -0.46, -0.44, -0.44, -0.44, -0.44, 
-0.44, -0.44, -0.44, -0.44, -0.44, -0.44, -0.43, -0.42, -0.45, -0.47, -0.46, -0.44, -0.44, -0.44, -0.44, -0.44, -0.44, -0.44, -0.46, -0.47, -0.46, -0.44, -0.44, -0.44, -0.44, -0.44, -0.44, -0.44, 
-0.44, -0.44, -0.44, -0.44, -0.43, -0.43, -0.42, -0.43, -0.42, -0.44, -0.44, -0.44, -0.44, -0.44, -0.44, -0.44, -0.44, -0.44, -0.47, -0.50, -0.45, -0.43, -0.44, -0.44, -0.44, -0.44, -0.44, -0.44, 
-1.31, -0.44, -0.44, -0.44, -0.42, -0.42, -0.40, -0.42, -0.43, -0.44, -0.44, -0.44, -1.08, -0.44, -0.44, -1.03, -0.44, -0.44, -0.46, -0.45, -0.42, -0.42, -0.44, -0.44, -0.44, -0.44, -0.44, -0.44, 
-0.44, -0.44, -0.44, -0.44, -0.43, -0.43, -0.42, -0.43, -1.13, -0.44, -0.44, -0.44, -0.44, -0.44, -0.44, -0.44, -0.44, -0.99, -0.44, -0.43, -0.42, -0.43, -0.44, -0.44, -0.44, -0.44, -0.44, -0.44, 
-0.44, -0.44, -0.44, -0.46, -0.47, -0.46, -0.44, -0.44, -0.44, -0.44, -0.44, -0.44, -0.44, -0.44, -0.44, -0.44, -0.44, -0.44, -0.44, -0.44, -0.44, -0.44, -0.44, -0.44, -0.46, -0.47, -0.46, -0.44, 
-1.26, -0.44, -0.44, -1.25, -0.51, -0.47, -1.17, -0.44, -0.44, -0.44, -0.44, -0.44, -0.44, -0.44, -0.44, -0.44, -0.44, -0.44, -0.44, -0.44, -0.94, -0.44, -0.46, -0.93, -0.46, -0.51, -0.47, -0.44, 
-0.44, -0.44, -0.44, -0.46, -0.47, -0.46, -0.44, -0.44, -0.44, -0.44, -0.44, -0.44, -0.44, -0.44, -0.44, -0.44, -0.44, -0.44, -0.43, -0.42, -0.43, -0.44, -0.47, -0.51, -0.47, -0.47, -0.46, -0.44, 
-0.44, -0.44, -0.44, -0.44, -0.44, -0.44, -0.44, -0.44, -0.44, -0.46, -0.47, -0.46, -0.44, -0.44, -0.46, -0.47, -0.46, -0.44, -0.42, -0.40, -0.42, -0.44, -0.46, -0.47, -0.46, -0.44, -0.44, -0.44, 
-0.44, -0.43, -0.42, -0.43, -0.44, -0.43, -0.42, -0.43, -0.44, -0.47, -0.51, -0.47, -0.44, -0.44, -0.47, -0.51, -0.47, -0.44, -0.43, -0.42, -0.43, -0.44, -0.44, -0.44, -0.44, -0.44, -0.44, -0.44, 
-0.44, -0.42, -0.40, -0.42, -0.44, -0.42, -0.40, -0.42, -0.44, -0.46, -0.47, -0.46, -0.44, -0.44, -0.46, -0.47, -0.46, -0.44, -0.44, -0.44, -0.44, -0.44, -0.44, -0.44, -0.85, -0.44, -0.44, -0.44, 
-0.44, -0.43, -0.42, -0.43, -0.44, -0.43, -0.44, -0.46, -0.46, -0.44, -0.44, -0.44, -0.44, -0.44, -0.44, -0.44, -0.44, -0.43, -0.42, -0.43, -0.43, -0.44, -0.46, -0.47, -0.46, -0.44, -0.44, -0.44, 
-0.44, -0.44, -0.44, -0.44, -0.44, -0.44, -0.47, -0.51, -0.47, -0.44, -0.44, -0.44, -0.44, -0.44, -0.44, -0.43, -0.42, -0.42, -0.40, -0.42, -0.42, -0.44, -0.47, -0.51, -0.47, -0.44, -0.44, -0.44, 
-0.44, -0.44, -0.44, -0.44, -0.44, -0.44, -0.46, -0.47, -0.46, -0.44, -0.44, -0.44, -0.44, -0.44, -0.44, -0.42, -0.40, -0.43, -0.42, -0.43, -0.43, -0.76, -0.46, -0.47, -0.82, -0.44, -0.44, -0.44, 
-0.44, -0.44, -0.44, -0.44, -0.44, -0.44, -0.44, -0.44, -0.44, -0.44, -0.44, -0.44, -0.44, -0.44, -0.44, -0.43, -0.42, -0.43, -0.71, -0.44, -0.46, -0.47, -0.46, -0.44, -0.44, -0.44, -0.44, -0.44, 
-0.44, -0.44, -0.44, -0.44, -0.44, -0.44, -0.44, -0.44, -0.44, -0.44, -0.44, -0.44, -0.62, -0.44, -0.44, -0.67, -0.44, -0.44, -0.43, -0.42, -0.46, -0.51, -0.47, -0.44, -0.44, -0.44, -0.44, -0.44, 
-0.44, -0.44, -0.49, -0.44, -0.44, -0.53, -0.44, -0.44, -0.58, -0.44, -0.44, -0.44, -0.44, -0.44, -0.44, -0.44, -0.44, -0.44, -0.42, -0.40, -0.44, -0.47, -0.46, -0.44, -0.44, -0.44, -0.44, -0.44, 
-0.44, -0.44, -0.44, -0.44, -0.44, -0.44, -0.44, -0.44, -0.44, -0.44, -0.44, -0.44, -0.44, -0.44, -0.44, -0.44, -0.44, -0.44, -0.43, -0.42, -0.43, -0.44, -0.44, -0.44, -0.44, -0.44, -0.44, -0.44, 
-0.44, -0.44, -0.44, -0.44, -0.44, -0.44, -0.44, -0.44, -0.44, -0.44, -0.44, -0.44, -0.44, -0.44, -0.44, -0.44, -0.44, -0.44, -0.44, -0.44, -0.44, -0.44, -0.44, -0.44, -0.44, -0.44, -0.44, -0.44, 
-- optimal policy --
r  r  v  r  v  r  v  l  v  l  l  <  r  v  l  l  l  r  r  v  v  l  l  r  v  v  l  l  
r  r  r  r  r  v  r  v  l  l  <  l  r  v  l  l  l  r  r  r  v  l  l  r  r  v  l  l  
>  r  r  r  r  r  v  l  l  l  r  v  l  l  l  l  v  >  r  r  v  l  r  r  v  l  l  l  
r  r  r  r  r  r  r  v  l  l  l  l  l  l  l  v  l  v  >  r  r  r  v  l  l  l  l  l  
r  >  r  r  r  r  v  l  v  l  l  l  l  l  r  r  v  l  l  r  r  v  l  l  l  v  l  l  
r  r  >  r  r  r  v  l  l  <  l  l  l  <  v  r  r  v  r  r  v  l  l  l  l  l  l  l  
r  >  r  >  >  >  v  <  <  L  <  <  l  r  r  r  v  r  r  r  v  l  <  l  l  l  l  l  
>  r  >  R  R  R  ^  L  L  L  L  L  <  >  r  r  r  r  v  v  l  l  v  l  l  <  <  <  
r  >  R  R  R  R  ^  L  L  <  L  L  L  >  >  r  r  r  v  l  l  v  l  <  <  L  L  L  
r  v  v  l  R  R  R  ^  L  L  l  L  L  >  r  r  r  r  r  v  l  l  l  L  L  <  v  l  
r  v  v  v  r  r  r  v  l  l  <  <  L  >  >  >  >  r  r  v  l  l  l  l  l  l  l  l  
r  r  v  l  r  r  v  l  l  l  L  L  v  v  R  R  r  >  >  v  <  <  l  l  l  l  l  l  
r  r  v  l  r  r  v  l  l  l  l  r  r  v  l  r  r  R  R  ^  L  L  <  <  l  <  <  <  
>  >  v  <  >  >  >  <  <  <  l  l  r  r  r  r  r  r  v  l  L  L  L  L  <  L  <  <  
R  R  ^  L  R  R  ^  L  L  L  <  l  >  r  r  r  r  r  v  l  l  l  l  L  L  <  L  <  
R  R  ^  L  R  ^  L  L  L  L  L  <  r  >  r  r  v  >  v  <  <  <  <  l  L  L  <  L  
R  R  ^  ^  L  ^  L  L  R  ^  L  L  >  r  >  >  v  R  ^  L  L  L  L  <  l  l  l  l  
R  R  ^  L  ^  L  L  L  R  R  ^  >  r  >  R  R  ^  L  r  v  l  L  ^  L  <  l  l  l  
R  ^  L  ^  L  ^  L  L  L  R  >  r  >  R  R  R  ^  r  r  v  l  l  l  l  l  l  l  l  
^  L  ^  L  ^  L  ^  L  L  >  r  >  R  R  ^  R  r  >  >  v  <  l  l  l  l  l  l  l  
^  ^  L  ^  ^  L  ^  L  L  r  >  R  R  ^  R  r  >  R  R  ^  L  <  <  l  l  l  l  l  
^  ^  L  R  ^  ^  L  L  >  >  R  R  ^  R  >  >  R  R  R  ^  L  L  L  <  <  <  <  <  
Correct actions (%) : 6.59
Avg angular diffs   : 92.47
