arguments: 26 7 1 -0.00277772 0.0112086 0.00976251 -0.976251
loading features...

Initializing gridworld of size 28 by 22..
    Num states: 616
    Num actions: 8
recovered reward
-0.98, -0.98, -0.98, -0.98, -0.98, -0.97, -0.98, -0.98, -0.97, -0.98, -0.98, -0.97, -0.98, -0.98, -0.98, -0.98, -0.98, -0.98, -0.98, -0.98, -0.98, -0.98, -0.98, -0.98, -0.98, -0.98, -0.98, -0.98, 
-0.98, -0.98, -0.98, -0.98, -0.98, -0.98, -0.98, -0.98, -0.98, -0.98, -0.98, -0.98, -0.98, -0.97, -0.98, -0.98, -0.98, -0.98, -0.98, -0.98, -0.98, -0.98, -0.98, -0.98, -0.98, -0.98, -0.98, -0.98, 
-0.98, -0.98, -0.98, -0.98, -0.97, -0.98, -0.98, -0.98, -0.98, -0.98, -0.98, -0.98, -0.98, -0.98, -0.98, -0.98, -0.98, -0.98, -0.98, -0.98, -0.98, -0.98, -0.98, -0.98, -0.98, -0.95, -0.98, -0.98, 
-0.98, -0.98, -0.98, -0.97, -0.98, -0.98, -0.98, -0.98, -0.98, -0.98, -0.98, -0.98, -0.98, -0.98, -0.98, -0.98, -0.98, -0.98, -0.98, -0.98, -0.98, -0.98, -0.98, -0.98, -0.98, -0.98, -0.98, -0.98, 
-0.98, -0.98, -0.98, -0.98, -0.98, -0.97, -0.98, -0.98, -0.98, -0.98, -0.98, -0.98, -0.98, -0.98, -0.96, -0.98, -0.98, -0.98, -0.98, -0.98, -0.98, -0.98, -0.98, -0.98, -0.95, -0.98, -0.98, -0.98, 
-0.98, -0.98, -0.98, -0.98, -0.98, -0.98, -0.98, -0.98, -0.97, -0.98, -0.98, -0.98, -0.98, -0.98, -0.98, -0.98, -0.98, -0.97, -0.98, -0.98, -0.98, -0.98, -0.98, -0.98, -0.98, -0.98, -0.98, -0.98, 
-0.98, -0.98, -0.97, -0.98, -0.98, -0.98, -0.98, -0.98, -0.98, -0.98, -0.98, -0.98, -0.96, -0.98, -0.98, -0.98, -0.98, -0.98, -0.98, -0.98, -0.97, -0.98, -0.98, -0.98, -0.98, -0.97, -0.98, -0.98, 
-0.98, -0.97, -0.98, -0.98, -0.98, -0.98, -0.98, -0.98, -0.98, -0.98, -0.98, -0.98, -0.98, -0.98, -0.98, -0.98, -0.98, -0.98, -0.98, -0.98, -0.98, -0.98, -0.95, -0.98, -0.98, -0.98, -0.98, -0.98, 
-0.98, -0.98, -0.98, -0.98, -0.98, -0.98, -0.98, -0.98, -0.98, -0.98, -0.98, -0.98, -0.98, -0.98, -0.98, -0.98, -0.98, -0.98, -0.98, -0.98, -0.98, -0.98, -0.98, -0.98, -0.98, -0.98, -0.98, -0.98, 
-0.98, -0.97, -0.98, -0.98, -0.98, -0.98, -0.98, -0.98, -0.98, -0.98, -0.98, -0.96, -0.98, -0.98, -0.98, -0.98, -0.98, -0.98, -0.98, -0.98, -0.98, -0.98, -0.98, -0.98, -0.98, -0.98, -0.98, -0.98, 
-0.98, -0.98, -0.98, -0.98, -0.98, -0.98, -0.98, -0.98, -0.98, -0.97, -0.98, -0.98, -0.98, -0.98, -0.98, -0.98, -0.98, -0.98, -0.98, -0.97, -0.98, -0.98, -0.98, -0.95, -0.98, -0.98, -0.98, -0.98, 
-0.98, -0.98, -0.98, -0.98, -0.98, -0.98, -0.98, -0.97, -0.98, -0.98, -0.98, -0.98, -0.98, -0.98, -0.98, -0.98, -0.98, -0.98, -0.98, -0.98, -0.98, -0.98, -0.98, -0.98, -0.98, -0.98, -0.98, -0.98, 
-0.98, -0.98, -0.97, -0.98, -0.98, -0.98, -0.98, -0.98, -0.98, -0.98, -0.96, -0.98, -0.98, -0.98, -0.98, -0.98, -0.98, -0.98, -0.98, -0.98, -0.98, -0.98, -0.98, -0.98, -0.98, -0.98, -0.98, -0.98, 
-0.98, -0.97, -0.98, -0.98, -0.98, -0.98, -0.98, -0.98, -0.98, -0.98, -0.98, -0.98, -0.98, -0.98, -0.98, -0.98, -0.98, -0.98, -0.98, -0.98, -0.98, -0.98, -0.98, -0.95, -0.98, -0.98, -0.98, -0.98, 
-0.98, -0.98, -0.98, -0.98, -0.98, -0.98, -0.98, -0.98, -0.98, -0.98, -0.98, -0.98, -0.98, -0.98, -0.98, -0.98, -0.98, -0.98, -0.98, -0.98, -0.98, -0.98, -0.98, -0.98, -0.98, -0.98, -0.98, -0.98, 
-0.98, -0.98, -0.98, -0.98, -0.98, -0.98, -0.98, -0.98, -0.98, -0.98, -0.98, -0.96, -0.98, -0.98, -0.98, -0.98, -0.98, -0.98, -0.98, -0.98, -0.98, -0.98, -0.98, -0.98, -0.98, -0.98, -0.98, -0.98, 
-0.98, -0.97, -0.98, -0.98, -0.98, -0.98, -0.98, -0.98, -0.98, -0.98, -0.98, -0.98, -0.98, -0.98, -0.98, -0.98, -0.98, -0.98, -0.98, -0.98, -0.98, -0.98, -0.98, -0.95, -0.98, -0.98, -0.98, -0.98, 
-0.98, -0.98, -0.98, -0.98, -0.98, -0.98, -0.98, -0.98, -0.98, -0.97, -0.98, -0.98, -0.98, -0.98, -0.98, -0.98, -0.98, -0.98, -0.98, -0.98, -0.98, -0.98, -0.98, -0.98, -0.98, -0.98, -0.98, -0.98, 
-0.98, -0.98, -0.98, -0.98, -0.98, -0.98, -0.98, -0.98, -0.98, -0.98, -0.98, -0.96, -0.98, -0.98, -0.98, -0.98, -0.98, -0.98, -0.98, -0.98, -0.98, -0.96, -0.98, -0.98, -0.98, -0.98, -0.98, -0.98, 
-0.98, -0.98, -0.98, -0.98, -0.98, -0.98, -0.98, -0.98, -0.98, -0.98, -0.98, -0.98, -0.96, -0.98, -0.98, -0.96, -0.98, -0.98, -0.96, -0.98, -0.98, -0.98, -0.98, -0.98, -0.98, -0.98, -0.98, -0.98, 
-0.98, -0.98, -0.98, -0.98, -0.98, -0.98, -0.98, -0.98, -0.98, -0.98, -0.98, -0.98, -0.98, -0.98, -0.98, -0.98, -0.98, -0.98, -0.98, -0.98, -0.98, -0.98, -0.98, -0.98, -0.98, -0.98, -0.98, -0.98, 
-0.98, -0.98, -0.98, -0.98, -0.98, -0.98, -0.98, -0.98, -0.98, -0.98, -0.98, -0.98, -0.98, -0.98, -0.98, -0.98, -0.98, -0.98, -0.98, -0.98, -0.98, -0.98, -0.98, -0.98, -0.98, -0.98, -0.98, -0.98, 
-- optimal policy --
r  r  r  v  r  v  l  v  v  l  r  v  r  v  l  v  l  l  l  l  r  v  >  r  v  r  v  l  
r  r  r  r  v  l  r  r  v  r  v  r  v  l  r  v  v  l  l  l  >  r  v  >  r  v  l  l  
r  r  r  r  v  r  v  r  r  v  r  v  r  v  r  v  l  l  l  l  l  >  r  v  >  v  <  <  
v  v  r  v  r  v  r  v  r  r  v  r  v  r  v  l  l  l  v  l  r  v  >  r  v  l  L  <  
r  v  v  r  v  r  r  r  v  l  r  v  v  l  l  <  l  v  l  r  v  r  v  >  l  <  <  L  
r  r  v  l  r  v  v  r  v  r  v  r  v  l  v  l  v  l  <  r  r  v  v  l  l  L  l  l  
r  >  r  v  r  r  v  v  r  v  v  l  v  v  l  v  l  l  l  >  >  r  v  l  l  <  <  <  
r  v  r  r  v  r  r  v  l  r  v  v  v  l  v  l  l  l  l  v  v  >  l  <  l  l  L  <  
r  r  v  r  r  v  r  r  v  l  r  v  l  v  l  l  l  l  v  v  l  l  ^  L  <  l  l  v  
>  r  r  r  >  r  v  r  r  v  l  v  v  l  l  l  l  l  r  v  l  l  l  v  l  l  v  l  
r  r  r  r  r  >  r  v  r  v  v  v  l  l  v  l  l  v  l  l  <  l  l  r  <  v  l  l  
>  r  >  r  r  r  >  r  v  r  v  l  l  v  l  l  v  l  l  l  l  l  r  v  v  l  l  v  
r  >  r  >  r  r  v  r  r  v  v  l  v  l  l  v  l  l  l  l  l  l  r  v  l  l  v  l  
>  R  >  r  >  r  r  v  r  r  v  v  l  l  v  l  l  l  l  l  l  l  >  v  <  v  l  l  
R  >  r  >  r  >  r  r  v  r  r  v  l  v  l  l  l  l  l  v  l  l  v  l  v  l  l  l  
r  r  >  r  >  r  >  r  r  v  v  v  v  l  l  l  l  l  l  l  l  l  r  v  l  l  <  <  
>  >  r  r  r  r  r  >  r  r  v  v  l  l  l  l  l  l  l  l  l  l  >  l  <  l  <  L  
R  r  r  r  r  r  >  r  >  >  r  v  l  l  l  l  l  l  l  l  l  v  l  ^  L  <  l  l  
r  r  r  r  r  >  r  >  R  r  >  r  v  l  l  v  l  l  v  l  l  l  <  <  ^  L  <  <  
r  r  r  r  >  r  >  R  r  >  R  >  L  <  <  <  <  <  <  <  <  ^  L  <  <  ^  L  <  
>  r  r  r  r  >  R  r  >  R  >  R  ^  L  <  ^  L  <  ^  L  <  <  ^  L  L  <  ^  L  
R  >  >  >  >  R  R  >  R  >  R  R  ^  L  L  <  ^  L  <  ^  L  <  <  ^  L  L  <  ^  
Correct actions (%) : 17.39
Avg angular diffs   : 71.74
