arguments: 26 27 3 -0.104343 -0.520657 -0.269068 -0.105932
loading features...

Initializing gridworld of size 28 by 22..
    Num states: 616
    Num actions: 8
recovered reward
-0.11, -0.24, -0.37, -0.24, -0.11, -0.32, -0.11, -0.11, -0.35, -0.11, -0.11, -0.38, -0.11, -0.11, -0.11, -0.11, -0.11, -0.11, -0.11, -0.11, -0.11, -0.24, -0.37, -0.24, -0.11, -0.11, -0.11, -0.11, 
-0.11, -0.37, -0.63, -0.37, -0.11, -0.13, -0.16, -0.13, -0.26, -0.37, -0.24, -0.24, -0.37, -0.53, -0.11, -0.11, -0.11, -0.11, -0.11, -0.11, -0.11, -0.37, -0.63, -0.37, -0.11, -0.11, -0.11, -0.11, 
-0.11, -0.24, -0.37, -0.24, -0.55, -0.29, -0.21, -0.13, -0.42, -0.65, -0.37, -0.37, -0.63, -0.37, -0.11, -0.11, -0.11, -0.11, -0.11, -0.11, -0.11, -0.24, -0.37, -0.24, -0.11, -0.83, -0.11, -0.11, 
-0.11, -0.11, -0.11, -0.53, -0.63, -0.39, -0.16, -0.16, -0.34, -0.42, -0.24, -0.24, -0.37, -0.24, -0.11, -0.11, -0.11, -0.11, -0.11, -0.11, -0.11, -0.11, -0.11, -0.11, -0.11, -0.11, -0.11, -0.11, 
-0.11, -0.11, -0.11, -0.24, -0.37, -0.24, -0.11, -0.13, -0.16, -0.13, -0.11, -0.11, -0.11, -0.11, -0.43, -0.11, -0.11, -0.11, -0.11, -0.11, -0.11, -0.11, -0.11, -0.11, -0.81, -0.11, -0.11, -0.11, 
-0.11, -0.11, -0.11, -0.11, -0.11, -0.11, -0.11, -0.11, -0.11, -0.11, -0.11, -0.11, -0.11, -0.11, -0.11, -0.11, -0.11, -0.11, -0.11, -0.11, -0.11, -0.11, -0.11, -0.11, -0.11, -0.11, -0.11, -0.11, 
-0.11, -0.11, -0.24, -0.11, -0.11, -0.11, -0.11, -0.11, -0.11, -0.11, -0.11, -0.11, -0.46, -0.11, -0.11, -0.11, -0.11, -0.11, -0.11, -0.11, -0.11, -0.11, -0.11, -0.11, -0.11, -0.11, -0.11, -0.11, 
-0.11, -0.11, -0.11, -0.11, -0.11, -0.13, -0.16, -0.13, -0.11, -0.11, -0.11, -0.11, -0.11, -0.11, -0.11, -0.11, -0.11, -0.11, -0.13, -0.16, -0.13, -0.11, -0.78, -0.11, -0.11, -0.11, -0.11, -0.11, 
-0.11, -0.11, -0.11, -0.11, -0.11, -0.16, -0.21, -0.16, -0.11, -0.11, -0.11, -0.11, -0.11, -0.11, -0.11, -0.11, -0.11, -0.11, -0.16, -0.21, -0.29, -0.37, -0.24, -0.37, -0.24, -0.11, -0.11, -0.11, 
-0.11, -0.21, -0.11, -0.11, -0.11, -0.13, -0.16, -0.13, -0.11, -0.11, -0.11, -0.48, -0.11, -0.11, -0.11, -0.11, -0.11, -0.11, -0.13, -0.16, -0.39, -0.63, -0.37, -0.63, -0.37, -0.11, -0.11, -0.11, 
-0.11, -0.11, -0.11, -0.11, -0.11, -0.13, -0.16, -0.13, -0.11, -0.11, -0.11, -0.11, -0.11, -0.11, -0.11, -0.11, -0.11, -0.11, -0.11, -0.11, -0.24, -0.37, -0.24, -1.01, -0.24, -0.11, -0.11, -0.11, 
-0.11, -0.13, -0.16, -0.13, -0.11, -0.11, -0.11, -0.11, -0.11, -0.11, -0.11, -0.11, -0.11, -0.11, -0.11, -0.11, -0.11, -0.11, -0.11, -0.11, -0.11, -0.11, -0.13, -0.16, -0.13, -0.11, -0.11, -0.11, 
-0.11, -0.16, -0.21, -0.16, -0.13, -0.16, -0.13, -0.11, -0.24, -0.37, -0.64, -0.11, -0.11, -0.11, -0.11, -0.11, -0.11, -0.11, -0.11, -0.11, -0.11, -0.11, -0.16, -0.21, -0.16, -0.11, -0.11, -0.11, 
-0.11, -0.21, -0.16, -0.26, -0.42, -0.34, -0.16, -0.11, -0.37, -0.63, -0.37, -0.11, -0.11, -0.11, -0.11, -0.11, -0.11, -0.11, -0.24, -0.37, -0.24, -0.11, -0.13, -0.78, -0.13, -0.11, -0.11, -0.11, 
-0.11, -0.11, -0.13, -0.42, -0.65, -0.42, -0.13, -0.11, -0.24, -0.37, -0.24, -0.11, -0.11, -0.11, -0.11, -0.11, -0.11, -0.11, -0.37, -0.63, -0.37, -0.11, -0.11, -0.24, -0.37, -0.24, -0.11, -0.11, 
-0.11, -0.11, -0.16, -0.34, -0.42, -0.29, -0.11, -0.11, -0.11, -0.11, -0.11, -0.54, -0.11, -0.11, -0.11, -0.11, -0.11, -0.11, -0.24, -0.37, -0.24, -0.11, -0.11, -0.37, -0.63, -0.37, -0.11, -0.11, 
-0.11, -0.16, -0.13, -0.16, -0.13, -0.13, -0.11, -0.11, -0.11, -0.11, -0.11, -0.11, -0.11, -0.11, -0.11, -0.11, -0.11, -0.11, -0.11, -0.11, -0.13, -0.16, -0.13, -0.83, -0.37, -0.24, -0.11, -0.11, 
-0.11, -0.11, -0.11, -0.11, -0.11, -0.11, -0.11, -0.11, -0.11, -0.11, -0.11, -0.11, -0.11, -0.11, -0.11, -0.11, -0.11, -0.11, -0.11, -0.11, -0.16, -0.21, -0.16, -0.11, -0.11, -0.11, -0.11, -0.11, 
-0.11, -0.11, -0.11, -0.11, -0.11, -0.11, -0.11, -0.11, -0.11, -0.11, -0.11, -0.56, -0.11, -0.11, -0.11, -0.11, -0.11, -0.11, -0.11, -0.11, -0.13, -0.72, -0.26, -0.37, -0.24, -0.11, -0.11, -0.11, 
-0.13, -0.11, -0.11, -0.11, -0.11, -0.11, -0.11, -0.11, -0.11, -0.11, -0.11, -0.11, -0.59, -0.11, -0.11, -0.62, -0.11, -0.11, -0.64, -0.11, -0.11, -0.11, -0.37, -0.63, -0.37, -0.11, -0.11, -0.11, 
-0.11, -0.11, -0.11, -0.11, -0.11, -0.11, -0.11, -0.11, -0.11, -0.11, -0.11, -0.11, -0.11, -0.11, -0.11, -0.11, -0.11, -0.11, -0.11, -0.11, -0.11, -0.11, -0.24, -0.37, -0.24, -0.11, -0.11, -0.11, 
-0.11, -0.11, -0.11, -0.11, -0.11, -0.11, -0.11, -0.11, -0.11, -0.11, -0.11, -0.11, -0.11, -0.11, -0.11, -0.11, -0.11, -0.11, -0.11, -0.11, -0.11, -0.11, -0.11, -0.11, -0.11, -0.11, -0.11, -0.11, 
-- optimal policy --
R  <  >  >  ^  <  >  ^  >  >  ^  <  R  r  v  <  <  >  L  r  R  <  <  >  ^  <  ^  L  
^  L  l  R  ^  L  R  ^  R  R  ^  L  ^  ^  r  L  v  ^  l  >  L  <  r  R  ^  L  ^  >  
r  v  v  l  ^  L  L  ^  L  R  r  v  l  R  ^  >  r  R  r  ^  ^  v  v  l  v  r  v  >  
v  v  l  <  r  r  v  l  l  r  r  v  l  l  >  ^  <  <  >  v  r  >  v  v  l  v  l  ^  
>  ^  ^  v  v  v  l  v  v  l  r  v  l  l  R  ^  R  l  l  ^  ^  v  v  r  v  >  >  R  
^  v  <  >  <  v  ^  >  <  v  v  v  <  <  >  r  R  l  R  <  L  >  <  L  L  ^  >  v  
r  r  l  ^  ^  >  <  <  L  r  l  r  <  l  v  l  r  R  R  L  >  <  ^  ^  ^  L  ^  v  
R  ^  <  v  ^  ^  ^  r  L  R  <  ^  L  v  r  l  <  ^  L  ^  R  ^  R  ^  <  r  v  ^  
R  R  <  <  v  l  L  >  R  v  ^  ^  ^  R  v  >  R  ^  L  L  R  ^  R  ^  r  v  l  >  
^  ^  >  ^  L  <  r  R  ^  ^  v  l  >  ^  ^  ^  l  <  r  v  l  l  ^  R  >  R  ^  ^  
L  <  ^  ^  ^  L  r  >  R  v  L  <  >  v  l  <  ^  L  >  r  v  l  l  r  R  ^  L  v  
^  L  R  R  ^  L  >  >  ^  R  ^  L  >  R  R  ^  L  ^  >  ^  <  <  <  >  r  v  >  r  
^  L  R  R  R  ^  R  R  ^  ^  L  r  R  ^  ^  v  v  l  >  R  <  <  l  R  >  r  v  v  
^  L  l  R  ^  r  R  ^  L  L  r  >  R  R  >  >  <  <  R  ^  ^  L  l  l  R  >  r  <  
v  v  l  <  L  r  R  ^  v  r  >  R  ^  L  R  ^  ^  L  l  R  >  ^  <  l  R  >  ^  ^  
v  l  <  r  v  r  v  v  r  v  R  ^  L  r  v  l  <  l  l  v  R  ^  L  <  L  >  v  >  
v  l  r  v  l  v  l  r  v  r  v  l  r  v  l  ^  L  <  <  l  l  R  ^  L  v  >  r  r  
L  <  v  v  l  v  v  v  r  v  l  <  >  r  v  l  L  L  L  <  l  L  >  >  r  v  r  <  
l  v  v  <  v  l  v  r  v  r  v  l  R  ^  L  <  L  R  r  v  l  l  l  R  >  R  R  R  
>  L  ^  v  <  <  >  >  R  <  L  <  r  v  ^  v  l  r  v  l  v  l  l  l  R  ^  r  L  
<  ^  ^  R  ^  <  ^  R  ^  ^  ^  v  v  v  v  l  v  v  r  <  l  <  v  l  >  r  >  ^  
^  L  >  R  r  <  L  >  r  <  >  <  R  ^  <  <  v  <  ^  l  r  <  v  <  R  ^  >  >  
Correct actions (%) : 8.14
Avg angular diffs   : 89.48
