arguments: 26 27 3 0.0272727 -0.00909091 -0.0545455 -0.909091
loading features...

Initializing gridworld of size 28 by 22..
    Num states: 616
    Num actions: 8
recovered reward
-0.91, -0.91, -0.91, -0.91, -0.91, -0.95, -0.91, -0.91, -0.96, -0.91, -0.91, -0.96, -0.91, -0.91, -0.91, -0.91, -0.91, -0.91, -0.91, -0.91, -0.91, -0.91, -0.91, -0.91, -0.91, -0.91, -0.91, -0.91, 
-0.91, -0.91, -0.92, -0.91, -0.91, -0.91, -0.91, -0.91, -0.91, -0.91, -0.91, -0.91, -0.91, -0.97, -0.91, -0.91, -0.91, -0.91, -0.91, -0.91, -0.91, -0.91, -0.92, -0.91, -0.91, -0.91, -0.91, -0.91, 
-0.91, -0.91, -0.91, -0.91, -0.95, -0.91, -0.88, -0.88, -0.91, -0.92, -0.91, -0.91, -0.92, -0.91, -0.91, -0.91, -0.91, -0.91, -0.91, -0.91, -0.91, -0.91, -0.91, -0.91, -0.91, -1.06, -0.91, -0.91, 
-0.91, -0.91, -0.91, -0.94, -0.92, -0.91, -0.91, -0.91, -0.88, -0.91, -0.91, -0.91, -0.91, -0.91, -0.91, -0.91, -0.91, -0.91, -0.91, -0.91, -0.91, -0.91, -0.91, -0.91, -0.91, -0.91, -0.91, -0.91, 
-0.91, -0.91, -0.91, -0.91, -0.91, -0.91, -0.91, -0.91, -0.91, -0.91, -0.91, -0.91, -0.91, -0.91, -0.97, -0.91, -0.91, -0.91, -0.91, -0.91, -0.91, -0.91, -0.91, -0.91, -1.05, -0.91, -0.91, -0.91, 
-0.91, -0.91, -0.91, -0.91, -0.91, -0.91, -0.91, -0.91, -0.91, -0.91, -0.91, -0.91, -0.91, -0.91, -0.91, -0.91, -0.91, -0.91, -0.91, -0.91, -0.91, -0.91, -0.91, -0.91, -0.91, -0.91, -0.91, -0.91, 
-0.91, -0.91, -0.94, -0.91, -0.91, -0.91, -0.91, -0.91, -0.91, -0.91, -0.91, -0.91, -0.98, -0.91, -0.91, -0.91, -0.91, -0.91, -0.91, -0.91, -0.91, -0.91, -0.91, -0.91, -0.91, -0.91, -0.91, -0.91, 
-0.91, -0.91, -0.91, -0.91, -0.91, -0.91, -0.91, -0.91, -0.91, -0.91, -0.91, -0.91, -0.91, -0.91, -0.91, -0.91, -0.91, -0.91, -0.91, -0.91, -0.91, -0.91, -1.05, -0.91, -0.91, -0.91, -0.91, -0.91, 
-0.91, -0.91, -0.91, -0.91, -0.91, -0.91, -0.88, -0.91, -0.91, -0.91, -0.91, -0.91, -0.91, -0.91, -0.91, -0.91, -0.91, -0.91, -0.91, -0.88, -0.91, -0.91, -0.91, -0.91, -0.91, -0.91, -0.91, -0.91, 
-0.91, -0.93, -0.91, -0.91, -0.91, -0.91, -0.88, -0.91, -0.91, -0.91, -0.91, -0.99, -0.91, -0.91, -0.91, -0.91, -0.91, -0.91, -0.91, -0.91, -0.91, -0.92, -0.91, -0.92, -0.91, -0.91, -0.91, -0.91, 
-0.91, -0.91, -0.91, -0.91, -0.91, -0.91, -0.91, -0.91, -0.91, -0.91, -0.91, -0.91, -0.91, -0.91, -0.91, -0.91, -0.91, -0.91, -0.91, -0.91, -0.91, -0.91, -0.91, -1.04, -0.91, -0.91, -0.91, -0.91, 
-0.91, -0.91, -0.91, -0.91, -0.91, -0.91, -0.91, -0.91, -0.91, -0.91, -0.91, -0.91, -0.91, -0.91, -0.91, -0.91, -0.91, -0.91, -0.91, -0.91, -0.91, -0.91, -0.91, -0.91, -0.91, -0.91, -0.91, -0.91, 
-0.91, -0.91, -0.88, -0.91, -0.91, -0.91, -0.91, -0.91, -0.91, -0.91, -0.99, -0.91, -0.91, -0.91, -0.91, -0.91, -0.91, -0.91, -0.91, -0.91, -0.91, -0.91, -0.91, -0.88, -0.91, -0.91, -0.91, -0.91, 
-0.91, -0.93, -0.91, -0.91, -0.91, -0.88, -0.91, -0.91, -0.91, -0.92, -0.91, -0.91, -0.91, -0.91, -0.91, -0.91, -0.91, -0.91, -0.91, -0.91, -0.91, -0.91, -0.91, -1.03, -0.91, -0.91, -0.91, -0.91, 
-0.91, -0.91, -0.91, -0.91, -0.92, -0.91, -0.91, -0.91, -0.91, -0.91, -0.91, -0.91, -0.91, -0.91, -0.91, -0.91, -0.91, -0.91, -0.91, -0.92, -0.91, -0.91, -0.91, -0.91, -0.91, -0.91, -0.91, -0.91, 
-0.91, -0.91, -0.91, -0.88, -0.88, -0.91, -0.91, -0.91, -0.91, -0.91, -0.91, -1.00, -0.91, -0.91, -0.91, -0.91, -0.91, -0.91, -0.91, -0.91, -0.91, -0.91, -0.91, -0.91, -0.92, -0.91, -0.91, -0.91, 
-0.91, -0.92, -0.91, -0.91, -0.91, -0.91, -0.91, -0.91, -0.91, -0.91, -0.91, -0.91, -0.91, -0.91, -0.91, -0.91, -0.91, -0.91, -0.91, -0.91, -0.91, -0.91, -0.91, -1.03, -0.91, -0.91, -0.91, -0.91, 
-0.91, -0.91, -0.91, -0.91, -0.91, -0.91, -0.91, -0.91, -0.91, -0.91, -0.91, -0.91, -0.91, -0.91, -0.91, -0.91, -0.91, -0.91, -0.91, -0.91, -0.91, -0.88, -0.91, -0.91, -0.91, -0.91, -0.91, -0.91, 
-0.91, -0.91, -0.91, -0.91, -0.91, -0.91, -0.91, -0.91, -0.91, -0.91, -0.91, -1.00, -0.91, -0.91, -0.91, -0.91, -0.91, -0.91, -0.91, -0.91, -0.91, -1.02, -0.91, -0.91, -0.91, -0.91, -0.91, -0.91, 
-0.91, -0.91, -0.91, -0.91, -0.91, -0.91, -0.91, -0.91, -0.91, -0.91, -0.91, -0.91, -1.01, -0.91, -0.91, -1.01, -0.91, -0.91, -1.02, -0.91, -0.91, -0.91, -0.91, -0.92, -0.91, -0.91, -0.91, -0.91, 
-0.91, -0.91, -0.91, -0.91, -0.91, -0.91, -0.91, -0.91, -0.91, -0.91, -0.91, -0.91, -0.91, -0.91, -0.91, -0.91, -0.91, -0.91, -0.91, -0.91, -0.91, -0.91, -0.91, -0.91, -0.91, -0.91, -0.91, -0.91, 
-0.91, -0.91, -0.91, -0.91, -0.91, -0.91, -0.91, -0.91, -0.91, -0.91, -0.91, -0.91, -0.91, -0.91, -0.91, -0.91, -0.91, -0.91, -0.91, -0.91, -0.91, -0.91, -0.91, -0.91, -0.91, -0.91, -0.91, -0.91, 
-- optimal policy --
r  >  r  r  r  r  v  v  v  l  l  l  l  l  <  l  l  l  l  l  l  l  l  <  l  l  l  v  
r  r  r  >  r  r  r  v  l  l  l  l  l  <  l  l  l  l  l  l  l  l  l  l  l  l  v  l  
r  r  >  R  r  >  >  r  v  l  l  l  l  l  l  <  <  <  <  <  <  l  l  l  v  l  l  l  
r  r  r  r  >  R  R  >  L  <  <  <  <  <  l  <  l  l  l  l  L  <  <  v  l  <  l  l  
>  >  r  >  R  R  >  R  ^  L  <  <  <  L  <  l  l  l  l  l  l  L  v  l  l  l  l  l  
r  >  >  R  R  >  R  ^  R  ^  L  <  l  L  L  <  <  <  l  l  l  v  l  l  l  l  l  l  
>  R  R  r  r  v  v  v  l  ^  L  L  <  l  l  L  <  L  <  l  v  l  l  <  l  l  l  l  
R  r  r  r  r  r  v  l  l  l  R  ^  L  <  l  l  L  l  L  v  l  l  l  l  l  l  l  l  
v  r  r  r  >  r  v  l  l  l  l  L  L  L  <  <  <  <  l  L  <  <  <  <  <  <  l  l  
v  v  r  r  r  >  ^  <  <  <  <  <  L  ^  L  <  l  L  <  ^  L  L  L  L  L  l  l  l  
r  v  v  r  >  R  ^  L  <  <  <  L  <  L  L  L  <  <  L  <  ^  L  <  L  l  l  l  l  
>  r  v  l  R  ^  ^  ^  L  <  <  <  L  <  L  L  L  <  L  L  L  L  L  v  l  l  <  l  
r  >  v  <  r  v  l  l  ^  L  <  L  <  l  l  ^  L  L  <  L  L  L  >  L  <  l  l  <  
r  r  r  v  >  v  <  <  <  L  L  <  L  <  l  l  ^  L  L  <  L  L  R  ^  L  <  l  l  
r  >  r  r  v  l  L  L  L  <  ^  L  <  L  <  l  l  L  L  L  L  L  L  R  ^  L  <  <  
>  r  >  >  <  <  <  L  L  L  <  L  L  <  L  <  l  l  ^  L  L  L  L  l  R  ^  L  <  
r  >  R  R  ^  L  <  <  L  L  L  <  ^  L  <  L  <  l  l  L  L  L  l  l  l  ^  ^  L  
>  R  R  ^  R  ^  L  <  <  L  L  L  <  L  L  <  L  <  l  l  >  L  <  <  l  l  ^  ^  
R  R  ^  R  R  ^  ^  L  <  <  L  L  L  <  L  L  <  L  <  <  R  ^  L  <  <  l  l  ^  
R  ^  R  R  R  ^  ^  ^  L  <  <  L  <  L  <  L  L  <  L  L  <  R  ^  L  L  <  l  l  
R  R  ^  R  R  ^  ^  ^  ^  L  <  <  L  <  L  <  ^  L  <  l  L  <  ^  L  L  L  <  <  
R  ^  R  ^  ^  R  ^  ^  ^  ^  L  <  <  L  <  L  <  ^  L  <  <  L  <  ^  L  L  L  L  
Correct actions (%) : 18.60
Avg angular diffs   : 79.53
