arguments: 26 30 3 -0.0447552 -0.782517 -0.0328671 -0.13986
loading features...

Initializing gridworld of size 28 by 22..
    Num states: 616
    Num actions: 8
recovered reward
-0.14, -0.14, -0.14, -0.14, -0.14, -0.15, -0.23, -0.15, -0.14, -0.22, -0.14, -0.14, -0.14, -0.22, -0.14, -0.14, -0.14, -0.22, -0.14, -0.14, -0.23, -0.14, -0.23, -0.14, -0.14, -0.23, -0.14, -0.14, 
-0.14, -0.14, -0.14, -0.21, -0.14, -0.36, -0.58, -0.36, -0.14, -0.14, -0.14, -0.14, -0.14, -0.14, -0.14, -0.34, -0.53, -0.34, -0.14, -0.14, -0.34, -0.53, -0.34, -0.14, -0.14, -0.14, -0.14, -0.14, 
-0.14, -0.14, -0.14, -0.14, -0.14, -0.54, -0.94, -0.54, -0.14, -0.14, -0.15, -0.16, -0.15, -0.14, -0.14, -0.53, -0.92, -0.53, -0.14, -0.14, -0.53, -0.92, -0.53, -0.14, -0.14, -0.14, -0.14, -0.14, 
-0.14, -0.21, -0.14, -0.14, -0.14, -0.34, -0.53, -0.34, -0.14, -0.14, -0.16, -0.18, -0.16, -0.14, -0.14, -0.35, -0.55, -0.35, -0.14, -0.14, -0.34, -0.53, -0.34, -0.14, -0.14, -0.34, -0.53, -0.34, 
-0.14, -0.14, -0.14, -0.14, -0.14, -0.34, -0.53, -0.34, -0.14, -0.15, -0.16, -0.15, -0.15, -0.14, -0.14, -0.16, -0.18, -0.16, -0.14, -0.14, -0.14, -0.14, -0.14, -0.14, -0.14, -0.53, -0.92, -0.53, 
-0.14, -0.14, -0.14, -0.14, -0.14, -0.53, -0.92, -0.53, -0.14, -0.16, -0.38, -0.55, -0.34, -0.14, -0.14, -0.15, -0.16, -0.15, -0.14, -0.14, -0.14, -0.14, -0.14, -0.14, -0.14, -0.34, -0.53, -0.34, 
-0.20, -0.14, -0.14, -0.14, -0.14, -0.34, -0.53, -0.34, -0.14, -0.15, -0.55, -0.93, -0.58, -0.14, -0.14, -0.18, -0.14, -0.14, -0.14, -0.14, -0.14, -0.14, -0.14, -0.14, -0.14, -0.14, -0.14, -0.14, 
-0.14, -0.14, -0.14, -0.14, -0.14, -0.14, -0.14, -0.14, -0.19, -0.14, -0.34, -0.53, -0.34, -0.14, -0.14, -0.14, -0.14, -0.18, -0.14, -0.14, -0.14, -0.14, -0.14, -0.14, -0.14, -0.14, -0.14, -0.14, 
-0.14, -0.14, -0.14, -0.14, -0.14, -0.14, -0.14, -0.14, -0.14, -0.14, -0.14, -0.14, -0.14, -0.15, -0.16, -0.15, -0.14, -0.14, -0.14, -0.14, -0.14, -0.14, -0.14, -0.14, -0.14, -0.14, -0.14, -0.14, 
-0.20, -0.14, -0.14, -0.20, -0.14, -0.14, -0.20, -0.16, -0.15, -0.14, -0.14, -0.14, -0.14, -0.16, -0.18, -0.16, -0.14, -0.14, -0.14, -0.34, -0.57, -0.34, -0.14, -0.17, -0.14, -0.14, -0.14, -0.14, 
-0.14, -0.14, -0.14, -0.15, -0.16, -0.15, -0.16, -0.18, -0.15, -0.16, -0.15, -0.14, -0.14, -0.15, -0.16, -0.15, -0.14, -0.14, -0.14, -0.53, -0.92, -0.53, -0.14, -0.14, -0.14, -0.14, -0.14, -0.14, 
-0.14, -0.14, -0.14, -0.16, -0.18, -0.16, -0.15, -0.16, -0.16, -0.18, -0.16, -0.16, -0.15, -0.14, -0.14, -0.14, -0.14, -0.14, -0.14, -0.34, -0.53, -0.34, -0.14, -0.14, -0.14, -0.14, -0.14, -0.14, 
-0.14, -0.14, -0.14, -0.15, -0.16, -0.15, -0.14, -0.14, -0.15, -0.36, -0.54, -0.38, -0.16, -0.14, -0.14, -0.14, -0.14, -0.14, -0.14, -0.14, -0.14, -0.14, -0.14, -0.14, -0.14, -0.14, -0.14, -0.14, 
-0.14, -0.14, -0.14, -0.14, -0.14, -0.14, -0.14, -0.14, -0.34, -0.54, -0.94, -0.54, -0.15, -0.14, -0.14, -0.14, -0.14, -0.14, -0.14, -0.14, -0.14, -0.14, -0.14, -0.14, -0.17, -0.14, -0.14, -0.14, 
-0.14, -0.14, -0.14, -0.14, -0.14, -0.14, -0.14, -0.14, -0.53, -0.36, -0.58, -0.36, -0.14, -0.14, -0.14, -0.14, -0.14, -0.14, -0.14, -0.14, -0.14, -0.14, -0.14, -0.14, -0.14, -0.14, -0.14, -0.14, 
-0.14, -0.14, -0.14, -0.14, -0.14, -0.14, -0.14, -0.14, -0.34, -0.54, -0.36, -0.15, -0.14, -0.15, -0.16, -0.15, -0.14, -0.14, -0.14, -0.14, -0.14, -0.14, -0.14, -0.14, -0.14, -0.14, -0.14, -0.14, 
-0.14, -0.14, -0.14, -0.14, -0.14, -0.14, -0.14, -0.34, -0.53, -0.34, -0.14, -0.14, -0.14, -0.16, -0.18, -0.16, -0.14, -0.14, -0.14, -0.34, -0.53, -0.36, -0.14, -0.14, -0.17, -0.14, -0.14, -0.14, 
-0.14, -0.14, -0.14, -0.14, -0.14, -0.14, -0.14, -0.53, -0.92, -0.53, -0.14, -0.14, -0.14, -0.15, -0.16, -0.15, -0.15, -0.14, -0.16, -0.53, -0.92, -0.53, -0.14, -0.14, -0.14, -0.14, -0.14, -0.14, 
-0.14, -0.14, -0.14, -0.14, -0.14, -0.14, -0.14, -0.34, -0.53, -0.34, -0.14, -0.14, -0.15, -0.14, -0.16, -0.20, -0.16, -0.14, -0.14, -0.34, -0.53, -0.34, -0.14, -0.14, -0.14, -0.14, -0.14, -0.14, 
-0.14, -0.14, -0.14, -0.14, -0.14, -0.15, -0.14, -0.14, -0.15, -0.14, -0.14, -0.14, -0.14, -0.14, -0.15, -0.16, -0.15, -0.14, -0.14, -0.14, -0.14, -0.14, -0.14, -0.14, -0.14, -0.14, -0.14, -0.14, 
-0.14, -0.14, -0.14, -0.14, -0.14, -0.14, -0.14, -0.14, -0.14, -0.14, -0.14, -0.14, -0.14, -0.14, -0.14, -0.14, -0.14, -0.14, -0.14, -0.14, -0.14, -0.14, -0.14, -0.14, -0.14, -0.14, -0.14, -0.14, 
-0.14, -0.14, -0.14, -0.14, -0.14, -0.14, -0.14, -0.14, -0.14, -0.14, -0.14, -0.14, -0.14, -0.14, -0.14, -0.14, -0.14, -0.14, -0.14, -0.14, -0.14, -0.14, -0.14, -0.14, -0.14, -0.14, -0.14, -0.14, 
-- optimal policy --
^  >  R  L  <  <  >  >  r  v  l  >  ^  <  >  >  ^  <  >  R  <  ^  >  R  r  v  >  r  
v  v  ^  L  ^  L  R  R  >  R  <  R  ^  L  v  R  ^  R  ^  ^  l  ^  >  v  v  R  ^  ^  
L  <  <  <  <  L  l  r  R  ^  L  ^  L  r  v  l  R  R  v  L  <  L  >  ^  L  ^  L  ^  
R  v  v  l  L  L  r  >  >  ^  <  R  r  >  ^  <  r  >  ^  <  <  v  R  ^  ^  L  ^  L  
v  L  l  <  L  l  >  r  v  l  L  >  r  R  ^  L  r  R  ^  l  v  l  r  v  l  L  l  ^  
^  L  ^  L  v  l  R  >  v  <  L  R  >  r  <  r  v  R  >  ^  <  <  r  r  v  l  r  v  
^  ^  L  >  r  v  l  v  l  v  l  R  R  ^  L  >  v  >  >  <  ^  L  >  r  v  v  v  r  
l  <  v  >  ^  l  v  l  r  v  l  l  >  R  <  r  v  v  ^  ^  L  R  R  >  >  v  l  R  
^  v  v  >  R  L  <  <  >  v  <  l  v  l  L  >  v  v  v  l  >  ^  <  R  ^  ^  ^  R  
v  l  <  <  ^  ^  ^  L  R  ^  L  <  l  <  r  >  v  l  L  <  R  ^  r  v  l  r  >  ^  
r  ^  ^  L  ^  L  L  R  R  ^  ^  L  ^  L  v  >  ^  R  <  <  L  r  v  >  r  <  L  R  
^  r  v  l  l  r  r  v  l  R  R  ^  r  v  l  >  v  R  r  v  l  >  >  l  ^  r  v  r  
R  ^  L  <  l  v  r  v  l  <  R  r  r  v  v  v  v  ^  l  <  <  >  >  ^  r  ^  l  r  
v  r  ^  l  <  l  >  ^  <  L  r  r  r  r  >  >  <  ^  R  ^  v  v  R  l  <  v  l  v  
r  ^  v  ^  v  v  l  ^  L  L  r  >  >  R  L  ^  L  r  v  l  r  r  <  r  >  r  R  R  
^  >  l  v  r  r  v  l  <  r  v  v  R  ^  ^  >  R  <  <  ^  ^  >  ^  ^  <  <  ^  R  
v  R  <  <  v  v  <  <  L  >  >  r  v  l  L  >  R  ^  ^  L  R  ^  L  ^  R  L  >  r  
l  >  R  r  v  r  v  <  l  R  ^  v  <  v  l  R  ^  L  <  l  r  R  v  v  r  R  L  L  
v  ^  >  r  >  ^  r  L  l  v  l  ^  L  v  <  R  r  r  v  v  v  l  r  >  L  v  L  >  
l  v  r  ^  v  <  r  L  >  l  v  >  r  r  v  l  l  >  v  r  r  <  r  <  ^  r  R  L  
^  v  r  l  <  l  l  >  v  l  ^  L  L  v  r  v  v  v  l  v  r  ^  ^  l  <  r  ^  <  
l  R  r  l  r  l  R  v  R  >  R  l  v  R  <  l  l  v  v  l  >  ^  r  >  ^  r  v  <  
Correct actions (%) : 11.34
Avg angular diffs   : 85.36
