arguments: 26 25 3 0.0709459 -0.0777027 -0.513514 -0.337838
loading features...

Initializing gridworld of size 28 by 22..
    Num states: 616
    Num actions: 8
recovered reward
-0.34, -0.34, -0.34, -0.34, -0.34, -0.34, -0.34, -0.34, -0.34, -0.34, -0.34, -0.34, -0.34, -0.34, -0.34, -0.34, -0.34, -0.34, -0.34, -0.34, -0.34, -0.34, -0.34, -0.34, -0.34, -0.34, -0.34, -0.34, 
-0.34, -0.34, -0.34, -0.34, -0.34, -0.34, -0.34, -0.34, -0.34, -0.34, -0.34, -0.34, -0.34, -0.36, -0.38, -0.36, -0.34, -0.34, -0.34, -0.34, -0.34, -0.34, -0.34, -0.34, -0.34, -1.47, -0.34, -0.34, 
-0.34, -0.34, -0.34, -0.34, -0.34, -0.34, -0.34, -0.34, -0.34, -0.34, -0.34, -0.34, -0.34, -0.38, -0.88, -0.38, -0.34, -0.34, -0.34, -0.34, -0.34, -0.36, -0.38, -0.36, -0.34, -0.34, -0.34, -0.34, 
-0.34, -0.34, -0.34, -0.34, -0.34, -0.34, -0.34, -0.34, -0.32, -0.30, -0.32, -0.75, -0.34, -0.36, -0.38, -0.36, -0.87, -0.38, -0.36, -0.34, -0.34, -0.38, -0.42, -1.46, -0.34, -0.34, -0.34, -0.34, 
-0.34, -0.32, -0.30, -0.32, -0.34, -0.34, -0.34, -0.34, -0.30, -0.63, -0.30, -0.34, -0.34, -0.34, -0.34, -0.34, -0.38, -0.42, -0.38, -0.34, -0.34, -0.36, -0.38, -0.36, -0.34, -0.34, -0.34, -0.34, 
-0.34, -0.30, -0.27, -0.30, -0.34, -0.34, -0.34, -0.34, -0.32, -0.30, -0.32, -0.34, -0.34, -0.34, -0.34, -0.34, -0.36, -0.38, -0.36, -0.34, -0.34, -0.34, -0.34, -0.34, -0.34, -0.34, -0.34, -0.34, 
-0.34, -0.32, -0.30, -0.32, -0.34, -0.34, -0.34, -0.65, -0.34, -0.34, -0.34, -0.34, -0.34, -0.34, -0.32, -0.30, -0.88, -0.34, -0.34, -0.34, -0.34, -0.34, -0.36, -1.40, -0.36, -0.34, -0.34, -0.34, 
-0.34, -0.34, -0.34, -0.34, -0.34, -0.34, -0.34, -0.34, -0.36, -0.38, -0.36, -0.38, -0.36, -0.34, -0.30, -0.27, -0.30, -0.34, -0.34, -0.34, -0.34, -0.34, -0.38, -0.42, -0.38, -0.34, -0.34, -0.34, 
-0.34, -0.34, -0.34, -0.32, -0.30, -0.32, -0.34, -0.34, -0.38, -0.42, -0.38, -0.42, -0.38, -0.34, -0.32, -0.30, -0.32, -0.34, -0.34, -0.34, -0.34, -0.34, -0.36, -0.38, -0.36, -0.34, -0.34, -0.34, 
-0.34, -0.34, -0.34, -0.30, -0.27, -0.30, -0.58, -0.30, -0.34, -0.38, -0.36, -0.38, -0.36, -0.34, -0.34, -0.34, -0.95, -0.34, -0.34, -0.34, -0.34, -0.34, -1.31, -0.34, -0.34, -0.34, -0.34, -0.34, 
-0.34, -0.34, -0.34, -0.32, -0.30, -0.32, -0.30, -0.27, -0.30, -0.34, -0.34, -0.34, -0.34, -0.34, -0.34, -0.34, -0.34, -0.34, -0.36, -0.38, -0.36, -0.34, -0.34, -0.34, -0.34, -0.34, -0.34, -0.34, 
-0.34, -0.34, -0.36, -0.38, -0.36, -0.34, -0.32, -0.30, -0.32, -0.32, -0.36, -0.36, -0.34, -0.34, -0.34, -0.34, -0.34, -0.34, -0.38, -0.40, -0.34, -0.32, -0.34, -0.34, -0.34, -0.34, -0.34, -0.34, 
-0.34, -0.34, -0.38, -0.42, -0.58, -0.34, -0.34, -0.34, -0.30, -0.31, -0.38, -0.38, -0.34, -0.34, -1.01, -0.34, -0.34, -0.34, -0.36, -0.34, -0.29, -0.30, -0.34, -0.34, -0.36, -0.38, -0.36, -0.34, 
-0.34, -0.34, -0.36, -0.38, -0.36, -0.34, -0.34, -0.34, -0.34, -0.34, -0.34, -0.36, -0.34, -0.34, -0.34, -0.34, -0.34, -0.36, -0.38, -0.34, -0.30, -1.24, -0.34, -0.34, -0.38, -0.42, -0.38, -0.34, 
-0.34, -0.34, -0.34, -0.49, -0.34, -0.34, -0.34, -0.34, -0.38, -0.42, -0.38, -0.32, -0.30, -0.32, -0.30, -0.32, -0.34, -0.38, -0.42, -0.38, -0.34, -0.34, -0.34, -0.34, -0.36, -0.38, -0.36, -0.34, 
-0.34, -0.34, -0.34, -0.34, -0.34, -0.34, -0.34, -0.34, -0.36, -0.38, -0.36, -0.30, -0.27, -0.30, -0.27, -1.02, -0.34, -0.36, -0.38, -0.36, -1.19, -0.30, -0.32, -0.34, -0.34, -0.34, -0.34, -0.34, 
-0.34, -0.44, -0.34, -0.34, -0.34, -0.34, -0.32, -0.30, -0.32, -0.34, -0.34, -0.32, -0.30, -0.32, -0.30, -0.32, -0.30, -0.32, -0.34, -0.34, -0.30, -0.27, -0.30, -0.34, -0.34, -0.34, -0.34, -0.34, 
-0.34, -0.34, -0.34, -0.34, -0.34, -0.34, -0.30, -0.27, -0.30, -0.34, -0.34, -0.34, -0.34, -0.34, -0.34, -0.30, -0.27, -0.30, -0.34, -0.34, -0.32, -0.30, -0.32, -0.34, -0.34, -0.34, -0.34, -0.34, 
-0.34, -0.34, -0.34, -0.34, -0.34, -0.34, -0.32, -0.30, -0.32, -0.34, -0.34, -0.34, -0.34, -0.34, -0.34, -1.09, -0.30, -0.32, -1.16, -0.34, -0.34, -0.34, -0.34, -0.34, -0.34, -0.34, -0.34, -0.34, 
-0.39, -0.34, -0.34, -0.34, -0.34, -0.34, -0.34, -0.34, -0.34, -0.34, -0.34, -0.34, -0.34, -0.34, -0.34, -0.34, -0.34, -0.34, -0.34, -0.34, -0.34, -0.34, -0.34, -0.34, -0.34, -0.34, -0.34, -0.34, 
-0.34, -0.34, -0.34, -0.34, -0.34, -0.34, -0.34, -0.34, -0.34, -0.34, -0.34, -0.34, -0.34, -0.34, -0.34, -0.34, -0.34, -0.34, -0.34, -0.34, -0.34, -0.34, -0.34, -0.34, -0.34, -0.34, -0.34, -0.34, 
-0.34, -0.34, -0.34, -0.34, -0.34, -0.34, -0.34, -0.34, -0.34, -0.34, -0.34, -0.34, -0.34, -0.34, -0.34, -0.34, -0.34, -0.34, -0.34, -0.34, -0.34, -0.34, -0.34, -0.34, -0.34, -0.34, -0.34, -0.34, 
-- optimal policy --
r  v  v  v  l  l  l  l  l  r  r  v  v  l  l  r  v  l  l  l  v  v  l  l  l  l  <  l  
r  r  v  l  l  l  l  l  l  v  r  r  v  l  l  r  v  l  v  v  v  l  l  <  <  <  l  l  
r  r  r  v  l  l  l  l  r  v  l  r  v  l  l  v  l  <  r  v  l  l  <  L  L  l  l  l  
r  r  v  l  l  l  l  l  v  l  r  r  r  r  v  v  l  l  r  v  l  l  l  l  l  l  l  l  
r  r  v  l  l  l  l  v  l  v  >  r  r  r  v  l  l  l  v  l  l  l  l  l  l  l  l  l  
>  >  >  <  <  <  v  l  v  l  >  >  r  r  r  v  l  v  l  l  l  l  l  <  <  r  v  l  
R  R  ^  L  L  l  l  l  l  l  >  >  >  r  r  v  l  l  l  l  l  l  l  L  r  v  l  l  
R  R  ^  r  v  l  l  l  l  l  R  R  r  >  >  v  <  <  <  l  l  <  l  r  v  l  l  l  
R  r  r  r  v  l  l  v  l  l  l  l  >  R  R  ^  L  L  <  <  l  l  r  v  l  l  l  l  
r  r  >  >  v  <  r  v  l  l  l  l  R  R  R  ^  L  L  L  L  r  v  l  l  l  l  l  l  
r  >  R  R  ^  L  >  >  <  <  l  <  R  R  ^  ^  L  ^  L  L  r  v  l  l  l  l  l  l  
>  R  R  R  ^  L  R  ^  L  L  <  L  r  v  r  v  v  l  r  r  v  l  l  l  l  l  <  <  
R  R  ^  R  R  R  R  ^  L  <  L  r  r  r  v  v  l  l  r  >  v  <  <  v  l  l  L  L  
R  ^  L  r  R  R  ^  R  ^  L  r  r  v  r  v  l  l  l  >  r  v  l  v  l  l  l  l  l  
R  ^  r  r  r  r  v  v  l  L  r  r  v  r  v  l  <  l  l  >  r  v  l  l  l  l  l  l  
R  >  r  >  r  r  r  v  l  l  >  >  v  >  v  <  v  l  l  r  r  v  l  l  l  l  l  l  
r  r  >  r  r  r  r  v  l  l  R  R  ^  R  ^  L  v  l  l  >  >  >  <  <  <  l  l  l  
r  r  r  r  r  >  >  v  <  <  R  R  ^  R  ^  >  v  <  <  R  R  ^  L  L  <  <  <  <  
r  r  >  r  >  R  R  ^  L  L  R  ^  R  ^  R  R  ^  L  L  R  R  ^  L  L  L  L  <  L  
r  >  r  >  R  R  R  ^  L  L  L  R  R  R  >  R  ^  L  L  R  ^  L  ^  L  L  L  L  <  
r  r  >  R  R  R  ^  ^  ^  L  L  L  R  >  R  ^  R  ^  L  L  ^  ^  L  ^  L  L  L  L  
>  >  R  R  R  ^  ^  L  ^  L  L  L  >  R  R  ^  ^  R  ^  L  L  L  L  L  ^  L  L  L  
Correct actions (%) : 20.21
Avg angular diffs   : 81.38
