arguments: 26 25 3 -0.0833333 0.125 -0.0972222 -0.694444
loading features...

Initializing gridworld of size 28 by 22..
    Num states: 616
    Num actions: 8
recovered reward
-0.69, -0.69, -0.69, -0.69, -0.69, -0.69, -0.69, -0.69, -0.69, -0.69, -0.69, -0.69, -0.69, -0.69, -0.69, -0.69, -0.69, -0.69, -0.69, -0.69, -0.69, -0.69, -0.69, -0.69, -0.69, -0.69, -0.69, -0.69, 
-0.69, -0.69, -0.69, -0.69, -0.69, -0.69, -0.69, -0.69, -0.69, -0.69, -0.69, -0.69, -0.69, -0.69, -0.69, -0.69, -0.69, -0.69, -0.69, -0.69, -0.69, -0.69, -0.69, -0.69, -0.69, -0.91, -0.69, -0.69, 
-0.69, -0.69, -0.69, -0.69, -0.69, -0.69, -0.69, -0.69, -0.69, -0.69, -0.69, -0.69, -0.69, -0.69, -0.66, -0.69, -0.69, -0.69, -0.69, -0.69, -0.69, -0.69, -0.69, -0.69, -0.69, -0.69, -0.69, -0.69, 
-0.69, -0.69, -0.69, -0.69, -0.69, -0.69, -0.69, -0.69, -0.69, -0.69, -0.69, -0.77, -0.69, -0.69, -0.69, -0.69, -0.79, -0.69, -0.69, -0.69, -0.69, -0.69, -0.57, -0.90, -0.69, -0.69, -0.69, -0.69, 
-0.69, -0.69, -0.69, -0.69, -0.69, -0.69, -0.69, -0.69, -0.69, -0.85, -0.69, -0.69, -0.69, -0.69, -0.69, -0.69, -0.69, -0.57, -0.69, -0.69, -0.69, -0.69, -0.69, -0.69, -0.69, -0.69, -0.69, -0.69, 
-0.69, -0.69, -0.78, -0.69, -0.69, -0.69, -0.69, -0.69, -0.69, -0.69, -0.69, -0.69, -0.69, -0.69, -0.69, -0.69, -0.69, -0.69, -0.69, -0.69, -0.69, -0.69, -0.69, -0.69, -0.69, -0.69, -0.69, -0.69, 
-0.69, -0.69, -0.69, -0.69, -0.69, -0.69, -0.69, -0.75, -0.69, -0.69, -0.69, -0.69, -0.69, -0.69, -0.69, -0.69, -0.80, -0.69, -0.69, -0.69, -0.69, -0.69, -0.69, -0.89, -0.69, -0.69, -0.69, -0.69, 
-0.69, -0.69, -0.69, -0.69, -0.69, -0.69, -0.69, -0.69, -0.69, -0.69, -0.69, -0.69, -0.69, -0.69, -0.69, -0.78, -0.69, -0.69, -0.69, -0.69, -0.69, -0.69, -0.69, -0.57, -0.69, -0.69, -0.69, -0.69, 
-0.69, -0.69, -0.69, -0.69, -0.69, -0.69, -0.69, -0.69, -0.69, -0.57, -0.69, -0.57, -0.69, -0.69, -0.69, -0.69, -0.69, -0.69, -0.69, -0.69, -0.69, -0.69, -0.69, -0.69, -0.69, -0.69, -0.69, -0.69, 
-0.69, -0.69, -0.69, -0.69, -0.78, -0.69, -0.74, -0.69, -0.69, -0.69, -0.69, -0.69, -0.69, -0.69, -0.69, -0.69, -0.81, -0.69, -0.69, -0.69, -0.69, -0.69, -0.88, -0.69, -0.69, -0.69, -0.69, -0.69, 
-0.69, -0.69, -0.69, -0.69, -0.69, -0.69, -0.69, -0.78, -0.69, -0.69, -0.69, -0.69, -0.69, -0.69, -0.69, -0.69, -0.69, -0.69, -0.69, -0.69, -0.69, -0.69, -0.69, -0.69, -0.69, -0.69, -0.69, -0.69, 
-0.69, -0.69, -0.69, -0.69, -0.69, -0.69, -0.69, -0.69, -0.69, -0.69, -0.69, -0.69, -0.69, -0.69, -0.69, -0.69, -0.69, -0.69, -0.69, -0.57, -0.69, -0.69, -0.69, -0.69, -0.69, -0.69, -0.69, -0.69, 
-0.69, -0.69, -0.69, -0.57, -0.73, -0.69, -0.69, -0.69, -0.69, -0.78, -0.57, -0.69, -0.69, -0.69, -0.82, -0.69, -0.69, -0.69, -0.69, -0.69, -0.78, -0.69, -0.69, -0.69, -0.69, -0.69, -0.69, -0.69, 
-0.69, -0.69, -0.69, -0.69, -0.69, -0.69, -0.69, -0.69, -0.69, -0.69, -0.69, -0.69, -0.69, -0.69, -0.69, -0.69, -0.69, -0.69, -0.69, -0.69, -0.69, -0.87, -0.69, -0.69, -0.69, -0.57, -0.69, -0.69, 
-0.69, -0.69, -0.69, -0.72, -0.69, -0.69, -0.69, -0.69, -0.69, -0.57, -0.69, -0.69, -0.69, -0.69, -0.69, -0.69, -0.69, -0.69, -0.57, -0.69, -0.69, -0.69, -0.69, -0.69, -0.69, -0.69, -0.69, -0.69, 
-0.69, -0.69, -0.69, -0.69, -0.69, -0.69, -0.69, -0.69, -0.69, -0.69, -0.69, -0.69, -0.78, -0.69, -0.78, -0.83, -0.69, -0.69, -0.69, -0.69, -0.86, -0.69, -0.69, -0.69, -0.69, -0.69, -0.69, -0.69, 
-0.69, -0.71, -0.69, -0.69, -0.69, -0.69, -0.69, -0.69, -0.69, -0.69, -0.69, -0.69, -0.69, -0.69, -0.69, -0.69, -0.69, -0.69, -0.69, -0.69, -0.69, -0.78, -0.69, -0.69, -0.69, -0.69, -0.69, -0.69, 
-0.69, -0.69, -0.69, -0.69, -0.69, -0.69, -0.69, -0.78, -0.69, -0.69, -0.69, -0.69, -0.69, -0.69, -0.69, -0.69, -0.78, -0.69, -0.69, -0.69, -0.69, -0.69, -0.69, -0.69, -0.69, -0.69, -0.69, -0.69, 
-0.69, -0.69, -0.69, -0.69, -0.69, -0.69, -0.69, -0.69, -0.69, -0.69, -0.69, -0.69, -0.69, -0.69, -0.69, -0.84, -0.69, -0.69, -0.85, -0.69, -0.69, -0.69, -0.69, -0.69, -0.69, -0.69, -0.69, -0.69, 
-0.70, -0.69, -0.69, -0.69, -0.69, -0.69, -0.69, -0.69, -0.69, -0.69, -0.69, -0.69, -0.69, -0.69, -0.69, -0.69, -0.69, -0.69, -0.69, -0.69, -0.69, -0.69, -0.69, -0.69, -0.69, -0.69, -0.69, -0.69, 
-0.69, -0.69, -0.69, -0.69, -0.69, -0.69, -0.69, -0.69, -0.69, -0.69, -0.69, -0.69, -0.69, -0.69, -0.69, -0.69, -0.69, -0.69, -0.69, -0.69, -0.69, -0.69, -0.69, -0.69, -0.69, -0.69, -0.69, -0.69, 
-0.69, -0.69, -0.69, -0.69, -0.69, -0.69, -0.69, -0.69, -0.69, -0.69, -0.69, -0.69, -0.69, -0.69, -0.69, -0.69, -0.69, -0.69, -0.69, -0.69, -0.69, -0.69, -0.69, -0.69, -0.69, -0.69, -0.69, -0.69, 
-- optimal policy --
r  r  r  r  r  v  v  v  v  >  r  r  r  r  r  v  l  v  >  r  v  v  v  l  v  l  <  l  
r  r  r  r  r  v  v  l  v  v  r  r  r  r  v  r  v  v  v  >  r  v  l  v  l  <  L  <  
r  r  r  r  r  v  l  v  v  v  v  r  r  >  r  v  r  v  v  l  r  r  v  l  <  L  <  l  
>  r  r  r  r  r  v  v  v  l  v  v  >  R  r  r  r  v  l  l  >  >  <  <  L  <  l  l  
v  >  >  r  r  r  r  v  v  v  v  v  v  r  r  r  >  v  <  <  R  R  ^  L  <  v  l  <  
v  v  >  >  r  r  r  r  v  v  v  v  v  v  r  >  R  ^  L  <  R  r  v  r  v  l  <  L  
v  v  v  >  >  r  r  r  r  r  v  v  v  l  >  R  R  R  ^  L  >  r  r  v  l  <  L  L  
v  v  v  v  >  >  r  >  r  v  r  v  l  l  R  ^  L  ^  ^  L  R  >  >  <  <  L  <  L  
v  l  v  v  l  >  >  r  >  r  >  v  <  <  <  >  r  r  v  v  R  R  R  ^  L  <  L  <  
r  v  l  v  v  v  >  >  R  ^  R  ^  L  <  <  r  r  r  r  v  v  R  ^  ^  ^  L  <  L  
>  r  v  l  v  l  R  R  ^  R  ^  ^  ^  L  <  r  r  r  r  v  l  l  R  ^  L  ^  L  v  
r  >  r  v  l  <  r  R  >  r  v  l  l  ^  L  r  r  r  >  v  <  <  <  r  v  v  v  l  
r  r  >  l  <  l  r  r  r  >  v  <  <  <  r  r  r  >  R  ^  L  L  <  >  r  v  l  l  
r  >  R  ^  L  <  r  r  r  v  l  L  <  <  >  r  >  r  v  l  L  ^  L  r  >  v  <  l  
>  R  ^  L  ^  L  r  r  >  v  <  <  L  <  R  >  r  >  v  <  l  L  r  >  R  ^  L  <  
R  ^  L  L  ^  ^  r  >  R  ^  L  <  <  L  r  r  >  R  ^  L  <  l  >  R  ^  ^  ^  L  
^  L  ^  ^  ^  r  >  R  ^  R  ^  L  <  <  r  >  R  ^  ^  ^  L  <  R  ^  R  R  ^  L  
^  L  ^  ^  r  >  R  ^  R  ^  L  L  L  <  >  R  ^  ^  L  R  ^  L  <  ^  ^  ^  L  ^  
^  ^  ^  r  >  R  ^  R  R  ^  L  ^  ^  L  R  ^  L  ^  ^  R  R  ^  L  L  ^  ^  ^  ^  
^  ^  r  >  R  R  ^  R  ^  R  ^  L  ^  R  ^  R  ^  L  R  ^  ^  L  L  L  L  R  R  ^  
R  r  >  R  ^  ^  R  ^  R  ^  ^  ^  R  R  R  R  R  R  R  R  ^  L  ^  L  L  <  ^  L  
R  >  R  R  ^  R  ^  R  ^  ^  ^  R  R  ^  R  R  R  R  R  R  ^  ^  ^  L  L  L  L  ^  
Correct actions (%) : 10.64
Avg angular diffs   : 96.22
