arguments: 26 26 3 0.0272727 -0.00909091 -0.0545455 -0.909091
loading features...

Initializing gridworld of size 28 by 22..
    Num states: 616
    Num actions: 8
recovered reward
-0.91, -0.91, -0.91, -0.91, -0.91, -0.91, -0.91, -0.91, -0.91, -1.06, -0.91, -0.91, -0.91, -1.07, -0.91, -0.91, -0.91, -1.07, -0.91, -0.91, -1.08, -0.91, -1.08, -0.91, -0.91, -1.09, -0.91, -0.91, 
-1.05, -0.91, -0.91, -1.02, -0.91, -0.91, -1.06, -0.91, -0.91, -0.91, -0.91, -0.91, -0.91, -0.91, -0.91, -0.91, -0.91, -0.91, -0.91, -0.91, -0.91, -0.91, -0.91, -0.91, -0.91, -0.91, -0.91, -0.91, 
-0.91, -0.91, -0.91, -0.91, -0.91, -0.88, -0.91, -0.92, -0.91, -0.91, -0.91, -0.91, -0.91, -0.91, -0.91, -0.91, -0.91, -0.88, -0.91, -0.91, -0.91, -0.91, -0.91, -0.91, -0.91, -0.91, -0.91, -0.91, 
-1.04, -0.91, -0.92, -0.91, -0.91, -0.91, -0.91, -0.91, -0.91, -0.91, -0.91, -0.91, -0.91, -0.91, -0.91, -0.91, -0.91, -0.91, -0.91, -0.91, -0.91, -0.91, -0.91, -0.91, -0.91, -0.91, -0.91, -0.91, 
-0.91, -0.91, -0.91, -0.91, -0.91, -0.91, -0.91, -0.91, -0.91, -0.91, -0.91, -0.91, -0.91, -0.92, -0.91, -0.91, -0.92, -0.91, -0.91, -0.91, -0.91, -0.91, -0.91, -0.91, -0.91, -0.91, -1.03, -0.91, 
-0.91, -0.91, -0.91, -0.91, -0.91, -0.91, -0.91, -0.91, -0.91, -0.92, -0.91, -0.91, -0.91, -0.91, -0.91, -0.91, -0.91, -0.91, -0.91, -0.91, -0.91, -0.91, -0.91, -0.91, -0.91, -0.91, -0.91, -0.91, 
-0.91, -0.91, -0.91, -0.91, -0.91, -0.91, -0.91, -0.91, -0.91, -0.91, -0.91, -0.91, -0.91, -0.91, -0.91, -0.88, -0.91, -0.91, -0.91, -0.91, -0.91, -0.91, -0.91, -0.91, -0.91, -0.91, -0.91, -0.91, 
-0.91, -0.88, -0.91, -0.91, -0.91, -0.91, -0.91, -0.91, -0.91, -0.91, -0.91, -0.91, -0.91, -0.91, -0.91, -0.91, -0.91, -0.91, -0.91, -0.91, -0.91, -0.91, -0.91, -0.91, -0.91, -0.91, -1.03, -0.91, 
-0.91, -0.91, -0.91, -0.91, -0.91, -0.91, -0.88, -0.91, -0.92, -0.91, -0.91, -0.91, -0.91, -0.91, -0.91, -0.91, -0.91, -0.91, -0.91, -0.91, -0.91, -0.91, -0.91, -0.91, -0.91, -0.91, -0.91, -0.91, 
-0.91, -0.91, -0.91, -0.91, -0.91, -0.91, -0.91, -0.91, -0.91, -0.91, -1.00, -0.88, -0.91, -0.91, -0.99, -0.91, -0.91, -0.99, -0.91, -0.91, -0.98, -0.92, -0.91, -0.97, -0.91, -0.91, -0.91, -0.91, 
-0.91, -0.91, -0.91, -0.91, -0.91, -0.91, -0.91, -0.91, -0.91, -0.91, -0.91, -0.91, -0.91, -0.91, -0.91, -0.92, -0.91, -0.91, -0.91, -0.91, -0.91, -0.91, -0.91, -0.91, -0.91, -0.91, -1.02, -0.91, 
-0.91, -0.91, -0.91, -0.91, -0.91, -0.91, -0.91, -1.00, -0.91, -0.91, -0.91, -0.91, -0.91, -0.91, -0.91, -0.91, -0.91, -0.91, -0.91, -0.91, -0.91, -0.91, -0.91, -0.91, -0.91, -0.91, -0.91, -0.91, 
-0.91, -0.91, -0.91, -0.91, -0.91, -0.91, -0.91, -0.88, -0.91, -0.91, -0.91, -0.91, -0.91, -0.91, -0.91, -0.91, -0.91, -0.91, -0.91, -0.91, -0.91, -0.91, -0.91, -0.91, -0.91, -0.91, -0.91, -0.91, 
-1.02, -0.91, -0.91, -1.01, -0.91, -0.91, -1.01, -0.91, -0.91, -0.91, -0.91, -0.91, -0.88, -0.91, -0.91, -0.92, -0.91, -0.91, -0.91, -0.91, -0.91, -0.91, -0.91, -0.91, -0.91, -0.91, -0.96, -0.91, 
-0.91, -0.91, -0.91, -0.91, -0.91, -0.91, -0.91, -0.91, -0.91, -0.91, -0.91, -0.91, -0.91, -0.91, -0.91, -0.91, -0.91, -0.91, -0.91, -0.91, -0.91, -0.91, -0.91, -0.91, -0.91, -0.91, -0.91, -0.91, 
-0.91, -0.91, -0.91, -0.91, -0.91, -0.91, -0.91, -0.91, -0.91, -0.91, -0.91, -0.91, -0.91, -0.91, -0.91, -0.91, -0.91, -0.91, -0.91, -0.91, -0.91, -0.91, -0.91, -0.91, -0.91, -0.91, -0.91, -0.91, 
-0.91, -0.91, -0.91, -0.91, -0.91, -0.91, -0.91, -0.91, -0.91, -0.91, -0.91, -0.91, -0.91, -0.91, -0.91, -0.91, -0.91, -0.92, -0.91, -0.91, -0.91, -0.91, -0.91, -0.91, -0.91, -0.91, -0.96, -0.91, 
-0.91, -0.91, -0.91, -0.91, -0.91, -0.91, -0.91, -0.91, -0.91, -0.91, -0.91, -0.91, -0.91, -0.91, -0.92, -0.91, -0.91, -0.91, -0.91, -0.91, -0.91, -0.91, -0.91, -0.91, -0.91, -0.91, -0.91, -0.91, 
-0.91, -0.91, -0.91, -0.91, -0.91, -0.91, -0.91, -0.91, -0.91, -0.91, -0.91, -0.91, -0.88, -0.91, -0.91, -0.91, -0.91, -0.91, -0.91, -0.92, -0.88, -0.91, -0.91, -0.91, -0.95, -0.91, -0.91, -0.91, 
-0.91, -0.91, -0.91, -0.91, -0.91, -0.92, -0.91, -0.91, -0.93, -0.91, -0.91, -0.93, -0.91, -0.91, -0.94, -0.91, -0.91, -0.94, -0.91, -0.91, -0.95, -0.91, -0.91, -0.91, -0.91, -0.91, -0.91, -0.91, 
-0.91, -0.91, -0.91, -0.91, -0.91, -0.91, -0.91, -0.91, -0.91, -0.91, -0.91, -0.91, -0.91, -0.91, -0.91, -0.91, -0.91, -0.91, -0.91, -0.91, -0.91, -0.91, -0.91, -0.91, -0.91, -0.91, -0.91, -0.91, 
-0.91, -0.91, -0.91, -0.91, -0.91, -0.91, -0.91, -0.91, -0.91, -0.91, -0.91, -0.91, -0.91, -0.91, -0.91, -0.91, -0.91, -0.91, -0.91, -0.91, -0.91, -0.91, -0.91, -0.91, -0.91, -0.91, -0.91, -0.91, 
-- optimal policy --
r  r  >  r  v  v  l  v  l  l  l  r  r  r  >  r  v  v  l  l  l  l  l  l  l  l  l  l  
>  >  r  >  r  v  l  l  <  <  <  r  r  >  r  >  r  v  l  l  l  l  l  l  l  l  l  l  
r  >  r  r  >  >  <  <  l  l  r  r  r  r  >  r  >  v  <  <  l  l  l  l  l  l  l  l  
v  v  r  >  R  ^  L  L  <  <  l  r  r  r  v  >  R  ^  L  L  <  <  <  <  <  l  l  <  
v  v  v  R  ^  ^  ^  L  <  l  l  r  r  r  v  v  v  l  ^  L  L  <  <  <  L  <  <  l  
v  v  v  l  v  r  v  v  l  l  l  v  r  >  r  v  l  l  l  ^  L  L  <  L  <  L  L  <  
r  v  l  l  r  v  r  v  l  l  v  v  v  r  >  >  <  <  l  l  ^  L  L  <  L  <  L  L  
>  v  <  <  >  r  v  l  l  r  v  v  v  l  R  ^  L  <  l  l  l  ^  L  L  <  L  l  L  
R  ^  L  <  r  >  v  <  <  >  r  v  l  l  ^  ^  ^  L  <  <  <  <  ^  L  L  <  <  <  
^  ^  ^  L  >  R  ^  L  <  r  >  v  <  <  l  ^  ^  ^  L  L  <  L  L  ^  L  L  L  v  
^  ^  ^  >  R  R  ^  L  L  >  R  ^  L  L  <  l  l  L  ^  L  L  <  <  L  ^  L  v  l  
^  ^  >  R  R  >  r  v  l  R  ^  ^  ^  L  l  l  l  l  ^  ^  L  L  <  v  r  v  l  l  
^  >  R  R  r  >  >  v  <  <  >  r  v  l  l  l  <  l  l  ^  ^  L  v  r  v  v  l  <  
>  R  ^  r  >  R  R  ^  L  <  r  >  v  <  <  l  l  l  v  v  l  l  r  v  v  l  l  l  
R  R  r  >  R  >  R  ^  L  L  >  R  ^  L  L  <  <  v  v  l  l  r  v  l  l  l  l  l  
R  r  >  R  >  R  R  ^  ^  >  R  R  ^  ^  L  L  <  r  v  v  v  v  v  l  l  l  l  <  
r  >  R  >  R  R  R  ^  >  R  r  v  v  v  l  L  L  >  r  v  v  v  l  l  l  l  l  l  
>  R  >  R  R  R  ^  >  R  r  >  r  v  l  l  l  L  r  >  r  v  l  l  l  l  <  <  <  
R  >  R  ^  R  ^  >  R  r  >  R  >  v  <  <  <  <  >  r  >  >  <  <  <  l  l  l  l  
>  R  ^  R  ^  >  R  r  >  R  R  R  ^  L  <  l  L  r  >  R  ^  L  L  L  <  <  <  l  
R  ^  R  ^  >  R  r  >  R  R  >  R  ^  L  L  <  <  >  R  ^  L  ^  L  L  L  <  L  <  
^  R  ^  >  R  >  >  R  R  >  R  ^  ^  ^  ^  L  L  R  ^  R  ^  L  ^  L  L  L  L  <  
Correct actions (%) : 17.89
Avg angular diffs   : 81.95
