arguments: 26 9 4 -0.009802 -9.802e-05 -9.802e-05 -0.990002

Initializing gridworld of size 28 by 22..
    Num states: 616
    Num actions: 8
recovered reward
-0.99, -0.99, -0.99, -0.99, -0.99, -0.99, -0.99, -0.99, -0.99, -0.99, -0.99, -0.99, -0.99, -0.99, -0.99, -0.99, -0.99, -0.99, -0.99, -0.99, -0.99, -0.99, -0.99, -0.99, -0.99, -0.99, -0.99, -0.99, 
-0.99, -0.99, -0.99, -0.99, -0.99, -0.99, -0.99, -0.99, -0.99, -0.99, -0.99, -0.99, -0.99, -0.99, -0.99, -0.99, -0.99, -0.99, -0.99, -0.99, -0.99, -0.99, -0.99, -0.99, -0.99, -0.99, -0.99, -0.99, 
-0.99, -0.99, -0.99, -0.99, -0.99, -0.99, -0.99, -0.99, -0.99, -0.99, -0.99, -0.99, -0.99, -0.99, -0.99, -0.99, -0.99, -0.99, -0.99, -0.99, -0.99, -0.99, -0.99, -0.99, -0.99, -0.99, -0.99, -0.99, 
-0.99, -0.99, -0.99, -0.99, -0.99, -0.99, -0.99, -0.99, -0.99, -0.99, -0.99, -0.99, -0.99, -0.99, -0.99, -0.99, -0.99, -0.99, -0.99, -0.99, -0.99, -0.99, -0.99, -0.99, -0.99, -0.99, -0.99, -0.99, 
-0.99, -0.99, -0.99, -0.99, -0.99, -0.99, -0.99, -0.99, -0.99, -0.99, -0.99, -0.99, -0.99, -0.99, -0.99, -0.99, -0.99, -0.99, -0.99, -0.99, -0.99, -0.99, -0.99, -0.99, -0.99, -0.99, -0.99, -0.99, 
-0.99, -0.99, -0.99, -0.99, -0.99, -0.99, -0.99, -0.99, -0.99, -0.99, -0.99, -0.99, -0.99, -0.99, -0.99, -0.99, -0.99, -0.99, -0.99, -0.99, -0.99, -0.99, -0.99, -0.99, -0.99, -0.99, -0.99, -0.99, 
-0.99, -0.99, -0.99, -0.99, -0.99, -0.99, -0.99, -0.99, -0.99, -0.99, -0.99, -0.99, -0.99, -0.99, -0.99, -0.99, -0.99, -0.99, -0.99, -0.99, -0.99, -0.99, -0.99, -0.99, -0.99, -0.99, -0.99, -0.99, 
-0.99, -0.99, -0.99, -0.99, -0.99, -0.99, -0.99, -0.99, -0.99, -0.99, -0.99, -0.99, -0.99, -0.99, -0.99, -0.99, -0.99, -0.99, -0.99, -0.99, -0.99, -0.99, -0.99, -0.99, -0.99, -0.99, -0.99, -0.99, 
-0.99, -0.99, -0.99, -0.99, -0.99, -0.99, -0.99, -0.99, -0.99, -0.99, -0.99, -0.99, -0.99, -0.99, -0.99, -0.99, -0.99, -0.99, -0.99, -0.99, -0.99, -0.99, -0.99, -0.99, -0.99, -0.99, -0.99, -0.99, 
-0.99, -0.99, -0.99, -0.99, -0.99, -0.99, -0.99, -0.99, -0.99, -0.99, -0.99, -0.99, -0.99, -0.99, -0.99, -0.99, -0.99, -0.99, -0.99, -0.99, -0.99, -0.99, -0.99, -0.99, -0.99, -0.99, -0.99, -0.99, 
-0.99, -0.99, -0.99, -0.99, -0.99, -0.99, -0.99, -0.99, -0.99, -0.99, -0.99, -0.99, -0.99, -0.99, -0.99, -0.99, -0.99, -0.99, -0.99, -0.99, -0.99, -0.99, -0.99, -0.99, -0.99, -0.99, -0.99, -0.99, 
-0.99, -0.99, -0.99, -0.99, -0.99, -0.99, -0.99, -0.99, -0.99, -0.99, -0.99, -0.99, -0.99, -0.99, -0.99, -0.99, -0.99, -0.99, -0.99, -0.99, -0.99, -0.99, -0.99, -0.99, -0.99, -0.99, -0.99, -0.99, 
-0.99, -0.99, -0.99, -0.99, -0.99, -0.99, -0.99, -0.99, -0.99, -0.99, -0.99, -0.99, -0.99, -0.99, -0.99, -0.99, -0.99, -0.99, -0.99, -0.99, -0.99, -0.99, -0.99, -0.99, -0.99, -0.99, -0.99, -0.99, 
-0.99, -0.99, -0.99, -0.99, -0.99, -0.99, -0.99, -0.99, -0.99, -0.99, -0.99, -0.99, -0.99, -0.99, -0.99, -0.99, -0.99, -0.99, -0.99, -0.99, -0.99, -0.99, -0.99, -0.99, -0.99, -0.99, -0.99, -0.99, 
-0.99, -0.99, -0.99, -0.99, -0.99, -0.99, -0.99, -0.99, -0.99, -0.99, -0.99, -0.99, -0.99, -0.99, -0.99, -0.99, -0.99, -0.99, -0.99, -0.99, -0.99, -0.99, -0.99, -0.99, -0.99, -0.99, -0.99, -0.99, 
-0.99, -0.99, -0.99, -0.99, -0.99, -0.99, -0.99, -0.99, -0.99, -0.99, -0.99, -0.99, -0.99, -0.99, -0.99, -0.99, -0.99, -0.99, -0.99, -0.99, -0.99, -0.99, -0.99, -0.99, -0.99, -0.99, -0.99, -0.99, 
-0.99, -0.99, -0.99, -0.99, -0.99, -0.99, -0.99, -0.99, -0.99, -0.99, -0.99, -0.99, -0.99, -0.99, -0.99, -0.99, -0.99, -0.99, -0.99, -0.99, -0.99, -0.99, -0.99, -0.99, -0.99, -0.99, -0.99, -0.99, 
-0.99, -0.99, -0.99, -0.99, -0.99, -0.99, -0.99, -0.99, -0.99, -0.99, -0.99, -0.99, -0.99, -0.99, -0.99, -0.99, -0.99, -0.99, -0.99, -0.99, -0.99, -0.99, -0.99, -0.99, -0.99, -0.99, -0.99, -0.99, 
-0.99, -0.99, -0.99, -0.99, -0.99, -0.99, -0.99, -0.99, -0.99, -0.99, -0.99, -0.99, -0.99, -0.99, -0.99, -0.99, -0.99, -0.99, -0.99, -0.99, -0.99, -0.99, -0.99, -0.99, -0.99, -0.99, -0.99, -0.99, 
-0.99, -0.99, -0.99, -0.99, -0.99, -0.99, -0.99, -0.99, -0.99, -0.99, -0.99, -0.99, -0.99, -0.99, -0.99, -0.99, -0.99, -0.99, -0.99, -0.99, -0.99, -0.99, -0.99, -0.99, -0.99, -0.99, -0.99, -0.99, 
-0.99, -0.99, -0.99, -0.99, -0.99, -0.99, -0.99, -0.99, -0.99, -0.99, -0.99, -0.99, -0.99, -0.99, -0.99, -0.99, -0.99, -0.99, -0.99, -0.99, -0.99, -0.99, -0.99, -0.99, -0.99, -0.99, -0.99, -0.99, 
-0.99, -0.99, -0.99, -0.99, -0.99, -0.99, -0.99, -0.99, -0.99, -0.99, -0.99, -0.99, -0.99, -0.99, -0.99, -0.99, -0.99, -0.99, -0.99, -0.99, -0.99, -0.99, -0.99, -0.99, -0.99, -0.99, -0.99, -0.99, 
-- optimal policy --
R  <  v  >  >  R  <  >  >  >  >  >  >  ^  <  >  R  <  R  <  R  <  v  v  r  v  >  R  
l  <  v  R  R  ^  L  R  R  R  R  R  R  ^  R  ^  ^  L  ^  R  ^  L  r  v  v  r  v  ^  
^  L  l  <  v  l  <  v  v  l  <  >  r  v  v  >  >  >  >  >  >  >  >  r  v  >  >  v  
>  l  <  L  l  <  v  v  l  <  L  v  >  >  r  R  R  R  >  >  >  >  >  >  r  v  r  l  
<  <  L  l  <  L  v  l  <  L  v  v  R  >  >  r  r  R  R  R  R  R  R  ^  >  >  >  r  
^  L  l  <  L  v  l  <  L  v  v  v  v  v  v  l  >  >  >  >  r  v  r  R  R  ^  R  ^  
v  l  <  L  v  l  ^  L  v  v  v  v  v  v  l  v  R  R  R  R  >  r  >  >  r  v  v  v  
l  <  L  v  l  <  L  v  v  v  v  v  v  l  v  l  <  >  >  >  >  r  v  R  >  r  v  l  
^  L  v  l  <  L  l  r  v  v  v  v  l  v  l  <  L  R  R  R  R  >  >  >  >  >  r  <  
l  <  v  v  v  l  <  v  r  v  l  l  v  l  <  L  v  >  >  r  R  R  ^  R  R  >  >  R  
<  <  v  v  l  <  v  v  v  r  v  l  l  <  L  v  v  v  R  >  >  >  >  r  R  R  ^  ^  
L  L  v  l  <  L  v  v  r  v  l  v  l  <  v  v  v  v  R  R  R  R  R  >  >  >  >  r  
^  L  l  <  L  v  l  r  v  l  <  l  <  v  v  v  v  v  v  v  v  >  r  v  R  R  R  ^  
v  l  <  L  v  l  v  v  r  v  l  <  v  v  v  v  v  v  v  v  v  R  >  r  v  >  >  >  
v  <  L  v  l  <  v  v  v  l  v  l  r  v  v  v  v  v  v  v  v  v  v  >  r  v  R  ^  
l  <  v  l  v  v  v  v  v  v  l  <  >  r  v  v  v  v  v  v  v  l  v  v  >  r  v  l  
^  L  r  v  v  v  v  v  v  l  <  v  R  >  r  v  v  v  v  v  l  v  r  v  v  >  r  v  
L  <  >  r  v  l  l  v  l  <  L  r  v  v  >  v  v  r  v  l  v  v  v  r  v  R  ^  R  
L  <  >  v  l  r  v  l  ^  L  r  v  r  v  >  r  v  v  v  <  v  l  v  v  l  <  R  ^  
<  <  v  l  ^  >  r  <  l  <  >  r  v  v  R  >  r  v  l  <  r  v  v  l  ^  L  r  v  
^  v  v  l  v  R  ^  l  <  L  >  >  >  r  v  R  ^  r  ^  >  v  v  l  ^  L  >  >  R  
>  l  r  <  l  <  l  v  <  R  R  R  R  >  v  <  R  ^  l  <  r  v  ^  L  R  R  R  ^  
