arguments: 26 29 3 0.172458 0.00550847 -0.737288 -0.0847458
loading features...

Initializing gridworld of size 28 by 22..
    Num states: 616
    Num actions: 8
recovered reward
-0.08, -0.08, -0.08, -0.08, -0.08, -0.08, -0.08, -0.08, -0.08, -0.08, -0.08, -0.08, -0.08, -0.08, -0.08, -0.08, -0.08, -0.08, -0.08, -0.08, -0.08, -0.08, -0.08, -0.08, -0.08, -0.08, -0.08, -0.08, 
-0.08, -0.08, -0.08, -0.08, -0.08, -0.08, -0.08, -0.08, -0.08, -0.04, 0.00, -0.04, -0.08, -0.08, -0.08, -0.08, -0.08, -0.08, -0.08, -0.08, -0.08, -0.08, -0.08, -0.08, -0.08, -0.08, -0.08, -0.08, 
-0.08, -0.08, -0.08, -0.08, -0.08, -0.08, -0.08, -0.08, -0.08, 0.00, 0.09, 0.00, -0.08, -0.08, -0.08, -0.08, -0.08, -0.08, -0.08, -0.08, -0.08, -0.08, -0.08, -0.08, -0.08, -0.08, -1.71, -0.08, 
-0.08, -0.08, -0.08, -0.08, -0.08, -0.08, -0.08, -0.08, -0.08, -0.56, 0.00, -0.04, -0.67, -0.08, -0.08, -0.08, -0.08, -0.08, -0.08, -0.08, -0.08, -0.08, -0.08, -0.08, -0.08, -0.08, -0.08, -0.08, 
-0.04, 0.00, -0.04, -0.04, 0.00, -0.04, -0.08, -0.08, -0.08, -0.08, -0.08, -0.08, -0.08, -0.08, -0.08, -0.08, -0.08, -0.08, -0.08, -0.08, -0.08, -0.08, -0.08, -0.08, -0.08, -0.08, -0.08, -0.08, 
0.00, 0.09, 0.00, 0.00, 0.09, 0.00, -0.08, -0.53, -0.08, -0.08, -0.08, -0.08, -0.08, -0.08, -0.08, -0.08, -0.08, -0.08, -0.08, -0.08, -0.08, -0.08, -0.08, -0.08, -0.08, -0.08, -1.63, -0.08, 
-0.04, 0.00, -0.04, -0.04, 0.00, -0.04, -0.08, -0.08, -0.08, -0.08, -0.08, -0.08, -0.08, -0.75, -0.08, -0.08, -0.08, -0.08, -0.08, -0.04, 0.00, -0.04, -0.08, -0.08, -0.08, -0.08, -0.08, -0.08, 
0.00, 0.09, 0.00, -0.08, -0.08, -0.08, -0.08, -0.08, -0.08, -0.08, -0.08, -0.08, -0.08, -0.08, -0.08, -0.08, -0.08, -0.08, -0.08, 0.00, 0.09, 0.00, 0.00, -0.04, 0.00, -0.04, -0.08, -0.08, 
-0.04, 0.00, -0.04, -0.08, -0.08, -0.08, -0.08, -0.45, -0.08, -0.08, -0.08, -0.08, -0.08, -0.04, -0.74, -0.04, -0.08, -0.08, -0.08, -0.04, 0.00, -0.04, 0.09, 0.00, 0.09, -1.47, -0.08, -0.08, 
-0.08, -0.08, -0.08, -0.08, -0.08, -0.08, -0.08, -0.08, -0.08, -0.08, -0.08, -0.08, -0.08, 0.00, 0.09, 0.00, -0.08, -0.08, -0.08, -0.08, -0.08, -0.04, 0.00, -0.04, 0.00, -0.04, -0.08, -0.08, 
-0.08, -0.08, -0.08, -0.08, -0.08, -0.38, -0.08, -0.08, -0.08, -0.08, -0.08, -0.04, 0.00, -0.04, 0.00, -0.04, -0.90, -0.08, -0.08, -0.08, -0.08, -0.08, -0.08, -0.08, -0.08, -0.08, -0.08, -0.08, 
-0.08, -0.08, -0.08, -0.08, -0.08, -0.08, -0.08, -0.08, -0.08, -0.08, -0.08, 0.00, 0.09, 0.01, -0.08, -0.08, -0.08, -0.08, -0.08, -0.08, -0.08, -0.08, -0.08, -0.08, -1.49, -0.08, -0.08, -0.08, 
-0.08, -0.08, -0.08, -0.08, -0.08, -0.08, -0.08, -0.08, -0.08, -0.08, -0.08, -0.04, 0.00, -0.04, -0.08, -0.08, -0.08, -0.08, -0.08, -0.08, -0.08, -0.08, -0.08, -0.08, -0.08, -0.08, -0.08, -0.08, 
-0.08, -0.08, -0.08, -0.08, -0.31, -0.04, 0.00, -0.04, -0.08, -0.08, -0.08, -0.08, -0.08, -0.08, -0.08, -0.08, -0.08, -0.97, -0.04, 0.00, -0.04, -0.08, -0.08, -0.08, -0.08, -0.08, -0.08, -0.08, 
-0.08, -0.08, -0.08, -0.08, -0.08, 0.00, 0.09, 0.00, -0.08, -0.08, -0.04, 0.00, -0.04, -0.08, -0.08, -0.08, -0.08, -0.08, 0.00, 0.09, 0.00, -0.08, -1.41, -0.08, -0.08, -0.08, -0.08, -0.08, 
-0.08, -0.08, -0.08, -0.08, -0.08, -0.04, 0.00, -0.04, -0.08, -0.08, 0.00, 0.09, 0.00, -0.08, -0.08, -0.08, -0.08, -0.08, -0.04, 0.00, -0.04, -0.08, -0.08, -0.08, -0.08, -0.08, -0.08, -0.08, 
-0.08, -0.08, -0.23, -0.08, -0.08, -0.08, -0.08, -0.08, -0.08, -0.08, -0.04, 0.01, -0.04, -0.08, -0.08, -0.08, -0.08, -1.04, -0.08, -0.08, -0.08, -0.08, -0.08, -0.08, -0.08, -0.08, -0.08, -0.08, 
-0.08, -0.08, -0.08, -0.08, -0.08, -0.08, -0.08, -0.08, -0.08, -0.08, -0.08, -0.08, -0.08, -0.08, -0.08, -0.08, -0.08, -0.08, -0.08, -0.08, -0.08, -0.08, -0.08, -1.34, -0.08, -0.08, -0.08, -0.08, 
-0.08, -0.08, -0.08, -0.08, -0.08, -0.08, -0.08, -0.08, -0.08, -0.08, -0.08, -0.08, -0.08, -0.08, -0.08, -0.08, -0.08, -0.08, -0.08, -0.08, -0.08, -0.08, -0.08, -0.08, -0.08, -0.08, -0.08, -0.08, 
-0.16, -0.08, -0.08, -0.08, -0.08, -0.08, -0.08, -0.08, -0.08, -0.08, -0.08, -0.08, -0.08, -0.08, -0.08, -0.08, -1.12, -0.08, -0.08, -0.08, -1.26, -0.08, -0.08, -0.08, -0.08, -0.08, -0.08, -0.08, 
-0.08, -0.08, -0.08, -0.08, -0.08, -0.08, -0.08, -0.08, -0.08, -0.08, -0.08, -0.08, -0.08, -0.08, -0.08, -0.08, -0.08, -0.08, -0.08, -1.19, -0.08, -0.08, -0.08, -0.08, -0.08, -0.08, -0.08, -0.08, 
-0.08, -0.08, -0.08, -0.08, -0.08, -0.08, -0.08, -0.08, -0.08, -0.08, -0.08, -0.08, -0.08, -0.08, -0.08, -0.08, -0.08, -0.08, -0.08, -0.08, -0.08, -0.08, -0.08, -0.08, -0.08, -0.08, -0.08, -0.08, 
-- optimal policy --
r  r  v  l  v  r  >  r  r  r  v  l  l  l  l  l  l  l  l  l  v  v  v  v  v  v  l  l  
v  r  r  v  v  v  l  r  r  r  v  l  l  l  l  l  l  v  v  v  v  v  v  v  v  l  l  v  
v  l  r  r  v  l  l  r  >  >  v  <  <  <  <  <  r  v  r  v  v  v  v  v  l  l  l  l  
r  v  l  r  v  l  l  l  R  R  ^  L  L  L  L  L  r  r  v  l  l  r  v  l  l  r  v  l  
r  v  l  r  v  l  l  l  >  R  ^  L  L  <  L  L  r  r  r  v  l  l  l  l  r  v  l  v  
>  >  <  >  v  <  <  <  R  R  ^  L  L  L  v  l  >  r  r  r  v  l  l  r  v  v  l  l  
r  v  l  R  ^  L  L  L  R  R  r  r  v  l  l  l  v  >  r  r  v  l  l  r  v  l  l  l  
>  v  <  <  ^  L  L  L  r  r  r  r  r  v  l  v  l  l  >  >  >  r  v  r  v  l  <  <  
R  ^  L  L  <  L  L  L  r  r  r  r  r  r  v  l  l  l  R  R  ^  >  v  >  v  <  l  l  
R  ^  L  L  L  L  L  L  r  r  r  r  v  >  v  <  <  <  R  R  ^  R  ^  R  ^  L  <  <  
R  R  ^  L  L  v  l  v  r  r  r  r  v  l  l  L  L  L  R  ^  R  R  ^  R  ^  L  L  <  
R  R  ^  r  r  v  l  v  l  r  >  >  >  <  <  L  L  r  r  v  v  l  R  R  ^  ^  L  L  
R  R  r  >  r  r  v  l  l  >  R  R  ^  L  L  L  L  r  r  v  l  l  l  l  R  R  ^  L  
R  r  r  r  r  r  v  l  l  r  r  R  ^  L  L  L  r  r  r  v  l  l  l  <  R  ^  L  L  
r  r  >  r  >  >  >  <  <  r  r  v  l  l  L  L  r  >  >  v  <  <  <  l  l  ^  L  L  
r  >  r  >  R  R  ^  L  L  >  >  v  <  <  <  L  >  R  R  ^  L  L  <  <  <  L  L  L  
>  r  >  R  R  R  ^  L  L  R  R  ^  L  L  <  <  R  R  R  ^  L  L  L  <  L  <  l  L  
r  >  R  R  R  ^  R  ^  R  R  R  ^  L  L  L  <  >  R  ^  L  ^  L  L  L  L  L  <  <  
>  R  R  R  ^  R  R  R  R  R  R  ^  L  L  L  L  R  R  ^  L  L  ^  L  L  <  L  L  L  
R  R  R  R  R  R  R  R  R  R  ^  ^  ^  L  L  L  L  R  ^  L  L  L  L  L  L  <  L  L  
R  R  R  R  R  R  R  R  R  ^  ^  R  ^  ^  L  L  L  <  ^  L  L  ^  L  L  L  L  <  L  
R  R  R  R  R  R  R  R  ^  L  R  ^  ^  ^  ^  L  L  L  <  L  ^  L  L  L  L  L  L  <  
Correct actions (%) : 29.07
Avg angular diffs   : 73.78
