arguments: 26 41 4 0.000813008 -0.884553 0.00623306 -0.108401
loading features...

Initializing gridworld of size 28 by 22..
    Num states: 616
    Num actions: 8
recovered reward
-0.11, -0.11, -0.11, -0.11, -0.11, -0.11, -0.11, -0.11, -0.11, -0.11, -0.11, -0.11, -0.11, -0.11, -0.11, -0.11, -0.11, -0.11, -0.11, -0.11, -0.11, -0.11, -0.11, -0.11, -0.11, -0.11, -0.11, -0.11, 
-0.11, -0.11, -0.11, -0.11, -0.11, -0.11, -0.11, -0.11, -0.11, -0.11, -0.11, -0.11, -0.11, -0.11, -0.11, -0.11, -0.33, -0.55, -0.33, -0.11, -0.11, -0.33, -0.55, -0.33, -0.11, -0.09, -0.11, -0.11, 
-0.11, -0.11, -0.11, -0.11, -0.11, -0.11, -0.11, -0.11, -0.11, -0.11, -0.11, -0.11, -0.11, -0.11, -0.10, -0.11, -0.55, -0.99, -0.55, -0.11, -0.11, -0.55, -0.99, -0.55, -0.11, -0.11, -0.11, -0.11, 
-0.11, -0.11, -0.11, -0.11, -0.11, -0.11, -0.11, -0.11, -0.33, -0.55, -0.33, -0.10, -0.11, -0.11, -0.11, -0.11, -0.32, -0.55, -0.33, -0.33, -0.11, -0.33, -0.55, -0.32, -0.11, -0.11, -0.11, -0.11, 
-0.11, -0.11, -0.11, -0.11, -0.11, -0.11, -0.11, -0.11, -0.55, -0.99, -0.55, -0.11, -0.11, -0.11, -0.11, -0.11, -0.11, -0.55, -0.99, -0.55, -0.11, -0.11, -0.11, -0.11, -0.11, -0.11, -0.11, -0.11, 
-0.11, -0.11, -0.11, -0.11, -0.11, -0.11, -0.11, -0.11, -0.33, -0.55, -0.33, -0.11, -0.11, -0.11, -0.11, -0.11, -0.11, -0.33, -0.55, -0.33, -0.11, -0.11, -0.33, -0.55, -0.33, -0.11, -0.11, -0.11, 
-0.11, -0.11, -0.11, -0.11, -0.11, -0.11, -0.11, -0.10, -0.11, -0.11, -0.11, -0.11, -0.11, -0.11, -0.11, -0.11, -0.10, -0.11, -0.11, -0.11, -0.11, -0.11, -0.55, -0.98, -0.55, -0.11, -0.11, -0.11, 
-0.11, -0.11, -0.11, -0.11, -0.11, -0.11, -0.11, -0.33, -0.55, -0.33, -0.11, -0.11, -0.11, -0.11, -0.11, -0.11, -0.11, -0.11, -0.11, -0.11, -0.11, -0.11, -0.33, -0.55, -0.33, -0.11, -0.11, -0.11, 
-0.11, -0.11, -0.11, -0.11, -0.11, -0.11, -0.11, -0.55, -0.99, -0.55, -0.55, -0.33, -0.11, -0.11, -0.11, -0.11, -0.11, -0.11, -0.11, -0.11, -0.11, -0.11, -0.11, -0.11, -0.11, -0.11, -0.11, -0.11, 
-0.11, -0.11, -0.11, -0.11, -0.11, -0.11, -0.11, -0.33, -0.55, -0.33, -0.99, -0.55, -0.11, -0.11, -0.11, -0.11, -0.10, -0.11, -0.11, -0.11, -0.11, -0.11, -0.10, -0.11, -0.11, -0.11, -0.11, -0.11, 
-0.11, -0.11, -0.11, -0.11, -0.11, -0.11, -0.11, -0.11, -0.11, -0.33, -0.55, -0.33, -0.11, -0.11, -0.11, -0.11, -0.11, -0.11, -0.11, -0.11, -0.11, -0.11, -0.11, -0.11, -0.11, -0.11, -0.11, -0.11, 
-0.11, -0.11, -0.11, -0.11, -0.11, -0.11, -0.11, -0.11, -0.11, -0.11, -0.11, -0.11, -0.11, -0.11, -0.11, -0.11, -0.11, -0.11, -0.11, -0.11, -0.11, -0.11, -0.11, -0.11, -0.11, -0.11, -0.11, -0.11, 
-0.11, -0.11, -0.11, -0.11, -0.33, -0.55, -0.33, -0.11, -0.11, -0.11, -0.11, -0.11, -0.11, -0.33, -0.54, -0.33, -0.11, -0.11, -0.11, -0.11, -0.11, -0.11, -0.11, -0.11, -0.11, -0.11, -0.11, -0.11, 
-0.11, -0.33, -0.55, -0.33, -0.55, -0.99, -0.55, -0.11, -0.11, -0.11, -0.11, -0.11, -0.11, -0.55, -0.99, -0.55, -0.11, -0.11, -0.11, -0.11, -0.11, -0.10, -0.11, -0.11, -0.11, -0.11, -0.11, -0.11, 
-0.11, -0.55, -0.99, -0.55, -0.33, -0.55, -0.33, -0.11, -0.11, -0.11, -0.11, -0.11, -0.11, -0.33, -0.55, -0.33, -0.11, -0.11, -0.11, -0.11, -0.11, -0.11, -0.11, -0.11, -0.11, -0.11, -0.11, -0.11, 
-0.11, -0.33, -0.55, -0.33, -0.11, -0.11, -0.11, -0.11, -0.11, -0.11, -0.11, -0.11, -0.11, -0.11, -0.11, -0.10, -0.11, -0.11, -0.11, -0.11, -0.10, -0.11, -0.11, -0.11, -0.11, -0.11, -0.11, -0.11, 
-0.11, -0.11, -0.11, -0.11, -0.11, -0.11, -0.11, -0.11, -0.11, -0.11, -0.11, -0.11, -0.11, -0.11, -0.11, -0.11, -0.11, -0.33, -0.55, -0.33, -0.11, -0.11, -0.11, -0.11, -0.11, -0.11, -0.11, -0.11, 
-0.11, -0.11, -0.11, -0.11, -0.11, -0.11, -0.11, -0.11, -0.33, -0.55, -0.33, -0.11, -0.11, -0.11, -0.11, -0.11, -0.11, -0.55, -0.99, -0.55, -0.11, -0.11, -0.11, -0.11, -0.11, -0.11, -0.11, -0.11, 
-0.11, -0.11, -0.11, -0.11, -0.11, -0.11, -0.11, -0.11, -0.55, -0.99, -0.55, -0.11, -0.11, -0.11, -0.11, -0.10, -0.11, -0.33, -0.54, -0.33, -0.11, -0.11, -0.11, -0.11, -0.11, -0.11, -0.11, -0.11, 
-0.11, -0.11, -0.11, -0.11, -0.11, -0.11, -0.11, -0.11, -0.33, -0.55, -0.33, -0.11, -0.11, -0.11, -0.11, -0.11, -0.11, -0.11, -0.11, -0.11, -0.11, -0.11, -0.11, -0.11, -0.11, -0.11, -0.11, -0.11, 
-0.11, -0.11, -0.11, -0.11, -0.11, -0.11, -0.11, -0.11, -0.11, -0.11, -0.11, -0.11, -0.11, -0.11, -0.11, -0.11, -0.11, -0.11, -0.11, -0.11, -0.11, -0.11, -0.11, -0.11, -0.11, -0.11, -0.11, -0.11, 
-0.11, -0.11, -0.11, -0.11, -0.11, -0.11, -0.11, -0.11, -0.11, -0.11, -0.11, -0.11, -0.11, -0.11, -0.11, -0.11, -0.11, -0.11, -0.11, -0.11, -0.11, -0.11, -0.11, -0.11, -0.11, -0.11, -0.11, -0.11, 
-- optimal policy --
r  r  r  r  r  >  >  r  r  r  r  r  r  v  l  v  >  >  >  r  >  >  >  >  r  v  l  l  
r  r  r  r  r  r  >  >  r  r  r  r  >  r  v  l  R  R  r  >  R  R  R  r  >  r  <  l  
r  >  r  r  r  >  r  >  >  >  r  v  r  >  v  <  l  r  >  R  ^  L  r  >  R  ^  L  <  
r  r  r  r  >  r  >  R  R  R  >  R  >  r  v  l  l  l  R  r  r  r  r  R  ^  R  ^  L  
r  r  r  >  r  >  R  ^  L  R  R  ^  R  >  r  v  l  l  r  r  r  >  >  R  ^  R  ^  ^  
r  r  r  r  >  R  r  v  r  r  R  R  R  R  r  r  v  r  r  r  r  R  R  R  R  ^  R  ^  
>  >  >  >  R  r  >  >  >  >  R  R  R  r  r  >  r  r  r  r  r  v  l  l  R  ^  ^  L  
R  R  R  R  r  >  R  ^  R  R  R  R  >  r  >  R  ^  >  >  r  r  v  l  l  l  l  l  ^  
R  R  R  r  >  R  ^  L  R  R  R  >  r  >  R  r  v  R  r  >  >  r  v  l  l  l  l  l  
R  R  r  >  R  >  r  r  v  l  r  r  >  R  R  >  R  R  >  R  R  >  L  <  l  l  l  l  
R  r  >  R  >  R  r  >  r  r  r  >  R  R  >  R  ^  >  R  R  R  R  ^  L  <  l  l  l  
r  r  R  >  R  R  >  r  >  r  >  R  R  >  R  ^  >  R  R  R  R  ^  R  ^  L  <  <  <  
>  >  R  R  R  R  r  >  r  >  R  R  R  R  R  >  R  R  R  R  r  R  R  ^  ^  L  L  L  
R  R  R  ^  L  r  >  r  >  R  >  r  v  l  r  R  R  R  R  r  >  R  <  ^  R  ^  L  L  
^  L  R  r  r  r  r  >  R  >  r  r  r  r  r  v  R  R  r  r  R  ^  L  <  ^  ^  ^  L  
r  r  r  r  >  r  >  R  >  r  r  r  >  r  >  R  R  >  >  >  ^  <  ^  L  L  ^  ^  ^  
>  >  >  r  R  >  R  >  >  >  r  >  r  >  R  ^  R  R  R  R  ^  L  <  ^  L  L  ^  ^  
R  R  R  >  >  R  >  R  R  R  r  r  >  R  r  R  ^  L  R  R  R  ^  L  <  ^  L  <  ^  
R  R  >  R  R  >  r  v  l  r  r  >  R  r  >  ^  <  r  r  R  ^  R  ^  L  <  L  L  <  
R  >  R  R  >  r  >  r  r  r  >  R  r  >  R  ^  L  r  >  R  R  ^  R  ^  L  L  L  L  
r  R  R  >  r  >  r  r  r  >  R  r  >  R  ^  L  L  >  R  R  ^  R  R  R  ^  L  L  L  
>  R  >  R  >  R  >  >  >  R  >  >  R  ^  ^  ^  >  R  R  ^  R  R  R  ^  L  ^  L  L  
Correct actions (%) : 9.78
Avg angular diffs   : 110.54
