arguments: 26 25 3 0.00943396 0.0188679 -0.0283019 -0.943396
loading features...

Initializing gridworld of size 28 by 22..
    Num states: 616
    Num actions: 8
recovered reward
-0.94, -0.94, -0.94, -0.94, -0.94, -0.94, -0.94, -0.94, -0.94, -0.94, -0.94, -0.94, -0.94, -0.94, -0.94, -0.94, -0.94, -0.94, -0.94, -0.94, -0.94, -0.94, -0.94, -0.94, -0.94, -0.94, -0.94, -0.94, 
-0.94, -0.94, -0.94, -0.94, -0.94, -0.94, -0.94, -0.94, -0.94, -0.94, -0.94, -0.94, -0.94, -0.94, -0.94, -0.94, -0.94, -0.94, -0.94, -0.94, -0.94, -0.94, -0.94, -0.94, -0.94, -1.01, -0.94, -0.94, 
-0.94, -0.94, -0.94, -0.94, -0.94, -0.94, -0.94, -0.94, -0.94, -0.94, -0.94, -0.94, -0.94, -0.94, -0.95, -0.94, -0.94, -0.94, -0.94, -0.94, -0.94, -0.94, -0.94, -0.94, -0.94, -0.94, -0.94, -0.94, 
-0.94, -0.94, -0.94, -0.94, -0.94, -0.94, -0.94, -0.94, -0.94, -0.94, -0.94, -0.97, -0.94, -0.94, -0.94, -0.94, -0.97, -0.94, -0.94, -0.94, -0.94, -0.94, -0.92, -1.00, -0.94, -0.94, -0.94, -0.94, 
-0.94, -0.94, -0.94, -0.94, -0.94, -0.94, -0.94, -0.94, -0.94, -0.95, -0.94, -0.94, -0.94, -0.94, -0.94, -0.94, -0.94, -0.92, -0.94, -0.94, -0.94, -0.94, -0.94, -0.94, -0.94, -0.94, -0.94, -0.94, 
-0.94, -0.94, -0.93, -0.94, -0.94, -0.94, -0.94, -0.94, -0.94, -0.94, -0.94, -0.94, -0.94, -0.94, -0.94, -0.94, -0.94, -0.94, -0.94, -0.94, -0.94, -0.94, -0.94, -0.94, -0.94, -0.94, -0.94, -0.94, 
-0.94, -0.94, -0.94, -0.94, -0.94, -0.94, -0.94, -0.96, -0.94, -0.94, -0.94, -0.94, -0.94, -0.94, -0.94, -0.94, -0.97, -0.94, -0.94, -0.94, -0.94, -0.94, -0.94, -1.00, -0.94, -0.94, -0.94, -0.94, 
-0.94, -0.94, -0.94, -0.94, -0.94, -0.94, -0.94, -0.94, -0.94, -0.94, -0.94, -0.94, -0.94, -0.94, -0.94, -0.93, -0.94, -0.94, -0.94, -0.94, -0.94, -0.94, -0.94, -0.92, -0.94, -0.94, -0.94, -0.94, 
-0.94, -0.94, -0.94, -0.94, -0.94, -0.94, -0.94, -0.94, -0.94, -0.92, -0.94, -0.92, -0.94, -0.94, -0.94, -0.94, -0.94, -0.94, -0.94, -0.94, -0.94, -0.94, -0.94, -0.94, -0.94, -0.94, -0.94, -0.94, 
-0.94, -0.94, -0.94, -0.94, -0.93, -0.94, -0.96, -0.94, -0.94, -0.94, -0.94, -0.94, -0.94, -0.94, -0.94, -0.94, -0.98, -0.94, -0.94, -0.94, -0.94, -0.94, -1.00, -0.94, -0.94, -0.94, -0.94, -0.94, 
-0.94, -0.94, -0.94, -0.94, -0.94, -0.94, -0.94, -0.93, -0.94, -0.94, -0.94, -0.94, -0.94, -0.94, -0.94, -0.94, -0.94, -0.94, -0.94, -0.94, -0.94, -0.94, -0.94, -0.94, -0.94, -0.94, -0.94, -0.94, 
-0.94, -0.94, -0.94, -0.94, -0.94, -0.94, -0.94, -0.94, -0.94, -0.94, -0.94, -0.94, -0.94, -0.94, -0.94, -0.94, -0.94, -0.94, -0.94, -0.92, -0.94, -0.94, -0.94, -0.94, -0.94, -0.94, -0.94, -0.94, 
-0.94, -0.94, -0.94, -0.92, -0.95, -0.94, -0.94, -0.94, -0.94, -0.93, -0.92, -0.94, -0.94, -0.94, -0.98, -0.94, -0.94, -0.94, -0.94, -0.94, -0.93, -0.94, -0.94, -0.94, -0.94, -0.94, -0.94, -0.94, 
-0.94, -0.94, -0.94, -0.94, -0.94, -0.94, -0.94, -0.94, -0.94, -0.94, -0.94, -0.94, -0.94, -0.94, -0.94, -0.94, -0.94, -0.94, -0.94, -0.94, -0.94, -0.99, -0.94, -0.94, -0.94, -0.92, -0.94, -0.94, 
-0.94, -0.94, -0.94, -0.95, -0.94, -0.94, -0.94, -0.94, -0.94, -0.92, -0.94, -0.94, -0.94, -0.94, -0.94, -0.94, -0.94, -0.94, -0.92, -0.94, -0.94, -0.94, -0.94, -0.94, -0.94, -0.94, -0.94, -0.94, 
-0.94, -0.94, -0.94, -0.94, -0.94, -0.94, -0.94, -0.94, -0.94, -0.94, -0.94, -0.94, -0.93, -0.94, -0.93, -0.98, -0.94, -0.94, -0.94, -0.94, -0.99, -0.94, -0.94, -0.94, -0.94, -0.94, -0.94, -0.94, 
-0.94, -0.95, -0.94, -0.94, -0.94, -0.94, -0.94, -0.94, -0.94, -0.94, -0.94, -0.94, -0.94, -0.94, -0.94, -0.94, -0.94, -0.94, -0.94, -0.94, -0.94, -0.93, -0.94, -0.94, -0.94, -0.94, -0.94, -0.94, 
-0.94, -0.94, -0.94, -0.94, -0.94, -0.94, -0.94, -0.93, -0.94, -0.94, -0.94, -0.94, -0.94, -0.94, -0.94, -0.94, -0.93, -0.94, -0.94, -0.94, -0.94, -0.94, -0.94, -0.94, -0.94, -0.94, -0.94, -0.94, 
-0.94, -0.94, -0.94, -0.94, -0.94, -0.94, -0.94, -0.94, -0.94, -0.94, -0.94, -0.94, -0.94, -0.94, -0.94, -0.99, -0.94, -0.94, -0.99, -0.94, -0.94, -0.94, -0.94, -0.94, -0.94, -0.94, -0.94, -0.94, 
-0.95, -0.94, -0.94, -0.94, -0.94, -0.94, -0.94, -0.94, -0.94, -0.94, -0.94, -0.94, -0.94, -0.94, -0.94, -0.94, -0.94, -0.94, -0.94, -0.94, -0.94, -0.94, -0.94, -0.94, -0.94, -0.94, -0.94, -0.94, 
-0.94, -0.94, -0.94, -0.94, -0.94, -0.94, -0.94, -0.94, -0.94, -0.94, -0.94, -0.94, -0.94, -0.94, -0.94, -0.94, -0.94, -0.94, -0.94, -0.94, -0.94, -0.94, -0.94, -0.94, -0.94, -0.94, -0.94, -0.94, 
-0.94, -0.94, -0.94, -0.94, -0.94, -0.94, -0.94, -0.94, -0.94, -0.94, -0.94, -0.94, -0.94, -0.94, -0.94, -0.94, -0.94, -0.94, -0.94, -0.94, -0.94, -0.94, -0.94, -0.94, -0.94, -0.94, -0.94, -0.94, 
-- optimal policy --
r  r  r  r  v  r  v  l  v  l  v  v  l  >  r  v  v  v  l  r  v  r  v  l  v  l  <  v  
r  r  r  r  r  v  l  v  l  v  v  l  l  v  >  r  v  l  v  l  r  v  l  v  l  l  v  v  
r  r  r  r  r  r  v  l  v  v  l  l  v  v  r  v  r  v  v  l  >  r  v  l  <  v  r  v  
r  r  r  r  >  r  r  v  v  l  v  l  v  l  l  r  r  v  l  r  v  >  v  <  v  r  v  l  
r  r  r  r  r  >  r  v  l  l  l  v  l  l  r  v  >  l  <  >  r  v  v  v  r  v  l  l  
r  r  v  r  r  r  >  r  v  l  l  v  l  r  v  v  l  ^  L  v  >  r  v  l  v  l  l  l  
>  r  r  v  r  r  r  r  r  v  v  l  l  l  r  v  l  v  v  v  r  >  r  v  l  l  l  l  
r  >  r  r  v  r  r  >  r  v  l  v  l  l  >  r  v  v  v  r  v  v  >  l  <  <  <  <  
r  r  >  r  r  v  r  r  >  l  <  v  <  v  l  >  r  v  r  v  v  l  l  ^  L  L  L  <  
r  r  r  >  r  r  r  v  l  v  v  r  v  l  l  r  >  r  v  v  l  l  l  l  l  L  L  L  
r  r  >  R  >  r  >  r  r  v  r  v  l  l  l  >  r  >  r  v  l  l  l  l  l  l  L  L  
r  r  r  v  r  >  R  >  r  r  v  l  l  l  l  r  >  r  >  r  <  l  l  l  l  l  v  l  
>  r  >  r  >  R  r  r  >  >  <  <  <  l  l  >  r  >  R  ^  L  <  <  <  <  v  l  l  
r  >  R  ^  R  r  r  >  R  R  ^  L  L  <  l  r  >  r  v  R  ^  L  L  <  <  <  <  <  
>  R  ^  R  r  r  >  R  >  ^  <  ^  L  <  <  >  r  >  R  <  ^  L  ^  L  <  ^  L  <  
R  ^  ^  r  r  >  R  >  R  ^  L  L  ^  L  L  r  >  R  ^  L  <  L  L  L  L  <  ^  L  
^  ^  r  r  >  R  >  R  R  ^  L  L  ^  L  L  >  R  ^  R  ^  L  <  <  L  L  L  <  ^  
^  r  r  >  R  >  R  R  ^  ^  ^  L  L  ^  L  R  ^  ^  ^  ^  ^  L  L  <  L  <  L  <  
r  r  >  R  >  R  R  ^  L  ^  R  ^  L  L  R  R  ^  L  ^  R  R  ^  L  L  <  L  <  L  
r  >  R  >  R  R  ^  L  ^  L  ^  R  ^  L  L  R  ^  L  L  ^  ^  L  ^  L  L  <  L  <  
>  R  >  R  R  ^  ^  ^  L  ^  L  R  ^  L  R  ^  ^  ^  L  L  ^  L  ^  L  L  L  <  L  
R  >  R  R  ^  L  ^  ^  ^  ^  L  L  R  R  ^  R  ^  ^  ^  L  L  ^  ^  L  L  L  L  L  
Correct actions (%) : 14.89
Avg angular diffs   : 88.09
