arguments: 26 37 4 -0.0169359 -0.865816 -0.0130276 -0.104221
loading features...

Initializing gridworld of size 28 by 22..
    Num states: 616
    Num actions: 8
recovered reward
-0.10, -0.10, -0.10, -0.10, -0.10, -0.10, -0.10, -0.10, -0.10, -0.10, -0.10, -0.10, -0.10, -0.10, -0.10, -0.10, -0.32, -0.54, -0.32, -0.11, -0.11, -0.11, -0.10, -0.10, -0.10, -0.10, -0.10, -0.10, 
-0.10, -0.10, -0.10, -0.10, -0.10, -0.10, -0.10, -0.10, -0.10, -0.10, -0.10, -0.10, -0.10, -0.10, -0.10, -0.10, -0.54, -0.97, -0.54, -0.11, -0.12, -0.11, -0.10, -0.10, -0.10, -0.10, -0.10, -0.10, 
-0.10, -0.10, -0.10, -0.10, -0.10, -0.10, -0.32, -0.54, -0.32, -0.10, -0.10, -0.10, -0.10, -0.10, -0.10, -0.10, -0.32, -0.54, -0.32, -0.11, -0.11, -0.11, -0.10, -0.10, -0.11, -0.11, -0.14, -0.10, 
-0.10, -0.10, -0.10, -0.10, -0.10, -0.10, -0.54, -0.97, -0.54, -0.11, -0.10, -0.10, -0.11, -0.32, -0.54, -0.32, -0.54, -0.32, -0.54, -0.32, -0.10, -0.10, -0.10, -0.10, -0.11, -0.12, -0.11, -0.10, 
-0.10, -0.10, -0.10, -0.10, -0.10, -0.11, -0.33, -0.54, -0.32, -0.10, -0.10, -0.10, -0.10, -0.54, -0.97, -0.54, -0.32, -0.54, -0.97, -0.54, -0.10, -0.10, -0.32, -0.54, -0.32, -0.11, -0.11, -0.10, 
-0.10, -0.10, -0.10, -0.10, -0.10, -0.11, -0.12, -0.12, -0.10, -0.10, -0.10, -0.10, -0.10, -0.32, -0.54, -0.32, -0.10, -0.32, -0.54, -0.32, -0.10, -0.10, -0.54, -0.97, -0.54, -0.10, -0.13, -0.10, 
-0.11, -0.11, -0.11, -0.10, -0.10, -0.11, -0.11, -0.11, -0.10, -0.10, -0.11, -0.11, -0.11, -0.12, -0.10, -0.10, -0.10, -0.10, -0.10, -0.10, -0.10, -0.10, -0.32, -0.54, -0.32, -0.10, -0.10, -0.10, 
-0.11, -0.12, -0.11, -0.10, -0.10, -0.10, -0.10, -0.10, -0.10, -0.10, -0.11, -0.12, -0.11, -0.10, -0.10, -0.10, -0.10, -0.10, -0.32, -0.54, -0.32, -0.10, -0.10, -0.10, -0.10, -0.10, -0.10, -0.10, 
-0.11, -0.11, -0.11, -0.10, -0.10, -0.10, -0.10, -0.11, -0.10, -0.10, -0.11, -0.11, -0.11, -0.11, -0.12, -0.11, -0.10, -0.10, -0.54, -0.98, -0.54, -0.10, -0.10, -0.10, -0.10, -0.13, -0.10, -0.10, 
-0.10, -0.11, -0.11, -0.11, -0.10, -0.10, -0.10, -0.10, -0.10, -0.10, -0.10, -0.10, -0.11, -0.12, -0.11, -0.11, -0.10, -0.10, -0.33, -0.55, -0.33, -0.10, -0.10, -0.10, -0.10, -0.10, -0.10, -0.10, 
-0.10, -0.11, -0.12, -0.11, -0.10, -0.11, -0.10, -0.10, -0.10, -0.10, -0.10, -0.10, -0.11, -0.11, -0.11, -0.11, -0.12, -0.10, -0.11, -0.33, -0.54, -0.32, -0.10, -0.10, -0.10, -0.10, -0.10, -0.11, 
-0.11, -0.11, -0.11, -0.11, -0.10, -0.10, -0.10, -0.10, -0.10, -0.10, -0.10, -0.10, -0.10, -0.10, -0.10, -0.32, -0.54, -0.32, -0.10, -0.54, -0.97, -0.54, -0.10, -0.10, -0.13, -0.10, -0.10, -0.11, 
-0.12, -0.11, -0.10, -0.10, -0.10, -0.10, -0.10, -0.10, -0.10, -0.10, -0.10, -0.10, -0.10, -0.10, -0.10, -0.54, -0.97, -0.54, -0.10, -0.32, -0.54, -0.32, -0.10, -0.10, -0.10, -0.10, -0.10, -0.11, 
-0.11, -0.11, -0.10, -0.10, -0.11, -0.10, -0.10, -0.10, -0.10, -0.10, -0.10, -0.10, -0.10, -0.32, -0.54, -0.33, -0.54, -0.34, -0.10, -0.10, -0.10, -0.10, -0.10, -0.10, -0.10, -0.10, -0.10, -0.10, 
-0.10, -0.10, -0.10, -0.10, -0.10, -0.10, -0.10, -0.32, -0.54, -0.32, -0.10, -0.10, -0.10, -0.54, -0.98, -0.55, -0.11, -0.10, -0.10, -0.10, -0.10, -0.10, -0.13, -0.10, -0.10, -0.10, -0.10, -0.10, 
-0.10, -0.10, -0.10, -0.10, -0.10, -0.10, -0.10, -0.54, -0.97, -0.54, -0.10, -0.10, -0.10, -0.32, -0.54, -0.33, -0.11, -0.10, -0.10, -0.10, -0.10, -0.10, -0.10, -0.10, -0.10, -0.10, -0.10, -0.10, 
-0.10, -0.10, -0.11, -0.10, -0.10, -0.10, -0.10, -0.32, -0.54, -0.32, -0.10, -0.10, -0.10, -0.11, -0.11, -0.11, -0.10, -0.12, -0.10, -0.10, -0.10, -0.10, -0.10, -0.10, -0.10, -0.10, -0.10, -0.10, 
-0.10, -0.10, -0.10, -0.10, -0.10, -0.10, -0.10, -0.10, -0.10, -0.10, -0.10, -0.10, -0.10, -0.11, -0.12, -0.11, -0.10, -0.10, -0.10, -0.10, -0.10, -0.32, -0.54, -0.34, -0.10, -0.10, -0.10, -0.10, 
-0.10, -0.10, -0.10, -0.10, -0.10, -0.10, -0.10, -0.10, -0.10, -0.10, -0.10, -0.10, -0.10, -0.11, -0.11, -0.11, -0.10, -0.10, -0.10, -0.10, -0.10, -0.54, -0.97, -0.54, -0.10, -0.10, -0.10, -0.10, 
-0.11, -0.10, -0.10, -0.10, -0.10, -0.10, -0.10, -0.10, -0.10, -0.10, -0.10, -0.10, -0.10, -0.10, -0.10, -0.10, -0.12, -0.10, -0.10, -0.10, -0.13, -0.32, -0.54, -0.32, -0.10, -0.10, -0.10, -0.10, 
-0.10, -0.10, -0.10, -0.10, -0.10, -0.10, -0.10, -0.10, -0.10, -0.10, -0.10, -0.10, -0.10, -0.10, -0.10, -0.10, -0.10, -0.10, -0.10, -0.12, -0.10, -0.10, -0.10, -0.10, -0.10, -0.10, -0.10, -0.10, 
-0.10, -0.10, -0.10, -0.10, -0.10, -0.10, -0.10, -0.10, -0.10, -0.10, -0.10, -0.10, -0.10, -0.10, -0.10, -0.10, -0.10, -0.10, -0.10, -0.10, -0.10, -0.10, -0.10, -0.10, -0.10, -0.10, -0.10, -0.10, 
-- optimal policy --
>  v  L  >  >  ^  <  R  <  >  L  <  v  l  <  l  <  <  r  >  >  >  >  >  >  L  >  r  
^  l  ^  ^  ^  ^  L  ^  L  R  ^  L  v  l  L  <  L  L  r  v  R  R  R  R  R  R  ^  R  
v  v  <  v  v  v  l  ^  >  r  v  v  l  <  L  L  L  <  >  r  r  v  v  l  <  ^  R  ^  
L  l  <  v  v  l  <  r  r  v  v  l  <  L  L  L  L  l  R  r  v  v  l  <  L  r  r  v  
l  ^  L  v  v  l  L  r  v  v  l  <  L  <  r  r  v  l  l  r  v  l  <  L  r  v  l  v  
^  L  r  v  v  l  l  r  v  l  <  L  ^  r  v  >  r  r  v  l  v  v  l  l  r  r  v  v  
^  R  r  v  v  v  l  v  l  v  l  L  r  >  r  v  v  v  l  <  r  v  v  r  v  v  v  v  
v  l  r  v  v  v  v  l  v  l  l  l  >  R  >  r  v  v  l  L  r  v  v  v  v  l  v  l  
v  l  >  r  v  v  l  v  l  v  l  v  l  R  R  r  v  v  l  L  r  v  v  v  v  v  l  v  
v  l  R  r  v  l  v  l  <  l  <  v  l  r  R  >  r  v  l  l  >  r  v  v  v  l  v  l  
L  <  L  r  v  l  l  v  l  <  L  v  v  l  l  R  >  r  v  l  R  r  v  v  l  v  v  l  
^  L  r  v  r  v  v  l  <  L  v  v  v  v  l  <  R  r  v  l  l  r  v  l  v  v  v  l  
r  r  v  v  >  v  l  <  L  v  v  v  v  l  <  L  R  >  r  v  l  v  l  v  v  v  v  v  
v  l  v  r  v  l  <  L  >  r  v  v  v  l  L  L  r  v  v  l  <  v  l  v  v  v  v  v  
v  <  r  v  v  <  v  l  R  r  v  v  v  l  l  r  r  v  l  <  v  v  v  v  v  v  v  v  
l  <  >  v  l  v  l  <  r  r  v  v  v  l  r  r  v  l  <  v  v  v  l  v  v  v  v  v  
^  L  l  v  v  l  <  r  v  l  v  v  v  l  >  r  v  l  v  v  v  l  <  r  v  v  v  v  
v  l  <  v  l  v  v  v  r  v  l  r  v  l  r  >  r  v  v  v  v  l  R  r  v  v  v  v  
L  <  L  l  <  v  v  v  v  l  v  v  r  v  v  l  >  r  v  v  l  <  r  r  v  l  r  v  
^  L  v  v  v  v  v  v  v  l  v  v  v  r  v  l  ^  >  >  r  v  l  r  v  l  <  >  R  
<  <  l  r  v  v  l  v  l  <  r  v  v  >  r  v  l  R  ^  ^  r  v  >  r  v  v  >  r  
^  v  <  >  >  l  <  v  <  >  >  r  r  <  ^  l  <  v  >  r  l  r  <  l  l  v  R  ^  
Correct actions (%) : 18.82
Avg angular diffs   : 77.29
