arguments: 26 38 4 0.0185666 0.0249873 -0.00973459 -0.946711
loading features...

Initializing gridworld of size 28 by 22..
    Num states: 616
    Num actions: 8
recovered reward
-0.95, -0.95, -0.95, -0.95, -0.95, -0.95, -0.95, -0.95, -0.95, -0.97, -0.95, -0.95, -0.95, -0.97, -0.95, -0.95, -0.95, -0.98, -0.95, -0.95, -0.98, -0.95, -0.98, -0.95, -0.95, -0.98, -0.95, -0.95, 
-0.97, -0.95, -0.95, -0.97, -0.95, -0.95, -0.97, -0.95, -0.95, -0.95, -0.95, -0.95, -0.95, -0.95, -0.95, -0.95, -0.92, -0.92, -0.95, -0.95, -0.95, -0.95, -0.95, -0.95, -0.95, -0.95, -0.95, -0.95, 
-0.95, -0.95, -0.95, -0.95, -0.95, -0.95, -0.95, -0.95, -0.95, -0.95, -0.95, -0.95, -0.95, -0.95, -0.95, -0.95, -0.95, -0.95, -0.95, -0.95, -0.95, -0.95, -0.95, -0.95, -0.95, -0.95, -0.95, -0.95, 
-0.97, -0.95, -0.95, -0.95, -0.95, -0.95, -0.95, -0.95, -0.95, -0.92, -0.95, -0.95, -0.95, -0.92, -0.95, -0.95, -0.95, -0.95, -0.95, -0.95, -0.95, -0.95, -0.95, -0.95, -0.95, -0.95, -0.95, -0.95, 
-0.95, -0.95, -0.95, -0.95, -0.95, -0.95, -0.95, -0.95, -0.92, -0.95, -0.95, -0.95, -0.95, -0.95, -0.95, -0.95, -0.93, -0.95, -0.95, -0.95, -0.95, -0.95, -0.95, -0.95, -0.95, -0.95, -0.97, -0.95, 
-0.95, -0.95, -0.95, -0.95, -0.95, -0.95, -0.95, -0.95, -0.95, -0.95, -0.95, -0.90, -0.95, -0.95, -0.93, -0.95, -0.95, -0.95, -0.95, -0.95, -0.95, -0.95, -0.95, -0.95, -0.95, -0.95, -0.95, -0.95, 
-0.95, -0.95, -0.95, -0.95, -0.95, -0.95, -0.95, -0.95, -0.95, -0.95, -0.95, -0.95, -0.95, -0.95, -0.95, -0.95, -0.95, -0.95, -0.95, -0.95, -0.95, -0.95, -0.95, -0.95, -0.95, -0.95, -0.95, -0.95, 
-0.95, -0.95, -0.95, -0.95, -0.95, -0.95, -0.95, -0.95, -0.95, -0.95, -0.95, -0.95, -0.95, -0.95, -0.95, -0.95, -0.95, -0.95, -0.93, -0.95, -0.95, -0.95, -0.95, -0.95, -0.95, -0.95, -0.97, -0.95, 
-0.95, -0.95, -0.95, -0.95, -0.95, -0.95, -0.95, -0.95, -0.95, -0.95, -0.95, -0.95, -0.95, -0.95, -0.95, -0.95, -0.95, -0.95, -0.95, -0.95, -0.95, -0.95, -0.95, -0.95, -0.95, -0.95, -0.95, -0.95, 
-0.95, -0.95, -0.95, -0.95, -0.95, -0.95, -0.95, -0.95, -0.95, -0.95, -0.96, -0.95, -0.95, -0.95, -0.96, -0.95, -0.95, -0.96, -0.92, -0.95, -0.96, -0.95, -0.95, -0.96, -0.95, -0.95, -0.95, -0.95, 
-0.95, -0.95, -0.95, -0.95, -0.95, -0.92, -0.95, -0.95, -0.95, -0.95, -0.95, -0.92, -0.95, -0.95, -0.95, -0.95, -0.95, -0.95, -0.95, -0.95, -0.95, -0.95, -0.95, -0.95, -0.95, -0.95, -0.97, -0.95, 
-0.95, -0.95, -0.95, -0.95, -0.95, -0.93, -0.95, -0.96, -0.95, -0.95, -0.95, -0.95, -0.95, -0.95, -0.95, -0.95, -0.95, -0.95, -0.95, -0.95, -0.95, -0.95, -0.95, -0.95, -0.95, -0.95, -0.95, -0.95, 
-0.95, -0.95, -0.95, -0.95, -0.95, -0.95, -0.95, -0.95, -0.95, -0.95, -0.95, -0.95, -0.95, -0.95, -0.93, -0.95, -0.95, -0.95, -0.95, -0.95, -0.95, -0.95, -0.95, -0.93, -0.95, -0.95, -0.95, -0.95, 
-0.97, -0.95, -0.95, -0.97, -0.95, -0.95, -0.96, -0.95, -0.95, -0.95, -0.95, -0.95, -0.95, -0.95, -0.95, -0.95, -0.95, -0.95, -0.95, -0.95, -0.95, -0.93, -0.95, -0.95, -0.95, -0.95, -0.96, -0.95, 
-0.95, -0.95, -0.93, -0.95, -0.95, -0.95, -0.95, -0.95, -0.95, -0.95, -0.95, -0.95, -0.95, -0.95, -0.95, -0.95, -0.95, -0.95, -0.95, -0.95, -0.95, -0.95, -0.95, -0.95, -0.95, -0.95, -0.95, -0.95, 
-0.95, -0.95, -0.95, -0.95, -0.95, -0.95, -0.95, -0.95, -0.95, -0.95, -0.92, -0.95, -0.95, -0.95, -0.95, -0.95, -0.95, -0.95, -0.95, -0.95, -0.95, -0.95, -0.95, -0.95, -0.95, -0.95, -0.95, -0.95, 
-0.95, -0.95, -0.95, -0.95, -0.93, -0.95, -0.95, -0.95, -0.95, -0.95, -0.95, -0.95, -0.95, -0.95, -0.95, -0.95, -0.95, -0.95, -0.95, -0.95, -0.95, -0.95, -0.95, -0.95, -0.95, -0.95, -0.96, -0.95, 
-0.95, -0.95, -0.95, -0.95, -0.95, -0.95, -0.95, -0.95, -0.95, -0.95, -0.93, -0.95, -0.95, -0.95, -0.95, -0.95, -0.95, -0.95, -0.95, -0.95, -0.95, -0.95, -0.95, -0.95, -0.95, -0.95, -0.95, -0.95, 
-0.95, -0.95, -0.95, -0.95, -0.93, -0.95, -0.95, -0.95, -0.95, -0.95, -0.95, -0.95, -0.92, -0.95, -0.95, -0.95, -0.92, -0.95, -0.95, -0.95, -0.95, -0.95, -0.95, -0.95, -0.95, -0.95, -0.95, -0.95, 
-0.95, -0.95, -0.95, -0.95, -0.95, -0.95, -0.95, -0.95, -0.95, -0.95, -0.95, -0.95, -0.95, -0.95, -0.95, -0.95, -0.95, -0.95, -0.95, -0.95, -0.95, -0.95, -0.95, -0.95, -0.95, -0.95, -0.95, -0.95, 
-0.95, -0.95, -0.95, -0.95, -0.95, -0.95, -0.95, -0.95, -0.95, -0.95, -0.95, -0.95, -0.95, -0.95, -0.95, -0.95, -0.95, -0.95, -0.95, -0.95, -0.95, -0.95, -0.95, -0.95, -0.95, -0.95, -0.95, -0.95, 
-0.95, -0.95, -0.95, -0.95, -0.95, -0.95, -0.95, -0.95, -0.95, -0.95, -0.95, -0.95, -0.95, -0.95, -0.95, -0.95, -0.95, -0.95, -0.95, -0.95, -0.95, -0.95, -0.95, -0.95, -0.95, -0.95, -0.95, -0.95, 
-- optimal policy --
r  r  >  >  r  v  r  v  v  v  v  l  l  r  >  r  r  v  l  l  l  l  l  l  l  l  l  l  
>  r  r  r  >  r  v  r  v  v  v  l  l  >  r  >  >  <  <  <  l  l  l  l  <  l  l  l  
r  >  r  >  r  >  r  v  r  v  l  l  r  v  >  R  R  ^  L  L  <  <  <  l  l  <  l  l  
>  r  >  r  r  r  >  r  v  l  <  <  >  l  R  R  R  ^  L  L  L  L  L  <  l  l  <  <  
r  >  r  >  r  r  r  >  R  <  L  v  l  ^  L  R  ^  ^  ^  L  L  <  L  <  <  l  l  L  
>  r  >  r  r  r  >  R  ^  L  >  L  <  <  ^  R  ^  L  ^  L  ^  L  <  L  L  <  l  l  
r  >  r  r  r  >  R  ^  ^  L  R  ^  L  <  <  L  R  ^  L  ^  L  ^  L  <  L  L  <  <  
>  r  >  r  >  R  ^  ^  L  R  ^  L  ^  L  <  <  L  ^  L  L  L  ^  L  L  L  L  L  L  
r  >  r  >  R  ^  ^  L  R  R  ^  L  L  ^  L  L  <  R  ^  L  L  L  ^  L  L  L  L  <  
>  r  >  R  ^  ^  L  R  R  ^  ^  L  L  ^  L  L  <  <  L  <  L  L  L  ^  L  L  <  L  
r  >  R  ^  >  ^  R  R  ^  L  >  ^  <  L  R  ^  L  <  ^  L  L  L  L  L  ^  ^  L  L  
>  R  ^  >  R  ^  L  R  ^  >  R  ^  L  <  ^  L  ^  L  <  ^  L  L  L  L  L  ^  L  L  
R  ^  >  R  R  ^  L  L  >  R  R  ^  L  L  <  ^  L  ^  L  <  ^  L  L  L  <  L  ^  L  
^  >  R  R  R  ^  ^  L  R  R  ^  R  ^  L  L  L  ^  ^  L  L  <  ^  L  ^  L  <  R  ^  
>  R  ^  R  ^  ^  L  ^  L  R  ^  ^  ^  L  L  L  L  ^  L  L  L  ^  L  L  ^  L  <  ^  
R  R  ^  L  R  ^  ^  L  ^  >  ^  <  L  ^  L  L  L  L  ^  ^  L  L  ^  L  L  ^  L  <  
R  R  ^  ^  L  ^  L  ^  >  R  ^  L  <  L  ^  L  L  L  L  L  ^  L  L  ^  L  L  ^  L  
R  R  ^  R  ^  L  R  >  R  ^  ^  ^  L  l  ^  L  L  L  L  L  ^  L  L  L  L  L  L  ^  
R  ^  R  ^  ^  L  L  R  ^  R  ^  L  ^  <  <  >  ^  <  ^  L  L  L  L  L  L  L  L  L  
^  R  ^  R  ^  L  R  ^  R  ^  ^  R  ^  L  L  R  ^  L  L  ^  L  L  ^  L  L  ^  ^  L  
R  ^  R  R  ^  L  L  R  R  ^  R  R  ^  L  L  <  ^  L  L  L  L  ^  L  ^  L  L  ^  L  
^  R  R  ^  R  ^  R  R  ^  R  R  ^  L  L  L  L  L  ^  L  L  L  L  L  L  ^  L  L  ^  
Correct actions (%) : 11.93
Avg angular diffs   : 81.74
