arguments: 26 7 1 0.16145 -0.618616 -0.137562 -0.0823723
loading features...

Initializing gridworld of size 28 by 22..
    Num states: 616
    Num actions: 8
recovered reward
-0.08, -0.08, -0.08, -0.08, -0.08, -0.19, -0.08, -0.08, -0.21, -0.08, -0.08, -0.22, -0.08, -0.08, -0.08, -0.08, -0.08, -0.08, -0.08, -0.04, -0.00, -0.04, -0.08, -0.08, -0.08, -0.08, -0.08, -0.08, 
-0.08, -0.08, -0.08, -0.08, -0.08, -0.08, -0.08, -0.08, -0.08, -0.08, -0.08, -0.08, -0.08, -0.23, -0.08, -0.08, -0.08, -0.08, -0.08, -0.00, 0.08, -0.00, -0.08, -0.08, -0.08, -0.08, -0.08, -0.08, 
-0.08, -0.08, -0.08, -0.08, -0.18, -0.08, -0.08, -0.08, -0.08, -0.08, -0.08, -0.08, -0.08, -0.08, -0.08, -0.08, -0.08, -0.08, -0.08, -0.04, -0.00, -0.04, -0.08, -0.08, -0.08, -0.45, -0.08, -0.08, 
-0.08, -0.08, -0.08, -0.16, -0.24, -0.39, -0.24, -0.08, -0.08, -0.08, -0.08, -0.08, -0.08, -0.08, -0.08, -0.08, -0.08, -0.08, -0.08, -0.08, -0.08, -0.08, -0.08, -0.04, -0.00, -0.04, -0.08, -0.08, 
-0.08, -0.08, -0.08, -0.08, -0.39, -0.70, -0.39, -0.24, -0.39, -0.24, -0.08, -0.08, -0.08, -0.08, -0.25, -0.08, -0.24, -0.39, -0.24, -0.08, -0.08, -0.08, -0.08, -0.00, -0.28, -0.00, -0.08, -0.08, 
-0.08, -0.08, -0.08, -0.08, -0.24, -0.39, -0.24, -0.39, -0.70, -0.39, -0.08, -0.08, -0.08, -0.08, -0.08, -0.08, -0.39, -0.70, -0.39, -0.24, -0.39, -0.24, -0.08, -0.04, -0.16, -0.35, -0.24, -0.08, 
-0.24, -0.39, -0.31, -0.08, -0.08, -0.08, -0.08, -0.24, -0.39, -0.24, -0.08, -0.08, -0.26, -0.08, -0.08, -0.08, -0.24, -0.39, -0.24, -0.39, -0.70, -0.39, -0.08, -0.08, -0.39, -0.70, -0.39, -0.08, 
-0.39, -0.70, -0.39, -0.08, -0.08, -0.08, -0.08, -0.08, -0.08, -0.08, -0.08, -0.08, -0.08, -0.08, -0.08, -0.08, -0.08, -0.08, -0.08, -0.24, -0.39, -0.24, -0.43, -0.08, -0.24, -0.39, -0.24, -0.08, 
-0.24, -0.39, -0.24, -0.08, -0.08, -0.08, -0.08, -0.08, -0.08, -0.08, -0.08, -0.08, -0.08, -0.08, -0.08, -0.08, -0.08, -0.08, -0.08, -0.08, -0.08, -0.08, -0.08, -0.08, -0.08, -0.08, -0.08, -0.08, 
-0.08, -0.14, -0.08, -0.08, -0.08, -0.08, -0.08, -0.08, -0.24, -0.39, -0.24, -0.27, -0.08, -0.08, -0.04, -0.00, -0.04, -0.04, -0.16, -0.35, -0.24, -0.08, -0.08, -0.08, -0.08, -0.08, -0.08, -0.08, 
-0.08, -0.08, -0.08, -0.08, -0.08, -0.08, -0.24, -0.39, -0.24, -0.70, -0.39, -0.08, -0.08, -0.08, -0.04, -0.00, -0.04, -0.00, -0.35, -0.62, -0.35, -0.08, -0.08, -0.41, -0.08, -0.08, -0.08, -0.08, 
-0.08, -0.24, -0.39, -0.24, -0.08, -0.08, -0.39, -0.70, -0.39, -0.39, -0.24, -0.08, -0.08, -0.08, -0.00, 0.08, -0.00, -0.04, -0.16, -0.23, -0.16, -0.08, -0.08, -0.08, -0.08, -0.08, -0.08, -0.08, 
-0.08, -0.35, -0.62, -0.35, -0.08, -0.08, -0.24, -0.39, -0.24, -0.08, -0.29, -0.08, -0.08, -0.08, -0.04, -0.00, -0.04, -0.08, -0.04, -0.00, -0.04, -0.08, -0.08, -0.08, -0.08, -0.08, -0.08, -0.08, 
-0.08, -0.20, -0.23, -0.16, -0.08, -0.08, -0.08, -0.08, -0.08, -0.08, -0.08, -0.04, -0.00, -0.04, -0.08, -0.08, -0.08, -0.08, -0.08, -0.08, -0.08, -0.08, -0.08, -0.40, -0.08, -0.08, -0.08, -0.08, 
-0.08, -0.04, -0.00, -0.04, -0.08, -0.08, -0.08, -0.08, -0.08, -0.08, -0.08, -0.00, 0.08, -0.00, -0.08, -0.08, -0.08, -0.04, -0.00, -0.04, -0.08, -0.08, -0.08, -0.08, -0.08, -0.08, -0.08, -0.08, 
-0.08, -0.08, -0.08, -0.08, -0.08, -0.08, -0.08, -0.08, -0.08, -0.08, -0.08, -0.26, -0.00, -0.04, -0.04, -0.00, -0.04, -0.00, 0.08, -0.00, -0.08, -0.08, -0.08, -0.08, -0.08, -0.08, -0.08, -0.08, 
-0.08, -0.11, -0.08, -0.08, -0.08, -0.08, -0.08, -0.08, -0.24, -0.39, -0.24, -0.08, -0.08, -0.08, -0.00, 0.08, -0.00, -0.04, -0.00, -0.04, -0.08, -0.08, -0.08, -0.39, -0.04, -0.00, -0.04, -0.08, 
-0.08, -0.08, -0.08, -0.08, -0.08, -0.08, -0.08, -0.08, -0.39, -0.70, -0.39, -0.08, -0.08, -0.08, -0.04, -0.00, -0.04, -0.08, -0.08, -0.08, -0.08, -0.08, -0.08, -0.08, -0.00, 0.08, -0.00, -0.08, 
-0.08, -0.08, -0.08, -0.08, -0.08, -0.08, -0.08, -0.08, -0.24, -0.39, -0.24, -0.32, -0.08, -0.08, -0.08, -0.08, -0.08, -0.08, -0.08, -0.08, -0.08, -0.37, -0.08, -0.08, -0.04, -0.00, -0.04, -0.08, 
-0.10, -0.08, -0.08, -0.08, -0.08, -0.08, -0.08, -0.08, -0.08, -0.08, -0.08, -0.08, -0.33, -0.08, -0.08, -0.34, -0.08, -0.08, -0.36, -0.08, -0.08, -0.08, -0.08, -0.08, -0.08, -0.08, -0.08, -0.08, 
-0.08, -0.08, -0.08, -0.08, -0.08, -0.08, -0.08, -0.08, -0.08, -0.08, -0.08, -0.08, -0.08, -0.08, -0.08, -0.08, -0.08, -0.08, -0.08, -0.08, -0.08, -0.08, -0.08, -0.08, -0.08, -0.08, -0.08, -0.08, 
-0.08, -0.08, -0.08, -0.08, -0.08, -0.08, -0.08, -0.08, -0.08, -0.08, -0.08, -0.08, -0.08, -0.08, -0.08, -0.08, -0.08, -0.08, -0.08, -0.08, -0.08, -0.08, -0.08, -0.08, -0.08, -0.08, -0.08, -0.08, 
-- optimal policy --
v  r  >  >  r  >  r  r  r  r  r  >  >  r  >  r  >  >  r  r  v  l  l  l  <  l  l  v  
r  v  >  >  >  >  >  r  r  r  v  R  R  >  r  >  r  >  >  >  ^  <  <  <  l  l  v  l  
r  r  v  R  >  >  >  >  r  r  r  v  r  R  >  >  >  >  R  R  ^  L  L  r  v  l  l  l  
r  r  v  v  R  R  >  >  >  r  r  r  r  R  >  >  R  R  R  R  ^  L  r  v  l  <  l  <  
>  r  r  v  l  r  R  R  R  r  v  r  v  r  >  R  R  R  R  ^  ^  ^  >  R  <  L  <  <  
>  >  r  r  v  r  v  l  r  r  r  v  r  v  v  l  l  R  R  ^  R  >  R  ^  L  ^  L  L  
R  R  r  r  r  v  r  r  r  r  r  r  r  v  v  v  v  v  l  l  R  R  R  ^  L  L  R  ^  
v  r  r  r  r  v  l  >  >  r  r  r  r  r  v  l  l  l  l  l  l  R  ^  ^  L  l  R  ^  
v  r  v  v  l  l  v  l  >  >  >  r  r  r  r  v  l  l  l  <  <  <  R  ^  L  <  R  ^  
r  v  r  v  v  v  l  <  R  R  R  >  r  r  r  v  l  v  l  L  L  v  l  l  ^  L  <  ^  
v  l  >  r  v  v  l  L  L  r  r  r  >  r  r  v  l  l  <  L  r  v  l  <  L  ^  L  v  
v  l  R  r  r  v  l  r  r  v  r  v  r  >  >  ^  <  <  L  v  l  l  <  L  l  v  v  v  
v  l  r  r  v  l  <  r  >  r  r  r  v  R  R  ^  L  L  >  <  <  <  l  l  v  v  v  v  
r  r  v  l  l  <  L  >  r  r  r  r  v  l  R  ^  L  r  v  l  L  L  <  v  r  v  v  v  
>  >  >  <  <  L  <  r  >  >  >  >  <  <  <  v  r  r  v  l  l  <  r  r  v  r  v  l  
R  R  ^  L  L  <  L  >  R  R  R  R  ^  L  r  v  l  >  >  <  <  <  >  r  r  v  l  l  
R  R  ^  L  L  L  <  R  R  R  >  R  ^  >  >  <  <  R  ^  L  L  L  r  r  r  v  l  l  
^  L  ^  L  ^  L  L  <  L  R  R  ^  R  R  R  ^  L  L  ^  L  L  L  >  >  >  >  <  <  
^  ^  L  ^  L  ^  L  L  L  r  R  R  R  R  R  ^  L  L  ^  ^  L  L  R  R  R  ^  L  L  
^  ^  ^  L  L  L  L  L  L  >  >  R  R  R  ^  R  ^  L  L  R  ^  >  R  R  R  ^  L  L  
R  ^  R  ^  ^  L  ^  L  >  R  R  >  R  R  ^  R  R  ^  L  <  L  R  R  R  ^  R  ^  L  
^  R  ^  L  ^  L  L  >  >  R  >  R  ^  ^  ^  R  ^  L  ^  L  R  R  R  ^  ^  R  R  ^  
Correct actions (%) : 5.80
Avg angular diffs   : 101.74
