arguments: 26 6 1 -0.879722 0.00277778 0.00638889 -0.111111
loading features...

Initializing gridworld of size 28 by 22..
    Num states: 616
    Num actions: 8
recovered reward
-0.11, -0.11, -0.11, -0.11, -0.11, -0.11, -0.10, -0.11, -0.55, -0.98, -0.55, -0.11, -0.11, -0.10, -0.11, -0.11, -0.33, -0.54, -0.33, -0.11, -0.09, -0.11, -0.09, -0.11, -0.11, -0.09, -0.11, -0.11, 
-0.11, -0.11, -0.11, -0.10, -0.11, -0.11, -0.11, -0.11, -0.33, -0.55, -0.33, -0.11, -0.11, -0.11, -0.11, -0.11, -0.55, -0.99, -0.55, -0.33, -0.11, -0.11, -0.11, -0.11, -0.11, -0.11, -0.11, -0.11, 
-0.11, -0.10, -0.11, -0.11, -0.11, -0.11, -0.11, -0.11, -0.11, -0.11, -0.11, -0.11, -0.11, -0.11, -0.11, -0.11, -0.33, -0.55, -0.33, -0.55, -0.11, -0.11, -0.11, -0.11, -0.11, -0.11, -0.11, -0.11, 
-0.10, -0.11, -0.11, -0.11, -0.11, -0.11, -0.11, -0.11, -0.11, -0.11, -0.11, -0.11, -0.11, -0.11, -0.11, -0.11, -0.11, -0.33, -0.55, -0.33, -0.11, -0.11, -0.11, -0.11, -0.11, -0.11, -0.11, -0.11, 
-0.11, -0.11, -0.11, -0.11, -0.11, -0.11, -0.11, -0.11, -0.11, -0.11, -0.11, -0.11, -0.11, -0.11, -0.11, -0.11, -0.11, -0.33, -0.55, -0.33, -0.11, -0.11, -0.11, -0.11, -0.11, -0.11, -0.11, -0.11, 
-0.11, -0.11, -0.11, -0.11, -0.11, -0.11, -0.11, -0.11, -0.11, -0.11, -0.11, -0.11, -0.11, -0.11, -0.11, -0.11, -0.11, -0.55, -0.99, -0.55, -0.33, -0.55, -0.33, -0.11, -0.11, -0.11, -0.11, -0.11, 
-0.10, -0.11, -0.11, -0.11, -0.11, -0.11, -0.11, -0.11, -0.11, -0.11, -0.11, -0.11, -0.11, -0.11, -0.11, -0.11, -0.11, -0.33, -0.55, -0.33, -0.55, -0.99, -0.55, -0.11, -0.11, -0.11, -0.11, -0.11, 
-0.11, -0.11, -0.10, -0.11, -0.11, -0.10, -0.11, -0.11, -0.11, -0.11, -0.11, -0.11, -0.11, -0.11, -0.11, -0.11, -0.11, -0.11, -0.11, -0.11, -0.33, -0.55, -0.33, -0.11, -0.11, -0.11, -0.11, -0.11, 
-0.11, -0.11, -0.11, -0.11, -0.11, -0.11, -0.11, -0.11, -0.11, -0.11, -0.11, -0.11, -0.11, -0.11, -0.11, -0.11, -0.11, -0.11, -0.11, -0.11, -0.11, -0.11, -0.11, -0.11, -0.11, -0.11, -0.11, -0.11, 
-0.11, -0.11, -0.11, -0.11, -0.11, -0.11, -0.11, -0.11, -0.11, -0.10, -0.11, -0.11, -0.10, -0.11, -0.11, -0.10, -0.11, -0.11, -0.10, -0.11, -0.11, -0.11, -0.11, -0.11, -0.11, -0.11, -0.11, -0.11, 
-0.11, -0.11, -0.11, -0.11, -0.11, -0.11, -0.11, -0.11, -0.11, -0.11, -0.11, -0.11, -0.11, -0.11, -0.11, -0.11, -0.11, -0.11, -0.11, -0.11, -0.11, -0.10, -0.11, -0.11, -0.11, -0.11, -0.11, -0.11, 
-0.11, -0.11, -0.33, -0.55, -0.33, -0.11, -0.11, -0.11, -0.11, -0.11, -0.33, -0.55, -0.33, -0.11, -0.11, -0.33, -0.55, -0.33, -0.11, -0.11, -0.11, -0.11, -0.11, -0.11, -0.32, -0.55, -0.33, -0.11, 
-0.11, -0.11, -0.55, -0.99, -0.55, -0.11, -0.11, -0.11, -0.11, -0.11, -0.55, -0.99, -0.55, -0.33, -0.55, -0.55, -0.99, -0.55, -0.11, -0.11, -0.11, -0.11, -0.11, -0.11, -0.55, -0.99, -0.55, -0.11, 
-0.11, -0.11, -0.33, -0.55, -0.33, -0.11, -0.11, -0.11, -0.11, -0.11, -0.33, -0.55, -0.33, -0.55, -0.99, -0.33, -0.55, -0.33, -0.11, -0.11, -0.11, -0.11, -0.11, -0.11, -0.33, -0.55, -0.33, -0.11, 
-0.11, -0.11, -0.11, -0.33, -0.55, -0.33, -0.11, -0.11, -0.11, -0.11, -0.11, -0.11, -0.11, -0.33, -0.55, -0.33, -0.33, -0.55, -0.33, -0.11, -0.11, -0.11, -0.11, -0.11, -0.11, -0.11, -0.11, -0.11, 
-0.11, -0.11, -0.11, -0.55, -0.99, -0.55, -0.11, -0.11, -0.11, -0.11, -0.11, -0.11, -0.11, -0.11, -0.11, -0.11, -0.55, -0.99, -0.55, -0.11, -0.11, -0.11, -0.11, -0.11, -0.11, -0.11, -0.11, -0.11, 
-0.11, -0.11, -0.11, -0.33, -0.55, -0.33, -0.11, -0.11, -0.11, -0.11, -0.11, -0.11, -0.11, -0.11, -0.11, -0.11, -0.33, -0.55, -0.33, -0.11, -0.11, -0.11, -0.11, -0.10, -0.11, -0.11, -0.11, -0.11, 
-0.11, -0.11, -0.11, -0.11, -0.11, -0.11, -0.11, -0.11, -0.11, -0.11, -0.11, -0.11, -0.11, -0.11, -0.11, -0.11, -0.11, -0.11, -0.11, -0.11, -0.11, -0.11, -0.11, -0.11, -0.11, -0.11, -0.11, -0.11, 
-0.11, -0.11, -0.11, -0.11, -0.11, -0.11, -0.11, -0.11, -0.11, -0.11, -0.11, -0.11, -0.11, -0.11, -0.11, -0.11, -0.11, -0.11, -0.11, -0.11, -0.11, -0.11, -0.11, -0.11, -0.11, -0.11, -0.11, -0.11, 
-0.11, -0.11, -0.11, -0.11, -0.11, -0.11, -0.11, -0.11, -0.11, -0.11, -0.11, -0.11, -0.11, -0.11, -0.11, -0.11, -0.11, -0.11, -0.11, -0.11, -0.11, -0.11, -0.11, -0.11, -0.11, -0.11, -0.11, -0.11, 
-0.11, -0.11, -0.11, -0.11, -0.11, -0.11, -0.11, -0.11, -0.11, -0.11, -0.11, -0.11, -0.11, -0.11, -0.11, -0.11, -0.11, -0.11, -0.11, -0.11, -0.11, -0.11, -0.11, -0.11, -0.11, -0.11, -0.11, -0.11, 
-0.11, -0.11, -0.11, -0.11, -0.11, -0.11, -0.11, -0.11, -0.11, -0.11, -0.11, -0.11, -0.11, -0.11, -0.11, -0.11, -0.11, -0.11, -0.11, -0.11, -0.11, -0.11, -0.11, -0.11, -0.11, -0.11, -0.11, -0.11, 
-- optimal policy --
v  >  r  v  r  >  ^  <  l  r  >  >  >  ^  <  <  <  >  >  >  ^  >  ^  <  >  L  <  <  
r  v  >  r  >  R  ^  L  <  r  R  R  R  ^  L  L  l  R  R  R  ^  R  ^  L  R  ^  L  L  
>  l  R  ^  R  ^  R  ^  L  >  R  R  ^  R  ^  L  <  l  R  R  R  ^  L  R  ^  L  ^  L  
R  ^  L  R  ^  R  R  ^  ^  R  R  R  ^  R  R  ^  L  <  >  R  R  ^  R  ^  R  ^  L  ^  
^  L  R  R  ^  R  R  ^  R  R  R  R  R  R  R  ^  L  L  R  R  ^  R  ^  R  ^  ^  L  ^  
^  ^  L  ^  R  R  ^  R  R  R  R  R  R  R  R  ^  L  L  R  R  R  R  R  ^  L  L  ^  ^  
<  <  ^  L  R  ^  R  R  R  R  R  R  R  R  R  ^  ^  L  l  l  l  R  R  ^  L  L  L  ^  
^  L  <  <  >  R  R  R  R  R  R  R  R  R  ^  L  ^  L  <  r  r  r  R  ^  L  L  L  L  
^  L  L  L  R  R  ^  R  R  R  R  R  R  R  ^  L  L  ^  L  >  >  >  R  ^  ^  L  L  L  
^  ^  ^  L  L  ^  R  R  >  R  R  >  R  R  ^  L  L  L  L  R  R  R  ^  ^  L  L  L  L  
^  R  ^  ^  L  L  R  R  R  ^  L  R  ^  L  R  ^  L  R  R  R  R  ^  ^  R  ^  L  L  L  
R  ^  R  ^  R  ^  L  R  R  ^  R  R  ^  R  R  ^  ^  L  R  R  R  ^  L  ^  R  ^  ^  L  
^  L  L  R  R  R  R  ^  L  L  L  R  R  R  ^  L  R  R  R  R  ^  R  ^  L  L  L  R  ^  
^  ^  L  l  R  R  ^  L  L  L  L  l  l  l  L  v  >  R  R  R  ^  ^  L  L  L  l  R  ^  
^  ^  L  <  R  ^  L  ^  L  L  L  <  <  <  l  l  l  R  R  ^  ^  ^  ^  L  L  <  R  ^  
^  L  ^  L  R  R  ^  L  ^  L  L  L  <  l  r  v  l  R  R  R  R  ^  L  R  ^  L  <  ^  
^  L  ^  L  r  R  ^  ^  L  ^  L  L  L  <  >  r  r  r  R  R  R  ^  R  ^  L  L  L  <  
^  ^  L  L  >  R  ^  L  ^  R  R  ^  L  L  r  >  >  >  R  R  R  R  R  ^  L  L  L  L  
^  ^  L  R  R  ^  ^  L  R  R  R  ^  L  L  >  R  R  R  R  R  R  R  R  ^  L  L  L  L  
^  ^  R  R  ^  L  ^  R  R  R  R  R  ^  L  R  R  R  R  ^  R  R  R  R  ^  L  L  L  L  
R  R  R  ^  R  ^  L  R  R  R  R  ^  ^  R  R  R  R  R  R  R  R  ^  R  R  ^  L  L  L  
R  R  ^  R  ^  ^  R  R  R  R  ^  ^  R  R  R  R  R  R  R  R  R  R  ^  ^  ^  ^  L  L  
Correct actions (%) : 11.84
Avg angular diffs   : 77.57
