arguments: 26 10 1 -0.879722 0.00277778 0.00638889 -0.111111
loading features...

Initializing gridworld of size 28 by 22..
    Num states: 616
    Num actions: 8
recovered reward
-0.11, -0.11, -0.11, -0.11, -0.11, -0.11, -0.11, -0.33, -0.55, -0.32, -0.11, -0.11, -0.11, -0.10, -0.11, -0.11, -0.11, -0.10, -0.11, -0.11, -0.09, -0.11, -0.09, -0.11, -0.11, -0.09, -0.11, -0.11, 
-0.11, -0.11, -0.11, -0.11, -0.11, -0.11, -0.10, -0.55, -0.99, -0.55, -0.11, -0.11, -0.11, -0.11, -0.11, -0.11, -0.11, -0.11, -0.11, -0.11, -0.11, -0.11, -0.11, -0.11, -0.11, -0.11, -0.11, -0.11, 
-0.11, -0.11, -0.11, -0.11, -0.11, -0.11, -0.11, -0.33, -0.55, -0.33, -0.11, -0.11, -0.11, -0.11, -0.11, -0.11, -0.11, -0.11, -0.11, -0.11, -0.11, -0.11, -0.11, -0.11, -0.11, -0.11, -0.11, -0.11, 
-0.11, -0.11, -0.11, -0.11, -0.09, -0.11, -0.11, -0.11, -0.11, -0.11, -0.11, -0.11, -0.11, -0.11, -0.11, -0.11, -0.11, -0.11, -0.11, -0.11, -0.11, -0.11, -0.11, -0.11, -0.11, -0.11, -0.11, -0.11, 
-0.11, -0.11, -0.11, -0.11, -0.11, -0.11, -0.11, -0.11, -0.11, -0.33, -0.55, -0.33, -0.11, -0.11, -0.11, -0.11, -0.11, -0.11, -0.11, -0.11, -0.11, -0.11, -0.11, -0.11, -0.11, -0.11, -0.11, -0.11, 
-0.11, -0.11, -0.11, -0.33, -0.55, -0.33, -0.11, -0.11, -0.33, -0.55, -0.33, -0.55, -0.11, -0.11, -0.11, -0.11, -0.11, -0.11, -0.11, -0.11, -0.11, -0.11, -0.11, -0.11, -0.11, -0.11, -0.11, -0.11, 
-0.11, -0.11, -0.11, -0.55, -0.98, -0.55, -0.11, -0.11, -0.55, -0.99, -0.55, -0.33, -0.33, -0.11, -0.11, -0.33, -0.55, -0.33, -0.11, -0.11, -0.11, -0.11, -0.11, -0.11, -0.11, -0.11, -0.11, -0.11, 
-0.11, -0.11, -0.11, -0.33, -0.55, -0.33, -0.10, -0.11, -0.33, -0.55, -0.33, -0.99, -0.55, -0.11, -0.11, -0.55, -0.99, -0.55, -0.33, -0.11, -0.11, -0.11, -0.11, -0.11, -0.11, -0.11, -0.11, -0.11, 
-0.11, -0.11, -0.11, -0.11, -0.11, -0.11, -0.11, -0.11, -0.11, -0.11, -0.33, -0.55, -0.33, -0.11, -0.11, -0.33, -0.55, -0.33, -0.55, -0.11, -0.11, -0.11, -0.11, -0.11, -0.11, -0.11, -0.11, -0.11, 
-0.11, -0.11, -0.11, -0.11, -0.11, -0.11, -0.11, -0.10, -0.11, -0.11, -0.11, -0.11, -0.11, -0.11, -0.11, -0.11, -0.33, -0.55, -0.33, -0.11, -0.11, -0.11, -0.11, -0.11, -0.11, -0.11, -0.11, -0.11, 
-0.11, -0.11, -0.11, -0.11, -0.11, -0.11, -0.11, -0.11, -0.11, -0.11, -0.11, -0.11, -0.11, -0.11, -0.11, -0.11, -0.11, -0.11, -0.11, -0.11, -0.11, -0.11, -0.11, -0.11, -0.11, -0.11, -0.11, -0.11, 
-0.11, -0.11, -0.11, -0.11, -0.11, -0.11, -0.11, -0.11, -0.11, -0.11, -0.11, -0.11, -0.11, -0.11, -0.11, -0.11, -0.11, -0.11, -0.11, -0.11, -0.11, -0.11, -0.11, -0.11, -0.11, -0.11, -0.11, -0.11, 
-0.11, -0.11, -0.11, -0.11, -0.11, -0.11, -0.11, -0.11, -0.11, -0.11, -0.11, -0.11, -0.11, -0.11, -0.11, -0.11, -0.11, -0.11, -0.11, -0.11, -0.11, -0.11, -0.11, -0.11, -0.11, -0.11, -0.11, -0.11, 
-0.11, -0.11, -0.11, -0.11, -0.11, -0.11, -0.11, -0.10, -0.11, -0.11, -0.11, -0.11, -0.11, -0.11, -0.11, -0.11, -0.11, -0.11, -0.11, -0.11, -0.11, -0.11, -0.11, -0.11, -0.11, -0.11, -0.11, -0.11, 
-0.11, -0.11, -0.11, -0.11, -0.11, -0.11, -0.11, -0.11, -0.10, -0.11, -0.11, -0.11, -0.11, -0.33, -0.55, -0.33, -0.11, -0.11, -0.11, -0.11, -0.10, -0.11, -0.11, -0.10, -0.11, -0.11, -0.10, -0.11, 
-0.11, -0.11, -0.11, -0.11, -0.11, -0.11, -0.11, -0.11, -0.11, -0.11, -0.11, -0.11, -0.10, -0.55, -0.99, -0.54, -0.11, -0.33, -0.54, -0.33, -0.11, -0.11, -0.11, -0.11, -0.11, -0.11, -0.11, -0.11, 
-0.11, -0.11, -0.11, -0.11, -0.11, -0.11, -0.11, -0.11, -0.11, -0.11, -0.11, -0.11, -0.11, -0.33, -0.55, -0.33, -0.11, -0.55, -0.99, -0.55, -0.11, -0.11, -0.11, -0.11, -0.11, -0.11, -0.11, -0.11, 
-0.11, -0.11, -0.11, -0.11, -0.11, -0.11, -0.11, -0.11, -0.11, -0.11, -0.11, -0.11, -0.11, -0.11, -0.11, -0.11, -0.11, -0.33, -0.33, -0.55, -0.33, -0.11, -0.11, -0.11, -0.11, -0.11, -0.11, -0.11, 
-0.11, -0.11, -0.11, -0.11, -0.11, -0.11, -0.11, -0.11, -0.11, -0.11, -0.11, -0.11, -0.11, -0.11, -0.11, -0.11, -0.11, -0.11, -0.55, -0.99, -0.55, -0.11, -0.11, -0.11, -0.11, -0.11, -0.11, -0.11, 
-0.11, -0.11, -0.11, -0.11, -0.11, -0.11, -0.11, -0.11, -0.11, -0.11, -0.11, -0.11, -0.11, -0.11, -0.11, -0.11, -0.11, -0.11, -0.33, -0.55, -0.33, -0.11, -0.11, -0.11, -0.11, -0.11, -0.11, -0.11, 
-0.11, -0.11, -0.11, -0.11, -0.11, -0.11, -0.11, -0.11, -0.11, -0.11, -0.11, -0.11, -0.11, -0.11, -0.11, -0.11, -0.11, -0.11, -0.11, -0.11, -0.11, -0.11, -0.11, -0.11, -0.11, -0.11, -0.11, -0.11, 
-0.11, -0.11, -0.11, -0.11, -0.11, -0.11, -0.11, -0.11, -0.11, -0.11, -0.11, -0.11, -0.11, -0.11, -0.11, -0.11, -0.11, -0.11, -0.11, -0.11, -0.11, -0.11, -0.11, -0.11, -0.11, -0.11, -0.11, -0.11, 
-- optimal policy --
r  r  r  r  >  r  v  l  >  >  >  >  >  ^  <  >  >  R  <  >  ^  >  ^  <  >  L  <  <  
>  r  r  r  r  >  v  <  R  R  R  R  R  ^  L  R  R  ^  L  R  ^  R  ^  L  R  ^  L  L  
>  >  r  r  v  R  r  r  r  R  R  R  ^  R  ^  R  R  ^  R  ^  R  R  ^  R  ^  L  ^  L  
R  >  >  >  R  r  >  >  >  R  R  ^  L  R  R  R  ^  R  ^  R  R  ^  R  ^  R  ^  L  ^  
R  R  R  R  ^  r  r  R  R  R  R  ^  L  R  R  R  R  ^  R  ^  R  R  R  ^  L  L  R  ^  
r  R  R  R  R  r  >  R  ^  L  L  R  R  R  R  R  R  R  ^  R  R  R  ^  R  ^  L  ^  ^  
>  R  ^  L  r  r  R  ^  L  L  >  R  R  R  R  R  R  ^  R  R  R  ^  R  R  ^  ^  ^  ^  
R  ^  r  r  r  >  R  <  L  l  l  R  R  R  ^  L  R  R  R  R  ^  R  R  ^  L  L  ^  ^  
R  R  >  >  >  R  ^  L  L  <  r  r  R  ^  ^  L  l  R  R  R  R  R  ^  R  ^  ^  L  ^  
R  R  R  R  R  ^  >  ^  <  L  r  >  R  ^  ^  L  <  r  R  R  ^  L  L  L  ^  L  ^  L  
R  R  R  R  r  v  R  ^  L  l  l  R  ^  ^  ^  ^  L  >  R  R  R  ^  L  L  L  ^  L  ^  
R  R  R  r  >  r  v  l  l  l  v  l  ^  L  ^  L  R  R  ^  R  ^  ^  ^  L  L  L  ^  L  
R  R  r  >  r  >  r  v  l  l  l  l  L  R  ^  R  R  ^  R  ^  ^  ^  ^  ^  L  L  L  ^  
R  r  r  r  >  r  >  r  v  l  l  l  L  L  >  R  ^  R  R  R  ^  L  L  L  L  L  L  L  
r  r  r  >  r  >  R  >  L  <  <  l  l  l  R  ^  L  L  R  R  ^  L  L  L  ^  L  L  L  
r  r  >  r  >  R  >  R  ^  L  <  <  <  <  l  R  ^  L  R  R  ^  L  R  ^  L  R  ^  L  
r  >  r  >  R  >  R  R  ^  L  L  <  <  L  l  R  ^  L  R  R  ^  L  L  ^  ^  L  ^  L  
>  r  >  R  >  R  R  R  ^  L  L  L  L  <  <  <  l  L  l  R  ^  L  L  L  L  ^  L  ^  
r  >  R  >  R  R  R  R  ^  L  L  L  L  L  <  l  l  l  l  R  R  ^  L  L  L  L  R  ^  
>  R  >  R  R  R  R  ^  R  ^  L  L  L  L  L  <  <  <  <  l  R  ^  ^  L  L  R  ^  ^  
R  R  R  R  R  ^  L  R  ^  L  R  ^  L  L  L  L  <  <  L  <  R  R  R  ^  L  L  R  ^  
R  R  R  R  ^  ^  R  ^  ^  R  ^  ^  ^  L  L  L  L  <  L  L  R  R  ^  ^  L  L  L  ^  
Correct actions (%) : 13.95
Avg angular diffs   : 82.15
