arguments: 26 7 1 0.47287 0.218669 0.151882 -0.156579
loading features...

Initializing gridworld of size 28 by 22..
    Num states: 616
    Num actions: 8
recovered reward
-0.16, -0.16, -0.16, -0.16, -0.16, -0.04, -0.16, -0.16, -0.02, -0.16, -0.16, -0.00, -0.16, -0.16, -0.16, -0.16, -0.16, -0.16, -0.16, -0.16, -0.16, -0.16, -0.16, -0.16, -0.16, -0.16, -0.16, -0.16, 
-0.16, -0.16, -0.16, -0.16, -0.16, -0.16, -0.16, -0.16, -0.16, -0.16, -0.16, -0.16, -0.16, 0.01, -0.16, -0.16, -0.16, -0.16, -0.16, -0.16, 0.32, -0.16, -0.16, -0.16, -0.16, -0.16, -0.16, -0.16, 
-0.16, -0.16, -0.16, -0.16, -0.05, -0.16, -0.16, -0.16, -0.16, -0.16, -0.16, -0.16, -0.16, -0.16, -0.16, -0.16, -0.16, -0.16, -0.16, -0.16, -0.16, -0.16, -0.16, -0.16, -0.16, 0.25, -0.16, -0.16, 
-0.16, -0.16, -0.16, -0.07, -0.16, -0.16, -0.16, -0.16, -0.16, -0.16, -0.16, -0.16, -0.16, -0.16, -0.16, -0.16, -0.16, -0.16, -0.16, -0.16, -0.16, -0.16, -0.16, -0.16, -0.16, -0.16, -0.16, -0.16, 
-0.16, -0.16, -0.16, -0.16, -0.16, 0.06, -0.16, -0.16, -0.16, -0.16, -0.16, -0.16, -0.16, -0.16, 0.03, -0.16, -0.16, -0.16, -0.16, -0.16, -0.16, -0.16, -0.16, -0.16, 0.71, -0.16, -0.16, -0.16, 
-0.16, -0.16, -0.16, -0.16, -0.16, -0.16, -0.16, -0.16, 0.06, -0.16, -0.16, -0.16, -0.16, -0.16, -0.16, -0.16, -0.16, 0.06, -0.16, -0.16, -0.16, -0.16, -0.16, -0.16, -0.16, -0.16, -0.16, -0.16, 
-0.16, -0.16, -0.08, -0.16, -0.16, -0.16, -0.16, -0.16, -0.16, -0.16, -0.16, -0.16, 0.04, -0.16, -0.16, -0.16, -0.16, -0.16, -0.16, -0.16, 0.06, -0.16, -0.16, -0.16, -0.16, 0.06, -0.16, -0.16, 
-0.16, 0.06, -0.16, -0.16, -0.16, -0.16, -0.16, -0.16, -0.16, -0.16, -0.16, -0.16, -0.16, -0.16, -0.16, -0.16, -0.16, -0.16, -0.16, -0.16, -0.16, -0.16, 0.22, -0.16, -0.16, -0.16, -0.16, -0.16, 
-0.16, -0.16, -0.16, -0.16, -0.16, -0.16, -0.16, -0.16, -0.16, -0.16, -0.16, -0.16, -0.16, -0.16, -0.16, -0.16, -0.16, -0.16, -0.16, -0.16, -0.16, -0.16, -0.16, -0.16, -0.16, -0.16, -0.16, -0.16, 
-0.16, -0.10, -0.16, -0.16, -0.16, -0.16, -0.16, -0.16, -0.16, -0.16, -0.16, 0.06, -0.16, -0.16, -0.16, -0.16, -0.16, -0.16, -0.16, -0.16, -0.16, -0.16, -0.16, -0.16, -0.16, -0.16, -0.16, -0.16, 
-0.16, -0.16, -0.16, -0.16, -0.16, -0.16, -0.16, -0.16, -0.16, 0.06, -0.16, -0.16, -0.16, -0.16, -0.16, 0.32, -0.16, 0.32, 0.32, 0.06, -0.16, -0.16, -0.16, 0.21, -0.16, -0.16, -0.16, -0.16, 
-0.16, -0.16, -0.16, -0.16, -0.16, -0.16, -0.16, 0.06, -0.16, -0.16, -0.16, -0.16, -0.16, -0.16, -0.16, 0.32, -0.16, -0.16, -0.16, 0.32, -0.16, -0.16, -0.16, -0.16, -0.16, -0.16, -0.16, -0.16, 
-0.16, -0.16, 0.06, -0.16, -0.16, -0.16, -0.16, -0.16, -0.16, -0.16, 0.07, -0.16, -0.16, -0.16, -0.16, -0.16, -0.16, -0.16, -0.16, -0.16, -0.16, -0.16, -0.16, -0.16, -0.16, -0.16, -0.16, -0.16, 
-0.16, -0.11, 0.32, -0.16, -0.16, -0.16, -0.16, -0.16, -0.16, -0.16, -0.16, -0.16, -0.16, -0.16, -0.16, -0.16, -0.16, -0.16, -0.16, -0.16, -0.16, -0.16, -0.16, 0.19, -0.16, -0.16, -0.16, -0.16, 
-0.16, -0.16, -0.16, -0.16, -0.16, -0.16, -0.16, -0.16, -0.16, -0.16, -0.16, -0.16, 0.32, -0.16, -0.16, -0.16, -0.16, -0.16, -0.16, -0.16, -0.16, -0.16, -0.16, -0.16, -0.16, -0.16, -0.16, -0.16, 
-0.16, -0.16, -0.16, -0.16, -0.16, -0.16, -0.16, -0.16, -0.16, -0.16, -0.16, 0.09, -0.16, -0.16, -0.16, -0.16, -0.16, -0.16, 0.32, -0.16, -0.16, -0.16, -0.16, -0.16, -0.16, -0.16, -0.16, -0.16, 
-0.16, -0.13, -0.16, -0.16, -0.16, -0.16, -0.16, -0.16, -0.16, -0.16, -0.16, -0.16, -0.16, -0.16, -0.16, 0.32, -0.16, -0.16, -0.16, -0.16, -0.16, -0.16, -0.16, 0.18, -0.16, -0.16, -0.16, -0.16, 
-0.16, -0.16, -0.16, -0.16, -0.16, -0.16, -0.16, -0.16, -0.16, 0.06, -0.16, -0.16, -0.16, -0.16, -0.16, -0.16, -0.16, -0.16, -0.16, -0.16, -0.16, -0.16, -0.16, -0.16, -0.16, 0.32, -0.16, -0.16, 
-0.16, -0.16, -0.16, -0.16, -0.16, -0.16, -0.16, -0.16, -0.16, -0.16, -0.16, 0.10, -0.16, -0.16, -0.16, -0.16, -0.16, -0.16, -0.16, -0.16, -0.16, 0.16, -0.16, -0.16, -0.16, -0.16, -0.16, -0.16, 
-0.14, -0.16, -0.16, -0.16, -0.16, -0.16, -0.16, -0.16, -0.16, -0.16, -0.16, -0.16, 0.12, -0.16, -0.16, 0.13, -0.16, -0.16, 0.15, -0.16, -0.16, -0.16, -0.16, -0.16, -0.16, -0.16, -0.16, -0.16, 
-0.16, -0.16, -0.16, -0.16, -0.16, -0.16, -0.16, -0.16, -0.16, -0.16, -0.16, -0.16, -0.16, -0.16, -0.16, -0.16, -0.16, -0.16, -0.16, -0.16, -0.16, -0.16, -0.16, -0.16, -0.16, -0.16, -0.16, -0.16, 
-0.16, -0.16, -0.16, -0.16, -0.16, -0.16, -0.16, -0.16, -0.16, -0.16, -0.16, -0.16, -0.16, -0.16, -0.16, -0.16, -0.16, -0.16, -0.16, -0.16, -0.16, -0.16, -0.16, -0.16, -0.16, -0.16, -0.16, -0.16, 
-- optimal policy --
r  r  r  r  >  r  r  v  l  v  r  v  r  v  l  v  l  l  >  r  v  l  v  r  r  v  v  l  
r  r  r  r  r  r  r  r  v  l  v  r  v  v  l  v  l  l  v  >  >  r  v  v  r  v  l  l  
r  r  r  r  r  r  r  r  r  v  l  v  r  v  v  l  l  v  l  v  l  >  r  v  l  l  l  l  
>  r  >  r  r  >  r  r  r  r  v  l  v  r  v  l  v  r  v  l  v  v  >  r  v  l  l  l  
r  r  r  r  >  r  r  r  r  r  r  v  l  v  l  v  r  v  l  v  v  l  l  >  v  <  <  <  
>  r  r  r  r  >  r  >  r  r  r  r  v  l  r  v  l  v  l  r  v  l  l  v  l  L  L  <  
r  >  r  r  r  r  >  R  r  r  r  r  v  r  r  r  v  l  v  r  v  r  v  l  l  l  L  L  
>  R  r  r  >  r  r  r  >  r  r  r  r  v  r  r  r  v  v  v  l  l  l  <  <  <  l  L  
R  r  r  r  r  >  r  r  r  >  r  r  r  r  v  r  r  r  v  l  l  l  l  L  L  l  l  l  
>  r  r  r  r  r  >  r  r  r  >  r  >  r  r  v  r  r  v  l  l  l  l  <  l  l  <  <  
r  r  r  >  r  >  r  >  r  v  R  r  r  >  r  v  >  >  r  v  l  l  l  l  <  l  l  l  
r  r  r  r  >  r  >  r  >  r  v  r  >  r  >  ^  R  R  >  L  <  l  l  l  L  <  <  <  
r  r  v  r  r  >  R  r  r  >  r  v  r  >  R  ^  L  >  R  ^  L  <  <  <  l  L  L  L  
>  >  r  r  >  R  r  r  r  r  >  r  v  R  ^  ^  L  R  ^  L  ^  L  <  L  <  <  L  L  
R  R  ^  >  R  r  r  r  r  r  r  >  R  <  ^  L  R  ^  R  ^  L  ^  L  <  L  <  <  L  
R  ^  >  R  r  r  r  r  r  r  >  R  ^  L  <  R  ^  >  ^  <  ^  L  ^  L  L  L  <  l  
^  >  R  r  r  r  r  r  r  >  R  ^  L  ^  L  <  <  R  ^  L  <  ^  L  ^  L  v  l  l  
R  R  >  r  r  r  r  r  >  R  ^  ^  L  L  R  ^  L  ^  L  ^  L  <  R  ^  L  L  <  <  
R  >  r  >  r  r  r  >  R  ^  L  ^  ^  ^  L  L  ^  L  R  R  ^  L  <  R  R  ^  L  <  
>  r  >  r  r  r  >  R  ^  ^  R  ^  L  <  ^  L  <  L  L  ^  R  ^  L  R  ^  R  ^  L  
r  >  r  r  r  >  R  ^  ^  R  ^  R  ^  L  R  ^  L  R  ^  R  ^  ^  L  L  ^  R  R  ^  
>  R  >  >  >  R  R  ^  R  R  R  R  R  ^  L  ^  ^  L  R  ^  ^  R  ^  L  L  ^  R  ^  
Correct actions (%) : 11.59
Avg angular diffs   : 83.48
