arguments: 26 12 1 -0.0361659 -0.855842 -0.00682853 -0.101163
loading features...

Initializing gridworld of size 28 by 22..
    Num states: 616
    Num actions: 8
recovered reward
-0.10, -0.10, -0.10, -0.10, -0.10, -0.10, -0.10, -0.10, -0.10, -0.12, -0.10, -0.10, -0.10, -0.12, -0.10, -0.10, -0.10, -0.12, -0.10, -0.10, -0.12, -0.10, -0.12, -0.10, -0.10, -0.12, -0.10, -0.10, 
-0.12, -0.10, -0.10, -0.12, -0.10, -0.10, -0.12, -0.10, -0.10, -0.10, -0.10, -0.10, -0.10, -0.10, -0.11, -0.12, -0.11, -0.10, -0.10, -0.10, -0.32, -0.53, -0.32, -0.10, -0.10, -0.10, -0.10, -0.10, 
-0.10, -0.10, -0.10, -0.32, -0.53, -0.32, -0.53, -0.32, -0.10, -0.10, -0.10, -0.10, -0.10, -0.10, -0.12, -0.14, -0.12, -0.10, -0.11, -0.12, -0.54, -0.96, -0.53, -0.10, -0.10, -0.10, -0.10, -0.10, 
-0.12, -0.10, -0.10, -0.53, -0.96, -0.53, -0.96, -0.53, -0.10, -0.10, -0.10, -0.10, -0.10, -0.10, -0.11, -0.12, -0.11, -0.11, -0.12, -0.14, -0.33, -0.53, -0.32, -0.10, -0.10, -0.10, -0.10, -0.10, 
-0.10, -0.10, -0.10, -0.32, -0.53, -0.32, -0.53, -0.32, -0.53, -0.32, -0.10, -0.10, -0.10, -0.10, -0.10, -0.12, -0.14, -0.12, -0.11, -0.12, -0.11, -0.10, -0.10, -0.10, -0.10, -0.10, -0.12, -0.10, 
-0.10, -0.10, -0.10, -0.10, -0.10, -0.10, -0.10, -0.53, -0.96, -0.53, -0.11, -0.12, -0.11, -0.10, -0.10, -0.11, -0.12, -0.11, -0.10, -0.11, -0.12, -0.11, -0.10, -0.10, -0.10, -0.10, -0.10, -0.10, 
-0.10, -0.10, -0.10, -0.10, -0.10, -0.10, -0.10, -0.32, -0.53, -0.32, -0.12, -0.14, -0.12, -0.10, -0.10, -0.10, -0.10, -0.10, -0.10, -0.12, -0.14, -0.12, -0.10, -0.10, -0.10, -0.10, -0.10, -0.10, 
-0.10, -0.10, -0.10, -0.10, -0.10, -0.10, -0.10, -0.10, -0.10, -0.10, -0.11, -0.12, -0.11, -0.10, -0.10, -0.10, -0.10, -0.10, -0.10, -0.11, -0.12, -0.11, -0.10, -0.10, -0.10, -0.10, -0.12, -0.10, 
-0.10, -0.10, -0.10, -0.10, -0.10, -0.10, -0.10, -0.10, -0.10, -0.10, -0.10, -0.10, -0.10, -0.10, -0.10, -0.10, -0.10, -0.10, -0.10, -0.10, -0.10, -0.10, -0.10, -0.10, -0.10, -0.10, -0.10, -0.10, 
-0.10, -0.10, -0.10, -0.10, -0.10, -0.11, -0.12, -0.11, -0.10, -0.10, -0.11, -0.10, -0.10, -0.10, -0.11, -0.10, -0.10, -0.32, -0.53, -0.32, -0.11, -0.10, -0.10, -0.11, -0.10, -0.10, -0.10, -0.10, 
-0.10, -0.10, -0.10, -0.10, -0.10, -0.12, -0.14, -0.12, -0.10, -0.10, -0.10, -0.10, -0.10, -0.10, -0.10, -0.32, -0.53, -0.53, -0.96, -0.53, -0.10, -0.10, -0.10, -0.10, -0.10, -0.10, -0.12, -0.10, 
-0.10, -0.10, -0.10, -0.10, -0.10, -0.11, -0.12, -0.12, -0.10, -0.10, -0.32, -0.53, -0.32, -0.10, -0.10, -0.53, -0.96, -0.32, -0.53, -0.32, -0.53, -0.32, -0.10, -0.10, -0.10, -0.10, -0.10, -0.10, 
-0.10, -0.10, -0.10, -0.10, -0.10, -0.10, -0.10, -0.10, -0.10, -0.10, -0.53, -0.96, -0.53, -0.10, -0.10, -0.32, -0.53, -0.32, -0.10, -0.53, -0.96, -0.53, -0.10, -0.10, -0.10, -0.10, -0.10, -0.10, 
-0.11, -0.10, -0.10, -0.11, -0.10, -0.10, -0.11, -0.10, -0.10, -0.10, -0.32, -0.53, -0.32, -0.10, -0.10, -0.10, -0.10, -0.10, -0.10, -0.32, -0.53, -0.32, -0.10, -0.10, -0.10, -0.10, -0.11, -0.10, 
-0.10, -0.10, -0.10, -0.10, -0.10, -0.10, -0.10, -0.10, -0.10, -0.10, -0.10, -0.10, -0.11, -0.12, -0.11, -0.10, -0.10, -0.10, -0.11, -0.12, -0.11, -0.11, -0.10, -0.10, -0.10, -0.10, -0.10, -0.10, 
-0.10, -0.10, -0.10, -0.10, -0.10, -0.10, -0.10, -0.10, -0.10, -0.10, -0.10, -0.11, -0.33, -0.57, -0.33, -0.10, -0.11, -0.12, -0.12, -0.14, -0.12, -0.12, -0.10, -0.10, -0.10, -0.10, -0.10, -0.10, 
-0.10, -0.10, -0.10, -0.10, -0.10, -0.10, -0.10, -0.10, -0.10, -0.10, -0.10, -0.12, -0.54, -0.98, -0.54, -0.10, -0.12, -0.14, -0.11, -0.12, -0.11, -0.11, -0.10, -0.10, -0.10, -0.10, -0.11, -0.10, 
-0.10, -0.10, -0.10, -0.10, -0.10, -0.10, -0.10, -0.10, -0.10, -0.10, -0.10, -0.11, -0.32, -0.55, -0.32, -0.10, -0.11, -0.12, -0.11, -0.10, -0.10, -0.32, -0.53, -0.32, -0.10, -0.10, -0.10, -0.10, 
-0.10, -0.10, -0.10, -0.10, -0.10, -0.10, -0.10, -0.10, -0.10, -0.10, -0.10, -0.10, -0.33, -0.57, -0.33, -0.10, -0.10, -0.10, -0.10, -0.10, -0.10, -0.53, -0.96, -0.53, -0.11, -0.10, -0.10, -0.10, 
-0.10, -0.10, -0.10, -0.10, -0.10, -0.10, -0.10, -0.10, -0.10, -0.10, -0.10, -0.10, -0.11, -0.12, -0.11, -0.10, -0.10, -0.11, -0.10, -0.10, -0.11, -0.32, -0.53, -0.32, -0.10, -0.10, -0.10, -0.10, 
-0.10, -0.10, -0.10, -0.10, -0.10, -0.10, -0.10, -0.10, -0.10, -0.10, -0.10, -0.10, -0.10, -0.10, -0.10, -0.10, -0.10, -0.10, -0.10, -0.10, -0.10, -0.10, -0.10, -0.10, -0.10, -0.10, -0.10, -0.10, 
-0.10, -0.10, -0.10, -0.10, -0.10, -0.10, -0.10, -0.10, -0.10, -0.10, -0.10, -0.10, -0.10, -0.10, -0.10, -0.10, -0.10, -0.10, -0.10, -0.10, -0.10, -0.10, -0.10, -0.10, -0.10, -0.10, -0.10, -0.10, 
-- optimal policy --
R  L  <  L  <  ^  <  >  L  <  >  R  <  >  L  <  R  <  R  L  <  ^  >  L  <  >  R  <  
^  ^  L  ^  L  ^  L  R  ^  L  R  ^  L  R  ^  L  ^  L  ^  ^  L  ^  R  ^  L  R  ^  v  
r  v  l  <  ^  L  L  r  v  v  v  v  v  v  l  l  R  ^  ^  L  L  L  >  >  >  >  v  >  
v  l  <  L  r  v  l  >  >  >  >  >  r  v  v  l  R  ^  L  r  r  v  R  R  R  R  >  >  
l  <  L  v  l  l  l  l  R  R  >  >  >  r  v  l  r  r  v  l  >  r  >  >  r  R  ^  ^  
^  L  v  v  v  v  v  l  r  R  R  R  r  >  r  r  r  v  l  <  R  r  v  R  >  r  v  v  
v  v  v  v  v  v  l  <  v  l  l  l  r  v  v  v  v  v  l  <  R  >  r  v  >  >  >  R  
v  v  v  v  v  l  <  v  l  <  v  l  v  v  v  v  v  l  <  L  r  R  >  r  R  R  ^  ^  
v  v  v  v  l  <  L  r  v  v  l  <  v  v  l  v  l  <  L  >  >  R  >  r  v  v  v  v  
v  v  v  l  <  L  R  r  v  v  l  L  v  v  v  l  <  L  R  r  r  R  R  >  r  v  r  v  
v  v  l  <  L  l  R  r  v  l  <  >  r  v  v  l  L  L  R  >  >  >  >  >  >  r  v  r  
v  l  <  L  l  <  r  v  l  <  L  R  r  v  v  l  >  r  v  R  R  R  R  R  R  >  r  ^  
<  <  L  l  <  L  >  v  l  <  L  l  >  r  v  v  l  l  l  <  r  >  >  >  >  >  >  >  
^  L  v  l  L  r  v  l  <  L  v  l  >  >  r  v  v  l  ^  L  r  r  v  R  R  R  ^  r  
v  l  l  <  v  v  r  v  l  <  l  <  R  R  r  v  l  <  L  L  >  >  >  >  >  r  R  ^  
r  v  l  <  v  v  v  l  v  v  l  L  L  R  r  v  l  L  L  l  r  R  R  ^  r  v  r  v  
v  l  <  L  v  v  v  v  v  l  v  l  l  l  r  v  l  r  r  v  v  l  >  r  v  r  r  v  
L  ^  L  v  r  v  v  v  l  v  v  v  l  <  r  v  r  r  v  v  l  <  R  >  r  >  >  r  
^  L  l  v  v  r  v  l  <  r  v  l  <  l  r  v  v  >  v  l  <  L  l  r  r  v  R  ^  
v  v  l  v  v  >  r  v  l  v  r  v  v  l  r  v  v  r  v  l  r  r  v  l  v  v  v  v  
>  v  <  v  l  v  l  v  v  l  >  v  l  <  v  v  l  >  r  r  r  v  v  <  v  l  r  v  
>  v  L  l  <  l  <  >  v  <  >  l  ^  L  r  v  <  R  >  >  >  v  v  r  v  <  >  v  
Correct actions (%) : 8.14
Avg angular diffs   : 90.00
