arguments: 26 21 2 0.0975057 -0.752834 -0.0362812 -0.113379
loading features...

Initializing gridworld of size 28 by 22..
    Num states: 616
    Num actions: 8
recovered reward
-0.11, -0.11, -0.11, -0.11, -0.11, -0.11, -0.11, -0.11, -0.11, -0.11, -0.11, -0.11, -0.11, -0.11, -0.11, -0.11, -0.11, -0.11, -0.11, -0.11, -0.11, -0.11, -0.11, -0.11, -0.11, -0.11, -0.11, -0.11, 
-0.11, -0.11, -0.11, -0.11, -0.02, -0.11, -0.11, -0.11, -0.02, -0.14, -0.11, -0.11, -0.15, -0.11, -0.11, -0.11, -0.87, -0.11, -0.11, -0.11, -0.11, -0.11, -0.11, -0.11, -0.11, -0.21, -0.11, -0.11, 
-0.11, -0.11, -0.11, -0.11, -0.11, -0.11, -0.11, -0.11, -0.11, -0.11, -0.11, -0.11, -0.11, -0.11, -0.11, -0.11, -0.15, -0.11, -0.11, -0.11, -0.11, -0.11, -0.11, -0.11, -0.87, -0.11, -0.11, -0.11, 
-0.11, -0.11, -0.11, -0.11, -0.11, -0.11, -0.11, -0.14, -0.11, -0.02, -0.11, -0.11, -0.11, -0.11, -0.11, -0.11, -0.11, -0.11, -0.11, -0.11, -0.11, -0.11, -0.11, -0.87, -0.11, -0.11, -0.11, -0.11, 
-0.11, -0.11, -0.11, -0.11, -0.11, -0.11, -0.14, -0.11, -0.11, -0.11, -0.11, -0.11, -0.11, -0.11, -0.11, -0.11, -0.11, -0.11, -0.11, -0.11, -0.11, -0.11, -0.11, -0.11, -0.11, -0.20, -0.11, -0.11, 
-0.11, -0.11, -0.11, -0.11, -0.11, -0.11, -0.87, -0.11, -0.11, -0.11, -0.87, -0.11, -0.11, -0.11, -0.11, -0.11, -0.15, -0.11, -0.11, -0.11, -0.11, -0.11, -0.11, -0.11, -0.11, -0.11, -0.11, -0.11, 
-0.11, -0.11, -0.11, -0.11, -0.13, -0.02, -0.11, -0.11, -0.11, -0.11, -0.11, -0.11, -0.11, -0.11, -0.16, -0.11, -0.11, -0.11, -0.11, -0.11, -0.11, -0.11, -0.11, -0.11, -0.11, -0.11, -0.11, -0.11, 
-0.11, -0.11, -0.11, -0.11, -0.11, -0.11, -0.11, -0.11, -0.02, -0.11, -0.11, -0.11, -0.11, -0.11, -0.11, -0.11, -0.11, -0.87, -0.11, -0.11, -0.11, -0.11, -0.11, -0.20, -0.11, -0.11, -0.11, -0.11, 
-0.11, -0.11, -0.02, -0.11, -0.11, -0.11, -0.11, -0.11, -0.11, -0.11, -0.11, -0.11, -0.11, -0.11, -0.11, -0.11, -0.11, -0.11, -0.11, -0.11, -0.11, -0.11, -0.11, -0.11, -0.11, -0.87, -0.11, -0.11, 
-0.11, -0.11, -0.11, -0.11, -0.13, -0.11, -0.11, -0.11, -0.11, -0.11, -0.11, -0.11, -0.16, -0.11, -0.11, -0.02, -0.11, -0.11, -0.11, -0.11, -0.11, -0.11, -0.11, -0.11, -0.11, -0.11, -0.11, -0.11, 
-0.11, -0.11, -0.11, -0.11, -0.11, -0.87, -0.11, -0.11, -0.11, -0.11, -0.11, -0.11, -0.11, -0.11, -0.11, -0.11, -0.11, -0.11, -0.11, -0.11, -0.11, -0.11, -0.11, -0.11, -0.20, -0.11, -0.11, -0.11, 
-0.11, -0.11, -0.11, -0.11, -0.11, -0.11, -0.11, -0.11, -0.11, -0.11, -0.16, -0.11, -0.11, -0.11, -0.11, -0.11, -0.11, -0.11, -0.11, -0.11, -0.11, -0.11, -0.11, -0.11, -0.11, -0.11, -0.11, -0.11, 
-0.11, -0.11, -0.11, -0.11, -0.11, -0.11, -0.11, -0.87, -0.11, -0.11, -0.11, -0.11, -0.11, -0.11, -0.87, -0.11, -0.11, -0.11, -0.11, -0.11, -0.11, -0.11, -0.11, -0.11, -0.11, -0.11, -0.11, -0.11, 
-0.11, -0.11, -0.11, -0.12, -0.02, -0.11, -0.11, -0.11, -0.11, -0.11, -0.11, -0.11, -0.11, -0.11, -0.11, -0.11, -0.11, -0.11, -0.11, -0.11, -0.11, -0.11, -0.11, -0.19, -0.11, -0.11, -0.11, -0.11, 
-0.11, -0.11, -0.11, -0.11, -0.11, -0.11, -0.11, -0.11, -0.11, -0.17, -0.11, -0.11, -0.11, -0.11, -0.11, -0.11, -0.11, -0.11, -0.11, -0.11, -0.11, -0.11, -0.11, -0.11, -0.11, -0.11, -0.11, -0.11, 
-0.11, -0.11, -0.11, -0.11, -0.11, -0.11, -0.11, -0.11, -0.11, -0.11, -0.11, -0.11, -0.11, -0.11, -0.11, -0.11, -0.11, -0.11, -0.11, -0.11, -0.11, -0.11, -0.02, -0.11, -0.11, -0.11, -0.11, -0.11, 
-0.11, -0.11, -0.12, -0.11, -0.11, -0.11, -0.11, -0.11, -0.11, -0.11, -0.11, -0.11, -0.17, -0.02, -0.11, -0.11, -0.11, -0.11, -0.11, -0.11, -0.11, -0.11, -0.11, -0.19, -0.11, -0.11, -0.11, -0.11, 
-0.11, -0.11, -0.11, -0.11, -0.11, -0.11, -0.11, -0.11, -0.11, -0.11, -0.11, -0.11, -0.87, -0.11, -0.11, -0.11, -0.11, -0.11, -0.11, -0.11, -0.11, -0.11, -0.11, -0.11, -0.87, -0.11, -0.11, -0.11, 
-0.11, -0.11, -0.11, -0.11, -0.11, -0.11, -0.11, -0.11, -0.11, -0.11, -0.11, -0.11, -0.11, -0.11, -0.11, -0.11, -0.11, -0.11, -0.11, -0.02, -0.11, -0.19, -0.11, -0.02, -0.11, -0.11, -0.11, -0.11, 
-0.12, -0.11, -0.11, -0.11, -0.11, -0.11, -0.11, -0.11, -0.11, -0.11, -0.11, -0.11, -0.11, -0.18, -0.11, -0.11, -0.18, -0.11, -0.11, -0.18, -0.11, -0.11, -0.11, -0.11, -0.11, -0.11, -0.11, -0.11, 
-0.11, -0.11, -0.11, -0.11, -0.11, -0.11, -0.11, -0.11, -0.11, -0.11, -0.11, -0.11, -0.11, -0.11, -0.11, -0.11, -0.11, -0.11, -0.11, -0.11, -0.11, -0.11, -0.11, -0.11, -0.11, -0.11, -0.11, -0.11, 
-0.11, -0.11, -0.11, -0.11, -0.11, -0.11, -0.11, -0.11, -0.11, -0.11, -0.11, -0.11, -0.11, -0.11, -0.11, -0.11, -0.11, -0.11, -0.11, -0.11, -0.11, -0.11, -0.11, -0.11, -0.11, -0.11, -0.11, -0.11, 
-- optimal policy --
r  r  >  r  v  l  l  r  v  l  <  v  l  <  l  <  <  <  <  v  v  v  l  l  l  l  <  <  
r  >  r  >  v  <  <  >  v  <  v  l  l  l  l  l  l  L  v  v  v  l  l  v  l  <  l  l  
r  r  >  R  ^  L  <  R  r  v  l  l  l  l  l  l  <  l  v  v  v  l  l  l  <  l  l  l  
r  >  R  ^  ^  ^  L  r  >  v  <  <  l  l  l  l  v  v  l  v  l  l  l  l  l  l  <  <  
v  R  >  r  v  l  l  >  R  ^  L  L  <  <  l  v  r  v  v  l  l  l  l  l  l  l  l  l  
v  v  R  >  r  v  l  l  v  v  l  L  L  <  r  r  v  v  l  l  l  l  l  l  l  l  v  v  
r  v  l  R  >  ^  <  r  v  l  l  l  L  v  r  v  v  l  v  l  l  l  l  l  <  l  v  v  
r  r  v  l  R  ^  L  >  v  <  <  l  >  r  v  r  v  l  l  l  l  l  l  l  l  l  r  v  
r  >  v  <  ^  L  ^  R  ^  L  <  <  r  >  r  v  l  l  <  l  l  l  l  l  r  v  v  v  
>  R  ^  L  L  ^  R  R  ^  ^  L  <  >  r  >  v  <  l  l  <  l  l  l  v  l  r  v  v  
R  ^  L  ^  L  <  R  R  ^  L  ^  L  r  >  R  ^  L  <  l  l  l  l  v  r  v  l  l  l  
R  ^  r  v  v  v  l  l  L  L  L  ^  >  R  ^  ^  L  L  <  <  v  v  r  v  v  l  l  l  
^  r  >  r  v  l  l  l  l  r  v  >  R  ^  ^  L  ^  ^  L  r  v  r  v  l  v  l  l  l  
r  >  r  >  v  <  <  <  <  >  r  v  v  v  v  v  l  ^  L  >  r  v  r  v  l  l  l  l  
>  r  >  R  ^  L  <  l  L  r  >  r  v  v  v  l  l  v  v  r  >  r  v  l  l  l  l  l  
r  >  R  ^  L  L  L  <  <  >  r  >  r  v  l  l  r  v  v  v  r  >  v  <  <  <  <  l  
>  R  ^  R  ^  L  L  L  <  r  >  R  >  v  <  <  >  r  v  v  v  R  ^  L  L  L  l  l  
R  ^  R  ^  R  ^  L  L  L  >  R  r  R  ^  L  <  r  >  r  v  l  l  r  v  l  l  l  l  
R  ^  ^  R  R  ^  ^  L  L  R  r  >  R  ^  ^  L  >  r  >  >  <  <  >  >  <  l  l  l  
R  ^  ^  R  ^  ^  ^  ^  R  r  >  R  R  ^  ^  ^  r  >  R  ^  L  L  R  ^  L  <  <  l  
R  ^  R  ^  ^  ^  ^  R  r  >  R  ^  ^  L  ^  r  >  R  ^  L  ^  L  ^  R  ^  L  <  <  
^  R  ^  ^  ^  ^  R  >  >  R  ^  R  ^  ^  >  >  R  ^  ^  R  ^  ^  L  ^  R  ^  L  <  
Correct actions (%) : 20.00
Avg angular diffs   : 82.59
