arguments: 26 17 2 0.636902 -0.182232 -0.0897494 -0.0911162
loading features...

Initializing gridworld of size 28 by 22..
    Num states: 616
    Num actions: 8
recovered reward
-0.09, -0.09, -0.09, -0.09, -0.09, -0.16, -0.09, -0.09, -0.17, -0.09, -0.09, -0.18, -0.09, -0.09, -0.09, -0.09, -0.09, -0.09, -0.09, -0.09, -0.09, -0.09, -0.09, -0.09, -0.09, -0.09, -0.09, -0.09, 
-0.09, -0.09, -0.09, -0.09, -0.09, 0.07, 0.23, 0.07, -0.09, -0.09, -0.09, -0.09, -0.09, -0.19, -0.09, -0.09, -0.09, -0.09, 0.07, 0.23, 0.07, -0.09, -0.09, -0.09, -0.09, -0.09, -0.09, -0.09, 
-0.09, -0.09, -0.09, -0.09, -0.15, 0.23, 0.55, 0.23, -0.09, -0.09, -0.09, -0.09, -0.09, -0.09, -0.09, -0.09, -0.09, -0.09, 0.23, 0.55, 0.18, -0.18, -0.14, -0.09, -0.09, -0.33, -0.09, -0.09, 
-0.09, 0.07, 0.23, 0.01, -0.09, 0.07, 0.23, 0.07, 0.23, 0.07, -0.09, -0.09, -0.09, -0.09, -0.09, -0.09, -0.09, -0.09, 0.07, 0.23, -0.02, -0.27, -0.18, -0.09, -0.09, -0.09, -0.09, -0.09, 
-0.09, 0.23, 0.55, 0.23, -0.09, -0.09, -0.09, 0.18, 0.45, 0.18, -0.09, -0.09, -0.09, -0.09, -0.20, -0.09, -0.09, -0.09, 0.23, 0.55, 0.18, -0.18, -0.14, -0.09, -0.32, -0.09, -0.09, -0.09, 
-0.09, 0.07, 0.23, 0.07, -0.09, -0.09, -0.09, -0.02, 0.05, -0.02, -0.09, -0.09, -0.09, -0.09, -0.09, -0.09, -0.09, -0.09, 0.07, 0.23, 0.07, -0.09, -0.09, -0.09, -0.09, -0.09, -0.09, -0.09, 
-0.09, -0.09, -0.14, -0.09, -0.09, -0.09, -0.09, -0.14, -0.18, -0.14, -0.09, -0.09, -0.21, -0.09, -0.09, -0.09, -0.09, -0.09, 0.07, 0.23, 0.07, -0.09, -0.09, -0.09, -0.09, -0.09, -0.09, -0.09, 
-0.09, -0.09, -0.09, -0.09, -0.09, -0.09, -0.09, -0.09, -0.09, -0.09, -0.09, -0.09, -0.09, -0.09, -0.09, -0.09, -0.09, -0.09, -0.09, -0.09, -0.09, -0.09, -0.32, -0.09, -0.09, -0.09, -0.09, -0.09, 
-0.09, -0.09, -0.09, -0.09, -0.09, -0.09, -0.09, -0.09, -0.09, -0.09, -0.09, -0.14, -0.18, -0.14, -0.09, -0.09, -0.09, -0.09, -0.09, -0.09, -0.09, -0.09, -0.09, -0.09, -0.09, -0.09, -0.09, -0.09, 
-0.09, -0.13, -0.09, -0.09, 0.07, 0.23, 0.07, -0.09, -0.09, -0.09, -0.09, -0.31, -0.27, -0.18, -0.09, -0.14, -0.18, -0.14, -0.09, -0.09, -0.09, -0.09, -0.09, -0.09, -0.09, -0.09, -0.09, -0.09, 
-0.09, -0.09, -0.09, -0.09, 0.23, 0.55, 0.23, -0.09, -0.09, -0.09, -0.09, -0.14, -0.18, 0.02, 0.14, -0.02, -0.27, -0.18, -0.09, -0.09, -0.09, -0.09, -0.09, -0.31, -0.09, -0.09, -0.09, -0.09, 
-0.09, -0.09, -0.09, -0.09, 0.07, 0.23, 0.07, -0.09, -0.09, -0.09, -0.09, -0.09, -0.09, 0.14, 0.36, 0.18, -0.18, -0.14, -0.14, -0.18, -0.14, -0.09, -0.09, -0.09, -0.09, -0.09, -0.09, -0.09, 
-0.09, -0.09, -0.09, -0.09, -0.09, -0.09, -0.09, -0.09, -0.09, -0.09, -0.23, -0.09, -0.09, 0.02, 0.14, 0.02, -0.09, -0.09, -0.18, -0.27, -0.18, -0.09, -0.09, -0.09, -0.09, -0.09, -0.09, -0.09, 
-0.09, -0.12, -0.09, -0.14, -0.18, -0.14, -0.09, -0.09, -0.09, 0.07, 0.23, 0.07, -0.09, -0.09, -0.14, -0.18, -0.14, -0.09, -0.14, -0.18, -0.14, -0.09, -0.09, -0.30, -0.09, -0.09, -0.09, -0.09, 
-0.09, -0.09, -0.09, -0.18, -0.27, -0.18, -0.09, -0.09, -0.09, 0.23, 0.55, 0.18, -0.18, -0.14, -0.18, -0.27, -0.18, -0.09, -0.09, -0.09, -0.09, -0.09, -0.09, -0.09, -0.09, -0.09, -0.09, -0.09, 
-0.09, -0.09, -0.09, -0.14, -0.18, 0.02, 0.14, 0.02, -0.09, 0.07, 0.23, -0.17, -0.27, -0.18, -0.14, -0.18, -0.14, -0.09, -0.09, -0.09, -0.14, -0.18, -0.14, -0.09, -0.09, 0.07, 0.23, 0.07, 
-0.09, -0.11, -0.09, -0.09, -0.09, 0.14, 0.36, 0.14, -0.09, -0.09, -0.14, -0.18, -0.14, -0.14, -0.09, -0.09, -0.09, -0.09, -0.09, -0.09, -0.18, -0.27, -0.18, -0.29, -0.09, 0.23, 0.55, 0.23, 
-0.09, -0.09, -0.09, -0.09, -0.09, 0.02, 0.14, 0.02, -0.09, -0.09, -0.18, -0.27, -0.18, -0.09, -0.09, -0.09, -0.09, -0.09, -0.09, -0.09, -0.14, -0.18, -0.14, -0.09, -0.09, 0.07, 0.23, 0.07, 
-0.09, -0.09, -0.09, 0.07, 0.23, 0.07, -0.09, -0.09, -0.09, -0.09, -0.14, -0.33, -0.14, -0.09, -0.09, -0.09, -0.09, -0.09, -0.09, -0.09, -0.09, -0.28, -0.09, -0.09, -0.09, -0.09, -0.09, -0.09, 
-0.10, -0.09, -0.09, 0.23, 0.55, 0.23, -0.09, -0.09, -0.09, -0.09, -0.09, -0.09, -0.25, -0.09, -0.09, -0.26, -0.09, -0.09, -0.27, -0.09, -0.09, -0.09, -0.09, -0.09, -0.09, -0.09, -0.09, -0.09, 
-0.09, -0.09, -0.09, 0.07, 0.23, 0.07, -0.09, -0.09, -0.09, -0.09, -0.09, -0.09, -0.09, -0.09, -0.09, -0.09, -0.09, -0.09, -0.09, -0.09, -0.09, -0.09, -0.09, -0.09, -0.09, -0.09, -0.09, -0.09, 
-0.09, -0.09, -0.09, -0.09, -0.09, -0.09, -0.09, -0.09, -0.09, -0.09, -0.09, -0.09, -0.09, -0.09, -0.09, -0.09, -0.09, -0.09, -0.09, -0.09, -0.09, -0.09, -0.09, -0.09, -0.09, -0.09, -0.09, -0.09, 
-- optimal policy --
v  v  >  r  r  r  v  l  l  l  <  l  l  l  >  >  r  r  r  v  l  l  l  <  <  <  <  <  
r  v  v  v  r  r  v  l  l  <  l  l  l  l  R  r  >  r  r  v  l  l  <  L  <  l  L  L  
r  r  v  l  >  >  v  <  <  l  l  l  l  l  >  >  r  >  >  <  <  <  L  L  <  <  L  L  
r  r  v  l  R  R  ^  L  v  l  l  l  l  <  >  >  r  R  r  v  l  L  L  ^  L  L  <  <  
>  >  <  <  <  R  ^  >  ^  <  <  <  <  l  >  >  >  >  >  v  <  <  l  l  <  L  <  l  
R  R  ^  L  L  L  R  R  ^  L  L  L  L  <  r  >  R  R  R  ^  L  L  <  <  L  <  L  <  
R  R  ^  L  L  L  R  R  ^  L  L  L  L  L  >  R  R  R  R  ^  L  L  L  <  L  <  <  L  
R  ^  L  ^  r  v  v  l  l  R  ^  L  L  r  v  R  R  R  R  ^  L  L  L  L  <  L  <  <  
^  L  r  r  r  v  l  l  l  <  ^  ^  L  r  v  l  R  R  ^  L  ^  L  L  <  L  <  L  v  
^  >  >  r  r  v  l  l  <  L  <  l  r  r  v  l  l  ^  L  ^  L  L  L  L  <  L  v  v  
>  >  >  >  >  <  <  <  <  r  v  r  r  r  v  l  l  l  ^  L  ^  L  L  L  L  v  r  v  
r  >  >  R  R  ^  L  L  <  v  r  v  >  >  >  <  <  l  l  L  r  >  r  r  v  v  v  v  
>  R  R  R  R  ^  L  L  r  r  v  l  R  R  ^  L  L  <  l  l  r  r  >  r  r  v  v  v  
R  R  R  R  R  R  ^  L  r  r  v  l  l  R  ^  L  L  L  <  l  >  r  r  r  r  r  v  l  
r  R  ^  L  r  r  v  l  >  >  v  <  <  L  L  L  R  ^  L  <  >  >  r  r  r  r  v  l  
v  r  r  r  r  r  v  l  R  R  ^  L  L  L  r  r  R  ^  ^  L  R  R  >  r  r  r  v  l  
r  r  r  r  >  >  ^  <  <  R  ^  L  L  r  >  >  R  R  ^  ^  L  R  R  >  >  >  <  <  
>  r  r  r  v  R  ^  L  L  ^  L  L  L  r  >  R  R  ^  ^  r  v  r  >  >  R  R  ^  L  
r  r  r  r  v  l  l  L  L  L  L  l  l  v  R  R  ^  ^  >  >  r  >  R  R  R  R  ^  L  
>  >  >  >  v  <  <  <  L  L  L  <  l  l  <  ^  ^  r  >  >  >  R  R  R  R  ^  R  ^  
R  R  R  R  ^  L  L  L  <  L  L  L  <  l  <  <  r  >  R  >  R  R  R  R  ^  R  ^  ^  
>  R  R  R  ^  L  L  L  L  L  L  L  L  <  <  <  >  R  >  R  R  R  R  ^  R  ^  ^  ^  
Correct actions (%) : 12.20
Avg angular diffs   : 79.02
