arguments: 27 7 1 -0.298558 -0.604327 0.000961538 -0.0961538
loading features...

Initializing gridworld of size 28 by 22..
    Num states: 616
    Num actions: 8
recovered reward
-0.10, -0.10, -0.10, -0.10, -0.10, -0.10, -0.10, -0.10, -0.10, -0.10, -0.10, -0.10, -0.10, -0.10, -0.10, -0.10, -0.10, -0.10, -0.10, -0.17, -0.25, -0.17, -0.10, -0.10, -0.10, -0.10, -0.10, -0.10, 
-0.10, -0.10, -0.10, -0.10, -0.10, -0.10, -0.10, -0.10, -0.10, -0.10, -0.10, -0.10, -0.10, -0.10, -0.10, -0.10, -0.10, -0.10, -0.10, -0.25, -0.39, -0.25, -0.10, -0.10, -0.10, -0.10, -0.10, -0.10, 
-0.10, -0.10, -0.10, -0.10, -0.10, -0.10, -0.10, -0.10, -0.10, -0.10, -0.10, -0.10, -0.10, -0.10, -0.10, -0.10, -0.10, -0.10, -0.10, -0.17, -0.25, -0.17, -0.10, -0.10, -0.10, -0.09, -0.10, -0.10, 
-0.10, -0.10, -0.10, -0.10, -0.25, -0.40, -0.25, -0.10, -0.10, -0.10, -0.10, -0.10, -0.10, -0.10, -0.10, -0.10, -0.10, -0.10, -0.10, -0.10, -0.10, -0.10, -0.10, -0.17, -0.25, -0.17, -0.10, -0.10, 
-0.10, -0.10, -0.10, -0.10, -0.40, -0.70, -0.40, -0.25, -0.40, -0.25, -0.10, -0.10, -0.10, -0.10, -0.10, -0.10, -0.25, -0.40, -0.25, -0.10, -0.10, -0.10, -0.10, -0.25, -0.39, -0.25, -0.10, -0.10, 
-0.10, -0.10, -0.10, -0.10, -0.25, -0.40, -0.25, -0.40, -0.70, -0.40, -0.10, -0.10, -0.10, -0.10, -0.10, -0.10, -0.40, -0.70, -0.40, -0.25, -0.40, -0.25, -0.10, -0.17, -0.40, -0.47, -0.25, -0.10, 
-0.25, -0.40, -0.25, -0.10, -0.10, -0.10, -0.10, -0.25, -0.40, -0.25, -0.10, -0.10, -0.09, -0.10, -0.10, -0.10, -0.25, -0.40, -0.25, -0.40, -0.70, -0.40, -0.10, -0.10, -0.40, -0.70, -0.40, -0.10, 
-0.40, -0.70, -0.40, -0.10, -0.10, -0.10, -0.10, -0.10, -0.10, -0.10, -0.10, -0.10, -0.10, -0.10, -0.10, -0.10, -0.10, -0.10, -0.10, -0.25, -0.40, -0.25, -0.09, -0.10, -0.25, -0.40, -0.25, -0.10, 
-0.25, -0.40, -0.25, -0.10, -0.10, -0.10, -0.10, -0.10, -0.10, -0.10, -0.10, -0.10, -0.10, -0.10, -0.10, -0.10, -0.10, -0.10, -0.10, -0.10, -0.10, -0.10, -0.10, -0.10, -0.10, -0.10, -0.10, -0.10, 
-0.10, -0.10, -0.10, -0.10, -0.10, -0.10, -0.10, -0.10, -0.25, -0.40, -0.25, -0.09, -0.10, -0.10, -0.17, -0.25, -0.17, -0.17, -0.40, -0.47, -0.25, -0.10, -0.10, -0.10, -0.10, -0.10, -0.10, -0.10, 
-0.10, -0.10, -0.10, -0.10, -0.10, -0.10, -0.25, -0.40, -0.25, -0.70, -0.40, -0.10, -0.10, -0.10, -0.17, -0.25, -0.17, -0.25, -0.47, -0.85, -0.47, -0.10, -0.10, -0.09, -0.10, -0.10, -0.10, -0.10, 
-0.10, -0.25, -0.40, -0.25, -0.10, -0.10, -0.40, -0.70, -0.40, -0.40, -0.25, -0.10, -0.10, -0.10, -0.25, -0.39, -0.25, -0.17, -0.40, -0.70, -0.40, -0.10, -0.10, -0.10, -0.10, -0.10, -0.10, -0.10, 
-0.10, -0.47, -0.85, -0.47, -0.10, -0.10, -0.25, -0.40, -0.25, -0.10, -0.09, -0.10, -0.10, -0.10, -0.17, -0.25, -0.17, -0.10, -0.17, -0.25, -0.17, -0.10, -0.10, -0.10, -0.10, -0.10, -0.10, -0.10, 
-0.10, -0.40, -0.70, -0.40, -0.10, -0.10, -0.10, -0.10, -0.10, -0.10, -0.10, -0.17, -0.25, -0.17, -0.10, -0.10, -0.10, -0.10, -0.10, -0.10, -0.10, -0.10, -0.10, -0.09, -0.10, -0.10, -0.10, -0.10, 
-0.10, -0.17, -0.25, -0.17, -0.10, -0.10, -0.10, -0.10, -0.10, -0.10, -0.10, -0.25, -0.39, -0.25, -0.10, -0.10, -0.10, -0.17, -0.25, -0.17, -0.10, -0.10, -0.10, -0.10, -0.10, -0.10, -0.10, -0.10, 
-0.10, -0.10, -0.10, -0.10, -0.10, -0.10, -0.10, -0.10, -0.10, -0.10, -0.10, -0.17, -0.25, -0.17, -0.17, -0.25, -0.17, -0.25, -0.39, -0.25, -0.10, -0.10, -0.10, -0.10, -0.10, -0.10, -0.10, -0.10, 
-0.10, -0.10, -0.10, -0.10, -0.10, -0.10, -0.10, -0.10, -0.25, -0.40, -0.25, -0.10, -0.10, -0.10, -0.25, -0.39, -0.25, -0.17, -0.25, -0.17, -0.10, -0.10, -0.10, -0.09, -0.17, -0.25, -0.17, -0.10, 
-0.10, -0.10, -0.10, -0.10, -0.10, -0.10, -0.10, -0.10, -0.40, -0.70, -0.40, -0.10, -0.10, -0.10, -0.17, -0.25, -0.17, -0.10, -0.10, -0.10, -0.10, -0.10, -0.10, -0.10, -0.25, -0.39, -0.25, -0.10, 
-0.10, -0.10, -0.10, -0.10, -0.10, -0.10, -0.10, -0.10, -0.25, -0.40, -0.25, -0.09, -0.10, -0.10, -0.10, -0.10, -0.10, -0.10, -0.10, -0.10, -0.10, -0.09, -0.10, -0.10, -0.17, -0.25, -0.17, -0.10, 
-0.10, -0.10, -0.10, -0.10, -0.10, -0.10, -0.10, -0.10, -0.10, -0.10, -0.10, -0.10, -0.09, -0.10, -0.10, -0.09, -0.10, -0.10, -0.09, -0.10, -0.10, -0.10, -0.10, -0.10, -0.10, -0.10, -0.10, -0.10, 
-0.10, -0.10, -0.10, -0.10, -0.10, -0.10, -0.10, -0.10, -0.10, -0.10, -0.10, -0.10, -0.10, -0.10, -0.10, -0.10, -0.10, -0.10, -0.10, -0.10, -0.10, -0.10, -0.10, -0.10, -0.10, -0.10, -0.10, -0.10, 
-0.10, -0.10, -0.10, -0.10, -0.10, -0.10, -0.10, -0.10, -0.10, -0.10, -0.10, -0.10, -0.10, -0.10, -0.10, -0.10, -0.10, -0.10, -0.10, -0.10, -0.10, -0.10, -0.10, -0.10, -0.10, -0.10, -0.10, -0.10, 
-- optimal policy --
r  r  r  >  >  ^  <  >  ^  <  >  ^  <  v  l  l  <  v  l  l  >  r  >  r  v  r  v  l  
>  r  r  r  R  ^  L  R  ^  L  R  ^  L  <  <  <  v  l  <  l  r  >  r  >  r  v  l  l  
r  >  r  >  l  <  R  R  ^  R  ^  ^  R  ^  L  v  l  <  L  r  r  R  >  R  >  >  <  <  
>  >  >  R  ^  L  L  R  R  r  v  R  >  r  v  l  <  L  <  >  r  >  R  R  R  ^  L  L  
>  R  R  ^  L  L  R  R  R  >  r  v  l  >  l  <  <  L  L  >  >  r  v  l  R  R  ^  L  
R  R  R  ^  L  l  l  l  r  r  >  r  v  l  ^  L  L  L  R  R  R  r  v  v  l  R  ^  L  
R  R  ^  ^  L  <  r  r  r  v  R  >  L  <  <  ^  L  l  v  l  r  r  v  l  l  l  R  ^  
v  R  r  v  l  L  >  >  >  r  v  R  ^  L  <  l  L  <  r  r  r  >  v  <  <  l  l  l  
r  v  l  l  <  <  >  >  >  >  r  v  l  <  L  <  <  L  >  >  >  R  ^  L  <  l  l  <  
>  l  <  <  <  L  >  R  R  R  >  R  <  L  <  L  L  R  R  R  R  ^  r  v  l  l  <  L  
R  ^  L  <  <  <  R  ^  L  r  R  ^  L  <  L  L  ^  L  L  R  R  >  >  <  <  <  <  <  
^  L  ^  L  L  L  <  r  r  r  v  l  <  L  L  L  r  v  l  r  R  R  R  ^  L  L  <  <  
^  L  L  R  ^  L  r  r  r  >  R  <  L  <  L  l  l  r  r  r  R  R  r  v  l  L  L  <  
v  l  l  r  v  >  >  >  >  R  ^  L  L  L  L  <  <  >  >  >  R  >  >  v  <  <  L  L  
v  r  v  l  l  >  >  R  R  R  ^  L  l  R  ^  L  <  R  R  R  >  >  R  ^  L  <  l  L  
r  v  l  <  <  >  R  R  R  ^  r  v  r  v  l  ^  L  L  r  r  >  R  r  v  l  L  <  L  
>  v  <  L  L  R  R  R  R  R  r  r  v  l  l  l  r  v  r  r  v  >  >  l  <  L  L  L  
R  ^  L  <  <  R  r  v  l  r  r  v  l  v  l  v  r  r  v  >  r  v  R  ^  L  L  R  ^  
v  l  L  L  <  <  r  r  r  r  >  r  v  l  r  v  l  r  v  l  >  R  <  ^  L  l  l  ^  
<  <  <  ^  L  <  >  >  >  >  R  >  L  <  >  ^  <  >  ^  <  R  ^  L  <  L  <  <  <  
^  L  <  L  ^  L  R  >  >  R  >  R  ^  L  R  ^  L  R  ^  L  ^  L  ^  L  <  L  L  <  
^  ^  L  <  L  R  >  >  R  >  R  ^  ^  ^  L  ^  R  R  ^  ^  L  ^  ^  ^  L  <  L  L  
Correct actions (%) : 10.34
Avg angular diffs   : 102.93
