arguments: 27 5 1 -0.0665314 -0.780659 0.000573686 -0.152236
loading features...

Initializing gridworld of size 28 by 22..
    Num states: 616
    Num actions: 8
recovered reward
-0.15, -0.15, -0.15, -0.15, -0.15, -0.15, -0.15, -0.15, -0.15, -0.15, -0.15, -0.15, -0.15, -0.15, -0.15, -0.15, -0.15, -0.15, -0.15, -0.15, -0.15, -0.15, -0.15, -0.15, -0.15, -0.15, -0.15, -0.15, 
-0.15, -0.15, -0.15, -0.15, -0.15, -0.15, -0.15, -0.15, -0.15, -0.15, -0.15, -0.15, -0.15, -0.15, -0.15, -0.15, -0.15, -0.15, -0.15, -0.15, -0.22, -0.15, -0.15, -0.15, -0.15, -0.15, -0.15, -0.15, 
-0.15, -0.15, -0.15, -0.15, -0.15, -0.15, -0.15, -0.15, -0.15, -0.15, -0.22, -0.15, -0.15, -0.22, -0.15, -0.15, -0.15, -0.15, -0.15, -0.15, -0.15, -0.15, -0.15, -0.15, -0.15, -0.15, -0.15, -0.15, 
-0.15, -0.15, -0.15, -0.93, -0.15, -0.15, -0.15, -0.15, -0.15, -0.15, -0.15, -0.15, -0.15, -0.15, -0.15, -0.15, -0.15, -0.15, -0.15, -0.15, -0.15, -0.15, -0.15, -0.15, -0.15, -0.15, -0.15, -0.15, 
-0.15, -0.15, -0.15, -0.15, -0.15, -0.15, -0.15, -0.15, -0.15, -0.15, -0.15, -0.15, -0.15, -0.15, -0.15, -0.15, -0.93, -0.15, -0.93, -0.93, -0.22, -0.15, -0.15, -0.15, -0.15, -0.15, -0.15, -0.15, 
-0.15, -0.15, -0.15, -0.15, -0.15, -0.15, -0.15, -0.15, -0.15, -0.15, -0.15, -0.15, -0.15, -0.15, -0.15, -0.15, -0.15, -0.15, -0.15, -0.15, -0.15, -0.15, -0.15, -0.15, -0.15, -0.93, -0.15, -0.15, 
-0.15, -0.15, -0.15, -0.22, -0.93, -0.15, -0.15, -0.15, -0.15, -0.15, -0.15, -0.15, -0.15, -0.15, -0.15, -0.15, -0.15, -0.15, -0.15, -0.15, -0.15, -0.15, -0.15, -0.15, -0.15, -0.15, -0.15, -0.15, 
-0.15, -0.15, -0.15, -0.22, -0.15, -0.15, -0.15, -0.15, -0.15, -0.15, -0.15, -0.15, -0.15, -0.22, -0.15, -0.15, -0.15, -0.15, -0.15, -0.15, -0.15, -0.15, -0.15, -0.15, -0.15, -0.15, -0.15, -0.15, 
-0.15, -0.15, -0.15, -0.15, -0.15, -0.15, -0.15, -0.15, -0.15, -0.15, -0.15, -0.15, -0.15, -0.15, -0.22, -0.15, -0.15, -0.15, -0.15, -0.15, -0.15, -0.15, -0.15, -0.15, -0.15, -0.15, -0.15, -0.15, 
-0.15, -0.15, -0.15, -0.15, -0.15, -0.15, -0.15, -0.15, -0.15, -0.15, -0.15, -0.15, -0.15, -0.15, -0.15, -0.15, -0.15, -1.00, -0.15, -0.15, -0.15, -0.15, -0.15, -0.15, -0.15, -0.22, -0.15, -0.15, 
-0.15, -0.15, -0.15, -0.15, -0.15, -0.15, -0.15, -0.15, -0.15, -0.15, -0.15, -0.15, -0.15, -0.15, -0.15, -0.15, -0.93, -0.15, -0.93, -0.15, -0.15, -0.15, -0.15, -0.15, -0.15, -0.15, -0.15, -0.15, 
-0.15, -0.15, -0.15, -0.15, -0.15, -0.15, -0.15, -0.15, -0.15, -0.15, -0.15, -0.15, -0.15, -0.15, -0.15, -0.15, -0.15, -0.15, -0.15, -0.15, -0.15, -0.15, -0.15, -0.15, -0.15, -0.15, -0.15, -0.15, 
-0.15, -0.15, -0.15, -0.15, -0.15, -0.15, -0.15, -0.15, -0.15, -0.15, -0.15, -0.15, -0.15, -0.15, -0.15, -0.15, -0.15, -0.15, -0.93, -0.15, -0.15, -0.15, -0.15, -0.15, -0.15, -0.15, -0.15, -0.15, 
-0.15, -0.15, -0.15, -0.15, -0.15, -0.15, -0.15, -0.15, -0.15, -0.15, -0.15, -0.15, -0.15, -0.15, -0.93, -0.15, -0.15, -0.15, -0.15, -0.15, -0.15, -0.15, -0.15, -0.15, -0.15, -0.15, -0.15, -0.15, 
-0.15, -0.15, -0.15, -0.15, -0.15, -0.22, -0.15, -0.15, -0.15, -0.15, -0.15, -0.15, -0.15, -0.15, -0.15, -0.15, -0.15, -0.15, -0.15, -0.15, -0.15, -0.15, -0.15, -0.15, -0.15, -0.15, -0.15, -0.15, 
-0.15, -0.15, -0.15, -0.15, -0.15, -0.15, -0.15, -0.15, -0.15, -0.15, -0.15, -0.15, -0.15, -0.15, -0.15, -0.15, -0.15, -0.15, -0.15, -0.15, -0.15, -0.15, -0.15, -0.15, -0.15, -0.15, -0.15, -0.15, 
-0.15, -0.15, -0.15, -0.15, -0.15, -0.15, -0.15, -0.15, -0.15, -0.15, -0.15, -0.15, -0.15, -0.15, -0.15, -0.15, -0.15, -0.15, -0.15, -0.15, -0.15, -0.15, -0.15, -0.15, -0.15, -0.15, -0.15, -0.15, 
-0.15, -0.15, -0.15, -0.15, -0.15, -0.15, -0.15, -0.15, -0.15, -0.15, -0.15, -0.15, -0.15, -0.15, -0.15, -0.15, -0.15, -0.15, -0.15, -0.15, -0.15, -0.15, -0.15, -0.15, -0.15, -0.15, -0.15, -0.15, 
-0.15, -0.15, -0.15, -0.15, -0.15, -0.15, -0.15, -0.15, -0.15, -0.22, -0.15, -0.15, -0.15, -0.15, -0.15, -0.15, -0.15, -0.15, -0.15, -0.93, -0.15, -0.15, -0.15, -0.15, -0.15, -0.15, -0.15, -0.15, 
-0.15, -0.15, -0.15, -0.15, -0.15, -0.15, -0.15, -0.15, -0.15, -0.15, -0.15, -0.15, -0.15, -0.15, -0.15, -0.15, -0.15, -0.15, -0.15, -0.15, -0.15, -0.15, -0.15, -0.15, -0.15, -0.15, -0.15, -0.15, 
-0.15, -0.15, -0.15, -0.15, -0.15, -0.15, -0.15, -0.15, -0.15, -0.15, -0.15, -0.15, -0.15, -0.15, -0.15, -0.15, -0.15, -0.15, -0.15, -0.15, -0.15, -0.15, -0.15, -0.15, -0.15, -0.15, -0.15, -0.15, 
-0.15, -0.15, -0.15, -0.15, -0.15, -0.15, -0.15, -0.15, -0.15, -0.15, -0.15, -0.15, -0.15, -0.15, -0.15, -0.15, -0.15, -0.15, -0.15, -0.15, -0.15, -0.15, -0.15, -0.15, -0.15, -0.15, -0.15, -0.15, 
-- optimal policy --
v  r  r  r  r  v  r  r  v  r  r  v  v  r  r  v  >  r  r  v  r  r  r  r  r  v  v  v  
r  v  r  r  v  r  v  r  r  v  r  v  l  l  r  r  v  >  r  r  v  >  r  r  >  r  v  l  
>  r  v  r  r  v  r  v  r  r  v  r  v  l  >  r  r  v  >  r  v  r  >  r  r  >  v  <  
r  >  r  v  r  r  v  r  r  r  r  v  l  v  l  >  r  v  l  >  r  r  r  >  r  v  l  v  
r  r  >  r  v  >  r  v  r  r  r  r  v  l  v  l  >  r  r  v  >  r  r  v  >  r  v  l  
r  r  >  >  r  r  >  r  v  r  v  v  r  v  l  r  r  >  r  r  r  >  r  v  r  >  v  <  
>  r  R  r  r  r  r  v  r  v  r  v  v  l  v  r  r  r  >  r  r  v  >  r  v  v  l  l  
r  >  r  r  r  r  r  v  l  r  v  r  v  v  l  v  r  r  r  r  r  v  r  >  r  v  l  l  
r  r  >  r  r  r  >  r  r  v  r  r  r  v  v  v  v  r  r  v  r  r  v  v  >  l  <  l  
r  r  r  >  r  r  r  r  r  r  r  r  v  r  v  v  l  v  r  r  v  >  r  v  v  v  l  l  
>  r  r  r  >  r  r  r  r  r  r  r  r  v  r  v  r  v  r  v  l  v  >  r  v  l  l  l  
r  >  r  >  R  r  r  r  r  r  r  r  r  r  v  r  v  v  l  r  r  v  v  >  l  <  <  v  
r  r  >  R  r  r  r  r  >  r  >  r  r  v  r  r  r  v  l  >  r  v  v  l  l  L  v  l  
r  >  R  >  >  r  r  r  r  >  r  r  r  r  r  r  v  r  v  r  >  r  v  l  l  v  l  l  
>  R  >  R  r  >  r  r  r  r  >  r  >  r  r  r  r  v  r  v  r  >  l  <  v  l  l  l  
R  >  R  r  >  r  >  r  r  r  r  r  r  >  r  r  r  r  v  r  v  r  v  v  v  l  l  l  
>  R  r  >  r  >  r  >  r  r  r  r  r  r  >  r  r  >  r  v  l  v  r  v  l  l  <  l  
R  R  r  r  >  r  >  r  >  r  r  r  r  r  r  >  r  r  >  r  v  v  l  l  <  l  l  l  
R  r  r  >  r  >  R  >  r  r  >  r  r  r  r  r  >  r  r  r  v  l  l  ^  L  <  <  l  
>  r  >  r  >  R  >  r  >  >  r  >  r  >  r  >  r  >  r  >  l  <  l  l  ^  L  L  <  
r  r  r  >  R  r  r  >  r  >  >  r  >  r  >  R  >  r  >  R  ^  L  <  l  l  ^  L  L  
>  >  >  R  >  >  >  >  >  >  >  >  >  >  R  >  R  >  R  ^  L  ^  L  <  <  <  ^  L  
Correct actions (%) : 11.76
Avg angular diffs   : 102.71
