arguments: 27 39 1 0.390391 -0.346665 0.128789 -0.134155

Initializing gridworld of size 28 by 22..
    Num states: 616
    Num actions: 8
recovered reward
-0.13, -0.13, -0.13, -0.13, -0.13, -0.13, -0.13, -0.13, -0.13, -0.13, -0.13, -0.13, -0.13, -0.13, -0.13, -0.13, -0.13, -0.13, -0.13, -0.13, -0.13, -0.13, -0.13, -0.13, -0.13, -0.13, -0.13, -0.13, 
-0.13, -0.13, -0.13, -0.13, -0.13, -0.13, -0.13, -0.13, -0.13, -0.13, -0.13, -0.13, -0.13, -0.13, -0.13, -0.13, -0.13, -0.13, -0.13, -0.13, -0.13, -0.13, -0.13, -0.13, -0.13, -0.13, -0.13, -0.13, 
-0.13, -0.13, -0.13, -0.13, -0.13, -0.13, -0.13, -0.13, -0.13, -0.13, -0.13, -0.13, -0.13, -0.13, -0.13, -0.13, -0.13, -0.13, -0.13, -0.13, -0.13, -0.13, -0.13, -0.13, -0.13, -0.13, -0.13, -0.13, 
-0.13, -0.13, -0.13, -0.13, -0.13, -0.13, -0.13, -0.13, -0.13, -0.13, -0.13, -0.13, -0.13, -0.13, -0.13, -0.13, -0.13, -0.13, -0.13, -0.13, -0.13, -0.13, -0.13, -0.13, -0.13, -0.13, -0.13, -0.13, 
-0.13, -0.13, -0.13, -0.13, -0.13, -0.13, -0.13, -0.13, -0.13, -0.13, -0.13, -0.13, -0.13, -0.13, -0.13, -0.13, -0.13, -0.13, -0.13, -0.13, -0.13, -0.13, -0.13, -0.13, -0.13, -0.13, -0.13, -0.13, 
-0.13, -0.13, -0.13, -0.13, -0.13, -0.13, -0.13, -0.13, -0.13, -0.13, -0.13, -0.13, -0.13, -0.13, -0.13, -0.13, -0.13, -0.13, -0.13, -0.13, -0.13, -0.13, -0.13, -0.13, -0.13, -0.13, -0.13, -0.13, 
-0.13, -0.13, -0.13, -0.13, -0.13, -0.13, -0.13, -0.13, -0.13, -0.13, -0.13, -0.13, -0.13, -0.13, -0.13, -0.13, -0.13, -0.13, -0.13, -0.13, -0.13, -0.13, -0.13, -0.13, -0.13, -0.13, -0.13, -0.13, 
-0.13, -0.13, -0.13, -0.13, -0.13, -0.13, -0.13, -0.13, -0.13, -0.13, -0.13, -0.13, -0.13, -0.13, -0.13, -0.13, -0.13, -0.13, -0.13, -0.13, -0.13, -0.13, -0.13, -0.13, -0.13, -0.13, -0.13, -0.13, 
-0.13, -0.13, -0.13, -0.13, -0.13, -0.13, -0.13, -0.13, -0.13, -0.13, -0.13, -0.13, -0.13, -0.13, -0.13, -0.13, -0.13, -0.13, -0.13, -0.13, -0.13, -0.13, -0.13, -0.13, -0.13, -0.13, -0.13, -0.13, 
-0.13, -0.13, -0.13, -0.13, -0.13, -0.13, -0.13, -0.13, -0.13, -0.13, -0.13, -0.13, -0.13, -0.13, -0.13, -0.13, -0.13, -0.13, -0.13, -0.13, -0.13, -0.13, -0.13, -0.13, -0.13, -0.13, -0.13, -0.13, 
-0.13, -0.13, -0.13, -0.13, -0.13, -0.13, -0.13, -0.13, -0.13, -0.13, -0.13, -0.13, -0.13, -0.13, -0.13, -0.13, -0.13, -0.13, -0.13, -0.13, -0.13, -0.13, -0.13, -0.13, -0.13, -0.13, -0.13, -0.13, 
-0.13, -0.13, -0.13, -0.13, -0.13, -0.13, -0.13, -0.13, -0.13, -0.13, -0.13, -0.13, -0.13, -0.13, -0.13, -0.13, -0.13, -0.13, -0.13, -0.13, -0.13, -0.13, -0.13, -0.13, -0.13, -0.13, -0.13, -0.13, 
-0.13, -0.13, -0.13, -0.13, -0.13, -0.13, -0.13, -0.13, -0.13, -0.13, -0.13, -0.13, -0.13, -0.13, -0.13, -0.13, -0.13, -0.13, -0.13, -0.13, -0.13, -0.13, -0.13, -0.13, -0.13, -0.13, -0.13, -0.13, 
-0.13, -0.13, -0.13, -0.13, -0.13, -0.13, -0.13, -0.13, -0.13, -0.13, -0.13, -0.13, -0.13, -0.13, -0.13, -0.13, -0.13, -0.13, -0.13, -0.13, -0.13, -0.13, -0.13, -0.13, -0.13, -0.13, -0.13, -0.13, 
-0.13, -0.13, -0.13, -0.13, -0.13, -0.13, -0.13, -0.13, -0.13, -0.13, -0.13, -0.13, -0.13, -0.13, -0.13, -0.13, -0.13, -0.13, -0.13, -0.13, -0.13, -0.13, -0.13, -0.13, -0.13, -0.13, -0.13, -0.13, 
-0.13, -0.13, -0.13, -0.13, -0.13, -0.13, -0.13, -0.13, -0.13, -0.13, -0.13, -0.13, -0.13, -0.13, -0.13, -0.13, -0.13, -0.13, -0.13, -0.13, -0.13, -0.13, -0.13, -0.13, -0.13, -0.13, -0.13, -0.13, 
-0.13, -0.13, -0.13, -0.13, -0.13, -0.13, -0.13, -0.13, -0.13, -0.13, -0.13, -0.13, -0.13, -0.13, -0.13, -0.13, -0.13, -0.13, -0.13, -0.13, -0.13, -0.13, -0.13, -0.13, -0.13, -0.13, -0.13, -0.13, 
-0.13, -0.13, -0.13, -0.13, -0.13, -0.13, -0.13, -0.13, -0.13, -0.13, -0.13, -0.13, -0.13, -0.13, -0.13, -0.13, -0.13, -0.13, -0.13, -0.13, -0.13, -0.13, -0.13, -0.13, -0.13, -0.13, -0.13, -0.13, 
-0.13, -0.13, -0.13, -0.13, -0.13, -0.13, -0.13, -0.13, -0.13, -0.13, -0.13, -0.13, -0.13, -0.13, -0.13, -0.13, -0.13, -0.13, -0.13, -0.13, -0.13, -0.13, -0.13, -0.13, -0.13, -0.13, -0.13, -0.13, 
-0.13, -0.13, -0.13, -0.13, -0.13, -0.13, -0.13, -0.13, -0.13, -0.13, -0.13, -0.13, -0.13, -0.13, -0.13, -0.13, -0.13, -0.13, -0.13, -0.13, -0.13, -0.13, -0.13, -0.13, -0.13, -0.13, -0.13, -0.13, 
-0.13, -0.13, -0.13, -0.13, -0.13, -0.13, -0.13, -0.13, -0.13, -0.13, -0.13, -0.13, -0.13, -0.13, -0.13, -0.13, -0.13, -0.13, -0.13, -0.13, -0.13, -0.13, -0.13, -0.13, -0.13, -0.13, -0.13, -0.13, 
-0.13, -0.13, -0.13, -0.13, -0.13, -0.13, -0.13, -0.13, -0.13, -0.13, -0.13, -0.13, -0.13, -0.13, -0.13, -0.13, -0.13, -0.13, -0.13, -0.13, -0.13, -0.13, -0.13, -0.13, -0.13, -0.13, -0.13, -0.13, 
-- optimal policy --
>  ^  ^  R  L  <  R  L  <  >  R  <  >  R  <  R  <  L  >  R  L  <  ^  L  R  <  r  v  
R  l  L  ^  ^  L  R  ^  L  R  ^  L  R  ^  L  ^  L  ^  ^  ^  L  L  ^  ^  ^  L  >  >  
l  ^  L  v  v  v  l  <  r  v  r  v  r  v  v  >  >  r  v  v  r  v  >  >  r  R  R  ^  
L  <  v  v  v  l  <  L  >  r  v  r  v  r  v  >  >  >  r  v  v  r  R  >  >  r  v  v  
^  L  r  v  l  <  L  >  >  >  r  >  r  >  r  v  R  >  >  r  v  v  r  v  >  >  v  l  
r  v  v  l  <  L  v  v  >  >  >  >  >  >  >  r  v  >  >  >  r  v  v  r  v  >  r  v  
r  >  l  ^  L  v  v  v  v  R  ^  R  R  R  R  >  r  >  >  >  >  r  v  >  r  v  >  r  
v  l  ^  L  v  v  v  v  v  v  r  v  r  v  v  >  >  >  >  >  >  >  r  >  >  r  v  r  
l  <  L  v  v  v  v  v  v  v  v  r  v  r  v  R  ^  R  R  >  >  >  >  >  >  >  >  v  
^  L  v  v  v  v  v  v  v  v  v  >  r  v  r  v  v  r  R  R  R  ^  ^  R  R  R  ^  r  
l  <  v  v  v  v  v  v  v  v  l  v  >  r  v  v  l  >  r  v  v  >  >  >  r  v  R  ^  
^  L  v  v  v  v  v  v  v  l  v  v  v  >  v  l  <  >  >  >  r  R  R  R  >  r  v  l  
v  v  v  v  v  v  v  v  l  v  v  v  v  v  l  <  L  >  >  >  >  >  >  >  >  >  r  v  
v  v  v  v  v  v  l  l  v  v  v  v  v  v  l  L  v  v  R  ^  ^  R  R  R  R  R  ^  r  
v  v  v  v  v  l  v  v  v  v  v  v  v  l  v  l  r  v  v  v  v  v  >  >  >  r  R  ^  
r  v  v  v  l  <  v  v  v  v  v  v  l  v  l  v  v  r  v  v  v  v  v  R  R  >  r  v  
v  r  v  l  <  v  v  v  v  v  v  l  <  l  v  v  v  v  r  v  v  v  v  v  >  >  >  v  
v  v  l  <  v  l  r  v  v  v  l  <  v  v  v  v  v  v  v  r  v  v  v  v  v  >  >  r  
v  l  ^  L  r  v  v  r  v  l  <  L  v  v  v  v  v  v  v  v  l  r  v  v  v  R  R  ^  
<  <  v  v  v  r  v  v  l  <  v  v  v  v  v  l  r  v  v  v  l  >  r  v  l  <  R  ^  
^  v  l  v  l  >  r  r  ^  v  v  l  v  v  l  <  >  r  v  l  <  >  >  v  <  L  <  ^  
>  r  <  l  <  R  ^  r  r  >  l  <  l  l  <  L  >  >  r  <  L  R  R  r  <  <  L  L  
