arguments: 27 11 1 -0.0665314 -0.780659 0.000573686 -0.152236
loading features...

Initializing gridworld of size 28 by 22..
    Num states: 616
    Num actions: 8
recovered reward
-0.15, -0.93, -0.15, -0.15, -0.15, -0.15, -0.15, -0.15, -0.15, -0.15, -0.15, -0.15, -0.15, -0.15, -0.15, -0.15, -0.15, -0.15, -0.15, -0.15, -0.15, -0.15, -0.15, -0.15, -0.15, -0.15, -0.15, -0.15, 
-0.15, -0.15, -0.15, -0.15, -0.15, -0.22, -0.93, -0.15, -0.15, -0.15, -0.15, -0.15, -0.15, -0.15, -0.15, -0.15, -0.15, -0.15, -0.15, -0.93, -0.15, -0.15, -0.15, -0.15, -0.15, -0.15, -0.15, -0.15, 
-0.15, -0.15, -0.22, -0.15, -0.15, -0.15, -0.93, -0.15, -0.15, -0.15, -0.15, -0.15, -0.15, -0.15, -0.15, -0.15, -0.15, -0.15, -0.15, -0.15, -0.22, -0.15, -0.15, -0.15, -0.15, -0.15, -0.15, -0.15, 
-0.15, -0.15, -0.15, -0.15, -0.15, -0.15, -0.15, -0.15, -0.15, -0.15, -0.15, -0.15, -0.15, -0.15, -0.15, -0.15, -0.15, -0.15, -0.15, -0.15, -0.15, -0.15, -0.15, -0.15, -0.15, -0.15, -0.15, -0.15, 
-0.15, -0.15, -0.15, -0.15, -0.15, -0.15, -0.15, -0.15, -0.15, -0.15, -0.15, -0.15, -0.15, -0.15, -0.15, -0.15, -0.15, -0.15, -0.15, -0.15, -0.15, -0.22, -0.15, -0.15, -0.15, -0.15, -0.15, -0.15, 
-0.15, -0.15, -0.15, -0.15, -0.15, -0.15, -0.15, -0.15, -0.15, -0.15, -0.15, -0.15, -0.15, -0.15, -0.15, -0.15, -0.15, -0.15, -0.15, -0.15, -0.15, -0.22, -0.15, -0.15, -0.15, -0.15, -0.15, -0.15, 
-0.15, -0.15, -0.15, -0.15, -0.15, -0.15, -0.15, -0.15, -0.15, -0.15, -0.15, -0.93, -0.15, -0.15, -0.15, -0.15, -0.15, -0.15, -0.15, -0.15, -0.15, -0.15, -0.15, -0.15, -0.15, -0.15, -0.15, -0.15, 
-0.15, -0.15, -0.15, -0.15, -0.15, -0.15, -0.15, -0.15, -0.15, -0.15, -0.15, -0.15, -0.15, -0.15, -0.15, -0.15, -0.15, -0.15, -0.15, -0.15, -0.15, -0.93, -0.15, -0.15, -0.15, -0.15, -0.15, -0.15, 
-0.15, -0.15, -0.15, -0.15, -0.15, -0.15, -0.15, -0.22, -0.15, -0.15, -0.15, -0.15, -0.15, -0.15, -0.15, -0.15, -0.15, -0.15, -0.15, -0.15, -0.22, -0.15, -0.15, -0.15, -0.15, -0.15, -0.15, -0.15, 
-0.15, -0.15, -0.15, -0.15, -0.15, -0.15, -0.15, -0.15, -0.15, -0.15, -0.15, -0.15, -0.15, -0.15, -0.15, -0.15, -0.15, -0.15, -0.15, -0.15, -0.15, -0.15, -0.15, -0.15, -0.15, -0.15, -0.15, -0.15, 
-0.15, -0.15, -0.15, -0.15, -0.15, -0.15, -0.15, -0.15, -0.15, -0.22, -0.15, -0.15, -0.15, -0.15, -0.15, -0.15, -0.15, -0.15, -0.15, -0.15, -0.15, -0.15, -0.15, -0.15, -0.15, -0.15, -0.15, -0.15, 
-0.15, -0.15, -0.15, -0.15, -0.15, -0.15, -0.15, -0.15, -0.15, -0.15, -0.15, -0.15, -0.15, -0.15, -0.15, -0.15, -0.93, -0.15, -0.15, -0.15, -0.15, -0.15, -0.15, -0.15, -0.15, -0.15, -0.15, -0.15, 
-0.15, -0.15, -0.15, -0.15, -0.15, -0.15, -0.15, -0.15, -0.15, -0.15, -0.15, -0.15, -0.15, -0.15, -0.93, -0.15, -0.15, -0.15, -0.15, -0.15, -0.15, -0.15, -0.15, -0.15, -0.15, -0.15, -0.15, -0.15, 
-0.15, -0.15, -0.15, -0.15, -0.15, -0.15, -0.15, -0.15, -0.15, -0.15, -0.15, -0.15, -0.15, -0.15, -0.15, -0.15, -0.15, -0.15, -0.15, -0.15, -0.15, -0.15, -0.15, -0.15, -0.15, -0.22, -0.15, -0.15, 
-0.15, -0.15, -0.15, -0.15, -0.15, -0.15, -0.15, -0.15, -0.15, -0.15, -0.15, -0.15, -0.15, -0.15, -0.15, -0.15, -0.15, -0.15, -0.15, -0.15, -0.15, -0.15, -0.15, -0.15, -0.15, -0.15, -0.15, -0.15, 
-0.15, -0.15, -0.15, -0.15, -0.15, -0.15, -0.15, -0.15, -0.15, -0.15, -0.15, -0.15, -0.15, -0.15, -0.15, -0.15, -0.15, -0.15, -0.15, -0.15, -0.15, -0.15, -0.22, -0.15, -0.15, -0.15, -0.15, -0.15, 
-0.15, -0.15, -0.15, -0.15, -0.15, -0.15, -0.15, -0.15, -0.15, -0.15, -0.15, -0.15, -0.15, -0.15, -0.15, -0.15, -0.15, -0.15, -0.15, -0.15, -0.15, -0.22, -0.15, -0.93, -0.15, -0.15, -0.15, -0.15, 
-0.15, -0.15, -0.15, -0.15, -0.15, -0.15, -0.15, -0.15, -0.15, -0.15, -0.15, -0.15, -0.15, -0.15, -0.15, -0.15, -0.15, -0.15, -0.15, -0.15, -0.15, -0.15, -0.15, -0.15, -0.15, -0.15, -0.15, -0.15, 
-0.15, -0.15, -0.15, -0.15, -0.15, -0.15, -0.15, -0.22, -0.15, -0.15, -0.15, -0.15, -0.15, -0.15, -0.15, -0.93, -0.15, -0.15, -0.15, -0.15, -0.15, -0.15, -0.15, -0.15, -0.15, -0.15, -0.15, -0.15, 
-0.15, -0.15, -0.15, -0.15, -0.15, -0.15, -0.15, -0.15, -0.15, -0.15, -0.15, -0.15, -0.15, -0.15, -0.15, -0.93, -0.15, -0.15, -0.15, -0.93, -0.15, -0.15, -0.15, -0.15, -0.15, -0.15, -0.15, -0.15, 
-0.15, -0.15, -0.15, -0.15, -0.15, -0.15, -0.15, -0.15, -0.15, -0.15, -0.15, -0.15, -0.15, -0.15, -0.15, -0.15, -0.15, -0.15, -0.15, -0.15, -0.15, -0.15, -0.15, -0.15, -0.15, -0.15, -0.15, -0.15, 
-0.15, -0.15, -0.15, -0.15, -0.15, -0.15, -0.15, -0.15, -0.15, -0.15, -0.15, -0.15, -0.15, -0.15, -0.15, -0.15, -0.15, -0.15, -0.15, -0.15, -0.15, -0.15, -0.15, -0.15, -0.15, -0.15, -0.15, -0.15, 
-- optimal policy --
r  r  r  r  >  >  >  >  r  >  >  r  >  r  r  >  >  >  >  >  >  r  >  >  r  v  l  <  
>  >  r  r  r  R  R  R  >  r  >  >  r  >  r  r  R  R  R  R  R  >  >  >  >  ^  <  L  
r  R  >  r  r  r  r  R  R  r  r  R  >  r  >  >  R  R  >  R  R  R  R  R  R  ^  L  L  
r  r  R  >  >  r  >  R  r  >  r  r  r  >  r  R  R  R  R  >  R  R  R  R  ^  R  ^  L  
>  r  r  R  >  >  R  ^  >  >  >  r  r  r  >  r  R  R  R  R  R  R  R  ^  >  ^  <  L  
R  >  r  r  R  R  ^  r  r  R  R  >  r  r  v  >  R  R  R  R  r  R  R  R  R  ^  L  <  
R  R  >  >  R  R  r  r  r  r  R  >  >  >  R  R  R  R  R  >  >  >  r  R  ^  L  ^  L  
R  R  R  R  r  r  v  r  >  >  r  R  R  R  ^  R  R  R  R  R  R  R  >  ^  <  ^  L  ^  
R  R  R  r  >  >  r  v  r  r  >  r  R  ^  R  R  R  R  R  R  >  R  R  ^  L  <  ^  L  
R  R  >  >  >  >  >  r  v  r  >  >  ^  <  R  R  >  >  >  >  R  R  ^  ^  ^  L  <  L  
R  R  R  R  R  R  >  >  r  r  v  R  ^  L  R  R  R  R  R  R  R  ^  ^  >  ^  <  L  <  
R  R  R  R  R  R  R  R  >  >  R  <  ^  R  R  R  R  R  R  R  ^  R  R  R  ^  L  <  L  
R  R  r  r  R  R  R  R  R  R  ^  L  R  R  R  >  R  R  R  ^  R  R  R  ^  ^  ^  L  L  
R  R  >  >  >  >  R  R  R  ^  ^  L  R  >  R  R  R  R  R  R  R  R  >  ^  <  ^  ^  L  
R  R  R  R  R  R  R  R  >  R  r  v  R  R  R  R  R  R  R  R  R  R  R  ^  L  <  ^  ^  
R  R  R  R  R  R  R  R  R  ^  >  r  v  R  R  R  R  R  R  R  R  R  ^  ^  ^  L  <  ^  
R  >  R  R  R  R  R  R  ^  >  >  >  R  R  R  ^  R  R  R  R  R  ^  R  R  ^  ^  L  <  
R  R  R  R  R  R  R  ^  R  R  R  R  ^  R  ^  r  R  R  R  R  ^  R  ^  R  ^  L  ^  L  
R  R  R  R  R  R  ^  R  R  R  R  >  r  v  l  r  v  R  R  ^  >  R  <  R  ^  L  L  ^  
R  R  R  R  R  ^  >  R  R  R  R  >  >  >  r  >  R  R  ^  R  R  ^  L  <  L  L  L  ^  
R  R  R  R  ^  R  R  R  R  R  R  R  R  ^  >  R  ^  L  >  R  R  R  ^  L  <  L  L  ^  
R  R  R  R  R  R  R  R  >  R  R  R  ^  R  R  ^  L  R  R  R  R  ^  R  ^  L  <  L  ^  
Correct actions (%) : 9.09
Avg angular diffs   : 116.88
