arguments: 27 25 3 0.249312 0.351439 0.349186 -0.0500626
loading features...

Initializing gridworld of size 28 by 22..
    Num states: 616
    Num actions: 8
recovered reward
-0.05, -0.05, -0.05, -0.05, -0.05, -0.05, -0.05, -0.05, -0.05, -0.05, -0.05, -0.05, -0.05, -0.05, -0.05, -0.05, -0.05, -0.05, -0.05, -0.05, -0.05, -0.05, -0.05, -0.05, -0.05, -0.05, -0.05, -0.05, 
-0.05, -0.05, -0.05, -0.05, -0.05, -0.05, -0.05, -0.05, -0.05, -0.05, -0.05, -0.05, -0.05, -0.03, 0.04, -0.03, -0.05, -0.05, -0.05, -0.05, -0.05, -0.05, -0.05, -0.05, -0.05, 0.72, -0.05, -0.05, 
-0.05, -0.05, -0.05, -0.05, -0.05, -0.05, -0.05, -0.05, -0.05, -0.05, -0.05, -0.05, -0.05, 0.04, 0.62, 0.04, -0.05, -0.05, -0.05, -0.05, -0.05, -0.03, 0.04, -0.03, -0.05, -0.05, -0.05, -0.05, 
-0.05, -0.05, -0.05, -0.05, -0.05, -0.05, -0.05, -0.05, 0.01, 0.07, 0.01, 0.23, -0.05, -0.03, 0.04, -0.03, 0.32, 0.04, -0.03, -0.05, -0.05, 0.04, 0.30, 0.77, -0.05, -0.05, -0.05, -0.05, 
-0.05, 0.01, 0.07, 0.01, -0.05, -0.05, -0.05, -0.05, 0.07, 0.44, 0.07, -0.05, -0.05, -0.05, -0.05, -0.05, 0.04, 0.30, 0.04, -0.05, -0.05, -0.03, 0.04, -0.03, -0.05, -0.05, -0.05, -0.05, 
-0.05, 0.07, 0.20, 0.07, -0.05, -0.05, -0.05, -0.05, 0.01, 0.07, 0.01, -0.05, -0.05, -0.05, -0.05, -0.05, -0.03, 0.04, -0.03, -0.05, -0.05, -0.05, -0.05, -0.05, -0.05, -0.05, -0.05, -0.05, 
-0.05, 0.01, 0.07, 0.01, -0.05, -0.05, -0.05, 0.16, -0.05, -0.05, -0.05, -0.05, -0.05, -0.05, 0.01, 0.07, 0.40, -0.05, -0.05, -0.05, -0.05, -0.05, -0.03, 0.74, -0.03, -0.05, -0.05, -0.05, 
-0.05, -0.05, -0.05, -0.05, -0.05, -0.05, -0.05, -0.05, -0.03, 0.04, -0.03, 0.04, -0.03, -0.05, 0.07, 0.20, 0.07, -0.05, -0.05, -0.05, -0.05, -0.05, 0.04, 0.30, 0.04, -0.05, -0.05, -0.05, 
-0.05, -0.05, -0.05, 0.01, 0.07, 0.01, -0.05, -0.05, 0.04, 0.30, 0.04, 0.30, 0.04, -0.05, 0.01, 0.07, 0.01, -0.05, -0.05, -0.05, -0.05, -0.05, -0.03, 0.04, -0.03, -0.05, -0.05, -0.05, 
-0.05, -0.05, -0.05, 0.07, 0.20, 0.07, 0.19, 0.07, 0.03, 0.04, -0.03, 0.04, -0.03, -0.05, -0.05, -0.05, 0.37, -0.05, -0.05, -0.05, -0.05, -0.05, 0.61, -0.05, -0.05, -0.05, -0.05, -0.05, 
-0.05, -0.05, -0.05, 0.01, 0.07, 0.01, 0.07, 0.20, 0.07, -0.05, -0.05, -0.05, -0.05, -0.05, -0.05, -0.05, -0.05, -0.05, -0.03, 0.04, -0.03, -0.05, -0.05, -0.05, -0.05, -0.05, -0.05, -0.05, 
-0.05, -0.05, -0.03, 0.04, -0.03, -0.05, 0.01, 0.07, 0.01, 0.09, 0.10, -0.03, -0.05, -0.05, -0.05, -0.05, -0.05, -0.05, 0.04, 0.36, 0.16, 0.01, -0.05, -0.05, -0.05, -0.05, -0.05, -0.05, 
-0.05, -0.05, 0.04, 0.30, 0.18, -0.05, -0.05, -0.05, 0.07, 0.29, 0.43, 0.04, -0.05, -0.05, 0.40, -0.05, -0.05, -0.05, -0.03, 0.16, 0.22, 0.07, -0.05, -0.05, -0.03, 0.04, -0.03, -0.05, 
-0.05, -0.05, -0.03, 0.04, -0.03, -0.05, -0.05, -0.05, 0.03, 0.16, 0.03, -0.03, -0.05, -0.05, -0.05, -0.05, -0.05, -0.03, 0.04, 0.03, 0.07, 0.64, -0.05, -0.05, 0.04, 0.30, 0.04, -0.05, 
-0.05, -0.05, -0.05, 0.05, -0.05, -0.05, -0.05, -0.05, 0.04, 0.30, 0.04, 0.01, 0.07, 0.01, 0.07, 0.01, -0.05, 0.04, 0.30, 0.04, -0.05, -0.05, -0.05, -0.05, -0.03, 0.04, -0.03, -0.05, 
-0.05, -0.05, -0.05, -0.05, -0.05, -0.05, -0.05, -0.05, -0.03, 0.04, -0.03, 0.07, 0.20, 0.07, 0.20, 0.56, -0.05, -0.03, 0.04, -0.03, 0.61, 0.07, 0.01, -0.05, -0.05, -0.05, -0.05, -0.05, 
-0.05, 0.02, -0.05, -0.05, -0.05, -0.05, 0.01, 0.07, 0.01, -0.05, -0.05, 0.01, 0.07, 0.01, 0.07, 0.01, 0.07, 0.01, -0.05, -0.05, 0.07, 0.20, 0.07, -0.05, -0.05, -0.05, -0.05, -0.05, 
-0.05, -0.05, -0.05, -0.05, -0.05, -0.05, 0.07, 0.20, 0.07, -0.05, -0.05, -0.05, -0.05, -0.05, -0.05, 0.07, 0.20, 0.07, -0.05, -0.05, 0.01, 0.07, 0.01, -0.05, -0.05, -0.05, -0.05, -0.05, 
-0.05, -0.05, -0.05, -0.05, -0.05, -0.05, 0.01, 0.07, 0.01, -0.05, -0.05, -0.05, -0.05, -0.05, -0.05, 0.54, 0.07, 0.01, 0.51, -0.05, -0.05, -0.05, -0.05, -0.05, -0.05, -0.05, -0.05, -0.05, 
-0.02, -0.05, -0.05, -0.05, -0.05, -0.05, -0.05, -0.05, -0.05, -0.05, -0.05, -0.05, -0.05, -0.05, -0.05, -0.05, -0.05, -0.05, -0.05, -0.05, -0.05, -0.05, -0.05, -0.05, -0.05, -0.05, -0.05, -0.05, 
-0.05, -0.05, -0.05, -0.05, -0.05, -0.05, -0.05, -0.05, -0.05, -0.05, -0.05, -0.05, -0.05, -0.05, -0.05, -0.05, -0.05, -0.05, -0.05, -0.05, -0.05, -0.05, -0.05, -0.05, -0.05, -0.05, -0.05, -0.05, 
-0.05, -0.05, -0.05, -0.05, -0.05, -0.05, -0.05, -0.05, -0.05, -0.05, -0.05, -0.05, -0.05, -0.05, -0.05, -0.05, -0.05, -0.05, -0.05, -0.05, -0.05, -0.05, -0.05, -0.05, -0.05, -0.05, -0.05, -0.05, 
-- optimal policy --
v  v  r  >  r  r  r  v  r  r  r  r  r  r  v  l  l  r  r  r  r  v  l  >  r  v  l  l  
r  v  v  r  >  r  r  r  v  r  r  r  r  r  v  l  l  l  r  r  r  r  v  l  >  l  <  <  
r  v  v  v  r  >  r  r  r  v  r  r  >  >  v  <  v  l  r  r  r  r  r  v  l  ^  L  <  
r  r  v  l  r  r  >  r  r  v  l  >  R  R  ^  L  r  <  l  r  >  >  >  <  <  <  ^  L  
r  r  v  l  l  r  r  >  >  v  <  R  R  R  ^  R  ^  L  <  >  R  R  R  ^  L  <  L  ^  
>  >  r  <  l  r  r  R  R  ^  L  L  R  R  r  r  R  ^  L  R  R  R  r  v  l  L  <  <  
R  R  r  r  r  r  >  R  R  ^  L  L  l  r  r  >  l  <  R  R  R  r  >  v  <  l  L  L  
R  r  r  r  r  v  l  ^  r  v  l  v  l  >  >  R  ^  L  R  R  r  >  R  ^  L  <  <  L  
r  >  r  r  r  r  v  l  >  v  <  v  <  R  R  r  v  l  v  r  >  R  R  ^  L  L  L  <  
r  r  >  >  >  >  r  v  l  l  v  v  l  l  R  >  r  r  r  v  R  >  R  <  L  L  L  L  
r  r  r  R  R  R  >  r  r  r  v  l  l  l  r  R  ^  r  r  v  l  R  ^  L  <  L  L  L  
>  r  r  v  l  R  R  r  r  r  v  l  l  r  v  l  r  >  >  r  v  l  l  ^  L  <  L  L  
r  >  >  >  <  R  R  >  >  >  <  <  <  >  v  <  r  R  R  >  r  v  l  l  ^  L  l  L  
>  R  R  ^  L  L  >  R  R  R  ^  L  L  r  v  l  l  r  R  R  >  L  <  <  <  ^  <  <  
R  R  R  ^  L  >  R  R  R  ^  L  L  r  r  r  v  l  >  >  r  R  ^  L  <  L  ^  L  L  
R  R  R  ^  L  R  R  R  R  ^  L  >  >  >  >  <  <  R  R  >  r  <  l  L  <  L  L  L  
R  R  ^  ^  >  r  >  R  R  ^  L  R  R  R  R  ^  L  l  R  R  ^  L  <  <  L  <  L  L  
R  ^  L  >  r  >  R  ^  L  L  R  R  R  R  r  v  l  <  R  R  R  ^  L  L  L  L  <  L  
^  L  r  r  >  R  R  ^  L  L  R  R  R  r  >  R  <  L  L  <  R  ^  L  L  L  L  L  <  
^  r  r  >  R  R  R  ^  L  L  R  R  r  >  R  ^  L  R  ^  L  <  ^  ^  L  L  L  L  L  
>  r  >  R  R  R  ^  R  ^  L  R  r  >  R  ^  L  ^  L  ^  L  L  <  L  L  L  L  L  L  
>  >  R  R  R  ^  R  ^  ^  R  >  >  R  R  ^  ^  L  ^  L  ^  L  L  <  ^  L  L  L  L  
Total actions tested : 35
Correct actions (%) : 11.43
Avg angular diffs   : 101.57
