arguments: 27 37 4 -0.0493388 -0.840793 0.00813835 -0.101729
loading features...

Initializing gridworld of size 28 by 22..
    Num states: 616
    Num actions: 8
recovered reward
-0.10, -0.10, -0.10, -0.10, -0.10, -0.10, -0.10, -0.10, -0.10, -0.10, -0.10, -0.10, -0.10, -0.10, -0.10, -0.10, -0.31, -0.52, -0.31, -0.11, -0.13, -0.11, -0.10, -0.10, -0.10, -0.10, -0.10, -0.10, 
-0.10, -0.10, -0.10, -0.10, -0.10, -0.10, -0.10, -0.10, -0.10, -0.10, -0.10, -0.10, -0.10, -0.10, -0.10, -0.10, -0.52, -0.94, -0.52, -0.13, -0.15, -0.13, -0.10, -0.10, -0.10, -0.10, -0.10, -0.10, 
-0.10, -0.10, -0.10, -0.10, -0.10, -0.10, -0.31, -0.52, -0.31, -0.10, -0.10, -0.10, -0.10, -0.10, -0.10, -0.10, -0.31, -0.52, -0.31, -0.11, -0.13, -0.11, -0.10, -0.10, -0.10, -0.10, -0.08, -0.10, 
-0.10, -0.10, -0.10, -0.10, -0.10, -0.10, -0.52, -0.94, -0.52, -0.10, -0.10, -0.10, -0.10, -0.31, -0.52, -0.31, -0.52, -0.31, -0.52, -0.31, -0.10, -0.10, -0.10, -0.10, -0.10, -0.10, -0.10, -0.10, 
-0.10, -0.10, -0.10, -0.10, -0.10, -0.11, -0.34, -0.53, -0.31, -0.10, -0.10, -0.10, -0.10, -0.52, -0.94, -0.52, -0.31, -0.52, -0.94, -0.52, -0.10, -0.10, -0.31, -0.52, -0.31, -0.10, -0.10, -0.10, 
-0.10, -0.10, -0.10, -0.10, -0.10, -0.13, -0.15, -0.12, -0.10, -0.10, -0.10, -0.10, -0.10, -0.31, -0.52, -0.31, -0.10, -0.31, -0.52, -0.31, -0.10, -0.10, -0.52, -0.94, -0.52, -0.10, -0.08, -0.10, 
-0.11, -0.13, -0.11, -0.10, -0.10, -0.11, -0.13, -0.11, -0.10, -0.10, -0.11, -0.13, -0.11, -0.09, -0.10, -0.10, -0.10, -0.10, -0.10, -0.10, -0.10, -0.10, -0.31, -0.52, -0.31, -0.10, -0.10, -0.10, 
-0.13, -0.15, -0.13, -0.10, -0.10, -0.10, -0.10, -0.10, -0.10, -0.10, -0.13, -0.15, -0.13, -0.10, -0.10, -0.10, -0.10, -0.10, -0.31, -0.52, -0.31, -0.10, -0.10, -0.10, -0.10, -0.10, -0.10, -0.10, 
-0.11, -0.13, -0.11, -0.10, -0.10, -0.10, -0.10, -0.10, -0.10, -0.10, -0.11, -0.13, -0.11, -0.13, -0.11, -0.11, -0.10, -0.10, -0.53, -0.97, -0.53, -0.10, -0.10, -0.10, -0.10, -0.09, -0.10, -0.10, 
-0.10, -0.11, -0.13, -0.11, -0.10, -0.10, -0.10, -0.10, -0.10, -0.10, -0.10, -0.10, -0.13, -0.15, -0.13, -0.13, -0.10, -0.10, -0.34, -0.57, -0.34, -0.10, -0.10, -0.10, -0.10, -0.10, -0.10, -0.10, 
-0.10, -0.13, -0.15, -0.13, -0.10, -0.10, -0.10, -0.10, -0.10, -0.10, -0.10, -0.10, -0.11, -0.13, -0.11, -0.11, -0.09, -0.10, -0.11, -0.34, -0.53, -0.31, -0.10, -0.10, -0.10, -0.10, -0.10, -0.11, 
-0.13, -0.11, -0.13, -0.11, -0.10, -0.10, -0.10, -0.10, -0.10, -0.10, -0.10, -0.10, -0.10, -0.10, -0.10, -0.31, -0.52, -0.31, -0.10, -0.52, -0.94, -0.52, -0.10, -0.10, -0.09, -0.10, -0.10, -0.13, 
-0.15, -0.13, -0.10, -0.10, -0.10, -0.10, -0.10, -0.10, -0.10, -0.10, -0.10, -0.10, -0.10, -0.10, -0.10, -0.52, -0.94, -0.52, -0.10, -0.31, -0.52, -0.31, -0.10, -0.10, -0.10, -0.10, -0.10, -0.11, 
-0.13, -0.11, -0.10, -0.10, -0.10, -0.10, -0.10, -0.10, -0.10, -0.10, -0.10, -0.10, -0.10, -0.31, -0.53, -0.34, -0.53, -0.30, -0.10, -0.10, -0.10, -0.10, -0.10, -0.10, -0.10, -0.10, -0.10, -0.10, 
-0.10, -0.10, -0.10, -0.10, -0.10, -0.10, -0.10, -0.31, -0.52, -0.31, -0.10, -0.10, -0.10, -0.52, -0.97, -0.57, -0.13, -0.10, -0.10, -0.10, -0.10, -0.10, -0.09, -0.10, -0.10, -0.10, -0.10, -0.10, 
-0.10, -0.10, -0.10, -0.10, -0.10, -0.10, -0.10, -0.52, -0.94, -0.52, -0.10, -0.10, -0.10, -0.31, -0.53, -0.34, -0.11, -0.10, -0.10, -0.10, -0.10, -0.10, -0.10, -0.10, -0.10, -0.10, -0.10, -0.10, 
-0.10, -0.10, -0.10, -0.10, -0.10, -0.10, -0.10, -0.31, -0.52, -0.31, -0.10, -0.10, -0.10, -0.11, -0.13, -0.11, -0.10, -0.09, -0.10, -0.10, -0.10, -0.10, -0.10, -0.10, -0.10, -0.10, -0.10, -0.10, 
-0.10, -0.10, -0.10, -0.10, -0.10, -0.10, -0.10, -0.10, -0.10, -0.10, -0.10, -0.10, -0.10, -0.13, -0.15, -0.13, -0.10, -0.10, -0.10, -0.10, -0.10, -0.31, -0.52, -0.30, -0.10, -0.10, -0.10, -0.10, 
-0.10, -0.10, -0.10, -0.10, -0.10, -0.10, -0.10, -0.10, -0.10, -0.10, -0.10, -0.10, -0.10, -0.11, -0.13, -0.11, -0.10, -0.10, -0.10, -0.10, -0.10, -0.52, -0.94, -0.52, -0.10, -0.10, -0.10, -0.10, 
-0.10, -0.10, -0.10, -0.10, -0.10, -0.10, -0.10, -0.10, -0.10, -0.10, -0.10, -0.10, -0.10, -0.10, -0.10, -0.10, -0.09, -0.10, -0.10, -0.10, -0.09, -0.31, -0.52, -0.31, -0.10, -0.10, -0.10, -0.10, 
-0.10, -0.10, -0.10, -0.10, -0.10, -0.10, -0.10, -0.10, -0.10, -0.10, -0.10, -0.10, -0.10, -0.10, -0.10, -0.10, -0.10, -0.10, -0.10, -0.09, -0.10, -0.10, -0.10, -0.10, -0.10, -0.10, -0.10, -0.10, 
-0.10, -0.10, -0.10, -0.10, -0.10, -0.10, -0.10, -0.10, -0.10, -0.10, -0.10, -0.10, -0.10, -0.10, -0.10, -0.10, -0.10, -0.10, -0.10, -0.10, -0.10, -0.10, -0.10, -0.10, -0.10, -0.10, -0.10, -0.10, 
-- optimal policy --
v  >  r  >  r  >  >  r  >  r  v  l  v  l  l  l  l  <  r  >  >  >  r  >  r  v  r  v  
v  l  >  r  >  R  >  >  r  >  r  v  l  v  l  l  l  r  r  v  r  r  >  r  >  r  v  l  
v  l  l  >  R  R  R  R  r  r  >  r  v  l  <  <  <  >  >  r  r  >  r  >  r  >  >  <  
r  v  l  l  R  ^  L  r  >  >  r  >  v  <  L  L  L  l  R  r  >  R  >  R  >  R  ^  L  
r  r  v  l  v  l  L  r  R  r  >  r  v  l  l  r  v  l  r  r  v  R  R  R  R  r  v  l  
>  >  r  v  l  l  l  r  r  >  R  >  r  v  l  l  r  r  r  r  r  v  l  r  R  >  ^  <  
R  R  r  r  v  r  v  l  >  R  R  R  >  >  r  v  v  l  >  >  r  r  r  r  v  R  ^  L  
^  r  r  r  r  v  r  v  l  ^  L  R  R  ^  >  r  v  v  l  R  r  v  l  >  r  v  l  l  
v  >  >  r  r  r  v  r  v  r  v  v  R  R  R  r  v  v  l  R  >  r  v  l  >  v  <  l  
v  R  R  >  r  r  v  v  r  v  r  v  l  R  r  r  v  l  l  l  R  >  r  v  r  v  l  l  
r  v  r  r  >  >  r  v  v  r  v  r  r  r  >  >  >  r  v  l  R  r  >  r  v  l  l  l  
>  r  r  >  R  >  >  r  v  v  r  v  l  >  R  R  ^  r  v  l  r  r  v  >  l  <  <  <  
r  r  r  r  v  R  >  >  r  v  v  r  v  l  ^  L  r  r  v  l  r  v  l  l  l  L  L  L  
r  >  r  r  v  r  >  >  >  r  v  v  v  l  L  r  r  v  v  l  l  r  v  l  l  <  L  L  
r  r  r  >  r  v  v  R  R  r  r  v  v  l  r  r  r  v  v  l  l  >  v  <  l  l  l  L  
r  r  >  r  >  r  v  l  r  r  v  r  v  l  r  r  r  v  l  l  l  v  l  L  <  <  l  v  
r  >  r  >  r  >  r  r  r  r  r  v  v  l  >  r  >  r  v  l  v  l  <  <  L  <  v  l  
>  R  r  r  >  r  >  >  >  r  r  r  v  l  r  r  r  >  r  v  v  l  L  L  v  v  l  l  
R  r  >  r  r  >  r  >  >  r  r  r  r  r  r  r  v  r  >  r  v  l  l  r  v  l  l  l  
r  >  r  >  r  r  r  >  >  >  r  r  r  r  r  >  r  >  r  >  l  <  l  l  l  l  l  l  
>  r  >  R  >  r  >  r  >  >  >  r  r  r  >  R  ^  r  >  R  ^  L  <  l  l  l  l  l  
>  >  R  >  >  >  R  >  >  >  >  >  >  >  R  ^  >  >  R  ^  L  ^  L  <  <  <  <  <  
Correct actions (%) : 20.74
Avg angular diffs   : 83.00
