arguments: 27 7 1 0.227969 -0.66092 -0.0153257 -0.0957854
loading features...

Initializing gridworld of size 28 by 22..
    Num states: 616
    Num actions: 8
recovered reward
-0.10, -0.10, -0.10, -0.10, -0.10, -0.11, -0.10, -0.10, -0.11, -0.10, -0.10, -0.11, -0.10, -0.10, -0.10, -0.10, -0.10, -0.10, -0.10, -0.10, -0.10, -0.10, -0.10, -0.10, -0.10, -0.10, -0.10, -0.10, 
-0.10, -0.10, -0.10, -0.10, -0.10, -0.10, -0.10, -0.10, -0.10, -0.10, -0.10, -0.10, -0.10, -0.11, -0.10, -0.10, -0.10, -0.10, -0.10, -0.10, 0.13, -0.10, -0.10, -0.10, -0.10, -0.10, -0.10, -0.10, 
-0.10, -0.10, -0.10, -0.10, -0.11, -0.10, -0.10, -0.10, -0.10, -0.10, -0.10, -0.10, -0.10, -0.10, -0.10, -0.10, -0.10, -0.10, -0.10, -0.10, -0.10, -0.10, -0.10, -0.10, -0.10, -0.14, -0.10, -0.10, 
-0.10, -0.10, -0.10, -0.10, -0.10, -0.10, -0.10, -0.10, -0.10, -0.10, -0.10, -0.10, -0.10, -0.10, -0.10, -0.10, -0.10, -0.10, -0.10, -0.10, -0.10, -0.10, -0.10, -0.10, -0.10, -0.10, -0.10, -0.10, 
-0.10, -0.10, -0.10, -0.10, -0.10, -0.76, -0.10, -0.10, -0.10, -0.10, -0.10, -0.10, -0.10, -0.10, -0.11, -0.10, -0.10, -0.10, -0.10, -0.10, -0.10, -0.10, -0.10, -0.10, 0.09, -0.10, -0.10, -0.10, 
-0.10, -0.10, -0.10, -0.10, -0.10, -0.10, -0.10, -0.10, -0.76, -0.10, -0.10, -0.10, -0.10, -0.10, -0.10, -0.10, -0.10, -0.76, -0.10, -0.10, -0.10, -0.10, -0.10, -0.10, -0.10, -0.10, -0.10, -0.10, 
-0.10, -0.10, -0.10, -0.10, -0.10, -0.10, -0.10, -0.10, -0.10, -0.10, -0.10, -0.10, -0.12, -0.10, -0.10, -0.10, -0.10, -0.10, -0.10, -0.10, -0.76, -0.10, -0.10, -0.10, -0.10, -0.76, -0.10, -0.10, 
-0.10, -0.76, -0.10, -0.10, -0.10, -0.10, -0.10, -0.10, -0.10, -0.10, -0.10, -0.10, -0.10, -0.10, -0.10, -0.10, -0.10, -0.10, -0.10, -0.10, -0.10, -0.10, -0.13, -0.10, -0.10, -0.10, -0.10, -0.10, 
-0.10, -0.10, -0.10, -0.10, -0.10, -0.10, -0.10, -0.10, -0.10, -0.10, -0.10, -0.10, -0.10, -0.10, -0.10, -0.10, -0.10, -0.10, -0.10, -0.10, -0.10, -0.10, -0.10, -0.10, -0.10, -0.10, -0.10, -0.10, 
-0.10, -0.10, -0.10, -0.10, -0.10, -0.10, -0.10, -0.10, -0.10, -0.10, -0.10, -0.12, -0.10, -0.10, -0.10, -0.10, -0.10, -0.10, -0.10, -0.10, -0.10, -0.10, -0.10, -0.10, -0.10, -0.10, -0.10, -0.10, 
-0.10, -0.10, -0.10, -0.10, -0.10, -0.10, -0.10, -0.10, -0.10, -0.76, -0.10, -0.10, -0.10, -0.10, -0.10, 0.13, -0.10, 0.13, 0.13, -0.76, -0.10, -0.10, -0.10, -0.13, -0.10, -0.10, -0.10, -0.10, 
-0.10, -0.10, -0.10, -0.10, -0.10, -0.10, -0.10, -0.76, -0.10, -0.10, -0.10, -0.10, -0.10, -0.10, -0.10, 0.13, -0.10, -0.10, -0.10, 0.13, -0.10, -0.10, -0.10, -0.10, -0.10, -0.10, -0.10, -0.10, 
-0.10, -0.10, -0.76, -0.10, -0.10, -0.10, -0.10, -0.10, -0.10, -0.10, -0.12, -0.10, -0.10, -0.10, -0.10, -0.10, -0.10, -0.10, -0.10, -0.10, -0.10, -0.10, -0.10, -0.10, -0.10, -0.10, -0.10, -0.10, 
-0.10, -0.10, 0.13, -0.10, -0.10, -0.10, -0.10, -0.10, -0.10, -0.10, -0.10, -0.10, -0.10, -0.10, -0.10, -0.10, -0.10, -0.10, -0.10, -0.10, -0.10, -0.10, -0.10, -0.13, -0.10, -0.10, -0.10, -0.10, 
-0.10, -0.10, -0.10, -0.10, -0.10, -0.10, -0.10, -0.10, -0.10, -0.10, -0.10, -0.10, 0.13, -0.10, -0.10, -0.10, -0.10, -0.10, -0.10, -0.10, -0.10, -0.10, -0.10, -0.10, -0.10, -0.10, -0.10, -0.10, 
-0.10, -0.10, -0.10, -0.10, -0.10, -0.10, -0.10, -0.10, -0.10, -0.10, -0.10, -0.12, -0.10, -0.10, -0.10, -0.10, -0.10, -0.10, 0.13, -0.10, -0.10, -0.10, -0.10, -0.10, -0.10, -0.10, -0.10, -0.10, 
-0.10, -0.10, -0.10, -0.10, -0.10, -0.10, -0.10, -0.10, -0.10, -0.10, -0.10, -0.10, -0.10, -0.10, -0.10, 0.13, -0.10, -0.10, -0.10, -0.10, -0.10, -0.10, -0.10, -0.13, -0.10, -0.10, -0.10, -0.10, 
-0.10, -0.10, -0.10, -0.10, -0.10, -0.10, -0.10, -0.10, -0.10, -0.76, -0.10, -0.10, -0.10, -0.10, -0.10, -0.10, -0.10, -0.10, -0.10, -0.10, -0.10, -0.10, -0.10, -0.10, -0.10, 0.13, -0.10, -0.10, 
-0.10, -0.10, -0.10, -0.10, -0.10, -0.10, -0.10, -0.10, -0.10, -0.10, -0.10, -0.12, -0.10, -0.10, -0.10, -0.10, -0.10, -0.10, -0.10, -0.10, -0.10, -0.13, -0.10, -0.10, -0.10, -0.10, -0.10, -0.10, 
-0.10, -0.10, -0.10, -0.10, -0.10, -0.10, -0.10, -0.10, -0.10, -0.10, -0.10, -0.10, -0.12, -0.10, -0.10, -0.12, -0.10, -0.10, -0.13, -0.10, -0.10, -0.10, -0.10, -0.10, -0.10, -0.10, -0.10, -0.10, 
-0.10, -0.10, -0.10, -0.10, -0.10, -0.10, -0.10, -0.10, -0.10, -0.10, -0.10, -0.10, -0.10, -0.10, -0.10, -0.10, -0.10, -0.10, -0.10, -0.10, -0.10, -0.10, -0.10, -0.10, -0.10, -0.10, -0.10, -0.10, 
-0.10, -0.10, -0.10, -0.10, -0.10, -0.10, -0.10, -0.10, -0.10, -0.10, -0.10, -0.10, -0.10, -0.10, -0.10, -0.10, -0.10, -0.10, -0.10, -0.10, -0.10, -0.10, -0.10, -0.10, -0.10, -0.10, -0.10, -0.10, 
-- optimal policy --
>  r  >  r  r  r  r  v  r  r  r  r  v  r  v  v  v  l  >  r  v  l  r  v  l  r  v  l  
r  >  r  >  r  r  r  r  v  r  r  r  r  v  r  v  l  v  v  >  v  r  r  r  v  r  v  l  
r  r  >  r  r  >  r  r  r  v  r  r  r  r  v  r  v  v  v  v  v  l  r  r  r  v  l  l  
r  r  r  r  >  r  >  r  r  r  v  r  r  v  r  v  r  v  v  v  l  v  v  r  v  l  l  l  
>  r  r  >  r  r  r  >  r  r  r  r  r  r  r  v  v  r  v  l  v  l  v  v  l  <  l  l  
r  >  r  r  >  r  r  R  r  r  r  v  r  r  r  r  r  r  r  v  l  v  v  l  v  l  <  l  
>  r  >  r  r  >  r  r  >  r  r  r  r  v  r  r  v  r  r  v  v  v  l  v  l  l  l  l  
r  r  r  >  r  r  >  r  r  >  r  r  r  r  v  r  r  r  v  r  v  l  l  l  l  l  l  l  
>  r  >  r  >  r  r  >  r  r  >  r  r  r  r  v  r  v  r  v  l  v  l  l  l  l  l  l  
r  >  r  >  r  >  r  r  >  r  r  r  r  r  r  v  l  r  v  l  v  l  l  l  <  l  l  l  
r  r  r  r  r  r  >  r  r  r  r  r  r  >  r  v  l  >  r  v  l  l  l  <  l  l  l  l  
r  v  r  r  r  r  r  r  r  r  r  r  >  r  >  ^  <  R  >  L  <  <  l  l  l  l  l  l  
>  r  v  r  r  r  r  r  r  r  r  r  r  >  R  ^  L  >  R  ^  L  <  <  <  <  <  <  <  
r  >  r  r  r  r  r  r  r  r  >  r  v  R  ^  L  ^  R  ^  ^  ^  L  <  l  l  l  l  l  
>  R  ^  r  r  r  r  r  r  r  >  >  R  <  ^  L  R  ^  R  ^  L  ^  L  <  <  <  <  v  
R  ^  r  r  r  r  r  r  r  >  R  R  ^  L  <  R  R  >  L  <  ^  L  L  L  <  <  v  l  
R  r  r  r  r  r  >  r  >  R  R  R  ^  ^  L  <  <  R  ^  L  <  L  L  L  L  v  l  l  
r  >  r  r  r  >  r  >  R  R  R  ^  R  ^  R  ^  L  R  ^  L  L  L  ^  L  >  L  <  <  
r  r  >  r  >  r  >  R  >  R  ^  R  ^  R  ^  ^  L  L  R  ^  L  L  L  >  R  ^  L  <  
r  r  r  >  r  >  R  >  R  ^  ^  R  R  ^  ^  L  ^  L  L  ^  ^  L  L  R  ^  R  ^  L  
r  r  r  r  >  R  >  R  ^  R  R  ^  R  R  ^  L  ^  L  L  ^  ^  L  R  R  ^  R  ^  ^  
>  >  >  >  R  >  R  ^  L  R  ^  R  R  ^  ^  ^  L  ^  ^  L  R  R  R  ^  R  ^  ^  ^  
Correct actions (%) : 9.20
Avg angular diffs   : 93.10
