arguments: 27 19 2 -0.186992 -0.614837 -0.0965447 -0.101626
loading features...

Initializing gridworld of size 28 by 22..
    Num states: 616
    Num actions: 8
recovered reward
-0.10, -0.10, -0.10, -0.10, -0.10, -0.10, -0.10, -0.10, -0.10, -0.10, -0.10, -0.10, -0.10, -0.10, -0.41, -0.72, -0.41, -0.10, -0.10, -0.10, -0.10, -0.10, -0.10, -0.10, -0.10, -0.10, -0.10, -0.10, 
-0.10, -0.10, -0.10, -0.10, -0.10, -0.15, -0.20, -0.15, -0.10, -0.10, -0.10, -0.10, -0.10, -0.10, -0.26, -0.41, -0.26, -0.10, -0.10, -0.10, -0.10, -0.26, -0.41, -0.26, -0.10, -0.10, -0.10, -0.10, 
-0.10, -0.10, -0.10, -0.10, -0.10, -0.20, -0.29, -0.20, -0.15, -0.20, -0.15, -0.10, -0.10, -0.10, -0.10, -0.10, -0.10, -0.10, -0.10, -0.10, -0.10, -0.41, -0.72, -0.41, -0.10, -0.10, -0.31, -0.10, 
-0.10, -0.15, -0.20, -0.15, -0.10, -0.15, -0.20, -0.15, -0.20, -0.36, -0.15, -0.20, -0.23, -0.10, -0.10, -0.10, -0.10, -0.10, -0.10, -0.10, -0.10, -0.26, -0.41, -0.26, -0.10, -0.15, -0.20, -0.15, 
-0.10, -0.20, -0.29, -0.20, -0.15, -0.20, -0.15, -0.10, -0.15, -0.20, -0.20, -0.29, -0.20, -0.10, -0.10, -0.10, -0.10, -0.10, -0.10, -0.10, -0.10, -0.10, -0.10, -0.10, -0.26, -0.50, -0.44, -0.20, 
-0.10, -0.15, -0.20, -0.15, -0.20, -0.29, -0.20, -0.16, -0.10, -0.10, -0.15, -0.20, -0.15, -0.10, -0.10, -0.10, -0.10, -0.10, -0.10, -0.10, -0.10, -0.10, -0.10, -0.10, -0.41, -0.76, -0.71, -0.15, 
-0.10, -0.10, -0.10, -0.10, -0.15, -0.20, -0.15, -0.10, -0.10, -0.10, -0.10, -0.10, -0.10, -0.19, -0.10, -0.10, -0.10, -0.10, -0.10, -0.10, -0.10, -0.10, -0.10, -0.10, -0.26, -0.41, -0.26, -0.10, 
-0.10, -0.10, -0.10, -0.10, -0.10, -0.10, -0.10, -0.10, -0.10, -0.10, -0.10, -0.10, -0.10, -0.10, -0.10, -0.10, -0.10, -0.10, -0.10, -0.10, -0.10, -0.10, -0.10, -0.10, -0.10, -0.10, -0.10, -0.10, 
-0.10, -0.10, -0.10, -0.10, -0.10, -0.10, -0.10, -0.15, -0.10, -0.10, -0.10, -0.10, -0.10, -0.10, -0.20, -0.10, -0.10, -0.10, -0.10, -0.10, -0.10, -0.10, -0.10, -0.10, -0.10, -0.29, -0.10, -0.10, 
-0.10, -0.26, -0.41, -0.26, -0.10, -0.10, -0.10, -0.10, -0.10, -0.10, -0.10, -0.10, -0.10, -0.10, -0.10, -0.15, -0.20, -0.15, -0.10, -0.10, -0.10, -0.10, -0.10, -0.10, -0.10, -0.10, -0.10, -0.10, 
-0.10, -0.41, -0.72, -0.41, -0.26, -0.49, -0.35, -0.46, -0.26, -0.30, -0.50, -0.30, -0.10, -0.10, -0.10, -0.20, -0.39, -0.20, -0.10, -0.10, -0.10, -0.10, -0.10, -0.10, -0.10, -0.10, -0.10, -0.10, 
-0.10, -0.26, -0.41, -0.26, -0.41, -0.81, -0.60, -0.81, -0.41, -0.50, -0.90, -0.50, -0.10, -0.10, -0.10, -0.15, -0.20, -0.15, -0.10, -0.15, -0.20, -0.15, -0.10, -0.10, -0.29, -0.10, -0.10, -0.10, 
-0.10, -0.10, -0.10, -0.10, -0.26, -0.46, -0.35, -0.46, -0.26, -0.30, -0.50, -0.30, -0.41, -0.26, -0.10, -0.26, -0.41, -0.26, -0.10, -0.20, -0.29, -0.20, -0.10, -0.10, -0.10, -0.10, -0.10, -0.10, 
-0.10, -0.10, -0.10, -0.10, -0.13, -0.10, -0.10, -0.10, -0.10, -0.10, -0.10, -0.41, -0.72, -0.41, -0.10, -0.41, -0.72, -0.52, -0.26, -0.46, -0.35, -0.15, -0.10, -0.10, -0.10, -0.10, -0.10, -0.10, 
-0.10, -0.10, -0.10, -0.10, -0.10, -0.10, -0.10, -0.26, -0.41, -0.30, -0.20, -0.30, -0.41, -0.26, -0.10, -0.26, -0.41, -0.26, -0.41, -0.72, -0.41, -0.10, -0.28, -0.10, -0.10, -0.10, -0.10, -0.10, 
-0.10, -0.10, -0.10, -0.10, -0.10, -0.10, -0.10, -0.41, -0.72, -0.50, -0.44, -0.20, -0.10, -0.10, -0.10, -0.10, -0.10, -0.10, -0.26, -0.41, -0.26, -0.10, -0.10, -0.10, -0.10, -0.10, -0.10, -0.10, 
-0.10, -0.10, -0.12, -0.10, -0.10, -0.10, -0.10, -0.26, -0.41, -0.30, -0.50, -0.15, -0.10, -0.10, -0.10, -0.10, -0.10, -0.23, -0.10, -0.10, -0.10, -0.10, -0.10, -0.10, -0.10, -0.10, -0.10, -0.10, 
-0.10, -0.10, -0.10, -0.10, -0.10, -0.10, -0.10, -0.10, -0.26, -0.46, -0.35, -0.15, -0.10, -0.10, -0.10, -0.10, -0.10, -0.10, -0.10, -0.10, -0.10, -0.10, -0.10, -0.27, -0.10, -0.10, -0.10, -0.10, 
-0.10, -0.10, -0.10, -0.10, -0.10, -0.10, -0.10, -0.10, -0.10, -0.20, -0.29, -0.20, -0.10, -0.10, -0.10, -0.10, -0.10, -0.10, -0.10, -0.10, -0.10, -0.10, -0.10, -0.10, -0.10, -0.10, -0.10, -0.10, 
-0.11, -0.10, -0.10, -0.10, -0.10, -0.10, -0.10, -0.10, -0.10, -0.15, -0.20, -0.15, -0.10, -0.10, -0.10, -0.10, -0.24, -0.10, -0.10, -0.10, -0.26, -0.10, -0.10, -0.10, -0.10, -0.10, -0.10, -0.10, 
-0.10, -0.10, -0.10, -0.10, -0.10, -0.10, -0.10, -0.10, -0.10, -0.10, -0.10, -0.10, -0.10, -0.10, -0.10, -0.10, -0.10, -0.10, -0.10, -0.25, -0.10, -0.10, -0.10, -0.10, -0.10, -0.10, -0.10, -0.10, 
-0.10, -0.10, -0.10, -0.10, -0.10, -0.10, -0.10, -0.10, -0.10, -0.10, -0.10, -0.10, -0.10, -0.10, -0.10, -0.10, -0.10, -0.10, -0.10, -0.10, -0.10, -0.10, -0.10, -0.10, -0.10, -0.10, -0.10, -0.10, 
-- optimal policy --
v  l  l  <  >  ^  L  <  ^  ^  >  L  ^  <  l  l  >  R  v  >  l  <  <  >  >  l  r  <  
v  v  ^  L  R  R  ^  L  ^  L  ^  ^  ^  L  r  v  v  ^  r  l  ^  ^  L  ^  ^  ^  >  >  
l  <  <  <  L  l  L  R  R  ^  L  L  >  r  >  >  l  v  v  ^  <  L  R  R  ^  L  ^  R  
^  ^  L  L  L  <  r  v  l  R  R  ^  R  >  >  r  <  <  <  ^  L  l  r  v  l  ^  R  ^  
v  L  l  R  ^  L  >  r  r  v  l  r  r  v  >  >  ^  ^  <  v  v  v  v  l  <  L  L  v  
l  L  v  l  l  r  r  v  v  r  v  l  >  r  v  R  v  <  ^  <  >  <  R  l  <  l  r  v  
l  <  <  <  v  l  >  r  <  >  l  <  R  ^  >  R  R  v  >  l  L  >  ^  ^  l  r  v  R  
l  v  L  v  l  <  R  ^  R  R  ^  L  l  >  >  >  L  l  ^  v  ^  >  ^  L  <  >  >  R  
l  ^  <  L  <  L  r  R  ^  ^  L  v  l  R  ^  ^  R  R  >  <  >  L  ^  ^  L  >  r  l  
L  <  ^  ^  L  ^  >  >  <  <  <  ^  <  L  R  ^  ^  ^  ^  ^  ^  ^  L  l  r  v  r  <  
<  <  L  R  R  ^  R  ^  L  L  L  ^  L  v  <  L  R  R  ^  R  ^  L  <  <  >  >  r  <  
<  r  v  l  l  L  v  R  ^  L  R  >  >  ^  <  <  >  >  ^  R  ^  L  L  L  R  ^  R  L  
v  L  l  v  l  v  r  v  v  l  l  R  R  ^  L  L  R  R  ^  L  R  R  ^  r  v  R  l  R  
>  >  v  L  v  v  >  >  <  <  <  <  r  r  v  l  r  R  ^  L  r  v  r  v  r  >  R  r  
^  >  R  >  r  l  <  ^  ^  L  L  r  r  v  r  r  r  v  l  l  >  r  v  v  ^  R  v  r  
^  l  r  ^  <  L  <  l  l  R  r  r  r  r  >  >  >  <  r  v  l  >  r  ^  >  v  <  >  
r  ^  >  r  <  <  <  v  l  l  r  >  r  v  R  R  R  r  v  v  v  v  ^  L  <  ^  R  R  
<  r  v  v  <  ^  L  l  <  l  >  r  v  v  v  l  r  >  >  <  l  l  v  ^  ^  L  r  L  
R  L  v  r  >  v  <  v  v  l  r  >  v  <  l  v  l  v  r  <  r  >  L  <  v  ^  ^  >  
^  r  r  v  >  ^  v  l  v  <  r  >  v  R  v  <  v  r  ^  ^  v  l  <  v  v  r  R  <  
r  R  R  >  L  L  R  r  L  v  l  v  l  v  L  r  l  ^  v  l  L  ^  l  R  l  v  R  ^  
^  >  <  r  ^  ^  <  R  L  r  <  v  R  <  r  >  >  >  <  v  v  >  ^  R  >  l  >  v  
Correct actions (%) : 17.17
Avg angular diffs   : 83.18
