arguments: 27 8 1 -0.032466 -0.805204 -3.37917e-17 -0.16233
loading features...

Initializing gridworld of size 28 by 22..
    Num states: 616
    Num actions: 8
recovered reward
-0.16, -0.16, -0.16, -0.16, -0.16, -0.16, -0.16, -0.16, -0.16, -0.16, -0.16, -0.16, -0.16, -0.16, -0.16, -0.16, -0.16, -0.16, -0.16, -0.16, -0.16, -0.16, -0.16, -0.16, -0.16, -0.16, -0.16, -0.16, 
-0.16, -0.16, -0.16, -0.16, -0.16, -0.16, -0.16, -0.16, -0.16, -0.16, -0.16, -0.97, -0.16, -0.16, -0.16, -0.16, -0.16, -0.16, -0.16, -0.16, -0.16, -0.16, -0.16, -0.16, -0.16, -0.16, -0.16, -0.16, 
-0.16, -0.16, -0.16, -0.16, -0.16, -0.16, -0.16, -0.16, -0.16, -0.16, -0.16, -0.16, -0.16, -0.16, -0.16, -0.16, -0.16, -0.16, -0.16, -0.16, -0.16, -0.16, -0.97, -0.16, -0.16, -0.16, -0.16, -0.16, 
-0.16, -0.16, -0.16, -0.16, -0.16, -0.16, -0.16, -0.16, -0.16, -0.97, -0.16, -0.16, -0.16, -0.16, -0.16, -0.16, -0.16, -0.16, -0.16, -0.16, -0.16, -0.16, -0.16, -0.16, -0.16, -0.16, -0.16, -0.16, 
-0.16, -0.16, -0.16, -0.16, -0.16, -0.16, -0.16, -0.16, -0.16, -0.16, -0.16, -0.16, -0.16, -0.16, -0.16, -0.16, -0.16, -0.16, -0.16, -0.16, -0.16, -0.16, -0.16, -0.16, -0.16, -0.16, -0.16, -0.16, 
-0.16, -0.16, -0.16, -0.16, -0.16, -0.16, -0.16, -0.19, -0.16, -0.16, -0.16, -0.16, -0.16, -0.16, -0.16, -0.16, -0.16, -0.16, -0.16, -0.97, -0.16, -0.16, -0.16, -0.16, -0.16, -0.16, -0.16, -0.16, 
-0.16, -0.16, -0.16, -0.16, -0.16, -0.19, -0.19, -0.16, -0.16, -0.16, -0.16, -0.16, -0.16, -0.16, -0.16, -0.16, -0.16, -0.16, -0.16, -0.16, -0.19, -0.16, -0.16, -0.16, -0.16, -0.16, -0.16, -0.16, 
-0.16, -0.16, -0.16, -0.16, -0.16, -0.16, -0.16, -0.16, -0.16, -0.16, -0.16, -0.16, -0.16, -0.16, -0.16, -0.16, -0.16, -0.16, -0.16, -0.16, -0.16, -0.16, -0.16, -0.16, -0.16, -0.16, -0.16, -0.16, 
-0.16, -0.16, -0.16, -0.16, -0.16, -0.16, -0.16, -0.16, -0.16, -0.16, -0.16, -0.16, -0.16, -0.16, -0.16, -0.16, -0.16, -0.16, -0.16, -0.16, -0.16, -0.16, -0.16, -0.16, -0.16, -0.16, -0.16, -0.16, 
-0.16, -0.16, -0.16, -0.16, -0.97, -0.16, -0.16, -0.16, -0.16, -0.16, -0.16, -0.16, -0.16, -0.16, -0.16, -0.16, -0.16, -0.16, -0.16, -0.16, -0.16, -0.16, -0.16, -0.16, -0.16, -0.97, -0.16, -0.16, 
-0.16, -0.16, -0.16, -0.16, -0.16, -0.16, -0.16, -0.16, -0.16, -0.16, -0.16, -0.16, -0.16, -0.16, -0.16, -0.16, -0.16, -0.16, -0.16, -0.16, -0.16, -0.16, -0.16, -0.97, -0.16, -0.16, -0.16, -0.16, 
-0.16, -0.16, -0.16, -0.16, -0.16, -0.16, -0.16, -0.16, -0.16, -0.16, -0.16, -0.16, -0.16, -0.16, -0.16, -0.16, -0.16, -0.16, -0.16, -0.19, -0.16, -0.16, -0.16, -0.16, -0.16, -0.16, -0.16, -0.16, 
-0.16, -0.16, -0.16, -0.16, -0.16, -0.16, -0.16, -0.16, -0.16, -0.16, -0.97, -0.16, -0.16, -0.16, -0.16, -0.97, -0.16, -0.16, -0.16, -0.16, -0.16, -0.16, -0.16, -0.16, -0.16, -0.16, -0.16, -0.16, 
-0.16, -0.16, -0.19, -0.16, -0.16, -0.16, -0.19, -0.16, -0.16, -0.16, -0.16, -0.16, -0.16, -0.16, -0.16, -0.16, -0.16, -0.16, -0.16, -0.16, -0.16, -0.16, -0.16, -0.16, -0.16, -0.16, -0.16, -0.16, 
-0.16, -0.16, -0.16, -0.16, -0.16, -0.16, -0.16, -0.16, -0.16, -0.16, -0.16, -0.16, -0.16, -0.16, -0.16, -0.16, -0.16, -0.16, -0.16, -0.16, -0.16, -0.16, -0.16, -0.16, -0.16, -0.16, -0.16, -0.16, 
-0.16, -0.16, -0.16, -0.16, -0.16, -0.16, -0.16, -0.97, -0.16, -0.16, -0.16, -0.16, -0.16, -0.16, -0.16, -0.16, -0.16, -0.16, -0.19, -0.19, -0.16, -0.16, -0.16, -0.97, -0.16, -0.16, -0.16, -0.16, 
-0.16, -0.16, -0.16, -0.16, -0.16, -0.16, -0.16, -0.16, -0.16, -0.16, -0.16, -0.16, -0.16, -0.16, -0.16, -0.16, -0.19, -0.16, -0.16, -0.16, -0.16, -0.16, -0.16, -0.16, -0.16, -0.16, -0.16, -0.16, 
-0.16, -0.16, -0.16, -0.19, -0.16, -0.16, -0.16, -0.16, -0.16, -0.16, -0.16, -0.16, -0.16, -0.16, -0.16, -0.16, -0.16, -0.16, -0.16, -0.16, -0.16, -0.16, -0.16, -0.16, -0.16, -0.16, -0.16, -0.16, 
-0.16, -0.16, -0.16, -0.16, -0.16, -0.16, -0.16, -0.16, -0.16, -0.16, -0.16, -0.16, -0.16, -0.16, -0.16, -0.16, -0.16, -0.16, -0.16, -0.16, -0.16, -0.97, -0.16, -0.16, -0.16, -0.16, -0.16, -0.16, 
-0.16, -0.16, -0.16, -0.16, -0.16, -0.16, -0.16, -0.16, -0.16, -0.16, -0.16, -0.16, -0.16, -0.16, -0.16, -0.16, -0.16, -0.16, -0.16, -0.19, -0.16, -0.16, -0.16, -0.16, -0.16, -0.16, -0.16, -0.16, 
-0.16, -0.16, -0.16, -0.16, -0.16, -0.16, -0.16, -0.16, -0.16, -0.16, -0.16, -0.16, -0.16, -0.16, -0.16, -0.16, -0.16, -0.16, -0.16, -0.16, -0.16, -0.16, -0.16, -0.16, -0.16, -0.16, -0.16, -0.16, 
-0.16, -0.16, -0.16, -0.16, -0.16, -0.16, -0.16, -0.16, -0.16, -0.16, -0.16, -0.16, -0.16, -0.16, -0.16, -0.16, -0.16, -0.16, -0.16, -0.16, -0.16, -0.16, -0.16, -0.16, -0.16, -0.16, -0.16, -0.16, 
-- optimal policy --
^  L  <  >  >  >  >  R  <  L  >  L  <  >  R  ^  >  >  ^  <  R  <  ^  <  >  R  >  R  
R  l  <  R  R  R  R  ^  R  ^  ^  ^  R  ^  ^  L  ^  ^  ^  L  ^  R  ^  L  R  ^  L  ^  
v  ^  L  v  v  v  l  v  l  <  v  >  r  v  >  r  v  r  v  r  v  v  v  v  v  v  v  v  
<  <  v  v  l  l  v  l  <  L  v  v  >  r  v  >  r  v  r  v  r  v  v  v  v  v  v  v  
^  L  v  l  v  v  l  <  L  v  v  v  v  >  r  v  >  r  v  r  v  r  v  v  v  v  v  v  
v  v  l  <  v  l  <  L  v  v  v  v  v  v  >  r  v  >  r  v  r  v  r  v  v  v  v  v  
v  l  v  v  l  <  L  v  v  v  v  v  v  v  v  >  r  v  >  r  r  v  v  r  v  v  v  v  
<  v  v  l  <  L  r  v  v  v  v  v  v  v  v  v  >  r  >  >  >  r  v  v  r  v  v  v  
l  >  l  <  L  v  v  r  v  v  v  v  v  v  v  v  >  >  >  >  >  >  r  v  v  r  v  v  
^  v  ^  L  v  r  v  v  r  v  v  v  v  v  v  l  v  ^  R  R  >  >  >  r  v  v  r  v  
v  l  <  v  r  v  r  v  v  r  v  v  v  v  l  v  l  v  v  R  R  R  R  >  r  v  v  >  
L  ^  L  v  v  r  v  r  v  v  r  v  v  l  v  l  v  r  v  v  >  >  >  >  >  r  >  r  
<  <  r  v  v  v  r  v  r  v  r  v  l  v  v  l  v  >  r  v  v  R  R  R  R  ^  r  L  
v  <  v  r  v  v  v  r  v  r  v  l  v  v  l  v  l  v  >  r  v  v  r  v  r  R  ^  R  
l  <  v  v  r  v  v  >  r  v  r  v  l  r  v  l  v  v  >  >  r  v  v  r  >  v  R  ^  
<  <  v  v  v  r  v  v  v  r  v  l  v  v  l  v  l  v  v  r  v  r  v  r  >  r  v  v  
^  L  v  l  v  v  r  v  v  v  r  v  l  r  v  l  v  r  v  v  l  >  >  >  >  >  >  r  
v  v  v  l  l  r  v  r  v  v  v  l  v  v  l  v  v  v  r  v  v  l  v  l  R  R  r  >  
v  v  v  l  v  v  r  v  r  v  l  v  l  l  v  v  v  v  v  r  v  l  l  v  v  R  R  R  
r  v  l  <  r  v  v  r  v  v  <  r  v  l  r  v  v  l  r  v  l  r  v  v  l  >  >  R  
v  l  <  L  >  r  v  v  l  l  v  v  r  v  v  l  l  v  >  v  v  >  r  v  v  v  R  ^  
>  l  <  >  >  >  l  l  >  v  l  v  r  v  >  r  L  v  R  >  l  <  ^  l  r  >  r  >  
Correct actions (%) : 12.40
Avg angular diffs   : 92.60
