arguments: 27 15 2 -0.864491 -0.0248894 0 -0.110619
loading features...

Initializing gridworld of size 28 by 22..
    Num states: 616
    Num actions: 8
recovered reward
-0.12, -0.12, -0.12, -0.11, -0.11, -0.11, -0.11, -0.11, -0.11, -0.11, -0.11, -0.11, -0.11, -0.11, -0.11, -0.11, -0.11, -0.11, -0.11, -0.11, -0.11, -0.11, -0.11, -0.33, -0.54, -0.33, -0.11, -0.11, 
-0.12, -0.14, -0.12, -0.33, -0.54, -0.33, -0.11, -0.33, -0.55, -0.34, -0.12, -0.11, -0.11, -0.11, -0.11, -0.11, -0.11, -0.11, -0.33, -0.54, -0.33, -0.11, -0.11, -0.54, -0.98, -0.54, -0.11, -0.11, 
-0.12, -0.12, -0.12, -0.54, -0.98, -0.54, -0.11, -0.54, -0.99, -0.57, -0.34, -0.11, -0.11, -0.11, -0.11, -0.11, -0.11, -0.11, -0.54, -0.98, -0.54, -0.11, -0.11, -0.33, -0.54, -0.33, -0.11, -0.11, 
-0.11, -0.11, -0.11, -0.33, -0.54, -0.33, -0.11, -0.33, -0.55, -0.34, -0.55, -0.11, -0.11, -0.11, -0.11, -0.11, -0.11, -0.11, -0.33, -0.54, -0.33, -0.11, -0.11, -0.11, -0.11, -0.11, -0.11, -0.11, 
-0.11, -0.11, -0.11, -0.11, -0.11, -0.11, -0.11, -0.11, -0.33, -0.54, -0.33, -0.11, -0.11, -0.11, -0.11, -0.11, -0.11, -0.11, -0.11, -0.11, -0.11, -0.11, -0.11, -0.11, -0.11, -0.11, -0.11, -0.11, 
-0.11, -0.11, -0.11, -0.11, -0.11, -0.11, -0.11, -0.11, -0.11, -0.11, -0.11, -0.11, -0.11, -0.11, -0.11, -0.33, -0.33, -0.54, -0.33, -0.11, -0.12, -0.12, -0.12, -0.11, -0.11, -0.11, -0.11, -0.11, 
-0.11, -0.11, -0.33, -0.54, -0.33, -0.11, -0.11, -0.11, -0.11, -0.11, -0.11, -0.11, -0.11, -0.11, -0.11, -0.54, -0.54, -0.98, -0.54, -0.11, -0.12, -0.35, -0.56, -0.33, -0.11, -0.11, -0.11, -0.11, 
-0.11, -0.11, -0.54, -0.98, -0.54, -0.11, -0.11, -0.11, -0.11, -0.11, -0.11, -0.11, -0.11, -0.11, -0.11, -0.33, -0.33, -0.54, -0.33, -0.11, -0.12, -0.56, -0.98, -0.54, -0.11, -0.11, -0.11, -0.11, 
-0.11, -0.11, -0.33, -0.54, -0.33, -0.11, -0.11, -0.11, -0.11, -0.11, -0.11, -0.11, -0.11, -0.11, -0.11, -0.11, -0.11, -0.11, -0.11, -0.11, -0.11, -0.33, -0.54, -0.33, -0.11, -0.11, -0.11, -0.11, 
-0.11, -0.11, -0.11, -0.11, -0.11, -0.11, -0.11, -0.12, -0.12, -0.12, -0.11, -0.11, -0.11, -0.11, -0.11, -0.11, -0.11, -0.11, -0.11, -0.11, -0.11, -0.11, -0.11, -0.11, -0.11, -0.11, -0.11, -0.11, 
-0.11, -0.11, -0.11, -0.11, -0.11, -0.11, -0.11, -0.12, -0.14, -0.12, -0.11, -0.11, -0.11, -0.11, -0.11, -0.11, -0.11, -0.11, -0.11, -0.11, -0.11, -0.11, -0.11, -0.12, -0.12, -0.12, -0.11, -0.11, 
-0.11, -0.11, -0.11, -0.11, -0.11, -0.11, -0.11, -0.12, -0.12, -0.12, -0.11, -0.11, -0.11, -0.11, -0.11, -0.11, -0.11, -0.11, -0.11, -0.11, -0.11, -0.11, -0.11, -0.12, -0.14, -0.12, -0.11, -0.11, 
-0.11, -0.11, -0.11, -0.11, -0.11, -0.11, -0.11, -0.11, -0.11, -0.11, -0.11, -0.11, -0.11, -0.11, -0.11, -0.11, -0.11, -0.11, -0.11, -0.11, -0.11, -0.11, -0.11, -0.12, -0.12, -0.12, -0.11, -0.11, 
-0.11, -0.11, -0.12, -0.12, -0.12, -0.12, -0.12, -0.11, -0.11, -0.11, -0.11, -0.11, -0.11, -0.11, -0.11, -0.11, -0.11, -0.11, -0.11, -0.11, -0.11, -0.11, -0.12, -0.12, -0.12, -0.11, -0.11, -0.11, 
-0.11, -0.12, -0.12, -0.12, -0.12, -0.14, -0.12, -0.11, -0.11, -0.11, -0.11, -0.11, -0.33, -0.54, -0.33, -0.11, -0.11, -0.11, -0.11, -0.11, -0.11, -0.11, -0.12, -0.14, -0.12, -0.11, -0.11, -0.11, 
-0.11, -0.12, -0.14, -0.12, -0.12, -0.12, -0.12, -0.12, -0.12, -0.11, -0.11, -0.11, -0.54, -0.98, -0.54, -0.11, -0.11, -0.11, -0.11, -0.11, -0.11, -0.11, -0.12, -0.12, -0.12, -0.11, -0.11, -0.11, 
-0.11, -0.12, -0.12, -0.12, -0.11, -0.11, -0.12, -0.14, -0.12, -0.11, -0.11, -0.33, -0.54, -0.33, -0.33, -0.11, -0.11, -0.11, -0.12, -0.12, -0.12, -0.11, -0.11, -0.11, -0.11, -0.11, -0.11, -0.11, 
-0.11, -0.11, -0.11, -0.11, -0.11, -0.11, -0.12, -0.12, -0.33, -0.54, -0.33, -0.54, -0.98, -0.54, -0.11, -0.11, -0.11, -0.11, -0.12, -0.14, -0.12, -0.11, -0.11, -0.11, -0.11, -0.11, -0.11, -0.11, 
-0.11, -0.11, -0.11, -0.11, -0.11, -0.11, -0.11, -0.11, -0.54, -0.98, -0.54, -0.33, -0.54, -0.33, -0.11, -0.11, -0.11, -0.11, -0.12, -0.12, -0.12, -0.11, -0.11, -0.11, -0.11, -0.11, -0.11, -0.11, 
-0.11, -0.11, -0.11, -0.11, -0.11, -0.11, -0.11, -0.11, -0.33, -0.54, -0.33, -0.11, -0.11, -0.11, -0.11, -0.11, -0.11, -0.11, -0.11, -0.11, -0.11, -0.11, -0.11, -0.11, -0.11, -0.11, -0.11, -0.11, 
-0.11, -0.11, -0.11, -0.11, -0.11, -0.11, -0.11, -0.11, -0.11, -0.11, -0.11, -0.11, -0.11, -0.11, -0.11, -0.11, -0.11, -0.11, -0.11, -0.11, -0.11, -0.11, -0.11, -0.11, -0.11, -0.11, -0.11, -0.11, 
-0.11, -0.11, -0.11, -0.11, -0.11, -0.11, -0.11, -0.11, -0.11, -0.11, -0.11, -0.11, -0.11, -0.11, -0.11, -0.11, -0.11, -0.11, -0.11, -0.11, -0.11, -0.11, -0.11, -0.11, -0.11, -0.11, -0.11, -0.11, 
-- optimal policy --
>  >  >  L  L  L  <  ^  <  >  >  ^  ^  <  >  R  <  ^  <  >  r  v  v  l  >  >  >  >  
v  R  R  R  ^  ^  L  ^  L  R  R  ^  ^  L  R  ^  L  ^  L  R  >  r  v  l  r  R  ^  ^  
v  l  l  l  r  r  v  l  l  R  r  v  >  r  v  v  v  v  l  r  r  >  r  r  r  r  r  v  
v  v  l  <  r  v  r  v  l  r  r  v  >  >  >  >  >  r  r  v  >  >  >  >  >  >  >  R  
v  l  <  L  >  r  v  r  v  r  v  r  v  R  >  >  >  >  r  v  R  R  ^  R  R  ^  R  ^  
l  <  L  >  >  >  r  v  r  v  v  v  v  R  R  R  R  R  r  v  l  R  >  r  v  v  v  v  
L  <  R  R  >  >  >  r  v  r  v  v  v  v  v  l  v  l  r  v  l  R  R  >  r  v  v  v  
L  <  <  R  R  >  >  >  r  v  r  v  v  v  v  r  r  r  >  r  v  l  R  R  >  r  v  v  
l  <  r  v  >  >  >  >  >  r  v  r  v  v  v  v  v  v  v  v  v  l  v  R  >  >  v  l  
^  L  >  r  R  R  R  R  R  >  r  v  r  v  v  v  v  v  v  v  l  v  v  R  >  >  r  v  
L  <  >  >  >  r  v  l  R  R  >  r  v  r  v  v  v  v  v  l  v  v  v  R  R  R  ^  R  
l  <  >  >  >  >  r  r  r  >  >  >  r  v  r  v  v  v  l  <  v  v  l  <  r  r  R  ^  
l  <  >  >  >  >  >  >  >  >  >  >  >  r  v  r  v  l  <  v  v  l  <  L  r  v  v  l  
l  <  R  R  R  R  >  >  >  >  >  >  >  >  r  v  v  l  <  r  v  v  l  L  r  v  l  v  
l  <  L  r  v  l  R  R  R  R  R  R  R  R  >  r  v  <  L  >  r  v  l  r  r  r  v  v  
^  L  r  r  v  v  l  R  R  R  R  ^  L  v  r  >  v  <  l  >  >  r  r  v  >  >  r  v  
L  <  v  v  r  v  l  L  R  R  ^  L  L  r  v  v  l  v  l  R  r  >  r  v  >  >  >  R  
^  L  v  l  >  l  <  l  l  ^  L  L  R  r  v  l  <  l  <  r  >  >  >  r  >  >  >  v  
v  v  l  <  r  v  l  <  l  l  r  v  l  >  l  <  r  v  v  l  l  R  R  ^  >  >  >  r  
v  l  ^  L  >  r  v  l  v  l  >  v  v  v  v  v  v  r  v  l  <  <  ^  R  R  R  R  ^  
L  r  v  l  R  v  v  v  l  <  >  r  v  l  v  v  l  v  l  <  L  <  R  ^  R  R  R  ^  
^  v  v  <  >  v  v  l  <  L  >  >  v  <  l  r  <  l  l  <  L  L  <  R  ^  ^  R  ^  
Correct actions (%) : 14.55
Avg angular diffs   : 94.50
