arguments: 27 29 3 0.249312 0.351439 0.349186 -0.0500626
loading features...

Initializing gridworld of size 28 by 22..
    Num states: 616
    Num actions: 8
recovered reward
-0.05, -0.05, -0.05, -0.05, -0.05, -0.05, -0.05, -0.05, -0.05, -0.05, -0.05, -0.05, -0.05, -0.05, -0.05, -0.05, -0.05, -0.05, -0.05, -0.05, -0.05, -0.05, -0.05, -0.05, -0.05, -0.05, -0.05, -0.05, 
-0.05, -0.05, -0.05, -0.05, -0.05, -0.05, -0.05, -0.05, -0.05, 0.01, 0.07, 0.01, 0.04, 0.13, 0.04, -0.05, -0.05, -0.05, -0.05, -0.05, -0.05, -0.05, -0.05, -0.05, -0.05, -0.05, -0.05, -0.05, 
-0.05, -0.05, -0.05, -0.05, -0.05, -0.05, -0.05, -0.05, -0.05, 0.07, 0.20, 0.07, 0.13, 0.30, 0.13, -0.05, -0.05, -0.05, -0.05, -0.05, -0.05, -0.05, -0.05, -0.05, -0.05, -0.05, 0.72, -0.05, 
-0.05, -0.05, -0.05, -0.05, -0.05, -0.05, -0.05, -0.05, -0.05, 0.26, 0.07, 0.01, 0.32, 0.13, 0.04, -0.05, -0.05, -0.05, -0.05, -0.05, -0.05, -0.05, -0.05, -0.05, -0.05, -0.05, -0.05, -0.05, 
0.01, 0.07, 0.01, 0.01, 0.07, 0.01, -0.05, -0.05, -0.05, 0.04, 0.13, 0.04, 0.13, 0.04, -0.05, -0.05, -0.05, -0.05, -0.05, -0.05, -0.05, -0.05, -0.05, -0.05, -0.05, -0.05, -0.05, -0.05, 
0.07, 0.20, 0.07, 0.07, 0.20, 0.07, -0.05, 0.16, -0.05, 0.13, 0.30, 0.13, 0.30, 0.13, -0.05, -0.05, -0.05, -0.05, -0.05, -0.05, -0.05, -0.05, -0.05, -0.05, -0.05, -0.05, 0.68, -0.05, 
0.01, 0.07, 0.01, 0.01, 0.07, 0.01, -0.05, -0.05, -0.05, 0.04, 0.13, 0.04, 0.13, 0.35, -0.05, -0.05, -0.05, -0.05, -0.05, 0.01, 0.07, 0.01, -0.05, -0.05, -0.05, -0.05, -0.05, -0.05, 
0.07, 0.20, 0.07, -0.05, -0.05, -0.05, -0.05, -0.05, -0.05, -0.05, -0.05, 0.04, 0.13, 0.04, -0.05, -0.05, -0.05, -0.05, -0.05, 0.07, 0.20, 0.07, 0.07, 0.01, 0.07, 0.01, -0.05, -0.05, 
0.01, 0.07, 0.01, -0.05, -0.05, -0.05, -0.05, 0.12, -0.05, -0.05, -0.05, 0.13, 0.30, 0.19, 0.42, 0.01, -0.05, -0.05, -0.05, 0.01, 0.07, 0.01, 0.20, 0.07, 0.20, 0.77, -0.05, -0.05, 
-0.05, 0.04, 0.13, 0.04, -0.05, -0.05, -0.05, -0.05, -0.05, -0.05, -0.05, 0.04, 0.13, 0.16, 0.20, 0.07, -0.05, -0.05, -0.05, -0.05, -0.05, 0.01, 0.07, 0.01, 0.07, 0.01, -0.05, -0.05, 
-0.05, 0.13, 0.30, 0.13, -0.05, 0.09, -0.05, -0.05, -0.05, -0.05, -0.05, 0.01, 0.16, 0.19, 0.16, 0.01, 0.33, -0.05, -0.05, -0.05, -0.05, -0.05, -0.05, -0.05, -0.05, -0.05, -0.05, -0.05, 
-0.05, 0.04, 0.13, 0.04, -0.05, -0.05, -0.05, -0.05, -0.05, 0.04, 0.13, 0.16, 0.37, 0.43, 0.13, -0.05, -0.05, -0.05, -0.05, -0.05, -0.05, -0.05, -0.05, -0.05, 0.61, -0.05, -0.05, -0.05, 
-0.05, -0.05, -0.05, -0.05, -0.05, -0.05, -0.05, -0.05, -0.05, 0.13, 0.30, 0.19, 0.16, 0.19, 0.04, -0.05, -0.05, -0.05, -0.05, -0.05, -0.05, -0.05, -0.05, -0.05, 0.04, 0.13, 0.04, -0.05, 
-0.05, -0.05, -0.05, -0.05, 0.05, 0.01, 0.07, 0.01, -0.05, 0.04, 0.13, 0.04, -0.05, -0.05, -0.05, -0.05, -0.05, 0.37, 0.01, 0.07, 0.01, -0.05, -0.05, -0.05, 0.13, 0.30, 0.13, -0.05, 
-0.05, -0.05, -0.05, -0.05, -0.05, 0.07, 0.20, 0.07, -0.05, -0.05, 0.01, 0.07, 0.01, -0.05, -0.05, -0.05, -0.05, -0.05, 0.07, 0.20, 0.07, -0.05, 0.58, -0.05, 0.04, 0.13, 0.04, -0.05, 
-0.05, -0.05, -0.05, -0.05, -0.05, 0.01, 0.07, 0.10, 0.13, 0.04, 0.16, 0.37, 0.16, -0.05, -0.05, -0.05, -0.05, -0.05, 0.01, 0.07, 0.01, -0.05, -0.05, -0.05, -0.05, -0.05, -0.05, -0.05, 
-0.05, -0.05, 0.02, -0.05, -0.05, -0.05, -0.05, 0.13, 0.30, 0.13, 0.19, 0.43, 0.19, -0.05, -0.05, -0.05, -0.05, 0.40, -0.05, -0.05, -0.05, -0.05, -0.05, -0.05, -0.05, 0.04, 0.13, 0.04, 
-0.05, -0.05, -0.05, -0.05, -0.05, -0.05, -0.05, 0.04, 0.13, 0.04, 0.04, 0.13, 0.04, -0.05, -0.05, -0.05, -0.05, 0.04, 0.13, 0.04, -0.05, -0.05, -0.05, 0.54, -0.05, 0.13, 0.30, 0.13, 
-0.05, -0.05, -0.05, -0.05, -0.05, -0.05, -0.05, -0.05, -0.05, -0.05, -0.05, -0.05, -0.05, -0.05, -0.05, -0.05, -0.05, 0.13, 0.30, 0.13, -0.05, -0.05, -0.05, -0.05, -0.05, 0.04, 0.13, 0.04, 
-0.02, -0.05, -0.05, -0.05, -0.05, -0.05, -0.05, -0.05, -0.05, -0.05, -0.05, -0.05, -0.05, -0.05, -0.05, -0.05, 0.44, 0.04, 0.13, 0.04, 0.51, -0.05, -0.05, -0.05, -0.05, -0.05, -0.05, -0.05, 
-0.05, -0.05, -0.05, -0.05, -0.05, -0.05, -0.05, -0.05, -0.05, -0.05, -0.05, -0.05, -0.05, -0.05, -0.05, -0.05, -0.05, -0.05, -0.05, 0.47, -0.05, -0.05, -0.05, -0.05, -0.05, -0.05, -0.05, -0.05, 
-0.05, -0.05, -0.05, -0.05, -0.05, -0.05, -0.05, -0.05, -0.05, -0.05, -0.05, -0.05, -0.05, -0.05, -0.05, -0.05, -0.05, -0.05, -0.05, -0.05, -0.05, -0.05, -0.05, -0.05, -0.05, -0.05, -0.05, -0.05, 
-- optimal policy --
v  v  l  v  r  >  r  r  r  r  v  l  r  v  l  l  l  l  <  l  >  r  >  >  r  v  r  v  
v  l  v  v  v  l  >  r  r  r  v  l  r  v  l  l  <  <  l  <  >  >  r  >  >  r  v  l  
r  v  r  v  l  v  l  r  r  v  l  r  v  l  <  <  <  L  <  l  l  >  >  r  >  >  R  <  
r  v  l  r  v  l  l  >  >  R  <  >  R  <  L  L  <  <  v  v  v  v  >  >  >  R  ^  L  
r  v  l  r  v  l  r  v  R  r  v  R  ^  L  l  L  L  r  r  v  r  v  l  >  R  r  v  l  
>  ^  <  >  <  <  >  R  >  >  >  >  r  v  l  <  L  r  r  r  v  l  l  r  >  >  >  <  
r  v  l  R  ^  L  R  ^  R  R  ^  R  >  L  <  v  l  l  r  r  v  l  v  r  v  R  ^  L  
>  v  <  <  ^  L  r  v  R  R  r  r  R  r  v  l  l  l  >  >  >  r  v  r  r  v  l  <  
R  ^  L  l  l  l  >  R  <  >  >  >  >  >  v  <  l  v  R  R  ^  >  >  >  >  <  <  l  
r  r  v  l  l  v  R  ^  L  r  R  R  ^  R  ^  L  v  l  R  R  ^  R  ^  R  R  ^  L  <  
>  >  ^  <  <  <  <  r  r  r  r  r  r  v  l  >  L  <  <  ^  R  R  ^  r  v  l  L  L  
R  R  ^  L  L  ^  L  >  r  r  v  >  >  <  <  R  ^  L  v  l  R  ^  r  >  r  <  l  l  
R  R  ^  L  L  r  v  l  >  >  >  R  R  ^  L  L  r  v  l  v  l  v  >  R  ^  L  l  l  
R  ^  R  >  r  r  v  l  R  R  ^  L  R  ^  L  L  >  r  <  v  l  r  v  l  >  ^  <  <  
r  r  >  R  >  >  r  <  v  r  r  v  l  l  ^  r  R  ^  L  <  <  >  <  <  R  ^  L  L  
>  r  v  l  R  R  ^  r  v  l  r  v  l  l  <  >  r  v  l  ^  L  R  ^  L  R  ^  L  l  
>  >  r  <  R  R  >  >  v  <  >  ^  <  <  <  >  >  r  <  l  L  ^  r  v  l  r  v  l  
>  R  ^  L  R  >  R  R  ^  L  R  ^  L  L  r  v  R  ^  L  l  l  v  >  v  <  >  >  <  
v  l  R  ^  L  R  R  R  ^  L  R  ^  L  L  >  r  v  l  >  r  v  l  R  ^  L  R  ^  L  
<  <  <  R  R  R  R  R  ^  R  ^  L  ^  L  r  >  R  <  r  >  l  <  <  ^  R  R  ^  L  
^  L  <  R  R  R  R  ^  R  ^  ^  ^  L  R  >  R  ^  L  >  R  ^  L  <  R  R  ^  R  ^  
R  ^  L  R  R  R  ^  R  ^  R  ^  ^  >  >  R  ^  ^  R  R  ^  L  ^  L  L  ^  ^  R  ^  
Correct actions (%) : 8.49
Avg angular diffs   : 94.25
