arguments: 27 41 4 -0.058753 -0.805755 0.0155875 -0.119904
loading features...

Initializing gridworld of size 28 by 22..
    Num states: 616
    Num actions: 8
recovered reward
-0.12, -0.12, -0.12, -0.12, -0.12, -0.12, -0.12, -0.12, -0.12, -0.12, -0.12, -0.12, -0.12, -0.12, -0.12, -0.12, -0.12, -0.12, -0.12, -0.12, -0.12, -0.12, -0.12, -0.12, -0.12, -0.12, -0.12, -0.12, 
-0.12, -0.12, -0.12, -0.12, -0.12, -0.12, -0.12, -0.12, -0.12, -0.12, -0.12, -0.12, -0.18, -0.12, -0.12, -0.12, -0.12, -0.12, -0.12, -0.12, -0.12, -0.12, -0.12, -0.12, -0.12, -0.09, -0.12, -0.12, 
-0.12, -0.12, -0.12, -0.12, -0.12, -0.12, -0.12, -0.12, -0.12, -0.12, -0.12, -0.12, -0.12, -0.12, -0.11, -0.12, -0.12, -0.93, -0.12, -0.12, -0.12, -0.12, -0.93, -0.12, -0.12, -0.12, -0.12, -0.12, 
-0.12, -0.12, -0.12, -0.12, -0.12, -0.12, -0.12, -0.12, -0.12, -0.12, -0.12, -0.11, -0.12, -0.12, -0.18, -0.12, -0.10, -0.12, -0.12, -0.12, -0.12, -0.12, -0.12, -0.09, -0.12, -0.12, -0.12, -0.12, 
-0.12, -0.12, -0.12, -0.12, -0.12, -0.12, -0.12, -0.12, -0.12, -0.91, -0.18, -0.12, -0.12, -0.12, -0.12, -0.12, -0.12, -0.12, -0.93, -0.12, -0.12, -0.12, -0.12, -0.12, -0.12, -0.12, -0.12, -0.12, 
-0.12, -0.12, -0.12, -0.12, -0.12, -0.12, -0.12, -0.12, -0.12, -0.12, -0.12, -0.12, -0.12, -0.12, -0.12, -0.12, -0.12, -0.12, -0.12, -0.12, -0.12, -0.12, -0.12, -0.12, -0.12, -0.12, -0.12, -0.12, 
-0.12, -0.12, -0.18, -0.12, -0.12, -0.12, -0.12, -0.11, -0.12, -0.12, -0.12, -0.12, -0.12, -0.12, -0.12, -0.12, -0.10, -0.12, -0.12, -0.12, -0.12, -0.12, -0.12, -0.89, -0.12, -0.12, -0.12, -0.12, 
-0.12, -0.12, -0.12, -0.12, -0.12, -0.12, -0.12, -0.12, -0.12, -0.12, -0.12, -0.12, -0.12, -0.12, -0.12, -0.12, -0.18, -0.18, -0.12, -0.12, -0.12, -0.12, -0.12, -0.12, -0.12, -0.12, -0.12, -0.12, 
-0.12, -0.12, -0.12, -0.12, -0.12, -0.12, -0.12, -0.12, -0.93, -0.12, -0.12, -0.12, -0.12, -0.12, -0.12, -0.12, -0.12, -0.12, -0.12, -0.12, -0.12, -0.18, -0.12, -0.12, -0.12, -0.12, -0.12, -0.12, 
-0.12, -0.12, -0.12, -0.12, -0.12, -0.12, -0.11, -0.12, -0.12, -0.12, -0.93, -0.12, -0.12, -0.12, -0.12, -0.12, -0.10, -0.12, -0.12, -0.12, -0.12, -0.12, -0.09, -0.12, -0.12, -0.12, -0.12, -0.12, 
-0.12, -0.12, -0.12, -0.12, -0.12, -0.12, -0.12, -0.12, -0.12, -0.12, -0.12, -0.12, -0.12, -0.12, -0.12, -0.12, -0.12, -0.12, -0.12, -0.12, -0.12, -0.12, -0.12, -0.12, -0.12, -0.12, -0.12, -0.12, 
-0.12, -0.12, -0.12, -0.12, -0.12, -0.12, -0.12, -0.12, -0.12, -0.12, -0.12, -0.12, -0.12, -0.12, -0.12, -0.12, -0.12, -0.12, -0.12, -0.12, -0.12, -0.12, -0.12, -0.12, -0.18, -0.18, -0.12, -0.12, 
-0.12, -0.12, -0.12, -0.18, -0.11, -0.12, -0.12, -0.12, -0.12, -0.12, -0.12, -0.12, -0.12, -0.12, -0.10, -0.12, -0.12, -0.12, -0.12, -0.12, -0.12, -0.12, -0.12, -0.12, -0.12, -0.12, -0.12, -0.12, 
-0.12, -0.12, -0.18, -0.12, -0.12, -0.93, -0.12, -0.12, -0.12, -0.12, -0.12, -0.12, -0.12, -0.12, -0.93, -0.12, -0.12, -0.12, -0.12, -0.12, -0.12, -0.09, -0.12, -0.12, -0.12, -0.12, -0.12, -0.12, 
-0.12, -0.12, -0.93, -0.12, -0.12, -0.12, -0.12, -0.12, -0.12, -0.12, -0.12, -0.12, -0.12, -0.12, -0.12, -0.12, -0.12, -0.12, -0.12, -0.12, -0.12, -0.12, -0.12, -0.12, -0.12, -0.12, -0.12, -0.12, 
-0.12, -0.12, -0.12, -0.12, -0.12, -0.12, -0.12, -0.12, -0.12, -0.12, -0.12, -0.12, -0.12, -0.12, -0.12, -0.10, -0.12, -0.12, -0.12, -0.12, -0.09, -0.12, -0.12, -0.12, -0.12, -0.12, -0.12, -0.12, 
-0.12, -0.12, -0.12, -0.12, -0.12, -0.12, -0.12, -0.12, -0.12, -0.12, -0.12, -0.12, -0.12, -0.12, -0.12, -0.12, -0.12, -0.12, -0.12, -0.12, -0.12, -0.12, -0.12, -0.12, -0.12, -0.12, -0.12, -0.12, 
-0.12, -0.12, -0.12, -0.12, -0.12, -0.12, -0.12, -0.12, -0.12, -0.12, -0.12, -0.12, -0.12, -0.12, -0.12, -0.12, -0.12, -0.12, -0.93, -0.12, -0.12, -0.12, -0.12, -0.12, -0.12, -0.12, -0.12, -0.12, 
-0.12, -0.12, -0.12, -0.12, -0.12, -0.12, -0.12, -0.12, -0.12, -0.93, -0.12, -0.12, -0.12, -0.12, -0.12, -0.10, -0.12, -0.12, -0.09, -0.12, -0.12, -0.12, -0.12, -0.12, -0.18, -0.12, -0.12, -0.12, 
-0.12, -0.12, -0.12, -0.12, -0.12, -0.12, -0.12, -0.12, -0.12, -0.12, -0.12, -0.12, -0.12, -0.12, -0.12, -0.12, -0.12, -0.12, -0.12, -0.12, -0.12, -0.12, -0.12, -0.12, -0.12, -0.12, -0.12, -0.12, 
-0.12, -0.12, -0.12, -0.12, -0.12, -0.12, -0.12, -0.12, -0.12, -0.12, -0.12, -0.12, -0.12, -0.12, -0.12, -0.12, -0.12, -0.12, -0.12, -0.12, -0.12, -0.12, -0.12, -0.12, -0.12, -0.12, -0.12, -0.12, 
-0.12, -0.12, -0.12, -0.12, -0.12, -0.12, -0.12, -0.12, -0.12, -0.12, -0.12, -0.12, -0.12, -0.12, -0.12, -0.12, -0.12, -0.12, -0.12, -0.12, -0.12, -0.12, -0.12, -0.12, -0.12, -0.12, -0.12, -0.12, 
-- optimal policy --
r  r  r  r  r  r  r  r  r  r  r  >  r  r  r  r  r  r  r  r  v  r  r  >  r  v  l  l  
r  r  r  r  r  r  >  r  r  r  >  r  >  r  r  r  >  r  r  r  r  v  r  r  >  >  <  l  
r  r  r  r  r  >  r  >  r  r  r  >  r  >  >  r  r  r  r  r  r  r  r  v  R  ^  L  <  
r  r  r  r  >  r  r  r  >  >  >  r  >  R  r  >  r  >  r  r  r  r  >  R  <  R  ^  L  
r  r  r  r  r  r  r  >  R  R  R  >  R  >  r  R  r  r  r  r  r  >  R  ^  L  <  L  ^  
r  >  r  r  r  r  >  R  r  r  >  R  r  r  >  r  v  r  r  r  >  R  ^  R  ^  L  <  ^  
r  r  r  r  r  >  R  r  r  >  R  r  r  r  r  >  >  r  r  >  R  ^  R  ^  L  ^  L  <  
>  r  r  r  >  R  R  >  >  R  r  r  r  r  r  R  ^  r  >  R  R  ^  ^  L  ^  L  ^  L  
r  r  r  >  R  R  >  R  R  >  r  r  r  r  r  r  v  >  R  R  ^  ^  ^  ^  R  ^  L  L  
r  r  >  R  R  >  R  r  >  r  >  r  r  r  r  >  >  R  R  R  ^  >  R  <  ^  ^  L  L  
r  >  R  R  >  R  r  >  r  >  r  >  r  r  >  R  ^  L  ^  ^  >  R  ^  L  <  R  ^  L  
>  R  R  >  R  r  >  r  >  r  >  r  r  r  R  ^  R  ^  L  >  R  ^  L  L  L  L  R  ^  
R  R  R  R  >  >  r  >  r  >  r  >  r  >  ^  <  ^  ^  >  R  R  ^  L  ^  L  <  ^  L  
R  R  >  R  r  r  >  r  >  r  >  r  >  R  ^  L  <  >  R  R  >  R  <  L  ^  L  L  ^  
R  r  R  r  r  >  r  >  r  >  r  >  R  ^  L  ^  L  R  r  r  R  ^  L  <  L  ^  L  L  
r  >  R  r  r  r  r  r  >  r  >  R  ^  ^  >  L  <  r  r  >  R  <  L  L  <  L  L  L  
>  R  r  r  r  r  r  >  r  >  R  ^  ^  >  R  ^  L  >  >  R  ^  L  <  L  L  L  ^  L  
R  r  r  r  r  r  r  r  >  R  ^  ^  >  R  r  v  r  r  R  ^  ^  ^  L  <  L  L  L  L  
>  r  r  r  r  r  r  >  R  ^  ^  >  R  r  >  >  r  >  R  <  ^  ^  ^  L  L  L  L  <  
r  >  r  r  r  r  >  R  ^  L  >  R  r  >  R  ^  >  R  ^  L  <  ^  ^  ^  L  <  L  L  
>  >  >  r  r  >  R  ^  ^  >  R  r  >  R  ^  >  R  ^  L  ^  L  <  ^  ^  ^  L  L  L  
>  >  >  >  >  R  ^  R  >  R  R  >  R  R  >  R  R  ^  ^  L  ^  L  <  ^  ^  ^  L  L  
Correct actions (%) : 4.38
Avg angular diffs   : 97.23
