arguments: 27 11 1 -0.851024 -0.0334052 0.0078125 -0.107759
loading features...

Initializing gridworld of size 28 by 22..
    Num states: 616
    Num actions: 8
recovered reward
-0.12, -0.14, -0.12, -0.11, -0.32, -0.54, -0.34, -0.12, -0.11, -0.11, -0.11, -0.11, -0.11, -0.11, -0.11, -0.11, -0.11, -0.11, -0.12, -0.12, -0.12, -0.11, -0.11, -0.11, -0.11, -0.11, -0.11, -0.11, 
-0.12, -0.34, -0.54, -0.32, -0.53, -0.98, -0.57, -0.12, -0.11, -0.10, -0.11, -0.11, -0.10, -0.11, -0.11, -0.11, -0.11, -0.11, -0.12, -0.35, -0.55, -0.32, -0.11, -0.11, -0.11, -0.09, -0.11, -0.11, 
-0.11, -0.53, -0.96, -0.53, -0.32, -0.54, -0.34, -0.12, -0.11, -0.11, -0.11, -0.11, -0.11, -0.11, -0.11, -0.11, -0.10, -0.11, -0.12, -0.55, -0.97, -0.53, -0.11, -0.11, -0.11, -0.11, -0.11, -0.11, 
-0.11, -0.32, -0.53, -0.32, -0.11, -0.12, -0.12, -0.11, -0.11, -0.11, -0.11, -0.11, -0.11, -0.11, -0.11, -0.11, -0.11, -0.11, -0.11, -0.32, -0.53, -0.32, -0.32, -0.11, -0.11, -0.11, -0.11, -0.11, 
-0.11, -0.11, -0.11, -0.11, -0.11, -0.11, -0.10, -0.11, -0.11, -0.11, -0.11, -0.11, -0.11, -0.11, -0.11, -0.11, -0.11, -0.11, -0.11, -0.11, -0.32, -0.53, -0.32, -0.11, -0.11, -0.09, -0.11, -0.11, 
-0.11, -0.11, -0.11, -0.11, -0.11, -0.11, -0.11, -0.11, -0.11, -0.11, -0.12, -0.12, -0.12, -0.11, -0.11, -0.11, -0.10, -0.11, -0.11, -0.11, -0.53, -0.96, -0.53, -0.11, -0.11, -0.11, -0.11, -0.11, 
-0.11, -0.11, -0.11, -0.11, -0.10, -0.11, -0.11, -0.11, -0.11, -0.11, -0.12, -0.14, -0.12, -0.11, -0.10, -0.11, -0.11, -0.11, -0.11, -0.11, -0.33, -0.55, -0.33, -0.11, -0.11, -0.11, -0.11, -0.11, 
-0.11, -0.11, -0.11, -0.11, -0.11, -0.11, -0.32, -0.53, -0.32, -0.11, -0.12, -0.12, -0.12, -0.11, -0.11, -0.11, -0.11, -0.11, -0.11, -0.32, -0.55, -0.35, -0.12, -0.09, -0.11, -0.11, -0.11, -0.11, 
-0.11, -0.11, -0.11, -0.11, -0.11, -0.11, -0.53, -0.96, -0.53, -0.11, -0.11, -0.11, -0.11, -0.11, -0.11, -0.11, -0.11, -0.11, -0.11, -0.53, -0.97, -0.55, -0.12, -0.11, -0.11, -0.11, -0.11, -0.11, 
-0.11, -0.11, -0.11, -0.11, -0.10, -0.11, -0.32, -0.53, -0.32, -0.53, -0.32, -0.11, -0.10, -0.11, -0.11, -0.11, -0.11, -0.11, -0.11, -0.32, -0.53, -0.32, -0.11, -0.11, -0.11, -0.11, -0.11, -0.11, 
-0.11, -0.11, -0.11, -0.11, -0.11, -0.11, -0.11, -0.11, -0.53, -0.96, -0.53, -0.11, -0.11, -0.11, -0.11, -0.12, -0.12, -0.12, -0.11, -0.11, -0.11, -0.11, -0.11, -0.11, -0.09, -0.11, -0.11, -0.11, 
-0.11, -0.11, -0.11, -0.11, -0.11, -0.11, -0.11, -0.11, -0.32, -0.53, -0.31, -0.11, -0.11, -0.12, -0.12, -0.12, -0.14, -0.12, -0.11, -0.11, -0.11, -0.11, -0.11, -0.11, -0.11, -0.11, -0.11, -0.11, 
-0.11, -0.11, -0.11, -0.11, -0.11, -0.11, -0.11, -0.11, -0.11, -0.11, -0.11, -0.11, -0.11, -0.12, -0.14, -0.12, -0.12, -0.12, -0.11, -0.11, -0.11, -0.11, -0.11, -0.11, -0.32, -0.53, -0.32, -0.11, 
-0.11, -0.11, -0.11, -0.11, -0.11, -0.11, -0.11, -0.11, -0.11, -0.11, -0.11, -0.11, -0.11, -0.12, -0.12, -0.12, -0.11, -0.11, -0.11, -0.11, -0.11, -0.11, -0.11, -0.09, -0.53, -0.96, -0.53, -0.11, 
-0.11, -0.11, -0.11, -0.11, -0.11, -0.11, -0.11, -0.11, -0.11, -0.10, -0.11, -0.11, -0.11, -0.11, -0.11, -0.11, -0.11, -0.11, -0.11, -0.11, -0.11, -0.32, -0.53, -0.32, -0.32, -0.53, -0.32, -0.11, 
-0.11, -0.11, -0.11, -0.11, -0.11, -0.11, -0.11, -0.11, -0.11, -0.11, -0.11, -0.11, -0.11, -0.11, -0.11, -0.11, -0.11, -0.11, -0.11, -0.11, -0.32, -0.53, -0.97, -0.55, -0.12, -0.11, -0.11, -0.11, 
-0.11, -0.11, -0.11, -0.11, -0.11, -0.11, -0.11, -0.11, -0.11, -0.11, -0.11, -0.11, -0.10, -0.11, -0.11, -0.11, -0.11, -0.11, -0.11, -0.11, -0.53, -0.32, -0.55, -0.34, -0.12, -0.11, -0.11, -0.11, 
-0.11, -0.11, -0.11, -0.11, -0.11, -0.11, -0.32, -0.53, -0.32, -0.11, -0.11, -0.11, -0.11, -0.11, -0.12, -0.12, -0.12, -0.11, -0.11, -0.11, -0.32, -0.53, -0.33, -0.12, -0.12, -0.11, -0.11, -0.11, 
-0.11, -0.11, -0.11, -0.11, -0.11, -0.11, -0.53, -0.96, -0.53, -0.11, -0.11, -0.11, -0.11, -0.11, -0.12, -0.14, -0.12, -0.11, -0.12, -0.12, -0.12, -0.09, -0.11, -0.11, -0.11, -0.11, -0.11, -0.11, 
-0.11, -0.11, -0.11, -0.11, -0.11, -0.11, -0.32, -0.53, -0.32, -0.11, -0.11, -0.11, -0.11, -0.09, -0.12, -0.12, -0.10, -0.11, -0.12, -0.13, -0.12, -0.11, -0.11, -0.11, -0.11, -0.11, -0.11, -0.11, 
-0.11, -0.11, -0.11, -0.11, -0.11, -0.11, -0.11, -0.11, -0.11, -0.11, -0.11, -0.11, -0.11, -0.11, -0.12, -0.12, -0.12, -0.11, -0.12, -0.12, -0.12, -0.11, -0.11, -0.11, -0.11, -0.11, -0.11, -0.11, 
-0.11, -0.11, -0.11, -0.11, -0.11, -0.11, -0.11, -0.11, -0.11, -0.11, -0.11, -0.11, -0.11, -0.11, -0.11, -0.11, -0.11, -0.11, -0.11, -0.11, -0.11, -0.11, -0.11, -0.11, -0.11, -0.11, -0.11, -0.11, 
-- optimal policy --
v  l  <  <  <  >  >  r  r  v  l  r  v  l  r  v  v  >  >  >  >  >  r  >  r  v  l  l  
v  l  L  L  L  l  r  r  >  r  <  >  r  <  >  r  v  l  R  R  R  r  >  r  >  v  <  <  
v  l  r  r  v  l  r  >  R  ^  r  R  ^  r  v  >  v  <  l  l  r  >  r  >  R  ^  L  <  
v  r  v  r  r  r  v  R  ^  >  r  r  v  l  r  v  v  l  l  l  l  R  >  R  r  v  l  L  
r  v  r  v  r  >  r  R  r  >  >  >  r  v  l  r  v  l  l  l  l  >  R  r  >  >  <  <  
r  r  v  r  v  R  ^  r  >  R  R  R  r  r  v  l  v  <  l  l  l  R  r  >  R  ^  L  <  
r  r  r  v  v  v  >  >  r  v  l  r  r  >  >  r  r  v  l  l  <  r  r  v  l  R  ^  L  
r  r  r  r  v  v  l  R  >  r  r  r  >  R  ^  >  r  r  v  l  L  r  >  v  <  <  ^  ^  
r  r  r  r  v  l  l  r  >  >  r  r  R  ^  >  r  >  r  v  l  r  >  R  ^  L  <  l  ^  
r  r  r  >  r  r  r  v  R  R  r  >  ^  <  >  >  R  >  r  r  r  R  R  r  v  l  l  <  
r  r  >  R  >  r  r  v  l  r  >  R  ^  L  R  R  R  r  >  r  >  R  r  >  v  <  l  l  
r  >  R  >  r  >  r  r  v  l  R  ^  ^  R  ^  L  r  >  r  >  R  r  >  R  ^  L  <  <  
>  R  r  r  >  r  >  r  r  v  l  l  v  l  >  r  r  r  >  R  R  r  r  v  l  L  L  L  
R  r  >  >  r  >  r  >  r  v  l  v  l  v  r  >  r  >  R  R  R  >  >  <  <  l  R  ^  
r  >  R  >  >  r  >  r  >  >  r  r  v  v  l  r  >  R  R  R  R  R  R  ^  L  r  R  ^  
>  R  >  r  >  >  r  >  R  ^  >  r  v  l  l  >  R  >  R  R  ^  L  R  >  r  >  R  ^  
R  >  r  >  r  >  >  R  R  r  r  >  l  <  l  R  >  R  R  ^  L  l  r  r  r  R  ^  ^  
>  R  >  r  >  R  R  R  r  r  r  r  v  v  l  R  R  R  >  r  r  v  l  l  l  l  l  L  
R  >  r  >  R  ^  L  r  r  r  r  >  r  v  l  r  R  R  R  >  >  v  <  <  <  <  <  <  
r  r  >  R  ^  r  r  r  r  r  >  r  >  v  <  >  R  ^  L  R  R  ^  L  L  <  <  <  <  
r  >  R  ^  >  >  r  >  >  r  r  >  R  ^  L  l  ^  r  r  r  R  ^  ^  L  <  <  <  l  
>  R  ^  >  >  >  >  >  >  >  >  R  ^  ^  L  <  >  >  >  >  R  ^  R  ^  L  <  <  <  
Correct actions (%) : 14.29
Avg angular diffs   : 105.78
