arguments: 27 7 1 -0.190476 -0.635281 0.0660173 -0.108225
loading features...

Initializing gridworld of size 28 by 22..
    Num states: 616
    Num actions: 8
recovered reward
-0.11, -0.11, -0.11, -0.11, -0.11, -0.06, -0.11, -0.11, -0.05, -0.11, -0.11, -0.04, -0.11, -0.11, -0.11, -0.11, -0.11, -0.11, -0.11, -0.16, -0.20, -0.16, -0.11, -0.11, -0.11, -0.11, -0.11, -0.11, 
-0.11, -0.11, -0.11, -0.11, -0.11, -0.11, -0.11, -0.11, -0.11, -0.11, -0.11, -0.11, -0.11, -0.04, -0.11, -0.11, -0.11, -0.11, -0.11, -0.20, -0.30, -0.20, -0.11, -0.11, -0.11, -0.11, -0.11, -0.11, 
-0.11, -0.11, -0.11, -0.11, -0.06, -0.11, -0.11, -0.11, -0.11, -0.11, -0.11, -0.11, -0.11, -0.11, -0.11, -0.11, -0.11, -0.11, -0.11, -0.16, -0.20, -0.16, -0.11, -0.11, -0.11, 0.07, -0.11, -0.11, 
-0.11, -0.11, -0.11, -0.07, -0.27, -0.43, -0.27, -0.11, -0.11, -0.11, -0.11, -0.11, -0.11, -0.11, -0.11, -0.11, -0.11, -0.11, -0.11, -0.11, -0.11, -0.11, -0.11, -0.16, -0.20, -0.16, -0.11, -0.11, 
-0.11, -0.11, -0.11, -0.11, -0.43, -0.74, -0.43, -0.27, -0.43, -0.27, -0.11, -0.11, -0.11, -0.11, -0.03, -0.11, -0.27, -0.43, -0.27, -0.11, -0.11, -0.11, -0.11, -0.20, -0.13, -0.20, -0.11, -0.11, 
-0.11, -0.11, -0.11, -0.11, -0.27, -0.43, -0.27, -0.43, -0.74, -0.43, -0.11, -0.11, -0.11, -0.11, -0.11, -0.11, -0.43, -0.74, -0.43, -0.27, -0.43, -0.27, -0.11, -0.16, -0.36, -0.47, -0.27, -0.11, 
-0.27, -0.43, -0.23, -0.11, -0.11, -0.11, -0.11, -0.27, -0.43, -0.27, -0.11, -0.11, -0.02, -0.11, -0.11, -0.11, -0.27, -0.43, -0.27, -0.43, -0.74, -0.43, -0.11, -0.11, -0.43, -0.74, -0.43, -0.11, 
-0.43, -0.74, -0.43, -0.11, -0.11, -0.11, -0.11, -0.11, -0.11, -0.11, -0.11, -0.11, -0.11, -0.11, -0.11, -0.11, -0.11, -0.11, -0.11, -0.27, -0.43, -0.27, 0.06, -0.11, -0.27, -0.43, -0.27, -0.11, 
-0.27, -0.43, -0.27, -0.11, -0.11, -0.11, -0.11, -0.11, -0.11, -0.11, -0.11, -0.11, -0.11, -0.11, -0.11, -0.11, -0.11, -0.11, -0.11, -0.11, -0.11, -0.11, -0.11, -0.11, -0.11, -0.11, -0.11, -0.11, 
-0.11, -0.08, -0.11, -0.11, -0.11, -0.11, -0.11, -0.11, -0.27, -0.43, -0.27, -0.02, -0.11, -0.11, -0.16, -0.20, -0.16, -0.16, -0.36, -0.47, -0.27, -0.11, -0.11, -0.11, -0.11, -0.11, -0.11, -0.11, 
-0.11, -0.11, -0.11, -0.11, -0.11, -0.11, -0.27, -0.43, -0.27, -0.74, -0.43, -0.11, -0.11, -0.11, -0.16, -0.20, -0.16, -0.20, -0.47, -0.84, -0.47, -0.11, -0.11, 0.05, -0.11, -0.11, -0.11, -0.11, 
-0.11, -0.27, -0.43, -0.27, -0.11, -0.11, -0.43, -0.74, -0.43, -0.43, -0.27, -0.11, -0.11, -0.11, -0.20, -0.30, -0.20, -0.16, -0.36, -0.62, -0.36, -0.11, -0.11, -0.11, -0.11, -0.11, -0.11, -0.11, 
-0.11, -0.47, -0.84, -0.47, -0.11, -0.11, -0.27, -0.43, -0.27, -0.11, -0.01, -0.11, -0.11, -0.11, -0.16, -0.20, -0.16, -0.11, -0.16, -0.20, -0.16, -0.11, -0.11, -0.11, -0.11, -0.11, -0.11, -0.11, 
-0.11, -0.34, -0.62, -0.36, -0.11, -0.11, -0.11, -0.11, -0.11, -0.11, -0.11, -0.16, -0.20, -0.16, -0.11, -0.11, -0.11, -0.11, -0.11, -0.11, -0.11, -0.11, -0.11, 0.04, -0.11, -0.11, -0.11, -0.11, 
-0.11, -0.16, -0.20, -0.16, -0.11, -0.11, -0.11, -0.11, -0.11, -0.11, -0.11, -0.20, -0.30, -0.20, -0.11, -0.11, -0.11, -0.16, -0.20, -0.16, -0.11, -0.11, -0.11, -0.11, -0.11, -0.11, -0.11, -0.11, 
-0.11, -0.11, -0.11, -0.11, -0.11, -0.11, -0.11, -0.11, -0.11, -0.11, -0.11, -0.05, -0.20, -0.16, -0.16, -0.20, -0.16, -0.20, -0.30, -0.20, -0.11, -0.11, -0.11, -0.11, -0.11, -0.11, -0.11, -0.11, 
-0.11, -0.10, -0.11, -0.11, -0.11, -0.11, -0.11, -0.11, -0.27, -0.43, -0.27, -0.11, -0.11, -0.11, -0.20, -0.30, -0.20, -0.16, -0.20, -0.16, -0.11, -0.11, -0.11, 0.04, -0.16, -0.20, -0.16, -0.11, 
-0.11, -0.11, -0.11, -0.11, -0.11, -0.11, -0.11, -0.11, -0.43, -0.74, -0.43, -0.11, -0.11, -0.11, -0.16, -0.20, -0.16, -0.11, -0.11, -0.11, -0.11, -0.11, -0.11, -0.11, -0.20, -0.30, -0.20, -0.11, 
-0.11, -0.11, -0.11, -0.11, -0.11, -0.11, -0.11, -0.11, -0.27, -0.43, -0.27, 0.00, -0.11, -0.11, -0.11, -0.11, -0.11, -0.11, -0.11, -0.11, -0.11, 0.03, -0.11, -0.11, -0.16, -0.20, -0.16, -0.11, 
-0.10, -0.11, -0.11, -0.11, -0.11, -0.11, -0.11, -0.11, -0.11, -0.11, -0.11, -0.11, 0.01, -0.11, -0.11, 0.02, -0.11, -0.11, 0.02, -0.11, -0.11, -0.11, -0.11, -0.11, -0.11, -0.11, -0.11, -0.11, 
-0.11, -0.11, -0.11, -0.11, -0.11, -0.11, -0.11, -0.11, -0.11, -0.11, -0.11, -0.11, -0.11, -0.11, -0.11, -0.11, -0.11, -0.11, -0.11, -0.11, -0.11, -0.11, -0.11, -0.11, -0.11, -0.11, -0.11, -0.11, 
-0.11, -0.11, -0.11, -0.11, -0.11, -0.11, -0.11, -0.11, -0.11, -0.11, -0.11, -0.11, -0.11, -0.11, -0.11, -0.11, -0.11, -0.11, -0.11, -0.11, -0.11, -0.11, -0.11, -0.11, -0.11, -0.11, -0.11, -0.11, 
-- optimal policy --
r  >  r  r  >  ^  <  >  ^  <  >  ^  <  v  l  <  l  v  l  l  >  >  r  r  r  v  l  l  
r  r  r  r  R  ^  L  R  ^  L  R  ^  L  L  <  L  v  l  l  l  R  >  r  r  r  v  l  <  
r  r  r  >  l  <  R  ^  ^  R  ^  L  R  ^  L  v  l  l  <  r  r  >  R  >  >  <  <  l  
>  >  >  R  ^  L  L  ^  R  r  r  R  >  r  v  l  l  <  <  >  r  R  R  R  R  ^  L  <  
R  R  R  ^  L  L  R  R  R  >  r  r  v  >  l  <  l  L  L  >  >  r  v  l  R  R  ^  L  
R  R  R  ^  L  l  l  l  r  r  >  r  v  l  ^  L  <  L  R  R  R  r  v  l  l  R  ^  ^  
R  R  ^  L  L  <  r  r  r  v  >  >  ^  <  <  ^  L  l  v  l  r  r  v  l  l  l  R  ^  
v  R  r  v  l  L  >  >  >  r  v  R  ^  L  L  <  L  <  r  r  r  >  >  <  <  l  l  l  
r  v  l  l  l  <  >  >  >  >  r  v  l  l  L  L  L  L  >  >  >  R  ^  L  L  l  l  <  
>  v  <  l  <  <  >  R  R  R  >  r  <  l  l  L  L  R  R  R  R  R  r  v  l  l  <  l  
R  ^  L  <  <  <  R  ^  L  r  R  ^  L  <  <  L  ^  L  L  R  R  r  >  ^  <  <  <  <  
R  ^  L  L  L  L  L  r  r  r  v  l  <  L  L  L  r  v  l  r  R  >  R  ^  L  L  <  <  
^  L  L  R  ^  L  r  r  >  >  v  <  L  <  L  l  l  r  r  r  >  R  r  v  l  L  L  <  
v  l  r  r  v  >  r  >  R  R  ^  L  L  L  L  <  <  >  >  >  R  r  >  l  <  <  L  L  
v  v  v  l  l  R  >  R  R  R  r  v  l  R  ^  L  <  R  R  R  >  >  R  ^  L  <  L  L  
r  v  l  <  l  >  R  R  R  >  >  <  <  l  l  ^  L  L  r  r  >  R  r  v  l  L  <  L  
>  >  <  l  <  R  R  R  R  R  R  ^  L  l  l  l  r  v  r  r  r  r  >  l  <  L  L  L  
R  ^  L  <  L  R  r  v  l  r  r  v  l  v  l  v  r  r  v  r  r  v  R  ^  L  L  R  ^  
v  l  ^  L  L  L  >  r  r  r  >  r  v  l  r  v  l  r  v  l  >  R  <  L  L  l  l  ^  
<  <  l  ^  L  L  >  >  r  >  R  >  L  <  >  l  <  >  r  <  R  ^  L  <  L  <  <  l  
^  L  <  L  ^  L  >  R  >  R  >  R  ^  L  R  ^  L  R  ^  L  ^  ^  L  L  <  L  L  <  
R  ^  L  <  <  >  >  >  R  >  R  ^  L  ^  L  ^  R  R  R  ^  L  R  ^  L  L  <  L  L  
Correct actions (%) : 13.79
Avg angular diffs   : 96.21
