arguments: 27 25 2 0.636902 -0.182232 -0.0897494 -0.0911162

Initializing gridworld of size 28 by 22..
    Num states: 616
    Num actions: 8
recovered reward
-0.09, -0.09, -0.09, -0.09, -0.09, -0.09, -0.09, -0.09, -0.09, -0.09, -0.09, -0.09, -0.09, -0.09, -0.09, -0.09, -0.09, -0.09, -0.09, -0.09, -0.09, -0.09, -0.09, -0.09, -0.09, -0.09, -0.09, -0.09, 
-0.09, -0.09, -0.09, -0.09, -0.09, -0.09, -0.09, -0.09, -0.09, -0.09, -0.09, -0.09, -0.09, -0.09, -0.09, -0.09, -0.09, -0.09, -0.09, -0.09, -0.09, -0.09, -0.09, -0.09, -0.09, -0.09, -0.09, -0.09, 
-0.09, -0.09, -0.09, -0.09, -0.09, -0.09, -0.09, -0.09, -0.09, -0.09, -0.09, -0.09, -0.09, -0.09, -0.09, -0.09, -0.09, -0.09, -0.09, -0.09, -0.09, -0.09, -0.09, -0.09, -0.09, -0.09, -0.09, -0.09, 
-0.09, -0.09, -0.09, -0.09, -0.09, -0.09, -0.09, -0.09, -0.09, -0.09, -0.09, -0.09, -0.09, -0.09, -0.09, -0.09, -0.09, -0.09, -0.09, -0.09, -0.09, -0.09, -0.09, -0.09, -0.09, -0.09, -0.09, -0.09, 
-0.09, -0.09, -0.09, -0.09, -0.09, -0.09, -0.09, -0.09, -0.09, -0.09, -0.09, -0.09, -0.09, -0.09, -0.09, -0.09, -0.09, -0.09, -0.09, -0.09, -0.09, -0.09, -0.09, -0.09, -0.09, -0.09, -0.09, -0.09, 
-0.09, -0.09, -0.09, -0.09, -0.09, -0.09, -0.09, -0.09, -0.09, -0.09, -0.09, -0.09, -0.09, -0.09, -0.09, -0.09, -0.09, -0.09, -0.09, -0.09, -0.09, -0.09, -0.09, -0.09, -0.09, -0.09, -0.09, -0.09, 
-0.09, -0.09, -0.09, -0.09, -0.09, -0.09, -0.09, -0.09, -0.09, -0.09, -0.09, -0.09, -0.09, -0.09, -0.09, -0.09, -0.09, -0.09, -0.09, -0.09, -0.09, -0.09, -0.09, -0.09, -0.09, -0.09, -0.09, -0.09, 
-0.09, -0.09, -0.09, -0.09, -0.09, -0.09, -0.09, -0.09, -0.09, -0.09, -0.09, -0.09, -0.09, -0.09, -0.09, -0.09, -0.09, -0.09, -0.09, -0.09, -0.09, -0.09, -0.09, -0.09, -0.09, -0.09, -0.09, -0.09, 
-0.09, -0.09, -0.09, -0.09, -0.09, -0.09, -0.09, -0.09, -0.09, -0.09, -0.09, -0.09, -0.09, -0.09, -0.09, -0.09, -0.09, -0.09, -0.09, -0.09, -0.09, -0.09, -0.09, -0.09, -0.09, -0.09, -0.09, -0.09, 
-0.09, -0.09, -0.09, -0.09, -0.09, -0.09, -0.09, -0.09, -0.09, -0.09, -0.09, -0.09, -0.09, -0.09, -0.09, -0.09, -0.09, -0.09, -0.09, -0.09, -0.09, -0.09, -0.09, -0.09, -0.09, -0.09, -0.09, -0.09, 
-0.09, -0.09, -0.09, -0.09, -0.09, -0.09, -0.09, -0.09, -0.09, -0.09, -0.09, -0.09, -0.09, -0.09, -0.09, -0.09, -0.09, -0.09, -0.09, -0.09, -0.09, -0.09, -0.09, -0.09, -0.09, -0.09, -0.09, -0.09, 
-0.09, -0.09, -0.09, -0.09, -0.09, -0.09, -0.09, -0.09, -0.09, -0.09, -0.09, -0.09, -0.09, -0.09, -0.09, -0.09, -0.09, -0.09, -0.09, -0.09, -0.09, -0.09, -0.09, -0.09, -0.09, -0.09, -0.09, -0.09, 
-0.09, -0.09, -0.09, -0.09, -0.09, -0.09, -0.09, -0.09, -0.09, -0.09, -0.09, -0.09, -0.09, -0.09, -0.09, -0.09, -0.09, -0.09, -0.09, -0.09, -0.09, -0.09, -0.09, -0.09, -0.09, -0.09, -0.09, -0.09, 
-0.09, -0.09, -0.09, -0.09, -0.09, -0.09, -0.09, -0.09, -0.09, -0.09, -0.09, -0.09, -0.09, -0.09, -0.09, -0.09, -0.09, -0.09, -0.09, -0.09, -0.09, -0.09, -0.09, -0.09, -0.09, -0.09, -0.09, -0.09, 
-0.09, -0.09, -0.09, -0.09, -0.09, -0.09, -0.09, -0.09, -0.09, -0.09, -0.09, -0.09, -0.09, -0.09, -0.09, -0.09, -0.09, -0.09, -0.09, -0.09, -0.09, -0.09, -0.09, -0.09, -0.09, -0.09, -0.09, -0.09, 
-0.09, -0.09, -0.09, -0.09, -0.09, -0.09, -0.09, -0.09, -0.09, -0.09, -0.09, -0.09, -0.09, -0.09, -0.09, -0.09, -0.09, -0.09, -0.09, -0.09, -0.09, -0.09, -0.09, -0.09, -0.09, -0.09, -0.09, -0.09, 
-0.09, -0.09, -0.09, -0.09, -0.09, -0.09, -0.09, -0.09, -0.09, -0.09, -0.09, -0.09, -0.09, -0.09, -0.09, -0.09, -0.09, -0.09, -0.09, -0.09, -0.09, -0.09, -0.09, -0.09, -0.09, -0.09, -0.09, -0.09, 
-0.09, -0.09, -0.09, -0.09, -0.09, -0.09, -0.09, -0.09, -0.09, -0.09, -0.09, -0.09, -0.09, -0.09, -0.09, -0.09, -0.09, -0.09, -0.09, -0.09, -0.09, -0.09, -0.09, -0.09, -0.09, -0.09, -0.09, -0.09, 
-0.09, -0.09, -0.09, -0.09, -0.09, -0.09, -0.09, -0.09, -0.09, -0.09, -0.09, -0.09, -0.09, -0.09, -0.09, -0.09, -0.09, -0.09, -0.09, -0.09, -0.09, -0.09, -0.09, -0.09, -0.09, -0.09, -0.09, -0.09, 
-0.09, -0.09, -0.09, -0.09, -0.09, -0.09, -0.09, -0.09, -0.09, -0.09, -0.09, -0.09, -0.09, -0.09, -0.09, -0.09, -0.09, -0.09, -0.09, -0.09, -0.09, -0.09, -0.09, -0.09, -0.09, -0.09, -0.09, -0.09, 
-0.09, -0.09, -0.09, -0.09, -0.09, -0.09, -0.09, -0.09, -0.09, -0.09, -0.09, -0.09, -0.09, -0.09, -0.09, -0.09, -0.09, -0.09, -0.09, -0.09, -0.09, -0.09, -0.09, -0.09, -0.09, -0.09, -0.09, -0.09, 
-0.09, -0.09, -0.09, -0.09, -0.09, -0.09, -0.09, -0.09, -0.09, -0.09, -0.09, -0.09, -0.09, -0.09, -0.09, -0.09, -0.09, -0.09, -0.09, -0.09, -0.09, -0.09, -0.09, -0.09, -0.09, -0.09, -0.09, -0.09, 
-- optimal policy --
R  <  r  >  L  >  ^  ^  <  R  <  ^  <  <  l  >  >  r  <  l  >  L  <  >  ^  <  ^  >  
^  L  >  R  ^  ^  ^  ^  R  ^  L  ^  L  R  L  >  r  <  r  >  R  ^  L  ^  ^  >  r  ^  
<  <  ^  ^  L  L  l  R  ^  L  >  R  R  <  ^  R  r  L  v  r  r  ^  <  ^  v  R  ^  r  
^  L  <  R  >  l  r  l  >  R  <  >  r  R  ^  L  r  ^  v  r  R  <  l  L  <  ^  R  ^  
^  ^  L  l  R  ^  L  ^  l  >  l  <  ^  v  R  r  l  R  >  l  R  R  R  <  r  r  v  v  
>  >  l  l  L  v  L  v  v  ^  v  r  >  ^  v  L  v  l  >  r  >  r  R  v  L  >  >  >  
v  l  R  ^  R  >  l  v  L  >  <  R  >  >  R  r  >  l  >  L  R  l  L  ^  R  >  v  v  
L  <  l  v  r  <  <  L  l  ^  R  <  >  r  ^  r  <  R  l  l  >  v  <  ^  r  >  v  R  
^  L  <  L  r  >  R  l  l  r  <  L  ^  r  l  >  l  l  <  v  >  ^  r  r  v  >  r  v  
^  L  L  ^  >  L  L  <  ^  v  v  l  v  >  <  v  >  ^  L  v  r  r  <  <  r  R  ^  v  
v  l  <  >  v  ^  >  L  L  r  r  L  ^  ^  <  v  >  L  <  l  R  r  ^  L  l  r  v  R  
L  <  l  r  v  ^  <  <  ^  R  r  R  L  l  v  L  l  L  l  v  ^  ^  ^  R  r  >  v  R  
<  <  l  l  ^  v  R  v  <  r  >  <  L  <  r  ^  ^  v  R  l  R  >  ^  R  >  >  >  >  
^  L  <  <  L  >  v  L  R  l  R  r  l  v  v  <  >  v  >  L  <  ^  <  r  >  R  ^  ^  
<  <  L  <  L  <  R  ^  R  l  R  <  L  <  v  <  >  >  R  r  L  ^  >  l  ^  R  >  >  
^  L  v  <  v  >  R  R  R  <  R  <  ^  <  R  L  R  l  r  ^  v  L  r  r  v  l  R  ^  
^  L  r  ^  <  ^  <  >  >  r  ^  ^  v  R  >  v  ^  ^  l  R  l  R  R  >  v  <  v  R  
^  L  v  r  v  ^  r  >  ^  <  l  L  v  l  L  >  L  r  L  L  r  <  v  >  r  v  l  ^  
v  l  l  >  L  l  <  l  l  <  v  r  L  ^  >  R  l  r  ^  <  r  R  l  R  ^  r  ^  r  
l  <  v  l  l  R  L  <  >  r  ^  <  v  <  v  R  <  L  <  ^  >  >  >  r  v  ^  v  r  
v  <  v  l  ^  l  ^  l  >  R  r  v  v  l  r  v  v  l  <  r  v  l  v  >  r  v  >  r  
<  L  r  <  <  R  <  <  >  <  >  l  r  <  >  >  v  <  ^  >  r  <  v  <  r  r  R  l  
