arguments: 27 32 3 -0.11336 -0.576923 -0.107287 -0.202429
loading features...

Initializing gridworld of size 28 by 22..
    Num states: 616
    Num actions: 8
recovered reward
-0.20, -0.20, -0.20, -0.20, -0.20, -0.20, -0.20, -0.20, -0.20, -0.45, -0.20, -0.20, -0.20, -0.46, -0.20, -0.20, -0.20, -0.47, -0.20, -0.20, -0.48, -0.20, -0.49, -0.20, -0.20, -0.50, -0.20, -0.20, 
-0.20, -0.20, -0.20, -0.20, -0.20, -0.20, -0.44, -0.20, -0.20, -0.20, -0.20, -0.20, -0.20, -0.20, -0.20, -0.20, -0.20, -0.20, -0.20, -0.20, -0.20, -0.20, -0.20, -0.20, -0.20, -0.20, -0.20, -0.20, 
-0.20, -0.20, -0.20, -0.20, -0.20, -0.20, -0.20, -0.20, -0.20, -0.20, -0.20, -0.20, -0.20, -0.20, -0.20, -0.20, -0.20, -0.20, -0.20, -0.32, -0.20, -0.20, -0.20, -0.20, -0.20, -0.20, -0.20, -0.20, 
-0.20, -0.20, -0.20, -0.20, -0.43, -0.20, -0.20, -0.78, -0.20, -0.20, -0.20, -0.20, -0.78, -0.20, -0.32, -0.20, -0.20, -0.20, -0.20, -0.20, -0.20, -0.20, -0.20, -0.20, -0.20, -0.20, -0.20, -0.20, 
-0.20, -0.20, -0.20, -0.20, -0.20, -0.20, -0.20, -0.20, -0.20, -0.20, -0.20, -0.20, -0.20, -0.20, -0.20, -0.78, -0.20, -0.32, -0.20, -0.32, -0.20, -0.20, -0.20, -0.20, -0.20, -0.20, -0.20, -0.20, 
-0.20, -0.20, -0.20, -0.20, -0.20, -0.20, -0.20, -0.20, -0.20, -0.20, -0.20, -0.20, -0.20, -0.20, -0.20, -0.20, -0.20, -0.20, -0.20, -0.20, -0.20, -0.20, -0.20, -0.20, -0.20, -0.78, -0.20, -0.20, 
-0.20, -0.20, -0.20, -0.20, -0.42, -0.20, -0.20, -0.78, -0.20, -0.20, -0.20, -0.20, -0.20, -0.20, -0.20, -0.20, -0.20, -0.20, -0.20, -0.20, -0.20, -0.20, -0.20, -0.20, -0.20, -0.20, -0.20, -0.20, 
-0.20, -0.20, -0.20, -0.20, -0.20, -0.20, -0.41, -0.20, -0.20, -0.20, -0.20, -0.20, -0.20, -0.20, -0.20, -0.20, -0.20, -0.20, -0.20, -0.20, -0.20, -0.20, -0.20, -0.20, -0.20, -0.20, -0.20, -0.20, 
-0.20, -0.20, -0.20, -0.20, -0.20, -0.20, -0.20, -0.20, -0.20, -0.32, -0.20, -0.20, -0.20, -0.20, -0.20, -0.20, -0.20, -0.20, -0.20, -0.20, -0.20, -0.20, -0.20, -0.20, -0.20, -0.20, -0.20, -0.20, 
-0.20, -0.20, -0.20, -0.20, -0.20, -0.20, -0.20, -0.40, -0.20, -0.20, -0.20, -0.20, -0.20, -0.20, -0.20, -0.20, -0.20, -0.20, -0.20, -0.20, -0.20, -0.20, -0.20, -0.20, -0.20, -0.20, -0.32, -0.20, 
-0.20, -0.20, -0.20, -0.20, -0.20, -0.20, -0.20, -0.20, -0.20, -0.20, -0.20, -0.20, -0.20, -0.20, -0.20, -0.20, -0.20, -0.20, -0.20, -0.20, -0.20, -0.20, -0.20, -0.20, -0.20, -0.20, -0.20, -0.20, 
-0.20, -0.20, -0.20, -0.20, -0.20, -0.20, -0.20, -0.20, -0.20, -0.20, -0.78, -0.20, -0.20, -0.20, -0.32, -0.20, -0.20, -0.20, -0.32, -0.20, -0.20, -0.20, -0.20, -0.20, -0.20, -0.20, -0.20, -0.20, 
-0.20, -0.20, -0.20, -0.20, -0.20, -0.20, -0.20, -0.20, -0.20, -0.20, -0.20, -0.20, -0.20, -0.20, -0.20, -0.20, -0.20, -0.20, -0.20, -0.20, -0.20, -0.20, -0.20, -0.20, -0.20, -0.20, -0.20, -0.20, 
-0.20, -0.20, -0.20, -0.20, -0.20, -0.20, -0.20, -0.38, -0.20, -0.78, -0.20, -0.20, -0.20, -0.20, -0.20, -0.20, -0.20, -0.20, -0.20, -0.20, -0.20, -0.20, -0.20, -0.20, -0.20, -0.78, -0.20, -0.20, 
-0.20, -0.20, -0.20, -0.20, -0.20, -0.20, -0.20, -0.20, -0.37, -0.20, -0.32, -0.20, -0.20, -0.20, -0.20, -0.20, -0.20, -0.20, -0.20, -0.20, -0.33, -0.20, -0.20, -0.32, -0.20, -0.20, -0.31, -0.20, 
-0.20, -0.20, -0.20, -0.20, -0.20, -0.20, -0.20, -0.20, -0.20, -0.20, -0.20, -0.20, -0.36, -0.20, -0.20, -0.35, -0.20, -0.20, -0.34, -0.20, -0.20, -0.20, -0.20, -0.32, -0.20, -0.20, -0.20, -0.20, 
-0.20, -0.20, -0.20, -0.20, -0.20, -0.20, -0.78, -0.20, -0.20, -0.20, -0.20, -0.78, -0.20, -0.20, -0.20, -0.20, -0.20, -0.20, -0.20, -0.20, -0.20, -0.20, -0.20, -0.20, -0.20, -0.20, -0.20, -0.20, 
-0.20, -0.20, -0.20, -0.20, -0.20, -0.20, -0.20, -0.20, -0.20, -0.20, -0.20, -0.20, -0.20, -0.20, -0.20, -0.20, -0.78, -0.20, -0.20, -0.20, -0.20, -0.20, -0.20, -0.32, -0.20, -0.20, -0.20, -0.30, 
-0.20, -0.20, -0.20, -0.20, -0.20, -0.20, -0.20, -0.20, -0.20, -0.20, -0.20, -0.20, -0.20, -0.20, -0.20, -0.20, -0.20, -0.20, -0.20, -0.20, -0.32, -0.20, -0.20, -0.20, -0.20, -0.20, -0.20, -0.20, 
-0.20, -0.20, -0.21, -0.20, -0.20, -0.22, -0.20, -0.20, -0.23, -0.20, -0.20, -0.25, -0.20, -0.20, -0.26, -0.20, -0.20, -0.27, -0.20, -0.20, -0.28, -0.20, -0.20, -0.29, -0.20, -0.20, -0.20, -0.20, 
-0.20, -0.20, -0.20, -0.20, -0.20, -0.20, -0.20, -0.20, -0.20, -0.20, -0.20, -0.20, -0.20, -0.20, -0.20, -0.20, -0.20, -0.20, -0.20, -0.20, -0.20, -0.20, -0.20, -0.20, -0.20, -0.20, -0.20, -0.20, 
-0.20, -0.20, -0.20, -0.20, -0.20, -0.20, -0.20, -0.20, -0.20, -0.20, -0.20, -0.20, -0.20, -0.20, -0.20, -0.20, -0.20, -0.20, -0.20, -0.20, -0.20, -0.20, -0.20, -0.20, -0.20, -0.20, -0.20, -0.20, 
-- optimal policy --
>  >  >  R  <  >  ^  <  R  <  >  >  L  >  L  >  ^  <  L  R  <  R  <  v  v  >  ^  v  
v  R  R  ^  L  R  ^  L  ^  L  ^  R  ^  L  ^  ^  L  L  ^  L  L  ^  L  r  v  R  ^  r  
v  l  <  v  l  <  v  l  <  v  v  >  r  v  r  v  r  v  v  v  >  >  >  >  r  v  R  ^  
L  <  v  l  <  L  l  <  L  v  v  v  >  r  v  r  v  r  v  r  v  R  R  R  >  >  >  >  
v  <  l  <  L  l  <  L  v  v  v  l  >  >  r  >  r  r  r  r  v  v  r  R  R  ^  R  ^  
<  l  <  L  l  <  L  l  v  v  l  <  >  >  >  >  >  >  >  >  >  >  >  r  v  v  v  v  
v  ^  L  v  l  L  l  v  v  l  <  L  R  R  ^  R  ^  ^  R  R  R  R  >  >  >  r  v  v  
v  <  v  l  <  r  v  v  l  <  L  >  r  v  r  v  r  v  v  >  r  v  R  R  R  >  r  v  
<  v  l  <  L  v  v  l  <  L  v  >  >  r  v  r  >  r  v  v  >  r  v  >  r  v  >  r  
l  l  <  L  r  v  v  l  L  v  v  v  >  >  r  v  v  >  r  v  R  >  r  v  >  r  v  >  
<  ^  L  v  v  v  v  <  v  v  l  v  v  >  >  r  r  R  >  r  >  >  >  r  >  >  v  l  
^  L  v  v  v  v  l  <  v  v  v  v  v  v  >  r  v  r  >  >  >  >  >  >  >  >  v  <  
v  v  v  v  v  l  <  L  v  l  v  v  v  v  v  >  r  v  v  l  R  R  R  ^  R  R  v  >  
r  v  v  v  l  <  L  v  l  v  r  v  v  v  v  v  >  r  v  <  r  v  v  r  v  >  >  v  
>  r  v  l  <  L  v  l  <  v  r  v  l  v  l  r  v  >  r  v  v  r  v  >  r  R  >  r  
v  >  v  <  L  v  l  v  v  v  v  r  v  l  v  v  l  R  >  >  r  v  r  v  v  >  >  r  
v  v  l  <  v  v  l  v  v  v  v  v  l  v  v  v  l  v  v  v  v  r  v  r  v  R  R  ^  
r  v  ^  v  v  l  v  v  v  v  v  v  v  v  v  v  v  v  v  v  l  v  r  r  v  <  v  v  
v  l  <  v  l  <  v  l  r  v  v  l  r  v  l  v  l  r  v  v  l  v  v  >  v  <  v  v  
L  <  v  v  ^  >  v  v  r  v  v  l  v  r  v  l  <  r  v  l  r  v  v  v  l  <  v  v  
^  L  v  l  <  >  r  v  >  v  l  <  r  v  l  <  >  >  v  v  v  l  r  r  v  v  l  v  
>  >  v  <  L  >  >  r  <  r  ^  L  >  v  <  L  >  >  v  r  l  ^  ^  v  v  v  <  R  
Correct actions (%) : 9.91
Avg angular diffs   : 92.43
