arguments: 27 31 3 -0.0758929 -0.415179 -0.0625 -0.446429
loading features...

Initializing gridworld of size 28 by 22..
    Num states: 616
    Num actions: 8
recovered reward
-0.45, -0.45, -0.45, -0.45, -0.45, -0.45, -0.45, -0.45, -0.45, -0.45, -0.45, -0.45, -0.45, -0.45, -0.45, -0.45, -0.45, -0.45, -0.45, -0.45, -0.45, -0.45, -0.45, -0.45, -0.45, -0.45, -0.45, -0.45, 
-0.45, -0.45, -0.45, -0.86, -0.45, -0.45, -0.45, -0.45, -0.45, -0.50, -0.45, -0.45, -0.50, -0.45, -0.45, -0.45, -0.45, -0.45, -0.45, -0.45, -0.45, -0.45, -0.45, -0.45, -0.45, -0.61, -0.45, -0.45, 
-0.45, -0.45, -0.45, -0.45, -0.45, -0.45, -0.45, -0.45, -0.45, -0.45, -0.45, -0.45, -0.45, -0.45, -0.45, -0.45, -0.51, -0.45, -0.45, -0.45, -0.45, -0.45, -0.45, -0.45, -0.45, -0.45, -0.45, -0.45, 
-0.45, -0.45, -0.45, -0.52, -0.45, -0.86, -0.45, -0.49, -0.45, -0.45, -0.52, -0.45, -0.45, -0.45, -0.45, -0.45, -0.45, -0.45, -0.45, -0.52, -0.45, -0.45, -0.45, -0.45, -0.45, -0.86, -0.45, -0.45, 
-0.45, -0.45, -0.45, -0.45, -0.45, -0.45, -0.48, -0.45, -0.45, -0.45, -0.45, -0.45, -0.45, -0.45, -0.45, -0.45, -0.45, -0.45, -0.45, -0.45, -0.45, -0.45, -0.45, -0.45, -0.86, -0.60, -0.45, -0.45, 
-0.45, -0.45, -0.45, -0.45, -0.45, -0.45, -0.45, -0.45, -0.45, -0.45, -0.45, -0.45, -0.45, -0.45, -0.45, -0.45, -0.52, -0.45, -0.45, -0.45, -0.45, -0.45, -0.52, -0.45, -0.45, -0.45, -0.45, -0.45, 
-0.45, -0.45, -0.45, -0.45, -0.48, -0.45, -0.45, -0.45, -0.45, -0.45, -0.45, -0.45, -0.45, -0.86, -0.52, -0.45, -0.45, -0.45, -0.45, -0.45, -0.45, -0.45, -0.45, -0.45, -0.45, -0.45, -0.45, -0.45, 
-0.45, -0.45, -0.45, -0.45, -0.45, -0.45, -0.52, -0.45, -0.45, -0.45, -0.45, -0.45, -0.45, -0.45, -0.45, -0.45, -0.45, -0.45, -0.45, -0.45, -0.45, -0.45, -0.45, -0.60, -0.45, -0.45, -0.45, -0.45, 
-0.45, -0.45, -0.45, -0.45, -0.45, -0.86, -0.45, -0.45, -0.45, -0.45, -0.45, -0.45, -0.45, -0.45, -0.45, -0.45, -0.45, -0.45, -0.45, -0.45, -0.45, -0.45, -0.45, -0.45, -0.45, -0.86, -0.45, -0.45, 
-0.45, -0.45, -0.45, -0.45, -0.47, -0.45, -0.45, -0.45, -0.45, -0.45, -0.45, -0.45, -0.53, -0.52, -0.45, -0.45, -0.45, -0.45, -0.45, -0.52, -0.45, -0.45, -0.45, -0.45, -0.45, -0.45, -0.45, -0.45, 
-0.45, -0.45, -0.45, -0.45, -0.45, -0.45, -0.45, -0.45, -0.45, -0.45, -0.45, -0.45, -0.45, -0.45, -0.45, -0.45, -0.45, -0.45, -0.45, -0.45, -0.45, -0.45, -0.45, -0.45, -0.59, -0.45, -0.45, -0.45, 
-0.45, -0.45, -0.45, -0.45, -0.86, -0.45, -0.45, -0.45, -0.45, -0.45, -0.53, -0.45, -0.45, -0.45, -0.45, -0.45, -0.45, -0.45, -0.45, -0.45, -0.45, -0.45, -0.45, -0.45, -0.45, -0.45, -0.45, -0.45, 
-0.86, -0.45, -0.45, -0.45, -0.45, -0.45, -0.45, -0.45, -0.45, -0.45, -0.45, -0.45, -0.45, -0.45, -0.52, -0.45, -0.45, -0.45, -0.45, -0.45, -0.45, -0.45, -0.45, -0.45, -0.45, -0.45, -0.45, -0.45, 
-0.45, -0.45, -0.45, -0.47, -0.45, -0.45, -0.45, -0.45, -0.45, -0.45, -0.45, -0.45, -0.45, -0.45, -0.45, -0.45, -0.45, -0.45, -0.45, -0.52, -0.45, -0.45, -0.45, -0.58, -0.45, -0.45, -0.45, -0.45, 
-0.45, -0.45, -0.45, -0.45, -0.45, -0.45, -0.45, -0.45, -0.45, -0.54, -0.45, -0.45, -0.45, -0.45, -0.45, -0.52, -0.45, -0.45, -0.45, -0.45, -0.45, -0.45, -0.45, -0.45, -0.45, -0.45, -0.45, -0.45, 
-0.45, -0.45, -0.45, -0.45, -0.45, -0.45, -0.45, -0.45, -0.45, -0.45, -0.86, -0.45, -0.52, -0.45, -0.45, -0.45, -0.45, -0.45, -0.45, -0.45, -0.45, -0.45, -0.45, -0.45, -0.45, -0.45, -0.45, -0.45, 
-0.45, -0.45, -0.46, -0.45, -0.45, -0.45, -0.45, -0.45, -0.45, -0.45, -0.45, -0.45, -0.55, -0.45, -0.45, -0.45, -0.45, -0.45, -0.45, -0.52, -0.45, -0.45, -0.45, -0.58, -0.45, -0.45, -0.45, -0.45, 
-0.45, -0.45, -0.45, -0.45, -0.45, -0.45, -0.45, -0.45, -0.45, -0.45, -0.45, -0.45, -0.45, -0.45, -0.45, -0.45, -0.45, -0.45, -0.45, -0.45, -0.45, -0.45, -0.45, -0.45, -0.45, -0.86, -0.45, -0.45, 
-0.45, -0.45, -0.45, -0.45, -0.45, -0.86, -0.45, -0.45, -0.45, -0.45, -0.45, -0.45, -0.45, -0.45, -0.45, -0.45, -0.45, -0.45, -0.45, -0.45, -0.45, -0.57, -0.45, -0.45, -0.45, -0.45, -0.45, -0.45, 
-0.45, -0.45, -0.45, -0.45, -0.45, -0.45, -0.45, -0.45, -0.45, -0.45, -0.45, -0.45, -0.45, -0.55, -0.45, -0.45, -0.56, -0.45, -0.45, -0.57, -0.45, -0.45, -0.45, -0.45, -0.45, -0.45, -0.45, -0.45, 
-0.45, -0.45, -0.45, -0.45, -0.45, -0.45, -0.45, -0.45, -0.45, -0.45, -0.45, -0.45, -0.45, -0.45, -0.45, -0.45, -0.45, -0.45, -0.45, -0.45, -0.45, -0.45, -0.45, -0.45, -0.45, -0.45, -0.45, -0.45, 
-0.45, -0.45, -0.45, -0.45, -0.45, -0.45, -0.45, -0.45, -0.45, -0.45, -0.45, -0.45, -0.45, -0.45, -0.45, -0.45, -0.45, -0.45, -0.45, -0.45, -0.45, -0.45, -0.45, -0.45, -0.45, -0.45, -0.45, -0.45, 
-- optimal policy --
l  <  L  ^  <  R  L  <  >  >  ^  R  R  R  ^  ^  L  <  >  ^  <  R  R  <  ^  <  r  v  
^  L  ^  ^  L  ^  ^  L  R  R  ^  R  R  ^  ^  ^  L  L  R  ^  L  ^  ^  R  ^  L  >  r  
v  v  l  <  v  l  <  r  v  v  >  r  v  v  >  r  v  r  v  >  >  >  >  >  >  >  >  r  
v  l  <  L  v  l  L  r  v  v  v  >  r  v  >  >  r  v  r  r  v  R  R  R  R  R  R  ^  
<  <  L  v  l  <  r  v  r  v  l  >  >  r  v  R  >  r  v  >  r  v  >  r  v  l  v  v  
l  <  v  l  <  L  v  r  v  l  <  v  >  >  r  R  >  >  r  >  >  r  r  v  r  v  v  v  
^  L  l  <  L  v  l  v  l  <  L  r  v  r  >  r  v  >  >  >  >  >  >  >  >  r  v  v  
v  l  <  L  v  r  v  l  ^  L  v  >  r  v  >  >  r  v  r  v  R  R  R  ^  ^  >  r  v  
L  <  L  v  l  v  l  <  v  v  v  v  >  r  v  R  >  r  v  >  >  >  >  r  R  >  >  >  
l  <  v  v  v  v  v  v  v  v  v  l  R  >  r  R  >  >  r  v  v  v  v  v  r  R  R  >  
^  L  v  v  l  v  v  v  v  v  l  v  v  >  >  r  >  >  >  r  r  v  v  v  r  v  R  ^  
l  <  v  v  v  v  v  v  v  l  v  v  v  v  >  >  >  >  >  >  >  >  >  >  >  r  v  v  
^  L  v  l  v  v  v  v  l  v  v  v  v  v  l  ^  R  R  R  ^  R  R  R  R  >  >  r  v  
r  v  v  v  v  v  v  l  v  l  v  v  v  l  v  l  v  v  v  v  v  >  r  >  >  >  >  >  
v  r  v  v  v  v  l  v  v  v  l  v  l  v  v  v  v  v  v  v  v  R  >  >  >  >  >  R  
r  v  r  v  v  l  <  r  v  v  v  l  <  r  v  v  v  v  v  l  v  v  v  R  R  R  R  ^  
v  r  r  v  l  <  L  v  r  v  l  v  l  v  r  v  v  v  v  v  v  l  r  v  v  l  v  v  
v  v  >  v  <  L  v  v  v  v  v  l  v  v  >  r  v  v  v  v  l  <  v  r  v  v  v  v  
r  v  v  r  v  l  v  v  v  v  l  v  v  l  <  >  r  v  v  l  v  v  v  v  r  v  v  v  
r  v  v  l  v  v  r  r  v  l  v  v  l  <  L  R  >  r  v  l  v  l  r  v  v  >  r  v  
>  >  v  v  v  l  >  >  v  <  v  l  <  L  >  >  >  >  r  v  l  <  >  r  v  l  v  l  
R  l  l  l  v  <  R  >  r  <  v  <  L  R  R  R  R  R  >  r  <  L  R  >  v  <  >  v  
Correct actions (%) : 13.13
Avg angular diffs   : 86.82
