arguments: 27 25 3 0.00616295 -0.0122591 0.00750909 -0.974069
loading features...

Initializing gridworld of size 28 by 22..
    Num states: 616
    Num actions: 8
recovered reward
-0.97, -0.97, -0.97, -0.97, -0.97, -0.97, -0.97, -0.97, -0.97, -0.97, -0.97, -0.97, -0.97, -0.97, -0.97, -0.97, -0.97, -0.97, -0.97, -0.97, -0.97, -0.97, -0.97, -0.97, -0.97, -0.97, -0.97, -0.97, 
-0.97, -0.97, -0.97, -0.97, -0.97, -0.97, -0.97, -0.97, -0.97, -0.97, -0.97, -0.97, -0.97, -0.97, -0.97, -0.97, -0.97, -0.97, -0.97, -0.97, -0.97, -0.97, -0.97, -0.97, -0.97, -0.96, -0.97, -0.97, 
-0.97, -0.97, -0.97, -0.97, -0.97, -0.97, -0.97, -0.97, -0.97, -0.97, -0.97, -0.97, -0.97, -0.97, -0.98, -0.97, -0.97, -0.97, -0.97, -0.97, -0.97, -0.97, -0.97, -0.97, -0.97, -0.97, -0.97, -0.97, 
-0.97, -0.97, -0.97, -0.97, -0.97, -0.97, -0.97, -0.97, -0.97, -0.97, -0.97, -0.97, -0.97, -0.97, -0.97, -0.97, -0.97, -0.97, -0.97, -0.97, -0.97, -0.97, -0.99, -0.96, -0.97, -0.97, -0.97, -0.97, 
-0.97, -0.97, -0.97, -0.97, -0.97, -0.97, -0.97, -0.97, -0.97, -0.96, -0.97, -0.97, -0.97, -0.97, -0.97, -0.97, -0.97, -0.99, -0.97, -0.97, -0.97, -0.97, -0.97, -0.97, -0.97, -0.97, -0.97, -0.97, 
-0.97, -0.97, -0.97, -0.97, -0.97, -0.97, -0.97, -0.97, -0.97, -0.97, -0.97, -0.97, -0.97, -0.97, -0.97, -0.97, -0.97, -0.97, -0.97, -0.97, -0.97, -0.97, -0.97, -0.97, -0.97, -0.97, -0.97, -0.97, 
-0.97, -0.97, -0.97, -0.97, -0.97, -0.97, -0.97, -0.97, -0.97, -0.97, -0.97, -0.97, -0.97, -0.97, -0.97, -0.97, -0.97, -0.97, -0.97, -0.97, -0.97, -0.97, -0.97, -0.96, -0.97, -0.97, -0.97, -0.97, 
-0.97, -0.97, -0.97, -0.97, -0.97, -0.97, -0.97, -0.97, -0.97, -0.97, -0.97, -0.97, -0.97, -0.97, -0.97, -0.97, -0.97, -0.97, -0.97, -0.97, -0.97, -0.97, -0.97, -0.99, -0.97, -0.97, -0.97, -0.97, 
-0.97, -0.97, -0.97, -0.97, -0.97, -0.97, -0.97, -0.97, -0.97, -0.99, -0.97, -0.99, -0.97, -0.97, -0.97, -0.97, -0.97, -0.97, -0.97, -0.97, -0.97, -0.97, -0.97, -0.97, -0.97, -0.97, -0.97, -0.97, 
-0.97, -0.97, -0.97, -0.97, -0.97, -0.97, -0.97, -0.97, -0.97, -0.97, -0.97, -0.97, -0.97, -0.97, -0.97, -0.97, -0.97, -0.97, -0.97, -0.97, -0.97, -0.97, -0.96, -0.97, -0.97, -0.97, -0.97, -0.97, 
-0.97, -0.97, -0.97, -0.97, -0.97, -0.97, -0.97, -0.97, -0.97, -0.97, -0.97, -0.97, -0.97, -0.97, -0.97, -0.97, -0.97, -0.97, -0.97, -0.97, -0.97, -0.97, -0.97, -0.97, -0.97, -0.97, -0.97, -0.97, 
-0.97, -0.97, -0.97, -0.97, -0.97, -0.97, -0.97, -0.97, -0.97, -0.97, -0.97, -0.97, -0.97, -0.97, -0.97, -0.97, -0.97, -0.97, -0.97, -0.99, -0.97, -0.97, -0.97, -0.97, -0.97, -0.97, -0.97, -0.97, 
-0.97, -0.97, -0.97, -0.99, -0.97, -0.97, -0.97, -0.97, -0.97, -0.97, -0.99, -0.97, -0.97, -0.97, -0.96, -0.97, -0.97, -0.97, -0.97, -0.97, -0.97, -0.97, -0.97, -0.97, -0.97, -0.97, -0.97, -0.97, 
-0.97, -0.97, -0.97, -0.97, -0.97, -0.97, -0.97, -0.97, -0.97, -0.97, -0.97, -0.97, -0.97, -0.97, -0.97, -0.97, -0.97, -0.97, -0.97, -0.97, -0.97, -0.96, -0.97, -0.97, -0.97, -0.99, -0.97, -0.97, 
-0.97, -0.97, -0.97, -0.97, -0.97, -0.97, -0.97, -0.97, -0.97, -0.99, -0.97, -0.97, -0.97, -0.97, -0.97, -0.97, -0.97, -0.97, -0.99, -0.97, -0.97, -0.97, -0.97, -0.97, -0.97, -0.97, -0.97, -0.97, 
-0.97, -0.97, -0.97, -0.97, -0.97, -0.97, -0.97, -0.97, -0.97, -0.97, -0.97, -0.97, -0.97, -0.97, -0.97, -0.96, -0.97, -0.97, -0.97, -0.97, -0.96, -0.97, -0.97, -0.97, -0.97, -0.97, -0.97, -0.97, 
-0.97, -0.97, -0.97, -0.97, -0.97, -0.97, -0.97, -0.97, -0.97, -0.97, -0.97, -0.97, -0.97, -0.97, -0.97, -0.97, -0.97, -0.97, -0.97, -0.97, -0.97, -0.97, -0.97, -0.97, -0.97, -0.97, -0.97, -0.97, 
-0.97, -0.97, -0.97, -0.97, -0.97, -0.97, -0.97, -0.97, -0.97, -0.97, -0.97, -0.97, -0.97, -0.97, -0.97, -0.97, -0.97, -0.97, -0.97, -0.97, -0.97, -0.97, -0.97, -0.97, -0.97, -0.97, -0.97, -0.97, 
-0.97, -0.97, -0.97, -0.97, -0.97, -0.97, -0.97, -0.97, -0.97, -0.97, -0.97, -0.97, -0.97, -0.97, -0.97, -0.96, -0.97, -0.97, -0.96, -0.97, -0.97, -0.97, -0.97, -0.97, -0.97, -0.97, -0.97, -0.97, 
-0.97, -0.97, -0.97, -0.97, -0.97, -0.97, -0.97, -0.97, -0.97, -0.97, -0.97, -0.97, -0.97, -0.97, -0.97, -0.97, -0.97, -0.97, -0.97, -0.97, -0.97, -0.97, -0.97, -0.97, -0.97, -0.97, -0.97, -0.97, 
-0.97, -0.97, -0.97, -0.97, -0.97, -0.97, -0.97, -0.97, -0.97, -0.97, -0.97, -0.97, -0.97, -0.97, -0.97, -0.97, -0.97, -0.97, -0.97, -0.97, -0.97, -0.97, -0.97, -0.97, -0.97, -0.97, -0.97, -0.97, 
-0.97, -0.97, -0.97, -0.97, -0.97, -0.97, -0.97, -0.97, -0.97, -0.97, -0.97, -0.97, -0.97, -0.97, -0.97, -0.97, -0.97, -0.97, -0.97, -0.97, -0.97, -0.97, -0.97, -0.97, -0.97, -0.97, -0.97, -0.97, 
-- optimal policy --
r  r  r  r  r  r  v  r  r  r  r  r  v  r  v  v  l  r  r  r  r  r  v  >  r  v  l  l  
r  r  r  r  r  r  r  v  r  r  r  r  r  v  r  v  v  l  r  r  >  r  r  v  >  l  <  <  
v  r  r  r  r  r  r  r  v  r  r  v  r  v  l  r  v  l  >  r  r  >  r  v  l  ^  L  L  
r  v  r  r  r  r  r  r  r  v  >  r  v  r  v  l  v  l  v  >  r  r  >  v  <  v  l  L  
>  r  v  r  r  r  r  r  >  >  R  r  r  v  r  v  l  v  l  v  >  r  v  v  v  l  l  l  
r  >  r  v  r  r  r  >  R  ^  r  r  r  r  v  r  v  l  r  v  v  >  r  v  l  l  l  l  
>  R  r  r  v  r  >  R  ^  R  r  r  r  r  r  v  l  <  r  r  v  v  >  r  <  l  l  l  
R  r  r  r  r  v  R  ^  >  r  >  r  r  r  r  v  r  v  r  r  r  v  v  v  l  l  l  l  
>  r  r  r  r  r  v  l  r  r  r  r  r  r  >  r  v  r  v  r  r  r  v  l  l  l  l  l  
r  r  r  >  r  >  r  v  l  r  r  r  r  r  r  >  r  r  r  v  r  >  v  <  <  l  l  l  
>  r  >  R  >  R  >  r  v  r  r  >  r  r  >  R  r  r  v  r  v  v  l  L  l  l  l  l  
r  >  R  >  R  >  R  >  r  v  r  r  r  r  R  r  r  r  r  r  v  l  v  l  l  l  l  l  
>  R  R  R  >  R  >  r  >  r  >  r  r  >  r  >  r  >  r  >  r  v  l  l  l  l  <  <  
R  R  >  R  R  >  r  >  R  r  r  >  r  r  v  r  >  R  >  R  >  L  <  <  <  <  l  l  
R  >  R  R  r  r  >  R  r  r  r  r  >  r  r  v  R  R  R  r  R  ^  L  <  L  <  <  <  
r  R  R  r  >  r  R  r  r  r  r  >  r  >  >  R  R  >  r  >  ^  <  ^  L  <  L  <  l  
>  R  r  r  r  >  r  r  >  r  >  R  >  R  R  r  r  r  >  R  ^  L  <  ^  L  <  L  l  
R  ^  >  r  >  r  >  r  r  >  R  >  R  >  r  v  >  r  R  ^  R  ^  L  <  ^  L  <  l  
^  >  r  >  r  >  R  r  >  R  >  R  r  r  >  R  r  >  ^  R  ^  R  ^  L  <  L  L  <  
r  r  >  r  >  R  r  >  R  >  R  r  r  >  R  ^  >  R  ^  L  R  ^  ^  L  L  <  L  L  
r  r  r  >  R  r  >  R  >  R  r  r  >  R  R  >  R  R  ^  ^  L  ^  R  ^  L  L  <  L  
>  >  >  R  >  >  R  >  R  >  >  >  R  ^  >  R  R  ^  R  ^  ^  L  ^  R  ^  L  L  L  
Correct actions (%) : 5.69
Avg angular diffs   : 96.95
