arguments: 27 29 3 -0.0317829 -0.855556 0.00930233 -0.103359
loading features...

Initializing gridworld of size 28 by 22..
    Num states: 616
    Num actions: 8
recovered reward
-0.10, -0.10, -0.10, -0.10, -0.10, -0.10, -0.10, -0.10, -0.10, -0.10, -0.10, -0.10, -0.10, -0.10, -0.10, -0.10, -0.10, -0.10, -0.10, -0.10, -0.10, -0.10, -0.10, -0.10, -0.10, -0.10, -0.10, -0.10, 
-0.10, -0.10, -0.10, -0.10, -0.10, -0.10, -0.10, -0.10, -0.10, -0.11, -0.12, -0.11, -0.32, -0.53, -0.32, -0.10, -0.10, -0.10, -0.10, -0.10, -0.10, -0.10, -0.10, -0.10, -0.10, -0.10, -0.10, -0.10, 
-0.10, -0.10, -0.10, -0.10, -0.10, -0.10, -0.10, -0.10, -0.10, -0.12, -0.14, -0.12, -0.53, -0.96, -0.53, -0.10, -0.10, -0.10, -0.10, -0.10, -0.10, -0.10, -0.10, -0.10, -0.10, -0.10, -0.08, -0.10, 
-0.10, -0.10, -0.10, -0.10, -0.10, -0.10, -0.10, -0.10, -0.10, -0.10, -0.12, -0.11, -0.31, -0.53, -0.32, -0.10, -0.10, -0.10, -0.10, -0.10, -0.10, -0.10, -0.10, -0.10, -0.10, -0.10, -0.10, -0.10, 
-0.11, -0.12, -0.11, -0.11, -0.12, -0.11, -0.10, -0.10, -0.10, -0.32, -0.53, -0.32, -0.53, -0.32, -0.10, -0.10, -0.10, -0.10, -0.10, -0.10, -0.10, -0.10, -0.10, -0.10, -0.10, -0.10, -0.10, -0.10, 
-0.12, -0.14, -0.12, -0.12, -0.14, -0.12, -0.10, -0.10, -0.10, -0.53, -0.96, -0.53, -0.96, -0.53, -0.10, -0.10, -0.10, -0.10, -0.10, -0.10, -0.10, -0.10, -0.10, -0.10, -0.10, -0.10, -0.08, -0.10, 
-0.11, -0.12, -0.11, -0.11, -0.12, -0.11, -0.10, -0.10, -0.10, -0.32, -0.53, -0.32, -0.53, -0.31, -0.10, -0.10, -0.10, -0.10, -0.10, -0.11, -0.12, -0.11, -0.10, -0.10, -0.10, -0.10, -0.10, -0.10, 
-0.12, -0.14, -0.12, -0.10, -0.10, -0.10, -0.10, -0.10, -0.10, -0.10, -0.10, -0.32, -0.53, -0.32, -0.10, -0.10, -0.10, -0.10, -0.10, -0.12, -0.14, -0.12, -0.12, -0.11, -0.12, -0.11, -0.10, -0.10, 
-0.11, -0.12, -0.11, -0.10, -0.10, -0.10, -0.10, -0.10, -0.10, -0.10, -0.10, -0.53, -0.96, -0.54, -0.11, -0.11, -0.10, -0.10, -0.10, -0.11, -0.12, -0.11, -0.14, -0.12, -0.14, -0.10, -0.10, -0.10, 
-0.10, -0.32, -0.53, -0.32, -0.10, -0.10, -0.10, -0.10, -0.10, -0.10, -0.10, -0.32, -0.53, -0.33, -0.14, -0.12, -0.10, -0.10, -0.10, -0.10, -0.10, -0.11, -0.12, -0.11, -0.12, -0.11, -0.10, -0.10, 
-0.10, -0.53, -0.96, -0.53, -0.10, -0.10, -0.10, -0.10, -0.10, -0.10, -0.10, -0.11, -0.33, -0.54, -0.33, -0.11, -0.09, -0.10, -0.10, -0.10, -0.10, -0.10, -0.10, -0.10, -0.10, -0.10, -0.10, -0.10, 
-0.10, -0.32, -0.53, -0.32, -0.10, -0.10, -0.10, -0.10, -0.10, -0.32, -0.53, -0.33, -0.56, -0.97, -0.53, -0.10, -0.10, -0.10, -0.10, -0.10, -0.10, -0.10, -0.10, -0.10, -0.09, -0.10, -0.10, -0.10, 
-0.10, -0.10, -0.10, -0.10, -0.10, -0.10, -0.10, -0.10, -0.10, -0.53, -0.96, -0.54, -0.33, -0.54, -0.32, -0.10, -0.10, -0.10, -0.10, -0.10, -0.10, -0.10, -0.10, -0.10, -0.32, -0.53, -0.32, -0.10, 
-0.10, -0.10, -0.10, -0.10, -0.10, -0.11, -0.12, -0.11, -0.10, -0.32, -0.53, -0.32, -0.10, -0.10, -0.10, -0.10, -0.10, -0.09, -0.11, -0.12, -0.11, -0.10, -0.10, -0.10, -0.53, -0.96, -0.53, -0.10, 
-0.10, -0.10, -0.10, -0.10, -0.10, -0.12, -0.14, -0.12, -0.10, -0.10, -0.11, -0.12, -0.11, -0.10, -0.10, -0.10, -0.10, -0.10, -0.12, -0.14, -0.12, -0.10, -0.09, -0.10, -0.32, -0.53, -0.32, -0.10, 
-0.10, -0.10, -0.10, -0.10, -0.10, -0.11, -0.12, -0.33, -0.53, -0.32, -0.33, -0.56, -0.33, -0.10, -0.10, -0.10, -0.10, -0.10, -0.11, -0.12, -0.11, -0.10, -0.10, -0.10, -0.10, -0.10, -0.10, -0.10, 
-0.10, -0.10, -0.10, -0.10, -0.10, -0.10, -0.10, -0.53, -0.96, -0.53, -0.54, -0.97, -0.54, -0.10, -0.10, -0.10, -0.10, -0.09, -0.10, -0.10, -0.10, -0.10, -0.10, -0.10, -0.10, -0.32, -0.53, -0.32, 
-0.10, -0.10, -0.10, -0.10, -0.10, -0.10, -0.10, -0.32, -0.53, -0.32, -0.32, -0.53, -0.32, -0.10, -0.10, -0.10, -0.10, -0.32, -0.53, -0.32, -0.10, -0.10, -0.10, -0.09, -0.10, -0.53, -0.96, -0.53, 
-0.10, -0.10, -0.10, -0.10, -0.10, -0.10, -0.10, -0.10, -0.10, -0.10, -0.10, -0.10, -0.10, -0.10, -0.10, -0.10, -0.10, -0.53, -0.96, -0.53, -0.10, -0.10, -0.10, -0.10, -0.10, -0.32, -0.53, -0.32, 
-0.10, -0.10, -0.10, -0.10, -0.10, -0.10, -0.10, -0.10, -0.10, -0.10, -0.10, -0.10, -0.10, -0.10, -0.10, -0.10, -0.09, -0.32, -0.53, -0.32, -0.09, -0.10, -0.10, -0.10, -0.10, -0.10, -0.10, -0.10, 
-0.10, -0.10, -0.10, -0.10, -0.10, -0.10, -0.10, -0.10, -0.10, -0.10, -0.10, -0.10, -0.10, -0.10, -0.10, -0.10, -0.10, -0.10, -0.10, -0.09, -0.10, -0.10, -0.10, -0.10, -0.10, -0.10, -0.10, -0.10, 
-0.10, -0.10, -0.10, -0.10, -0.10, -0.10, -0.10, -0.10, -0.10, -0.10, -0.10, -0.10, -0.10, -0.10, -0.10, -0.10, -0.10, -0.10, -0.10, -0.10, -0.10, -0.10, -0.10, -0.10, -0.10, -0.10, -0.10, -0.10, 
-- optimal policy --
>  >  r  r  v  l  v  r  >  >  >  >  >  >  r  r  r  r  r  >  r  >  r  >  r  v  v  l  
R  >  >  r  r  v  l  v  R  R  R  R  R  R  r  v  r  r  >  r  >  r  >  r  >  r  v  l  
r  R  >  >  r  r  v  v  v  l  R  ^  L  r  r  r  v  >  r  >  r  >  r  >  r  >  v  <  
>  >  R  R  >  r  v  v  v  l  <  ^  L  r  r  r  v  l  >  r  >  r  >  r  >  R  ^  L  
R  R  R  R  R  r  r  v  l  l  L  L  L  r  v  v  r  v  v  >  r  >  r  >  R  r  v  l  
r  r  v  l  r  r  >  v  <  l  l  v  r  r  v  v  v  v  l  l  >  r  >  R  r  >  v  <  
>  >  r  v  l  r  v  v  l  l  l  l  >  r  r  v  r  v  v  l  R  >  R  >  >  R  ^  L  
v  r  r  r  v  v  r  v  l  l  v  l  R  >  >  r  r  v  v  l  r  R  R  R  r  v  l  v  
v  l  >  r  v  v  l  l  <  v  v  l  R  R  r  r  r  r  v  v  l  r  r  v  >  r  v  l  
v  l  R  >  r  v  l  v  v  v  l  l  l  R  r  r  v  r  r  v  v  r  r  v  v  v  l  l  
v  l  r  r  >  r  v  v  v  l  <  <  <  R  r  >  v  >  r  v  v  v  >  r  v  l  l  l  
r  v  r  v  v  >  r  v  v  l  L  L  L  r  >  r  r  v  >  r  v  v  l  >  l  <  <  <  
r  r  v  r  v  l  >  r  v  l  r  r  r  r  r  >  r  v  l  >  r  r  v  v  l  L  L  v  
r  r  r  v  v  l  R  >  r  r  r  r  r  >  r  r  >  v  <  R  r  r  v  l  l  l  r  v  
r  r  r  r  v  l  l  R  >  >  >  >  r  v  >  r  v  r  v  r  r  >  v  <  l  l  l  l  
r  r  >  r  r  v  l  l  R  R  R  R  r  r  r  >  r  v  r  v  v  r  v  l  v  l  <  <  
r  >  >  >  r  r  v  l  r  r  v  r  >  r  v  r  >  >  >  r  v  v  r  v  l  l  L  L  
>  R  >  >  >  r  r  r  r  r  r  r  r  >  r  v  v  l  R  r  v  v  l  l  <  l  l  v  
R  >  R  >  >  >  r  >  r  >  r  r  >  r  >  r  v  l  r  r  v  l  l  ^  L  <  l  l  
>  R  >  >  >  >  >  r  >  r  >  r  r  >  r  >  r  r  r  >  l  <  <  l  ^  L  <  l  
R  >  r  >  >  >  >  >  r  >  r  >  r  r  >  R  ^  r  >  R  ^  L  L  l  l  ^  L  <  
>  >  >  R  >  >  >  >  >  R  >  >  >  >  R  ^  >  >  R  ^  L  ^  L  <  <  <  ^  L  
Correct actions (%) : 6.60
Avg angular diffs   : 97.64
