arguments: 27 28 3 -0.0256215 -0.856418 -0.0164891 -0.101471
loading features...

Initializing gridworld of size 28 by 22..
    Num states: 616
    Num actions: 8
recovered reward
-0.10, -0.32, -0.54, -0.32, -0.11, -0.11, -0.14, -0.10, -0.10, -0.14, -0.10, -0.10, -0.10, -0.14, -0.10, -0.10, -0.32, -0.57, -0.32, -0.10, -0.14, -0.10, -0.15, -0.10, -0.10, -0.15, -0.10, -0.10, 
-0.11, -0.54, -0.98, -0.58, -0.13, -0.11, -0.10, -0.10, -0.10, -0.10, -0.10, -0.10, -0.32, -0.53, -0.32, -0.10, -0.53, -0.96, -0.53, -0.10, -0.10, -0.10, -0.10, -0.10, -0.32, -0.53, -0.32, -0.10, 
-0.11, -0.35, -0.54, -0.32, -0.11, -0.11, -0.11, -0.11, -0.11, -0.10, -0.10, -0.10, -0.53, -0.96, -0.54, -0.11, -0.32, -0.53, -0.32, -0.10, -0.10, -0.10, -0.10, -0.10, -0.53, -0.96, -0.53, -0.10, 
-0.14, -0.11, -0.11, -0.10, -0.10, -0.10, -0.11, -0.13, -0.11, -0.10, -0.10, -0.10, -0.32, -0.53, -0.33, -0.13, -0.11, -0.10, -0.10, -0.10, -0.10, -0.10, -0.10, -0.10, -0.32, -0.53, -0.32, -0.10, 
-0.10, -0.10, -0.10, -0.10, -0.10, -0.10, -0.11, -0.11, -0.11, -0.11, -0.11, -0.10, -0.10, -0.10, -0.11, -0.11, -0.11, -0.11, -0.11, -0.11, -0.10, -0.10, -0.10, -0.10, -0.10, -0.10, -0.10, -0.10, 
-0.10, -0.10, -0.10, -0.10, -0.10, -0.10, -0.10, -0.10, -0.11, -0.13, -0.11, -0.10, -0.10, -0.10, -0.10, -0.10, -0.10, -0.11, -0.13, -0.11, -0.10, -0.10, -0.10, -0.10, -0.10, -0.10, -0.10, -0.10, 
-0.13, -0.10, -0.32, -0.53, -0.32, -0.11, -0.11, -0.11, -0.11, -0.11, -0.11, -0.10, -0.10, -0.10, -0.10, -0.32, -0.53, -0.32, -0.11, -0.11, -0.10, -0.10, -0.10, -0.10, -0.10, -0.10, -0.10, -0.10, 
-0.10, -0.10, -0.56, -0.96, -0.53, -0.14, -0.13, -0.11, -0.10, -0.10, -0.10, -0.10, -0.10, -0.10, -0.10, -0.53, -0.96, -0.54, -0.13, -0.11, -0.10, -0.10, -0.10, -0.10, -0.10, -0.10, -0.10, -0.10, 
-0.10, -0.10, -0.32, -0.53, -0.32, -0.11, -0.11, -0.11, -0.10, -0.10, -0.10, -0.10, -0.10, -0.10, -0.10, -0.32, -0.53, -0.32, -0.11, -0.11, -0.10, -0.10, -0.10, -0.10, -0.10, -0.10, -0.10, -0.10, 
-0.10, -0.10, -0.10, -0.10, -0.10, -0.10, -0.10, -0.10, -0.10, -0.34, -0.53, -0.32, -0.12, -0.10, -0.10, -0.12, -0.10, -0.10, -0.12, -0.10, -0.10, -0.10, -0.10, -0.10, -0.10, -0.10, -0.10, -0.10, 
-0.10, -0.10, -0.10, -0.10, -0.10, -0.10, -0.10, -0.10, -0.10, -0.53, -0.96, -0.53, -0.10, -0.10, -0.10, -0.10, -0.10, -0.10, -0.10, -0.10, -0.10, -0.12, -0.10, -0.10, -0.10, -0.10, -0.10, -0.10, 
-0.10, -0.10, -0.10, -0.10, -0.10, -0.10, -0.10, -0.10, -0.10, -0.32, -0.53, -0.32, -0.10, -0.10, -0.10, -0.10, -0.10, -0.10, -0.10, -0.10, -0.10, -0.32, -0.53, -0.32, -0.12, -0.10, -0.10, -0.10, 
-0.10, -0.10, -0.10, -0.10, -0.10, -0.10, -0.10, -0.10, -0.32, -0.53, -0.32, -0.32, -0.10, -0.10, -0.10, -0.10, -0.10, -0.10, -0.10, -0.10, -0.10, -0.53, -0.96, -0.53, -0.10, -0.10, -0.10, -0.10, 
-0.10, -0.10, -0.10, -0.10, -0.10, -0.10, -0.10, -0.10, -0.53, -0.96, -0.53, -0.53, -0.10, -0.10, -0.10, -0.10, -0.10, -0.10, -0.10, -0.11, -0.11, -0.32, -0.53, -0.32, -0.10, -0.10, -0.10, -0.10, 
-0.10, -0.10, -0.10, -0.10, -0.10, -0.10, -0.10, -0.10, -0.32, -0.53, -0.32, -0.33, -0.11, -0.10, -0.10, -0.10, -0.10, -0.10, -0.10, -0.11, -0.13, -0.11, -0.10, -0.10, -0.33, -0.53, -0.32, -0.10, 
-0.10, -0.10, -0.10, -0.10, -0.10, -0.10, -0.10, -0.10, -0.10, -0.10, -0.11, -0.13, -0.11, -0.10, -0.10, -0.10, -0.10, -0.10, -0.10, -0.11, -0.11, -0.11, -0.10, -0.10, -0.53, -0.96, -0.53, -0.10, 
-0.10, -0.10, -0.10, -0.10, -0.10, -0.10, -0.10, -0.10, -0.10, -0.10, -0.11, -0.11, -0.11, -0.10, -0.10, -0.10, -0.10, -0.10, -0.10, -0.10, -0.10, -0.10, -0.10, -0.11, -0.32, -0.53, -0.32, -0.10, 
-0.10, -0.10, -0.10, -0.11, -0.11, -0.11, -0.10, -0.32, -0.53, -0.32, -0.10, -0.10, -0.10, -0.10, -0.10, -0.10, -0.10, -0.10, -0.10, -0.10, -0.10, -0.11, -0.10, -0.10, -0.10, -0.10, -0.10, -0.10, 
-0.10, -0.10, -0.10, -0.11, -0.13, -0.11, -0.10, -0.53, -0.96, -0.53, -0.10, -0.10, -0.11, -0.10, -0.10, -0.11, -0.10, -0.10, -0.11, -0.10, -0.10, -0.10, -0.10, -0.10, -0.10, -0.10, -0.10, -0.10, 
-0.10, -0.10, -0.10, -0.11, -0.11, -0.11, -0.10, -0.32, -0.53, -0.32, -0.10, -0.10, -0.10, -0.10, -0.10, -0.10, -0.10, -0.10, -0.10, -0.10, -0.10, -0.10, -0.10, -0.10, -0.10, -0.10, -0.10, -0.10, 
-0.10, -0.10, -0.10, -0.10, -0.10, -0.10, -0.10, -0.10, -0.10, -0.10, -0.10, -0.10, -0.10, -0.10, -0.10, -0.10, -0.10, -0.10, -0.10, -0.10, -0.10, -0.10, -0.10, -0.10, -0.10, -0.10, -0.10, -0.10, 
-0.10, -0.10, -0.10, -0.10, -0.10, -0.10, -0.10, -0.10, -0.10, -0.10, -0.10, -0.10, -0.10, -0.10, -0.10, -0.10, -0.10, -0.10, -0.10, -0.10, -0.10, -0.10, -0.10, -0.10, -0.10, -0.10, -0.10, -0.10, 
-- optimal policy --
<  <  <  >  >  r  >  r  v  >  L  <  L  <  >  L  <  >  r  v  >  L  >  R  L  <  r  v  
^  L  r  r  r  >  R  >  r  R  ^  L  ^  L  R  ^  L  r  r  v  R  ^  L  ^  ^  L  r  v  
^  r  r  v  l  l  R  R  r  v  v  v  l  l  R  ^  r  r  r  v  v  v  r  v  l  r  r  v  
v  v  l  v  <  <  l  R  >  >  r  v  v  l  l  r  >  >  >  r  v  v  v  r  r  r  >  v  
v  l  v  l  <  <  <  l  R  R  r  v  v  l  <  l  R  R  R  r  v  v  v  v  >  >  >  r  
r  v  l  <  L  L  L  <  <  l  r  r  v  v  v  l  <  <  R  >  r  v  v  v  v  R  R  ^  
>  v  <  L  L  L  L  r  v  v  l  v  r  v  v  l  L  L  >  R  >  r  v  r  v  v  >  r  
v  l  L  r  r  v  r  r  v  l  <  r  v  r  v  l  l  r  R  R  >  >  v  >  r  v  v  ^  
l  <  L  l  r  r  v  v  l  <  L  >  r  v  v  r  r  v  l  R  >  >  >  >  >  >  r  r  
^  L  v  v  v  >  v  l  <  L  R  r  v  >  r  >  >  r  v  R  R  R  R  R  R  ^  ^  R  
v  <  v  v  v  v  l  <  L  l  r  r  v  v  v  v  v  v  v  l  v  >  >  >  >  r  R  ^  
l  <  r  v  v  l  ^  L  l  <  r  r  v  v  v  v  v  v  l  v  l  R  R  R  >  >  >  >  
L  <  >  v  l  <  L  v  l  L  >  r  v  v  v  v  v  l  v  l  <  L  r  r  R  >  >  >  
<  <  v  l  <  L  v  v  l  l  R  >  r  v  v  v  l  v  v  l  L  r  v  >  >  >  >  R  
^  L  v  l  <  v  v  v  v  l  l  R  r  v  v  l  v  v  v  l  r  r  v  R  R  R  >  >  
v  v  l  <  L  v  v  v  l  v  l  l  r  v  l  v  v  v  v  v  r  v  v  l  <  r  R  ^  
v  l  <  L  >  r  v  l  <  r  v  l  v  v  v  v  v  v  v  v  v  l  v  r  r  r  r  >  
L  <  L  l  R  r  v  l  L  r  v  v  l  v  v  l  v  v  l  v  v  v  v  v  >  >  >  r  
^  v  l  <  l  r  v  l  l  r  v  v  v  v  l  v  v  v  v  v  l  v  l  r  R  R  R  ^  
l  r  v  l  l  v  r  v  l  r  v  v  v  l  v  r  v  l  v  l  v  l  v  v  v  v  >  v  
^  >  l  r  <  l  v  r  v  v  v  >  v  <  r  v  v  v  l  <  r  v  l  v  v  v  v  R  
>  l  r  v  v  <  v  >  r  l  >  r  l  L  >  r  v  r  ^  L  >  l  <  >  r  >  r  r  
Correct actions (%) : 10.17
Avg angular diffs   : 94.58
