arguments: 27 32 3 0.000935454 -0.904584 -0.000935454 -0.0935454
loading features...

Initializing gridworld of size 28 by 22..
    Num states: 616
    Num actions: 8
recovered reward
-0.09, -0.09, -0.09, -0.09, -0.09, -0.09, -0.09, -0.09, -0.09, -0.10, -0.09, -0.09, -0.09, -0.10, -0.09, -0.09, -0.09, -0.10, -0.09, -0.09, -0.10, -0.09, -0.10, -0.09, -0.09, -0.10, -0.09, -0.09, 
-0.09, -0.09, -0.09, -0.09, -0.09, -0.09, -0.10, -0.09, -0.09, -0.09, -0.09, -0.09, -0.09, -0.09, -0.09, -0.09, -0.09, -0.09, -0.09, -0.09, -0.09, -0.09, -0.09, -0.09, -0.09, -0.09, -0.09, -0.09, 
-0.09, -0.09, -0.09, -0.09, -0.09, -0.09, -0.09, -0.09, -0.09, -0.09, -0.09, -0.09, -0.09, -0.09, -0.09, -0.09, -0.09, -0.09, -0.09, -0.09, -0.09, -0.09, -0.09, -0.09, -0.09, -0.09, -0.09, -0.09, 
-0.09, -0.09, -0.09, -0.09, -0.10, -0.09, -0.09, -1.00, -0.09, -0.09, -0.09, -0.09, -1.00, -0.09, -0.09, -0.09, -0.09, -0.09, -0.09, -0.09, -0.09, -0.09, -0.09, -0.09, -0.09, -0.09, -0.09, -0.09, 
-0.09, -0.09, -0.09, -0.09, -0.09, -0.09, -0.09, -0.09, -0.09, -0.09, -0.09, -0.09, -0.09, -0.09, -0.09, -1.00, -0.09, -0.09, -0.09, -0.09, -0.09, -0.09, -0.09, -0.09, -0.09, -0.09, -0.09, -0.09, 
-0.09, -0.09, -0.09, -0.09, -0.09, -0.09, -0.09, -0.09, -0.09, -0.09, -0.09, -0.09, -0.09, -0.09, -0.09, -0.09, -0.09, -0.09, -0.09, -0.09, -0.09, -0.09, -0.09, -0.09, -0.09, -1.00, -0.09, -0.09, 
-0.09, -0.09, -0.09, -0.09, -0.10, -0.09, -0.09, -1.00, -0.09, -0.09, -0.09, -0.09, -0.09, -0.09, -0.09, -0.09, -0.09, -0.09, -0.09, -0.09, -0.09, -0.09, -0.09, -0.09, -0.09, -0.09, -0.09, -0.09, 
-0.09, -0.09, -0.09, -0.09, -0.09, -0.09, -0.10, -0.09, -0.09, -0.09, -0.09, -0.09, -0.09, -0.09, -0.09, -0.09, -0.09, -0.09, -0.09, -0.09, -0.09, -0.09, -0.09, -0.09, -0.09, -0.09, -0.09, -0.09, 
-0.09, -0.09, -0.09, -0.09, -0.09, -0.09, -0.09, -0.09, -0.09, -0.09, -0.09, -0.09, -0.09, -0.09, -0.09, -0.09, -0.09, -0.09, -0.09, -0.09, -0.09, -0.09, -0.09, -0.09, -0.09, -0.09, -0.09, -0.09, 
-0.09, -0.09, -0.09, -0.09, -0.09, -0.09, -0.09, -0.10, -0.09, -0.09, -0.09, -0.09, -0.09, -0.09, -0.09, -0.09, -0.09, -0.09, -0.09, -0.09, -0.09, -0.09, -0.09, -0.09, -0.09, -0.09, -0.09, -0.09, 
-0.09, -0.09, -0.09, -0.09, -0.09, -0.09, -0.09, -0.09, -0.09, -0.09, -0.09, -0.09, -0.09, -0.09, -0.09, -0.09, -0.09, -0.09, -0.09, -0.09, -0.09, -0.09, -0.09, -0.09, -0.09, -0.09, -0.09, -0.09, 
-0.09, -0.09, -0.09, -0.09, -0.09, -0.09, -0.09, -0.09, -0.09, -0.09, -1.00, -0.09, -0.09, -0.09, -0.09, -0.09, -0.09, -0.09, -0.09, -0.09, -0.09, -0.09, -0.09, -0.09, -0.09, -0.09, -0.09, -0.09, 
-0.09, -0.09, -0.09, -0.09, -0.09, -0.09, -0.09, -0.09, -0.09, -0.09, -0.09, -0.09, -0.09, -0.09, -0.09, -0.09, -0.09, -0.09, -0.09, -0.09, -0.09, -0.09, -0.09, -0.09, -0.09, -0.09, -0.09, -0.09, 
-0.09, -0.09, -0.09, -0.09, -0.09, -0.09, -0.09, -0.10, -0.09, -1.00, -0.09, -0.09, -0.09, -0.09, -0.09, -0.09, -0.09, -0.09, -0.09, -0.09, -0.09, -0.09, -0.09, -0.09, -0.09, -1.00, -0.09, -0.09, 
-0.09, -0.09, -0.09, -0.09, -0.09, -0.09, -0.09, -0.09, -0.10, -0.09, -0.09, -0.09, -0.09, -0.09, -0.09, -0.09, -0.09, -0.09, -0.09, -0.09, -0.09, -0.09, -0.09, -0.09, -0.09, -0.09, -0.09, -0.09, 
-0.09, -0.09, -0.09, -0.09, -0.09, -0.09, -0.09, -0.09, -0.09, -0.09, -0.09, -0.09, -0.09, -0.09, -0.09, -0.09, -0.09, -0.09, -0.09, -0.09, -0.09, -0.09, -0.09, -0.09, -0.09, -0.09, -0.09, -0.09, 
-0.09, -0.09, -0.09, -0.09, -0.09, -0.09, -1.00, -0.09, -0.09, -0.09, -0.09, -1.00, -0.09, -0.09, -0.09, -0.09, -0.09, -0.09, -0.09, -0.09, -0.09, -0.09, -0.09, -0.09, -0.09, -0.09, -0.09, -0.09, 
-0.09, -0.09, -0.09, -0.09, -0.09, -0.09, -0.09, -0.09, -0.09, -0.09, -0.09, -0.09, -0.09, -0.09, -0.09, -0.09, -1.00, -0.09, -0.09, -0.09, -0.09, -0.09, -0.09, -0.09, -0.09, -0.09, -0.09, -0.09, 
-0.09, -0.09, -0.09, -0.09, -0.09, -0.09, -0.09, -0.09, -0.09, -0.09, -0.09, -0.09, -0.09, -0.09, -0.09, -0.09, -0.09, -0.09, -0.09, -0.09, -0.09, -0.09, -0.09, -0.09, -0.09, -0.09, -0.09, -0.09, 
-0.09, -0.09, -0.09, -0.09, -0.09, -0.09, -0.09, -0.09, -0.09, -0.09, -0.09, -0.09, -0.09, -0.09, -0.09, -0.09, -0.09, -0.09, -0.09, -0.09, -0.09, -0.09, -0.09, -0.09, -0.09, -0.09, -0.09, -0.09, 
-0.09, -0.09, -0.09, -0.09, -0.09, -0.09, -0.09, -0.09, -0.09, -0.09, -0.09, -0.09, -0.09, -0.09, -0.09, -0.09, -0.09, -0.09, -0.09, -0.09, -0.09, -0.09, -0.09, -0.09, -0.09, -0.09, -0.09, -0.09, 
-0.09, -0.09, -0.09, -0.09, -0.09, -0.09, -0.09, -0.09, -0.09, -0.09, -0.09, -0.09, -0.09, -0.09, -0.09, -0.09, -0.09, -0.09, -0.09, -0.09, -0.09, -0.09, -0.09, -0.09, -0.09, -0.09, -0.09, -0.09, 
-- optimal policy --
r  r  r  v  r  v  r  r  r  r  r  r  r  v  v  l  r  r  r  v  l  l  l  l  l  l  l  l  
>  r  r  r  v  r  v  r  r  r  r  >  r  v  l  l  l  r  r  v  l  l  l  l  l  l  l  <  
R  r  r  >  r  v  v  l  v  r  r  R  >  r  v  l  r  r  >  v  <  <  <  <  <  <  l  l  
>  r  >  r  v  r  v  v  v  v  r  r  r  >  v  <  r  v  l  v  l  l  l  <  L  <  v  v  
>  >  r  >  r  v  r  v  v  v  v  r  >  R  ^  L  >  l  <  v  <  <  l  l  <  r  v  v  
R  R  >  >  >  r  v  r  v  v  v  v  R  ^  ^  >  R  ^  L  ^  L  L  <  l  v  v  v  l  
R  R  R  R  >  >  r  r  r  v  l  l  <  ^  >  R  ^  ^  ^  ^  ^  L  L  r  v  v  v  v  
>  >  >  >  R  R  >  r  r  v  l  <  L  <  R  ^  ^  ^  ^  ^  ^  ^  L  >  r  v  r  v  
R  R  R  R  R  >  R  >  >  ^  <  L  L  v  v  r  v  l  v  l  v  l  <  r  >  r  v  l  
>  >  >  >  >  >  R  R  R  ^  L  L  r  v  v  v  r  v  l  v  l  <  L  >  r  >  v  <  
R  R  R  R  R  R  >  R  ^  L  ^  L  >  r  v  l  >  r  v  l  <  L  <  r  >  R  ^  L  
R  R  R  R  R  R  R  ^  L  ^  L  ^  r  >  l  <  R  >  L  <  L  <  v  >  R  ^  ^  ^  
R  R  R  R  R  R  ^  r  v  r  v  v  >  R  ^  L  R  R  ^  L  <  v  v  v  v  l  ^  ^  
R  R  R  R  R  R  r  >  r  r  v  l  R  ^  L  ^  R  R  ^  L  L  r  v  l  v  l  l  <  
R  R  R  R  R  >  r  r  r  >  v  <  <  L  ^  R  R  ^  L  ^  >  >  r  v  l  <  l  L  
R  R  R  R  r  >  r  r  >  R  ^  L  <  l  R  R  R  r  v  v  >  >  >  <  <  L  <  <  
R  R  R  >  r  r  r  >  R  ^  ^  ^  L  <  <  R  r  >  r  v  v  R  R  ^  L  <  L  <  
R  R  r  >  r  r  >  R  ^  ^  L  L  ^  L  <  r  >  r  >  r  v  l  >  R  <  L  <  L  
R  >  >  r  >  >  R  ^  ^  R  ^  ^  L  ^  L  >  R  >  r  >  >  <  R  ^  L  <  L  L  
r  r  r  >  R  R  ^  ^  R  R  R  ^  ^  ^  ^  r  r  r  >  R  ^  L  ^  L  L  L  L  L  
r  r  >  R  R  R  ^  ^  R  R  ^  L  ^  ^  R  r  r  >  R  ^  R  ^  L  R  ^  L  L  L  
>  >  R  R  R  ^  R  R  R  ^  ^  L  ^  R  >  >  >  R  R  R  R  ^  L  L  L  ^  L  L  
Correct actions (%) : 18.92
Avg angular diffs   : 80.68
