arguments: 27 30 3 -0.0473613 -0.696888 -0.120433 -0.135318
loading features...

Initializing gridworld of size 28 by 22..
    Num states: 616
    Num actions: 8
recovered reward
-0.14, -0.14, -0.14, -0.14, -0.14, -0.15, -0.42, -0.15, -0.14, -0.41, -0.14, -0.14, -0.14, -0.42, -0.14, -0.14, -0.14, -0.44, -0.14, -0.14, -0.45, -0.14, -0.46, -0.14, -0.14, -0.47, -0.14, -0.14, 
-0.14, -0.14, -0.14, -0.39, -0.14, -0.33, -0.53, -0.33, -0.14, -0.14, -0.14, -0.14, -0.14, -0.14, -0.14, -0.31, -0.48, -0.31, -0.14, -0.14, -0.31, -0.48, -0.31, -0.14, -0.14, -0.14, -0.14, -0.14, 
-0.14, -0.14, -0.14, -0.14, -0.14, -0.50, -0.86, -0.50, -0.14, -0.14, -0.15, -0.16, -0.15, -0.14, -0.14, -0.48, -0.83, -0.48, -0.14, -0.14, -0.48, -0.83, -0.48, -0.14, -0.14, -0.14, -0.14, -0.14, 
-0.14, -0.38, -0.14, -0.14, -0.14, -0.31, -0.48, -0.31, -0.14, -0.14, -0.16, -0.18, -0.16, -0.14, -0.14, -0.32, -0.51, -0.32, -0.14, -0.14, -0.31, -0.48, -0.31, -0.14, -0.14, -0.31, -0.48, -0.31, 
-0.14, -0.14, -0.14, -0.14, -0.14, -0.31, -0.48, -0.31, -0.14, -0.15, -0.16, -0.15, -0.15, -0.14, -0.14, -0.16, -0.18, -0.16, -0.14, -0.14, -0.14, -0.14, -0.14, -0.14, -0.14, -0.48, -0.83, -0.48, 
-0.14, -0.14, -0.14, -0.14, -0.14, -0.48, -0.83, -0.48, -0.14, -0.16, -0.36, -0.51, -0.31, -0.14, -0.14, -0.15, -0.16, -0.15, -0.14, -0.14, -0.14, -0.14, -0.14, -0.14, -0.14, -0.31, -0.48, -0.31, 
-0.36, -0.14, -0.14, -0.14, -0.14, -0.31, -0.48, -0.31, -0.14, -0.15, -0.51, -0.84, -0.65, -0.14, -0.14, -0.29, -0.14, -0.14, -0.14, -0.14, -0.14, -0.14, -0.14, -0.14, -0.14, -0.14, -0.14, -0.14, 
-0.14, -0.14, -0.14, -0.14, -0.14, -0.14, -0.14, -0.14, -0.32, -0.14, -0.31, -0.48, -0.31, -0.14, -0.14, -0.14, -0.14, -0.28, -0.14, -0.14, -0.14, -0.14, -0.14, -0.14, -0.14, -0.14, -0.14, -0.14, 
-0.14, -0.14, -0.14, -0.14, -0.14, -0.14, -0.14, -0.14, -0.14, -0.14, -0.14, -0.14, -0.14, -0.15, -0.16, -0.15, -0.14, -0.14, -0.14, -0.14, -0.14, -0.14, -0.14, -0.14, -0.14, -0.14, -0.14, -0.14, 
-0.35, -0.14, -0.14, -0.34, -0.14, -0.14, -0.34, -0.16, -0.15, -0.14, -0.14, -0.14, -0.14, -0.16, -0.18, -0.16, -0.14, -0.14, -0.14, -0.31, -0.62, -0.31, -0.14, -0.26, -0.14, -0.14, -0.14, -0.14, 
-0.14, -0.14, -0.14, -0.15, -0.16, -0.15, -0.16, -0.18, -0.15, -0.16, -0.15, -0.14, -0.14, -0.15, -0.16, -0.15, -0.14, -0.14, -0.14, -0.48, -0.83, -0.48, -0.14, -0.14, -0.14, -0.14, -0.14, -0.14, 
-0.14, -0.14, -0.14, -0.16, -0.18, -0.16, -0.15, -0.16, -0.16, -0.18, -0.16, -0.16, -0.15, -0.14, -0.14, -0.14, -0.14, -0.14, -0.14, -0.31, -0.48, -0.31, -0.14, -0.14, -0.14, -0.14, -0.14, -0.14, 
-0.14, -0.14, -0.14, -0.15, -0.16, -0.15, -0.14, -0.14, -0.15, -0.33, -0.50, -0.36, -0.16, -0.14, -0.14, -0.14, -0.14, -0.14, -0.14, -0.14, -0.14, -0.14, -0.14, -0.14, -0.14, -0.14, -0.14, -0.14, 
-0.14, -0.14, -0.14, -0.14, -0.14, -0.14, -0.14, -0.14, -0.31, -0.50, -0.86, -0.50, -0.15, -0.14, -0.14, -0.14, -0.14, -0.14, -0.14, -0.14, -0.14, -0.14, -0.14, -0.14, -0.24, -0.14, -0.14, -0.14, 
-0.14, -0.14, -0.14, -0.14, -0.14, -0.14, -0.14, -0.14, -0.48, -0.33, -0.53, -0.33, -0.14, -0.14, -0.14, -0.14, -0.14, -0.14, -0.14, -0.14, -0.14, -0.14, -0.14, -0.14, -0.14, -0.14, -0.14, -0.14, 
-0.14, -0.31, -0.48, -0.31, -0.14, -0.14, -0.14, -0.14, -0.31, -0.50, -0.33, -0.15, -0.14, -0.15, -0.16, -0.15, -0.14, -0.14, -0.14, -0.14, -0.14, -0.14, -0.14, -0.14, -0.14, -0.14, -0.14, -0.14, 
-0.14, -0.48, -0.83, -0.48, -0.14, -0.14, -0.14, -0.31, -0.48, -0.31, -0.14, -0.14, -0.14, -0.16, -0.18, -0.16, -0.14, -0.14, -0.14, -0.31, -0.48, -0.39, -0.14, -0.14, -0.23, -0.14, -0.14, -0.14, 
-0.14, -0.31, -0.48, -0.31, -0.14, -0.14, -0.14, -0.48, -0.83, -0.48, -0.14, -0.14, -0.14, -0.15, -0.16, -0.15, -0.15, -0.14, -0.21, -0.48, -0.83, -0.48, -0.14, -0.14, -0.14, -0.14, -0.14, -0.14, 
-0.14, -0.14, -0.14, -0.14, -0.14, -0.14, -0.14, -0.31, -0.48, -0.31, -0.14, -0.14, -0.18, -0.14, -0.16, -0.24, -0.16, -0.14, -0.14, -0.31, -0.48, -0.31, -0.14, -0.14, -0.14, -0.14, -0.14, -0.14, 
-0.14, -0.14, -0.15, -0.14, -0.14, -0.16, -0.14, -0.14, -0.17, -0.14, -0.14, -0.14, -0.14, -0.14, -0.15, -0.16, -0.15, -0.14, -0.14, -0.14, -0.14, -0.14, -0.14, -0.14, -0.14, -0.14, -0.14, -0.14, 
-0.14, -0.14, -0.14, -0.14, -0.14, -0.14, -0.14, -0.14, -0.14, -0.14, -0.14, -0.14, -0.14, -0.14, -0.14, -0.14, -0.14, -0.14, -0.14, -0.14, -0.14, -0.14, -0.14, -0.14, -0.14, -0.14, -0.14, -0.14, 
-0.14, -0.14, -0.14, -0.14, -0.14, -0.14, -0.14, -0.14, -0.14, -0.14, -0.14, -0.14, -0.14, -0.14, -0.14, -0.14, -0.14, -0.14, -0.14, -0.14, -0.14, -0.14, -0.14, -0.14, -0.14, -0.14, -0.14, -0.14, 
-- optimal policy --
L  v  <  <  <  <  >  r  r  v  L  ^  L  <  l  l  <  >  >  R  <  ^  >  ^  <  <  v  R  
^  ^  ^  L  l  <  R  >  >  R  ^  ^  ^  L  <  <  L  R  R  ^  L  ^  R  ^  >  >  <  l  
R  ^  L  v  v  l  l  R  R  ^  L  ^  >  ^  <  L  R  r  v  l  l  l  r  >  R  <  R  ^  
l  r  v  >  <  <  <  r  >  ^  <  r  R  ^  L  <  r  >  v  l  <  v  r  v  ^  ^  ^  L  
^  r  r  ^  ^  L  L  r  v  l  L  >  R  r  v  l  l  R  ^  <  <  v  v  R  l  <  l  v  
>  R  L  l  <  <  L  >  v  <  L  R  r  r  v  l  r  R  ^  ^  v  r  R  l  v  l  r  v  
>  l  R  L  <  r  v  l  ^  v  l  R  >  >  r  v  l  r  v  v  v  v  r  <  ^  v  v  v  
>  >  ^  ^  L  v  l  <  r  v  l  v  l  R  >  L  <  >  v  >  >  L  r  R  ^  l  r  l  
^  ^  ^  L  v  l  l  L  >  r  <  l  <  R  R  ^  r  v  ^  ^  R  ^  ^  ^  R  v  R  <  
v  v  l  >  >  <  <  ^  R  ^  L  ^  L  <  R  R  >  r  l  <  ^  L  R  ^  r  R  R  L  
l  <  <  R  ^  L  L  R  R  R  ^  L  ^  L  r  r  >  v  L  <  l  r  r  R  ^  r  R  ^  
L  <  v  l  r  r  r  v  l  R  R  ^  r  r  v  >  >  ^  L  l  v  v  l  r  v  R  >  >  
R  ^  L  <  r  v  l  <  <  <  R  R  r  r  v  l  R  ^  >  L  l  r  v  v  r  >  <  <  
v  R  ^  L  >  r  v  l  L  L  r  r  >  >  ^  <  >  R  ^  R  v  ^  <  r  ^  R  r  r  
^  ^  L  R  R  >  r  v  l  L  r  >  R  R  ^  L  R  r  v  l  R  R  L  ^  R  ^  ^  L  
^  L  R  ^  r  R  ^  L  <  r  r  v  v  l  R  ^  L  >  >  ^  ^  L  ^  v  ^  v  l  l  
v  l  l  r  r  v  R  ^  L  r  v  r  v  l  L  R  R  R  ^  ^  R  ^  >  r  <  R  l  >  
v  v  l  r  r  v  l  <  L  r  v  v  r  v  l  R  ^  R  ^  L  l  >  R  ^  L  ^  L  l  
l  <  <  >  >  r  v  v  l  >  v  r  ^  L  <  l  r  >  r  v  l  l  r  v  R  R  L  v  
R  ^  r  v  l  v  v  v  <  v  ^  ^  <  <  r  v  l  l  v  >  l  v  >  R  ^  r  >  R  
L  r  r  <  v  l  R  >  r  r  ^  v  ^  ^  >  v  r  v  v  R  <  l  v  v  l  L  l  l  
L  v  L  ^  v  >  <  v  v  ^  L  ^  r  <  >  l  ^  >  r  L  L  v  <  l  r  <  r  R  
Correct actions (%) : 17.65
Avg angular diffs   : 81.30
