arguments: 27 31 3 -0.0317829 -0.855556 0.00930233 -0.103359
loading features...

Initializing gridworld of size 28 by 22..
    Num states: 616
    Num actions: 8
recovered reward
-0.10, -0.10, -0.32, -0.53, -0.32, -0.10, -0.10, -0.10, -0.10, -0.10, -0.10, -0.10, -0.10, -0.10, -0.10, -0.10, -0.10, -0.10, -0.10, -0.10, -0.10, -0.10, -0.10, -0.10, -0.10, -0.10, -0.10, -0.10, 
-0.10, -0.10, -0.53, -0.96, -0.53, -0.10, -0.10, -0.10, -0.10, -0.10, -0.10, -0.10, -0.09, -0.10, -0.10, -0.10, -0.10, -0.10, -0.10, -0.10, -0.10, -0.10, -0.10, -0.10, -0.10, -0.08, -0.10, -0.10, 
-0.10, -0.10, -0.33, -0.55, -0.33, -0.53, -0.32, -0.10, -0.10, -0.11, -0.12, -0.11, -0.10, -0.10, -0.10, -0.10, -0.09, -0.10, -0.11, -0.12, -0.11, -0.10, -0.10, -0.10, -0.32, -0.53, -0.32, -0.10, 
-0.10, -0.10, -0.12, -0.14, -0.55, -0.96, -0.53, -0.10, -0.10, -0.12, -0.14, -0.12, -0.10, -0.10, -0.10, -0.10, -0.10, -0.10, -0.12, -0.14, -0.12, -0.10, -0.10, -0.32, -0.53, -0.32, -0.53, -0.10, 
-0.10, -0.10, -0.11, -0.12, -0.33, -0.53, -0.31, -0.10, -0.10, -0.11, -0.12, -0.11, -0.10, -0.10, -0.10, -0.10, -0.10, -0.10, -0.11, -0.12, -0.11, -0.11, -0.12, -0.54, -0.96, -0.51, -0.32, -0.10, 
-0.10, -0.10, -0.10, -0.10, -0.10, -0.10, -0.10, -0.10, -0.10, -0.10, -0.10, -0.10, -0.32, -0.53, -0.32, -0.10, -0.09, -0.10, -0.10, -0.10, -0.10, -0.12, -0.14, -0.33, -0.53, -0.32, -0.10, -0.10, 
-0.10, -0.10, -0.10, -0.10, -0.10, -0.11, -0.12, -0.11, -0.10, -0.10, -0.10, -0.10, -0.53, -0.96, -0.52, -0.10, -0.10, -0.10, -0.10, -0.10, -0.10, -0.11, -0.12, -0.11, -0.10, -0.10, -0.10, -0.10, 
-0.10, -0.10, -0.10, -0.10, -0.32, -0.55, -0.35, -0.12, -0.10, -0.10, -0.10, -0.10, -0.32, -0.53, -0.32, -0.10, -0.10, -0.10, -0.10, -0.10, -0.10, -0.10, -0.10, -0.08, -0.32, -0.53, -0.32, -0.10, 
-0.10, -0.10, -0.10, -0.10, -0.53, -0.97, -0.55, -0.11, -0.10, -0.10, -0.10, -0.10, -0.11, -0.12, -0.11, -0.10, -0.10, -0.10, -0.11, -0.12, -0.11, -0.10, -0.10, -0.10, -0.53, -0.96, -0.53, -0.10, 
-0.10, -0.10, -0.10, -0.10, -0.31, -0.53, -0.32, -0.10, -0.10, -0.10, -0.10, -0.10, -0.11, -0.14, -0.12, -0.10, -0.10, -0.10, -0.12, -0.14, -0.12, -0.10, -0.10, -0.10, -0.32, -0.53, -0.32, -0.10, 
-0.10, -0.10, -0.10, -0.32, -0.53, -0.32, -0.10, -0.10, -0.10, -0.10, -0.10, -0.10, -0.11, -0.12, -0.11, -0.10, -0.10, -0.10, -0.11, -0.12, -0.11, -0.10, -0.10, -0.10, -0.08, -0.10, -0.10, -0.32, 
-0.53, -0.32, -0.10, -0.53, -0.96, -0.53, -0.10, -0.10, -0.10, -0.10, -0.09, -0.10, -0.10, -0.11, -0.12, -0.11, -0.10, -0.10, -0.10, -0.10, -0.10, -0.10, -0.10, -0.10, -0.10, -0.10, -0.10, -0.53, 
-0.96, -0.53, -0.10, -0.32, -0.53, -0.32, -0.10, -0.10, -0.10, -0.10, -0.10, -0.10, -0.10, -0.12, -0.14, -0.12, -0.10, -0.10, -0.11, -0.12, -0.11, -0.10, -0.10, -0.10, -0.10, -0.10, -0.10, -0.32, 
-0.53, -0.32, -0.10, -0.10, -0.10, -0.10, -0.10, -0.10, -0.10, -0.10, -0.10, -0.10, -0.10, -0.11, -0.11, -0.12, -0.11, -0.10, -0.12, -0.14, -0.12, -0.10, -0.10, -0.08, -0.10, -0.10, -0.10, -0.10, 
-0.10, -0.10, -0.10, -0.10, -0.10, -0.10, -0.10, -0.10, -0.10, -0.30, -0.53, -0.33, -0.12, -0.11, -0.12, -0.14, -0.12, -0.10, -0.11, -0.12, -0.11, -0.10, -0.10, -0.10, -0.10, -0.10, -0.10, -0.10, 
-0.10, -0.10, -0.10, -0.10, -0.10, -0.10, -0.10, -0.10, -0.10, -0.53, -0.96, -0.55, -0.14, -0.12, -0.11, -0.12, -0.11, -0.10, -0.11, -0.12, -0.11, -0.10, -0.10, -0.10, -0.10, -0.10, -0.10, -0.10, 
-0.10, -0.10, -0.10, -0.10, -0.10, -0.10, -0.10, -0.10, -0.10, -0.32, -0.53, -0.33, -0.10, -0.11, -0.10, -0.10, -0.10, -0.10, -0.12, -0.14, -0.12, -0.10, -0.10, -0.08, -0.32, -0.53, -0.32, -0.10, 
-0.10, -0.10, -0.10, -0.10, -0.32, -0.53, -0.32, -0.10, -0.10, -0.10, -0.10, -0.10, -0.10, -0.10, -0.10, -0.10, -0.10, -0.10, -0.11, -0.12, -0.11, -0.10, -0.10, -0.10, -0.53, -0.96, -0.53, -0.10, 
-0.10, -0.10, -0.10, -0.10, -0.53, -0.96, -0.53, -0.10, -0.10, -0.10, -0.10, -0.10, -0.10, -0.10, -0.10, -0.10, -0.10, -0.10, -0.10, -0.10, -0.10, -0.08, -0.10, -0.10, -0.32, -0.53, -0.32, -0.10, 
-0.10, -0.10, -0.10, -0.10, -0.32, -0.53, -0.32, -0.10, -0.10, -0.10, -0.10, -0.10, -0.10, -0.09, -0.10, -0.10, -0.09, -0.10, -0.10, -0.09, -0.10, -0.10, -0.10, -0.10, -0.10, -0.10, -0.10, -0.10, 
-0.10, -0.10, -0.10, -0.10, -0.10, -0.10, -0.10, -0.10, -0.10, -0.10, -0.10, -0.10, -0.10, -0.10, -0.10, -0.10, -0.10, -0.10, -0.10, -0.10, -0.10, -0.10, -0.10, -0.10, -0.10, -0.10, -0.10, -0.10, 
-0.10, -0.10, -0.10, -0.10, -0.10, -0.10, -0.10, -0.10, -0.10, -0.10, -0.10, -0.10, -0.10, -0.10, -0.10, -0.10, -0.10, -0.10, -0.10, -0.10, -0.10, -0.10, -0.10, -0.10, -0.10, -0.10, -0.10, -0.10, 
-- optimal policy --
r  v  l  >  r  r  r  r  r  v  r  r  v  >  r  v  >  r  r  r  >  r  >  >  r  v  l  l  
r  v  l  R  >  >  r  r  >  >  >  >  r  r  >  r  v  >  >  >  r  >  r  >  >  >  <  <  
r  v  l  l  R  R  r  v  R  ^  R  R  ^  r  r  >  >  R  R  R  r  r  >  R  R  ^  L  L  
r  v  l  l  l  r  >  R  <  L  R  R  >  r  r  R  r  r  v  r  >  >  R  ^  L  R  R  ^  
r  r  r  r  r  r  R  ^  L  r  r  R  >  >  r  r  v  r  r  r  R  R  ^  L  L  r  R  ^  
r  r  >  r  >  >  R  ^  ^  r  >  R  R  R  r  >  >  r  >  r  r  r  r  r  v  l  l  ^  
r  r  r  >  R  R  ^  ^  r  >  R  ^  L  r  >  R  ^  >  r  r  r  r  r  v  l  <  <  <  
r  r  >  R  ^  L  r  r  >  R  ^  ^  L  r  R  ^  r  >  >  >  r  r  >  v  <  L  L  L  
r  >  R  ^  L  r  r  r  v  v  v  v  l  >  R  r  >  R  R  R  r  >  R  ^  L  L  r  v  
>  R  ^  ^  L  r  r  >  r  v  v  v  l  R  r  >  R  R  R  r  >  R  ^  r  v  l  l  l  
R  r  v  l  L  r  r  r  >  r  v  l  l  >  >  R  >  r  r  >  R  ^  >  >  <  <  <  l  
R  r  v  l  r  r  r  >  r  >  v  <  <  R  R  >  r  >  >  R  R  r  R  R  ^  L  <  <  
r  r  r  r  r  r  v  r  >  R  ^  L  <  R  R  R  >  R  R  R  r  r  r  v  l  ^  L  L  
r  r  >  r  r  r  r  v  R  ^  L  L  r  v  >  R  R  R  ^  r  r  r  >  v  <  l  ^  L  
r  >  R  r  r  r  r  v  v  l  ^  R  r  r  r  r  r  v  l  r  r  >  R  ^  L  <  <  ^  
>  R  >  >  r  r  >  r  v  l  l  r  r  r  r  r  v  v  l  >  >  R  r  v  l  L  L  <  
R  >  r  >  >  >  r  r  r  r  r  r  r  r  v  r  r  v  l  r  r  r  >  l  <  L  L  L  
>  R  >  R  R  R  r  r  r  r  >  r  r  >  r  v  >  r  v  r  r  v  R  ^  L  L  R  ^  
R  >  R  ^  L  r  r  r  r  r  r  r  r  v  >  r  v  >  r  v  >  R  <  L  L  l  l  ^  
>  R  >  r  r  r  >  r  r  r  r  r  >  r  r  >  r  r  >  >  R  ^  L  <  L  <  <  l  
R  >  >  >  >  r  >  >  r  r  r  >  R  ^  >  R  ^  >  R  ^  L  ^  L  L  <  L  <  <  
R  >  >  >  >  >  >  >  >  >  >  R  ^  >  R  ^  >  R  ^  L  ^  L  ^  ^  L  L  L  <  
Correct actions (%) : 7.07
Avg angular diffs   : 107.73
