arguments: 27 39 4 0.109103 -0.691129 0.0683504 -0.131418
loading features...

Initializing gridworld of size 28 by 22..
    Num states: 616
    Num actions: 8
recovered reward
-0.13, -0.13, -0.13, -0.13, -0.13, -0.08, -0.13, -0.13, -0.07, -0.13, -0.13, -0.06, -0.13, -0.13, -0.13, -0.13, -0.13, -0.13, -0.13, -0.13, -0.13, -0.13, -0.02, -0.13, -0.13, -0.13, -0.13, -0.13, 
-0.13, -0.13, -0.13, -0.13, -0.13, -0.13, -0.13, -0.13, -0.13, -0.13, -0.13, -0.13, -0.13, -0.06, -0.13, -0.82, -0.13, -0.13, -0.13, -0.02, -0.13, -0.13, -0.13, -0.13, -0.13, -0.13, -0.13, -0.13, 
-0.13, -0.13, -0.13, -0.13, -0.08, -0.13, -0.13, -0.13, -0.13, -0.13, -0.13, -0.13, -0.13, -0.13, -0.13, -0.13, -0.13, -0.13, -0.82, -0.13, -0.13, -0.13, -0.13, -0.13, -0.13, 0.05, -0.13, -0.13, 
-0.13, -0.13, -0.13, -0.09, -0.13, -0.13, -0.13, -0.13, -0.13, -0.13, -0.13, -0.13, -0.13, -0.13, -0.13, -0.13, -0.13, -0.13, -0.13, -0.13, -0.13, -0.13, -0.13, -0.13, -0.13, -0.13, -0.13, -0.13, 
-0.13, -0.13, -0.13, -0.13, -0.13, -0.13, -0.13, -0.13, -0.13, -0.13, -0.13, -0.13, -0.13, -0.13, -0.05, -0.13, -0.13, -0.13, -0.13, -0.13, -0.13, -0.13, -0.13, -0.13, 0.05, -0.13, -0.13, -0.13, 
-0.13, -0.13, -0.13, -0.13, -0.13, -0.13, -0.13, -0.13, -0.13, -0.13, -0.13, -0.13, -0.13, -0.13, -0.13, -0.13, -0.02, -0.13, -0.13, -0.13, -0.13, -0.13, -0.13, -0.13, -0.13, -0.13, -0.13, -0.13, 
-0.13, -0.13, -0.10, -0.13, -0.13, -0.13, -0.13, -0.13, -0.13, -0.13, -0.13, -0.13, -0.04, -0.13, -0.71, -0.13, -0.13, -0.02, -0.13, -0.13, -0.13, -0.13, -0.13, -0.13, -0.13, -0.82, -0.13, -0.13, 
-0.13, -0.13, -0.13, -0.13, -0.13, -0.13, -0.13, -0.13, -0.13, -0.13, -0.13, -0.13, -0.13, -0.13, -0.13, -0.13, -0.13, -0.13, -0.13, -0.13, -0.13, -0.13, 0.04, -0.13, -0.13, -0.13, -0.13, -0.13, 
-0.13, -0.13, -0.13, -0.13, -0.13, -0.13, -0.02, -0.13, -0.13, -0.13, -0.13, -0.82, -0.13, -0.13, -0.02, -0.13, -0.13, -0.02, -0.13, -0.13, -0.13, -0.13, -0.13, -0.13, -0.13, -0.13, -0.13, -0.13, 
-0.13, -0.10, -0.13, -0.13, -0.13, -0.13, -0.13, -0.13, -0.13, -0.13, -0.13, -0.73, -0.13, -0.13, -0.13, -0.13, -0.13, -0.13, -0.13, -0.13, -0.13, -0.13, -0.13, -0.13, -0.13, -0.13, -0.13, -0.13, 
-0.13, -0.13, -0.13, -0.13, -0.13, -0.13, -0.13, -0.02, -0.13, -0.13, -0.13, -0.13, -0.13, -0.13, -0.13, -0.13, -0.13, -0.13, -0.13, -0.13, -0.13, -0.13, -0.13, 0.03, -0.13, -0.82, -0.13, -0.13, 
-0.13, -0.13, -0.13, -0.13, -0.13, -0.13, -0.13, -0.13, -0.13, -0.13, -0.13, -0.13, -0.13, -0.13, -0.13, -0.13, -0.13, -0.13, -0.13, -0.13, -0.13, -0.13, -0.13, -0.13, -0.13, -0.13, -0.82, -0.13, 
-0.13, -0.13, -0.13, -0.13, -0.13, -0.13, -0.13, -0.13, -0.02, -0.13, -0.03, -0.13, -0.13, -0.13, -0.13, -0.13, -0.13, -0.13, -0.13, -0.13, -0.13, -0.13, -0.13, -0.13, -0.13, -0.13, -0.13, -0.13, 
-0.13, -0.11, -0.13, -0.13, -0.13, -0.13, -0.13, -0.13, -0.13, -0.13, -0.13, -0.13, -0.13, -0.13, -0.13, -0.13, -0.13, -0.02, -0.13, -0.13, -0.13, -0.82, -0.13, 0.03, -0.13, -0.13, -0.13, -0.13, 
-0.13, -0.13, -0.13, -0.13, -0.13, -0.13, -0.82, -0.13, -0.13, -0.13, -0.13, -0.13, -0.13, -0.13, -0.13, -0.13, -0.13, -0.13, -0.13, -0.13, -0.13, -0.82, -0.13, -0.13, -0.13, -0.13, -0.13, -0.13, 
-0.13, -0.13, -0.13, -0.13, -0.13, -0.13, -0.13, -0.13, -0.13, -0.13, -0.13, -0.02, -0.13, -0.13, -0.13, -0.13, -0.13, -0.13, -0.13, -0.13, -0.13, -0.13, -0.13, -0.82, -0.13, -0.13, -0.13, -0.13, 
-0.13, -0.12, -0.13, -0.13, -0.13, -0.13, -0.13, -0.13, -0.13, -0.13, -0.13, -0.13, -0.13, -0.13, -0.13, -0.13, -0.13, -0.13, -0.13, -0.13, -0.13, -0.13, -0.13, 0.02, -0.13, -0.13, -0.13, -0.13, 
-0.13, -0.02, -0.13, -0.13, -0.13, -0.13, -0.13, -0.13, -0.13, -0.13, -0.13, -0.13, -0.13, -0.13, -0.13, -0.13, -0.13, -0.13, -0.13, -0.13, -0.13, -0.13, -0.13, -0.13, -0.13, -0.13, -0.13, -0.13, 
-0.13, -0.13, -0.13, -0.13, -0.13, -0.13, -0.13, -0.13, -0.13, -0.13, -0.13, -0.02, -0.13, -0.13, -0.13, -0.13, -0.13, -0.13, -0.13, -0.13, -0.13, 0.01, -0.13, -0.13, -0.13, -0.13, -0.13, -0.13, 
-0.12, -0.13, -0.13, -0.13, -0.13, -0.13, -0.13, -0.13, -0.13, -0.13, -0.13, -0.13, -0.01, -0.13, -0.13, -0.00, -0.13, -0.13, 0.01, -0.13, -0.13, -0.13, -0.13, -0.13, -0.13, -0.13, -0.13, -0.13, 
-0.13, -0.13, -0.13, -0.13, -0.13, -0.13, -0.13, -0.13, -0.13, -0.13, -0.13, -0.13, -0.13, -0.13, -0.13, -0.13, -0.13, -0.13, -0.13, -0.13, -0.13, -0.13, -0.13, -0.13, -0.13, -0.13, -0.13, -0.13, 
-0.13, -0.13, -0.13, -0.13, -0.13, -0.13, -0.13, -0.13, -0.13, -0.13, -0.13, -0.13, -0.13, -0.13, -0.13, -0.13, -0.13, -0.13, -0.13, -0.13, -0.13, -0.13, -0.13, -0.13, -0.13, -0.13, -0.13, -0.13, 
-- optimal policy --
r  v  r  r  r  v  l  v  r  v  r  r  r  v  l  l  v  v  r  v  l  >  ^  <  v  v  v  l  
v  r  v  r  v  l  v  v  l  v  l  r  r  v  v  l  v  l  >  v  <  R  ^  L  r  v  l  l  
r  v  r  v  l  v  r  v  v  l  l  l  r  r  v  v  l  r  v  l  L  l  r  v  >  v  <  <  
r  r  r  r  v  r  v  r  v  l  l  l  v  r  v  l  v  l  l  v  l  l  >  r  v  l  L  <  
r  r  r  v  r  v  v  l  l  l  l  v  l  v  l  r  v  l  v  l  v  l  v  >  v  <  l  L  
r  r  r  r  v  r  v  v  l  l  l  r  v  l  l  >  r  v  l  v  l  v  v  v  l  L  <  <  
r  >  r  r  r  v  l  v  l  l  l  l  r  v  l  v  l  v  v  l  l  r  v  l  l  l  L  l  
r  R  r  r  r  r  v  l  l  v  l  l  v  r  v  l  r  v  l  l  l  >  l  <  <  v  l  l  
r  r  v  r  r  r  v  r  v  l  v  l  v  l  l  <  l  l  l  l  l  l  l  L  v  l  l  v  
>  r  r  v  >  r  r  v  l  v  l  l  l  l  v  l  l  l  l  l  l  l  l  v  l  l  v  l  
R  r  r  r  v  >  r  r  r  v  l  v  l  l  v  l  l  l  l  l  l  l  l  v  <  v  l  <  
r  r  r  r  r  v  >  r  v  l  v  l  v  v  l  l  l  l  l  l  l  l  v  v  v  l  l  l  
r  r  r  r  r  r  v  >  r  r  v  v  v  l  l  v  l  l  l  l  l  l  r  v  l  l  l  l  
>  r  r  r  r  >  r  v  v  r  r  r  v  l  v  l  l  l  l  l  l  l  >  v  <  v  l  l  
R  r  r  r  r  r  r  r  v  v  r  v  l  v  l  l  l  l  l  l  l  l  v  r  v  l  l  l  
r  >  r  r  r  r  r  r  r  v  v  v  v  l  l  l  l  l  v  l  l  l  r  v  l  l  l  <  
r  >  >  r  r  r  r  r  >  r  v  l  l  l  l  l  l  l  l  l  l  l  >  l  <  <  l  l  
>  r  >  >  r  r  r  r  r  >  r  v  l  l  l  l  v  l  l  l  l  v  l  ^  L  <  <  <  
R  >  r  >  >  r  r  r  >  r  >  r  v  l  l  v  l  l  v  l  l  l  <  <  ^  L  <  <  
>  r  >  r  >  >  r  >  r  >  R  >  L  <  l  l  <  <  <  <  l  ^  L  L  <  L  L  <  
r  >  r  >  >  >  >  r  >  R  >  R  ^  L  <  ^  L  <  ^  L  <  l  ^  L  L  <  L  L  
>  >  >  >  >  >  >  >  R  >  R  ^  L  ^  L  <  ^  L  <  ^  L  <  <  ^  L  <  <  L  
Correct actions (%) : 17.27
Avg angular diffs   : 90.82
