arguments: 27 8 1 0.253813 -0.461511 -0.212055 -0.0726216
loading features...

Initializing gridworld of size 28 by 22..
    Num states: 616
    Num actions: 8
recovered reward
-0.07, -0.07, -0.07, -0.07, -0.07, -0.07, -0.54, -0.07, -0.07, -0.56, -0.19, -0.30, -0.19, -0.58, -0.07, -0.07, -0.07, -0.60, -0.07, -0.07, -0.62, -0.07, -0.65, -0.07, -0.07, -0.67, -0.07, -0.07, 
-0.07, -0.07, -0.07, -0.52, -0.07, -0.07, -0.07, -0.07, -0.07, -0.07, -0.30, -0.53, -0.30, -0.07, -0.07, -0.07, -0.07, -0.07, -0.07, -0.07, -0.07, -0.19, -0.30, -0.19, -0.07, -0.07, -0.07, -0.07, 
-0.07, -0.07, -0.07, -0.07, -0.07, -0.07, -0.07, -0.07, -0.19, -0.30, -0.19, -0.30, -0.19, -0.07, -0.07, -0.07, -0.07, -0.07, -0.07, -0.07, -0.07, -0.30, -0.53, -0.30, -0.07, -0.07, -0.07, -0.07, 
-0.07, -0.50, -0.07, -0.07, -0.07, -0.07, -0.07, -0.07, -0.30, -0.53, -0.30, -0.07, -0.07, -0.07, -0.07, -0.07, -0.07, -0.07, -0.07, -0.07, -0.07, -0.19, -0.30, -0.19, -0.07, -0.07, -0.07, -0.07, 
-0.07, -0.07, -0.07, -0.07, -0.07, -0.07, -0.01, 0.05, -0.12, -0.30, -0.19, -0.07, -0.07, -0.07, -0.07, -0.07, -0.07, -0.07, -0.19, -0.30, -0.19, -0.07, -0.07, -0.07, -0.07, -0.07, -0.07, -0.07, 
-0.07, -0.07, -0.07, -0.07, -0.01, -0.01, 0.05, -0.01, 0.05, -0.07, -0.07, -0.07, -0.07, -0.07, -0.07, -0.07, -0.07, -0.07, -0.30, -0.47, -0.18, -0.01, -0.07, -0.07, -0.07, -0.07, -0.07, -0.07, 
-0.48, -0.07, -0.07, -0.07, 0.05, 0.05, 0.18, 0.05, -0.01, -0.07, -0.07, -0.07, -0.37, -0.07, -0.07, -0.35, -0.07, -0.07, -0.19, -0.18, 0.07, 0.05, -0.07, -0.07, -0.07, -0.07, -0.07, -0.07, 
-0.07, -0.07, -0.07, -0.07, -0.01, -0.01, 0.05, -0.01, -0.39, -0.07, -0.07, -0.07, -0.07, -0.07, -0.07, -0.07, -0.07, -0.33, -0.07, -0.01, 0.05, -0.01, -0.07, -0.07, -0.07, -0.07, -0.07, -0.07, 
-0.07, -0.07, -0.07, -0.19, -0.30, -0.19, -0.07, -0.07, -0.07, -0.07, -0.07, -0.07, -0.07, -0.07, -0.07, -0.07, -0.07, -0.07, -0.07, -0.07, -0.07, -0.07, -0.07, -0.07, -0.19, -0.30, -0.19, -0.07, 
-0.45, -0.07, -0.07, -0.66, -0.53, -0.30, -0.41, -0.07, -0.07, -0.07, -0.07, -0.07, -0.07, -0.07, -0.07, -0.07, -0.07, -0.07, -0.07, -0.07, -0.31, -0.07, -0.19, -0.52, -0.19, -0.53, -0.30, -0.07, 
-0.07, -0.07, -0.07, -0.19, -0.30, -0.19, -0.07, -0.07, -0.07, -0.07, -0.07, -0.07, -0.07, -0.07, -0.07, -0.07, -0.07, -0.07, -0.01, 0.05, -0.01, -0.07, -0.30, -0.53, -0.30, -0.30, -0.19, -0.07, 
-0.07, -0.07, -0.07, -0.07, -0.07, -0.07, -0.07, -0.07, -0.07, -0.19, -0.30, -0.19, -0.07, -0.07, -0.19, -0.30, -0.19, -0.07, 0.05, 0.18, 0.05, -0.07, -0.19, -0.30, -0.19, -0.07, -0.07, -0.07, 
-0.07, -0.01, 0.05, -0.01, -0.07, -0.01, 0.05, -0.01, -0.07, -0.30, -0.53, -0.30, -0.07, -0.07, -0.30, -0.53, -0.30, -0.07, -0.01, 0.05, -0.01, -0.07, -0.07, -0.07, -0.07, -0.07, -0.07, -0.07, 
-0.07, 0.05, 0.18, 0.05, -0.07, 0.05, 0.18, 0.05, -0.07, -0.19, -0.30, -0.19, -0.07, -0.07, -0.19, -0.30, -0.19, -0.07, -0.07, -0.07, -0.07, -0.07, -0.07, -0.07, -0.26, -0.07, -0.07, -0.07, 
-0.07, -0.01, 0.05, -0.01, -0.07, -0.01, -0.06, -0.24, -0.19, -0.07, -0.07, -0.07, -0.07, -0.07, -0.07, -0.07, -0.07, -0.01, 0.05, -0.01, -0.01, -0.07, -0.19, -0.30, -0.19, -0.07, -0.07, -0.07, 
-0.07, -0.07, -0.07, -0.07, -0.07, -0.07, -0.30, -0.53, -0.30, -0.07, -0.07, -0.07, -0.07, -0.07, -0.07, -0.01, 0.05, 0.05, 0.18, 0.05, 0.05, -0.07, -0.30, -0.53, -0.30, -0.07, -0.07, -0.07, 
-0.07, -0.07, -0.01, 0.05, -0.01, -0.07, -0.19, -0.30, -0.19, -0.07, -0.07, -0.07, -0.07, -0.07, -0.07, 0.05, 0.18, -0.01, 0.05, -0.01, -0.01, -0.22, -0.19, -0.30, -0.36, -0.07, -0.07, -0.07, 
-0.07, -0.07, 0.05, 0.18, 0.05, -0.07, -0.07, -0.07, -0.07, -0.07, -0.07, -0.07, -0.07, -0.07, -0.07, -0.01, 0.05, -0.01, -0.20, -0.07, -0.19, -0.30, -0.19, -0.07, -0.07, -0.07, -0.07, -0.07, 
-0.07, -0.07, -0.01, 0.05, -0.01, -0.07, -0.07, -0.07, -0.07, -0.07, -0.07, -0.07, -0.16, -0.07, -0.07, -0.18, -0.07, -0.07, -0.01, 0.05, -0.24, -0.53, -0.30, -0.07, -0.07, -0.07, -0.07, -0.07, 
-0.07, -0.07, -0.09, -0.07, -0.07, -0.12, -0.07, -0.07, -0.14, -0.07, -0.07, -0.07, -0.07, -0.07, -0.07, -0.07, -0.07, -0.07, 0.05, 0.18, -0.06, -0.30, -0.19, -0.07, -0.07, -0.07, -0.07, -0.07, 
-0.07, -0.07, -0.07, -0.07, -0.07, -0.07, -0.07, -0.07, -0.07, -0.07, -0.07, -0.07, -0.07, -0.07, -0.07, -0.07, -0.07, -0.07, -0.01, 0.05, -0.01, -0.07, -0.07, -0.07, -0.07, -0.07, -0.07, -0.07, 
-0.07, -0.07, -0.07, -0.07, -0.07, -0.07, -0.07, -0.07, -0.07, -0.07, -0.07, -0.07, -0.07, -0.07, -0.07, -0.07, -0.07, -0.07, -0.07, -0.07, -0.07, -0.07, -0.07, -0.07, -0.07, -0.07, -0.07, -0.07, 
-- optimal policy --
r  r  v  r  r  r  v  l  v  l  l  <  r  v  v  l  r  r  v  v  v  l  <  r  v  r  v  l  
r  r  r  r  r  r  v  v  l  <  <  l  r  v  l  <  >  r  r  v  v  l  L  r  v  v  l  <  
>  r  r  r  r  r  v  l  l  L  r  v  l  l  <  r  >  r  >  r  v  l  l  r  v  l  <  l  
r  r  r  r  r  r  r  v  l  l  r  v  l  l  r  v  r  v  >  >  r  r  v  l  l  <  l  l  
>  >  r  r  r  r  v  l  <  l  l  l  l  <  >  r  v  l  R  R  r  v  l  l  <  l  <  <  
R  R  r  r  r  r  v  l  l  <  <  <  l  <  v  r  r  v  l  r  v  l  l  <  l  <  L  <  
>  r  >  >  >  >  >  <  <  L  L  L  <  r  r  r  >  r  r  >  >  <  <  L  <  L  <  L  
>  R  R  R  R  R  ^  L  L  L  L  L  L  >  r  r  r  r  >  R  ^  L  L  <  L  L  <  <  
r  R  R  R  R  R  ^  L  L  <  L  L  <  >  >  r  r  r  R  R  ^  L  L  L  <  L  L  L  
v  r  v  l  R  R  ^  L  L  L  L  L  L  >  >  >  r  r  r  v  l  l  l  L  L  <  R  ^  
r  v  r  v  l  v  l  v  l  l  L  <  L  >  >  >  r  r  r  v  l  l  l  l  r  v  l  l  
r  r  v  l  l  r  v  l  l  l  L  L  r  v  R  R  >  >  >  <  <  <  l  l  l  l  <  <  
r  r  v  l  l  r  v  l  l  <  L  r  r  v  l  r  r  R  R  ^  L  L  <  <  <  <  <  L  
>  >  >  <  <  >  <  <  <  <  l  >  r  r  r  r  r  r  v  l  L  L  L  L  <  L  <  <  
R  R  ^  L  L  R  ^  L  L  L  <  r  >  r  r  r  r  r  v  l  l  l  l  L  L  ^  L  L  
R  R  r  v  l  l  L  L  R  ^  L  >  R  >  r  r  v  l  <  <  <  <  <  L  R  ^  L  L  
>  r  r  v  l  l  l  l  l  ^  ^  >  r  >  >  >  R  <  ^  L  L  L  L  r  v  l  l  <  
R  >  >  <  <  <  <  <  <  l  R  R  >  >  R  R  ^  L  r  v  l  L  r  v  v  l  <  l  
R  R  R  ^  L  L  L  <  l  <  R  R  >  R  R  R  ^  r  r  v  l  l  r  v  l  <  l  <  
R  R  R  ^  L  L  L  <  <  L  >  >  R  R  ^  R  R  >  >  ^  <  l  l  l  <  l  l  <  
R  ^  R  ^  L  L  ^  L  <  l  R  R  R  ^  R  r  >  R  R  ^  L  <  l  <  <  l  <  <  
^  R  ^  L  L  L  L  <  L  <  R  R  ^  R  >  >  R  R  R  ^  L  L  <  L  L  <  L  <  
Correct actions (%) : 9.09
Avg angular diffs   : 90.74
