arguments: 27 26 3 -0.0189076 -0.862395 -0.0136555 -0.105042
loading features...

Initializing gridworld of size 28 by 22..
    Num states: 616
    Num actions: 8
recovered reward
-0.11, -0.11, -0.11, -0.11, -0.11, -0.11, -0.11, -0.11, -0.11, -0.14, -0.11, -0.11, -0.11, -0.14, -0.11, -0.11, -0.11, -0.15, -0.11, -0.11, -0.15, -0.11, -0.15, -0.11, -0.11, -0.15, -0.11, -0.11, 
-0.14, -0.11, -0.11, -0.16, -0.11, -0.11, -0.36, -0.54, -0.32, -0.11, -0.11, -0.11, -0.11, -0.11, -0.11, -0.11, -0.11, -0.11, -0.11, -0.11, -0.11, -0.11, -0.11, -0.11, -0.11, -0.11, -0.11, -0.11, 
-0.11, -0.32, -0.54, -0.33, -0.11, -0.12, -0.55, -0.97, -0.54, -0.11, -0.11, -0.11, -0.11, -0.11, -0.11, -0.11, -0.11, -0.12, -0.11, -0.11, -0.11, -0.11, -0.11, -0.11, -0.11, -0.11, -0.11, -0.11, 
-0.14, -0.54, -0.97, -0.54, -0.11, -0.11, -0.33, -0.54, -0.32, -0.11, -0.11, -0.11, -0.32, -0.54, -0.32, -0.32, -0.54, -0.33, -0.11, -0.11, -0.11, -0.11, -0.11, -0.11, -0.11, -0.11, -0.11, -0.11, 
-0.11, -0.32, -0.54, -0.32, -0.11, -0.11, -0.11, -0.11, -0.32, -0.54, -0.32, -0.11, -0.54, -0.97, -0.54, -0.54, -0.97, -0.54, -0.11, -0.11, -0.11, -0.11, -0.11, -0.11, -0.11, -0.11, -0.14, -0.11, 
-0.11, -0.11, -0.11, -0.11, -0.11, -0.11, -0.11, -0.11, -0.54, -0.97, -0.54, -0.11, -0.32, -0.54, -0.33, -0.33, -0.54, -0.32, -0.11, -0.11, -0.11, -0.11, -0.11, -0.11, -0.11, -0.11, -0.11, -0.11, 
-0.11, -0.11, -0.11, -0.11, -0.11, -0.11, -0.11, -0.11, -0.32, -0.54, -0.32, -0.11, -0.11, -0.11, -0.11, -0.12, -0.11, -0.11, -0.11, -0.11, -0.11, -0.11, -0.11, -0.11, -0.11, -0.11, -0.11, -0.11, 
-0.11, -0.12, -0.11, -0.11, -0.11, -0.11, -0.11, -0.33, -0.54, -0.32, -0.11, -0.11, -0.11, -0.11, -0.11, -0.11, -0.11, -0.11, -0.11, -0.11, -0.11, -0.11, -0.11, -0.11, -0.11, -0.11, -0.14, -0.11, 
-0.11, -0.11, -0.11, -0.11, -0.11, -0.11, -0.12, -0.55, -0.97, -0.54, -0.11, -0.11, -0.11, -0.11, -0.11, -0.11, -0.11, -0.11, -0.11, -0.11, -0.32, -0.54, -0.32, -0.11, -0.11, -0.11, -0.11, -0.11, 
-0.11, -0.11, -0.11, -0.11, -0.11, -0.11, -0.11, -0.33, -0.54, -0.32, -0.14, -0.12, -0.11, -0.11, -0.34, -0.54, -0.32, -0.12, -0.11, -0.11, -0.55, -0.97, -0.54, -0.12, -0.11, -0.11, -0.11, -0.11, 
-0.11, -0.11, -0.11, -0.11, -0.11, -0.11, -0.11, -0.11, -0.11, -0.11, -0.11, -0.11, -0.11, -0.11, -0.54, -0.97, -0.54, -0.11, -0.11, -0.11, -0.32, -0.54, -0.32, -0.11, -0.11, -0.11, -0.13, -0.11, 
-0.11, -0.11, -0.11, -0.11, -0.11, -0.11, -0.11, -0.14, -0.11, -0.11, -0.11, -0.11, -0.11, -0.11, -0.32, -0.54, -0.32, -0.11, -0.11, -0.11, -0.11, -0.11, -0.11, -0.11, -0.11, -0.11, -0.11, -0.11, 
-0.11, -0.11, -0.11, -0.11, -0.11, -0.11, -0.11, -0.12, -0.11, -0.11, -0.11, -0.11, -0.11, -0.11, -0.32, -0.54, -0.32, -0.11, -0.11, -0.11, -0.11, -0.11, -0.11, -0.11, -0.11, -0.11, -0.11, -0.11, 
-0.13, -0.11, -0.11, -0.13, -0.11, -0.11, -0.13, -0.11, -0.11, -0.11, -0.11, -0.11, -0.12, -0.11, -0.54, -0.97, -0.54, -0.11, -0.11, -0.11, -0.11, -0.11, -0.11, -0.11, -0.11, -0.11, -0.12, -0.11, 
-0.11, -0.11, -0.11, -0.11, -0.11, -0.11, -0.11, -0.11, -0.11, -0.11, -0.11, -0.11, -0.11, -0.11, -0.32, -0.54, -0.32, -0.11, -0.11, -0.11, -0.11, -0.11, -0.11, -0.11, -0.11, -0.11, -0.11, -0.11, 
-0.11, -0.11, -0.11, -0.11, -0.11, -0.11, -0.11, -0.11, -0.11, -0.11, -0.11, -0.11, -0.11, -0.11, -0.11, -0.11, -0.32, -0.54, -0.32, -0.11, -0.11, -0.11, -0.11, -0.11, -0.11, -0.11, -0.11, -0.11, 
-0.11, -0.11, -0.11, -0.11, -0.11, -0.11, -0.11, -0.11, -0.11, -0.11, -0.11, -0.11, -0.11, -0.32, -0.54, -0.32, -0.54, -0.97, -0.54, -0.11, -0.11, -0.11, -0.11, -0.11, -0.11, -0.11, -0.12, -0.11, 
-0.11, -0.11, -0.11, -0.11, -0.11, -0.11, -0.11, -0.11, -0.11, -0.11, -0.11, -0.11, -0.11, -0.54, -0.97, -0.54, -0.32, -0.54, -0.32, -0.54, -0.33, -0.11, -0.11, -0.11, -0.11, -0.11, -0.11, -0.11, 
-0.11, -0.11, -0.11, -0.11, -0.11, -0.11, -0.11, -0.11, -0.11, -0.11, -0.11, -0.11, -0.12, -0.33, -0.54, -0.32, -0.11, -0.11, -0.54, -0.98, -0.56, -0.11, -0.11, -0.11, -0.12, -0.11, -0.11, -0.11, 
-0.11, -0.11, -0.11, -0.11, -0.11, -0.11, -0.11, -0.11, -0.11, -0.11, -0.11, -0.12, -0.11, -0.11, -0.11, -0.11, -0.11, -0.11, -0.32, -0.54, -0.34, -0.11, -0.11, -0.11, -0.11, -0.11, -0.11, -0.11, 
-0.11, -0.11, -0.11, -0.11, -0.11, -0.11, -0.11, -0.11, -0.11, -0.11, -0.11, -0.11, -0.11, -0.11, -0.11, -0.11, -0.11, -0.11, -0.11, -0.11, -0.11, -0.11, -0.11, -0.11, -0.11, -0.11, -0.11, -0.11, 
-0.11, -0.11, -0.11, -0.11, -0.11, -0.11, -0.11, -0.11, -0.11, -0.11, -0.11, -0.11, -0.11, -0.11, -0.11, -0.11, -0.11, -0.11, -0.11, -0.11, -0.11, -0.11, -0.11, -0.11, -0.11, -0.11, -0.11, -0.11, 
-- optimal policy --
R  <  <  >  >  >  >  >  r  >  ^  <  v  >  >  ^  <  >  >  L  <  v  >  ^  <  >  R  ^  
^  L  L  R  R  R  R  R  r  R  ^  L  v  R  R  ^  L  R  R  ^  L  r  R  ^  L  R  ^  L  
R  ^  L  r  v  l  l  r  >  r  v  v  l  <  ^  L  L  L  >  r  v  v  >  >  >  r  v  v  
v  l  l  r  v  l  l  l  l  >  r  v  l  L  L  ^  L  r  R  >  >  >  >  >  >  >  r  v  
v  l  r  v  v  v  v  l  <  R  r  v  l  l  ^  L  r  >  R  >  r  v  v  R  R  R  >  r  
l  <  >  v  v  v  l  <  L  R  r  v  r  v  l  r  r  v  R  >  >  >  >  r  v  v  R  r  
^  L  >  v  v  l  <  L  <  r  v  v  >  v  l  r  r  v  R  R  R  R  R  >  r  v  R  ^  
v  l  r  v  l  <  L  ^  L  >  >  >  >  r  r  r  r  v  v  v  l  <  R  R  >  r  >  r  
v  l  v  l  <  L  l  l  r  R  R  R  R  ^  >  >  >  r  v  v  l  L  >  >  >  >  >  r  
L  <  v  l  L  l  v  l  r  v  l  l  >  R  R  R  R  >  r  v  l  r  R  R  R  >  >  R  
^  L  l  v  l  <  l  <  >  r  v  l  l  ^  L  r  >  R  >  r  v  r  v  v  R  R  >  >  
v  l  v  l  <  v  l  L  r  v  l  <  <  <  L  >  r  R  >  >  r  v  r  v  v  v  R  ^  
r  v  l  <  L  l  <  r  >  v  <  L  L  L  L  >  >  >  >  >  >  r  v  r  v  v  l  v  
^  l  <  L  l  <  r  r  r  v  v  l  r  v  l  R  R  R  >  >  >  >  r  >  r  v  r  v  
l  ^  L  l  <  v  r  v  v  v  l  <  v  l  l  l  >  >  >  >  >  >  >  >  >  >  >  v  
r  <  l  <  v  l  v  r  v  l  <  L  l  <  <  <  R  R  R  R  R  R  ^  R  R  ^  L  v  
^  r  v  l  l  v  r  v  l  <  L  l  <  L  L  L  L  l  >  >  >  r  v  v  >  r  v  l  
l  l  r  v  l  v  >  r  v  <  v  l  L  L  r  r  v  l  R  R  R  r  v  v  R  >  r  l  
v  v  L  r  v  l  R  ^  l  <  v  l  r  v  r  >  v  <  <  l  r  >  r  v  l  >  r  R  
l  l  >  r  r  v  l  l  ^  r  v  l  v  l  r  r  v  r  v  v  l  v  >  v  <  R  ^  R  
v  >  >  r  v  l  v  l  r  v  l  <  v  v  v  >  r  <  >  r  <  l  ^  r  v  l  >  >  
r  L  v  ^  r  L  r  <  >  l  ^  >  >  l  v  R  l  >  l  ^  l  <  >  >  l  <  R  ^  
Correct actions (%) : 18.80
Avg angular diffs   : 89.32
