arguments: 27 17 2 0.367706 -0.329525 0.232194 -0.0705756
loading features...

Initializing gridworld of size 28 by 22..
    Num states: 616
    Num actions: 8
recovered reward
-0.07, -0.07, -0.07, -0.07, -0.07, 0.12, -0.07, -0.07, 0.14, -0.07, -0.07, 0.16, -0.07, -0.07, -0.07, -0.07, -0.07, -0.07, -0.07, -0.07, -0.07, -0.07, -0.07, -0.07, -0.07, -0.07, -0.07, -0.07, 
-0.07, -0.07, -0.07, -0.07, -0.07, -0.07, -0.07, -0.07, -0.07, -0.07, -0.07, -0.07, -0.07, 0.18, -0.07, -0.07, -0.07, -0.07, -0.07, -0.07, -0.07, -0.07, -0.07, -0.07, -0.07, -0.07, -0.07, -0.07, 
-0.07, -0.07, -0.07, -0.07, 0.09, -0.07, 0.30, -0.07, -0.07, -0.07, -0.07, -0.07, -0.07, -0.07, -0.07, -0.07, -0.07, -0.07, -0.07, 0.30, -0.07, -0.07, -0.07, -0.07, -0.07, 0.56, -0.07, -0.07, 
-0.07, -0.07, -0.07, 0.07, -0.07, -0.07, -0.07, -0.07, -0.07, -0.07, -0.07, -0.07, -0.07, -0.07, -0.07, -0.07, -0.07, -0.07, -0.07, -0.07, -0.07, -0.40, -0.07, -0.07, -0.07, -0.07, -0.07, -0.07, 
-0.07, -0.07, 0.30, -0.07, -0.07, -0.07, -0.07, -0.07, 0.30, -0.07, -0.07, -0.07, -0.07, -0.07, 0.21, -0.07, -0.07, -0.07, -0.07, 0.30, -0.07, -0.07, -0.07, -0.07, 0.53, -0.07, -0.07, -0.07, 
-0.07, -0.07, -0.07, -0.07, -0.07, -0.07, -0.07, -0.07, -0.40, -0.07, -0.07, -0.07, -0.07, -0.07, -0.07, -0.07, -0.07, -0.07, -0.07, 0.30, -0.07, -0.07, -0.07, -0.07, -0.07, -0.07, -0.07, -0.07, 
-0.07, -0.07, 0.05, -0.07, -0.07, -0.07, -0.07, -0.07, -0.07, -0.07, -0.07, -0.07, 0.23, -0.07, -0.07, -0.07, -0.07, -0.07, -0.07, -0.07, -0.07, -0.07, -0.07, -0.07, -0.07, -0.07, -0.07, -0.07, 
-0.07, -0.07, -0.07, -0.07, -0.07, -0.07, -0.07, -0.07, -0.07, -0.07, -0.07, -0.07, -0.07, -0.07, -0.07, -0.07, -0.07, -0.07, -0.07, -0.07, -0.07, -0.07, 0.51, -0.07, -0.07, -0.07, -0.07, -0.07, 
-0.07, -0.07, -0.07, -0.07, -0.07, -0.07, -0.07, -0.07, -0.07, -0.07, -0.07, -0.07, -0.07, -0.07, -0.07, -0.07, -0.07, -0.07, -0.07, -0.07, -0.07, -0.07, -0.07, -0.07, -0.07, -0.07, -0.07, -0.07, 
-0.07, 0.02, -0.07, -0.07, -0.07, -0.07, -0.07, -0.07, -0.07, -0.07, -0.07, 0.25, -0.40, -0.07, -0.07, -0.07, -0.07, -0.07, -0.07, -0.07, -0.07, -0.07, -0.07, -0.07, -0.07, -0.07, -0.07, -0.07, 
-0.07, -0.07, -0.07, -0.07, -0.07, 0.30, -0.07, -0.07, -0.07, -0.07, -0.07, -0.07, -0.07, -0.07, -0.07, -0.07, -0.40, -0.07, -0.07, -0.07, -0.07, -0.07, -0.07, 0.49, -0.07, -0.07, -0.07, -0.07, 
-0.07, -0.07, -0.07, -0.07, -0.07, -0.07, -0.07, -0.07, -0.07, -0.07, -0.07, -0.07, -0.07, -0.07, -0.03, -0.07, -0.07, -0.07, -0.07, -0.07, -0.07, -0.07, -0.07, -0.07, -0.07, -0.07, -0.07, -0.07, 
-0.07, -0.07, -0.07, -0.07, -0.07, -0.07, -0.07, -0.07, -0.07, -0.07, 0.28, -0.07, -0.07, -0.07, -0.07, -0.07, -0.07, -0.07, -0.07, -0.40, -0.07, -0.07, -0.07, -0.07, -0.07, -0.07, -0.07, -0.07, 
-0.07, -0.00, -0.07, -0.07, -0.07, -0.07, -0.07, -0.07, -0.07, -0.07, -0.07, -0.07, -0.07, -0.07, -0.07, -0.07, -0.07, -0.07, -0.07, -0.07, -0.07, -0.07, -0.07, 0.46, -0.07, -0.07, -0.07, -0.07, 
-0.07, -0.07, -0.07, -0.07, -0.40, -0.07, -0.07, -0.07, -0.07, -0.07, 0.30, -0.07, -0.07, -0.07, -0.07, -0.40, -0.07, -0.07, -0.07, -0.07, -0.07, -0.07, -0.07, -0.07, -0.07, -0.07, -0.07, -0.07, 
-0.07, -0.07, -0.07, -0.07, -0.07, -0.07, -0.07, -0.07, -0.07, -0.07, -0.07, 0.30, -0.40, -0.07, -0.07, -0.07, -0.07, -0.07, -0.07, -0.07, -0.07, -0.07, -0.07, -0.07, -0.07, -0.07, -0.07, -0.07, 
-0.07, -0.02, -0.07, -0.07, -0.07, -0.07, -0.03, -0.07, -0.07, -0.07, -0.07, -0.07, -0.07, -0.07, -0.07, -0.07, -0.07, -0.07, -0.07, -0.07, -0.07, -0.40, -0.07, 0.44, -0.07, -0.07, 0.30, -0.07, 
-0.07, -0.07, -0.07, -0.07, -0.07, -0.07, -0.07, -0.07, -0.07, -0.07, -0.07, -0.40, -0.07, -0.07, -0.07, -0.07, -0.07, -0.07, -0.07, -0.07, -0.07, -0.07, -0.07, -0.07, -0.07, -0.07, -0.07, -0.07, 
-0.07, -0.07, -0.07, -0.07, -0.07, -0.07, -0.07, -0.07, -0.07, -0.07, -0.07, 0.32, -0.07, -0.07, -0.07, -0.07, -0.07, -0.07, -0.07, -0.07, -0.07, 0.42, -0.07, -0.07, -0.07, -0.07, -0.07, -0.07, 
-0.05, -0.07, -0.07, -0.07, 0.30, -0.07, -0.07, -0.07, -0.07, -0.07, -0.07, -0.07, 0.35, -0.07, -0.07, 0.37, -0.07, -0.07, 0.39, -0.07, -0.07, -0.07, -0.07, -0.07, -0.07, -0.07, -0.07, -0.07, 
-0.07, -0.07, -0.07, -0.07, -0.07, -0.07, -0.07, -0.07, -0.07, -0.07, -0.07, -0.07, -0.07, -0.07, -0.07, -0.07, -0.07, -0.07, -0.07, -0.07, -0.07, -0.07, -0.07, -0.07, -0.07, -0.07, -0.07, -0.07, 
-0.07, -0.07, -0.07, -0.07, -0.07, -0.07, -0.07, -0.07, -0.07, -0.07, -0.07, -0.07, -0.07, -0.07, -0.07, -0.07, -0.07, -0.07, -0.07, -0.07, -0.07, -0.07, -0.07, -0.07, -0.07, -0.07, -0.07, -0.07, 
-- optimal policy --
r  r  r  >  r  r  v  l  l  <  r  r  r  v  l  v  l  r  v  l  v  l  l  l  v  r  v  l  
v  r  r  r  >  r  v  l  l  v  l  r  v  l  v  l  v  l  r  v  l  l  l  l  r  v  l  l  
r  v  r  v  l  >  r  <  v  l  l  v  r  v  r  v  l  r  >  v  <  l  <  v  >  l  <  <  
>  r  v  l  <  r  v  r  v  l  r  v  v  r  v  l  l  l  r  v  l  l  l  r  v  l  L  L  
r  >  r  <  v  r  r  v  r  v  r  v  v  l  l  <  l  v  r  v  l  l  l  >  l  <  <  L  
r  r  v  r  r  v  r  r  v  l  v  r  v  l  v  l  v  l  >  ^  <  <  v  v  l  L  L  v  
>  r  r  r  r  r  r  r  r  v  v  l  v  v  l  v  l  l  l  ^  L  r  v  l  l  v  l  l  
r  >  r  r  v  r  v  r  r  r  v  v  v  l  v  l  l  l  l  l  v  l  l  <  v  l  l  l  
r  r  >  r  r  v  r  v  v  l  r  v  l  v  l  l  l  l  l  v  l  l  l  v  l  l  l  l  
>  r  r  >  r  r  v  r  v  v  l  r  v  l  l  l  l  l  v  l  l  l  r  v  l  l  v  l  
R  r  r  r  >  r  r  v  r  v  v  v  l  v  l  l  l  v  l  l  l  l  l  r  <  v  l  l  
r  r  r  r  r  v  r  r  v  r  v  l  v  l  v  l  v  l  l  l  l  l  r  v  l  l  l  l  
r  r  r  r  r  r  v  r  r  v  v  v  l  v  l  v  l  l  v  l  l  v  r  v  l  l  v  l  
>  r  r  >  r  r  r  v  r  r  v  l  l  l  v  l  l  v  l  l  v  l  >  l  <  v  l  l  
R  r  r  r  r  r  r  r  v  >  r  v  l  v  l  l  v  l  l  v  l  l  v  v  v  l  l  l  
r  r  r  r  >  r  r  r  r  v  v  v  v  l  l  v  l  l  l  l  l  l  r  v  l  l  <  l  
>  r  r  >  r  >  r  r  r  r  v  l  v  l  v  l  l  l  l  l  l  l  >  l  <  l  l  <  
R  >  r  r  >  R  r  r  r  r  r  v  l  v  l  l  v  l  l  l  l  v  l  ^  L  <  <  L  
r  r  >  r  R  r  r  r  r  r  >  r  v  l  l  v  l  l  v  l  l  l  <  <  ^  L  <  L  
r  r  r  >  r  r  r  r  r  >  R  >  L  <  <  <  <  <  l  <  <  ^  L  <  <  ^  L  <  
r  r  >  R  r  >  r  r  >  R  >  R  ^  L  <  ^  L  L  ^  L  <  <  ^  L  L  <  ^  L  
>  >  R  R  >  R  >  >  R  >  R  ^  ^  L  L  <  L  L  L  ^  L  L  <  ^  L  L  <  ^  
Correct actions (%) : 14.41
Avg angular diffs   : 84.73
