arguments: 27 26 3 0.0162037 -0.832176 -0.0358796 -0.115741
loading features...

Initializing gridworld of size 28 by 22..
    Num states: 616
    Num actions: 8
recovered reward
-0.12, -0.12, -0.12, -0.12, -0.12, -0.12, -0.12, -0.12, -0.12, -0.22, -0.12, -0.12, -0.12, -0.22, -0.12, -0.12, -0.12, -0.22, -0.12, -0.12, -0.23, -0.12, -0.23, -0.12, -0.12, -0.23, -0.12, -0.12, 
-0.21, -0.12, -0.12, -0.19, -0.12, -0.12, -0.21, -0.12, -0.12, -0.12, -0.12, -0.12, -0.12, -0.12, -0.12, -0.12, -0.12, -0.12, -0.12, -0.12, -0.12, -0.12, -0.12, -0.12, -0.12, -0.12, -0.12, -0.12, 
-0.12, -0.12, -0.12, -0.12, -0.12, -0.10, -0.12, -0.95, -0.12, -0.12, -0.12, -0.12, -0.12, -0.12, -0.12, -0.12, -0.12, -0.10, -0.12, -0.12, -0.12, -0.12, -0.12, -0.12, -0.12, -0.12, -0.12, -0.12, 
-0.20, -0.12, -0.95, -0.12, -0.12, -0.12, -0.12, -0.12, -0.12, -0.12, -0.12, -0.12, -0.12, -0.12, -0.12, -0.12, -0.12, -0.12, -0.12, -0.12, -0.12, -0.12, -0.12, -0.12, -0.12, -0.12, -0.12, -0.12, 
-0.12, -0.12, -0.12, -0.12, -0.12, -0.12, -0.12, -0.12, -0.12, -0.12, -0.12, -0.12, -0.12, -0.95, -0.12, -0.12, -0.95, -0.12, -0.12, -0.12, -0.12, -0.12, -0.12, -0.12, -0.12, -0.12, -0.20, -0.12, 
-0.12, -0.12, -0.12, -0.12, -0.12, -0.12, -0.12, -0.12, -0.12, -0.95, -0.12, -0.12, -0.12, -0.12, -0.12, -0.12, -0.12, -0.12, -0.12, -0.12, -0.12, -0.12, -0.12, -0.12, -0.12, -0.12, -0.12, -0.12, 
-0.12, -0.12, -0.12, -0.12, -0.12, -0.12, -0.12, -0.12, -0.12, -0.12, -0.12, -0.12, -0.12, -0.12, -0.12, -0.10, -0.12, -0.12, -0.12, -0.12, -0.12, -0.12, -0.12, -0.12, -0.12, -0.12, -0.12, -0.12, 
-0.12, -0.10, -0.12, -0.12, -0.12, -0.12, -0.12, -0.12, -0.12, -0.12, -0.12, -0.12, -0.12, -0.12, -0.12, -0.12, -0.12, -0.12, -0.12, -0.12, -0.12, -0.12, -0.12, -0.12, -0.12, -0.12, -0.19, -0.12, 
-0.12, -0.12, -0.12, -0.12, -0.12, -0.12, -0.10, -0.12, -0.95, -0.12, -0.12, -0.12, -0.12, -0.12, -0.12, -0.12, -0.12, -0.12, -0.12, -0.12, -0.12, -0.12, -0.12, -0.12, -0.12, -0.12, -0.12, -0.12, 
-0.12, -0.12, -0.12, -0.12, -0.12, -0.12, -0.12, -0.12, -0.12, -0.12, -0.17, -0.10, -0.12, -0.12, -0.17, -0.12, -0.12, -0.17, -0.12, -0.12, -0.16, -0.95, -0.12, -0.16, -0.12, -0.12, -0.12, -0.12, 
-0.12, -0.12, -0.12, -0.12, -0.12, -0.12, -0.12, -0.12, -0.12, -0.12, -0.12, -0.12, -0.12, -0.12, -0.12, -0.95, -0.12, -0.12, -0.12, -0.12, -0.12, -0.12, -0.12, -0.12, -0.12, -0.12, -0.19, -0.12, 
-0.12, -0.12, -0.12, -0.12, -0.12, -0.12, -0.12, -0.18, -0.12, -0.12, -0.12, -0.12, -0.12, -0.12, -0.12, -0.12, -0.12, -0.12, -0.12, -0.12, -0.12, -0.12, -0.12, -0.12, -0.12, -0.12, -0.12, -0.12, 
-0.12, -0.12, -0.12, -0.12, -0.12, -0.12, -0.12, -0.10, -0.12, -0.12, -0.12, -0.12, -0.12, -0.12, -0.12, -0.12, -0.12, -0.12, -0.12, -0.12, -0.12, -0.12, -0.12, -0.12, -0.12, -0.12, -0.12, -0.12, 
-0.19, -0.12, -0.12, -0.18, -0.12, -0.12, -0.18, -0.12, -0.12, -0.12, -0.12, -0.12, -0.10, -0.12, -0.12, -0.95, -0.12, -0.12, -0.12, -0.12, -0.12, -0.12, -0.12, -0.12, -0.12, -0.12, -0.15, -0.12, 
-0.12, -0.12, -0.12, -0.12, -0.12, -0.12, -0.12, -0.12, -0.12, -0.12, -0.12, -0.12, -0.12, -0.12, -0.12, -0.12, -0.12, -0.12, -0.12, -0.12, -0.12, -0.12, -0.12, -0.12, -0.12, -0.12, -0.12, -0.12, 
-0.12, -0.12, -0.12, -0.12, -0.12, -0.12, -0.12, -0.12, -0.12, -0.12, -0.12, -0.12, -0.12, -0.12, -0.12, -0.12, -0.12, -0.12, -0.12, -0.12, -0.12, -0.12, -0.12, -0.12, -0.12, -0.12, -0.12, -0.12, 
-0.12, -0.12, -0.12, -0.12, -0.12, -0.12, -0.12, -0.12, -0.12, -0.12, -0.12, -0.12, -0.12, -0.12, -0.12, -0.12, -0.12, -0.95, -0.12, -0.12, -0.12, -0.12, -0.12, -0.12, -0.12, -0.12, -0.15, -0.12, 
-0.12, -0.12, -0.12, -0.12, -0.12, -0.12, -0.12, -0.12, -0.12, -0.12, -0.12, -0.12, -0.12, -0.12, -0.95, -0.12, -0.12, -0.12, -0.12, -0.12, -0.12, -0.12, -0.12, -0.12, -0.12, -0.12, -0.12, -0.12, 
-0.12, -0.12, -0.12, -0.12, -0.12, -0.12, -0.12, -0.12, -0.12, -0.12, -0.12, -0.12, -0.10, -0.12, -0.12, -0.12, -0.12, -0.12, -0.12, -0.95, -0.10, -0.12, -0.12, -0.12, -0.14, -0.12, -0.12, -0.12, 
-0.12, -0.12, -0.12, -0.12, -0.12, -0.12, -0.12, -0.12, -0.13, -0.12, -0.12, -0.13, -0.12, -0.12, -0.13, -0.12, -0.12, -0.14, -0.12, -0.12, -0.14, -0.12, -0.12, -0.12, -0.12, -0.12, -0.12, -0.12, 
-0.12, -0.12, -0.12, -0.12, -0.12, -0.12, -0.12, -0.12, -0.12, -0.12, -0.12, -0.12, -0.12, -0.12, -0.12, -0.12, -0.12, -0.12, -0.12, -0.12, -0.12, -0.12, -0.12, -0.12, -0.12, -0.12, -0.12, -0.12, 
-0.12, -0.12, -0.12, -0.12, -0.12, -0.12, -0.12, -0.12, -0.12, -0.12, -0.12, -0.12, -0.12, -0.12, -0.12, -0.12, -0.12, -0.12, -0.12, -0.12, -0.12, -0.12, -0.12, -0.12, -0.12, -0.12, -0.12, -0.12, 
-- optimal policy --
r  r  >  r  v  v  l  v  l  l  l  r  r  r  >  r  v  v  l  l  l  l  l  l  l  l  l  l  
>  >  r  >  r  v  l  l  <  <  <  r  r  r  r  >  r  v  l  l  l  l  l  l  l  l  l  l  
r  >  >  r  >  >  <  <  l  l  r  >  r  v  >  r  >  >  <  <  <  <  <  <  <  <  <  <  
v  v  r  >  R  ^  L  <  <  <  l  r  >  r  r  >  R  ^  L  L  L  <  L  l  l  l  l  L  
v  v  v  R  ^  ^  ^  L  <  l  v  r  r  r  r  v  v  l  ^  L  L  L  <  <  <  <  <  l  
v  v  v  l  r  v  v  r  v  l  l  v  r  >  r  v  l  l  l  ^  L  L  L  L  L  L  L  <  
r  v  l  l  r  r  v  v  l  l  r  v  v  r  >  >  <  <  <  <  ^  L  L  L  L  L  L  L  
>  v  <  <  >  r  v  l  l  r  r  v  v  l  R  ^  L  L  L  L  <  ^  L  L  L  L  L  L  
R  ^  L  <  r  >  v  <  <  >  r  v  l  l  ^  R  ^  L  <  L  L  <  ^  L  L  L  L  <  
^  L  ^  L  >  R  ^  L  <  r  >  v  <  <  l  ^  R  ^  L  <  l  L  L  ^  L  <  L  v  
^  ^  ^  >  R  r  v  l  v  l  R  ^  L  L  <  l  l  L  ^  L  <  l  l  L  ^  L  v  l  
^  ^  >  R  >  r  r  v  l  <  ^  ^  ^  L  l  l  l  l  ^  ^  L  <  <  v  v  v  l  l  
^  >  R  >  >  >  >  <  <  L  >  r  v  l  l  l  <  <  <  ^  ^  L  v  v  v  l  l  <  
>  R  R  R  R  R  R  ^  L  <  r  >  v  <  <  l  l  L  v  v  v  v  v  v  l  l  l  l  
R  R  >  R  R  ^  R  R  ^  L  >  R  ^  L  <  l  l  v  v  v  l  v  l  l  l  l  l  l  
R  R  R  R  ^  R  ^  ^  ^  ^  R  ^  R  ^  L  <  l  r  v  r  v  v  v  l  l  l  l  <  
R  R  R  R  R  ^  ^  R  ^  R  r  v  v  v  l  L  <  >  r  v  v  v  l  l  l  l  l  l  
R  R  R  R  ^  ^  R  ^  R  >  >  r  v  l  l  l  L  r  >  r  v  l  l  l  <  <  l  l  
R  ^  R  ^  ^  R  ^  R  r  r  >  >  v  <  l  <  <  >  r  >  >  <  <  l  l  l  l  l  
R  R  ^  ^  R  ^  R  r  r  >  R  R  ^  L  <  l  l  r  >  R  ^  L  L  <  <  l  l  l  
R  ^  L  R  ^  R  r  r  >  R  >  R  ^  ^  L  <  <  >  R  ^  R  ^  L  L  <  <  l  l  
R  R  R  R  R  >  >  >  R  >  R  ^  ^  ^  ^  L  <  R  ^  ^  R  ^  ^  L  L  <  <  <  
Correct actions (%) : 10.53
Avg angular diffs   : 95.75
