arguments: 27 10 1 0.00201613 -0.794355 -0.00201613 -0.201613
loading features...

Initializing gridworld of size 28 by 22..
    Num states: 616
    Num actions: 8
recovered reward
-0.20, -0.20, -0.20, -0.20, -0.20, -0.20, -0.20, -0.20, -0.20, -0.21, -0.20, -0.20, -0.20, -0.21, -0.20, -0.20, -0.20, -0.21, -0.20, -0.20, -0.21, -0.20, -0.21, -0.20, -0.20, -0.21, -0.20, -0.20, 
-0.20, -0.20, -0.20, -0.20, -0.20, -0.20, -0.21, -0.20, -0.20, -0.20, -0.20, -0.20, -0.20, -0.20, -0.20, -0.20, -0.20, -0.20, -0.20, -0.20, -0.20, -0.20, -0.20, -0.20, -0.20, -0.20, -0.20, -0.20, 
-0.20, -0.20, -0.20, -0.20, -0.20, -0.20, -0.20, -0.20, -0.20, -0.20, -0.20, -0.20, -0.20, -0.20, -0.20, -0.20, -0.20, -0.20, -0.20, -0.20, -0.20, -0.20, -0.20, -0.20, -0.20, -0.20, -0.20, -0.20, 
-0.20, -0.20, -0.20, -0.20, -1.00, -0.20, -0.20, -0.20, -0.20, -0.20, -0.20, -0.20, -0.20, -0.20, -0.20, -0.20, -0.20, -0.20, -0.20, -0.20, -0.20, -0.20, -0.20, -0.20, -0.20, -0.20, -0.20, -0.20, 
-0.20, -0.20, -0.20, -0.20, -0.20, -0.20, -0.20, -0.20, -0.20, -0.20, -0.20, -0.20, -0.20, -0.20, -0.20, -0.20, -0.20, -0.20, -0.20, -0.20, -0.20, -0.20, -0.20, -0.20, -0.20, -0.20, -0.20, -0.20, 
-0.20, -0.20, -0.20, -0.20, -0.20, -0.20, -0.20, -0.20, -0.20, -0.20, -0.20, -0.20, -0.20, -0.20, -0.20, -0.20, -0.20, -0.20, -0.20, -0.20, -0.20, -0.20, -0.20, -0.20, -0.20, -0.20, -0.20, -0.20, 
-0.20, -0.20, -0.20, -0.20, -0.20, -0.20, -0.20, -1.00, -0.20, -0.20, -0.20, -0.20, -0.20, -0.20, -0.20, -0.20, -0.20, -0.20, -0.20, -0.20, -0.20, -0.20, -0.20, -0.20, -0.20, -0.20, -0.20, -0.20, 
-0.20, -1.00, -0.20, -0.20, -0.20, -0.20, -0.21, -0.20, -0.20, -0.20, -0.20, -0.20, -0.20, -0.20, -0.20, -0.20, -0.20, -0.20, -0.20, -0.20, -0.20, -0.20, -0.20, -0.20, -0.20, -0.20, -0.20, -0.20, 
-0.20, -0.20, -0.20, -0.20, -0.20, -0.20, -0.20, -0.20, -0.20, -0.20, -0.20, -0.20, -0.20, -0.20, -0.20, -0.20, -0.20, -0.20, -0.20, -0.20, -0.20, -0.20, -0.20, -0.20, -0.20, -0.20, -0.20, -0.20, 
-0.20, -0.20, -0.20, -0.20, -0.20, -0.20, -0.20, -0.21, -0.20, -0.20, -0.20, -0.20, -0.20, -0.20, -0.20, -0.20, -0.20, -0.20, -0.20, -0.20, -0.20, -0.20, -0.20, -0.20, -0.20, -0.20, -0.20, -0.20, 
-0.20, -0.20, -0.20, -0.20, -0.20, -0.20, -0.20, -0.20, -0.20, -0.20, -0.20, -0.20, -0.20, -0.20, -0.20, -0.20, -0.20, -0.20, -0.20, -0.20, -0.20, -0.20, -0.20, -0.20, -0.20, -0.20, -0.20, -0.20, 
-0.20, -0.20, -0.20, -0.20, -0.20, -0.20, -0.20, -0.20, -0.20, -0.20, -0.20, -0.20, -1.00, -0.20, -1.00, -0.20, -0.20, -0.20, -0.20, -0.20, -0.20, -0.20, -0.20, -0.20, -0.20, -0.20, -0.20, -0.20, 
-0.20, -0.20, -0.20, -0.20, -0.20, -0.20, -0.20, -0.20, -0.20, -0.20, -0.20, -0.20, -0.20, -0.20, -0.20, -0.20, -0.20, -0.20, -0.20, -0.20, -0.20, -0.20, -0.20, -0.20, -0.20, -0.20, -0.20, -0.20, 
-0.20, -0.20, -0.20, -0.20, -0.20, -0.20, -0.20, -0.21, -0.20, -0.20, -0.20, -0.20, -0.20, -0.20, -0.20, -0.20, -0.20, -0.20, -0.20, -0.20, -1.00, -0.20, -0.20, -0.20, -0.20, -0.20, -0.20, -0.20, 
-0.20, -0.20, -0.20, -0.20, -0.20, -0.20, -0.20, -0.20, -0.20, -0.20, -0.20, -0.20, -0.20, -0.20, -0.20, -1.00, -0.20, -0.20, -0.20, -0.20, -0.20, -0.20, -0.20, -0.20, -0.20, -0.20, -0.20, -0.20, 
-0.20, -0.20, -0.20, -0.20, -0.20, -0.20, -0.20, -0.20, -1.00, -0.20, -0.20, -0.20, -0.20, -0.20, -0.20, -0.20, -0.20, -0.20, -0.20, -0.20, -0.20, -0.20, -0.20, -0.20, -0.20, -0.20, -0.20, -0.20, 
-0.20, -0.20, -0.20, -0.20, -0.20, -0.20, -0.20, -0.20, -1.00, -0.20, -0.20, -0.20, -0.20, -0.20, -0.20, -0.20, -0.20, -0.20, -0.20, -1.00, -0.20, -0.20, -0.20, -0.20, -0.20, -0.20, -0.20, -0.20, 
-0.20, -0.20, -0.20, -0.20, -0.20, -0.20, -0.20, -0.20, -0.20, -0.20, -0.20, -0.20, -0.20, -0.20, -0.20, -0.20, -0.20, -0.20, -0.20, -1.00, -0.20, -0.20, -0.20, -0.20, -0.20, -0.20, -0.20, -0.20, 
-0.20, -0.20, -0.20, -0.20, -0.20, -0.20, -0.20, -0.20, -0.20, -0.20, -0.20, -0.20, -0.20, -0.20, -0.20, -0.20, -0.20, -0.20, -0.20, -0.20, -0.20, -0.20, -0.20, -0.20, -0.20, -0.20, -0.20, -0.20, 
-0.20, -0.20, -0.20, -0.20, -0.20, -0.20, -0.20, -0.20, -0.20, -0.20, -0.20, -0.20, -0.20, -0.20, -0.20, -0.20, -0.20, -0.20, -0.20, -0.20, -0.20, -0.20, -0.20, -0.20, -0.20, -0.20, -0.20, -0.20, 
-0.20, -0.20, -0.20, -0.20, -0.20, -0.20, -0.20, -0.20, -0.20, -0.20, -0.20, -0.20, -0.20, -0.20, -0.20, -0.20, -0.20, -0.20, -0.20, -0.20, -0.20, -0.20, -0.20, -0.20, -0.20, -0.20, -0.20, -0.20, 
-0.20, -0.20, -0.20, -0.20, -0.20, -0.20, -0.20, -0.20, -0.20, -0.20, -0.20, -0.20, -0.20, -0.20, -0.20, -0.20, -0.20, -0.20, -0.20, -0.20, -0.20, -0.20, -0.20, -0.20, -0.20, -0.20, -0.20, -0.20, 
-- optimal policy --
r  r  r  r  r  >  >  r  v  l  l  r  v  l  v  l  l  l  l  v  v  v  l  l  l  l  l  l  
>  r  r  r  r  v  r  >  v  <  v  v  l  v  l  l  l  l  v  v  v  l  l  v  l  l  l  l  
r  >  r  >  r  r  v  r  v  v  r  v  v  l  l  l  l  v  v  v  l  l  v  l  l  l  l  <  
r  r  >  r  >  r  r  v  r  v  v  v  l  l  l  v  v  v  v  v  l  v  l  l  l  l  l  l  
>  r  >  r  r  >  r  r  v  r  v  l  l  l  v  v  v  v  v  l  v  l  l  l  l  l  l  l  
r  >  r  >  r  r  >  r  r  v  l  <  <  l  r  v  v  v  l  v  l  l  l  <  l  l  l  l  
>  r  >  r  r  >  r  r  >  R  <  L  l  l  >  r  v  l  l  l  l  l  l  l  l  l  l  l  
r  >  r  r  r  r  r  >  R  ^  L  L  <  <  r  >  r  v  l  l  l  l  l  l  l  l  l  <  
>  r  >  r  r  r  >  R  R  R  R  ^  L  <  >  R  >  L  <  <  l  l  l  l  l  l  l  l  
r  >  r  r  r  >  R  R  ^  R  ^  ^  L  L  R  >  R  ^  L  <  <  <  <  <  <  l  l  l  
>  r  >  r  >  R  ^  R  R  ^  ^  L  L  R  >  R  ^  ^  ^  L  <  L  L  L  L  <  <  l  
r  >  r  >  R  ^  R  R  ^  L  ^  L  R  ^  R  ^  ^  ^  ^  ^  L  <  L  L  L  L  <  <  
>  r  >  R  ^  R  R  R  ^  R  ^  L  R  >  R  R  ^  ^  ^  ^  ^  L  <  L  L  L  L  L  
r  >  R  ^  R  R  R  ^  R  ^  L  R  >  R  R  ^  R  ^  ^  ^  ^  ^  L  <  L  <  L  L  
>  R  ^  R  R  R  ^  R  ^  R  R  >  R  R  ^  R  ^  R  ^  ^  R  ^  ^  L  L  L  <  L  
R  ^  R  R  R  ^  R  ^  R  R  >  R  R  >  ^  <  R  ^  R  ^  R  ^  ^  L  ^  L  L  <  
^  R  R  R  ^  R  R  ^  R  >  R  ^  >  R  ^  L  <  >  R  <  ^  L  ^  L  L  L  L  <  
R  R  >  ^  <  R  R  ^  >  R  ^  >  R  ^  ^  L  L  R  ^  L  l  ^  L  ^  L  L  L  L  
R  >  R  ^  L  <  ^  >  R  ^  >  R  ^  R  ^  ^  R  R  >  L  <  <  ^  L  ^  L  L  L  
>  R  ^  ^  L  L  >  R  ^  >  R  ^  R  ^  L  R  R  >  R  ^  L  L  <  ^  L  ^  L  L  
R  ^  L  ^  L  L  R  ^  >  R  ^  R  R  ^  R  R  >  R  R  ^  L  L  L  <  ^  L  ^  L  
R  ^  L  L  ^  R  ^  >  R  R  R  R  R  R  R  >  R  R  R  ^  ^  L  L  L  <  ^  L  ^  
Correct actions (%) : 13.54
Avg angular diffs   : 83.91
