arguments: 27 11 1 -0.0673077 -0.132692 -0.0307692 -0.769231
loading features...

Initializing gridworld of size 28 by 22..
    Num states: 616
    Num actions: 8
recovered reward
-0.84, -0.90, -0.84, -0.77, -0.79, -0.84, -0.85, -0.80, -0.77, -0.77, -0.77, -0.77, -0.77, -0.77, -0.77, -0.77, -0.77, -0.77, -0.80, -0.84, -0.80, -0.77, -0.77, -0.77, -0.77, -0.77, -0.77, -0.77, 
-0.80, -0.85, -0.84, -0.79, -0.80, -0.90, -0.94, -0.84, -0.77, -0.79, -0.77, -0.77, -0.80, -0.77, -0.77, -0.77, -0.77, -0.77, -0.84, -0.92, -0.87, -0.79, -0.77, -0.77, -0.77, -0.85, -0.77, -0.77, 
-0.77, -0.80, -0.84, -0.80, -0.79, -0.84, -0.85, -0.80, -0.77, -0.77, -0.77, -0.77, -0.77, -0.77, -0.77, -0.77, -0.80, -0.77, -0.80, -0.87, -0.87, -0.80, -0.77, -0.77, -0.77, -0.77, -0.77, -0.77, 
-0.77, -0.79, -0.80, -0.79, -0.77, -0.80, -0.84, -0.82, -0.77, -0.77, -0.77, -0.77, -0.77, -0.77, -0.77, -0.77, -0.77, -0.77, -0.77, -0.79, -0.80, -0.79, -0.79, -0.77, -0.77, -0.77, -0.77, -0.77, 
-0.77, -0.77, -0.77, -0.77, -0.77, -0.77, -0.79, -0.77, -0.77, -0.77, -0.77, -0.77, -0.77, -0.77, -0.77, -0.77, -0.77, -0.77, -0.77, -0.77, -0.79, -0.80, -0.79, -0.77, -0.77, -0.85, -0.77, -0.77, 
-0.77, -0.77, -0.77, -0.77, -0.77, -0.77, -0.77, -0.77, -0.77, -0.77, -0.80, -0.84, -0.80, -0.77, -0.77, -0.77, -0.80, -0.77, -0.77, -0.77, -0.80, -0.84, -0.80, -0.77, -0.77, -0.77, -0.77, -0.77, 
-0.77, -0.77, -0.77, -0.77, -0.78, -0.77, -0.77, -0.77, -0.77, -0.77, -0.84, -0.90, -0.84, -0.77, -0.81, -0.77, -0.77, -0.77, -0.77, -0.77, -0.82, -0.87, -0.82, -0.77, -0.77, -0.77, -0.77, -0.77, 
-0.77, -0.77, -0.77, -0.77, -0.77, -0.77, -0.79, -0.80, -0.79, -0.77, -0.80, -0.84, -0.80, -0.77, -0.77, -0.77, -0.77, -0.77, -0.77, -0.79, -0.87, -0.92, -0.84, -0.84, -0.77, -0.77, -0.77, -0.77, 
-0.77, -0.77, -0.77, -0.77, -0.77, -0.77, -0.80, -0.84, -0.80, -0.77, -0.77, -0.77, -0.77, -0.77, -0.77, -0.77, -0.77, -0.77, -0.77, -0.80, -0.87, -0.87, -0.80, -0.77, -0.77, -0.77, -0.77, -0.77, 
-0.77, -0.77, -0.77, -0.77, -0.78, -0.77, -0.79, -0.80, -0.79, -0.80, -0.79, -0.77, -0.81, -0.77, -0.77, -0.77, -0.77, -0.77, -0.77, -0.79, -0.80, -0.79, -0.77, -0.77, -0.77, -0.77, -0.77, -0.77, 
-0.77, -0.77, -0.77, -0.77, -0.77, -0.77, -0.77, -0.77, -0.80, -0.84, -0.80, -0.77, -0.77, -0.77, -0.77, -0.80, -0.84, -0.80, -0.77, -0.77, -0.77, -0.77, -0.77, -0.77, -0.84, -0.77, -0.77, -0.77, 
-0.77, -0.77, -0.77, -0.77, -0.77, -0.77, -0.77, -0.77, -0.79, -0.80, -0.83, -0.77, -0.77, -0.80, -0.84, -0.84, -0.90, -0.84, -0.77, -0.77, -0.77, -0.77, -0.77, -0.77, -0.77, -0.77, -0.77, -0.77, 
-0.77, -0.77, -0.77, -0.77, -0.77, -0.77, -0.77, -0.77, -0.77, -0.77, -0.77, -0.77, -0.77, -0.84, -0.90, -0.80, -0.84, -0.80, -0.77, -0.77, -0.77, -0.77, -0.77, -0.77, -0.79, -0.80, -0.79, -0.77, 
-0.77, -0.77, -0.77, -0.78, -0.77, -0.77, -0.77, -0.77, -0.77, -0.77, -0.77, -0.77, -0.77, -0.80, -0.84, -0.80, -0.77, -0.77, -0.77, -0.77, -0.77, -0.77, -0.77, -0.84, -0.80, -0.84, -0.80, -0.77, 
-0.77, -0.77, -0.77, -0.77, -0.77, -0.77, -0.77, -0.77, -0.77, -0.82, -0.77, -0.77, -0.77, -0.77, -0.77, -0.77, -0.77, -0.77, -0.77, -0.77, -0.77, -0.79, -0.80, -0.79, -0.79, -0.80, -0.79, -0.77, 
-0.77, -0.77, -0.77, -0.77, -0.77, -0.77, -0.77, -0.77, -0.77, -0.77, -0.77, -0.77, -0.77, -0.77, -0.77, -0.77, -0.77, -0.77, -0.77, -0.77, -0.79, -0.80, -0.87, -0.87, -0.80, -0.77, -0.77, -0.77, 
-0.77, -0.77, -0.78, -0.77, -0.77, -0.77, -0.77, -0.77, -0.77, -0.77, -0.77, -0.77, -0.82, -0.77, -0.77, -0.77, -0.77, -0.77, -0.77, -0.77, -0.80, -0.79, -0.87, -0.98, -0.84, -0.77, -0.77, -0.77, 
-0.77, -0.77, -0.77, -0.77, -0.77, -0.77, -0.79, -0.80, -0.79, -0.77, -0.77, -0.77, -0.77, -0.77, -0.80, -0.84, -0.80, -0.77, -0.77, -0.77, -0.79, -0.80, -0.82, -0.84, -0.80, -0.77, -0.77, -0.77, 
-0.77, -0.77, -0.77, -0.77, -0.77, -0.77, -0.80, -0.84, -0.80, -0.77, -0.77, -0.77, -0.77, -0.77, -0.84, -0.90, -0.84, -0.77, -0.80, -0.84, -0.80, -0.83, -0.77, -0.77, -0.77, -0.77, -0.77, -0.77, 
-0.77, -0.77, -0.77, -0.77, -0.77, -0.77, -0.79, -0.80, -0.79, -0.77, -0.77, -0.77, -0.77, -0.82, -0.80, -0.84, -0.86, -0.77, -0.84, -0.96, -0.84, -0.77, -0.77, -0.77, -0.77, -0.77, -0.77, -0.77, 
-0.77, -0.77, -0.77, -0.77, -0.77, -0.77, -0.77, -0.77, -0.77, -0.77, -0.77, -0.77, -0.77, -0.77, -0.80, -0.84, -0.80, -0.77, -0.80, -0.84, -0.80, -0.77, -0.77, -0.77, -0.77, -0.77, -0.77, -0.77, 
-0.77, -0.77, -0.77, -0.77, -0.77, -0.77, -0.77, -0.77, -0.77, -0.77, -0.77, -0.77, -0.77, -0.77, -0.77, -0.77, -0.77, -0.77, -0.77, -0.77, -0.77, -0.77, -0.77, -0.77, -0.77, -0.77, -0.77, -0.77, 
-- optimal policy --
v  l  >  ^  <  <  >  >  >  L  R  <  >  >  ^  ^  <  v  l  >  >  R  <  v  v  r  v  l  
v  l  R  ^  L  l  R  R  R  ^  ^  L  R  R  R  ^  L  v  l  R  R  ^  L  r  v  r  v  l  
v  l  r  r  v  l  >  r  v  l  <  v  v  v  v  v  v  v  v  l  l  >  r  v  r  v  l  v  
L  <  r  v  l  <  r  v  l  <  L  l  v  v  v  v  v  v  v  v  l  R  r  v  v  r  v  v  
l  <  v  l  <  L  v  l  <  L  l  <  r  v  v  v  l  v  v  l  <  >  >  r  v  v  l  l  
v  <  v  l  <  v  v  l  L  v  l  L  r  v  l  r  v  v  l  v  l  R  R  >  r  v  v  v  
v  <  v  v  l  v  l  <  L  v  l  l  r  v  l  >  v  l  v  l  <  L  R  >  >  r  v  l  
<  <  v  l  <  v  l  L  >  r  v  l  v  l  <  >  r  v  v  l  L  r  R  >  >  >  v  <  
^  L  l  <  L  v  l  L  R  >  r  v  l  <  L  >  >  r  v  l  r  r  r  R  >  >  r  v  
v  l  <  L  v  l  <  v  l  R  r  v  l  L  >  >  >  >  r  r  v  >  >  >  >  >  >  R  
L  <  L  v  l  <  L  l  <  l  r  v  <  R  R  R  R  r  v  v  v  R  R  R  R  R  R  ^  
<  <  v  l  <  L  l  <  l  l  v  l  <  l  L  L  l  r  v  v  l  >  >  >  >  >  >  >  
l  <  l  <  L  l  <  v  v  <  v  v  v  l  r  r  v  >  v  l  <  R  R  R  R  R  R  ^  
^  v  l  <  v  v  v  v  l  <  v  v  v  r  v  l  v  v  l  <  v  l  <  L  L  r  r  v  
l  l  <  L  v  v  v  l  <  v  v  v  v  v  l  <  l  v  v  v  l  <  L  L  r  v  r  v  
l  ^  L  v  v  v  l  <  L  r  v  v  l  v  v  l  v  r  v  v  l  L  L  R  r  v  >  >  
l  L  >  r  v  l  <  L  r  v  r  v  v  v  l  <  r  v  l  l  <  L  <  R  >  r  v  ^  
^  L  >  >  r  <  L  R  r  v  v  r  v  v  l  L  r  v  l  <  L  r  v  l  R  >  >  v  
r  v  >  r  v  l  <  l  r  v  r  v  v  l  <  l  r  v  l  L  r  >  r  v  R  R  ^  r  
v  l  R  >  v  <  v  l  >  >  >  >  r  <  l  <  r  v  l  r  r  v  v  v  >  >  r  >  
<  v  v  >  r  v  l  <  R  ^  R  ^  ^  r  v  v  v  r  v  v  v  v  v  l  <  >  r  >  
^  l  l  <  ^  v  <  L  >  >  >  >  >  >  r  l  v  <  r  l  v  r  v  <  L  R  R  l  
Correct actions (%) : 19.48
Avg angular diffs   : 82.99
