arguments: 27 5 1 0.303111 -0.409662 -0.221046 -0.0661813
loading features...

Initializing gridworld of size 28 by 22..
    Num states: 616
    Num actions: 8
recovered reward
-0.07, -0.07, -0.07, -0.07, -0.07, -0.07, -0.07, -0.07, -0.07, -0.07, -0.07, -0.07, -0.07, -0.07, -0.07, -0.07, -0.07, -0.07, -0.07, 0.01, 0.09, 0.01, -0.07, -0.07, -0.07, -0.07, -0.07, -0.07, 
-0.07, -0.07, -0.07, -0.07, -0.07, -0.07, -0.07, -0.07, -0.07, 0.01, 0.09, 0.01, 0.01, 0.09, 0.01, -0.07, -0.07, -0.07, -0.07, 0.09, 0.24, 0.09, -0.07, -0.07, -0.07, -0.07, -0.07, -0.07, 
-0.07, -0.07, -0.17, -0.27, -0.17, -0.07, -0.07, -0.07, -0.07, 0.09, 0.24, 0.09, 0.09, 0.24, 0.09, -0.07, -0.07, -0.07, -0.07, 0.01, 0.09, 0.01, -0.07, -0.07, -0.07, -0.07, -0.55, -0.07, 
-0.07, -0.07, -0.27, -0.48, -0.27, -0.07, -0.07, -0.07, -0.07, -0.15, 0.09, 0.01, -0.17, 0.09, 0.01, -0.17, -0.27, -0.17, -0.27, -0.09, -0.02, 0.01, -0.07, -0.07, -0.07, -0.07, -0.07, -0.07, 
-0.07, -0.07, -0.17, -0.27, -0.17, -0.07, -0.07, -0.07, -0.07, -0.07, -0.07, -0.07, -0.07, -0.07, -0.07, -0.27, -0.48, -0.27, -0.48, -0.12, 0.03, 0.09, -0.07, -0.07, -0.17, -0.27, -0.17, -0.07, 
-0.07, -0.07, 0.01, -0.02, -0.20, -0.17, -0.07, -0.20, -0.07, -0.07, -0.07, -0.07, -0.07, -0.07, -0.07, -0.17, -0.27, -0.17, -0.27, -0.09, -0.02, 0.01, -0.07, -0.07, -0.27, -0.48, -0.74, -0.07, 
-0.07, -0.07, 0.09, 0.03, -0.32, -0.27, -0.07, -0.07, -0.07, -0.07, -0.07, -0.07, 0.01, -0.11, 0.01, -0.07, -0.07, -0.07, -0.07, -0.07, -0.07, -0.07, -0.07, -0.07, -0.17, -0.27, -0.17, -0.07, 
-0.07, -0.07, 0.01, -0.02, -0.20, -0.17, -0.07, -0.07, -0.07, -0.07, -0.07, -0.07, 0.09, 0.24, 0.09, 0.01, -0.07, -0.07, -0.07, -0.07, -0.07, -0.07, -0.07, -0.07, -0.07, -0.07, -0.07, -0.07, 
-0.07, -0.07, 0.01, 0.09, 0.01, -0.07, -0.07, -0.18, -0.07, -0.07, -0.07, -0.07, 0.01, 0.09, -0.21, 0.09, -0.09, -0.12, -0.09, -0.07, -0.07, -0.07, -0.07, -0.07, 0.01, -0.36, 0.01, -0.07, 
-0.07, -0.07, -0.07, -0.07, -0.07, -0.07, -0.07, -0.07, -0.07, -0.07, -0.07, -0.07, -0.07, 0.01, 0.09, -0.09, -0.12, 0.13, -0.12, -0.17, -0.07, -0.07, -0.07, -0.07, 0.09, 0.24, 0.09, -0.07, 
-0.07, -0.07, -0.07, -0.07, -0.07, -0.15, -0.07, -0.07, -0.07, -0.07, -0.07, -0.07, -0.07, -0.07, -0.07, -0.27, -0.64, -0.12, -0.40, -0.27, -0.07, -0.07, -0.07, -0.07, 0.01, 0.09, 0.01, -0.07, 
-0.07, -0.07, -0.07, -0.07, -0.07, -0.07, -0.07, -0.07, -0.07, -0.07, -0.07, -0.07, -0.07, -0.07, -0.07, -0.17, -0.27, -0.17, -0.27, -0.17, -0.07, -0.07, -0.07, -0.07, -0.49, -0.07, -0.07, -0.07, 
-0.07, -0.07, -0.07, -0.07, -0.07, -0.07, -0.07, -0.07, -0.07, -0.07, -0.07, -0.07, -0.07, -0.17, -0.27, -0.17, -0.07, -0.27, -0.48, -0.27, -0.07, -0.07, -0.07, -0.07, -0.07, -0.07, -0.07, -0.07, 
-0.07, -0.07, -0.07, -0.07, -0.06, 0.09, 0.01, -0.07, -0.07, -0.07, -0.07, -0.07, -0.07, -0.27, -0.48, -0.27, -0.07, -0.43, -0.27, -0.17, -0.07, -0.07, -0.07, -0.07, -0.07, -0.07, -0.07, -0.07, 
-0.07, -0.07, -0.07, -0.07, 0.09, 0.24, 0.09, -0.07, -0.07, -0.07, -0.07, -0.07, -0.07, -0.17, -0.27, -0.17, -0.07, -0.07, -0.07, -0.07, -0.07, -0.07, -0.46, -0.07, -0.07, -0.07, -0.07, -0.07, 
-0.07, -0.07, -0.07, -0.07, 0.01, 0.09, 0.01, -0.07, -0.07, -0.07, -0.07, -0.07, -0.07, -0.07, -0.07, -0.07, -0.07, -0.07, -0.07, -0.07, -0.07, -0.07, -0.07, -0.07, -0.07, -0.07, -0.07, -0.07, 
-0.07, -0.07, -0.11, -0.07, -0.07, -0.07, -0.07, -0.07, -0.07, -0.07, -0.07, -0.07, -0.07, -0.07, -0.07, -0.07, -0.07, -0.35, -0.07, -0.07, -0.07, -0.07, -0.07, -0.07, -0.07, -0.07, -0.07, -0.07, 
-0.07, -0.07, -0.07, -0.07, -0.07, -0.07, -0.07, -0.07, 0.01, 0.09, 0.01, -0.07, -0.07, -0.07, -0.07, -0.07, -0.07, -0.07, -0.17, -0.27, -0.17, -0.07, -0.07, -0.44, -0.07, -0.07, -0.07, -0.07, 
-0.07, -0.07, -0.07, -0.07, -0.07, -0.07, -0.07, -0.07, 0.09, 0.24, 0.09, -0.07, -0.07, -0.07, -0.07, -0.07, -0.07, -0.07, -0.27, -0.48, -0.27, -0.07, -0.07, -0.07, -0.07, -0.07, -0.07, -0.07, 
-0.09, -0.07, -0.07, -0.07, -0.07, -0.07, -0.07, -0.07, 0.01, 0.09, 0.01, -0.07, -0.07, -0.07, -0.07, -0.07, -0.38, -0.07, -0.17, -0.27, -0.52, -0.07, -0.07, -0.07, -0.07, -0.07, -0.07, -0.07, 
-0.07, -0.07, -0.07, -0.07, -0.07, -0.07, -0.07, -0.07, -0.07, -0.07, -0.07, -0.07, -0.07, -0.07, -0.07, -0.07, -0.07, -0.07, -0.07, -0.40, -0.07, -0.07, -0.07, -0.07, -0.07, -0.07, -0.07, -0.07, 
-0.07, -0.07, -0.07, -0.07, -0.07, -0.07, -0.07, -0.07, -0.07, -0.07, -0.07, -0.07, -0.07, -0.07, -0.07, -0.07, -0.07, -0.07, -0.07, -0.07, -0.07, -0.07, -0.07, -0.07, -0.07, -0.07, -0.07, -0.07, 
-- optimal policy --
v  l  v  l  >  >  >  r  r  r  v  l  r  v  l  l  l  r  r  r  v  l  l  <  l  <  l  <  
v  l  l  <  >  >  >  >  r  r  v  l  r  v  l  l  l  r  >  >  ^  <  <  l  <  l  l  <  
r  v  l  L  r  >  >  R  >  >  ^  <  >  ^  <  <  <  >  R  R  ^  L  L  <  l  <  <  L  
r  v  l  l  r  >  R  >  R  R  ^  L  R  ^  L  L  L  R  R  R  ^  L  l  L  <  <  L  v  
r  r  v  l  l  r  >  R  >  R  ^  L  R  ^  L  L  L  ^  R  >  >  <  <  l  L  L  r  v  
r  r  v  l  l  >  R  ^  R  ^  L  r  v  r  v  l  l  l  r  R  R  ^  L  <  <  l  r  v  
>  >  >  <  <  r  v  R  R  ^  >  r  r  v  l  l  l  l  >  R  R  ^  L  L  l  r  v  l  
>  R  ^  L  l  l  l  <  R  r  >  >  >  <  <  <  l  <  R  R  ^  ^  r  r  v  l  v  l  
R  R  >  L  <  <  <  <  r  >  R  R  R  ^  L  L  r  v  l  <  L  >  r  r  r  v  l  l  
R  R  R  ^  L  L  <  <  >  >  R  R  R  ^  L  ^  >  R  <  L  >  R  >  >  >  <  <  <  
R  R  R  ^  L  L  L  v  l  R  R  R  R  R  ^  L  R  ^  L  >  R  R  >  R  R  ^  L  L  
R  r  r  r  v  l  v  l  l  l  R  R  R  ^  ^  L  v  l  L  R  >  >  R  R  R  ^  L  L  
>  r  r  r  r  v  l  l  l  l  R  R  ^  R  ^  L  v  l  R  R  R  R  R  ^  R  ^  L  L  
>  r  >  r  r  v  l  l  l  <  v  l  v  l  L  r  v  l  r  R  R  R  ^  R  R  ^  R  ^  
>  R  R  >  >  v  <  <  <  r  r  v  l  l  l  l  l  <  >  R  R  R  R  R  R  ^  ^  L  
R  R  >  R  R  ^  L  L  L  r  v  l  l  l  <  l  <  <  R  R  R  ^  R  R  ^  ^  ^  ^  
>  R  R  R  R  ^  L  r  r  v  l  l  l  <  l  <  <  l  R  R  R  R  R  ^  ^  L  ^  ^  
R  >  R  R  ^  L  L  r  r  v  l  l  <  L  <  L  <  <  R  R  R  R  R  ^  ^  ^  L  ^  
>  R  R  ^  L  L  r  >  >  <  <  <  L  <  <  <  L  <  L  R  R  R  ^  R  ^  L  L  L  
R  R  ^  R  R  >  >  R  R  ^  L  L  <  L  L  L  <  L  <  l  R  ^  R  R  ^  L  L  L  
R  ^  R  R  >  R  R  R  R  ^  L  L  L  <  L  <  L  <  L  <  R  ^  R  R  R  ^  ^  L  
R  ^  R  >  R  R  R  R  ^  ^  ^  L  L  L  L  L  <  <  <  <  <  ^  R  ^  L  L  R  ^  
Correct actions (%) : 18.82
Avg angular diffs   : 87.35
