arguments: 27 8 1 -0.12336 -0.744094 -0.00131234 -0.131234
loading features...

Initializing gridworld of size 28 by 22..
    Num states: 616
    Num actions: 8
recovered reward
-0.13, -0.13, -0.13, -0.13, -0.13, -0.13, -0.13, -0.13, -0.13, -0.13, -0.13, -0.13, -0.13, -0.13, -0.13, -0.13, -0.13, -0.13, -0.13, -0.13, -0.13, -0.13, -0.13, -0.13, -0.13, -0.13, -0.13, -0.13, 
-0.13, -0.13, -0.13, -0.13, -0.13, -0.13, -0.13, -0.13, -0.13, -0.13, -0.13, -0.88, -0.13, -0.13, -0.13, -0.13, -0.13, -0.13, -0.13, -0.13, -0.13, -0.13, -0.13, -0.13, -0.13, -0.13, -0.13, -0.13, 
-0.13, -0.13, -0.13, -0.13, -0.13, -0.13, -0.13, -0.13, -0.13, -0.13, -0.13, -0.13, -0.13, -0.13, -0.13, -0.13, -0.13, -0.13, -0.13, -0.13, -0.13, -0.13, -0.88, -0.13, -0.13, -0.13, -0.13, -0.13, 
-0.13, -0.13, -0.13, -0.13, -0.13, -0.13, -0.13, -0.13, -0.13, -0.88, -0.13, -0.13, -0.13, -0.13, -0.13, -0.13, -0.13, -0.13, -0.13, -0.13, -0.13, -0.13, -0.13, -0.13, -0.13, -0.13, -0.13, -0.13, 
-0.13, -0.13, -0.13, -0.13, -0.13, -0.13, -0.13, -0.13, -0.13, -0.13, -0.13, -0.13, -0.13, -0.13, -0.13, -0.13, -0.13, -0.13, -0.13, -0.13, -0.13, -0.13, -0.13, -0.13, -0.13, -0.13, -0.13, -0.13, 
-0.13, -0.13, -0.13, -0.13, -0.13, -0.13, -0.13, -0.25, -0.13, -0.13, -0.13, -0.13, -0.13, -0.13, -0.13, -0.13, -0.13, -0.13, -0.13, -0.88, -0.13, -0.13, -0.13, -0.13, -0.13, -0.13, -0.13, -0.13, 
-0.13, -0.13, -0.13, -0.13, -0.13, -0.25, -0.25, -0.13, -0.13, -0.13, -0.13, -0.13, -0.13, -0.13, -0.13, -0.13, -0.13, -0.13, -0.13, -0.13, -0.25, -0.13, -0.13, -0.13, -0.13, -0.13, -0.13, -0.13, 
-0.13, -0.13, -0.13, -0.13, -0.13, -0.13, -0.13, -0.13, -0.13, -0.13, -0.13, -0.13, -0.13, -0.13, -0.13, -0.13, -0.13, -0.13, -0.13, -0.13, -0.13, -0.13, -0.13, -0.13, -0.13, -0.13, -0.13, -0.13, 
-0.13, -0.13, -0.13, -0.13, -0.13, -0.13, -0.13, -0.13, -0.13, -0.13, -0.13, -0.13, -0.13, -0.13, -0.13, -0.13, -0.13, -0.13, -0.13, -0.13, -0.13, -0.13, -0.13, -0.13, -0.13, -0.13, -0.13, -0.13, 
-0.13, -0.13, -0.13, -0.13, -0.88, -0.13, -0.13, -0.13, -0.13, -0.13, -0.13, -0.13, -0.13, -0.13, -0.13, -0.13, -0.13, -0.13, -0.13, -0.13, -0.13, -0.13, -0.13, -0.13, -0.13, -0.88, -0.13, -0.13, 
-0.13, -0.13, -0.13, -0.13, -0.13, -0.13, -0.13, -0.13, -0.13, -0.13, -0.13, -0.13, -0.13, -0.13, -0.13, -0.13, -0.13, -0.13, -0.13, -0.13, -0.13, -0.13, -0.13, -0.88, -0.13, -0.13, -0.13, -0.13, 
-0.13, -0.13, -0.13, -0.13, -0.13, -0.13, -0.13, -0.13, -0.13, -0.13, -0.13, -0.13, -0.13, -0.13, -0.13, -0.13, -0.13, -0.13, -0.13, -0.25, -0.13, -0.13, -0.13, -0.13, -0.13, -0.13, -0.13, -0.13, 
-0.13, -0.13, -0.13, -0.13, -0.13, -0.13, -0.13, -0.13, -0.13, -0.13, -0.88, -0.13, -0.13, -0.13, -0.13, -0.88, -0.13, -0.13, -0.13, -0.13, -0.13, -0.13, -0.13, -0.13, -0.13, -0.13, -0.13, -0.13, 
-0.13, -0.13, -0.25, -0.13, -0.13, -0.13, -0.25, -0.13, -0.13, -0.13, -0.13, -0.13, -0.13, -0.13, -0.13, -0.13, -0.13, -0.13, -0.13, -0.13, -0.13, -0.13, -0.13, -0.13, -0.13, -0.13, -0.13, -0.13, 
-0.13, -0.13, -0.13, -0.13, -0.13, -0.13, -0.13, -0.13, -0.13, -0.13, -0.13, -0.13, -0.13, -0.13, -0.13, -0.13, -0.13, -0.13, -0.13, -0.13, -0.13, -0.13, -0.13, -0.13, -0.13, -0.13, -0.13, -0.13, 
-0.13, -0.13, -0.13, -0.13, -0.13, -0.13, -0.13, -0.88, -0.13, -0.13, -0.13, -0.13, -0.13, -0.13, -0.13, -0.13, -0.13, -0.13, -0.25, -0.25, -0.13, -0.13, -0.13, -0.88, -0.13, -0.13, -0.13, -0.13, 
-0.13, -0.13, -0.13, -0.13, -0.13, -0.13, -0.13, -0.13, -0.13, -0.13, -0.13, -0.13, -0.13, -0.13, -0.13, -0.13, -0.25, -0.13, -0.13, -0.13, -0.13, -0.13, -0.13, -0.13, -0.13, -0.13, -0.13, -0.13, 
-0.13, -0.13, -0.13, -0.25, -0.13, -0.13, -0.13, -0.13, -0.13, -0.13, -0.13, -0.13, -0.13, -0.13, -0.13, -0.13, -0.13, -0.13, -0.13, -0.13, -0.13, -0.13, -0.13, -0.13, -0.13, -0.13, -0.13, -0.13, 
-0.13, -0.13, -0.13, -0.13, -0.13, -0.13, -0.13, -0.13, -0.13, -0.13, -0.13, -0.13, -0.13, -0.13, -0.13, -0.13, -0.13, -0.13, -0.13, -0.13, -0.13, -0.88, -0.13, -0.13, -0.13, -0.13, -0.13, -0.13, 
-0.13, -0.13, -0.13, -0.13, -0.13, -0.13, -0.13, -0.13, -0.13, -0.13, -0.13, -0.13, -0.13, -0.13, -0.13, -0.13, -0.13, -0.13, -0.13, -0.25, -0.13, -0.13, -0.13, -0.13, -0.13, -0.13, -0.13, -0.13, 
-0.13, -0.13, -0.13, -0.13, -0.13, -0.13, -0.13, -0.13, -0.13, -0.13, -0.13, -0.13, -0.13, -0.13, -0.13, -0.13, -0.13, -0.13, -0.13, -0.13, -0.13, -0.13, -0.13, -0.13, -0.13, -0.13, -0.13, -0.13, 
-0.13, -0.13, -0.13, -0.13, -0.13, -0.13, -0.13, -0.13, -0.13, -0.13, -0.13, -0.13, -0.13, -0.13, -0.13, -0.13, -0.13, -0.13, -0.13, -0.13, -0.13, -0.13, -0.13, -0.13, -0.13, -0.13, -0.13, -0.13, 
-- optimal policy --
v  l  >  >  R  <  v  l  <  v  l  >  r  v  v  v  v  >  L  <  >  L  <  r  v  >  R  r  
v  l  R  ^  ^  L  v  v  v  l  v  v  v  l  >  r  v  R  ^  L  R  ^  L  >  r  R  R  v  
<  <  L  l  <  v  v  v  l  <  v  v  l  <  v  v  r  v  >  >  r  v  >  >  >  >  >  r  
^  L  l  <  L  v  v  l  <  v  v  l  <  >  r  v  v  >  >  >  >  r  R  R  R  R  ^  ^  
v  l  <  L  v  v  l  <  L  v  l  <  L  >  >  r  v  v  R  R  >  >  r  v  r  v  v  v  
<  <  L  v  v  l  <  L  v  l  <  L  R  R  R  >  r  r  v  >  >  >  >  r  v  r  v  v  
^  L  v  v  l  <  L  v  l  <  L  v  r  v  R  >  >  >  r  R  >  >  >  >  r  >  r  v  
v  v  v  l  <  L  v  l  <  L  v  v  v  >  r  R  r  v  v  v  >  >  >  >  >  >  >  >  
r  v  l  <  L  v  l  <  L  v  v  v  v  v  v  >  >  r  v  v  R  R  R  R  ^  R  R  R  
v  l  <  v  l  v  v  v  v  v  v  v  v  v  v  R  >  >  r  v  <  r  v  r  r  r  v  ^  
v  <  v  l  <  v  v  v  v  v  v  v  v  v  v  v  v  >  >  r  v  v  v  >  >  >  r  v  
r  v  l  <  L  v  v  v  v  v  l  v  v  v  v  l  v  v  r  v  v  v  v  R  R  R  ^  >  
v  l  <  L  v  l  r  v  v  v  v  v  v  v  v  v  v  v  v  r  v  v  v  v  >  r  R  ^  
l  ^  L  v  l  <  r  v  v  v  v  v  v  v  v  v  v  l  l  >  r  v  v  v  >  >  r  v  
^  L  v  l  <  >  >  r  v  v  v  v  v  v  v  v  l  v  l  >  >  >  >  r  R  >  >  R  
v  v  l  <  L  v  R  >  r  v  v  v  v  v  v  l  <  v  l  r  v  l  R  >  r  R  R  ^  
v  l  <  L  v  v  v  >  >  r  v  l  r  v  l  <  v  l  <  v  r  v  l  R  >  r  v  v  
v  l  <  v  v  v  l  >  >  >  r  v  l  v  <  L  r  v  v  v  v  l  v  v  R  >  r  v  
v  <  L  v  v  l  v  v  R  R  ^  r  <  l  <  l  v  l  >  r  v  l  v  l  v  >  >  R  
L  <  r  v  v  l  v  v  v  v  R  ^  r  v  l  <  r  v  r  v  l  v  l  v  v  R  >  R  
<  L  v  l  r  v  v  v  l  v  v  l  ^  v  <  >  r  v  >  v  >  l  <  r  v  l  R  ^  
>  >  l  R  ^  v  >  r  <  l  >  l  l  r  L  >  >  r  R  v  r  ^  L  >  v  <  L  L  
Correct actions (%) : 5.79
Avg angular diffs   : 100.41
