arguments: 27 7 1 -0.0990798 -0.636958 0.00284245 -0.261119
loading features...

Initializing gridworld of size 28 by 22..
    Num states: 616
    Num actions: 8
recovered reward
-0.26, -0.26, -0.26, -0.26, -0.26, -0.26, -0.26, -0.26, -0.26, -0.26, -0.26, -0.26, -0.26, -0.26, -0.26, -0.26, -0.26, -0.26, -0.26, -0.26, -0.26, -0.26, -0.26, -0.26, -0.26, -0.26, -0.26, -0.26, 
-0.26, -0.26, -0.26, -0.26, -0.26, -0.26, -0.26, -0.26, -0.26, -0.26, -0.26, -0.26, -0.26, -0.26, -0.26, -0.26, -0.26, -0.26, -0.26, -0.26, -0.36, -0.26, -0.26, -0.26, -0.26, -0.26, -0.26, -0.26, 
-0.26, -0.26, -0.26, -0.26, -0.26, -0.26, -0.26, -0.26, -0.26, -0.26, -0.26, -0.26, -0.26, -0.26, -0.26, -0.26, -0.26, -0.26, -0.26, -0.26, -0.26, -0.26, -0.26, -0.26, -0.26, -0.25, -0.26, -0.26, 
-0.26, -0.26, -0.26, -0.26, -0.26, -0.26, -0.26, -0.26, -0.26, -0.26, -0.26, -0.26, -0.26, -0.26, -0.26, -0.26, -0.26, -0.26, -0.26, -0.26, -0.26, -0.26, -0.26, -0.26, -0.26, -0.26, -0.26, -0.26, 
-0.26, -0.26, -0.26, -0.26, -0.26, -0.90, -0.26, -0.26, -0.26, -0.26, -0.26, -0.26, -0.26, -0.26, -0.26, -0.26, -0.26, -0.26, -0.26, -0.26, -0.26, -0.26, -0.26, -0.26, -0.35, -0.26, -0.26, -0.26, 
-0.26, -0.26, -0.26, -0.26, -0.26, -0.26, -0.26, -0.26, -0.90, -0.26, -0.26, -0.26, -0.26, -0.26, -0.26, -0.26, -0.26, -0.90, -0.26, -0.26, -0.26, -0.26, -0.26, -0.26, -0.26, -0.26, -0.26, -0.26, 
-0.26, -0.26, -0.26, -0.26, -0.26, -0.26, -0.26, -0.26, -0.26, -0.26, -0.26, -0.26, -0.26, -0.26, -0.26, -0.26, -0.26, -0.26, -0.26, -0.26, -0.90, -0.26, -0.26, -0.26, -0.26, -0.90, -0.26, -0.26, 
-0.26, -0.90, -0.26, -0.26, -0.26, -0.26, -0.26, -0.26, -0.26, -0.26, -0.26, -0.26, -0.26, -0.26, -0.26, -0.26, -0.26, -0.26, -0.26, -0.26, -0.26, -0.26, -0.25, -0.26, -0.26, -0.26, -0.26, -0.26, 
-0.26, -0.26, -0.26, -0.26, -0.26, -0.26, -0.26, -0.26, -0.26, -0.26, -0.26, -0.26, -0.26, -0.26, -0.26, -0.26, -0.26, -0.26, -0.26, -0.26, -0.26, -0.26, -0.26, -0.26, -0.26, -0.26, -0.26, -0.26, 
-0.26, -0.26, -0.26, -0.26, -0.26, -0.26, -0.26, -0.26, -0.26, -0.26, -0.26, -0.26, -0.26, -0.26, -0.26, -0.26, -0.26, -0.26, -0.26, -0.26, -0.26, -0.26, -0.26, -0.26, -0.26, -0.26, -0.26, -0.26, 
-0.26, -0.26, -0.26, -0.26, -0.26, -0.26, -0.26, -0.26, -0.26, -0.90, -0.26, -0.26, -0.26, -0.26, -0.26, -0.36, -0.26, -0.36, -0.36, -0.90, -0.26, -0.26, -0.26, -0.25, -0.26, -0.26, -0.26, -0.26, 
-0.26, -0.26, -0.26, -0.26, -0.26, -0.26, -0.26, -0.90, -0.26, -0.26, -0.26, -0.26, -0.26, -0.26, -0.26, -0.36, -0.26, -0.26, -0.26, -0.36, -0.26, -0.26, -0.26, -0.26, -0.26, -0.26, -0.26, -0.26, 
-0.26, -0.26, -0.90, -0.26, -0.26, -0.26, -0.26, -0.26, -0.26, -0.26, -0.26, -0.26, -0.26, -0.26, -0.26, -0.26, -0.26, -0.26, -0.26, -0.26, -0.26, -0.26, -0.26, -0.26, -0.26, -0.26, -0.26, -0.26, 
-0.26, -0.26, -0.36, -0.26, -0.26, -0.26, -0.26, -0.26, -0.26, -0.26, -0.26, -0.26, -0.26, -0.26, -0.26, -0.26, -0.26, -0.26, -0.26, -0.26, -0.26, -0.26, -0.26, -0.25, -0.26, -0.26, -0.26, -0.26, 
-0.26, -0.26, -0.26, -0.26, -0.26, -0.26, -0.26, -0.26, -0.26, -0.26, -0.26, -0.26, -0.36, -0.26, -0.26, -0.26, -0.26, -0.26, -0.26, -0.26, -0.26, -0.26, -0.26, -0.26, -0.26, -0.26, -0.26, -0.26, 
-0.26, -0.26, -0.26, -0.26, -0.26, -0.26, -0.26, -0.26, -0.26, -0.26, -0.26, -0.26, -0.26, -0.26, -0.26, -0.26, -0.26, -0.26, -0.36, -0.26, -0.26, -0.26, -0.26, -0.26, -0.26, -0.26, -0.26, -0.26, 
-0.26, -0.26, -0.26, -0.26, -0.26, -0.26, -0.26, -0.26, -0.26, -0.26, -0.26, -0.26, -0.26, -0.26, -0.26, -0.36, -0.26, -0.26, -0.26, -0.26, -0.26, -0.26, -0.26, -0.25, -0.26, -0.26, -0.26, -0.26, 
-0.26, -0.26, -0.26, -0.26, -0.26, -0.26, -0.26, -0.26, -0.26, -0.90, -0.26, -0.26, -0.26, -0.26, -0.26, -0.26, -0.26, -0.26, -0.26, -0.26, -0.26, -0.26, -0.26, -0.26, -0.26, -0.36, -0.26, -0.26, 
-0.26, -0.26, -0.26, -0.26, -0.26, -0.26, -0.26, -0.26, -0.26, -0.26, -0.26, -0.26, -0.26, -0.26, -0.26, -0.26, -0.26, -0.26, -0.26, -0.26, -0.26, -0.26, -0.26, -0.26, -0.26, -0.26, -0.26, -0.26, 
-0.26, -0.26, -0.26, -0.26, -0.26, -0.26, -0.26, -0.26, -0.26, -0.26, -0.26, -0.26, -0.26, -0.26, -0.26, -0.26, -0.26, -0.26, -0.26, -0.26, -0.26, -0.26, -0.26, -0.26, -0.26, -0.26, -0.26, -0.26, 
-0.26, -0.26, -0.26, -0.26, -0.26, -0.26, -0.26, -0.26, -0.26, -0.26, -0.26, -0.26, -0.26, -0.26, -0.26, -0.26, -0.26, -0.26, -0.26, -0.26, -0.26, -0.26, -0.26, -0.26, -0.26, -0.26, -0.26, -0.26, 
-0.26, -0.26, -0.26, -0.26, -0.26, -0.26, -0.26, -0.26, -0.26, -0.26, -0.26, -0.26, -0.26, -0.26, -0.26, -0.26, -0.26, -0.26, -0.26, -0.26, -0.26, -0.26, -0.26, -0.26, -0.26, -0.26, -0.26, -0.26, 
-- optimal policy --
r  v  r  r  v  v  r  r  r  r  r  r  r  v  l  l  r  v  l  l  l  <  >  r  r  v  v  l  
v  r  v  r  v  l  v  r  r  r  v  r  r  v  l  v  l  l  l  l  l  l  v  >  r  v  l  l  
r  v  r  v  r  v  l  v  r  r  r  v  r  v  r  v  l  l  l  l  l  v  l  l  >  l  <  l  
r  r  v  v  v  r  v  l  v  r  r  r  v  r  v  l  l  l  l  l  v  l  v  v  l  v  l  l  
r  r  r  v  l  v  r  v  l  v  r  r  v  l  l  <  l  l  r  v  l  v  v  l  l  l  l  v  
r  r  r  r  v  l  v  r  v  l  v  r  v  l  v  l  v  l  v  l  r  v  l  l  l  l  v  l  
v  r  v  r  r  v  l  v  r  v  l  v  v  v  l  v  l  v  l  v  l  r  v  l  l  v  l  l  
r  v  r  v  r  r  v  l  r  r  v  v  v  l  v  l  v  l  v  l  l  >  v  <  l  l  l  l  
r  r  r  r  v  r  r  v  l  r  r  v  l  v  l  v  l  v  l  l  l  r  v  r  v  l  l  v  
>  r  r  r  r  v  r  r  v  l  v  v  l  l  v  l  v  l  <  r  v  v  r  v  l  l  v  l  
R  r  r  r  r  r  v  r  r  v  v  l  l  v  v  l  v  l  v  l  v  l  l  r  <  v  l  l  
r  >  r  r  r  r  v  r  r  r  v  l  r  v  l  v  l  v  l  l  l  l  r  v  v  l  l  v  
r  R  r  r  r  r  r  r  r  v  v  v  v  l  v  l  v  l  l  l  l  l  r  v  l  l  v  l  
>  r  r  r  r  r  r  v  r  r  v  v  l  v  l  v  l  l  l  l  l  l  >  v  <  v  l  l  
R  r  r  r  r  r  >  r  v  r  r  v  l  l  v  l  l  l  l  v  l  l  v  l  v  l  l  l  
r  r  r  r  r  >  r  >  r  v  r  v  l  v  l  l  v  l  l  l  l  l  r  v  l  l  <  <  
>  r  r  r  r  r  >  r  >  r  v  r  v  l  l  l  l  l  l  l  l  l  >  l  <  l  L  <  
R  >  r  r  r  >  r  >  r  r  r  v  l  l  l  l  l  l  l  l  l  v  l  ^  L  <  l  l  
>  r  r  r  >  r  >  r  >  r  >  r  v  l  l  v  l  l  v  l  l  l  <  <  ^  L  <  <  
r  r  r  >  R  >  r  >  r  >  R  >  L  <  <  <  <  <  <  <  <  ^  L  <  <  ^  L  <  
r  r  >  R  >  >  >  r  >  R  >  R  ^  L  <  ^  L  <  ^  L  <  <  ^  L  <  <  ^  L  
>  >  R  >  >  >  >  >  R  >  R  ^  ^  L  L  <  ^  L  <  ^  L  <  L  ^  L  <  <  ^  
Correct actions (%) : 13.79
Avg angular diffs   : 91.03
