arguments: 28 11 1 -0.0614679 -0.845872 0.000917431 -0.0917431
loading features...

Initializing gridworld of size 28 by 22..
    Num states: 616
    Num actions: 8
recovered reward
-0.09, -0.94, -0.09, -0.09, -0.09, -0.09, -0.09, -0.09, -0.09, -0.09, -0.09, -0.09, -0.09, -0.09, -0.09, -0.09, -0.09, -0.09, -0.09, -0.09, -0.09, -0.09, -0.09, -0.09, -0.09, -0.09, -0.09, -0.09, 
-0.09, -0.09, -0.09, -0.09, -0.09, -0.15, -0.94, -0.09, -0.09, -0.09, -0.09, -0.09, -0.09, -0.09, -0.09, -0.09, -0.09, -0.09, -0.09, -0.94, -0.09, -0.09, -0.09, -0.09, -0.09, -0.09, -0.09, -0.09, 
-0.09, -0.09, -0.15, -0.09, -0.09, -0.09, -0.94, -0.09, -0.09, -0.09, -0.09, -0.09, -0.09, -0.09, -0.09, -0.09, -0.09, -0.09, -0.09, -0.09, -0.15, -0.09, -0.09, -0.09, -0.09, -0.09, -0.09, -0.09, 
-0.09, -0.09, -0.09, -0.09, -0.09, -0.09, -0.09, -0.09, -0.09, -0.09, -0.09, -0.09, -0.09, -0.09, -0.09, -0.09, -0.09, -0.09, -0.09, -0.09, -0.09, -0.09, -0.09, -0.09, -0.09, -0.09, -0.09, -0.09, 
-0.09, -0.09, -0.09, -0.09, -0.09, -0.09, -0.09, -0.09, -0.09, -0.09, -0.09, -0.09, -0.09, -0.09, -0.09, -0.09, -0.09, -0.09, -0.09, -0.09, -0.09, -0.15, -0.09, -0.09, -0.09, -0.09, -0.09, -0.09, 
-0.09, -0.09, -0.09, -0.09, -0.09, -0.09, -0.09, -0.09, -0.09, -0.09, -0.09, -0.09, -0.09, -0.09, -0.09, -0.09, -0.09, -0.09, -0.09, -0.09, -0.09, -0.15, -0.09, -0.09, -0.09, -0.09, -0.09, -0.09, 
-0.09, -0.09, -0.09, -0.09, -0.09, -0.09, -0.09, -0.09, -0.09, -0.09, -0.09, -0.94, -0.09, -0.09, -0.09, -0.09, -0.09, -0.09, -0.09, -0.09, -0.09, -0.09, -0.09, -0.09, -0.09, -0.09, -0.09, -0.09, 
-0.09, -0.09, -0.09, -0.09, -0.09, -0.09, -0.09, -0.09, -0.09, -0.09, -0.09, -0.09, -0.09, -0.09, -0.09, -0.09, -0.09, -0.09, -0.09, -0.09, -0.09, -0.94, -0.09, -0.09, -0.09, -0.09, -0.09, -0.09, 
-0.09, -0.09, -0.09, -0.09, -0.09, -0.09, -0.09, -0.15, -0.09, -0.09, -0.09, -0.09, -0.09, -0.09, -0.09, -0.09, -0.09, -0.09, -0.09, -0.09, -0.15, -0.09, -0.09, -0.09, -0.09, -0.09, -0.09, -0.09, 
-0.09, -0.09, -0.09, -0.09, -0.09, -0.09, -0.09, -0.09, -0.09, -0.09, -0.09, -0.09, -0.09, -0.09, -0.09, -0.09, -0.09, -0.09, -0.09, -0.09, -0.09, -0.09, -0.09, -0.09, -0.09, -0.09, -0.09, -0.09, 
-0.09, -0.09, -0.09, -0.09, -0.09, -0.09, -0.09, -0.09, -0.09, -0.15, -0.09, -0.09, -0.09, -0.09, -0.09, -0.09, -0.09, -0.09, -0.09, -0.09, -0.09, -0.09, -0.09, -0.09, -0.09, -0.09, -0.09, -0.09, 
-0.09, -0.09, -0.09, -0.09, -0.09, -0.09, -0.09, -0.09, -0.09, -0.09, -0.09, -0.09, -0.09, -0.09, -0.09, -0.09, -0.94, -0.09, -0.09, -0.09, -0.09, -0.09, -0.09, -0.09, -0.09, -0.09, -0.09, -0.09, 
-0.09, -0.09, -0.09, -0.09, -0.09, -0.09, -0.09, -0.09, -0.09, -0.09, -0.09, -0.09, -0.09, -0.09, -0.94, -0.09, -0.09, -0.09, -0.09, -0.09, -0.09, -0.09, -0.09, -0.09, -0.09, -0.09, -0.09, -0.09, 
-0.09, -0.09, -0.09, -0.09, -0.09, -0.09, -0.09, -0.09, -0.09, -0.09, -0.09, -0.09, -0.09, -0.09, -0.09, -0.09, -0.09, -0.09, -0.09, -0.09, -0.09, -0.09, -0.09, -0.09, -0.09, -0.15, -0.09, -0.09, 
-0.09, -0.09, -0.09, -0.09, -0.09, -0.09, -0.09, -0.09, -0.09, -0.09, -0.09, -0.09, -0.09, -0.09, -0.09, -0.09, -0.09, -0.09, -0.09, -0.09, -0.09, -0.09, -0.09, -0.09, -0.09, -0.09, -0.09, -0.09, 
-0.09, -0.09, -0.09, -0.09, -0.09, -0.09, -0.09, -0.09, -0.09, -0.09, -0.09, -0.09, -0.09, -0.09, -0.09, -0.09, -0.09, -0.09, -0.09, -0.09, -0.09, -0.09, -0.15, -0.09, -0.09, -0.09, -0.09, -0.09, 
-0.09, -0.09, -0.09, -0.09, -0.09, -0.09, -0.09, -0.09, -0.09, -0.09, -0.09, -0.09, -0.09, -0.09, -0.09, -0.09, -0.09, -0.09, -0.09, -0.09, -0.09, -0.15, -0.09, -0.94, -0.09, -0.09, -0.09, -0.09, 
-0.09, -0.09, -0.09, -0.09, -0.09, -0.09, -0.09, -0.09, -0.09, -0.09, -0.09, -0.09, -0.09, -0.09, -0.09, -0.09, -0.09, -0.09, -0.09, -0.09, -0.09, -0.09, -0.09, -0.09, -0.09, -0.09, -0.09, -0.09, 
-0.09, -0.09, -0.09, -0.09, -0.09, -0.09, -0.09, -0.15, -0.09, -0.09, -0.09, -0.09, -0.09, -0.09, -0.09, -0.94, -0.09, -0.09, -0.09, -0.09, -0.09, -0.09, -0.09, -0.09, -0.09, -0.09, -0.09, -0.09, 
-0.09, -0.09, -0.09, -0.09, -0.09, -0.09, -0.09, -0.09, -0.09, -0.09, -0.09, -0.09, -0.09, -0.09, -0.09, -0.94, -0.09, -0.09, -0.09, -0.94, -0.09, -0.09, -0.09, -0.09, -0.09, -0.09, -0.09, -0.09, 
-0.09, -0.09, -0.09, -0.09, -0.09, -0.09, -0.09, -0.09, -0.09, -0.09, -0.09, -0.09, -0.09, -0.09, -0.09, -0.09, -0.09, -0.09, -0.09, -0.09, -0.09, -0.09, -0.09, -0.09, -0.09, -0.09, -0.09, -0.09, 
-0.09, -0.09, -0.09, -0.09, -0.09, -0.09, -0.09, -0.09, -0.09, -0.09, -0.09, -0.09, -0.09, -0.09, -0.09, -0.09, -0.09, -0.09, -0.09, -0.09, -0.09, -0.09, -0.09, -0.09, -0.09, -0.09, -0.09, -0.09, 
-- optimal policy --
r  r  r  r  >  >  r  >  r  r  >  r  r  >  r  >  r  r  >  r  r  >  r  >  r  v  l  l  
r  >  r  r  r  R  >  r  >  r  r  >  r  r  >  r  r  r  r  >  r  r  >  r  >  v  <  <  
r  r  r  r  r  r  r  >  R  >  r  R  >  r  r  >  r  r  r  r  r  r  r  >  R  ^  L  L  
r  r  r  r  >  r  >  R  r  r  >  r  v  >  r  R  r  r  r  r  >  r  >  R  ^  ^  ^  L  
r  r  r  r  r  >  R  ^  r  r  r  >  r  v  >  r  r  r  r  >  R  >  R  ^  >  ^  <  ^  
r  r  r  r  >  R  ^  r  r  r  >  r  >  r  v  >  r  r  >  R  r  R  ^  >  R  ^  L  <  
r  r  r  >  R  ^  r  r  r  r  r  >  r  >  >  R  r  >  R  r  >  >  r  R  ^  ^  L  L  
r  r  >  R  r  r  >  r  r  r  r  r  >  R  ^  r  >  R  r  >  r  r  >  R  <  ^  ^  L  
r  >  R  r  r  r  r  >  r  r  r  r  R  ^  r  >  R  r  r  r  r  >  R  ^  L  <  ^  ^  
>  R  r  >  r  r  r  r  >  r  r  >  ^  <  >  R  r  r  r  r  >  R  ^  ^  ^  L  L  ^  
R  r  >  R  r  r  r  r  r  r  v  R  ^  L  R  >  r  r  r  >  R  ^  ^  >  ^  <  L  L  
r  >  R  r  r  r  r  r  r  >  R  <  ^  R  >  r  r  r  >  R  ^  ^  >  R  ^  L  <  L  
>  R  r  r  r  r  r  r  >  R  ^  L  R  r  r  r  r  >  R  ^  ^  >  R  ^  R  ^  L  <  
R  r  >  r  r  r  r  >  R  ^  ^  L  >  r  r  r  >  R  ^  ^  >  R  >  ^  <  R  ^  L  
r  >  R  r  r  r  >  R  >  ^  r  v  r  r  r  >  R  ^  ^  >  R  >  R  ^  L  <  ^  ^  
>  R  r  r  r  >  R  >  R  ^  >  r  v  r  >  R  ^  ^  >  R  >  R  ^  R  ^  L  <  L  
R  >  r  r  >  R  >  R  ^  r  r  >  r  >  R  ^  ^  >  R  >  R  ^  R  ^  L  L  L  <  
>  R  r  >  R  >  R  ^  r  r  >  R  ^  R  ^  r  >  R  >  R  ^  R  ^  L  ^  L  L  L  
R  r  >  R  >  R  ^  r  r  >  R  >  r  v  l  r  v  >  R  ^  >  R  <  L  L  ^  L  ^  
r  >  R  >  R  ^  >  r  >  R  >  r  >  >  r  >  >  R  ^  >  R  ^  L  <  L  L  ^  L  
>  R  >  R  ^  >  r  >  R  >  r  >  R  ^  >  R  ^  L  >  R  ^  ^  ^  L  <  ^  ^  ^  
R  >  R  ^  >  >  >  R  >  >  >  R  ^  >  R  ^  L  >  R  ^  ^  ^  ^  L  L  <  ^  L  
Correct actions (%) : 1.27
Avg angular diffs   : 112.78
