arguments: 28 12 1 -0.0388774 -0.847065 0.0110711 -0.102987
loading features...

Initializing gridworld of size 28 by 22..
    Num states: 616
    Num actions: 8
recovered reward
-0.10, -0.10, -0.10, -0.10, -0.10, -0.10, -0.10, -0.10, -0.10, -0.07, -0.10, -0.10, -0.10, -0.07, -0.10, -0.10, -0.10, -0.07, -0.10, -0.10, -0.07, -0.10, -0.07, -0.10, -0.10, -0.07, -0.10, -0.10, 
-0.08, -0.10, -0.10, -0.07, -0.10, -0.10, -0.07, -0.10, -0.10, -0.10, -0.10, -0.10, -0.10, -0.10, -0.11, -0.12, -0.11, -0.10, -0.10, -0.10, -0.31, -0.53, -0.31, -0.10, -0.10, -0.10, -0.10, -0.10, 
-0.10, -0.10, -0.10, -0.31, -0.53, -0.31, -0.53, -0.31, -0.10, -0.10, -0.10, -0.10, -0.10, -0.10, -0.12, -0.14, -0.12, -0.10, -0.11, -0.12, -0.54, -0.95, -0.53, -0.10, -0.10, -0.10, -0.10, -0.10, 
-0.08, -0.10, -0.10, -0.53, -0.95, -0.53, -0.95, -0.53, -0.10, -0.10, -0.10, -0.10, -0.10, -0.10, -0.11, -0.12, -0.11, -0.11, -0.12, -0.14, -0.33, -0.53, -0.31, -0.10, -0.10, -0.10, -0.10, -0.10, 
-0.10, -0.10, -0.10, -0.31, -0.53, -0.31, -0.53, -0.31, -0.53, -0.31, -0.10, -0.10, -0.10, -0.10, -0.10, -0.12, -0.14, -0.12, -0.11, -0.12, -0.11, -0.10, -0.10, -0.10, -0.10, -0.10, -0.08, -0.10, 
-0.10, -0.10, -0.10, -0.10, -0.10, -0.10, -0.10, -0.53, -0.95, -0.53, -0.11, -0.12, -0.11, -0.10, -0.10, -0.11, -0.12, -0.11, -0.10, -0.11, -0.12, -0.11, -0.10, -0.10, -0.10, -0.10, -0.10, -0.10, 
-0.10, -0.10, -0.10, -0.10, -0.10, -0.10, -0.10, -0.31, -0.53, -0.31, -0.12, -0.14, -0.12, -0.10, -0.10, -0.10, -0.10, -0.10, -0.10, -0.12, -0.14, -0.12, -0.10, -0.10, -0.10, -0.10, -0.10, -0.10, 
-0.10, -0.10, -0.10, -0.10, -0.10, -0.10, -0.10, -0.10, -0.10, -0.10, -0.11, -0.12, -0.11, -0.10, -0.10, -0.10, -0.10, -0.10, -0.10, -0.11, -0.12, -0.11, -0.10, -0.10, -0.10, -0.10, -0.08, -0.10, 
-0.10, -0.10, -0.10, -0.10, -0.10, -0.10, -0.10, -0.10, -0.10, -0.10, -0.10, -0.10, -0.10, -0.10, -0.10, -0.10, -0.10, -0.10, -0.10, -0.10, -0.10, -0.10, -0.10, -0.10, -0.10, -0.10, -0.10, -0.10, 
-0.10, -0.10, -0.10, -0.10, -0.10, -0.11, -0.12, -0.11, -0.10, -0.10, -0.09, -0.10, -0.10, -0.10, -0.09, -0.10, -0.10, -0.30, -0.53, -0.31, -0.09, -0.10, -0.10, -0.09, -0.10, -0.10, -0.10, -0.10, 
-0.10, -0.10, -0.10, -0.10, -0.10, -0.12, -0.14, -0.12, -0.10, -0.10, -0.10, -0.10, -0.10, -0.10, -0.10, -0.31, -0.53, -0.53, -0.95, -0.53, -0.10, -0.10, -0.10, -0.10, -0.10, -0.10, -0.08, -0.10, 
-0.10, -0.10, -0.10, -0.10, -0.10, -0.11, -0.12, -0.09, -0.10, -0.10, -0.31, -0.53, -0.31, -0.10, -0.10, -0.53, -0.95, -0.31, -0.53, -0.31, -0.53, -0.31, -0.10, -0.10, -0.10, -0.10, -0.10, -0.10, 
-0.10, -0.10, -0.10, -0.10, -0.10, -0.10, -0.10, -0.10, -0.10, -0.10, -0.53, -0.95, -0.53, -0.10, -0.10, -0.31, -0.53, -0.31, -0.10, -0.53, -0.95, -0.53, -0.10, -0.10, -0.10, -0.10, -0.10, -0.10, 
-0.08, -0.10, -0.10, -0.08, -0.10, -0.10, -0.08, -0.10, -0.10, -0.10, -0.31, -0.53, -0.31, -0.10, -0.10, -0.10, -0.10, -0.10, -0.10, -0.31, -0.53, -0.31, -0.10, -0.10, -0.10, -0.10, -0.09, -0.10, 
-0.10, -0.10, -0.10, -0.10, -0.10, -0.10, -0.10, -0.10, -0.10, -0.10, -0.10, -0.10, -0.11, -0.12, -0.11, -0.10, -0.10, -0.10, -0.11, -0.12, -0.11, -0.11, -0.10, -0.10, -0.10, -0.10, -0.10, -0.10, 
-0.10, -0.10, -0.10, -0.10, -0.10, -0.10, -0.10, -0.10, -0.10, -0.10, -0.10, -0.11, -0.33, -0.57, -0.33, -0.10, -0.11, -0.12, -0.12, -0.14, -0.12, -0.12, -0.10, -0.10, -0.10, -0.10, -0.10, -0.10, 
-0.10, -0.10, -0.10, -0.10, -0.10, -0.10, -0.10, -0.10, -0.10, -0.10, -0.10, -0.12, -0.54, -0.97, -0.54, -0.10, -0.12, -0.14, -0.11, -0.12, -0.11, -0.11, -0.10, -0.10, -0.10, -0.10, -0.09, -0.10, 
-0.10, -0.10, -0.10, -0.10, -0.10, -0.10, -0.10, -0.10, -0.10, -0.10, -0.10, -0.11, -0.32, -0.55, -0.32, -0.10, -0.11, -0.12, -0.11, -0.10, -0.10, -0.31, -0.53, -0.31, -0.10, -0.10, -0.10, -0.10, 
-0.10, -0.10, -0.10, -0.10, -0.10, -0.10, -0.10, -0.10, -0.10, -0.10, -0.10, -0.10, -0.33, -0.57, -0.33, -0.10, -0.10, -0.10, -0.10, -0.10, -0.10, -0.53, -0.95, -0.53, -0.09, -0.10, -0.10, -0.10, 
-0.10, -0.10, -0.10, -0.10, -0.10, -0.10, -0.10, -0.10, -0.10, -0.10, -0.10, -0.10, -0.11, -0.12, -0.11, -0.10, -0.10, -0.10, -0.10, -0.10, -0.10, -0.31, -0.53, -0.31, -0.10, -0.10, -0.10, -0.10, 
-0.10, -0.10, -0.10, -0.10, -0.10, -0.10, -0.10, -0.10, -0.10, -0.10, -0.10, -0.10, -0.10, -0.10, -0.10, -0.10, -0.10, -0.10, -0.10, -0.10, -0.10, -0.10, -0.10, -0.10, -0.10, -0.10, -0.10, -0.10, 
-0.10, -0.10, -0.10, -0.10, -0.10, -0.10, -0.10, -0.10, -0.10, -0.10, -0.10, -0.10, -0.10, -0.10, -0.10, -0.10, -0.10, -0.10, -0.10, -0.10, -0.10, -0.10, -0.10, -0.10, -0.10, -0.10, -0.10, -0.10, 
-- optimal policy --
v  l  l  v  >  r  v  r  >  ^  <  r  >  ^  <  >  >  ^  <  >  L  >  ^  <  >  R  <  <  
<  <  <  >  >  >  >  >  R  ^  L  >  R  ^  L  R  R  ^  L  R  ^  R  ^  L  R  ^  L  L  
^  L  L  ^  R  R  ^  R  R  ^  ^  R  R  ^  L  R  R  ^  R  ^  L  R  R  R  ^  L  ^  L  
<  <  L  L  R  ^  R  R  ^  R  R  R  ^  L  L  R  R  R  ^  L  L  r  R  ^  L  ^  L  ^  
^  L  L  L  l  l  l  R  ^  R  R  ^  R  ^  L  R  R  ^  L  L  >  >  R  ^  R  ^  L  L  
^  L  L  L  <  <  l  l  R  R  R  ^  L  ^  ^  L  R  R  ^  L  R  R  R  R  ^  R  ^  L  
^  ^  L  L  L  <  <  r  r  R  ^  L  R  ^  L  L  R  R  ^  R  R  R  R  ^  R  ^  L  ^  
^  R  ^  L  L  L  L  r  >  R  ^  R  R  ^  L  ^  R  ^  L  R  R  R  ^  R  R  R  ^  L  
R  R  ^  ^  L  L  L  >  R  ^  L  R  R  ^  ^  R  R  R  ^  >  R  R  R  ^  ^  R  ^  L  
R  ^  ^  L  R  ^  L  R  ^  >  R  R  ^  >  R  R  R  ^  R  R  R  R  ^  ^  R  R  ^  ^  
v  v  v  l  L  L  L  R  >  R  ^  L  R  R  ^  L  ^  L  R  R  R  R  R  R  R  ^  L  ^  
v  l  l  l  v  l  >  >  R  ^  R  ^  R  ^  L  L  L  r  v  R  R  R  R  R  R  R  ^  L  
v  l  l  v  l  l  R  R  ^  ^  L  R  R  R  ^  L  l  l  l  <  R  R  R  ^  R  R  ^  ^  
<  <  <  <  <  <  <  <  R  ^  L  r  R  ^  ^  L  <  <  <  r  r  R  ^  R  R  ^  ^  L  
^  L  <  ^  L  L  ^  L  <  ^  L  >  R  R  ^  ^  L  L  <  >  >  R  R  R  ^  R  ^  L  
^  L  L  <  ^  L  L  ^  L  <  ^  R  ^  R  R  ^  L  L  L  R  R  R  ^  R  R  R  R  ^  
^  L  L  L  <  ^  L  L  ^  L  L  L  L  R  R  ^  L  L  r  R  R  R  R  R  ^  R  R  ^  
^  ^  L  ^  L  <  ^  L  L  ^  L  L  l  >  R  ^  L  r  >  >  R  R  R  ^  R  R  ^  L  
R  R  ^  ^  ^  L  <  ^  L  L  ^  L  <  l  R  ^  r  >  R  R  ^  L  R  R  R  ^  L  ^  
R  ^  L  ^  R  ^  L  <  ^  L  L  ^  L  l  R  >  >  R  R  R  ^  L  r  R  ^  L  ^  ^  
^  R  ^  L  R  ^  L  L  <  L  L  L  L  <  R  R  R  R  ^  R  ^  L  >  R  ^  L  L  ^  
R  ^  ^  R  ^  R  ^  L  L  L  L  L  <  L  R  R  R  ^  R  ^  L  R  R  ^  ^  R  ^  L  
Correct actions (%) : 16.85
Avg angular diffs   : 81.91
