arguments: 28 17 2 -0.0878261 -0.825217 3.80131e-16 -0.0869565
loading features...

Initializing gridworld of size 28 by 22..
    Num states: 616
    Num actions: 8
recovered reward
-0.09, -0.09, -0.09, -0.09, -0.09, -0.09, -0.09, -0.09, -0.09, -0.09, -0.09, -0.09, -0.09, -0.09, -0.09, -0.09, -0.09, -0.09, -0.09, -0.09, -0.09, -0.09, -0.09, -0.09, -0.09, -0.09, -0.09, -0.09, 
-0.09, -0.09, -0.09, -0.09, -0.09, -0.09, -0.09, -0.09, -0.09, -0.09, -0.09, -0.09, -0.09, -0.09, -0.09, -0.09, -0.09, -0.09, -0.09, -0.09, -0.09, -0.09, -0.09, -0.09, -0.09, -0.09, -0.09, -0.09, 
-0.09, -0.09, -0.09, -0.09, -0.09, -0.09, -0.17, -0.09, -0.09, -0.09, -0.09, -0.09, -0.09, -0.09, -0.09, -0.09, -0.09, -0.09, -0.09, -0.17, -0.09, -0.09, -0.09, -0.09, -0.09, -0.09, -0.09, -0.09, 
-0.09, -0.09, -0.09, -0.09, -0.09, -0.09, -0.09, -0.09, -0.09, -0.09, -0.09, -0.09, -0.09, -0.09, -0.09, -0.09, -0.09, -0.09, -0.09, -0.09, -0.09, -0.91, -0.09, -0.09, -0.09, -0.09, -0.09, -0.09, 
-0.09, -0.09, -0.17, -0.09, -0.09, -0.09, -0.09, -0.09, -0.17, -0.09, -0.09, -0.09, -0.09, -0.09, -0.09, -0.09, -0.09, -0.09, -0.09, -0.17, -0.09, -0.09, -0.09, -0.09, -0.09, -0.09, -0.09, -0.09, 
-0.09, -0.09, -0.09, -0.09, -0.09, -0.09, -0.09, -0.09, -0.91, -0.09, -0.09, -0.09, -0.09, -0.09, -0.09, -0.09, -0.09, -0.09, -0.09, -0.17, -0.09, -0.09, -0.09, -0.09, -0.09, -0.09, -0.09, -0.09, 
-0.09, -0.09, -0.09, -0.09, -0.09, -0.09, -0.09, -0.09, -0.09, -0.09, -0.09, -0.09, -0.09, -0.09, -0.09, -0.09, -0.09, -0.09, -0.09, -0.09, -0.09, -0.09, -0.09, -0.09, -0.09, -0.09, -0.09, -0.09, 
-0.09, -0.09, -0.09, -0.09, -0.09, -0.09, -0.09, -0.09, -0.09, -0.09, -0.09, -0.09, -0.09, -0.09, -0.09, -0.09, -0.09, -0.09, -0.09, -0.09, -0.09, -0.09, -0.09, -0.09, -0.09, -0.09, -0.09, -0.09, 
-0.09, -0.09, -0.09, -0.09, -0.09, -0.09, -0.09, -0.09, -0.09, -0.09, -0.09, -0.09, -0.09, -0.09, -0.09, -0.09, -0.09, -0.09, -0.09, -0.09, -0.09, -0.09, -0.09, -0.09, -0.09, -0.09, -0.09, -0.09, 
-0.09, -0.09, -0.09, -0.09, -0.09, -0.09, -0.09, -0.09, -0.09, -0.09, -0.09, -0.09, -0.91, -0.09, -0.09, -0.09, -0.09, -0.09, -0.09, -0.09, -0.09, -0.09, -0.09, -0.09, -0.09, -0.09, -0.09, -0.09, 
-0.09, -0.09, -0.09, -0.09, -0.09, -0.17, -0.09, -0.09, -0.09, -0.09, -0.09, -0.09, -0.09, -0.09, -0.09, -0.09, -0.91, -0.09, -0.09, -0.09, -0.09, -0.09, -0.09, -0.09, -0.09, -0.09, -0.09, -0.09, 
-0.09, -0.09, -0.09, -0.09, -0.09, -0.09, -0.09, -0.09, -0.09, -0.09, -0.09, -0.09, -0.09, -0.09, -1.00, -0.09, -0.09, -0.09, -0.09, -0.09, -0.09, -0.09, -0.09, -0.09, -0.09, -0.09, -0.09, -0.09, 
-0.09, -0.09, -0.09, -0.09, -0.09, -0.09, -0.09, -0.09, -0.09, -0.09, -0.09, -0.09, -0.09, -0.09, -0.09, -0.09, -0.09, -0.09, -0.09, -0.91, -0.09, -0.09, -0.09, -0.09, -0.09, -0.09, -0.09, -0.09, 
-0.09, -0.09, -0.09, -0.09, -0.09, -0.09, -0.09, -0.09, -0.09, -0.09, -0.09, -0.09, -0.09, -0.09, -0.09, -0.09, -0.09, -0.09, -0.09, -0.09, -0.09, -0.09, -0.09, -0.09, -0.09, -0.09, -0.09, -0.09, 
-0.09, -0.09, -0.09, -0.09, -0.91, -0.09, -0.09, -0.09, -0.09, -0.09, -0.17, -0.09, -0.09, -0.09, -0.09, -0.91, -0.09, -0.09, -0.09, -0.09, -0.09, -0.09, -0.09, -0.09, -0.09, -0.09, -0.09, -0.09, 
-0.09, -0.09, -0.09, -0.09, -0.09, -0.09, -0.09, -0.09, -0.09, -0.09, -0.09, -0.09, -0.91, -0.09, -0.09, -0.09, -0.09, -0.09, -0.09, -0.09, -0.09, -0.09, -0.09, -0.09, -0.09, -0.09, -0.09, -0.09, 
-0.09, -0.09, -0.09, -0.09, -0.09, -0.09, -1.00, -0.09, -0.09, -0.09, -0.09, -0.09, -0.09, -0.09, -0.09, -0.09, -0.09, -0.09, -0.09, -0.09, -0.09, -0.91, -0.09, -0.09, -0.09, -0.09, -0.17, -0.09, 
-0.09, -0.09, -0.09, -0.09, -0.09, -0.09, -0.09, -0.09, -0.09, -0.09, -0.09, -0.91, -0.09, -0.09, -0.09, -0.09, -0.09, -0.09, -0.09, -0.09, -0.09, -0.09, -0.09, -0.09, -0.09, -0.09, -0.09, -0.09, 
-0.09, -0.09, -0.09, -0.09, -0.09, -0.09, -0.09, -0.09, -0.09, -0.09, -0.09, -0.09, -0.09, -0.09, -0.09, -0.09, -0.09, -0.09, -0.09, -0.09, -0.09, -0.09, -0.09, -0.09, -0.09, -0.09, -0.09, -0.09, 
-0.09, -0.09, -0.09, -0.09, -0.17, -0.09, -0.09, -0.09, -0.09, -0.09, -0.09, -0.09, -0.09, -0.09, -0.09, -0.09, -0.09, -0.09, -0.09, -0.09, -0.09, -0.09, -0.09, -0.09, -0.09, -0.09, -0.09, -0.09, 
-0.09, -0.09, -0.09, -0.09, -0.09, -0.09, -0.09, -0.09, -0.09, -0.09, -0.09, -0.09, -0.09, -0.09, -0.09, -0.09, -0.09, -0.09, -0.09, -0.09, -0.09, -0.09, -0.09, -0.09, -0.09, -0.09, -0.09, -0.09, 
-0.09, -0.09, -0.09, -0.09, -0.09, -0.09, -0.09, -0.09, -0.09, -0.09, -0.09, -0.09, -0.09, -0.09, -0.09, -0.09, -0.09, -0.09, -0.09, -0.09, -0.09, -0.09, -0.09, -0.09, -0.09, -0.09, -0.09, -0.09, 
-- optimal policy --
>  >  >  >  >  >  >  >  >  >  >  >  >  >  >  >  >  >  >  >  >  >  >  r  v  v  v  l  
R  R  R  R  R  R  R  R  R  R  R  R  R  R  R  R  R  R  R  R  ^  R  ^  >  r  v  l  <  
v  v  >  >  v  v  >  >  >  r  v  v  >  r  v  r  v  v  v  <  v  >  >  >  >  ^  <  L  
v  v  >  >  v  v  >  >  >  >  r  v  v  >  r  v  r  v  v  <  v  R  R  r  R  ^  L  >  
v  v  >  >  v  v  R  ^  >  >  >  r  r  R  >  r  >  r  v  l  v  v  >  >  <  <  >  v  
v  v  >  >  v  v  >  r  R  ^  R  ^  >  r  v  >  >  >  r  v  v  v  R  R  ^  L  >  >  
r  v  >  >  v  l  >  >  >  r  v  R  R  >  r  r  v  R  >  r  v  r  v  l  r  v  l  ^  
^  r  >  >  r  v  >  >  >  >  v  >  >  >  >  >  >  >  >  >  >  >  R  <  >  v  <  v  
R  ^  >  >  >  v  >  >  >  >  v  R  R  R  ^  R  ^  R  R  R  R  R  ^  L  v  l  <  r  
r  R  R  R  ^  r  >  >  >  >  r  v  r  v  v  v  r  v  v  r  R  >  r  v  l  <  L  r  
>  r  >  r  R  ^  >  >  >  >  >  v  >  v  r  v  r  v  v  v  >  >  >  ^  <  L  >  >  
>  >  >  >  >  >  >  >  >  >  >  r  >  r  v  v  >  r  v  l  R  R  R  ^  L  ^  R  ^  
R  ^  R  R  R  R  R  R  R  R  R  ^  >  >  r  v  >  >  r  v  l  >  r  v  v  v  v  v  
>  >  r  v  l  <  >  v  >  >  r  R  R  R  ^  r  R  R  ^  r  v  >  >  r  v  v  v  v  
R  ^  >  v  r  v  >  v  R  R  >  >  >  r  R  ^  r  v  R  ^  v  >  >  >  >  r  v  v  
v  R  ^  r  v  l  >  r  >  r  R  R  >  >  r  R  ^  r  >  >  v  R  R  R  ^  >  r  v  
v  v  R  ^  r  v  R  ^  >  >  >  >  >  >  >  r  R  ^  >  >  v  >  r  v  R  R  >  >  
v  v  v  R  ^  r  v  R  R  R  R  >  >  >  >  >  >  >  >  >  r  >  >  >  >  r  R  ^  
v  v  v  v  R  ^  r  >  >  >  r  R  R  R  R  R  R  R  R  R  ^  >  >  >  >  >  v  v  
v  v  v  v  >  >  >  >  >  >  >  >  >  >  >  >  >  >  >  >  >  >  >  >  >  >  >  >  
>  >  >  r  R  R  ^  R  ^  R  R  R  R  R  R  R  R  R  R  R  R  R  R  R  R  R  ^  ^  
R  R  R  >  >  >  >  >  >  >  >  >  >  >  l  <  v  <  >  >  >  l  <  >  >  v  >  l  
Correct actions (%) : 7.53
Avg angular diffs   : 103.55
