arguments: 28 11 1 0.0712589 -0.796912 -0.0130641 -0.118765
loading features...

Initializing gridworld of size 28 by 22..
    Num states: 616
    Num actions: 8
recovered reward
-0.12, -0.92, -0.12, -0.12, -0.12, -0.12, -0.12, -0.12, -0.12, -0.12, -0.12, -0.12, -0.12, -0.12, -0.12, -0.12, -0.12, -0.12, -0.12, -0.12, -0.12, -0.12, -0.12, -0.12, -0.12, -0.12, -0.12, -0.12, 
-0.12, -0.12, -0.12, -0.12, -0.12, -0.05, -0.92, -0.12, -0.12, -0.13, -0.12, -0.12, -0.13, -0.12, -0.12, -0.12, -0.12, -0.12, -0.12, -0.92, -0.12, -0.12, -0.12, -0.12, -0.12, -0.15, -0.12, -0.12, 
-0.12, -0.12, -0.05, -0.12, -0.12, -0.12, -0.92, -0.12, -0.12, -0.12, -0.12, -0.12, -0.12, -0.12, -0.12, -0.12, -0.13, -0.12, -0.12, -0.12, -0.05, -0.12, -0.12, -0.12, -0.12, -0.12, -0.12, -0.12, 
-0.12, -0.12, -0.12, -0.12, -0.12, -0.12, -0.12, -0.13, -0.12, -0.12, -0.12, -0.12, -0.12, -0.12, -0.12, -0.12, -0.12, -0.12, -0.12, -0.12, -0.12, -0.12, -0.12, -0.12, -0.12, -0.12, -0.12, -0.12, 
-0.12, -0.12, -0.12, -0.12, -0.12, -0.12, -0.13, -0.12, -0.12, -0.12, -0.12, -0.12, -0.12, -0.12, -0.12, -0.12, -0.12, -0.12, -0.12, -0.12, -0.12, -0.05, -0.12, -0.12, -0.12, -0.15, -0.12, -0.12, 
-0.12, -0.12, -0.12, -0.12, -0.12, -0.12, -0.12, -0.12, -0.12, -0.12, -0.12, -0.12, -0.12, -0.12, -0.12, -0.12, -0.13, -0.12, -0.12, -0.12, -0.12, -0.05, -0.12, -0.12, -0.12, -0.12, -0.12, -0.12, 
-0.12, -0.12, -0.12, -0.12, -0.13, -0.12, -0.12, -0.12, -0.12, -0.12, -0.12, -0.92, -0.12, -0.12, -0.13, -0.12, -0.12, -0.12, -0.12, -0.12, -0.12, -0.12, -0.12, -0.12, -0.12, -0.12, -0.12, -0.12, 
-0.12, -0.12, -0.12, -0.12, -0.12, -0.12, -0.12, -0.12, -0.12, -0.12, -0.12, -0.12, -0.12, -0.12, -0.12, -0.12, -0.12, -0.12, -0.12, -0.12, -0.12, -0.92, -0.12, -0.15, -0.12, -0.12, -0.12, -0.12, 
-0.12, -0.12, -0.12, -0.12, -0.12, -0.12, -0.12, -0.05, -0.12, -0.12, -0.12, -0.12, -0.12, -0.12, -0.12, -0.12, -0.12, -0.12, -0.12, -0.12, -0.05, -0.12, -0.12, -0.12, -0.12, -0.12, -0.12, -0.12, 
-0.12, -0.12, -0.12, -0.12, -0.12, -0.12, -0.12, -0.12, -0.12, -0.12, -0.12, -0.12, -0.14, -0.12, -0.12, -0.12, -0.12, -0.12, -0.12, -0.12, -0.12, -0.12, -0.12, -0.12, -0.12, -0.12, -0.12, -0.12, 
-0.12, -0.12, -0.12, -0.12, -0.12, -0.12, -0.12, -0.12, -0.12, -0.05, -0.12, -0.12, -0.12, -0.12, -0.12, -0.12, -0.12, -0.12, -0.12, -0.12, -0.12, -0.12, -0.12, -0.12, -0.15, -0.12, -0.12, -0.12, 
-0.12, -0.12, -0.12, -0.12, -0.12, -0.12, -0.12, -0.12, -0.12, -0.12, -0.14, -0.12, -0.12, -0.12, -0.12, -0.12, -0.92, -0.12, -0.12, -0.12, -0.12, -0.12, -0.12, -0.12, -0.12, -0.12, -0.12, -0.12, 
-0.12, -0.12, -0.12, -0.12, -0.12, -0.12, -0.12, -0.12, -0.12, -0.12, -0.12, -0.12, -0.12, -0.12, -0.92, -0.12, -0.12, -0.12, -0.12, -0.12, -0.12, -0.12, -0.12, -0.12, -0.12, -0.12, -0.12, -0.12, 
-0.12, -0.12, -0.12, -0.12, -0.12, -0.12, -0.12, -0.12, -0.12, -0.12, -0.12, -0.12, -0.12, -0.12, -0.12, -0.12, -0.12, -0.12, -0.12, -0.12, -0.12, -0.12, -0.12, -0.15, -0.12, -0.05, -0.12, -0.12, 
-0.12, -0.12, -0.12, -0.12, -0.12, -0.12, -0.12, -0.12, -0.12, -0.14, -0.12, -0.12, -0.12, -0.12, -0.12, -0.12, -0.12, -0.12, -0.12, -0.12, -0.12, -0.12, -0.12, -0.12, -0.12, -0.12, -0.12, -0.12, 
-0.12, -0.12, -0.12, -0.12, -0.12, -0.12, -0.12, -0.12, -0.12, -0.12, -0.12, -0.12, -0.12, -0.12, -0.12, -0.12, -0.12, -0.12, -0.12, -0.12, -0.12, -0.12, -0.05, -0.12, -0.12, -0.12, -0.12, -0.12, 
-0.12, -0.12, -0.12, -0.12, -0.12, -0.12, -0.12, -0.12, -0.12, -0.12, -0.12, -0.12, -0.14, -0.12, -0.12, -0.12, -0.12, -0.12, -0.12, -0.12, -0.12, -0.05, -0.12, -0.94, -0.12, -0.12, -0.12, -0.12, 
-0.12, -0.12, -0.12, -0.12, -0.12, -0.12, -0.12, -0.12, -0.12, -0.12, -0.12, -0.12, -0.12, -0.12, -0.12, -0.12, -0.12, -0.12, -0.12, -0.12, -0.12, -0.12, -0.12, -0.12, -0.12, -0.12, -0.12, -0.12, 
-0.12, -0.12, -0.12, -0.12, -0.12, -0.12, -0.12, -0.05, -0.12, -0.12, -0.12, -0.12, -0.12, -0.12, -0.12, -0.92, -0.12, -0.12, -0.12, -0.12, -0.12, -0.14, -0.12, -0.12, -0.12, -0.12, -0.12, -0.12, 
-0.12, -0.12, -0.12, -0.12, -0.12, -0.12, -0.12, -0.12, -0.12, -0.12, -0.12, -0.12, -0.12, -0.14, -0.12, -0.92, -0.14, -0.12, -0.12, -0.94, -0.12, -0.12, -0.12, -0.12, -0.12, -0.12, -0.12, -0.12, 
-0.12, -0.12, -0.12, -0.12, -0.12, -0.12, -0.12, -0.12, -0.12, -0.12, -0.12, -0.12, -0.12, -0.12, -0.12, -0.12, -0.12, -0.12, -0.12, -0.12, -0.12, -0.12, -0.12, -0.12, -0.12, -0.12, -0.12, -0.12, 
-0.12, -0.12, -0.12, -0.12, -0.12, -0.12, -0.12, -0.12, -0.12, -0.12, -0.12, -0.12, -0.12, -0.12, -0.12, -0.12, -0.12, -0.12, -0.12, -0.12, -0.12, -0.12, -0.12, -0.12, -0.12, -0.12, -0.12, -0.12, 
-- optimal policy --
r  r  r  >  r  v  r  r  >  r  r  >  r  r  r  r  r  r  >  r  v  v  l  l  l  l  <  l  
r  r  v  r  >  R  r  r  r  r  r  r  r  r  r  >  r  r  r  r  v  l  l  l  l  l  l  l  
r  >  r  >  R  ^  >  r  r  r  r  r  r  r  r  r  r  r  r  >  r  <  l  l  l  l  l  l  
>  R  r  v  v  >  r  r  r  r  r  r  r  r  r  r  r  r  >  R  r  v  l  l  l  l  <  l  
R  r  r  r  v  l  r  r  r  r  r  r  >  r  r  >  r  >  R  r  r  v  l  l  l  l  l  l  
r  >  r  >  r  v  l  r  r  r  >  r  r  >  >  r  >  R  >  r  >  ^  <  <  <  l  l  <  
>  r  >  r  >  r  v  v  r  r  r  r  r  r  r  >  R  >  r  >  R  ^  L  <  <  <  l  l  
r  >  R  r  r  r  r  v  l  r  r  r  r  r  >  R  r  r  >  R  ^  R  ^  L  L  L  <  <  
>  r  r  >  r  r  >  r  <  r  r  >  r  >  R  r  r  >  R  >  ^  <  ^  L  L  L  L  <  
r  r  r  r  r  >  R  ^  r  v  >  r  >  R  r  r  >  R  >  R  ^  L  <  L  L  L  L  v  
r  r  r  r  >  R  ^  r  >  >  r  >  R  r  r  >  R  >  R  ^  L  ^  L  <  v  v  v  v  
r  r  r  >  R  ^  r  >  R  ^  >  R  r  >  >  R  r  R  r  v  v  v  v  r  v  v  l  l  
r  r  >  R  ^  r  >  R  ^  >  R  r  >  R  R  r  >  r  v  r  v  v  v  l  r  v  l  l  
r  >  R  ^  r  >  R  ^  >  R  r  >  R  r  r  >  r  r  r  v  r  v  v  v  l  l  <  <  
>  R  ^  r  >  R  R  >  R  r  >  R  r  r  >  r  r  r  r  r  v  r  v  l  l  ^  L  L  
R  ^  r  r  r  v  >  R  r  >  R  >  r  >  r  r  r  r  r  r  r  v  l  <  <  l  ^  L  
^  r  r  r  r  r  v  r  >  R  r  r  r  >  r  r  r  r  r  r  >  R  <  L  L  <  <  ^  
r  r  r  r  r  >  r  v  R  r  r  r  r  r  >  r  r  r  r  >  R  ^  L  <  <  L  <  <  
r  r  r  r  >  r  >  R  r  r  r  r  >  r  R  >  r  r  >  R  R  R  ^  L  <  <  L  L  
r  >  r  r  r  >  R  ^  r  r  r  >  R  >  r  r  r  >  R  R  ^  L  ^  ^  L  <  L  L  
>  r  r  r  >  R  ^  r  >  r  >  R  >  >  r  r  >  R  ^  R  ^  ^  L  ^  L  L  L  <  
>  >  >  >  R  ^  >  >  R  >  R  R  >  >  >  >  R  R  R  R  R  ^  R  R  ^  L  L  L  
Correct actions (%) : 7.59
Avg angular diffs   : 93.99
