arguments: 28 21 2 -0.319286 -0.587857 0.0214286 -0.0714286
loading features...

Initializing gridworld of size 28 by 22..
    Num states: 616
    Num actions: 8
recovered reward
-0.07, -0.07, -0.07, -0.07, -0.07, -0.07, -0.07, -0.07, -0.07, -0.07, -0.07, -0.07, -0.07, -0.07, -0.07, -0.07, -0.07, -0.07, -0.07, -0.07, -0.07, -0.07, -0.07, -0.07, -0.07, -0.07, -0.07, -0.07, 
-0.07, -0.07, -0.07, -0.07, -0.39, -0.07, -0.07, -0.07, -0.39, -0.05, -0.07, -0.07, -0.05, -0.07, -0.07, -0.07, -0.66, -0.07, -0.07, -0.07, -0.07, -0.07, -0.07, -0.07, -0.07, -0.02, -0.07, -0.07, 
-0.07, -0.07, -0.07, -0.07, -0.07, -0.07, -0.07, -0.07, -0.07, -0.07, -0.07, -0.07, -0.07, -0.07, -0.07, -0.07, -0.05, -0.07, -0.07, -0.07, -0.07, -0.07, -0.07, -0.07, -0.66, -0.07, -0.07, -0.07, 
-0.07, -0.07, -0.07, -0.07, -0.07, -0.07, -0.07, -0.06, -0.07, -0.39, -0.07, -0.07, -0.07, -0.07, -0.07, -0.07, -0.07, -0.07, -0.07, -0.07, -0.07, -0.07, -0.07, -0.66, -0.07, -0.07, -0.07, -0.07, 
-0.07, -0.07, -0.07, -0.07, -0.07, -0.07, -0.06, -0.07, -0.07, -0.07, -0.07, -0.07, -0.07, -0.07, -0.07, -0.07, -0.07, -0.07, -0.07, -0.07, -0.07, -0.07, -0.07, -0.07, -0.07, -0.02, -0.07, -0.07, 
-0.07, -0.07, -0.07, -0.07, -0.07, -0.07, -0.66, -0.07, -0.07, -0.07, -0.66, -0.07, -0.07, -0.07, -0.07, -0.07, -0.05, -0.07, -0.07, -0.07, -0.07, -0.07, -0.07, -0.07, -0.07, -0.07, -0.07, -0.07, 
-0.07, -0.07, -0.07, -0.07, -0.06, -0.39, -0.07, -0.07, -0.07, -0.07, -0.07, -0.07, -0.07, -0.07, -0.05, -0.07, -0.07, -0.07, -0.07, -0.07, -0.07, -0.07, -0.07, -0.07, -0.07, -0.07, -0.07, -0.07, 
-0.07, -0.07, -0.07, -0.07, -0.07, -0.07, -0.07, -0.07, -0.39, -0.07, -0.07, -0.07, -0.07, -0.07, -0.07, -0.07, -0.07, -0.66, -0.07, -0.07, -0.07, -0.07, -0.07, -0.02, -0.07, -0.07, -0.07, -0.07, 
-0.07, -0.07, -0.39, -0.07, -0.07, -0.07, -0.07, -0.07, -0.07, -0.07, -0.07, -0.07, -0.07, -0.07, -0.07, -0.07, -0.07, -0.07, -0.07, -0.07, -0.07, -0.07, -0.07, -0.07, -0.07, -0.66, -0.07, -0.07, 
-0.07, -0.07, -0.07, -0.07, -0.06, -0.07, -0.07, -0.07, -0.07, -0.07, -0.07, -0.07, -0.04, -0.07, -0.07, -0.39, -0.07, -0.07, -0.07, -0.07, -0.07, -0.07, -0.07, -0.07, -0.07, -0.07, -0.07, -0.07, 
-0.07, -0.07, -0.07, -0.07, -0.07, -0.66, -0.07, -0.07, -0.07, -0.07, -0.07, -0.07, -0.07, -0.07, -0.07, -0.07, -0.07, -0.07, -0.07, -0.07, -0.07, -0.07, -0.07, -0.07, -0.02, -0.07, -0.07, -0.07, 
-0.07, -0.07, -0.07, -0.07, -0.07, -0.07, -0.07, -0.07, -0.07, -0.07, -0.04, -0.07, -0.07, -0.07, -0.07, -0.07, -0.07, -0.07, -0.07, -0.07, -0.07, -0.07, -0.07, -0.07, -0.07, -0.07, -0.07, -0.07, 
-0.07, -0.07, -0.07, -0.07, -0.07, -0.07, -0.07, -0.66, -0.07, -0.07, -0.07, -0.07, -0.07, -0.07, -0.66, -0.07, -0.07, -0.07, -0.07, -0.07, -0.07, -0.07, -0.07, -0.07, -0.07, -0.07, -0.07, -0.07, 
-0.07, -0.07, -0.07, -0.07, -0.39, -0.07, -0.07, -0.07, -0.07, -0.07, -0.07, -0.07, -0.07, -0.07, -0.07, -0.07, -0.07, -0.07, -0.07, -0.07, -0.07, -0.07, -0.07, -0.02, -0.07, -0.07, -0.07, -0.07, 
-0.07, -0.07, -0.07, -0.07, -0.07, -0.07, -0.07, -0.07, -0.07, -0.04, -0.07, -0.07, -0.07, -0.07, -0.07, -0.07, -0.07, -0.07, -0.07, -0.07, -0.07, -0.07, -0.07, -0.07, -0.07, -0.07, -0.07, -0.07, 
-0.07, -0.07, -0.07, -0.07, -0.07, -0.07, -0.07, -0.07, -0.07, -0.07, -0.07, -0.07, -0.07, -0.07, -0.07, -0.07, -0.07, -0.07, -0.07, -0.07, -0.07, -0.07, -0.39, -0.07, -0.07, -0.07, -0.07, -0.07, 
-0.07, -0.07, -0.07, -0.07, -0.07, -0.07, -0.07, -0.07, -0.07, -0.07, -0.07, -0.07, -0.04, -0.39, -0.07, -0.07, -0.07, -0.07, -0.07, -0.07, -0.07, -0.07, -0.07, -0.03, -0.07, -0.07, -0.07, -0.07, 
-0.07, -0.07, -0.07, -0.07, -0.07, -0.07, -0.07, -0.07, -0.07, -0.07, -0.07, -0.07, -0.66, -0.07, -0.07, -0.07, -0.07, -0.07, -0.07, -0.07, -0.07, -0.07, -0.07, -0.07, -0.66, -0.07, -0.07, -0.07, 
-0.07, -0.07, -0.07, -0.07, -0.07, -0.07, -0.07, -0.07, -0.07, -0.07, -0.07, -0.07, -0.07, -0.07, -0.07, -0.07, -0.07, -0.07, -0.07, -0.39, -0.07, -0.03, -0.07, -0.39, -0.07, -0.07, -0.07, -0.07, 
-0.07, -0.07, -0.07, -0.07, -0.07, -0.07, -0.07, -0.07, -0.07, -0.07, -0.07, -0.07, -0.07, -0.04, -0.07, -0.07, -0.03, -0.07, -0.07, -0.03, -0.07, -0.07, -0.07, -0.07, -0.07, -0.07, -0.07, -0.07, 
-0.07, -0.07, -0.07, -0.07, -0.07, -0.07, -0.07, -0.07, -0.07, -0.07, -0.07, -0.07, -0.07, -0.07, -0.07, -0.07, -0.07, -0.07, -0.07, -0.07, -0.07, -0.07, -0.07, -0.07, -0.07, -0.07, -0.07, -0.07, 
-0.07, -0.07, -0.07, -0.07, -0.07, -0.07, -0.07, -0.07, -0.07, -0.07, -0.07, -0.07, -0.07, -0.07, -0.07, -0.07, -0.07, -0.07, -0.07, -0.07, -0.07, -0.07, -0.07, -0.07, -0.07, -0.07, -0.07, -0.07, 
-- optimal policy --
>  r  r  >  r  >  >  >  r  >  >  r  >  >  r  >  >  >  >  >  >  >  r  r  r  v  l  <  
r  >  r  r  r  r  R  R  >  r  >  >  r  >  >  r  R  R  >  >  >  >  >  >  >  <  <  L  
r  >  >  >  r  r  r  >  R  >  r  R  >  r  R  >  >  R  R  R  R  R  R  R  R  ^  L  L  
r  r  >  r  >  r  >  R  R  >  r  r  v  >  r  R  R  R  R  R  R  R  R  ^  R  ^  ^  L  
>  r  r  >  >  >  R  ^  >  R  >  >  r  v  >  r  R  R  R  R  R  R  ^  R  >  R  <  ^  
R  >  >  r  R  R  ^  >  r  R  R  R  >  r  v  >  R  R  R  R  R  r  R  R  R  ^  L  <  
R  R  >  >  R  r  v  R  >  r  R  R  R  >  R  R  R  R  R  R  r  >  r  R  R  ^  L  L  
>  R  R  R  >  >  r  v  R  >  r  R  R  R  ^  R  R  R  R  >  >  >  >  ^  <  R  ^  L  
R  R  R  r  r  >  r  r  v  R  >  r  R  R  R  R  >  R  R  R  R  R  R  ^  L  <  ^  L  
R  >  R  >  >  r  >  r  r  v  R  >  R  <  R  R  R  R  R  R  R  R  ^  L  ^  L  <  L  
r  R  R  R  r  >  r  >  r  r  v  R  ^  L  >  R  R  R  R  R  R  ^  ^  >  ^  <  L  <  
>  r  R  >  >  r  >  >  >  >  R  <  ^  R  R  R  R  R  R  R  ^  R  R  R  ^  L  L  L  
R  >  r  R  R  >  r  r  R  R  ^  L  R  R  R  R  R  R  R  ^  R  R  R  ^  ^  L  L  L  
R  R  >  R  R  R  >  >  r  v  l  ^  R  >  R  R  R  R  ^  R  R  R  >  R  <  ^  L  L  
R  R  R  >  R  R  R  R  >  >  r  v  v  R  R  R  R  ^  R  R  R  R  R  ^  L  <  L  L  
R  R  R  R  R  R  R  R  R  ^  >  r  v  l  R  R  ^  R  r  R  R  R  ^  R  ^  L  <  L  
R  >  >  R  R  >  R  R  ^  r  r  >  r  r  r  >  r  v  >  r  R  ^  >  ^  <  ^  L  L  
R  R  R  R  R  R  R  ^  >  r  r  r  v  >  r  v  >  r  v  >  r  v  R  ^  L  L  ^  L  
R  R  R  R  R  R  ^  >  >  >  >  r  r  v  >  r  v  >  r  v  >  R  <  ^  L  <  L  ^  
R  R  R  R  R  R  R  R  R  R  R  >  >  >  >  >  >  >  >  R  R  ^  L  <  ^  L  L  L  
R  R  R  R  R  R  R  R  >  >  R  R  R  ^  R  R  ^  R  R  ^  L  L  ^  L  L  ^  L  L  
R  R  R  R  >  >  >  R  R  R  R  R  ^  R  R  ^  R  R  ^  L  L  L  L  ^  L  L  ^  L  
Correct actions (%) : 3.12
Avg angular diffs   : 120.94
