arguments: 28 10 1 0.266922 0.0665222 0.599867 -0.0666889
loading features...

Initializing gridworld of size 28 by 22..
    Num states: 616
    Num actions: 8
recovered reward
-0.07, -0.07, -0.07, -0.07, -0.07, -0.07, -0.07, 0.00, 0.07, 1.38, -0.07, -0.07, -0.07, 1.37, -0.07, -0.07, -0.07, 1.43, -0.07, -0.07, 1.49, -0.07, 1.55, -0.07, -0.07, 1.61, -0.07, -0.07, 
-0.07, -0.07, -0.07, -0.07, -0.07, -0.07, 1.25, 0.07, 0.20, 0.07, -0.07, -0.07, -0.07, -0.07, -0.07, -0.07, -0.07, -0.07, -0.07, -0.07, -0.07, -0.07, -0.07, -0.07, -0.07, -0.07, -0.07, -0.07, 
-0.07, -0.07, -0.07, -0.05, -0.03, -0.05, -0.07, 0.00, 0.07, 0.00, -0.07, -0.07, -0.07, -0.07, -0.07, -0.07, -0.07, -0.07, -0.07, -0.07, -0.07, -0.07, -0.07, -0.07, -0.07, -0.07, -0.07, -0.07, 
-0.07, -0.07, -0.07, -0.03, 1.26, -0.03, -0.07, -0.07, -0.07, -0.07, -0.07, -0.07, -0.07, -0.07, -0.07, -0.07, -0.07, -0.07, -0.07, -0.07, -0.07, -0.07, -0.07, -0.07, -0.07, -0.07, -0.07, -0.07, 
-0.07, -0.07, -0.07, -0.05, -0.03, -0.05, -0.07, -0.07, -0.07, 0.00, 0.07, 0.00, -0.07, -0.07, -0.07, -0.07, -0.07, -0.07, -0.07, -0.07, -0.07, -0.07, -0.07, -0.07, -0.07, -0.07, -0.07, -0.07, 
-0.07, -0.07, -0.07, 0.00, 0.07, 0.00, -0.05, -0.03, 0.02, 0.07, 0.00, 0.07, -0.07, -0.07, -0.07, -0.07, -0.07, -0.07, -0.07, -0.07, -0.07, -0.07, -0.07, -0.07, -0.07, -0.07, -0.07, -0.07, 
-0.05, -0.03, -0.05, 0.07, 1.40, 0.07, -0.03, -0.00, 0.10, 0.20, 0.07, 0.00, 0.00, -0.07, -0.07, 0.00, 0.07, 0.00, -0.07, -0.07, -0.07, -0.07, -0.07, -0.07, -0.07, -0.07, -0.07, -0.07, 
-0.03, -0.00, -0.03, 0.00, 0.07, 0.00, 1.09, -0.03, 0.02, 0.07, 0.00, 0.20, 0.07, -0.07, -0.07, 0.07, 0.20, 0.07, 0.00, -0.07, -0.07, -0.07, -0.07, -0.07, -0.07, -0.07, -0.07, -0.07, 
-0.05, -0.03, -0.05, -0.07, -0.07, -0.07, -0.07, -0.07, -0.07, -0.07, 0.00, 0.07, 0.00, -0.07, -0.07, 0.00, 0.07, 0.00, 0.07, -0.07, -0.07, -0.07, -0.07, -0.07, -0.07, -0.07, -0.07, -0.07, 
-0.07, -0.07, -0.07, -0.07, -0.07, -0.07, -0.07, 1.01, -0.07, -0.07, -0.07, -0.07, -0.07, -0.07, -0.07, -0.07, 0.00, 0.07, 0.00, -0.07, -0.07, -0.07, -0.07, -0.07, -0.07, -0.07, -0.07, -0.07, 
-0.07, -0.07, -0.07, -0.07, -0.07, -0.07, -0.07, -0.07, -0.07, -0.07, -0.07, -0.05, -0.03, -0.05, -0.03, -0.05, -0.07, -0.07, -0.07, -0.07, -0.07, -0.07, -0.07, -0.07, -0.07, -0.07, -0.07, -0.07, 
-0.07, -0.07, -0.07, -0.07, -0.07, -0.07, -0.07, -0.07, -0.07, -0.07, -0.07, -0.03, -0.00, -0.03, -0.00, -0.03, -0.07, -0.07, -0.07, -0.07, -0.07, -0.07, -0.07, -0.07, -0.07, -0.07, -0.07, -0.07, 
-0.07, -0.07, -0.07, -0.07, -0.07, -0.07, -0.07, -0.07, -0.07, -0.07, -0.07, -0.05, -0.03, -0.05, -0.03, -0.05, -0.07, -0.07, -0.07, -0.05, -0.03, -0.05, -0.07, -0.07, -0.07, -0.07, -0.07, -0.07, 
-0.07, -0.07, -0.07, -0.07, -0.07, -0.07, -0.07, 0.95, -0.07, -0.07, -0.07, -0.07, -0.07, -0.07, -0.05, -0.03, -0.05, -0.07, -0.07, -0.03, -0.00, -0.03, -0.07, -0.07, -0.07, -0.07, -0.07, -0.07, 
-0.07, -0.07, -0.07, -0.07, -0.07, -0.07, -0.07, -0.05, 0.93, -0.05, -0.07, -0.07, -0.07, 0.00, 0.10, 0.07, -0.03, -0.07, -0.07, -0.05, 0.69, -0.05, -0.07, 0.59, -0.07, -0.07, 0.53, -0.07, 
-0.07, -0.07, -0.07, -0.07, -0.07, -0.07, -0.07, -0.05, -0.03, -0.05, -0.07, -0.07, 0.83, 0.07, 0.22, 0.94, -0.05, 0.00, 0.86, 0.03, -0.05, -0.07, -0.07, -0.07, -0.07, -0.07, -0.07, -0.07, 
-0.07, -0.07, 0.00, 0.07, 0.00, -0.07, -0.07, -0.03, -0.00, -0.03, -0.07, -0.07, -0.07, 0.00, 0.07, 0.00, -0.07, 0.07, 0.23, 0.13, -0.03, -0.07, -0.07, -0.07, -0.07, -0.07, -0.07, -0.07, 
-0.07, -0.07, 0.07, 0.20, 0.07, -0.07, -0.07, -0.05, -0.03, -0.05, -0.07, -0.07, -0.07, -0.07, -0.07, -0.07, -0.07, 0.00, 0.02, 0.10, 0.02, -0.07, -0.07, -0.07, -0.07, -0.07, -0.07, 0.47, 
-0.07, -0.07, 0.00, 0.07, 0.00, -0.07, -0.07, -0.07, -0.07, -0.07, -0.07, -0.07, -0.07, -0.07, -0.07, -0.07, -0.07, -0.07, 0.08, 0.23, 0.08, -0.07, -0.07, -0.07, -0.07, -0.07, -0.07, -0.07, 
-0.07, -0.07, -0.01, -0.07, -0.07, 0.05, -0.07, -0.07, 0.11, -0.07, -0.07, 0.17, -0.07, -0.07, 0.23, -0.07, -0.07, 0.29, 0.00, 0.07, 0.42, -0.07, -0.07, 0.41, -0.07, -0.07, -0.07, -0.07, 
-0.07, -0.07, -0.07, -0.07, -0.07, -0.07, -0.07, -0.07, -0.07, -0.07, -0.07, -0.07, -0.07, -0.07, -0.07, -0.07, -0.07, -0.07, -0.07, -0.07, -0.07, -0.07, -0.07, -0.07, -0.07, -0.07, -0.07, -0.07, 
-0.07, -0.07, -0.07, -0.07, -0.07, -0.07, -0.07, -0.07, -0.07, -0.07, -0.07, -0.07, -0.07, -0.07, -0.07, -0.07, -0.07, -0.07, -0.07, -0.07, -0.07, -0.07, -0.07, -0.07, -0.07, -0.07, -0.07, -0.07, 
-- optimal policy --
r  r  r  r  >  r  v  l  >  ^  <  <  >  ^  <  r  >  ^  <  >  ^  >  ^  <  >  ^  <  <  
>  r  r  r  v  >  >  <  R  ^  L  L  R  ^  L  >  R  ^  L  R  ^  R  ^  L  R  ^  L  <  
r  >  r  r  v  R  ^  L  ^  L  L  L  R  R  ^  R  ^  L  R  ^  R  R  ^  R  ^  ^  L  L  
r  r  >  >  >  <  R  ^  L  L  L  l  L  ^  R  ^  ^  R  ^  R  R  ^  R  R  ^  ^  ^  L  
r  r  r  R  ^  L  l  r  r  v  l  <  l  <  r  v  l  v  l  l  ^  R  R  ^  ^  L  ^  ^  
r  r  r  r  v  l  l  v  l  v  l  l  <  l  r  r  v  l  l  l  l  l  ^  L  R  ^  L  ^  
r  r  >  >  <  <  v  l  <  <  <  v  l  l  r  r  v  l  l  l  l  <  l  ^  ^  L  ^  L  
>  >  R  R  ^  L  L  <  L  ^  L  L  <  <  >  >  v  <  <  l  <  l  <  l  ^  ^  L  ^  
R  R  R  R  ^  R  ^  L  l  <  R  ^  L  L  R  R  ^  L  L  <  l  <  l  v  l  l  l  l  
R  R  R  ^  R  R  >  L  <  <  R  ^  L  L  R  R  ^  L  ^  L  <  L  v  l  l  l  v  l  
R  R  R  R  r  R  R  ^  L  <  l  r  v  r  v  R  R  ^  L  L  L  v  l  l  l  v  l  l  
R  R  R  r  >  r  v  v  l  l  <  l  v  >  v  <  <  r  r  r  v  l  l  l  r  v  l  v  
v  R  >  r  >  >  r  v  l  <  l  l  r  r  r  v  l  l  r  r  v  l  l  v  v  l  v  l  
r  v  l  >  >  R  >  r  <  l  l  r  r  r  v  l  l  l  r  r  v  l  r  v  l  r  v  l  
r  r  v  l  R  >  R  ^  L  <  <  r  v  l  r  v  l  r  v  l  l  <  >  l  <  >  ^  <  
r  r  r  v  l  R  R  R  ^  L  <  >  >  <  >  <  <  >  v  <  ^  L  R  ^  L  R  ^  L  
>  r  r  v  l  l  R  R  ^  L  L  R  ^  L  R  ^  L  R  ^  L  <  L  L  L  ^  >  r  v  
R  >  >  ^  <  <  R  R  ^  L  R  ^  R  R  ^  L  R  R  ^  L  L  l  l  v  v  r  >  >  
>  R  R  ^  L  L  l  r  v  l  r  v  l  r  v  l  r  v  >  r  v  l  r  v  l  >  R  ^  
R  R  R  ^  L  L  <  >  L  <  >  L  <  >  L  <  >  R  R  >  L  <  >  l  <  R  R  ^  
R  R  ^  L  R  ^  L  R  ^  L  R  ^  L  R  ^  L  R  ^  L  R  ^  L  R  ^  L  <  R  ^  
R  ^  R  R  ^  ^  R  R  R  R  ^  ^  R  ^  ^  R  R  ^  R  ^  L  L  L  L  ^  L  <  ^  
Correct actions (%) : 15.15
Avg angular diffs   : 84.55
