arguments: 28 15 2 -0.0818345 -0.827338 0.000899281 -0.0899281
loading features...

Initializing gridworld of size 28 by 22..
    Num states: 616
    Num actions: 8
recovered reward
-0.09, -0.09, -0.09, -0.09, -0.09, -0.09, -0.09, -0.09, -0.09, -0.09, -0.09, -0.09, -0.09, -0.09, -0.09, -0.09, -0.09, -0.09, -0.09, -0.09, -0.09, -0.09, -0.09, -0.09, -0.09, -0.09, -0.09, -0.09, 
-0.09, -0.92, -0.09, -0.09, -0.09, -0.09, -0.09, -0.09, -0.09, -0.09, -0.09, -0.09, -0.09, -0.09, -0.09, -0.09, -0.09, -0.09, -0.09, -0.09, -0.09, -0.09, -0.09, -0.09, -0.17, -0.09, -0.09, -0.09, 
-0.09, -0.09, -0.09, -0.09, -0.17, -0.09, -0.09, -0.09, -0.17, -0.92, -0.09, -0.09, -0.09, -0.09, -0.09, -0.09, -0.09, -0.09, -0.09, -0.17, -0.09, -0.09, -0.09, -0.09, -0.09, -0.09, -0.09, -0.09, 
-0.09, -0.09, -0.09, -0.09, -0.09, -0.09, -0.09, -0.09, -0.09, -0.17, -0.09, -0.09, -0.09, -0.09, -0.09, -0.09, -0.09, -0.09, -0.09, -0.09, -0.09, -0.09, -0.09, -0.09, -0.09, -0.09, -0.09, -0.09, 
-0.09, -0.09, -0.09, -0.09, -0.09, -0.09, -0.09, -0.09, -0.09, -0.09, -0.09, -0.09, -0.09, -0.09, -0.09, -0.09, -0.09, -0.09, -0.09, -0.09, -0.09, -0.09, -0.09, -0.09, -0.09, -0.09, -0.09, -0.09, 
-0.09, -0.09, -0.09, -0.09, -0.09, -0.09, -0.09, -0.09, -0.09, -0.09, -0.09, -0.09, -0.09, -0.09, -0.09, -0.09, -0.09, -0.09, -0.09, -0.09, -0.09, -0.09, -0.09, -0.09, -0.09, -0.09, -0.09, -0.09, 
-0.09, -0.09, -0.09, -0.09, -0.09, -0.09, -0.09, -0.09, -0.09, -0.09, -0.09, -0.09, -0.09, -0.09, -0.09, -0.09, -0.17, -0.17, -0.09, -0.09, -0.09, -0.92, -0.09, -0.09, -0.09, -0.09, -0.09, -0.09, 
-0.09, -0.09, -0.09, -0.17, -0.09, -0.09, -0.09, -0.09, -0.09, -0.09, -0.09, -0.09, -0.09, -0.09, -0.09, -0.09, -0.09, -0.09, -0.09, -0.09, -0.09, -0.09, -0.17, -0.09, -0.09, -0.09, -0.09, -0.09, 
-0.09, -0.09, -0.09, -0.09, -0.09, -0.09, -0.09, -0.09, -0.09, -0.09, -0.09, -0.09, -0.09, -0.09, -0.09, -0.09, -0.09, -0.09, -0.09, -0.09, -0.09, -0.09, -0.09, -0.09, -0.09, -0.09, -0.09, -0.09, 
-0.09, -0.09, -0.09, -0.09, -0.09, -0.09, -0.09, -0.09, -0.09, -0.09, -0.09, -0.09, -0.09, -0.09, -0.09, -0.09, -0.09, -0.09, -0.09, -0.09, -0.09, -0.09, -0.09, -0.09, -0.09, -0.09, -0.09, -0.09, 
-0.09, -0.09, -0.09, -0.09, -0.09, -0.09, -0.09, -0.09, -0.92, -0.09, -0.09, -0.09, -0.09, -0.09, -0.09, -0.09, -0.09, -0.09, -0.09, -0.09, -0.09, -0.09, -0.09, -0.09, -0.09, -0.09, -0.09, -0.09, 
-0.09, -0.09, -0.09, -0.09, -0.09, -0.09, -0.09, -0.09, -0.09, -0.09, -0.09, -0.09, -0.09, -0.09, -0.09, -0.09, -0.09, -0.09, -0.09, -0.09, -0.09, -0.09, -0.09, -0.09, -0.92, -0.09, -0.09, -0.09, 
-0.09, -0.09, -0.09, -0.09, -0.09, -0.09, -0.09, -0.09, -0.09, -0.09, -0.09, -0.09, -0.09, -0.09, -0.09, -0.09, -0.09, -0.09, -0.09, -0.09, -0.09, -0.09, -0.09, -0.09, -0.09, -0.09, -0.09, -0.09, 
-0.09, -0.09, -0.09, -0.09, -0.09, -0.09, -0.09, -0.09, -0.09, -0.09, -0.09, -0.09, -0.09, -0.09, -0.09, -0.09, -0.09, -0.09, -0.09, -0.09, -0.09, -0.09, -0.09, -0.09, -0.09, -0.09, -0.09, -0.09, 
-0.09, -0.09, -0.09, -0.92, -0.09, -0.92, -0.09, -0.09, -0.09, -0.09, -0.09, -0.09, -0.09, -0.09, -0.09, -0.09, -0.09, -0.09, -0.09, -0.09, -0.09, -0.09, -0.09, -0.92, -0.09, -0.09, -0.09, -0.09, 
-0.09, -0.09, -0.92, -0.09, -0.09, -0.09, -0.09, -0.09, -0.09, -0.09, -0.09, -0.09, -0.09, -0.17, -0.09, -0.09, -0.09, -0.09, -0.09, -0.09, -0.09, -0.09, -0.09, -0.09, -0.09, -0.09, -0.09, -0.09, 
-0.09, -0.09, -0.09, -0.09, -0.09, -0.09, -0.09, -0.92, -0.09, -0.09, -0.09, -0.09, -0.09, -0.09, -0.09, -0.09, -0.09, -0.09, -0.09, -0.09, -0.09, -0.09, -0.09, -0.09, -0.09, -0.09, -0.09, -0.09, 
-0.09, -0.09, -0.09, -0.09, -0.09, -0.09, -0.09, -0.09, -0.09, -0.09, -0.09, -0.09, -0.17, -0.09, -0.09, -0.09, -0.09, -0.09, -0.09, -0.92, -0.09, -0.09, -0.09, -0.09, -0.09, -0.09, -0.09, -0.09, 
-0.09, -0.09, -0.09, -0.09, -0.09, -0.09, -0.09, -0.09, -0.09, -0.17, -0.09, -0.09, -0.09, -0.09, -0.09, -0.09, -0.09, -0.09, -0.09, -0.09, -0.09, -0.09, -0.09, -0.09, -0.09, -0.09, -0.09, -0.09, 
-0.09, -0.09, -0.09, -0.09, -0.09, -0.09, -0.09, -0.09, -0.09, -0.09, -0.09, -0.09, -0.09, -0.09, -0.09, -0.09, -0.09, -0.09, -0.09, -0.09, -0.09, -0.09, -0.09, -0.09, -0.09, -0.09, -0.09, -0.09, 
-0.09, -0.09, -0.09, -0.09, -0.09, -0.09, -0.09, -0.09, -0.09, -0.09, -0.09, -0.09, -0.09, -0.09, -0.09, -0.09, -0.09, -0.09, -0.09, -0.09, -0.09, -0.09, -0.09, -0.09, -0.09, -0.09, -0.09, -0.09, 
-0.09, -0.09, -0.09, -0.09, -0.09, -0.09, -0.09, -0.09, -0.09, -0.09, -0.09, -0.09, -0.09, -0.09, -0.09, -0.09, -0.09, -0.09, -0.09, -0.09, -0.09, -0.09, -0.09, -0.09, -0.09, -0.09, -0.09, -0.09, 
-- optimal policy --
>  r  >  r  r  r  >  r  r  r  r  >  r  r  r  r  r  r  r  >  r  v  r  >  r  v  l  l  
r  >  r  >  r  r  r  >  >  r  r  r  >  r  r  r  r  r  >  r  >  r  v  r  >  >  <  <  
r  r  >  r  >  r  r  r  R  r  r  >  r  >  >  r  r  >  r  r  r  >  r  v  R  ^  L  L  
r  r  r  >  r  >  r  >  r  r  >  r  >  R  r  >  r  r  r  r  r  r  >  R  <  ^  ^  L  
>  r  r  r  r  r  r  r  >  >  R  >  R  r  >  R  r  r  r  r  r  >  R  ^  L  <  ^  ^  
r  r  r  r  r  r  r  >  R  R  >  R  r  >  R  >  >  r  r  r  >  R  ^  ^  ^  L  L  ^  
>  r  >  r  r  r  >  R  R  >  R  r  >  r  v  r  r  r  r  >  R  ^  >  ^  <  L  L  L  
r  >  r  r  r  >  R  ^  L  R  r  >  r  >  r  v  r  r  >  R  ^  R  R  ^  L  <  L  L  
r  r  r  r  >  R  R  ^  R  r  r  r  >  r  >  r  v  >  R  ^  R  r  R  R  ^  L  <  L  
r  r  r  >  R  ^  ^  R  r  r  r  r  r  >  r  >  >  R  ^  R  r  >  R  <  R  ^  L  <  
r  r  >  R  ^  R  R  r  r  r  r  r  r  r  >  R  ^  L  R  r  >  R  ^  L  <  R  ^  L  
r  >  R  ^  R  R  r  r  r  r  r  r  r  r  R  ^  ^  R  r  >  R  ^  ^  L  L  L  ^  L  
>  R  ^  R  R  r  r  r  r  r  r  r  r  >  ^  <  R  r  >  R  ^  ^  ^  L  L  <  L  ^  
R  ^  R  R  >  r  r  r  r  r  >  r  >  R  ^  L  r  >  R  ^  >  ^  <  ^  ^  L  L  L  
^  R  R  >  r  r  r  r  r  r  r  >  R  ^  r  v  >  R  r  r  R  ^  L  <  R  ^  L  L  
R  R  r  r  r  r  >  r  r  r  >  R  ^  r  >  >  R  r  r  >  R  <  L  L  <  ^  L  L  
R  r  r  r  r  >  r  r  r  >  R  ^  r  >  R  ^  r  r  >  R  ^  L  <  L  L  L  L  L  
R  r  r  r  >  r  r  r  >  R  ^  r  >  R  r  v  r  r  R  ^  L  ^  L  <  L  L  L  L  
r  r  r  >  r  r  r  >  R  ^  r  >  R  r  >  r  r  >  ^  <  ^  L  ^  L  <  L  L  L  
r  r  >  r  r  r  >  R  ^  r  >  R  r  >  R  ^  >  R  ^  L  L  ^  ^  ^  L  <  L  L  
r  >  R  r  r  >  R  ^  r  >  R  r  >  R  ^  >  R  ^  L  ^  L  L  ^  ^  L  L  <  L  
>  R  >  >  >  R  ^  R  >  R  >  >  R  ^  >  R  ^  L  L  L  ^  L  L  R  ^  L  L  <  
Correct actions (%) : 6.82
Avg angular diffs   : 102.78
