arguments: 28 15 2 0.267 0.0665 0.599833 -0.0666667
loading features...

Initializing gridworld of size 28 by 22..
    Num states: 616
    Num actions: 8
recovered reward
-0.05, -0.03, -0.05, -0.07, -0.07, -0.07, -0.07, -0.07, -0.07, -0.07, -0.07, -0.07, -0.07, -0.07, -0.07, -0.07, -0.07, -0.07, -0.07, -0.07, -0.07, -0.07, -0.07, 0.00, 0.07, 0.00, -0.07, -0.07, 
-0.03, -0.00, -0.03, 0.00, 0.07, 0.00, -0.07, 0.00, 0.08, 0.03, -0.05, -0.07, -0.07, -0.07, -0.07, -0.07, -0.07, -0.07, 0.00, 0.07, 0.00, -0.07, -0.07, 0.07, 0.20, 1.39, -0.07, -0.07, 
-0.05, -0.03, -0.05, 0.07, 0.20, 0.07, -0.07, 0.07, 0.23, 0.13, 0.03, -0.07, -0.07, -0.07, 0.47, -0.07, -0.07, -0.07, 0.07, 0.20, 0.07, -0.07, -0.07, 0.00, 0.07, 0.00, -0.07, -0.07, 
-0.07, -0.07, -0.07, 0.00, 0.07, 0.00, -0.07, 0.00, 0.08, 0.03, 0.08, 0.41, -0.07, -0.07, -0.07, -0.07, 0.53, -0.07, 0.00, 0.07, 0.00, -0.07, -0.07, 1.19, -0.07, -0.07, -0.07, -0.07, 
-0.07, -0.07, -0.07, -0.07, -0.07, -0.07, -0.07, -0.07, 0.00, 0.49, 0.00, -0.07, -0.07, -0.07, -0.07, -0.07, -0.07, -0.07, -0.07, -0.07, -0.07, -0.07, -0.07, -0.07, -0.07, -0.07, -0.07, -0.07, 
-0.07, -0.07, -0.07, -0.07, -0.07, -0.07, -0.07, -0.07, -0.07, -0.07, -0.07, -0.07, -0.07, -0.07, -0.07, 0.00, 0.00, 0.07, 0.00, -0.07, -0.05, -0.03, -0.05, -0.07, -0.07, -0.07, -0.07, -0.07, 
-0.07, -0.07, 0.00, 0.07, 0.00, -0.07, -0.07, 0.29, -0.07, -0.07, -0.07, -0.07, -0.07, -0.07, -0.07, 0.07, 0.73, 0.20, 0.07, -0.07, -0.03, 0.07, 0.10, 1.20, -0.07, -0.07, -0.07, -0.07, 
-0.07, -0.07, 0.07, 0.20, 0.07, -0.07, -0.07, -0.07, -0.07, -0.07, -0.07, -0.07, -0.07, -0.07, -0.07, 0.00, 0.00, 0.07, 0.00, -0.07, -0.05, 0.10, 0.22, 0.07, -0.07, -0.07, -0.07, -0.07, 
-0.07, -0.07, 0.00, 0.07, 0.00, -0.07, -0.07, -0.07, -0.07, -0.07, -0.07, -0.07, -0.07, -0.07, -0.07, -0.07, -0.07, -0.07, -0.07, -0.07, -0.07, 0.00, 0.07, 0.00, -0.07, -0.07, -0.07, -0.07, 
-0.07, -0.07, -0.07, -0.07, -0.07, -0.07, 0.23, -0.05, -0.03, -0.05, -0.07, -0.07, -0.07, -0.07, -0.07, -0.07, 0.65, -0.07, -0.07, -0.07, -0.07, -0.07, 1.07, -0.07, -0.07, -0.07, -0.07, -0.07, 
-0.07, -0.07, -0.07, -0.07, -0.07, -0.07, -0.07, -0.03, -0.00, -0.03, -0.07, -0.07, -0.07, -0.07, -0.07, -0.07, -0.07, -0.07, -0.07, -0.07, -0.07, -0.07, -0.07, -0.05, -0.03, -0.05, -0.07, -0.07, 
-0.07, -0.07, -0.07, -0.07, -0.07, -0.07, -0.07, -0.05, -0.03, -0.05, -0.07, -0.07, -0.07, -0.07, -0.07, -0.07, -0.07, -0.07, -0.07, -0.07, -0.07, -0.07, -0.07, -0.03, -0.00, -0.03, -0.07, -0.07, 
-0.07, -0.07, -0.07, -0.07, 0.17, -0.07, -0.07, -0.07, -0.07, -0.07, -0.07, -0.07, -0.07, -0.07, 0.71, -0.07, -0.07, -0.07, -0.07, -0.07, -0.07, -0.07, -0.07, -0.05, -0.03, -0.05, -0.07, -0.07, 
-0.07, -0.07, -0.05, -0.03, -0.05, -0.03, -0.05, -0.07, -0.07, -0.07, -0.07, -0.07, -0.07, -0.07, -0.07, -0.07, -0.07, -0.07, -0.07, -0.07, -0.07, 1.01, -0.05, -0.03, -0.05, -0.07, -0.07, -0.07, 
-0.07, -0.05, -0.03, 0.13, -0.03, -0.00, -0.03, -0.07, -0.07, -0.07, -0.07, -0.07, 0.00, 0.07, 0.00, -0.07, -0.07, -0.07, -0.07, -0.07, -0.07, -0.07, -0.03, -0.00, -0.03, -0.07, -0.07, -0.07, 
-0.07, -0.03, -0.00, -0.03, -0.05, -0.03, -0.05, -0.03, -0.05, -0.07, -0.07, -0.07, 0.07, 0.20, 0.07, 0.77, -0.07, -0.07, -0.07, -0.07, 0.95, -0.07, -0.05, -0.03, -0.05, -0.07, -0.07, -0.07, 
-0.07, 0.07, -0.03, -0.05, -0.07, -0.07, -0.03, -0.00, -0.03, -0.07, -0.07, 0.00, 0.07, 0.00, 0.00, -0.07, -0.07, -0.07, -0.05, -0.03, -0.05, -0.07, -0.07, -0.07, -0.07, -0.07, -0.07, -0.07, 
-0.07, -0.07, -0.07, -0.07, -0.07, -0.07, -0.05, -0.03, 0.02, 0.07, 0.00, 0.07, 0.20, 0.07, -0.07, -0.07, -0.07, -0.07, -0.03, -0.00, -0.03, -0.07, -0.07, -0.07, -0.07, -0.07, -0.07, -0.07, 
-0.07, -0.07, -0.07, -0.07, -0.07, -0.07, -0.07, -0.07, 0.07, 0.20, 0.07, 0.00, 0.07, 0.00, -0.07, 0.83, -0.07, -0.07, 0.91, -0.03, -0.05, -0.07, -0.07, -0.07, -0.07, -0.07, -0.07, -0.07, 
-0.01, -0.07, -0.07, -0.07, -0.07, -0.07, -0.07, -0.07, 0.00, 0.07, 0.00, -0.07, -0.07, -0.07, -0.07, -0.07, -0.07, -0.07, -0.07, -0.07, -0.07, -0.07, -0.07, -0.07, -0.07, -0.07, -0.07, -0.07, 
-0.07, -0.07, -0.07, -0.07, -0.07, -0.07, -0.07, -0.07, -0.07, -0.07, -0.07, -0.07, -0.07, -0.07, -0.07, -0.07, -0.07, -0.07, -0.07, -0.07, -0.07, -0.07, -0.07, -0.07, -0.07, -0.07, -0.07, -0.07, 
-0.07, -0.07, -0.07, -0.07, -0.07, -0.07, -0.07, -0.07, -0.07, -0.07, -0.07, -0.07, -0.07, -0.07, -0.07, -0.07, -0.07, -0.07, -0.07, -0.07, -0.07, -0.07, -0.07, -0.07, -0.07, -0.07, -0.07, -0.07, 
-- optimal policy --
r  v  r  r  v  l  r  r  v  l  l  l  r  v  r  v  l  r  r  v  l  l  r  r  r  v  l  l  
>  >  r  r  v  l  r  r  v  l  l  l  >  r  v  l  r  r  r  v  l  r  r  >  >  <  <  l  
R  ^  >  >  v  <  >  >  v  <  r  v  l  >  r  r  v  l  >  v  <  >  r  v  R  ^  L  <  
R  R  R  R  ^  L  R  R  r  v  l  <  <  R  ^  >  >  <  R  ^  L  >  >  R  <  L  L  L  
r  r  R  R  ^  L  R  R  >  L  <  ^  L  ^  r  R  ^  L  l  ^  L  r  R  ^  L  l  L  L  
r  r  r  v  l  l  r  v  R  ^  L  L  ^  L  r  r  v  l  l  l  r  r  r  v  l  <  <  L  
r  r  r  v  l  l  >  R  <  ^  ^  L  L  >  >  >  >  <  <  <  r  r  >  l  <  <  L  <  
>  >  >  ^  <  <  R  ^  L  L  ^  ^  L  >  R  R  ^  L  L  L  r  >  R  ^  L  <  <  l  
R  R  R  ^  L  r  v  l  ^  L  l  l  >  R  R  r  v  l  L  L  >  r  v  l  L  L  <  <  
R  R  R  ^  L  >  r  <  l  l  l  r  r  R  r  >  R  <  L  >  R  >  ^  <  L  L  L  L  
R  R  r  r  >  R  ^  L  <  <  <  >  r  v  r  R  ^  L  <  R  >  R  ^  L  <  l  l  L  
r  r  r  r  v  l  R  ^  L  L  L  >  >  r  v  l  <  ^  L  r  R  ^  R  ^  L  <  <  <  
r  r  r  >  r  <  l  R  ^  L  L  r  >  >  r  <  L  r  r  >  r  v  l  l  ^  L  L  L  
r  r  r  R  ^  L  <  l  ^  ^  r  r  r  R  ^  L  v  l  r  r  >  r  <  l  l  L  L  L  
r  r  >  l  <  ^  L  v  l  l  r  r  r  r  r  v  l  <  r  r  R  ^  L  <  <  <  L  L  
r  v  R  ^  L  ^  r  v  l  l  r  >  >  >  >  <  <  l  r  >  l  <  ^  L  L  L  <  L  
>  R  <  L  L  L  >  r  r  v  r  r  R  R  R  ^  L  r  r  R  ^  L  <  ^  L  L  L  <  
R  ^  L  L  L  R  R  r  r  v  l  >  ^  <  r  v  l  r  v  l  <  L  L  <  ^  L  L  L  
v  l  ^  L  L  R  R  >  >  <  <  R  ^  L  >  r  <  >  R  <  L  L  L  L  <  ^  L  L  
<  <  <  ^  R  R  R  R  R  ^  L  R  ^  >  R  ^  L  R  ^  L  L  L  L  L  L  L  ^  L  
^  L  <  <  R  R  R  R  R  ^  L  L  >  R  ^  R  R  ^  R  ^  L  L  L  L  L  L  L  L  
^  ^  L  L  R  R  R  R  R  ^  ^  L  R  ^  R  R  ^  R  ^  L  L  L  L  L  L  L  L  L  
Correct actions (%) : 11.36
Avg angular diffs   : 95.11
