arguments: 28 8 1 -0.0593963 -0.830331 -0.0129017 -0.097371
loading features...

Initializing gridworld of size 28 by 22..
    Num states: 616
    Num actions: 8
recovered reward
-0.10, -0.10, -0.10, -0.10, -0.10, -0.10, -0.13, -0.10, -0.10, -0.13, -0.30, -0.51, -0.30, -0.13, -0.10, -0.10, -0.10, -0.13, -0.10, -0.10, -0.13, -0.10, -0.13, -0.10, -0.10, -0.13, -0.10, -0.10, 
-0.10, -0.10, -0.10, -0.12, -0.10, -0.10, -0.10, -0.10, -0.10, -0.10, -0.51, -0.93, -0.51, -0.10, -0.10, -0.10, -0.10, -0.10, -0.10, -0.10, -0.10, -0.30, -0.51, -0.30, -0.10, -0.10, -0.10, -0.10, 
-0.10, -0.10, -0.10, -0.10, -0.10, -0.10, -0.10, -0.10, -0.30, -0.51, -0.30, -0.51, -0.30, -0.10, -0.10, -0.10, -0.10, -0.10, -0.10, -0.10, -0.10, -0.51, -0.93, -0.51, -0.10, -0.10, -0.10, -0.10, 
-0.10, -0.12, -0.10, -0.10, -0.10, -0.10, -0.10, -0.10, -0.51, -0.93, -0.51, -0.10, -0.10, -0.10, -0.10, -0.10, -0.10, -0.10, -0.10, -0.10, -0.10, -0.30, -0.51, -0.30, -0.10, -0.10, -0.10, -0.10, 
-0.10, -0.10, -0.10, -0.10, -0.10, -0.10, -0.11, -0.13, -0.32, -0.51, -0.30, -0.10, -0.10, -0.10, -0.10, -0.10, -0.10, -0.10, -0.30, -0.51, -0.30, -0.10, -0.10, -0.10, -0.10, -0.10, -0.10, -0.10, 
-0.10, -0.10, -0.10, -0.10, -0.11, -0.11, -0.13, -0.11, -0.13, -0.10, -0.10, -0.10, -0.10, -0.10, -0.10, -0.10, -0.10, -0.10, -0.51, -0.94, -0.54, -0.11, -0.10, -0.10, -0.10, -0.10, -0.10, -0.10, 
-0.12, -0.10, -0.10, -0.10, -0.13, -0.13, -0.16, -0.13, -0.11, -0.10, -0.10, -0.10, -0.12, -0.10, -0.10, -0.11, -0.10, -0.10, -0.30, -0.54, -0.36, -0.13, -0.10, -0.10, -0.10, -0.10, -0.10, -0.10, 
-0.10, -0.10, -0.10, -0.10, -0.11, -0.11, -0.13, -0.11, -0.12, -0.10, -0.10, -0.10, -0.10, -0.10, -0.10, -0.10, -0.10, -0.11, -0.10, -0.11, -0.13, -0.11, -0.10, -0.10, -0.10, -0.10, -0.10, -0.10, 
-0.10, -0.10, -0.10, -0.30, -0.51, -0.30, -0.10, -0.10, -0.10, -0.10, -0.10, -0.10, -0.10, -0.10, -0.10, -0.10, -0.10, -0.10, -0.10, -0.10, -0.10, -0.10, -0.10, -0.10, -0.30, -0.51, -0.30, -0.10, 
-0.12, -0.10, -0.10, -0.53, -0.93, -0.51, -0.12, -0.10, -0.10, -0.10, -0.10, -0.10, -0.10, -0.10, -0.10, -0.10, -0.10, -0.10, -0.10, -0.10, -0.11, -0.10, -0.30, -0.53, -0.30, -0.93, -0.51, -0.10, 
-0.10, -0.10, -0.10, -0.30, -0.51, -0.30, -0.10, -0.10, -0.10, -0.10, -0.10, -0.10, -0.10, -0.10, -0.10, -0.10, -0.10, -0.10, -0.11, -0.13, -0.11, -0.10, -0.51, -0.93, -0.51, -0.51, -0.30, -0.10, 
-0.10, -0.10, -0.10, -0.10, -0.10, -0.10, -0.10, -0.10, -0.10, -0.30, -0.51, -0.30, -0.10, -0.10, -0.30, -0.51, -0.30, -0.10, -0.13, -0.16, -0.13, -0.10, -0.30, -0.51, -0.30, -0.10, -0.10, -0.10, 
-0.10, -0.11, -0.13, -0.11, -0.10, -0.11, -0.13, -0.11, -0.10, -0.51, -0.93, -0.51, -0.10, -0.10, -0.51, -0.93, -0.51, -0.10, -0.11, -0.13, -0.11, -0.10, -0.10, -0.10, -0.10, -0.10, -0.10, -0.10, 
-0.10, -0.13, -0.16, -0.13, -0.10, -0.13, -0.16, -0.13, -0.10, -0.30, -0.51, -0.30, -0.10, -0.10, -0.30, -0.51, -0.30, -0.10, -0.10, -0.10, -0.10, -0.10, -0.10, -0.10, -0.11, -0.10, -0.10, -0.10, 
-0.10, -0.11, -0.13, -0.11, -0.10, -0.11, -0.33, -0.53, -0.30, -0.10, -0.10, -0.10, -0.10, -0.10, -0.10, -0.10, -0.10, -0.11, -0.13, -0.11, -0.11, -0.10, -0.30, -0.51, -0.30, -0.10, -0.10, -0.10, 
-0.10, -0.10, -0.10, -0.10, -0.10, -0.10, -0.51, -0.93, -0.51, -0.10, -0.10, -0.10, -0.10, -0.10, -0.10, -0.11, -0.13, -0.13, -0.16, -0.13, -0.13, -0.10, -0.51, -0.93, -0.51, -0.10, -0.10, -0.10, 
-0.10, -0.10, -0.11, -0.13, -0.11, -0.10, -0.30, -0.51, -0.30, -0.10, -0.10, -0.10, -0.10, -0.10, -0.10, -0.13, -0.16, -0.11, -0.13, -0.11, -0.11, -0.11, -0.30, -0.51, -0.32, -0.10, -0.10, -0.10, 
-0.10, -0.10, -0.13, -0.16, -0.13, -0.10, -0.10, -0.10, -0.10, -0.10, -0.10, -0.10, -0.10, -0.10, -0.10, -0.11, -0.13, -0.11, -0.11, -0.10, -0.30, -0.51, -0.30, -0.10, -0.10, -0.10, -0.10, -0.10, 
-0.10, -0.10, -0.11, -0.13, -0.11, -0.10, -0.10, -0.10, -0.10, -0.10, -0.10, -0.10, -0.10, -0.10, -0.10, -0.10, -0.10, -0.10, -0.11, -0.13, -0.53, -0.93, -0.51, -0.10, -0.10, -0.10, -0.10, -0.10, 
-0.10, -0.10, -0.10, -0.10, -0.10, -0.10, -0.10, -0.10, -0.10, -0.10, -0.10, -0.10, -0.10, -0.10, -0.10, -0.10, -0.10, -0.10, -0.13, -0.16, -0.33, -0.51, -0.30, -0.10, -0.10, -0.10, -0.10, -0.10, 
-0.10, -0.10, -0.10, -0.10, -0.10, -0.10, -0.10, -0.10, -0.10, -0.10, -0.10, -0.10, -0.10, -0.10, -0.10, -0.10, -0.10, -0.10, -0.11, -0.13, -0.11, -0.10, -0.10, -0.10, -0.10, -0.10, -0.10, -0.10, 
-0.10, -0.10, -0.10, -0.10, -0.10, -0.10, -0.10, -0.10, -0.10, -0.10, -0.10, -0.10, -0.10, -0.10, -0.10, -0.10, -0.10, -0.10, -0.10, -0.10, -0.10, -0.10, -0.10, -0.10, -0.10, -0.10, -0.10, -0.10, 
-- optimal policy --
v  L  <  R  <  R  <  l  <  <  l  >  r  v  v  v  v  >  >  R  <  R  <  r  v  >  >  R  
v  ^  L  ^  L  ^  L  <  L  L  <  R  >  >  >  >  r  R  R  ^  L  ^  L  >  r  R  R  ^  
<  <  v  v  v  l  <  L  L  L  r  r  R  R  R  R  >  >  >  r  v  l  r  r  r  v  v  v  
^  L  r  v  l  <  L  L  L  r  r  v  v  >  >  >  >  >  >  >  r  r  r  r  >  r  v  v  
l  <  v  l  <  L  L  L  r  r  v  v  l  R  R  R  R  R  R  R  >  >  >  >  >  >  >  r  
l  <  v  v  l  L  L  r  r  v  v  l  <  L  v  >  r  v  l  R  R  R  R  ^  R  R  ^  >  
^  L  v  v  l  L  l  v  r  v  l  <  L  >  r  r  v  r  v  l  l  >  >  >  >  r  R  ^  
v  v  v  l  <  r  v  r  v  l  <  L  v  R  >  >  r  >  r  r  r  v  v  R  R  >  r  v  
r  v  l  <  L  >  r  v  l  <  L  v  v  v  v  >  >  >  >  >  r  v  l  <  R  R  r  v  
v  l  <  L  r  r  v  l  <  L  l  v  v  v  v  R  ^  R  R  R  r  v  l  L  L  r  r  v  
l  ^  L  v  l  l  l  <  L  l  <  r  v  v  l  <  R  R  ^  L  r  v  l  r  r  r  v  l  
<  L  >  r  v  l  <  L  v  l  L  r  v  v  l  L  r  v  l  R  >  r  r  r  v  >  r  v  
v  <  R  r  v  l  L  r  v  l  l  r  v  v  l  l  r  v  r  r  R  >  >  >  r  R  ^  r  
<  <  l  r  v  l  l  >  r  v  l  v  v  v  v  l  l  l  >  >  R  R  R  R  >  r  R  ^  
v  v  l  r  v  v  l  R  r  v  v  v  v  v  v  l  <  <  R  R  R  R  R  ^  r  >  v  v  
l  l  <  >  r  v  l  l  r  v  r  v  v  v  v  l  L  L  R  R  R  ^  L  R  >  >  >  R  
L  L  L  R  >  r  v  l  v  >  >  r  v  v  v  l  l  r  r  v  R  ^  r  r  R  R  ^  R  
^  L  L  R  r  v  l  <  v  l  >  >  r  r  v  l  v  l  l  <  <  ^  >  >  >  r  R  >  
v  <  r  r  v  l  v  <  r  v  v  R  ^  >  r  <  r  v  l  ^  L  r  R  R  R  >  >  R  
l  L  v  l  r  <  l  <  r  v  l  <  R  R  ^  r  v  l  <  r  r  v  l  v  v  v  >  R  
l  <  v  v  l  v  v  l  v  l  <  L  >  >  r  v  l  <  v  v  >  v  v  l  r  v  v  l  
^  L  >  v  <  l  l  <  v  <  L  R  R  R  >  r  ^  >  >  l  <  l  l  <  >  r  l  ^  
Correct actions (%) : 7.45
Avg angular diffs   : 103.88
