arguments: 28 36 3 0.183908 0.16092 -0.0804598 -0.574713

Initializing gridworld of size 28 by 22..
    Num states: 616
    Num actions: 8
recovered reward
-0.57, -0.57, -0.57, -0.57, -0.57, -0.57, -0.57, -0.57, -0.57, -0.57, -0.57, -0.57, -0.57, -0.57, -0.57, -0.57, -0.57, -0.57, -0.57, -0.57, -0.57, -0.57, -0.57, -0.57, -0.57, -0.57, -0.57, -0.57, 
-0.57, -0.57, -0.57, -0.57, -0.57, -0.57, -0.57, -0.57, -0.57, -0.57, -0.57, -0.57, -0.57, -0.57, -0.57, -0.57, -0.57, -0.57, -0.57, -0.57, -0.57, -0.57, -0.57, -0.57, -0.57, -0.57, -0.57, -0.57, 
-0.57, -0.57, -0.57, -0.57, -0.57, -0.57, -0.57, -0.57, -0.57, -0.57, -0.57, -0.57, -0.57, -0.57, -0.57, -0.57, -0.57, -0.57, -0.57, -0.57, -0.57, -0.57, -0.57, -0.57, -0.57, -0.57, -0.57, -0.57, 
-0.57, -0.57, -0.57, -0.57, -0.57, -0.57, -0.57, -0.57, -0.57, -0.57, -0.57, -0.57, -0.57, -0.57, -0.57, -0.57, -0.57, -0.57, -0.57, -0.57, -0.57, -0.57, -0.57, -0.57, -0.57, -0.57, -0.57, -0.57, 
-0.57, -0.57, -0.57, -0.57, -0.57, -0.57, -0.57, -0.57, -0.57, -0.57, -0.57, -0.57, -0.57, -0.57, -0.57, -0.57, -0.57, -0.57, -0.57, -0.57, -0.57, -0.57, -0.57, -0.57, -0.57, -0.57, -0.57, -0.57, 
-0.57, -0.57, -0.57, -0.57, -0.57, -0.57, -0.57, -0.57, -0.57, -0.57, -0.57, -0.57, -0.57, -0.57, -0.57, -0.57, -0.57, -0.57, -0.57, -0.57, -0.57, -0.57, -0.57, -0.57, -0.57, -0.57, -0.57, -0.57, 
-0.57, -0.57, -0.57, -0.57, -0.57, -0.57, -0.57, -0.57, -0.57, -0.57, -0.57, -0.57, -0.57, -0.57, -0.57, -0.57, -0.57, -0.57, -0.57, -0.57, -0.57, -0.57, -0.57, -0.57, -0.57, -0.57, -0.57, -0.57, 
-0.57, -0.57, -0.57, -0.57, -0.57, -0.57, -0.57, -0.57, -0.57, -0.57, -0.57, -0.57, -0.57, -0.57, -0.57, -0.57, -0.57, -0.57, -0.57, -0.57, -0.57, -0.57, -0.57, -0.57, -0.57, -0.57, -0.57, -0.57, 
-0.57, -0.57, -0.57, -0.57, -0.57, -0.57, -0.57, -0.57, -0.57, -0.57, -0.57, -0.57, -0.57, -0.57, -0.57, -0.57, -0.57, -0.57, -0.57, -0.57, -0.57, -0.57, -0.57, -0.57, -0.57, -0.57, -0.57, -0.57, 
-0.57, -0.57, -0.57, -0.57, -0.57, -0.57, -0.57, -0.57, -0.57, -0.57, -0.57, -0.57, -0.57, -0.57, -0.57, -0.57, -0.57, -0.57, -0.57, -0.57, -0.57, -0.57, -0.57, -0.57, -0.57, -0.57, -0.57, -0.57, 
-0.57, -0.57, -0.57, -0.57, -0.57, -0.57, -0.57, -0.57, -0.57, -0.57, -0.57, -0.57, -0.57, -0.57, -0.57, -0.57, -0.57, -0.57, -0.57, -0.57, -0.57, -0.57, -0.57, -0.57, -0.57, -0.57, -0.57, -0.57, 
-0.57, -0.57, -0.57, -0.57, -0.57, -0.57, -0.57, -0.57, -0.57, -0.57, -0.57, -0.57, -0.57, -0.57, -0.57, -0.57, -0.57, -0.57, -0.57, -0.57, -0.57, -0.57, -0.57, -0.57, -0.57, -0.57, -0.57, -0.57, 
-0.57, -0.57, -0.57, -0.57, -0.57, -0.57, -0.57, -0.57, -0.57, -0.57, -0.57, -0.57, -0.57, -0.57, -0.57, -0.57, -0.57, -0.57, -0.57, -0.57, -0.57, -0.57, -0.57, -0.57, -0.57, -0.57, -0.57, -0.57, 
-0.57, -0.57, -0.57, -0.57, -0.57, -0.57, -0.57, -0.57, -0.57, -0.57, -0.57, -0.57, -0.57, -0.57, -0.57, -0.57, -0.57, -0.57, -0.57, -0.57, -0.57, -0.57, -0.57, -0.57, -0.57, -0.57, -0.57, -0.57, 
-0.57, -0.57, -0.57, -0.57, -0.57, -0.57, -0.57, -0.57, -0.57, -0.57, -0.57, -0.57, -0.57, -0.57, -0.57, -0.57, -0.57, -0.57, -0.57, -0.57, -0.57, -0.57, -0.57, -0.57, -0.57, -0.57, -0.57, -0.57, 
-0.57, -0.57, -0.57, -0.57, -0.57, -0.57, -0.57, -0.57, -0.57, -0.57, -0.57, -0.57, -0.57, -0.57, -0.57, -0.57, -0.57, -0.57, -0.57, -0.57, -0.57, -0.57, -0.57, -0.57, -0.57, -0.57, -0.57, -0.57, 
-0.57, -0.57, -0.57, -0.57, -0.57, -0.57, -0.57, -0.57, -0.57, -0.57, -0.57, -0.57, -0.57, -0.57, -0.57, -0.57, -0.57, -0.57, -0.57, -0.57, -0.57, -0.57, -0.57, -0.57, -0.57, -0.57, -0.57, -0.57, 
-0.57, -0.57, -0.57, -0.57, -0.57, -0.57, -0.57, -0.57, -0.57, -0.57, -0.57, -0.57, -0.57, -0.57, -0.57, -0.57, -0.57, -0.57, -0.57, -0.57, -0.57, -0.57, -0.57, -0.57, -0.57, -0.57, -0.57, -0.57, 
-0.57, -0.57, -0.57, -0.57, -0.57, -0.57, -0.57, -0.57, -0.57, -0.57, -0.57, -0.57, -0.57, -0.57, -0.57, -0.57, -0.57, -0.57, -0.57, -0.57, -0.57, -0.57, -0.57, -0.57, -0.57, -0.57, -0.57, -0.57, 
-0.57, -0.57, -0.57, -0.57, -0.57, -0.57, -0.57, -0.57, -0.57, -0.57, -0.57, -0.57, -0.57, -0.57, -0.57, -0.57, -0.57, -0.57, -0.57, -0.57, -0.57, -0.57, -0.57, -0.57, -0.57, -0.57, -0.57, -0.57, 
-0.57, -0.57, -0.57, -0.57, -0.57, -0.57, -0.57, -0.57, -0.57, -0.57, -0.57, -0.57, -0.57, -0.57, -0.57, -0.57, -0.57, -0.57, -0.57, -0.57, -0.57, -0.57, -0.57, -0.57, -0.57, -0.57, -0.57, -0.57, 
-0.57, -0.57, -0.57, -0.57, -0.57, -0.57, -0.57, -0.57, -0.57, -0.57, -0.57, -0.57, -0.57, -0.57, -0.57, -0.57, -0.57, -0.57, -0.57, -0.57, -0.57, -0.57, -0.57, -0.57, -0.57, -0.57, -0.57, -0.57, 
-- optimal policy --
r  v  ^  ^  <  >  >  >  ^  <  >  >  >  >  >  >  >  R  <  >  >  >  >  ^  <  >  ^  v  
v  l  ^  ^  L  R  R  R  ^  L  R  ^  ^  R  R  R  ^  ^  L  R  R  ^  ^  ^  L  R  ^  v  
<  ^  L  v  l  <  v  v  l  <  v  v  v  >  r  v  >  r  v  r  v  >  >  >  >  r  v  R  
^  L  v  l  <  L  v  l  <  L  v  l  r  v  >  r  v  >  r  v  r  v  >  >  >  >  >  r  
v  v  l  <  L  v  l  <  L  v  l  <  v  r  v  >  r  >  >  r  v  r  v  R  R  R  R  ^  
v  l  <  L  v  l  <  L  v  l  <  >  r  v  r  v  >  >  >  >  r  >  r  >  r  v  >  r  
v  <  L  v  l  <  L  v  l  <  L  v  >  r  v  r  v  v  R  >  >  >  >  >  >  r  v  ^  
<  <  v  v  <  L  v  l  <  L  v  r  v  >  r  >  r  r  v  R  ^  R  ^  R  R  >  v  <  
L  <  v  l  <  v  l  <  L  v  v  v  r  v  >  >  >  >  r  v  v  >  >  >  >  >  v  <  
^  L  l  <  v  l  <  L  v  v  v  v  v  r  ^  R  R  >  r  v  v  v  R  R  R  R  r  L  
v  l  <  v  l  <  L  v  v  v  l  l  r  v  l  v  >  >  >  r  r  v  v  >  >  >  >  >  
v  <  v  l  <  L  v  v  v  l  v  v  v  l  v  v  v  >  >  >  >  r  v  >  >  >  r  <  
L  <  l  <  L  v  v  v  l  <  v  v  v  v  v  v  v  v  R  R  >  >  v  v  R  R  ^  R  
l  l  <  L  v  v  v  l  v  l  r  v  v  v  v  v  v  v  v  v  >  >  r  >  r  r  R  ^  
v  ^  L  v  r  v  l  v  l  v  v  r  v  v  v  v  v  v  v  l  >  >  >  >  >  >  >  v  
<  <  v  r  v  l  v  l  v  v  v  v  r  v  v  v  v  v  l  v  v  R  ^  R  R  R  R  r  
^  L  r  v  l  <  l  v  l  v  v  v  v  r  v  v  v  l  v  v  v  v  r  v  v  v  R  ^  
v  <  v  l  <  r  v  l  v  r  v  v  v  >  r  v  l  v  v  v  v  l  >  r  v  r  >  >  
v  <  v  v  l  >  v  <  v  v  v  l  r  v  >  v  v  l  r  v  l  <  >  >  >  >  >  r  
v  l  v  l  v  v  r  v  l  v  l  v  v  >  >  >  v  <  v  l  <  L  R  R  r  v  R  ^  
L  <  r  v  l  r  v  r  v  r  <  l  v  v  v  l  v  <  v  v  l  <  >  r  v  v  <  R  
^  R  l  r  <  >  >  r  r  r  l  <  l  v  >  v  l  R  r  r  <  L  >  >  l  r  v  l  
