arguments: 28 19 2 0.319556 0.359888 -0.280524 -0.040032
loading features...

Initializing gridworld of size 28 by 22..
    Num states: 616
    Num actions: 8
recovered reward
-0.04, -0.04, -0.04, -0.04, -0.04, -0.04, -0.04, -0.04, -0.04, -0.04, -0.04, -0.04, -0.04, -0.04, 0.05, 0.32, 0.05, -0.04, -0.04, -0.04, -0.04, -0.04, -0.04, -0.04, -0.04, -0.04, -0.04, -0.04, 
-0.04, -0.04, -0.04, -0.04, -0.04, 0.04, 0.12, 0.04, -0.04, -0.04, -0.04, -0.04, -0.04, -0.04, -0.02, 0.05, -0.02, -0.04, -0.04, -0.04, -0.04, -0.02, 0.05, -0.02, -0.04, -0.04, -0.04, -0.04, 
-0.04, -0.04, -0.04, -0.04, -0.04, 0.12, 0.28, 0.12, 0.04, 0.12, 0.04, -0.04, -0.04, -0.04, -0.04, -0.04, -0.04, -0.04, -0.04, -0.04, -0.04, 0.05, 0.32, 0.05, -0.04, -0.04, -0.66, -0.04, 
-0.04, 0.04, 0.12, 0.04, -0.04, 0.04, 0.12, 0.04, 0.12, 0.08, 0.04, 0.12, -0.18, -0.04, -0.04, -0.04, -0.04, -0.04, -0.04, -0.04, -0.04, -0.02, 0.05, -0.02, -0.04, 0.04, 0.12, 0.04, 
-0.04, 0.12, 0.28, 0.12, 0.04, 0.12, 0.04, -0.04, 0.04, 0.12, 0.12, 0.28, 0.12, -0.04, -0.04, -0.04, -0.04, -0.04, -0.04, -0.04, -0.04, -0.04, -0.04, -0.04, -0.02, 0.21, 0.30, 0.12, 
-0.04, 0.04, 0.12, 0.04, 0.12, 0.28, 0.12, -0.21, -0.04, -0.04, 0.04, 0.12, 0.04, -0.04, -0.04, -0.04, -0.04, -0.04, -0.04, -0.04, -0.04, -0.04, -0.04, -0.04, 0.05, 0.40, -0.38, 0.04, 
-0.04, -0.04, -0.04, -0.04, 0.04, 0.12, 0.04, -0.04, -0.04, -0.04, -0.04, -0.04, -0.04, -0.29, -0.04, -0.04, -0.04, -0.04, -0.04, -0.04, -0.04, -0.04, -0.04, -0.04, -0.02, 0.05, -0.02, -0.04, 
-0.04, -0.04, -0.04, -0.04, -0.04, -0.04, -0.04, -0.04, -0.04, -0.04, -0.04, -0.04, -0.04, -0.04, -0.04, -0.04, -0.04, -0.04, -0.04, -0.04, -0.04, -0.04, -0.04, -0.04, -0.04, -0.04, -0.04, -0.04, 
-0.04, -0.04, -0.04, -0.04, -0.04, -0.04, -0.04, -0.18, -0.04, -0.04, -0.04, -0.04, -0.04, -0.04, -0.32, -0.04, -0.04, -0.04, -0.04, -0.04, -0.04, -0.04, -0.04, -0.04, -0.04, -0.60, -0.04, -0.04, 
-0.04, -0.02, 0.05, -0.02, -0.04, -0.04, -0.04, -0.04, -0.04, -0.04, -0.04, -0.04, -0.04, -0.04, -0.04, 0.04, 0.12, 0.04, -0.04, -0.04, -0.04, -0.04, -0.04, -0.04, -0.04, -0.04, -0.04, -0.04, 
-0.04, 0.05, 0.32, 0.05, -0.02, 0.02, 0.14, 0.13, -0.02, 0.06, 0.21, 0.06, -0.04, -0.04, -0.04, 0.12, -0.03, 0.12, -0.04, -0.04, -0.04, -0.04, -0.04, -0.04, -0.04, -0.04, -0.04, -0.04, 
-0.04, -0.02, 0.05, -0.02, 0.05, 0.48, 0.37, 0.48, 0.05, 0.21, 0.64, 0.21, -0.04, -0.04, -0.04, 0.04, 0.12, 0.04, -0.04, 0.04, 0.12, 0.04, -0.04, -0.04, -0.57, -0.04, -0.04, -0.04, 
-0.04, -0.04, -0.04, -0.04, -0.02, 0.13, 0.14, 0.13, -0.02, 0.06, 0.21, 0.06, 0.05, -0.02, -0.04, -0.02, 0.05, -0.02, -0.04, 0.12, 0.28, 0.12, -0.04, -0.04, -0.04, -0.04, -0.04, -0.04, 
-0.04, -0.04, -0.04, -0.04, -0.12, -0.04, -0.04, -0.04, -0.04, -0.04, -0.04, 0.05, 0.32, 0.05, -0.04, 0.05, 0.32, -0.29, -0.02, 0.13, 0.14, 0.04, -0.04, -0.04, -0.04, -0.04, -0.04, -0.04, 
-0.04, -0.04, -0.04, -0.04, -0.04, -0.04, -0.04, -0.02, 0.05, 0.06, 0.12, 0.06, 0.05, -0.02, -0.04, -0.02, 0.05, -0.02, 0.05, 0.32, 0.05, -0.04, -0.54, -0.04, -0.04, -0.04, -0.04, -0.04, 
-0.04, -0.04, -0.04, -0.04, -0.04, -0.04, -0.04, 0.05, 0.32, 0.21, 0.30, 0.12, -0.04, -0.04, -0.04, -0.04, -0.04, -0.04, -0.02, 0.05, -0.02, -0.04, -0.04, -0.04, -0.04, -0.04, -0.04, -0.04, 
-0.04, -0.04, -0.10, -0.04, -0.04, -0.04, -0.04, -0.02, 0.05, 0.06, 0.21, 0.04, -0.04, -0.04, -0.04, -0.04, -0.04, -0.40, -0.04, -0.04, -0.04, -0.04, -0.04, -0.04, -0.04, -0.04, -0.04, -0.04, 
-0.04, -0.04, -0.04, -0.04, -0.04, -0.04, -0.04, -0.04, -0.02, 0.13, 0.14, 0.04, -0.04, -0.04, -0.04, -0.04, -0.04, -0.04, -0.04, -0.04, -0.04, -0.04, -0.04, -0.52, -0.04, -0.04, -0.04, -0.04, 
-0.04, -0.04, -0.04, -0.04, -0.04, -0.04, -0.04, -0.04, -0.04, 0.12, 0.28, 0.12, -0.04, -0.04, -0.04, -0.04, -0.04, -0.04, -0.04, -0.04, -0.04, -0.04, -0.04, -0.04, -0.04, -0.04, -0.04, -0.04, 
-0.07, -0.04, -0.04, -0.04, -0.04, -0.04, -0.04, -0.04, -0.04, 0.04, 0.12, 0.04, -0.04, -0.04, -0.04, -0.04, -0.43, -0.04, -0.04, -0.04, -0.49, -0.04, -0.04, -0.04, -0.04, -0.04, -0.04, -0.04, 
-0.04, -0.04, -0.04, -0.04, -0.04, -0.04, -0.04, -0.04, -0.04, -0.04, -0.04, -0.04, -0.04, -0.04, -0.04, -0.04, -0.04, -0.04, -0.04, -0.46, -0.04, -0.04, -0.04, -0.04, -0.04, -0.04, -0.04, -0.04, 
-0.04, -0.04, -0.04, -0.04, -0.04, -0.04, -0.04, -0.04, -0.04, -0.04, -0.04, -0.04, -0.04, -0.04, -0.04, -0.04, -0.04, -0.04, -0.04, -0.04, -0.04, -0.04, -0.04, -0.04, -0.04, -0.04, -0.04, -0.04, 
-- optimal policy --
r  v  >  r  r  r  v  l  l  l  r  >  r  >  >  ^  <  <  l  l  r  r  v  l  l  r  r  v  
r  r  v  >  r  r  v  l  l  v  l  r  >  R  R  ^  L  L  <  <  r  r  v  l  r  v  l  v  
r  r  v  l  >  >  v  <  <  l  r  v  R  R  R  ^  L  L  L  <  >  >  r  r  r  r  v  l  
r  r  v  l  r  R  ^  L  L  r  r  v  R  R  ^  L  ^  L  L  L  R  R  ^  r  r  r  v  l  
>  >  >  <  r  v  l  l  ^  >  >  v  <  <  R  ^  R  ^  L  R  R  R  >  r  r  v  l  <  
R  R  ^  L  >  v  <  l  v  v  R  ^  L  l  v  l  l  L  L  R  R  r  r  >  >  R  <  L  
r  r  r  v  v  v  r  r  r  v  v  v  v  l  l  l  l  l  v  R  r  r  >  R  R  ^  L  ^  
r  r  r  r  v  r  v  r  r  r  v  r  v  l  l  <  l  l  l  l  r  >  R  R  R  ^  L  L  
r  r  r  r  r  v  v  l  r  v  r  v  l  l  l  l  v  l  l  l  >  R  R  R  ^  L  ^  L  
r  r  r  r  r  r  v  l  r  r  v  l  l  l  l  l  l  <  l  v  v  R  R  ^  L  L  ^  L  
>  >  >  r  r  v  r  v  l  r  v  l  l  l  l  l  <  l  <  r  v  l  l  l  ^  L  L  L  
R  R  R  >  >  >  >  <  <  >  v  <  <  l  l  l  L  <  r  r  v  l  l  l  <  R  R  ^  
R  R  R  R  R  ^  R  ^  L  R  ^  L  L  l  l  l  v  l  r  >  v  <  <  l  l  <  ^  L  
R  R  R  R  R  R  ^  L  R  R  ^  L  L  <  <  <  <  <  r  v  l  L  L  <  l  l  l  ^  
R  R  R  R  R  ^  R  ^  R  ^  R  R  ^  L  L  <  ^  L  >  R  <  L  L  L  <  <  <  <  
R  R  R  R  ^  L  R  >  >  >  R  ^  L  L  L  L  L  L  R  ^  L  L  L  <  L  <  L  L  
R  R  R  R  R  R  R  R  ^  R  ^  L  L  L  L  L  L  R  R  ^  L  L  L  L  <  L  <  L  
R  ^  R  R  R  R  R  R  R  R  ^  L  L  L  L  L  L  L  R  R  ^  L  L  L  L  <  L  <  
^  R  R  R  R  R  R  R  R  R  ^  L  L  L  L  L  L  L  L  L  R  ^  L  L  <  L  <  L  
R  ^  R  R  R  R  R  R  R  R  ^  L  L  L  L  L  L  L  L  L  ^  L  L  L  L  <  L  <  
R  R  R  R  R  R  R  R  R  R  ^  L  L  L  L  L  L  ^  L  L  L  ^  L  ^  L  L  <  L  
R  R  R  R  R  R  R  R  R  ^  ^  L  L  L  L  L  L  L  ^  L  <  L  ^  L  ^  L  L  <  
Total actions tested : 40
Correct actions (%) : 5.00
Avg angular diffs   : 99.00
