arguments: 28 26 3 0.0327869 0.0758197 -0.0717213 -0.819672
loading features...

Initializing gridworld of size 28 by 22..
    Num states: 616
    Num actions: 8
recovered reward
-0.82, -0.82, -0.81, -0.80, -0.81, -0.82, -0.82, -0.82, -0.82, -1.02, -0.82, -0.82, -0.82, -1.03, -0.82, -0.82, -0.82, -1.03, -0.82, -0.82, -1.04, -0.82, -1.05, -0.82, -0.82, -1.06, -0.82, -0.82, 
-1.00, -0.82, -0.80, -0.97, -0.80, -0.80, -0.99, -0.78, -0.80, -0.82, -0.82, -0.82, -0.82, -0.82, -0.82, -0.82, -0.81, -0.80, -0.81, -0.82, -0.82, -0.82, -0.82, -0.82, -0.82, -0.82, -0.82, -0.82, 
-0.82, -0.80, -0.77, -0.78, -0.81, -0.79, -0.77, -0.74, -0.78, -0.82, -0.82, -0.82, -0.82, -0.82, -0.82, -0.82, -0.80, -0.79, -0.80, -0.82, -0.82, -0.82, -0.82, -0.82, -0.82, -0.82, -0.82, -0.82, 
-0.99, -0.78, -0.74, -0.78, -0.81, -0.80, -0.79, -0.78, -0.80, -0.82, -0.82, -0.82, -0.80, -0.78, -0.80, -0.80, -0.77, -0.78, -0.81, -0.82, -0.82, -0.82, -0.82, -0.82, -0.82, -0.82, -0.82, -0.82, 
-0.82, -0.80, -0.78, -0.80, -0.82, -0.82, -0.82, -0.82, -0.80, -0.78, -0.80, -0.82, -0.78, -0.74, -0.78, -0.78, -0.74, -0.78, -0.82, -0.82, -0.82, -0.82, -0.82, -0.82, -0.82, -0.82, -0.98, -0.82, 
-0.82, -0.82, -0.82, -0.82, -0.82, -0.82, -0.82, -0.82, -0.78, -0.74, -0.78, -0.82, -0.80, -0.78, -0.79, -0.78, -0.77, -0.80, -0.82, -0.82, -0.82, -0.82, -0.82, -0.82, -0.82, -0.82, -0.82, -0.82, 
-0.81, -0.80, -0.81, -0.82, -0.82, -0.82, -0.82, -0.82, -0.80, -0.78, -0.80, -0.82, -0.82, -0.82, -0.80, -0.79, -0.80, -0.82, -0.82, -0.82, -0.82, -0.82, -0.82, -0.82, -0.82, -0.82, -0.82, -0.82, 
-0.80, -0.79, -0.80, -0.82, -0.82, -0.81, -0.80, -0.79, -0.78, -0.80, -0.82, -0.82, -0.82, -0.82, -0.81, -0.80, -0.81, -0.82, -0.82, -0.82, -0.82, -0.82, -0.82, -0.82, -0.82, -0.82, -0.98, -0.82, 
-0.81, -0.80, -0.81, -0.82, -0.82, -0.80, -0.79, -0.77, -0.74, -0.78, -0.81, -0.80, -0.81, -0.82, -0.82, -0.82, -0.82, -0.82, -0.82, -0.82, -0.80, -0.78, -0.80, -0.82, -0.82, -0.82, -0.82, -0.82, 
-0.82, -0.82, -0.82, -0.82, -0.82, -0.81, -0.80, -0.79, -0.78, -0.80, -0.92, -0.79, -0.80, -0.82, -0.91, -0.78, -0.80, -0.92, -0.82, -0.82, -0.87, -0.74, -0.78, -0.91, -0.82, -0.82, -0.82, -0.82, 
-0.82, -0.82, -0.82, -0.82, -0.82, -0.82, -0.82, -0.82, -0.82, -0.82, -0.81, -0.80, -0.81, -0.82, -0.78, -0.74, -0.78, -0.82, -0.82, -0.82, -0.80, -0.78, -0.80, -0.82, -0.82, -0.82, -0.97, -0.82, 
-0.82, -0.82, -0.82, -0.82, -0.82, -0.82, -0.81, -0.93, -0.81, -0.82, -0.82, -0.82, -0.82, -0.82, -0.80, -0.78, -0.80, -0.82, -0.82, -0.82, -0.82, -0.82, -0.82, -0.82, -0.82, -0.82, -0.82, -0.82, 
-0.82, -0.82, -0.82, -0.82, -0.82, -0.82, -0.80, -0.79, -0.80, -0.82, -0.82, -0.81, -0.80, -0.81, -0.80, -0.78, -0.80, -0.82, -0.82, -0.82, -0.82, -0.82, -0.82, -0.82, -0.82, -0.82, -0.82, -0.82, 
-0.96, -0.82, -0.82, -0.96, -0.82, -0.82, -0.94, -0.80, -0.81, -0.82, -0.82, -0.80, -0.79, -0.80, -0.78, -0.74, -0.78, -0.82, -0.82, -0.82, -0.82, -0.82, -0.82, -0.82, -0.82, -0.82, -0.89, -0.82, 
-0.82, -0.82, -0.82, -0.82, -0.82, -0.82, -0.82, -0.82, -0.82, -0.82, -0.82, -0.81, -0.80, -0.81, -0.80, -0.78, -0.80, -0.82, -0.82, -0.82, -0.82, -0.82, -0.82, -0.82, -0.82, -0.82, -0.82, -0.82, 
-0.82, -0.82, -0.82, -0.82, -0.82, -0.82, -0.82, -0.82, -0.82, -0.82, -0.82, -0.82, -0.82, -0.82, -0.82, -0.82, -0.80, -0.78, -0.80, -0.82, -0.82, -0.82, -0.82, -0.82, -0.82, -0.82, -0.82, -0.82, 
-0.82, -0.82, -0.82, -0.82, -0.82, -0.82, -0.82, -0.82, -0.82, -0.82, -0.82, -0.82, -0.82, -0.80, -0.78, -0.80, -0.78, -0.74, -0.78, -0.82, -0.82, -0.82, -0.82, -0.82, -0.82, -0.82, -0.88, -0.82, 
-0.82, -0.82, -0.82, -0.82, -0.82, -0.82, -0.82, -0.82, -0.82, -0.82, -0.82, -0.81, -0.80, -0.77, -0.74, -0.78, -0.80, -0.78, -0.80, -0.77, -0.78, -0.81, -0.82, -0.82, -0.82, -0.82, -0.82, -0.82, 
-0.82, -0.82, -0.82, -0.82, -0.82, -0.82, -0.82, -0.82, -0.82, -0.82, -0.82, -0.80, -0.79, -0.78, -0.78, -0.80, -0.82, -0.82, -0.78, -0.73, -0.75, -0.80, -0.82, -0.82, -0.88, -0.82, -0.82, -0.82, 
-0.82, -0.82, -0.83, -0.82, -0.82, -0.83, -0.82, -0.82, -0.84, -0.82, -0.82, -0.84, -0.80, -0.81, -0.86, -0.82, -0.82, -0.86, -0.80, -0.77, -0.83, -0.81, -0.82, -0.82, -0.82, -0.82, -0.82, -0.82, 
-0.82, -0.82, -0.82, -0.82, -0.82, -0.82, -0.82, -0.82, -0.82, -0.82, -0.82, -0.82, -0.82, -0.82, -0.82, -0.82, -0.82, -0.82, -0.82, -0.82, -0.82, -0.82, -0.82, -0.82, -0.82, -0.82, -0.82, -0.82, 
-0.82, -0.82, -0.82, -0.82, -0.82, -0.82, -0.82, -0.82, -0.82, -0.82, -0.82, -0.82, -0.82, -0.82, -0.82, -0.82, -0.82, -0.82, -0.82, -0.82, -0.82, -0.82, -0.82, -0.82, -0.82, -0.82, -0.82, -0.82, 
-- optimal policy --
r  r  >  r  r  v  r  v  l  l  l  l  l  r  r  r  r  v  l  l  l  l  l  l  l  l  l  l  
r  r  v  >  r  r  r  v  l  l  l  l  v  v  r  r  r  v  l  l  l  l  l  l  l  l  v  l  
r  r  v  l  >  >  >  <  <  <  <  l  r  v  l  r  v  l  l  <  <  <  l  l  l  r  v  l  
>  >  ^  <  R  R  R  ^  L  L  l  l  r  v  l  r  v  l  l  L  <  l  l  l  v  l  l  v  
R  R  ^  L  R  R  R  ^  L  v  l  l  >  r  <  >  v  <  <  L  l  l  l  v  v  l  l  l  
R  R  ^  L  R  R  r  >  >  v  <  <  R  r  r  v  l  L  L  l  l  l  v  v  l  l  l  l  
R  R  ^  r  r  r  r  r  v  l  L  L  r  r  r  v  l  l  l  l  l  r  v  l  l  l  l  <  
R  ^  L  r  r  r  r  r  v  l  l  r  v  r  v  v  v  l  l  l  r  v  l  l  l  l  l  l  
R  ^  >  r  >  >  >  >  <  <  <  r  r  >  r  v  l  l  <  l  r  v  l  l  <  l  l  l  
R  R  r  >  R  R  R  R  ^  L  L  r  r  r  r  v  l  l  l  l  >  v  <  <  l  l  l  v  
R  r  >  R  R  R  R  R  ^  L  r  r  r  r  >  v  <  l  l  l  l  l  l  l  l  l  l  l  
r  >  R  R  R  R  R  ^  L  r  r  r  r  r  r  v  l  l  l  l  l  l  l  l  v  l  l  l  
>  R  R  R  R  R  ^  L  r  r  r  r  r  r  r  v  l  l  l  l  l  l  l  v  l  l  l  <  
R  R  R  R  R  R  R  r  r  r  r  >  >  >  >  v  <  l  l  l  l  l  v  l  l  l  l  l  
R  R  ^  R  R  >  R  r  r  r  r  r  R  R  R  r  r  v  l  l  l  v  l  l  l  l  l  l  
R  ^  R  R  >  R  r  >  r  r  r  r  r  r  R  r  r  v  l  l  v  l  l  l  l  l  l  <  
^  R  R  >  R  r  >  r  r  r  r  r  r  r  v  >  >  r  r  v  l  l  l  l  l  l  l  l  
R  R  >  R  r  r  r  >  r  r  r  r  >  >  >  R  R  r  r  v  l  l  l  l  l  <  l  l  
R  >  R  r  >  r  r  >  >  r  >  >  R  R  ^  R  R  >  >  >  <  <  <  <  l  l  l  <  
>  R  r  >  r  r  r  r  r  >  R  R  R  R  ^  R  R  R  R  ^  L  L  L  L  <  <  l  l  
R  r  >  R  >  r  r  r  >  R  R  R  ^  L  R  R  >  R  R  ^  L  ^  L  L  L  L  <  <  
>  >  R  >  >  >  >  >  R  R  R  ^  L  R  R  >  R  R  ^  ^  ^  L  ^  L  L  L  L  <  
Correct actions (%) : 7.83
Avg angular diffs   : 86.87
