arguments: 28 41 4 0 -0.875 0 -0.125
loading features...

Initializing gridworld of size 28 by 22..
    Num states: 616
    Num actions: 8
recovered reward
-0.12, -0.12, -0.12, -0.12, -0.12, -0.12, -0.12, -0.12, -0.12, -0.12, -0.12, -0.12, -0.12, -0.12, -0.12, -0.12, -0.12, -0.12, -0.12, -0.12, -0.12, -0.12, -0.12, -0.12, -0.12, -0.12, -0.12, -0.12, 
-0.12, -0.12, -0.12, -0.12, -0.12, -0.12, -0.12, -0.12, -0.12, -0.12, -0.12, -0.12, -0.12, -0.12, -0.12, -0.12, -0.34, -0.56, -0.34, -0.12, -0.12, -0.34, -0.56, -0.34, -0.12, -0.12, -0.12, -0.12, 
-0.12, -0.12, -0.12, -0.12, -0.12, -0.12, -0.12, -0.12, -0.12, -0.12, -0.12, -0.12, -0.12, -0.12, -0.12, -0.12, -0.56, -1.00, -0.56, -0.12, -0.12, -0.56, -1.00, -0.56, -0.12, -0.12, -0.12, -0.12, 
-0.12, -0.12, -0.12, -0.12, -0.12, -0.12, -0.12, -0.12, -0.34, -0.56, -0.34, -0.12, -0.12, -0.12, -0.12, -0.12, -0.34, -0.56, -0.34, -0.34, -0.12, -0.34, -0.56, -0.34, -0.12, -0.12, -0.12, -0.12, 
-0.12, -0.12, -0.12, -0.12, -0.12, -0.12, -0.12, -0.12, -0.56, -1.00, -0.56, -0.12, -0.12, -0.12, -0.12, -0.12, -0.12, -0.56, -1.00, -0.56, -0.12, -0.12, -0.12, -0.12, -0.12, -0.12, -0.12, -0.12, 
-0.12, -0.12, -0.12, -0.12, -0.12, -0.12, -0.12, -0.12, -0.34, -0.56, -0.34, -0.12, -0.12, -0.12, -0.12, -0.12, -0.12, -0.34, -0.56, -0.34, -0.12, -0.12, -0.34, -0.56, -0.34, -0.12, -0.12, -0.12, 
-0.12, -0.12, -0.12, -0.12, -0.12, -0.12, -0.12, -0.12, -0.12, -0.12, -0.12, -0.12, -0.12, -0.12, -0.12, -0.12, -0.12, -0.12, -0.12, -0.12, -0.12, -0.12, -0.56, -1.00, -0.56, -0.12, -0.12, -0.12, 
-0.12, -0.12, -0.12, -0.12, -0.12, -0.12, -0.12, -0.34, -0.56, -0.34, -0.12, -0.12, -0.12, -0.12, -0.12, -0.12, -0.12, -0.12, -0.12, -0.12, -0.12, -0.12, -0.34, -0.56, -0.34, -0.12, -0.12, -0.12, 
-0.12, -0.12, -0.12, -0.12, -0.12, -0.12, -0.12, -0.56, -1.00, -0.56, -0.56, -0.34, -0.12, -0.12, -0.12, -0.12, -0.12, -0.12, -0.12, -0.12, -0.12, -0.12, -0.12, -0.12, -0.12, -0.12, -0.12, -0.12, 
-0.12, -0.12, -0.12, -0.12, -0.12, -0.12, -0.12, -0.34, -0.56, -0.34, -1.00, -0.56, -0.12, -0.12, -0.12, -0.12, -0.12, -0.12, -0.12, -0.12, -0.12, -0.12, -0.12, -0.12, -0.12, -0.12, -0.12, -0.12, 
-0.12, -0.12, -0.12, -0.12, -0.12, -0.12, -0.12, -0.12, -0.12, -0.34, -0.56, -0.34, -0.12, -0.12, -0.12, -0.12, -0.12, -0.12, -0.12, -0.12, -0.12, -0.12, -0.12, -0.12, -0.12, -0.12, -0.12, -0.12, 
-0.12, -0.12, -0.12, -0.12, -0.12, -0.12, -0.12, -0.12, -0.12, -0.12, -0.12, -0.12, -0.12, -0.12, -0.12, -0.12, -0.12, -0.12, -0.12, -0.12, -0.12, -0.12, -0.12, -0.12, -0.12, -0.12, -0.12, -0.12, 
-0.12, -0.12, -0.12, -0.12, -0.34, -0.56, -0.34, -0.12, -0.12, -0.12, -0.12, -0.12, -0.12, -0.34, -0.56, -0.34, -0.12, -0.12, -0.12, -0.12, -0.12, -0.12, -0.12, -0.12, -0.12, -0.12, -0.12, -0.12, 
-0.12, -0.34, -0.56, -0.34, -0.56, -1.00, -0.56, -0.12, -0.12, -0.12, -0.12, -0.12, -0.12, -0.56, -1.00, -0.56, -0.12, -0.12, -0.12, -0.12, -0.12, -0.12, -0.12, -0.12, -0.12, -0.12, -0.12, -0.12, 
-0.12, -0.56, -1.00, -0.56, -0.34, -0.56, -0.34, -0.12, -0.12, -0.12, -0.12, -0.12, -0.12, -0.34, -0.56, -0.34, -0.12, -0.12, -0.12, -0.12, -0.12, -0.12, -0.12, -0.12, -0.12, -0.12, -0.12, -0.12, 
-0.12, -0.34, -0.56, -0.34, -0.12, -0.12, -0.12, -0.12, -0.12, -0.12, -0.12, -0.12, -0.12, -0.12, -0.12, -0.12, -0.12, -0.12, -0.12, -0.12, -0.12, -0.12, -0.12, -0.12, -0.12, -0.12, -0.12, -0.12, 
-0.12, -0.12, -0.12, -0.12, -0.12, -0.12, -0.12, -0.12, -0.12, -0.12, -0.12, -0.12, -0.12, -0.12, -0.12, -0.12, -0.12, -0.34, -0.56, -0.34, -0.12, -0.12, -0.12, -0.12, -0.12, -0.12, -0.12, -0.12, 
-0.12, -0.12, -0.12, -0.12, -0.12, -0.12, -0.12, -0.12, -0.34, -0.56, -0.34, -0.12, -0.12, -0.12, -0.12, -0.12, -0.12, -0.56, -1.00, -0.56, -0.12, -0.12, -0.12, -0.12, -0.12, -0.12, -0.12, -0.12, 
-0.12, -0.12, -0.12, -0.12, -0.12, -0.12, -0.12, -0.12, -0.56, -1.00, -0.56, -0.12, -0.12, -0.12, -0.12, -0.12, -0.12, -0.34, -0.56, -0.34, -0.12, -0.12, -0.12, -0.12, -0.12, -0.12, -0.12, -0.12, 
-0.12, -0.12, -0.12, -0.12, -0.12, -0.12, -0.12, -0.12, -0.34, -0.56, -0.34, -0.12, -0.12, -0.12, -0.12, -0.12, -0.12, -0.12, -0.12, -0.12, -0.12, -0.12, -0.12, -0.12, -0.12, -0.12, -0.12, -0.12, 
-0.12, -0.12, -0.12, -0.12, -0.12, -0.12, -0.12, -0.12, -0.12, -0.12, -0.12, -0.12, -0.12, -0.12, -0.12, -0.12, -0.12, -0.12, -0.12, -0.12, -0.12, -0.12, -0.12, -0.12, -0.12, -0.12, -0.12, -0.12, 
-0.12, -0.12, -0.12, -0.12, -0.12, -0.12, -0.12, -0.12, -0.12, -0.12, -0.12, -0.12, -0.12, -0.12, -0.12, -0.12, -0.12, -0.12, -0.12, -0.12, -0.12, -0.12, -0.12, -0.12, -0.12, -0.12, -0.12, -0.12, 
-- optimal policy --
r  <  >  >  ^  <  >  R  ^  R  ^  R  >  >  L  L  <  >  >  >  >  >  >  ^  <  R  L  <  
<  r  <  ^  ^  L  R  ^  ^  R  ^  ^  ^  ^  L  ^  L  R  R  R  R  R  R  ^  L  ^  ^  L  
v  ^  v  <  v  v  l  v  l  <  r  v  v  r  v  v  l  l  >  r  v  l  r  r  v  v  v  v  
L  v  l  <  v  l  v  v  l  L  r  v  v  >  r  v  v  l  R  >  r  r  r  r  v  v  v  v  
^  l  <  L  l  v  v  v  l  l  r  v  l  v  >  r  v  l  r  r  v  >  >  >  r  v  v  v  
l  ^  L  l  v  v  v  v  l  r  v  l  v  v  R  >  r  r  r  r  v  R  R  R  r  v  v  v  
<  <  v  <  v  v  v  l  <  >  r  v  v  v  v  v  >  >  >  >  r  v  l  r  >  r  v  v  
^  L  v  v  v  v  l  <  L  >  >  r  v  v  v  v  v  >  >  >  >  r  r  v  >  >  r  v  
L  <  v  v  v  l  <  L  r  R  R  r  v  v  v  v  v  v  >  >  r  v  v  v  R  R  >  r  
L  <  v  v  l  <  v  v  l  l  <  r  v  v  v  l  r  v  v  r  v  r  v  v  v  R  R  ^  
^  L  v  l  <  L  v  v  v  v  l  v  v  v  l  <  >  r  v  v  r  v  r  v  v  v  v  v  
v  v  l  <  L  >  r  v  v  v  v  v  v  l  <  L  v  >  r  v  v  r  v  r  v  v  v  v  
v  l  <  L  R  R  r  v  v  v  v  v  v  l  L  r  v  v  >  r  v  v  r  v  r  v  v  v  
v  l  L  L  L  l  r  v  v  l  r  v  v  l  l  r  v  v  v  >  r  v  >  r  >  r  r  v  
<  <  L  r  r  r  v  v  l  <  >  r  v  l  v  l  v  l  r  v  >  r  >  >  >  >  >  R  
l  <  v  >  >  r  v  l  <  L  >  >  r  v  l  v  l  <  >  r  v  v  v  ^  R  R  >  >  
<  <  v  l  l  v  l  <  L  >  >  >  r  v  v  l  v  l  R  r  v  v  v  v  l  >  >  R  
^  L  r  v  l  v  <  L  l  R  r  v  >  r  v  v  v  l  l  >  r  v  v  l  <  v  >  v  
<  <  >  r  v  l  <  l  <  r  r  v  l  ^  r  v  l  r  v  l  r  v  l  ^  v  l  >  >  
r  v  R  ^  r  v  l  <  r  r  v  l  ^  >  r  v  v  v  l  v  v  l  <  >  r  v  v  ^  
v  l  <  >  v  v  <  >  >  v  l  v  l  <  >  r  >  l  l  >  l  ^  L  >  >  v  v  v  
L  ^  L  R  >  v  <  R  >  l  ^  l  <  L  R  v  >  r  ^  l  ^  l  <  >  >  >  l  R  
Correct actions (%) : 16.03
Avg angular diffs   : 90.69
