arguments: 28 5 4 -0.218085 -0.223404 0.0265957 -0.531915

Initializing gridworld of size 28 by 22..
    Num states: 616
    Num actions: 8
recovered reward
-0.53, -0.53, -0.53, -0.53, -0.53, -0.53, -0.53, -0.53, -0.53, -0.53, -0.53, -0.53, -0.53, -0.53, -0.53, -0.53, -0.53, -0.53, -0.53, -0.53, -0.53, -0.53, -0.53, -0.53, -0.53, -0.53, -0.53, -0.53, 
-0.53, -0.53, -0.53, -0.53, -0.53, -0.53, -0.53, -0.53, -0.53, -0.53, -0.53, -0.53, -0.53, -0.53, -0.53, -0.53, -0.53, -0.53, -0.53, -0.53, -0.53, -0.53, -0.53, -0.53, -0.53, -0.53, -0.53, -0.53, 
-0.53, -0.53, -0.53, -0.53, -0.53, -0.53, -0.53, -0.53, -0.53, -0.53, -0.53, -0.53, -0.53, -0.53, -0.53, -0.53, -0.53, -0.53, -0.53, -0.53, -0.53, -0.53, -0.53, -0.53, -0.53, -0.53, -0.53, -0.53, 
-0.53, -0.53, -0.53, -0.53, -0.53, -0.53, -0.53, -0.53, -0.53, -0.53, -0.53, -0.53, -0.53, -0.53, -0.53, -0.53, -0.53, -0.53, -0.53, -0.53, -0.53, -0.53, -0.53, -0.53, -0.53, -0.53, -0.53, -0.53, 
-0.53, -0.53, -0.53, -0.53, -0.53, -0.53, -0.53, -0.53, -0.53, -0.53, -0.53, -0.53, -0.53, -0.53, -0.53, -0.53, -0.53, -0.53, -0.53, -0.53, -0.53, -0.53, -0.53, -0.53, -0.53, -0.53, -0.53, -0.53, 
-0.53, -0.53, -0.53, -0.53, -0.53, -0.53, -0.53, -0.53, -0.53, -0.53, -0.53, -0.53, -0.53, -0.53, -0.53, -0.53, -0.53, -0.53, -0.53, -0.53, -0.53, -0.53, -0.53, -0.53, -0.53, -0.53, -0.53, -0.53, 
-0.53, -0.53, -0.53, -0.53, -0.53, -0.53, -0.53, -0.53, -0.53, -0.53, -0.53, -0.53, -0.53, -0.53, -0.53, -0.53, -0.53, -0.53, -0.53, -0.53, -0.53, -0.53, -0.53, -0.53, -0.53, -0.53, -0.53, -0.53, 
-0.53, -0.53, -0.53, -0.53, -0.53, -0.53, -0.53, -0.53, -0.53, -0.53, -0.53, -0.53, -0.53, -0.53, -0.53, -0.53, -0.53, -0.53, -0.53, -0.53, -0.53, -0.53, -0.53, -0.53, -0.53, -0.53, -0.53, -0.53, 
-0.53, -0.53, -0.53, -0.53, -0.53, -0.53, -0.53, -0.53, -0.53, -0.53, -0.53, -0.53, -0.53, -0.53, -0.53, -0.53, -0.53, -0.53, -0.53, -0.53, -0.53, -0.53, -0.53, -0.53, -0.53, -0.53, -0.53, -0.53, 
-0.53, -0.53, -0.53, -0.53, -0.53, -0.53, -0.53, -0.53, -0.53, -0.53, -0.53, -0.53, -0.53, -0.53, -0.53, -0.53, -0.53, -0.53, -0.53, -0.53, -0.53, -0.53, -0.53, -0.53, -0.53, -0.53, -0.53, -0.53, 
-0.53, -0.53, -0.53, -0.53, -0.53, -0.53, -0.53, -0.53, -0.53, -0.53, -0.53, -0.53, -0.53, -0.53, -0.53, -0.53, -0.53, -0.53, -0.53, -0.53, -0.53, -0.53, -0.53, -0.53, -0.53, -0.53, -0.53, -0.53, 
-0.53, -0.53, -0.53, -0.53, -0.53, -0.53, -0.53, -0.53, -0.53, -0.53, -0.53, -0.53, -0.53, -0.53, -0.53, -0.53, -0.53, -0.53, -0.53, -0.53, -0.53, -0.53, -0.53, -0.53, -0.53, -0.53, -0.53, -0.53, 
-0.53, -0.53, -0.53, -0.53, -0.53, -0.53, -0.53, -0.53, -0.53, -0.53, -0.53, -0.53, -0.53, -0.53, -0.53, -0.53, -0.53, -0.53, -0.53, -0.53, -0.53, -0.53, -0.53, -0.53, -0.53, -0.53, -0.53, -0.53, 
-0.53, -0.53, -0.53, -0.53, -0.53, -0.53, -0.53, -0.53, -0.53, -0.53, -0.53, -0.53, -0.53, -0.53, -0.53, -0.53, -0.53, -0.53, -0.53, -0.53, -0.53, -0.53, -0.53, -0.53, -0.53, -0.53, -0.53, -0.53, 
-0.53, -0.53, -0.53, -0.53, -0.53, -0.53, -0.53, -0.53, -0.53, -0.53, -0.53, -0.53, -0.53, -0.53, -0.53, -0.53, -0.53, -0.53, -0.53, -0.53, -0.53, -0.53, -0.53, -0.53, -0.53, -0.53, -0.53, -0.53, 
-0.53, -0.53, -0.53, -0.53, -0.53, -0.53, -0.53, -0.53, -0.53, -0.53, -0.53, -0.53, -0.53, -0.53, -0.53, -0.53, -0.53, -0.53, -0.53, -0.53, -0.53, -0.53, -0.53, -0.53, -0.53, -0.53, -0.53, -0.53, 
-0.53, -0.53, -0.53, -0.53, -0.53, -0.53, -0.53, -0.53, -0.53, -0.53, -0.53, -0.53, -0.53, -0.53, -0.53, -0.53, -0.53, -0.53, -0.53, -0.53, -0.53, -0.53, -0.53, -0.53, -0.53, -0.53, -0.53, -0.53, 
-0.53, -0.53, -0.53, -0.53, -0.53, -0.53, -0.53, -0.53, -0.53, -0.53, -0.53, -0.53, -0.53, -0.53, -0.53, -0.53, -0.53, -0.53, -0.53, -0.53, -0.53, -0.53, -0.53, -0.53, -0.53, -0.53, -0.53, -0.53, 
-0.53, -0.53, -0.53, -0.53, -0.53, -0.53, -0.53, -0.53, -0.53, -0.53, -0.53, -0.53, -0.53, -0.53, -0.53, -0.53, -0.53, -0.53, -0.53, -0.53, -0.53, -0.53, -0.53, -0.53, -0.53, -0.53, -0.53, -0.53, 
-0.53, -0.53, -0.53, -0.53, -0.53, -0.53, -0.53, -0.53, -0.53, -0.53, -0.53, -0.53, -0.53, -0.53, -0.53, -0.53, -0.53, -0.53, -0.53, -0.53, -0.53, -0.53, -0.53, -0.53, -0.53, -0.53, -0.53, -0.53, 
-0.53, -0.53, -0.53, -0.53, -0.53, -0.53, -0.53, -0.53, -0.53, -0.53, -0.53, -0.53, -0.53, -0.53, -0.53, -0.53, -0.53, -0.53, -0.53, -0.53, -0.53, -0.53, -0.53, -0.53, -0.53, -0.53, -0.53, -0.53, 
-0.53, -0.53, -0.53, -0.53, -0.53, -0.53, -0.53, -0.53, -0.53, -0.53, -0.53, -0.53, -0.53, -0.53, -0.53, -0.53, -0.53, -0.53, -0.53, -0.53, -0.53, -0.53, -0.53, -0.53, -0.53, -0.53, -0.53, -0.53, 
-- optimal policy --
>  l  <  ^  <  >  >  >  >  ^  <  >  >  ^  R  L  >  R  <  ^  >  ^  ^  <  L  <  r  l  
<  L  L  ^  L  R  R  R  ^  ^  L  R  R  ^  ^  ^  L  ^  L  ^  ^  ^  ^  L  ^  >  >  r  
^  L  l  <  v  v  v  v  l  <  v  v  v  v  l  v  >  r  v  r  v  >  r  v  R  R  ^  ^  
v  l  <  L  l  v  v  l  <  L  l  v  v  l  <  r  v  >  r  v  r  R  >  r  v  >  r  v  
<  <  L  l  v  v  l  <  L  l  <  v  l  <  L  >  r  >  >  r  >  r  v  >  >  >  >  >  
^  L  l  <  v  l  <  L  l  <  L  l  <  L  >  >  >  >  >  >  >  >  r  R  ^  R  R  ^  
v  l  <  L  l  <  L  l  <  L  l  <  L  r  v  v  ^  R  R  ^  R  R  >  >  r  v  v  v  
<  <  L  l  <  L  l  <  L  v  l  <  r  v  r  v  v  v  v  >  r  R  R  >  >  r  v  v  
^  L  l  <  v  v  <  L  r  v  v  v  v  l  >  r  v  l  r  R  >  r  R  >  >  >  v  r  
v  l  <  L  v  l  <  r  v  r  v  v  v  v  v  >  r  v  v  r  R  >  r  v  >  >  >  >  
l  <  L  v  v  <  L  >  r  v  r  v  v  v  v  v  >  r  v  v  r  v  >  r  v  R  ^  r  
^  L  v  v  l  <  v  v  >  r  v  r  v  v  v  v  v  v  r  v  v  r  v  >  r  v  R  ^  
L  <  v  l  <  L  v  v  v  >  r  v  r  v  v  v  v  v  v  r  v  v  r  >  >  v  v  l  
r  L  l  <  L  v  v  v  v  v  >  r  v  r  v  v  v  v  v  >  r  v  v  >  >  >  v  ^  
^  l  ^  L  v  v  l  r  v  v  v  >  r  v  r  v  v  v  l  v  >  r  v  v  R  ^  l  >  
l  ^  L  v  l  l  v  v  r  v  l  v  >  r  v  l  >  v  <  v  v  >  >  >  >  >  >  r  
l  <  v  l  v  v  v  v  v  l  <  r  v  >  r  v  l  l  r  v  v  l  ^  ^  R  ^  L  L  
^  L  l  <  v  v  v  v  v  l  r  >  r  v  >  r  v  l  >  >  r  v  l  v  >  >  r  R  
v  l  <  v  r  v  v  v  l  v  v  v  >  r  r  v  l  <  ^  ^  ^  r  v  l  R  >  >  r  
v  <  L  v  v  r  v  l  <  v  v  v  R  ^  >  r  ^  L  v  >  r  v  l  <  v  >  r  <  
l  <  v  l  r  v  l  <  >  r  v  l  <  R  R  >  r  <  l  <  >  v  ^  v  l  R  ^  R  
l  <  r  <  >  v  ^  L  >  >  r  <  L  >  >  v  l  v  <  L  >  r  <  l  <  L  R  ^  
