arguments: 28 8 3 0.0310081 0.386848 0.147772 -0.434371

Initializing gridworld of size 28 by 22..
    Num states: 616
    Num actions: 8
recovered reward
-0.43, -0.43, -0.43, -0.43, -0.43, -0.43, -0.43, -0.43, -0.43, -0.43, -0.43, -0.43, -0.43, -0.43, -0.43, -0.43, -0.43, -0.43, -0.43, -0.43, -0.43, -0.43, -0.43, -0.43, -0.43, -0.43, -0.43, -0.43, 
-0.43, -0.43, -0.43, -0.43, -0.43, -0.43, -0.43, -0.43, -0.43, -0.43, -0.43, -0.43, -0.43, -0.43, -0.43, -0.43, -0.43, -0.43, -0.43, -0.43, -0.43, -0.43, -0.43, -0.43, -0.43, -0.43, -0.43, -0.43, 
-0.43, -0.43, -0.43, -0.43, -0.43, -0.43, -0.43, -0.43, -0.43, -0.43, -0.43, -0.43, -0.43, -0.43, -0.43, -0.43, -0.43, -0.43, -0.43, -0.43, -0.43, -0.43, -0.43, -0.43, -0.43, -0.43, -0.43, -0.43, 
-0.43, -0.43, -0.43, -0.43, -0.43, -0.43, -0.43, -0.43, -0.43, -0.43, -0.43, -0.43, -0.43, -0.43, -0.43, -0.43, -0.43, -0.43, -0.43, -0.43, -0.43, -0.43, -0.43, -0.43, -0.43, -0.43, -0.43, -0.43, 
-0.43, -0.43, -0.43, -0.43, -0.43, -0.43, -0.43, -0.43, -0.43, -0.43, -0.43, -0.43, -0.43, -0.43, -0.43, -0.43, -0.43, -0.43, -0.43, -0.43, -0.43, -0.43, -0.43, -0.43, -0.43, -0.43, -0.43, -0.43, 
-0.43, -0.43, -0.43, -0.43, -0.43, -0.43, -0.43, -0.43, -0.43, -0.43, -0.43, -0.43, -0.43, -0.43, -0.43, -0.43, -0.43, -0.43, -0.43, -0.43, -0.43, -0.43, -0.43, -0.43, -0.43, -0.43, -0.43, -0.43, 
-0.43, -0.43, -0.43, -0.43, -0.43, -0.43, -0.43, -0.43, -0.43, -0.43, -0.43, -0.43, -0.43, -0.43, -0.43, -0.43, -0.43, -0.43, -0.43, -0.43, -0.43, -0.43, -0.43, -0.43, -0.43, -0.43, -0.43, -0.43, 
-0.43, -0.43, -0.43, -0.43, -0.43, -0.43, -0.43, -0.43, -0.43, -0.43, -0.43, -0.43, -0.43, -0.43, -0.43, -0.43, -0.43, -0.43, -0.43, -0.43, -0.43, -0.43, -0.43, -0.43, -0.43, -0.43, -0.43, -0.43, 
-0.43, -0.43, -0.43, -0.43, -0.43, -0.43, -0.43, -0.43, -0.43, -0.43, -0.43, -0.43, -0.43, -0.43, -0.43, -0.43, -0.43, -0.43, -0.43, -0.43, -0.43, -0.43, -0.43, -0.43, -0.43, -0.43, -0.43, -0.43, 
-0.43, -0.43, -0.43, -0.43, -0.43, -0.43, -0.43, -0.43, -0.43, -0.43, -0.43, -0.43, -0.43, -0.43, -0.43, -0.43, -0.43, -0.43, -0.43, -0.43, -0.43, -0.43, -0.43, -0.43, -0.43, -0.43, -0.43, -0.43, 
-0.43, -0.43, -0.43, -0.43, -0.43, -0.43, -0.43, -0.43, -0.43, -0.43, -0.43, -0.43, -0.43, -0.43, -0.43, -0.43, -0.43, -0.43, -0.43, -0.43, -0.43, -0.43, -0.43, -0.43, -0.43, -0.43, -0.43, -0.43, 
-0.43, -0.43, -0.43, -0.43, -0.43, -0.43, -0.43, -0.43, -0.43, -0.43, -0.43, -0.43, -0.43, -0.43, -0.43, -0.43, -0.43, -0.43, -0.43, -0.43, -0.43, -0.43, -0.43, -0.43, -0.43, -0.43, -0.43, -0.43, 
-0.43, -0.43, -0.43, -0.43, -0.43, -0.43, -0.43, -0.43, -0.43, -0.43, -0.43, -0.43, -0.43, -0.43, -0.43, -0.43, -0.43, -0.43, -0.43, -0.43, -0.43, -0.43, -0.43, -0.43, -0.43, -0.43, -0.43, -0.43, 
-0.43, -0.43, -0.43, -0.43, -0.43, -0.43, -0.43, -0.43, -0.43, -0.43, -0.43, -0.43, -0.43, -0.43, -0.43, -0.43, -0.43, -0.43, -0.43, -0.43, -0.43, -0.43, -0.43, -0.43, -0.43, -0.43, -0.43, -0.43, 
-0.43, -0.43, -0.43, -0.43, -0.43, -0.43, -0.43, -0.43, -0.43, -0.43, -0.43, -0.43, -0.43, -0.43, -0.43, -0.43, -0.43, -0.43, -0.43, -0.43, -0.43, -0.43, -0.43, -0.43, -0.43, -0.43, -0.43, -0.43, 
-0.43, -0.43, -0.43, -0.43, -0.43, -0.43, -0.43, -0.43, -0.43, -0.43, -0.43, -0.43, -0.43, -0.43, -0.43, -0.43, -0.43, -0.43, -0.43, -0.43, -0.43, -0.43, -0.43, -0.43, -0.43, -0.43, -0.43, -0.43, 
-0.43, -0.43, -0.43, -0.43, -0.43, -0.43, -0.43, -0.43, -0.43, -0.43, -0.43, -0.43, -0.43, -0.43, -0.43, -0.43, -0.43, -0.43, -0.43, -0.43, -0.43, -0.43, -0.43, -0.43, -0.43, -0.43, -0.43, -0.43, 
-0.43, -0.43, -0.43, -0.43, -0.43, -0.43, -0.43, -0.43, -0.43, -0.43, -0.43, -0.43, -0.43, -0.43, -0.43, -0.43, -0.43, -0.43, -0.43, -0.43, -0.43, -0.43, -0.43, -0.43, -0.43, -0.43, -0.43, -0.43, 
-0.43, -0.43, -0.43, -0.43, -0.43, -0.43, -0.43, -0.43, -0.43, -0.43, -0.43, -0.43, -0.43, -0.43, -0.43, -0.43, -0.43, -0.43, -0.43, -0.43, -0.43, -0.43, -0.43, -0.43, -0.43, -0.43, -0.43, -0.43, 
-0.43, -0.43, -0.43, -0.43, -0.43, -0.43, -0.43, -0.43, -0.43, -0.43, -0.43, -0.43, -0.43, -0.43, -0.43, -0.43, -0.43, -0.43, -0.43, -0.43, -0.43, -0.43, -0.43, -0.43, -0.43, -0.43, -0.43, -0.43, 
-0.43, -0.43, -0.43, -0.43, -0.43, -0.43, -0.43, -0.43, -0.43, -0.43, -0.43, -0.43, -0.43, -0.43, -0.43, -0.43, -0.43, -0.43, -0.43, -0.43, -0.43, -0.43, -0.43, -0.43, -0.43, -0.43, -0.43, -0.43, 
-0.43, -0.43, -0.43, -0.43, -0.43, -0.43, -0.43, -0.43, -0.43, -0.43, -0.43, -0.43, -0.43, -0.43, -0.43, -0.43, -0.43, -0.43, -0.43, -0.43, -0.43, -0.43, -0.43, -0.43, -0.43, -0.43, -0.43, -0.43, 
-- optimal policy --
>  >  ^  <  >  L  R  >  ^  R  R  R  ^  <  >  >  >  >  >  ^  <  ^  <  v  >  >  R  r  
R  R  ^  L  R  ^  ^  ^  L  R  L  R  ^  L  R  R  ^  R  R  ^  L  ^  L  r  v  >  r  L  
v  v  l  <  v  v  v  l  v  v  >  >  r  v  r  v  r  v  >  >  >  >  >  >  r  R  ^  >  
v  l  <  L  r  v  l  <  v  l  v  >  >  r  v  r  v  r  v  >  >  >  >  >  >  >  >  R  
l  <  L  r  v  l  <  v  l  v  r  >  >  >  r  v  r  v  r  v  R  R  R  R  ^  R  ^  R  
L  <  v  v  l  <  L  v  v  v  v  v  >  >  >  r  v  r  v  r  v  v  >  >  >  r  R  r  
l  <  v  v  v  v  v  v  v  v  v  v  R  >  >  >  r  v  r  v  r  v  v  R  R  >  >  R  
^  L  v  v  v  v  v  v  v  v  v  v  v  v  >  >  >  r  v  r  v  r  v  >  r  v  R  ^  
v  v  v  v  v  v  v  v  v  v  v  v  v  v  v  >  >  >  r  >  r  >  r  >  >  r  v  R  
v  v  v  v  v  v  v  l  l  r  v  v  v  v  v  v  >  >  >  >  >  >  >  >  >  >  r  ^  
v  v  v  v  v  v  l  v  v  v  r  v  v  v  v  v  v  R  ^  R  ^  R  R  R  R  R  ^  r  
v  v  v  v  v  l  <  v  l  r  v  r  v  v  v  v  v  v  v  v  v  v  v  v  v  v  R  R  
v  v  v  v  l  <  v  l  v  v  r  v  r  v  v  v  v  v  v  v  l  v  v  v  v  v  R  ^  
v  v  v  l  <  v  v  v  v  v  v  r  v  r  v  v  v  v  v  l  v  r  v  v  v  v  v  v  
v  v  l  <  L  v  v  v  v  v  l  >  r  v  r  r  v  v  l  v  v  v  r  v  v  r  v  v  
v  l  <  L  r  v  l  r  v  l  v  >  >  r  v  >  r  r  v  v  v  l  >  r  v  >  r  v  
l  <  L  l  >  r  v  v  r  v  l  v  >  >  >  >  >  >  r  v  l  <  v  l  r  >  >  R  
^  L  l  <  >  >  >  r  v  l  v  v  v  R  ^  R  R  R  >  r  <  v  l  <  v  v  R  ^  
v  l  <  v  >  >  r  v  r  v  v  v  l  v  r  v  v  r  R  r  v  l  <  v  >  v  v  v  
L  <  v  l  <  ^  >  r  v  v  v  l  v  l  v  r  v  >  r  v  l  <  >  r  v  l  v  l  
v  v  l  <  L  >  >  >  >  >  r  v  l  <  r  v  v  l  >  v  ^  L  >  >  r  <  v  l  
v  l  <  L  R  R  R  R  ^  ^  L  l  <  >  >  l  l  <  >  v  <  R  R  R  ^  v  l  <  
