arguments: 28 35 4 0.0162602 -0.168699 0.00203252 -0.813008
loading features...

Initializing gridworld of size 28 by 22..
    Num states: 616
    Num actions: 8
recovered reward
-0.90, -0.98, -0.90, -0.81, -0.81, -0.81, -0.81, -0.81, -0.81, -0.81, -0.81, -0.81, -0.81, -0.81, -0.81, -0.81, -0.81, -0.81, -0.81, -0.81, -0.81, -0.81, -0.80, -0.81, -0.81, -0.81, -0.81, -0.81, 
-0.86, -0.90, -0.85, -0.80, -0.81, -0.81, -0.81, -0.80, -0.81, -0.81, -0.81, -0.81, -0.81, -0.81, -0.86, -0.90, -0.86, -0.81, -0.81, -0.81, -0.81, -0.80, -0.80, -0.80, -0.81, -0.81, -0.81, -0.81, 
-0.81, -0.81, -0.85, -0.88, -0.85, -0.81, -0.80, -0.80, -0.85, -0.90, -0.86, -0.81, -0.81, -0.81, -0.90, -0.98, -0.90, -0.81, -0.81, -0.81, -0.80, -0.81, -0.80, -0.81, -0.81, -0.81, -0.81, -0.81, 
-0.81, -0.81, -0.89, -0.97, -0.89, -0.81, -0.81, -0.80, -0.89, -0.98, -0.90, -0.81, -0.81, -0.81, -0.86, -0.90, -0.86, -0.81, -0.81, -0.80, -0.80, -0.80, -0.81, -0.81, -0.81, -0.81, -0.81, -0.81, 
-0.81, -0.81, -0.86, -0.90, -0.86, -0.81, -0.81, -0.81, -0.86, -0.90, -0.86, -0.81, -0.81, -0.81, -0.81, -0.81, -0.81, -0.81, -0.81, -0.81, -0.80, -0.81, -0.81, -0.81, -0.81, -0.81, -0.81, -0.81, 
-0.81, -0.86, -0.90, -0.86, -0.81, -0.81, -0.81, -0.81, -0.81, -0.81, -0.81, -0.80, -0.81, -0.81, -0.81, -0.81, -0.81, -0.81, -0.81, -0.81, -0.81, -0.81, -0.81, -0.81, -0.81, -0.80, -0.81, -0.81, 
-0.81, -0.90, -0.98, -0.90, -0.81, -0.81, -0.81, -0.81, -0.81, -0.81, -0.80, -0.81, -0.80, -0.81, -0.81, -0.81, -0.81, -0.81, -0.81, -0.81, -0.81, -0.81, -0.81, -0.81, -0.80, -0.80, -0.80, -0.81, 
-0.81, -0.86, -0.90, -0.86, -0.81, -0.81, -0.81, -0.81, -0.81, -0.81, -0.81, -0.80, -0.80, -0.80, -0.81, -0.81, -0.86, -0.90, -0.86, -0.86, -0.90, -0.86, -0.81, -0.81, -0.81, -0.80, -0.81, -0.81, 
-0.81, -0.81, -0.81, -0.81, -0.81, -0.81, -0.81, -0.86, -0.90, -0.86, -0.81, -0.81, -0.80, -0.81, -0.81, -0.86, -0.90, -0.86, -0.90, -0.90, -0.98, -0.90, -0.81, -0.81, -0.81, -0.81, -0.81, -0.81, 
-0.81, -0.81, -0.81, -0.81, -0.81, -0.80, -0.81, -0.90, -0.98, -0.90, -0.81, -0.81, -0.81, -0.81, -0.81, -0.90, -0.98, -0.90, -0.86, -0.86, -0.90, -0.85, -0.80, -0.81, -0.81, -0.81, -0.81, -0.81, 
-0.81, -0.81, -0.81, -0.81, -0.80, -0.80, -0.80, -0.86, -0.90, -0.86, -0.81, -0.81, -0.81, -0.81, -0.81, -0.86, -0.90, -0.86, -0.81, -0.81, -0.81, -0.80, -0.80, -0.80, -0.81, -0.81, -0.81, -0.81, 
-0.81, -0.81, -0.81, -0.81, -0.81, -0.80, -0.81, -0.81, -0.81, -0.81, -0.81, -0.81, -0.81, -0.81, -0.81, -0.81, -0.81, -0.81, -0.81, -0.81, -0.81, -0.81, -0.80, -0.81, -0.80, -0.81, -0.81, -0.81, 
-0.81, -0.81, -0.81, -0.81, -0.81, -0.81, -0.81, -0.81, -0.81, -0.81, -0.81, -0.81, -0.81, -0.81, -0.81, -0.81, -0.81, -0.81, -0.81, -0.80, -0.81, -0.81, -0.81, -0.80, -0.80, -0.80, -0.81, -0.81, 
-0.81, -0.81, -0.81, -0.81, -0.81, -0.81, -0.81, -0.81, -0.81, -0.81, -0.81, -0.81, -0.81, -0.81, -0.81, -0.81, -0.81, -0.81, -0.80, -0.80, -0.80, -0.81, -0.81, -0.80, -0.80, -0.81, -0.80, -0.81, 
-0.81, -0.81, -0.81, -0.81, -0.81, -0.81, -0.81, -0.81, -0.81, -0.81, -0.81, -0.81, -0.81, -0.81, -0.81, -0.81, -0.81, -0.86, -0.89, -0.85, -0.81, -0.81, -0.81, -0.81, -0.81, -0.80, -0.81, -0.81, 
-0.81, -0.81, -0.81, -0.81, -0.81, -0.81, -0.81, -0.81, -0.81, -0.81, -0.81, -0.81, -0.81, -0.81, -0.81, -0.81, -0.81, -0.90, -0.98, -0.90, -0.81, -0.81, -0.81, -0.81, -0.81, -0.81, -0.81, -0.81, 
-0.81, -0.81, -0.81, -0.81, -0.86, -0.90, -0.86, -0.86, -0.90, -0.86, -0.81, -0.81, -0.81, -0.81, -0.81, -0.81, -0.81, -0.86, -0.90, -0.86, -0.81, -0.81, -0.81, -0.81, -0.81, -0.81, -0.81, -0.81, 
-0.81, -0.81, -0.81, -0.81, -0.90, -0.98, -0.90, -0.90, -0.98, -0.90, -0.81, -0.81, -0.81, -0.81, -0.81, -0.81, -0.81, -0.81, -0.81, -0.81, -0.81, -0.81, -0.81, -0.81, -0.81, -0.81, -0.81, -0.81, 
-0.81, -0.81, -0.81, -0.81, -0.86, -0.90, -0.86, -0.86, -0.90, -0.86, -0.81, -0.81, -0.81, -0.81, -0.81, -0.81, -0.81, -0.81, -0.81, -0.81, -0.81, -0.81, -0.81, -0.81, -0.81, -0.81, -0.81, -0.81, 
-0.81, -0.81, -0.81, -0.81, -0.81, -0.81, -0.81, -0.81, -0.81, -0.81, -0.81, -0.81, -0.81, -0.81, -0.81, -0.81, -0.81, -0.81, -0.81, -0.81, -0.81, -0.81, -0.81, -0.81, -0.81, -0.81, -0.81, -0.81, 
-0.81, -0.81, -0.81, -0.81, -0.81, -0.81, -0.81, -0.81, -0.81, -0.81, -0.81, -0.81, -0.81, -0.81, -0.81, -0.81, -0.81, -0.81, -0.81, -0.81, -0.81, -0.81, -0.81, -0.81, -0.81, -0.81, -0.81, -0.81, 
-0.81, -0.81, -0.81, -0.81, -0.81, -0.81, -0.81, -0.81, -0.81, -0.81, -0.81, -0.81, -0.81, -0.81, -0.81, -0.81, -0.81, -0.81, -0.81, -0.81, -0.81, -0.81, -0.81, -0.81, -0.81, -0.81, -0.81, -0.81, 
-- optimal policy --
v  r  r  r  r  r  r  v  l  l  l  l  l  l  l  >  r  r  r  >  r  r  v  l  l  l  l  l  
r  r  >  >  r  r  r  v  l  <  <  <  <  <  l  R  >  r  r  r  >  >  >  <  <  l  <  l  
r  >  R  R  r  >  >  v  <  L  L  L  <  v  l  l  r  >  r  r  v  R  ^  L  L  <  L  l  
>  R  ^  R  >  R  R  ^  L  L  r  r  v  l  l  l  >  r  >  >  v  <  ^  L  L  v  l  l  
v  l  L  r  R  R  R  ^  L  l  r  v  l  l  l  l  l  >  R  R  ^  L  L  r  r  v  l  l  
v  l  >  >  R  R  ^  L  L  r  v  r  v  l  l  l  l  R  R  R  ^  L  L  r  r  v  l  l  
v  l  r  R  R  ^  ^  ^  L  >  r  r  v  l  l  <  <  R  R  ^  L  L  r  >  >  >  <  <  
r  r  r  r  v  l  v  l  >  R  >  >  v  <  <  L  L  R  R  ^  ^  r  >  R  R  ^  L  L  
r  r  r  r  r  v  l  l  R  R  R  R  ^  L  L  <  L  L  r  v  r  r  v  l  R  ^  L  L  
r  r  r  r  r  v  l  l  l  R  R  R  ^  L  L  L  L  r  r  r  r  r  v  l  l  l  l  L  
r  r  r  >  >  v  <  <  l  R  R  R  ^  L  L  L  r  r  v  r  >  >  v  <  v  l  l  l  
r  r  >  R  R  ^  L  L  <  R  R  R  ^  L  L  L  r  r  r  v  R  R  ^  r  v  l  l  l  
r  >  R  R  R  ^  L  L  L  L  ^  L  ^  ^  ^  r  >  r  r  v  l  R  r  >  l  <  <  l  
>  R  R  R  ^  L  ^  L  L  L  L  ^  L  ^  r  >  R  >  >  >  <  <  >  R  ^  L  L  <  
R  R  R  ^  L  L  R  ^  L  L  L  L  L  r  >  R  R  R  R  ^  L  L  R  ^  L  L  L  L  
R  R  R  R  ^  L  R  ^  L  L  L  L  r  >  R  R  ^  L  R  R  ^  L  R  R  R  ^  L  L  
R  R  R  ^  ^  L  L  L  ^  L  L  L  >  R  R  R  ^  L  r  R  ^  L  L  R  ^  L  ^  L  
R  R  ^  L  L  L  ^  L  L  R  ^  L  >  R  ^  L  ^  L  >  R  ^  ^  R  ^  L  ^  L  L  
R  R  ^  L  L  l  l  r  r  R  R  >  R  ^  R  ^  L  >  R  ^  >  R  ^  R  ^  L  L  ^  
R  ^  R  ^  L  <  l  r  >  R  >  R  ^  R  ^  >  >  R  ^  >  R  ^  L  ^  ^  L  L  L  
^  L  ^  ^  L  L  <  >  R  >  R  ^  R  ^  L  R  R  ^  R  R  ^  ^  L  L  R  ^  L  L  
^  L  L  R  ^  L  L  R  >  R  ^  R  ^  L  R  R  ^  R  R  ^  R  ^  L  ^  L  L  ^  L  
Correct actions (%) : 16.95
Avg angular diffs   : 88.09
