arguments: 28 38 4 -0.0092919 0.00477843 0.00182494 -0.984105
loading features...

Initializing gridworld of size 28 by 22..
    Num states: 616
    Num actions: 8
recovered reward
-0.98, -0.98, -0.98, -0.98, -0.98, -0.98, -0.98, -0.98, -0.98, -0.98, -0.98, -0.98, -0.98, -0.98, -0.98, -0.98, -0.98, -0.98, -0.98, -0.98, -0.98, -0.98, -0.98, -0.98, -0.98, -0.98, -0.98, -0.98, 
-0.98, -0.98, -0.98, -0.98, -0.98, -0.98, -0.98, -0.98, -0.98, -0.98, -0.98, -0.98, -0.98, -0.98, -0.98, -0.98, -0.98, -0.98, -0.98, -0.98, -0.98, -0.98, -0.98, -0.98, -0.98, -0.98, -0.98, -0.98, 
-0.98, -0.98, -0.98, -0.98, -0.98, -0.98, -0.98, -0.98, -0.98, -0.98, -0.98, -0.98, -0.98, -0.98, -0.98, -0.98, -0.98, -0.98, -0.98, -0.98, -0.98, -0.98, -0.98, -0.98, -0.98, -0.98, -0.98, -0.98, 
-0.98, -0.98, -0.98, -0.98, -0.98, -0.98, -0.98, -0.98, -0.98, -0.98, -0.98, -0.98, -0.98, -0.98, -0.98, -0.98, -0.98, -0.98, -0.98, -0.98, -0.98, -0.98, -0.98, -0.98, -0.98, -0.98, -0.98, -0.98, 
-0.98, -0.98, -0.98, -0.98, -0.98, -0.98, -0.98, -0.98, -0.98, -0.98, -0.98, -0.98, -0.98, -0.98, -0.98, -0.98, -0.99, -0.98, -0.98, -0.98, -0.98, -0.98, -0.98, -0.98, -0.98, -0.98, -0.98, -0.98, 
-0.98, -0.98, -0.98, -0.98, -0.98, -0.98, -0.98, -0.98, -0.98, -0.98, -0.98, -0.99, -0.98, -0.98, -0.99, -0.98, -0.98, -0.98, -0.98, -0.98, -0.98, -0.98, -0.98, -0.98, -0.98, -0.98, -0.98, -0.98, 
-0.98, -0.98, -0.98, -0.98, -0.98, -0.98, -0.98, -0.98, -0.98, -0.98, -0.98, -0.98, -0.98, -0.98, -0.98, -0.98, -0.98, -0.98, -0.98, -0.98, -0.98, -0.98, -0.98, -0.98, -0.98, -0.98, -0.98, -0.98, 
-0.98, -0.98, -0.98, -0.98, -0.98, -0.98, -0.98, -0.98, -0.98, -0.98, -0.98, -0.98, -0.98, -0.98, -0.98, -0.98, -0.98, -0.98, -0.99, -0.98, -0.98, -0.98, -0.98, -0.98, -0.98, -0.98, -0.98, -0.98, 
-0.98, -0.98, -0.98, -0.98, -0.98, -0.98, -0.98, -0.98, -0.98, -0.98, -0.98, -0.98, -0.98, -0.98, -0.98, -0.98, -0.98, -0.98, -0.98, -0.98, -0.98, -0.98, -0.98, -0.98, -0.98, -0.98, -0.98, -0.98, 
-0.98, -0.98, -0.98, -0.98, -0.98, -0.98, -0.98, -0.98, -0.98, -0.98, -0.98, -0.98, -0.98, -0.98, -0.98, -0.98, -0.98, -0.98, -0.98, -0.98, -0.98, -0.98, -0.98, -0.98, -0.98, -0.98, -0.98, -0.98, 
-0.98, -0.98, -0.98, -0.98, -0.98, -0.98, -0.98, -0.98, -0.98, -0.98, -0.98, -0.98, -0.98, -0.98, -0.98, -0.98, -0.98, -0.98, -0.98, -0.98, -0.98, -0.98, -0.98, -0.98, -0.98, -0.98, -0.98, -0.98, 
-0.98, -0.98, -0.98, -0.98, -0.98, -0.99, -0.98, -0.98, -0.98, -0.98, -0.98, -0.98, -0.98, -0.98, -0.98, -0.98, -0.98, -0.98, -0.98, -0.98, -0.98, -0.98, -0.98, -0.98, -0.98, -0.98, -0.98, -0.98, 
-0.98, -0.98, -0.98, -0.98, -0.98, -0.98, -0.98, -0.98, -0.98, -0.98, -0.98, -0.98, -0.98, -0.98, -0.99, -0.98, -0.98, -0.98, -0.98, -0.98, -0.98, -0.98, -0.98, -0.99, -0.98, -0.98, -0.98, -0.98, 
-0.98, -0.98, -0.98, -0.98, -0.98, -0.98, -0.98, -0.98, -0.98, -0.98, -0.98, -0.98, -0.98, -0.98, -0.98, -0.98, -0.98, -0.98, -0.98, -0.98, -0.98, -0.99, -0.98, -0.98, -0.98, -0.98, -0.98, -0.98, 
-0.98, -0.98, -0.99, -0.98, -0.98, -0.98, -0.98, -0.98, -0.98, -0.98, -0.98, -0.98, -0.98, -0.98, -0.98, -0.98, -0.98, -0.98, -0.98, -0.98, -0.98, -0.98, -0.98, -0.98, -0.98, -0.98, -0.98, -0.98, 
-0.98, -0.98, -0.98, -0.98, -0.98, -0.98, -0.98, -0.98, -0.98, -0.98, -0.98, -0.98, -0.98, -0.98, -0.98, -0.98, -0.98, -0.98, -0.98, -0.98, -0.98, -0.98, -0.98, -0.98, -0.98, -0.98, -0.98, -0.98, 
-0.98, -0.98, -0.98, -0.98, -0.99, -0.98, -0.98, -0.98, -0.98, -0.98, -0.98, -0.98, -0.98, -0.98, -0.98, -0.98, -0.98, -0.98, -0.98, -0.98, -0.98, -0.98, -0.98, -0.98, -0.98, -0.98, -0.98, -0.98, 
-0.98, -0.98, -0.98, -0.98, -0.98, -0.98, -0.98, -0.98, -0.98, -0.98, -0.99, -0.98, -0.98, -0.98, -0.98, -0.98, -0.98, -0.98, -0.98, -0.98, -0.98, -0.98, -0.98, -0.98, -0.98, -0.98, -0.98, -0.98, 
-0.98, -0.98, -0.98, -0.98, -0.99, -0.98, -0.98, -0.98, -0.98, -0.98, -0.98, -0.98, -0.98, -0.98, -0.98, -0.98, -0.98, -0.98, -0.98, -0.98, -0.98, -0.98, -0.98, -0.98, -0.98, -0.98, -0.98, -0.98, 
-0.98, -0.98, -0.98, -0.98, -0.98, -0.98, -0.98, -0.98, -0.98, -0.98, -0.98, -0.98, -0.98, -0.98, -0.98, -0.98, -0.98, -0.98, -0.98, -0.98, -0.98, -0.98, -0.98, -0.98, -0.98, -0.98, -0.98, -0.98, 
-0.98, -0.98, -0.98, -0.98, -0.98, -0.98, -0.98, -0.98, -0.98, -0.98, -0.98, -0.98, -0.98, -0.98, -0.98, -0.98, -0.98, -0.98, -0.98, -0.98, -0.98, -0.98, -0.98, -0.98, -0.98, -0.98, -0.98, -0.98, 
-0.98, -0.98, -0.98, -0.98, -0.98, -0.98, -0.98, -0.98, -0.98, -0.98, -0.98, -0.98, -0.98, -0.98, -0.98, -0.98, -0.98, -0.98, -0.98, -0.98, -0.98, -0.98, -0.98, -0.98, -0.98, -0.98, -0.98, -0.98, 
-- optimal policy --
r  >  r  r  >  r  >  r  >  r  r  r  >  r  >  r  >  >  r  >  r  >  >  r  >  ^  <  <  
>  r  >  >  r  >  r  >  R  r  r  >  R  >  r  >  R  r  >  R  >  R  r  >  R  ^  L  L  
r  >  R  r  >  R  r  R  r  r  >  R  r  r  >  R  R  >  R  >  R  r  >  R  ^  ^  ^  L  
>  R  r  >  R  r  >  r  >  >  R  r  >  >  R  R  >  R  >  R  r  >  R  ^  R  ^  L  ^  
R  r  >  R  r  >  r  >  R  R  >  >  R  R  R  R  R  >  R  r  >  R  R  ^  L  R  ^  L  
r  >  R  r  >  r  >  R  ^  >  R  R  R  R  R  r  >  R  r  >  R  R  R  ^  L  R  ^  L  
>  R  r  >  r  >  R  ^  >  R  R  R  R  ^  r  >  R  >  >  R  ^  R  ^  R  R  ^  R  ^  
R  r  >  r  >  R  R  >  R  R  R  R  ^  r  >  R  >  R  R  ^  R  R  ^  R  ^  R  ^  ^  
r  >  r  >  R  R  >  R  R  R  R  ^  r  >  R  >  R  >  R  R  ^  ^  R  ^  R  R  ^  L  
>  r  >  R  r  >  R  R  R  R  r  r  >  R  >  R  >  R  ^  ^  L  R  ^  R  R  ^  L  L  
r  >  R  r  >  R  R  R  R  R  >  >  R  R  R  >  R  R  ^  L  R  ^  R  R  ^  ^  L  ^  
>  R  r  >  R  ^  R  R  R  >  R  R  R  R  >  R  R  ^  R  ^  L  R  R  R  ^  R  ^  L  
R  r  >  R  ^  R  R  R  >  R  R  R  R  R  R  R  ^  R  ^  L  R  R  R  ^  R  R  R  ^  
r  >  R  ^  R  R  R  >  R  R  R  R  R  >  R  ^  R  R  ^  R  R  R  ^  R  R  R  ^  L  
>  R  R  ^  R  R  ^  R  R  R  R  R  >  R  R  R  R  ^  R  R  ^  R  R  R  R  R  ^  L  
R  ^  R  R  R  ^  R  R  R  >  R  >  R  R  ^  R  R  R  R  ^  R  R  R  R  R  ^  R  ^  
^  R  R  R  ^  R  R  R  >  R  ^  R  R  ^  R  R  R  R  R  ^  R  R  ^  R  R  ^  L  ^  
R  R  R  ^  R  R  R  >  R  ^  R  R  R  ^  R  R  R  R  ^  R  ^  ^  R  R  ^  R  ^  L  
R  R  ^  R  R  R  >  R  ^  L  R  R  ^  R  R  R  R  ^  R  ^  ^  R  ^  ^  R  ^  ^  ^  
R  ^  R  ^  R  >  R  ^  L  R  >  R  ^  L  R  R  ^  L  ^  ^  R  R  ^  R  ^  L  ^  ^  
^  R  ^  R  R  R  ^  R  R  >  R  ^  L  L  R  ^  R  ^  L  R  ^  L  R  ^  L  ^  L  L  
R  ^  R  R  R  ^  R  R  >  R  ^  R  ^  R  R  R  ^  R  R  ^  L  R  ^  ^  ^  L  L  L  
Correct actions (%) : 18.06
Avg angular diffs   : 74.61
