arguments: 28 38 4 0.00360832 -0.8565 0.00140039 -0.138492
loading features...

Initializing gridworld of size 28 by 22..
    Num states: 616
    Num actions: 8
recovered reward
-0.14, -0.14, -0.14, -0.14, -0.14, -0.14, -0.14, -0.14, -0.14, -0.13, -0.14, -0.14, -0.14, -0.13, -0.14, -0.14, -0.14, -0.13, -0.14, -0.14, -0.13, -0.14, -0.13, -0.14, -0.14, -0.13, -0.14, -0.14, 
-0.13, -0.14, -0.14, -0.13, -0.14, -0.14, -0.13, -0.14, -0.14, -0.14, -0.14, -0.14, -0.14, -0.14, -0.14, -0.14, -0.99, -0.99, -0.14, -0.14, -0.14, -0.14, -0.14, -0.14, -0.14, -0.14, -0.14, -0.14, 
-0.14, -0.14, -0.14, -0.14, -0.14, -0.14, -0.14, -0.14, -0.14, -0.14, -0.14, -0.14, -0.14, -0.14, -0.14, -0.14, -0.14, -0.14, -0.14, -0.14, -0.14, -0.14, -0.14, -0.14, -0.14, -0.14, -0.14, -0.14, 
-0.14, -0.14, -0.14, -0.14, -0.14, -0.14, -0.14, -0.14, -0.14, -0.99, -0.14, -0.14, -0.14, -0.99, -0.14, -0.14, -0.14, -0.14, -0.14, -0.14, -0.14, -0.14, -0.14, -0.14, -0.14, -0.14, -0.14, -0.14, 
-0.14, -0.14, -0.14, -0.14, -0.14, -0.14, -0.14, -0.14, -0.99, -0.14, -0.14, -0.14, -0.14, -0.14, -0.14, -0.14, -0.13, -0.14, -0.14, -0.14, -0.14, -0.14, -0.14, -0.14, -0.14, -0.14, -0.14, -0.14, 
-0.14, -0.14, -0.14, -0.14, -0.14, -0.14, -0.14, -0.14, -0.14, -0.14, -0.14, -0.99, -0.14, -0.14, -0.13, -0.14, -0.14, -0.14, -0.14, -0.14, -0.14, -0.14, -0.14, -0.14, -0.14, -0.14, -0.14, -0.14, 
-0.14, -0.14, -0.14, -0.14, -0.14, -0.14, -0.14, -0.14, -0.14, -0.14, -0.14, -0.14, -0.14, -0.14, -0.14, -0.14, -0.14, -0.14, -0.14, -0.14, -0.14, -0.14, -0.14, -0.14, -0.14, -0.14, -0.14, -0.14, 
-0.14, -0.14, -0.14, -0.14, -0.14, -0.14, -0.14, -0.14, -0.14, -0.14, -0.14, -0.14, -0.14, -0.14, -0.14, -0.14, -0.14, -0.14, -0.13, -0.14, -0.14, -0.14, -0.14, -0.14, -0.14, -0.14, -0.14, -0.14, 
-0.14, -0.14, -0.14, -0.14, -0.14, -0.14, -0.14, -0.14, -0.14, -0.14, -0.14, -0.14, -0.14, -0.14, -0.14, -0.14, -0.14, -0.14, -0.14, -0.14, -0.14, -0.14, -0.14, -0.14, -0.14, -0.14, -0.14, -0.14, 
-0.14, -0.14, -0.14, -0.14, -0.14, -0.14, -0.14, -0.14, -0.14, -0.14, -0.14, -0.14, -0.14, -0.14, -0.14, -0.14, -0.14, -0.14, -0.99, -0.14, -0.14, -0.14, -0.14, -0.14, -0.14, -0.14, -0.14, -0.14, 
-0.14, -0.14, -0.14, -0.14, -0.14, -0.99, -0.14, -0.14, -0.14, -0.14, -0.14, -0.99, -0.14, -0.14, -0.14, -0.14, -0.14, -0.14, -0.14, -0.14, -0.14, -0.14, -0.14, -0.14, -0.14, -0.14, -0.14, -0.14, 
-0.14, -0.14, -0.14, -0.14, -0.14, -0.13, -0.14, -0.14, -0.14, -0.14, -0.14, -0.14, -0.14, -0.14, -0.14, -0.14, -0.14, -0.14, -0.14, -0.14, -0.14, -0.14, -0.14, -0.14, -0.14, -0.14, -0.14, -0.14, 
-0.14, -0.14, -0.14, -0.14, -0.14, -0.14, -0.14, -0.14, -0.14, -0.14, -0.14, -0.14, -0.14, -0.14, -0.13, -0.14, -0.14, -0.14, -0.14, -0.14, -0.14, -0.14, -0.14, -0.13, -0.14, -0.14, -0.14, -0.14, 
-0.14, -0.14, -0.14, -0.14, -0.14, -0.14, -0.14, -0.14, -0.14, -0.14, -0.14, -0.14, -0.14, -0.14, -0.14, -0.14, -0.14, -0.14, -0.14, -0.14, -0.14, -0.13, -0.14, -0.14, -0.14, -0.14, -0.14, -0.14, 
-0.14, -0.14, -0.13, -0.14, -0.14, -0.14, -0.14, -0.14, -0.14, -0.14, -0.14, -0.14, -0.14, -0.14, -0.14, -0.14, -0.14, -0.14, -0.14, -0.14, -0.14, -0.14, -0.14, -0.14, -0.14, -0.14, -0.14, -0.14, 
-0.14, -0.14, -0.14, -0.14, -0.14, -0.14, -0.14, -0.14, -0.14, -0.14, -0.99, -0.14, -0.14, -0.14, -0.14, -0.14, -0.14, -0.14, -0.14, -0.14, -0.14, -0.14, -0.14, -0.14, -0.14, -0.14, -0.14, -0.14, 
-0.14, -0.14, -0.14, -0.14, -0.13, -0.14, -0.14, -0.14, -0.14, -0.14, -0.14, -0.14, -0.14, -0.14, -0.14, -0.14, -0.14, -0.14, -0.14, -0.14, -0.14, -0.14, -0.14, -0.14, -0.14, -0.14, -0.14, -0.14, 
-0.14, -0.14, -0.14, -0.14, -0.14, -0.14, -0.14, -0.14, -0.14, -0.14, -0.13, -0.14, -0.14, -0.14, -0.14, -0.14, -0.14, -0.14, -0.14, -0.14, -0.14, -0.14, -0.14, -0.14, -0.14, -0.14, -0.14, -0.14, 
-0.14, -0.14, -0.14, -0.14, -0.13, -0.14, -0.14, -0.14, -0.14, -0.14, -0.14, -0.14, -0.99, -0.14, -0.14, -0.14, -0.99, -0.14, -0.14, -0.14, -0.14, -0.14, -0.14, -0.14, -0.14, -0.14, -0.14, -0.14, 
-0.14, -0.14, -0.14, -0.14, -0.14, -0.14, -0.14, -0.14, -0.14, -0.14, -0.14, -0.14, -0.14, -0.14, -0.14, -0.14, -0.14, -0.14, -0.14, -0.14, -0.14, -0.14, -0.14, -0.14, -0.14, -0.14, -0.14, -0.14, 
-0.14, -0.14, -0.14, -0.14, -0.14, -0.14, -0.14, -0.14, -0.14, -0.14, -0.14, -0.14, -0.14, -0.14, -0.14, -0.14, -0.14, -0.14, -0.14, -0.14, -0.14, -0.14, -0.14, -0.14, -0.14, -0.14, -0.14, -0.14, 
-0.14, -0.14, -0.14, -0.14, -0.14, -0.14, -0.14, -0.14, -0.14, -0.14, -0.14, -0.14, -0.14, -0.14, -0.14, -0.14, -0.14, -0.14, -0.14, -0.14, -0.14, -0.14, -0.14, -0.14, -0.14, -0.14, -0.14, -0.14, 
-- optimal policy --
r  >  r  >  >  r  >  >  >  >  >  >  >  >  >  >  >  >  >  >  >  >  >  >  >  L  <  l  
>  >  >  >  >  >  R  R  R  R  R  R  R  R  R  R  R  R  R  R  R  R  R  R  R  ^  L  <  
R  R  R  R  R  R  R  R  R  R  R  R  R  R  R  >  >  R  R  R  R  R  R  R  R  ^  L  L  
R  R  R  R  R  R  R  R  R  R  R  r  r  R  >  r  R  R  R  R  R  R  R  ^  L  R  ^  L  
R  R  R  R  R  R  R  R  >  R  R  >  >  r  >  >  R  R  R  R  R  R  ^  R  ^  L  R  ^  
R  R  R  R  R  >  r  >  R  r  R  R  >  >  R  R  ^  R  R  R  R  ^  R  ^  ^  R  ^  L  
R  R  R  R  >  r  >  r  >  >  >  R  R  R  R  R  R  r  R  R  ^  L  ^  L  R  ^  ^  ^  
R  r  R  r  r  >  r  >  r  R  R  R  R  R  R  R  >  >  R  ^  R  ^  L  R  ^  L  ^  ^  
r  r  r  >  r  >  >  r  >  r  R  R  R  R  R  R  R  R  ^  L  ^  L  R  ^  R  R  ^  L  
>  >  >  r  >  r  R  >  >  >  R  R  R  >  R  R  R  ^  ^  L  L  R  ^  R  R  R  ^  ^  
r  >  r  >  r  >  r  R  R  R  ^  L  R  R  R  R  R  ^  L  R  ^  L  R  R  R  R  R  ^  
r  r  >  >  >  R  >  R  R  ^  L  R  R  r  R  R  ^  ^  L  L  R  ^  R  ^  R  R  ^  L  
r  r  r  R  R  r  R  R  ^  ^  R  R  >  >  R  ^  R  ^  L  L  L  R  ^  R  R  R  R  ^  
>  r  >  R  >  >  R  ^  ^  R  R  R  R  R  ^  L  ^  ^  L  ^  R  ^  R  ^  L  R  R  ^  
>  >  R  ^  R  R  ^  L  R  R  R  R  R  R  ^  L  L  L  ^  R  R  ^  L  R  ^  R  ^  L  
R  R  ^  L  R  ^  ^  L  R  R  R  R  ^  ^  ^  L  L  L  R  R  ^  L  ^  L  R  R  R  ^  
R  ^  ^  R  ^  ^  L  R  R  >  R  ^  R  ^  L  ^  L  L  R  R  ^  L  L  R  R  R  R  ^  
^  ^  R  R  ^  L  R  R  R  R  ^  R  ^  ^  ^  L  ^  R  R  ^  L  L  R  R  R  R  ^  L  
^  R  R  ^  L  ^  >  r  R  R  ^  L  ^  L  ^  ^  R  R  ^  L  L  R  R  R  R  ^  L  ^  
R  R  ^  R  ^  L  >  >  R  ^  L  ^  L  ^  L  ^  R  R  ^  L  R  ^  R  R  ^  L  L  ^  
R  R  R  ^  R  R  R  R  ^  L  R  ^  L  L  ^  L  R  ^  L  R  ^  L  R  R  ^  ^  L  ^  
R  R  R  R  R  R  R  ^  ^  R  R  ^  ^  L  L  R  ^  L  R  ^  ^  R  R  R  ^  L  ^  L  
Correct actions (%) : 16.13
Avg angular diffs   : 76.06
