arguments: 28 29 3 0.0328185 -0.0579151 -0.137066 -0.772201
loading features...

Initializing gridworld of size 28 by 22..
    Num states: 616
    Num actions: 8
recovered reward
-0.77, -0.77, -0.77, -0.77, -0.77, -0.77, -0.77, -0.77, -0.77, -0.77, -0.77, -0.77, -0.77, -0.77, -0.77, -0.77, -0.77, -0.77, -0.77, -0.77, -0.77, -0.77, -0.77, -0.77, -0.77, -0.77, -0.77, -0.77, 
-0.77, -0.77, -0.77, -0.77, -0.77, -0.77, -0.77, -0.77, -0.77, -0.76, -0.76, -0.76, -0.79, -0.80, -0.79, -0.77, -0.77, -0.77, -0.77, -0.77, -0.77, -0.77, -0.77, -0.77, -0.77, -0.77, -0.77, -0.77, 
-0.77, -0.77, -0.77, -0.77, -0.77, -0.77, -0.77, -0.77, -0.77, -0.76, -0.74, -0.76, -0.80, -0.83, -0.80, -0.77, -0.77, -0.77, -0.77, -0.77, -0.77, -0.77, -0.77, -0.77, -0.77, -0.77, -1.07, -0.77, 
-0.77, -0.77, -0.77, -0.77, -0.77, -0.77, -0.77, -0.77, -0.77, -0.86, -0.76, -0.76, -0.90, -0.80, -0.79, -0.77, -0.77, -0.77, -0.77, -0.77, -0.77, -0.77, -0.77, -0.77, -0.77, -0.77, -0.77, -0.77, 
-0.76, -0.76, -0.76, -0.76, -0.76, -0.76, -0.77, -0.77, -0.77, -0.79, -0.80, -0.79, -0.80, -0.79, -0.77, -0.77, -0.77, -0.77, -0.77, -0.77, -0.77, -0.77, -0.77, -0.77, -0.77, -0.77, -0.77, -0.77, 
-0.76, -0.74, -0.76, -0.76, -0.74, -0.76, -0.77, -0.85, -0.77, -0.80, -0.83, -0.80, -0.83, -0.80, -0.77, -0.77, -0.77, -0.77, -0.77, -0.77, -0.77, -0.77, -0.77, -0.77, -0.77, -0.77, -1.06, -0.77, 
-0.76, -0.76, -0.76, -0.76, -0.76, -0.76, -0.77, -0.77, -0.77, -0.79, -0.80, -0.79, -0.80, -0.91, -0.77, -0.77, -0.77, -0.77, -0.77, -0.76, -0.76, -0.76, -0.77, -0.77, -0.77, -0.77, -0.77, -0.77, 
-0.76, -0.74, -0.76, -0.77, -0.77, -0.77, -0.77, -0.77, -0.77, -0.77, -0.77, -0.79, -0.80, -0.79, -0.77, -0.77, -0.77, -0.77, -0.77, -0.76, -0.74, -0.76, -0.76, -0.76, -0.76, -0.76, -0.77, -0.77, 
-0.76, -0.76, -0.76, -0.77, -0.77, -0.77, -0.77, -0.84, -0.77, -0.77, -0.77, -0.80, -0.83, -0.79, -0.89, -0.76, -0.77, -0.77, -0.77, -0.76, -0.76, -0.76, -0.74, -0.76, -0.74, -1.03, -0.77, -0.77, 
-0.77, -0.79, -0.80, -0.79, -0.77, -0.77, -0.77, -0.77, -0.77, -0.77, -0.77, -0.79, -0.80, -0.77, -0.74, -0.76, -0.77, -0.77, -0.77, -0.77, -0.77, -0.76, -0.76, -0.76, -0.76, -0.76, -0.77, -0.77, 
-0.77, -0.80, -0.83, -0.80, -0.77, -0.83, -0.77, -0.77, -0.77, -0.77, -0.77, -0.76, -0.77, -0.79, -0.77, -0.76, -0.92, -0.77, -0.77, -0.77, -0.77, -0.77, -0.77, -0.77, -0.77, -0.77, -0.77, -0.77, 
-0.77, -0.79, -0.80, -0.79, -0.77, -0.77, -0.77, -0.77, -0.77, -0.79, -0.80, -0.77, -0.77, -0.81, -0.80, -0.77, -0.77, -0.77, -0.77, -0.77, -0.77, -0.77, -0.77, -0.77, -1.03, -0.77, -0.77, -0.77, 
-0.77, -0.77, -0.77, -0.77, -0.77, -0.77, -0.77, -0.77, -0.77, -0.80, -0.83, -0.79, -0.77, -0.79, -0.79, -0.77, -0.77, -0.77, -0.77, -0.77, -0.77, -0.77, -0.77, -0.77, -0.79, -0.80, -0.79, -0.77, 
-0.77, -0.77, -0.77, -0.77, -0.81, -0.76, -0.76, -0.76, -0.77, -0.79, -0.80, -0.79, -0.77, -0.77, -0.77, -0.77, -0.77, -0.94, -0.76, -0.76, -0.76, -0.77, -0.77, -0.77, -0.80, -0.83, -0.80, -0.77, 
-0.77, -0.77, -0.77, -0.77, -0.77, -0.76, -0.74, -0.76, -0.77, -0.77, -0.76, -0.76, -0.76, -0.77, -0.77, -0.77, -0.77, -0.77, -0.76, -0.74, -0.76, -0.77, -1.02, -0.77, -0.79, -0.80, -0.79, -0.77, 
-0.77, -0.77, -0.77, -0.77, -0.77, -0.76, -0.76, -0.78, -0.80, -0.79, -0.77, -0.77, -0.77, -0.77, -0.77, -0.77, -0.77, -0.77, -0.76, -0.76, -0.76, -0.77, -0.77, -0.77, -0.77, -0.77, -0.77, -0.77, 
-0.77, -0.77, -0.80, -0.77, -0.77, -0.77, -0.77, -0.80, -0.83, -0.80, -0.79, -0.81, -0.79, -0.77, -0.77, -0.77, -0.77, -0.95, -0.77, -0.77, -0.77, -0.77, -0.77, -0.77, -0.77, -0.79, -0.80, -0.79, 
-0.77, -0.77, -0.77, -0.77, -0.77, -0.77, -0.77, -0.79, -0.80, -0.79, -0.79, -0.80, -0.79, -0.77, -0.77, -0.77, -0.77, -0.79, -0.80, -0.79, -0.77, -0.77, -0.77, -1.01, -0.77, -0.80, -0.83, -0.80, 
-0.77, -0.77, -0.77, -0.77, -0.77, -0.77, -0.77, -0.77, -0.77, -0.77, -0.77, -0.77, -0.77, -0.77, -0.77, -0.77, -0.77, -0.80, -0.83, -0.80, -0.77, -0.77, -0.77, -0.77, -0.77, -0.79, -0.80, -0.79, 
-0.79, -0.77, -0.77, -0.77, -0.77, -0.77, -0.77, -0.77, -0.77, -0.77, -0.77, -0.77, -0.77, -0.77, -0.77, -0.77, -0.96, -0.79, -0.80, -0.79, -0.99, -0.77, -0.77, -0.77, -0.77, -0.77, -0.77, -0.77, 
-0.77, -0.77, -0.77, -0.77, -0.77, -0.77, -0.77, -0.77, -0.77, -0.77, -0.77, -0.77, -0.77, -0.77, -0.77, -0.77, -0.77, -0.77, -0.77, -0.98, -0.77, -0.77, -0.77, -0.77, -0.77, -0.77, -0.77, -0.77, 
-0.77, -0.77, -0.77, -0.77, -0.77, -0.77, -0.77, -0.77, -0.77, -0.77, -0.77, -0.77, -0.77, -0.77, -0.77, -0.77, -0.77, -0.77, -0.77, -0.77, -0.77, -0.77, -0.77, -0.77, -0.77, -0.77, -0.77, -0.77, 
-- optimal policy --
v  v  v  r  v  l  r  r  r  r  v  l  l  <  <  <  l  v  r  v  v  l  v  l  l  l  l  l  
v  v  v  v  l  v  v  r  r  r  v  l  l  L  L  L  v  r  v  l  l  v  v  l  l  l  l  v  
v  v  v  l  v  v  l  r  >  >  >  <  <  L  L  r  r  v  r  v  l  v  v  l  l  l  v  l  
r  v  l  r  v  l  l  l  R  R  ^  L  L  L  r  r  r  r  v  l  v  l  v  l  l  v  l  l  
r  v  l  r  v  l  l  l  ^  R  ^  L  L  <  v  r  r  r  r  v  l  v  l  l  v  l  l  v  
>  ^  <  >  v  <  <  <  R  ^  R  ^  L  r  v  l  r  r  r  r  v  l  l  v  l  v  l  l  
R  ^  L  R  ^  L  L  <  <  L  L  r  r  r  v  v  l  >  r  r  v  l  l  r  v  l  l  l  
>  ^  <  <  ^  L  L  L  L  L  <  >  r  >  r  v  l  r  >  >  >  r  v  r  v  l  <  l  
R  ^  L  L  <  ^  L  L  L  L  v  r  r  r  v  l  l  >  R  R  ^  >  v  >  v  <  l  l  
R  ^  L  L  L  <  ^  L  l  v  r  r  >  >  >  <  <  R  R  R  ^  R  ^  R  ^  L  <  <  
^  L  L  ^  L  L  v  l  v  l  >  >  R  R  ^  L  L  L  R  ^  R  R  ^  R  ^  L  L  <  
^  L  r  r  r  v  l  v  l  l  R  R  ^  R  R  ^  L  r  v  v  v  l  R  R  ^  L  L  L  
^  L  r  >  r  r  v  l  l  l  R  R  ^  L  R  ^  >  r  r  v  l  l  l  l  R  ^  L  L  
^  >  r  r  r  r  v  l  l  l  l  l  l  R  R  r  r  r  r  v  l  l  l  <  <  R  R  ^  
r  r  r  r  >  >  v  <  <  <  <  <  <  R  r  >  r  >  >  v  <  <  <  l  l  l  R  ^  
r  >  r  >  R  R  ^  L  L  L  L  L  L  L  >  r  >  R  R  ^  L  L  <  <  <  <  <  ^  
>  r  >  R  R  R  ^  L  L  L  L  L  L  L  r  >  R  R  R  ^  L  L  L  <  <  L  L  L  
r  >  R  R  R  R  ^  L  L  l  l  L  R  r  >  R  ^  R  ^  L  L  L  L  L  L  L  L  L  
>  R  R  R  R  ^  L  L  L  <  <  <  r  >  R  ^  R  ^  L  R  ^  L  L  L  <  L  l  l  
R  R  R  R  R  ^  L  ^  L  L  L  <  >  R  ^  R  ^  L  R  R  ^  ^  L  L  L  <  l  l  
R  R  R  R  ^  ^  ^  ^  L  L  L  <  R  ^  R  ^  L  ^  R  ^  R  ^  ^  L  L  L  <  <  
R  R  R  ^  ^  ^  R  ^  ^  ^  L  L  ^  R  ^  R  ^  L  ^  R  ^  L  ^  ^  L  L  L  L  
Correct actions (%) : 14.12
Avg angular diffs   : 90.00
