arguments: 28 39 4 0 -0.875 0 -0.125
loading features...

Initializing gridworld of size 28 by 22..
    Num states: 616
    Num actions: 8
recovered reward
-0.12, -0.12, -0.12, -0.12, -0.12, -0.12, -0.12, -0.12, -0.12, -0.12, -0.12, -0.12, -0.12, -0.12, -0.34, -0.56, -0.34, -0.12, -0.12, -0.12, -0.12, -0.12, -0.12, -0.12, -0.12, -0.12, -0.12, -0.12, 
-0.12, -0.12, -0.12, -0.12, -0.12, -0.12, -0.12, -0.12, -0.12, -0.12, -0.12, -0.12, -0.12, -0.12, -0.56, -1.00, -0.56, -0.34, -0.56, -0.34, -0.12, -0.12, -0.12, -0.12, -0.12, -0.12, -0.12, -0.12, 
-0.12, -0.12, -0.12, -0.12, -0.12, -0.12, -0.12, -0.12, -0.12, -0.12, -0.12, -0.12, -0.12, -0.12, -0.34, -0.56, -0.34, -0.56, -1.00, -0.56, -0.12, -0.12, -0.12, -0.12, -0.12, -0.12, -0.12, -0.12, 
-0.12, -0.12, -0.12, -0.12, -0.12, -0.12, -0.12, -0.12, -0.12, -0.12, -0.12, -0.12, -0.12, -0.12, -0.12, -0.12, -0.12, -0.34, -0.56, -0.34, -0.12, -0.12, -0.12, -0.12, -0.12, -0.12, -0.12, -0.12, 
-0.12, -0.12, -0.12, -0.12, -0.12, -0.12, -0.12, -0.12, -0.12, -0.12, -0.12, -0.12, -0.12, -0.12, -0.12, -0.12, -0.12, -0.12, -0.12, -0.12, -0.12, -0.12, -0.12, -0.12, -0.12, -0.12, -0.12, -0.12, 
-0.12, -0.12, -0.12, -0.12, -0.12, -0.12, -0.12, -0.12, -0.12, -0.12, -0.12, -0.12, -0.12, -0.34, -0.56, -0.34, -0.12, -0.12, -0.12, -0.12, -0.12, -0.12, -0.12, -0.12, -0.34, -0.56, -0.34, -0.12, 
-0.12, -0.12, -0.12, -0.12, -0.12, -0.12, -0.12, -0.12, -0.12, -0.12, -0.12, -0.12, -0.12, -0.56, -1.00, -0.56, -0.12, -0.12, -0.12, -0.12, -0.12, -0.12, -0.12, -0.12, -0.56, -1.00, -0.56, -0.12, 
-0.12, -0.12, -0.12, -0.12, -0.12, -0.12, -0.12, -0.12, -0.12, -0.12, -0.34, -0.56, -0.34, -0.34, -0.56, -0.34, -0.12, -0.12, -0.12, -0.12, -0.12, -0.12, -0.12, -0.12, -0.34, -0.56, -0.34, -0.12, 
-0.12, -0.12, -0.12, -0.12, -0.12, -0.12, -0.12, -0.12, -0.12, -0.12, -0.34, -0.56, -0.34, -0.12, -0.12, -0.12, -0.12, -0.12, -0.12, -0.12, -0.12, -0.12, -0.12, -0.12, -0.12, -0.12, -0.12, -0.12, 
-0.12, -0.12, -0.12, -0.12, -0.12, -0.12, -0.12, -0.12, -0.12, -0.12, -0.56, -1.00, -0.56, -0.12, -0.12, -0.12, -0.12, -0.12, -0.12, -0.12, -0.12, -0.12, -0.12, -0.12, -0.34, -0.56, -0.34, -0.12, 
-0.12, -0.12, -0.12, -0.12, -0.12, -0.12, -0.12, -0.12, -0.12, -0.12, -0.34, -0.56, -0.34, -0.12, -0.12, -0.12, -0.12, -0.12, -0.12, -0.12, -0.12, -0.12, -0.12, -0.12, -0.56, -1.00, -0.56, -0.34, 
-0.12, -0.12, -0.12, -0.12, -0.12, -0.12, -0.12, -0.12, -0.12, -0.12, -0.12, -0.12, -0.12, -0.12, -0.12, -0.12, -0.12, -0.12, -0.12, -0.12, -0.12, -0.12, -0.12, -0.12, -0.34, -0.56, -0.34, -0.56, 
-0.12, -0.12, -0.12, -0.12, -0.12, -0.12, -0.12, -0.12, -0.12, -0.12, -0.12, -0.12, -0.12, -0.12, -0.12, -0.12, -0.12, -0.12, -0.12, -0.12, -0.34, -0.56, -0.34, -0.12, -0.12, -0.34, -0.56, -0.34, 
-0.12, -0.12, -0.12, -0.12, -0.12, -0.34, -0.56, -0.34, -0.12, -0.12, -0.12, -0.12, -0.12, -0.12, -0.12, -0.12, -0.12, -0.12, -0.12, -0.12, -0.56, -1.00, -0.56, -0.12, -0.12, -0.12, -0.12, -0.12, 
-0.12, -0.12, -0.12, -0.12, -0.12, -0.56, -1.00, -0.56, -0.12, -0.12, -0.12, -0.12, -0.12, -0.12, -0.12, -0.12, -0.12, -0.12, -0.12, -0.12, -0.34, -0.56, -0.34, -0.56, -0.34, -0.12, -0.12, -0.12, 
-0.12, -0.12, -0.12, -0.12, -0.12, -0.34, -0.56, -0.34, -0.12, -0.12, -0.12, -0.12, -0.12, -0.12, -0.12, -0.12, -0.12, -0.12, -0.12, -0.12, -0.34, -0.56, -0.56, -1.00, -0.56, -0.12, -0.12, -0.12, 
-0.12, -0.12, -0.12, -0.12, -0.12, -0.12, -0.12, -0.12, -0.12, -0.12, -0.12, -0.12, -0.12, -0.12, -0.12, -0.12, -0.12, -0.12, -0.12, -0.12, -0.12, -0.12, -0.34, -0.56, -0.34, -0.12, -0.12, -0.12, 
-0.12, -0.12, -0.12, -0.12, -0.12, -0.12, -0.12, -0.12, -0.12, -0.12, -0.12, -0.12, -0.12, -0.12, -0.12, -0.12, -0.12, -0.12, -0.12, -0.12, -0.12, -0.12, -0.12, -0.12, -0.12, -0.12, -0.12, -0.12, 
-0.12, -0.12, -0.12, -0.12, -0.12, -0.12, -0.12, -0.12, -0.12, -0.12, -0.12, -0.12, -0.12, -0.12, -0.12, -0.12, -0.12, -0.12, -0.12, -0.12, -0.12, -0.12, -0.12, -0.12, -0.12, -0.12, -0.12, -0.12, 
-0.12, -0.12, -0.12, -0.12, -0.12, -0.12, -0.12, -0.12, -0.12, -0.12, -0.12, -0.12, -0.12, -0.12, -0.12, -0.12, -0.12, -0.12, -0.12, -0.12, -0.12, -0.12, -0.12, -0.12, -0.12, -0.12, -0.12, -0.12, 
-0.12, -0.12, -0.12, -0.12, -0.12, -0.12, -0.12, -0.12, -0.12, -0.12, -0.12, -0.12, -0.12, -0.12, -0.12, -0.12, -0.12, -0.12, -0.12, -0.12, -0.12, -0.12, -0.12, -0.12, -0.12, -0.12, -0.12, -0.12, 
-0.12, -0.12, -0.12, -0.12, -0.12, -0.12, -0.12, -0.12, -0.12, -0.12, -0.12, -0.12, -0.12, -0.12, -0.12, -0.12, -0.12, -0.12, -0.12, -0.12, -0.12, -0.12, -0.12, -0.12, -0.12, -0.12, -0.12, -0.12, 
-- optimal policy --
L  <  L  L  L  L  <  L  R  <  >  R  R  ^  <  >  >  >  >  >  >  >  >  >  >  >  >  ^  
^  L  ^  R  R  L  L  ^  ^  L  R  ^  ^  L  L  R  R  R  R  >  >  >  >  >  r  v  >  R  
v  l  <  v  v  l  v  v  l  <  v  v  v  l  r  r  v  l  R  R  R  R  R  ^  >  r  v  v  
<  <  L  v  l  v  v  l  <  L  v  v  l  <  >  >  r  r  r  v  v  v  v  R  R  >  >  v  
^  L  v  l  v  v  l  <  L  v  v  l  <  >  >  >  >  >  r  v  v  v  v  v  R  R  ^  R  
v  v  l  v  v  l  <  L  v  v  l  <  L  R  R  >  >  >  >  >  >  r  v  v  l  ^  R  ^  
v  l  v  v  l  <  L  v  v  l  <  L  <  L  l  R  R  R  R  R  ^  >  r  v  l  r  r  v  
r  v  v  l  <  L  v  v  l  <  l  L  r  v  r  v  v  r  v  v  R  R  >  r  r  r  r  v  
v  v  l  <  L  v  l  l  <  v  l  L  r  v  v  v  l  >  >  r  v  >  >  >  >  >  >  v  
v  l  <  L  v  l  v  l  <  v  l  l  r  v  l  l  v  R  R  >  r  R  R  R  R  R  >  R  
L  <  L  v  l  <  l  <  v  l  l  l  l  r  v  v  v  v  v  v  >  r  v  v  l  R  R  ^  
^  L  v  l  <  l  <  L  r  v  l  l  <  v  r  v  v  v  v  v  >  >  r  v  v  l  r  v  
v  v  l  <  v  l  L  r  v  l  v  v  v  v  v  r  v  v  v  l  <  R  r  v  v  r  r  v  
v  l  <  L  v  l  L  r  v  v  v  v  v  l  r  v  r  v  l  <  l  R  >  >  r  >  >  R  
L  <  L  v  l  <  l  r  v  v  l  v  l  v  v  r  v  v  <  v  l  l  R  ^  ^  >  >  >  
L  <  r  v  v  l  r  v  v  l  <  r  v  l  r  v  >  v  <  v  r  v  l  l  R  R  R  ^  
^  L  >  v  l  <  >  v  l  <  L  v  l  v  v  r  v  v  l  r  v  r  v  l  v  v  v  l  
l  <  v  l  <  L  v  v  <  L  >  r  v  v  v  v  r  v  <  >  r  v  v  <  r  v  l  <  
^  v  l  ^  L  v  v  l  L  l  <  >  r  v  l  >  >  v  <  >  >  r  v  r  v  l  <  L  
>  r  v  l  r  v  l  v  l  <  >  >  r  v  v  v  v  l  <  >  >  >  r  >  v  <  l  <  
^  L  v  v  v  l  v  l  <  L  >  >  >  r  v  v  l  <  L  R  R  R  ^  r  v  v  l  L  
>  v  l  >  l  r  r  <  L  >  >  >  >  >  >  l  <  L  ^  L  R  R  R  >  v  v  <  L  
Correct actions (%) : 12.12
Avg angular diffs   : 96.14
