arguments: 28 26 3 0.138715 -0.726137 0.0459411 -0.0892061
loading features...

Initializing gridworld of size 28 by 22..
    Num states: 616
    Num actions: 8
recovered reward
-0.09, -0.09, -0.05, -0.02, -0.05, -0.09, -0.09, -0.09, -0.09, 0.04, -0.09, -0.09, -0.09, 0.04, -0.09, -0.09, -0.09, 0.05, -0.09, -0.09, 0.05, -0.09, 0.06, -0.09, -0.09, 0.06, -0.09, -0.09, 
0.03, -0.09, -0.02, 0.17, -0.02, -0.02, -0.11, -0.45, -0.27, -0.09, -0.09, -0.09, -0.09, -0.09, -0.09, -0.09, -0.05, -0.02, -0.05, -0.09, -0.09, -0.09, -0.09, -0.09, -0.09, -0.09, -0.09, -0.09, 
-0.09, -0.27, -0.42, -0.20, -0.05, 0.05, -0.38, -0.82, -0.45, -0.09, -0.09, -0.09, -0.09, -0.09, -0.09, -0.09, -0.02, 0.05, -0.02, -0.09, -0.09, -0.09, -0.09, -0.09, -0.09, -0.09, -0.09, -0.09, 
0.02, -0.45, -0.82, -0.45, -0.05, -0.02, -0.24, -0.45, -0.27, -0.09, -0.09, -0.09, -0.27, -0.45, -0.27, -0.27, -0.42, -0.20, -0.05, -0.09, -0.09, -0.09, -0.09, -0.09, -0.09, -0.09, -0.09, -0.09, 
-0.09, -0.27, -0.45, -0.27, -0.09, -0.09, -0.09, -0.09, -0.27, -0.45, -0.27, -0.09, -0.45, -0.82, -0.45, -0.45, -0.82, -0.45, -0.09, -0.09, -0.09, -0.09, -0.09, -0.09, -0.09, -0.09, 0.02, -0.09, 
-0.09, -0.09, -0.09, -0.09, -0.09, -0.09, -0.09, -0.09, -0.45, -0.82, -0.45, -0.09, -0.27, -0.45, -0.24, -0.20, -0.42, -0.27, -0.09, -0.09, -0.09, -0.09, -0.09, -0.09, -0.09, -0.09, -0.09, -0.09, 
-0.05, -0.02, -0.05, -0.09, -0.09, -0.09, -0.09, -0.09, -0.27, -0.45, -0.27, -0.09, -0.09, -0.09, -0.02, 0.05, -0.02, -0.09, -0.09, -0.09, -0.09, -0.09, -0.09, -0.09, -0.09, -0.09, -0.09, -0.09, 
-0.02, 0.05, -0.02, -0.09, -0.09, -0.05, -0.02, -0.24, -0.45, -0.27, -0.09, -0.09, -0.09, -0.09, -0.05, -0.02, -0.05, -0.09, -0.09, -0.09, -0.09, -0.09, -0.09, -0.09, -0.09, -0.09, 0.01, -0.09, 
-0.05, -0.02, -0.05, -0.09, -0.09, -0.02, 0.05, -0.38, -0.82, -0.45, -0.05, -0.02, -0.05, -0.09, -0.09, -0.09, -0.09, -0.09, -0.09, -0.09, -0.27, -0.45, -0.27, -0.09, -0.09, -0.09, -0.09, -0.09, 
-0.09, -0.09, -0.09, -0.09, -0.09, -0.05, -0.02, -0.24, -0.45, -0.27, 0.05, 0.05, -0.02, -0.09, -0.20, -0.45, -0.27, -0.02, -0.09, -0.09, -0.39, -0.82, -0.45, -0.03, -0.09, -0.09, -0.09, -0.09, 
-0.09, -0.09, -0.09, -0.09, -0.09, -0.09, -0.09, -0.09, -0.09, -0.09, -0.05, -0.02, -0.05, -0.09, -0.45, -0.82, -0.45, -0.09, -0.09, -0.09, -0.27, -0.45, -0.27, -0.09, -0.09, -0.09, 0.01, -0.09, 
-0.09, -0.09, -0.09, -0.09, -0.09, -0.09, -0.05, 0.06, -0.05, -0.09, -0.09, -0.09, -0.09, -0.09, -0.27, -0.45, -0.27, -0.09, -0.09, -0.09, -0.09, -0.09, -0.09, -0.09, -0.09, -0.09, -0.09, -0.09, 
-0.09, -0.09, -0.09, -0.09, -0.09, -0.09, -0.02, 0.05, -0.02, -0.09, -0.09, -0.05, -0.02, -0.05, -0.27, -0.45, -0.27, -0.09, -0.09, -0.09, -0.09, -0.09, -0.09, -0.09, -0.09, -0.09, -0.09, -0.09, 
0.00, -0.09, -0.09, -0.00, -0.09, -0.09, 0.03, -0.02, -0.05, -0.09, -0.09, -0.02, 0.05, -0.02, -0.45, -0.82, -0.45, -0.09, -0.09, -0.09, -0.09, -0.09, -0.09, -0.09, -0.09, -0.09, -0.04, -0.09, 
-0.09, -0.09, -0.09, -0.09, -0.09, -0.09, -0.09, -0.09, -0.09, -0.09, -0.09, -0.05, -0.02, -0.05, -0.27, -0.45, -0.27, -0.09, -0.09, -0.09, -0.09, -0.09, -0.09, -0.09, -0.09, -0.09, -0.09, -0.09, 
-0.09, -0.09, -0.09, -0.09, -0.09, -0.09, -0.09, -0.09, -0.09, -0.09, -0.09, -0.09, -0.09, -0.09, -0.09, -0.09, -0.27, -0.45, -0.27, -0.09, -0.09, -0.09, -0.09, -0.09, -0.09, -0.09, -0.09, -0.09, 
-0.09, -0.09, -0.09, -0.09, -0.09, -0.09, -0.09, -0.09, -0.09, -0.09, -0.09, -0.09, -0.09, -0.27, -0.45, -0.27, -0.45, -0.82, -0.45, -0.09, -0.09, -0.09, -0.09, -0.09, -0.09, -0.09, -0.05, -0.09, 
-0.09, -0.09, -0.09, -0.09, -0.09, -0.09, -0.09, -0.09, -0.09, -0.09, -0.09, -0.05, -0.02, -0.42, -0.82, -0.45, -0.27, -0.45, -0.27, -0.42, -0.20, -0.05, -0.09, -0.09, -0.09, -0.09, -0.09, -0.09, 
-0.09, -0.09, -0.09, -0.09, -0.09, -0.09, -0.09, -0.09, -0.09, -0.09, -0.09, -0.02, 0.05, -0.20, -0.45, -0.27, -0.09, -0.09, -0.45, -0.75, -0.31, -0.02, -0.09, -0.09, -0.05, -0.09, -0.09, -0.09, 
-0.09, -0.09, -0.08, -0.09, -0.09, -0.08, -0.09, -0.09, -0.08, -0.09, -0.09, -0.04, -0.02, -0.05, -0.07, -0.09, -0.09, -0.06, -0.27, -0.42, -0.17, -0.05, -0.09, -0.09, -0.09, -0.09, -0.09, -0.09, 
-0.09, -0.09, -0.09, -0.09, -0.09, -0.09, -0.09, -0.09, -0.09, -0.09, -0.09, -0.09, -0.09, -0.09, -0.09, -0.09, -0.09, -0.09, -0.09, -0.09, -0.09, -0.09, -0.09, -0.09, -0.09, -0.09, -0.09, -0.09, 
-0.09, -0.09, -0.09, -0.09, -0.09, -0.09, -0.09, -0.09, -0.09, -0.09, -0.09, -0.09, -0.09, -0.09, -0.09, -0.09, -0.09, -0.09, -0.09, -0.09, -0.09, -0.09, -0.09, -0.09, -0.09, -0.09, -0.09, -0.09, 
-- optimal policy --
v  l  r  v  l  l  l  >  >  ^  <  >  >  ^  <  r  >  ^  <  >  R  >  R  <  >  L  <  l  
L  <  >  >  <  v  l  R  R  ^  L  R  R  ^  L  r  R  ^  L  R  ^  R  ^  L  R  ^  L  <  
^  L  R  ^  L  L  <  L  R  ^  ^  R  ^  ^  ^  >  >  ^  <  <  R  ^  R  R  ^  R  ^  L  
<  <  R  R  R  ^  L  l  R  ^  R  ^  R  ^  R  R  R  ^  L  L  <  R  R  R  r  r  v  l  
^  L  l  R  R  ^  L  <  <  R  R  ^  L  r  r  v  R  R  ^  L  L  <  R  R  r  >  v  <  
r  v  l  l  ^  ^  ^  L  l  r  r  v  r  r  r  v  l  l  l  L  L  L  R  R  >  R  ^  L  
r  v  l  l  r  r  v  l  <  r  v  r  v  >  >  <  <  <  <  l  l  L  v  >  R  r  v  l  
>  ^  <  <  r  r  v  l  L  r  r  v  l  R  R  ^  L  L  L  l  l  >  r  v  r  >  l  <  
R  ^  L  L  >  >  <  <  l  r  v  l  l  l  R  ^  L  v  l  <  <  R  r  v  l  R  ^  L  
R  ^  L  L  R  R  ^  L  v  >  >  <  <  <  L  L  >  L  <  L  <  R  >  >  <  r  v  l  
R  ^  L  L  R  R  r  v  l  R  ^  L  L  L  <  L  R  ^  L  <  L  r  R  ^  L  >  r  <  
v  v  l  l  r  r  >  v  <  l  R  ^  L  l  l  l  R  ^  ^  L  <  >  R  ^  >  R  ^  L  
v  l  r  v  l  r  R  ^  L  <  r  r  v  l  l  <  R  ^  ^  ^  L  R  ^  R  R  r  v  l  
<  <  >  L  <  >  R  ^  L  L  >  >  v  <  <  L  R  R  ^  ^  ^  L  >  R  >  >  <  <  
^  L  R  ^  L  R  ^  L  L  L  R  R  ^  L  L  l  l  >  r  v  r  v  v  >  >  R  ^  L  
^  L  L  ^  R  R  ^  ^  L  L  R  R  ^  L  L  <  <  R  >  r  v  v  v  l  R  r  v  l  
^  L  ^  R  R  ^  L  R  ^  r  r  r  v  l  L  L  L  l  R  >  r  v  l  l  r  >  v  <  
r  v  v  r  r  v  r  v  r  >  r  r  v  l  l  r  v  l  l  R  r  v  l  r  v  R  ^  L  
>  r  v  l  r  v  l  r  v  l  >  >  ^  <  l  l  r  v  l  r  >  v  <  >  R  <  ^  L  
>  >  >  <  >  r  <  >  r  <  R  R  ^  L  <  <  >  l  <  r  R  ^  L  R  ^  L  <  ^  
>  R  ^  L  R  ^  L  R  ^  L  R  R  ^  L  L  L  R  ^  L  >  R  ^  L  L  R  ^  L  <  
R  ^  ^  R  R  R  R  R  R  R  R  ^  R  ^  L  L  L  L  L  R  ^  ^  ^  L  L  R  ^  L  
Correct actions (%) : 21.74
Avg angular diffs   : 86.09
