arguments: 28 25 3 0.80015 -0.0995498 -0.000250125 -0.10005
loading features...

Initializing gridworld of size 28 by 22..
    Num states: 616
    Num actions: 8
recovered reward
-0.10, -0.10, -0.10, -0.10, -0.10, -0.10, -0.10, -0.10, -0.10, -0.10, -0.10, -0.10, -0.10, -0.10, -0.10, -0.10, -0.10, -0.10, -0.10, -0.10, -0.10, -0.10, -0.10, -0.10, -0.10, -0.10, -0.10, -0.10, 
-0.10, -0.10, -0.10, -0.10, -0.10, -0.10, -0.10, -0.10, -0.10, -0.10, -0.10, -0.10, -0.10, -0.11, -0.12, -0.11, -0.10, -0.10, -0.10, -0.10, -0.10, -0.10, -0.10, -0.10, -0.10, -0.10, -0.10, -0.10, 
-0.10, -0.10, -0.10, -0.10, -0.10, -0.10, -0.10, -0.10, -0.10, -0.10, -0.10, -0.10, -0.10, -0.12, -0.20, -0.12, -0.10, -0.10, -0.10, -0.10, -0.10, -0.11, -0.12, -0.11, -0.10, -0.10, -0.10, -0.10, 
-0.10, -0.10, -0.10, -0.10, -0.10, -0.10, -0.10, -0.10, 0.10, 0.30, 0.10, -0.10, -0.10, -0.11, -0.12, -0.11, -0.11, -0.12, -0.11, -0.10, -0.10, -0.12, -0.20, -0.13, -0.10, -0.10, -0.10, -0.10, 
-0.10, 0.10, 0.30, 0.10, -0.10, -0.10, -0.10, -0.10, 0.30, 0.70, 0.30, -0.10, -0.10, -0.10, -0.10, -0.10, -0.12, -0.20, -0.12, -0.10, -0.10, -0.11, -0.12, -0.11, -0.10, -0.10, -0.10, -0.10, 
-0.10, 0.30, 0.70, 0.30, -0.10, -0.10, -0.10, -0.10, 0.10, 0.30, 0.10, -0.10, -0.10, -0.10, -0.10, -0.10, -0.11, -0.12, -0.11, -0.10, -0.10, -0.10, -0.10, -0.10, -0.10, -0.10, -0.10, -0.10, 
-0.10, 0.10, 0.30, 0.10, -0.10, -0.10, -0.10, -0.10, -0.10, -0.10, -0.10, -0.10, -0.10, -0.10, 0.10, 0.30, 0.10, -0.10, -0.10, -0.10, -0.10, -0.10, -0.11, -0.13, -0.11, -0.10, -0.10, -0.10, 
-0.10, -0.10, -0.10, -0.10, -0.10, -0.10, -0.10, -0.10, -0.11, -0.12, -0.11, -0.12, -0.11, -0.10, 0.30, 0.70, 0.30, -0.10, -0.10, -0.10, -0.10, -0.10, -0.12, -0.20, -0.12, -0.10, -0.10, -0.10, 
-0.10, -0.10, -0.10, 0.10, 0.30, 0.10, -0.10, -0.10, -0.12, -0.20, -0.12, -0.20, -0.12, -0.10, 0.10, 0.30, 0.10, -0.10, -0.10, -0.10, -0.10, -0.10, -0.11, -0.12, -0.11, -0.10, -0.10, -0.10, 
-0.10, -0.10, -0.10, 0.30, 0.70, 0.30, 0.10, 0.30, 0.10, -0.12, -0.11, -0.12, -0.11, -0.10, -0.10, -0.10, -0.10, -0.10, -0.10, -0.10, -0.10, -0.10, -0.10, -0.10, -0.10, -0.10, -0.10, -0.10, 
-0.10, -0.10, -0.10, 0.10, 0.30, 0.10, 0.30, 0.70, 0.30, -0.10, -0.10, -0.10, -0.10, -0.10, -0.10, -0.10, -0.10, -0.10, -0.11, -0.12, -0.11, -0.10, -0.10, -0.10, -0.10, -0.10, -0.10, -0.10, 
-0.10, -0.10, -0.11, -0.12, -0.11, -0.10, 0.10, 0.30, 0.10, 0.30, 0.08, -0.11, -0.10, -0.10, -0.10, -0.10, -0.10, -0.10, -0.12, 0.00, 0.28, 0.10, -0.10, -0.10, -0.10, -0.10, -0.10, -0.10, 
-0.10, -0.10, -0.12, -0.20, -0.13, -0.10, -0.10, -0.10, 0.30, 0.68, 0.20, -0.12, -0.10, -0.10, -0.10, -0.10, -0.10, -0.10, -0.11, 0.28, 0.70, 0.30, -0.10, -0.10, -0.11, -0.12, -0.11, -0.10, 
-0.10, -0.10, -0.11, -0.12, -0.11, -0.10, -0.10, -0.10, 0.10, 0.28, 0.10, -0.11, -0.10, -0.10, -0.10, -0.10, -0.10, -0.11, -0.12, 0.10, 0.30, 0.10, -0.10, -0.10, -0.12, -0.20, -0.12, -0.10, 
-0.10, -0.10, -0.10, -0.10, -0.10, -0.10, -0.10, -0.10, -0.12, -0.20, -0.12, 0.10, 0.30, 0.10, 0.30, 0.10, -0.10, -0.12, -0.20, -0.12, -0.10, -0.10, -0.10, -0.10, -0.11, -0.12, -0.11, -0.10, 
-0.10, -0.10, -0.10, -0.10, -0.10, -0.10, -0.10, -0.10, -0.11, -0.12, -0.11, 0.30, 0.70, 0.30, 0.70, 0.30, -0.10, -0.11, -0.12, -0.11, 0.10, 0.30, 0.10, -0.10, -0.10, -0.10, -0.10, -0.10, 
-0.10, -0.10, -0.10, -0.10, -0.10, -0.10, 0.10, 0.30, 0.10, -0.10, -0.10, 0.10, 0.30, 0.10, 0.30, 0.10, 0.30, 0.10, -0.10, -0.10, 0.30, 0.70, 0.30, -0.10, -0.10, -0.10, -0.10, -0.10, 
-0.10, -0.10, -0.10, -0.10, -0.10, -0.10, 0.30, 0.70, 0.30, -0.10, -0.10, -0.10, -0.10, -0.10, -0.10, 0.30, 0.70, 0.30, -0.10, -0.10, 0.10, 0.30, 0.10, -0.10, -0.10, -0.10, -0.10, -0.10, 
-0.10, -0.10, -0.10, -0.10, -0.10, -0.10, 0.10, 0.30, 0.10, -0.10, -0.10, -0.10, -0.10, -0.10, -0.10, 0.10, 0.30, 0.10, -0.10, -0.10, -0.10, -0.10, -0.10, -0.10, -0.10, -0.10, -0.10, -0.10, 
-0.10, -0.10, -0.10, -0.10, -0.10, -0.10, -0.10, -0.10, -0.10, -0.10, -0.10, -0.10, -0.10, -0.10, -0.10, -0.10, -0.10, -0.10, -0.10, -0.10, -0.10, -0.10, -0.10, -0.10, -0.10, -0.10, -0.10, -0.10, 
-0.10, -0.10, -0.10, -0.10, -0.10, -0.10, -0.10, -0.10, -0.10, -0.10, -0.10, -0.10, -0.10, -0.10, -0.10, -0.10, -0.10, -0.10, -0.10, -0.10, -0.10, -0.10, -0.10, -0.10, -0.10, -0.10, -0.10, -0.10, 
-0.10, -0.10, -0.10, -0.10, -0.10, -0.10, -0.10, -0.10, -0.10, -0.10, -0.10, -0.10, -0.10, -0.10, -0.10, -0.10, -0.10, -0.10, -0.10, -0.10, -0.10, -0.10, -0.10, -0.10, -0.10, -0.10, -0.10, -0.10, 
-- optimal policy --
v  l  l  v  v  r  r  v  r  v  l  v  l  l  l  <  v  l  l  l  l  l  l  l  l  <  <  l  
v  l  v  l  l  l  r  r  v  l  v  l  l  l  <  r  v  l  l  l  l  l  l  <  <  L  l  l  
r  v  l  v  l  l  r  r  r  v  l  l  l  l  l  v  l  l  l  l  l  l  <  L  L  l  l  l  
r  r  v  l  l  l  >  r  r  v  l  l  l  r  v  v  l  l  l  l  l  l  l  l  l  l  l  l  
r  r  v  l  l  l  r  >  >  v  <  <  <  r  r  v  l  l  l  l  l  l  l  l  l  v  l  l  
>  >  v  <  <  l  >  R  R  ^  L  L  r  r  r  v  l  l  l  l  l  l  l  l  r  v  l  l  
R  R  ^  L  L  <  l  R  R  ^  L  L  >  r  r  v  l  l  l  <  <  l  l  l  v  l  l  l  
R  R  ^  L  v  l  l  l  l  ^  ^  L  r  >  >  v  <  <  l  l  l  v  l  l  l  l  l  l  
R  ^  r  r  v  l  l  v  l  l  l  r  >  R  R  ^  L  L  <  <  v  l  l  l  l  l  l  l  
^  r  >  >  v  <  r  v  l  l  l  l  R  R  R  ^  L  L  L  r  r  v  l  l  l  l  l  l  
r  >  R  R  ^  L  >  v  <  <  l  l  l  R  ^  L  L  L  r  r  v  l  l  l  l  l  l  l  
>  R  R  R  ^  L  R  ^  L  v  l  l  <  ^  R  ^  L  r  r  r  v  l  l  l  l  l  l  l  
R  R  R  R  R  R  R  ^  >  <  <  <  r  r  v  v  l  >  >  >  >  <  <  <  l  l  l  l  
R  R  ^  R  R  R  ^  R  R  ^  L  r  v  r  v  l  l  l  R  R  ^  L  L  l  l  l  l  l  
R  ^  r  r  r  r  v  R  R  ^  r  r  v  r  v  l  l  l  R  R  r  v  l  l  l  l  l  l  
R  >  r  >  r  r  r  v  l  l  >  >  v  >  v  <  v  l  l  r  r  v  l  l  l  l  l  l  
r  r  >  r  r  r  r  v  l  l  R  R  ^  R  ^  L  v  l  l  >  >  v  <  <  l  l  l  l  
r  >  r  r  r  >  >  >  <  <  R  R  ^  R  ^  >  >  <  <  R  R  ^  L  L  <  <  l  l  
r  r  >  r  >  R  R  ^  L  L  R  ^  R  R  R  R  ^  L  L  R  R  ^  L  L  L  L  <  <  
r  >  r  >  R  R  R  ^  L  L  L  R  ^  R  R  R  ^  L  L  R  ^  L  ^  L  L  L  L  <  
r  r  >  R  R  R  ^  ^  L  L  L  L  R  R  R  ^  L  ^  L  L  ^  L  ^  L  L  L  L  L  
>  >  R  R  R  R  ^  R  ^  L  L  L  R  R  ^  ^  L  L  ^  L  L  ^  ^  L  L  L  L  L  
Total actions tested : 44
Correct actions (%) : 22.73
Avg angular diffs   : 71.59
