arguments: 28 37 4 0.336834 0.407916 0.0936995 -0.161551
loading features...

Initializing gridworld of size 28 by 22..
    Num states: 616
    Num actions: 8
recovered reward
-0.16, -0.16, -0.16, -0.16, -0.16, -0.16, -0.16, -0.16, -0.16, -0.16, -0.16, -0.16, -0.16, -0.16, -0.16, -0.16, -0.06, 0.04, -0.06, -0.08, 0.01, -0.08, -0.16, -0.16, -0.16, -0.16, -0.16, -0.16, 
-0.16, -0.16, -0.16, -0.16, -0.16, -0.16, -0.16, -0.16, -0.16, -0.16, -0.16, -0.16, -0.16, -0.16, -0.16, -0.16, 0.04, 0.25, 0.04, 0.01, 0.18, 0.01, -0.16, -0.16, -0.16, -0.16, -0.16, -0.16, 
-0.16, -0.16, -0.16, -0.16, -0.16, -0.16, -0.06, 0.04, -0.06, -0.16, -0.16, -0.16, -0.16, -0.16, -0.16, -0.16, -0.06, 0.04, -0.06, -0.08, 0.01, -0.08, -0.16, -0.16, -0.08, 0.01, 0.13, -0.16, 
-0.16, -0.16, -0.16, -0.16, -0.16, -0.16, 0.04, 0.25, 0.04, -0.10, -0.16, -0.16, -0.09, -0.06, 0.04, -0.06, 0.04, -0.06, 0.04, -0.06, -0.16, -0.16, -0.16, -0.16, 0.01, 0.18, 0.01, -0.16, 
-0.16, -0.16, -0.16, -0.16, -0.16, -0.08, 0.11, 0.13, -0.06, -0.16, -0.16, -0.16, -0.16, 0.04, 0.25, 0.04, -0.06, 0.04, 0.25, 0.04, -0.16, -0.16, -0.06, 0.04, 0.02, 0.01, -0.08, -0.16, 
-0.16, -0.16, -0.16, -0.16, -0.16, 0.01, 0.18, 0.06, -0.16, -0.16, -0.16, -0.16, -0.16, -0.06, 0.04, -0.06, -0.16, -0.06, 0.04, -0.06, -0.16, -0.16, 0.04, 0.25, 0.04, -0.16, 0.04, -0.16, 
-0.08, 0.01, -0.08, -0.16, -0.16, -0.08, 0.01, -0.08, -0.16, -0.16, -0.08, 0.01, -0.08, -0.08, -0.16, -0.16, -0.16, -0.16, -0.16, -0.16, -0.16, -0.16, -0.06, 0.04, -0.06, -0.16, -0.16, -0.16, 
0.01, 0.18, 0.01, -0.16, -0.16, -0.16, -0.16, -0.16, -0.16, -0.16, 0.01, 0.18, 0.01, -0.16, -0.16, -0.16, -0.16, -0.16, -0.06, 0.04, -0.06, -0.16, -0.16, -0.16, -0.16, -0.16, -0.16, -0.16, 
-0.08, 0.01, -0.08, -0.16, -0.16, -0.16, -0.16, -0.11, -0.16, -0.16, -0.08, 0.01, -0.08, 0.01, 0.02, -0.08, -0.16, -0.16, 0.13, 0.41, 0.13, -0.16, -0.16, -0.16, -0.16, 0.03, -0.16, -0.16, 
-0.16, -0.08, 0.01, -0.08, -0.16, -0.16, -0.16, -0.16, -0.16, -0.16, -0.16, -0.16, 0.01, 0.18, 0.01, 0.01, -0.16, -0.16, 0.11, 0.38, 0.11, -0.16, -0.16, -0.16, -0.16, -0.16, -0.16, -0.16, 
-0.16, 0.01, 0.18, 0.01, -0.16, -0.12, -0.16, -0.16, -0.16, -0.16, -0.16, -0.16, -0.08, 0.01, -0.08, -0.08, -0.06, -0.16, -0.08, 0.11, 0.13, -0.06, -0.16, -0.16, -0.16, -0.16, -0.16, -0.08, 
0.01, -0.08, 0.01, -0.08, -0.16, -0.16, -0.16, -0.16, -0.16, -0.16, -0.16, -0.16, -0.16, -0.16, -0.16, -0.06, 0.04, -0.06, -0.16, 0.04, 0.25, 0.04, -0.16, -0.16, 0.02, -0.16, -0.16, 0.01, 
0.18, 0.01, -0.16, -0.16, -0.16, -0.16, -0.16, -0.16, -0.16, -0.16, -0.16, -0.16, -0.16, -0.16, -0.16, 0.04, 0.25, 0.04, -0.16, -0.06, 0.04, -0.06, -0.16, -0.16, -0.16, -0.16, -0.16, -0.08, 
0.01, -0.08, -0.16, -0.16, -0.13, -0.16, -0.16, -0.16, -0.16, -0.16, -0.16, -0.16, -0.16, -0.06, 0.13, 0.11, 0.13, 0.05, -0.16, -0.16, -0.16, -0.16, -0.16, -0.16, -0.16, -0.16, -0.16, -0.16, 
-0.16, -0.16, -0.16, -0.16, -0.16, -0.16, -0.16, -0.06, 0.04, -0.06, -0.16, -0.16, -0.16, 0.04, 0.41, 0.38, 0.01, -0.16, -0.16, -0.16, -0.16, -0.16, 0.01, -0.16, -0.16, -0.16, -0.16, -0.16, 
-0.16, -0.16, -0.16, -0.16, -0.16, -0.16, -0.16, 0.04, 0.25, 0.04, -0.16, -0.16, -0.16, -0.06, 0.13, 0.11, -0.08, -0.16, -0.16, -0.16, -0.16, -0.16, -0.16, -0.16, -0.16, -0.16, -0.16, -0.16, 
-0.16, -0.16, -0.14, -0.16, -0.16, -0.16, -0.16, -0.06, 0.04, -0.06, -0.16, -0.16, -0.16, -0.08, 0.01, -0.08, -0.16, -0.04, -0.16, -0.16, -0.16, -0.16, -0.16, -0.16, -0.16, -0.16, -0.16, -0.16, 
-0.16, -0.16, -0.16, -0.16, -0.16, -0.16, -0.16, -0.16, -0.16, -0.16, -0.16, -0.16, -0.16, 0.01, 0.18, 0.01, -0.16, -0.16, -0.16, -0.16, -0.16, -0.06, 0.04, 0.10, -0.16, -0.16, -0.16, -0.16, 
-0.16, -0.16, -0.16, -0.16, -0.16, -0.16, -0.16, -0.16, -0.16, -0.16, -0.16, -0.16, -0.16, -0.08, 0.01, -0.08, -0.16, -0.16, -0.16, -0.16, -0.16, 0.04, 0.25, 0.04, -0.16, -0.16, -0.16, -0.16, 
-0.15, -0.16, -0.16, -0.16, -0.16, -0.16, -0.16, -0.16, -0.16, -0.16, -0.16, -0.16, -0.16, -0.16, -0.16, -0.16, -0.03, -0.16, -0.16, -0.16, -0.01, -0.06, 0.04, -0.06, -0.16, -0.16, -0.16, -0.16, 
-0.16, -0.16, -0.16, -0.16, -0.16, -0.16, -0.16, -0.16, -0.16, -0.16, -0.16, -0.16, -0.16, -0.16, -0.16, -0.16, -0.16, -0.16, -0.16, -0.02, -0.16, -0.16, -0.16, -0.16, -0.16, -0.16, -0.16, -0.16, 
-0.16, -0.16, -0.16, -0.16, -0.16, -0.16, -0.16, -0.16, -0.16, -0.16, -0.16, -0.16, -0.16, -0.16, -0.16, -0.16, -0.16, -0.16, -0.16, -0.16, -0.16, -0.16, -0.16, -0.16, -0.16, -0.16, -0.16, -0.16, 
-- optimal policy --
r  r  r  r  r  r  v  r  v  l  l  l  r  v  >  r  r  v  l  r  v  l  l  r  r  v  l  l  
r  r  r  r  r  r  r  v  l  l  l  r  r  v  l  >  >  ^  <  >  v  <  <  r  r  r  v  l  
r  r  r  r  r  r  r  v  l  l  l  r  r  r  v  R  R  ^  L  R  ^  L  L  r  r  v  l  <  
v  r  r  r  r  r  >  v  <  <  <  >  r  r  v  l  R  r  v  l  l  L  r  v  >  R  <  L  
r  v  l  r  r  r  R  ^  L  L  L  R  >  >  >  <  <  >  v  <  <  r  r  v  l  ^  L  l  
r  v  l  l  >  >  R  <  L  L  r  v  R  R  ^  L  L  R  ^  L  L  >  >  ^  <  <  L  <  
r  v  l  l  R  R  ^  L  L  r  r  v  l  R  ^  L  L  R  r  v  l  R  R  ^  L  L  ^  L  
>  <  <  <  R  R  ^  L  L  >  >  >  <  r  v  l  l  r  r  v  l  l  R  ^  L  v  l  ^  
R  ^  L  l  l  ^  >  ^  <  R  R  ^  r  v  l  <  l  >  >  v  <  <  L  ^  >  L  <  <  
r  r  v  l  l  v  R  ^  L  R  R  >  >  R  <  L  <  R  R  ^  L  L  l  l  R  ^  L  v  
v  >  >  <  <  l  <  L  R  R  R  R  R  ^  L  r  v  R  R  ^  L  l  l  r  v  l  r  v  
v  l  ^  L  L  ^  L  <  r  v  R  R  R  ^  r  r  v  l  R  >  ^  <  <  >  ^  <  >  >  
L  <  <  L  L  L  r  r  v  l  l  r  r  r  v  >  v  <  l  R  ^  L  L  R  ^  L  R  ^  
^  L  L  <  L  r  r  r  v  l  l  r  r  r  v  l  l  L  <  R  ^  L  v  l  ^  R  R  ^  
^  L  L  L  ^  >  r  r  v  l  l  >  >  >  >  <  <  L  L  <  ^  >  L  <  <  R  R  ^  
^  ^  L  L  >  r  >  >  <  <  <  R  R  R  ^  L  L  L  l  L  r  R  ^  L  v  l  <  ^  
R  >  ^  <  R  >  R  R  ^  L  L  R  r  R  ^  L  L  L  <  r  r  r  r  v  l  <  l  l  
>  R  ^  L  R  R  R  R  ^  L  L  L  >  >  ^  <  <  ^  L  r  r  r  v  l  <  l  l  <  
v  l  R  ^  R  R  R  R  ^  L  L  >  R  R  ^  L  L  l  r  r  >  >  R  <  L  <  <  <  
<  <  <  R  R  R  R  ^  R  ^  L  R  R  R  ^  L  L  <  r  >  R  R  ^  L  L  L  <  l  
^  L  <  R  R  R  ^  L  ^  ^  R  R  R  ^  L  R  ^  L  >  R  ^  R  ^  L  L  L  L  <  
^  L  L  L  R  ^  ^  ^  R  R  R  R  ^  ^  R  ^  L  R  R  ^  L  R  ^  L  L  L  L  L  
Correct actions (%) : 5.93
Avg angular diffs   : 93.00
