arguments: 28 5 4 0.0982143 -0.388393 0.0669643 -0.446429

Initializing gridworld of size 28 by 22..
    Num states: 616
    Num actions: 8
recovered reward
-0.45, -0.45, -0.45, -0.45, -0.45, -0.45, -0.45, -0.45, -0.45, -0.45, -0.45, -0.45, -0.45, -0.45, -0.45, -0.45, -0.45, -0.45, -0.45, -0.45, -0.45, -0.45, -0.45, -0.45, -0.45, -0.45, -0.45, -0.45, 
-0.45, -0.45, -0.45, -0.45, -0.45, -0.45, -0.45, -0.45, -0.45, -0.45, -0.45, -0.45, -0.45, -0.45, -0.45, -0.45, -0.45, -0.45, -0.45, -0.45, -0.45, -0.45, -0.45, -0.45, -0.45, -0.45, -0.45, -0.45, 
-0.45, -0.45, -0.45, -0.45, -0.45, -0.45, -0.45, -0.45, -0.45, -0.45, -0.45, -0.45, -0.45, -0.45, -0.45, -0.45, -0.45, -0.45, -0.45, -0.45, -0.45, -0.45, -0.45, -0.45, -0.45, -0.45, -0.45, -0.45, 
-0.45, -0.45, -0.45, -0.45, -0.45, -0.45, -0.45, -0.45, -0.45, -0.45, -0.45, -0.45, -0.45, -0.45, -0.45, -0.45, -0.45, -0.45, -0.45, -0.45, -0.45, -0.45, -0.45, -0.45, -0.45, -0.45, -0.45, -0.45, 
-0.45, -0.45, -0.45, -0.45, -0.45, -0.45, -0.45, -0.45, -0.45, -0.45, -0.45, -0.45, -0.45, -0.45, -0.45, -0.45, -0.45, -0.45, -0.45, -0.45, -0.45, -0.45, -0.45, -0.45, -0.45, -0.45, -0.45, -0.45, 
-0.45, -0.45, -0.45, -0.45, -0.45, -0.45, -0.45, -0.45, -0.45, -0.45, -0.45, -0.45, -0.45, -0.45, -0.45, -0.45, -0.45, -0.45, -0.45, -0.45, -0.45, -0.45, -0.45, -0.45, -0.45, -0.45, -0.45, -0.45, 
-0.45, -0.45, -0.45, -0.45, -0.45, -0.45, -0.45, -0.45, -0.45, -0.45, -0.45, -0.45, -0.45, -0.45, -0.45, -0.45, -0.45, -0.45, -0.45, -0.45, -0.45, -0.45, -0.45, -0.45, -0.45, -0.45, -0.45, -0.45, 
-0.45, -0.45, -0.45, -0.45, -0.45, -0.45, -0.45, -0.45, -0.45, -0.45, -0.45, -0.45, -0.45, -0.45, -0.45, -0.45, -0.45, -0.45, -0.45, -0.45, -0.45, -0.45, -0.45, -0.45, -0.45, -0.45, -0.45, -0.45, 
-0.45, -0.45, -0.45, -0.45, -0.45, -0.45, -0.45, -0.45, -0.45, -0.45, -0.45, -0.45, -0.45, -0.45, -0.45, -0.45, -0.45, -0.45, -0.45, -0.45, -0.45, -0.45, -0.45, -0.45, -0.45, -0.45, -0.45, -0.45, 
-0.45, -0.45, -0.45, -0.45, -0.45, -0.45, -0.45, -0.45, -0.45, -0.45, -0.45, -0.45, -0.45, -0.45, -0.45, -0.45, -0.45, -0.45, -0.45, -0.45, -0.45, -0.45, -0.45, -0.45, -0.45, -0.45, -0.45, -0.45, 
-0.45, -0.45, -0.45, -0.45, -0.45, -0.45, -0.45, -0.45, -0.45, -0.45, -0.45, -0.45, -0.45, -0.45, -0.45, -0.45, -0.45, -0.45, -0.45, -0.45, -0.45, -0.45, -0.45, -0.45, -0.45, -0.45, -0.45, -0.45, 
-0.45, -0.45, -0.45, -0.45, -0.45, -0.45, -0.45, -0.45, -0.45, -0.45, -0.45, -0.45, -0.45, -0.45, -0.45, -0.45, -0.45, -0.45, -0.45, -0.45, -0.45, -0.45, -0.45, -0.45, -0.45, -0.45, -0.45, -0.45, 
-0.45, -0.45, -0.45, -0.45, -0.45, -0.45, -0.45, -0.45, -0.45, -0.45, -0.45, -0.45, -0.45, -0.45, -0.45, -0.45, -0.45, -0.45, -0.45, -0.45, -0.45, -0.45, -0.45, -0.45, -0.45, -0.45, -0.45, -0.45, 
-0.45, -0.45, -0.45, -0.45, -0.45, -0.45, -0.45, -0.45, -0.45, -0.45, -0.45, -0.45, -0.45, -0.45, -0.45, -0.45, -0.45, -0.45, -0.45, -0.45, -0.45, -0.45, -0.45, -0.45, -0.45, -0.45, -0.45, -0.45, 
-0.45, -0.45, -0.45, -0.45, -0.45, -0.45, -0.45, -0.45, -0.45, -0.45, -0.45, -0.45, -0.45, -0.45, -0.45, -0.45, -0.45, -0.45, -0.45, -0.45, -0.45, -0.45, -0.45, -0.45, -0.45, -0.45, -0.45, -0.45, 
-0.45, -0.45, -0.45, -0.45, -0.45, -0.45, -0.45, -0.45, -0.45, -0.45, -0.45, -0.45, -0.45, -0.45, -0.45, -0.45, -0.45, -0.45, -0.45, -0.45, -0.45, -0.45, -0.45, -0.45, -0.45, -0.45, -0.45, -0.45, 
-0.45, -0.45, -0.45, -0.45, -0.45, -0.45, -0.45, -0.45, -0.45, -0.45, -0.45, -0.45, -0.45, -0.45, -0.45, -0.45, -0.45, -0.45, -0.45, -0.45, -0.45, -0.45, -0.45, -0.45, -0.45, -0.45, -0.45, -0.45, 
-0.45, -0.45, -0.45, -0.45, -0.45, -0.45, -0.45, -0.45, -0.45, -0.45, -0.45, -0.45, -0.45, -0.45, -0.45, -0.45, -0.45, -0.45, -0.45, -0.45, -0.45, -0.45, -0.45, -0.45, -0.45, -0.45, -0.45, -0.45, 
-0.45, -0.45, -0.45, -0.45, -0.45, -0.45, -0.45, -0.45, -0.45, -0.45, -0.45, -0.45, -0.45, -0.45, -0.45, -0.45, -0.45, -0.45, -0.45, -0.45, -0.45, -0.45, -0.45, -0.45, -0.45, -0.45, -0.45, -0.45, 
-0.45, -0.45, -0.45, -0.45, -0.45, -0.45, -0.45, -0.45, -0.45, -0.45, -0.45, -0.45, -0.45, -0.45, -0.45, -0.45, -0.45, -0.45, -0.45, -0.45, -0.45, -0.45, -0.45, -0.45, -0.45, -0.45, -0.45, -0.45, 
-0.45, -0.45, -0.45, -0.45, -0.45, -0.45, -0.45, -0.45, -0.45, -0.45, -0.45, -0.45, -0.45, -0.45, -0.45, -0.45, -0.45, -0.45, -0.45, -0.45, -0.45, -0.45, -0.45, -0.45, -0.45, -0.45, -0.45, -0.45, 
-0.45, -0.45, -0.45, -0.45, -0.45, -0.45, -0.45, -0.45, -0.45, -0.45, -0.45, -0.45, -0.45, -0.45, -0.45, -0.45, -0.45, -0.45, -0.45, -0.45, -0.45, -0.45, -0.45, -0.45, -0.45, -0.45, -0.45, -0.45, 
-- optimal policy --
v  ^  R  <  >  >  >  ^  <  >  >  R  ^  <  >  >  ^  L  <  L  <  >  ^  R  <  R  <  v  
l  R  ^  L  R  R  R  ^  L  R  R  R  ^  L  R  R  ^  ^  L  ^  L  R  ^  ^  L  ^  L  v  
^  L  v  v  v  l  <  v  >  r  v  >  r  v  >  r  v  r  v  r  v  r  v  l  >  r  v  >  
L  <  v  v  l  <  L  v  v  >  >  >  >  >  >  >  r  >  r  >  r  v  v  v  R  >  >  r  
^  L  v  l  <  L  v  v  v  R  ^  R  R  ^  R  R  >  >  >  >  >  >  r  v  l  v  R  ^  
v  v  l  <  L  v  v  v  l  <  >  r  v  >  r  R  ^  R  R  R  R  ^  >  r  v  r  v  R  
v  l  <  L  v  v  v  l  <  L  v  >  >  >  >  >  >  >  >  >  r  R  R  ^  v  v  >  R  
v  <  L  r  v  v  l  <  L  v  v  v  ^  R  R  R  R  R  R  R  >  >  >  >  >  >  >  R  
L  <  v  v  r  v  <  L  v  v  v  v  v  v  v  r  v  v  r  R  R  R  R  R  ^  ^  ^  r  
L  <  v  v  v  l  <  v  r  v  v  v  v  v  v  v  r  v  v  >  >  >  >  r  v  >  >  >  
^  L  v  v  l  <  L  v  v  r  v  v  v  v  v  v  v  r  v  R  R  R  >  >  r  R  ^  ^  
l  <  v  l  <  L  v  v  v  v  r  v  v  v  v  v  v  v  r  v  v  R  >  >  >  >  r  <  
^  L  l  <  L  v  r  v  v  v  v  r  v  v  v  v  v  v  v  v  l  R  R  R  R  R  ^  >  
v  l  <  L  v  r  v  r  v  v  v  v  r  v  v  v  v  v  v  l  v  l  >  >  >  r  R  ^  
l  <  L  v  v  v  r  v  r  v  v  v  v  r  v  v  v  v  l  v  l  v  v  R  R  >  >  >  
l  <  v  v  v  v  v  r  v  r  v  v  v  v  r  v  v  l  <  l  v  v  v  v  R  R  R  ^  
^  L  v  v  v  v  v  v  r  v  r  v  v  v  v  r  v  <  v  v  v  v  v  l  v  v  v  v  
v  r  v  v  v  v  v  l  >  r  v  r  r  v  l  >  l  <  r  v  v  v  l  v  v  v  v  v  
r  v  r  v  v  v  l  v  v  >  r  v  >  r  v  l  ^  L  v  r  v  l  <  v  v  v  v  v  
>  r  v  r  v  l  <  v  v  v  r  v  l  v  l  <  v  v  r  v  l  <  v  v  r  v  v  v  
R  >  r  v  l  <  L  r  v  l  >  r  v  l  <  v  l  r  v  l  ^  L  r  v  v  >  r  l  
>  >  >  v  <  L  >  >  l  <  R  ^  v  l  >  l  <  >  r  ^  L  >  >  v  v  >  r  l  
