arguments: 28 11 1 0.799201 -0.0999001 -0.000999001 -0.0999001
loading features...

Initializing gridworld of size 28 by 22..
    Num states: 616
    Num actions: 8
recovered reward
-0.12, -0.20, -0.12, -0.10, 0.10, 0.29, 0.07, -0.10, -0.10, -0.10, -0.10, -0.10, -0.10, -0.10, -0.10, -0.10, -0.10, -0.10, -0.10, -0.12, -0.10, -0.10, -0.10, -0.10, -0.10, -0.10, -0.10, -0.10, 
-0.10, 0.07, 0.29, 0.10, 0.30, 0.67, 0.20, -0.12, -0.10, -0.10, -0.10, -0.10, -0.10, -0.10, -0.10, -0.10, -0.10, -0.10, -0.12, 0.00, 0.27, 0.10, -0.10, -0.10, -0.10, -0.10, -0.10, -0.10, 
-0.10, 0.30, 0.70, 0.30, 0.10, 0.29, 0.07, -0.10, -0.10, -0.10, -0.10, -0.10, -0.10, -0.10, -0.10, -0.10, -0.10, -0.10, -0.10, 0.27, 0.69, 0.30, -0.10, -0.10, -0.10, -0.10, -0.10, -0.10, 
-0.10, 0.10, 0.30, 0.10, -0.10, -0.10, -0.12, -0.11, -0.10, -0.10, -0.10, -0.10, -0.10, -0.10, -0.10, -0.10, -0.10, -0.10, -0.10, 0.10, 0.30, 0.10, 0.10, -0.10, -0.10, -0.10, -0.10, -0.10, 
-0.10, -0.10, -0.10, -0.10, -0.10, -0.10, -0.10, -0.10, -0.10, -0.10, -0.10, -0.10, -0.10, -0.10, -0.10, -0.10, -0.10, -0.10, -0.10, -0.10, 0.10, 0.30, 0.10, -0.10, -0.10, -0.10, -0.10, -0.10, 
-0.10, -0.10, -0.10, -0.10, -0.10, -0.10, -0.10, -0.10, -0.10, -0.10, -0.10, -0.12, -0.10, -0.10, -0.10, -0.10, -0.10, -0.10, -0.10, -0.10, 0.30, 0.70, 0.30, -0.10, -0.10, -0.10, -0.10, -0.10, 
-0.10, -0.10, -0.10, -0.10, -0.10, -0.10, -0.10, -0.10, -0.10, -0.10, -0.12, -0.20, -0.12, -0.10, -0.10, -0.10, -0.10, -0.10, -0.10, -0.10, 0.09, 0.27, 0.09, -0.10, -0.10, -0.10, -0.10, -0.10, 
-0.10, -0.10, -0.10, -0.10, -0.10, -0.10, 0.10, 0.30, 0.10, -0.10, -0.10, -0.12, -0.10, -0.10, -0.10, -0.10, -0.10, -0.10, -0.10, 0.10, 0.27, 0.00, -0.12, -0.10, -0.10, -0.10, -0.10, -0.10, 
-0.10, -0.10, -0.10, -0.10, -0.10, -0.10, 0.30, 0.70, 0.30, -0.10, -0.10, -0.10, -0.10, -0.10, -0.10, -0.10, -0.10, -0.10, -0.10, 0.30, 0.69, 0.27, -0.10, -0.10, -0.10, -0.10, -0.10, -0.10, 
-0.10, -0.10, -0.10, -0.10, -0.10, -0.10, 0.10, 0.30, 0.10, 0.30, 0.10, -0.10, -0.10, -0.10, -0.10, -0.10, -0.10, -0.10, -0.10, 0.10, 0.30, 0.10, -0.10, -0.10, -0.10, -0.10, -0.10, -0.10, 
-0.10, -0.10, -0.10, -0.10, -0.10, -0.10, -0.10, -0.10, 0.30, 0.70, 0.30, -0.10, -0.10, -0.10, -0.10, -0.10, -0.12, -0.10, -0.10, -0.10, -0.10, -0.10, -0.10, -0.10, -0.10, -0.10, -0.10, -0.10, 
-0.10, -0.10, -0.10, -0.10, -0.10, -0.10, -0.10, -0.10, 0.10, 0.30, 0.10, -0.10, -0.10, -0.10, -0.12, -0.12, -0.20, -0.12, -0.10, -0.10, -0.10, -0.10, -0.10, -0.10, -0.10, -0.10, -0.10, -0.10, 
-0.10, -0.10, -0.10, -0.10, -0.10, -0.10, -0.10, -0.10, -0.10, -0.10, -0.10, -0.10, -0.10, -0.12, -0.20, -0.10, -0.12, -0.10, -0.10, -0.10, -0.10, -0.10, -0.10, -0.10, 0.10, 0.30, 0.10, -0.10, 
-0.10, -0.10, -0.10, -0.10, -0.10, -0.10, -0.10, -0.10, -0.10, -0.10, -0.10, -0.10, -0.10, -0.10, -0.12, -0.10, -0.10, -0.10, -0.10, -0.10, -0.10, -0.10, -0.10, -0.10, 0.30, 0.70, 0.30, -0.10, 
-0.10, -0.10, -0.10, -0.10, -0.10, -0.10, -0.10, -0.10, -0.10, -0.10, -0.10, -0.10, -0.10, -0.10, -0.10, -0.10, -0.10, -0.10, -0.10, -0.10, -0.10, 0.10, 0.30, 0.10, 0.10, 0.30, 0.10, -0.10, 
-0.10, -0.10, -0.10, -0.10, -0.10, -0.10, -0.10, -0.10, -0.10, -0.10, -0.10, -0.10, -0.10, -0.10, -0.10, -0.10, -0.10, -0.10, -0.10, -0.10, 0.10, 0.30, 0.69, 0.27, -0.10, -0.10, -0.10, -0.10, 
-0.10, -0.10, -0.10, -0.10, -0.10, -0.10, -0.10, -0.10, -0.10, -0.10, -0.10, -0.10, -0.10, -0.10, -0.10, -0.10, -0.10, -0.10, -0.10, -0.10, 0.30, 0.10, 0.27, -0.00, -0.12, -0.10, -0.10, -0.10, 
-0.10, -0.10, -0.10, -0.10, -0.10, -0.10, 0.10, 0.30, 0.10, -0.10, -0.10, -0.10, -0.10, -0.10, -0.10, -0.12, -0.10, -0.10, -0.10, -0.10, 0.10, 0.30, 0.09, -0.12, -0.10, -0.10, -0.10, -0.10, 
-0.10, -0.10, -0.10, -0.10, -0.10, -0.10, 0.30, 0.70, 0.30, -0.10, -0.10, -0.10, -0.10, -0.10, -0.12, -0.20, -0.12, -0.10, -0.10, -0.12, -0.10, -0.10, -0.10, -0.10, -0.10, -0.10, -0.10, -0.10, 
-0.10, -0.10, -0.10, -0.10, -0.10, -0.10, 0.10, 0.30, 0.10, -0.10, -0.10, -0.10, -0.10, -0.10, -0.10, -0.12, -0.11, -0.10, -0.12, -0.20, -0.12, -0.10, -0.10, -0.10, -0.10, -0.10, -0.10, -0.10, 
-0.10, -0.10, -0.10, -0.10, -0.10, -0.10, -0.10, -0.10, -0.10, -0.10, -0.10, -0.10, -0.10, -0.10, -0.10, -0.12, -0.10, -0.10, -0.10, -0.12, -0.10, -0.10, -0.10, -0.10, -0.10, -0.10, -0.10, -0.10, 
-0.10, -0.10, -0.10, -0.10, -0.10, -0.10, -0.10, -0.10, -0.10, -0.10, -0.10, -0.10, -0.10, -0.10, -0.10, -0.10, -0.10, -0.10, -0.10, -0.10, -0.10, -0.10, -0.10, -0.10, -0.10, -0.10, -0.10, -0.10, 
-- optimal policy --
r  r  v  l  r  v  l  l  <  <  <  <  <  r  >  r  r  r  r  r  v  l  l  l  l  l  l  l  
r  r  v  l  >  <  <  <  l  l  l  l  v  l  r  >  r  r  r  r  v  l  l  l  l  l  l  l  
>  >  v  <  R  ^  L  L  <  <  <  v  l  l  r  r  r  r  >  >  v  <  <  l  l  l  l  l  
R  R  ^  L  L  ^  L  L  L  L  v  l  l  l  r  r  r  >  R  R  ^  L  l  l  l  l  <  l  
R  R  ^  L  L  L  L  L  L  v  l  l  l  <  r  r  >  R  R  r  r  v  l  l  l  l  l  l  
R  ^  ^  ^  L  r  v  r  v  l  l  l  <  l  l  r  r  r  r  >  >  >  <  <  <  <  <  <  
^  L  L  R  r  r  r  v  l  l  l  l  l  l  l  r  >  r  r  R  R  ^  L  L  <  l  L  L  
^  ^  L  r  >  r  r  v  l  l  l  l  l  l  l  >  r  >  r  r  v  l  L  L  L  <  <  <  
^  ^  r  >  r  >  >  v  <  <  l  l  l  <  <  r  >  r  >  >  v  <  <  l  L  L  <  v  
^  r  >  r  >  R  R  ^  r  v  l  l  l  l  l  >  R  >  R  R  ^  L  L  <  r  v  v  v  
r  >  r  >  R  R  R  ^  >  v  <  <  l  l  <  R  R  R  R  R  ^  L  L  r  v  v  l  l  
>  r  >  R  R  R  ^  R  R  ^  L  L  <  <  L  R  R  R  R  R  R  ^  r  r  r  v  l  l  
r  >  R  R  R  ^  R  R  R  ^  L  L  L  <  L  R  R  R  R  r  r  v  >  r  r  v  l  l  
>  R  R  R  ^  R  R  R  ^  ^  L  L  L  L  <  R  R  r  r  r  r  r  v  >  >  v  <  <  
R  r  r  r  r  v  R  R  R  ^  L  ^  L  L  L  <  r  r  r  r  r  r  v  l  R  ^  L  L  
r  >  r  r  r  r  v  r  v  l  l  l  ^  L  L  L  r  r  r  r  >  >  ^  <  R  ^  L  L  
r  r  r  r  r  r  r  v  l  l  l  l  l  L  L  >  >  r  r  >  R  R  ^  L  L  ^  ^  L  
r  r  >  r  >  r  r  v  l  l  l  l  <  <  L  R  r  >  >  R  ^  R  ^  L  L  L  ^  ^  
r  >  r  r  r  >  >  v  <  <  <  l  l  l  L  R  >  R  R  R  R  ^  L  L  L  L  L  L  
>  r  r  r  >  R  R  ^  L  L  L  <  <  l  l  >  R  R  R  R  R  R  ^  L  L  L  L  L  
>  r  r  >  R  R  R  ^  L  L  L  L  <  <  <  R  R  R  R  R  R  ^  L  ^  L  L  L  L  
R  >  >  R  R  R  ^  L  ^  L  L  L  L  L  <  R  R  R  R  R  R  ^  L  ^  L  L  L  L  
Total actions tested : 48
Correct actions (%) : 10.42
Avg angular diffs   : 93.75
