arguments: 28 41 4 0.00314136 -0.758639 -0.0287958 -0.209424
loading features...

Initializing gridworld of size 28 by 22..
    Num states: 616
    Num actions: 8
recovered reward
-0.21, -0.21, -0.21, -0.21, -0.21, -0.21, -0.21, -0.21, -0.21, -0.21, -0.21, -0.21, -0.21, -0.21, -0.21, -0.21, -0.21, -0.21, -0.21, -0.21, -0.21, -0.21, -0.21, -0.21, -0.21, -0.21, -0.21, -0.21, 
-0.21, -0.21, -0.21, -0.21, -0.21, -0.21, -0.21, -0.21, -0.21, -0.21, -0.21, -0.21, -0.21, -0.21, -0.21, -0.21, -0.40, -0.59, -0.40, -0.21, -0.21, -0.40, -0.59, -0.40, -0.21, -0.27, -0.21, -0.21, 
-0.21, -0.21, -0.21, -0.21, -0.21, -0.21, -0.21, -0.21, -0.21, -0.21, -0.21, -0.21, -0.21, -0.21, -0.23, -0.21, -0.59, -0.97, -0.59, -0.21, -0.21, -0.59, -0.97, -0.59, -0.21, -0.21, -0.21, -0.21, 
-0.21, -0.21, -0.21, -0.21, -0.21, -0.21, -0.21, -0.21, -0.40, -0.59, -0.40, -0.23, -0.21, -0.21, -0.21, -0.21, -0.43, -0.59, -0.40, -0.40, -0.21, -0.40, -0.59, -0.46, -0.21, -0.21, -0.21, -0.21, 
-0.21, -0.21, -0.21, -0.21, -0.21, -0.21, -0.21, -0.21, -0.59, -0.99, -0.59, -0.21, -0.21, -0.21, -0.21, -0.21, -0.21, -0.59, -0.97, -0.59, -0.21, -0.21, -0.21, -0.21, -0.21, -0.21, -0.21, -0.21, 
-0.21, -0.21, -0.21, -0.21, -0.21, -0.21, -0.21, -0.21, -0.40, -0.59, -0.40, -0.21, -0.21, -0.21, -0.21, -0.21, -0.21, -0.40, -0.59, -0.40, -0.21, -0.21, -0.40, -0.59, -0.40, -0.21, -0.21, -0.21, 
-0.21, -0.21, -0.21, -0.21, -0.21, -0.21, -0.21, -0.23, -0.21, -0.21, -0.21, -0.21, -0.21, -0.21, -0.21, -0.21, -0.24, -0.21, -0.21, -0.21, -0.21, -0.21, -0.59, -1.03, -0.59, -0.21, -0.21, -0.21, 
-0.21, -0.21, -0.21, -0.21, -0.21, -0.21, -0.21, -0.40, -0.59, -0.40, -0.21, -0.21, -0.21, -0.21, -0.21, -0.21, -0.21, -0.21, -0.21, -0.21, -0.21, -0.21, -0.40, -0.59, -0.40, -0.21, -0.21, -0.21, 
-0.21, -0.21, -0.21, -0.21, -0.21, -0.21, -0.21, -0.59, -0.97, -0.59, -0.59, -0.40, -0.21, -0.21, -0.21, -0.21, -0.21, -0.21, -0.21, -0.21, -0.21, -0.21, -0.21, -0.21, -0.21, -0.21, -0.21, -0.21, 
-0.21, -0.21, -0.21, -0.21, -0.21, -0.21, -0.22, -0.40, -0.59, -0.40, -0.97, -0.59, -0.21, -0.21, -0.21, -0.21, -0.24, -0.21, -0.21, -0.21, -0.21, -0.21, -0.26, -0.21, -0.21, -0.21, -0.21, -0.21, 
-0.21, -0.21, -0.21, -0.21, -0.21, -0.21, -0.21, -0.21, -0.21, -0.40, -0.59, -0.40, -0.21, -0.21, -0.21, -0.21, -0.21, -0.21, -0.21, -0.21, -0.21, -0.21, -0.21, -0.21, -0.21, -0.21, -0.21, -0.21, 
-0.21, -0.21, -0.21, -0.21, -0.21, -0.21, -0.21, -0.21, -0.21, -0.21, -0.21, -0.21, -0.21, -0.21, -0.21, -0.21, -0.21, -0.21, -0.21, -0.21, -0.21, -0.21, -0.21, -0.21, -0.21, -0.21, -0.21, -0.21, 
-0.21, -0.21, -0.21, -0.21, -0.41, -0.59, -0.40, -0.21, -0.21, -0.21, -0.21, -0.21, -0.21, -0.40, -0.63, -0.40, -0.21, -0.21, -0.21, -0.21, -0.21, -0.21, -0.21, -0.21, -0.21, -0.21, -0.21, -0.21, 
-0.21, -0.40, -0.59, -0.40, -0.59, -0.97, -0.59, -0.21, -0.21, -0.21, -0.21, -0.21, -0.21, -0.59, -0.97, -0.59, -0.21, -0.21, -0.21, -0.21, -0.21, -0.26, -0.21, -0.21, -0.21, -0.21, -0.21, -0.21, 
-0.21, -0.59, -0.97, -0.60, -0.40, -0.59, -0.40, -0.21, -0.21, -0.21, -0.21, -0.21, -0.21, -0.40, -0.59, -0.40, -0.21, -0.21, -0.21, -0.21, -0.21, -0.21, -0.21, -0.21, -0.21, -0.21, -0.21, -0.21, 
-0.21, -0.40, -0.59, -0.40, -0.21, -0.21, -0.21, -0.21, -0.21, -0.21, -0.21, -0.21, -0.21, -0.21, -0.21, -0.25, -0.21, -0.21, -0.21, -0.21, -0.26, -0.21, -0.21, -0.21, -0.21, -0.21, -0.21, -0.21, 
-0.21, -0.22, -0.21, -0.21, -0.21, -0.21, -0.21, -0.21, -0.21, -0.21, -0.21, -0.21, -0.21, -0.21, -0.21, -0.21, -0.21, -0.40, -0.59, -0.40, -0.21, -0.21, -0.21, -0.21, -0.21, -0.21, -0.21, -0.21, 
-0.21, -0.21, -0.21, -0.21, -0.21, -0.21, -0.21, -0.21, -0.40, -0.59, -0.40, -0.21, -0.21, -0.21, -0.21, -0.21, -0.21, -0.59, -0.97, -0.59, -0.21, -0.21, -0.21, -0.21, -0.21, -0.21, -0.21, -0.21, 
-0.21, -0.21, -0.21, -0.21, -0.21, -0.21, -0.21, -0.21, -0.59, -0.97, -0.59, -0.21, -0.21, -0.21, -0.21, -0.25, -0.21, -0.40, -0.63, -0.40, -0.21, -0.21, -0.21, -0.21, -0.21, -0.21, -0.21, -0.21, 
-0.21, -0.21, -0.21, -0.21, -0.21, -0.21, -0.21, -0.21, -0.40, -0.59, -0.40, -0.21, -0.21, -0.21, -0.21, -0.21, -0.21, -0.21, -0.21, -0.21, -0.21, -0.21, -0.21, -0.21, -0.21, -0.21, -0.21, -0.21, 
-0.21, -0.21, -0.21, -0.21, -0.21, -0.21, -0.21, -0.21, -0.21, -0.21, -0.21, -0.21, -0.21, -0.21, -0.21, -0.21, -0.21, -0.21, -0.21, -0.21, -0.21, -0.21, -0.21, -0.21, -0.21, -0.21, -0.21, -0.21, 
-0.21, -0.21, -0.21, -0.21, -0.21, -0.21, -0.21, -0.21, -0.21, -0.21, -0.21, -0.21, -0.21, -0.21, -0.21, -0.21, -0.21, -0.21, -0.21, -0.21, -0.21, -0.21, -0.21, -0.21, -0.21, -0.21, -0.21, -0.21, 
-- optimal policy --
v  v  v  l  l  v  r  r  r  >  r  r  v  l  l  l  l  <  <  <  <  l  <  r  v  l  v  l  
r  v  v  l  v  l  l  r  >  r  >  >  v  <  <  v  l  L  L  L  v  l  L  r  v  l  l  l  
r  r  v  v  l  l  l  >  R  >  R  R  ^  L  v  l  l  L  >  r  v  l  l  r  v  l  l  v  
r  r  r  v  l  l  l  R  R  R  R  R  ^  >  v  <  <  l  R  r  v  v  l  l  l  l  l  v  
r  r  v  l  l  l  l  l  L  R  >  R  R  R  ^  L  L  <  l  r  v  l  l  <  <  v  l  v  
r  r  v  l  l  l  l  l  r  r  R  R  R  R  ^  L  r  v  l  l  v  v  l  L  r  r  v  l  
>  >  v  <  <  <  l  <  >  >  R  R  R  ^  r  r  r  v  l  l  r  v  l  l  r  v  l  v  
R  R  ^  L  L  <  l  l  R  R  R  R  ^  r  >  >  >  v  <  r  r  v  l  l  l  l  v  v  
R  R  ^  L  L  L  <  <  R  R  R  ^  r  >  R  R  R  ^  L  >  >  v  <  <  <  r  v  l  
R  ^  ^  ^  L  L  L  L  l  l  R  r  >  R  R  R  R  ^  L  R  R  ^  L  L  r  v  l  l  
^  ^  ^  ^  ^  L  L  <  <  r  r  >  R  R  R  ^  R  R  R  R  R  ^  L  r  r  v  l  l  
^  ^  ^  ^  ^  ^  L  L  <  r  >  R  R  R  ^  R  R  R  R  R  ^  ^  >  >  >  v  <  <  
^  >  R  ^  L  L  L  L  L  >  R  R  R  R  R  R  R  R  R  ^  ^  >  R  R  R  ^  L  L  
R  R  ^  L  L  R  R  ^  L  R  R  R  ^  L  R  R  R  R  ^  ^  R  R  R  R  R  ^  L  L  
^  L  L  r  r  r  R  ^  ^  R  R  ^  ^  L  l  R  R  ^  r  R  r  R  R  R  ^  ^  ^  L  
^  L  v  >  r  >  R  R  R  R  ^  ^  ^  L  r  R  R  >  >  r  r  r  r  v  l  v  l  l  
^  L  l  r  >  R  R  R  R  ^  ^  ^  ^  ^  >  R  R  R  R  r  r  r  r  r  v  l  l  l  
^  L  <  >  R  R  R  R  ^  L  L  ^  ^  >  R  r  v  l  r  r  r  r  r  r  v  l  l  l  
^  L  L  R  R  R  R  ^  L  L  R  ^  >  R  r  r  r  r  r  r  r  r  >  >  v  <  <  l  
^  ^  L  L  R  R  ^  ^  L  r  R  >  R  >  r  >  r  r  r  r  r  >  R  R  ^  L  L  <  
R  ^  L  ^  L  ^  ^  ^  L  r  >  R  >  >  >  r  r  r  r  r  >  R  R  R  ^  L  L  L  
^  L  ^  L  ^  L  ^  L  ^  >  R  >  >  >  >  >  >  >  >  >  R  R  R  ^  L  L  L  L  
Correct actions (%) : 15.27
Avg angular diffs   : 93.09
