arguments: 28 36 4 0.015873 -0.18254 -0.00793651 -0.793651
loading features...

Initializing gridworld of size 28 by 22..
    Num states: 616
    Num actions: 8
recovered reward
-0.79, -0.79, -0.79, -0.79, -0.79, -0.79, -0.81, -0.79, -0.79, -0.81, -0.98, -0.79, -0.79, -0.81, -0.79, -0.79, -0.79, -0.81, -0.79, -0.79, -0.81, -0.79, -0.82, -0.79, -0.79, -0.82, -0.79, -0.79, 
-0.79, -0.98, -0.79, -0.81, -0.79, -0.79, -0.79, -0.79, -0.79, -0.79, -0.79, -0.79, -0.79, -0.79, -0.79, -0.79, -0.79, -0.79, -0.79, -0.96, -0.79, -0.79, -0.79, -0.79, -0.79, -0.79, -0.79, -0.79, 
-0.79, -0.79, -0.79, -0.79, -0.79, -0.79, -0.79, -0.79, -0.79, -0.79, -0.79, -0.79, -0.79, -0.79, -0.79, -0.79, -0.98, -0.79, -0.79, -0.79, -0.79, -0.79, -0.79, -0.79, -0.79, -0.79, -0.79, -0.79, 
-0.79, -0.81, -0.79, -0.79, -0.79, -0.79, -0.79, -0.79, -0.79, -0.79, -0.79, -0.79, -0.79, -0.79, -0.98, -0.79, -0.79, -0.79, -0.78, -0.79, -0.78, -0.79, -0.79, -0.79, -0.79, -0.79, -0.79, -0.79, 
-0.79, -0.79, -0.79, -0.79, -0.79, -0.79, -0.79, -0.79, -0.79, -0.79, -0.79, -0.79, -0.79, -0.79, -0.79, -0.79, -0.79, -0.79, -0.79, -0.79, -0.79, -0.79, -0.79, -0.79, -0.79, -0.79, -0.79, -0.79, 
-0.79, -0.79, -0.79, -0.79, -0.79, -0.79, -0.79, -0.79, -0.79, -0.79, -0.79, -0.79, -0.79, -0.78, -0.79, -0.79, -0.79, -0.79, -0.79, -0.79, -0.79, -0.78, -0.79, -0.79, -0.79, -0.79, -0.79, -0.79, 
-0.81, -0.79, -0.79, -0.79, -0.79, -0.79, -0.79, -0.79, -0.79, -0.79, -0.79, -0.79, -0.80, -0.79, -0.79, -0.80, -0.79, -0.79, -0.79, -0.79, -0.79, -0.79, -0.79, -0.79, -0.79, -0.79, -0.79, -0.79, 
-0.79, -0.79, -0.78, -0.79, -0.79, -0.79, -0.78, -0.79, -0.81, -0.79, -0.79, -0.79, -0.79, -0.79, -0.79, -0.79, -0.79, -0.80, -0.79, -0.79, -0.79, -0.79, -0.79, -0.79, -0.79, -0.79, -0.79, -0.79, 
-0.79, -0.79, -0.79, -0.79, -0.79, -0.79, -0.79, -0.79, -0.79, -0.79, -0.79, -0.79, -0.79, -0.79, -0.79, -0.79, -0.79, -0.79, -0.79, -0.79, -0.79, -0.79, -0.79, -0.79, -0.79, -0.79, -0.79, -0.79, 
-0.81, -0.79, -0.79, -0.81, -0.79, -0.79, -0.81, -0.79, -0.79, -0.79, -0.79, -0.79, -0.79, -0.79, -0.79, -0.79, -0.79, -0.79, -0.79, -0.79, -0.80, -0.79, -0.79, -0.80, -0.79, -0.98, -0.79, -0.79, 
-0.79, -0.79, -0.79, -0.79, -0.98, -0.79, -0.79, -0.79, -0.79, -0.79, -0.79, -0.79, -0.79, -0.79, -0.79, -0.79, -0.79, -0.79, -0.79, -0.79, -0.79, -0.79, -0.79, -0.79, -0.79, -0.79, -0.79, -0.79, 
-0.79, -0.79, -0.79, -0.79, -0.79, -0.79, -0.79, -0.79, -0.79, -0.79, -0.79, -0.79, -0.79, -0.79, -0.79, -0.79, -0.79, -0.79, -0.79, -0.79, -0.79, -0.79, -0.79, -0.79, -0.79, -0.79, -0.79, -0.79, 
-0.79, -0.78, -0.79, -0.79, -0.79, -0.79, -0.79, -0.79, -0.79, -0.79, -0.79, -0.79, -0.79, -0.79, -0.79, -0.79, -0.79, -0.98, -0.79, -0.79, -0.79, -0.79, -0.79, -0.79, -0.79, -0.79, -0.79, -0.79, 
-0.79, -0.79, -0.79, -0.79, -0.79, -0.79, -0.79, -0.79, -0.79, -0.79, -0.79, -0.78, -0.79, -0.79, -0.79, -0.79, -0.79, -0.79, -0.79, -0.79, -0.79, -0.98, -0.79, -0.79, -0.80, -0.78, -0.78, -0.79, 
-0.79, -0.79, -0.79, -0.79, -0.79, -0.79, -0.78, -0.79, -0.79, -0.79, -0.79, -0.79, -0.79, -0.79, -0.79, -0.79, -0.79, -0.79, -0.79, -0.79, -0.79, -0.79, -0.79, -0.79, -0.79, -0.79, -0.79, -0.79, 
-0.79, -0.79, -0.79, -0.79, -0.79, -0.79, -0.79, -0.79, -0.79, -0.79, -0.79, -0.79, -0.79, -0.79, -0.79, -0.79, -0.79, -0.79, -0.79, -0.79, -0.79, -0.79, -0.98, -0.79, -0.79, -0.79, -0.79, -0.79, 
-0.79, -0.79, -0.79, -0.79, -0.79, -0.79, -0.79, -0.79, -0.79, -0.79, -0.79, -0.79, -0.79, -0.79, -0.79, -0.79, -0.79, -0.79, -0.98, -0.79, -0.79, -0.80, -0.79, -0.79, -0.80, -0.79, -0.79, -0.79, 
-0.79, -0.79, -0.79, -0.79, -0.79, -0.79, -0.79, -0.79, -0.79, -0.79, -0.79, -0.79, -0.79, -0.79, -0.79, -0.79, -0.79, -0.79, -0.80, -0.79, -0.79, -0.79, -0.79, -0.79, -0.79, -0.79, -0.79, -0.79, 
-0.79, -0.79, -0.79, -0.79, -0.98, -0.79, -0.79, -0.79, -0.79, -0.79, -0.79, -0.79, -0.80, -0.79, -0.79, -0.80, -0.79, -0.79, -0.79, -0.79, -0.79, -0.79, -0.79, -0.79, -0.79, -0.79, -0.79, -0.79, 
-0.79, -0.79, -0.79, -0.79, -0.79, -0.80, -0.79, -0.79, -0.80, -0.79, -0.79, -0.79, -0.79, -0.79, -0.79, -0.79, -0.79, -0.79, -0.79, -0.79, -0.79, -0.79, -0.79, -0.79, -0.79, -0.79, -0.79, -0.79, 
-0.79, -0.79, -0.79, -0.79, -0.79, -0.79, -0.79, -0.79, -0.79, -0.79, -0.79, -0.79, -0.79, -0.79, -0.79, -0.79, -0.79, -0.79, -0.79, -0.79, -0.79, -0.79, -0.79, -0.79, -0.79, -0.79, -0.79, -0.79, 
-0.79, -0.79, -0.79, -0.79, -0.79, -0.79, -0.79, -0.79, -0.79, -0.79, -0.79, -0.79, -0.79, -0.79, -0.79, -0.79, -0.79, -0.79, -0.79, -0.79, -0.79, -0.79, -0.79, -0.79, -0.79, -0.79, -0.79, -0.79, 
-- optimal policy --
v  r  >  >  r  r  r  >  r  v  r  >  r  r  r  r  r  r  v  r  v  l  v  l  l  l  l  l  
r  r  r  r  >  r  >  r  >  r  v  r  >  r  r  >  r  v  r  r  v  v  l  l  l  l  l  v  
>  r  r  >  r  >  r  >  R  >  r  v  r  >  r  r  >  r  v  r  v  l  l  l  l  l  v  v  
r  r  r  r  >  r  >  R  r  >  >  r  v  R  >  r  r  >  r  >  r  <  l  l  l  v  v  v  
r  r  r  r  v  >  R  r  r  r  >  >  r  v  >  >  r  r  r  R  r  v  l  l  v  v  v  v  
r  r  r  >  r  v  >  >  r  r  r  >  >  r  >  >  >  r  r  r  >  v  <  r  v  v  v  v  
r  r  v  r  >  r  v  >  >  r  >  R  R  ^  r  r  >  >  r  r  r  r  r  r  r  v  v  v  
r  >  r  >  r  >  r  r  r  >  R  R  R  r  r  r  r  r  >  r  r  r  r  v  r  r  r  v  
>  R  ^  r  >  R  ^  r  >  R  R  R  r  >  r  r  r  >  r  >  r  r  v  r  v  r  v  v  
R  ^  r  >  R  ^  >  r  R  R  R  >  >  r  >  r  >  r  r  r  r  r  r  r  r  r  v  v  
v  >  r  R  ^  r  r  >  r  v  r  r  >  >  r  >  r  >  r  r  r  >  r  r  r  v  r  v  
r  v  >  r  v  r  r  r  >  r  v  r  r  >  >  r  >  r  >  r  >  r  >  r  r  r  v  v  
>  r  r  >  r  v  r  >  r  >  r  v  r  r  >  >  r  >  r  >  R  >  r  >  r  r  v  l  
R  ^  r  r  >  r  v  r  >  r  >  r  >  r  r  >  >  r  >  r  r  r  >  r  >  >  <  <  
^  >  r  r  r  >  r  >  r  >  R  ^  r  >  r  r  >  >  r  >  r  >  r  >  R  R  ^  L  
>  r  r  r  >  R  ^  r  >  R  ^  r  >  r  >  r  r  >  >  r  >  r  >  R  R  R  R  ^  
r  r  r  >  R  ^  r  >  R  ^  >  r  r  >  r  >  r  R  r  >  r  >  R  R  R  R  ^  L  
r  r  >  R  ^  r  >  R  ^  >  r  >  r  r  >  r  >  r  >  r  >  R  R  ^  R  R  ^  L  
r  >  R  ^  R  >  R  ^  >  >  >  r  r  >  r  >  r  >  r  >  R  R  R  R  ^  L  ^  ^  
>  R  ^  >  R  R  ^  r  R  >  >  >  r  r  r  r  >  r  >  R  R  R  ^  R  R  ^  L  ^  
R  ^  >  R  R  R  r  >  R  >  >  >  >  r  r  >  r  >  R  R  R  ^  R  ^  R  R  ^  L  
R  >  R  R  R  >  >  R  >  >  >  >  >  >  >  R  >  R  R  R  ^  R  ^  L  R  ^  L  ^  
Correct actions (%) : 21.71
Avg angular diffs   : 81.63
