arguments: 28 9 1 0.00294985 -0.848083 -0.00147493 -0.147493
loading features...

Initializing gridworld of size 28 by 22..
    Num states: 616
    Num actions: 8
recovered reward
-0.15, -0.15, -0.15, -0.15, -0.15, -0.15, -0.15, -0.15, -0.15, -0.15, -0.15, -0.15, -0.15, -0.15, -0.15, -0.15, -0.15, -0.15, -0.15, -0.15, -0.15, -0.15, -0.15, -0.15, -0.15, -0.15, -0.15, -0.15, 
-0.15, -0.15, -0.15, -0.15, -0.15, -0.15, -0.15, -0.15, -0.15, -0.15, -0.15, -0.15, -0.15, -0.15, -0.15, -0.15, -0.15, -0.15, -0.15, -0.15, -0.15, -0.15, -0.15, -0.15, -0.15, -0.15, -0.15, -0.15, 
-0.15, -0.15, -0.15, -0.15, -0.15, -0.15, -0.15, -0.15, -0.15, -0.15, -0.15, -0.15, -0.15, -0.15, -0.15, -0.15, -0.15, -0.15, -0.15, -0.15, -0.15, -0.15, -0.15, -0.15, -0.15, -1.00, -0.15, -0.15, 
-0.15, -0.15, -0.15, -0.15, -0.15, -0.15, -0.15, -0.15, -0.15, -0.15, -0.15, -0.15, -0.15, -0.15, -0.15, -0.15, -0.15, -0.15, -0.15, -0.15, -0.15, -0.15, -0.15, -0.15, -0.15, -0.15, -0.15, -0.15, 
-0.15, -0.15, -0.15, -0.15, -0.15, -0.15, -0.15, -0.15, -0.15, -0.15, -0.15, -0.15, -0.15, -0.15, -0.14, -0.15, -0.15, -0.15, -0.15, -0.15, -0.15, -0.15, -0.14, -0.15, -0.15, -0.15, -0.15, -0.15, 
-0.15, -0.15, -0.15, -0.15, -0.15, -0.15, -0.15, -0.15, -0.15, -0.15, -0.15, -0.15, -0.15, -1.00, -0.15, -0.15, -0.15, -0.15, -0.15, -0.15, -0.15, -1.00, -0.15, -0.15, -0.15, -0.15, -0.15, -0.15, 
-0.15, -0.15, -0.15, -0.15, -0.15, -0.15, -0.15, -0.15, -0.15, -0.15, -0.15, -0.15, -0.15, -0.15, -0.15, -0.15, -0.15, -0.15, -0.15, -0.15, -0.15, -0.15, -0.15, -0.15, -0.15, -0.15, -0.15, -0.15, 
-0.15, -0.15, -0.15, -0.15, -0.15, -0.15, -0.15, -0.15, -0.15, -0.15, -0.15, -0.15, -0.15, -0.15, -1.00, -0.15, -0.15, -0.15, -0.15, -0.15, -0.15, -0.15, -0.15, -0.15, -0.15, -0.15, -0.15, -0.15, 
-0.15, -0.15, -0.15, -0.15, -0.15, -0.15, -0.15, -0.15, -0.15, -0.15, -0.15, -0.15, -0.15, -0.15, -0.15, -0.15, -0.15, -0.15, -0.15, -0.15, -0.15, -0.15, -0.15, -0.15, -0.15, -0.15, -0.15, -0.15, 
-0.15, -0.15, -0.15, -0.15, -0.15, -0.15, -0.15, -0.14, -0.15, -0.15, -0.15, -1.00, -0.15, -0.15, -0.15, -0.15, -0.15, -0.15, -0.15, -0.15, -1.00, -0.15, -0.15, -0.15, -0.15, -0.15, -0.15, -0.15, 
-0.15, -0.15, -0.15, -0.15, -0.15, -0.15, -0.15, -0.15, -1.00, -0.15, -0.15, -0.15, -0.15, -0.15, -0.15, -0.15, -0.15, -0.15, -0.15, -0.15, -0.15, -0.15, -0.15, -0.15, -0.15, -0.15, -0.15, -0.15, 
-0.15, -0.15, -0.15, -0.15, -0.14, -0.15, -0.15, -0.99, -0.15, -0.15, -0.14, -0.15, -0.15, -0.15, -0.14, -0.15, -0.15, -0.15, -0.15, -0.15, -0.15, -0.15, -0.15, -0.15, -0.15, -0.15, -0.15, -0.15, 
-0.15, -0.15, -0.15, -0.15, -0.15, -0.15, -0.15, -0.15, -0.15, -0.15, -0.15, -0.15, -0.15, -0.15, -0.15, -0.15, -0.15, -0.15, -0.15, -0.15, -0.14, -0.15, -0.15, -0.15, -0.15, -0.15, -0.15, -0.15, 
-0.15, -0.15, -0.15, -0.15, -0.15, -0.15, -0.14, -0.15, -0.15, -0.15, -0.15, -0.15, -0.14, -0.15, -0.15, -0.15, -0.15, -0.15, -0.15, -0.15, -0.15, -0.15, -0.15, -0.15, -0.15, -0.15, -0.15, -0.15, 
-0.15, -0.15, -0.15, -0.15, -0.15, -0.15, -0.15, -0.15, -0.15, -0.15, -1.00, -0.15, -0.15, -0.15, -0.15, -0.15, -0.15, -0.15, -0.15, -0.15, -0.15, -0.15, -0.15, -0.15, -0.15, -0.15, -0.15, -0.15, 
-0.15, -0.15, -0.15, -0.15, -0.15, -0.15, -0.15, -0.15, -0.15, -0.15, -0.15, -0.15, -0.15, -0.15, -0.15, -0.15, -0.15, -0.15, -0.15, -0.15, -0.15, -0.15, -0.15, -0.15, -0.15, -1.00, -0.15, -0.15, 
-0.15, -0.15, -0.15, -0.15, -0.15, -0.15, -0.15, -0.15, -0.15, -0.15, -0.15, -0.15, -0.15, -0.15, -0.15, -0.15, -0.15, -0.15, -0.15, -0.15, -1.00, -0.15, -0.15, -0.15, -0.15, -0.15, -0.15, -0.15, 
-0.15, -0.15, -0.15, -0.15, -0.15, -0.15, -1.00, -0.15, -0.15, -0.15, -0.15, -0.15, -0.15, -0.15, -0.15, -0.15, -0.15, -0.15, -0.15, -0.15, -0.15, -0.15, -0.15, -0.15, -0.15, -0.15, -0.15, -0.15, 
-0.15, -0.15, -0.15, -0.15, -0.15, -0.15, -0.15, -0.15, -0.15, -0.15, -0.15, -0.15, -0.14, -0.15, -0.15, -0.15, -0.15, -0.15, -0.15, -0.15, -0.15, -0.15, -0.15, -0.15, -0.15, -0.15, -0.15, -0.15, 
-0.15, -0.15, -0.15, -0.15, -0.15, -0.15, -0.15, -0.15, -0.15, -0.15, -0.15, -0.15, -0.15, -0.15, -0.15, -0.14, -0.15, -0.15, -0.15, -0.15, -0.15, -0.15, -0.15, -0.15, -0.15, -0.15, -0.15, -0.15, 
-0.15, -0.15, -0.15, -0.15, -0.15, -0.15, -0.15, -0.15, -0.15, -0.15, -0.15, -0.15, -0.15, -0.15, -0.15, -0.15, -0.15, -0.15, -0.15, -0.15, -0.15, -0.15, -0.15, -0.15, -0.15, -0.15, -0.15, -0.15, 
-0.15, -0.15, -0.15, -0.15, -0.15, -0.15, -0.15, -0.15, -0.15, -0.15, -0.15, -0.15, -0.15, -0.15, -0.15, -0.15, -0.15, -0.15, -0.15, -0.15, -0.15, -0.15, -0.15, -0.15, -0.15, -0.15, -0.15, -0.15, 
-- optimal policy --
v  r  v  l  r  >  >  >  >  r  r  r  v  l  v  v  v  l  l  v  v  r  v  v  v  l  <  v  
r  v  r  v  l  r  R  r  r  >  r  r  v  v  r  v  l  l  <  r  v  v  v  v  l  l  v  l  
r  r  v  v  v  v  l  >  r  r  >  r  r  v  l  l  l  <  L  >  r  v  v  l  v  l  l  l  
r  r  r  v  v  l  v  v  >  >  r  r  r  r  v  l  <  L  <  >  >  r  v  l  l  l  l  <  
r  r  r  v  l  v  v  v  v  R  >  >  >  >  <  <  L  <  L  r  >  >  v  <  <  <  l  l  
v  r  >  r  v  v  v  l  v  v  R  R  R  R  ^  L  L  L  L  >  R  R  ^  L  L  L  <  <  
v  l  r  >  r  v  v  v  v  v  l  R  ^  R  R  ^  L  L  L  R  >  R  ^  L  L  <  <  L  
r  v  l  r  >  r  v  v  v  l  l  ^  R  R  ^  L  L  ^  L  >  R  ^  ^  L  ^  L  L  <  
>  r  v  v  r  >  r  v  l  l  l  l  v  v  v  v  l  L  l  v  l  v  l  v  l  ^  L  L  
r  >  r  v  v  r  >  v  <  v  v  v  r  v  v  v  l  l  v  v  v  v  v  l  l  l  ^  L  
r  r  >  r  v  l  R  ^  L  r  v  l  l  r  v  l  l  l  r  v  v  v  l  l  l  l  l  ^  
r  r  r  >  r  <  ^  ^  r  >  r  <  r  >  >  <  <  <  >  r  v  l  l  l  l  l  l  l  
r  r  >  R  ^  r  v  l  >  R  ^  r  v  l  ^  L  <  <  r  >  v  <  <  <  <  <  <  <  
r  >  R  ^  r  >  v  <  R  ^  r  >  v  <  <  ^  L  <  >  R  ^  L  L  L  <  l  L  <  
>  R  ^  r  >  R  ^  L  <  r  >  R  ^  L  <  <  ^  L  R  ^  ^  L  ^  L  L  l  <  L  
R  ^  r  >  R  ^  ^  L  L  >  R  R  ^  ^  L  <  L  R  ^  ^  ^  ^  L  ^  L  <  l  l  
^  r  >  R  ^  ^  L  ^  ^  R  r  v  v  v  l  L  v  v  l  l  R  ^  ^  L  ^  L  <  <  
r  >  R  ^  ^  L  ^  ^  R  r  >  r  v  l  l  l  v  l  l  <  l  ^  ^  ^  L  ^  L  <  
>  R  ^  ^  ^  ^  L  R  r  >  r  >  v  <  r  v  l  l  l  l  l  l  ^  ^  ^  L  ^  L  
R  ^  ^  ^  ^  ^  R  r  >  r  >  R  ^  L  >  >  <  <  <  <  <  l  l  ^  ^  L  L  ^  
R  ^  ^  ^  ^  R  >  >  r  >  R  ^  ^  ^  R  ^  L  <  <  l  L  <  <  l  ^  L  L  L  
^  R  ^  ^  R  >  R  >  >  R  ^  ^  R  R  ^  R  ^  L  L  <  <  L  L  <  <  ^  L  L  
Correct actions (%) : 25.58
Avg angular diffs   : 78.49
