arguments: 28 10 1 -0.000565664 0.0377109 0.00952201 -0.952201
loading features...

Initializing gridworld of size 28 by 22..
    Num states: 616
    Num actions: 8
recovered reward
-0.95, -0.95, -0.95, -0.95, -0.95, -0.95, -0.95, -0.95, -0.95, -0.93, -0.95, -0.95, -0.95, -0.93, -0.95, -0.95, -0.95, -0.93, -0.95, -0.95, -0.93, -0.95, -0.93, -0.95, -0.95, -0.93, -0.95, -0.95, 
-0.95, -0.95, -0.95, -0.95, -0.95, -0.95, -0.93, -0.95, -0.95, -0.95, -0.95, -0.95, -0.95, -0.95, -0.95, -0.95, -0.95, -0.95, -0.95, -0.95, -0.95, -0.95, -0.95, -0.95, -0.95, -0.95, -0.95, -0.95, 
-0.95, -0.95, -0.95, -0.95, -0.95, -0.95, -0.95, -0.95, -0.95, -0.95, -0.95, -0.95, -0.95, -0.95, -0.95, -0.95, -0.95, -0.95, -0.95, -0.95, -0.95, -0.95, -0.95, -0.95, -0.95, -0.95, -0.95, -0.95, 
-0.95, -0.95, -0.95, -0.95, -0.89, -0.95, -0.95, -0.95, -0.95, -0.95, -0.95, -0.95, -0.95, -0.95, -0.95, -0.95, -0.95, -0.95, -0.95, -0.95, -0.95, -0.95, -0.95, -0.95, -0.95, -0.95, -0.95, -0.95, 
-0.95, -0.95, -0.95, -0.95, -0.95, -0.95, -0.95, -0.95, -0.95, -0.95, -0.95, -0.95, -0.95, -0.95, -0.95, -0.95, -0.95, -0.95, -0.95, -0.95, -0.95, -0.95, -0.95, -0.95, -0.95, -0.95, -0.95, -0.95, 
-0.95, -0.95, -0.95, -0.95, -0.95, -0.95, -0.95, -0.95, -0.95, -0.95, -0.95, -0.95, -0.95, -0.95, -0.95, -0.95, -0.95, -0.95, -0.95, -0.95, -0.95, -0.95, -0.95, -0.95, -0.95, -0.95, -0.95, -0.95, 
-0.95, -0.95, -0.95, -0.95, -0.93, -0.95, -0.95, -0.91, -0.95, -0.95, -0.95, -0.95, -0.95, -0.95, -0.95, -0.95, -0.95, -0.95, -0.95, -0.95, -0.95, -0.95, -0.95, -0.95, -0.95, -0.95, -0.95, -0.95, 
-0.95, -0.91, -0.95, -0.95, -0.95, -0.95, -0.93, -0.95, -0.95, -0.95, -0.95, -0.95, -0.95, -0.95, -0.95, -0.95, -0.95, -0.95, -0.95, -0.95, -0.95, -0.95, -0.95, -0.95, -0.95, -0.95, -0.95, -0.95, 
-0.95, -0.95, -0.95, -0.95, -0.95, -0.95, -0.95, -0.95, -0.95, -0.95, -0.95, -0.95, -0.95, -0.95, -0.95, -0.95, -0.95, -0.95, -0.95, -0.95, -0.95, -0.95, -0.95, -0.95, -0.95, -0.95, -0.95, -0.95, 
-0.95, -0.95, -0.95, -0.95, -0.95, -0.95, -0.95, -0.94, -0.95, -0.95, -0.95, -0.95, -0.95, -0.95, -0.95, -0.95, -0.95, -0.95, -0.95, -0.95, -0.95, -0.95, -0.95, -0.95, -0.95, -0.95, -0.95, -0.95, 
-0.95, -0.95, -0.95, -0.95, -0.95, -0.95, -0.95, -0.95, -0.95, -0.95, -0.95, -0.95, -0.95, -0.95, -0.95, -0.95, -0.95, -0.95, -0.95, -0.95, -0.95, -0.95, -0.95, -0.95, -0.95, -0.95, -0.95, -0.95, 
-0.95, -0.95, -0.95, -0.95, -0.95, -0.95, -0.95, -0.95, -0.95, -0.95, -0.95, -0.95, -0.91, -0.95, -0.91, -0.95, -0.95, -0.95, -0.95, -0.95, -0.95, -0.95, -0.95, -0.95, -0.95, -0.95, -0.95, -0.95, 
-0.95, -0.95, -0.95, -0.95, -0.95, -0.95, -0.95, -0.95, -0.95, -0.95, -0.95, -0.95, -0.95, -0.95, -0.95, -0.95, -0.95, -0.95, -0.95, -0.95, -0.95, -0.95, -0.95, -0.95, -0.95, -0.95, -0.95, -0.95, 
-0.95, -0.95, -0.95, -0.95, -0.95, -0.95, -0.95, -0.94, -0.95, -0.95, -0.95, -0.95, -0.95, -0.95, -0.95, -0.95, -0.95, -0.95, -0.95, -0.95, -0.91, -0.95, -0.95, -0.95, -0.95, -0.95, -0.95, -0.95, 
-0.95, -0.95, -0.95, -0.95, -0.95, -0.95, -0.95, -0.95, -0.94, -0.95, -0.95, -0.95, -0.95, -0.95, -0.95, -0.91, -0.95, -0.95, -0.95, -0.95, -0.94, -0.95, -0.95, -0.94, -0.95, -0.95, -0.94, -0.95, 
-0.95, -0.95, -0.95, -0.95, -0.95, -0.95, -0.95, -0.95, -0.91, -0.95, -0.95, -0.95, -0.94, -0.95, -0.95, -0.94, -0.95, -0.95, -0.94, -0.95, -0.95, -0.95, -0.95, -0.95, -0.95, -0.95, -0.95, -0.95, 
-0.95, -0.95, -0.95, -0.95, -0.95, -0.95, -0.95, -0.95, -0.91, -0.95, -0.95, -0.95, -0.95, -0.95, -0.95, -0.95, -0.95, -0.95, -0.95, -0.91, -0.95, -0.95, -0.95, -0.95, -0.95, -0.95, -0.95, -0.95, 
-0.95, -0.95, -0.95, -0.95, -0.95, -0.95, -0.95, -0.95, -0.95, -0.95, -0.95, -0.95, -0.95, -0.95, -0.95, -0.95, -0.95, -0.95, -0.95, -0.91, -0.95, -0.95, -0.95, -0.95, -0.95, -0.95, -0.95, -0.94, 
-0.95, -0.95, -0.95, -0.95, -0.95, -0.95, -0.95, -0.95, -0.95, -0.95, -0.95, -0.95, -0.95, -0.95, -0.95, -0.95, -0.95, -0.95, -0.95, -0.95, -0.95, -0.95, -0.95, -0.95, -0.95, -0.95, -0.95, -0.95, 
-0.95, -0.95, -0.95, -0.95, -0.95, -0.95, -0.95, -0.95, -0.95, -0.95, -0.95, -0.95, -0.95, -0.95, -0.95, -0.95, -0.95, -0.95, -0.95, -0.95, -0.95, -0.95, -0.95, -0.94, -0.95, -0.95, -0.95, -0.95, 
-0.95, -0.95, -0.95, -0.95, -0.95, -0.95, -0.95, -0.95, -0.95, -0.95, -0.95, -0.95, -0.95, -0.95, -0.95, -0.95, -0.95, -0.95, -0.95, -0.95, -0.95, -0.95, -0.95, -0.95, -0.95, -0.95, -0.95, -0.95, 
-0.95, -0.95, -0.95, -0.95, -0.95, -0.95, -0.95, -0.95, -0.95, -0.95, -0.95, -0.95, -0.95, -0.95, -0.95, -0.95, -0.95, -0.95, -0.95, -0.95, -0.95, -0.95, -0.95, -0.95, -0.95, -0.95, -0.95, -0.95, 
-- optimal policy --
>  r  v  l  v  r  v  l  l  <  v  l  v  l  <  <  l  v  l  l  v  l  l  l  l  l  v  v  
r  >  r  v  v  v  l  <  <  v  l  v  l  l  L  l  v  l  l  v  l  l  l  l  l  v  v  v  
v  r  >  r  v  l  l  L  v  l  v  l  l  l  l  v  l  l  l  l  l  l  l  l  v  v  v  v  
r  v  r  >  r  <  v  v  l  v  l  l  l  l  v  l  l  l  v  l  l  l  l  v  v  v  v  l  
v  v  l  R  ^  r  r  v  v  l  l  v  l  v  l  l  l  l  l  l  l  l  r  v  v  v  l  l  
v  l  v  l  v  >  r  v  l  l  v  l  l  r  v  l  v  l  l  l  l  r  v  r  v  v  l  l  
r  v  l  l  r  r  >  l  <  v  l  r  v  l  l  l  l  l  l  l  r  r  r  v  l  v  l  l  
>  r  <  v  v  r  v  l  v  l  r  r  v  v  l  l  l  l  l  v  v  r  r  r  v  l  l  l  
R  r  r  v  v  v  r  v  l  r  v  v  l  v  l  l  v  l  v  r  r  v  v  l  v  l  l  l  
r  r  r  r  v  v  v  l  v  v  r  v  v  l  l  v  l  v  r  v  v  r  v  v  l  l  l  l  
r  r  r  r  r  v  v  v  l  v  l  r  v  l  v  l  l  r  v  r  v  v  v  l  l  l  l  l  
r  r  r  r  r  r  v  v  v  l  v  l  l  <  r  <  v  >  r  v  r  v  l  l  l  l  l  l  
r  r  r  r  r  r  r  v  l  v  l  l  ^  L  ^  r  v  v  >  r  v  l  l  l  l  l  l  l  
>  r  r  r  r  r  r  r  v  l  l  l  l  >  r  v  r  v  v  >  l  <  l  l  l  l  l  l  
r  >  r  >  r  r  r  r  v  l  l  l  l  l  >  r  r  r  v  l  v  l  l  l  <  l  l  <  
r  r  >  r  >  r  r  r  v  l  l  l  l  <  R  ^  r  >  r  v  l  l  l  l  L  <  <  L  
r  r  r  >  r  >  r  >  ^  <  <  <  <  L  R  r  >  R  r  v  l  l  <  l  l  L  <  L  
r  r  r  r  >  r  >  R  ^  L  <  <  <  l  r  >  R  r  >  ^  <  l  l  <  <  l  L  L  
>  r  r  r  r  >  R  ^  ^  L  L  <  l  l  >  R  r  >  R  ^  L  <  l  l  l  l  <  L  
r  >  >  r  >  R  ^  ^  L  ^  L  L  <  <  R  r  >  R  ^  L  ^  L  <  <  <  l  l  l  
>  R  r  >  R  ^  L  R  ^  L  R  ^  L  <  r  >  R  ^  L  R  ^  L  L  L  L  <  <  l  
R  R  >  R  ^  L  R  ^  L  R  ^  ^  ^  L  >  R  ^  ^  R  ^  ^  ^  L  L  L  L  <  <  
Correct actions (%) : 10.10
Avg angular diffs   : 94.55
