arguments: 28 11 1 0.45765 0.396858 0.00887978 -0.136612
loading features...

Initializing gridworld of size 28 by 22..
    Num states: 616
    Num actions: 8
recovered reward
0.06, 0.26, 0.06, -0.14, -0.02, 0.19, 0.18, -0.04, -0.14, -0.14, -0.14, -0.14, -0.14, -0.14, -0.14, -0.14, -0.14, -0.14, -0.04, 0.06, -0.04, -0.14, -0.14, -0.14, -0.14, -0.14, -0.14, -0.14, 
-0.04, 0.18, 0.19, -0.02, 0.09, 0.52, 0.49, 0.06, -0.14, -0.13, -0.14, -0.14, -0.13, -0.14, -0.14, -0.14, -0.14, -0.14, 0.06, 0.37, 0.29, -0.02, -0.14, -0.14, -0.14, -0.11, -0.14, -0.14, 
-0.14, 0.09, 0.32, 0.09, -0.02, 0.19, 0.18, -0.04, -0.14, -0.14, -0.14, -0.14, -0.14, -0.14, -0.14, -0.14, -0.13, -0.14, -0.04, 0.29, 0.42, 0.09, -0.14, -0.14, -0.14, -0.14, -0.14, -0.14, 
-0.14, -0.02, 0.09, -0.02, -0.14, -0.04, 0.06, -0.03, -0.14, -0.14, -0.14, -0.14, -0.14, -0.14, -0.14, -0.14, -0.14, -0.14, -0.14, -0.02, 0.09, -0.02, -0.02, -0.14, -0.14, -0.14, -0.14, -0.14, 
-0.14, -0.14, -0.14, -0.14, -0.14, -0.14, -0.13, -0.14, -0.14, -0.14, -0.14, -0.14, -0.14, -0.14, -0.14, -0.14, -0.14, -0.14, -0.14, -0.14, -0.02, 0.09, -0.02, -0.14, -0.14, -0.11, -0.14, -0.14, 
-0.14, -0.14, -0.14, -0.14, -0.14, -0.14, -0.14, -0.14, -0.14, -0.14, -0.04, 0.06, -0.04, -0.14, -0.14, -0.14, -0.13, -0.14, -0.14, -0.14, 0.09, 0.32, 0.09, -0.14, -0.14, -0.14, -0.14, -0.14, 
-0.14, -0.14, -0.14, -0.14, -0.13, -0.14, -0.14, -0.14, -0.14, -0.14, 0.06, 0.26, 0.06, -0.14, -0.13, -0.14, -0.14, -0.14, -0.14, -0.14, 0.08, 0.29, 0.08, -0.14, -0.14, -0.14, -0.14, -0.14, 
-0.14, -0.14, -0.14, -0.14, -0.14, -0.14, -0.02, 0.09, -0.02, -0.14, -0.04, 0.06, -0.04, -0.14, -0.14, -0.14, -0.14, -0.14, -0.14, -0.02, 0.29, 0.37, 0.06, -0.12, -0.14, -0.14, -0.14, -0.14, 
-0.14, -0.14, -0.14, -0.14, -0.14, -0.14, 0.09, 0.32, 0.09, -0.14, -0.14, -0.14, -0.14, -0.14, -0.14, -0.14, -0.14, -0.14, -0.14, 0.09, 0.42, 0.29, -0.04, -0.14, -0.14, -0.14, -0.14, -0.14, 
-0.14, -0.14, -0.14, -0.14, -0.13, -0.14, -0.02, 0.09, -0.02, 0.09, -0.02, -0.14, -0.13, -0.14, -0.14, -0.14, -0.14, -0.14, -0.14, -0.02, 0.09, -0.02, -0.14, -0.14, -0.14, -0.14, -0.14, -0.14, 
-0.14, -0.14, -0.14, -0.14, -0.14, -0.14, -0.14, -0.14, 0.09, 0.32, 0.09, -0.14, -0.14, -0.14, -0.14, -0.04, 0.06, -0.04, -0.14, -0.14, -0.14, -0.14, -0.14, -0.14, -0.12, -0.14, -0.14, -0.14, 
-0.14, -0.14, -0.14, -0.14, -0.14, -0.14, -0.14, -0.14, -0.02, 0.09, -0.01, -0.14, -0.14, -0.04, 0.06, 0.06, 0.26, 0.06, -0.14, -0.14, -0.14, -0.14, -0.14, -0.14, -0.14, -0.14, -0.14, -0.14, 
-0.14, -0.14, -0.14, -0.14, -0.14, -0.14, -0.14, -0.14, -0.14, -0.14, -0.14, -0.14, -0.14, 0.06, 0.26, -0.04, 0.06, -0.04, -0.14, -0.14, -0.14, -0.14, -0.14, -0.14, -0.02, 0.09, -0.02, -0.14, 
-0.14, -0.14, -0.14, -0.13, -0.14, -0.14, -0.14, -0.14, -0.14, -0.14, -0.14, -0.14, -0.14, -0.04, 0.06, -0.04, -0.14, -0.14, -0.14, -0.14, -0.14, -0.14, -0.14, -0.12, 0.09, 0.32, 0.09, -0.14, 
-0.14, -0.14, -0.14, -0.14, -0.14, -0.14, -0.14, -0.14, -0.14, -0.12, -0.14, -0.14, -0.14, -0.14, -0.14, -0.14, -0.14, -0.14, -0.14, -0.14, -0.14, -0.02, 0.09, -0.02, -0.02, 0.09, -0.02, -0.14, 
-0.14, -0.14, -0.14, -0.14, -0.14, -0.14, -0.14, -0.14, -0.14, -0.14, -0.14, -0.14, -0.14, -0.14, -0.14, -0.14, -0.14, -0.14, -0.14, -0.14, -0.02, 0.09, 0.42, 0.29, -0.04, -0.14, -0.14, -0.14, 
-0.14, -0.14, -0.13, -0.14, -0.14, -0.14, -0.14, -0.14, -0.14, -0.14, -0.14, -0.14, -0.12, -0.14, -0.14, -0.14, -0.14, -0.14, -0.14, -0.14, 0.09, -0.02, 0.29, 0.39, 0.06, -0.14, -0.14, -0.14, 
-0.14, -0.14, -0.14, -0.14, -0.14, -0.14, -0.02, 0.09, -0.02, -0.14, -0.14, -0.14, -0.14, -0.14, -0.04, 0.06, -0.04, -0.14, -0.14, -0.14, -0.02, 0.09, 0.08, 0.06, -0.04, -0.14, -0.14, -0.14, 
-0.14, -0.14, -0.14, -0.14, -0.14, -0.14, 0.09, 0.32, 0.09, -0.14, -0.14, -0.14, -0.14, -0.14, 0.06, 0.26, 0.06, -0.14, -0.04, 0.06, -0.04, -0.12, -0.14, -0.14, -0.14, -0.14, -0.14, -0.14, 
-0.14, -0.14, -0.14, -0.14, -0.14, -0.14, -0.02, 0.09, -0.02, -0.14, -0.14, -0.14, -0.14, -0.12, -0.04, 0.06, -0.02, -0.14, 0.06, 0.28, 0.06, -0.14, -0.14, -0.14, -0.14, -0.14, -0.14, -0.14, 
-0.14, -0.14, -0.14, -0.14, -0.14, -0.14, -0.14, -0.14, -0.14, -0.14, -0.14, -0.14, -0.14, -0.14, -0.04, 0.06, -0.04, -0.14, -0.04, 0.06, -0.04, -0.14, -0.14, -0.14, -0.14, -0.14, -0.14, -0.14, 
-0.14, -0.14, -0.14, -0.14, -0.14, -0.14, -0.14, -0.14, -0.14, -0.14, -0.14, -0.14, -0.14, -0.14, -0.14, -0.14, -0.14, -0.14, -0.14, -0.14, -0.14, -0.14, -0.14, -0.14, -0.14, -0.14, -0.14, -0.14, 
-- optimal policy --
>  ^  <  l  r  v  l  l  l  <  l  r  v  l  r  >  r  r  r  v  l  l  l  l  r  v  l  l  
R  r  v  l  >  >  <  <  <  <  <  >  R  <  >  r  >  >  >  r  v  l  l  l  l  l  <  <  
R  >  ^  <  R  ^  L  L  L  <  L  R  ^  L  l  >  R  R  R  >  L  <  <  l  l  ^  L  <  
R  R  ^  L  R  ^  L  L  L  L  v  v  v  l  l  R  R  R  R  R  ^  L  L  l  l  v  l  L  
R  R  ^  L  L  R  ^  L  L  r  r  v  l  l  l  r  R  R  R  R  r  v  l  l  <  l  <  l  
R  ^  ^  ^  L  r  v  l  v  r  r  v  l  l  <  l  R  R  r  >  >  v  <  <  l  ^  L  <  
^  L  ^  >  r  r  r  v  l  >  >  v  <  <  <  <  ^  r  r  r  r  v  l  L  l  l  ^  L  
R  ^  >  R  r  r  r  v  l  l  R  ^  L  L  <  L  R  >  r  r  v  l  <  L  <  <  L  l  
R  >  R  r  >  >  >  <  <  <  l  ^  L  L  r  v  l  r  >  >  R  <  L  L  L  L  l  v  
R  R  >  >  >  R  R  ^  r  v  l  l  l  v  r  r  v  l  R  R  ^  L  L  L  L  l  v  l  
r  >  >  R  R  R  R  ^  >  v  <  <  r  r  v  r  v  l  l  R  ^  L  L  L  v  v  l  l  
>  r  R  R  R  R  ^  R  R  ^  L  L  r  r  v  >  >  <  <  R  ^  L  L  r  r  v  l  l  
R  >  r  R  R  >  R  R  R  ^  L  L  >  >  ^  R  ^  L  L  <  r  r  r  r  r  v  l  l  
>  r  >  r  <  R  R  R  ^  ^  ^  L  R  R  ^  L  ^  L  L  r  r  r  v  l  >  ^  <  <  
r  >  R  r  r  v  v  R  >  L  <  R  R  R  ^  L  L  ^  r  r  r  r  v  l  l  ^  L  L  
>  r  v  r  r  r  v  v  v  l  l  R  R  r  v  l  v  l  >  r  >  >  r  <  l  ^  L  L  
>  >  >  >  r  r  r  v  l  l  l  >  r  r  r  v  l  l  >  >  R  R  ^  L  <  <  ^  L  
R  R  ^  >  >  r  r  v  l  l  l  R  >  r  r  v  l  l  r  R  >  R  R  ^  L  L  <  ^  
v  l  >  >  >  >  >  <  <  <  <  >  r  >  >  v  <  r  r  v  l  R  ^  L  L  L  L  L  
<  <  >  >  >  R  R  ^  L  L  L  r  >  R  R  ^  L  >  >  ^  <  <  L  L  L  L  L  L  
^  L  >  >  R  R  R  ^  L  L  L  >  R  R  R  ^  L  R  R  ^  L  L  L  L  L  L  L  L  
R  ^  >  R  R  R  R  ^  L  L  L  R  R  R  R  ^  L  R  R  ^  L  L  L  L  L  ^  L  L  
Correct actions (%) : 6.33
Avg angular diffs   : 93.99
