arguments: 28 5 1 -0.728015 -0.163864 0.0120135 -0.0961076
loading features...

Initializing gridworld of size 28 by 22..
    Num states: 616
    Num actions: 8
recovered reward
-0.10, -0.10, -0.10, -0.10, -0.10, -0.10, -0.10, -0.10, -0.10, -0.10, -0.10, -0.10, -0.10, -0.10, -0.10, -0.10, -0.10, -0.10, -0.10, -0.28, -0.46, -0.28, -0.10, -0.10, -0.10, -0.10, -0.10, -0.10, 
-0.10, -0.10, -0.10, -0.10, -0.10, -0.10, -0.10, -0.10, -0.10, -0.28, -0.46, -0.28, -0.28, -0.46, -0.28, -0.10, -0.10, -0.10, -0.10, -0.46, -0.82, -0.46, -0.10, -0.10, -0.10, -0.10, -0.10, -0.10, 
-0.10, -0.10, -0.14, -0.18, -0.14, -0.10, -0.10, -0.10, -0.10, -0.46, -0.82, -0.46, -0.46, -0.82, -0.46, -0.10, -0.10, -0.10, -0.10, -0.28, -0.46, -0.28, -0.10, -0.10, -0.10, -0.10, -0.07, -0.10, 
-0.10, -0.10, -0.18, -0.26, -0.18, -0.10, -0.10, -0.10, -0.10, -0.27, -0.46, -0.28, -0.27, -0.46, -0.28, -0.14, -0.18, -0.14, -0.18, -0.32, -0.50, -0.28, -0.10, -0.10, -0.10, -0.10, -0.10, -0.10, 
-0.10, -0.10, -0.14, -0.18, -0.14, -0.10, -0.10, -0.10, -0.10, -0.10, -0.10, -0.10, -0.10, -0.10, -0.10, -0.18, -0.26, -0.18, -0.26, -0.54, -0.91, -0.46, -0.10, -0.10, -0.14, -0.18, -0.14, -0.10, 
-0.10, -0.10, -0.28, -0.50, -0.36, -0.14, -0.10, -0.09, -0.10, -0.10, -0.10, -0.10, -0.10, -0.10, -0.10, -0.14, -0.18, -0.14, -0.18, -0.32, -0.50, -0.28, -0.10, -0.10, -0.18, -0.26, -0.15, -0.10, 
-0.10, -0.10, -0.46, -0.91, -0.62, -0.18, -0.10, -0.10, -0.10, -0.10, -0.10, -0.10, -0.28, -0.45, -0.28, -0.10, -0.10, -0.10, -0.10, -0.10, -0.10, -0.10, -0.10, -0.10, -0.14, -0.18, -0.14, -0.10, 
-0.10, -0.10, -0.28, -0.50, -0.36, -0.14, -0.10, -0.10, -0.10, -0.10, -0.10, -0.10, -0.46, -0.82, -0.46, -0.28, -0.10, -0.10, -0.10, -0.10, -0.10, -0.10, -0.10, -0.10, -0.10, -0.10, -0.10, -0.10, 
-0.10, -0.10, -0.28, -0.46, -0.28, -0.10, -0.10, -0.09, -0.10, -0.10, -0.10, -0.10, -0.28, -0.46, -0.27, -0.46, -0.32, -0.54, -0.32, -0.10, -0.10, -0.10, -0.10, -0.10, -0.28, -0.44, -0.28, -0.10, 
-0.10, -0.10, -0.10, -0.10, -0.10, -0.10, -0.10, -0.10, -0.10, -0.10, -0.10, -0.10, -0.10, -0.28, -0.46, -0.32, -0.54, -0.87, -0.54, -0.14, -0.10, -0.10, -0.10, -0.10, -0.46, -0.82, -0.46, -0.10, 
-0.10, -0.10, -0.10, -0.10, -0.10, -0.09, -0.10, -0.10, -0.10, -0.10, -0.10, -0.10, -0.10, -0.10, -0.10, -0.18, -0.43, -0.54, -0.44, -0.18, -0.10, -0.10, -0.10, -0.10, -0.28, -0.46, -0.28, -0.10, 
-0.10, -0.10, -0.10, -0.10, -0.10, -0.10, -0.10, -0.10, -0.10, -0.10, -0.10, -0.10, -0.10, -0.10, -0.10, -0.14, -0.18, -0.14, -0.18, -0.14, -0.10, -0.10, -0.10, -0.10, -0.07, -0.10, -0.10, -0.10, 
-0.10, -0.10, -0.10, -0.10, -0.10, -0.10, -0.10, -0.10, -0.10, -0.10, -0.10, -0.10, -0.10, -0.14, -0.18, -0.14, -0.10, -0.18, -0.26, -0.18, -0.10, -0.10, -0.10, -0.10, -0.10, -0.10, -0.10, -0.10, 
-0.10, -0.10, -0.10, -0.10, -0.27, -0.46, -0.28, -0.10, -0.10, -0.10, -0.10, -0.10, -0.10, -0.18, -0.26, -0.18, -0.10, -0.12, -0.18, -0.14, -0.10, -0.10, -0.10, -0.10, -0.10, -0.10, -0.10, -0.10, 
-0.10, -0.10, -0.10, -0.10, -0.46, -0.82, -0.46, -0.10, -0.10, -0.10, -0.10, -0.10, -0.10, -0.14, -0.18, -0.14, -0.10, -0.10, -0.10, -0.10, -0.10, -0.10, -0.07, -0.10, -0.10, -0.10, -0.10, -0.10, 
-0.10, -0.10, -0.10, -0.10, -0.28, -0.46, -0.28, -0.10, -0.10, -0.10, -0.10, -0.10, -0.10, -0.10, -0.10, -0.10, -0.10, -0.10, -0.10, -0.10, -0.10, -0.10, -0.10, -0.10, -0.10, -0.10, -0.10, -0.10, 
-0.10, -0.10, -0.09, -0.10, -0.10, -0.10, -0.10, -0.10, -0.10, -0.10, -0.10, -0.10, -0.10, -0.10, -0.10, -0.10, -0.10, -0.08, -0.10, -0.10, -0.10, -0.10, -0.10, -0.10, -0.10, -0.10, -0.10, -0.10, 
-0.10, -0.10, -0.10, -0.10, -0.10, -0.10, -0.10, -0.10, -0.28, -0.46, -0.28, -0.10, -0.10, -0.10, -0.10, -0.10, -0.10, -0.10, -0.14, -0.18, -0.14, -0.10, -0.10, -0.08, -0.10, -0.10, -0.10, -0.10, 
-0.10, -0.10, -0.10, -0.10, -0.10, -0.10, -0.10, -0.10, -0.46, -0.82, -0.46, -0.10, -0.10, -0.10, -0.10, -0.10, -0.10, -0.10, -0.18, -0.26, -0.18, -0.10, -0.10, -0.10, -0.10, -0.10, -0.10, -0.10, 
-0.09, -0.10, -0.10, -0.10, -0.10, -0.10, -0.10, -0.10, -0.28, -0.46, -0.28, -0.10, -0.10, -0.10, -0.10, -0.10, -0.08, -0.10, -0.14, -0.18, -0.12, -0.10, -0.10, -0.10, -0.10, -0.10, -0.10, -0.10, 
-0.10, -0.10, -0.10, -0.10, -0.10, -0.10, -0.10, -0.10, -0.10, -0.10, -0.10, -0.10, -0.10, -0.10, -0.10, -0.10, -0.10, -0.10, -0.10, -0.08, -0.10, -0.10, -0.10, -0.10, -0.10, -0.10, -0.10, -0.10, 
-0.10, -0.10, -0.10, -0.10, -0.10, -0.10, -0.10, -0.10, -0.10, -0.10, -0.10, -0.10, -0.10, -0.10, -0.10, -0.10, -0.10, -0.10, -0.10, -0.10, -0.10, -0.10, -0.10, -0.10, -0.10, -0.10, -0.10, -0.10, 
-- optimal policy --
r  >  r  r  >  r  r  r  v  l  <  <  <  <  r  v  r  v  l  l  >  r  r  r  r  v  v  v  
>  R  >  >  r  >  r  r  v  l  L  L  L  L  r  v  v  l  l  l  r  r  r  r  r  r  v  l  
R  R  R  R  r  v  >  r  v  l  r  r  v  l  r  v  l  <  <  <  r  r  r  r  r  >  v  <  
R  ^  L  R  >  r  v  >  r  r  r  r  r  r  v  l  <  L  L  L  >  r  r  >  >  R  ^  L  
v  v  l  >  >  >  r  v  >  r  >  >  >  r  v  l  r  v  l  l  r  r  >  R  R  ^  L  ^  
v  v  l  R  R  >  >  >  r  >  r  >  >  >  r  r  r  r  r  r  r  >  R  ^  L  L  R  ^  
v  l  l  l  r  r  R  ^  >  r  >  R  R  R  >  >  >  r  >  r  >  R  ^  ^  L  r  R  ^  
r  v  l  r  r  r  r  v  r  >  R  ^  L  R  R  >  >  >  r  >  R  R  ^  L  L  >  R  ^  
>  r  r  r  r  r  >  v  >  R  ^  ^  L  l  R  R  R  R  >  R  >  r  v  v  l  R  ^  ^  
r  >  r  >  r  r  r  r  v  v  v  v  r  r  v  l  l  R  R  >  r  >  r  v  l  l  r  v  
>  r  >  r  >  r  r  r  r  v  v  v  v  v  l  l  r  v  r  r  >  r  >  r  v  l  l  l  
r  >  r  >  R  r  r  r  r  r  v  v  v  l  <  r  v  l  >  r  r  r  r  >  >  <  <  <  
>  r  >  R  R  >  r  r  r  r  r  v  v  l  L  r  v  l  r  r  r  r  >  R  ^  L  <  <  
r  >  R  R  R  R  >  r  r  r  r  r  v  l  r  r  r  r  r  r  >  r  R  ^  ^  ^  L  <  
>  R  r  v  l  r  r  >  r  r  r  r  r  r  r  r  v  r  r  >  r  >  ^  <  ^  ^  ^  L  
R  r  >  r  r  r  >  R  >  r  r  r  r  r  r  r  r  v  >  r  >  R  ^  L  <  ^  R  ^  
r  >  r  >  r  >  R  >  >  >  r  r  r  r  r  r  >  >  >  >  R  ^  ^  ^  L  L  ^  ^  
>  R  >  r  >  R  >  R  R  R  r  r  r  r  r  >  R  ^  R  R  ^  ^  >  ^  <  L  L  ^  
R  >  r  >  R  r  r  v  l  r  >  r  r  r  r  r  v  l  L  r  R  >  R  ^  L  <  L  L  
>  r  >  R  r  r  r  r  r  r  r  r  r  r  r  >  r  r  r  v  >  R  ^  ^  ^  L  <  L  
r  >  R  R  >  r  r  r  >  >  >  r  r  r  >  R  ^  r  >  >  R  ^  ^  ^  ^  ^  L  <  
>  R  R  >  >  >  >  >  >  >  >  >  >  >  R  ^  >  >  R  ^  L  ^  ^  ^  ^  R  ^  L  
Correct actions (%) : 4.88
Avg angular diffs   : 113.05
