arguments: 28 26 3 -0.728015 -0.163864 0.0120135 -0.0961076
loading features...

Initializing gridworld of size 28 by 22..
    Num states: 616
    Num actions: 8
recovered reward
-0.10, -0.10, -0.28, -0.46, -0.28, -0.10, -0.10, -0.10, -0.10, -0.06, -0.10, -0.10, -0.10, -0.06, -0.10, -0.10, -0.10, -0.06, -0.10, -0.10, -0.06, -0.10, -0.06, -0.10, -0.10, -0.06, -0.10, -0.10, 
-0.07, -0.10, -0.46, -0.79, -0.46, -0.46, -0.29, -0.18, -0.14, -0.10, -0.10, -0.10, -0.10, -0.10, -0.10, -0.10, -0.28, -0.46, -0.28, -0.10, -0.10, -0.10, -0.10, -0.10, -0.10, -0.10, -0.10, -0.10, 
-0.10, -0.14, -0.36, -0.50, -0.28, -0.82, -0.54, -0.26, -0.18, -0.10, -0.10, -0.10, -0.10, -0.10, -0.10, -0.10, -0.46, -0.82, -0.46, -0.10, -0.10, -0.10, -0.10, -0.10, -0.10, -0.10, -0.10, -0.10, 
-0.07, -0.18, -0.26, -0.18, -0.28, -0.46, -0.32, -0.18, -0.14, -0.10, -0.10, -0.10, -0.14, -0.18, -0.14, -0.14, -0.36, -0.50, -0.28, -0.10, -0.10, -0.10, -0.10, -0.10, -0.10, -0.10, -0.10, -0.10, 
-0.10, -0.14, -0.18, -0.14, -0.10, -0.10, -0.10, -0.10, -0.14, -0.18, -0.14, -0.10, -0.18, -0.26, -0.18, -0.18, -0.26, -0.18, -0.10, -0.10, -0.10, -0.10, -0.10, -0.10, -0.10, -0.10, -0.07, -0.10, 
-0.10, -0.10, -0.10, -0.10, -0.10, -0.10, -0.10, -0.10, -0.18, -0.26, -0.18, -0.10, -0.14, -0.18, -0.32, -0.50, -0.36, -0.14, -0.10, -0.10, -0.10, -0.10, -0.10, -0.10, -0.10, -0.10, -0.10, -0.10, 
-0.28, -0.46, -0.28, -0.10, -0.10, -0.10, -0.10, -0.10, -0.14, -0.18, -0.14, -0.10, -0.10, -0.10, -0.46, -0.82, -0.46, -0.10, -0.10, -0.10, -0.10, -0.10, -0.10, -0.10, -0.10, -0.10, -0.10, -0.10, 
-0.46, -0.82, -0.46, -0.10, -0.10, -0.28, -0.46, -0.32, -0.18, -0.14, -0.10, -0.10, -0.10, -0.10, -0.28, -0.46, -0.28, -0.10, -0.10, -0.10, -0.10, -0.10, -0.10, -0.10, -0.10, -0.10, -0.07, -0.10, 
-0.28, -0.46, -0.28, -0.10, -0.10, -0.46, -0.82, -0.54, -0.26, -0.18, -0.28, -0.46, -0.28, -0.10, -0.10, -0.10, -0.10, -0.10, -0.10, -0.10, -0.14, -0.18, -0.14, -0.10, -0.10, -0.10, -0.10, -0.10, 
-0.10, -0.10, -0.10, -0.10, -0.10, -0.28, -0.46, -0.32, -0.18, -0.14, -0.44, -0.82, -0.46, -0.10, -0.12, -0.18, -0.14, -0.08, -0.10, -0.10, -0.16, -0.26, -0.18, -0.08, -0.10, -0.10, -0.10, -0.10, 
-0.10, -0.10, -0.10, -0.10, -0.10, -0.10, -0.10, -0.10, -0.10, -0.10, -0.28, -0.46, -0.28, -0.10, -0.18, -0.26, -0.18, -0.10, -0.10, -0.10, -0.14, -0.18, -0.14, -0.10, -0.10, -0.10, -0.07, -0.10, 
-0.10, -0.10, -0.10, -0.10, -0.10, -0.10, -0.28, -0.44, -0.28, -0.10, -0.10, -0.10, -0.10, -0.10, -0.14, -0.18, -0.14, -0.10, -0.10, -0.10, -0.10, -0.10, -0.10, -0.10, -0.10, -0.10, -0.10, -0.10, 
-0.10, -0.10, -0.10, -0.10, -0.10, -0.10, -0.46, -0.82, -0.46, -0.10, -0.10, -0.28, -0.46, -0.28, -0.14, -0.18, -0.14, -0.10, -0.10, -0.10, -0.10, -0.10, -0.10, -0.10, -0.10, -0.10, -0.10, -0.10, 
-0.07, -0.10, -0.10, -0.07, -0.10, -0.10, -0.26, -0.46, -0.28, -0.10, -0.10, -0.46, -0.82, -0.46, -0.18, -0.26, -0.18, -0.10, -0.10, -0.10, -0.10, -0.10, -0.10, -0.10, -0.10, -0.10, -0.08, -0.10, 
-0.10, -0.10, -0.10, -0.10, -0.10, -0.10, -0.10, -0.10, -0.10, -0.10, -0.10, -0.28, -0.46, -0.28, -0.14, -0.18, -0.14, -0.10, -0.10, -0.10, -0.10, -0.10, -0.10, -0.10, -0.10, -0.10, -0.10, -0.10, 
-0.10, -0.10, -0.10, -0.10, -0.10, -0.10, -0.10, -0.10, -0.10, -0.10, -0.10, -0.10, -0.10, -0.10, -0.10, -0.10, -0.14, -0.18, -0.14, -0.10, -0.10, -0.10, -0.10, -0.10, -0.10, -0.10, -0.10, -0.10, 
-0.10, -0.10, -0.10, -0.10, -0.10, -0.10, -0.10, -0.10, -0.10, -0.10, -0.10, -0.10, -0.10, -0.14, -0.18, -0.14, -0.18, -0.26, -0.18, -0.10, -0.10, -0.10, -0.10, -0.10, -0.10, -0.10, -0.09, -0.10, 
-0.10, -0.10, -0.10, -0.10, -0.10, -0.10, -0.10, -0.10, -0.10, -0.10, -0.10, -0.28, -0.46, -0.36, -0.26, -0.18, -0.14, -0.18, -0.14, -0.36, -0.50, -0.28, -0.10, -0.10, -0.10, -0.10, -0.10, -0.10, 
-0.10, -0.10, -0.10, -0.10, -0.10, -0.10, -0.10, -0.10, -0.10, -0.10, -0.10, -0.46, -0.82, -0.50, -0.18, -0.14, -0.10, -0.10, -0.18, -0.62, -0.91, -0.46, -0.10, -0.10, -0.09, -0.10, -0.10, -0.10, 
-0.10, -0.10, -0.09, -0.10, -0.10, -0.09, -0.10, -0.10, -0.09, -0.10, -0.10, -0.27, -0.46, -0.28, -0.09, -0.10, -0.10, -0.09, -0.14, -0.36, -0.49, -0.28, -0.10, -0.10, -0.10, -0.10, -0.10, -0.10, 
-0.10, -0.10, -0.10, -0.10, -0.10, -0.10, -0.10, -0.10, -0.10, -0.10, -0.10, -0.10, -0.10, -0.10, -0.10, -0.10, -0.10, -0.10, -0.10, -0.10, -0.10, -0.10, -0.10, -0.10, -0.10, -0.10, -0.10, -0.10, 
-0.10, -0.10, -0.10, -0.10, -0.10, -0.10, -0.10, -0.10, -0.10, -0.10, -0.10, -0.10, -0.10, -0.10, -0.10, -0.10, -0.10, -0.10, -0.10, -0.10, -0.10, -0.10, -0.10, -0.10, -0.10, -0.10, -0.10, -0.10, 
-- optimal policy --
v  l  <  <  >  >  >  >  >  R  <  r  >  ^  <  >  >  L  <  >  L  >  ^  <  >  R  <  l  
L  <  L  L  R  R  R  R  R  ^  L  >  R  ^  L  R  R  ^  L  R  ^  R  ^  L  R  ^  L  <  
^  L  L  v  l  R  R  R  R  ^  ^  R  R  ^  ^  L  L  R  R  ^  R  R  ^  R  ^  R  ^  L  
L  <  L  r  r  r  r  >  R  R  R  R  ^  ^  L  L  L  r  R  R  ^  ^  R  ^  L  ^  ^  ^  
^  L  l  l  l  >  >  R  R  R  R  ^  L  L  R  ^  L  >  R  ^  ^  R  ^  L  L  ^  ^  ^  
^  L  <  <  l  R  R  ^  L  R  R  ^  L  l  l  ^  r  R  ^  ^  R  ^  ^  ^  L  R  ^  L  
^  L  L  L  <  R  ^  L  L  r  R  ^  L  <  <  r  >  R  ^  R  ^  ^  ^  R  R  R  ^  ^  
^  L  R  ^  L  R  ^  ^  L  >  R  ^  ^  L  <  r  R  R  R  ^  R  R  R  R  R  ^  L  ^  
r  r  R  ^  L  L  L  R  R  R  ^  ^  L  ^  L  >  R  R  R  R  R  R  R  R  R  R  ^  L  
r  v  R  ^  ^  L  l  l  R  ^  L  L  R  ^  R  R  R  R  R  ^  L  R  R  R  R  R  ^  ^  
v  r  v  l  <  L  l  <  <  r  r  r  R  ^  L  R  R  ^  L  ^  L  r  R  R  R  ^  L  ^  
v  v  l  <  v  l  <  L  L  r  >  >  R  ^  L  >  R  ^  L  L  L  >  R  ^  R  R  ^  L  
v  l  <  v  l  <  L  l  r  >  R  R  ^  L  L  R  R  R  ^  L  R  R  R  ^  R  R  ^  ^  
<  <  L  <  <  L  <  l  l  R  ^  L  R  R  ^  R  R  ^  L  R  R  R  ^  R  R  R  ^  ^  
^  L  <  ^  L  <  L  <  <  ^  ^  L  r  r  r  >  R  ^  R  R  R  ^  R  R  ^  R  ^  L  
^  L  L  <  ^  L  L  L  L  <  L  L  >  >  >  R  R  R  R  R  ^  R  R  ^  R  R  ^  ^  
^  ^  ^  L  <  ^  L  L  L  L  L  L  R  R  R  ^  L  R  R  ^  R  R  ^  R  R  ^  ^  ^  
R  ^  L  L  L  L  ^  L  L  L  L  L  ^  L  R  r  r  >  R  R  R  R  R  R  ^  R  ^  L  
^  ^  R  ^  L  L  L  L  L  L  L  L  l  r  r  >  >  R  ^  L  R  R  R  ^  R  ^  R  ^  
^  R  R  ^  ^  L  L  L  L  L  L  L  l  l  >  R  R  ^  L  r  r  R  ^  R  ^  L  R  ^  
^  R  ^  L  R  ^  L  L  L  L  L  L  <  <  R  R  R  ^  >  >  >  R  R  ^  L  L  L  ^  
R  ^  R  R  ^  L  L  L  L  L  L  L  L  L  R  R  ^  R  R  R  R  R  ^  ^  ^  ^  L  L  
Correct actions (%) : 12.17
Avg angular diffs   : 76.70
