arguments: 28 30 3 -0.458247 -0.116383 0.00403293 -0.421337
loading features...

Initializing gridworld of size 28 by 22..
    Num states: 616
    Num actions: 8
recovered reward
-0.42, -0.42, -0.42, -0.42, -0.42, -0.42, -0.41, -0.42, -0.42, -0.41, -0.42, -0.42, -0.42, -0.41, -0.42, -0.42, -0.42, -0.41, -0.42, -0.42, -0.41, -0.42, -0.41, -0.42, -0.42, -0.41, -0.42, -0.42, 
-0.42, -0.42, -0.42, -0.41, -0.42, -0.42, -0.88, -0.42, -0.42, -0.42, -0.42, -0.42, -0.42, -0.42, -0.42, -0.42, -0.42, -0.42, -0.42, -0.42, -0.42, -0.42, -0.42, -0.42, -0.42, -0.42, -0.42, -0.42, 
-0.42, -0.42, -0.42, -0.42, -0.42, -0.42, -0.54, -0.42, -0.42, -0.42, -0.42, -0.42, -0.42, -0.42, -0.42, -0.42, -0.54, -0.42, -0.42, -0.42, -0.42, -0.54, -0.42, -0.42, -0.42, -0.42, -0.42, -0.42, 
-0.42, -0.41, -0.42, -0.42, -0.42, -0.42, -0.42, -0.42, -0.42, -0.42, -0.42, -0.88, -0.42, -0.42, -0.42, -0.42, -0.42, -0.42, -0.42, -0.42, -0.42, -0.42, -0.42, -0.42, -0.42, -0.42, -0.42, -0.42, 
-0.42, -0.42, -0.42, -0.42, -0.42, -0.42, -0.42, -0.42, -0.42, -0.42, -0.42, -0.42, -0.42, -0.42, -0.42, -0.42, -0.88, -0.42, -0.42, -0.42, -0.42, -0.42, -0.42, -0.42, -0.42, -0.42, -0.54, -0.42, 
-0.42, -0.42, -0.42, -0.42, -0.42, -0.42, -0.54, -0.42, -0.42, -0.42, -0.88, -0.42, -0.42, -0.42, -0.42, -0.42, -0.42, -0.42, -0.42, -0.42, -0.42, -0.42, -0.42, -0.42, -0.42, -0.42, -0.42, -0.42, 
-0.41, -0.42, -0.42, -0.42, -0.42, -0.42, -0.42, -0.42, -0.42, -0.42, -0.42, -0.54, -0.42, -0.42, -0.42, -0.42, -0.42, -0.42, -0.42, -0.42, -0.42, -0.42, -0.42, -0.42, -0.42, -0.42, -0.42, -0.42, 
-0.42, -0.42, -0.42, -0.42, -0.42, -0.42, -0.42, -0.42, -0.42, -0.42, -0.42, -0.42, -0.42, -0.42, -0.42, -0.42, -0.42, -0.42, -0.42, -0.42, -0.42, -0.42, -0.42, -0.42, -0.42, -0.42, -0.42, -0.42, 
-0.42, -0.42, -0.42, -0.42, -0.42, -0.42, -0.42, -0.42, -0.42, -0.42, -0.42, -0.42, -0.42, -0.42, -0.42, -0.42, -0.42, -0.42, -0.42, -0.42, -0.42, -0.42, -0.42, -0.42, -0.42, -0.42, -0.42, -0.42, 
-0.41, -0.42, -0.42, -0.41, -0.42, -0.42, -0.41, -0.42, -0.42, -0.42, -0.42, -0.42, -0.42, -0.42, -0.88, -0.42, -0.42, -0.42, -0.42, -0.42, -0.42, -0.42, -0.42, -0.42, -0.42, -0.42, -0.42, -0.42, 
-0.42, -0.42, -0.42, -0.42, -0.42, -0.42, -0.42, -0.88, -0.42, -0.42, -0.42, -0.42, -0.42, -0.42, -0.42, -0.42, -0.42, -0.42, -0.42, -0.42, -0.54, -0.42, -0.42, -0.42, -0.42, -0.42, -0.42, -0.42, 
-0.42, -0.42, -0.42, -0.42, -0.88, -0.42, -0.42, -0.42, -0.42, -0.88, -0.42, -0.42, -0.42, -0.42, -0.42, -0.42, -0.42, -0.42, -0.42, -0.42, -0.42, -0.42, -0.42, -0.42, -0.42, -0.42, -0.42, -0.42, 
-0.42, -0.42, -0.42, -0.42, -0.42, -0.42, -0.42, -0.42, -0.42, -0.42, -0.42, -0.88, -0.42, -0.42, -0.42, -0.42, -0.42, -0.42, -0.42, -0.42, -0.42, -0.42, -0.42, -0.42, -0.42, -0.42, -0.42, -0.42, 
-0.42, -0.42, -0.42, -0.42, -0.42, -0.42, -0.42, -0.42, -0.42, -0.42, -0.54, -0.42, -0.42, -0.42, -0.42, -0.42, -0.42, -0.42, -0.42, -0.42, -0.42, -0.42, -0.42, -0.42, -0.42, -0.42, -0.42, -0.42, 
-0.42, -0.42, -0.42, -0.42, -0.42, -0.42, -0.42, -0.42, -0.42, -0.54, -0.88, -0.42, -0.42, -0.42, -0.42, -0.42, -0.42, -0.42, -0.42, -0.42, -0.42, -0.42, -0.42, -0.42, -0.42, -0.42, -0.42, -0.42, 
-0.42, -0.42, -0.42, -0.42, -0.42, -0.42, -0.42, -0.42, -0.42, -0.42, -0.42, -0.42, -0.42, -0.42, -0.42, -0.42, -0.42, -0.42, -0.42, -0.42, -0.42, -0.42, -0.42, -0.42, -0.42, -0.42, -0.42, -0.42, 
-0.42, -0.42, -0.54, -0.42, -0.42, -0.42, -0.42, -0.42, -0.42, -0.42, -0.42, -0.42, -0.42, -0.42, -0.88, -0.42, -0.42, -0.42, -0.42, -0.42, -0.42, -0.42, -0.42, -0.42, -0.42, -0.42, -0.42, -0.42, 
-0.42, -0.42, -0.42, -0.42, -0.42, -0.42, -0.42, -0.42, -0.54, -0.42, -0.42, -0.42, -0.42, -0.42, -0.42, -0.42, -0.42, -0.42, -0.42, -0.42, -0.54, -0.42, -0.42, -0.42, -0.42, -0.42, -0.42, -0.42, 
-0.42, -0.42, -0.42, -0.42, -0.42, -0.42, -0.42, -0.42, -0.42, -0.42, -0.42, -0.42, -0.42, -0.42, -0.42, -0.88, -0.42, -0.42, -0.42, -0.42, -0.42, -0.42, -0.42, -0.42, -0.42, -0.42, -0.42, -0.42, 
-0.42, -0.42, -0.42, -0.42, -0.42, -0.42, -0.42, -0.42, -0.42, -0.42, -0.42, -0.42, -0.42, -0.42, -0.42, -0.42, -0.42, -0.42, -0.42, -0.42, -0.42, -0.42, -0.42, -0.42, -0.42, -0.42, -0.42, -0.42, 
-0.42, -0.42, -0.42, -0.42, -0.42, -0.42, -0.42, -0.42, -0.42, -0.42, -0.42, -0.42, -0.42, -0.42, -0.42, -0.42, -0.42, -0.42, -0.42, -0.42, -0.42, -0.42, -0.42, -0.42, -0.42, -0.42, -0.42, -0.42, 
-0.42, -0.42, -0.42, -0.42, -0.42, -0.42, -0.42, -0.42, -0.42, -0.42, -0.42, -0.42, -0.42, -0.42, -0.42, -0.42, -0.42, -0.42, -0.42, -0.42, -0.42, -0.42, -0.42, -0.42, -0.42, -0.42, -0.42, -0.42, 
-- optimal policy --
r  >  r  r  r  >  r  r  >  r  r  r  >  r  r  r  >  r  r  >  r  >  >  r  >  ^  <  <  
r  r  >  r  >  R  r  >  R  r  r  >  R  r  r  >  R  r  >  R  >  R  r  >  R  ^  L  L  
r  >  R  >  R  r  >  R  r  r  >  R  r  r  >  R  r  >  R  >  R  r  >  R  ^  ^  L  L  
>  R  >  R  r  >  R  r  r  >  R  r  r  >  R  >  >  R  >  R  r  >  R  ^  R  ^  ^  L  
R  ^  R  r  >  R  r  r  >  R  r  r  >  R  >  R  R  >  R  r  >  R  ^  R  ^  R  ^  ^  
R  R  r  >  R  r  r  >  R  r  >  >  R  >  R  r  >  R  r  >  R  ^  ^  R  R  ^  R  ^  
R  r  >  R  r  r  >  R  r  >  R  R  >  R  >  >  R  r  >  R  ^  R  ^  ^  ^  R  R  ^  
^  r  R  >  r  >  R  >  >  R  >  R  R  >  R  R  >  >  R  R  ^  ^  ^  L  ^  R  ^  L  
r  >  r  r  >  r  >  R  R  >  R  R  >  R  R  >  R  R  ^  R  R  ^  ^  L  R  R  R  ^  
r  r  >  >  r  >  R  R  >  R  R  >  R  R  >  R  R  ^  R  ^  ^  L  R  ^  R  ^  L  ^  
r  >  R  R  >  R  ^  >  R  R  >  R  R  >  R  R  ^  ^  L  R  ^  L  R  ^  L  L  ^  L  
>  R  R  R  R  R  >  R  R  >  R  R  >  R  R  ^  R  ^  R  ^  R  ^  L  L  L  L  L  ^  
R  >  R  >  R  >  R  R  >  R  R  >  R  R  ^  R  R  R  ^  R  ^  L  ^  L  L  L  L  ^  
>  R  >  R  >  R  R  >  R  R  >  R  R  R  R  R  R  R  R  ^  R  ^  ^  L  L  L  ^  L  
R  >  R  >  R  R  >  R  R  r  R  R  R  R  R  R  R  R  ^  R  ^  R  ^  R  ^  L  L  L  
>  R  >  R  R  >  R  R  r  >  R  R  R  R  R  ^  R  R  ^  ^  R  ^  R  ^  R  ^  L  L  
R  R  R  R  >  R  R  >  >  R  R  R  R  R  ^  R  R  R  ^  R  ^  R  R  R  ^  R  ^  L  
R  >  R  >  R  R  >  R  R  R  R  R  R  ^  R  ^  R  ^  R  ^  R  ^  L  R  ^  L  L  L  
>  R  >  R  R  >  R  >  R  R  ^  R  ^  R  R  R  R  R  ^  L  R  ^  R  ^  L  ^  L  ^  
R  >  R  R  >  R  >  R  R  R  R  R  ^  L  ^  R  R  ^  ^  R  R  R  ^  R  ^  L  ^  L  
>  R  R  >  R  ^  R  R  ^  R  R  ^  L  ^  L  R  R  ^  R  R  R  ^  R  R  ^  L  L  L  
R  R  >  R  ^  R  R  ^  R  R  ^  L  ^  L  R  R  ^  R  R  R  ^  R  R  ^  L  ^  L  L  
Correct actions (%) : 25.74
Avg angular diffs   : 66.39
