arguments: 28 11 1 0.491569 0.206906 0.195354 -0.106171
loading features...

Initializing gridworld of size 28 by 22..
    Num states: 616
    Num actions: 8
recovered reward
-0.11, 0.10, -0.11, -0.11, -0.11, -0.11, -0.11, -0.11, -0.11, -0.11, -0.11, -0.11, -0.11, -0.11, -0.11, -0.11, -0.11, -0.11, -0.11, -0.11, -0.11, -0.11, -0.11, -0.11, -0.11, -0.11, -0.11, -0.11, 
-0.11, -0.11, -0.11, -0.11, -0.11, 0.39, 0.10, -0.11, -0.11, 0.05, -0.11, -0.11, 0.07, -0.11, -0.11, -0.11, -0.11, -0.11, -0.11, 0.10, -0.11, -0.11, -0.11, -0.11, -0.11, 0.40, -0.11, -0.11, 
-0.11, -0.11, 0.39, -0.11, -0.11, -0.11, 0.10, -0.11, -0.11, -0.11, -0.11, -0.11, -0.11, -0.11, -0.11, -0.11, 0.09, -0.11, -0.11, -0.11, 0.39, -0.11, -0.11, -0.11, -0.11, -0.11, -0.11, -0.11, 
-0.11, -0.11, -0.11, -0.11, -0.11, -0.11, -0.11, 0.03, -0.11, -0.11, -0.11, -0.11, -0.11, -0.11, -0.11, -0.11, -0.11, -0.11, -0.11, -0.11, -0.11, -0.11, -0.11, -0.11, -0.11, -0.11, -0.11, -0.11, 
-0.11, -0.11, -0.11, -0.11, -0.11, -0.11, 0.01, -0.11, -0.11, -0.11, -0.11, -0.11, -0.11, -0.11, -0.11, -0.11, -0.11, -0.11, -0.11, -0.11, -0.11, 0.39, -0.11, -0.11, -0.11, 0.38, -0.11, -0.11, 
-0.11, -0.11, -0.11, -0.11, -0.11, -0.11, -0.11, -0.11, -0.11, -0.11, -0.11, -0.11, -0.11, -0.11, -0.11, -0.11, 0.11, -0.11, -0.11, -0.11, -0.11, 0.39, -0.11, -0.11, -0.11, -0.11, -0.11, -0.11, 
-0.11, -0.11, -0.11, -0.11, -0.01, -0.11, -0.11, -0.11, -0.11, -0.11, -0.11, 0.10, -0.11, -0.11, 0.13, -0.11, -0.11, -0.11, -0.11, -0.11, -0.11, -0.11, -0.11, -0.11, -0.11, -0.11, -0.11, -0.11, 
-0.11, -0.11, -0.11, -0.11, -0.11, -0.11, -0.11, -0.11, -0.11, -0.11, -0.11, -0.11, -0.11, -0.11, -0.11, -0.11, -0.11, -0.11, -0.11, -0.11, -0.11, 0.10, -0.11, 0.36, -0.11, -0.11, -0.11, -0.11, 
-0.11, -0.11, -0.11, -0.11, -0.11, -0.11, -0.11, 0.39, -0.11, -0.11, -0.11, -0.11, -0.11, -0.11, -0.11, -0.11, -0.11, -0.11, -0.11, -0.11, 0.39, -0.11, -0.11, -0.11, -0.11, -0.11, -0.11, -0.11, 
-0.11, -0.11, -0.11, -0.11, -0.03, -0.11, -0.11, -0.11, -0.11, -0.11, -0.11, -0.11, 0.15, -0.11, -0.11, -0.11, -0.11, -0.11, -0.11, -0.11, -0.11, -0.11, -0.11, -0.11, -0.11, -0.11, -0.11, -0.11, 
-0.11, -0.11, -0.11, -0.11, -0.11, -0.11, -0.11, -0.11, -0.11, 0.39, -0.11, -0.11, -0.11, -0.11, -0.11, -0.11, -0.11, -0.11, -0.11, -0.11, -0.11, -0.11, -0.11, -0.11, 0.34, -0.11, -0.11, -0.11, 
-0.11, -0.11, -0.11, -0.11, -0.11, -0.11, -0.11, -0.11, -0.11, -0.11, 0.17, -0.11, -0.11, -0.11, -0.11, -0.11, 0.10, -0.11, -0.11, -0.11, -0.11, -0.11, -0.11, -0.11, -0.11, -0.11, -0.11, -0.11, 
-0.11, -0.11, -0.11, -0.11, -0.11, -0.11, -0.11, -0.11, -0.11, -0.11, -0.11, -0.11, -0.11, -0.11, 0.10, -0.11, -0.11, -0.11, -0.11, -0.11, -0.11, -0.11, -0.11, -0.11, -0.11, -0.11, -0.11, -0.11, 
-0.11, -0.11, -0.11, -0.05, -0.11, -0.11, -0.11, -0.11, -0.11, -0.11, -0.11, -0.11, -0.11, -0.11, -0.11, -0.11, -0.11, -0.11, -0.11, -0.11, -0.11, -0.11, -0.11, 0.32, -0.11, 0.39, -0.11, -0.11, 
-0.11, -0.11, -0.11, -0.11, -0.11, -0.11, -0.11, -0.11, -0.11, 0.19, -0.11, -0.11, -0.11, -0.11, -0.11, -0.11, -0.11, -0.11, -0.11, -0.11, -0.11, -0.11, -0.11, -0.11, -0.11, -0.11, -0.11, -0.11, 
-0.11, -0.11, -0.11, -0.11, -0.11, -0.11, -0.11, -0.11, -0.11, -0.11, -0.11, -0.11, -0.11, -0.11, -0.11, -0.11, -0.11, -0.11, -0.11, -0.11, -0.11, -0.11, 0.39, -0.11, -0.11, -0.11, -0.11, -0.11, 
-0.11, -0.11, -0.07, -0.11, -0.11, -0.11, -0.11, -0.11, -0.11, -0.11, -0.11, -0.11, 0.21, -0.11, -0.11, -0.11, -0.11, -0.11, -0.11, -0.11, -0.11, 0.39, -0.11, 0.51, -0.11, -0.11, -0.11, -0.11, 
-0.11, -0.11, -0.11, -0.11, -0.11, -0.11, -0.11, -0.11, -0.11, -0.11, -0.11, -0.11, -0.11, -0.11, -0.11, -0.11, -0.11, -0.11, -0.11, -0.11, -0.11, -0.11, -0.11, -0.11, -0.11, -0.11, -0.11, -0.11, 
-0.11, -0.11, -0.11, -0.11, -0.11, -0.11, -0.11, 0.39, -0.11, -0.11, -0.11, -0.11, -0.11, -0.11, -0.11, 0.10, -0.11, -0.11, -0.11, -0.11, -0.11, 0.28, -0.11, -0.11, -0.11, -0.11, -0.11, -0.11, 
-0.09, -0.11, -0.11, -0.11, -0.11, -0.11, -0.11, -0.11, -0.11, -0.11, -0.11, -0.11, -0.11, 0.23, -0.11, 0.10, 0.25, -0.11, -0.11, 0.47, -0.11, -0.11, -0.11, -0.11, -0.11, -0.11, -0.11, -0.11, 
-0.11, -0.11, -0.11, -0.11, -0.11, -0.11, -0.11, -0.11, -0.11, -0.11, -0.11, -0.11, -0.11, -0.11, -0.11, -0.11, -0.11, -0.11, -0.11, -0.11, -0.11, -0.11, -0.11, -0.11, -0.11, -0.11, -0.11, -0.11, 
-0.11, -0.11, -0.11, -0.11, -0.11, -0.11, -0.11, -0.11, -0.11, -0.11, -0.11, -0.11, -0.11, -0.11, -0.11, -0.11, -0.11, -0.11, -0.11, -0.11, -0.11, -0.11, -0.11, -0.11, -0.11, -0.11, -0.11, -0.11, 
-- optimal policy --
r  v  r  >  r  v  l  l  r  v  r  r  r  v  r  r  r  >  r  v  l  v  l  l  r  v  l  l  
>  r  v  r  >  r  r  r  r  r  r  r  r  r  v  r  r  r  >  r  v  l  l  l  l  l  <  l  
r  >  r  >  R  ^  r  r  r  r  r  r  r  r  r  v  r  >  R  r  v  v  l  l  v  r  v  l  
r  r  r  R  ^  R  >  r  r  v  r  r  r  r  r  r  r  r  >  r  r  v  l  l  r  v  l  l  
r  r  r  r  r  v  R  r  >  r  v  r  r  v  r  r  r  r  r  >  r  v  l  l  l  v  l  v  
>  r  r  r  r  r  v  >  r  >  r  v  r  r  v  r  v  r  r  r  >  r  r  v  v  l  v  v  
r  >  r  >  r  r  r  v  >  r  >  r  r  r  r  v  r  r  r  v  r  v  r  v  l  l  v  v  
>  r  >  R  r  r  r  v  l  >  r  r  r  r  r  r  v  r  v  r  v  l  v  r  r  v  l  l  
r  >  R  r  r  r  >  r  v  r  >  r  >  r  r  r  r  r  r  v  v  r  r  v  l  l  l  v  
>  R  r  >  r  >  R  >  r  v  r  >  r  >  r  r  r  r  r  r  v  v  r  r  v  l  l  l  
R  r  >  R  >  R  >  r  >  r  >  R  r  r  >  r  v  r  r  r  r  v  v  v  v  l  l  l  
r  >  R  >  R  >  r  >  R  >  R  r  >  r  r  >  r  >  r  r  r  r  v  v  l  l  v  l  
>  R  >  R  >  r  >  R  r  R  r  >  r  >  >  R  >  r  >  r  v  l  r  v  l  v  l  l  
R  >  R  >  r  >  R  r  r  r  r  r  >  R  R  >  r  >  r  >  r  v  v  v  l  v  l  l  
>  R  >  r  >  R  >  r  >  >  r  r  R  R  r  r  >  r  >  r  >  r  v  l  l  l  l  l  
R  r  r  r  r  >  r  >  R  r  >  r  r  v  >  r  r  >  r  >  r  >  r  v  l  l  l  l  
r  >  r  r  r  r  >  R  r  >  r  >  >  r  v  >  r  r  r  r  >  R  >  L  <  <  l  l  
>  R  r  r  r  r  r  r  >  r  >  r  >  >  r  v  r  r  r  >  R  ^  R  ^  L  <  l  l  
R  r  r  r  r  r  >  >  r  r  r  >  r  >  >  r  r  r  r  R  ^  R  ^  L  L  L  <  <  
r  r  r  r  r  >  R  >  >  r  r  r  >  r  >  >  >  r  >  ^  R  ^  L  ^  ^  ^  L  <  
r  r  r  r  >  R  >  >  >  >  r  >  R  >  R  R  r  >  R  ^  L  ^  ^  L  L  R  ^  L  
>  >  >  >  R  ^  >  >  >  >  >  R  >  R  R  >  >  R  ^  L  ^  L  ^  L  L  L  ^  L  
Correct actions (%) : 6.33
Avg angular diffs   : 93.99
