arguments: 28 5 1 0.00980392 0.00980392 -6.4627e-15 -0.980392
loading features...

Initializing gridworld of size 28 by 22..
    Num states: 616
    Num actions: 8
recovered reward
-0.98, -0.98, -0.98, -0.98, -0.98, -0.98, -0.98, -0.98, -0.98, -0.98, -0.98, -0.98, -0.98, -0.98, -0.98, -0.98, -0.98, -0.98, -0.98, -0.98, -0.98, -0.98, -0.98, -0.98, -0.98, -0.98, -0.98, -0.98, 
-0.98, -0.98, -0.98, -0.98, -0.98, -0.98, -0.98, -0.98, -0.98, -0.98, -0.98, -0.98, -0.98, -0.98, -0.98, -0.98, -0.98, -0.98, -0.98, -0.98, -0.97, -0.98, -0.98, -0.98, -0.98, -0.98, -0.98, -0.98, 
-0.98, -0.98, -0.98, -0.98, -0.98, -0.98, -0.98, -0.98, -0.98, -0.98, -0.97, -0.98, -0.98, -0.97, -0.98, -0.98, -0.98, -0.98, -0.98, -0.98, -0.98, -0.98, -0.98, -0.98, -0.98, -0.98, -0.98, -0.98, 
-0.98, -0.98, -0.98, -0.97, -0.98, -0.98, -0.98, -0.98, -0.98, -0.98, -0.98, -0.98, -0.98, -0.98, -0.98, -0.98, -0.98, -0.98, -0.98, -0.98, -0.98, -0.98, -0.98, -0.98, -0.98, -0.98, -0.98, -0.98, 
-0.98, -0.98, -0.98, -0.98, -0.98, -0.98, -0.98, -0.98, -0.98, -0.98, -0.98, -0.98, -0.98, -0.98, -0.98, -0.98, -0.97, -0.98, -0.97, -0.97, -0.97, -0.98, -0.98, -0.98, -0.98, -0.98, -0.98, -0.98, 
-0.98, -0.98, -0.98, -0.98, -0.98, -0.98, -0.98, -0.98, -0.98, -0.98, -0.98, -0.98, -0.98, -0.98, -0.98, -0.98, -0.98, -0.98, -0.98, -0.98, -0.98, -0.98, -0.98, -0.98, -0.98, -0.97, -0.98, -0.98, 
-0.98, -0.98, -0.98, -0.97, -0.97, -0.98, -0.98, -0.98, -0.98, -0.98, -0.98, -0.98, -0.98, -0.98, -0.98, -0.98, -0.98, -0.98, -0.98, -0.98, -0.98, -0.98, -0.98, -0.98, -0.98, -0.98, -0.98, -0.98, 
-0.98, -0.98, -0.98, -0.97, -0.98, -0.98, -0.98, -0.98, -0.98, -0.98, -0.98, -0.98, -0.98, -0.97, -0.98, -0.98, -0.98, -0.98, -0.98, -0.98, -0.98, -0.98, -0.98, -0.98, -0.98, -0.98, -0.98, -0.98, 
-0.98, -0.98, -0.98, -0.98, -0.98, -0.98, -0.98, -0.98, -0.98, -0.98, -0.98, -0.98, -0.98, -0.98, -0.97, -0.98, -0.98, -0.98, -0.98, -0.98, -0.98, -0.98, -0.98, -0.98, -0.98, -0.98, -0.98, -0.98, 
-0.98, -0.98, -0.98, -0.98, -0.98, -0.98, -0.98, -0.98, -0.98, -0.98, -0.98, -0.98, -0.98, -0.98, -0.98, -0.98, -0.98, -0.96, -0.98, -0.98, -0.98, -0.98, -0.98, -0.98, -0.98, -0.97, -0.98, -0.98, 
-0.98, -0.98, -0.98, -0.98, -0.98, -0.98, -0.98, -0.98, -0.98, -0.98, -0.98, -0.98, -0.98, -0.98, -0.98, -0.98, -0.97, -0.98, -0.97, -0.98, -0.98, -0.98, -0.98, -0.98, -0.98, -0.98, -0.98, -0.98, 
-0.98, -0.98, -0.98, -0.98, -0.98, -0.98, -0.98, -0.98, -0.98, -0.98, -0.98, -0.98, -0.98, -0.98, -0.98, -0.98, -0.98, -0.98, -0.98, -0.98, -0.98, -0.98, -0.98, -0.98, -0.98, -0.98, -0.98, -0.98, 
-0.98, -0.98, -0.98, -0.98, -0.98, -0.98, -0.98, -0.98, -0.98, -0.98, -0.98, -0.98, -0.98, -0.98, -0.98, -0.98, -0.98, -0.98, -0.97, -0.98, -0.98, -0.98, -0.98, -0.98, -0.98, -0.98, -0.98, -0.98, 
-0.98, -0.98, -0.98, -0.98, -0.98, -0.98, -0.98, -0.98, -0.98, -0.98, -0.98, -0.98, -0.98, -0.98, -0.97, -0.98, -0.98, -0.98, -0.98, -0.98, -0.98, -0.98, -0.98, -0.98, -0.98, -0.98, -0.98, -0.98, 
-0.98, -0.98, -0.98, -0.98, -0.98, -0.97, -0.98, -0.98, -0.98, -0.98, -0.98, -0.98, -0.98, -0.98, -0.98, -0.98, -0.98, -0.98, -0.98, -0.98, -0.98, -0.98, -0.98, -0.98, -0.98, -0.98, -0.98, -0.98, 
-0.98, -0.98, -0.98, -0.98, -0.98, -0.98, -0.98, -0.98, -0.98, -0.98, -0.98, -0.98, -0.98, -0.98, -0.98, -0.98, -0.98, -0.98, -0.98, -0.98, -0.98, -0.98, -0.98, -0.98, -0.98, -0.98, -0.98, -0.98, 
-0.98, -0.98, -0.98, -0.98, -0.98, -0.98, -0.98, -0.98, -0.98, -0.98, -0.98, -0.98, -0.98, -0.98, -0.98, -0.98, -0.98, -0.98, -0.98, -0.98, -0.98, -0.98, -0.98, -0.98, -0.98, -0.98, -0.98, -0.98, 
-0.98, -0.98, -0.98, -0.98, -0.98, -0.98, -0.98, -0.98, -0.98, -0.98, -0.98, -0.98, -0.98, -0.98, -0.98, -0.98, -0.98, -0.98, -0.98, -0.98, -0.98, -0.98, -0.98, -0.98, -0.98, -0.98, -0.98, -0.98, 
-0.98, -0.98, -0.98, -0.98, -0.98, -0.98, -0.98, -0.98, -0.98, -0.97, -0.98, -0.98, -0.98, -0.98, -0.98, -0.98, -0.98, -0.98, -0.98, -0.97, -0.98, -0.98, -0.98, -0.98, -0.98, -0.98, -0.98, -0.98, 
-0.98, -0.98, -0.98, -0.98, -0.98, -0.98, -0.98, -0.98, -0.98, -0.98, -0.98, -0.98, -0.98, -0.98, -0.98, -0.98, -0.98, -0.98, -0.98, -0.98, -0.98, -0.98, -0.98, -0.98, -0.98, -0.98, -0.98, -0.98, 
-0.98, -0.98, -0.98, -0.98, -0.98, -0.98, -0.98, -0.98, -0.98, -0.98, -0.98, -0.98, -0.98, -0.98, -0.98, -0.98, -0.98, -0.98, -0.98, -0.98, -0.98, -0.98, -0.98, -0.98, -0.98, -0.98, -0.98, -0.98, 
-0.98, -0.98, -0.98, -0.98, -0.98, -0.98, -0.98, -0.98, -0.98, -0.98, -0.98, -0.98, -0.98, -0.98, -0.98, -0.98, -0.98, -0.98, -0.98, -0.98, -0.98, -0.98, -0.98, -0.98, -0.98, -0.98, -0.98, -0.98, 
-- optimal policy --
r  >  r  >  r  >  r  r  r  v  v  l  l  v  v  l  v  l  v  r  v  l  v  l  l  l  l  l  
>  r  >  r  >  r  >  r  r  r  v  l  r  v  l  v  l  v  l  l  v  v  v  l  l  l  l  l  
r  >  r  >  r  >  r  >  r  r  v  l  v  v  r  r  v  l  l  v  l  v  l  v  l  l  l  l  
r  r  >  r  >  r  >  r  >  r  r  v  v  v  v  r  v  l  r  r  v  l  v  l  l  l  l  l  
r  r  R  >  r  r  r  >  r  >  r  v  l  r  r  v  l  v  v  v  v  v  l  l  l  l  l  l  
r  r  r  r  r  r  r  r  >  r  >  r  v  v  v  l  v  v  v  v  v  l  l  l  l  l  <  l  
r  r  r  >  r  r  r  r  r  >  r  r  r  v  l  v  v  v  v  v  l  l  l  l  l  l  L  <  
>  r  >  R  r  r  r  r  r  r  >  r  >  r  v  r  v  v  v  l  l  l  l  l  l  l  l  l  
r  >  R  ^  r  r  r  r  r  r  r  >  R  >  r  r  r  v  l  l  l  l  l  l  l  l  l  l  
>  R  ^  r  r  r  r  r  r  r  >  R  >  R  >  r  >  r  <  l  l  l  l  <  <  <  <  <  
R  r  r  >  r  r  r  r  r  >  R  >  R  >  r  >  R  ^  L  <  <  <  l  l  <  <  L  <  
r  r  r  r  >  r  r  r  >  R  >  R  r  r  >  R  ^  R  ^  L  <  L  <  l  l  l  l  L  
r  r  r  r  r  r  r  >  R  >  R  r  r  >  R  ^  R  ^  ^  ^  L  L  L  <  <  <  <  l  
r  r  r  r  r  r  >  R  >  R  r  r  >  R  ^  R  ^  R  ^  L  L  L  L  <  <  <  L  <  
r  r  r  r  >  >  R  >  R  r  r  >  R  R  ^  L  R  R  R  ^  L  ^  L  L  <  <  l  L  
r  r  r  >  R  R  >  R  r  r  >  R  R  ^  L  ^  L  R  R  ^  L  L  L  L  L  L  <  l  
r  r  >  R  R  >  R  r  r  >  R  R  R  R  ^  ^  ^  L  R  ^  ^  L  L  L  L  L  L  <  
r  >  R  R  >  R  r  r  r  R  R  R  R  ^  ^  ^  ^  L  L  ^  ^  ^  L  L  L  L  L  L  
>  R  R  >  R  r  >  r  >  R  R  R  ^  L  ^  ^  ^  L  L  L  ^  L  L  L  L  L  L  L  
R  R  >  R  r  >  r  >  R  ^  L  ^  R  ^  L  R  ^  ^  R  ^  L  ^  ^  L  L  L  L  L  
R  >  R  r  >  r  >  R  ^  L  ^  L  ^  ^  ^  ^  L  R  ^  ^  L  L  R  ^  L  L  L  L  
>  R  R  >  R  >  R  ^  ^  L  ^  L  L  ^  ^  ^  R  ^  ^  L  ^  L  L  L  ^  L  L  L  
Correct actions (%) : 15.85
Avg angular diffs   : 80.67
