arguments: 31 22 4 0.015752 -0.773882 0.00711382 -0.203252
loading features...

Initializing gridworld of size 28 by 22..
    Num states: 616
    Num actions: 8
recovered reward
-0.20, -0.20, -0.20, -0.20, -0.20, -0.20, -0.19, -0.20, -0.20, -0.19, -0.20, -0.20, -0.20, -0.18, -0.20, -0.20, -0.20, -0.19, -0.20, -0.20, -0.18, -0.20, -0.18, -0.20, -0.20, -0.18, -0.20, -0.20, 
-0.20, -0.20, -0.20, -0.18, -0.20, -0.20, -0.20, -0.20, -0.20, -0.40, -0.59, -0.39, -0.19, -0.20, -0.20, -0.20, -0.20, -0.20, -0.20, -0.20, -0.20, -0.20, -0.20, -0.20, -0.20, -0.20, -0.20, -0.20, 
-0.20, -0.20, -0.19, -0.20, -0.20, -0.20, -0.20, -0.20, -0.20, -0.59, -0.98, -0.59, -0.20, -0.20, -0.20, -0.20, -0.20, -0.20, -0.20, -0.20, -0.40, -0.59, -0.40, -0.20, -0.40, -0.59, -0.40, -0.20, 
-0.20, -0.19, -0.20, -0.20, -0.20, -0.20, -0.20, -0.20, -0.20, -0.39, -0.58, -0.39, -0.20, -0.20, -0.20, -0.19, -0.20, -0.20, -0.20, -0.20, -0.59, -0.98, -0.59, -0.20, -0.59, -0.97, -0.59, -0.20, 
-0.20, -0.20, -0.20, -0.20, -0.20, -0.20, -0.20, -0.20, -0.20, -0.39, -0.57, -0.39, -0.40, -0.59, -0.39, -0.20, -0.20, -0.20, -0.20, -0.20, -0.40, -0.59, -0.40, -0.59, -0.39, -0.57, -0.39, -0.20, 
-0.20, -0.20, -0.20, -0.20, -0.20, -0.20, -0.20, -0.20, -0.20, -0.20, -0.20, -0.20, -0.58, -0.97, -0.59, -0.20, -0.20, -0.20, -0.20, -0.20, -0.20, -0.20, -0.59, -0.98, -0.59, -0.20, -0.20, -0.20, 
-0.19, -0.20, -0.20, -0.20, -0.20, -0.20, -0.20, -0.20, -0.20, -0.20, -0.20, -0.20, -0.37, -0.58, -0.40, -0.19, -0.20, -0.20, -0.20, -0.20, -0.20, -0.20, -0.40, -0.59, -0.39, -0.20, -0.20, -0.20, 
-0.20, -0.20, -0.20, -0.20, -0.20, -0.20, -0.20, -0.20, -0.19, -0.20, -0.20, -0.20, -0.20, -0.20, -0.20, -0.20, -0.20, -0.19, -0.20, -0.20, -0.20, -0.20, -0.20, -0.20, -0.19, -0.20, -0.20, -0.20, 
-0.20, -0.20, -0.20, -0.20, -0.20, -0.40, -0.59, -0.40, -0.20, -0.20, -0.20, -0.20, -0.20, -0.20, -0.20, -0.20, -0.20, -0.20, -0.20, -0.20, -0.20, -0.20, -0.20, -0.20, -0.20, -0.20, -0.20, -0.20, 
-0.19, -0.20, -0.20, -0.19, -0.20, -0.59, -0.97, -0.59, -0.20, -0.20, -0.20, -0.20, -0.20, -0.20, -0.40, -0.59, -0.40, -0.20, -0.20, -0.20, -0.20, -0.20, -0.20, -0.20, -0.20, -0.20, -0.20, -0.20, 
-0.20, -0.20, -0.20, -0.20, -0.20, -0.40, -0.59, -0.40, -0.20, -0.20, -0.20, -0.20, -0.20, -0.20, -0.59, -0.98, -0.59, -0.20, -0.20, -0.20, -0.20, -0.20, -0.20, -0.20, -0.20, -0.20, -0.20, -0.20, 
-0.20, -0.20, -0.20, -0.20, -0.20, -0.20, -0.20, -0.20, -0.20, -0.20, -0.20, -0.20, -0.20, -0.20, -0.40, -0.59, -0.40, -0.20, -0.20, -0.20, -0.20, -0.20, -0.20, -0.20, -0.20, -0.20, -0.20, -0.20, 
-0.20, -0.20, -0.20, -0.20, -0.20, -0.20, -0.20, -0.20, -0.20, -0.20, -0.20, -0.20, -0.20, -0.20, -0.20, -0.20, -0.20, -0.20, -0.20, -0.20, -0.20, -0.20, -0.20, -0.20, -0.20, -0.19, -0.20, -0.20, 
-0.20, -0.40, -0.59, -0.40, -0.20, -0.20, -0.20, -0.20, -0.20, -0.20, -0.20, -0.20, -0.20, -0.20, -0.20, -0.20, -0.20, -0.20, -0.20, -0.20, -0.20, -0.20, -0.20, -0.20, -0.19, -0.20, -0.20, -0.20, 
-0.20, -0.59, -0.98, -0.59, -0.20, -0.20, -0.20, -0.20, -0.20, -0.20, -0.20, -0.20, -0.20, -0.20, -0.20, -0.20, -0.20, -0.20, -0.20, -0.20, -0.20, -0.20, -0.20, -0.20, -0.20, -0.20, -0.20, -0.20, 
-0.20, -0.40, -0.59, -0.40, -0.20, -0.20, -0.20, -0.20, -0.20, -0.20, -0.20, -0.20, -0.20, -0.20, -0.20, -0.20, -0.19, -0.39, -0.59, -0.40, -0.20, -0.20, -0.20, -0.20, -0.20, -0.20, -0.20, -0.20, 
-0.20, -0.20, -0.20, -0.20, -0.20, -0.20, -0.20, -0.20, -0.40, -0.59, -0.40, -0.20, -0.20, -0.20, -0.20, -0.20, -0.20, -0.59, -0.98, -0.59, -0.20, -0.20, -0.20, -0.20, -0.20, -0.20, -0.20, -0.20, 
-0.20, -0.20, -0.20, -0.20, -0.20, -0.20, -0.20, -0.20, -0.59, -0.98, -0.59, -0.20, -0.20, -0.20, -0.20, -0.20, -0.20, -0.40, -0.58, -0.39, -0.20, -0.20, -0.20, -0.20, -0.20, -0.20, -0.20, -0.20, 
-0.20, -0.20, -0.20, -0.19, -0.20, -0.20, -0.20, -0.20, -0.40, -0.59, -0.40, -0.59, -0.39, -0.20, -0.20, -0.20, -0.20, -0.20, -0.20, -0.19, -0.20, -0.20, -0.20, -0.20, -0.20, -0.20, -0.20, -0.20, 
-0.20, -0.20, -0.20, -0.20, -0.20, -0.20, -0.20, -0.20, -0.20, -0.20, -0.59, -0.98, -0.59, -0.20, -0.20, -0.20, -0.20, -0.20, -0.20, -0.20, -0.20, -0.20, -0.20, -0.20, -0.20, -0.20, -0.20, -0.20, 
-0.20, -0.20, -0.20, -0.20, -0.20, -0.20, -0.20, -0.20, -0.20, -0.20, -0.40, -0.59, -0.40, -0.20, -0.20, -0.20, -0.20, -0.20, -0.20, -0.20, -0.20, -0.20, -0.20, -0.20, -0.20, -0.20, -0.20, -0.20, 
-0.20, -0.20, -0.20, -0.20, -0.20, -0.20, -0.20, -0.20, -0.20, -0.20, -0.20, -0.20, -0.20, -0.20, -0.20, -0.20, -0.20, -0.20, -0.20, -0.20, -0.20, -0.20, -0.20, -0.20, -0.20, -0.20, -0.20, -0.20, 
-- optimal policy --
r  r  r  v  l  >  >  >  >  >  >  r  >  R  <  l  l  l  <  >  ^  >  R  <  >  ^  <  <  
r  r  >  l  <  R  R  R  R  R  R  >  R  ^  L  <  <  l  L  R  ^  R  ^  L  R  ^  L  <  
r  v  R  ^  L  <  R  R  ^  L  R  R  ^  L  L  L  <  l  <  L  R  R  ^  R  ^  ^  ^  L  
>  R  <  L  L  L  R  R  ^  L  >  R  ^  L  L  ^  L  <  L  <  L  R  R  ^  L  R  R  ^  
R  ^  L  L  L  R  R  ^  ^  L  v  R  R  R  R  ^  L  L  L  L  L  l  R  ^  L  r  R  ^  
^  L  ^  L  L  L  ^  R  ^  L  r  v  l  R  R  ^  L  L  L  L  L  <  l  R  >  >  R  ^  
R  ^  L  ^  L  L  L  ^  R  R  >  r  r  r  R  ^  ^  L  L  L  L  L  r  r  R  R  ^  L  
^  L  ^  L  ^  L  L  L  R  R  R  >  >  >  R  ^  L  ^  L  L  L  <  >  >  R  <  L  ^  
^  ^  L  ^  L  ^  L  R  ^  R  R  R  R  R  R  ^  L  L  L  L  L  L  R  R  ^  L  L  L  
^  L  ^  L  <  L  L  R  R  R  R  R  R  R  ^  R  ^  L  L  L  L  L  L  R  ^  L  L  L  
^  L  R  ^  L  <  l  R  R  R  R  R  R  ^  L  R  R  ^  L  L  ^  L  L  ^  L  ^  L  L  
^  ^  L  ^  ^  L  <  R  R  R  R  R  ^  ^  L  r  R  ^  ^  L  L  ^  L  L  ^  L  l  L  
^  L  ^  L  ^  ^  L  R  R  R  R  ^  L  ^  L  >  R  ^  ^  ^  L  L  ^  L  >  ^  <  <  
^  ^  L  ^  L  ^  R  R  R  R  R  ^  ^  L  ^  R  ^  ^  ^  ^  ^  L  L  >  R  ^  L  L  
^  L  L  R  ^  R  R  R  R  ^  ^  ^  ^  ^  R  ^  ^  ^  ^  ^  ^  ^  >  R  ^  L  L  L  
r  r  v  l  v  l  R  R  ^  L  ^  ^  ^  R  >  >  ^  <  L  ^  r  >  R  ^  L  ^  L  L  
r  r  r  v  l  l  l  R  ^  L  L  L  R  R  R  R  ^  L  L  r  >  R  ^  R  ^  L  ^  L  
>  r  r  v  l  l  l  l  L  R  R  ^  R  R  R  R  ^  L  r  v  l  l  L  R  ^  L  ^  L  
r  >  >  v  <  <  l  l  l  l  R  R  R  R  R  ^  ^  >  >  v  <  <  <  R  ^  L  L  ^  
>  R  R  ^  L  L  <  <  <  <  <  R  R  R  R  ^  >  R  R  ^  L  L  <  <  ^  L  L  L  
R  R  R  ^  L  L  L  <  <  L  L  r  R  R  ^  >  R  R  R  ^  L  L  L  <  <  ^  L  L  
R  R  ^  L  ^  L  L  L  <  L  L  >  R  R  >  R  R  R  ^  R  ^  L  L  L  L  <  ^  L  
Correct actions (%) : 26.51
Avg angular diffs   : 75.90
