arguments: 31 19 3 0.0457227 -0.729597 0.0280236 -0.196657
loading features...

Initializing gridworld of size 28 by 22..
    Num states: 616
    Num actions: 8
recovered reward
-0.20, -0.20, -0.20, -0.20, -0.20, -0.20, -0.20, -0.20, -0.20, -0.20, -0.20, -0.20, -0.20, -0.20, -0.56, -0.93, -0.56, -0.20, -0.20, -0.20, -0.20, -0.20, -0.20, -0.20, -0.20, -0.20, -0.20, -0.20, 
-0.20, -0.20, -0.20, -0.20, -0.20, -0.19, -0.17, -0.19, -0.20, -0.20, -0.20, -0.20, -0.20, -0.20, -0.38, -0.56, -0.38, -0.20, -0.20, -0.20, -0.20, -0.38, -0.56, -0.38, -0.20, -0.20, -0.20, -0.20, 
-0.20, -0.20, -0.20, -0.20, -0.20, -0.17, -0.15, -0.17, -0.19, -0.17, -0.19, -0.20, -0.20, -0.20, -0.20, -0.20, -0.20, -0.20, -0.20, -0.20, -0.20, -0.56, -0.93, -0.56, -0.20, -0.20, -0.14, -0.20, 
-0.20, -0.19, -0.17, -0.19, -0.20, -0.19, -0.17, -0.19, -0.17, -0.13, -0.19, -0.17, -0.16, -0.20, -0.20, -0.20, -0.20, -0.20, -0.20, -0.20, -0.20, -0.38, -0.56, -0.38, -0.20, -0.19, -0.17, -0.19, 
-0.20, -0.17, -0.15, -0.17, -0.19, -0.17, -0.19, -0.20, -0.19, -0.17, -0.17, -0.15, -0.17, -0.20, -0.20, -0.20, -0.20, -0.20, -0.20, -0.20, -0.20, -0.20, -0.20, -0.20, -0.38, -0.54, -0.33, -0.17, 
-0.20, -0.19, -0.17, -0.19, -0.17, -0.15, -0.17, -0.18, -0.20, -0.20, -0.19, -0.17, -0.19, -0.20, -0.20, -0.20, -0.20, -0.20, -0.20, -0.20, -0.20, -0.20, -0.20, -0.20, -0.56, -0.91, -0.48, -0.19, 
-0.20, -0.20, -0.20, -0.20, -0.19, -0.17, -0.19, -0.20, -0.20, -0.20, -0.20, -0.20, -0.20, -0.17, -0.20, -0.20, -0.20, -0.20, -0.20, -0.20, -0.20, -0.20, -0.20, -0.20, -0.38, -0.56, -0.38, -0.20, 
-0.20, -0.20, -0.20, -0.20, -0.20, -0.20, -0.20, -0.20, -0.20, -0.20, -0.20, -0.20, -0.20, -0.20, -0.20, -0.20, -0.20, -0.20, -0.20, -0.20, -0.20, -0.20, -0.20, -0.20, -0.20, -0.20, -0.20, -0.20, 
-0.20, -0.20, -0.20, -0.20, -0.20, -0.20, -0.20, -0.18, -0.20, -0.20, -0.20, -0.20, -0.20, -0.20, -0.17, -0.20, -0.20, -0.20, -0.20, -0.20, -0.20, -0.20, -0.20, -0.20, -0.20, -0.14, -0.20, -0.20, 
-0.20, -0.38, -0.56, -0.38, -0.20, -0.20, -0.20, -0.20, -0.20, -0.20, -0.20, -0.20, -0.20, -0.20, -0.20, -0.19, -0.17, -0.19, -0.20, -0.20, -0.20, -0.20, -0.20, -0.20, -0.20, -0.20, -0.20, -0.20, 
-0.20, -0.56, -0.93, -0.56, -0.38, -0.54, -0.36, -0.55, -0.38, -0.37, -0.54, -0.37, -0.20, -0.20, -0.20, -0.17, -0.12, -0.17, -0.20, -0.20, -0.20, -0.20, -0.20, -0.20, -0.20, -0.20, -0.20, -0.20, 
-0.20, -0.38, -0.56, -0.38, -0.56, -0.90, -0.52, -0.90, -0.56, -0.54, -0.88, -0.54, -0.20, -0.20, -0.20, -0.19, -0.17, -0.19, -0.20, -0.19, -0.17, -0.19, -0.20, -0.20, -0.14, -0.20, -0.20, -0.20, 
-0.20, -0.20, -0.20, -0.20, -0.38, -0.55, -0.36, -0.55, -0.38, -0.37, -0.54, -0.37, -0.56, -0.38, -0.20, -0.38, -0.56, -0.38, -0.20, -0.17, -0.15, -0.17, -0.20, -0.20, -0.20, -0.20, -0.20, -0.20, 
-0.20, -0.20, -0.20, -0.20, -0.19, -0.20, -0.20, -0.20, -0.20, -0.20, -0.20, -0.56, -0.93, -0.56, -0.20, -0.56, -0.93, -0.53, -0.38, -0.55, -0.36, -0.19, -0.20, -0.20, -0.20, -0.20, -0.20, -0.20, 
-0.20, -0.20, -0.20, -0.20, -0.20, -0.20, -0.20, -0.38, -0.56, -0.37, -0.17, -0.37, -0.56, -0.38, -0.20, -0.38, -0.56, -0.38, -0.56, -0.93, -0.56, -0.20, -0.15, -0.20, -0.20, -0.20, -0.20, -0.20, 
-0.20, -0.20, -0.20, -0.20, -0.20, -0.20, -0.20, -0.56, -0.93, -0.54, -0.33, -0.17, -0.20, -0.20, -0.20, -0.20, -0.20, -0.20, -0.38, -0.56, -0.38, -0.20, -0.20, -0.20, -0.20, -0.20, -0.20, -0.20, 
-0.20, -0.20, -0.19, -0.20, -0.20, -0.20, -0.20, -0.38, -0.56, -0.37, -0.54, -0.19, -0.20, -0.20, -0.20, -0.20, -0.20, -0.16, -0.20, -0.20, -0.20, -0.20, -0.20, -0.20, -0.20, -0.20, -0.20, -0.20, 
-0.20, -0.20, -0.20, -0.20, -0.20, -0.20, -0.20, -0.20, -0.38, -0.55, -0.36, -0.19, -0.20, -0.20, -0.20, -0.20, -0.20, -0.20, -0.20, -0.20, -0.20, -0.20, -0.20, -0.15, -0.20, -0.20, -0.20, -0.20, 
-0.20, -0.20, -0.20, -0.20, -0.20, -0.20, -0.20, -0.20, -0.20, -0.17, -0.15, -0.17, -0.20, -0.20, -0.20, -0.20, -0.20, -0.20, -0.20, -0.20, -0.20, -0.20, -0.20, -0.20, -0.20, -0.20, -0.20, -0.20, 
-0.19, -0.20, -0.20, -0.20, -0.20, -0.20, -0.20, -0.20, -0.20, -0.19, -0.17, -0.19, -0.20, -0.20, -0.20, -0.20, -0.16, -0.20, -0.20, -0.20, -0.15, -0.20, -0.20, -0.20, -0.20, -0.20, -0.20, -0.20, 
-0.20, -0.20, -0.20, -0.20, -0.20, -0.20, -0.20, -0.20, -0.20, -0.20, -0.20, -0.20, -0.20, -0.20, -0.20, -0.20, -0.20, -0.20, -0.20, -0.15, -0.20, -0.20, -0.20, -0.20, -0.20, -0.20, -0.20, -0.20, 
-0.20, -0.20, -0.20, -0.20, -0.20, -0.20, -0.20, -0.20, -0.20, -0.20, -0.20, -0.20, -0.20, -0.20, -0.20, -0.20, -0.20, -0.20, -0.20, -0.20, -0.20, -0.20, -0.20, -0.20, -0.20, -0.20, -0.20, -0.20, 
-- optimal policy --
r  r  >  r  r  r  v  l  l  v  l  l  l  v  l  l  r  v  v  l  l  >  >  >  r  v  v  v  
r  r  r  >  r  r  v  r  r  v  l  l  r  v  l  l  l  v  l  l  v  l  R  r  >  r  v  l  
r  r  v  r  >  >  >  r  r  v  l  r  v  l  l  l  v  l  l  v  l  l  r  >  r  >  v  <  
r  r  v  r  R  R  ^  >  >  v  <  v  l  <  <  v  l  l  l  l  l  v  l  R  >  R  ^  L  
>  >  >  r  R  R  R  R  R  ^  L  <  <  L  v  l  l  l  l  l  l  l  l  R  R  R  ^  L  
R  R  ^  >  >  ^  >  R  R  R  R  ^  r  v  l  v  l  l  l  l  l  l  l  l  L  R  R  ^  
R  R  ^  R  R  ^  R  ^  L  R  R  r  r  r  r  v  l  v  l  l  l  l  l  l  r  v  R  ^  
R  ^  R  R  R  R  ^  L  R  R  r  r  >  r  v  l  v  l  l  l  l  l  l  l  r  v  l  ^  
^  R  R  R  R  ^  ^  ^  R  r  r  >  r  >  r  r  v  l  l  l  l  l  l  l  l  l  <  <  
R  R  R  R  ^  ^  R  ^  L  >  >  r  >  R  r  r  v  l  l  l  l  l  l  l  l  ^  L  L  
^  L  R  R  ^  R  ^  ^  R  R  R  >  R  r  >  >  v  <  <  <  l  l  l  l  v  l  l  L  
^  L  l  l  l  R  ^  R  R  ^  R  R  R  >  R  R  ^  L  L  <  v  l  l  l  l  <  <  l  
^  L  <  r  r  r  r  r  r  r  v  R  R  R  R  R  ^  L  L  L  <  <  <  <  l  L  <  <  
^  ^  L  r  r  r  >  >  >  r  v  l  R  R  ^  L  L  R  ^  L  ^  L  L  l  l  l  L  <  
^  L  ^  r  r  >  R  R  R  >  r  r  r  R  ^  L  l  l  l  R  R  >  L  <  <  <  <  L  
^  r  r  r  r  r  v  l  R  R  >  r  >  R  ^  L  <  v  l  r  >  R  ^  L  L  <  L  <  
r  >  r  r  r  r  r  v  l  R  R  >  R  ^  ^  ^  L  r  v  >  R  R  ^  ^  L  <  L  L  
>  R  r  r  r  r  r  r  r  r  v  R  ^  ^  ^  ^  r  >  r  r  v  l  l  ^  <  L  <  L  
R  r  >  r  r  r  r  r  >  >  R  <  L  ^  >  r  v  r  >  r  v  l  l  ^  L  <  L  <  
r  r  r  r  r  r  r  >  R  R  ^  L  L  >  r  >  r  >  r  >  l  <  l  l  ^  L  L  L  
r  r  r  r  r  r  >  R  R  R  ^  L  L  r  >  R  ^  r  >  R  ^  L  <  l  l  ^  L  L  
>  >  >  >  >  >  R  R  R  ^  ^  ^  L  >  R  ^  >  >  R  ^  L  ^  L  <  <  <  ^  L  
Correct actions (%) : 8.82
Avg angular diffs   : 105.88
