arguments: 31 5 1 0.0355277 -0.73302 0.022466 -0.208986
loading features...

Initializing gridworld of size 28 by 22..
    Num states: 616
    Num actions: 8
recovered reward
-0.21, -0.21, -0.21, -0.21, -0.21, -0.21, -0.21, -0.21, -0.21, -0.21, -0.21, -0.21, -0.21, -0.21, -0.21, -0.21, -0.21, -0.21, -0.21, -0.20, -0.19, -0.20, -0.21, -0.21, -0.21, -0.21, -0.21, -0.21, 
-0.21, -0.21, -0.21, -0.21, -0.21, -0.21, -0.21, -0.21, -0.21, -0.20, -0.19, -0.20, -0.20, -0.19, -0.20, -0.21, -0.21, -0.21, -0.21, -0.19, -0.17, -0.19, -0.21, -0.21, -0.21, -0.21, -0.21, -0.21, 
-0.21, -0.21, -0.39, -0.58, -0.39, -0.21, -0.21, -0.21, -0.21, -0.19, -0.17, -0.19, -0.19, -0.17, -0.19, -0.21, -0.21, -0.21, -0.21, -0.20, -0.19, -0.20, -0.21, -0.21, -0.21, -0.21, -0.16, -0.21, 
-0.21, -0.21, -0.58, -0.94, -0.58, -0.21, -0.21, -0.21, -0.21, -0.18, -0.19, -0.20, -0.18, -0.19, -0.20, -0.39, -0.58, -0.39, -0.58, -0.38, -0.37, -0.20, -0.21, -0.21, -0.21, -0.21, -0.21, -0.21, 
-0.21, -0.21, -0.39, -0.58, -0.39, -0.21, -0.21, -0.21, -0.21, -0.21, -0.21, -0.21, -0.21, -0.21, -0.21, -0.58, -0.94, -0.58, -0.94, -0.56, -0.54, -0.19, -0.21, -0.21, -0.39, -0.58, -0.39, -0.21, 
-0.21, -0.21, -0.20, -0.37, -0.57, -0.39, -0.21, -0.20, -0.21, -0.21, -0.21, -0.21, -0.21, -0.21, -0.21, -0.39, -0.58, -0.39, -0.58, -0.38, -0.37, -0.20, -0.21, -0.21, -0.58, -0.94, -0.53, -0.21, 
-0.21, -0.21, -0.19, -0.54, -0.92, -0.58, -0.21, -0.21, -0.21, -0.21, -0.21, -0.21, -0.20, -0.17, -0.20, -0.21, -0.21, -0.21, -0.21, -0.21, -0.21, -0.21, -0.21, -0.21, -0.39, -0.58, -0.39, -0.21, 
-0.21, -0.21, -0.20, -0.37, -0.57, -0.39, -0.21, -0.21, -0.21, -0.21, -0.21, -0.21, -0.19, -0.17, -0.19, -0.20, -0.21, -0.21, -0.21, -0.21, -0.21, -0.21, -0.21, -0.21, -0.21, -0.21, -0.21, -0.21, 
-0.21, -0.21, -0.20, -0.19, -0.20, -0.21, -0.21, -0.20, -0.21, -0.21, -0.21, -0.21, -0.20, -0.19, -0.18, -0.19, -0.38, -0.56, -0.38, -0.21, -0.21, -0.21, -0.21, -0.21, -0.20, -0.15, -0.20, -0.21, 
-0.21, -0.21, -0.21, -0.21, -0.21, -0.21, -0.21, -0.21, -0.21, -0.21, -0.21, -0.21, -0.21, -0.20, -0.19, -0.38, -0.56, -0.36, -0.56, -0.39, -0.21, -0.21, -0.21, -0.21, -0.19, -0.17, -0.19, -0.21, 
-0.21, -0.21, -0.21, -0.21, -0.21, -0.20, -0.21, -0.21, -0.21, -0.21, -0.21, -0.21, -0.21, -0.21, -0.21, -0.58, -0.91, -0.56, -0.93, -0.58, -0.21, -0.21, -0.21, -0.21, -0.20, -0.19, -0.20, -0.21, 
-0.21, -0.21, -0.21, -0.21, -0.21, -0.21, -0.21, -0.21, -0.21, -0.21, -0.21, -0.21, -0.21, -0.21, -0.21, -0.39, -0.58, -0.39, -0.58, -0.39, -0.21, -0.21, -0.21, -0.21, -0.17, -0.21, -0.21, -0.21, 
-0.21, -0.21, -0.21, -0.21, -0.21, -0.21, -0.21, -0.21, -0.21, -0.21, -0.21, -0.21, -0.21, -0.39, -0.58, -0.39, -0.21, -0.58, -0.94, -0.58, -0.21, -0.21, -0.21, -0.21, -0.21, -0.21, -0.21, -0.21, 
-0.21, -0.21, -0.21, -0.21, -0.19, -0.19, -0.20, -0.21, -0.21, -0.21, -0.21, -0.21, -0.21, -0.58, -0.94, -0.58, -0.21, -0.37, -0.58, -0.39, -0.21, -0.21, -0.21, -0.21, -0.21, -0.21, -0.21, -0.21, 
-0.21, -0.21, -0.21, -0.21, -0.19, -0.17, -0.19, -0.21, -0.21, -0.21, -0.21, -0.21, -0.21, -0.39, -0.58, -0.39, -0.21, -0.21, -0.21, -0.21, -0.21, -0.21, -0.17, -0.21, -0.21, -0.21, -0.21, -0.21, 
-0.21, -0.21, -0.21, -0.21, -0.20, -0.19, -0.20, -0.21, -0.21, -0.21, -0.21, -0.21, -0.21, -0.21, -0.21, -0.21, -0.21, -0.21, -0.21, -0.21, -0.21, -0.21, -0.21, -0.21, -0.21, -0.21, -0.21, -0.21, 
-0.21, -0.21, -0.20, -0.21, -0.21, -0.21, -0.21, -0.21, -0.21, -0.21, -0.21, -0.21, -0.21, -0.21, -0.21, -0.21, -0.21, -0.18, -0.21, -0.21, -0.21, -0.21, -0.21, -0.21, -0.21, -0.21, -0.21, -0.21, 
-0.21, -0.21, -0.21, -0.21, -0.21, -0.21, -0.21, -0.21, -0.20, -0.19, -0.20, -0.21, -0.21, -0.21, -0.21, -0.21, -0.21, -0.21, -0.39, -0.58, -0.39, -0.21, -0.21, -0.17, -0.21, -0.21, -0.21, -0.21, 
-0.21, -0.21, -0.21, -0.21, -0.21, -0.21, -0.21, -0.21, -0.19, -0.17, -0.19, -0.21, -0.21, -0.21, -0.21, -0.21, -0.21, -0.21, -0.58, -0.94, -0.58, -0.21, -0.21, -0.21, -0.21, -0.21, -0.21, -0.21, 
-0.21, -0.21, -0.21, -0.21, -0.21, -0.21, -0.21, -0.21, -0.20, -0.19, -0.20, -0.21, -0.21, -0.21, -0.21, -0.21, -0.18, -0.21, -0.39, -0.58, -0.36, -0.21, -0.21, -0.21, -0.21, -0.21, -0.21, -0.21, 
-0.21, -0.21, -0.21, -0.21, -0.21, -0.21, -0.21, -0.21, -0.21, -0.21, -0.21, -0.21, -0.21, -0.21, -0.21, -0.21, -0.21, -0.21, -0.21, -0.18, -0.21, -0.21, -0.21, -0.21, -0.21, -0.21, -0.21, -0.21, 
-0.21, -0.21, -0.21, -0.21, -0.21, -0.21, -0.21, -0.21, -0.21, -0.21, -0.21, -0.21, -0.21, -0.21, -0.21, -0.21, -0.21, -0.21, -0.21, -0.21, -0.21, -0.21, -0.21, -0.21, -0.21, -0.21, -0.21, -0.21, 
-- optimal policy --
>  r  >  r  r  r  r  r  r  r  v  l  r  v  l  >  r  >  r  r  v  l  l  l  r  v  r  v  
r  >  R  >  r  r  >  r  r  r  v  l  r  v  l  l  >  r  >  r  v  l  l  l  l  r  v  l  
>  R  R  R  r  >  r  >  r  >  v  r  >  l  <  <  >  >  R  >  r  v  l  l  v  >  v  <  
r  v  l  r  >  r  >  r  >  R  r  v  v  v  v  l  R  R  R  R  r  v  l  v  l  R  r  v  
r  r  v  l  R  r  r  >  R  R  r  r  v  v  v  l  R  ^  r  r  >  r  v  v  l  L  r  v  
r  r  v  l  R  r  >  R  R  >  r  r  r  v  l  l  l  r  r  r  R  r  r  v  l  l  r  v  
r  r  v  l  r  >  R  ^  r  r  >  r  >  v  <  l  l  >  r  >  R  r  r  r  v  l  v  l  
>  r  r  r  r  R  r  r  r  r  r  >  R  ^  L  l  l  R  >  R  r  >  r  r  r  v  l  l  
r  >  >  >  >  r  >  r  r  r  >  R  R  ^  L  <  <  R  R  r  r  r  >  r  >  v  <  l  
r  R  R  R  r  >  R  r  r  >  R  R  R  R  ^  L  L  R  R  r  r  >  r  >  R  ^  L  <  
r  r  r  r  >  R  r  r  >  R  R  R  R  R  ^  L  L  v  r  r  >  r  >  R  R  ^  L  L  
>  r  r  r  R  r  r  >  R  R  R  R  R  R  ^  L  v  l  >  >  r  >  R  >  R  ^  L  L  
r  >  r  r  r  v  >  R  R  R  R  R  R  ^  L  L  v  l  r  r  >  R  >  R  ^  L  L  L  
>  r  >  r  r  v  R  R  R  R  R  ^  ^  L  r  >  r  r  r  >  R  >  R  R  ^  ^  L  L  
r  >  r  >  >  >  R  R  R  R  ^  ^  ^  r  r  r  r  r  >  R  >  R  R  ^  ^  L  ^  L  
>  r  >  R  R  ^  L  R  R  ^  ^  ^  r  >  r  >  r  >  R  >  R  R  ^  L  ^  L  R  ^  
r  >  R  R  R  ^  L  L  r  v  l  r  >  r  >  r  >  R  >  R  R  ^  R  ^  L  ^  ^  ^  
>  R  R  R  ^  L  ^  r  r  v  l  >  r  >  r  >  R  ^  R  R  ^  R  >  R  <  L  ^  L  
R  R  R  ^  ^  ^  r  >  >  v  <  r  >  r  >  R  ^  L  L  R  R  >  R  ^  L  <  L  ^  
R  R  ^  ^  ^  r  >  R  R  ^  L  >  r  >  R  ^  L  ^  r  v  >  R  R  ^  L  L  L  L  
R  ^  ^  ^  r  >  R  R  R  ^  L  r  >  R  ^  R  ^  L  >  >  R  R  ^  R  ^  L  L  <  
^  ^  ^  >  >  R  R  R  ^  ^  >  >  R  ^  R  R  ^  >  R  ^  L  ^  R  ^  ^  L  L  L  
Correct actions (%) : 8.24
Avg angular diffs   : 98.47
