arguments: 31 21 4 0.504 0.072 -0.024 -0.4
loading features...

Initializing gridworld of size 28 by 22..
    Num states: 616
    Num actions: 8
recovered reward
-0.40, -0.40, -0.40, -0.40, -0.40, -0.40, -0.40, -0.40, -0.40, -0.40, -0.40, -0.40, -0.40, -0.40, -0.40, -0.40, -0.40, -0.40, -0.40, -0.40, -0.40, -0.40, -0.40, -0.40, -0.40, -0.40, -0.40, -0.40, 
-0.40, -0.40, -0.40, -0.40, 0.10, -0.40, -0.40, -0.40, 0.10, -0.42, -0.40, -0.40, -0.42, -0.40, -0.40, -0.40, -0.33, -0.40, -0.40, -0.40, -0.40, -0.40, -0.40, -0.40, -0.40, -0.46, -0.40, -0.40, 
-0.40, -0.40, -0.40, -0.40, -0.40, -0.40, -0.40, -0.40, -0.40, -0.40, -0.40, -0.40, -0.40, -0.40, -0.40, -0.40, -0.42, -0.40, -0.40, -0.40, -0.40, -0.40, -0.40, -0.40, -0.33, -0.40, -0.40, -0.40, 
-0.40, -0.40, -0.40, -0.40, -0.40, -0.40, -0.40, -0.42, -0.40, 0.10, -0.40, -0.40, -0.40, -0.40, -0.40, -0.40, -0.40, -0.40, -0.40, -0.40, -0.40, -0.40, -0.40, -0.33, -0.40, -0.40, -0.40, -0.40, 
-0.40, -0.40, -0.40, -0.40, -0.40, -0.40, -0.41, -0.40, -0.40, -0.40, -0.40, -0.40, -0.40, -0.40, -0.40, -0.40, -0.40, -0.40, -0.40, -0.40, -0.40, -0.40, -0.40, -0.40, -0.40, -0.46, -0.40, -0.40, 
-0.40, -0.40, -0.40, -0.40, -0.40, -0.40, -0.33, -0.40, -0.40, -0.40, -0.33, -0.40, -0.40, -0.40, -0.40, -0.40, -0.43, -0.40, -0.40, -0.40, -0.40, -0.40, -0.40, -0.40, -0.40, -0.40, -0.40, -0.40, 
-0.40, -0.40, -0.40, -0.40, -0.41, 0.10, -0.40, -0.40, -0.40, -0.40, -0.40, -0.40, -0.40, -0.40, -0.43, -0.40, -0.40, -0.40, -0.40, -0.40, -0.40, -0.40, -0.40, -0.40, -0.40, -0.40, -0.40, -0.40, 
-0.40, -0.40, -0.40, -0.40, -0.40, -0.40, -0.40, -0.40, 0.10, -0.40, -0.40, -0.40, -0.40, -0.40, -0.40, -0.40, -0.40, -0.33, -0.40, -0.40, -0.40, -0.40, -0.40, -0.46, -0.40, -0.40, -0.40, -0.40, 
-0.40, -0.40, 0.10, -0.40, -0.40, -0.40, -0.40, -0.40, -0.40, -0.40, -0.40, -0.40, -0.40, -0.40, -0.40, -0.40, -0.40, -0.40, -0.40, -0.40, -0.40, -0.40, -0.40, -0.40, -0.40, -0.33, -0.40, -0.40, 
-0.40, -0.40, -0.40, -0.40, -0.41, -0.40, -0.40, -0.40, -0.40, -0.40, -0.40, -0.40, -0.43, -0.40, -0.40, 0.10, -0.40, -0.40, -0.40, -0.40, -0.40, -0.40, -0.40, -0.40, -0.40, -0.40, -0.40, -0.40, 
-0.40, -0.40, -0.40, -0.40, -0.40, -0.33, -0.40, -0.40, -0.40, -0.40, -0.40, -0.40, -0.40, -0.40, -0.40, -0.40, -0.40, -0.40, -0.40, -0.40, -0.40, -0.40, -0.40, -0.40, -0.46, -0.40, -0.40, -0.40, 
-0.40, -0.40, -0.40, -0.40, -0.40, -0.40, -0.40, -0.40, -0.40, -0.40, -0.43, -0.40, -0.40, -0.40, -0.40, -0.40, -0.40, -0.40, -0.40, -0.40, -0.40, -0.40, -0.40, -0.40, -0.40, -0.40, -0.40, -0.40, 
-0.40, -0.40, -0.40, -0.40, -0.40, -0.40, -0.40, -0.33, -0.40, -0.40, -0.40, -0.40, -0.40, -0.40, -0.33, -0.40, -0.40, -0.40, -0.40, -0.40, -0.40, -0.40, -0.40, -0.40, -0.40, -0.40, -0.40, -0.40, 
-0.40, -0.40, -0.40, -0.41, 0.10, -0.40, -0.40, -0.40, -0.40, -0.40, -0.40, -0.40, -0.40, -0.40, -0.40, -0.40, -0.40, -0.40, -0.40, -0.40, -0.40, -0.40, -0.40, -0.45, -0.40, -0.40, -0.40, -0.40, 
-0.40, -0.40, -0.40, -0.40, -0.40, -0.40, -0.40, -0.40, -0.40, -0.44, -0.40, -0.40, -0.40, -0.40, -0.40, -0.40, -0.40, -0.40, -0.40, -0.40, -0.40, -0.40, -0.40, -0.40, -0.40, -0.40, -0.40, -0.40, 
-0.40, -0.40, -0.40, -0.40, -0.40, -0.40, -0.40, -0.40, -0.40, -0.40, -0.40, -0.40, -0.40, -0.40, -0.40, -0.40, -0.40, -0.40, -0.40, -0.40, -0.40, -0.40, 0.10, -0.40, -0.40, -0.40, -0.40, -0.40, 
-0.40, -0.40, -0.40, -0.40, -0.40, -0.40, -0.40, -0.40, -0.40, -0.40, -0.40, -0.40, -0.44, 0.10, -0.40, -0.40, -0.40, -0.40, -0.40, -0.40, -0.40, -0.40, -0.40, -0.45, -0.40, -0.40, -0.40, -0.40, 
-0.40, -0.40, -0.40, -0.40, -0.40, -0.40, -0.40, -0.40, -0.40, -0.40, -0.40, -0.40, -0.33, -0.40, -0.40, -0.40, -0.40, -0.40, -0.40, -0.40, -0.40, -0.40, -0.40, -0.40, -0.33, -0.40, -0.40, -0.40, 
-0.40, -0.40, -0.40, -0.40, -0.40, -0.40, -0.40, -0.40, -0.40, -0.40, -0.40, -0.40, -0.40, -0.40, -0.40, -0.40, -0.40, -0.40, -0.40, 0.10, -0.40, -0.45, -0.40, 0.10, -0.40, -0.40, -0.40, -0.40, 
-0.40, -0.40, -0.40, -0.40, -0.40, -0.40, -0.40, -0.40, -0.40, -0.40, -0.40, -0.40, -0.40, -0.44, -0.40, -0.40, -0.44, -0.40, -0.40, -0.45, -0.40, -0.40, -0.40, -0.40, -0.40, -0.40, -0.40, -0.40, 
-0.40, -0.40, -0.40, -0.40, -0.40, -0.40, -0.40, -0.40, -0.40, -0.40, -0.40, -0.40, -0.40, -0.40, -0.40, -0.40, -0.40, -0.40, -0.40, -0.40, -0.40, -0.40, -0.40, -0.40, -0.40, -0.40, -0.40, -0.40, 
-0.40, -0.40, -0.40, -0.40, -0.40, -0.40, -0.40, -0.40, -0.40, -0.40, -0.40, -0.40, -0.40, -0.40, -0.40, -0.40, -0.40, -0.40, -0.40, -0.40, -0.40, -0.40, -0.40, -0.40, -0.40, -0.40, -0.40, -0.40, 
-- optimal policy --
r  r  >  r  v  l  >  r  v  l  <  v  l  <  l  l  l  l  l  l  <  <  v  v  l  l  l  l  
r  r  r  >  v  <  r  >  v  <  v  l  l  l  l  l  l  <  <  l  l  v  v  l  l  l  l  l  
r  r  v  r  v  v  v  R  r  v  l  l  l  l  l  l  l  L  L  <  v  v  l  l  l  v  l  v  
r  >  r  v  r  v  l  v  l  l  <  <  l  l  l  l  l  l  L  v  v  l  l  l  v  l  v  v  
>  r  >  r  v  r  v  l  l  ^  L  l  l  l  l  l  l  v  v  v  l  l  l  v  r  v  v  v  
v  >  r  >  r  v  l  <  <  l  l  <  l  l  l  <  v  v  v  l  l  l  r  r  v  v  l  v  
r  v  >  r  >  R  <  L  v  l  l  L  <  <  <  l  r  v  l  l  l  v  l  r  v  r  v  l  
>  r  v  >  R  ^  L  >  L  <  <  l  L  <  L  v  v  l  <  <  v  v  l  v  r  v  l  l  
r  >  >  R  R  ^  ^  R  ^  L  <  <  l  L  r  v  l  l  L  v  v  l  v  v  v  r  v  l  
>  R  ^  L  ^  ^  R  R  ^  ^  L  <  <  l  >  l  <  l  v  v  l  v  v  v  l  v  v  l  
R  ^  ^  L  L  R  R  ^  R  ^  ^  L  L  v  v  v  l  v  v  l  v  v  r  v  l  v  l  l  
^  ^  ^  ^  ^  L  L  ^  R  ^  ^  ^  L  r  v  l  l  v  l  v  v  r  v  l  l  l  l  l  
^  ^  ^  R  R  ^  L  L  >  r  v  v  v  v  v  l  v  l  l  r  r  v  v  l  v  l  l  l  
^  R  R  >  ^  <  L  r  r  >  r  v  v  v  l  v  l  l  l  >  r  r  v  v  l  l  r  v  
R  ^  >  R  ^  L  <  r  r  r  >  r  v  v  v  l  l  l  l  r  >  r  v  l  l  r  v  l  
^  >  R  R  ^  L  L  >  r  >  r  >  r  v  l  l  l  l  l  >  r  >  r  <  r  v  l  l  
>  R  ^  L  L  L  >  r  >  r  >  r  >  l  <  <  l  l  v  >  >  r  v  r  v  l  l  l  
R  ^  R  ^  L  >  r  >  r  >  r  >  R  ^  L  <  <  <  r  v  >  >  r  v  l  <  <  <  
^  R  ^  ^  >  r  >  r  >  r  >  R  ^  L  L  L  L  <  >  r  r  r  >  R  <  L  L  L  
^  R  ^  >  >  r  r  >  r  >  R  R  R  ^  L  L  L  L  R  ^  r  >  R  ^  L  <  L  L  
R  ^  >  >  >  r  r  r  >  R  R  R  ^  L  ^  L  L  L  ^  r  >  R  ^  ^  ^  L  <  L  
^  >  >  >  >  >  >  >  R  R  R  R  ^  ^  L  L  L  L  >  >  R  ^  R  ^  ^  ^  L  <  
Correct actions (%) : 11.54
Avg angular diffs   : 90.58
