arguments: 31 12 4 0.234625 -0.638585 -0.0425442 -0.084246
loading features...

Initializing gridworld of size 28 by 22..
    Num states: 616
    Num actions: 8
recovered reward
-0.08, -0.08, -0.08, -0.08, -0.08, -0.08, -0.08, -0.08, -0.08, -0.20, -0.08, -0.08, -0.08, -0.21, -0.08, -0.08, -0.08, -0.21, -0.08, -0.08, -0.22, -0.08, -0.22, -0.08, -0.08, -0.22, -0.08, -0.08, 
-0.19, -0.08, -0.08, -0.19, -0.08, -0.08, -0.20, -0.08, -0.08, -0.08, -0.08, -0.08, -0.08, -0.08, -0.03, 0.03, -0.03, -0.08, -0.08, -0.08, -0.24, -0.40, -0.24, -0.08, -0.08, -0.08, -0.08, -0.08, 
-0.08, -0.08, -0.08, -0.24, -0.40, -0.24, -0.40, -0.24, -0.08, -0.08, -0.08, -0.08, -0.08, -0.08, 0.03, 0.15, 0.03, -0.08, -0.03, 0.03, -0.34, -0.72, -0.40, -0.08, -0.08, -0.08, -0.08, -0.08, 
-0.19, -0.08, -0.08, -0.40, -0.72, -0.40, -0.72, -0.40, -0.08, -0.08, -0.08, -0.08, -0.08, -0.08, -0.03, 0.03, -0.03, -0.03, 0.03, 0.15, -0.13, -0.40, -0.24, -0.08, -0.08, -0.08, -0.08, -0.08, 
-0.08, -0.08, -0.08, -0.24, -0.40, -0.24, -0.40, -0.24, -0.40, -0.24, -0.08, -0.08, -0.08, -0.08, -0.08, 0.03, 0.15, 0.03, -0.03, 0.03, -0.03, -0.08, -0.08, -0.08, -0.08, -0.08, -0.18, -0.08, 
-0.08, -0.08, -0.08, -0.08, -0.08, -0.08, -0.08, -0.40, -0.72, -0.40, -0.03, 0.03, -0.03, -0.08, -0.08, -0.03, 0.03, -0.03, -0.08, -0.03, 0.03, -0.03, -0.08, -0.08, -0.08, -0.08, -0.08, -0.08, 
-0.08, -0.08, -0.08, -0.08, -0.08, -0.08, -0.08, -0.24, -0.40, -0.24, 0.03, 0.15, 0.03, -0.08, -0.08, -0.08, -0.08, -0.08, -0.08, 0.03, 0.15, 0.03, -0.08, -0.08, -0.08, -0.08, -0.08, -0.08, 
-0.08, -0.08, -0.08, -0.08, -0.08, -0.08, -0.08, -0.08, -0.08, -0.08, -0.03, 0.03, -0.03, -0.08, -0.08, -0.08, -0.08, -0.08, -0.08, -0.03, 0.03, -0.03, -0.08, -0.08, -0.08, -0.08, -0.18, -0.08, 
-0.08, -0.08, -0.08, -0.08, -0.08, -0.08, -0.08, -0.08, -0.08, -0.08, -0.08, -0.08, -0.08, -0.08, -0.08, -0.08, -0.08, -0.08, -0.08, -0.08, -0.08, -0.08, -0.08, -0.08, -0.08, -0.08, -0.08, -0.08, 
-0.08, -0.08, -0.08, -0.08, -0.08, -0.03, 0.03, -0.03, -0.08, -0.08, -0.15, -0.08, -0.08, -0.08, -0.15, -0.08, -0.08, -0.30, -0.40, -0.24, -0.14, -0.08, -0.08, -0.14, -0.08, -0.08, -0.08, -0.08, 
-0.08, -0.08, -0.08, -0.08, -0.08, 0.03, 0.15, 0.03, -0.08, -0.08, -0.08, -0.08, -0.08, -0.08, -0.08, -0.24, -0.40, -0.40, -0.72, -0.40, -0.08, -0.08, -0.08, -0.08, -0.08, -0.08, -0.17, -0.08, 
-0.08, -0.08, -0.08, -0.08, -0.08, -0.03, 0.03, -0.10, -0.08, -0.08, -0.24, -0.40, -0.24, -0.08, -0.08, -0.40, -0.72, -0.24, -0.40, -0.24, -0.40, -0.24, -0.08, -0.08, -0.08, -0.08, -0.08, -0.08, 
-0.08, -0.08, -0.08, -0.08, -0.08, -0.08, -0.08, -0.08, -0.08, -0.08, -0.40, -0.72, -0.40, -0.08, -0.08, -0.24, -0.40, -0.24, -0.08, -0.40, -0.72, -0.40, -0.08, -0.08, -0.08, -0.08, -0.08, -0.08, 
-0.17, -0.08, -0.08, -0.17, -0.08, -0.08, -0.16, -0.08, -0.08, -0.08, -0.24, -0.40, -0.24, -0.08, -0.08, -0.08, -0.08, -0.08, -0.08, -0.24, -0.40, -0.24, -0.08, -0.08, -0.08, -0.08, -0.13, -0.08, 
-0.08, -0.08, -0.08, -0.08, -0.08, -0.08, -0.08, -0.08, -0.08, -0.08, -0.08, -0.08, -0.03, 0.03, -0.03, -0.08, -0.08, -0.08, -0.03, 0.03, -0.03, -0.03, -0.08, -0.08, -0.08, -0.08, -0.08, -0.08, 
-0.08, -0.08, -0.08, -0.08, -0.08, -0.08, -0.08, -0.08, -0.08, -0.08, -0.08, -0.03, -0.13, -0.17, -0.13, -0.08, -0.03, 0.03, 0.03, 0.15, 0.03, 0.03, -0.08, -0.08, -0.08, -0.08, -0.08, -0.08, 
-0.08, -0.08, -0.08, -0.08, -0.08, -0.08, -0.08, -0.08, -0.08, -0.08, -0.08, 0.03, -0.34, -0.61, -0.34, -0.08, 0.03, 0.15, -0.03, 0.03, -0.03, -0.03, -0.08, -0.08, -0.08, -0.08, -0.12, -0.08, 
-0.08, -0.08, -0.24, -0.40, -0.24, -0.08, -0.08, -0.08, -0.08, -0.08, -0.08, -0.03, -0.19, -0.29, -0.19, -0.08, -0.03, 0.03, -0.03, -0.08, -0.08, -0.24, -0.40, -0.24, -0.08, -0.08, -0.08, -0.08, 
-0.08, -0.08, -0.40, -0.72, -0.40, -0.08, -0.08, -0.08, -0.08, -0.08, -0.08, -0.08, -0.13, -0.17, -0.13, -0.08, -0.08, -0.08, -0.08, -0.08, -0.08, -0.40, -0.72, -0.40, -0.12, -0.08, -0.08, -0.08, 
-0.08, -0.08, -0.25, -0.40, -0.24, -0.09, -0.08, -0.08, -0.10, -0.08, -0.08, -0.10, -0.03, 0.03, -0.05, -0.08, -0.08, -0.11, -0.08, -0.08, -0.11, -0.24, -0.40, -0.24, -0.08, -0.08, -0.08, -0.08, 
-0.08, -0.08, -0.08, -0.08, -0.08, -0.08, -0.08, -0.08, -0.08, -0.08, -0.08, -0.08, -0.08, -0.08, -0.08, -0.08, -0.08, -0.08, -0.08, -0.08, -0.08, -0.08, -0.08, -0.08, -0.08, -0.08, -0.08, -0.08, 
-0.08, -0.08, -0.08, -0.08, -0.08, -0.08, -0.08, -0.08, -0.08, -0.08, -0.08, -0.08, -0.08, -0.08, -0.08, -0.08, -0.08, -0.08, -0.08, -0.08, -0.08, -0.08, -0.08, -0.08, -0.08, -0.08, -0.08, -0.08, 
-- optimal policy --
r  v  l  >  >  >  r  v  r  v  r  >  r  r  r  v  l  l  r  v  l  ^  r  v  v  v  l  l  
r  v  l  l  >  R  >  r  r  r  v  >  r  r  r  v  l  l  r  v  l  ^  r  v  l  l  l  l  
r  v  v  l  R  ^  R  r  r  r  v  >  >  >  >  <  <  r  r  v  l  l  r  v  l  l  l  <  
r  r  v  l  r  v  R  >  >  r  r  v  R  R  R  ^  v  l  >  <  <  l  l  l  l  l  l  <  
r  r  r  v  r  v  l  R  R  r  r  v  l  R  R  >  L  <  R  ^  L  l  l  l  <  l  <  l  
r  r  r  v  v  r  v  l  r  r  r  v  l  l  R  R  ^  L  R  r  v  l  l  l  l  <  l  <  
r  r  r  r  r  v  l  v  r  >  >  ^  <  <  R  R  ^  L  >  >  ^  <  <  <  <  L  <  L  
r  r  r  r  r  r  v  v  l  R  R  ^  L  L  <  ^  ^  ^  R  R  ^  L  L  L  L  <  L  L  
>  >  >  r  r  r  v  l  l  R  R  ^  L  L  L  <  L  R  R  R  ^  L  L  L  L  L  L  <  
R  R  >  >  r  r  v  l  l  <  R  ^  L  L  L  L  R  R  R  R  ^  ^  L  L  L  L  L  L  
R  >  >  R  >  >  >  <  <  L  <  R  ^  L  L  <  L  L  R  >  R  R  ^  L  <  L  L  L  
>  >  R  >  R  R  ^  L  L  <  L  ^  r  v  v  l  r  r  v  l  R  r  v  l  l  l  L  <  
>  R  >  R  R  R  ^  L  L  L  <  r  r  v  l  l  r  r  v  l  l  r  v  l  l  <  <  L  
R  >  R  R  R  R  ^  ^  L  r  v  r  r  v  l  l  v  r  r  v  l  l  l  l  <  l  <  L  
R  R  >  R  R  ^  L  ^  ^  r  r  >  >  <  <  r  r  r  r  v  l  l  l  <  l  <  <  <  
R  R  R  R  ^  R  ^  L  r  >  r  v  R  ^  L  r  r  v  l  <  <  <  <  L  <  <  <  <  
R  R  R  R  R  ^  L  r  >  >  >  ^  <  R  r  >  >  R  <  ^  L  L  L  <  L  <  <  L  
R  R  R  R  ^  L  >  >  R  R  R  ^  L  l  >  R  R  ^  L  ^  L  L  L  L  L  L  <  <  
R  ^  L  R  R  r  R  R  R  R  R  ^  r  v  l  R  R  ^  L  L  L  L  L  R  ^  L  L  <  
^  ^  L  r  R  >  R  R  R  R  R  >  >  <  <  <  ^  R  ^  L  L  L  l  l  R  ^  L  L  
^  ^  L  >  >  R  R  >  R  R  >  R  R  ^  L  L  <  R  ^  ^  L  <  <  <  ^  ^  L  L  
^  L  >  >  R  R  R  R  R  >  R  R  R  ^  L  L  L  L  L  ^  ^  L  <  <  <  ^  R  ^  
Correct actions (%) : 14.17
Avg angular diffs   : 91.88
