arguments: 31 11 4 0.504 0.072 -0.024 -0.4
loading features...

Initializing gridworld of size 28 by 22..
    Num states: 616
    Num actions: 8
recovered reward
-0.40, -0.33, -0.40, -0.40, -0.40, -0.40, -0.40, -0.40, -0.40, -0.40, -0.40, -0.40, -0.40, -0.40, -0.40, -0.40, -0.40, -0.40, -0.40, -0.40, -0.40, -0.40, -0.40, -0.40, -0.40, -0.40, -0.40, -0.40, 
-0.40, -0.40, -0.40, -0.40, -0.40, 0.10, -0.33, -0.40, -0.40, -0.42, -0.40, -0.40, -0.42, -0.40, -0.40, -0.40, -0.40, -0.40, -0.40, -0.33, -0.40, -0.40, -0.40, -0.40, -0.40, -0.46, -0.40, -0.40, 
-0.40, -0.40, 0.10, -0.40, -0.40, -0.40, -0.33, -0.40, -0.40, -0.40, -0.40, -0.40, -0.40, -0.40, -0.40, -0.40, -0.42, -0.40, -0.40, -0.40, 0.10, -0.40, -0.40, -0.40, -0.40, -0.40, -0.40, -0.40, 
-0.40, -0.40, -0.40, -0.40, -0.40, -0.40, -0.40, -0.42, -0.40, -0.40, -0.40, -0.40, -0.40, -0.40, -0.40, -0.40, -0.40, -0.40, -0.40, -0.40, -0.40, -0.40, -0.40, -0.40, -0.40, -0.40, -0.40, -0.40, 
-0.40, -0.40, -0.40, -0.40, -0.40, -0.40, -0.41, -0.40, -0.40, -0.40, -0.40, -0.40, -0.40, -0.40, -0.40, -0.40, -0.40, -0.40, -0.40, -0.40, -0.40, 0.10, -0.40, -0.40, -0.40, -0.46, -0.40, -0.40, 
-0.40, -0.40, -0.40, -0.40, -0.40, -0.40, -0.40, -0.40, -0.40, -0.40, -0.40, -0.40, -0.40, -0.40, -0.40, -0.40, -0.43, -0.40, -0.40, -0.40, -0.40, 0.10, -0.40, -0.40, -0.40, -0.40, -0.40, -0.40, 
-0.40, -0.40, -0.40, -0.40, -0.41, -0.40, -0.40, -0.40, -0.40, -0.40, -0.40, -0.33, -0.40, -0.40, -0.43, -0.40, -0.40, -0.40, -0.40, -0.40, -0.40, -0.40, -0.40, -0.40, -0.40, -0.40, -0.40, -0.40, 
-0.40, -0.40, -0.40, -0.40, -0.40, -0.40, -0.40, -0.40, -0.40, -0.40, -0.40, -0.40, -0.40, -0.40, -0.40, -0.40, -0.40, -0.40, -0.40, -0.40, -0.40, -0.33, -0.40, -0.46, -0.40, -0.40, -0.40, -0.40, 
-0.40, -0.40, -0.40, -0.40, -0.40, -0.40, -0.40, 0.10, -0.40, -0.40, -0.40, -0.40, -0.40, -0.40, -0.40, -0.40, -0.40, -0.40, -0.40, -0.40, 0.10, -0.40, -0.40, -0.40, -0.40, -0.40, -0.40, -0.40, 
-0.40, -0.40, -0.40, -0.40, -0.41, -0.40, -0.40, -0.40, -0.40, -0.40, -0.40, -0.40, -0.43, -0.40, -0.40, -0.40, -0.40, -0.40, -0.40, -0.40, -0.40, -0.40, -0.40, -0.40, -0.40, -0.40, -0.40, -0.40, 
-0.40, -0.40, -0.40, -0.40, -0.40, -0.40, -0.40, -0.40, -0.40, 0.10, -0.40, -0.40, -0.40, -0.40, -0.40, -0.40, -0.40, -0.40, -0.40, -0.40, -0.40, -0.40, -0.40, -0.40, -0.46, -0.40, -0.40, -0.40, 
-0.40, -0.40, -0.40, -0.40, -0.40, -0.40, -0.40, -0.40, -0.40, -0.40, -0.43, -0.40, -0.40, -0.40, -0.40, -0.40, -0.33, -0.40, -0.40, -0.40, -0.40, -0.40, -0.40, -0.40, -0.40, -0.40, -0.40, -0.40, 
-0.40, -0.40, -0.40, -0.40, -0.40, -0.40, -0.40, -0.40, -0.40, -0.40, -0.40, -0.40, -0.40, -0.40, -0.33, -0.40, -0.40, -0.40, -0.40, -0.40, -0.40, -0.40, -0.40, -0.40, -0.40, -0.40, -0.40, -0.40, 
-0.40, -0.40, -0.40, -0.41, -0.40, -0.40, -0.40, -0.40, -0.40, -0.40, -0.40, -0.40, -0.40, -0.40, -0.40, -0.40, -0.40, -0.40, -0.40, -0.40, -0.40, -0.40, -0.40, -0.45, -0.40, 0.10, -0.40, -0.40, 
-0.40, -0.40, -0.40, -0.40, -0.40, -0.40, -0.40, -0.40, -0.40, -0.44, -0.40, -0.40, -0.40, -0.40, -0.40, -0.40, -0.40, -0.40, -0.40, -0.40, -0.40, -0.40, -0.40, -0.40, -0.40, -0.40, -0.40, -0.40, 
-0.40, -0.40, -0.40, -0.40, -0.40, -0.40, -0.40, -0.40, -0.40, -0.40, -0.40, -0.40, -0.40, -0.40, -0.40, -0.40, -0.40, -0.40, -0.40, -0.40, -0.40, -0.40, 0.10, -0.40, -0.40, -0.40, -0.40, -0.40, 
-0.40, -0.40, -0.40, -0.40, -0.40, -0.40, -0.40, -0.40, -0.40, -0.40, -0.40, -0.40, -0.44, -0.40, -0.40, -0.40, -0.40, -0.40, -0.40, -0.40, -0.40, 0.10, -0.40, -0.38, -0.40, -0.40, -0.40, -0.40, 
-0.40, -0.40, -0.40, -0.40, -0.40, -0.40, -0.40, -0.40, -0.40, -0.40, -0.40, -0.40, -0.40, -0.40, -0.40, -0.40, -0.40, -0.40, -0.40, -0.40, -0.40, -0.40, -0.40, -0.40, -0.40, -0.40, -0.40, -0.40, 
-0.40, -0.40, -0.40, -0.40, -0.40, -0.40, -0.40, 0.10, -0.40, -0.40, -0.40, -0.40, -0.40, -0.40, -0.40, -0.33, -0.40, -0.40, -0.40, -0.40, -0.40, -0.45, -0.40, -0.40, -0.40, -0.40, -0.40, -0.40, 
-0.40, -0.40, -0.40, -0.40, -0.40, -0.40, -0.40, -0.40, -0.40, -0.40, -0.40, -0.40, -0.40, -0.44, -0.40, -0.33, -0.44, -0.40, -0.40, -0.37, -0.40, -0.40, -0.40, -0.40, -0.40, -0.40, -0.40, -0.40, 
-0.40, -0.40, -0.40, -0.40, -0.40, -0.40, -0.40, -0.40, -0.40, -0.40, -0.40, -0.40, -0.40, -0.40, -0.40, -0.40, -0.40, -0.40, -0.40, -0.40, -0.40, -0.40, -0.40, -0.40, -0.40, -0.40, -0.40, -0.40, 
-0.40, -0.40, -0.40, -0.40, -0.40, -0.40, -0.40, -0.40, -0.40, -0.40, -0.40, -0.40, -0.40, -0.40, -0.40, -0.40, -0.40, -0.40, -0.40, -0.40, -0.40, -0.40, -0.40, -0.40, -0.40, -0.40, -0.40, -0.40, 
-- optimal policy --
r  r  r  >  r  v  r  r  >  >  r  >  r  r  >  r  r  >  r  v  l  v  l  l  v  l  <  l  
r  r  v  r  >  >  r  r  r  r  >  r  r  r  r  >  r  r  >  r  v  l  l  v  l  l  l  l  
r  >  r  >  R  ^  >  r  r  r  r  r  r  r  r  r  r  >  R  >  v  <  v  l  l  l  l  l  
>  R  r  R  ^  R  r  >  r  r  r  r  r  r  r  r  >  R  >  R  r  v  l  l  l  l  <  l  
R  r  r  r  v  r  >  r  >  r  r  r  >  r  r  >  R  >  R  >  r  v  l  l  l  l  l  l  
>  r  r  >  r  v  r  >  r  >  r  r  r  >  >  R  >  R  >  r  >  ^  <  <  <  l  l  l  
r  >  r  r  r  r  v  r  >  r  >  r  >  R  R  >  R  r  r  >  R  ^  L  L  <  <  l  l  
r  r  >  r  r  r  r  v  l  >  R  >  R  R  >  R  r  r  >  R  R  R  ^  L  L  <  <  <  
r  r  r  >  r  r  >  r  <  R  r  R  >  r  R  r  r  >  R  >  R  <  L  L  L  L  <  L  
r  r  r  r  r  >  R  ^  r  v  >  r  r  r  r  r  >  R  >  R  ^  L  <  L  L  L  L  <  
r  r  r  r  >  R  ^  r  >  >  r  >  r  r  r  r  R  >  R  ^  R  ^  L  <  L  L  v  v  
r  r  r  >  R  ^  r  >  R  ^  >  r  r  r  r  >  r  R  r  v  v  v  v  r  v  v  v  l  
r  r  >  R  ^  r  >  R  ^  >  r  >  r  >  >  R  >  r  v  r  v  v  v  l  r  v  l  l  
r  >  R  ^  r  >  R  ^  >  r  >  r  >  R  R  >  r  >  r  v  r  v  v  v  l  l  <  <  
>  R  ^  r  >  R  R  >  r  >  r  >  R  R  >  r  r  r  >  r  v  r  v  l  l  l  L  <  
R  ^  r  >  r  v  r  r  >  r  >  R  r  r  r  r  r  r  r  >  r  v  l  <  l  l  l  L  
^  r  >  r  >  r  v  >  r  >  R  r  r  r  r  r  r  r  >  r  >  R  <  L  <  l  l  l  
r  >  r  >  r  r  r  v  >  R  r  >  >  r  r  r  r  r  r  >  R  ^  L  ^  L  <  l  l  
>  r  >  r  r  r  >  >  R  r  r  r  >  r  r  >  r  r  >  R  R  ^  L  L  ^  L  <  l  
r  >  r  r  r  >  R  ^  r  >  >  r  r  r  >  r  r  >  R  R  ^  R  ^  L  L  ^  L  <  
>  r  r  r  >  R  ^  r  >  R  >  >  r  >  R  r  >  R  R  ^  L  ^  L  L  L  L  ^  L  
R  >  >  >  R  R  R  >  R  >  >  >  >  R  >  >  R  R  R  ^  L  L  ^  L  L  ^  L  ^  
Correct actions (%) : 16.67
Avg angular diffs   : 87.08
