arguments: 31 19 3 0.270833 0.0277778 0.00694444 -0.694444
loading features...

Initializing gridworld of size 28 by 22..
    Num states: 616
    Num actions: 8
recovered reward
-0.69, -0.69, -0.69, -0.69, -0.69, -0.69, -0.69, -0.69, -0.69, -0.69, -0.69, -0.69, -0.69, -0.69, -0.69, -0.67, -0.69, -0.69, -0.69, -0.69, -0.69, -0.69, -0.69, -0.69, -0.69, -0.69, -0.69, -0.69, 
-0.69, -0.69, -0.69, -0.69, -0.69, -0.69, -0.69, -0.69, -0.69, -0.69, -0.69, -0.69, -0.69, -0.69, -0.69, -0.69, -0.69, -0.69, -0.69, -0.69, -0.69, -0.69, -0.69, -0.69, -0.69, -0.69, -0.69, -0.69, 
-0.69, -0.69, -0.69, -0.69, -0.69, -0.69, -0.42, -0.69, -0.69, -0.69, -0.69, -0.69, -0.69, -0.69, -0.69, -0.69, -0.69, -0.69, -0.69, -0.69, -0.69, -0.69, -0.67, -0.69, -0.69, -0.69, -0.68, -0.69, 
-0.69, -0.69, -0.69, -0.69, -0.69, -0.69, -0.69, -0.69, -0.69, -0.42, -0.69, -0.69, -0.69, -0.69, -0.69, -0.69, -0.69, -0.69, -0.69, -0.69, -0.69, -0.69, -0.69, -0.69, -0.69, -0.69, -0.69, -0.69, 
-0.69, -0.69, -0.42, -0.69, -0.69, -0.69, -0.69, -0.69, -0.69, -0.69, -0.69, -0.42, -0.69, -0.69, -0.69, -0.69, -0.69, -0.69, -0.69, -0.69, -0.69, -0.69, -0.69, -0.69, -0.69, -0.69, -0.42, -0.69, 
-0.69, -0.69, -0.69, -0.69, -0.69, -0.42, -0.69, -0.69, -0.69, -0.69, -0.69, -0.69, -0.69, -0.69, -0.69, -0.69, -0.69, -0.69, -0.69, -0.69, -0.69, -0.69, -0.69, -0.69, -0.69, -0.67, -0.68, -0.69, 
-0.69, -0.69, -0.69, -0.69, -0.69, -0.69, -0.69, -0.69, -0.69, -0.69, -0.69, -0.69, -0.69, -0.69, -0.69, -0.69, -0.69, -0.69, -0.69, -0.69, -0.69, -0.69, -0.69, -0.69, -0.69, -0.69, -0.69, -0.69, 
-0.69, -0.69, -0.69, -0.69, -0.69, -0.69, -0.69, -0.69, -0.69, -0.69, -0.69, -0.69, -0.69, -0.69, -0.69, -0.69, -0.69, -0.69, -0.69, -0.69, -0.69, -0.69, -0.69, -0.69, -0.69, -0.69, -0.69, -0.69, 
-0.69, -0.69, -0.69, -0.69, -0.69, -0.69, -0.69, -0.69, -0.69, -0.69, -0.69, -0.69, -0.69, -0.69, -0.69, -0.69, -0.69, -0.69, -0.69, -0.69, -0.69, -0.69, -0.69, -0.69, -0.69, -0.68, -0.69, -0.69, 
-0.69, -0.69, -0.69, -0.69, -0.69, -0.69, -0.69, -0.69, -0.69, -0.69, -0.69, -0.69, -0.69, -0.69, -0.69, -0.69, -0.69, -0.69, -0.69, -0.69, -0.69, -0.69, -0.69, -0.69, -0.69, -0.69, -0.69, -0.69, 
-0.69, -0.69, -0.67, -0.69, -0.69, -0.69, -0.69, -0.69, -0.69, -0.69, -0.69, -0.69, -0.69, -0.69, -0.69, -0.69, -0.42, -0.69, -0.69, -0.69, -0.69, -0.69, -0.69, -0.69, -0.69, -0.69, -0.69, -0.69, 
-0.69, -0.69, -0.69, -0.69, -0.69, -0.67, -0.42, -0.67, -0.69, -0.69, -0.40, -0.69, -0.69, -0.69, -0.69, -0.69, -0.69, -0.69, -0.69, -0.69, -0.69, -0.69, -0.69, -0.69, -0.68, -0.69, -0.69, -0.69, 
-0.69, -0.69, -0.69, -0.69, -0.69, -0.69, -0.69, -0.69, -0.69, -0.69, -0.69, -0.69, -0.69, -0.69, -0.69, -0.69, -0.69, -0.69, -0.69, -0.69, -0.42, -0.69, -0.69, -0.69, -0.69, -0.69, -0.69, -0.69, 
-0.69, -0.69, -0.69, -0.69, -0.69, -0.69, -0.69, -0.69, -0.69, -0.69, -0.69, -0.69, -0.67, -0.69, -0.69, -0.69, -0.67, -0.69, -0.69, -0.69, -0.69, -0.69, -0.69, -0.69, -0.69, -0.69, -0.69, -0.69, 
-0.69, -0.69, -0.69, -0.69, -0.69, -0.69, -0.69, -0.69, -0.69, -0.69, -0.69, -0.69, -0.69, -0.69, -0.69, -0.69, -0.69, -0.69, -0.69, -0.67, -0.69, -0.69, -0.68, -0.69, -0.69, -0.69, -0.69, -0.69, 
-0.69, -0.69, -0.69, -0.69, -0.69, -0.69, -0.69, -0.69, -0.67, -0.69, -0.42, -0.69, -0.69, -0.69, -0.69, -0.69, -0.69, -0.69, -0.69, -0.69, -0.69, -0.69, -0.69, -0.69, -0.69, -0.69, -0.69, -0.69, 
-0.69, -0.69, -0.69, -0.69, -0.69, -0.69, -0.69, -0.69, -0.69, -0.67, -0.69, -0.69, -0.69, -0.69, -0.69, -0.69, -0.69, -0.69, -0.69, -0.69, -0.69, -0.69, -0.69, -0.69, -0.69, -0.69, -0.69, -0.69, 
-0.69, -0.69, -0.69, -0.69, -0.69, -0.69, -0.69, -0.69, -0.69, -0.69, -0.69, -0.69, -0.69, -0.69, -0.69, -0.69, -0.69, -0.69, -0.69, -0.69, -0.69, -0.69, -0.69, -0.68, -0.69, -0.69, -0.69, -0.69, 
-0.69, -0.69, -0.69, -0.69, -0.69, -0.69, -0.69, -0.69, -0.69, -0.69, -0.42, -0.69, -0.69, -0.69, -0.69, -0.69, -0.69, -0.69, -0.69, -0.69, -0.69, -0.69, -0.69, -0.69, -0.69, -0.69, -0.69, -0.69, 
-0.69, -0.69, -0.69, -0.69, -0.69, -0.69, -0.69, -0.69, -0.69, -0.69, -0.69, -0.69, -0.69, -0.69, -0.69, -0.69, -0.68, -0.69, -0.69, -0.69, -0.68, -0.69, -0.69, -0.69, -0.69, -0.69, -0.69, -0.69, 
-0.69, -0.69, -0.69, -0.69, -0.69, -0.69, -0.69, -0.69, -0.69, -0.69, -0.69, -0.69, -0.69, -0.69, -0.69, -0.69, -0.69, -0.69, -0.69, -0.68, -0.69, -0.69, -0.69, -0.69, -0.69, -0.69, -0.69, -0.69, 
-0.69, -0.69, -0.69, -0.69, -0.69, -0.69, -0.69, -0.69, -0.69, -0.69, -0.69, -0.69, -0.69, -0.69, -0.69, -0.69, -0.69, -0.69, -0.69, -0.69, -0.69, -0.69, -0.69, -0.69, -0.69, -0.69, -0.69, -0.69, 
-- optimal policy --
r  r  v  >  r  v  v  l  l  v  l  v  l  l  v  l  <  >  r  >  r  r  r  v  r  v  v  v  
v  r  r  v  >  r  v  l  v  l  v  l  v  v  l  l  L  r  >  r  >  r  r  r  v  r  v  l  
r  v  r  v  r  >  r  <  r  v  l  r  v  l  l  l  v  l  r  >  r  >  r  r  r  v  v  v  
>  r  v  r  v  v  v  l  >  >  r  v  l  <  v  v  l  l  l  r  >  R  >  r  r  r  v  l  
v  >  r  >  r  v  l  l  R  ^  >  r  <  v  v  l  l  l  l  >  R  >  r  >  r  >  l  <  
r  v  v  r  >  r  <  v  v  l  l  v  r  v  l  l  l  l  l  R  >  r  >  r  >  R  ^  L  
r  r  v  r  R  r  r  v  v  l  v  v  v  v  l  l  l  l  v  >  r  >  r  >  R  ^  L  L  
r  r  r  r  r  v  r  v  l  v  v  v  v  l  l  l  l  v  v  l  >  r  >  R  ^  L  ^  L  
r  r  r  r  r  r  v  r  r  v  v  v  l  l  l  <  r  v  l  l  r  >  R  ^  ^  ^  L  ^  
>  r  r  r  r  v  l  v  r  r  v  v  l  l  l  r  v  l  l  l  >  R  ^  ^  R  ^  L  ^  
r  >  r  r  r  r  v  l  l  r  v  l  l  <  <  l  l  <  <  l  R  ^  ^  R  R  ^  ^  L  
>  R  >  r  >  >  >  <  <  >  l  <  l  l  l  l  ^  L  <  <  v  l  R  R  ^  ^  L  L  
R  >  r  >  R  R  ^  L  L  R  ^  L  <  l  l  l  l  ^  L  <  <  <  <  R  ^  L  R  ^  
>  r  >  R  R  ^  ^  ^  R  ^  ^  ^  L  <  <  l  l  <  ^  L  ^  L  <  l  ^  ^  L  L  
r  >  R  R  ^  L  ^  r  r  r  v  l  <  L  L  <  l  L  L  ^  L  ^  L  <  <  ^  L  L  
>  R  R  ^  ^  ^  >  >  r  >  l  <  L  <  L  L  <  l  L  L  L  R  ^  L  L  <  ^  L  
R  R  ^  R  ^  R  R  R  >  R  ^  L  <  L  <  L  L  <  <  L  L  L  ^  ^  L  L  <  L  
R  R  ^  L  R  R  R  R  R  ^  L  l  L  <  L  <  L  L  L  <  L  L  L  ^  ^  L  L  <  
R  ^  L  R  R  R  R  R  ^  >  ^  <  L  L  <  L  <  L  L  L  L  L  L  L  L  L  L  L  
^  L  R  R  R  R  R  R  R  R  ^  L  L  L  L  <  L  <  L  L  l  <  L  L  L  L  L  L  
^  R  R  R  R  R  R  R  R  ^  ^  ^  L  L  L  L  <  L  L  L  <  L  <  L  L  L  L  L  
R  R  R  R  R  R  R  R  ^  ^  ^  ^  L  L  L  L  L  <  L  L  L  <  L  <  L  L  L  L  
Correct actions (%) : 10.29
Avg angular diffs   : 86.69
