arguments: 31 6 2 -0.682018 -0.0307018 0.0679825 -0.219298

Initializing gridworld of size 28 by 22..
    Num states: 616
    Num actions: 8
recovered reward
-0.22, -0.22, -0.22, -0.22, -0.22, -0.22, -0.22, -0.22, -0.22, -0.22, -0.22, -0.22, -0.22, -0.22, -0.22, -0.22, -0.22, -0.22, -0.22, -0.22, -0.22, -0.22, -0.22, -0.22, -0.22, -0.22, -0.22, -0.22, 
-0.22, -0.22, -0.22, -0.22, -0.22, -0.22, -0.22, -0.22, -0.22, -0.22, -0.22, -0.22, -0.22, -0.22, -0.22, -0.22, -0.22, -0.22, -0.22, -0.22, -0.22, -0.22, -0.22, -0.22, -0.22, -0.22, -0.22, -0.22, 
-0.22, -0.22, -0.22, -0.22, -0.22, -0.22, -0.22, -0.22, -0.22, -0.22, -0.22, -0.22, -0.22, -0.22, -0.22, -0.22, -0.22, -0.22, -0.22, -0.22, -0.22, -0.22, -0.22, -0.22, -0.22, -0.22, -0.22, -0.22, 
-0.22, -0.22, -0.22, -0.22, -0.22, -0.22, -0.22, -0.22, -0.22, -0.22, -0.22, -0.22, -0.22, -0.22, -0.22, -0.22, -0.22, -0.22, -0.22, -0.22, -0.22, -0.22, -0.22, -0.22, -0.22, -0.22, -0.22, -0.22, 
-0.22, -0.22, -0.22, -0.22, -0.22, -0.22, -0.22, -0.22, -0.22, -0.22, -0.22, -0.22, -0.22, -0.22, -0.22, -0.22, -0.22, -0.22, -0.22, -0.22, -0.22, -0.22, -0.22, -0.22, -0.22, -0.22, -0.22, -0.22, 
-0.22, -0.22, -0.22, -0.22, -0.22, -0.22, -0.22, -0.22, -0.22, -0.22, -0.22, -0.22, -0.22, -0.22, -0.22, -0.22, -0.22, -0.22, -0.22, -0.22, -0.22, -0.22, -0.22, -0.22, -0.22, -0.22, -0.22, -0.22, 
-0.22, -0.22, -0.22, -0.22, -0.22, -0.22, -0.22, -0.22, -0.22, -0.22, -0.22, -0.22, -0.22, -0.22, -0.22, -0.22, -0.22, -0.22, -0.22, -0.22, -0.22, -0.22, -0.22, -0.22, -0.22, -0.22, -0.22, -0.22, 
-0.22, -0.22, -0.22, -0.22, -0.22, -0.22, -0.22, -0.22, -0.22, -0.22, -0.22, -0.22, -0.22, -0.22, -0.22, -0.22, -0.22, -0.22, -0.22, -0.22, -0.22, -0.22, -0.22, -0.22, -0.22, -0.22, -0.22, -0.22, 
-0.22, -0.22, -0.22, -0.22, -0.22, -0.22, -0.22, -0.22, -0.22, -0.22, -0.22, -0.22, -0.22, -0.22, -0.22, -0.22, -0.22, -0.22, -0.22, -0.22, -0.22, -0.22, -0.22, -0.22, -0.22, -0.22, -0.22, -0.22, 
-0.22, -0.22, -0.22, -0.22, -0.22, -0.22, -0.22, -0.22, -0.22, -0.22, -0.22, -0.22, -0.22, -0.22, -0.22, -0.22, -0.22, -0.22, -0.22, -0.22, -0.22, -0.22, -0.22, -0.22, -0.22, -0.22, -0.22, -0.22, 
-0.22, -0.22, -0.22, -0.22, -0.22, -0.22, -0.22, -0.22, -0.22, -0.22, -0.22, -0.22, -0.22, -0.22, -0.22, -0.22, -0.22, -0.22, -0.22, -0.22, -0.22, -0.22, -0.22, -0.22, -0.22, -0.22, -0.22, -0.22, 
-0.22, -0.22, -0.22, -0.22, -0.22, -0.22, -0.22, -0.22, -0.22, -0.22, -0.22, -0.22, -0.22, -0.22, -0.22, -0.22, -0.22, -0.22, -0.22, -0.22, -0.22, -0.22, -0.22, -0.22, -0.22, -0.22, -0.22, -0.22, 
-0.22, -0.22, -0.22, -0.22, -0.22, -0.22, -0.22, -0.22, -0.22, -0.22, -0.22, -0.22, -0.22, -0.22, -0.22, -0.22, -0.22, -0.22, -0.22, -0.22, -0.22, -0.22, -0.22, -0.22, -0.22, -0.22, -0.22, -0.22, 
-0.22, -0.22, -0.22, -0.22, -0.22, -0.22, -0.22, -0.22, -0.22, -0.22, -0.22, -0.22, -0.22, -0.22, -0.22, -0.22, -0.22, -0.22, -0.22, -0.22, -0.22, -0.22, -0.22, -0.22, -0.22, -0.22, -0.22, -0.22, 
-0.22, -0.22, -0.22, -0.22, -0.22, -0.22, -0.22, -0.22, -0.22, -0.22, -0.22, -0.22, -0.22, -0.22, -0.22, -0.22, -0.22, -0.22, -0.22, -0.22, -0.22, -0.22, -0.22, -0.22, -0.22, -0.22, -0.22, -0.22, 
-0.22, -0.22, -0.22, -0.22, -0.22, -0.22, -0.22, -0.22, -0.22, -0.22, -0.22, -0.22, -0.22, -0.22, -0.22, -0.22, -0.22, -0.22, -0.22, -0.22, -0.22, -0.22, -0.22, -0.22, -0.22, -0.22, -0.22, -0.22, 
-0.22, -0.22, -0.22, -0.22, -0.22, -0.22, -0.22, -0.22, -0.22, -0.22, -0.22, -0.22, -0.22, -0.22, -0.22, -0.22, -0.22, -0.22, -0.22, -0.22, -0.22, -0.22, -0.22, -0.22, -0.22, -0.22, -0.22, -0.22, 
-0.22, -0.22, -0.22, -0.22, -0.22, -0.22, -0.22, -0.22, -0.22, -0.22, -0.22, -0.22, -0.22, -0.22, -0.22, -0.22, -0.22, -0.22, -0.22, -0.22, -0.22, -0.22, -0.22, -0.22, -0.22, -0.22, -0.22, -0.22, 
-0.22, -0.22, -0.22, -0.22, -0.22, -0.22, -0.22, -0.22, -0.22, -0.22, -0.22, -0.22, -0.22, -0.22, -0.22, -0.22, -0.22, -0.22, -0.22, -0.22, -0.22, -0.22, -0.22, -0.22, -0.22, -0.22, -0.22, -0.22, 
-0.22, -0.22, -0.22, -0.22, -0.22, -0.22, -0.22, -0.22, -0.22, -0.22, -0.22, -0.22, -0.22, -0.22, -0.22, -0.22, -0.22, -0.22, -0.22, -0.22, -0.22, -0.22, -0.22, -0.22, -0.22, -0.22, -0.22, -0.22, 
-0.22, -0.22, -0.22, -0.22, -0.22, -0.22, -0.22, -0.22, -0.22, -0.22, -0.22, -0.22, -0.22, -0.22, -0.22, -0.22, -0.22, -0.22, -0.22, -0.22, -0.22, -0.22, -0.22, -0.22, -0.22, -0.22, -0.22, -0.22, 
-0.22, -0.22, -0.22, -0.22, -0.22, -0.22, -0.22, -0.22, -0.22, -0.22, -0.22, -0.22, -0.22, -0.22, -0.22, -0.22, -0.22, -0.22, -0.22, -0.22, -0.22, -0.22, -0.22, -0.22, -0.22, -0.22, -0.22, -0.22, 
-- optimal policy --
L  <  ^  <  L  L  <  >  >  R  <  >  ^  <  L  <  R  <  ^  L  >  ^  <  ^  <  >  R  R  
^  L  ^  R  R  ^  L  R  R  ^  L  ^  L  L  ^  L  ^  L  ^  ^  ^  ^  L  ^  L  ^  ^  ^  
L  v  l  <  v  v  v  v  v  l  <  v  r  v  >  r  v  r  v  >  >  >  >  r  v  >  r  v  
<  l  <  L  v  v  v  v  l  <  L  r  v  r  v  >  r  >  >  >  >  >  >  >  r  v  >  r  
<  ^  L  v  v  v  v  l  <  L  r  v  r  v  r  v  r  v  ^  R  R  >  >  >  >  v  R  ^  
^  L  r  v  v  v  l  <  L  v  v  r  v  r  v  r  v  >  r  v  >  >  >  >  >  r  v  v  
<  <  v  r  v  l  <  L  v  v  v  v  r  v  r  v  r  r  v  r  v  R  R  R  R  ^  r  v  
^  L  v  v  l  <  L  v  v  v  v  l  v  r  v  r  r  >  r  >  r  v  r  v  >  >  >  v  
v  v  r  v  l  <  v  v  v  l  l  v  r  v  l  r  >  >  >  >  >  r  v  r  v  >  >  >  
v  v  v  l  <  L  v  v  l  v  v  v  v  r  v  l  v  v  ^  R  R  >  r  v  r  R  R  ^  
v  v  l  <  L  v  v  l  <  v  l  v  v  v  l  v  r  r  v  v  R  >  >  r  r  v  r  v  
l  l  <  L  v  v  l  <  v  l  v  r  v  l  v  v  v  v  >  r  v  >  >  >  >  r  v  v  
L  ^  L  v  v  l  <  L  r  v  v  v  l  v  r  v  v  v  v  v  r  v  R  R  >  >  >  >  
l  <  v  v  l  <  L  v  v  l  r  v  l  v  v  r  v  v  v  v  v  r  >  r  v  R  ^  >  
^  L  v  l  <  L  r  v  v  v  v  l  v  r  v  v  r  v  l  v  l  >  >  >  >  >  >  r  
l  v  l  <  L  v  v  l  r  v  v  v  v  v  r  v  v  l  <  r  v  v  v  R  R  ^  R  ^  
l  l  <  L  v  r  v  v  v  r  v  v  v  v  v  >  v  <  r  v  r  v  v  v  v  r  v  l  
l  <  L  v  v  v  r  v  v  v  r  r  v  v  v  v  l  <  >  r  v  v  l  r  v  >  >  R  
L  <  v  v  v  v  v  r  v  v  v  v  r  v  v  l  <  L  v  >  r  v  v  l  v  R  R  r  
l  <  v  v  v  v  l  v  r  v  v  l  >  >  l  <  L  >  r  v  r  v  l  v  l  v  l  ^  
^  v  v  v  v  l  <  r  v  v  l  v  R  >  v  <  >  >  >  r  v  r  v  l  <  r  ^  >  
L  l  r  v  v  <  >  >  v  v  v  r  <  r  r  <  >  >  >  >  r  ^  r  ^  r  ^  l  v  
