arguments: 31 16 1 0.00135684 -0.529626 0.00464374 -0.464374
loading features...

Initializing gridworld of size 28 by 22..
    Num states: 616
    Num actions: 8
recovered reward
-0.46, -0.46, -0.46, -0.46, -0.46, -0.46, -0.45, -0.46, -0.46, -0.45, -0.46, -0.46, -0.46, -0.45, -0.46, -0.46, -0.46, -0.45, -0.46, -0.46, -0.45, -0.46, -0.45, -0.46, -0.46, -0.45, -0.46, -0.46, 
-0.46, -0.46, -0.46, -0.98, -0.46, -0.46, -0.46, -0.46, -0.46, -0.46, -0.46, -0.46, -0.46, -0.46, -0.46, -0.46, -0.46, -0.46, -0.46, -0.46, -0.46, -0.46, -0.46, -0.46, -0.46, -0.46, -0.46, -0.46, 
-0.46, -0.46, -0.46, -0.99, -0.46, -0.46, -0.46, -0.46, -0.46, -0.46, -0.46, -0.46, -0.46, -0.46, -0.46, -0.46, -0.46, -0.99, -0.46, -0.46, -0.46, -0.46, -0.46, -0.46, -0.46, -0.46, -0.46, -0.46, 
-0.46, -0.46, -0.46, -0.46, -0.46, -0.46, -0.46, -0.46, -0.46, -0.46, -0.46, -0.46, -0.46, -0.46, -0.46, -0.46, -0.46, -0.46, -0.46, -0.46, -0.46, -0.46, -0.46, -0.46, -0.46, -0.46, -0.46, -0.46, 
-0.46, -0.46, -0.46, -0.46, -0.46, -0.46, -0.46, -0.46, -0.46, -0.46, -0.46, -0.46, -0.46, -0.46, -0.46, -0.46, -0.46, -0.46, -0.46, -0.46, -0.46, -0.46, -0.46, -0.46, -0.46, -0.46, -0.46, -0.46, 
-0.46, -0.46, -0.46, -0.46, -0.46, -0.46, -0.46, -0.46, -0.46, -0.46, -0.46, -0.46, -0.46, -0.46, -0.46, -0.46, -0.46, -0.46, -0.46, -0.46, -0.46, -0.46, -0.46, -0.46, -0.46, -0.46, -0.46, -0.46, 
-0.46, -0.46, -0.46, -0.99, -0.46, -0.46, -0.46, -0.46, -0.46, -0.46, -0.46, -0.46, -0.46, -0.46, -0.46, -0.46, -0.46, -0.46, -0.46, -0.46, -0.46, -0.46, -0.46, -0.46, -0.46, -0.46, -0.46, -0.46, 
-0.46, -0.46, -0.46, -0.46, -0.46, -0.46, -0.46, -0.46, -0.46, -0.46, -0.46, -0.46, -0.46, -0.46, -0.46, -0.46, -0.46, -0.46, -0.46, -0.46, -0.46, -0.46, -0.46, -0.46, -0.46, -0.46, -0.46, -0.46, 
-0.46, -0.46, -0.46, -0.46, -0.46, -0.46, -0.46, -0.46, -0.46, -0.46, -0.46, -0.46, -0.46, -0.46, -0.46, -0.99, -0.46, -0.46, -0.46, -0.46, -0.46, -0.46, -0.46, -0.46, -0.46, -0.46, -0.46, -0.46, 
-0.46, -0.46, -0.46, -0.46, -0.46, -0.46, -0.46, -0.46, -0.46, -0.46, -0.46, -0.46, -0.46, -0.46, -0.46, -0.46, -0.46, -0.46, -0.46, -0.99, -0.46, -0.46, -0.46, -0.46, -0.46, -0.46, -0.46, -0.46, 
-0.46, -0.46, -0.46, -0.46, -0.46, -0.46, -0.46, -0.46, -0.46, -0.46, -0.46, -0.46, -0.46, -0.99, -0.46, -0.46, -0.46, -0.46, -0.46, -0.46, -0.46, -0.46, -0.46, -0.46, -0.46, -0.46, -0.46, -0.46, 
-0.46, -0.46, -0.99, -0.46, -0.46, -0.46, -0.46, -0.46, -0.46, -0.46, -0.46, -0.46, -0.46, -0.46, -0.46, -0.46, -0.46, -0.46, -0.46, -0.46, -0.46, -0.46, -0.46, -0.46, -0.46, -0.46, -0.46, -0.46, 
-0.46, -0.46, -0.46, -0.46, -0.46, -0.46, -0.46, -0.46, -0.46, -0.46, -0.46, -0.46, -0.46, -0.46, -0.46, -0.46, -0.46, -0.46, -0.46, -0.46, -0.46, -0.46, -0.46, -0.46, -0.46, -0.46, -0.46, -0.46, 
-0.46, -0.46, -0.46, -0.46, -0.46, -0.46, -0.46, -0.46, -0.46, -0.46, -0.46, -0.46, -0.46, -0.46, -0.46, -0.46, -0.46, -0.46, -0.46, -0.46, -0.46, -0.46, -0.46, -0.46, -0.46, -0.99, -0.46, -0.46, 
-0.46, -0.46, -0.46, -0.46, -0.46, -0.46, -0.46, -0.46, -0.46, -0.46, -0.46, -0.46, -0.46, -0.46, -0.46, -0.46, -0.46, -0.46, -0.46, -0.46, -0.46, -0.46, -0.46, -0.46, -0.46, -0.46, -0.46, -0.46, 
-0.46, -0.46, -0.46, -0.46, -0.46, -0.46, -0.46, -0.46, -0.99, -0.99, -0.46, -0.46, -0.46, -0.46, -0.46, -0.46, -0.46, -0.46, -0.46, -0.46, -0.46, -0.46, -0.46, -0.46, -0.46, -0.46, -0.46, -0.46, 
-0.46, -0.46, -0.46, -0.46, -0.46, -0.46, -0.46, -0.46, -0.46, -0.46, -0.46, -0.46, -0.46, -0.46, -0.46, -0.46, -0.46, -0.46, -0.46, -0.46, -0.46, -0.46, -0.46, -0.46, -0.46, -0.46, -0.46, -0.46, 
-0.46, -0.46, -0.46, -0.46, -0.46, -0.46, -0.46, -0.46, -0.46, -0.46, -0.46, -0.46, -0.46, -0.46, -0.46, -0.46, -0.46, -0.46, -0.46, -0.46, -0.46, -0.46, -0.46, -0.46, -0.46, -0.46, -0.46, -0.46, 
-0.46, -0.46, -0.46, -0.46, -0.46, -0.46, -0.46, -0.46, -0.46, -0.46, -0.46, -0.46, -0.46, -0.46, -0.46, -0.46, -0.46, -0.46, -0.46, -0.46, -0.46, -0.46, -0.46, -0.46, -0.46, -0.46, -0.46, -0.46, 
-0.46, -0.46, -0.46, -0.46, -0.46, -0.46, -0.46, -0.46, -0.46, -0.99, -0.46, -0.46, -0.46, -0.46, -0.46, -0.46, -0.46, -0.46, -0.46, -0.46, -0.46, -0.46, -0.46, -0.46, -0.46, -0.46, -0.46, -0.46, 
-0.46, -0.46, -0.46, -0.46, -0.46, -0.46, -0.46, -0.46, -0.46, -0.46, -0.46, -0.46, -0.46, -0.46, -0.46, -0.46, -0.46, -0.46, -0.46, -0.46, -0.46, -0.46, -0.46, -0.46, -0.46, -0.46, -0.46, -0.46, 
-0.46, -0.46, -0.46, -0.46, -0.46, -0.46, -0.46, -0.46, -0.46, -0.46, -0.46, -0.46, -0.46, -0.46, -0.46, -0.46, -0.46, -0.46, -0.46, -0.46, -0.46, -0.46, -0.46, -0.46, -0.46, -0.46, -0.46, -0.46, 
-- optimal policy --
r  r  >  r  r  >  r  r  >  r  r  r  >  r  >  r  >  r  r  >  r  >  >  r  >  ^  <  <  
r  r  R  r  >  R  r  >  R  r  r  >  R  >  r  >  R  r  >  R  >  R  r  >  R  ^  L  <  
>  >  r  >  R  r  >  R  r  r  >  R  >  r  >  R  r  >  R  >  R  r  >  R  ^  R  ^  L  
R  r  >  R  r  >  R  r  r  >  R  r  r  >  R  r  >  R  >  R  r  >  R  R  R  ^  L  ^  
^  >  R  r  >  R  r  r  >  R  r  r  >  R  r  >  R  >  R  r  >  R  R  ^  R  ^  L  ^  
>  R  >  >  R  r  r  >  R  r  r  >  R  r  >  R  >  R  R  >  R  R  ^  R  ^  L  ^  L  
R  r  R  R  r  r  >  R  r  r  >  R  >  >  R  >  R  R  >  R  R  ^  L  ^  L  R  R  ^  
^  >  r  r  >  >  R  r  r  >  R  >  R  R  >  R  R  >  R  R  ^  R  ^  L  L  R  ^  ^  
>  R  r  >  R  R  r  r  >  R  >  R  R  >  R  R  >  R  R  ^  R  ^  R  ^  ^  R  R  ^  
R  r  >  R  R  r  r  >  R  >  R  R  >  R  >  >  R  R  R  ^  L  ^  ^  R  ^  R  R  ^  
r  >  R  R  r  r  >  R  R  R  R  R  R  >  R  R  ^  R  ^  L  ^  L  R  ^  ^  R  R  ^  
>  R  R  r  r  >  R  R  R  R  R  R  >  R  R  R  R  ^  ^  L  L  ^  L  R  ^  R  R  ^  
R  ^  r  r  >  R  R  R  R  R  R  >  R  R  R  R  R  R  ^  L  L  L  ^  L  ^  L  ^  L  
^  r  r  >  R  R  R  R  R  R  R  R  R  R  R  R  R  ^  R  ^  L  L  L  ^  L  ^  L  ^  
r  r  >  R  R  R  R  R  R  R  R  R  R  R  R  R  R  ^  ^  L  L  L  R  ^  L  L  ^  L  
r  >  R  R  R  R  R  R  R  R  R  R  R  R  R  R  ^  ^  ^  ^  L  L  L  R  ^  L  L  ^  
>  R  R  >  R  R  R  r  >  R  R  R  R  R  R  ^  ^  ^  L  ^  ^  L  R  ^  L  L  L  L  
R  R  R  R  R  R  r  >  R  R  R  R  R  R  R  ^  ^  L  ^  R  ^  R  R  ^  L  ^  L  L  
R  R  R  R  R  r  >  R  R  R  R  R  R  ^  R  ^  ^  ^  R  ^  R  R  ^  R  ^  L  L  ^  
R  R  R  R  >  >  R  R  R  ^  L  R  ^  L  R  ^  L  R  ^  R  R  R  R  R  ^  L  L  ^  
R  R  R  >  R  R  ^  R  ^  L  R  ^  ^  R  ^  ^  R  ^  R  R  R  ^  R  R  ^  L  L  L  
R  R  >  R  R  ^  R  ^  L  R  ^  R  R  R  R  R  R  R  R  R  ^  L  R  ^  L  L  L  L  
Correct actions (%) : 11.43
Avg angular diffs   : 68.79
