arguments: 31 19 2 0.273068 -0.363409 0.318068 -0.0454545

Initializing gridworld of size 28 by 22..
    Num states: 616
    Num actions: 8
recovered reward
-0.05, -0.05, -0.05, -0.05, -0.05, -0.05, -0.05, -0.05, -0.05, -0.05, -0.05, -0.05, -0.05, -0.05, -0.05, -0.05, -0.05, -0.05, -0.05, -0.05, -0.05, -0.05, -0.05, -0.05, -0.05, -0.05, -0.05, -0.05, 
-0.05, -0.05, -0.05, -0.05, -0.05, -0.05, -0.05, -0.05, -0.05, -0.05, -0.05, -0.05, -0.05, -0.05, -0.05, -0.05, -0.05, -0.05, -0.05, -0.05, -0.05, -0.05, -0.05, -0.05, -0.05, -0.05, -0.05, -0.05, 
-0.05, -0.05, -0.05, -0.05, -0.05, -0.05, -0.05, -0.05, -0.05, -0.05, -0.05, -0.05, -0.05, -0.05, -0.05, -0.05, -0.05, -0.05, -0.05, -0.05, -0.05, -0.05, -0.05, -0.05, -0.05, -0.05, -0.05, -0.05, 
-0.05, -0.05, -0.05, -0.05, -0.05, -0.05, -0.05, -0.05, -0.05, -0.05, -0.05, -0.05, -0.05, -0.05, -0.05, -0.05, -0.05, -0.05, -0.05, -0.05, -0.05, -0.05, -0.05, -0.05, -0.05, -0.05, -0.05, -0.05, 
-0.05, -0.05, -0.05, -0.05, -0.05, -0.05, -0.05, -0.05, -0.05, -0.05, -0.05, -0.05, -0.05, -0.05, -0.05, -0.05, -0.05, -0.05, -0.05, -0.05, -0.05, -0.05, -0.05, -0.05, -0.05, -0.05, -0.05, -0.05, 
-0.05, -0.05, -0.05, -0.05, -0.05, -0.05, -0.05, -0.05, -0.05, -0.05, -0.05, -0.05, -0.05, -0.05, -0.05, -0.05, -0.05, -0.05, -0.05, -0.05, -0.05, -0.05, -0.05, -0.05, -0.05, -0.05, -0.05, -0.05, 
-0.05, -0.05, -0.05, -0.05, -0.05, -0.05, -0.05, -0.05, -0.05, -0.05, -0.05, -0.05, -0.05, -0.05, -0.05, -0.05, -0.05, -0.05, -0.05, -0.05, -0.05, -0.05, -0.05, -0.05, -0.05, -0.05, -0.05, -0.05, 
-0.05, -0.05, -0.05, -0.05, -0.05, -0.05, -0.05, -0.05, -0.05, -0.05, -0.05, -0.05, -0.05, -0.05, -0.05, -0.05, -0.05, -0.05, -0.05, -0.05, -0.05, -0.05, -0.05, -0.05, -0.05, -0.05, -0.05, -0.05, 
-0.05, -0.05, -0.05, -0.05, -0.05, -0.05, -0.05, -0.05, -0.05, -0.05, -0.05, -0.05, -0.05, -0.05, -0.05, -0.05, -0.05, -0.05, -0.05, -0.05, -0.05, -0.05, -0.05, -0.05, -0.05, -0.05, -0.05, -0.05, 
-0.05, -0.05, -0.05, -0.05, -0.05, -0.05, -0.05, -0.05, -0.05, -0.05, -0.05, -0.05, -0.05, -0.05, -0.05, -0.05, -0.05, -0.05, -0.05, -0.05, -0.05, -0.05, -0.05, -0.05, -0.05, -0.05, -0.05, -0.05, 
-0.05, -0.05, -0.05, -0.05, -0.05, -0.05, -0.05, -0.05, -0.05, -0.05, -0.05, -0.05, -0.05, -0.05, -0.05, -0.05, -0.05, -0.05, -0.05, -0.05, -0.05, -0.05, -0.05, -0.05, -0.05, -0.05, -0.05, -0.05, 
-0.05, -0.05, -0.05, -0.05, -0.05, -0.05, -0.05, -0.05, -0.05, -0.05, -0.05, -0.05, -0.05, -0.05, -0.05, -0.05, -0.05, -0.05, -0.05, -0.05, -0.05, -0.05, -0.05, -0.05, -0.05, -0.05, -0.05, -0.05, 
-0.05, -0.05, -0.05, -0.05, -0.05, -0.05, -0.05, -0.05, -0.05, -0.05, -0.05, -0.05, -0.05, -0.05, -0.05, -0.05, -0.05, -0.05, -0.05, -0.05, -0.05, -0.05, -0.05, -0.05, -0.05, -0.05, -0.05, -0.05, 
-0.05, -0.05, -0.05, -0.05, -0.05, -0.05, -0.05, -0.05, -0.05, -0.05, -0.05, -0.05, -0.05, -0.05, -0.05, -0.05, -0.05, -0.05, -0.05, -0.05, -0.05, -0.05, -0.05, -0.05, -0.05, -0.05, -0.05, -0.05, 
-0.05, -0.05, -0.05, -0.05, -0.05, -0.05, -0.05, -0.05, -0.05, -0.05, -0.05, -0.05, -0.05, -0.05, -0.05, -0.05, -0.05, -0.05, -0.05, -0.05, -0.05, -0.05, -0.05, -0.05, -0.05, -0.05, -0.05, -0.05, 
-0.05, -0.05, -0.05, -0.05, -0.05, -0.05, -0.05, -0.05, -0.05, -0.05, -0.05, -0.05, -0.05, -0.05, -0.05, -0.05, -0.05, -0.05, -0.05, -0.05, -0.05, -0.05, -0.05, -0.05, -0.05, -0.05, -0.05, -0.05, 
-0.05, -0.05, -0.05, -0.05, -0.05, -0.05, -0.05, -0.05, -0.05, -0.05, -0.05, -0.05, -0.05, -0.05, -0.05, -0.05, -0.05, -0.05, -0.05, -0.05, -0.05, -0.05, -0.05, -0.05, -0.05, -0.05, -0.05, -0.05, 
-0.05, -0.05, -0.05, -0.05, -0.05, -0.05, -0.05, -0.05, -0.05, -0.05, -0.05, -0.05, -0.05, -0.05, -0.05, -0.05, -0.05, -0.05, -0.05, -0.05, -0.05, -0.05, -0.05, -0.05, -0.05, -0.05, -0.05, -0.05, 
-0.05, -0.05, -0.05, -0.05, -0.05, -0.05, -0.05, -0.05, -0.05, -0.05, -0.05, -0.05, -0.05, -0.05, -0.05, -0.05, -0.05, -0.05, -0.05, -0.05, -0.05, -0.05, -0.05, -0.05, -0.05, -0.05, -0.05, -0.05, 
-0.05, -0.05, -0.05, -0.05, -0.05, -0.05, -0.05, -0.05, -0.05, -0.05, -0.05, -0.05, -0.05, -0.05, -0.05, -0.05, -0.05, -0.05, -0.05, -0.05, -0.05, -0.05, -0.05, -0.05, -0.05, -0.05, -0.05, -0.05, 
-0.05, -0.05, -0.05, -0.05, -0.05, -0.05, -0.05, -0.05, -0.05, -0.05, -0.05, -0.05, -0.05, -0.05, -0.05, -0.05, -0.05, -0.05, -0.05, -0.05, -0.05, -0.05, -0.05, -0.05, -0.05, -0.05, -0.05, -0.05, 
-0.05, -0.05, -0.05, -0.05, -0.05, -0.05, -0.05, -0.05, -0.05, -0.05, -0.05, -0.05, -0.05, -0.05, -0.05, -0.05, -0.05, -0.05, -0.05, -0.05, -0.05, -0.05, -0.05, -0.05, -0.05, -0.05, -0.05, -0.05, 
-- optimal policy --
>  >  R  <  >  ^  L  <  L  <  R  ^  <  ^  <  >  R  <  R  <  >  >  >  >  >  L  <  v  
R  R  ^  L  ^  ^  ^  R  ^  L  ^  ^  L  ^  L  R  ^  L  ^  L  R  R  R  R  ^  ^  L  v  
v  v  l  <  v  v  v  l  v  v  l  ^  ^  R  ^  r  v  r  v  r  v  r  v  >  r  v  v  v  
v  l  <  L  v  v  l  <  v  l  <  l  R  ^  L  >  r  v  r  v  r  >  >  >  >  r  v  v  
L  <  L  v  v  l  <  v  l  <  L  <  l  L  ^  >  >  r  >  r  v  v  ^  R  R  >  r  v  
^  L  v  v  l  <  v  v  l  <  <  L  <  l  r  >  >  >  >  >  >  >  r  v  >  >  >  R  
v  v  v  l  <  v  v  l  <  L  L  <  L  <  >  R  R  ^  R  R  R  ^  >  >  >  >  >  >  
v  v  l  <  v  v  l  <  L  <  L  L  <  L  r  v  v  v  v  >  r  R  R  ^  R  R  R  ^  
v  l  <  L  v  l  <  L  L  L  L  <  r  v  v  r  r  v  v  >  >  >  >  r  v  r  v  v  
v  <  L  v  l  <  L  v  v  l  L  r  v  r  v  v  v  >  r  v  R  R  >  >  r  >  r  v  
L  <  v  l  <  L  v  v  l  v  v  v  r  v  r  v  v  v  v  v  v  >  >  >  >  >  >  R  
^  L  l  ^  L  v  v  l  v  v  v  v  >  r  v  r  v  v  v  v  v  R  R  R  R  R  R  ^  
v  l  <  L  v  v  l  v  v  v  v  l  v  >  r  v  r  v  v  v  v  l  r  v  v  v  l  v  
l  <  L  v  l  l  v  v  v  v  l  <  r  v  >  r  v  r  v  v  l  v  v  r  v  l  v  l  
^  L  v  l  v  v  v  v  v  l  <  L  v  r  v  >  r  v  r  v  v  v  l  v  r  v  l  v  
v  v  l  <  v  v  v  v  l  <  L  v  r  v  r  v  >  r  v  v  v  l  v  r  v  l  v  l  
r  v  <  r  v  v  v  l  <  L  v  v  v  r  v  r  v  >  r  v  l  v  l  v  r  v  l  v  
>  v  v  v  r  v  l  <  L  v  v  v  v  v  r  v  r  >  >  r  v  l  v  r  v  l  v  v  
v  l  v  l  r  v  l  <  v  v  v  v  v  v  v  r  v  v  R  >  v  r  v  v  l  <  r  v  
l  <  l  r  v  l  <  v  v  v  v  v  v  v  v  v  r  v  R  r  v  >  r  v  ^  L  >  r  
<  v  l  v  l  ^  L  l  r  v  l  v  l  v  v  v  l  r  v  >  v  <  R  v  <  >  >  R  
r  r  <  v  l  <  v  <  >  l  <  r  <  v  r  v  <  >  v  <  r  L  >  v  <  >  >  r  
