arguments: 32 6 1 0.80015 -0.0995498 -0.000250125 -0.10005
loading features...

Initializing gridworld of size 28 by 22..
    Num states: 616
    Num actions: 8
recovered reward
-0.10, -0.10, -0.10, -0.10, -0.10, -0.10, -0.10, -0.10, 0.30, 0.70, 0.30, -0.10, -0.10, -0.10, -0.10, -0.10, 0.10, 0.30, 0.10, -0.10, -0.10, -0.10, -0.10, -0.10, -0.10, -0.10, -0.10, -0.10, 
-0.10, -0.10, -0.10, -0.10, -0.10, -0.10, -0.10, -0.10, 0.10, 0.30, 0.10, -0.10, -0.10, -0.10, -0.10, -0.10, 0.30, 0.70, 0.30, 0.08, -0.15, -0.12, -0.10, -0.10, -0.10, -0.10, -0.10, -0.10, 
-0.10, -0.10, -0.10, -0.10, -0.10, -0.10, -0.10, -0.10, -0.10, -0.10, -0.10, -0.10, -0.10, -0.10, -0.12, -0.15, 0.08, 0.30, 0.08, 0.25, -0.12, -0.15, -0.10, -0.10, -0.10, -0.10, -0.10, -0.10, 
-0.10, -0.10, -0.10, -0.10, -0.10, -0.10, -0.10, -0.10, -0.10, -0.10, -0.10, -0.10, -0.10, -0.10, -0.15, -0.20, -0.15, 0.10, 0.25, 0.00, -0.15, -0.12, -0.10, -0.10, -0.10, -0.10, -0.10, -0.10, 
-0.10, -0.10, -0.10, -0.10, -0.10, -0.10, -0.10, -0.10, -0.10, -0.10, -0.10, -0.10, -0.10, -0.10, -0.12, -0.15, -0.12, 0.10, 0.28, 0.05, -0.12, -0.10, -0.12, -0.15, -0.12, -0.10, -0.10, -0.10, 
-0.10, -0.10, -0.10, -0.10, -0.10, -0.10, -0.10, -0.10, -0.10, -0.10, -0.10, -0.10, -0.10, -0.10, -0.10, -0.10, -0.10, 0.30, 0.70, 0.30, 0.10, 0.30, 0.05, -0.20, -0.15, -0.10, -0.10, -0.10, 
-0.10, -0.10, -0.10, -0.10, -0.10, -0.10, -0.10, -0.10, -0.10, -0.10, -0.10, -0.10, -0.10, -0.10, -0.10, -0.10, -0.10, 0.10, 0.30, 0.10, 0.30, 0.70, 0.28, -0.15, -0.12, -0.10, -0.10, -0.10, 
-0.10, -0.10, -0.10, -0.10, -0.10, -0.10, -0.10, -0.10, -0.10, -0.10, -0.10, -0.10, -0.10, -0.12, -0.15, -0.12, -0.10, -0.10, -0.10, -0.10, 0.10, 0.30, 0.10, -0.10, -0.10, -0.10, -0.10, -0.10, 
-0.10, -0.10, -0.10, -0.10, -0.10, -0.10, -0.10, -0.10, -0.10, -0.10, -0.10, -0.10, -0.10, -0.15, -0.20, -0.15, -0.10, -0.10, -0.10, -0.10, -0.10, -0.10, -0.10, -0.10, -0.10, -0.10, -0.10, -0.10, 
-0.10, -0.10, -0.10, -0.10, -0.10, -0.10, -0.10, -0.10, -0.10, -0.10, -0.10, -0.10, -0.10, -0.12, -0.15, -0.13, -0.10, -0.10, -0.10, -0.10, -0.10, -0.10, -0.10, -0.10, -0.10, -0.10, -0.10, -0.10, 
-0.10, -0.10, -0.10, -0.10, -0.10, -0.12, -0.15, -0.12, -0.10, -0.10, -0.10, -0.10, -0.10, -0.10, -0.10, -0.10, -0.10, -0.10, -0.10, -0.10, -0.10, -0.10, -0.10, -0.10, -0.10, -0.10, -0.10, -0.10, 
-0.10, -0.10, 0.10, 0.30, 0.10, -0.15, -0.20, -0.15, -0.10, -0.10, 0.10, 0.30, 0.10, -0.10, -0.10, 0.10, 0.30, 0.10, -0.10, -0.10, -0.10, -0.10, -0.10, -0.10, 0.10, 0.30, 0.10, -0.10, 
-0.10, -0.10, 0.30, 0.70, 0.30, -0.12, -0.15, -0.12, -0.10, -0.10, 0.30, 0.70, 0.30, 0.10, 0.30, 0.30, 0.70, 0.30, -0.10, -0.10, -0.10, -0.10, -0.10, -0.10, 0.30, 0.70, 0.30, -0.10, 
-0.10, -0.10, 0.10, 0.30, 0.10, -0.10, -0.10, -0.10, -0.10, -0.10, 0.10, 0.30, 0.10, 0.30, 0.70, 0.10, 0.30, 0.10, -0.10, -0.10, -0.10, -0.10, -0.10, -0.10, 0.10, 0.30, 0.10, -0.10, 
-0.10, -0.10, -0.10, 0.10, 0.30, 0.10, -0.10, -0.10, -0.10, -0.10, -0.10, -0.10, -0.10, 0.10, 0.30, 0.10, 0.10, 0.30, 0.10, -0.10, -0.12, -0.15, -0.12, -0.10, -0.10, -0.10, -0.10, -0.10, 
-0.10, -0.10, -0.10, 0.30, 0.70, 0.30, -0.10, -0.10, -0.10, -0.10, -0.10, -0.10, -0.10, -0.12, -0.15, -0.12, 0.28, 0.65, 0.28, -0.10, -0.15, -0.20, -0.15, -0.15, -0.12, -0.10, -0.10, -0.10, 
-0.10, -0.10, -0.10, 0.10, 0.30, 0.10, -0.10, -0.10, -0.10, -0.10, -0.12, -0.15, -0.12, -0.15, -0.20, -0.15, 0.05, 0.20, 0.05, -0.10, -0.12, -0.15, -0.12, -0.20, -0.15, -0.10, -0.10, -0.10, 
-0.10, -0.10, -0.10, -0.10, -0.10, -0.10, -0.10, -0.10, -0.10, -0.10, -0.15, -0.20, -0.15, -0.12, -0.15, -0.12, -0.12, -0.15, -0.12, -0.10, -0.10, -0.10, -0.12, -0.15, -0.12, -0.10, -0.10, -0.10, 
-0.10, -0.10, -0.10, -0.10, -0.10, -0.10, -0.10, -0.10, -0.10, -0.10, -0.12, -0.15, -0.13, -0.10, -0.10, -0.10, -0.10, -0.10, -0.10, -0.10, -0.10, -0.10, -0.10, -0.10, -0.10, -0.10, -0.10, -0.10, 
-0.10, -0.10, -0.10, -0.10, -0.10, -0.10, -0.10, -0.10, -0.10, -0.10, -0.10, -0.10, -0.10, -0.10, -0.10, -0.10, -0.10, -0.10, -0.10, -0.10, -0.10, -0.10, -0.10, -0.10, -0.10, -0.10, -0.10, -0.10, 
-0.10, -0.10, -0.10, -0.10, -0.10, -0.10, -0.10, -0.10, -0.10, -0.10, -0.10, -0.10, -0.10, -0.10, -0.10, -0.10, -0.10, -0.10, -0.10, -0.10, -0.10, -0.10, -0.10, -0.10, -0.10, -0.10, -0.10, -0.10, 
-0.10, -0.10, -0.10, -0.10, -0.10, -0.10, -0.10, -0.10, -0.10, -0.10, -0.10, -0.10, -0.10, -0.10, -0.10, -0.10, -0.10, -0.10, -0.10, -0.10, -0.10, -0.10, -0.10, -0.10, -0.10, -0.10, -0.10, -0.10, 
-- optimal policy --
>  >  >  >  r  r  r  >  >  ^  <  <  l  l  >  r  r  v  l  l  l  <  <  l  l  l  l  l  
>  >  R  r  >  r  >  R  R  ^  L  L  <  <  R  >  >  v  <  <  l  l  L  l  l  l  l  <  
R  R  >  >  R  >  R  R  R  ^  L  L  L  <  R  R  R  ^  L  L  <  <  v  l  l  l  <  l  
>  R  >  R  >  R  R  R  R  ^  L  L  L  L  R  R  R  ^  L  l  L  v  l  l  l  <  l  l  
v  >  R  >  R  R  R  R  ^  L  ^  L  L  L  r  r  r  r  v  l  l  v  l  l  l  L  l  l  
r  v  >  R  R  R  R  ^  ^  ^  L  L  L  L  >  >  >  >  <  <  r  v  l  l  l  l  l  <  
r  v  r  r  R  ^  ^  ^  L  R  ^  ^  L  >  R  >  R  R  ^  L  >  <  <  <  l  l  <  l  
r  r  r  v  v  v  l  l  r  v  v  v  v  l  R  R  R  R  ^  R  R  ^  L  L  <  l  v  l  
r  r  v  v  l  v  l  r  r  r  v  v  l  l  l  R  R  R  R  R  R  ^  L  L  L  v  l  l  
r  r  r  v  l  l  l  r  r  r  r  r  v  l  r  r  v  l  l  R  ^  R  ^  L  v  v  v  l  
r  r  r  v  l  l  l  >  r  r  r  v  l  l  r  r  v  l  l  l  R  R  r  r  r  v  l  l  
r  r  r  v  l  l  l  r  >  r  r  v  l  r  v  r  v  l  l  l  <  >  r  r  r  v  l  l  
>  >  >  ^  <  <  l  l  r  >  >  <  <  r  v  l  v  <  <  <  l  >  >  >  >  ^  <  <  
R  R  R  ^  L  l  l  l  >  R  R  ^  L  >  ^  <  ^  L  L  l  l  >  R  R  R  ^  L  L  
R  R  R  r  v  l  l  l  R  R  R  ^  R  R  ^  L  r  v  l  l  l  R  R  R  R  ^  L  L  
R  >  >  >  v  <  <  <  R  R  R  ^  R  R  ^  L  >  ^  <  <  <  R  R  R  R  ^  ^  L  
>  R  R  R  ^  L  L  <  <  R  R  R  R  ^  L  R  R  ^  L  L  L  l  l  R  R  R  ^  L  
R  R  R  R  ^  L  L  L  <  ^  L  R  ^  r  R  R  R  ^  L  L  L  <  l  l  R  ^  L  ^  
R  R  R  ^  ^  ^  L  L  L  L  L  r  >  >  R  R  ^  L  ^  L  L  L  <  <  R  R  ^  ^  
R  R  R  ^  L  ^  L  L  L  L  <  >  >  R  R  R  ^  ^  L  ^  L  L  L  <  ^  R  ^  ^  
R  ^  R  ^  L  L  ^  L  L  L  L  >  R  R  R  ^  ^  ^  ^  ^  ^  L  L  L  <  ^  ^  L  
R  R  ^  ^  ^  L  ^  L  L  L  L  R  R  R  ^  ^  ^  ^  ^  ^  R  ^  L  L  L  <  ^  ^  
Correct actions (%) : 14.10
Avg angular diffs   : 88.85
