arguments: 32 21 4 -0.45 -0.015 -0.035 -0.5
loading features...

Initializing gridworld of size 28 by 22..
    Num states: 616
    Num actions: 8
recovered reward
-0.50, -0.50, -0.50, -0.50, -0.50, -0.50, -0.50, -0.50, -0.50, -0.50, -0.50, -0.50, -0.50, -0.50, -0.50, -0.50, -0.50, -0.50, -0.50, -0.50, -0.50, -0.50, -0.50, -0.50, -0.50, -0.50, -0.50, -0.50, 
-0.50, -0.50, -0.50, -0.50, -0.95, -0.50, -0.50, -0.50, -0.95, -0.53, -0.50, -0.50, -0.53, -0.50, -0.50, -0.50, -0.51, -0.50, -0.50, -0.50, -0.50, -0.50, -0.50, -0.50, -0.50, -0.59, -0.50, -0.50, 
-0.50, -0.50, -0.50, -0.50, -0.50, -0.50, -0.50, -0.50, -0.50, -0.50, -0.50, -0.50, -0.50, -0.50, -0.50, -0.50, -0.54, -0.50, -0.50, -0.50, -0.50, -0.50, -0.50, -0.50, -0.51, -0.50, -0.50, -0.50, 
-0.50, -0.50, -0.50, -0.50, -0.50, -0.50, -0.50, -0.52, -0.50, -0.95, -0.50, -0.50, -0.50, -0.50, -0.50, -0.50, -0.50, -0.50, -0.50, -0.50, -0.50, -0.50, -0.50, -0.51, -0.50, -0.50, -0.50, -0.50, 
-0.50, -0.50, -0.50, -0.50, -0.50, -0.50, -0.52, -0.50, -0.50, -0.50, -0.50, -0.50, -0.50, -0.50, -0.50, -0.50, -0.50, -0.50, -0.50, -0.50, -0.50, -0.50, -0.50, -0.50, -0.50, -0.59, -0.50, -0.50, 
-0.50, -0.50, -0.50, -0.50, -0.50, -0.50, -0.51, -0.50, -0.50, -0.50, -0.51, -0.50, -0.50, -0.50, -0.50, -0.50, -0.54, -0.50, -0.50, -0.50, -0.50, -0.50, -0.50, -0.50, -0.50, -0.50, -0.50, -0.50, 
-0.50, -0.50, -0.50, -0.50, -0.52, -0.95, -0.50, -0.50, -0.50, -0.50, -0.50, -0.50, -0.50, -0.50, -0.54, -0.50, -0.50, -0.50, -0.50, -0.50, -0.50, -0.50, -0.50, -0.50, -0.50, -0.50, -0.50, -0.50, 
-0.50, -0.50, -0.50, -0.50, -0.50, -0.50, -0.50, -0.50, -0.95, -0.50, -0.50, -0.50, -0.50, -0.50, -0.50, -0.50, -0.50, -0.51, -0.50, -0.50, -0.50, -0.50, -0.50, -0.58, -0.50, -0.50, -0.50, -0.50, 
-0.50, -0.50, -0.95, -0.50, -0.50, -0.50, -0.50, -0.50, -0.50, -0.50, -0.50, -0.50, -0.50, -0.50, -0.50, -0.50, -0.50, -0.50, -0.50, -0.50, -0.50, -0.50, -0.50, -0.50, -0.50, -0.51, -0.50, -0.50, 
-0.50, -0.50, -0.50, -0.50, -0.51, -0.50, -0.50, -0.50, -0.50, -0.50, -0.50, -0.50, -0.55, -0.50, -0.50, -0.95, -0.50, -0.50, -0.50, -0.50, -0.50, -0.50, -0.50, -0.50, -0.50, -0.50, -0.50, -0.50, 
-0.50, -0.50, -0.50, -0.50, -0.50, -0.51, -0.50, -0.50, -0.50, -0.50, -0.50, -0.50, -0.50, -0.50, -0.50, -0.50, -0.50, -0.50, -0.50, -0.50, -0.50, -0.50, -0.50, -0.50, -0.58, -0.50, -0.50, -0.50, 
-0.50, -0.50, -0.50, -0.50, -0.50, -0.50, -0.50, -0.50, -0.50, -0.50, -0.55, -0.50, -0.50, -0.50, -0.50, -0.50, -0.50, -0.50, -0.50, -0.50, -0.50, -0.50, -0.50, -0.50, -0.50, -0.50, -0.50, -0.50, 
-0.50, -0.50, -0.50, -0.50, -0.50, -0.50, -0.50, -0.51, -0.50, -0.50, -0.50, -0.50, -0.50, -0.50, -0.51, -0.50, -0.50, -0.50, -0.50, -0.50, -0.50, -0.50, -0.50, -0.50, -0.50, -0.50, -0.50, -0.50, 
-0.50, -0.50, -0.50, -0.51, -0.95, -0.50, -0.50, -0.50, -0.50, -0.50, -0.50, -0.50, -0.50, -0.50, -0.50, -0.50, -0.50, -0.50, -0.50, -0.50, -0.50, -0.50, -0.50, -0.58, -0.50, -0.50, -0.50, -0.50, 
-0.50, -0.50, -0.50, -0.50, -0.50, -0.50, -0.50, -0.50, -0.50, -0.55, -0.50, -0.50, -0.50, -0.50, -0.50, -0.50, -0.50, -0.50, -0.50, -0.50, -0.50, -0.50, -0.50, -0.50, -0.50, -0.50, -0.50, -0.50, 
-0.50, -0.50, -0.50, -0.50, -0.50, -0.50, -0.50, -0.50, -0.50, -0.50, -0.50, -0.50, -0.50, -0.50, -0.50, -0.50, -0.50, -0.50, -0.50, -0.50, -0.50, -0.50, -0.95, -0.50, -0.50, -0.50, -0.50, -0.50, 
-0.50, -0.50, -0.51, -0.50, -0.50, -0.50, -0.50, -0.50, -0.50, -0.50, -0.50, -0.50, -0.56, -0.95, -0.50, -0.50, -0.50, -0.50, -0.50, -0.50, -0.50, -0.50, -0.50, -0.57, -0.50, -0.50, -0.50, -0.50, 
-0.50, -0.50, -0.50, -0.50, -0.50, -0.50, -0.50, -0.50, -0.50, -0.50, -0.50, -0.50, -0.51, -0.50, -0.50, -0.50, -0.50, -0.50, -0.50, -0.50, -0.50, -0.50, -0.50, -0.50, -0.51, -0.50, -0.50, -0.50, 
-0.50, -0.50, -0.50, -0.50, -0.50, -0.50, -0.50, -0.50, -0.50, -0.50, -0.50, -0.50, -0.50, -0.50, -0.50, -0.50, -0.50, -0.50, -0.50, -0.95, -0.50, -0.57, -0.50, -0.95, -0.50, -0.50, -0.50, -0.50, 
-0.50, -0.50, -0.50, -0.50, -0.50, -0.50, -0.50, -0.50, -0.50, -0.50, -0.50, -0.50, -0.50, -0.56, -0.50, -0.50, -0.56, -0.50, -0.50, -0.57, -0.50, -0.50, -0.50, -0.50, -0.50, -0.50, -0.50, -0.50, 
-0.50, -0.50, -0.50, -0.50, -0.50, -0.50, -0.50, -0.50, -0.50, -0.50, -0.50, -0.50, -0.50, -0.50, -0.50, -0.50, -0.50, -0.50, -0.50, -0.50, -0.50, -0.50, -0.50, -0.50, -0.50, -0.50, -0.50, -0.50, 
-0.50, -0.50, -0.50, -0.50, -0.50, -0.50, -0.50, -0.50, -0.50, -0.50, -0.50, -0.50, -0.50, -0.50, -0.50, -0.50, -0.50, -0.50, -0.50, -0.50, -0.50, -0.50, -0.50, -0.50, -0.50, -0.50, -0.50, -0.50, 
-- optimal policy --
l  <  >  >  >  ^  ^  <  R  ^  <  >  >  L  L  <  >  >  ^  <  L  >  R  <  >  r  L  >  
^  L  v  R  R  ^  ^  R  ^  ^  L  R  ^  ^  ^  L  R  ^  L  R  R  R  ^  L  R  ^  v  r  
L  <  v  l  <  r  v  l  v  l  <  >  r  v  r  v  >  r  v  v  v  >  >  r  >  >  >  v  
l  L  l  <  L  v  r  v  v  l  L  >  >  r  >  r  R  >  r  v  v  v  R  >  >  >  >  R  
^  l  <  L  r  v  r  v  l  <  >  >  >  >  >  >  r  v  >  r  v  l  v  R  R  R  R  v  
l  ^  L  v  >  r  v  l  <  L  R  R  R  R  R  R  >  r  v  >  r  v  v  v  v  >  >  >  
<  <  r  v  r  v  l  ^  L  r  v  v  v  v  >  >  >  >  r  v  >  r  v  l  v  R  R  ^  
L  <  >  r  v  l  <  L  v  v  >  r  v  v  R  R  R  >  >  r  v  >  v  r  v  >  r  v  
^  L  r  v  l  <  L  v  v  v  v  v  r  v  >  r  v  R  R  ^  r  >  r  r  r  r  v  >  
v  <  >  v  l  L  v  v  v  v  v  v  v  r  R  >  >  r  v  R  ^  >  >  >  >  >  >  R  
<  <  v  l  <  l  v  v  v  v  l  v  v  v  v  R  r  v  r  v  R  R  R  R  R  R  ^  ^  
^  L  v  v  l  <  v  l  v  v  v  v  v  v  l  v  v  r  v  r  v  v  v  v  v  v  v  l  
v  v  v  l  <  L  r  v  v  v  l  v  v  v  v  v  v  v  r  v  r  v  v  l  v  v  l  v  
v  v  l  <  L  v  v  r  v  l  <  r  v  v  v  v  v  l  >  r  >  r  v  v  v  l  v  v  
v  l  <  L  v  v  v  v  l  <  v  v  r  v  v  v  l  v  R  ^  >  >  r  v  l  v  v  v  
v  <  L  v  v  v  v  v  l  v  v  v  >  r  v  l  <  r  v  R  R  R  ^  r  v  v  v  v  
v  <  v  v  v  v  v  l  v  r  v  v  r  v  l  <  v  v  l  <  r  v  R  >  r  v  v  v  
L  <  r  v  v  v  l  <  v  v  r  v  v  l  <  v  v  l  <  L  v  r  v  R  >  >  >  r  
^  L  v  r  v  l  v  v  l  l  >  r  v  l  v  v  l  <  L  >  r  r  v  r  R  ^  ^  L  
v  r  v  v  l  <  v  l  v  v  >  >  r  <  l  v  <  L  r  r  >  >  r  >  r  v  r  v  
v  >  v  l  ^  >  v  <  v  l  <  R  ^  r  v  l  <  >  >  >  >  >  >  >  >  r  v  R  
v  R  v  v  <  >  r  v  r  <  L  ^  R  ^  v  <  L  R  R  R  R  R  R  R  R  >  l  >  
Correct actions (%) : 10.09
Avg angular diffs   : 90.00
