arguments: 32 5 1 0.80015 -0.0995498 -0.000250125 -0.10005
loading features...

Initializing gridworld of size 28 by 22..
    Num states: 616
    Num actions: 8
recovered reward
-0.10, -0.10, -0.10, -0.10, -0.10, -0.10, -0.10, -0.10, -0.10, -0.10, -0.10, -0.10, -0.10, -0.10, -0.10, -0.10, -0.10, -0.10, -0.10, 0.10, 0.30, 0.10, -0.10, -0.10, -0.10, -0.10, -0.10, -0.10, 
-0.10, -0.10, -0.10, -0.10, -0.10, -0.10, -0.10, -0.10, -0.10, 0.10, 0.30, 0.10, 0.10, 0.30, 0.10, -0.10, -0.10, -0.10, -0.10, 0.30, 0.70, 0.30, -0.10, -0.10, -0.10, -0.10, -0.10, -0.10, 
-0.10, -0.10, -0.12, -0.15, -0.12, -0.10, -0.10, -0.10, -0.10, 0.30, 0.70, 0.30, 0.30, 0.70, 0.30, -0.10, -0.10, -0.10, -0.10, 0.10, 0.30, 0.10, -0.10, -0.10, -0.10, -0.10, -0.10, -0.10, 
-0.10, -0.10, -0.15, -0.20, -0.15, -0.10, -0.10, -0.10, -0.10, 0.10, 0.30, 0.10, 0.10, 0.30, 0.10, -0.12, -0.15, -0.12, -0.15, 0.08, 0.28, 0.10, -0.10, -0.10, -0.10, -0.10, -0.10, -0.10, 
-0.10, -0.10, -0.12, -0.15, -0.12, -0.10, -0.10, -0.10, -0.10, -0.10, -0.10, -0.10, -0.10, -0.10, -0.10, -0.15, -0.20, -0.15, -0.20, 0.25, 0.65, 0.30, -0.10, -0.10, -0.12, -0.15, -0.12, -0.10, 
-0.10, -0.10, 0.10, 0.28, 0.05, -0.12, -0.10, -0.10, -0.10, -0.10, -0.10, -0.10, -0.10, -0.10, -0.10, -0.12, -0.15, -0.12, -0.15, 0.08, 0.28, 0.10, -0.10, -0.10, -0.15, -0.20, -0.15, -0.10, 
-0.10, -0.10, 0.30, 0.65, 0.20, -0.15, -0.10, -0.10, -0.10, -0.10, -0.10, -0.10, 0.10, 0.30, 0.10, -0.10, -0.10, -0.10, -0.10, -0.10, -0.10, -0.10, -0.10, -0.10, -0.12, -0.15, -0.12, -0.10, 
-0.10, -0.10, 0.10, 0.28, 0.05, -0.12, -0.10, -0.10, -0.10, -0.10, -0.10, -0.10, 0.30, 0.70, 0.30, 0.10, -0.10, -0.10, -0.10, -0.10, -0.10, -0.10, -0.10, -0.10, -0.10, -0.10, -0.10, -0.10, 
-0.10, -0.10, 0.10, 0.30, 0.10, -0.10, -0.10, -0.10, -0.10, -0.10, -0.10, -0.10, 0.10, 0.30, 0.10, 0.30, 0.08, 0.25, 0.08, -0.10, -0.10, -0.10, -0.10, -0.10, 0.10, 0.30, 0.10, -0.10, 
-0.10, -0.10, -0.10, -0.10, -0.10, -0.10, -0.10, -0.10, -0.10, -0.10, -0.10, -0.10, -0.10, 0.10, 0.30, 0.08, 0.25, 0.68, 0.25, -0.12, -0.10, -0.10, -0.10, -0.10, 0.30, 0.70, 0.30, -0.10, 
-0.10, -0.10, -0.10, -0.10, -0.10, -0.10, -0.10, -0.10, -0.10, -0.10, -0.10, -0.10, -0.10, -0.10, -0.10, -0.15, 0.00, 0.25, 0.00, -0.15, -0.10, -0.10, -0.10, -0.10, 0.10, 0.30, 0.10, -0.10, 
-0.10, -0.10, -0.10, -0.10, -0.10, -0.10, -0.10, -0.10, -0.10, -0.10, -0.10, -0.10, -0.10, -0.10, -0.10, -0.12, -0.15, -0.12, -0.15, -0.12, -0.10, -0.10, -0.10, -0.10, -0.10, -0.10, -0.10, -0.10, 
-0.10, -0.10, -0.10, -0.10, -0.10, -0.10, -0.10, -0.10, -0.10, -0.10, -0.10, -0.10, -0.10, -0.12, -0.15, -0.12, -0.10, -0.15, -0.20, -0.15, -0.10, -0.10, -0.10, -0.10, -0.10, -0.10, -0.10, -0.10, 
-0.10, -0.10, -0.10, -0.10, 0.10, 0.30, 0.10, -0.10, -0.10, -0.10, -0.10, -0.10, -0.10, -0.15, -0.20, -0.15, -0.10, -0.13, -0.15, -0.12, -0.10, -0.10, -0.10, -0.10, -0.10, -0.10, -0.10, -0.10, 
-0.10, -0.10, -0.10, -0.10, 0.30, 0.70, 0.30, -0.10, -0.10, -0.10, -0.10, -0.10, -0.10, -0.12, -0.15, -0.12, -0.10, -0.10, -0.10, -0.10, -0.10, -0.10, -0.10, -0.10, -0.10, -0.10, -0.10, -0.10, 
-0.10, -0.10, -0.10, -0.10, 0.10, 0.30, 0.10, -0.10, -0.10, -0.10, -0.10, -0.10, -0.10, -0.10, -0.10, -0.10, -0.10, -0.10, -0.10, -0.10, -0.10, -0.10, -0.10, -0.10, -0.10, -0.10, -0.10, -0.10, 
-0.10, -0.10, -0.10, -0.10, -0.10, -0.10, -0.10, -0.10, -0.10, -0.10, -0.10, -0.10, -0.10, -0.10, -0.10, -0.10, -0.10, -0.10, -0.10, -0.10, -0.10, -0.10, -0.10, -0.10, -0.10, -0.10, -0.10, -0.10, 
-0.10, -0.10, -0.10, -0.10, -0.10, -0.10, -0.10, -0.10, 0.10, 0.30, 0.10, -0.10, -0.10, -0.10, -0.10, -0.10, -0.10, -0.10, -0.12, -0.15, -0.12, -0.10, -0.10, -0.10, -0.10, -0.10, -0.10, -0.10, 
-0.10, -0.10, -0.10, -0.10, -0.10, -0.10, -0.10, -0.10, 0.30, 0.70, 0.30, -0.10, -0.10, -0.10, -0.10, -0.10, -0.10, -0.10, -0.15, -0.20, -0.15, -0.10, -0.10, -0.10, -0.10, -0.10, -0.10, -0.10, 
-0.10, -0.10, -0.10, -0.10, -0.10, -0.10, -0.10, -0.10, 0.10, 0.30, 0.10, -0.10, -0.10, -0.10, -0.10, -0.10, -0.10, -0.10, -0.12, -0.15, -0.13, -0.10, -0.10, -0.10, -0.10, -0.10, -0.10, -0.10, 
-0.10, -0.10, -0.10, -0.10, -0.10, -0.10, -0.10, -0.10, -0.10, -0.10, -0.10, -0.10, -0.10, -0.10, -0.10, -0.10, -0.10, -0.10, -0.10, -0.10, -0.10, -0.10, -0.10, -0.10, -0.10, -0.10, -0.10, -0.10, 
-0.10, -0.10, -0.10, -0.10, -0.10, -0.10, -0.10, -0.10, -0.10, -0.10, -0.10, -0.10, -0.10, -0.10, -0.10, -0.10, -0.10, -0.10, -0.10, -0.10, -0.10, -0.10, -0.10, -0.10, -0.10, -0.10, -0.10, -0.10, 
-- optimal policy --
r  v  l  l  r  >  r  r  r  r  v  l  r  v  l  l  l  >  r  r  v  l  l  <  l  <  <  <  
r  v  l  <  r  r  >  r  r  r  v  l  r  v  l  l  l  r  >  >  <  <  <  l  <  <  l  L  
r  v  l  L  r  v  R  >  >  >  >  <  >  v  <  <  <  >  R  R  ^  L  L  <  <  l  <  L  
r  r  v  l  v  l  l  R  R  R  ^  L  R  ^  L  L  L  R  r  r  v  l  l  L  L  <  <  v  
r  r  r  v  l  l  l  R  R  R  ^  L  R  ^  L  L  L  R  >  >  >  <  <  <  L  L  r  v  
>  r  r  v  l  l  <  R  R  R  ^  r  r  v  l  l  l  r  R  R  ^  L  L  L  l  r  r  v  
R  >  >  <  <  <  l  R  ^  R  >  r  r  v  l  l  l  v  R  R  ^  L  L  r  v  r  v  l  
R  R  R  ^  L  L  <  l  R  R  >  >  >  >  <  <  r  v  l  l  ^  ^  r  r  r  v  l  l  
R  R  R  ^  L  L  L  <  R  >  >  R  R  ^  L  L  r  v  l  l  <  r  >  r  r  v  l  l  
R  R  R  ^  L  L  L  L  l  >  R  R  R  ^  L  >  >  >  <  <  L  r  >  >  >  <  <  <  
R  R  ^  R  ^  L  L  l  l  R  R  R  R  R  ^  R  R  ^  L  L  L  >  R  R  R  ^  L  L  
R  r  r  r  v  l  l  l  l  l  R  R  R  ^  ^  R  R  ^  L  L  L  R  R  R  R  ^  L  L  
>  r  r  r  r  v  l  l  l  <  R  R  R  ^  R  R  R  ^  L  L  L  R  R  R  R  ^  ^  L  
R  >  >  r  r  v  l  l  <  l  l  l  l  l  R  R  ^  L  l  R  ^  R  R  R  R  R  ^  ^  
>  R  R  >  >  v  <  <  l  l  l  l  l  l  l  R  ^  L  <  R  R  R  R  R  ^  L  R  ^  
R  >  >  R  R  ^  L  L  v  l  l  l  l  l  l  <  ^  ^  L  R  R  ^  R  R  ^  R  ^  ^  
R  R  R  R  R  ^  L  r  r  v  l  l  l  l  <  l  l  ^  ^  R  ^  R  R  ^  ^  R  ^  L  
R  R  R  R  ^  R  ^  r  r  v  l  l  l  <  l  l  <  l  R  ^  R  R  ^  ^  L  ^  ^  ^  
R  R  R  ^  R  R  r  >  >  ^  <  <  <  <  l  <  l  <  l  R  R  ^  L  R  ^  L  R  ^  
R  R  ^  R  R  >  >  R  R  ^  L  L  L  l  <  l  l  l  <  l  R  ^  L  L  ^  R  ^  ^  
R  R  R  R  >  >  R  R  R  ^  L  L  L  <  l  l  l  <  l  <  R  ^  ^  ^  L  ^  ^  L  
R  R  R  >  >  R  R  R  R  ^  L  L  L  L  <  <  <  <  <  <  <  ^  ^  ^  L  ^  ^  ^  
Correct actions (%) : 14.29
Avg angular diffs   : 90.58
