arguments: 32 7 2 0.00828507 -0.647051 -0.00134002 -0.343324
loading features...

Initializing gridworld of size 28 by 22..
    Num states: 616
    Num actions: 8
recovered reward
-0.34, -0.34, -0.34, -0.34, -0.34, -0.34, -0.34, -0.34, -0.34, -0.34, -0.34, -0.34, -0.34, -0.34, -0.34, -0.34, -0.34, -0.34, -0.34, -0.34, -0.34, -0.34, -0.34, -0.34, -0.34, -0.34, -0.34, -0.34, 
-0.34, -0.34, -0.34, -0.34, -0.34, -0.34, -0.34, -0.34, -0.34, -0.34, -0.34, -0.34, -0.34, -0.34, -0.34, -0.34, -0.34, -0.34, -0.34, -0.34, -0.34, -0.34, -0.34, -0.34, -0.34, -0.34, -0.34, -0.34, 
-0.34, -0.34, -0.34, -0.34, -0.34, -0.34, -0.34, -0.34, -0.34, -0.34, -0.34, -0.34, -0.34, -0.34, -0.34, -0.34, -0.34, -0.34, -0.34, -0.34, -0.34, -0.34, -0.34, -0.34, -0.34, -0.99, -0.34, -0.34, 
-0.34, -0.34, -0.34, -0.34, -0.34, -0.34, -0.34, -0.34, -0.34, -0.34, -0.34, -0.34, -0.34, -0.34, -0.34, -0.34, -0.34, -0.34, -0.34, -0.34, -0.34, -0.34, -0.34, -0.34, -0.34, -0.34, -0.34, -0.34, 
-0.34, -0.34, -0.34, -0.34, -0.34, -0.99, -0.34, -0.34, -0.34, -0.34, -0.34, -0.34, -0.34, -0.34, -0.34, -0.34, -0.34, -0.34, -0.34, -0.34, -0.34, -0.34, -0.34, -0.34, -0.34, -0.34, -0.34, -0.34, 
-0.34, -0.34, -0.34, -0.34, -0.34, -0.34, -0.34, -0.34, -0.99, -0.34, -0.34, -0.34, -0.34, -0.34, -0.34, -0.34, -0.34, -0.99, -0.34, -0.34, -0.34, -0.34, -0.34, -0.34, -0.34, -0.34, -0.34, -0.34, 
-0.34, -0.34, -0.34, -0.34, -0.34, -0.34, -0.34, -0.34, -0.34, -0.34, -0.34, -0.34, -0.35, -0.34, -0.34, -0.34, -0.34, -0.34, -0.34, -0.34, -0.99, -0.34, -0.34, -0.34, -0.34, -0.99, -0.34, -0.34, 
-0.34, -0.99, -0.34, -0.34, -0.34, -0.34, -0.34, -0.34, -0.34, -0.34, -0.34, -0.34, -0.34, -0.34, -0.34, -0.34, -0.34, -0.34, -0.34, -0.34, -0.34, -0.34, -0.35, -0.34, -0.34, -0.34, -0.34, -0.34, 
-0.34, -0.34, -0.34, -0.34, -0.34, -0.34, -0.34, -0.34, -0.34, -0.34, -0.34, -0.34, -0.34, -0.34, -0.34, -0.34, -0.34, -0.34, -0.34, -0.34, -0.34, -0.34, -0.34, -0.34, -0.34, -0.34, -0.34, -0.34, 
-0.34, -0.34, -0.34, -0.34, -0.34, -0.34, -0.34, -0.34, -0.34, -0.34, -0.34, -0.35, -0.34, -0.34, -0.34, -0.34, -0.34, -0.34, -0.34, -0.34, -0.34, -0.34, -0.34, -0.34, -0.34, -0.34, -0.34, -0.34, 
-0.34, -0.34, -0.34, -0.34, -0.34, -0.34, -0.34, -0.34, -0.34, -0.99, -0.34, -0.34, -0.34, -0.34, -0.34, -0.34, -0.34, -0.34, -0.34, -0.99, -0.34, -0.34, -0.34, -0.35, -0.34, -0.34, -0.34, -0.34, 
-0.34, -0.34, -0.34, -0.34, -0.34, -0.34, -0.34, -0.99, -0.34, -0.34, -0.34, -0.34, -0.34, -0.34, -0.34, -0.34, -0.34, -0.34, -0.34, -0.34, -0.34, -0.34, -0.34, -0.34, -0.34, -0.34, -0.34, -0.34, 
-0.34, -0.34, -0.99, -0.34, -0.34, -0.34, -0.34, -0.34, -0.34, -0.34, -0.35, -0.34, -0.34, -0.34, -0.34, -0.34, -0.34, -0.34, -0.34, -0.34, -0.34, -0.34, -0.34, -0.34, -0.34, -0.34, -0.34, -0.34, 
-0.34, -0.34, -0.34, -0.34, -0.34, -0.34, -0.34, -0.34, -0.34, -0.34, -0.34, -0.34, -0.34, -0.34, -0.34, -0.34, -0.34, -0.34, -0.34, -0.34, -0.34, -0.34, -0.34, -0.35, -0.34, -0.34, -0.34, -0.34, 
-0.34, -0.34, -0.34, -0.34, -0.34, -0.34, -0.34, -0.34, -0.34, -0.34, -0.34, -0.34, -0.34, -0.34, -0.34, -0.34, -0.34, -0.34, -0.34, -0.34, -0.34, -0.34, -0.34, -0.34, -0.34, -0.34, -0.34, -0.34, 
-0.34, -0.34, -0.34, -0.34, -0.34, -0.34, -0.34, -0.34, -0.34, -0.34, -0.34, -0.35, -0.34, -0.34, -0.34, -0.34, -0.34, -0.34, -0.34, -0.34, -0.34, -0.34, -0.34, -0.34, -0.34, -0.34, -0.34, -0.34, 
-0.34, -0.34, -0.34, -0.34, -0.34, -0.34, -0.34, -0.34, -0.34, -0.34, -0.34, -0.34, -0.34, -0.34, -0.34, -0.34, -0.34, -0.34, -0.34, -0.34, -0.34, -0.34, -0.34, -0.35, -0.34, -0.34, -0.34, -0.34, 
-0.34, -0.34, -0.34, -0.34, -0.34, -0.34, -0.34, -0.34, -0.34, -0.99, -0.34, -0.34, -0.34, -0.34, -0.34, -0.34, -0.34, -0.34, -0.34, -0.34, -0.34, -0.34, -0.34, -0.34, -0.34, -0.34, -0.34, -0.34, 
-0.34, -0.34, -0.34, -0.34, -0.34, -0.34, -0.34, -0.34, -0.34, -0.34, -0.34, -0.35, -0.34, -0.34, -0.34, -0.34, -0.34, -0.34, -0.34, -0.34, -0.34, -0.35, -0.34, -0.34, -0.34, -0.34, -0.34, -0.34, 
-0.34, -0.34, -0.34, -0.34, -0.34, -0.34, -0.34, -0.34, -0.34, -0.34, -0.34, -0.34, -0.35, -0.34, -0.34, -0.35, -0.34, -0.34, -0.35, -0.34, -0.34, -0.34, -0.34, -0.34, -0.34, -0.34, -0.34, -0.34, 
-0.34, -0.34, -0.34, -0.34, -0.34, -0.34, -0.34, -0.34, -0.34, -0.34, -0.34, -0.34, -0.34, -0.34, -0.34, -0.34, -0.34, -0.34, -0.34, -0.34, -0.34, -0.34, -0.34, -0.34, -0.34, -0.34, -0.34, -0.34, 
-0.34, -0.34, -0.34, -0.34, -0.34, -0.34, -0.34, -0.34, -0.34, -0.34, -0.34, -0.34, -0.34, -0.34, -0.34, -0.34, -0.34, -0.34, -0.34, -0.34, -0.34, -0.34, -0.34, -0.34, -0.34, -0.34, -0.34, -0.34, 
-- optimal policy --
>  r  r  r  r  r  v  r  r  v  r  r  v  r  r  r  v  v  >  r  v  l  r  v  r  r  v  l  
r  >  r  >  r  r  r  v  r  r  v  v  v  v  v  v  r  v  v  >  v  r  r  r  v  r  v  l  
r  r  >  r  r  r  r  r  v  r  r  r  v  v  v  v  v  r  v  v  v  v  r  v  r  v  l  l  
r  r  r  r  >  >  r  r  r  v  r  r  r  v  l  v  v  v  r  v  v  v  v  r  v  l  l  l  
r  r  r  r  r  r  r  >  r  r  v  r  r  r  v  l  v  l  v  r  v  v  v  l  l  <  l  l  
r  >  r  r  r  r  r  r  r  r  r  v  r  r  r  v  r  v  v  v  r  v  v  l  v  l  <  l  
>  r  r  r  r  r  r  r  >  r  r  r  r  r  r  v  v  r  v  v  v  l  l  v  l  l  l  l  
r  r  r  >  r  r  r  r  r  >  r  r  r  r  r  r  v  v  r  v  v  l  v  l  l  l  l  l  
>  r  r  r  >  r  r  >  r  r  >  r  r  r  v  r  r  v  v  v  l  v  l  l  l  l  l  l  
r  r  r  >  r  >  r  r  >  r  r  r  r  r  r  v  r  r  v  l  v  l  l  l  <  l  l  l  
v  r  >  r  >  r  >  r  r  r  r  r  r  r  r  v  >  >  r  v  l  l  l  l  l  l  l  l  
r  v  r  >  r  >  r  r  r  r  r  r  r  r  >  ^  R  R  >  L  <  <  l  l  l  l  l  l  
>  r  v  r  >  r  r  r  >  r  r  v  r  >  R  ^  L  >  R  ^  L  <  <  <  <  <  l  l  
r  >  r  >  r  >  r  r  r  >  r  r  v  R  ^  ^  L  R  R  ^  ^  L  L  <  L  L  <  <  
>  R  ^  r  >  r  r  r  >  r  >  >  R  <  ^  L  R  ^  L  L  ^  L  L  L  <  <  L  v  
R  ^  r  >  r  >  r  >  r  >  R  R  ^  L  <  R  ^  >  L  <  ^  ^  L  L  <  L  v  l  
^  r  >  r  >  r  >  r  >  R  R  R  ^  L  L  R  <  R  ^  L  <  ^  L  ^  L  v  l  l  
r  >  r  >  r  >  r  >  R  R  R  ^  L  ^  R  ^  L  ^  L  ^  L  L  ^  L  >  L  <  l  
r  r  >  r  >  r  >  R  >  R  ^  ^  ^  R  ^  L  ^  L  ^  L  ^  L  L  >  R  ^  L  <  
r  r  r  >  r  >  R  >  R  ^  ^  L  R  ^  ^  L  L  ^  L  ^  L  L  L  R  R  ^  ^  L  
r  >  r  r  >  R  >  R  R  ^  ^  ^  R  ^  ^  L  R  ^  L  ^  ^  ^  R  R  R  ^  ^  ^  
>  R  >  >  R  >  R  R  ^  ^  ^  R  ^  ^  ^  R  ^  L  ^  L  L  R  R  R  R  R  ^  ^  
Correct actions (%) : 15.22
Avg angular diffs   : 80.22
