arguments: 32 12 4 0.00288886 -0.883524 5.64249e-05 -0.113531
loading features...

Initializing gridworld of size 28 by 22..
    Num states: 616
    Num actions: 8
recovered reward
-0.11, -0.11, -0.11, -0.11, -0.11, -0.11, -0.11, -0.11, -0.11, -0.11, -0.11, -0.11, -0.11, -0.11, -0.11, -0.11, -0.11, -0.11, -0.11, -0.11, -0.11, -0.11, -0.11, -0.11, -0.11, -0.11, -0.11, -0.11, 
-0.11, -0.11, -0.11, -0.11, -0.11, -0.11, -0.11, -0.11, -0.11, -0.11, -0.11, -0.11, -0.11, -0.11, -0.11, -0.11, -0.11, -0.11, -0.11, -0.11, -0.11, -0.11, -0.11, -0.11, -0.11, -0.11, -0.11, -0.11, 
-0.11, -0.11, -0.11, -0.11, -0.11, -0.11, -0.11, -0.11, -0.11, -0.11, -0.11, -0.11, -0.11, -0.11, -0.11, -0.11, -0.11, -0.11, -0.11, -0.11, -0.11, -1.00, -0.11, -0.11, -0.11, -0.11, -0.11, -0.11, 
-0.11, -0.11, -0.11, -0.11, -1.00, -0.11, -1.00, -0.11, -0.11, -0.11, -0.11, -0.11, -0.11, -0.11, -0.11, -0.11, -0.11, -0.11, -0.11, -0.11, -0.11, -0.11, -0.11, -0.11, -0.11, -0.11, -0.11, -0.11, 
-0.11, -0.11, -0.11, -0.11, -0.11, -0.11, -0.11, -0.11, -0.11, -0.11, -0.11, -0.11, -0.11, -0.11, -0.11, -0.11, -0.11, -0.11, -0.11, -0.11, -0.11, -0.11, -0.11, -0.11, -0.11, -0.11, -0.11, -0.11, 
-0.11, -0.11, -0.11, -0.11, -0.11, -0.11, -0.11, -0.11, -1.00, -0.11, -0.11, -0.11, -0.11, -0.11, -0.11, -0.11, -0.11, -0.11, -0.11, -0.11, -0.11, -0.11, -0.11, -0.11, -0.11, -0.11, -0.11, -0.11, 
-0.11, -0.11, -0.11, -0.11, -0.11, -0.11, -0.11, -0.11, -0.11, -0.11, -0.11, -0.11, -0.11, -0.11, -0.11, -0.11, -0.11, -0.11, -0.11, -0.11, -0.11, -0.11, -0.11, -0.11, -0.11, -0.11, -0.11, -0.11, 
-0.11, -0.11, -0.11, -0.11, -0.11, -0.11, -0.11, -0.11, -0.11, -0.11, -0.11, -0.11, -0.11, -0.11, -0.11, -0.11, -0.11, -0.11, -0.11, -0.11, -0.11, -0.11, -0.11, -0.11, -0.11, -0.11, -0.11, -0.11, 
-0.11, -0.11, -0.11, -0.11, -0.11, -0.11, -0.11, -0.11, -0.11, -0.11, -0.11, -0.11, -0.11, -0.11, -0.11, -0.11, -0.11, -0.11, -0.11, -0.11, -0.11, -0.11, -0.11, -0.11, -0.11, -0.11, -0.11, -0.11, 
-0.11, -0.11, -0.11, -0.11, -0.11, -0.11, -0.11, -0.11, -0.11, -0.11, -0.11, -0.11, -0.11, -0.11, -0.11, -0.11, -0.11, -0.11, -0.11, -0.11, -0.11, -0.11, -0.11, -0.11, -0.11, -0.11, -0.11, -0.11, 
-0.11, -0.11, -0.11, -0.11, -0.11, -0.11, -0.11, -0.11, -0.11, -0.11, -0.11, -0.11, -0.11, -0.11, -0.11, -0.11, -0.11, -0.11, -1.00, -0.11, -0.11, -0.11, -0.11, -0.11, -0.11, -0.11, -0.11, -0.11, 
-0.11, -0.11, -0.11, -0.11, -0.11, -0.11, -0.11, -0.11, -0.11, -0.11, -0.11, -0.11, -0.11, -0.11, -0.11, -0.11, -1.00, -0.11, -0.11, -0.11, -0.11, -0.11, -0.11, -0.11, -0.11, -0.11, -0.11, -0.11, 
-0.11, -0.11, -0.11, -0.11, -0.11, -0.11, -0.11, -0.11, -0.11, -0.11, -0.11, -1.00, -0.11, -0.11, -0.11, -0.11, -0.11, -0.11, -0.11, -0.11, -1.00, -0.11, -0.11, -0.11, -0.11, -0.11, -0.11, -0.11, 
-0.11, -0.11, -0.11, -0.11, -0.11, -0.11, -0.11, -0.11, -0.11, -0.11, -0.11, -0.11, -0.11, -0.11, -0.11, -0.11, -0.11, -0.11, -0.11, -0.11, -0.11, -0.11, -0.11, -0.11, -0.11, -0.11, -0.11, -0.11, 
-0.11, -0.11, -0.11, -0.11, -0.11, -0.11, -0.11, -0.11, -0.11, -0.11, -0.11, -0.11, -0.11, -0.11, -0.11, -0.11, -0.11, -0.11, -0.11, -0.11, -0.11, -0.11, -0.11, -0.11, -0.11, -0.11, -0.11, -0.11, 
-0.11, -0.11, -0.11, -0.11, -0.11, -0.11, -0.11, -0.11, -0.11, -0.11, -0.11, -0.11, -0.11, -0.11, -0.11, -0.11, -0.11, -0.11, -0.11, -0.11, -0.11, -0.11, -0.11, -0.11, -0.11, -0.11, -0.11, -0.11, 
-0.11, -0.11, -0.11, -0.11, -0.11, -0.11, -0.11, -0.11, -0.11, -0.11, -0.11, -0.11, -0.11, -1.00, -0.11, -0.11, -0.11, -0.11, -0.11, -0.11, -0.11, -0.11, -0.11, -0.11, -0.11, -0.11, -0.11, -0.11, 
-0.11, -0.11, -0.11, -0.11, -0.11, -0.11, -0.11, -0.11, -0.11, -0.11, -0.11, -0.11, -0.11, -1.00, -0.11, -0.11, -0.11, -0.11, -0.11, -0.11, -0.11, -0.11, -0.11, -0.11, -0.11, -0.11, -0.11, -0.11, 
-0.11, -0.11, -0.11, -1.00, -0.11, -0.11, -0.11, -0.11, -0.11, -0.11, -0.11, -0.11, -0.11, -0.11, -0.11, -0.11, -0.11, -0.11, -0.11, -0.11, -0.11, -0.11, -1.00, -0.11, -0.11, -0.11, -0.11, -0.11, 
-0.11, -0.11, -0.11, -0.11, -0.11, -0.11, -0.11, -0.11, -0.11, -0.11, -0.11, -0.11, -0.11, -0.11, -0.11, -0.11, -0.11, -0.11, -0.11, -0.11, -0.11, -0.11, -0.11, -0.11, -0.11, -0.11, -0.11, -0.11, 
-0.11, -0.11, -0.11, -0.11, -0.11, -0.11, -0.11, -0.11, -0.11, -0.11, -0.11, -0.11, -0.11, -0.11, -0.11, -0.11, -0.11, -0.11, -0.11, -0.11, -0.11, -0.11, -0.11, -0.11, -0.11, -0.11, -0.11, -0.11, 
-0.11, -0.11, -0.11, -0.11, -0.11, -0.11, -0.11, -0.11, -0.11, -0.11, -0.11, -0.11, -0.11, -0.11, -0.11, -0.11, -0.11, -0.11, -0.11, -0.11, -0.11, -0.11, -0.11, -0.11, -0.11, -0.11, -0.11, -0.11, 
-- optimal policy --
v  l  r  v  >  r  v  l  v  v  v  v  >  r  v  v  l  l  v  v  l  v  l  <  v  l  l  l  
v  v  l  r  r  >  r  v  r  v  v  l  v  >  r  v  l  r  v  r  v  l  <  v  l  l  l  l  
v  l  v  v  r  v  >  r  v  r  r  v  l  v  >  v  <  >  r  v  l  l  v  l  l  l  l  v  
v  r  v  v  r  r  v  >  r  v  v  l  v  v  l  r  v  l  >  v  <  v  l  l  l  r  v  l  
r  v  r  v  v  r  r  v  >  r  r  v  v  l  l  >  v  <  r  v  v  v  l  l  v  r  v  v  
r  r  v  r  v  v  r  r  v  >  r  v  l  l  l  v  v  v  >  r  v  l  l  v  r  v  r  v  
r  r  r  v  r  v  v  r  v  l  >  v  <  l  v  v  v  l  v  >  l  <  v  l  r  r  v  l  
>  r  >  r  v  r  v  v  l  l  r  v  l  v  r  v  l  r  v  l  l  v  l  r  v  l  l  l  
r  r  r  >  r  v  r  v  l  r  v  l  l  r  v  l  r  v  l  l  v  l  r  v  l  l  l  l  
r  r  r  r  >  r  v  l  v  v  v  l  v  r  v  v  l  l  l  r  v  v  r  v  l  v  l  l  
r  r  r  r  r  >  r  <  r  v  r  v  v  v  l  l  l  v  l  v  v  v  v  l  v  l  l  <  
>  r  >  r  >  R  ^  r  v  r  v  r  v  l  v  l  l  l  v  v  r  r  v  v  l  l  l  L  
r  >  r  >  R  ^  R  >  r  v  r  r  r  v  l  l  l  r  v  v  r  v  l  l  l  l  l  l  
>  r  >  R  ^  >  >  r  >  r  v  r  r  v  l  l  l  r  r  r  v  l  l  l  l  l  l  <  
r  >  R  ^  >  R  r  >  r  >  r  v  r  v  l  l  l  >  r  r  v  l  l  <  <  <  <  L  
>  R  ^  >  R  r  r  r  r  r  >  r  v  l  <  <  r  v  >  >  <  <  l  l  l  l  l  l  
R  ^  >  R  r  r  r  r  r  >  r  >  R  <  L  <  >  >  R  R  ^  L  <  <  l  l  l  <  
^  >  R  r  r  r  r  r  >  r  >  R  ^  L  l  L  R  ^  L  ^  R  ^  L  L  <  l  l  L  
>  R  r  >  r  r  >  r  r  >  R  ^  >  L  <  l  L  ^  L  L  ^  ^  L  L  L  <  <  <  
R  >  >  r  >  >  r  >  >  R  R  >  R  ^  L  <  l  L  ^  L  L  ^  L  ^  L  L  L  <  
>  R  r  >  R  r  >  R  R  R  R  R  R  R  ^  L  <  <  L  R  ^  L  ^  L  ^  L  L  L  
R  >  >  R  R  >  R  R  R  R  R  R  R  ^  ^  ^  L  <  <  L  ^  ^  L  ^  L  ^  L  L  
Correct actions (%) : 7.32
Avg angular diffs   : 92.56
