arguments: 32 6 1 0.0031348 -0.838558 -0.0015674 -0.15674
loading features...

Initializing gridworld of size 28 by 22..
    Num states: 616
    Num actions: 8
recovered reward
-0.16, -0.16, -0.16, -0.16, -0.16, -0.16, -0.16, -0.16, -0.16, -0.16, -0.16, -0.16, -0.16, -0.16, -0.16, -0.16, -0.16, -0.16, -0.16, -0.16, -0.16, -0.16, -0.16, -0.16, -0.16, -0.16, -0.16, -0.16, 
-0.16, -0.16, -0.16, -0.16, -0.16, -0.16, -0.16, -0.16, -0.16, -0.16, -0.16, -0.16, -0.16, -0.16, -0.16, -0.16, -0.16, -0.15, -0.16, -0.16, -0.16, -0.16, -0.16, -0.16, -0.16, -0.16, -0.16, -0.16, 
-0.16, -0.16, -0.16, -0.16, -0.16, -0.16, -0.16, -0.16, -0.16, -0.16, -0.16, -0.16, -0.16, -0.16, -0.16, -0.16, -0.16, -0.16, -0.15, -0.16, -1.00, -0.16, -0.16, -0.16, -0.16, -0.16, -0.16, -0.16, 
-0.16, -0.16, -0.16, -0.16, -0.16, -0.16, -0.16, -0.16, -0.16, -0.16, -0.16, -0.16, -0.16, -0.16, -0.16, -1.00, -0.16, -0.16, -0.16, -1.00, -0.16, -0.16, -0.16, -0.16, -0.16, -0.16, -0.16, -0.16, 
-0.16, -0.16, -0.16, -0.16, -0.16, -0.16, -0.16, -0.16, -0.16, -0.16, -0.16, -0.16, -0.16, -0.16, -0.16, -0.16, -0.16, -0.16, -0.16, -0.16, -0.16, -0.16, -0.16, -0.16, -0.16, -0.16, -0.16, -0.16, 
-0.16, -0.16, -0.16, -0.16, -0.16, -0.16, -0.16, -0.16, -0.16, -0.16, -0.16, -0.16, -0.16, -0.16, -0.16, -0.16, -0.16, -0.16, -0.15, -0.16, -0.16, -0.16, -0.16, -1.00, -0.16, -0.16, -0.16, -0.16, 
-0.16, -0.16, -0.16, -0.16, -0.16, -0.16, -0.16, -0.16, -0.16, -0.16, -0.16, -0.16, -0.16, -0.16, -0.16, -0.16, -0.16, -0.16, -0.16, -0.16, -0.16, -0.15, -0.16, -0.16, -0.16, -0.16, -0.16, -0.16, 
-0.16, -0.16, -0.16, -0.16, -0.16, -0.16, -0.16, -0.16, -0.16, -0.16, -0.16, -0.16, -0.16, -0.16, -0.16, -0.16, -0.16, -0.16, -0.16, -0.16, -0.16, -0.16, -0.16, -0.16, -0.16, -0.16, -0.16, -0.16, 
-0.16, -0.16, -0.16, -0.16, -0.16, -0.16, -0.16, -0.16, -0.16, -0.16, -0.16, -0.16, -0.16, -0.16, -1.00, -0.16, -0.16, -0.16, -0.16, -0.16, -0.16, -0.16, -0.16, -0.16, -0.16, -0.16, -0.16, -0.16, 
-0.16, -0.16, -0.16, -0.16, -0.16, -0.16, -0.16, -0.16, -0.16, -0.16, -0.16, -0.16, -0.16, -0.16, -0.16, -0.16, -0.16, -0.16, -0.16, -0.16, -0.16, -0.16, -0.16, -0.16, -0.16, -0.16, -0.16, -0.16, 
-0.16, -0.16, -0.16, -0.16, -0.16, -0.16, -0.16, -0.16, -0.16, -0.16, -0.16, -0.16, -0.16, -0.16, -0.16, -0.16, -0.16, -0.16, -0.16, -0.16, -0.16, -0.16, -0.16, -0.16, -0.16, -0.16, -0.16, -0.16, 
-0.16, -0.16, -0.16, -0.16, -0.16, -0.16, -1.00, -0.16, -0.16, -0.16, -0.16, -0.16, -0.16, -0.16, -0.16, -0.16, -0.16, -0.16, -0.16, -0.16, -0.16, -0.16, -0.16, -0.16, -0.16, -0.16, -0.16, -0.16, 
-0.16, -0.16, -0.16, -0.15, -0.16, -0.16, -0.16, -0.16, -0.16, -0.16, -0.16, -0.15, -0.16, -0.16, -0.16, -0.16, -0.15, -0.16, -0.16, -0.16, -0.16, -0.16, -0.16, -0.16, -0.16, -0.15, -0.16, -0.16, 
-0.16, -0.16, -0.16, -0.16, -0.16, -0.16, -0.16, -0.16, -0.16, -0.16, -0.16, -0.16, -0.16, -0.16, -0.15, -0.16, -0.16, -0.16, -0.16, -0.16, -0.16, -0.16, -0.16, -0.16, -0.16, -0.16, -0.16, -0.16, 
-0.16, -0.16, -0.16, -0.16, -0.16, -0.16, -0.16, -0.16, -0.16, -0.16, -0.16, -0.16, -0.16, -0.16, -0.16, -0.16, -0.16, -0.16, -0.16, -0.16, -0.16, -0.16, -0.16, -0.16, -0.16, -0.16, -0.16, -0.16, 
-0.16, -0.16, -0.16, -0.16, -0.15, -0.16, -0.16, -0.16, -0.16, -0.16, -0.16, -0.16, -0.16, -0.16, -0.16, -0.16, -0.16, -0.15, -0.16, -0.16, -0.16, -1.00, -0.16, -0.16, -0.16, -0.16, -0.16, -0.16, 
-0.16, -0.16, -0.16, -0.16, -0.16, -0.16, -0.16, -0.16, -0.16, -0.16, -0.16, -0.16, -0.16, -0.16, -1.00, -0.16, -0.16, -1.00, -0.16, -0.16, -0.16, -0.16, -0.16, -1.00, -0.16, -0.16, -0.16, -0.16, 
-0.16, -0.16, -0.16, -0.16, -0.16, -0.16, -0.16, -0.16, -0.16, -0.16, -0.16, -1.00, -0.16, -0.16, -0.16, -0.16, -0.16, -0.16, -0.16, -0.16, -0.16, -0.16, -0.16, -0.16, -0.16, -0.16, -0.16, -0.16, 
-0.16, -0.16, -0.16, -0.16, -0.16, -0.16, -0.16, -0.16, -0.16, -0.16, -0.16, -0.16, -0.16, -0.16, -0.16, -0.16, -0.16, -0.16, -0.16, -0.16, -0.16, -0.16, -0.16, -0.16, -0.16, -0.16, -0.16, -0.16, 
-0.16, -0.16, -0.16, -0.16, -0.16, -0.16, -0.16, -0.16, -0.16, -0.16, -0.16, -0.16, -0.16, -0.16, -0.16, -0.16, -0.16, -0.16, -0.16, -0.16, -0.16, -0.16, -0.16, -0.16, -0.16, -0.16, -0.16, -0.16, 
-0.16, -0.16, -0.16, -0.16, -0.16, -0.16, -0.16, -0.16, -0.16, -0.16, -0.16, -0.16, -0.16, -0.16, -0.16, -0.16, -0.16, -0.16, -0.16, -0.16, -0.16, -0.16, -0.16, -0.16, -0.16, -0.16, -0.16, -0.16, 
-0.16, -0.16, -0.16, -0.16, -0.16, -0.16, -0.16, -0.16, -0.16, -0.16, -0.16, -0.16, -0.16, -0.16, -0.16, -0.16, -0.16, -0.16, -0.16, -0.16, -0.16, -0.16, -0.16, -0.16, -0.16, -0.16, -0.16, -0.16, 
-- optimal policy --
r  r  >  r  r  r  r  r  r  r  >  r  r  r  r  >  r  v  l  v  l  l  l  l  l  l  l  l  
>  r  r  r  r  r  r  r  r  >  r  >  r  r  r  r  >  r  v  l  l  <  l  l  l  l  l  l  
r  r  r  r  r  r  r  r  >  r  >  r  >  r  >  >  R  >  L  <  <  l  l  l  l  l  l  l  
r  r  r  r  r  r  r  >  r  r  r  >  r  >  R  R  >  R  ^  L  L  <  <  l  l  l  l  l  
r  r  r  r  r  r  r  r  r  r  r  r  >  R  r  >  R  R  ^  L  ^  L  <  l  <  <  <  <  
r  r  r  r  r  r  r  r  r  r  r  >  R  r  >  R  R  >  ^  <  L  v  l  l  l  l  l  l  
r  >  r  r  >  r  r  r  r  r  >  R  r  >  R  R  >  R  ^  L  >  L  <  l  l  l  <  l  
>  r  >  >  r  r  r  r  r  >  R  r  >  R  R  >  R  R  R  ^  R  ^  L  <  <  l  l  l  
r  >  r  r  r  r  r  r  >  R  r  >  R  R  >  R  R  ^  R  R  R  ^  ^  L  <  <  <  <  
r  r  r  r  >  r  r  >  R  r  >  R  ^  >  R  R  ^  L  R  ^  L  R  ^  ^  L  <  l  L  
r  r  r  >  r  >  >  R  r  >  R  ^  >  R  ^  R  R  ^  R  R  ^  R  R  ^  L  L  <  <  
r  r  r  v  >  R  R  r  >  R  r  v  R  R  R  R  ^  R  R  R  ^  L  ^  R  ^  L  L  <  
r  r  >  >  R  >  r  >  R  r  >  R  <  ^  R  >  R  <  R  ^  ^  L  L  L  >  ^  <  L  
r  >  R  ^  L  r  >  R  r  >  R  ^  L  >  >  R  ^  L  <  ^  ^  L  L  >  R  ^  L  <  
>  R  >  r  v  >  R  r  >  R  ^  L  ^  R  ^  L  ^  L  L  <  R  ^  >  R  R  ^  ^  L  
R  r  r  >  >  R  r  >  R  ^  L  ^  R  ^  L  L  >  ^  <  L  <  >  R  ^  R  R  ^  ^  
r  r  >  R  ^  L  >  R  ^  ^  L  R  ^  L  R  >  R  ^  L  L  L  R  R  R  R  ^  R  ^  
r  >  R  ^  L  >  R  ^  R  ^  R  ^  L  ^  >  R  ^  L  ^  L  L  L  ^  R  ^  R  ^  ^  
>  R  ^  ^  >  R  ^  R  ^  R  ^  L  R  >  R  R  ^  ^  L  L  L  L  R  ^  R  ^  L  L  
R  R  ^  >  R  ^  R  ^  ^  R  R  ^  >  R  ^  R  ^  ^  L  ^  L  L  L  R  ^  L  ^  L  
R  ^  >  R  ^  R  R  R  R  R  ^  >  R  R  R  ^  ^  ^  ^  L  ^  L  L  L  L  ^  ^  L  
^  >  R  R  R  R  ^  R  R  ^  >  R  ^  R  R  ^  L  ^  ^  ^  L  ^  L  L  L  R  ^  L  
Correct actions (%) : 11.54
Avg angular diffs   : 80.19
