arguments: 32 6 2 0.00724638 -0.626812 -0.00362319 -0.362319

Initializing gridworld of size 28 by 22..
    Num states: 616
    Num actions: 8
recovered reward
-0.36, -0.36, -0.36, -0.36, -0.36, -0.36, -0.36, -0.36, -0.36, -0.36, -0.36, -0.36, -0.36, -0.36, -0.36, -0.36, -0.36, -0.36, -0.36, -0.36, -0.36, -0.36, -0.36, -0.36, -0.36, -0.36, -0.36, -0.36, 
-0.36, -0.36, -0.36, -0.36, -0.36, -0.36, -0.36, -0.36, -0.36, -0.36, -0.36, -0.36, -0.36, -0.36, -0.36, -0.36, -0.36, -0.36, -0.36, -0.36, -0.36, -0.36, -0.36, -0.36, -0.36, -0.36, -0.36, -0.36, 
-0.36, -0.36, -0.36, -0.36, -0.36, -0.36, -0.36, -0.36, -0.36, -0.36, -0.36, -0.36, -0.36, -0.36, -0.36, -0.36, -0.36, -0.36, -0.36, -0.36, -0.36, -0.36, -0.36, -0.36, -0.36, -0.36, -0.36, -0.36, 
-0.36, -0.36, -0.36, -0.36, -0.36, -0.36, -0.36, -0.36, -0.36, -0.36, -0.36, -0.36, -0.36, -0.36, -0.36, -0.36, -0.36, -0.36, -0.36, -0.36, -0.36, -0.36, -0.36, -0.36, -0.36, -0.36, -0.36, -0.36, 
-0.36, -0.36, -0.36, -0.36, -0.36, -0.36, -0.36, -0.36, -0.36, -0.36, -0.36, -0.36, -0.36, -0.36, -0.36, -0.36, -0.36, -0.36, -0.36, -0.36, -0.36, -0.36, -0.36, -0.36, -0.36, -0.36, -0.36, -0.36, 
-0.36, -0.36, -0.36, -0.36, -0.36, -0.36, -0.36, -0.36, -0.36, -0.36, -0.36, -0.36, -0.36, -0.36, -0.36, -0.36, -0.36, -0.36, -0.36, -0.36, -0.36, -0.36, -0.36, -0.36, -0.36, -0.36, -0.36, -0.36, 
-0.36, -0.36, -0.36, -0.36, -0.36, -0.36, -0.36, -0.36, -0.36, -0.36, -0.36, -0.36, -0.36, -0.36, -0.36, -0.36, -0.36, -0.36, -0.36, -0.36, -0.36, -0.36, -0.36, -0.36, -0.36, -0.36, -0.36, -0.36, 
-0.36, -0.36, -0.36, -0.36, -0.36, -0.36, -0.36, -0.36, -0.36, -0.36, -0.36, -0.36, -0.36, -0.36, -0.36, -0.36, -0.36, -0.36, -0.36, -0.36, -0.36, -0.36, -0.36, -0.36, -0.36, -0.36, -0.36, -0.36, 
-0.36, -0.36, -0.36, -0.36, -0.36, -0.36, -0.36, -0.36, -0.36, -0.36, -0.36, -0.36, -0.36, -0.36, -0.36, -0.36, -0.36, -0.36, -0.36, -0.36, -0.36, -0.36, -0.36, -0.36, -0.36, -0.36, -0.36, -0.36, 
-0.36, -0.36, -0.36, -0.36, -0.36, -0.36, -0.36, -0.36, -0.36, -0.36, -0.36, -0.36, -0.36, -0.36, -0.36, -0.36, -0.36, -0.36, -0.36, -0.36, -0.36, -0.36, -0.36, -0.36, -0.36, -0.36, -0.36, -0.36, 
-0.36, -0.36, -0.36, -0.36, -0.36, -0.36, -0.36, -0.36, -0.36, -0.36, -0.36, -0.36, -0.36, -0.36, -0.36, -0.36, -0.36, -0.36, -0.36, -0.36, -0.36, -0.36, -0.36, -0.36, -0.36, -0.36, -0.36, -0.36, 
-0.36, -0.36, -0.36, -0.36, -0.36, -0.36, -0.36, -0.36, -0.36, -0.36, -0.36, -0.36, -0.36, -0.36, -0.36, -0.36, -0.36, -0.36, -0.36, -0.36, -0.36, -0.36, -0.36, -0.36, -0.36, -0.36, -0.36, -0.36, 
-0.36, -0.36, -0.36, -0.36, -0.36, -0.36, -0.36, -0.36, -0.36, -0.36, -0.36, -0.36, -0.36, -0.36, -0.36, -0.36, -0.36, -0.36, -0.36, -0.36, -0.36, -0.36, -0.36, -0.36, -0.36, -0.36, -0.36, -0.36, 
-0.36, -0.36, -0.36, -0.36, -0.36, -0.36, -0.36, -0.36, -0.36, -0.36, -0.36, -0.36, -0.36, -0.36, -0.36, -0.36, -0.36, -0.36, -0.36, -0.36, -0.36, -0.36, -0.36, -0.36, -0.36, -0.36, -0.36, -0.36, 
-0.36, -0.36, -0.36, -0.36, -0.36, -0.36, -0.36, -0.36, -0.36, -0.36, -0.36, -0.36, -0.36, -0.36, -0.36, -0.36, -0.36, -0.36, -0.36, -0.36, -0.36, -0.36, -0.36, -0.36, -0.36, -0.36, -0.36, -0.36, 
-0.36, -0.36, -0.36, -0.36, -0.36, -0.36, -0.36, -0.36, -0.36, -0.36, -0.36, -0.36, -0.36, -0.36, -0.36, -0.36, -0.36, -0.36, -0.36, -0.36, -0.36, -0.36, -0.36, -0.36, -0.36, -0.36, -0.36, -0.36, 
-0.36, -0.36, -0.36, -0.36, -0.36, -0.36, -0.36, -0.36, -0.36, -0.36, -0.36, -0.36, -0.36, -0.36, -0.36, -0.36, -0.36, -0.36, -0.36, -0.36, -0.36, -0.36, -0.36, -0.36, -0.36, -0.36, -0.36, -0.36, 
-0.36, -0.36, -0.36, -0.36, -0.36, -0.36, -0.36, -0.36, -0.36, -0.36, -0.36, -0.36, -0.36, -0.36, -0.36, -0.36, -0.36, -0.36, -0.36, -0.36, -0.36, -0.36, -0.36, -0.36, -0.36, -0.36, -0.36, -0.36, 
-0.36, -0.36, -0.36, -0.36, -0.36, -0.36, -0.36, -0.36, -0.36, -0.36, -0.36, -0.36, -0.36, -0.36, -0.36, -0.36, -0.36, -0.36, -0.36, -0.36, -0.36, -0.36, -0.36, -0.36, -0.36, -0.36, -0.36, -0.36, 
-0.36, -0.36, -0.36, -0.36, -0.36, -0.36, -0.36, -0.36, -0.36, -0.36, -0.36, -0.36, -0.36, -0.36, -0.36, -0.36, -0.36, -0.36, -0.36, -0.36, -0.36, -0.36, -0.36, -0.36, -0.36, -0.36, -0.36, -0.36, 
-0.36, -0.36, -0.36, -0.36, -0.36, -0.36, -0.36, -0.36, -0.36, -0.36, -0.36, -0.36, -0.36, -0.36, -0.36, -0.36, -0.36, -0.36, -0.36, -0.36, -0.36, -0.36, -0.36, -0.36, -0.36, -0.36, -0.36, -0.36, 
-0.36, -0.36, -0.36, -0.36, -0.36, -0.36, -0.36, -0.36, -0.36, -0.36, -0.36, -0.36, -0.36, -0.36, -0.36, -0.36, -0.36, -0.36, -0.36, -0.36, -0.36, -0.36, -0.36, -0.36, -0.36, -0.36, -0.36, -0.36, 
-- optimal policy --
<  L  R  <  >  R  L  ^  <  ^  <  >  >  R  <  ^  R  <  >  >  >  >  >  R  <  R  L  ^  
L  R  ^  L  R  ^  R  ^  L  ^  L  R  R  ^  L  ^  ^  L  R  R  R  R  R  ^  R  R  >  >  
<  <  v  v  v  v  v  l  <  v  v  v  v  >  >  r  v  r  v  r  v  r  v  v  v  R  ^  ^  
^  L  v  v  v  v  l  <  L  v  v  v  v  R  >  >  r  v  r  v  r  v  r  v  v  v  v  v  
v  <  v  v  v  l  <  L  v  v  v  v  v  v  v  >  >  r  v  r  v  r  v  r  v  v  v  v  
L  <  v  v  l  <  L  v  v  v  v  v  v  v  l  >  >  >  r  v  r  v  r  v  r  v  v  v  
^  L  v  l  <  L  v  v  v  v  l  r  v  l  v  R  >  >  >  r  >  r  v  r  v  r  v  v  
v  v  l  <  L  v  v  v  v  l  <  v  l  v  l  v  >  >  >  r  v  >  r  v  r  >  r  v  
v  l  ^  L  v  v  v  v  l  <  v  r  v  l  v  v  >  >  >  >  r  R  >  r  v  >  >  R  
v  ^  L  v  v  v  v  l  <  L  v  v  l  v  v  l  v  >  >  >  >  r  >  >  v  <  R  R  
l  <  v  v  v  v  l  <  L  v  r  v  v  v  l  v  v  v  >  >  >  >  >  >  r  v  R  ^  
^  L  v  v  v  l  <  L  v  r  v  r  v  l  v  v  v  v  v  R  R  ^  R  R  >  r  v  v  
v  r  v  v  l  <  L  v  r  v  r  v  l  v  v  v  v  v  v  v  >  >  r  R  R  r  v  l  
v  v  r  v  <  L  v  v  v  r  v  l  <  r  v  v  v  v  v  v  v  l  v  >  >  >  r  v  
>  r  v  l  <  v  v  v  v  v  r  v  v  v  r  v  v  v  v  v  l  <  r  R  R  R  ^  v  
v  v  l  ^  L  v  v  v  v  v  v  l  r  v  v  r  v  v  v  l  <  R  >  r  >  >  >  v  
>  l  <  L  v  v  v  v  l  v  v  v  v  r  v  >  r  v  l  <  v  v  v  v  >  >  >  R  
<  L  L  r  v  v  v  l  <  r  v  v  v  v  l  >  >  v  <  v  v  v  v  l  <  R  R  ^  
^  L  v  v  r  v  l  <  v  >  r  v  l  r  v  v  R  r  v  l  l  v  l  <  v  >  r  v  
r  v  l  r  r  v  l  L  v  v  r  v  l  >  r  v  l  ^  r  v  l  l  <  L  v  R  >  R  
l  l  v  l  v  l  <  v  l  r  v  l  <  v  v  l  ^  >  >  v  v  l  L  >  r  v  R  ^  
L  >  v  <  v  l  <  r  <  >  v  ^  >  r  l  <  L  >  >  >  v  <  L  >  >  r  <  >  
