arguments: 32 16 1 0.351621 0.128429 -0.021197 -0.498753
loading features...

Initializing gridworld of size 28 by 22..
    Num states: 616
    Num actions: 8
recovered reward
-0.50, -0.50, -0.47, -0.43, -0.47, -0.50, -0.55, -0.50, -0.50, -0.55, -0.50, -0.50, -0.50, -0.55, -0.50, -0.50, -0.50, -0.55, -0.50, -0.50, -0.55, -0.50, -0.56, -0.50, -0.50, -0.56, -0.50, -0.50, 
-0.50, -0.50, -0.43, -0.41, -0.43, -0.50, -0.50, -0.50, -0.50, -0.50, -0.50, -0.50, -0.50, -0.50, -0.50, -0.50, -0.47, -0.43, -0.47, -0.50, -0.50, -0.50, -0.50, -0.50, -0.50, -0.50, -0.50, -0.50, 
-0.50, -0.54, -0.47, -0.43, -0.47, -0.50, -0.50, -0.50, -0.50, -0.50, -0.50, -0.50, -0.50, -0.50, -0.50, -0.50, -0.43, -0.37, -0.43, -0.50, -0.50, -0.50, -0.50, -0.50, -0.50, -0.50, -0.50, -0.50, 
-0.54, -0.50, -0.47, -0.43, -0.47, -0.50, -0.50, -0.50, -0.50, -0.50, -0.50, -0.50, -0.50, -0.50, -0.50, -0.50, -0.47, -0.43, -0.38, -0.32, -0.41, -0.50, -0.50, -0.50, -0.50, -0.50, -0.50, -0.50, 
-0.50, -0.50, -0.50, -0.50, -0.50, -0.50, -0.50, -0.50, -0.50, -0.50, -0.50, -0.50, -0.50, -0.50, -0.50, -0.50, -0.50, -0.41, -0.32, -0.41, -0.32, -0.50, -0.50, -0.50, -0.50, -0.50, -0.50, -0.50, 
-0.50, -0.50, -0.47, -0.43, -0.47, -0.50, -0.50, -0.50, -0.50, -0.50, -0.50, -0.50, -0.41, -0.32, -0.41, -0.50, -0.50, -0.32, -0.15, -0.32, -0.41, -0.50, -0.50, -0.50, -0.50, -0.50, -0.50, -0.50, 
-0.54, -0.41, -0.26, -0.28, -0.43, -0.50, -0.50, -0.50, -0.50, -0.50, -0.50, -0.50, -0.32, -0.15, -0.32, -0.50, -0.50, -0.41, -0.32, -0.41, -0.50, -0.50, -0.50, -0.50, -0.50, -0.50, -0.50, -0.50, 
-0.50, -0.32, -0.15, -0.26, -0.47, -0.53, -0.50, -0.50, -0.50, -0.50, -0.50, -0.50, -0.41, -0.32, -0.38, -0.43, -0.47, -0.50, -0.50, -0.50, -0.50, -0.50, -0.50, -0.50, -0.50, -0.50, -0.50, -0.50, 
-0.50, -0.41, -0.32, -0.41, -0.50, -0.50, -0.50, -0.50, -0.50, -0.50, -0.50, -0.50, -0.50, -0.50, -0.43, -0.28, -0.26, -0.41, -0.47, -0.43, -0.47, -0.50, -0.50, -0.50, -0.50, -0.50, -0.50, -0.50, 
-0.50, -0.50, -0.50, -0.50, -0.50, -0.50, -0.50, -0.50, -0.50, -0.53, -0.50, -0.50, -0.50, -0.43, -0.47, -0.29, -0.12, -0.32, -0.46, -0.37, -0.43, -0.50, -0.50, -0.50, -0.50, -0.50, -0.50, -0.50, 
-0.50, -0.47, -0.43, -0.47, -0.50, -0.50, -0.50, -0.50, -0.50, -0.50, -0.50, -0.50, -0.43, -0.37, -0.43, -0.41, -0.32, -0.41, -0.29, -0.35, -0.47, -0.52, -0.50, -0.50, -0.50, -0.50, -0.50, -0.50, 
-0.50, -0.43, -0.37, -0.43, -0.50, -0.50, -0.50, -0.50, -0.50, -0.50, -0.41, -0.32, -0.38, -0.43, -0.47, -0.50, -0.50, -0.32, -0.15, -0.32, -0.50, -0.50, -0.50, -0.50, -0.52, -0.50, -0.50, -0.50, 
-0.50, -0.47, -0.43, -0.47, -0.50, -0.50, -0.50, -0.41, -0.32, -0.41, -0.32, -0.15, -0.32, -0.50, -0.50, -0.50, -0.50, -0.41, -0.32, -0.41, -0.50, -0.50, -0.41, -0.32, -0.38, -0.43, -0.47, -0.50, 
-0.50, -0.50, -0.50, -0.50, -0.50, -0.50, -0.50, -0.32, -0.15, -0.32, -0.41, -0.32, -0.41, -0.50, -0.50, -0.50, -0.50, -0.50, -0.50, -0.50, -0.50, -0.50, -0.32, -0.15, -0.26, -0.37, -0.43, -0.50, 
-0.50, -0.50, -0.50, -0.50, -0.50, -0.50, -0.50, -0.38, -0.26, -0.38, -0.47, -0.50, -0.50, -0.50, -0.50, -0.50, -0.50, -0.50, -0.50, -0.50, -0.50, -0.50, -0.41, -0.32, -0.40, -0.43, -0.47, -0.50, 
-0.50, -0.50, -0.41, -0.32, -0.41, -0.41, -0.50, -0.43, -0.37, -0.43, -0.43, -0.50, -0.50, -0.50, -0.50, -0.50, -0.50, -0.50, -0.50, -0.41, -0.32, -0.41, -0.50, -0.50, -0.50, -0.50, -0.50, -0.50, 
-0.50, -0.50, -0.32, -0.15, -0.32, -0.32, -0.50, -0.47, -0.43, -0.47, -0.47, -0.50, -0.50, -0.50, -0.50, -0.50, -0.50, -0.50, -0.50, -0.32, -0.15, -0.32, -0.50, -0.52, -0.50, -0.50, -0.50, -0.50, 
-0.50, -0.50, -0.41, -0.32, -0.41, -0.41, -0.50, -0.50, -0.50, -0.50, -0.50, -0.50, -0.50, -0.50, -0.50, -0.50, -0.50, -0.50, -0.50, -0.41, -0.32, -0.43, -0.50, -0.50, -0.50, -0.50, -0.50, -0.50, 
-0.50, -0.50, -0.50, -0.50, -0.50, -0.50, -0.50, -0.50, -0.47, -0.44, -0.47, -0.50, -0.51, -0.50, -0.50, -0.51, -0.50, -0.50, -0.51, -0.50, -0.50, -0.50, -0.50, -0.50, -0.50, -0.50, -0.50, -0.50, 
-0.50, -0.50, -0.50, -0.50, -0.50, -0.50, -0.50, -0.50, -0.43, -0.37, -0.43, -0.50, -0.50, -0.50, -0.50, -0.50, -0.50, -0.50, -0.50, -0.50, -0.50, -0.50, -0.50, -0.50, -0.50, -0.50, -0.50, -0.50, 
-0.50, -0.50, -0.50, -0.50, -0.50, -0.50, -0.50, -0.50, -0.47, -0.43, -0.47, -0.50, -0.50, -0.50, -0.50, -0.50, -0.50, -0.50, -0.50, -0.50, -0.50, -0.50, -0.50, -0.50, -0.50, -0.50, -0.50, -0.50, 
-0.50, -0.50, -0.50, -0.50, -0.50, -0.50, -0.50, -0.50, -0.50, -0.50, -0.50, -0.50, -0.50, -0.50, -0.50, -0.50, -0.50, -0.50, -0.50, -0.50, -0.50, -0.50, -0.50, -0.50, -0.50, -0.50, -0.50, -0.50, 
-- optimal policy --
r  r  r  v  l  l  l  r  r  r  v  r  r  r  r  r  r  v  l  l  l  v  l  l  l  l  l  l  
v  r  r  v  l  l  l  l  r  r  r  r  v  l  r  r  r  v  l  l  v  l  l  l  l  l  l  l  
r  r  r  v  l  l  l  l  r  r  r  v  l  v  l  r  r  r  r  v  l  l  l  l  l  l  l  l  
r  r  v  v  v  l  l  l  >  r  r  r  v  l  v  l  r  r  v  l  l  l  l  l  l  l  l  l  
r  r  r  v  l  l  l  l  r  r  r  r  r  v  l  l  r  r  v  l  l  <  <  <  <  l  l  l  
r  r  v  l  l  l  l  l  >  r  r  r  r  v  l  l  >  >  v  <  <  L  L  L  l  l  l  l  
r  r  v  l  l  <  <  <  r  >  r  >  >  r  <  l  l  l  l  L  L  L  L  l  l  l  v  l  
>  >  >  <  <  L  L  <  r  r  >  R  R  ^  r  r  v  l  l  l  l  l  l  l  l  v  l  l  
R  R  ^  L  L  L  <  L  r  >  R  R  R  R  >  r  v  l  l  l  l  l  l  l  v  l  l  l  
R  R  ^  L  L  L  L  v  r  r  R  R  r  R  R  >  ^  <  <  l  l  <  <  v  l  l  l  l  
R  R  ^  ^  L  r  r  r  v  r  r  v  >  >  R  R  ^  L  L  l  l  L  v  l  l  l  l  l  
R  R  ^  L  r  r  r  r  v  l  r  v  l  R  R  R  ^  L  L  <  <  r  r  v  l  l  l  l  
R  R  ^  L  r  r  r  r  v  l  l  <  <  R  R  ^  R  R  ^  L  L  r  r  v  l  l  l  l  
r  r  r  r  r  r  >  >  v  <  <  ^  L  L  ^  R  R  R  ^  L  L  >  >  >  <  <  <  <  
r  r  r  v  r  >  R  R  ^  L  L  ^  L  L  R  R  R  ^  ^  ^  L  R  R  ^  L  L  L  L  
>  r  r  v  r  R  R  R  ^  L  L  L  ^  L  R  R  ^  ^  r  r  v  R  R  ^  L  L  L  L  
r  >  >  >  >  R  R  R  ^  L  L  L  L  L  R  R  ^  r  >  >  R  <  L  R  ^  L  L  L  
>  R  R  ^  R  ^  R  R  ^  L  L  L  L  L  R  ^  r  >  R  R  ^  L  L  L  R  ^  L  L  
R  R  R  ^  L  ^  R  ^  L  ^  L  L  L  L  L  r  >  R  R  R  ^  L  L  L  L  ^  L  L  
R  R  R  ^  ^  L  R  R  R  ^  L  L  L  L  L  >  R  R  R  ^  R  ^  L  L  L  L  ^  L  
R  ^  R  ^  ^  L  L  R  R  ^  L  L  L  L  L  R  R  R  ^  R  R  ^  ^  L  L  L  L  ^  
R  R  ^  R  ^  ^  R  R  R  ^  L  L  L  L  R  R  R  ^  R  R  ^  R  ^  ^  L  L  L  L  
Correct actions (%) : 9.59
Avg angular diffs   : 85.07
