arguments: 32 6 2 0.417929 -0.00126263 -0.0757576 -0.50505

Initializing gridworld of size 28 by 22..
    Num states: 616
    Num actions: 8
recovered reward
-0.51, -0.51, -0.51, -0.51, -0.51, -0.51, -0.51, -0.51, -0.51, -0.51, -0.51, -0.51, -0.51, -0.51, -0.51, -0.51, -0.51, -0.51, -0.51, -0.51, -0.51, -0.51, -0.51, -0.51, -0.51, -0.51, -0.51, -0.51, 
-0.51, -0.51, -0.51, -0.51, -0.51, -0.51, -0.51, -0.51, -0.51, -0.51, -0.51, -0.51, -0.51, -0.51, -0.51, -0.51, -0.51, -0.51, -0.51, -0.51, -0.51, -0.51, -0.51, -0.51, -0.51, -0.51, -0.51, -0.51, 
-0.51, -0.51, -0.51, -0.51, -0.51, -0.51, -0.51, -0.51, -0.51, -0.51, -0.51, -0.51, -0.51, -0.51, -0.51, -0.51, -0.51, -0.51, -0.51, -0.51, -0.51, -0.51, -0.51, -0.51, -0.51, -0.51, -0.51, -0.51, 
-0.51, -0.51, -0.51, -0.51, -0.51, -0.51, -0.51, -0.51, -0.51, -0.51, -0.51, -0.51, -0.51, -0.51, -0.51, -0.51, -0.51, -0.51, -0.51, -0.51, -0.51, -0.51, -0.51, -0.51, -0.51, -0.51, -0.51, -0.51, 
-0.51, -0.51, -0.51, -0.51, -0.51, -0.51, -0.51, -0.51, -0.51, -0.51, -0.51, -0.51, -0.51, -0.51, -0.51, -0.51, -0.51, -0.51, -0.51, -0.51, -0.51, -0.51, -0.51, -0.51, -0.51, -0.51, -0.51, -0.51, 
-0.51, -0.51, -0.51, -0.51, -0.51, -0.51, -0.51, -0.51, -0.51, -0.51, -0.51, -0.51, -0.51, -0.51, -0.51, -0.51, -0.51, -0.51, -0.51, -0.51, -0.51, -0.51, -0.51, -0.51, -0.51, -0.51, -0.51, -0.51, 
-0.51, -0.51, -0.51, -0.51, -0.51, -0.51, -0.51, -0.51, -0.51, -0.51, -0.51, -0.51, -0.51, -0.51, -0.51, -0.51, -0.51, -0.51, -0.51, -0.51, -0.51, -0.51, -0.51, -0.51, -0.51, -0.51, -0.51, -0.51, 
-0.51, -0.51, -0.51, -0.51, -0.51, -0.51, -0.51, -0.51, -0.51, -0.51, -0.51, -0.51, -0.51, -0.51, -0.51, -0.51, -0.51, -0.51, -0.51, -0.51, -0.51, -0.51, -0.51, -0.51, -0.51, -0.51, -0.51, -0.51, 
-0.51, -0.51, -0.51, -0.51, -0.51, -0.51, -0.51, -0.51, -0.51, -0.51, -0.51, -0.51, -0.51, -0.51, -0.51, -0.51, -0.51, -0.51, -0.51, -0.51, -0.51, -0.51, -0.51, -0.51, -0.51, -0.51, -0.51, -0.51, 
-0.51, -0.51, -0.51, -0.51, -0.51, -0.51, -0.51, -0.51, -0.51, -0.51, -0.51, -0.51, -0.51, -0.51, -0.51, -0.51, -0.51, -0.51, -0.51, -0.51, -0.51, -0.51, -0.51, -0.51, -0.51, -0.51, -0.51, -0.51, 
-0.51, -0.51, -0.51, -0.51, -0.51, -0.51, -0.51, -0.51, -0.51, -0.51, -0.51, -0.51, -0.51, -0.51, -0.51, -0.51, -0.51, -0.51, -0.51, -0.51, -0.51, -0.51, -0.51, -0.51, -0.51, -0.51, -0.51, -0.51, 
-0.51, -0.51, -0.51, -0.51, -0.51, -0.51, -0.51, -0.51, -0.51, -0.51, -0.51, -0.51, -0.51, -0.51, -0.51, -0.51, -0.51, -0.51, -0.51, -0.51, -0.51, -0.51, -0.51, -0.51, -0.51, -0.51, -0.51, -0.51, 
-0.51, -0.51, -0.51, -0.51, -0.51, -0.51, -0.51, -0.51, -0.51, -0.51, -0.51, -0.51, -0.51, -0.51, -0.51, -0.51, -0.51, -0.51, -0.51, -0.51, -0.51, -0.51, -0.51, -0.51, -0.51, -0.51, -0.51, -0.51, 
-0.51, -0.51, -0.51, -0.51, -0.51, -0.51, -0.51, -0.51, -0.51, -0.51, -0.51, -0.51, -0.51, -0.51, -0.51, -0.51, -0.51, -0.51, -0.51, -0.51, -0.51, -0.51, -0.51, -0.51, -0.51, -0.51, -0.51, -0.51, 
-0.51, -0.51, -0.51, -0.51, -0.51, -0.51, -0.51, -0.51, -0.51, -0.51, -0.51, -0.51, -0.51, -0.51, -0.51, -0.51, -0.51, -0.51, -0.51, -0.51, -0.51, -0.51, -0.51, -0.51, -0.51, -0.51, -0.51, -0.51, 
-0.51, -0.51, -0.51, -0.51, -0.51, -0.51, -0.51, -0.51, -0.51, -0.51, -0.51, -0.51, -0.51, -0.51, -0.51, -0.51, -0.51, -0.51, -0.51, -0.51, -0.51, -0.51, -0.51, -0.51, -0.51, -0.51, -0.51, -0.51, 
-0.51, -0.51, -0.51, -0.51, -0.51, -0.51, -0.51, -0.51, -0.51, -0.51, -0.51, -0.51, -0.51, -0.51, -0.51, -0.51, -0.51, -0.51, -0.51, -0.51, -0.51, -0.51, -0.51, -0.51, -0.51, -0.51, -0.51, -0.51, 
-0.51, -0.51, -0.51, -0.51, -0.51, -0.51, -0.51, -0.51, -0.51, -0.51, -0.51, -0.51, -0.51, -0.51, -0.51, -0.51, -0.51, -0.51, -0.51, -0.51, -0.51, -0.51, -0.51, -0.51, -0.51, -0.51, -0.51, -0.51, 
-0.51, -0.51, -0.51, -0.51, -0.51, -0.51, -0.51, -0.51, -0.51, -0.51, -0.51, -0.51, -0.51, -0.51, -0.51, -0.51, -0.51, -0.51, -0.51, -0.51, -0.51, -0.51, -0.51, -0.51, -0.51, -0.51, -0.51, -0.51, 
-0.51, -0.51, -0.51, -0.51, -0.51, -0.51, -0.51, -0.51, -0.51, -0.51, -0.51, -0.51, -0.51, -0.51, -0.51, -0.51, -0.51, -0.51, -0.51, -0.51, -0.51, -0.51, -0.51, -0.51, -0.51, -0.51, -0.51, -0.51, 
-0.51, -0.51, -0.51, -0.51, -0.51, -0.51, -0.51, -0.51, -0.51, -0.51, -0.51, -0.51, -0.51, -0.51, -0.51, -0.51, -0.51, -0.51, -0.51, -0.51, -0.51, -0.51, -0.51, -0.51, -0.51, -0.51, -0.51, -0.51, 
-0.51, -0.51, -0.51, -0.51, -0.51, -0.51, -0.51, -0.51, -0.51, -0.51, -0.51, -0.51, -0.51, -0.51, -0.51, -0.51, -0.51, -0.51, -0.51, -0.51, -0.51, -0.51, -0.51, -0.51, -0.51, -0.51, -0.51, -0.51, 
-- optimal policy --
v  ^  ^  <  >  L  ^  L  R  <  >  L  <  L  <  >  >  ^  L  <  >  L  R  <  >  R  <  ^  
v  ^  ^  L  R  ^  ^  ^  ^  L  R  ^  L  ^  L  R  ^  ^  L  L  ^  ^  ^  L  R  ^  L  ^  
L  <  v  v  l  <  v  v  v  v  v  l  v  l  v  r  v  v  v  v  v  v  v  v  v  v  v  v  
L  <  v  l  <  L  v  v  v  v  l  v  l  v  v  v  r  v  v  v  v  v  v  v  v  v  v  v  
^  L  l  <  L  v  v  v  v  l  <  l  v  v  v  l  v  r  v  v  v  v  v  v  v  v  v  v  
v  l  <  L  v  v  v  v  l  <  v  v  v  v  l  v  r  v  r  v  v  v  v  v  v  v  v  v  
l  <  L  v  v  v  v  l  <  L  r  v  v  l  v  l  v  r  v  r  v  v  v  v  v  v  v  v  
^  L  v  v  v  v  l  <  L  r  v  l  l  <  l  v  r  v  r  v  r  v  v  v  v  v  v  v  
l  <  v  v  v  l  <  L  v  v  r  v  l  v  v  l  v  r  v  r  v  r  v  v  v  v  v  v  
L  <  v  v  l  <  L  v  v  l  v  l  <  v  l  v  r  v  r  v  r  v  r  v  v  v  v  v  
<  <  v  l  <  L  v  v  l  v  r  v  v  l  v  l  v  r  v  r  v  r  v  r  v  v  v  v  
^  L  l  <  L  v  v  l  <  v  v  l  l  v  l  v  r  v  r  v  r  v  r  v  r  v  v  v  
v  l  <  L  r  v  l  <  v  l  r  v  l  l  v  l  v  r  v  r  v  r  v  r  v  r  v  v  
<  <  L  r  v  l  <  L  v  v  l  r  v  l  l  v  r  v  r  >  r  >  r  >  r  >  r  v  
^  L  v  v  l  <  L  v  l  l  <  v  l  v  l  r  v  r  >  >  >  >  >  >  >  >  >  r  
L  <  v  l  <  L  v  v  l  ^  L  r  v  l  v  v  r  v  v  v  R  R  R  R  R  R  R  R  
^  L  v  v  v  v  v  l  <  v  v  v  l  v  v  v  v  r  v  v  v  v  v  >  >  r  R  >  
v  <  v  v  v  v  l  v  v  v  v  v  v  v  v  v  v  v  r  v  v  v  v  R  R  >  >  R  
v  <  v  v  l  l  v  v  v  v  v  v  v  v  v  v  v  v  v  r  v  v  l  v  R  R  R  ^  
<  L  v  l  v  v  v  v  v  v  v  l  r  v  v  v  v  v  l  v  v  l  v  v  v  v  v  v  
r  v  v  <  l  r  v  v  l  v  l  <  >  r  v  v  v  l  <  r  v  l  v  l  v  l  r  v  
<  >  v  v  <  >  >  r  <  v  <  L  >  >  l  r  l  <  L  >  v  <  l  <  v  <  >  R  
