arguments: 33 22 4 0.80015 -0.0995498 -0.000250125 -0.10005
loading features...

Initializing gridworld of size 28 by 22..
    Num states: 616
    Num actions: 8
recovered reward
-0.10, -0.10, -0.10, -0.10, -0.10, -0.10, -0.10, -0.10, -0.10, -0.10, -0.10, 0.10, 0.30, 0.10, -0.10, -0.10, -0.10, -0.10, -0.10, -0.10, -0.10, -0.10, -0.10, -0.10, -0.10, -0.10, -0.10, -0.10, 
-0.10, 0.10, 0.30, 0.10, -0.10, -0.10, -0.10, -0.10, -0.10, -0.11, -0.12, 0.30, 0.70, 0.30, 0.10, 0.30, 0.10, -0.10, -0.10, -0.10, -0.10, -0.10, -0.10, -0.10, -0.10, -0.10, -0.10, -0.10, 
-0.10, 0.30, 0.70, 0.30, -0.10, -0.10, -0.10, -0.10, -0.10, -0.12, -0.20, 0.08, 0.30, 0.10, 0.10, 0.30, 0.10, -0.10, -0.10, -0.10, -0.11, -0.12, -0.11, -0.10, -0.11, -0.12, -0.11, -0.10, 
-0.10, 0.10, 0.30, 0.10, -0.10, -0.10, -0.10, -0.10, -0.10, 0.10, 0.28, 0.10, -0.10, -0.10, 0.30, 0.70, 0.30, -0.10, -0.10, -0.10, -0.12, -0.20, -0.12, -0.10, 0.08, 0.20, 0.08, -0.10, 
-0.10, -0.10, -0.10, -0.10, -0.10, -0.10, -0.10, -0.10, -0.10, 0.30, 0.68, 0.30, -0.11, -0.12, 0.10, 0.30, 0.10, -0.10, -0.10, -0.10, -0.11, -0.12, -0.11, -0.12, 0.30, 0.68, 0.30, -0.10, 
-0.10, -0.10, -0.10, -0.10, -0.10, -0.10, -0.10, -0.10, -0.10, 0.10, 0.30, 0.10, 0.28, 0.00, -0.12, -0.10, -0.10, -0.10, -0.10, -0.10, -0.10, -0.10, -0.12, -0.20, 0.08, 0.30, 0.10, -0.10, 
-0.10, -0.10, -0.10, -0.10, -0.10, -0.10, -0.10, -0.10, -0.10, -0.10, -0.10, 0.30, 0.69, 0.28, -0.11, -0.10, -0.10, -0.10, -0.10, -0.10, -0.10, -0.10, -0.11, 0.08, 0.30, 0.10, -0.10, -0.10, 
-0.10, -0.10, -0.10, -0.10, -0.10, -0.10, -0.10, -0.10, -0.10, -0.10, -0.10, 0.10, 0.30, 0.10, -0.10, -0.10, -0.10, -0.10, -0.10, -0.10, -0.10, -0.10, -0.10, 0.30, 0.70, 0.30, -0.10, -0.10, 
-0.10, -0.10, -0.10, -0.10, -0.10, -0.11, -0.12, -0.11, -0.10, -0.10, -0.10, -0.10, -0.10, -0.10, -0.10, -0.10, -0.10, -0.10, -0.10, -0.10, -0.10, -0.10, -0.10, 0.10, 0.30, 0.10, -0.10, -0.10, 
-0.10, -0.10, -0.10, -0.10, -0.10, -0.12, -0.20, -0.12, -0.10, -0.10, -0.10, -0.10, -0.10, -0.10, -0.11, -0.12, -0.11, -0.10, -0.10, -0.10, -0.10, -0.10, -0.10, -0.10, -0.10, -0.10, -0.10, -0.10, 
-0.10, -0.10, -0.10, -0.10, -0.10, -0.11, -0.12, -0.11, -0.10, -0.10, -0.10, -0.10, -0.10, -0.10, -0.12, -0.20, -0.12, -0.10, -0.10, -0.10, -0.10, -0.10, -0.10, -0.10, -0.10, -0.10, -0.10, -0.10, 
-0.10, -0.10, -0.10, -0.10, -0.10, -0.10, -0.10, -0.10, -0.10, -0.10, -0.10, -0.10, -0.10, -0.10, -0.11, -0.12, -0.11, -0.10, -0.10, -0.10, -0.10, -0.10, -0.10, -0.10, 0.10, 0.30, 0.10, -0.10, 
-0.10, -0.10, -0.10, -0.10, -0.10, -0.10, -0.10, -0.10, -0.10, -0.10, -0.10, -0.10, -0.10, -0.10, -0.10, -0.10, -0.10, -0.10, -0.10, -0.10, -0.10, -0.10, -0.10, -0.10, 0.30, 0.70, 0.30, -0.10, 
-0.10, -0.11, -0.12, -0.11, -0.10, -0.10, -0.10, -0.10, -0.10, -0.10, -0.10, -0.10, -0.10, -0.10, -0.10, -0.10, -0.10, -0.10, -0.10, -0.10, -0.10, -0.10, -0.10, -0.10, 0.10, 0.30, 0.10, -0.10, 
-0.10, -0.12, -0.20, -0.12, -0.10, -0.10, -0.10, -0.10, -0.10, -0.10, -0.10, -0.10, -0.10, -0.10, -0.10, 0.10, 0.30, 0.10, -0.10, -0.10, -0.10, -0.10, -0.10, -0.10, -0.10, -0.10, -0.10, -0.10, 
-0.10, -0.11, -0.12, -0.11, -0.10, -0.10, -0.10, -0.10, -0.10, -0.10, -0.10, -0.10, -0.10, -0.10, -0.10, 0.30, 0.70, 0.30, -0.12, -0.11, -0.10, -0.10, -0.10, -0.10, -0.10, -0.10, -0.10, -0.10, 
-0.10, -0.10, -0.10, -0.10, -0.10, -0.10, -0.10, -0.10, -0.11, -0.12, -0.11, -0.10, -0.10, -0.10, -0.10, 0.10, 0.30, 0.08, -0.20, -0.12, -0.10, -0.10, -0.10, -0.10, -0.10, -0.10, -0.10, -0.10, 
-0.10, -0.10, 0.10, 0.30, 0.10, -0.10, -0.10, -0.10, -0.12, -0.20, -0.12, -0.10, -0.10, -0.10, -0.10, -0.10, -0.10, -0.11, 0.07, 0.30, 0.10, -0.10, -0.10, -0.10, -0.10, -0.10, -0.10, -0.10, 
-0.10, -0.10, 0.30, 0.70, 0.30, -0.10, -0.10, -0.10, -0.11, -0.12, -0.11, -0.12, -0.11, -0.10, -0.10, -0.10, -0.10, -0.10, 0.30, 0.70, 0.30, -0.10, -0.10, -0.10, -0.10, -0.10, -0.10, -0.10, 
-0.10, -0.10, 0.10, 0.30, 0.10, -0.10, -0.10, -0.10, -0.10, -0.10, -0.12, -0.20, -0.12, -0.10, -0.10, -0.10, -0.10, -0.10, 0.10, 0.30, 0.10, -0.10, -0.10, -0.10, -0.10, -0.10, -0.10, -0.10, 
-0.10, -0.10, -0.10, -0.10, -0.10, -0.10, -0.10, -0.10, -0.10, -0.10, -0.11, -0.12, -0.11, -0.10, -0.10, -0.10, -0.10, -0.10, -0.10, -0.10, -0.10, -0.10, -0.10, -0.10, -0.10, -0.10, -0.10, -0.10, 
-0.10, -0.10, -0.10, -0.10, -0.10, -0.10, -0.10, -0.10, -0.10, -0.10, -0.10, -0.10, -0.10, -0.10, -0.10, -0.10, -0.10, -0.10, -0.10, -0.10, -0.10, -0.10, -0.10, -0.10, -0.10, -0.10, -0.10, -0.10, 
-- optimal policy --
r  r  v  l  l  l  l  r  >  >  r  r  v  l  l  v  l  l  l  l  l  r  r  v  l  v  l  v  
r  r  v  l  l  l  l  r  r  R  >  >  v  <  r  v  l  l  l  l  l  r  r  r  v  l  v  l  
>  >  v  <  <  <  l  r  r  r  R  R  ^  L  r  v  l  l  l  <  <  >  r  r  r  v  l  l  
R  R  ^  L  L  L  <  >  r  r  v  l  ^  >  >  v  <  <  l  l  r  r  >  r  r  v  l  l  
R  R  ^  L  L  L  L  r  >  >  v  <  v  R  R  ^  L  L  <  l  r  r  R  >  >  v  <  <  
R  R  R  ^  L  L  L  >  R  R  ^  r  v  l  R  ^  L  L  L  <  r  r  r  r  R  ^  L  L  
R  ^  ^  R  ^  L  >  R  R  R  >  >  v  <  <  R  ^  L  L  L  r  r  r  r  v  l  l  L  
R  R  R  ^  R  ^  R  R  R  >  R  R  ^  L  L  <  ^  ^  L  L  >  r  >  >  v  <  <  l  
R  R  ^  R  ^  R  R  R  >  R  R  R  ^  L  L  L  <  L  ^  L  r  >  R  R  ^  L  L  <  
R  ^  R  ^  R  R  R  >  R  R  R  R  ^  L  L  L  L  L  ^  r  >  R  R  R  ^  L  L  l  
R  ^  ^  R  R  R  >  R  R  R  ^  L  ^  ^  L  L  L  v  l  >  R  R  r  r  r  v  l  l  
v  v  r  v  v  v  R  R  R  ^  L  r  r  r  r  v  r  v  v  l  R  r  >  r  r  v  l  l  
v  l  r  r  v  l  v  l  l  ^  r  >  r  r  r  v  r  v  l  l  l  >  r  >  >  v  <  <  
v  l  r  r  v  v  l  l  l  l  r  r  >  r  r  r  v  l  l  l  l  r  >  R  R  ^  L  L  
r  v  r  r  v  l  l  l  l  l  r  r  r  >  r  r  v  l  l  <  <  >  R  R  R  ^  L  L  
r  r  r  v  l  l  l  l  l  <  >  r  >  r  >  >  v  <  <  L  v  l  l  R  R  ^  L  L  
r  r  r  v  l  l  l  l  l  L  r  >  r  >  R  R  ^  L  L  v  l  l  l  ^  ^  ^  L  L  
r  r  r  v  l  l  l  l  l  l  >  R  >  R  R  R  ^  L  r  v  l  l  l  l  R  R  ^  L  
r  >  >  v  <  <  <  <  <  l  R  R  R  R  R  ^  ^  >  >  v  <  <  <  l  l  R  ^  L  
>  R  R  ^  L  L  L  L  L  l  R  R  R  R  ^  L  >  R  R  ^  L  L  <  <  <  l  R  ^  
R  R  R  ^  L  L  L  L  L  <  R  R  R  ^  ^  >  R  R  R  ^  L  L  L  <  L  <  l  ^  
R  R  ^  ^  L  L  L  L  L  <  R  R  R  ^  >  R  R  R  R  ^  L  L  L  L  L  L  <  <  
Total actions tested : 62
Correct actions (%) : 22.58
Avg angular diffs   : 82.74
