arguments: 33 6 1 -0.356863 -0.398039 0.0490196 -0.196078
loading features...

Initializing gridworld of size 28 by 22..
    Num states: 616
    Num actions: 8
recovered reward
-0.20, -0.20, -0.20, -0.20, -0.20, -0.20, -0.09, -0.20, -0.20, -0.44, -0.20, -0.20, -0.20, -0.08, -0.20, -0.20, -0.20, -0.07, -0.20, -0.20, -0.07, -0.20, -0.06, -0.20, -0.20, -0.06, -0.20, -0.20, 
-0.20, -0.20, -0.20, -0.09, -0.20, -0.20, -0.20, -0.20, -0.20, -0.20, -0.20, -0.20, -0.20, -0.20, -0.20, -0.20, -0.20, -0.55, -0.20, -0.20, -0.20, -0.20, -0.20, -0.20, -0.20, -0.20, -0.20, -0.20, 
-0.20, -0.10, -0.20, -0.20, -0.20, -0.20, -0.20, -0.20, -0.20, -0.20, -0.20, -0.20, -0.20, -0.20, -0.20, -0.20, -0.20, -0.20, -0.55, -0.20, -0.59, -0.20, -0.20, -0.20, -0.20, -0.20, -0.20, -0.20, 
-0.10, -0.20, -0.20, -0.20, -0.20, -0.20, -0.20, -0.20, -0.20, -0.20, -0.20, -0.20, -0.20, -0.20, -0.20, -0.59, -0.20, -0.20, -0.20, -0.59, -0.20, -0.20, -0.20, -0.20, -0.20, -0.20, -0.20, -0.20, 
-0.20, -0.20, -0.20, -0.20, -0.20, -0.20, -0.20, -0.20, -0.20, -0.20, -0.20, -0.20, -0.20, -0.20, -0.20, -0.20, -0.20, -0.20, -0.20, -0.20, -0.20, -0.20, -0.20, -0.20, -0.20, -0.20, -0.20, -0.20, 
-0.20, -0.20, -0.20, -0.20, -0.20, -0.20, -0.20, -0.20, -0.20, -0.20, -0.20, -0.20, -0.20, -0.20, -0.20, -0.20, -0.20, -0.20, -0.55, -0.20, -0.20, -0.20, -0.20, -0.59, -0.20, -0.20, -0.20, -0.20, 
-0.11, -0.20, -0.20, -0.20, -0.20, -0.20, -0.20, -0.20, -0.20, -0.20, -0.20, -0.20, -0.20, -0.20, -0.20, -0.20, -0.20, -0.20, -0.20, -0.20, -0.20, -0.55, -0.20, -0.20, -0.20, -0.20, -0.20, -0.20, 
-0.20, -0.20, -0.11, -0.20, -0.20, -0.12, -0.20, -0.20, -0.20, -0.20, -0.20, -0.20, -0.20, -0.20, -0.20, -0.20, -0.20, -0.20, -0.20, -0.20, -0.20, -0.20, -0.20, -0.20, -0.20, -0.20, -0.20, -0.20, 
-0.20, -0.20, -0.20, -0.20, -0.20, -0.20, -0.20, -0.20, -0.20, -0.20, -0.20, -0.20, -0.20, -0.20, -0.59, -0.20, -0.20, -0.20, -0.20, -0.20, -0.20, -0.20, -0.20, -0.20, -0.20, -0.20, -0.20, -0.20, 
-0.20, -0.20, -0.20, -0.20, -0.20, -0.20, -0.20, -0.20, -0.20, -0.12, -0.20, -0.20, -0.13, -0.20, -0.20, -0.13, -0.20, -0.20, -0.14, -0.20, -0.20, -0.20, -0.20, -0.20, -0.20, -0.20, -0.20, -0.20, 
-0.20, -0.20, -0.20, -0.20, -0.20, -0.20, -0.20, -0.20, -0.20, -0.20, -0.20, -0.20, -0.20, -0.20, -0.20, -0.20, -0.20, -0.20, -0.20, -0.20, -0.20, -0.14, -0.20, -0.20, -0.20, -0.20, -0.20, -0.20, 
-0.20, -0.20, -0.20, -0.20, -0.20, -0.20, -0.59, -0.20, -0.20, -0.20, -0.20, -0.20, -0.20, -0.20, -0.20, -0.20, -0.20, -0.20, -0.20, -0.20, -0.20, -0.20, -0.20, -0.20, -0.15, -0.20, -0.20, -0.20, 
-0.20, -0.20, -0.20, -0.55, -0.20, -0.20, -0.20, -0.20, -0.20, -0.20, -0.20, -0.55, -0.20, -0.20, -0.20, -0.20, -0.55, -0.20, -0.20, -0.20, -0.20, -0.20, -0.20, -0.20, -0.20, -0.55, -0.20, -0.20, 
-0.20, -0.20, -0.20, -0.20, -0.20, -0.20, -0.20, -0.20, -0.20, -0.20, -0.20, -0.20, -0.20, -0.20, -0.55, -0.20, -0.20, -0.20, -0.20, -0.20, -0.20, -0.20, -0.20, -0.20, -0.20, -0.20, -0.20, -0.20, 
-0.20, -0.20, -0.20, -0.20, -0.20, -0.20, -0.20, -0.20, -0.20, -0.20, -0.20, -0.20, -0.20, -0.20, -0.20, -0.20, -0.20, -0.20, -0.20, -0.20, -0.20, -0.20, -0.20, -0.20, -0.15, -0.20, -0.20, -0.20, 
-0.20, -0.20, -0.20, -0.20, -0.55, -0.20, -0.20, -0.20, -0.20, -0.20, -0.20, -0.20, -0.20, -0.20, -0.20, -0.20, -0.20, -0.55, -0.20, -0.20, -0.20, -0.59, -0.20, -0.20, -0.20, -0.20, -0.20, -0.20, 
-0.20, -0.20, -0.20, -0.20, -0.20, -0.20, -0.20, -0.20, -0.20, -0.20, -0.20, -0.20, -0.20, -0.20, -0.59, -0.20, -0.20, -0.59, -0.20, -0.20, -0.20, -0.20, -0.20, -0.55, -0.20, -0.20, -0.20, -0.20, 
-0.20, -0.20, -0.20, -0.20, -0.20, -0.20, -0.20, -0.20, -0.20, -0.20, -0.20, -0.59, -0.20, -0.20, -0.20, -0.20, -0.20, -0.20, -0.20, -0.20, -0.20, -0.16, -0.20, -0.20, -0.20, -0.20, -0.20, -0.20, 
-0.20, -0.20, -0.20, -0.20, -0.20, -0.20, -0.20, -0.20, -0.20, -0.18, -0.20, -0.20, -0.18, -0.20, -0.20, -0.17, -0.20, -0.20, -0.17, -0.20, -0.20, -0.20, -0.20, -0.20, -0.20, -0.20, -0.20, -0.20, 
-0.20, -0.20, -0.19, -0.20, -0.20, -0.19, -0.20, -0.20, -0.20, -0.20, -0.20, -0.20, -0.20, -0.20, -0.20, -0.20, -0.20, -0.20, -0.20, -0.20, -0.20, -0.20, -0.20, -0.20, -0.20, -0.20, -0.20, -0.20, 
-0.20, -0.20, -0.20, -0.20, -0.20, -0.20, -0.20, -0.20, -0.20, -0.20, -0.20, -0.20, -0.20, -0.20, -0.20, -0.20, -0.20, -0.20, -0.20, -0.20, -0.20, -0.20, -0.20, -0.20, -0.20, -0.20, -0.20, -0.20, 
-0.20, -0.20, -0.20, -0.20, -0.20, -0.20, -0.20, -0.20, -0.20, -0.20, -0.20, -0.20, -0.20, -0.20, -0.20, -0.20, -0.20, -0.20, -0.20, -0.20, -0.20, -0.20, -0.20, -0.20, -0.20, -0.20, -0.20, -0.20, 
-- optimal policy --
r  r  r  >  r  >  >  r  r  r  r  r  >  r  r  r  >  r  r  >  r  >  >  r  >  ^  <  <  
r  r  >  r  >  R  r  >  r  r  r  >  R  r  r  >  R  >  >  R  >  R  r  >  R  ^  L  L  
>  >  R  >  R  r  >  r  r  r  >  R  r  r  >  R  >  R  R  R  R  r  >  R  ^  ^  ^  L  
R  R  >  R  r  r  r  >  r  >  R  r  r  >  R  >  R  >  R  >  r  >  R  ^  R  ^  ^  ^  
^  L  R  r  r  r  >  r  >  R  r  r  >  R  >  R  >  R  >  r  >  R  ^  R  ^  R  ^  ^  
^  R  >  r  r  >  r  >  R  r  r  >  R  >  R  >  R  r  r  >  R  R  ^  L  L  ^  R  ^  
>  r  r  r  r  r  >  R  r  r  >  R  >  R  >  R  >  r  >  R  R  ^  ^  R  ^  ^  ^  L  
r  >  >  r  >  >  R  r  r  >  R  >  R  >  R  >  r  >  R  ^  ^  R  ^  R  ^  ^  R  ^  
>  R  r  >  R  R  r  r  >  R  >  R  >  R  r  r  >  R  R  ^  R  R  ^  ^  R  ^  R  ^  
R  r  >  R  R  r  r  >  R  >  R  >  R  r  >  >  R  ^  ^  R  R  ^  ^  L  ^  R  ^  ^  
r  >  R  R  r  >  >  R  R  R  >  R  ^  >  R  R  ^  R  ^  L  ^  ^  R  ^  L  ^  R  ^  
>  R  R  r  >  R  R  R  R  >  R  ^  >  R  R  ^  R  R  ^  ^  L  ^  L  R  ^  L  R  ^  
R  R  r  >  R  >  R  R  >  R  ^  >  R  R  R  R  ^  R  ^  L  ^  L  ^  L  ^  L  R  ^  
R  r  >  R  >  R  R  >  R  ^  >  R  R  R  R  ^  R  ^  L  ^  L  ^  L  ^  L  L  R  ^  
r  >  R  >  R  R  >  R  ^  >  R  R  R  ^  R  R  R  ^  L  L  ^  L  ^  L  ^  L  L  ^  
>  R  >  R  R  >  R  ^  >  R  R  R  R  R  R  ^  R  ^  ^  L  ^  L  L  R  ^  L  L  L  
R  >  R  ^  >  R  ^  >  R  R  R  R  R  R  ^  R  ^  L  ^  ^  L  L  R  R  R  ^  L  L  
>  R  ^  >  R  ^  >  R  R  R  R  R  R  ^  R  ^  ^  L  ^  L  ^  R  ^  R  R  ^  L  L  
R  r  >  R  r  >  R  R  R  R  ^  R  ^  R  R  ^  ^  L  L  ^  R  ^  L  ^  R  ^  L  L  
r  >  R  r  >  R  R  R  R  ^  R  R  ^  L  R  ^  L  R  ^  R  R  ^  L  L  R  ^  L  L  
>  R  r  >  R  R  ^  R  ^  R  R  R  ^  R  ^  L  R  ^  R  R  ^  L  ^  L  L  ^  ^  L  
R  >  >  R  R  ^  R  R  R  R  R  ^  R  ^  ^  R  ^  R  R  R  ^  L  L  ^  L  L  R  ^  
Correct actions (%) : 17.98
Avg angular diffs   : 80.39
