arguments: 33 7 2 0.173822 -0.734848 0.00715488 -0.0841751
loading features...

Initializing gridworld of size 28 by 22..
    Num states: 616
    Num actions: 8
recovered reward
-0.08, -0.08, -0.08, -0.08, -0.08, -0.08, -0.08, -0.08, -0.08, -0.08, -0.08, -0.08, -0.08, -0.08, -0.08, -0.08, -0.08, -0.08, -0.08, -0.04, 0.00, -0.04, -0.08, -0.08, -0.08, -0.08, -0.08, -0.08, 
-0.08, -0.08, -0.08, -0.08, -0.08, -0.08, -0.08, -0.08, -0.08, -0.08, -0.08, -0.08, -0.08, -0.08, -0.08, -0.08, -0.08, -0.08, -0.08, 0.00, 0.09, 0.00, -0.08, -0.08, -0.27, -0.45, -0.27, -0.08, 
-0.08, -0.08, -0.08, -0.08, -0.08, -0.08, -0.08, -0.08, -0.08, -0.08, -0.08, -0.08, -0.08, -0.08, -0.08, -0.08, -0.08, -0.08, -0.08, -0.04, 0.00, -0.04, -0.08, -0.08, -0.45, -0.80, -0.45, -0.08, 
-0.08, -0.08, -0.08, -0.08, -0.27, -0.45, -0.27, -0.08, -0.08, -0.08, -0.08, -0.08, -0.08, -0.08, -0.08, -0.08, -0.08, -0.08, -0.08, -0.08, -0.08, -0.08, -0.08, -0.04, -0.18, -0.41, -0.27, -0.08, 
-0.08, -0.08, -0.08, -0.08, -0.45, -0.82, -0.45, -0.27, -0.45, -0.27, -0.08, -0.08, -0.08, -0.08, -0.08, -0.08, -0.27, -0.45, -0.27, -0.08, -0.08, -0.08, -0.08, 0.00, 0.11, 0.00, -0.08, -0.08, 
-0.08, -0.08, -0.08, -0.08, -0.27, -0.45, -0.27, -0.45, -0.82, -0.45, -0.08, -0.08, -0.08, -0.08, -0.08, -0.08, -0.45, -0.82, -0.45, -0.27, -0.45, -0.27, -0.08, -0.04, -0.18, -0.41, -0.27, -0.08, 
-0.27, -0.45, -0.26, -0.08, -0.08, -0.08, -0.08, -0.27, -0.45, -0.27, -0.08, -0.08, -0.07, -0.08, -0.08, -0.08, -0.27, -0.45, -0.27, -0.45, -0.82, -0.45, -0.08, -0.08, -0.45, -0.82, -0.45, -0.08, 
-0.45, -0.82, -0.45, -0.08, -0.08, -0.08, -0.08, -0.08, -0.08, -0.08, -0.08, -0.08, -0.08, -0.08, -0.08, -0.08, -0.08, -0.08, -0.08, -0.27, -0.45, -0.27, -0.07, -0.08, -0.27, -0.45, -0.27, -0.08, 
-0.27, -0.45, -0.27, -0.08, -0.08, -0.08, -0.08, -0.08, -0.08, -0.08, -0.08, -0.08, -0.08, -0.08, -0.08, -0.08, -0.08, -0.08, -0.08, -0.08, -0.08, -0.08, -0.08, -0.08, -0.08, -0.08, -0.08, -0.08, 
-0.08, -0.08, -0.08, -0.08, -0.08, -0.08, -0.08, -0.08, -0.27, -0.45, -0.27, -0.07, -0.08, -0.08, -0.04, 0.00, -0.04, -0.04, -0.18, -0.41, -0.27, -0.08, -0.08, -0.08, -0.08, -0.08, -0.08, -0.08, 
-0.08, -0.08, -0.08, -0.08, -0.08, -0.08, -0.27, -0.45, -0.27, -0.82, -0.45, -0.08, -0.08, -0.08, -0.04, 0.00, -0.04, 0.00, -0.41, -0.73, -0.41, -0.08, -0.08, -0.07, -0.08, -0.08, -0.08, -0.08, 
-0.08, -0.27, -0.45, -0.27, -0.08, -0.08, -0.45, -0.82, -0.45, -0.45, -0.27, -0.08, -0.08, -0.08, 0.00, 0.09, 0.00, -0.04, -0.18, -0.28, -0.18, -0.08, -0.08, -0.08, -0.08, -0.08, -0.08, -0.08, 
-0.08, -0.41, -0.73, -0.41, -0.08, -0.08, -0.27, -0.45, -0.27, -0.08, -0.07, -0.08, -0.08, -0.08, -0.04, 0.00, -0.04, -0.08, -0.04, 0.00, -0.04, -0.08, -0.08, -0.08, -0.08, -0.08, -0.08, -0.08, 
-0.08, -0.18, -0.28, -0.18, -0.08, -0.08, -0.08, -0.08, -0.08, -0.08, -0.08, -0.04, 0.00, -0.04, -0.08, -0.08, -0.08, -0.08, -0.08, -0.08, -0.08, -0.08, -0.08, -0.07, -0.08, -0.08, -0.08, -0.08, 
-0.08, -0.04, 0.00, -0.04, -0.08, -0.08, -0.08, -0.08, -0.08, -0.08, -0.08, 0.00, 0.09, 0.00, -0.08, -0.08, -0.08, -0.04, 0.00, -0.04, -0.08, -0.08, -0.08, -0.08, -0.08, -0.08, -0.08, -0.08, 
-0.08, -0.08, -0.08, -0.08, -0.08, -0.08, -0.08, -0.08, -0.08, -0.08, -0.08, -0.03, 0.00, -0.04, -0.04, 0.00, -0.04, 0.00, 0.09, 0.00, -0.08, -0.08, -0.08, -0.08, -0.08, -0.08, -0.08, -0.08, 
-0.08, -0.08, -0.08, -0.08, -0.08, -0.08, -0.08, -0.08, -0.27, -0.45, -0.27, -0.08, -0.08, -0.08, 0.00, 0.09, 0.00, -0.04, 0.00, -0.04, -0.08, -0.08, -0.08, -0.07, -0.04, 0.00, -0.04, -0.08, 
-0.08, -0.08, -0.08, -0.08, -0.08, -0.08, -0.08, -0.08, -0.45, -0.82, -0.45, -0.08, -0.08, -0.08, -0.04, 0.00, -0.04, -0.08, -0.08, -0.08, -0.08, -0.08, -0.08, -0.08, 0.00, 0.09, 0.00, -0.08, 
-0.08, -0.08, -0.08, -0.08, -0.08, -0.08, -0.08, -0.08, -0.27, -0.45, -0.27, -0.07, -0.08, -0.08, -0.08, -0.08, -0.08, -0.08, -0.08, -0.08, -0.08, -0.07, -0.08, -0.08, -0.04, 0.00, -0.04, -0.08, 
-0.08, -0.08, -0.08, -0.08, -0.08, -0.08, -0.08, -0.08, -0.08, -0.08, -0.08, -0.08, -0.07, -0.08, -0.08, -0.07, -0.08, -0.08, -0.07, -0.08, -0.08, -0.08, -0.08, -0.08, -0.08, -0.08, -0.08, -0.08, 
-0.08, -0.08, -0.08, -0.08, -0.08, -0.08, -0.08, -0.08, -0.08, -0.08, -0.08, -0.08, -0.08, -0.08, -0.08, -0.08, -0.08, -0.08, -0.08, -0.08, -0.08, -0.08, -0.08, -0.08, -0.08, -0.08, -0.08, -0.08, 
-0.08, -0.08, -0.08, -0.08, -0.08, -0.08, -0.08, -0.08, -0.08, -0.08, -0.08, -0.08, -0.08, -0.08, -0.08, -0.08, -0.08, -0.08, -0.08, -0.08, -0.08, -0.08, -0.08, -0.08, -0.08, -0.08, -0.08, -0.08, 
-- optimal policy --
r  r  r  >  >  ^  <  >  ^  <  >  ^  <  v  l  <  >  r  r  r  v  l  l  l  l  <  r  v  
>  r  r  r  R  ^  L  R  ^  L  R  ^  L  <  <  <  R  >  >  >  >  <  <  l  l  L  r  v  
r  >  r  >  l  <  R  R  ^  R  ^  ^  R  ^  L  v  >  >  R  R  ^  L  L  v  l  l  r  v  
>  r  >  R  ^  L  L  R  R  r  r  R  >  r  v  l  >  R  R  R  ^  L  r  r  v  l  l  l  
R  >  R  ^  L  L  R  R  R  r  r  r  v  >  l  <  R  R  R  ^  ^  R  >  >  <  <  <  <  
>  R  R  ^  L  l  l  l  r  >  r  r  v  l  ^  L  <  R  R  R  R  >  R  R  ^  L  L  L  
R  R  R  ^  L  <  r  r  r  r  >  >  r  <  v  v  r  v  l  l  r  r  R  ^  L  L  R  ^  
v  R  r  v  l  L  >  >  r  r  v  R  ^  r  v  r  v  l  l  l  r  >  R  <  L  l  R  ^  
r  v  l  l  l  <  >  >  >  >  r  v  r  r  r  v  l  l  l  <  >  R  ^  L  <  l  <  ^  
>  >  <  <  <  v  l  R  R  R  >  r  r  r  r  v  l  v  l  L  R  R  r  v  l  l  <  l  
R  ^  L  <  v  v  l  ^  L  r  R  ^  >  r  r  v  l  l  <  L  r  v  >  l  <  <  l  <  
v  l  L  r  v  v  l  r  r  r  v  l  R  >  >  >  <  <  L  v  l  l  R  ^  L  L  <  l  
v  l  l  r  v  l  <  r  >  >  r  r  v  R  R  ^  L  L  >  <  <  <  r  v  l  L  L  l  
r  r  v  l  l  <  l  >  R  R  r  r  v  l  l  ^  L  r  v  l  L  L  >  v  <  v  l  v  
>  >  <  <  <  l  <  >  R  R  >  >  >  <  <  v  l  r  v  l  l  <  R  r  v  l  v  l  
R  R  ^  L  L  <  <  R  >  R  R  R  ^  L  r  v  l  >  <  <  <  l  r  r  r  v  l  l  
R  ^  ^  ^  L  L  <  R  R  R  R  R  ^  L  >  v  <  R  ^  L  L  <  >  r  r  v  l  l  
R  ^  L  ^  ^  L  L  <  L  R  R  ^  L  R  R  ^  L  L  ^  L  L  L  R  >  >  v  <  <  
v  l  ^  L  ^  ^  L  L  r  r  >  r  R  R  R  ^  L  L  ^  ^  L  L  >  R  R  ^  L  L  
<  <  <  ^  L  ^  L  >  >  >  R  >  L  R  ^  L  ^  L  L  <  R  ^  R  R  R  ^  L  L  
^  L  L  <  ^  L  >  r  R  R  >  R  ^  L  R  ^  L  R  ^  L  ^  R  R  R  R  ^  ^  L  
^  ^  L  <  L  ^  >  >  R  >  R  R  ^  R  ^  ^  L  L  R  ^  L  R  R  R  R  ^  L  L  
Correct actions (%) : 15.38
Avg angular diffs   : 84.07
