arguments: 33 9 3 -0.0343137 0.156863 -0.318627 -0.490196
loading features...

Initializing gridworld of size 28 by 22..
    Num states: 616
    Num actions: 8
recovered reward
-0.49, -0.49, -0.49, -0.49, -0.49, -0.49, -0.49, -0.49, -0.49, -0.49, -0.49, -0.49, -0.49, -0.49, -0.49, -0.49, -0.49, -0.49, -0.49, -0.49, -0.49, -0.49, -0.49, -0.49, -0.49, -0.49, -0.49, -0.49, 
-0.49, -0.49, -0.49, -0.49, -0.49, -0.49, -0.49, -0.49, -0.49, -0.49, -0.49, -0.49, -0.49, -0.49, -0.49, -0.49, -0.49, -0.49, -0.49, -0.49, -0.49, -0.49, -0.49, -0.49, -0.49, -1.19, -0.49, -0.49, 
-0.49, -0.49, -0.49, -0.49, -0.49, -0.49, -0.49, -0.49, -0.49, -0.49, -0.49, -0.49, -0.49, -0.49, -0.78, -0.49, -0.49, -0.49, -0.49, -0.49, -0.49, -0.49, -0.49, -0.49, -0.49, -0.33, -0.49, -0.49, 
-0.49, -0.49, -0.49, -0.49, -0.49, -0.49, -0.49, -0.49, -0.49, -0.49, -0.49, -0.75, -0.49, -0.49, -0.49, -0.49, -0.81, -0.49, -0.49, -0.49, -0.49, -0.49, -0.49, -1.16, -0.49, -0.49, -0.49, -0.49, 
-0.49, -0.49, -0.49, -0.49, -0.49, -0.49, -0.49, -0.49, -0.49, -0.71, -0.49, -0.49, -0.49, -0.49, -0.52, -0.49, -0.49, -0.49, -0.49, -0.49, -0.49, -0.49, -0.52, -0.49, -0.49, -0.49, -0.49, -0.49, 
-0.49, -0.49, -0.49, -0.49, -0.49, -0.49, -0.49, -0.49, -0.49, -0.49, -0.49, -0.49, -0.49, -0.33, -0.49, -0.49, -0.49, -0.49, -0.49, -0.49, -0.49, -0.33, -0.49, -0.49, -0.49, -0.49, -0.49, -0.49, 
-0.49, -0.49, -0.49, -0.49, -0.49, -0.49, -0.49, -0.68, -0.49, -0.49, -0.49, -0.49, -0.49, -0.49, -0.49, -0.49, -0.84, -0.49, -0.49, -0.49, -0.49, -0.49, -0.49, -1.13, -0.49, -0.49, -0.49, -0.49, 
-0.49, -0.49, -0.49, -0.49, -0.49, -0.49, -0.49, -0.49, -0.49, -0.49, -0.49, -0.49, -0.49, -0.49, -0.33, -0.49, -0.49, -0.49, -0.49, -0.49, -0.49, -0.49, -0.49, -0.49, -0.49, -0.49, -0.49, -0.49, 
-0.49, -0.49, -0.49, -0.49, -0.49, -0.49, -0.49, -0.49, -0.49, -0.49, -0.49, -0.49, -0.49, -0.49, -0.49, -0.49, -0.49, -0.49, -0.49, -0.49, -0.49, -0.49, -0.49, -0.49, -0.49, -0.49, -0.49, -0.49, 
-0.49, -0.49, -0.49, -0.49, -0.49, -0.49, -0.65, -0.52, -0.49, -0.49, -0.49, -0.33, -0.49, -0.49, -0.49, -0.49, -0.87, -0.49, -0.49, -0.49, -0.33, -0.49, -1.10, -0.49, -0.49, -0.49, -0.49, -0.49, 
-0.49, -0.49, -0.49, -0.49, -0.49, -0.49, -0.49, -0.49, -0.33, -0.49, -0.49, -0.49, -0.49, -0.49, -0.49, -0.49, -0.49, -0.49, -0.49, -0.49, -0.49, -0.49, -0.49, -0.49, -0.49, -0.49, -0.49, -0.49, 
-0.49, -0.49, -0.49, -0.49, -0.52, -0.49, -0.49, -0.37, -0.49, -0.49, -0.52, -0.49, -0.49, -0.49, -0.52, -0.49, -0.49, -0.49, -0.49, -0.49, -0.49, -0.49, -0.49, -0.49, -0.49, -0.49, -0.49, -0.49, 
-0.49, -0.49, -0.49, -0.49, -0.62, -0.49, -0.49, -0.49, -0.49, -0.49, -0.49, -0.49, -0.49, -0.49, -0.90, -0.49, -0.49, -0.49, -0.49, -0.49, -0.52, -0.49, -0.49, -0.49, -0.49, -0.49, -0.49, -0.49, 
-0.49, -0.49, -0.49, -0.49, -0.49, -0.49, -0.52, -0.49, -0.49, -0.49, -0.49, -0.49, -0.52, -0.49, -0.49, -0.49, -0.49, -0.49, -0.49, -0.49, -0.49, -1.06, -0.49, -0.49, -0.49, -0.49, -0.49, -0.49, 
-0.49, -0.49, -0.49, -0.59, -0.49, -0.49, -0.49, -0.49, -0.49, -0.49, -0.33, -0.49, -0.49, -0.49, -0.49, -0.49, -0.49, -0.49, -0.49, -0.49, -0.49, -0.49, -0.49, -0.49, -0.49, -0.49, -0.49, -0.49, 
-0.49, -0.49, -0.49, -0.49, -0.49, -0.49, -0.49, -0.49, -0.49, -0.49, -0.49, -0.49, -0.49, -0.49, -0.49, -0.94, -0.49, -0.49, -0.49, -0.49, -1.03, -0.49, -0.49, -0.49, -0.49, -0.33, -0.49, -0.49, 
-0.49, -0.55, -0.49, -0.49, -0.49, -0.49, -0.49, -0.49, -0.49, -0.49, -0.49, -0.49, -0.49, -0.49, -0.49, -0.49, -0.49, -0.49, -0.49, -0.49, -0.33, -0.49, -0.49, -0.49, -0.49, -0.49, -0.49, -0.49, 
-0.49, -0.49, -0.49, -0.49, -0.49, -0.49, -0.33, -0.49, -0.49, -0.49, -0.49, -0.49, -0.49, -0.49, -0.49, -0.49, -0.49, -0.49, -0.49, -0.49, -0.49, -0.49, -0.49, -0.49, -0.49, -0.49, -0.49, -0.49, 
-0.49, -0.49, -0.49, -0.49, -0.49, -0.49, -0.49, -0.49, -0.49, -0.49, -0.49, -0.49, -0.52, -0.49, -0.49, -0.97, -0.49, -0.49, -1.00, -0.49, -0.49, -0.49, -0.49, -0.49, -0.49, -0.49, -0.49, -0.49, 
-0.52, -0.49, -0.49, -0.49, -0.49, -0.49, -0.49, -0.49, -0.49, -0.49, -0.49, -0.49, -0.49, -0.49, -0.49, -0.52, -0.49, -0.49, -0.49, -0.49, -0.49, -0.49, -0.49, -0.49, -0.49, -0.49, -0.49, -0.49, 
-0.49, -0.49, -0.49, -0.49, -0.49, -0.49, -0.49, -0.49, -0.49, -0.49, -0.49, -0.49, -0.49, -0.49, -0.49, -0.49, -0.49, -0.49, -0.49, -0.49, -0.49, -0.49, -0.49, -0.49, -0.49, -0.49, -0.49, -0.49, 
-0.49, -0.49, -0.49, -0.49, -0.49, -0.49, -0.49, -0.49, -0.49, -0.49, -0.49, -0.49, -0.49, -0.49, -0.49, -0.49, -0.49, -0.49, -0.49, -0.49, -0.49, -0.49, -0.49, -0.49, -0.49, -0.49, -0.49, -0.49, 
-- optimal policy --
r  v  v  l  v  r  r  r  r  r  r  r  v  v  v  l  v  l  l  l  l  l  l  l  l  r  v  l  
r  r  v  v  v  v  v  r  r  v  r  r  r  v  l  v  l  l  l  l  l  l  l  l  r  v  l  l  
r  r  r  v  v  v  v  v  r  r  v  r  r  r  v  l  l  <  l  l  l  l  l  l  >  l  <  <  
r  r  r  v  r  v  v  v  v  l  r  r  v  v  l  l  l  v  l  l  l  l  l  l  l  ^  L  L  
r  r  r  r  v  r  r  v  v  v  l  >  r  v  l  l  v  l  l  l  l  v  l  l  l  l  ^  L  
>  r  r  r  r  v  l  r  r  v  l  v  >  l  <  v  l  <  l  l  l  l  <  l  <  <  <  ^  
r  >  r  r  r  r  v  l  r  v  v  l  l  r  v  l  l  l  l  l  l  ^  L  <  l  l  l  l  
>  r  >  r  r  r  r  v  v  l  v  l  v  l  l  <  <  <  <  <  <  v  l  L  <  <  <  <  
r  >  r  >  r  v  r  r  v  v  l  v  l  l  ^  L  <  L  <  <  v  l  l  <  L  <  L  <  
>  r  >  r  >  r  r  r  v  l  l  l  <  <  <  ^  L  L  L  <  <  <  <  l  l  L  <  L  
r  >  r  >  r  >  r  >  l  <  <  ^  L  L  L  <  L  <  L  L  ^  L  <  <  <  <  L  <  
>  r  >  R  >  r  >  R  ^  L  <  l  L  L  L  L  <  L  <  L  L  ^  L  <  <  L  <  L  
r  >  r  r  r  >  R  ^  L  ^  L  <  l  L  L  L  L  <  L  <  L  L  ^  L  L  <  L  <  
>  r  >  r  >  R  ^  L  ^  L  v  l  l  l  L  <  L  L  <  L  <  L  L  ^  L  L  <  l  
r  >  r  >  R  ^  R  ^  L  >  L  <  <  <  <  L  <  L  L  <  L  v  l  l  ^  L  l  l  
>  r  >  R  ^  R  R  ^  >  R  ^  L  <  <  <  l  L  <  L  L  v  l  l  l  <  ^  <  <  
r  >  R  ^  R  R  ^  >  R  R  ^  L  L  <  L  <  l  L  <  L  L  <  <  l  l  ^  L  <  
>  R  ^  R  R  >  >  R  R  R  ^  L  L  L  <  L  <  l  L  R  ^  L  <  <  l  l  ^  L  
R  ^  R  ^  >  R  ^  L  R  ^  R  ^  L  L  L  L  L  <  <  L  ^  ^  L  L  <  l  l  ^  
^  R  ^  >  R  ^  ^  ^  L  R  ^  L  L  ^  L  L  <  L  <  <  L  ^  ^  L  L  <  l  l  
R  ^  >  R  ^  ^  ^  ^  ^  L  ^  ^  L  L  L  L  L  <  L  <  <  L  ^  ^  L  <  <  l  
^  >  R  ^  ^  ^  ^  ^  R  ^  L  R  ^  L  R  ^  L  L  L  L  <  <  L  ^  ^  L  <  <  
Correct actions (%) : 17.89
Avg angular diffs   : 83.37
