arguments: 33 9 3 0.131222 -0.741629 -0.0366516 -0.0904977
loading features...

Initializing gridworld of size 28 by 22..
    Num states: 616
    Num actions: 8
recovered reward
-0.09, -0.09, -0.09, -0.09, -0.09, -0.09, -0.09, -0.09, -0.09, -0.09, -0.09, -0.09, -0.09, -0.09, -0.09, -0.09, -0.09, -0.09, -0.09, -0.09, -0.09, -0.09, -0.09, -0.09, -0.09, -0.09, -0.09, -0.09, 
-0.09, -0.09, -0.09, -0.09, -0.09, -0.09, -0.09, -0.09, -0.09, -0.09, -0.09, -0.09, -0.09, -0.09, -0.09, -0.09, -0.09, -0.09, -0.09, -0.09, -0.09, -0.09, -0.09, -0.09, -0.28, -0.54, -0.28, -0.09, 
-0.09, -0.09, -0.09, -0.09, -0.09, -0.09, -0.09, -0.09, -0.09, -0.09, -0.09, -0.09, -0.09, -0.09, -0.12, -0.09, -0.09, -0.09, -0.09, -0.09, -0.09, -0.09, -0.09, -0.09, -0.46, -0.83, -0.46, -0.09, 
-0.09, -0.09, -0.09, -0.09, -0.09, -0.09, -0.09, -0.09, -0.09, -0.09, -0.09, -0.12, -0.09, -0.06, -0.02, -0.06, -0.13, -0.09, -0.09, -0.09, -0.09, -0.06, -0.02, -0.13, -0.28, -0.46, -0.28, -0.09, 
-0.09, -0.09, -0.09, -0.09, -0.09, -0.09, -0.09, -0.09, -0.09, -0.12, -0.09, -0.09, -0.28, -0.40, -0.14, -0.02, -0.09, -0.09, -0.09, -0.09, -0.28, -0.40, -0.14, -0.02, -0.09, -0.09, -0.09, -0.09, 
-0.09, -0.09, -0.09, -0.09, -0.09, -0.09, -0.09, -0.09, -0.09, -0.09, -0.09, -0.09, -0.46, -0.80, -0.40, -0.06, -0.09, -0.09, -0.09, -0.09, -0.46, -0.80, -0.40, -0.06, -0.09, -0.09, -0.09, -0.09, 
-0.09, -0.09, -0.09, -0.09, -0.09, -0.09, -0.09, -0.11, -0.09, -0.09, -0.09, -0.09, -0.28, -0.46, -0.28, -0.28, -0.13, -0.09, -0.09, -0.09, -0.28, -0.46, -0.28, -0.16, -0.09, -0.09, -0.09, -0.09, 
-0.09, -0.09, -0.09, -0.09, -0.09, -0.09, -0.09, -0.09, -0.09, -0.09, -0.09, -0.09, -0.09, -0.46, -0.83, -0.46, -0.09, -0.09, -0.09, -0.09, -0.09, -0.09, -0.09, -0.09, -0.09, -0.09, -0.09, -0.09, 
-0.09, -0.09, -0.09, -0.09, -0.09, -0.09, -0.06, -0.02, -0.06, -0.09, -0.28, -0.46, -0.28, -0.28, -0.46, -0.28, -0.09, -0.09, -0.09, -0.28, -0.46, -0.28, -0.09, -0.09, -0.09, -0.09, -0.09, -0.09, 
-0.09, -0.09, -0.09, -0.09, -0.09, -0.09, -0.04, -0.14, -0.40, -0.28, -0.46, -0.83, -0.46, -0.09, -0.09, -0.09, -0.13, -0.09, -0.09, -0.46, -0.83, -0.46, -0.16, -0.09, -0.09, -0.09, -0.09, -0.09, 
-0.09, -0.09, -0.09, -0.06, -0.02, -0.06, -0.24, -0.40, -0.24, -0.43, -0.21, -0.43, -0.28, -0.06, -0.02, -0.06, -0.09, -0.09, -0.09, -0.28, -0.46, -0.28, -0.09, -0.09, -0.09, -0.09, -0.09, -0.09, 
-0.09, -0.09, -0.09, -0.02, 0.04, -0.02, -0.40, -0.70, -0.40, -0.21, 0.04, -0.02, -0.09, -0.02, 0.04, -0.02, -0.09, -0.09, -0.09, -0.06, -0.02, -0.06, -0.09, -0.09, -0.09, -0.09, -0.09, -0.09, 
-0.09, -0.09, -0.09, -0.06, -0.04, -0.06, -0.21, -0.43, -0.24, -0.06, -0.02, -0.06, -0.02, -0.06, -0.07, -0.06, -0.09, -0.09, -0.09, -0.02, 0.04, -0.02, -0.09, -0.09, -0.09, -0.09, -0.09, -0.09, 
-0.09, -0.09, -0.09, -0.09, -0.09, -0.02, 0.04, -0.02, -0.09, -0.28, -0.46, -0.21, 0.04, -0.02, -0.09, -0.09, -0.09, -0.09, -0.09, -0.06, -0.02, -0.12, -0.09, -0.09, -0.09, -0.09, -0.09, -0.09, 
-0.09, -0.09, -0.09, -0.10, -0.09, -0.06, -0.02, -0.06, -0.09, -0.46, -0.83, -0.43, -0.02, -0.06, -0.09, -0.09, -0.09, -0.09, -0.09, -0.09, -0.09, -0.09, -0.09, -0.09, -0.28, -0.46, -0.28, -0.09, 
-0.09, -0.09, -0.09, -0.09, -0.09, -0.09, -0.09, -0.09, -0.09, -0.28, -0.46, -0.28, -0.09, -0.09, -0.09, -0.14, -0.09, -0.09, -0.09, -0.28, -0.52, -0.28, -0.09, -0.09, -0.46, -0.83, -0.46, -0.09, 
-0.09, -0.10, -0.09, -0.09, -0.09, -0.28, -0.46, -0.28, -0.09, -0.09, -0.09, -0.09, -0.09, -0.09, -0.09, -0.09, -0.09, -0.09, -0.09, -0.46, -0.83, -0.46, -0.09, -0.09, -0.28, -0.46, -0.28, -0.09, 
-0.09, -0.09, -0.09, -0.09, -0.09, -0.46, -0.83, -0.46, -0.09, -0.09, -0.09, -0.06, -0.02, -0.06, -0.09, -0.09, -0.09, -0.09, -0.09, -0.28, -0.46, -0.28, -0.09, -0.09, -0.09, -0.09, -0.09, -0.09, 
-0.09, -0.09, -0.09, -0.09, -0.09, -0.28, -0.46, -0.28, -0.09, -0.09, -0.09, -0.02, 0.04, -0.02, -0.06, -0.08, -0.06, -0.09, -0.15, -0.09, -0.09, -0.09, -0.09, -0.09, -0.09, -0.09, -0.09, -0.09, 
-0.09, -0.09, -0.09, -0.09, -0.09, -0.09, -0.09, -0.09, -0.09, -0.09, -0.09, -0.06, -0.02, -0.06, -0.02, 0.04, -0.02, -0.09, -0.09, -0.09, -0.09, -0.09, -0.09, -0.09, -0.09, -0.09, -0.09, -0.09, 
-0.09, -0.09, -0.09, -0.09, -0.09, -0.09, -0.09, -0.09, -0.09, -0.09, -0.09, -0.09, -0.09, -0.09, -0.06, -0.02, -0.06, -0.09, -0.09, -0.09, -0.09, -0.09, -0.09, -0.09, -0.09, -0.09, -0.09, -0.09, 
-0.09, -0.09, -0.09, -0.09, -0.09, -0.09, -0.09, -0.09, -0.09, -0.09, -0.09, -0.09, -0.09, -0.09, -0.09, -0.09, -0.09, -0.09, -0.09, -0.09, -0.09, -0.09, -0.09, -0.09, -0.09, -0.09, -0.09, -0.09, 
-- optimal policy --
r  r  v  r  v  r  >  >  >  >  r  r  r  v  l  v  v  l  l  r  v  v  l  v  l  <  <  <  
r  r  v  v  r  v  r  >  >  >  >  r  r  v  l  v  l  l  <  r  r  v  v  v  l  L  L  v  
r  r  r  v  v  r  v  l  >  >  >  >  r  r  v  l  l  <  l  >  r  r  v  l  <  l  r  v  
r  r  r  r  r  v  v  v  v  >  R  R  >  >  r  v  l  l  <  R  >  >  r  <  l  l  l  l  
v  r  r  r  v  l  r  v  v  r  >  R  R  R  >  L  <  <  L  R  R  R  ^  L  <  <  <  <  
v  l  r  r  r  v  v  r  v  v  l  ^  L  R  R  ^  L  <  <  ^  L  R  R  ^  L  <  L  <  
r  r  v  r  r  r  v  r  v  l  l  <  L  l  R  ^  L  L  <  l  L  r  R  ^  L  L  L  <  
r  r  v  v  r  r  r  v  l  l  <  <  <  <  ^  r  v  l  L  l  <  r  >  R  ^  L  L  L  
r  r  r  v  v  r  >  l  <  <  L  L  r  v  l  v  l  <  l  l  L  >  r  v  l  ^  L  L  
>  r  r  r  v  l  R  ^  L  L  L  l  r  r  v  l  l  l  v  l  r  r  v  l  l  l  ^  L  
>  >  r  r  v  l  l  L  L  r  v  l  r  r  v  l  l  l  r  r  v  l  l  l  l  <  <  ^  
R  >  >  >  <  <  <  l  r  >  >  <  v  >  <  <  <  <  r  r  v  l  l  <  <  <  L  <  
>  >  R  R  ^  r  v  l  l  R  ^  r  v  l  ^  L  L  L  >  >  v  <  <  L  L  <  <  <  
>  R  R  R  >  >  >  <  <  R  ^  >  ^  <  <  ^  L  >  R  R  ^  L  L  L  <  <  L  <  
R  R  R  >  R  R  ^  L  L  L  R  R  ^  L  L  <  L  R  R  R  ^  L  ^  L  L  L  L  L  
R  R  >  R  R  R  ^  L  L  L  r  R  ^  L  L  L  L  R  R  ^  L  ^  L  ^  L  L  R  ^  
R  R  R  R  R  R  ^  L  L  r  r  r  v  l  l  l  l  v  l  L  L  R  ^  L  L  l  l  l  
>  R  R  R  ^  L  L  R  >  >  r  r  v  l  l  l  v  l  l  <  l  R  ^  ^  L  <  l  <  
R  R  R  R  ^  L  r  R  >  r  >  >  v  <  r  v  l  l  <  L  <  l  ^  ^  ^  L  <  <  
R  R  R  ^  ^  L  r  r  >  >  R  R  ^  L  >  v  <  <  <  l  <  l  l  ^  L  ^  L  L  
R  R  ^  ^  ^  r  >  >  >  R  R  R  ^  L  R  ^  L  L  <  l  l  <  <  L  ^  L  ^  L  
^  ^  ^  L  >  >  R  R  R  R  R  R  ^  R  R  ^  L  L  L  <  <  L  <  <  <  ^  L  ^  
Correct actions (%) : 6.32
Avg angular diffs   : 100.42
