arguments: 33 16 1 -0.00207987 0.828619 -0.00291181 -0.166389
loading features...

Initializing gridworld of size 28 by 22..
    Num states: 616
    Num actions: 8
recovered reward
-0.17, -0.17, 0.04, 0.25, 0.04, -0.17, -0.17, -0.17, -0.17, -0.17, -0.17, -0.17, -0.17, -0.17, -0.17, -0.17, -0.17, -0.17, -0.17, -0.17, -0.17, -0.17, -0.17, -0.17, -0.17, -0.17, -0.17, -0.17, 
-0.17, -0.17, 0.25, 0.66, 0.25, -0.17, -0.17, -0.17, -0.17, -0.17, -0.17, -0.17, -0.17, -0.17, -0.17, -0.17, 0.04, 0.25, 0.04, -0.17, -0.17, -0.17, -0.17, -0.17, -0.17, -0.17, -0.17, -0.17, 
-0.17, -0.17, 0.04, 0.25, 0.04, -0.17, -0.17, -0.17, -0.17, -0.17, -0.17, -0.17, -0.17, -0.17, -0.17, -0.17, 0.25, 0.66, 0.25, -0.17, -0.17, -0.17, -0.17, -0.17, -0.17, -0.17, -0.17, -0.17, 
-0.17, -0.17, 0.04, 0.25, 0.04, -0.17, -0.17, -0.17, -0.17, -0.17, -0.17, -0.17, -0.17, -0.17, -0.17, -0.17, 0.04, 0.25, 0.04, -0.17, -0.17, -0.17, -0.17, -0.17, -0.17, -0.17, -0.17, -0.17, 
-0.17, -0.17, -0.17, -0.17, -0.17, -0.17, -0.17, -0.17, -0.17, -0.17, -0.17, -0.17, -0.17, -0.17, -0.17, -0.17, -0.17, -0.17, -0.17, -0.17, -0.17, -0.17, -0.17, -0.17, -0.17, -0.17, -0.17, -0.17, 
-0.17, -0.17, 0.04, 0.25, 0.04, -0.17, -0.17, -0.17, -0.17, -0.17, -0.17, -0.17, -0.17, -0.17, -0.17, -0.17, -0.17, -0.17, -0.17, -0.17, -0.17, -0.17, -0.17, -0.17, -0.17, -0.17, -0.17, -0.17, 
-0.17, -0.17, 0.25, 0.66, 0.25, -0.17, -0.17, -0.17, -0.17, -0.17, -0.17, -0.17, -0.17, -0.17, -0.17, -0.17, -0.17, -0.17, -0.17, -0.17, -0.17, -0.17, -0.17, -0.17, -0.17, -0.17, -0.17, -0.17, 
-0.17, -0.17, 0.03, 0.25, 0.04, -0.17, -0.17, -0.17, -0.17, -0.17, -0.17, -0.17, -0.17, -0.17, 0.04, 0.25, 0.04, -0.17, -0.17, -0.17, -0.17, -0.17, -0.17, -0.17, -0.17, -0.17, -0.17, -0.17, 
-0.17, -0.17, -0.17, -0.17, -0.17, -0.17, -0.17, -0.17, -0.17, -0.17, -0.17, -0.17, -0.17, -0.17, 0.25, 0.66, 0.25, -0.17, 0.04, 0.25, 0.04, -0.17, -0.17, -0.17, -0.17, -0.17, -0.17, -0.17, 
-0.17, -0.17, -0.17, -0.17, -0.17, -0.17, -0.17, -0.17, -0.17, -0.17, -0.17, -0.17, 0.04, 0.25, 0.04, 0.24, 0.04, -0.17, 0.24, 0.66, 0.25, -0.17, -0.17, -0.17, -0.17, -0.17, -0.17, -0.17, 
-0.17, 0.04, 0.25, 0.04, -0.17, -0.17, -0.17, -0.17, -0.17, -0.17, -0.17, -0.17, 0.25, 0.66, 0.25, -0.17, -0.17, -0.17, 0.04, 0.25, 0.04, -0.17, -0.17, -0.17, -0.17, -0.17, -0.17, -0.17, 
-0.17, 0.25, 0.66, 0.25, -0.17, -0.17, -0.17, -0.17, -0.17, -0.17, -0.17, -0.17, 0.04, 0.25, 0.04, -0.17, -0.17, -0.17, -0.17, -0.17, -0.17, -0.17, -0.17, -0.17, -0.17, -0.17, -0.17, -0.17, 
-0.17, 0.04, 0.25, 0.04, -0.17, -0.17, -0.17, -0.17, -0.17, -0.17, -0.17, -0.17, -0.17, -0.17, -0.17, -0.17, -0.17, -0.17, -0.17, -0.17, -0.17, -0.17, -0.17, -0.17, 0.04, 0.25, 0.04, -0.17, 
-0.17, -0.17, -0.17, -0.17, -0.17, -0.17, -0.17, -0.17, -0.17, -0.17, -0.17, -0.17, -0.17, -0.17, -0.17, -0.17, -0.17, -0.17, -0.17, -0.17, -0.17, -0.17, -0.17, -0.17, 0.25, 0.66, 0.25, -0.17, 
-0.17, -0.17, -0.17, -0.17, -0.17, -0.17, -0.17, 0.04, 0.25, 0.04, 0.04, -0.17, -0.17, -0.17, -0.17, -0.17, -0.17, -0.17, -0.17, -0.17, -0.17, -0.17, -0.17, -0.17, 0.04, 0.25, 0.04, -0.17, 
-0.17, -0.17, -0.17, -0.17, -0.17, -0.17, -0.17, 0.25, 0.66, 0.25, 0.25, -0.17, -0.17, -0.17, -0.17, -0.17, -0.17, -0.17, -0.17, -0.17, -0.17, -0.17, -0.17, -0.17, -0.17, -0.17, -0.17, -0.17, 
-0.17, -0.17, -0.17, -0.17, -0.17, -0.17, -0.17, 0.04, 0.25, 0.04, 0.04, -0.17, -0.17, -0.17, -0.17, -0.17, -0.17, -0.17, -0.17, -0.17, -0.17, -0.17, -0.17, -0.17, -0.17, -0.17, -0.17, -0.17, 
-0.17, -0.17, -0.17, -0.17, -0.17, -0.17, -0.17, -0.17, -0.17, -0.17, -0.17, -0.17, -0.17, -0.17, -0.17, -0.17, -0.17, -0.17, -0.17, -0.17, -0.17, -0.17, -0.17, -0.17, -0.17, -0.17, -0.17, -0.17, 
-0.17, -0.17, -0.17, -0.17, -0.17, -0.17, -0.17, -0.17, 0.04, 0.25, 0.04, -0.17, -0.17, -0.17, -0.17, -0.17, -0.17, -0.17, -0.17, -0.17, -0.17, -0.17, -0.17, -0.17, -0.17, -0.17, -0.17, -0.17, 
-0.17, -0.17, -0.17, -0.17, -0.17, -0.17, -0.17, -0.17, 0.25, 0.66, 0.25, -0.17, -0.17, -0.17, -0.17, -0.17, -0.17, -0.17, -0.17, -0.17, -0.17, -0.17, -0.17, -0.17, -0.17, -0.17, -0.17, -0.17, 
-0.17, -0.17, -0.17, -0.17, -0.17, -0.17, -0.17, -0.17, 0.04, 0.25, 0.04, -0.17, -0.17, -0.17, -0.17, -0.17, -0.17, -0.17, -0.17, -0.17, -0.17, -0.17, -0.17, -0.17, -0.17, -0.17, -0.17, -0.17, 
-0.17, -0.17, -0.17, -0.17, -0.17, -0.17, -0.17, -0.17, -0.17, -0.17, -0.17, -0.17, -0.17, -0.17, -0.17, -0.17, -0.17, -0.17, -0.17, -0.17, -0.17, -0.17, -0.17, -0.17, -0.17, -0.17, -0.17, -0.17, 
-- optimal policy --
r  r  r  v  l  l  l  l  l  <  >  r  r  r  r  r  r  v  l  l  l  l  l  l  l  <  l  l  
>  >  >  ^  <  <  l  l  <  l  >  >  r  >  r  r  r  v  l  l  <  l  <  l  <  l  l  l  
R  R  R  ^  L  L  <  <  l  l  r  >  >  R  r  >  >  ^  <  <  <  <  L  <  L  l  l  l  
R  R  R  ^  L  L  L  l  l  l  r  r  R  >  >  R  R  ^  L  L  L  L  L  v  l  l  l  <  
r  r  r  v  l  l  l  l  l  v  r  r  r  >  R  R  R  ^  L  L  L  L  v  l  l  l  l  <  
>  r  r  v  l  l  l  <  <  r  v  r  r  r  r  R  ^  L  L  L  L  l  l  l  l  <  <  l  
R  >  >  ^  <  <  <  <  r  r  r  v  r  r  r  v  l  l  r  v  l  l  l  l  <  <  r  v  
R  R  R  ^  L  L  L  L  >  r  r  r  r  r  r  v  l  l  r  v  l  l  l  l  <  r  v  l  
r  R  R  ^  L  L  L  L  >  >  r  r  r  v  >  ^  <  <  r  v  l  l  <  l  v  v  v  v  
r  r  v  l  l  l  L  L  r  >  r  r  r  v  l  ^  L  L  >  ^  <  <  L  <  r  v  l  v  
r  r  v  l  l  <  l  L  >  >  >  >  >  >  <  <  L  R  R  ^  L  L  L  r  r  r  v  l  
>  >  >  <  <  L  <  l  l  R  R  R  R  ^  L  L  <  R  R  ^  L  L  r  r  r  v  l  l  
R  R  ^  L  L  L  r  v  l  v  R  R  R  ^  L  L  L  R  R  R  ^  L  >  r  r  v  l  l  
R  R  ^  L  L  L  r  r  v  l  l  l  R  ^  ^  L  L  L  R  R  ^  ^  R  >  >  >  <  <  
R  R  ^  L  L  >  r  r  v  l  l  l  l  ^  ^  ^  L  L  L  ^  ^  r  >  R  R  ^  L  L  
R  ^  R  ^  L  >  >  >  <  <  <  <  <  <  ^  ^  ^  L  L  L  R  >  R  R  R  ^  L  L  
^  ^  L  L  R  R  R  R  ^  L  L  L  L  l  l  <  ^  ^  L  L  R  R  R  R  ^  R  ^  L  
^  L  L  r  >  R  R  R  ^  L  l  l  l  <  l  l  <  ^  L  >  R  R  R  R  R  ^  R  ^  
^  ^  >  >  R  R  r  r  r  v  l  l  l  l  l  <  l  <  >  R  R  R  R  R  R  R  R  ^  
^  R  R  R  R  >  >  >  >  >  <  <  l  l  l  l  <  <  R  R  R  R  R  R  ^  R  ^  ^  
>  >  R  R  >  R  R  R  R  ^  L  L  <  <  <  <  <  l  R  R  R  R  R  ^  R  ^  ^  L  
>  R  R  >  R  >  R  R  R  ^  L  L  L  L  L  L  <  <  R  R  R  ^  ^  R  ^  R  ^  L  
Correct actions (%) : 12.99
Avg angular diffs   : 89.42
