arguments: 33 19 2 0.260349 -0.402975 -0.271992 -0.064683

Initializing gridworld of size 28 by 22..
    Num states: 616
    Num actions: 8
recovered reward
-0.06, -0.06, -0.06, -0.06, -0.06, -0.06, -0.06, -0.06, -0.06, -0.06, -0.06, -0.06, -0.06, -0.06, -0.06, -0.06, -0.06, -0.06, -0.06, -0.06, -0.06, -0.06, -0.06, -0.06, -0.06, -0.06, -0.06, -0.06, 
-0.06, -0.06, -0.06, -0.06, -0.06, -0.06, -0.06, -0.06, -0.06, -0.06, -0.06, -0.06, -0.06, -0.06, -0.06, -0.06, -0.06, -0.06, -0.06, -0.06, -0.06, -0.06, -0.06, -0.06, -0.06, -0.06, -0.06, -0.06, 
-0.06, -0.06, -0.06, -0.06, -0.06, -0.06, -0.06, -0.06, -0.06, -0.06, -0.06, -0.06, -0.06, -0.06, -0.06, -0.06, -0.06, -0.06, -0.06, -0.06, -0.06, -0.06, -0.06, -0.06, -0.06, -0.06, -0.06, -0.06, 
-0.06, -0.06, -0.06, -0.06, -0.06, -0.06, -0.06, -0.06, -0.06, -0.06, -0.06, -0.06, -0.06, -0.06, -0.06, -0.06, -0.06, -0.06, -0.06, -0.06, -0.06, -0.06, -0.06, -0.06, -0.06, -0.06, -0.06, -0.06, 
-0.06, -0.06, -0.06, -0.06, -0.06, -0.06, -0.06, -0.06, -0.06, -0.06, -0.06, -0.06, -0.06, -0.06, -0.06, -0.06, -0.06, -0.06, -0.06, -0.06, -0.06, -0.06, -0.06, -0.06, -0.06, -0.06, -0.06, -0.06, 
-0.06, -0.06, -0.06, -0.06, -0.06, -0.06, -0.06, -0.06, -0.06, -0.06, -0.06, -0.06, -0.06, -0.06, -0.06, -0.06, -0.06, -0.06, -0.06, -0.06, -0.06, -0.06, -0.06, -0.06, -0.06, -0.06, -0.06, -0.06, 
-0.06, -0.06, -0.06, -0.06, -0.06, -0.06, -0.06, -0.06, -0.06, -0.06, -0.06, -0.06, -0.06, -0.06, -0.06, -0.06, -0.06, -0.06, -0.06, -0.06, -0.06, -0.06, -0.06, -0.06, -0.06, -0.06, -0.06, -0.06, 
-0.06, -0.06, -0.06, -0.06, -0.06, -0.06, -0.06, -0.06, -0.06, -0.06, -0.06, -0.06, -0.06, -0.06, -0.06, -0.06, -0.06, -0.06, -0.06, -0.06, -0.06, -0.06, -0.06, -0.06, -0.06, -0.06, -0.06, -0.06, 
-0.06, -0.06, -0.06, -0.06, -0.06, -0.06, -0.06, -0.06, -0.06, -0.06, -0.06, -0.06, -0.06, -0.06, -0.06, -0.06, -0.06, -0.06, -0.06, -0.06, -0.06, -0.06, -0.06, -0.06, -0.06, -0.06, -0.06, -0.06, 
-0.06, -0.06, -0.06, -0.06, -0.06, -0.06, -0.06, -0.06, -0.06, -0.06, -0.06, -0.06, -0.06, -0.06, -0.06, -0.06, -0.06, -0.06, -0.06, -0.06, -0.06, -0.06, -0.06, -0.06, -0.06, -0.06, -0.06, -0.06, 
-0.06, -0.06, -0.06, -0.06, -0.06, -0.06, -0.06, -0.06, -0.06, -0.06, -0.06, -0.06, -0.06, -0.06, -0.06, -0.06, -0.06, -0.06, -0.06, -0.06, -0.06, -0.06, -0.06, -0.06, -0.06, -0.06, -0.06, -0.06, 
-0.06, -0.06, -0.06, -0.06, -0.06, -0.06, -0.06, -0.06, -0.06, -0.06, -0.06, -0.06, -0.06, -0.06, -0.06, -0.06, -0.06, -0.06, -0.06, -0.06, -0.06, -0.06, -0.06, -0.06, -0.06, -0.06, -0.06, -0.06, 
-0.06, -0.06, -0.06, -0.06, -0.06, -0.06, -0.06, -0.06, -0.06, -0.06, -0.06, -0.06, -0.06, -0.06, -0.06, -0.06, -0.06, -0.06, -0.06, -0.06, -0.06, -0.06, -0.06, -0.06, -0.06, -0.06, -0.06, -0.06, 
-0.06, -0.06, -0.06, -0.06, -0.06, -0.06, -0.06, -0.06, -0.06, -0.06, -0.06, -0.06, -0.06, -0.06, -0.06, -0.06, -0.06, -0.06, -0.06, -0.06, -0.06, -0.06, -0.06, -0.06, -0.06, -0.06, -0.06, -0.06, 
-0.06, -0.06, -0.06, -0.06, -0.06, -0.06, -0.06, -0.06, -0.06, -0.06, -0.06, -0.06, -0.06, -0.06, -0.06, -0.06, -0.06, -0.06, -0.06, -0.06, -0.06, -0.06, -0.06, -0.06, -0.06, -0.06, -0.06, -0.06, 
-0.06, -0.06, -0.06, -0.06, -0.06, -0.06, -0.06, -0.06, -0.06, -0.06, -0.06, -0.06, -0.06, -0.06, -0.06, -0.06, -0.06, -0.06, -0.06, -0.06, -0.06, -0.06, -0.06, -0.06, -0.06, -0.06, -0.06, -0.06, 
-0.06, -0.06, -0.06, -0.06, -0.06, -0.06, -0.06, -0.06, -0.06, -0.06, -0.06, -0.06, -0.06, -0.06, -0.06, -0.06, -0.06, -0.06, -0.06, -0.06, -0.06, -0.06, -0.06, -0.06, -0.06, -0.06, -0.06, -0.06, 
-0.06, -0.06, -0.06, -0.06, -0.06, -0.06, -0.06, -0.06, -0.06, -0.06, -0.06, -0.06, -0.06, -0.06, -0.06, -0.06, -0.06, -0.06, -0.06, -0.06, -0.06, -0.06, -0.06, -0.06, -0.06, -0.06, -0.06, -0.06, 
-0.06, -0.06, -0.06, -0.06, -0.06, -0.06, -0.06, -0.06, -0.06, -0.06, -0.06, -0.06, -0.06, -0.06, -0.06, -0.06, -0.06, -0.06, -0.06, -0.06, -0.06, -0.06, -0.06, -0.06, -0.06, -0.06, -0.06, -0.06, 
-0.06, -0.06, -0.06, -0.06, -0.06, -0.06, -0.06, -0.06, -0.06, -0.06, -0.06, -0.06, -0.06, -0.06, -0.06, -0.06, -0.06, -0.06, -0.06, -0.06, -0.06, -0.06, -0.06, -0.06, -0.06, -0.06, -0.06, -0.06, 
-0.06, -0.06, -0.06, -0.06, -0.06, -0.06, -0.06, -0.06, -0.06, -0.06, -0.06, -0.06, -0.06, -0.06, -0.06, -0.06, -0.06, -0.06, -0.06, -0.06, -0.06, -0.06, -0.06, -0.06, -0.06, -0.06, -0.06, -0.06, 
-0.06, -0.06, -0.06, -0.06, -0.06, -0.06, -0.06, -0.06, -0.06, -0.06, -0.06, -0.06, -0.06, -0.06, -0.06, -0.06, -0.06, -0.06, -0.06, -0.06, -0.06, -0.06, -0.06, -0.06, -0.06, -0.06, -0.06, -0.06, 
-- optimal policy --
l  ^  >  R  l  ^  >  r  v  R  L  l  v  L  R  v  >  r  ^  R  l  v  r  R  R  >  R  R  
>  l  r  v  l  <  l  L  >  <  L  L  r  ^  >  ^  L  ^  v  r  ^  <  L  l  >  >  >  ^  
l  v  l  v  r  R  >  R  ^  v  <  >  >  l  r  <  l  <  <  >  >  L  <  >  l  r  v  v  
<  R  <  v  l  ^  <  R  R  R  <  R  r  L  ^  <  <  ^  R  v  <  r  L  R  >  l  ^  v  
R  <  >  ^  r  R  v  R  R  >  <  <  v  L  ^  ^  v  ^  <  >  ^  r  L  >  r  ^  ^  <  
r  v  L  L  >  r  L  <  L  R  r  v  v  v  >  <  R  >  <  l  L  L  <  L  L  l  r  >  
r  ^  R  l  v  v  <  L  ^  r  l  L  L  R  R  R  l  v  r  >  L  v  <  ^  l  L  R  <  
<  L  R  v  L  <  r  R  L  <  v  L  v  r  v  R  L  l  >  <  r  <  l  L  L  ^  L  <  
L  v  L  l  l  v  ^  <  >  r  ^  r  v  v  L  <  v  R  ^  R  >  >  ^  >  R  l  r  v  
l  >  >  <  R  r  ^  >  ^  ^  R  L  ^  R  >  v  r  r  L  ^  L  L  R  ^  r  R  >  L  
>  <  l  v  R  v  >  <  v  L  R  v  L  >  R  L  ^  v  l  r  ^  <  r  R  l  R  R  R  
<  ^  v  l  <  r  r  r  v  >  <  <  r  r  >  >  <  v  ^  >  <  l  <  <  ^  <  r  l  
r  L  >  v  L  L  r  l  L  r  l  R  <  ^  r  v  r  <  L  <  >  L  R  R  <  r  ^  <  
v  r  ^  ^  L  >  <  ^  ^  v  r  L  ^  R  v  <  R  ^  >  L  <  ^  l  l  L  >  >  r  
>  >  v  L  >  <  R  r  R  r  r  R  ^  l  v  v  >  <  >  ^  <  r  R  R  r  >  >  >  
r  l  <  <  <  L  l  R  l  >  L  >  <  >  v  >  <  <  L  R  R  r  l  r  l  >  L  R  
l  r  v  R  l  >  r  ^  r  l  R  R  v  v  v  L  L  <  r  l  L  >  L  v  <  <  v  v  
R  R  l  >  R  r  v  >  >  ^  >  <  l  ^  ^  ^  v  v  L  R  >  >  L  r  l  ^  v  ^  
<  <  v  r  r  ^  <  L  r  >  r  <  L  <  R  <  <  R  <  >  l  l  v  v  v  R  ^  r  
R  v  ^  r  >  v  l  >  v  ^  r  v  L  r  >  ^  v  ^  <  L  R  R  r  >  >  ^  L  R  
R  R  L  <  l  L  v  <  l  r  R  r  ^  L  ^  L  >  L  L  R  L  l  v  <  >  ^  R  r  
v  <  L  l  r  ^  v  R  R  <  r  >  <  L  <  <  v  >  l  L  r  <  v  >  ^  <  R  L  
