arguments: 34 12 4 0.130639 0.743108 -0.00093985 -0.125313
loading features...

Initializing gridworld of size 28 by 22..
    Num states: 616
    Num actions: 8
recovered reward
-0.13, -0.13, -0.13, -0.13, -0.13, -0.13, -0.13, -0.13, -0.13, -0.13, -0.13, -0.13, -0.13, -0.13, -0.13, -0.13, -0.13, -0.13, -0.13, -0.13, -0.13, -0.13, -0.13, -0.13, -0.13, -0.13, -0.13, -0.13, 
-0.13, -0.13, -0.13, -0.13, -0.13, -0.13, -0.13, -0.13, -0.13, -0.13, -0.13, -0.13, -0.13, -0.13, -0.09, -0.06, -0.09, -0.13, -0.13, -0.13, 0.06, 0.25, 0.06, -0.13, -0.13, -0.13, -0.13, -0.13, 
-0.13, -0.13, -0.13, 0.06, 0.25, 0.06, 0.25, 0.06, -0.13, -0.13, -0.13, -0.13, -0.13, -0.13, -0.06, 0.01, -0.06, -0.13, -0.09, -0.06, 0.28, 0.62, 0.25, -0.13, -0.13, -0.13, -0.13, -0.13, 
-0.13, -0.13, -0.13, 0.25, 0.62, 0.25, 0.62, 0.25, -0.13, -0.13, -0.13, -0.13, -0.13, -0.13, -0.09, -0.06, -0.09, -0.09, -0.06, 0.01, 0.13, 0.25, 0.06, -0.13, -0.13, -0.13, -0.13, -0.13, 
-0.13, -0.13, -0.13, 0.06, 0.25, 0.06, 0.25, 0.06, 0.25, 0.06, -0.13, -0.13, -0.13, -0.13, -0.13, -0.06, 0.01, -0.06, -0.09, -0.06, -0.09, -0.13, -0.13, -0.13, -0.13, -0.13, -0.13, -0.13, 
-0.13, -0.13, -0.13, -0.13, -0.13, -0.13, -0.13, 0.25, 0.62, 0.25, -0.09, -0.06, -0.09, -0.13, -0.13, -0.09, -0.06, -0.09, -0.13, -0.09, -0.06, -0.09, -0.13, -0.13, -0.13, -0.13, -0.13, -0.13, 
-0.13, -0.13, -0.13, -0.13, -0.13, -0.13, -0.13, 0.06, 0.25, 0.06, -0.06, 0.01, -0.06, -0.13, -0.13, -0.13, -0.13, -0.13, -0.13, -0.06, 0.01, -0.06, -0.13, -0.13, -0.13, -0.13, -0.13, -0.13, 
-0.13, -0.13, -0.13, -0.13, -0.13, -0.13, -0.13, -0.13, -0.13, -0.13, -0.09, -0.06, -0.09, -0.13, -0.13, -0.13, -0.13, -0.13, -0.13, -0.09, -0.06, -0.09, -0.13, -0.13, -0.13, -0.13, -0.13, -0.13, 
-0.13, -0.13, -0.13, -0.13, -0.13, -0.13, -0.13, -0.13, -0.13, -0.13, -0.13, -0.13, -0.13, -0.13, -0.13, -0.13, -0.13, -0.13, -0.13, -0.13, -0.13, -0.13, -0.13, -0.13, -0.13, -0.13, -0.13, -0.13, 
-0.13, -0.13, -0.13, -0.13, -0.13, -0.09, -0.06, -0.09, -0.13, -0.13, -0.13, -0.13, -0.13, -0.13, -0.13, -0.13, -0.13, 0.06, 0.25, 0.06, -0.13, -0.13, -0.13, -0.13, -0.13, -0.13, -0.13, -0.13, 
-0.13, -0.13, -0.13, -0.13, -0.13, -0.06, 0.01, -0.06, -0.13, -0.13, -0.13, -0.13, -0.13, -0.13, -0.13, 0.06, 0.25, 0.25, 0.62, 0.25, -0.13, -0.13, -0.13, -0.13, -0.13, -0.13, -0.13, -0.13, 
-0.13, -0.13, -0.13, -0.13, -0.13, -0.09, -0.06, -0.09, -0.13, -0.13, 0.06, 0.25, 0.06, -0.13, -0.13, 0.25, 0.62, 0.06, 0.25, 0.06, 0.25, 0.06, -0.13, -0.13, -0.13, -0.13, -0.13, -0.13, 
-0.13, -0.13, -0.13, -0.13, -0.13, -0.13, -0.13, -0.13, -0.13, -0.13, 0.25, 0.62, 0.25, -0.13, -0.13, 0.06, 0.25, 0.06, -0.13, 0.25, 0.62, 0.25, -0.13, -0.13, -0.13, -0.13, -0.13, -0.13, 
-0.13, -0.13, -0.13, -0.13, -0.13, -0.13, -0.13, -0.13, -0.13, -0.13, 0.06, 0.25, 0.06, -0.13, -0.13, -0.13, -0.13, -0.13, -0.13, 0.06, 0.25, 0.06, -0.13, -0.13, -0.13, -0.13, -0.13, -0.13, 
-0.13, -0.13, -0.13, -0.13, -0.13, -0.13, -0.13, -0.13, -0.13, -0.13, -0.13, -0.13, -0.09, -0.06, -0.09, -0.13, -0.13, -0.13, -0.09, -0.06, -0.09, -0.09, -0.13, -0.13, -0.13, -0.13, -0.13, -0.13, 
-0.13, -0.13, -0.13, -0.13, -0.13, -0.13, -0.13, -0.13, -0.13, -0.13, -0.13, -0.09, 0.13, 0.38, 0.13, -0.13, -0.09, -0.06, -0.06, 0.01, -0.06, -0.06, -0.13, -0.13, -0.13, -0.13, -0.13, -0.13, 
-0.13, -0.13, -0.13, -0.13, -0.13, -0.13, -0.13, -0.13, -0.13, -0.13, -0.13, -0.06, 0.28, 0.68, 0.28, -0.13, -0.06, 0.01, -0.09, -0.06, -0.09, -0.09, -0.13, -0.13, -0.13, -0.13, -0.13, -0.13, 
-0.13, -0.13, 0.06, 0.25, 0.06, -0.13, -0.13, -0.13, -0.13, -0.13, -0.13, -0.09, 0.09, 0.31, 0.09, -0.13, -0.09, -0.06, -0.09, -0.13, -0.13, 0.06, 0.25, 0.06, -0.13, -0.13, -0.13, -0.13, 
-0.13, -0.13, 0.25, 0.62, 0.25, -0.13, -0.13, -0.13, -0.13, -0.13, -0.13, -0.13, 0.13, 0.38, 0.13, -0.13, -0.13, -0.13, -0.13, -0.13, -0.13, 0.25, 0.62, 0.25, -0.13, -0.13, -0.13, -0.13, 
-0.13, -0.13, 0.06, 0.25, 0.06, -0.13, -0.13, -0.13, -0.13, -0.13, -0.13, -0.13, -0.09, -0.06, -0.09, -0.13, -0.13, -0.13, -0.13, -0.13, -0.13, 0.06, 0.25, 0.06, -0.13, -0.13, -0.13, -0.13, 
-0.13, -0.13, -0.13, -0.13, -0.13, -0.13, -0.13, -0.13, -0.13, -0.13, -0.13, -0.13, -0.13, -0.13, -0.13, -0.13, -0.13, -0.13, -0.13, -0.13, -0.13, -0.13, -0.13, -0.13, -0.13, -0.13, -0.13, -0.13, 
-0.13, -0.13, -0.13, -0.13, -0.13, -0.13, -0.13, -0.13, -0.13, -0.13, -0.13, -0.13, -0.13, -0.13, -0.13, -0.13, -0.13, -0.13, -0.13, -0.13, -0.13, -0.13, -0.13, -0.13, -0.13, -0.13, -0.13, -0.13, 
-- optimal policy --
r  r  r  r  v  v  l  v  l  l  l  l  r  r  r  v  l  l  r  r  r  v  l  l  l  l  l  <  
>  r  r  r  v  l  v  l  l  l  l  l  >  r  r  v  l  r  r  r  r  v  l  l  <  <  <  <  
r  >  r  r  v  r  v  l  l  l  l  l  l  >  >  <  <  r  r  >  >  <  <  <  L  L  <  <  
r  >  >  >  ^  >  <  <  <  l  l  l  l  R  R  r  v  l  >  R  R  ^  L  L  <  L  <  <  
>  >  R  R  ^  R  ^  L  v  l  l  l  l  l  R  >  L  <  R  R  R  ^  L  L  L  <  L  L  
R  R  R  R  ^  L  >  >  ^  <  <  l  l  l  R  R  ^  L  R  ^  L  L  ^  L  L  L  L  <  
R  R  R  R  ^  L  R  R  ^  L  L  <  <  <  R  R  ^  L  >  >  ^  <  <  ^  L  L  L  L  
R  R  R  ^  ^  R  R  R  ^  L  L  L  L  L  v  r  r  v  l  R  ^  L  L  <  ^  L  L  L  
R  R  ^  r  r  r  R  ^  ^  ^  L  L  L  r  r  r  r  r  v  l  l  l  L  l  l  l  L  <  
R  ^  r  r  r  r  v  l  l  r  v  v  v  l  r  r  v  r  v  l  l  l  l  l  l  l  l  L  
R  >  >  >  >  >  >  <  r  r  r  v  l  l  r  r  v  >  >  <  <  l  l  l  <  <  <  L  
v  >  R  R  R  R  ^  L  >  r  r  v  l  l  >  >  <  R  ^  L  v  l  l  <  l  L  l  <  
r  v  R  R  R  R  ^  L  R  >  >  v  <  <  R  R  ^  L  ^  >  <  <  <  l  <  l  <  v  
v  r  v  R  R  ^  L  >  >  R  R  ^  L  L  R  R  ^  L  R  R  ^  L  L  <  l  <  l  l  
r  v  l  v  v  v  l  >  R  R  R  ^  r  v  l  l  l  ^  R  R  ^  L  L  L  <  l  l  l  
r  r  v  l  l  l  l  R  R  R  r  r  r  v  l  l  <  v  R  ^  L  L  L  v  l  l  l  <  
r  r  r  v  l  l  l  <  R  >  >  >  >  ^  <  <  <  R  R  ^  r  r  v  l  l  l  l  L  
>  r  r  v  l  l  <  <  r  >  R  R  R  ^  L  L  <  ^  L  >  r  r  v  l  l  <  <  <  
R  >  >  <  <  <  <  l  >  R  R  R  R  ^  L  L  L  ^  L  >  >  >  v  <  <  L  L  L  
>  R  R  ^  L  L  L  <  R  R  R  R  R  ^  L  L  L  L  R  R  R  R  ^  L  L  <  l  <  
R  R  R  ^  L  L  L  L  R  R  R  R  R  ^  L  L  L  L  R  R  R  R  ^  L  L  L  <  <  
R  R  R  ^  L  L  L  L  L  R  R  R  ^  ^  L  L  L  L  R  R  R  ^  R  ^  L  L  L  L  
Correct actions (%) : 7.59
Avg angular diffs   : 87.52
