arguments: 34 6 1 0.00231238 -0.279929 0.00698031 -0.710778
loading features...

Initializing gridworld of size 28 by 22..
    Num states: 616
    Num actions: 8
recovered reward
-0.71, -0.71, -0.71, -0.71, -0.71, -0.71, -0.70, -0.71, -0.71, -0.69, -0.71, -0.71, -0.71, -0.69, -0.71, -0.71, -0.71, -0.69, -0.71, -0.71, -0.69, -0.71, -0.69, -0.71, -0.71, -0.69, -0.71, -0.71, 
-0.71, -0.71, -0.71, -0.70, -0.71, -0.71, -0.71, -0.71, -0.71, -0.71, -0.71, -0.71, -0.71, -0.71, -0.71, -0.71, -0.71, -0.71, -0.71, -0.71, -0.71, -0.71, -0.71, -0.71, -0.71, -0.71, -0.71, -0.71, 
-0.71, -0.70, -0.71, -0.71, -0.71, -0.71, -0.71, -0.71, -0.71, -0.71, -0.71, -0.71, -0.71, -0.71, -0.71, -0.71, -0.71, -0.71, -0.71, -0.71, -0.99, -0.71, -0.71, -0.71, -0.71, -0.71, -0.71, -0.71, 
-0.70, -0.71, -0.71, -0.71, -0.71, -0.71, -0.71, -0.71, -0.71, -0.71, -0.71, -0.71, -0.71, -0.71, -0.71, -0.99, -0.71, -0.71, -0.71, -0.99, -0.71, -0.71, -0.71, -0.71, -0.71, -0.71, -0.71, -0.71, 
-0.71, -0.71, -0.71, -0.71, -0.71, -0.71, -0.71, -0.71, -0.71, -0.71, -0.71, -0.71, -0.71, -0.71, -0.71, -0.71, -0.71, -0.71, -0.71, -0.71, -0.71, -0.71, -0.71, -0.71, -0.71, -0.71, -0.71, -0.71, 
-0.71, -0.71, -0.71, -0.71, -0.71, -0.71, -0.71, -0.71, -0.71, -0.71, -0.71, -0.71, -0.71, -0.71, -0.71, -0.71, -0.71, -0.71, -0.71, -0.71, -0.71, -0.71, -0.71, -0.99, -0.71, -0.71, -0.71, -0.71, 
-0.70, -0.71, -0.71, -0.71, -0.71, -0.71, -0.71, -0.71, -0.71, -0.71, -0.71, -0.71, -0.71, -0.71, -0.71, -0.71, -0.71, -0.71, -0.71, -0.71, -0.71, -0.71, -0.71, -0.71, -0.71, -0.71, -0.71, -0.71, 
-0.71, -0.71, -0.70, -0.71, -0.71, -0.70, -0.71, -0.71, -0.71, -0.71, -0.71, -0.71, -0.71, -0.71, -0.71, -0.71, -0.71, -0.71, -0.71, -0.71, -0.71, -0.71, -0.71, -0.71, -0.71, -0.71, -0.71, -0.71, 
-0.71, -0.71, -0.71, -0.71, -0.71, -0.71, -0.71, -0.71, -0.71, -0.71, -0.71, -0.71, -0.71, -0.71, -0.99, -0.71, -0.71, -0.71, -0.71, -0.71, -0.71, -0.71, -0.71, -0.71, -0.71, -0.71, -0.71, -0.71, 
-0.71, -0.71, -0.71, -0.71, -0.71, -0.71, -0.71, -0.71, -0.71, -0.70, -0.71, -0.71, -0.70, -0.71, -0.71, -0.70, -0.71, -0.71, -0.70, -0.71, -0.71, -0.71, -0.71, -0.71, -0.71, -0.71, -0.71, -0.71, 
-0.71, -0.71, -0.71, -0.71, -0.71, -0.71, -0.71, -0.71, -0.71, -0.71, -0.71, -0.71, -0.71, -0.71, -0.71, -0.71, -0.71, -0.71, -0.71, -0.71, -0.71, -0.70, -0.71, -0.71, -0.71, -0.71, -0.71, -0.71, 
-0.71, -0.71, -0.71, -0.71, -0.71, -0.71, -0.99, -0.71, -0.71, -0.71, -0.71, -0.71, -0.71, -0.71, -0.71, -0.71, -0.71, -0.71, -0.71, -0.71, -0.71, -0.71, -0.71, -0.71, -0.70, -0.71, -0.71, -0.71, 
-0.71, -0.71, -0.71, -0.71, -0.71, -0.71, -0.71, -0.71, -0.71, -0.71, -0.71, -0.71, -0.71, -0.71, -0.71, -0.71, -0.71, -0.71, -0.71, -0.71, -0.71, -0.71, -0.71, -0.71, -0.71, -0.71, -0.71, -0.71, 
-0.71, -0.71, -0.71, -0.71, -0.71, -0.71, -0.71, -0.71, -0.71, -0.71, -0.71, -0.71, -0.71, -0.71, -0.71, -0.71, -0.71, -0.71, -0.71, -0.71, -0.71, -0.71, -0.71, -0.71, -0.71, -0.71, -0.71, -0.71, 
-0.71, -0.71, -0.71, -0.71, -0.71, -0.71, -0.71, -0.71, -0.71, -0.71, -0.71, -0.71, -0.71, -0.71, -0.71, -0.71, -0.71, -0.71, -0.71, -0.71, -0.71, -0.71, -0.71, -0.71, -0.70, -0.71, -0.71, -0.71, 
-0.71, -0.71, -0.71, -0.71, -0.71, -0.71, -0.71, -0.71, -0.71, -0.71, -0.71, -0.71, -0.71, -0.71, -0.71, -0.71, -0.71, -0.71, -0.71, -0.71, -0.71, -0.99, -0.71, -0.71, -0.71, -0.71, -0.71, -0.71, 
-0.71, -0.71, -0.71, -0.71, -0.71, -0.71, -0.71, -0.71, -0.71, -0.71, -0.71, -0.71, -0.71, -0.71, -0.99, -0.71, -0.71, -0.99, -0.71, -0.71, -0.71, -0.71, -0.71, -0.99, -0.71, -0.71, -0.71, -0.71, 
-0.71, -0.71, -0.71, -0.71, -0.71, -0.71, -0.71, -0.71, -0.71, -0.71, -0.71, -0.99, -0.71, -0.71, -0.71, -0.71, -0.71, -0.71, -0.71, -0.71, -0.71, -0.71, -0.71, -0.71, -0.71, -0.71, -0.71, -0.71, 
-0.71, -0.71, -0.71, -0.71, -0.71, -0.71, -0.71, -0.71, -0.71, -0.71, -0.71, -0.71, -0.71, -0.71, -0.71, -0.71, -0.71, -0.71, -0.71, -0.71, -0.71, -0.71, -0.71, -0.71, -0.71, -0.71, -0.71, -0.71, 
-0.71, -0.71, -0.71, -0.71, -0.71, -0.71, -0.71, -0.71, -0.71, -0.71, -0.71, -0.71, -0.71, -0.71, -0.71, -0.71, -0.71, -0.71, -0.71, -0.71, -0.71, -0.71, -0.71, -0.71, -0.71, -0.71, -0.71, -0.71, 
-0.71, -0.71, -0.71, -0.71, -0.71, -0.71, -0.71, -0.71, -0.71, -0.71, -0.71, -0.71, -0.71, -0.71, -0.71, -0.71, -0.71, -0.71, -0.71, -0.71, -0.71, -0.71, -0.71, -0.71, -0.71, -0.71, -0.71, -0.71, 
-0.71, -0.71, -0.71, -0.71, -0.71, -0.71, -0.71, -0.71, -0.71, -0.71, -0.71, -0.71, -0.71, -0.71, -0.71, -0.71, -0.71, -0.71, -0.71, -0.71, -0.71, -0.71, -0.71, -0.71, -0.71, -0.71, -0.71, -0.71, 
-- optimal policy --
>  >  r  >  >  >  >  >  >  R  <  l  <  r  r  r  >  r  r  >  r  >  >  r  >  ^  <  <  
r  >  >  R  R  R  R  R  R  ^  L  <  L  r  r  >  R  r  >  R  >  R  r  >  R  ^  L  L  
>  R  R  R  R  R  R  R  ^  R  ^  L  L  r  >  R  R  >  R  R  R  r  >  R  ^  ^  ^  L  
R  R  R  R  R  R  R  ^  R  ^  L  L  L  >  R  R  >  R  ^  L  r  >  R  ^  R  ^  ^  L  
^  L  R  R  R  R  R  R  ^  R  ^  L  L  R  r  >  R  ^  ^  r  >  R  R  ^  L  R  ^  ^  
^  R  R  R  R  R  R  ^  R  ^  L  L  R  r  >  R  ^  >  r  >  R  R  ^  R  ^  ^  R  ^  
R  r  R  R  R  R  R  ^  ^  L  ^  R  r  >  R  R  >  R  >  R  ^  L  ^  R  ^  L  R  ^  
>  >  R  R  R  R  R  ^  L  ^  R  r  >  R  R  >  R  >  R  R  R  ^  L  R  R  ^  ^  L  
R  R  ^  L  R  ^  L  R  ^  R  r  >  R  R  r  R  >  R  R  R  ^  ^  L  L  ^  R  ^  ^  
R  ^  R  ^  L  ^  ^  L  R  r  >  R  R  r  >  >  R  R  R  ^  ^  L  ^  L  L  ^  ^  L  
R  ^  ^  L  ^  L  L  R  R  >  R  R  ^  >  R  R  R  R  ^  L  L  ^  L  ^  L  L  ^  ^  
^  L  L  ^  L  ^  R  R  >  R  R  ^  >  R  R  R  R  ^  ^  L  L  ^  L  ^  L  L  L  ^  
R  ^  L  L  ^  >  R  >  R  R  >  >  R  R  R  R  ^  R  ^  ^  L  L  L  L  ^  L  L  L  
^  L  R  ^  L  R  >  R  R  >  R  R  R  R  R  R  ^  L  R  ^  L  ^  L  L  R  ^  L  L  
R  R  ^  L  R  >  R  R  >  R  R  R  R  R  ^  L  ^  ^  L  R  ^  L  L  R  ^  R  ^  L  
R  ^  R  R  >  R  R  >  R  R  R  ^  R  ^  L  ^  L  R  ^  L  R  ^  R  R  ^  L  ^  ^  
^  R  R  R  R  R  >  R  R  R  ^  R  ^  L  ^  L  R  ^  L  ^  L  R  R  ^  L  L  L  ^  
^  R  R  R  R  >  R  R  R  ^  R  ^  L  ^  L  R  ^  L  ^  L  L  R  ^  L  ^  ^  L  L  
R  R  R  R  >  R  R  R  ^  R  ^  L  ^  L  R  ^  R  ^  L  ^  R  ^  L  ^  ^  L  ^  L  
R  R  R  >  R  R  R  ^  R  ^  L  R  ^  L  R  ^  L  R  ^  R  ^  R  ^  L  R  ^  L  ^  
R  R  ^  R  R  R  ^  R  ^  ^  R  ^  R  R  ^  ^  R  ^  R  ^  R  R  ^  ^  L  L  R  ^  
R  ^  R  R  R  ^  R  ^  R  R  ^  R  R  ^  R  R  ^  R  R  R  R  R  ^  L  L  L  R  ^  
Correct actions (%) : 11.11
Avg angular diffs   : 72.22
