arguments: 34 15 1 -0.363965 -0.530096 0.0256822 -0.0802568
loading features...

Initializing gridworld of size 28 by 22..
    Num states: 616
    Num actions: 8
recovered reward
-0.21, -0.35, -0.21, -0.08, -0.08, -0.08, -0.08, -0.08, -0.08, -0.08, -0.08, -0.08, -0.08, -0.08, -0.08, -0.08, -0.08, -0.08, -0.08, -0.08, -0.08, -0.08, -0.08, -0.17, -0.26, -0.17, -0.08, -0.08, 
-0.35, -0.61, -0.35, -0.17, -0.26, -0.17, -0.08, -0.17, -0.39, -0.44, -0.21, -0.08, -0.08, -0.08, -0.08, -0.08, -0.08, -0.08, -0.17, -0.26, -0.17, -0.08, -0.08, -0.26, -0.44, -0.21, -0.08, -0.08, 
-0.21, -0.35, -0.21, -0.26, -0.44, -0.26, -0.08, -0.26, -0.71, -0.79, -0.44, -0.08, -0.08, -0.08, -0.06, -0.08, -0.08, -0.08, -0.26, -0.44, -0.26, -0.08, -0.08, -0.17, -0.26, -0.17, -0.08, -0.08, 
-0.08, -0.08, -0.08, -0.17, -0.26, -0.17, -0.08, -0.17, -0.39, -0.44, -0.39, -0.06, -0.08, -0.08, -0.08, -0.08, -0.05, -0.08, -0.17, -0.26, -0.17, -0.08, -0.08, -0.03, -0.08, -0.08, -0.08, -0.08, 
-0.08, -0.08, -0.08, -0.08, -0.08, -0.08, -0.08, -0.08, -0.17, -0.24, -0.17, -0.08, -0.08, -0.08, -0.08, -0.08, -0.08, -0.08, -0.08, -0.08, -0.08, -0.08, -0.08, -0.08, -0.08, -0.08, -0.08, -0.08, 
-0.08, -0.08, -0.08, -0.08, -0.08, -0.08, -0.08, -0.08, -0.08, -0.08, -0.08, -0.08, -0.08, -0.08, -0.08, -0.17, -0.17, -0.26, -0.17, -0.08, -0.21, -0.35, -0.21, -0.08, -0.08, -0.08, -0.08, -0.08, 
-0.08, -0.08, -0.17, -0.26, -0.17, -0.08, -0.08, -0.06, -0.08, -0.08, -0.08, -0.08, -0.08, -0.08, -0.08, -0.26, -0.23, -0.44, -0.26, -0.08, -0.35, -0.70, -0.53, -0.12, -0.08, -0.08, -0.08, -0.08, 
-0.08, -0.08, -0.26, -0.44, -0.26, -0.08, -0.08, -0.08, -0.08, -0.08, -0.08, -0.08, -0.08, -0.08, -0.08, -0.17, -0.17, -0.26, -0.17, -0.08, -0.21, -0.53, -0.58, -0.26, -0.08, -0.08, -0.08, -0.08, 
-0.08, -0.08, -0.17, -0.26, -0.17, -0.08, -0.08, -0.08, -0.08, -0.08, -0.08, -0.08, -0.08, -0.08, -0.08, -0.08, -0.08, -0.08, -0.08, -0.08, -0.08, -0.17, -0.26, -0.17, -0.08, -0.08, -0.08, -0.08, 
-0.08, -0.08, -0.08, -0.08, -0.08, -0.08, -0.07, -0.21, -0.35, -0.21, -0.08, -0.08, -0.08, -0.08, -0.08, -0.08, -0.05, -0.08, -0.08, -0.08, -0.08, -0.08, -0.03, -0.08, -0.08, -0.08, -0.08, -0.08, 
-0.08, -0.08, -0.08, -0.08, -0.08, -0.08, -0.08, -0.35, -0.61, -0.35, -0.08, -0.08, -0.08, -0.08, -0.08, -0.08, -0.08, -0.08, -0.08, -0.08, -0.08, -0.08, -0.08, -0.21, -0.35, -0.21, -0.08, -0.08, 
-0.08, -0.08, -0.08, -0.08, -0.08, -0.08, -0.08, -0.21, -0.35, -0.21, -0.08, -0.08, -0.08, -0.08, -0.08, -0.08, -0.08, -0.08, -0.08, -0.08, -0.08, -0.08, -0.08, -0.35, -0.61, -0.35, -0.08, -0.08, 
-0.08, -0.08, -0.08, -0.08, -0.07, -0.08, -0.08, -0.08, -0.08, -0.08, -0.08, -0.08, -0.08, -0.08, -0.05, -0.08, -0.08, -0.08, -0.08, -0.08, -0.08, -0.08, -0.08, -0.21, -0.35, -0.21, -0.08, -0.08, 
-0.08, -0.08, -0.21, -0.35, -0.21, -0.35, -0.21, -0.08, -0.08, -0.08, -0.08, -0.08, -0.08, -0.08, -0.08, -0.08, -0.08, -0.08, -0.08, -0.08, -0.08, -0.03, -0.21, -0.35, -0.21, -0.08, -0.08, -0.08, 
-0.08, -0.21, -0.35, -0.21, -0.35, -0.61, -0.35, -0.08, -0.08, -0.08, -0.08, -0.08, -0.17, -0.26, -0.17, -0.08, -0.08, -0.08, -0.08, -0.08, -0.08, -0.08, -0.35, -0.61, -0.35, -0.08, -0.08, -0.08, 
-0.08, -0.35, -0.61, -0.35, -0.21, -0.35, -0.21, -0.35, -0.21, -0.08, -0.08, -0.08, -0.26, -0.44, -0.26, -0.04, -0.08, -0.08, -0.08, -0.08, -0.04, -0.08, -0.21, -0.35, -0.21, -0.08, -0.08, -0.08, 
-0.08, -0.21, -0.35, -0.21, -0.08, -0.08, -0.35, -0.61, -0.35, -0.08, -0.08, -0.17, -0.26, -0.17, -0.17, -0.08, -0.08, -0.08, -0.21, -0.35, -0.21, -0.08, -0.08, -0.08, -0.08, -0.08, -0.08, -0.08, 
-0.08, -0.08, -0.08, -0.08, -0.08, -0.08, -0.21, -0.35, -0.30, -0.26, -0.17, -0.26, -0.44, -0.26, -0.08, -0.08, -0.08, -0.08, -0.35, -0.61, -0.35, -0.08, -0.08, -0.08, -0.08, -0.08, -0.08, -0.08, 
-0.08, -0.08, -0.08, -0.08, -0.08, -0.08, -0.08, -0.08, -0.26, -0.44, -0.26, -0.17, -0.26, -0.17, -0.08, -0.04, -0.08, -0.08, -0.17, -0.35, -0.21, -0.08, -0.08, -0.08, -0.08, -0.08, -0.08, -0.08, 
-0.08, -0.08, -0.08, -0.08, -0.08, -0.08, -0.08, -0.08, -0.17, -0.26, -0.17, -0.08, -0.08, -0.08, -0.08, -0.08, -0.08, -0.08, -0.08, -0.08, -0.08, -0.08, -0.08, -0.08, -0.08, -0.08, -0.08, -0.08, 
-0.08, -0.08, -0.08, -0.08, -0.08, -0.08, -0.08, -0.08, -0.08, -0.08, -0.08, -0.08, -0.08, -0.08, -0.08, -0.08, -0.08, -0.08, -0.08, -0.08, -0.08, -0.08, -0.08, -0.08, -0.08, -0.08, -0.08, -0.08, 
-0.08, -0.08, -0.08, -0.08, -0.08, -0.08, -0.08, -0.08, -0.08, -0.08, -0.08, -0.08, -0.08, -0.08, -0.08, -0.08, -0.08, -0.08, -0.08, -0.08, -0.08, -0.08, -0.08, -0.08, -0.08, -0.08, -0.08, -0.08, 
-- optimal policy --
^  >  >  >  >  r  v  >  >  >  r  >  r  v  r  v  l  v  l  >  r  v  v  l  <  r  v  v  
v  r  R  R  R  r  v  l  R  R  r  v  >  r  v  l  v  l  l  R  >  r  v  l  l  r  v  l  
r  r  v  l  r  r  v  l  l  R  r  v  l  >  >  r  v  l  l  l  r  >  r  v  l  l  l  l  
>  r  r  r  r  r  v  l  l  r  >  v  <  R  ^  >  ^  <  <  l  r  R  >  L  <  l  <  <  
>  >  r  >  r  r  v  v  l  l  R  ^  L  R  >  R  ^  L  <  <  R  R  R  ^  L  <  l  <  
>  >  >  >  >  >  r  v  l  <  R  ^  ^  L  R  ^  L  ^  L  L  R  R  ^  L  ^  L  <  L  
r  R  R  R  >  r  >  r  <  <  ^  R  ^  r  v  l  l  l  r  v  l  R  R  ^  R  ^  L  L  
r  v  l  r  r  >  R  ^  L  <  l  ^  r  >  r  v  l  v  l  r  v  l  R  r  v  l  L  L  
r  v  r  r  >  r  v  l  ^  L  <  v  r  >  >  r  v  l  <  >  r  r  v  l  l  <  l  L  
>  r  v  r  r  >  v  <  L  ^  L  r  v  r  R  >  L  <  L  >  >  >  l  <  <  L  <  l  
>  >  r  v  >  R  ^  L  L  R  r  >  r  v  l  R  ^  L  L  >  >  R  ^  L  L  L  L  <  
r  R  >  r  v  l  ^  L  l  >  >  R  >  r  v  l  <  L  L  r  R  ^  ^  L  L  R  ^  L  
>  R  >  >  ^  <  L  L  <  >  R  >  >  >  ^  <  <  r  >  >  r  v  l  <  r  R  R  ^  
R  R  R  R  ^  L  L  L  L  R  >  >  >  R  ^  L  v  l  r  >  >  ^  <  L  r  R  ^  ^  
R  ^  L  R  ^  L  R  ^  L  >  >  R  R  R  r  v  l  <  r  r  R  ^  L  L  r  v  l  l  
v  l  l  r  v  l  R  ^  L  >  R  ^  L  r  >  r  <  l  >  >  ^  <  L  l  l  l  l  <  
v  l  l  l  l  l  l  L  R  R  R  ^  L  r  R  ^  L  l  R  R  ^  L  <  <  <  l  <  <  
r  v  l  l  <  l  <  l  R  R  ^  L  R  >  r  v  l  <  <  l  R  ^  L  <  <  l  <  l  
v  l  <  <  l  <  <  <  l  r  r  r  r  R  >  ^  <  <  L  l  R  ^  L  L  <  <  L  <  
<  <  L  L  <  L  <  r  r  r  r  >  >  >  R  ^  L  <  L  <  R  R  ^  L  L  L  <  L  
^  L  <  L  L  <  L  >  >  r  >  >  >  R  ^  ^  ^  L  <  L  ^  L  ^  ^  L  L  <  <  
^  ^  L  L  <  L  <  >  >  >  R  >  R  ^  L  ^  ^  L  L  <  L  ^  L  ^  ^  ^  L  <  
Correct actions (%) : 17.81
Avg angular diffs   : 77.67
