arguments: 34 17 2 -0.27535 -0.551113 0.0910965 -0.0824402
loading features...

Initializing gridworld of size 28 by 22..
    Num states: 616
    Num actions: 8
recovered reward
-0.08, -0.08, -0.08, -0.08, -0.08, -0.01, -0.08, -0.08, -0.00, -0.08, -0.08, 0.01, -0.08, -0.08, -0.08, -0.08, -0.08, -0.08, -0.08, -0.08, -0.08, -0.08, -0.08, -0.08, -0.08, -0.08, -0.08, -0.08, 
-0.08, -0.08, -0.08, -0.08, -0.08, -0.15, -0.22, -0.15, -0.08, -0.08, -0.08, -0.08, -0.08, 0.02, -0.08, -0.08, -0.08, -0.08, -0.15, -0.22, -0.15, -0.08, -0.08, -0.08, -0.08, -0.08, -0.08, -0.08, 
-0.08, -0.08, -0.08, -0.08, -0.02, -0.22, -0.36, -0.22, -0.08, -0.08, -0.08, -0.08, -0.08, -0.08, -0.08, -0.08, -0.08, -0.08, -0.22, -0.36, -0.36, -0.36, -0.22, -0.08, -0.08, 0.16, -0.08, -0.08, 
-0.08, -0.15, -0.22, -0.10, -0.08, -0.15, -0.22, -0.15, -0.22, -0.15, -0.08, -0.08, -0.08, -0.08, -0.08, -0.08, -0.08, -0.08, -0.15, -0.22, -0.43, -0.63, -0.36, -0.08, -0.08, -0.08, -0.08, -0.08, 
-0.08, -0.22, -0.36, -0.22, -0.08, -0.08, -0.08, -0.36, -0.63, -0.36, -0.08, -0.08, -0.08, -0.08, 0.03, -0.08, -0.08, -0.08, -0.22, -0.36, -0.36, -0.36, -0.22, -0.08, 0.15, -0.08, -0.08, -0.08, 
-0.08, -0.15, -0.22, -0.15, -0.08, -0.08, -0.08, -0.43, -0.77, -0.43, -0.08, -0.08, -0.08, -0.08, -0.08, -0.08, -0.08, -0.08, -0.15, -0.22, -0.15, -0.08, -0.08, -0.08, -0.08, -0.08, -0.08, -0.08, 
-0.08, -0.08, -0.04, -0.08, -0.08, -0.08, -0.08, -0.22, -0.36, -0.22, -0.08, -0.08, 0.04, -0.08, -0.08, -0.08, -0.08, -0.08, -0.15, -0.22, -0.15, -0.08, -0.08, -0.08, -0.08, -0.08, -0.08, -0.08, 
-0.08, -0.08, -0.08, -0.08, -0.08, -0.08, -0.08, -0.08, -0.08, -0.08, -0.08, -0.08, -0.08, -0.08, -0.08, -0.08, -0.08, -0.08, -0.08, -0.08, -0.08, -0.08, 0.15, -0.08, -0.08, -0.08, -0.08, -0.08, 
-0.08, -0.08, -0.08, -0.08, -0.08, -0.08, -0.08, -0.08, -0.08, -0.08, -0.08, -0.22, -0.36, -0.22, -0.08, -0.08, -0.08, -0.08, -0.08, -0.08, -0.08, -0.08, -0.08, -0.08, -0.08, -0.08, -0.08, -0.08, 
-0.08, -0.05, -0.08, -0.08, -0.15, -0.22, -0.15, -0.08, -0.08, -0.08, -0.08, -0.23, -0.63, -0.36, -0.08, -0.22, -0.36, -0.22, -0.08, -0.08, -0.08, -0.08, -0.08, -0.08, -0.08, -0.08, -0.08, -0.08, 
-0.08, -0.08, -0.08, -0.08, -0.22, -0.36, -0.22, -0.08, -0.08, -0.08, -0.08, -0.22, -0.36, -0.29, -0.50, -0.43, -0.63, -0.36, -0.08, -0.08, -0.08, -0.08, -0.08, 0.14, -0.08, -0.08, -0.08, -0.08, 
-0.08, -0.08, -0.08, -0.08, -0.15, -0.22, -0.15, -0.08, -0.08, -0.08, -0.08, -0.08, -0.08, -0.50, -0.91, -0.36, -0.36, -0.22, -0.22, -0.36, -0.22, -0.08, -0.08, -0.08, -0.08, -0.08, -0.08, -0.08, 
-0.08, -0.08, -0.08, -0.08, -0.08, -0.08, -0.08, -0.08, -0.08, -0.08, 0.05, -0.08, -0.08, -0.29, -0.50, -0.29, -0.08, -0.08, -0.36, -0.63, -0.36, -0.08, -0.08, -0.08, -0.08, -0.08, -0.08, -0.08, 
-0.08, -0.06, -0.08, -0.22, -0.36, -0.22, -0.08, -0.08, -0.08, -0.15, -0.22, -0.15, -0.08, -0.08, -0.22, -0.36, -0.22, -0.08, -0.22, -0.36, -0.22, -0.08, -0.08, 0.13, -0.08, -0.08, -0.08, -0.08, 
-0.08, -0.08, -0.08, -0.36, -0.63, -0.36, -0.08, -0.08, -0.08, -0.22, -0.36, -0.36, -0.36, -0.22, -0.36, -0.63, -0.36, -0.08, -0.08, -0.08, -0.08, -0.08, -0.08, -0.08, -0.08, -0.08, -0.08, -0.08, 
-0.08, -0.08, -0.08, -0.22, -0.36, -0.29, -0.50, -0.29, -0.08, -0.15, -0.22, -0.28, -0.63, -0.36, -0.22, -0.36, -0.22, -0.08, -0.08, -0.08, -0.22, -0.36, -0.22, -0.08, -0.08, -0.15, -0.22, -0.15, 
-0.08, -0.06, -0.08, -0.08, -0.08, -0.50, -0.91, -0.50, -0.08, -0.08, -0.22, -0.36, -0.22, -0.22, -0.08, -0.08, -0.08, -0.08, -0.08, -0.08, -0.36, -0.63, -0.36, 0.12, -0.08, -0.22, -0.36, -0.22, 
-0.08, -0.08, -0.08, -0.08, -0.08, -0.29, -0.50, -0.29, -0.08, -0.08, -0.36, -0.63, -0.36, -0.08, -0.08, -0.08, -0.08, -0.08, -0.08, -0.08, -0.22, -0.36, -0.22, -0.08, -0.08, -0.15, -0.22, -0.15, 
-0.08, -0.08, -0.08, -0.15, -0.22, -0.15, -0.08, -0.08, -0.08, -0.08, -0.22, -0.20, -0.22, -0.08, -0.08, -0.08, -0.08, -0.08, -0.08, -0.08, -0.08, 0.11, -0.08, -0.08, -0.08, -0.08, -0.08, -0.08, 
-0.07, -0.08, -0.08, -0.22, -0.36, -0.22, -0.08, -0.08, -0.08, -0.08, -0.08, -0.08, 0.08, -0.08, -0.08, 0.09, -0.08, -0.08, 0.10, -0.08, -0.08, -0.08, -0.08, -0.08, -0.08, -0.08, -0.08, -0.08, 
-0.08, -0.08, -0.08, -0.15, -0.22, -0.15, -0.08, -0.08, -0.08, -0.08, -0.08, -0.08, -0.08, -0.08, -0.08, -0.08, -0.08, -0.08, -0.08, -0.08, -0.08, -0.08, -0.08, -0.08, -0.08, -0.08, -0.08, -0.08, 
-0.08, -0.08, -0.08, -0.08, -0.08, -0.08, -0.08, -0.08, -0.08, -0.08, -0.08, -0.08, -0.08, -0.08, -0.08, -0.08, -0.08, -0.08, -0.08, -0.08, -0.08, -0.08, -0.08, -0.08, -0.08, -0.08, -0.08, -0.08, 
-- optimal policy --
>  r  r  >  >  ^  <  >  ^  <  >  ^  <  v  l  l  <  v  l  <  >  >  r  r  v  r  v  l  
>  >  r  r  R  ^  L  R  ^  L  R  ^  L  <  <  <  v  l  <  L  >  >  >  r  r  v  l  <  
>  R  >  >  ^  <  R  R  ^  R  ^  L  R  ^  L  v  l  <  L  l  R  R  r  r  >  l  <  <  
R  R  R  R  ^  L  l  R  R  r  v  R  >  r  v  l  <  L  <  <  <  R  r  r  R  ^  L  <  
v  l  R  R  ^  L  <  l  R  >  r  v  v  >  l  <  <  <  <  r  r  r  >  >  ^  <  ^  L  
r  r  v  l  l  ^  L  <  r  r  r  r  v  l  ^  L  <  L  <  >  r  v  R  R  ^  L  <  L  
>  >  <  <  l  <  ^  L  r  r  >  >  <  <  <  ^  L  <  r  r  >  r  v  l  ^  ^  L  <  
R  R  ^  L  <  l  <  r  >  >  R  R  ^  L  <  L  ^  L  r  >  r  >  r  <  l  L  ^  L  
r  v  l  ^  L  <  r  v  r  R  R  ^  L  ^  L  <  L  ^  >  R  >  R  ^  L  <  l  l  ^  
>  r  <  <  ^  L  >  r  v  r  v  l  l  R  ^  L  L  >  R  >  R  R  r  v  l  l  <  <  
R  ^  L  <  L  L  R  >  r  v  r  v  l  l  ^  L  L  R  >  R  ^  r  >  ^  <  <  <  <  
R  L  L  L  <  l  r  >  >  r  v  l  <  l  l  r  r  R  R  R  >  >  R  ^  L  <  L  L  
r  v  l  <  L  <  >  r  >  >  <  <  L  <  l  >  r  v  l  R  R  R  r  v  l  L  <  L  
>  v  <  L  L  L  >  >  R  R  ^  L  L  L  <  R  r  r  r  r  R  R  >  ^  <  <  L  <  
R  ^  L  <  L  R  >  R  ^  L  R  R  ^  L  L  r  r  r  r  >  >  R  R  ^  L  <  L  L  
r  v  l  L  l  R  R  R  ^  L  l  r  r  r  r  r  r  r  r  R  R  R  r  v  l  L  L  L  
>  >  <  <  <  l  R  r  r  v  l  >  r  r  r  r  r  r  r  v  l  R  >  r  <  l  L  ^  
R  ^  L  L  <  <  r  r  r  v  l  v  r  r  v  r  r  r  v  r  r  v  R  ^  L  <  l  l  
v  l  ^  L  L  L  r  >  >  r  r  r  v  l  r  v  l  r  v  l  >  <  <  ^  ^  L  <  l  
<  <  l  L  L  >  >  R  >  >  >  >  R  <  >  R  <  >  ^  <  R  ^  L  <  ^  ^  L  <  
^  L  <  L  l  l  R  >  >  R  >  R  ^  L  R  ^  L  R  ^  L  ^  L  ^  L  <  L  ^  L  
^  ^  L  <  <  <  R  R  >  >  R  R  ^  R  ^  L  R  ^  R  ^  L  ^  L  ^  L  <  L  ^  
Correct actions (%) : 7.02
Avg angular diffs   : 100.26
