arguments: 34 11 4 -0.0363636 -0.840909 0.00909091 -0.113636
loading features...

Initializing gridworld of size 28 by 22..
    Num states: 616
    Num actions: 8
recovered reward
-0.11, -0.95, -0.11, -0.11, -0.11, -0.11, -0.11, -0.11, -0.11, -0.11, -0.11, -0.11, -0.11, -0.11, -0.11, -0.11, -0.11, -0.11, -0.11, -0.11, -0.11, -0.11, -0.11, -0.11, -0.11, -0.11, -0.11, -0.11, 
-0.11, -0.11, -0.11, -0.11, -0.11, -0.15, -0.95, -0.11, -0.11, -0.11, -0.11, -0.11, -0.11, -0.11, -0.11, -0.11, -0.11, -0.11, -0.11, -0.95, -0.11, -0.11, -0.11, -0.11, -0.11, -0.09, -0.11, -0.11, 
-0.11, -0.11, -0.15, -0.11, -0.11, -0.11, -0.95, -0.11, -0.11, -0.11, -0.11, -0.11, -0.11, -0.11, -0.11, -0.11, -0.10, -0.11, -0.11, -0.11, -0.15, -0.11, -0.11, -0.11, -0.11, -0.11, -0.11, -0.11, 
-0.11, -0.11, -0.11, -0.11, -0.11, -0.11, -0.11, -0.11, -0.11, -0.11, -0.11, -0.11, -0.11, -0.11, -0.11, -0.11, -0.11, -0.11, -0.11, -0.11, -0.11, -0.11, -0.11, -0.11, -0.11, -0.11, -0.11, -0.11, 
-0.11, -0.11, -0.11, -0.11, -0.11, -0.11, -0.11, -0.11, -0.11, -0.11, -0.11, -0.11, -0.11, -0.11, -0.11, -0.11, -0.11, -0.11, -0.11, -0.11, -0.11, -0.15, -0.11, -0.11, -0.11, -0.09, -0.11, -0.11, 
-0.11, -0.11, -0.11, -0.11, -0.11, -0.11, -0.11, -0.11, -0.11, -0.11, -0.11, -0.11, -0.11, -0.11, -0.11, -0.11, -0.10, -0.11, -0.11, -0.11, -0.11, -0.15, -0.11, -0.11, -0.11, -0.11, -0.11, -0.11, 
-0.11, -0.11, -0.11, -0.11, -0.11, -0.11, -0.11, -0.11, -0.11, -0.11, -0.11, -0.95, -0.11, -0.11, -0.10, -0.11, -0.11, -0.11, -0.11, -0.11, -0.11, -0.11, -0.11, -0.11, -0.11, -0.11, -0.11, -0.11, 
-0.11, -0.11, -0.11, -0.11, -0.11, -0.11, -0.11, -0.11, -0.11, -0.11, -0.11, -0.11, -0.11, -0.11, -0.11, -0.11, -0.11, -0.11, -0.11, -0.11, -0.11, -0.95, -0.11, -0.09, -0.11, -0.11, -0.11, -0.11, 
-0.11, -0.11, -0.11, -0.11, -0.11, -0.11, -0.11, -0.15, -0.11, -0.11, -0.11, -0.11, -0.11, -0.11, -0.11, -0.11, -0.11, -0.11, -0.11, -0.11, -0.15, -0.11, -0.11, -0.11, -0.11, -0.11, -0.11, -0.11, 
-0.11, -0.11, -0.11, -0.11, -0.11, -0.11, -0.11, -0.11, -0.11, -0.11, -0.11, -0.11, -0.10, -0.11, -0.11, -0.11, -0.11, -0.11, -0.11, -0.11, -0.11, -0.11, -0.11, -0.11, -0.11, -0.11, -0.11, -0.11, 
-0.11, -0.11, -0.11, -0.11, -0.11, -0.11, -0.11, -0.11, -0.11, -0.15, -0.11, -0.11, -0.11, -0.11, -0.11, -0.11, -0.11, -0.11, -0.11, -0.11, -0.11, -0.11, -0.11, -0.11, -0.09, -0.11, -0.11, -0.11, 
-0.11, -0.11, -0.11, -0.11, -0.11, -0.11, -0.11, -0.11, -0.11, -0.11, -0.10, -0.11, -0.11, -0.11, -0.11, -0.11, -0.95, -0.11, -0.11, -0.11, -0.11, -0.11, -0.11, -0.11, -0.11, -0.11, -0.11, -0.11, 
-0.11, -0.11, -0.11, -0.11, -0.11, -0.11, -0.11, -0.11, -0.11, -0.11, -0.11, -0.11, -0.11, -0.11, -0.95, -0.11, -0.11, -0.11, -0.11, -0.11, -0.11, -0.11, -0.11, -0.11, -0.11, -0.11, -0.11, -0.11, 
-0.11, -0.11, -0.11, -0.11, -0.11, -0.11, -0.11, -0.11, -0.11, -0.11, -0.11, -0.11, -0.11, -0.11, -0.11, -0.11, -0.11, -0.11, -0.11, -0.11, -0.11, -0.11, -0.11, -0.09, -0.11, -0.15, -0.11, -0.11, 
-0.11, -0.11, -0.11, -0.11, -0.11, -0.11, -0.11, -0.11, -0.11, -0.10, -0.11, -0.11, -0.11, -0.11, -0.11, -0.11, -0.11, -0.11, -0.11, -0.11, -0.11, -0.11, -0.11, -0.11, -0.11, -0.11, -0.11, -0.11, 
-0.11, -0.11, -0.11, -0.11, -0.11, -0.11, -0.11, -0.11, -0.11, -0.11, -0.11, -0.11, -0.11, -0.11, -0.11, -0.11, -0.11, -0.11, -0.11, -0.11, -0.11, -0.11, -0.15, -0.11, -0.11, -0.11, -0.11, -0.11, 
-0.11, -0.11, -0.11, -0.11, -0.11, -0.11, -0.11, -0.11, -0.11, -0.11, -0.11, -0.11, -0.10, -0.11, -0.11, -0.11, -0.11, -0.11, -0.11, -0.11, -0.11, -0.15, -0.11, -0.94, -0.11, -0.11, -0.11, -0.11, 
-0.11, -0.11, -0.11, -0.11, -0.11, -0.11, -0.11, -0.11, -0.11, -0.11, -0.11, -0.11, -0.11, -0.11, -0.11, -0.11, -0.11, -0.11, -0.11, -0.11, -0.11, -0.11, -0.11, -0.11, -0.11, -0.11, -0.11, -0.11, 
-0.11, -0.11, -0.11, -0.11, -0.11, -0.11, -0.11, -0.15, -0.11, -0.11, -0.11, -0.11, -0.11, -0.11, -0.11, -0.95, -0.11, -0.11, -0.11, -0.11, -0.11, -0.10, -0.11, -0.11, -0.11, -0.11, -0.11, -0.11, 
-0.11, -0.11, -0.11, -0.11, -0.11, -0.11, -0.11, -0.11, -0.11, -0.11, -0.11, -0.11, -0.11, -0.10, -0.11, -0.95, -0.10, -0.11, -0.11, -0.94, -0.11, -0.11, -0.11, -0.11, -0.11, -0.11, -0.11, -0.11, 
-0.11, -0.11, -0.11, -0.11, -0.11, -0.11, -0.11, -0.11, -0.11, -0.11, -0.11, -0.11, -0.11, -0.11, -0.11, -0.11, -0.11, -0.11, -0.11, -0.11, -0.11, -0.11, -0.11, -0.11, -0.11, -0.11, -0.11, -0.11, 
-0.11, -0.11, -0.11, -0.11, -0.11, -0.11, -0.11, -0.11, -0.11, -0.11, -0.11, -0.11, -0.11, -0.11, -0.11, -0.11, -0.11, -0.11, -0.11, -0.11, -0.11, -0.11, -0.11, -0.11, -0.11, -0.11, -0.11, -0.11, 
-- optimal policy --
r  r  r  r  >  >  r  >  r  r  >  r  r  r  r  >  r  r  >  r  r  >  r  >  r  v  l  l  
r  >  r  r  r  R  >  r  >  r  r  >  r  r  >  r  r  r  r  >  r  r  >  r  >  v  <  <  
r  r  r  >  r  r  r  >  R  r  r  R  r  r  r  >  r  >  r  r  r  >  r  >  R  ^  L  <  
>  r  >  r  >  r  >  R  r  r  r  r  v  r  r  R  >  r  >  r  >  r  >  R  ^  ^  ^  L  
r  >  r  >  r  >  R  ^  r  r  r  r  r  v  >  r  r  >  r  >  R  >  R  ^  >  ^  <  ^  
>  r  r  r  >  R  ^  r  r  r  >  r  >  r  v  >  >  r  >  R  r  R  ^  >  R  ^  L  <  
r  >  r  >  R  ^  r  r  r  r  r  >  r  >  >  R  r  >  R  r  >  >  r  R  ^  R  ^  L  
>  r  >  R  r  r  v  r  r  r  r  r  >  R  ^  r  >  R  r  >  r  r  >  ^  <  ^  L  ^  
r  >  R  r  r  r  r  v  r  r  r  r  R  ^  r  >  R  r  r  r  r  >  R  ^  L  <  ^  ^  
>  R  r  >  r  r  r  r  v  r  r  >  ^  <  >  R  r  r  r  r  >  R  R  ^  L  L  <  ^  
R  r  >  R  r  r  r  r  r  r  v  R  ^  L  R  >  r  r  r  >  R  ^  ^  >  L  <  L  <  
r  >  R  r  r  r  r  r  r  >  R  <  ^  R  r  r  r  r  >  R  ^  ^  >  R  ^  L  <  L  
>  R  r  r  r  r  r  r  >  R  ^  L  R  r  r  r  r  >  R  R  R  >  R  R  ^  L  L  <  
R  r  >  r  r  r  r  >  R  ^  ^  L  >  r  r  r  >  R  R  R  >  R  >  R  <  L  L  L  
r  >  R  r  r  r  >  R  >  ^  r  v  r  r  r  >  R  ^  ^  >  R  >  R  ^  L  <  ^  L  
>  R  r  r  r  >  R  >  R  ^  >  r  v  r  >  R  ^  ^  >  R  >  R  ^  R  ^  L  <  ^  
R  >  r  r  >  R  >  R  ^  r  r  >  r  >  R  ^  ^  >  R  >  R  ^  R  R  ^  L  L  <  
>  R  r  >  R  >  R  ^  r  r  >  R  ^  R  ^  r  >  R  >  R  ^  R  ^  R  ^  ^  L  L  
R  r  >  R  >  R  ^  r  r  >  R  >  r  v  l  r  v  >  R  ^  >  R  <  ^  ^  L  ^  L  
r  >  R  >  R  ^  r  r  >  R  r  r  >  >  r  >  >  R  ^  >  R  ^  L  <  R  ^  L  ^  
>  R  >  R  ^  r  r  >  R  r  r  >  R  ^  >  R  ^  L  >  R  ^  ^  ^  L  <  L  R  ^  
R  >  R  ^  >  >  >  R  >  >  >  R  ^  >  R  ^  L  >  R  ^  ^  R  ^  L  L  <  ^  L  
Correct actions (%) : 5.75
Avg angular diffs   : 103.97
