arguments: 34 21 4 0.00110703 -0.723438 0.000847097 -0.274608
loading features...

Initializing gridworld of size 28 by 22..
    Num states: 616
    Num actions: 8
recovered reward
-0.27, -0.27, -0.27, -0.27, -0.27, -0.27, -0.27, -0.27, -0.27, -0.27, -0.27, -0.27, -0.27, -0.27, -0.27, -0.27, -0.27, -0.27, -0.27, -0.27, -0.27, -0.27, -0.27, -0.27, -0.27, -0.27, -0.27, -0.27, 
-0.27, -0.27, -0.27, -0.27, -0.27, -0.27, -0.27, -0.27, -0.27, -0.27, -0.27, -0.27, -0.27, -0.27, -0.27, -0.27, -1.00, -0.27, -0.27, -0.27, -0.27, -0.27, -0.27, -0.27, -0.27, -0.27, -0.27, -0.27, 
-0.27, -0.27, -0.27, -0.27, -0.27, -0.27, -0.27, -0.27, -0.27, -0.27, -0.27, -0.27, -0.27, -0.27, -0.27, -0.27, -0.27, -0.27, -0.27, -0.27, -0.27, -0.27, -0.27, -0.27, -1.00, -0.27, -0.27, -0.27, 
-0.27, -0.27, -0.27, -0.27, -0.27, -0.27, -0.27, -0.27, -0.27, -0.27, -0.27, -0.27, -0.27, -0.27, -0.27, -0.27, -0.27, -0.27, -0.27, -0.27, -0.27, -0.27, -0.27, -1.00, -0.27, -0.27, -0.27, -0.27, 
-0.27, -0.27, -0.27, -0.27, -0.27, -0.27, -0.27, -0.27, -0.27, -0.27, -0.27, -0.27, -0.27, -0.27, -0.27, -0.27, -0.27, -0.27, -0.27, -0.27, -0.27, -0.27, -0.27, -0.27, -0.27, -0.27, -0.27, -0.27, 
-0.27, -0.27, -0.27, -0.27, -0.27, -0.27, -1.00, -0.27, -0.27, -0.27, -1.00, -0.27, -0.27, -0.27, -0.27, -0.27, -0.27, -0.27, -0.27, -0.27, -0.27, -0.27, -0.27, -0.27, -0.27, -0.27, -0.27, -0.27, 
-0.27, -0.27, -0.27, -0.27, -0.27, -0.27, -0.27, -0.27, -0.27, -0.27, -0.27, -0.27, -0.27, -0.27, -0.27, -0.27, -0.27, -0.27, -0.27, -0.27, -0.27, -0.27, -0.27, -0.27, -0.27, -0.27, -0.27, -0.27, 
-0.27, -0.27, -0.27, -0.27, -0.27, -0.27, -0.27, -0.27, -0.27, -0.27, -0.27, -0.27, -0.27, -0.27, -0.27, -0.27, -0.27, -1.00, -0.27, -0.27, -0.27, -0.27, -0.27, -0.27, -0.27, -0.27, -0.27, -0.27, 
-0.27, -0.27, -0.27, -0.27, -0.27, -0.27, -0.27, -0.27, -0.27, -0.27, -0.27, -0.27, -0.27, -0.27, -0.27, -0.27, -0.27, -0.27, -0.27, -0.27, -0.27, -0.27, -0.27, -0.27, -0.27, -1.00, -0.27, -0.27, 
-0.27, -0.27, -0.27, -0.27, -0.27, -0.27, -0.27, -0.27, -0.27, -0.27, -0.27, -0.27, -0.27, -0.27, -0.27, -0.27, -0.27, -0.27, -0.27, -0.27, -0.27, -0.27, -0.27, -0.27, -0.27, -0.27, -0.27, -0.27, 
-0.27, -0.27, -0.27, -0.27, -0.27, -1.00, -0.27, -0.27, -0.27, -0.27, -0.27, -0.27, -0.27, -0.27, -0.27, -0.27, -0.27, -0.27, -0.27, -0.27, -0.27, -0.27, -0.27, -0.27, -0.27, -0.27, -0.27, -0.27, 
-0.27, -0.27, -0.27, -0.27, -0.27, -0.27, -0.27, -0.27, -0.27, -0.27, -0.27, -0.27, -0.27, -0.27, -0.27, -0.27, -0.27, -0.27, -0.27, -0.27, -0.27, -0.27, -0.27, -0.27, -0.27, -0.27, -0.27, -0.27, 
-0.27, -0.27, -0.27, -0.27, -0.27, -0.27, -0.27, -1.00, -0.27, -0.27, -0.27, -0.27, -0.27, -0.27, -1.00, -0.27, -0.27, -0.27, -0.27, -0.27, -0.27, -0.27, -0.27, -0.27, -0.27, -0.27, -0.27, -0.27, 
-0.27, -0.27, -0.27, -0.27, -0.27, -0.27, -0.27, -0.27, -0.27, -0.27, -0.27, -0.27, -0.27, -0.27, -0.27, -0.27, -0.27, -0.27, -0.27, -0.27, -0.27, -0.27, -0.27, -0.27, -0.27, -0.27, -0.27, -0.27, 
-0.27, -0.27, -0.27, -0.27, -0.27, -0.27, -0.27, -0.27, -0.27, -0.27, -0.27, -0.27, -0.27, -0.27, -0.27, -0.27, -0.27, -0.27, -0.27, -0.27, -0.27, -0.27, -0.27, -0.27, -0.27, -0.27, -0.27, -0.27, 
-0.27, -0.27, -0.27, -0.27, -0.27, -0.27, -0.27, -0.27, -0.27, -0.27, -0.27, -0.27, -0.27, -0.27, -0.27, -0.27, -0.27, -0.27, -0.27, -0.27, -0.27, -0.27, -0.27, -0.27, -0.27, -0.27, -0.27, -0.27, 
-0.27, -0.27, -0.27, -0.27, -0.27, -0.27, -0.27, -0.27, -0.27, -0.27, -0.27, -0.27, -0.27, -0.27, -0.27, -0.27, -0.27, -0.27, -0.27, -0.27, -0.27, -0.27, -0.27, -0.27, -0.27, -0.27, -0.27, -0.27, 
-0.27, -0.27, -0.27, -0.27, -0.27, -0.27, -0.27, -0.27, -0.27, -0.27, -0.27, -0.27, -1.00, -0.27, -0.27, -0.27, -0.27, -0.27, -0.27, -0.27, -0.27, -0.27, -0.27, -0.27, -1.00, -0.27, -0.27, -0.27, 
-0.27, -0.27, -0.27, -0.27, -0.27, -0.27, -0.27, -0.27, -0.27, -0.27, -0.27, -0.27, -0.27, -0.27, -0.27, -0.27, -0.27, -0.27, -0.27, -0.27, -0.27, -0.27, -0.27, -0.27, -0.27, -0.27, -0.27, -0.27, 
-0.27, -0.27, -0.27, -0.27, -0.27, -0.27, -0.27, -0.27, -0.27, -0.27, -0.27, -0.27, -0.27, -0.27, -0.27, -0.27, -0.27, -0.27, -0.27, -0.27, -0.27, -0.27, -0.27, -0.27, -0.27, -0.27, -0.27, -0.27, 
-0.27, -0.27, -0.27, -0.27, -0.27, -0.27, -0.27, -0.27, -0.27, -0.27, -0.27, -0.27, -0.27, -0.27, -0.27, -0.27, -0.27, -0.27, -0.27, -0.27, -0.27, -0.27, -0.27, -0.27, -0.27, -0.27, -0.27, -0.27, 
-0.27, -0.27, -0.27, -0.27, -0.27, -0.27, -0.27, -0.27, -0.27, -0.27, -0.27, -0.27, -0.27, -0.27, -0.27, -0.27, -0.27, -0.27, -0.27, -0.27, -0.27, -0.27, -0.27, -0.27, -0.27, -0.27, -0.27, -0.27, 
-- optimal policy --
r  r  >  r  r  r  r  r  v  l  >  r  v  l  r  v  r  v  l  l  >  r  r  >  r  v  l  l  
r  >  r  >  >  r  r  r  v  r  v  >  r  v  >  r  v  r  v  v  v  >  r  v  >  v  <  l  
r  r  >  R  r  >  r  r  r  v  r  r  >  r  v  >  r  >  r  v  v  v  >  r  v  v  l  l  
r  r  r  r  >  r  >  r  >  r  r  r  r  >  r  v  l  r  >  r  v  v  v  >  r  v  l  l  
r  r  r  r  r  >  R  >  R  >  r  r  r  r  >  r  v  l  r  >  r  v  v  v  >  v  <  l  
v  r  r  r  r  R  r  R  r  r  r  r  r  r  v  >  r  v  >  r  >  r  v  l  v  l  L  <  
r  v  r  >  >  r  >  r  >  r  r  r  r  r  v  r  v  r  v  >  r  >  r  v  l  l  v  v  
>  r  v  r  r  >  r  >  r  >  r  r  r  r  r  r  r  r  v  r  >  r  >  v  <  l  v  l  
r  >  r  r  r  r  >  r  r  r  >  r  r  >  r  r  r  r  r  v  r  >  r  v  v  v  l  l  
>  R  r  r  >  r  r  >  r  r  r  >  >  r  >  r  r  r  r  r  v  r  >  r  v  l  l  l  
r  r  >  r  r  r  r  r  >  r  >  R  r  >  R  r  r  r  r  r  r  v  r  >  l  <  l  l  
r  r  r  >  r  r  >  r  r  >  R  r  r  R  r  r  r  r  r  r  r  r  v  r  v  l  l  l  
r  r  r  r  >  r  r  r  r  r  v  r  r  r  >  r  r  r  r  r  r  >  r  v  l  l  l  l  
>  r  >  >  r  >  r  >  r  r  r  v  r  r  r  >  r  r  r  r  r  v  >  v  <  <  l  l  
r  >  R  R  r  r  >  r  >  >  r  r  v  r  r  r  >  r  r  r  r  r  v  l  L  l  l  l  
>  R  R  >  r  r  r  >  R  r  >  r  r  v  r  r  r  >  r  r  r  >  r  v  l  l  l  l  
R  R  >  r  r  r  >  R  r  >  r  >  >  r  v  r  r  r  r  r  >  R  >  L  <  <  <  <  
R  R  r  r  r  >  R  r  >  r  >  R  R  >  r  v  r  r  r  r  r  v  R  ^  L  L  <  l  
R  r  r  r  >  R  r  r  r  >  R  r  r  v  >  r  v  r  r  v  >  R  <  L  L  <  L  <  
r  r  r  >  R  r  r  r  >  R  r  r  >  >  r  >  >  r  >  >  R  ^  L  ^  L  L  L  L  
r  r  >  R  r  r  r  >  R  r  r  >  R  ^  >  R  ^  >  R  ^  L  ^  ^  L  ^  L  L  <  
>  >  R  >  >  >  >  R  >  >  >  R  ^  >  R  ^  >  R  ^  L  ^  L  ^  ^  L  L  L  L  
Correct actions (%) : 6.77
Avg angular diffs   : 101.84
