arguments: 34 12 4 0.272627 0.383002 0.12362 -0.220751
loading features...

Initializing gridworld of size 28 by 22..
    Num states: 616
    Num actions: 8
recovered reward
-0.22, -0.22, -0.22, -0.22, -0.22, -0.22, -0.22, -0.22, -0.22, 0.13, -0.22, -0.22, -0.22, 0.14, -0.22, -0.22, -0.22, 0.15, -0.22, -0.22, 0.16, -0.22, 0.17, -0.22, -0.22, 0.19, -0.22, -0.22, 
0.09, -0.22, -0.22, 0.10, -0.22, -0.22, 0.11, -0.22, -0.22, -0.22, -0.22, -0.22, -0.22, -0.22, -0.15, -0.08, -0.15, -0.22, -0.22, -0.22, -0.12, -0.03, -0.12, -0.22, -0.22, -0.22, -0.22, -0.22, 
-0.22, -0.22, -0.22, -0.12, -0.03, -0.12, -0.03, -0.12, -0.22, -0.22, -0.22, -0.22, -0.22, -0.22, -0.08, 0.05, -0.08, -0.22, -0.15, -0.08, 0.04, 0.16, -0.03, -0.22, -0.22, -0.22, -0.22, -0.22, 
0.08, -0.22, -0.22, -0.03, 0.16, -0.03, 0.16, -0.03, -0.22, -0.22, -0.22, -0.22, -0.22, -0.22, -0.15, -0.08, -0.15, -0.15, -0.08, 0.05, 0.01, -0.03, -0.12, -0.22, -0.22, -0.22, -0.22, -0.22, 
-0.22, -0.22, -0.22, -0.12, -0.03, -0.12, -0.03, -0.12, -0.03, -0.12, -0.22, -0.22, -0.22, -0.22, -0.22, -0.08, 0.05, -0.08, -0.15, -0.08, -0.15, -0.22, -0.22, -0.22, -0.22, -0.22, 0.06, -0.22, 
-0.22, -0.22, -0.22, -0.22, -0.22, -0.22, -0.22, -0.03, 0.16, -0.03, -0.15, -0.08, -0.15, -0.22, -0.22, -0.15, -0.08, -0.15, -0.22, -0.15, -0.08, -0.15, -0.22, -0.22, -0.22, -0.22, -0.22, -0.22, 
-0.22, -0.22, -0.22, -0.22, -0.22, -0.22, -0.22, -0.12, -0.03, -0.12, -0.08, 0.05, -0.08, -0.22, -0.22, -0.22, -0.22, -0.22, -0.22, -0.08, 0.05, -0.08, -0.22, -0.22, -0.22, -0.22, -0.22, -0.22, 
-0.22, -0.22, -0.22, -0.22, -0.22, -0.22, -0.22, -0.22, -0.22, -0.22, -0.15, -0.08, -0.15, -0.22, -0.22, -0.22, -0.22, -0.22, -0.22, -0.15, -0.08, -0.15, -0.22, -0.22, -0.22, -0.22, 0.05, -0.22, 
-0.22, -0.22, -0.22, -0.22, -0.22, -0.22, -0.22, -0.22, -0.22, -0.22, -0.22, -0.22, -0.22, -0.22, -0.22, -0.22, -0.22, -0.22, -0.22, -0.22, -0.22, -0.22, -0.22, -0.22, -0.22, -0.22, -0.22, -0.22, 
-0.22, -0.22, -0.22, -0.22, -0.22, -0.15, -0.08, -0.15, -0.22, -0.22, -0.02, -0.22, -0.22, -0.22, -0.04, -0.22, -0.22, 0.05, -0.03, -0.12, -0.06, -0.22, -0.22, -0.07, -0.22, -0.22, -0.22, -0.22, 
-0.22, -0.22, -0.22, -0.22, -0.22, -0.08, 0.05, -0.08, -0.22, -0.22, -0.22, -0.22, -0.22, -0.22, -0.22, -0.12, -0.03, -0.03, 0.16, -0.03, -0.22, -0.22, -0.22, -0.22, -0.22, -0.22, 0.04, -0.22, 
-0.22, -0.22, -0.22, -0.22, -0.22, -0.15, -0.08, 0.06, -0.22, -0.22, -0.12, -0.03, -0.12, -0.22, -0.22, -0.03, 0.16, -0.12, -0.03, -0.12, -0.03, -0.12, -0.22, -0.22, -0.22, -0.22, -0.22, -0.22, 
-0.22, -0.22, -0.22, -0.22, -0.22, -0.22, -0.22, -0.22, -0.22, -0.22, -0.03, 0.16, -0.03, -0.22, -0.22, -0.12, -0.03, -0.12, -0.22, -0.03, 0.16, -0.03, -0.22, -0.22, -0.22, -0.22, -0.22, -0.22, 
0.03, -0.22, -0.22, 0.01, -0.22, -0.22, 0.00, -0.22, -0.22, -0.22, -0.12, -0.03, -0.12, -0.22, -0.22, -0.22, -0.22, -0.22, -0.22, -0.12, -0.03, -0.12, -0.22, -0.22, -0.22, -0.22, -0.10, -0.22, 
-0.22, -0.22, -0.22, -0.22, -0.22, -0.22, -0.22, -0.22, -0.22, -0.22, -0.22, -0.22, -0.15, -0.08, -0.15, -0.22, -0.22, -0.22, -0.15, -0.08, -0.15, -0.15, -0.22, -0.22, -0.22, -0.22, -0.22, -0.22, 
-0.22, -0.22, -0.22, -0.22, -0.22, -0.22, -0.22, -0.22, -0.22, -0.22, -0.22, -0.15, 0.01, 0.24, 0.01, -0.22, -0.15, -0.08, -0.08, 0.05, -0.08, -0.08, -0.22, -0.22, -0.22, -0.22, -0.22, -0.22, 
-0.22, -0.22, -0.22, -0.22, -0.22, -0.22, -0.22, -0.22, -0.22, -0.22, -0.22, -0.08, 0.04, 0.30, 0.04, -0.22, -0.08, 0.05, -0.15, -0.08, -0.15, -0.15, -0.22, -0.22, -0.22, -0.22, -0.11, -0.22, 
-0.22, -0.22, -0.12, -0.03, -0.12, -0.22, -0.22, -0.22, -0.22, -0.22, -0.22, -0.15, -0.06, 0.11, -0.06, -0.22, -0.15, -0.08, -0.15, -0.22, -0.22, -0.12, -0.03, -0.12, -0.22, -0.22, -0.22, -0.22, 
-0.22, -0.22, -0.03, 0.16, -0.03, -0.22, -0.22, -0.22, -0.22, -0.22, -0.22, -0.22, 0.01, 0.24, 0.01, -0.22, -0.22, -0.22, -0.22, -0.22, -0.22, -0.03, 0.16, -0.03, -0.12, -0.22, -0.22, -0.22, 
-0.22, -0.22, -0.11, -0.03, -0.12, -0.20, -0.22, -0.22, -0.18, -0.22, -0.22, -0.17, -0.15, -0.08, -0.09, -0.22, -0.22, -0.15, -0.22, -0.22, -0.13, -0.12, -0.03, -0.12, -0.22, -0.22, -0.22, -0.22, 
-0.22, -0.22, -0.22, -0.22, -0.22, -0.22, -0.22, -0.22, -0.22, -0.22, -0.22, -0.22, -0.22, -0.22, -0.22, -0.22, -0.22, -0.22, -0.22, -0.22, -0.22, -0.22, -0.22, -0.22, -0.22, -0.22, -0.22, -0.22, 
-0.22, -0.22, -0.22, -0.22, -0.22, -0.22, -0.22, -0.22, -0.22, -0.22, -0.22, -0.22, -0.22, -0.22, -0.22, -0.22, -0.22, -0.22, -0.22, -0.22, -0.22, -0.22, -0.22, -0.22, -0.22, -0.22, -0.22, -0.22, 
-- optimal policy --
v  l  r  v  l  r  v  l  >  ^  <  >  >  ^  <  v  >  ^  <  >  ^  >  L  <  >  ^  <  l  
<  <  >  r  <  >  v  <  R  ^  L  >  R  ^  L  v  R  ^  L  R  ^  R  ^  L  R  ^  L  <  
^  L  R  r  v  r  v  l  l  ^  ^  R  R  >  >  ^  <  r  r  >  >  <  <  <  ^  ^  ^  L  
<  <  >  >  v  >  >  <  v  l  l  l  v  R  R  ^  L  l  >  R  R  ^  L  L  >  r  v  l  
^  L  R  R  ^  R  ^  r  v  l  l  v  l  R  >  >  v  <  R  ^  L  L  L  L  >  >  <  <  
^  L  R  R  ^  L  >  >  ^  <  r  v  l  l  R  R  ^  L  R  r  v  l  l  L  >  R  ^  L  
R  R  R  ^  L  >  R  R  ^  L  >  ^  <  <  R  R  ^  L  >  >  ^  <  <  <  R  r  v  l  
R  R  ^  r  r  R  R  R  ^  L  R  ^  L  L  v  r  v  v  R  R  ^  L  L  <  >  >  <  <  
R  R  >  r  r  r  v  l  l  r  v  l  L  r  v  l  r  v  l  l  v  l  r  v  l  R  ^  L  
r  v  r  >  r  r  v  l  l  >  r  <  v  >  r  r  >  r  v  l  l  <  >  l  <  r  v  l  
v  r  v  R  >  >  r  v  l  R  r  v  l  R  r  r  v  >  L  <  <  l  l  ^  L  >  l  <  
v  v  l  v  R  R  >  L  <  r  r  v  l  l  >  >  R  R  ^  L  v  l  l  <  >  R  ^  L  
v  l  r  v  l  r  R  ^  L  >  >  <  <  <  R  R  ^  L  ^  >  ^  <  <  <  R  r  v  l  
<  <  >  ^  <  >  R  <  L  R  R  ^  L  L  l  R  ^  L  R  R  ^  L  L  <  r  >  r  <  
^  L  R  ^  L  R  ^  L  R  R  R  r  r  v  l  l  r  r  r  v  l  L  l  L  >  R  ^  L  
^  ^  L  v  l  l  ^  ^  L  R  r  r  r  v  l  l  r  v  >  <  <  <  <  l  l  r  v  l  
r  r  r  v  l  l  l  l  R  r  >  >  >  ^  <  <  >  v  R  ^  L  r  v  l  l  >  l  <  
>  r  r  v  l  l  <  l  v  >  R  R  R  ^  L  L  R  ^  L  ^  r  r  v  l  l  l  ^  L  
>  >  >  v  <  <  l  r  v  l  R  >  >  ^  <  <  R  ^  L  r  >  >  v  <  <  <  <  ^  
>  R  R  ^  L  L  <  >  ^  <  >  R  R  ^  L  L  >  ^  <  >  R  R  ^  L  L  L  <  <  
R  R  R  ^  L  L  L  R  ^  L  R  R  R  ^  L  L  R  ^  L  R  R  R  ^  L  L  L  L  L  
R  R  ^  ^  ^  L  L  L  L  R  R  R  ^  L  ^  L  L  ^  R  R  R  ^  R  ^  L  L  L  L  
Correct actions (%) : 15.17
Avg angular diffs   : 85.34
