arguments: 34 11 4 0.272627 0.383002 0.12362 -0.220751
loading features...

Initializing gridworld of size 28 by 22..
    Num states: 616
    Num actions: 8
recovered reward
-0.03, 0.16, -0.03, -0.22, -0.15, 0.01, 0.04, -0.12, -0.22, -0.22, -0.22, -0.22, -0.22, -0.22, -0.22, -0.22, -0.22, -0.22, -0.12, -0.03, -0.12, -0.22, -0.22, -0.22, -0.22, -0.22, -0.22, -0.22, 
-0.12, 0.04, 0.01, -0.15, -0.08, 0.24, 0.30, -0.03, -0.22, -0.12, -0.22, -0.22, -0.11, -0.22, -0.22, -0.22, -0.22, -0.22, -0.03, 0.23, 0.11, -0.15, -0.22, -0.22, -0.22, 0.10, -0.22, -0.22, 
-0.22, -0.08, 0.05, -0.08, -0.15, 0.01, 0.04, -0.12, -0.22, -0.22, -0.22, -0.22, -0.22, -0.22, -0.22, -0.22, -0.10, -0.22, -0.12, 0.11, 0.15, -0.08, -0.22, -0.22, -0.22, -0.22, -0.22, -0.22, 
-0.22, -0.15, -0.08, -0.15, -0.22, -0.12, -0.03, -0.04, -0.22, -0.22, -0.22, -0.22, -0.22, -0.22, -0.22, -0.22, -0.22, -0.22, -0.22, -0.15, -0.08, -0.15, -0.15, -0.22, -0.22, -0.22, -0.22, -0.22, 
-0.22, -0.22, -0.22, -0.22, -0.22, -0.22, -0.15, -0.22, -0.22, -0.22, -0.22, -0.22, -0.22, -0.22, -0.22, -0.22, -0.22, -0.22, -0.22, -0.22, -0.15, -0.08, -0.15, -0.22, -0.22, 0.09, -0.22, -0.22, 
-0.22, -0.22, -0.22, -0.22, -0.22, -0.22, -0.22, -0.22, -0.22, -0.22, -0.12, -0.03, -0.12, -0.22, -0.22, -0.22, -0.08, -0.22, -0.22, -0.22, -0.08, 0.05, -0.08, -0.22, -0.22, -0.22, -0.22, -0.22, 
-0.22, -0.22, -0.22, -0.22, -0.16, -0.22, -0.22, -0.22, -0.22, -0.22, -0.03, 0.16, -0.03, -0.22, -0.07, -0.22, -0.22, -0.22, -0.22, -0.22, -0.06, 0.11, -0.06, -0.22, -0.22, -0.22, -0.22, -0.22, 
-0.22, -0.22, -0.22, -0.22, -0.22, -0.22, -0.15, -0.08, -0.15, -0.22, -0.12, -0.03, -0.12, -0.22, -0.22, -0.22, -0.22, -0.22, -0.22, -0.15, 0.11, 0.23, -0.03, 0.08, -0.22, -0.22, -0.22, -0.22, 
-0.22, -0.22, -0.22, -0.22, -0.22, -0.22, -0.08, 0.05, -0.08, -0.22, -0.22, -0.22, -0.22, -0.22, -0.22, -0.22, -0.22, -0.22, -0.22, -0.08, 0.15, 0.11, -0.12, -0.22, -0.22, -0.22, -0.22, -0.22, 
-0.22, -0.22, -0.22, -0.22, -0.17, -0.22, -0.15, -0.08, -0.15, -0.08, -0.15, -0.22, -0.06, -0.22, -0.22, -0.22, -0.22, -0.22, -0.22, -0.15, -0.08, -0.15, -0.22, -0.22, -0.22, -0.22, -0.22, -0.22, 
-0.22, -0.22, -0.22, -0.22, -0.22, -0.22, -0.22, -0.22, -0.08, 0.05, -0.08, -0.22, -0.22, -0.22, -0.22, -0.12, -0.03, -0.12, -0.22, -0.22, -0.22, -0.22, -0.22, -0.22, 0.06, -0.22, -0.22, -0.22, 
-0.22, -0.22, -0.22, -0.22, -0.22, -0.22, -0.22, -0.22, -0.15, -0.08, 0.02, -0.22, -0.22, -0.12, -0.03, -0.03, 0.16, -0.03, -0.22, -0.22, -0.22, -0.22, -0.22, -0.22, -0.22, -0.22, -0.22, -0.22, 
-0.22, -0.22, -0.22, -0.22, -0.22, -0.22, -0.22, -0.22, -0.22, -0.22, -0.22, -0.22, -0.22, -0.03, 0.16, -0.12, -0.03, -0.12, -0.22, -0.22, -0.22, -0.22, -0.22, -0.22, -0.15, -0.08, -0.15, -0.22, 
-0.22, -0.22, -0.22, -0.18, -0.22, -0.22, -0.22, -0.22, -0.22, -0.22, -0.22, -0.22, -0.22, -0.12, -0.03, -0.12, -0.22, -0.22, -0.22, -0.22, -0.22, -0.22, -0.22, 0.05, -0.08, 0.05, -0.08, -0.22, 
-0.22, -0.22, -0.22, -0.22, -0.22, -0.22, -0.22, -0.22, -0.22, -0.04, -0.22, -0.22, -0.22, -0.22, -0.22, -0.22, -0.22, -0.22, -0.22, -0.22, -0.22, -0.15, -0.08, -0.15, -0.15, -0.08, -0.15, -0.22, 
-0.22, -0.22, -0.22, -0.22, -0.22, -0.22, -0.22, -0.22, -0.22, -0.22, -0.22, -0.22, -0.22, -0.22, -0.22, -0.22, -0.22, -0.22, -0.22, -0.22, -0.15, -0.08, 0.15, 0.11, -0.12, -0.22, -0.22, -0.22, 
-0.22, -0.22, -0.20, -0.22, -0.22, -0.22, -0.22, -0.22, -0.22, -0.22, -0.22, -0.22, -0.02, -0.22, -0.22, -0.22, -0.22, -0.22, -0.22, -0.22, -0.08, -0.15, 0.11, 0.49, -0.03, -0.22, -0.22, -0.22, 
-0.22, -0.22, -0.22, -0.22, -0.22, -0.22, -0.15, -0.08, -0.15, -0.22, -0.22, -0.22, -0.22, -0.22, -0.12, -0.03, -0.12, -0.22, -0.22, -0.22, -0.15, -0.08, -0.06, -0.03, -0.12, -0.22, -0.22, -0.22, 
-0.22, -0.22, -0.22, -0.22, -0.22, -0.22, -0.08, 0.05, -0.08, -0.22, -0.22, -0.22, -0.22, -0.22, -0.03, 0.16, -0.03, -0.22, -0.12, -0.03, -0.12, 0.03, -0.22, -0.22, -0.22, -0.22, -0.22, -0.22, 
-0.21, -0.22, -0.22, -0.22, -0.22, -0.22, -0.15, -0.08, -0.15, -0.22, -0.22, -0.22, -0.22, -0.01, -0.12, -0.03, 0.10, -0.22, -0.03, 0.40, -0.03, -0.22, -0.22, -0.22, -0.22, -0.22, -0.22, -0.22, 
-0.22, -0.22, -0.22, -0.22, -0.22, -0.22, -0.22, -0.22, -0.22, -0.22, -0.22, -0.22, -0.22, -0.22, -0.12, -0.03, -0.12, -0.22, -0.12, -0.03, -0.12, -0.22, -0.22, -0.22, -0.22, -0.22, -0.22, -0.22, 
-0.22, -0.22, -0.22, -0.22, -0.22, -0.22, -0.22, -0.22, -0.22, -0.22, -0.22, -0.22, -0.22, -0.22, -0.22, -0.22, -0.22, -0.22, -0.22, -0.22, -0.22, -0.22, -0.22, -0.22, -0.22, -0.22, -0.22, -0.22, 
-- optimal policy --
>  ^  <  l  r  r  v  l  l  v  l  r  v  l  r  v  r  r  r  v  l  l  l  r  r  v  l  <  
R  ^  L  l  >  >  <  <  <  <  <  >  r  <  r  r  v  >  >  r  <  l  l  >  >  <  <  L  
R  ^  L  <  R  R  ^  L  L  ^  L  R  ^  L  >  >  >  R  R  ^  L  <  <  l  R  ^  L  <  
R  R  ^  L  R  R  ^  L  <  L  v  v  v  l  l  R  ^  R  R  R  ^  L  L  l  r  v  l  L  
R  R  ^  L  R  R  ^  L  L  r  r  v  l  l  l  r  v  l  R  R  r  v  l  l  >  ^  <  <  
R  ^  ^  r  v  R  ^  L  >  r  r  v  l  l  v  l  <  <  r  r  r  v  l  l  R  ^  L  L  
^  L  R  >  r  r  r  v  l  >  >  ^  <  <  <  <  ^  L  r  r  r  v  l  v  l  <  L  L  
^  R  R  R  ^  r  r  v  l  R  R  ^  L  L  ^  L  <  >  r  r  >  l  <  <  <  L  <  L  
>  R  R  r  v  >  >  ^  <  v  R  ^  L  l  r  v  l  v  >  >  R  ^  L  ^  L  <  l  l  
R  R  r  >  >  R  R  ^  r  v  l  l  l  <  r  r  v  l  R  R  ^  L  L  r  v  l  <  <  
r  r  >  R  ^  R  R  >  >  r  <  l  ^  r  r  r  v  l  l  R  ^  L  L  >  R  <  L  l  
>  r  R  ^  R  R  >  R  R  ^  L  <  r  r  v  >  <  <  <  <  ^  r  v  R  ^  L  l  l  
r  >  r  v  l  <  R  R  R  R  ^  L  >  >  v  R  ^  L  L  <  r  >  r  v  l  v  l  l  
>  R  >  ^  <  <  R  >  r  v  l  ^  R  R  ^  L  ^  L  L  L  r  r  >  l  <  <  <  <  
r  >  R  ^  L  <  >  >  >  L  <  R  R  R  ^  L  L  ^  L  r  r  r  v  l  l  ^  L  L  
>  r  v  l  r  r  v  >  R  ^  L  r  v  l  v  l  v  l  >  r  >  >  r  v  l  l  L  L  
>  >  R  <  r  r  r  v  l  l  >  >  r  <  r  v  l  l  v  >  R  R  >  L  <  <  <  L  
>  R  ^  L  r  r  r  v  l  l  >  R  ^  r  r  v  l  l  r  v  r  R  R  ^  L  L  L  L  
v  l  ^  r  >  >  >  ^  <  <  R  >  r  >  >  r  <  l  r  v  l  l  R  ^  L  L  L  L  
l  <  <  >  R  R  R  ^  L  L  <  >  >  R  R  ^  L  <  >  >  <  ^  L  ^  L  L  L  L  
^  L  <  R  R  R  R  ^  L  L  L  >  R  ^  R  R  ^  L  R  ^  L  L  ^  L  L  ^  L  L  
R  ^  L  R  R  R  R  ^  L  L  L  R  ^  R  R  ^  L  R  R  ^  L  L  L  ^  L  ^  ^  L  
Correct actions (%) : 11.49
Avg angular diffs   : 91.55
