arguments: 34 6 1 -0.565819 0.0441286 -0.315258 -0.0747943
loading features...

Initializing gridworld of size 28 by 22..
    Num states: 616
    Num actions: 8
recovered reward
-0.07, -0.07, -0.07, -0.07, -0.07, -0.07, -0.77, -0.07, -0.36, -1.37, -0.36, -0.07, -0.07, -0.83, -0.07, -0.07, -0.22, -1.15, -0.22, -0.07, -0.89, -0.07, -0.93, -0.07, -0.07, -0.96, -0.07, -0.07, 
-0.07, -0.07, -0.07, -0.74, -0.07, -0.07, -0.07, -0.07, -0.22, -0.36, -0.22, -0.07, -0.07, -0.07, -0.07, -0.07, -0.36, -0.64, -0.36, -0.21, -0.05, -0.06, -0.07, -0.07, -0.07, -0.07, -0.07, -0.07, 
-0.07, -0.71, -0.07, -0.07, -0.07, -0.07, -0.07, -0.07, -0.07, -0.07, -0.07, -0.07, -0.07, -0.07, -0.06, -0.05, -0.21, -0.36, -0.21, -0.34, -0.06, -0.05, -0.07, -0.07, -0.07, -0.07, -0.07, -0.07, 
-0.67, -0.07, -0.07, -0.07, -0.07, -0.07, -0.07, -0.07, -0.07, -0.07, -0.07, -0.07, -0.07, -0.07, -0.05, -0.03, -0.05, -0.22, -0.34, -0.17, -0.05, -0.06, -0.07, -0.07, -0.07, -0.07, -0.07, -0.07, 
-0.07, -0.07, -0.07, -0.07, -0.07, -0.07, -0.07, -0.07, -0.07, -0.07, -0.07, -0.07, -0.07, -0.07, -0.06, -0.05, -0.06, -0.22, -0.35, -0.19, -0.06, -0.07, -0.06, -0.05, -0.06, -0.07, -0.07, -0.07, 
-0.07, -0.07, -0.07, -0.07, -0.07, -0.07, -0.07, -0.07, -0.07, -0.07, -0.07, -0.07, -0.07, -0.07, -0.07, -0.07, -0.07, -0.36, -0.64, -0.36, -0.22, -0.36, -0.19, -0.03, -0.05, -0.07, -0.07, -0.07, 
-0.64, -0.07, -0.07, -0.07, -0.07, -0.07, -0.07, -0.07, -0.07, -0.07, -0.07, -0.07, -0.07, -0.07, -0.07, -0.07, -0.07, -0.22, -0.36, -0.22, -0.36, -0.64, -0.35, -0.05, -0.06, -0.07, -0.07, -0.07, 
-0.07, -0.07, -0.61, -0.07, -0.07, -0.58, -0.07, -0.07, -0.07, -0.07, -0.07, -0.07, -0.07, -0.06, -0.05, -0.06, -0.07, -0.07, -0.07, -0.07, -0.22, -0.36, -0.22, -0.07, -0.07, -0.07, -0.07, -0.07, 
-0.07, -0.07, -0.07, -0.07, -0.07, -0.07, -0.07, -0.07, -0.07, -0.07, -0.07, -0.07, -0.07, -0.05, -0.03, -0.05, -0.07, -0.07, -0.07, -0.07, -0.07, -0.07, -0.07, -0.07, -0.07, -0.07, -0.07, -0.07, 
-0.07, -0.07, -0.07, -0.07, -0.07, -0.07, -0.07, -0.07, -0.07, -0.55, -0.07, -0.07, -0.52, -0.06, -0.05, -0.47, -0.07, -0.07, -0.45, -0.07, -0.07, -0.07, -0.07, -0.07, -0.07, -0.07, -0.07, -0.07, 
-0.07, -0.07, -0.07, -0.07, -0.07, -0.06, -0.05, -0.06, -0.07, -0.07, -0.07, -0.07, -0.07, -0.07, -0.07, -0.07, -0.07, -0.07, -0.07, -0.07, -0.07, -0.42, -0.07, -0.07, -0.07, -0.07, -0.07, -0.07, 
-0.07, -0.07, -0.22, -0.36, -0.22, -0.05, -0.03, -0.05, -0.07, -0.07, -0.22, -0.36, -0.22, -0.07, -0.07, -0.22, -0.36, -0.22, -0.07, -0.07, -0.07, -0.07, -0.07, -0.07, -0.53, -0.36, -0.22, -0.07, 
-0.07, -0.07, -0.36, -0.64, -0.36, -0.06, -0.05, -0.06, -0.07, -0.07, -0.36, -0.64, -0.36, -0.22, -0.36, -0.36, -0.64, -0.36, -0.07, -0.07, -0.07, -0.07, -0.07, -0.07, -0.36, -0.64, -0.36, -0.07, 
-0.07, -0.07, -0.22, -0.36, -0.22, -0.07, -0.07, -0.07, -0.07, -0.07, -0.22, -0.36, -0.22, -0.36, -0.64, -0.22, -0.36, -0.22, -0.07, -0.07, -0.07, -0.07, -0.07, -0.07, -0.22, -0.36, -0.22, -0.07, 
-0.07, -0.07, -0.07, -0.22, -0.36, -0.22, -0.07, -0.07, -0.07, -0.07, -0.07, -0.07, -0.07, -0.22, -0.36, -0.22, -0.22, -0.36, -0.22, -0.07, -0.06, -0.05, -0.06, -0.07, -0.36, -0.07, -0.07, -0.07, 
-0.07, -0.07, -0.07, -0.36, -0.64, -0.36, -0.07, -0.07, -0.07, -0.07, -0.07, -0.07, -0.07, -0.06, -0.05, -0.06, -0.35, -0.62, -0.35, -0.07, -0.05, -0.03, -0.05, -0.05, -0.06, -0.07, -0.07, -0.07, 
-0.07, -0.07, -0.07, -0.22, -0.36, -0.22, -0.07, -0.07, -0.07, -0.07, -0.06, -0.05, -0.06, -0.05, -0.03, -0.05, -0.19, -0.31, -0.19, -0.07, -0.06, -0.05, -0.06, -0.28, -0.05, -0.07, -0.07, -0.07, 
-0.07, -0.07, -0.07, -0.07, -0.07, -0.07, -0.07, -0.07, -0.07, -0.07, -0.05, -0.03, -0.05, -0.06, -0.05, -0.06, -0.06, -0.05, -0.06, -0.07, -0.07, -0.30, -0.06, -0.05, -0.06, -0.07, -0.07, -0.07, 
-0.07, -0.07, -0.07, -0.07, -0.07, -0.07, -0.07, -0.07, -0.07, -0.17, -0.06, -0.05, -0.19, -0.07, -0.07, -0.23, -0.07, -0.07, -0.26, -0.07, -0.07, -0.07, -0.07, -0.07, -0.07, -0.07, -0.07, -0.07, 
-0.07, -0.07, -0.11, -0.07, -0.07, -0.14, -0.07, -0.07, -0.07, -0.07, -0.07, -0.07, -0.07, -0.07, -0.07, -0.07, -0.07, -0.07, -0.07, -0.07, -0.07, -0.07, -0.07, -0.07, -0.07, -0.07, -0.07, -0.07, 
-0.07, -0.07, -0.07, -0.07, -0.07, -0.07, -0.07, -0.07, -0.07, -0.07, -0.07, -0.07, -0.07, -0.07, -0.07, -0.07, -0.07, -0.07, -0.07, -0.07, -0.07, -0.07, -0.07, -0.07, -0.07, -0.07, -0.07, -0.07, 
-0.07, -0.07, -0.07, -0.07, -0.07, -0.07, -0.07, -0.07, -0.07, -0.07, -0.07, -0.07, -0.07, -0.07, -0.07, -0.07, -0.07, -0.07, -0.07, -0.07, -0.07, -0.07, -0.07, -0.07, -0.07, -0.07, -0.07, -0.07, 
-- optimal policy --
r  r  v  r  >  r  r  v  l  r  r  r  r  r  r  v  l  <  >  r  v  l  l  l  <  v  l  l  
v  r  v  r  r  >  r  r  r  r  >  >  r  r  r  v  l  l  R  >  r  v  l  l  v  l  l  l  
r  v  v  r  v  r  >  r  r  r  >  >  >  r  r  v  l  l  r  r  >  l  <  v  v  l  l  l  
v  v  r  v  r  r  v  >  r  r  r  >  >  >  >  <  <  <  >  >  R  ^  r  v  l  l  l  l  
r  v  v  v  r  r  r  v  >  r  r  r  >  R  R  ^  L  L  R  R  ^  L  r  v  l  l  l  <  
r  r  v  v  v  r  r  v  v  >  r  r  R  R  R  ^  L  L  R  R  ^  R  >  >  <  <  <  L  
r  v  r  v  l  r  r  r  l  r  >  r  r  r  v  l  l  L  l  l  l  R  R  ^  L  L  L  <  
>  r  r  r  v  v  r  r  l  l  r  >  r  r  v  l  l  <  l  <  r  r  R  ^  L  L  L  L  
>  r  r  r  r  v  v  v  l  l  >  >  >  >  <  <  <  L  <  <  >  >  R  R  ^  L  L  L  
>  r  >  r  r  r  v  l  l  l  R  R  R  R  ^  L  L  <  L  L  >  R  R  R  ^  L  L  L  
>  >  R  >  r  r  v  l  l  <  l  >  R  R  ^  L  ^  L  <  l  r  v  v  v  l  ^  L  L  
>  R  R  R  >  >  >  <  <  l  <  R  R  ^  L  L  L  ^  r  r  v  r  v  l  l  ^  ^  L  
R  ^  L  R  R  R  ^  L  L  <  L  R  R  ^  L  L  L  r  r  r  r  r  v  l  l  l  r  v  
R  ^  L  l  R  R  ^  L  L  L  v  r  v  l  l  v  l  >  r  r  r  v  l  l  l  v  l  l  
R  ^  L  <  R  ^  R  ^  L  r  v  l  r  r  v  l  l  R  r  r  r  v  l  l  l  l  l  l  
^  L  ^  L  R  R  ^  L  r  r  r  v  l  r  v  l  l  l  >  >  >  ^  <  <  <  l  <  l  
^  ^  r  r  r  R  ^  r  >  r  r  v  l  >  >  <  <  v  l  R  R  ^  L  L  L  <  <  <  
R  >  >  >  >  R  >  >  R  >  >  >  <  R  ^  L  L  <  <  R  R  ^  L  R  ^  L  L  l  
r  R  >  >  R  >  >  R  R  R  R  ^  L  L  ^  L  R  ^  L  L  ^  R  R  ^  L  L  L  <  
R  r  >  R  R  >  R  R  >  R  R  ^  L  ^  L  L  ^  ^  L  ^  R  R  ^  ^  ^  L  L  L  
>  r  >  >  >  R  R  >  R  R  R  ^  L  L  L  L  L  ^  ^  L  R  ^  ^  R  ^  L  L  L  
>  >  >  R  R  R  >  R  R  R  ^  L  ^  L  L  <  L  L  ^  R  ^  ^  R  R  R  ^  L  L  
Correct actions (%) : 11.11
Avg angular diffs   : 86.11
