arguments: 34 15 1 -0.467228 0.0898876 0.0683521 -0.374532
loading features...

Initializing gridworld of size 28 by 22..
    Num states: 616
    Num actions: 8
recovered reward
-0.35, -0.33, -0.35, -0.37, -0.37, -0.37, -0.37, -0.37, -0.37, -0.37, -0.37, -0.37, -0.37, -0.37, -0.37, -0.37, -0.37, -0.37, -0.37, -0.37, -0.37, -0.37, -0.37, -0.49, -0.61, -0.49, -0.37, -0.37, 
-0.33, -0.28, -0.33, -0.49, -0.61, -0.49, -0.37, -0.49, -0.59, -0.45, -0.35, -0.37, -0.37, -0.37, -0.37, -0.37, -0.37, -0.37, -0.49, -0.61, -0.49, -0.37, -0.37, -0.61, -0.84, -0.46, -0.37, -0.37, 
-0.35, -0.33, -0.35, -0.61, -0.84, -0.61, -0.37, -0.61, -0.80, -0.52, -0.45, -0.37, -0.37, -0.37, -0.31, -0.37, -0.37, -0.37, -0.61, -0.84, -0.61, -0.37, -0.37, -0.49, -0.61, -0.49, -0.37, -0.37, 
-0.37, -0.37, -0.37, -0.49, -0.61, -0.49, -0.37, -0.49, -0.59, -0.45, -0.59, -0.32, -0.37, -0.37, -0.37, -0.37, -0.31, -0.37, -0.49, -0.61, -0.49, -0.37, -0.37, -0.23, -0.37, -0.37, -0.37, -0.37, 
-0.37, -0.37, -0.37, -0.37, -0.37, -0.37, -0.37, -0.37, -0.49, -0.56, -0.49, -0.37, -0.37, -0.37, -0.37, -0.37, -0.37, -0.37, -0.37, -0.37, -0.37, -0.37, -0.37, -0.37, -0.37, -0.37, -0.37, -0.37, 
-0.37, -0.37, -0.37, -0.37, -0.37, -0.37, -0.37, -0.37, -0.37, -0.37, -0.37, -0.37, -0.37, -0.37, -0.37, -0.49, -0.49, -0.61, -0.49, -0.37, -0.35, -0.33, -0.35, -0.37, -0.37, -0.37, -0.37, -0.37, 
-0.37, -0.37, -0.49, -0.61, -0.49, -0.37, -0.37, -0.33, -0.37, -0.37, -0.37, -0.37, -0.37, -0.37, -0.37, -0.61, -0.53, -0.84, -0.61, -0.37, -0.33, -0.40, -0.56, -0.35, -0.37, -0.37, -0.37, -0.37, 
-0.37, -0.37, -0.61, -0.84, -0.61, -0.37, -0.37, -0.37, -0.37, -0.37, -0.37, -0.37, -0.37, -0.37, -0.37, -0.49, -0.49, -0.61, -0.49, -0.37, -0.35, -0.56, -0.82, -0.61, -0.37, -0.37, -0.37, -0.37, 
-0.37, -0.37, -0.49, -0.61, -0.49, -0.37, -0.37, -0.37, -0.37, -0.37, -0.37, -0.37, -0.37, -0.37, -0.37, -0.37, -0.37, -0.37, -0.37, -0.37, -0.37, -0.49, -0.61, -0.49, -0.37, -0.37, -0.37, -0.37, 
-0.37, -0.37, -0.37, -0.37, -0.37, -0.37, -0.34, -0.35, -0.33, -0.35, -0.37, -0.37, -0.37, -0.37, -0.37, -0.37, -0.29, -0.37, -0.37, -0.37, -0.37, -0.37, -0.24, -0.37, -0.37, -0.37, -0.37, -0.37, 
-0.37, -0.37, -0.37, -0.37, -0.37, -0.37, -0.37, -0.33, -0.28, -0.33, -0.37, -0.37, -0.37, -0.37, -0.37, -0.37, -0.37, -0.37, -0.37, -0.37, -0.37, -0.37, -0.37, -0.35, -0.33, -0.35, -0.37, -0.37, 
-0.37, -0.37, -0.37, -0.37, -0.37, -0.37, -0.37, -0.35, -0.33, -0.35, -0.37, -0.37, -0.37, -0.37, -0.37, -0.37, -0.37, -0.37, -0.37, -0.37, -0.37, -0.37, -0.37, -0.33, -0.28, -0.33, -0.37, -0.37, 
-0.37, -0.37, -0.37, -0.37, -0.35, -0.37, -0.37, -0.37, -0.37, -0.37, -0.37, -0.37, -0.37, -0.37, -0.29, -0.37, -0.37, -0.37, -0.37, -0.37, -0.37, -0.37, -0.37, -0.35, -0.33, -0.35, -0.37, -0.37, 
-0.37, -0.37, -0.35, -0.33, -0.35, -0.33, -0.35, -0.37, -0.37, -0.37, -0.37, -0.37, -0.37, -0.37, -0.37, -0.37, -0.37, -0.37, -0.37, -0.37, -0.37, -0.25, -0.35, -0.33, -0.35, -0.37, -0.37, -0.37, 
-0.37, -0.35, -0.33, -0.33, -0.33, -0.28, -0.33, -0.37, -0.37, -0.37, -0.37, -0.37, -0.49, -0.61, -0.49, -0.37, -0.37, -0.37, -0.37, -0.37, -0.37, -0.37, -0.33, -0.28, -0.33, -0.37, -0.37, -0.37, 
-0.37, -0.33, -0.28, -0.33, -0.35, -0.33, -0.35, -0.33, -0.35, -0.37, -0.37, -0.37, -0.61, -0.84, -0.61, -0.28, -0.37, -0.37, -0.37, -0.37, -0.26, -0.37, -0.35, -0.33, -0.35, -0.37, -0.37, -0.37, 
-0.37, -0.34, -0.33, -0.35, -0.37, -0.37, -0.33, -0.28, -0.33, -0.37, -0.37, -0.49, -0.61, -0.49, -0.49, -0.37, -0.37, -0.37, -0.35, -0.33, -0.35, -0.37, -0.37, -0.37, -0.37, -0.37, -0.37, -0.37, 
-0.37, -0.37, -0.37, -0.37, -0.37, -0.37, -0.35, -0.33, -0.47, -0.61, -0.49, -0.61, -0.84, -0.61, -0.37, -0.37, -0.37, -0.37, -0.33, -0.28, -0.33, -0.37, -0.37, -0.37, -0.37, -0.37, -0.37, -0.37, 
-0.37, -0.37, -0.37, -0.37, -0.37, -0.37, -0.37, -0.37, -0.61, -0.84, -0.61, -0.49, -0.61, -0.49, -0.37, -0.27, -0.37, -0.37, -0.24, -0.33, -0.35, -0.37, -0.37, -0.37, -0.37, -0.37, -0.37, -0.37, 
-0.37, -0.37, -0.37, -0.37, -0.37, -0.37, -0.37, -0.37, -0.49, -0.61, -0.49, -0.37, -0.37, -0.37, -0.37, -0.37, -0.37, -0.37, -0.37, -0.37, -0.37, -0.37, -0.37, -0.37, -0.37, -0.37, -0.37, -0.37, 
-0.37, -0.37, -0.37, -0.37, -0.37, -0.37, -0.37, -0.37, -0.37, -0.37, -0.37, -0.37, -0.37, -0.37, -0.37, -0.37, -0.37, -0.37, -0.37, -0.37, -0.37, -0.37, -0.37, -0.37, -0.37, -0.37, -0.37, -0.37, 
-0.37, -0.37, -0.37, -0.37, -0.37, -0.37, -0.37, -0.37, -0.37, -0.37, -0.37, -0.37, -0.37, -0.37, -0.37, -0.37, -0.37, -0.37, -0.37, -0.37, -0.37, -0.37, -0.37, -0.37, -0.37, -0.37, -0.37, -0.37, 
-- optimal policy --
r  v  l  l  <  <  <  <  >  r  v  l  r  r  v  l  r  v  >  >  r  v  l  l  <  r  v  v  
>  v  <  <  L  L  L  L  R  >  r  r  >  r  r  v  l  v  l  R  >  r  v  l  l  r  v  l  
R  ^  L  L  L  r  v  l  R  R  r  v  l  >  >  r  v  l  l  r  r  >  r  v  l  l  l  l  
R  ^  L  L  l  r  r  v  l  R  r  r  r  v  l  >  >  r  r  r  v  l  >  l  <  <  <  v  
R  ^  L  L  <  r  r  r  r  r  >  r  v  r  v  l  ^  >  r  r  r  v  l  ^  L  <  v  v  
R  ^  L  L  r  >  r  r  r  r  r  >  r  r  v  l  R  R  r  r  v  l  <  v  l  v  v  l  
^  ^  ^  R  r  r  >  r  r  r  v  r  r  r  v  l  v  r  r  r  v  l  L  r  v  v  l  v  
^  ^  L  r  r  r  r  v  r  r  r  r  r  >  r  r  r  v  r  r  v  l  l  r  v  l  l  l  
r  r  r  r  >  r  r  r  v  r  r  v  l  r  >  r  r  r  v  r  r  r  v  l  l  l  l  l  
r  r  r  >  r  >  r  r  v  r  >  r  v  v  r  >  >  r  r  r  r  >  r  <  v  l  l  l  
r  r  r  r  >  R  >  >  >  r  r  >  r  r  v  r  v  >  r  v  v  R  r  v  l  l  l  l  
r  r  r  r  R  >  R  R  ^  >  r  r  r  r  v  l  r  v  >  r  v  l  v  l  <  <  <  <  
r  r  r  r  r  R  R  R  ^  r  >  r  r  >  r  r  >  r  r  >  r  v  l  l  l  l  L  <  
r  r  v  r  r  v  l  ^  r  >  r  >  >  R  r  r  r  >  r  r  >  l  <  l  l  l  L  L  
r  r  v  l  >  r  r  v  >  r  >  R  R  R  r  v  r  r  >  r  v  l  L  <  <  <  <  L  
>  >  v  <  R  r  r  v  r  >  R  ^  r  r  >  r  r  r  r  >  l  <  l  L  L  L  L  <  
R  R  ^  L  R  >  >  >  >  R  ^  ^  >  r  R  r  r  r  r  v  l  L  <  L  L  L  L  L  
R  R  ^  L  L  R  R  ^  R  ^  r  v  r  r  r  v  >  r  v  l  <  <  L  <  L  L  L  L  
R  ^  ^  L  R  R  R  ^  L  r  r  r  r  r  >  >  r  >  R  <  L  L  <  L  L  L  L  L  
^  ^  ^  R  R  R  >  r  r  r  r  r  r  >  R  ^  >  R  ^  L  L  L  L  <  L  L  L  L  
^  L  R  R  R  R  >  >  >  >  r  r  >  R  ^  >  R  ^  ^  ^  L  L  L  L  <  L  L  L  
^  R  R  R  R  >  >  >  >  >  >  >  R  ^  >  R  ^  L  ^  ^  ^  L  L  L  L  L  L  L  
Correct actions (%) : 15.07
Avg angular diffs   : 83.84
