arguments: 34 15 1 -0.356923 0.226154 0.109231 -0.307692
loading features...

Initializing gridworld of size 28 by 22..
    Num states: 616
    Num actions: 8
recovered reward
-0.25, -0.19, -0.25, -0.31, -0.31, -0.31, -0.31, -0.31, -0.31, -0.31, -0.31, -0.31, -0.31, -0.31, -0.31, -0.31, -0.31, -0.31, -0.31, -0.31, -0.31, -0.31, -0.31, -0.40, -0.49, -0.40, -0.31, -0.31, 
-0.19, -0.08, -0.19, -0.40, -0.49, -0.40, -0.31, -0.40, -0.43, -0.28, -0.25, -0.31, -0.31, -0.31, -0.31, -0.31, -0.31, -0.31, -0.40, -0.49, -0.40, -0.31, -0.31, -0.49, -0.66, -0.25, -0.31, -0.31, 
-0.25, -0.19, -0.25, -0.49, -0.66, -0.49, -0.31, -0.49, -0.55, -0.26, -0.28, -0.31, -0.31, -0.31, -0.21, -0.31, -0.31, -0.31, -0.49, -0.66, -0.49, -0.31, -0.31, -0.40, -0.49, -0.40, -0.31, -0.31, 
-0.31, -0.31, -0.31, -0.40, -0.49, -0.40, -0.31, -0.40, -0.43, -0.28, -0.43, -0.22, -0.31, -0.31, -0.31, -0.31, -0.20, -0.31, -0.40, -0.49, -0.40, -0.31, -0.31, -0.08, -0.31, -0.31, -0.31, -0.31, 
-0.31, -0.31, -0.31, -0.31, -0.31, -0.31, -0.31, -0.31, -0.40, -0.41, -0.40, -0.31, -0.31, -0.31, -0.31, -0.31, -0.31, -0.31, -0.31, -0.31, -0.31, -0.31, -0.31, -0.31, -0.31, -0.31, -0.31, -0.31, 
-0.31, -0.31, -0.31, -0.31, -0.31, -0.31, -0.31, -0.31, -0.31, -0.31, -0.31, -0.31, -0.31, -0.31, -0.31, -0.40, -0.40, -0.49, -0.40, -0.31, -0.25, -0.19, -0.25, -0.31, -0.31, -0.31, -0.31, -0.31, 
-0.31, -0.31, -0.40, -0.49, -0.40, -0.31, -0.31, -0.24, -0.31, -0.31, -0.31, -0.31, -0.31, -0.31, -0.31, -0.49, -0.37, -0.66, -0.49, -0.31, -0.19, -0.17, -0.37, -0.18, -0.31, -0.31, -0.31, -0.31, 
-0.31, -0.31, -0.49, -0.66, -0.49, -0.31, -0.31, -0.31, -0.31, -0.31, -0.31, -0.31, -0.31, -0.31, -0.31, -0.40, -0.40, -0.49, -0.40, -0.31, -0.25, -0.37, -0.61, -0.49, -0.31, -0.31, -0.31, -0.31, 
-0.31, -0.31, -0.40, -0.49, -0.40, -0.31, -0.31, -0.31, -0.31, -0.31, -0.31, -0.31, -0.31, -0.31, -0.31, -0.31, -0.31, -0.31, -0.31, -0.31, -0.31, -0.40, -0.49, -0.40, -0.31, -0.31, -0.31, -0.31, 
-0.31, -0.31, -0.31, -0.31, -0.31, -0.31, -0.25, -0.25, -0.19, -0.25, -0.31, -0.31, -0.31, -0.31, -0.31, -0.31, -0.18, -0.31, -0.31, -0.31, -0.31, -0.31, -0.10, -0.31, -0.31, -0.31, -0.31, -0.31, 
-0.31, -0.31, -0.31, -0.31, -0.31, -0.31, -0.31, -0.19, -0.08, -0.19, -0.31, -0.31, -0.31, -0.31, -0.31, -0.31, -0.31, -0.31, -0.31, -0.31, -0.31, -0.31, -0.31, -0.25, -0.19, -0.25, -0.31, -0.31, 
-0.31, -0.31, -0.31, -0.31, -0.31, -0.31, -0.31, -0.25, -0.19, -0.25, -0.31, -0.31, -0.31, -0.31, -0.31, -0.31, -0.31, -0.31, -0.31, -0.31, -0.31, -0.31, -0.31, -0.19, -0.08, -0.19, -0.31, -0.31, 
-0.31, -0.31, -0.31, -0.31, -0.26, -0.31, -0.31, -0.31, -0.31, -0.31, -0.31, -0.31, -0.31, -0.31, -0.17, -0.31, -0.31, -0.31, -0.31, -0.31, -0.31, -0.31, -0.31, -0.25, -0.19, -0.25, -0.31, -0.31, 
-0.31, -0.31, -0.25, -0.19, -0.25, -0.19, -0.25, -0.31, -0.31, -0.31, -0.31, -0.31, -0.31, -0.31, -0.31, -0.31, -0.31, -0.31, -0.31, -0.31, -0.31, -0.11, -0.25, -0.19, -0.25, -0.31, -0.31, -0.31, 
-0.31, -0.25, -0.19, -0.22, -0.19, -0.08, -0.19, -0.31, -0.31, -0.31, -0.31, -0.31, -0.40, -0.49, -0.40, -0.31, -0.31, -0.31, -0.31, -0.31, -0.31, -0.31, -0.19, -0.08, -0.19, -0.31, -0.31, -0.31, 
-0.31, -0.19, -0.08, -0.19, -0.25, -0.19, -0.25, -0.19, -0.25, -0.31, -0.31, -0.31, -0.49, -0.66, -0.49, -0.15, -0.31, -0.31, -0.31, -0.31, -0.12, -0.31, -0.25, -0.19, -0.25, -0.31, -0.31, -0.31, 
-0.31, -0.23, -0.19, -0.25, -0.31, -0.31, -0.19, -0.08, -0.19, -0.31, -0.31, -0.40, -0.49, -0.40, -0.40, -0.31, -0.31, -0.31, -0.25, -0.19, -0.25, -0.31, -0.31, -0.31, -0.31, -0.31, -0.31, -0.31, 
-0.31, -0.31, -0.31, -0.31, -0.31, -0.31, -0.25, -0.19, -0.34, -0.49, -0.40, -0.49, -0.66, -0.49, -0.31, -0.31, -0.31, -0.31, -0.19, -0.08, -0.19, -0.31, -0.31, -0.31, -0.31, -0.31, -0.31, -0.31, 
-0.31, -0.31, -0.31, -0.31, -0.31, -0.31, -0.31, -0.31, -0.49, -0.66, -0.49, -0.40, -0.49, -0.40, -0.31, -0.14, -0.31, -0.31, -0.08, -0.19, -0.25, -0.31, -0.31, -0.31, -0.31, -0.31, -0.31, -0.31, 
-0.30, -0.31, -0.31, -0.31, -0.31, -0.31, -0.31, -0.31, -0.40, -0.49, -0.40, -0.31, -0.31, -0.31, -0.31, -0.31, -0.31, -0.31, -0.31, -0.31, -0.31, -0.31, -0.31, -0.31, -0.31, -0.31, -0.31, -0.31, 
-0.31, -0.31, -0.31, -0.31, -0.31, -0.31, -0.31, -0.31, -0.31, -0.31, -0.31, -0.31, -0.31, -0.31, -0.31, -0.31, -0.31, -0.31, -0.31, -0.31, -0.31, -0.31, -0.31, -0.31, -0.31, -0.31, -0.31, -0.31, 
-0.31, -0.31, -0.31, -0.31, -0.31, -0.31, -0.31, -0.31, -0.31, -0.31, -0.31, -0.31, -0.31, -0.31, -0.31, -0.31, -0.31, -0.31, -0.31, -0.31, -0.31, -0.31, -0.31, -0.31, -0.31, -0.31, -0.31, -0.31, 
-- optimal policy --
r  v  l  l  <  <  <  l  <  <  v  >  r  r  r  v  r  v  >  >  r  v  l  l  r  v  l  l  
>  v  <  <  L  L  L  <  L  L  v  l  >  r  r  r  v  v  l  R  >  r  v  l  l  l  l  l  
R  ^  L  L  L  L  L  L  L  >  r  v  l  >  >  r  r  v  l  r  r  >  r  v  l  l  l  l  
R  ^  L  L  <  l  l  v  l  l  r  v  r  R  r  >  >  r  r  r  v  l  >  l  <  <  l  v  
R  ^  L  L  L  <  v  r  v  l  l  r  v  r  v  R  >  >  r  r  r  v  l  l  L  l  v  l  
R  ^  L  L  L  L  r  v  l  l  v  l  r  v  v  l  R  R  r  r  r  v  l  v  l  l  l  v  
^  L  ^  L  r  r  r  v  v  v  v  l  l  r  v  l  v  r  r  r  v  l  <  r  v  l  v  v  
^  L  L  r  r  r  r  v  r  v  l  l  r  r  r  r  r  v  r  r  r  v  l  v  l  v  v  l  
r  r  r  r  >  r  r  r  v  l  l  v  l  r  r  r  r  r  v  r  r  r  v  l  v  v  l  l  
v  r  r  >  r  >  r  r  v  l  l  r  v  v  r  r  v  r  r  v  r  >  r  r  v  l  l  l  
r  v  r  r  >  R  >  >  v  <  <  >  r  v  l  r  r  v  r  r  r  R  r  r  v  l  l  l  
r  r  v  r  v  l  R  R  ^  L  L  r  >  r  v  l  r  r  v  r  r  r  v  l  v  <  <  <  
r  r  r  v  r  v  l  R  ^  L  L  >  r  >  r  r  v  r  r  v  r  v  l  l  l  l  L  L  
r  r  v  r  r  v  l  l  v  l  r  >  >  r  r  r  r  v  r  v  l  v  l  v  l  l  L  L  
r  r  v  l  >  v  <  v  l  l  >  R  R  >  r  v  r  r  r  r  v  l  l  <  <  <  <  L  
>  >  v  <  R  ^  r  v  l  l  R  R  r  r  >  r  r  r  r  v  l  <  l  ^  L  L  L  <  
R  R  ^  L  R  >  >  ^  <  <  L  >  >  r  R  >  r  r  r  v  l  l  l  L  L  L  L  L  
R  R  ^  L  L  R  R  ^  L  L  r  r  r  >  r  r  >  r  v  l  <  <  l  l  L  L  L  L  
R  ^  ^  ^  R  R  R  ^  L  L  r  r  r  r  >  >  r  >  R  <  L  L  <  <  l  L  L  L  
^  ^  R  R  R  R  ^  L  L  r  r  r  r  >  R  r  >  R  ^  L  L  L  L  <  l  l  L  L  
^  L  R  R  R  R  ^  ^  L  >  r  r  >  R  r  >  R  ^  ^  ^  L  L  L  L  <  <  l  L  
^  ^  R  R  R  ^  ^  ^  >  R  >  >  R  >  >  R  ^  L  ^  ^  ^  L  L  L  L  L  <  <  
Correct actions (%) : 16.44
Avg angular diffs   : 81.99
