arguments: 34 16 1 -0.00638751 0.0187094 0.00965251 -0.965251
loading features...

Initializing gridworld of size 28 by 22..
    Num states: 616
    Num actions: 8
recovered reward
-0.97, -0.97, -0.97, -0.97, -0.97, -0.97, -0.94, -0.97, -0.97, -0.94, -0.97, -0.97, -0.97, -0.94, -0.97, -0.97, -0.97, -0.94, -0.97, -0.97, -0.94, -0.97, -0.94, -0.97, -0.97, -0.94, -0.97, -0.97, 
-0.97, -0.97, -0.97, -0.93, -0.97, -0.97, -0.97, -0.97, -0.97, -0.97, -0.97, -0.97, -0.97, -0.97, -0.97, -0.97, -0.97, -0.97, -0.97, -0.97, -0.97, -0.97, -0.97, -0.97, -0.97, -0.97, -0.97, -0.97, 
-0.97, -0.95, -0.97, -0.95, -0.97, -0.97, -0.97, -0.97, -0.97, -0.97, -0.97, -0.97, -0.97, -0.97, -0.97, -0.97, -0.97, -0.95, -0.97, -0.97, -0.97, -0.97, -0.97, -0.97, -0.97, -0.97, -0.97, -0.97, 
-0.95, -0.97, -0.97, -0.97, -0.97, -0.97, -0.97, -0.97, -0.97, -0.97, -0.97, -0.97, -0.97, -0.97, -0.97, -0.97, -0.97, -0.97, -0.97, -0.97, -0.97, -0.97, -0.97, -0.97, -0.97, -0.97, -0.97, -0.97, 
-0.97, -0.97, -0.97, -0.97, -0.97, -0.97, -0.97, -0.97, -0.97, -0.97, -0.97, -0.97, -0.97, -0.97, -0.97, -0.97, -0.97, -0.97, -0.97, -0.97, -0.97, -0.97, -0.97, -0.97, -0.97, -0.97, -0.97, -0.97, 
-0.97, -0.97, -0.97, -0.97, -0.97, -0.97, -0.97, -0.97, -0.97, -0.97, -0.97, -0.97, -0.97, -0.97, -0.97, -0.97, -0.97, -0.97, -0.97, -0.97, -0.97, -0.97, -0.97, -0.97, -0.97, -0.97, -0.97, -0.97, 
-0.95, -0.97, -0.97, -0.95, -0.97, -0.97, -0.97, -0.97, -0.97, -0.97, -0.97, -0.97, -0.97, -0.97, -0.97, -0.97, -0.97, -0.97, -0.97, -0.97, -0.97, -0.97, -0.97, -0.97, -0.97, -0.97, -0.97, -0.97, 
-0.97, -0.97, -0.96, -0.97, -0.97, -0.95, -0.97, -0.97, -0.97, -0.97, -0.97, -0.97, -0.97, -0.97, -0.97, -0.97, -0.97, -0.97, -0.97, -0.97, -0.97, -0.97, -0.97, -0.97, -0.97, -0.97, -0.97, -0.97, 
-0.97, -0.97, -0.97, -0.97, -0.97, -0.97, -0.97, -0.97, -0.97, -0.97, -0.97, -0.97, -0.97, -0.97, -0.97, -0.95, -0.97, -0.97, -0.97, -0.97, -0.97, -0.97, -0.97, -0.97, -0.97, -0.97, -0.97, -0.97, 
-0.97, -0.97, -0.97, -0.97, -0.97, -0.97, -0.97, -0.97, -0.97, -0.95, -0.97, -0.97, -0.95, -0.97, -0.97, -0.95, -0.97, -0.97, -0.95, -0.95, -0.97, -0.97, -0.97, -0.97, -0.97, -0.97, -0.97, -0.97, 
-0.97, -0.97, -0.97, -0.97, -0.97, -0.97, -0.97, -0.97, -0.97, -0.97, -0.97, -0.97, -0.97, -0.95, -0.97, -0.97, -0.97, -0.97, -0.97, -0.97, -0.97, -0.95, -0.97, -0.97, -0.97, -0.97, -0.97, -0.97, 
-0.97, -0.97, -0.95, -0.97, -0.97, -0.97, -0.97, -0.97, -0.97, -0.97, -0.97, -0.97, -0.97, -0.97, -0.97, -0.97, -0.97, -0.97, -0.97, -0.97, -0.97, -0.97, -0.97, -0.97, -0.96, -0.97, -0.97, -0.97, 
-0.97, -0.97, -0.97, -0.97, -0.97, -0.97, -0.97, -0.97, -0.97, -0.97, -0.97, -0.97, -0.97, -0.97, -0.97, -0.97, -0.97, -0.97, -0.97, -0.97, -0.97, -0.97, -0.97, -0.97, -0.97, -0.97, -0.97, -0.97, 
-0.97, -0.97, -0.97, -0.97, -0.97, -0.97, -0.97, -0.97, -0.97, -0.97, -0.97, -0.97, -0.97, -0.97, -0.97, -0.97, -0.97, -0.97, -0.97, -0.97, -0.97, -0.97, -0.97, -0.97, -0.97, -0.95, -0.97, -0.97, 
-0.97, -0.97, -0.97, -0.97, -0.97, -0.97, -0.97, -0.97, -0.97, -0.97, -0.97, -0.97, -0.97, -0.97, -0.97, -0.97, -0.97, -0.97, -0.97, -0.97, -0.97, -0.97, -0.97, -0.97, -0.96, -0.97, -0.97, -0.97, 
-0.97, -0.97, -0.97, -0.97, -0.97, -0.97, -0.97, -0.97, -0.95, -0.95, -0.97, -0.97, -0.97, -0.97, -0.97, -0.97, -0.97, -0.97, -0.97, -0.97, -0.97, -0.97, -0.97, -0.97, -0.97, -0.97, -0.97, -0.97, 
-0.97, -0.97, -0.97, -0.97, -0.97, -0.97, -0.97, -0.97, -0.97, -0.97, -0.97, -0.97, -0.97, -0.97, -0.97, -0.97, -0.97, -0.97, -0.97, -0.97, -0.97, -0.97, -0.97, -0.96, -0.97, -0.97, -0.97, -0.97, 
-0.97, -0.97, -0.97, -0.97, -0.97, -0.97, -0.97, -0.97, -0.97, -0.97, -0.97, -0.97, -0.97, -0.97, -0.97, -0.97, -0.97, -0.97, -0.97, -0.97, -0.97, -0.96, -0.97, -0.97, -0.97, -0.97, -0.97, -0.97, 
-0.97, -0.97, -0.97, -0.97, -0.97, -0.97, -0.97, -0.97, -0.97, -0.96, -0.97, -0.97, -0.96, -0.97, -0.97, -0.96, -0.97, -0.97, -0.96, -0.97, -0.97, -0.97, -0.97, -0.97, -0.97, -0.97, -0.97, -0.97, 
-0.97, -0.97, -0.96, -0.97, -0.97, -0.96, -0.97, -0.97, -0.97, -0.95, -0.97, -0.97, -0.97, -0.97, -0.97, -0.97, -0.97, -0.97, -0.97, -0.97, -0.97, -0.97, -0.97, -0.97, -0.97, -0.97, -0.97, -0.97, 
-0.97, -0.97, -0.97, -0.97, -0.97, -0.97, -0.97, -0.97, -0.97, -0.97, -0.97, -0.97, -0.97, -0.97, -0.97, -0.97, -0.97, -0.97, -0.97, -0.97, -0.97, -0.97, -0.97, -0.97, -0.97, -0.97, -0.97, -0.97, 
-0.97, -0.97, -0.97, -0.97, -0.97, -0.97, -0.97, -0.97, -0.97, -0.97, -0.97, -0.97, -0.97, -0.97, -0.97, -0.97, -0.97, -0.97, -0.97, -0.97, -0.97, -0.97, -0.97, -0.97, -0.97, -0.97, -0.97, -0.97, 
-- optimal policy --
r  >  r  v  l  l  l  <  l  l  <  <  <  <  <  <  <  l  <  >  r  >  >  r  >  ^  <  <  
r  r  >  v  <  <  l  L  <  <  L  L  l  L  L  L  <  <  L  R  >  R  r  >  R  ^  L  <  
>  >  R  ^  L  <  l  l  L  L  <  L  <  <  l  L  L  <  <  >  R  r  >  R  ^  ^  L  L  
R  R  R  ^  L  L  <  <  l  L  L  <  L  <  <  <  L  L  L  R  r  >  R  ^  R  ^  ^  L  
^  R  ^  L  L  L  L  L  <  l  L  L  <  L  L  <  L  L  L  L  >  R  ^  L  L  R  ^  L  
R  R  ^  ^  L  L  L  L  L  <  <  L  L  <  L  L  <  L  L  >  R  R  R  ^  R  ^  ^  L  
R  R  ^  ^  ^  L  L  L  L  L  L  <  L  L  l  L  L  l  l  R  ^  ^  ^  R  R  ^  ^  ^  
^  L  R  ^  L  ^  L  L  L  L  <  L  <  L  <  v  l  l  l  l  ^  ^  ^  ^  ^  ^  ^  ^  
^  R  ^  L  ^  L  L  L  L  L  L  <  L  l  L  l  <  <  <  l  l  l  ^  ^  ^  ^  R  ^  
R  R  ^  ^  L  ^  L  L  L  L  L  L  <  <  l  l  L  L  L  <  <  <  l  ^  ^  ^  ^  ^  
R  ^  R  R  ^  L  L  L  L  ^  L  L  L  L  <  <  L  <  L  L  L  L  <  l  ^  ^  ^  ^  
^  R  R  ^  L  ^  L  L  L  L  ^  L  L  ^  L  L  <  L  <  L  L  L  L  <  <  <  ^  ^  
R  R  ^  L  ^  L  L  L  L  L  L  ^  L  L  L  L  L  <  L  <  L  L  L  L  <  L  l  ^  
R  R  ^  ^  L  ^  L  L  L  L  L  L  ^  L  L  L  L  L  <  L  <  L  L  L  L  L  <  l  
R  ^  R  ^  ^  L  ^  L  L  L  ^  L  L  ^  L  L  L  L  L  <  L  L  L  L  L  L  L  <  
^  R  R  ^  L  ^  L  L  ^  L  L  ^  L  L  ^  L  L  L  L  L  <  L  L  L  L  L  L  L  
R  R  R  ^  ^  L  ^  R  R  ^  L  L  ^  L  L  L  L  L  ^  L  L  L  L  L  <  L  L  L  
R  ^  ^  L  R  ^  R  R  ^  R  ^  L  L  ^  L  L  L  L  L  ^  L  <  <  L  L  <  L  L  
^  ^  R  ^  ^  R  R  ^  R  ^  L  ^  L  <  ^  L  L  L  L  L  L  L  L  <  L  L  <  L  
^  ^  L  L  R  R  ^  R  R  ^  L  R  ^  L  <  ^  L  R  ^  L  L  L  L  L  <  L  L  <  
^  R  ^  L  R  ^  L  R  R  ^  L  R  ^  ^  L  L  ^  L  R  ^  L  L  L  L  L  L  L  L  
R  ^  R  R  ^  ^  R  R  ^  ^  ^  L  ^  L  L  L  L  L  L  R  ^  L  L  L  L  L  L  L  
Correct actions (%) : 15.48
Avg angular diffs   : 84.11
