arguments: 34 5 1 -0.00638751 0.0187094 0.00965251 -0.965251
loading features...

Initializing gridworld of size 28 by 22..
    Num states: 616
    Num actions: 8
recovered reward
-0.97, -0.97, -0.97, -0.97, -0.97, -0.97, -0.97, -0.97, -0.97, -0.97, -0.97, -0.97, -0.97, -0.97, -0.97, -0.97, -0.97, -0.97, -0.97, -0.97, -0.97, -0.97, -0.97, -0.97, -0.97, -0.97, -0.97, -0.97, 
-0.97, -0.97, -0.97, -0.97, -0.97, -0.97, -0.97, -0.97, -0.97, -0.97, -0.97, -0.97, -0.97, -0.97, -0.97, -0.97, -0.97, -0.97, -0.97, -0.97, -0.97, -0.97, -0.97, -0.97, -0.97, -0.97, -0.97, -0.97, 
-0.97, -0.97, -0.97, -0.97, -0.97, -0.97, -0.97, -0.97, -0.97, -0.97, -0.97, -0.97, -0.97, -0.97, -0.97, -0.97, -0.97, -0.97, -0.97, -0.97, -0.97, -0.97, -0.97, -0.97, -0.97, -0.97, -0.94, -0.97, 
-0.97, -0.97, -0.97, -0.95, -0.97, -0.97, -0.97, -0.97, -0.97, -0.96, -0.97, -0.97, -0.96, -0.97, -0.97, -0.97, -0.97, -0.97, -0.97, -0.97, -0.97, -0.97, -0.97, -0.97, -0.97, -0.97, -0.97, -0.97, 
-0.97, -0.97, -0.97, -0.97, -0.97, -0.97, -0.97, -0.97, -0.97, -0.97, -0.97, -0.97, -0.97, -0.97, -0.97, -0.97, -0.95, -0.97, -0.95, -0.95, -0.97, -0.97, -0.97, -0.97, -0.97, -0.97, -0.97, -0.97, 
-0.97, -0.97, -0.97, -0.97, -0.97, -0.97, -0.97, -0.96, -0.97, -0.97, -0.97, -0.97, -0.97, -0.97, -0.97, -0.97, -0.97, -0.97, -0.97, -0.97, -0.97, -0.97, -0.97, -0.97, -0.97, -0.95, -0.94, -0.97, 
-0.97, -0.97, -0.97, -0.97, -0.95, -0.97, -0.97, -0.97, -0.97, -0.97, -0.97, -0.97, -0.97, -0.96, -0.97, -0.97, -0.97, -0.97, -0.97, -0.97, -0.97, -0.97, -0.97, -0.97, -0.97, -0.97, -0.97, -0.97, 
-0.97, -0.97, -0.97, -0.97, -0.97, -0.97, -0.97, -0.97, -0.97, -0.97, -0.97, -0.97, -0.97, -0.97, -0.97, -0.97, -0.97, -0.97, -0.97, -0.97, -0.97, -0.97, -0.97, -0.97, -0.97, -0.97, -0.97, -0.97, 
-0.97, -0.97, -0.97, -0.97, -0.97, -0.97, -0.97, -0.96, -0.97, -0.97, -0.97, -0.97, -0.97, -0.97, -0.96, -0.97, -0.97, -0.97, -0.97, -0.97, -0.97, -0.97, -0.97, -0.97, -0.97, -0.95, -0.97, -0.97, 
-0.97, -0.97, -0.97, -0.97, -0.97, -0.97, -0.97, -0.97, -0.97, -0.97, -0.97, -0.97, -0.97, -0.97, -0.97, -0.97, -0.97, -0.95, -0.97, -0.97, -0.97, -0.97, -0.97, -0.97, -0.97, -0.97, -0.97, -0.97, 
-0.97, -0.97, -0.97, -0.97, -0.97, -0.96, -0.97, -0.97, -0.97, -0.97, -0.97, -0.97, -0.97, -0.97, -0.97, -0.97, -0.94, -0.97, -0.95, -0.97, -0.97, -0.97, -0.97, -0.97, -0.97, -0.97, -0.97, -0.97, 
-0.97, -0.97, -0.97, -0.97, -0.97, -0.97, -0.97, -0.97, -0.97, -0.97, -0.97, -0.97, -0.97, -0.97, -0.97, -0.97, -0.97, -0.97, -0.97, -0.97, -0.97, -0.97, -0.97, -0.97, -0.95, -0.97, -0.97, -0.97, 
-0.97, -0.97, -0.97, -0.97, -0.97, -0.97, -0.97, -0.97, -0.97, -0.97, -0.97, -0.97, -0.97, -0.97, -0.97, -0.97, -0.97, -0.97, -0.95, -0.97, -0.97, -0.97, -0.97, -0.97, -0.97, -0.97, -0.97, -0.97, 
-0.97, -0.97, -0.97, -0.97, -0.96, -0.97, -0.97, -0.97, -0.97, -0.97, -0.97, -0.97, -0.97, -0.97, -0.95, -0.97, -0.97, -0.95, -0.97, -0.97, -0.97, -0.97, -0.97, -0.97, -0.97, -0.97, -0.97, -0.97, 
-0.97, -0.97, -0.97, -0.97, -0.97, -0.97, -0.97, -0.97, -0.97, -0.97, -0.97, -0.97, -0.97, -0.97, -0.97, -0.97, -0.97, -0.97, -0.97, -0.97, -0.97, -0.97, -0.95, -0.97, -0.97, -0.97, -0.97, -0.97, 
-0.97, -0.97, -0.97, -0.97, -0.97, -0.97, -0.97, -0.97, -0.97, -0.97, -0.97, -0.97, -0.97, -0.97, -0.97, -0.97, -0.97, -0.97, -0.97, -0.97, -0.97, -0.97, -0.97, -0.97, -0.97, -0.97, -0.97, -0.97, 
-0.97, -0.97, -0.96, -0.97, -0.97, -0.97, -0.97, -0.97, -0.97, -0.97, -0.97, -0.97, -0.97, -0.97, -0.97, -0.97, -0.97, -0.95, -0.97, -0.97, -0.97, -0.97, -0.97, -0.97, -0.97, -0.97, -0.97, -0.97, 
-0.97, -0.97, -0.97, -0.97, -0.97, -0.97, -0.97, -0.97, -0.97, -0.97, -0.97, -0.97, -0.97, -0.97, -0.97, -0.97, -0.97, -0.97, -0.97, -0.97, -0.97, -0.97, -0.97, -0.95, -0.97, -0.97, -0.97, -0.97, 
-0.97, -0.97, -0.97, -0.97, -0.97, -0.97, -0.97, -0.97, -0.97, -0.97, -0.97, -0.97, -0.97, -0.97, -0.97, -0.97, -0.97, -0.97, -0.97, -0.95, -0.97, -0.97, -0.97, -0.97, -0.97, -0.97, -0.97, -0.97, 
-0.96, -0.97, -0.97, -0.97, -0.97, -0.97, -0.97, -0.97, -0.97, -0.97, -0.97, -0.97, -0.97, -0.97, -0.97, -0.97, -0.95, -0.97, -0.97, -0.97, -0.95, -0.97, -0.97, -0.97, -0.97, -0.97, -0.97, -0.97, 
-0.97, -0.97, -0.97, -0.97, -0.97, -0.97, -0.97, -0.97, -0.97, -0.97, -0.97, -0.97, -0.97, -0.97, -0.97, -0.97, -0.97, -0.97, -0.97, -0.95, -0.97, -0.97, -0.97, -0.97, -0.97, -0.97, -0.97, -0.97, 
-0.97, -0.97, -0.97, -0.97, -0.97, -0.97, -0.97, -0.97, -0.97, -0.97, -0.97, -0.97, -0.97, -0.97, -0.97, -0.97, -0.97, -0.97, -0.97, -0.97, -0.97, -0.97, -0.97, -0.97, -0.97, -0.97, -0.97, -0.97, 
-- optimal policy --
r  v  r  r  r  >  r  r  r  r  v  l  r  v  v  v  r  r  v  v  l  v  v  l  v  l  l  v  
r  r  v  r  r  r  >  r  r  v  r  v  l  r  v  v  r  r  r  v  v  l  l  v  l  l  v  l  
r  r  r  v  r  r  r  >  r  r  r  r  v  l  r  v  r  r  r  v  l  l  v  l  l  l  l  <  
r  r  >  r  r  r  r  r  >  r  r  r  r  r  v  r  v  r  r  v  l  v  l  l  l  l  ^  L  
r  >  R  ^  r  >  r  >  R  r  r  r  r  r  v  v  v  v  v  r  v  v  l  l  l  l  v  l  
>  R  >  r  >  r  >  R  >  r  r  r  r  r  r  v  v  v  v  v  v  l  l  l  l  l  <  <  
R  >  R  >  r  >  R  >  r  >  r  r  r  r  r  v  r  v  v  v  l  l  l  l  l  l  ^  L  
>  R  >  R  >  R  r  r  >  r  >  r  r  r  v  r  v  r  v  l  l  l  l  l  l  l  l  ^  
R  >  R  r  R  r  >  r  r  >  r  r  r  >  r  v  r  v  l  l  l  l  l  l  l  <  <  <  
>  R  r  r  r  >  R  r  r  r  r  r  >  R  >  r  v  l  <  l  l  l  l  l  l  l  L  L  
R  r  >  r  >  R  r  r  r  r  r  >  R  >  r  >  R  <  L  <  <  <  <  l  l  l  l  L  
r  >  r  >  R  r  r  r  r  r  >  R  >  r  >  R  ^  L  ^  L  L  L  <  <  <  <  <  l  
r  r  >  R  r  r  r  r  r  >  R  >  r  >  R  ^  L  ^  L  <  L  L  L  <  l  L  L  <  
r  >  R  >  >  r  r  r  >  R  >  r  >  R  ^  ^  >  R  ^  L  <  L  L  l  l  l  L  L  
>  R  >  R  r  r  r  >  R  >  r  >  R  R  ^  L  R  ^  L  ^  L  <  L  <  <  l  l  L  
R  >  R  r  r  r  >  R  >  r  >  R  R  ^  ^  R  ^  ^  L  L  ^  L  ^  L  L  <  <  <  
>  R  r  r  r  >  R  >  r  >  R  R  ^  ^  R  ^  ^  L  ^  L  L  ^  L  ^  L  L  L  <  
R  R  r  r  >  R  >  r  >  R  R  R  R  R  R  ^  R  ^  L  L  L  L  L  L  <  L  L  L  
R  r  r  >  R  >  r  >  R  R  ^  ^  R  R  R  R  ^  L  L  L  <  l  R  ^  L  <  L  L  
r  r  >  R  r  r  >  R  R  R  R  R  R  R  R  ^  ^  ^  R  ^  L  <  <  ^  ^  L  <  L  
r  >  R  r  r  >  R  R  R  R  R  R  R  R  R  R  ^  R  >  R  ^  L  <  <  ^  ^  L  <  
>  R  >  >  >  R  R  R  R  R  R  R  R  R  R  ^  R  >  R  ^  L  L  L  <  <  ^  L  L  
Correct actions (%) : 9.30
Avg angular diffs   : 103.60
