arguments: 34 19 3 0.528803 0.263726 -0.117462 -0.090009
loading features...

Initializing gridworld of size 28 by 22..
    Num states: 616
    Num actions: 8
recovered reward
-0.09, -0.09, -0.09, -0.09, -0.09, -0.09, -0.09, -0.09, -0.09, -0.09, -0.09, -0.09, -0.09, -0.09, 0.04, 0.17, 0.04, -0.09, -0.09, -0.09, -0.09, -0.09, -0.09, -0.09, -0.09, -0.09, -0.09, -0.09, 
-0.09, -0.09, -0.09, -0.09, -0.09, 0.04, 0.17, 0.04, -0.09, -0.09, -0.09, -0.09, -0.09, -0.09, -0.02, 0.04, -0.02, -0.09, -0.09, -0.09, -0.09, -0.02, 0.04, -0.02, -0.09, -0.09, -0.09, -0.09, 
-0.09, -0.09, -0.09, -0.09, -0.09, 0.17, 0.44, 0.17, 0.04, 0.17, 0.04, -0.09, -0.09, -0.09, -0.09, -0.09, -0.09, -0.09, -0.09, -0.09, -0.09, 0.04, 0.17, 0.04, -0.09, -0.09, -0.35, -0.09, 
-0.09, 0.04, 0.17, 0.04, -0.09, 0.04, 0.17, 0.04, 0.17, 0.36, 0.04, 0.17, -0.05, -0.09, -0.09, -0.09, -0.09, -0.09, -0.09, -0.09, -0.09, -0.02, 0.04, -0.02, -0.09, 0.04, 0.17, 0.04, 
-0.09, 0.17, 0.44, 0.17, 0.04, 0.17, 0.04, -0.09, 0.04, 0.17, 0.17, 0.44, 0.17, -0.09, -0.09, -0.09, -0.09, -0.09, -0.09, -0.09, -0.09, -0.09, -0.09, -0.09, -0.02, 0.31, 0.50, 0.17, 
-0.09, 0.04, 0.17, 0.04, 0.17, 0.44, 0.17, -0.16, -0.09, -0.09, 0.04, 0.17, 0.04, -0.09, -0.09, -0.09, -0.09, -0.09, -0.09, -0.09, -0.09, -0.09, -0.09, -0.09, 0.04, 0.31, 0.06, 0.04, 
-0.09, -0.09, -0.09, -0.09, 0.04, 0.17, 0.04, -0.09, -0.09, -0.09, -0.09, -0.09, -0.09, -0.20, -0.09, -0.09, -0.09, -0.09, -0.09, -0.09, -0.09, -0.09, -0.09, -0.09, -0.02, 0.04, -0.02, -0.09, 
-0.09, -0.09, -0.09, -0.09, -0.09, -0.09, -0.09, -0.09, -0.09, -0.09, -0.09, -0.09, -0.09, -0.09, -0.09, -0.09, -0.09, -0.09, -0.09, -0.09, -0.09, -0.09, -0.09, -0.09, -0.09, -0.09, -0.09, -0.09, 
-0.09, -0.09, -0.09, -0.09, -0.09, -0.09, -0.09, -0.15, -0.09, -0.09, -0.09, -0.09, -0.09, -0.09, -0.21, -0.09, -0.09, -0.09, -0.09, -0.09, -0.09, -0.09, -0.09, -0.09, -0.09, -0.32, -0.09, -0.09, 
-0.09, -0.02, 0.04, -0.02, -0.09, -0.09, -0.09, -0.09, -0.09, -0.09, -0.09, -0.09, -0.09, -0.09, -0.09, 0.04, 0.17, 0.04, -0.09, -0.09, -0.09, -0.09, -0.09, -0.09, -0.09, -0.09, -0.09, -0.09, 
-0.09, 0.04, 0.17, 0.04, -0.02, 0.13, 0.24, 0.17, -0.02, 0.11, 0.31, 0.11, -0.09, -0.09, -0.09, 0.17, 0.31, 0.17, -0.09, -0.09, -0.09, -0.09, -0.09, -0.09, -0.09, -0.09, -0.09, -0.09, 
-0.09, -0.02, 0.04, -0.02, 0.04, 0.44, 0.57, 0.44, 0.04, 0.31, 0.70, 0.31, -0.09, -0.09, -0.09, 0.04, 0.17, 0.04, -0.09, 0.04, 0.17, 0.04, -0.09, -0.09, -0.31, -0.09, -0.09, -0.09, 
-0.09, -0.09, -0.09, -0.09, -0.02, 0.17, 0.24, 0.17, -0.02, 0.11, 0.31, 0.11, 0.04, -0.02, -0.09, -0.02, 0.04, -0.02, -0.09, 0.17, 0.44, 0.17, -0.09, -0.09, -0.09, -0.09, -0.09, -0.09, 
-0.09, -0.09, -0.09, -0.09, -0.13, -0.09, -0.09, -0.09, -0.09, -0.09, -0.09, 0.04, 0.17, 0.04, -0.09, 0.04, 0.17, -0.10, -0.02, 0.17, 0.24, 0.04, -0.09, -0.09, -0.09, -0.09, -0.09, -0.09, 
-0.09, -0.09, -0.09, -0.09, -0.09, -0.09, -0.09, -0.02, 0.04, 0.11, 0.17, 0.11, 0.04, -0.02, -0.09, -0.02, 0.04, -0.02, 0.04, 0.17, 0.04, -0.09, -0.30, -0.09, -0.09, -0.09, -0.09, -0.09, 
-0.09, -0.09, -0.09, -0.09, -0.09, -0.09, -0.09, 0.04, 0.17, 0.31, 0.50, 0.17, -0.09, -0.09, -0.09, -0.09, -0.09, -0.09, -0.02, 0.04, -0.02, -0.09, -0.09, -0.09, -0.09, -0.09, -0.09, -0.09, 
-0.09, -0.09, -0.11, -0.09, -0.09, -0.09, -0.09, -0.02, 0.04, 0.11, 0.31, 0.04, -0.09, -0.09, -0.09, -0.09, -0.09, -0.24, -0.09, -0.09, -0.09, -0.09, -0.09, -0.09, -0.09, -0.09, -0.09, -0.09, 
-0.09, -0.09, -0.09, -0.09, -0.09, -0.09, -0.09, -0.09, -0.02, 0.17, 0.24, 0.04, -0.09, -0.09, -0.09, -0.09, -0.09, -0.09, -0.09, -0.09, -0.09, -0.09, -0.09, -0.29, -0.09, -0.09, -0.09, -0.09, 
-0.09, -0.09, -0.09, -0.09, -0.09, -0.09, -0.09, -0.09, -0.09, 0.17, 0.44, 0.17, -0.09, -0.09, -0.09, -0.09, -0.09, -0.09, -0.09, -0.09, -0.09, -0.09, -0.09, -0.09, -0.09, -0.09, -0.09, -0.09, 
-0.10, -0.09, -0.09, -0.09, -0.09, -0.09, -0.09, -0.09, -0.09, 0.04, 0.17, 0.04, -0.09, -0.09, -0.09, -0.09, -0.25, -0.09, -0.09, -0.09, -0.28, -0.09, -0.09, -0.09, -0.09, -0.09, -0.09, -0.09, 
-0.09, -0.09, -0.09, -0.09, -0.09, -0.09, -0.09, -0.09, -0.09, -0.09, -0.09, -0.09, -0.09, -0.09, -0.09, -0.09, -0.09, -0.09, -0.09, -0.27, -0.09, -0.09, -0.09, -0.09, -0.09, -0.09, -0.09, -0.09, 
-0.09, -0.09, -0.09, -0.09, -0.09, -0.09, -0.09, -0.09, -0.09, -0.09, -0.09, -0.09, -0.09, -0.09, -0.09, -0.09, -0.09, -0.09, -0.09, -0.09, -0.09, -0.09, -0.09, -0.09, -0.09, -0.09, -0.09, -0.09, 
-- optimal policy --
v  v  r  r  r  r  v  l  l  l  l  l  l  >  >  ^  <  <  <  r  r  r  v  l  l  l  v  l  
r  v  l  r  r  r  v  l  l  v  l  l  l  R  R  ^  L  L  <  r  r  r  v  l  l  v  r  v  
r  r  v  l  >  >  <  <  r  v  l  v  l  l  R  ^  L  L  L  r  >  >  <  <  r  r  v  l  
r  r  v  l  R  R  ^  L  >  r  r  v  l  l  <  L  ^  L  L  >  R  R  ^  L  r  r  v  l  
>  >  >  <  r  v  l  L  R  ^  >  <  <  <  L  <  L  ^  L  R  R  R  ^  r  >  >  <  <  
R  R  ^  L  >  <  <  <  R  R  R  ^  L  L  <  L  <  l  R  R  R  R  >  >  R  R  ^  L  
R  R  ^  R  R  ^  L  L  R  R  R  ^  L  L  L  L  r  v  v  l  l  R  R  R  R  ^  L  L  
R  ^  R  R  R  ^  L  L  L  R  ^  L  ^  L  r  v  v  v  l  l  l  R  R  R  R  ^  L  L  
r  r  v  l  l  v  v  v  r  v  l  v  l  r  r  r  v  l  l  l  v  l  R  R  ^  ^  ^  L  
r  r  v  l  r  r  v  l  l  r  v  l  l  l  r  r  v  l  l  v  r  v  l  l  l  R  ^  L  
>  >  ^  <  r  r  v  l  l  r  v  l  l  <  >  >  <  <  <  r  v  l  l  l  l  <  ^  ^  
R  R  ^  L  >  >  >  <  <  >  ^  <  <  l  R  R  ^  L  r  r  v  l  l  <  <  L  <  ^  
R  R  ^  R  R  R  ^  L  L  R  ^  L  L  l  R  R  ^  L  >  >  v  <  <  <  L  <  L  <  
R  ^  R  R  R  R  ^  L  L  R  ^  L  L  <  <  >  ^  <  R  R  ^  L  L  <  <  l  <  L  
^  R  R  ^  R  R  r  r  r  r  v  l  l  L  L  R  ^  L  R  R  ^  L  L  L  L  <  L  <  
R  R  ^  R  ^  R  >  >  >  >  v  <  <  L  L  R  ^  R  R  ^  L  L  L  <  L  L  L  <  
R  R  R  R  >  R  R  R  R  R  ^  L  L  L  L  ^  R  R  R  ^  L  L  L  L  <  L  L  <  
R  ^  R  >  R  R  R  R  r  r  v  l  l  L  L  L  ^  R  ^  L  ^  L  L  L  L  <  L  L  
^  R  >  >  R  R  R  R  >  >  ^  <  <  <  L  L  R  ^  ^  ^  ^  L  L  L  <  L  <  L  
R  R  >  R  R  R  R  >  R  R  ^  L  L  <  <  L  ^  R  ^  L  ^  L  L  L  L  <  L  <  
R  >  R  R  R  R  >  R  R  R  ^  L  L  L  <  <  L  ^  R  ^  L  ^  L  L  L  L  <  L  
R  R  R  R  R  >  R  R  R  R  R  ^  L  L  L  <  L  L  ^  L  ^  ^  ^  L  L  L  L  <  
Correct actions (%) : 18.87
Avg angular diffs   : 82.78
