arguments: 35 9 3 0.0176871 -0.00102889 -0.000861254 -0.980423
loading features...

Initializing gridworld of size 28 by 22..
    Num states: 616
    Num actions: 8
recovered reward
-0.98, -0.98, -0.98, -0.98, -0.98, -0.98, -0.98, -0.98, -0.98, -0.98, -0.98, -0.98, -0.98, -0.98, -0.98, -0.98, -0.98, -0.98, -0.98, -0.98, -0.98, -0.98, -0.98, -0.98, -0.98, -0.98, -0.98, -0.98, 
-0.98, -0.98, -0.98, -0.98, -0.98, -0.98, -0.98, -0.98, -0.98, -0.98, -0.98, -0.98, -0.98, -0.98, -0.98, -0.98, -0.98, -0.98, -0.98, -0.98, -0.98, -0.98, -0.98, -0.98, -0.98, -0.98, -0.98, -0.98, 
-0.98, -0.98, -0.98, -0.98, -0.98, -0.98, -0.98, -0.98, -0.98, -0.98, -0.98, -0.98, -0.98, -0.98, -0.98, -0.98, -0.98, -0.98, -0.98, -0.98, -0.98, -0.98, -0.98, -0.98, -0.98, -0.98, -0.98, -0.98, 
-0.98, -0.98, -0.98, -0.98, -0.98, -0.98, -0.98, -0.98, -0.98, -0.98, -0.98, -0.98, -0.98, -0.98, -0.98, -0.98, -0.98, -0.98, -0.98, -0.98, -0.98, -0.98, -0.98, -0.98, -0.98, -0.98, -0.98, -0.98, 
-0.98, -0.98, -0.98, -0.98, -0.98, -0.98, -0.98, -0.98, -0.98, -0.98, -0.98, -0.98, -0.98, -0.98, -0.96, -0.98, -0.98, -0.98, -0.98, -0.98, -0.98, -0.98, -0.96, -0.98, -0.98, -0.98, -0.98, -0.98, 
-0.98, -0.98, -0.98, -0.98, -0.98, -0.98, -0.98, -0.98, -0.98, -0.98, -0.98, -0.98, -0.98, -0.98, -0.98, -0.98, -0.98, -0.98, -0.98, -0.98, -0.98, -0.98, -0.98, -0.98, -0.98, -0.98, -0.98, -0.98, 
-0.98, -0.98, -0.98, -0.98, -0.98, -0.98, -0.98, -0.98, -0.98, -0.98, -0.98, -0.98, -0.98, -0.98, -0.98, -0.98, -0.98, -0.98, -0.98, -0.98, -0.98, -0.98, -0.98, -0.98, -0.98, -0.98, -0.98, -0.98, 
-0.98, -0.98, -0.98, -0.98, -0.98, -0.98, -0.98, -0.98, -0.98, -0.98, -0.98, -0.98, -0.98, -0.98, -0.98, -0.98, -0.98, -0.98, -0.98, -0.98, -0.98, -0.98, -0.98, -0.98, -0.98, -0.98, -0.98, -0.98, 
-0.98, -0.98, -0.98, -0.98, -0.98, -0.98, -0.98, -0.98, -0.98, -0.98, -0.98, -0.98, -0.98, -0.98, -0.98, -0.98, -0.98, -0.98, -0.98, -0.98, -0.98, -0.98, -0.98, -0.98, -0.98, -0.98, -0.98, -0.98, 
-0.98, -0.98, -0.98, -0.98, -0.98, -0.98, -0.98, -0.96, -0.98, -0.98, -0.98, -0.98, -0.98, -0.98, -0.98, -0.98, -0.98, -0.98, -0.98, -0.98, -0.98, -0.98, -0.98, -0.98, -0.98, -0.98, -0.98, -0.98, 
-0.98, -0.98, -0.98, -0.98, -0.98, -0.98, -0.98, -0.98, -0.98, -0.98, -0.98, -0.98, -0.98, -0.98, -0.98, -0.98, -0.98, -0.98, -0.98, -0.98, -0.98, -0.98, -0.98, -0.98, -0.98, -0.98, -0.98, -0.98, 
-0.98, -0.98, -0.98, -0.98, -0.96, -0.98, -0.98, -0.96, -0.98, -0.98, -0.96, -0.98, -0.98, -0.98, -0.96, -0.98, -0.98, -0.98, -0.98, -0.98, -0.98, -0.98, -0.98, -0.98, -0.98, -0.98, -0.98, -0.98, 
-0.98, -0.98, -0.98, -0.98, -0.98, -0.98, -0.98, -0.98, -0.98, -0.98, -0.98, -0.98, -0.98, -0.98, -0.98, -0.98, -0.98, -0.98, -0.98, -0.98, -0.96, -0.98, -0.98, -0.98, -0.98, -0.98, -0.98, -0.98, 
-0.98, -0.98, -0.98, -0.98, -0.98, -0.98, -0.96, -0.98, -0.98, -0.98, -0.98, -0.98, -0.96, -0.98, -0.98, -0.98, -0.98, -0.98, -0.98, -0.98, -0.98, -0.98, -0.98, -0.98, -0.98, -0.98, -0.98, -0.98, 
-0.98, -0.98, -0.98, -0.98, -0.98, -0.98, -0.98, -0.98, -0.98, -0.98, -0.98, -0.98, -0.98, -0.98, -0.98, -0.98, -0.98, -0.98, -0.98, -0.98, -0.98, -0.98, -0.98, -0.98, -0.98, -0.98, -0.98, -0.98, 
-0.98, -0.98, -0.98, -0.98, -0.98, -0.98, -0.98, -0.98, -0.98, -0.98, -0.98, -0.98, -0.98, -0.98, -0.98, -0.98, -0.98, -0.98, -0.98, -0.98, -0.98, -0.98, -0.98, -0.98, -0.98, -0.98, -0.98, -0.98, 
-0.98, -0.98, -0.98, -0.98, -0.98, -0.98, -0.98, -0.98, -0.98, -0.98, -0.98, -0.98, -0.98, -0.98, -0.98, -0.98, -0.98, -0.98, -0.98, -0.98, -0.98, -0.98, -0.98, -0.98, -0.98, -0.98, -0.98, -0.98, 
-0.98, -0.98, -0.98, -0.98, -0.98, -0.98, -0.98, -0.98, -0.98, -0.98, -0.98, -0.98, -0.98, -0.98, -0.98, -0.98, -0.98, -0.98, -0.98, -0.98, -0.98, -0.98, -0.98, -0.98, -0.98, -0.98, -0.98, -0.98, 
-0.98, -0.98, -0.98, -0.98, -0.98, -0.98, -0.98, -0.98, -0.98, -0.98, -0.98, -0.98, -0.96, -0.98, -0.98, -0.98, -0.98, -0.98, -0.98, -0.98, -0.98, -0.98, -0.98, -0.98, -0.98, -0.98, -0.98, -0.98, 
-0.98, -0.98, -0.98, -0.98, -0.98, -0.98, -0.98, -0.98, -0.98, -0.98, -0.98, -0.98, -0.98, -0.98, -0.98, -0.96, -0.98, -0.98, -0.98, -0.98, -0.98, -0.98, -0.98, -0.98, -0.98, -0.98, -0.98, -0.98, 
-0.98, -0.98, -0.98, -0.98, -0.98, -0.98, -0.98, -0.98, -0.98, -0.98, -0.98, -0.98, -0.98, -0.98, -0.98, -0.98, -0.98, -0.98, -0.98, -0.98, -0.98, -0.98, -0.98, -0.98, -0.98, -0.98, -0.98, -0.98, 
-0.98, -0.98, -0.98, -0.98, -0.98, -0.98, -0.98, -0.98, -0.98, -0.98, -0.98, -0.98, -0.98, -0.98, -0.98, -0.98, -0.98, -0.98, -0.98, -0.98, -0.98, -0.98, -0.98, -0.98, -0.98, -0.98, -0.98, -0.98, 
-- optimal policy --
r  v  v  r  v  >  >  >  >  >  r  v  r  v  l  v  v  v  l  v  v  v  v  v  v  l  l  l  
r  r  v  v  v  l  R  R  R  >  >  r  v  v  l  v  v  l  <  r  v  v  v  v  l  l  l  l  
r  r  r  r  v  v  v  >  >  >  >  >  r  r  v  l  l  <  L  >  r  v  v  l  l  l  l  l  
>  r  v  r  r  v  v  l  R  R  R  >  >  r  v  l  <  L  <  >  >  r  v  l  l  l  l  l  
v  >  r  v  r  v  l  v  l  >  >  R  R  >  ^  <  L  <  L  r  >  >  >  <  <  <  <  l  
v  v  >  r  v  v  v  l  v  v  R  R  R  R  ^  L  <  L  <  >  R  R  ^  L  <  <  L  <  
v  r  v  >  r  v  r  v  l  v  l  R  R  R  R  L  L  L  L  R  R  R  R  ^  L  <  <  L  
r  v  r  v  >  r  v  l  v  l  l  R  R  R  ^  ^  L  L  L  R  R  ^  ^  L  ^  L  L  L  
>  r  v  r  v  >  r  v  l  l  v  l  v  v  v  v  l  l  l  v  r  v  r  v  l  ^  L  <  
r  >  r  v  v  v  >  >  <  v  l  v  r  v  v  v  l  l  v  v  v  v  v  l  l  l  ^  L  
r  r  >  r  v  l  R  ^  L  r  v  l  >  r  v  l  <  l  r  v  v  v  l  l  l  l  l  ^  
r  r  r  >  r  <  >  v  <  >  ^  <  >  >  ^  <  L  <  >  r  v  l  l  l  l  l  l  l  
>  r  >  R  ^  r  v  l  L  R  ^  L  v  R  ^  L  <  L  r  >  v  <  <  l  l  l  <  l  
r  >  R  ^  r  >  v  <  R  ^  >  >  R  <  L  ^  L  L  >  R  ^  L  L  <  <  l  l  l  
>  R  ^  r  >  R  ^  L  <  R  R  R  ^  L  <  L  L  L  R  ^  ^  L  L  L  <  <  <  <  
R  ^  r  >  R  R  R  ^  L  >  R  ^  L  ^  L  <  L  R  ^  ^  ^  ^  L  L  L  <  l  l  
^  r  >  R  R  ^  ^  L  ^  R  r  v  v  v  l  L  v  v  l  l  R  ^  ^  L  L  L  <  <  
r  >  R  ^  ^  ^  L  ^  R  r  >  r  v  l  l  l  v  l  l  <  l  ^  ^  ^  L  L  L  <  
>  R  ^  R  ^  L  L  R  r  >  r  >  >  <  r  v  l  l  l  l  l  l  ^  ^  ^  L  L  L  
R  ^  R  ^  R  ^  R  r  >  r  >  R  ^  L  >  v  <  <  <  <  <  l  l  ^  ^  ^  L  L  
R  R  ^  R  ^  R  R  >  r  >  R  ^  ^  L  R  ^  L  L  <  <  L  <  l  l  ^  ^  ^  L  
^  ^  R  R  R  R  R  >  >  R  ^  R  ^  R  ^  ^  L  L  L  <  <  L  <  <  <  R  ^  L  
Correct actions (%) : 13.58
Avg angular diffs   : 80.00
