arguments: 35 12 4 0.505987 0.388567 -0.0281962 -0.0772499
loading features...

Initializing gridworld of size 28 by 22..
    Num states: 616
    Num actions: 8
recovered reward
-0.08, -0.08, -0.08, -0.08, -0.08, -0.08, -0.08, -0.08, -0.08, -0.16, -0.08, -0.08, -0.08, -0.16, -0.08, -0.08, -0.08, -0.16, -0.08, -0.08, -0.16, -0.08, -0.17, -0.08, -0.08, -0.17, -0.08, -0.08, 
-0.15, -0.08, -0.08, -0.15, -0.08, -0.08, -0.15, -0.08, -0.08, -0.08, -0.08, -0.08, -0.08, -0.08, 0.05, 0.18, 0.05, -0.08, -0.08, -0.08, 0.02, 0.12, 0.02, -0.08, -0.08, -0.08, -0.08, -0.08, 
-0.08, -0.08, -0.08, 0.02, 0.12, 0.02, 0.12, 0.02, -0.08, -0.08, -0.08, -0.08, -0.08, -0.08, 0.18, 0.43, 0.18, -0.08, 0.05, 0.18, 0.24, 0.31, 0.12, -0.08, -0.08, -0.08, -0.08, -0.08, 
-0.14, -0.08, -0.08, 0.12, 0.31, 0.12, 0.31, 0.12, -0.08, -0.08, -0.08, -0.08, -0.08, -0.08, 0.05, 0.18, 0.05, 0.05, 0.18, 0.43, 0.27, 0.12, 0.02, -0.08, -0.08, -0.08, -0.08, -0.08, 
-0.08, -0.08, -0.08, 0.02, 0.12, 0.02, 0.12, 0.02, 0.12, 0.02, -0.08, -0.08, -0.08, -0.08, -0.08, 0.18, 0.43, 0.18, 0.05, 0.18, 0.05, -0.08, -0.08, -0.08, -0.08, -0.08, -0.14, -0.08, 
-0.08, -0.08, -0.08, -0.08, -0.08, -0.08, -0.08, 0.12, 0.31, 0.12, 0.05, 0.18, 0.05, -0.08, -0.08, 0.05, 0.18, 0.05, -0.08, 0.05, 0.18, 0.05, -0.08, -0.08, -0.08, -0.08, -0.08, -0.08, 
-0.08, -0.08, -0.08, -0.08, -0.08, -0.08, -0.08, 0.02, 0.12, 0.02, 0.18, 0.43, 0.18, -0.08, -0.08, -0.08, -0.08, -0.08, -0.08, 0.18, 0.43, 0.18, -0.08, -0.08, -0.08, -0.08, -0.08, -0.08, 
-0.08, -0.08, -0.08, -0.08, -0.08, -0.08, -0.08, -0.08, -0.08, -0.08, 0.05, 0.18, 0.05, -0.08, -0.08, -0.08, -0.08, -0.08, -0.08, 0.05, 0.18, 0.05, -0.08, -0.08, -0.08, -0.08, -0.14, -0.08, 
-0.08, -0.08, -0.08, -0.08, -0.08, -0.08, -0.08, -0.08, -0.08, -0.08, -0.08, -0.08, -0.08, -0.08, -0.08, -0.08, -0.08, -0.08, -0.08, -0.08, -0.08, -0.08, -0.08, -0.08, -0.08, -0.08, -0.08, -0.08, 
-0.08, -0.08, -0.08, -0.08, -0.08, 0.05, 0.18, 0.05, -0.08, -0.08, -0.12, -0.08, -0.08, -0.08, -0.12, -0.08, -0.08, -0.02, 0.12, 0.02, -0.11, -0.08, -0.08, -0.11, -0.08, -0.08, -0.08, -0.08, 
-0.08, -0.08, -0.08, -0.08, -0.08, 0.18, 0.43, 0.18, -0.08, -0.08, -0.08, -0.08, -0.08, -0.08, -0.08, 0.02, 0.12, 0.12, 0.31, 0.12, -0.08, -0.08, -0.08, -0.08, -0.08, -0.08, -0.14, -0.08, 
-0.08, -0.08, -0.08, -0.08, -0.08, 0.05, 0.18, 0.00, -0.08, -0.08, 0.02, 0.12, 0.02, -0.08, -0.08, 0.12, 0.31, 0.02, 0.12, 0.02, 0.12, 0.02, -0.08, -0.08, -0.08, -0.08, -0.08, -0.08, 
-0.08, -0.08, -0.08, -0.08, -0.08, -0.08, -0.08, -0.08, -0.08, -0.08, 0.12, 0.31, 0.12, -0.08, -0.08, 0.02, 0.12, 0.02, -0.08, 0.12, 0.31, 0.12, -0.08, -0.08, -0.08, -0.08, -0.08, -0.08, 
-0.13, -0.08, -0.08, -0.13, -0.08, -0.08, -0.13, -0.08, -0.08, -0.08, 0.02, 0.12, 0.02, -0.08, -0.08, -0.08, -0.08, -0.08, -0.08, 0.02, 0.12, 0.02, -0.08, -0.08, -0.08, -0.08, -0.11, -0.08, 
-0.08, -0.08, -0.08, -0.08, -0.08, -0.08, -0.08, -0.08, -0.08, -0.08, -0.08, -0.08, 0.05, 0.18, 0.05, -0.08, -0.08, -0.08, 0.05, 0.18, 0.05, 0.05, -0.08, -0.08, -0.08, -0.08, -0.08, -0.08, 
-0.08, -0.08, -0.08, -0.08, -0.08, -0.08, -0.08, -0.08, -0.08, -0.08, -0.08, 0.05, 0.27, 0.62, 0.27, -0.08, 0.05, 0.18, 0.18, 0.43, 0.18, 0.18, -0.08, -0.08, -0.08, -0.08, -0.08, -0.08, 
-0.08, -0.08, -0.08, -0.08, -0.08, -0.08, -0.08, -0.08, -0.08, -0.08, -0.08, 0.18, 0.24, 0.56, 0.24, -0.08, 0.18, 0.43, 0.05, 0.18, 0.05, 0.05, -0.08, -0.08, -0.08, -0.08, -0.10, -0.08, 
-0.08, -0.08, 0.02, 0.12, 0.02, -0.08, -0.08, -0.08, -0.08, -0.08, -0.08, 0.05, 0.15, 0.37, 0.15, -0.08, 0.05, 0.18, 0.05, -0.08, -0.08, 0.02, 0.12, 0.02, -0.08, -0.08, -0.08, -0.08, 
-0.08, -0.08, 0.12, 0.31, 0.12, -0.08, -0.08, -0.08, -0.08, -0.08, -0.08, -0.08, 0.27, 0.62, 0.27, -0.08, -0.08, -0.08, -0.08, -0.08, -0.08, 0.12, 0.31, 0.12, -0.10, -0.08, -0.08, -0.08, 
-0.08, -0.08, 0.02, 0.12, 0.02, -0.08, -0.08, -0.08, -0.09, -0.08, -0.08, -0.09, 0.05, 0.18, 0.04, -0.08, -0.08, -0.09, -0.08, -0.08, -0.10, 0.02, 0.12, 0.02, -0.08, -0.08, -0.08, -0.08, 
-0.08, -0.08, -0.08, -0.08, -0.08, -0.08, -0.08, -0.08, -0.08, -0.08, -0.08, -0.08, -0.08, -0.08, -0.08, -0.08, -0.08, -0.08, -0.08, -0.08, -0.08, -0.08, -0.08, -0.08, -0.08, -0.08, -0.08, -0.08, 
-0.08, -0.08, -0.08, -0.08, -0.08, -0.08, -0.08, -0.08, -0.08, -0.08, -0.08, -0.08, -0.08, -0.08, -0.08, -0.08, -0.08, -0.08, -0.08, -0.08, -0.08, -0.08, -0.08, -0.08, -0.08, -0.08, -0.08, -0.08, 
-- optimal policy --
r  r  v  r  v  l  l  v  l  l  l  >  r  r  r  v  l  l  r  r  r  v  l  l  l  l  l  <  
>  r  r  r  v  r  v  l  l  l  l  >  >  r  r  v  l  l  r  r  r  v  l  l  l  <  <  l  
r  r  r  r  v  r  v  l  l  v  l  l  >  >  >  v  <  r  r  v  l  l  <  <  <  L  L  <  
>  >  >  >  <  >  ^  <  v  l  l  r  v  R  R  r  v  l  >  >  <  ^  L  L  L  <  <  L  
R  R  R  R  ^  R  ^  r  v  l  r  v  l  R  >  >  <  <  R  ^  L  L  L  L  L  L  <  L  
R  R  R  R  ^  R  >  >  <  <  r  v  l  l  R  R  ^  L  R  r  v  l  l  <  L  L  L  <  
R  R  R  R  ^  >  R  R  ^  L  >  ^  <  <  R  R  ^  L  >  >  ^  <  <  <  l  L  L  L  
R  R  r  r  r  v  R  R  ^  R  R  ^  L  L  R  ^  L  ^  R  R  ^  L  L  <  <  l  L  L  
R  >  >  r  r  r  v  l  l  R  R  ^  L  L  L  r  r  r  v  R  ^  L  L  L  L  <  L  <  
r  >  >  >  r  r  v  l  l  l  R  ^  L  L  r  r  v  r  v  l  l  ^  L  L  L  L  L  L  
>  R  >  R  >  >  v  <  <  r  r  v  l  l  r  r  v  l  v  <  v  l  l  l  <  L  L  L  
r  r  >  R  R  R  ^  L  L  r  r  v  l  l  >  >  <  <  ^  r  v  l  l  l  <  l  L  <  
r  >  R  R  R  R  ^  L  L  >  >  ^  <  <  R  R  ^  L  ^  >  ^  <  <  l  l  l  <  v  
r  R  R  R  R  ^  R  ^  L  R  R  ^  L  v  l  R  ^  L  r  R  ^  L  L  l  l  <  l  l  
r  v  r  R  ^  ^  R  ^  R  R  R  r  r  v  l  l  r  r  r  v  l  l  l  <  l  l  l  l  
r  r  v  v  v  l  l  R  R  >  r  >  >  v  <  <  r  v  l  <  <  <  <  l  l  l  l  <  
r  r  r  v  l  l  l  l  R  >  >  R  R  ^  L  L  >  R  <  ^  L  L  L  l  l  l  l  l  
>  r  r  v  l  l  l  <  >  >  R  r  r  v  l  l  R  ^  L  ^  L  r  v  l  l  <  <  l  
r  >  >  v  <  <  <  L  >  R  R  >  >  ^  <  <  R  ^  L  L  >  >  <  <  <  L  L  l  
>  R  R  ^  L  L  L  L  R  R  R  R  R  ^  L  L  L  R  ^  L  R  R  ^  L  L  <  <  L  
R  R  R  ^  L  L  L  L  R  R  R  R  R  ^  L  L  L  L  ^  >  R  R  ^  L  L  L  <  <  
R  R  R  ^  L  L  L  L  R  R  R  R  ^  R  ^  L  L  L  >  R  R  R  ^  ^  L  L  L  L  
Correct actions (%) : 4.96
Avg angular diffs   : 89.63
