arguments: 35 6 4 -0.550633 0.0696203 0.0632911 -0.316456

Initializing gridworld of size 28 by 22..
    Num states: 616
    Num actions: 8
recovered reward
-0.32, -0.32, -0.32, -0.32, -0.32, -0.32, -0.32, -0.32, -0.32, -0.32, -0.32, -0.32, -0.32, -0.32, -0.32, -0.32, -0.32, -0.32, -0.32, -0.32, -0.32, -0.32, -0.32, -0.32, -0.32, -0.32, -0.32, -0.32, 
-0.32, -0.32, -0.32, -0.32, -0.32, -0.32, -0.32, -0.32, -0.32, -0.32, -0.32, -0.32, -0.32, -0.32, -0.32, -0.32, -0.32, -0.32, -0.32, -0.32, -0.32, -0.32, -0.32, -0.32, -0.32, -0.32, -0.32, -0.32, 
-0.32, -0.32, -0.32, -0.32, -0.32, -0.32, -0.32, -0.32, -0.32, -0.32, -0.32, -0.32, -0.32, -0.32, -0.32, -0.32, -0.32, -0.32, -0.32, -0.32, -0.32, -0.32, -0.32, -0.32, -0.32, -0.32, -0.32, -0.32, 
-0.32, -0.32, -0.32, -0.32, -0.32, -0.32, -0.32, -0.32, -0.32, -0.32, -0.32, -0.32, -0.32, -0.32, -0.32, -0.32, -0.32, -0.32, -0.32, -0.32, -0.32, -0.32, -0.32, -0.32, -0.32, -0.32, -0.32, -0.32, 
-0.32, -0.32, -0.32, -0.32, -0.32, -0.32, -0.32, -0.32, -0.32, -0.32, -0.32, -0.32, -0.32, -0.32, -0.32, -0.32, -0.32, -0.32, -0.32, -0.32, -0.32, -0.32, -0.32, -0.32, -0.32, -0.32, -0.32, -0.32, 
-0.32, -0.32, -0.32, -0.32, -0.32, -0.32, -0.32, -0.32, -0.32, -0.32, -0.32, -0.32, -0.32, -0.32, -0.32, -0.32, -0.32, -0.32, -0.32, -0.32, -0.32, -0.32, -0.32, -0.32, -0.32, -0.32, -0.32, -0.32, 
-0.32, -0.32, -0.32, -0.32, -0.32, -0.32, -0.32, -0.32, -0.32, -0.32, -0.32, -0.32, -0.32, -0.32, -0.32, -0.32, -0.32, -0.32, -0.32, -0.32, -0.32, -0.32, -0.32, -0.32, -0.32, -0.32, -0.32, -0.32, 
-0.32, -0.32, -0.32, -0.32, -0.32, -0.32, -0.32, -0.32, -0.32, -0.32, -0.32, -0.32, -0.32, -0.32, -0.32, -0.32, -0.32, -0.32, -0.32, -0.32, -0.32, -0.32, -0.32, -0.32, -0.32, -0.32, -0.32, -0.32, 
-0.32, -0.32, -0.32, -0.32, -0.32, -0.32, -0.32, -0.32, -0.32, -0.32, -0.32, -0.32, -0.32, -0.32, -0.32, -0.32, -0.32, -0.32, -0.32, -0.32, -0.32, -0.32, -0.32, -0.32, -0.32, -0.32, -0.32, -0.32, 
-0.32, -0.32, -0.32, -0.32, -0.32, -0.32, -0.32, -0.32, -0.32, -0.32, -0.32, -0.32, -0.32, -0.32, -0.32, -0.32, -0.32, -0.32, -0.32, -0.32, -0.32, -0.32, -0.32, -0.32, -0.32, -0.32, -0.32, -0.32, 
-0.32, -0.32, -0.32, -0.32, -0.32, -0.32, -0.32, -0.32, -0.32, -0.32, -0.32, -0.32, -0.32, -0.32, -0.32, -0.32, -0.32, -0.32, -0.32, -0.32, -0.32, -0.32, -0.32, -0.32, -0.32, -0.32, -0.32, -0.32, 
-0.32, -0.32, -0.32, -0.32, -0.32, -0.32, -0.32, -0.32, -0.32, -0.32, -0.32, -0.32, -0.32, -0.32, -0.32, -0.32, -0.32, -0.32, -0.32, -0.32, -0.32, -0.32, -0.32, -0.32, -0.32, -0.32, -0.32, -0.32, 
-0.32, -0.32, -0.32, -0.32, -0.32, -0.32, -0.32, -0.32, -0.32, -0.32, -0.32, -0.32, -0.32, -0.32, -0.32, -0.32, -0.32, -0.32, -0.32, -0.32, -0.32, -0.32, -0.32, -0.32, -0.32, -0.32, -0.32, -0.32, 
-0.32, -0.32, -0.32, -0.32, -0.32, -0.32, -0.32, -0.32, -0.32, -0.32, -0.32, -0.32, -0.32, -0.32, -0.32, -0.32, -0.32, -0.32, -0.32, -0.32, -0.32, -0.32, -0.32, -0.32, -0.32, -0.32, -0.32, -0.32, 
-0.32, -0.32, -0.32, -0.32, -0.32, -0.32, -0.32, -0.32, -0.32, -0.32, -0.32, -0.32, -0.32, -0.32, -0.32, -0.32, -0.32, -0.32, -0.32, -0.32, -0.32, -0.32, -0.32, -0.32, -0.32, -0.32, -0.32, -0.32, 
-0.32, -0.32, -0.32, -0.32, -0.32, -0.32, -0.32, -0.32, -0.32, -0.32, -0.32, -0.32, -0.32, -0.32, -0.32, -0.32, -0.32, -0.32, -0.32, -0.32, -0.32, -0.32, -0.32, -0.32, -0.32, -0.32, -0.32, -0.32, 
-0.32, -0.32, -0.32, -0.32, -0.32, -0.32, -0.32, -0.32, -0.32, -0.32, -0.32, -0.32, -0.32, -0.32, -0.32, -0.32, -0.32, -0.32, -0.32, -0.32, -0.32, -0.32, -0.32, -0.32, -0.32, -0.32, -0.32, -0.32, 
-0.32, -0.32, -0.32, -0.32, -0.32, -0.32, -0.32, -0.32, -0.32, -0.32, -0.32, -0.32, -0.32, -0.32, -0.32, -0.32, -0.32, -0.32, -0.32, -0.32, -0.32, -0.32, -0.32, -0.32, -0.32, -0.32, -0.32, -0.32, 
-0.32, -0.32, -0.32, -0.32, -0.32, -0.32, -0.32, -0.32, -0.32, -0.32, -0.32, -0.32, -0.32, -0.32, -0.32, -0.32, -0.32, -0.32, -0.32, -0.32, -0.32, -0.32, -0.32, -0.32, -0.32, -0.32, -0.32, -0.32, 
-0.32, -0.32, -0.32, -0.32, -0.32, -0.32, -0.32, -0.32, -0.32, -0.32, -0.32, -0.32, -0.32, -0.32, -0.32, -0.32, -0.32, -0.32, -0.32, -0.32, -0.32, -0.32, -0.32, -0.32, -0.32, -0.32, -0.32, -0.32, 
-0.32, -0.32, -0.32, -0.32, -0.32, -0.32, -0.32, -0.32, -0.32, -0.32, -0.32, -0.32, -0.32, -0.32, -0.32, -0.32, -0.32, -0.32, -0.32, -0.32, -0.32, -0.32, -0.32, -0.32, -0.32, -0.32, -0.32, -0.32, 
-0.32, -0.32, -0.32, -0.32, -0.32, -0.32, -0.32, -0.32, -0.32, -0.32, -0.32, -0.32, -0.32, -0.32, -0.32, -0.32, -0.32, -0.32, -0.32, -0.32, -0.32, -0.32, -0.32, -0.32, -0.32, -0.32, -0.32, -0.32, 
-- optimal policy --
>  >  >  >  >  ^  ^  <  >  >  >  >  R  <  >  L  <  >  L  <  R  <  >  R  r  <  >  R  
R  R  R  R  ^  ^  ^  L  ^  R  ^  R  ^  L  R  ^  R  ^  ^  L  ^  L  R  ^  ^  l  R  ^  
v  v  v  l  v  l  <  v  v  v  l  v  v  >  >  >  >  >  >  >  >  >  >  >  >  v  >  R  
v  v  l  v  l  <  L  v  v  l  v  v  l  <  R  R  R  R  R  R  R  R  R  ^  >  r  r  l  
r  v  v  l  <  L  v  v  l  v  v  l  <  v  v  v  r  v  r  v  v  v  l  R  ^  ^  >  r  
v  v  l  <  L  r  v  l  v  v  l  <  v  l  r  v  v  r  v  r  v  l  v  v  v  R  ^  r  
v  l  <  L  r  v  l  v  v  l  <  L  l  v  v  r  v  v  r  v  r  v  v  v  v  v  R  ^  
v  <  L  v  v  l  <  l  l  <  L  l  v  v  l  >  r  v  v  r  v  v  v  v  v  v  v  v  
l  <  v  r  v  v  v  l  <  L  v  v  v  l  v  v  >  >  r  v  r  v  v  v  v  v  v  v  
<  <  r  v  r  v  l  <  L  v  r  v  l  v  l  r  R  r  >  r  >  r  v  v  v  v  v  v  
v  <  v  r  v  l  <  L  v  r  v  l  v  l  v  v  r  >  >  >  >  >  r  r  v  v  v  l  
l  <  v  v  l  ^  L  r  v  v  r  v  l  v  v  v  v  v  v  ^  R  R  >  >  r  v  l  v  
^  L  v  l  <  L  v  v  r  v  v  l  v  l  r  v  v  v  v  v  v  R  R  >  >  r  v  v  
v  v  l  <  L  v  v  l  v  r  v  l  l  v  v  r  v  v  v  v  l  r  R  R  R  ^  r  v  
v  l  <  L  v  v  l  v  r  v  l  v  v  v  v  v  r  v  v  l  <  v  r  v  >  r  >  R  
L  <  L  v  l  l  v  l  v  l  r  v  v  v  v  v  v  >  v  <  v  r  v  r  v  r  v  ^  
l  <  v  l  r  v  l  v  r  v  v  r  v  v  v  v  l  v  l  v  l  >  r  v  r  >  v  <  
l  <  v  v  v  l  v  v  v  r  v  v  >  r  v  l  <  r  v  l  v  v  >  r  ^  >  >  R  
v  L  v  l  r  v  v  v  l  >  r  v  l  >  v  <  v  l  l  <  r  v  v  r  v  R  ^  ^  
L  v  l  v  v  r  v  l  <  >  >  r  v  l  v  v  l  v  v  v  v  r  v  >  >  r  v  v  
L  l  v  l  v  v  l  <  L  >  >  r  r  v  l  r  <  l  r  v  l  v  l  R  ^  ^  r  R  
v  >  l  <  v  v  l  L  R  R  >  >  v  v  <  ^  r  <  >  v  <  v  l  r  v  <  ^  >  
