arguments: 35 5 1 0.466718 0.29242 -0.163909 -0.0769527
loading features...

Initializing gridworld of size 28 by 22..
    Num states: 616
    Num actions: 8
recovered reward
-0.08, -0.08, -0.08, -0.08, -0.08, -0.08, -0.08, -0.08, -0.08, -0.08, -0.08, -0.08, -0.08, -0.08, -0.08, -0.08, -0.08, -0.08, -0.08, 0.04, 0.16, 0.04, -0.08, -0.08, -0.08, -0.08, -0.08, -0.08, 
-0.08, -0.08, -0.08, -0.08, -0.08, -0.08, -0.08, -0.08, -0.08, 0.04, 0.16, 0.04, 0.04, 0.16, 0.04, -0.08, -0.08, -0.08, -0.08, 0.16, 0.39, 0.16, -0.08, -0.08, -0.08, -0.08, -0.08, -0.08, 
-0.08, -0.08, -0.00, 0.07, -0.00, -0.08, -0.08, -0.08, -0.08, 0.16, 0.39, 0.16, 0.16, 0.39, 0.16, -0.08, -0.08, -0.08, -0.08, 0.04, 0.16, 0.04, -0.08, -0.08, -0.08, -0.08, -0.44, -0.08, 
-0.08, -0.08, 0.07, 0.22, 0.07, -0.08, -0.08, -0.08, -0.08, -0.08, 0.16, 0.04, -0.09, 0.16, 0.04, -0.00, 0.07, -0.00, 0.07, 0.11, 0.23, 0.04, -0.08, -0.08, -0.08, -0.08, -0.08, -0.08, 
-0.08, -0.08, -0.00, 0.07, -0.00, -0.08, -0.08, -0.08, -0.08, -0.08, -0.08, -0.08, -0.08, -0.08, -0.08, 0.07, 0.22, 0.07, 0.22, 0.30, 0.54, 0.16, -0.08, -0.08, -0.00, 0.07, -0.00, -0.08, 
-0.08, -0.08, 0.04, 0.23, 0.19, -0.00, -0.08, -0.18, -0.08, -0.08, -0.08, -0.08, -0.08, -0.08, -0.08, -0.00, 0.07, -0.00, 0.07, 0.11, 0.23, 0.04, -0.08, -0.08, 0.07, 0.22, -0.27, -0.08, 
-0.08, -0.08, 0.16, 0.54, 0.45, 0.07, -0.08, -0.08, -0.08, -0.08, -0.08, -0.08, 0.04, 0.01, 0.04, -0.08, -0.08, -0.08, -0.08, -0.08, -0.08, -0.08, -0.08, -0.08, -0.00, 0.07, -0.00, -0.08, 
-0.08, -0.08, 0.04, 0.23, 0.19, -0.00, -0.08, -0.08, -0.08, -0.08, -0.08, -0.08, 0.16, 0.39, 0.16, 0.04, -0.08, -0.08, -0.08, -0.08, -0.08, -0.08, -0.08, -0.08, -0.08, -0.08, -0.08, -0.08, 
-0.08, -0.08, 0.04, 0.16, 0.04, -0.08, -0.08, -0.16, -0.08, -0.08, -0.08, -0.08, 0.04, 0.16, -0.12, 0.16, 0.11, 0.30, 0.11, -0.08, -0.08, -0.08, -0.08, -0.08, 0.04, -0.17, 0.04, -0.08, 
-0.08, -0.08, -0.08, -0.08, -0.08, -0.08, -0.08, -0.08, -0.08, -0.08, -0.08, -0.08, -0.08, 0.04, 0.16, 0.11, 0.30, 0.46, 0.30, -0.00, -0.08, -0.08, -0.08, -0.08, 0.16, 0.39, 0.16, -0.08, 
-0.08, -0.08, -0.08, -0.08, -0.08, -0.14, -0.08, -0.08, -0.08, -0.08, -0.08, -0.08, -0.08, -0.08, -0.08, 0.07, 0.15, 0.30, 0.33, 0.07, -0.08, -0.08, -0.08, -0.08, 0.04, 0.16, 0.04, -0.08, 
-0.08, -0.08, -0.08, -0.08, -0.08, -0.08, -0.08, -0.08, -0.08, -0.08, -0.08, -0.08, -0.08, -0.08, -0.08, -0.00, 0.07, -0.00, 0.07, -0.00, -0.08, -0.08, -0.08, -0.08, -0.39, -0.08, -0.08, -0.08, 
-0.08, -0.08, -0.08, -0.08, -0.08, -0.08, -0.08, -0.08, -0.08, -0.08, -0.08, -0.08, -0.08, -0.00, 0.07, -0.00, -0.08, 0.07, 0.22, 0.07, -0.08, -0.08, -0.08, -0.08, -0.08, -0.08, -0.08, -0.08, 
-0.08, -0.08, -0.08, -0.08, -0.01, 0.16, 0.04, -0.08, -0.08, -0.08, -0.08, -0.08, -0.08, 0.07, 0.22, 0.07, -0.08, -0.20, 0.07, -0.00, -0.08, -0.08, -0.08, -0.08, -0.08, -0.08, -0.08, -0.08, 
-0.08, -0.08, -0.08, -0.08, 0.16, 0.39, 0.16, -0.08, -0.08, -0.08, -0.08, -0.08, -0.08, -0.00, 0.07, -0.00, -0.08, -0.08, -0.08, -0.08, -0.08, -0.08, -0.37, -0.08, -0.08, -0.08, -0.08, -0.08, 
-0.08, -0.08, -0.08, -0.08, 0.04, 0.16, 0.04, -0.08, -0.08, -0.08, -0.08, -0.08, -0.08, -0.08, -0.08, -0.08, -0.08, -0.08, -0.08, -0.08, -0.08, -0.08, -0.08, -0.08, -0.08, -0.08, -0.08, -0.08, 
-0.08, -0.08, -0.11, -0.08, -0.08, -0.08, -0.08, -0.08, -0.08, -0.08, -0.08, -0.08, -0.08, -0.08, -0.08, -0.08, -0.08, -0.29, -0.08, -0.08, -0.08, -0.08, -0.08, -0.08, -0.08, -0.08, -0.08, -0.08, 
-0.08, -0.08, -0.08, -0.08, -0.08, -0.08, -0.08, -0.08, 0.04, 0.16, 0.04, -0.08, -0.08, -0.08, -0.08, -0.08, -0.08, -0.08, -0.00, 0.07, -0.00, -0.08, -0.08, -0.36, -0.08, -0.08, -0.08, -0.08, 
-0.08, -0.08, -0.08, -0.08, -0.08, -0.08, -0.08, -0.08, 0.16, 0.39, 0.16, -0.08, -0.08, -0.08, -0.08, -0.08, -0.08, -0.08, 0.07, 0.22, 0.07, -0.08, -0.08, -0.08, -0.08, -0.08, -0.08, -0.08, 
-0.09, -0.08, -0.08, -0.08, -0.08, -0.08, -0.08, -0.08, 0.04, 0.16, 0.04, -0.08, -0.08, -0.08, -0.08, -0.08, -0.31, -0.08, -0.00, 0.07, -0.27, -0.08, -0.08, -0.08, -0.08, -0.08, -0.08, -0.08, 
-0.08, -0.08, -0.08, -0.08, -0.08, -0.08, -0.08, -0.08, -0.08, -0.08, -0.08, -0.08, -0.08, -0.08, -0.08, -0.08, -0.08, -0.08, -0.08, -0.32, -0.08, -0.08, -0.08, -0.08, -0.08, -0.08, -0.08, -0.08, 
-0.08, -0.08, -0.08, -0.08, -0.08, -0.08, -0.08, -0.08, -0.08, -0.08, -0.08, -0.08, -0.08, -0.08, -0.08, -0.08, -0.08, -0.08, -0.08, -0.08, -0.08, -0.08, -0.08, -0.08, -0.08, -0.08, -0.08, -0.08, 
-- optimal policy --
r  r  v  l  v  l  l  r  r  r  v  l  r  v  l  l  l  >  r  r  v  l  l  <  l  l  l  l  
r  r  r  v  l  l  l  >  r  r  v  l  r  v  l  l  <  >  >  >  v  <  <  l  l  v  l  v  
r  r  r  v  l  l  <  >  >  >  ^  <  >  v  <  <  v  r  R  R  ^  L  L  l  r  v  l  l  
r  >  >  v  <  <  l  >  R  R  ^  L  R  ^  L  r  v  r  r  r  v  l  l  r  r  v  l  l  
r  r  r  v  l  l  l  R  R  R  ^  L  R  ^  L  >  >  >  >  >  <  <  <  r  r  v  l  <  
>  r  r  v  l  l  l  <  R  ^  R  r  v  l  R  R  ^  R  R  R  ^  L  L  >  >  v  <  L  
>  >  >  >  <  <  <  l  ^  R  >  r  r  v  l  l  ^  R  R  R  ^  L  L  R  R  ^  L  <  
>  R  R  ^  L  L  L  <  <  >  r  >  >  v  <  <  r  v  l  l  l  ^  L  r  R  ^  L  l  
R  R  R  ^  L  L  L  L  L  r  >  R  R  ^  L  r  r  v  l  l  l  l  >  r  r  v  l  l  
R  R  R  ^  L  L  L  L  <  >  R  R  R  ^  L  >  >  r  <  l  l  l  R  >  >  <  <  <  
R  R  ^  ^  L  L  L  L  l  R  R  R  R  R  ^  R  R  ^  L  <  <  <  >  R  R  ^  L  L  
R  r  r  r  v  l  v  l  l  l  R  r  r  r  R  R  R  R  ^  L  L  L  R  R  R  ^  L  L  
r  r  r  r  r  v  l  l  l  l  R  >  r  r  v  l  ^  >  ^  <  <  L  R  ^  R  ^  L  L  
>  >  r  r  r  v  l  l  <  <  >  R  >  >  v  <  R  R  ^  L  L  L  L  R  ^  ^  ^  ^  
>  R  >  >  >  <  <  <  <  r  v  R  R  R  ^  L  L  R  ^  L  L  L  L  l  ^  R  ^  L  
>  >  R  R  R  ^  L  L  r  r  v  l  R  R  ^  L  L  R  ^  ^  L  l  l  l  l  ^  ^  ^  
R  R  R  R  R  ^  L  L  r  v  l  l  l  ^  ^  ^  L  r  r  v  l  l  l  <  <  <  L  ^  
R  >  R  R  ^  L  ^  r  r  v  l  l  <  l  R  >  r  r  r  v  l  l  <  l  l  <  l  L  
>  R  R  ^  ^  ^  r  >  >  >  <  <  <  <  <  >  r  >  >  <  <  <  L  <  <  <  <  L  
R  R  ^  ^  R  R  >  R  R  ^  L  L  <  L  <  R  >  R  R  ^  L  L  L  L  <  <  l  <  
R  ^  ^  R  >  R  R  R  R  ^  L  L  L  L  <  >  R  R  R  ^  L  ^  L  L  <  <  l  L  
R  ^  R  >  R  R  R  R  ^  L  ^  L  L  L  <  R  R  R  ^  R  ^  L  L  L  L  <  <  <  
Correct actions (%) : 18.75
Avg angular diffs   : 86.62
