arguments: 35 6 4 -0.00207987 0.828619 -0.00291181 -0.166389

Initializing gridworld of size 28 by 22..
    Num states: 616
    Num actions: 8
recovered reward
-0.17, -0.17, -0.17, -0.17, -0.17, -0.17, -0.17, -0.17, -0.17, -0.17, -0.17, -0.17, -0.17, -0.17, -0.17, -0.17, -0.17, -0.17, -0.17, -0.17, -0.17, -0.17, -0.17, -0.17, -0.17, -0.17, -0.17, -0.17, 
-0.17, -0.17, -0.17, -0.17, -0.17, -0.17, -0.17, -0.17, -0.17, -0.17, -0.17, -0.17, -0.17, -0.17, -0.17, -0.17, -0.17, -0.17, -0.17, -0.17, -0.17, -0.17, -0.17, -0.17, -0.17, -0.17, -0.17, -0.17, 
-0.17, -0.17, -0.17, -0.17, -0.17, -0.17, -0.17, -0.17, -0.17, -0.17, -0.17, -0.17, -0.17, -0.17, -0.17, -0.17, -0.17, -0.17, -0.17, -0.17, -0.17, -0.17, -0.17, -0.17, -0.17, -0.17, -0.17, -0.17, 
-0.17, -0.17, -0.17, -0.17, -0.17, -0.17, -0.17, -0.17, -0.17, -0.17, -0.17, -0.17, -0.17, -0.17, -0.17, -0.17, -0.17, -0.17, -0.17, -0.17, -0.17, -0.17, -0.17, -0.17, -0.17, -0.17, -0.17, -0.17, 
-0.17, -0.17, -0.17, -0.17, -0.17, -0.17, -0.17, -0.17, -0.17, -0.17, -0.17, -0.17, -0.17, -0.17, -0.17, -0.17, -0.17, -0.17, -0.17, -0.17, -0.17, -0.17, -0.17, -0.17, -0.17, -0.17, -0.17, -0.17, 
-0.17, -0.17, -0.17, -0.17, -0.17, -0.17, -0.17, -0.17, -0.17, -0.17, -0.17, -0.17, -0.17, -0.17, -0.17, -0.17, -0.17, -0.17, -0.17, -0.17, -0.17, -0.17, -0.17, -0.17, -0.17, -0.17, -0.17, -0.17, 
-0.17, -0.17, -0.17, -0.17, -0.17, -0.17, -0.17, -0.17, -0.17, -0.17, -0.17, -0.17, -0.17, -0.17, -0.17, -0.17, -0.17, -0.17, -0.17, -0.17, -0.17, -0.17, -0.17, -0.17, -0.17, -0.17, -0.17, -0.17, 
-0.17, -0.17, -0.17, -0.17, -0.17, -0.17, -0.17, -0.17, -0.17, -0.17, -0.17, -0.17, -0.17, -0.17, -0.17, -0.17, -0.17, -0.17, -0.17, -0.17, -0.17, -0.17, -0.17, -0.17, -0.17, -0.17, -0.17, -0.17, 
-0.17, -0.17, -0.17, -0.17, -0.17, -0.17, -0.17, -0.17, -0.17, -0.17, -0.17, -0.17, -0.17, -0.17, -0.17, -0.17, -0.17, -0.17, -0.17, -0.17, -0.17, -0.17, -0.17, -0.17, -0.17, -0.17, -0.17, -0.17, 
-0.17, -0.17, -0.17, -0.17, -0.17, -0.17, -0.17, -0.17, -0.17, -0.17, -0.17, -0.17, -0.17, -0.17, -0.17, -0.17, -0.17, -0.17, -0.17, -0.17, -0.17, -0.17, -0.17, -0.17, -0.17, -0.17, -0.17, -0.17, 
-0.17, -0.17, -0.17, -0.17, -0.17, -0.17, -0.17, -0.17, -0.17, -0.17, -0.17, -0.17, -0.17, -0.17, -0.17, -0.17, -0.17, -0.17, -0.17, -0.17, -0.17, -0.17, -0.17, -0.17, -0.17, -0.17, -0.17, -0.17, 
-0.17, -0.17, -0.17, -0.17, -0.17, -0.17, -0.17, -0.17, -0.17, -0.17, -0.17, -0.17, -0.17, -0.17, -0.17, -0.17, -0.17, -0.17, -0.17, -0.17, -0.17, -0.17, -0.17, -0.17, -0.17, -0.17, -0.17, -0.17, 
-0.17, -0.17, -0.17, -0.17, -0.17, -0.17, -0.17, -0.17, -0.17, -0.17, -0.17, -0.17, -0.17, -0.17, -0.17, -0.17, -0.17, -0.17, -0.17, -0.17, -0.17, -0.17, -0.17, -0.17, -0.17, -0.17, -0.17, -0.17, 
-0.17, -0.17, -0.17, -0.17, -0.17, -0.17, -0.17, -0.17, -0.17, -0.17, -0.17, -0.17, -0.17, -0.17, -0.17, -0.17, -0.17, -0.17, -0.17, -0.17, -0.17, -0.17, -0.17, -0.17, -0.17, -0.17, -0.17, -0.17, 
-0.17, -0.17, -0.17, -0.17, -0.17, -0.17, -0.17, -0.17, -0.17, -0.17, -0.17, -0.17, -0.17, -0.17, -0.17, -0.17, -0.17, -0.17, -0.17, -0.17, -0.17, -0.17, -0.17, -0.17, -0.17, -0.17, -0.17, -0.17, 
-0.17, -0.17, -0.17, -0.17, -0.17, -0.17, -0.17, -0.17, -0.17, -0.17, -0.17, -0.17, -0.17, -0.17, -0.17, -0.17, -0.17, -0.17, -0.17, -0.17, -0.17, -0.17, -0.17, -0.17, -0.17, -0.17, -0.17, -0.17, 
-0.17, -0.17, -0.17, -0.17, -0.17, -0.17, -0.17, -0.17, -0.17, -0.17, -0.17, -0.17, -0.17, -0.17, -0.17, -0.17, -0.17, -0.17, -0.17, -0.17, -0.17, -0.17, -0.17, -0.17, -0.17, -0.17, -0.17, -0.17, 
-0.17, -0.17, -0.17, -0.17, -0.17, -0.17, -0.17, -0.17, -0.17, -0.17, -0.17, -0.17, -0.17, -0.17, -0.17, -0.17, -0.17, -0.17, -0.17, -0.17, -0.17, -0.17, -0.17, -0.17, -0.17, -0.17, -0.17, -0.17, 
-0.17, -0.17, -0.17, -0.17, -0.17, -0.17, -0.17, -0.17, -0.17, -0.17, -0.17, -0.17, -0.17, -0.17, -0.17, -0.17, -0.17, -0.17, -0.17, -0.17, -0.17, -0.17, -0.17, -0.17, -0.17, -0.17, -0.17, -0.17, 
-0.17, -0.17, -0.17, -0.17, -0.17, -0.17, -0.17, -0.17, -0.17, -0.17, -0.17, -0.17, -0.17, -0.17, -0.17, -0.17, -0.17, -0.17, -0.17, -0.17, -0.17, -0.17, -0.17, -0.17, -0.17, -0.17, -0.17, -0.17, 
-0.17, -0.17, -0.17, -0.17, -0.17, -0.17, -0.17, -0.17, -0.17, -0.17, -0.17, -0.17, -0.17, -0.17, -0.17, -0.17, -0.17, -0.17, -0.17, -0.17, -0.17, -0.17, -0.17, -0.17, -0.17, -0.17, -0.17, -0.17, 
-0.17, -0.17, -0.17, -0.17, -0.17, -0.17, -0.17, -0.17, -0.17, -0.17, -0.17, -0.17, -0.17, -0.17, -0.17, -0.17, -0.17, -0.17, -0.17, -0.17, -0.17, -0.17, -0.17, -0.17, -0.17, -0.17, -0.17, -0.17, 
-- optimal policy --
<  R  L  L  R  <  R  <  <  >  >  L  <  L  R  R  R  <  <  >  v  >  L  ^  <  L  >  ^  
L  ^  ^  ^  ^  L  ^  L  ^  R  ^  ^  L  ^  ^  ^  L  L  L  v  R  R  ^  ^  L  ^  ^  ^  
^  L  >  R  ^  L  ^  l  >  <  L  >  R  ^  R  ^  ^  L  L  L  r  <  l  L  R  ^  L  <  
v  l  R  ^  >  ^  v  v  R  v  r  ^  L  >  L  l  >  v  <  L  R  r  ^  L  v  l  ^  <  
v  v  l  l  R  <  L  ^  <  R  v  r  r  ^  r  >  >  >  v  r  R  L  >  <  >  >  r  v  
<  l  <  <  <  >  r  r  R  >  r  r  ^  v  l  r  v  l  <  R  v  L  L  l  ^  r  >  >  
<  ^  L  L  R  R  r  r  v  l  l  l  v  R  l  <  l  L  v  ^  <  L  R  L  ^  v  R  ^  
^  L  L  <  v  <  r  l  r  l  R  ^  R  >  r  l  v  R  ^  r  v  <  r  L  l  L  r  v  
^  L  l  R  R  v  ^  r  >  r  R  <  R  >  >  <  l  <  v  r  r  v  r  ^  >  l  >  v  
>  L  r  ^  r  R  l  L  l  l  >  v  R  v  L  <  L  r  R  <  v  l  <  ^  r  r  >  >  
r  R  L  <  v  L  >  ^  v  v  R  ^  r  ^  v  L  v  R  l  R  L  >  ^  R  v  r  R  v  
>  l  L  <  >  ^  R  L  L  ^  R  l  v  <  l  ^  <  r  L  L  R  <  v  v  l  >  r  r  
v  l  l  l  <  L  v  R  R  l  <  v  l  r  r  r  v  R  r  >  R  >  r  <  R  >  >  >  
<  <  l  l  r  >  L  v  ^  R  r  R  >  v  l  v  ^  l  ^  v  >  r  L  ^  <  R  ^  ^  
^  l  <  r  ^  l  R  r  <  <  v  <  r  ^  r  >  v  R  L  v  >  R  <  r  r  >  r  r  
<  <  L  r  ^  <  r  ^  v  L  ^  >  l  v  R  l  v  L  v  <  v  R  >  R  >  R  ^  r  
^  L  L  l  R  R  R  R  r  L  l  ^  v  l  >  r  r  ^  R  ^  L  l  <  l  R  >  >  l  
<  <  R  R  <  >  >  ^  ^  v  R  ^  R  >  ^  l  v  r  v  l  L  >  ^  v  <  >  r  ^  
^  L  L  v  v  <  r  >  R  <  >  l  >  v  l  v  r  v  l  v  l  R  l  r  v  R  ^  >  
v  <  v  v  v  R  <  <  r  v  R  R  L  v  >  r  >  v  <  l  <  ^  L  <  R  R  R  ^  
<  <  v  >  ^  r  v  l  ^  r  >  r  ^  ^  L  L  >  r  L  l  L  L  <  ^  r  v  l  <  
v  <  ^  >  L  >  r  <  L  >  R  L  <  ^  L  >  R  ^  r  <  <  >  R  ^  >  r  <  L  
