arguments: 35 12 4 -0.0144578 -0.861446 -0.00361446 -0.120482
loading features...

Initializing gridworld of size 28 by 22..
    Num states: 616
    Num actions: 8
recovered reward
-0.12, -0.12, -0.12, -0.12, -0.12, -0.12, -0.12, -0.12, -0.12, -0.13, -0.12, -0.12, -0.12, -0.13, -0.12, -0.12, -0.12, -0.13, -0.12, -0.12, -0.13, -0.12, -0.13, -0.12, -0.12, -0.13, -0.12, -0.12, 
-0.13, -0.12, -0.12, -0.13, -0.12, -0.12, -0.13, -0.12, -0.12, -0.12, -0.12, -0.12, -0.12, -0.12, -0.12, -0.12, -0.12, -0.12, -0.12, -0.12, -0.12, -0.12, -0.12, -0.12, -0.12, -0.12, -0.12, -0.12, 
-0.12, -0.12, -0.12, -0.12, -0.12, -0.12, -0.12, -0.12, -0.12, -0.12, -0.12, -0.12, -0.12, -0.12, -0.12, -0.13, -0.12, -0.12, -0.12, -0.12, -0.12, -0.98, -0.12, -0.12, -0.12, -0.12, -0.12, -0.12, 
-0.13, -0.12, -0.12, -0.12, -0.98, -0.12, -0.98, -0.12, -0.12, -0.12, -0.12, -0.12, -0.12, -0.12, -0.12, -0.12, -0.12, -0.12, -0.12, -0.13, -0.12, -0.12, -0.12, -0.12, -0.12, -0.12, -0.12, -0.12, 
-0.12, -0.12, -0.12, -0.12, -0.12, -0.12, -0.12, -0.12, -0.12, -0.12, -0.12, -0.12, -0.12, -0.12, -0.12, -0.12, -0.13, -0.12, -0.12, -0.12, -0.12, -0.12, -0.12, -0.12, -0.12, -0.12, -0.13, -0.12, 
-0.12, -0.12, -0.12, -0.12, -0.12, -0.12, -0.12, -0.12, -0.98, -0.12, -0.12, -0.12, -0.12, -0.12, -0.12, -0.12, -0.12, -0.12, -0.12, -0.12, -0.12, -0.12, -0.12, -0.12, -0.12, -0.12, -0.12, -0.12, 
-0.12, -0.12, -0.12, -0.12, -0.12, -0.12, -0.12, -0.12, -0.12, -0.12, -0.12, -0.13, -0.12, -0.12, -0.12, -0.12, -0.12, -0.12, -0.12, -0.12, -0.13, -0.12, -0.12, -0.12, -0.12, -0.12, -0.12, -0.12, 
-0.12, -0.12, -0.12, -0.12, -0.12, -0.12, -0.12, -0.12, -0.12, -0.12, -0.12, -0.12, -0.12, -0.12, -0.12, -0.12, -0.12, -0.12, -0.12, -0.12, -0.12, -0.12, -0.12, -0.12, -0.12, -0.12, -0.13, -0.12, 
-0.12, -0.12, -0.12, -0.12, -0.12, -0.12, -0.12, -0.12, -0.12, -0.12, -0.12, -0.12, -0.12, -0.12, -0.12, -0.12, -0.12, -0.12, -0.12, -0.12, -0.12, -0.12, -0.12, -0.12, -0.12, -0.12, -0.12, -0.12, 
-0.12, -0.12, -0.12, -0.12, -0.12, -0.12, -0.12, -0.12, -0.12, -0.12, -0.13, -0.12, -0.12, -0.12, -0.13, -0.12, -0.12, -0.13, -0.12, -0.12, -0.13, -0.12, -0.12, -0.12, -0.12, -0.12, -0.12, -0.12, 
-0.12, -0.12, -0.12, -0.12, -0.12, -0.12, -0.13, -0.12, -0.12, -0.12, -0.12, -0.12, -0.12, -0.12, -0.12, -0.12, -0.12, -0.12, -0.98, -0.12, -0.12, -0.12, -0.12, -0.12, -0.12, -0.12, -0.13, -0.12, 
-0.12, -0.12, -0.12, -0.12, -0.12, -0.12, -0.12, -0.13, -0.12, -0.12, -0.12, -0.12, -0.12, -0.12, -0.12, -0.12, -0.98, -0.12, -0.12, -0.12, -0.12, -0.12, -0.12, -0.12, -0.12, -0.12, -0.12, -0.12, 
-0.12, -0.12, -0.12, -0.12, -0.12, -0.12, -0.12, -0.12, -0.12, -0.12, -0.12, -0.98, -0.12, -0.12, -0.12, -0.12, -0.12, -0.12, -0.12, -0.12, -0.98, -0.12, -0.12, -0.12, -0.12, -0.12, -0.12, -0.12, 
-0.13, -0.12, -0.12, -0.13, -0.12, -0.12, -0.13, -0.12, -0.12, -0.12, -0.12, -0.12, -0.12, -0.12, -0.12, -0.12, -0.12, -0.12, -0.12, -0.12, -0.12, -0.12, -0.12, -0.12, -0.12, -0.12, -0.12, -0.12, 
-0.12, -0.12, -0.12, -0.12, -0.12, -0.12, -0.12, -0.12, -0.12, -0.12, -0.12, -0.12, -0.12, -0.12, -0.12, -0.12, -0.12, -0.12, -0.12, -0.12, -0.12, -0.12, -0.12, -0.12, -0.12, -0.12, -0.12, -0.12, 
-0.12, -0.12, -0.12, -0.12, -0.12, -0.12, -0.12, -0.12, -0.12, -0.12, -0.12, -0.12, -0.12, -0.13, -0.12, -0.12, -0.12, -0.12, -0.12, -0.13, -0.13, -0.12, -0.12, -0.12, -0.12, -0.12, -0.12, -0.12, 
-0.12, -0.12, -0.12, -0.12, -0.12, -0.12, -0.12, -0.12, -0.12, -0.12, -0.12, -0.12, -0.13, -0.98, -0.12, -0.12, -0.12, -0.13, -0.12, -0.12, -0.12, -0.12, -0.12, -0.12, -0.12, -0.12, -0.12, -0.12, 
-0.12, -0.12, -0.12, -0.12, -0.12, -0.12, -0.12, -0.12, -0.12, -0.12, -0.12, -0.12, -0.12, -0.98, -0.12, -0.12, -0.12, -0.12, -0.12, -0.12, -0.12, -0.12, -0.12, -0.12, -0.12, -0.12, -0.12, -0.12, 
-0.12, -0.12, -0.12, -0.98, -0.12, -0.12, -0.12, -0.12, -0.12, -0.12, -0.12, -0.12, -0.12, -0.13, -0.12, -0.12, -0.12, -0.12, -0.12, -0.12, -0.12, -0.12, -0.98, -0.12, -0.12, -0.12, -0.12, -0.12, 
-0.12, -0.12, -0.12, -0.12, -0.12, -0.12, -0.12, -0.12, -0.12, -0.12, -0.12, -0.12, -0.12, -0.12, -0.12, -0.12, -0.12, -0.12, -0.12, -0.12, -0.12, -0.12, -0.12, -0.12, -0.12, -0.12, -0.12, -0.12, 
-0.12, -0.12, -0.12, -0.12, -0.12, -0.12, -0.12, -0.12, -0.12, -0.12, -0.12, -0.12, -0.12, -0.12, -0.12, -0.12, -0.12, -0.12, -0.12, -0.12, -0.12, -0.12, -0.12, -0.12, -0.12, -0.12, -0.12, -0.12, 
-0.12, -0.12, -0.12, -0.12, -0.12, -0.12, -0.12, -0.12, -0.12, -0.12, -0.12, -0.12, -0.12, -0.12, -0.12, -0.12, -0.12, -0.12, -0.12, -0.12, -0.12, -0.12, -0.12, -0.12, -0.12, -0.12, -0.12, -0.12, 
-- optimal policy --
^  ^  <  >  >  L  <  v  v  >  >  >  L  <  >  r  v  >  L  <  r  v  >  >  R  <  L  v  
^  ^  L  R  ^  ^  L  v  v  R  R  R  ^  L  v  >  r  R  ^  L  v  r  R  R  ^  L  ^  >  
r  v  v  v  l  <  r  v  l  <  v  v  v  l  r  r  v  r  v  >  r  v  >  >  >  r  R  ^  
v  v  v  l  <  L  v  v  <  L  r  v  l  <  >  >  r  v  r  r  v  r  R  >  >  >  r  v  
v  v  l  <  L  v  v  l  <  r  v  l  <  L  R  R  >  r  v  >  r  v  r  v  R  R  >  v  
v  l  <  L  v  v  l  <  L  v  l  <  L  v  v  >  >  >  r  v  >  r  v  r  v  >  >  v  
v  <  L  v  v  l  <  L  v  l  <  L  v  v  v  v  >  >  >  r  v  >  r  v  r  v  >  R  
l  <  v  v  l  <  L  v  l  ^  v  r  v  v  v  l  >  >  >  >  r  >  >  r  v  v  R  ^  
^  L  v  l  <  L  v  l  <  v  r  v  r  v  l  v  >  >  >  >  >  >  >  >  >  r  r  v  
v  v  l  <  L  v  l  <  L  r  v  r  v  l  v  l  v  R  R  R  ^  R  R  R  ^  >  >  r  
v  l  <  L  v  l  <  L  r  v  r  v  r  v  l  v  l  v  >  >  r  v  r  v  R  ^  R  ^  
<  <  L  v  l  <  L  v  v  r  v  r  v  l  v  l  v  v  R  R  >  r  v  r  v  >  r  v  
^  L  v  l  <  L  >  r  v  v  r  v  l  <  l  v  v  v  v  R  R  >  r  v  r  v  >  >  
v  v  v  l  L  v  r  v  r  v  v  r  v  l  <  r  v  v  v  v  v  >  >  r  v  v  >  r  
v  v  l  <  v  v  v  r  v  r  v  v  l  <  v  v  r  v  v  l  r  v  >  >  >  r  v  r  
v  l  <  L  v  v  v  v  r  v  l  l  <  r  v  v  v  r  v  v  v  v  v  R  R  >  r  <  
<  ^  L  v  v  v  v  v  v  r  v  v  v  r  v  v  l  >  r  v  v  v  v  l  R  R  ^  v  
v  <  v  l  v  v  v  v  v  v  l  r  v  r  v  l  v  v  >  r  v  l  l  <  >  >  >  R  
l  <  r  v  v  l  v  v  l  v  v  >  r  v  l  v  l  r  v  >  >  r  v  l  <  R  ^  v  
^  L  r  v  v  v  v  v  l  v  v  v  v  l  <  l  v  v  r  v  l  v  v  <  v  v  >  >  
>  >  >  r  v  v  l  v  l  r  v  v  v  v  l  v  v  v  v  l  v  l  l  L  v  v  R  ^  
R  >  >  >  >  v  <  r  <  >  v  r  l  l  <  v  >  r  v  ^  >  >  >  >  v  v  <  L  
Correct actions (%) : 15.70
Avg angular diffs   : 82.93
