arguments: 36 9 3 0.054007 -0.853659 0.00522648 -0.087108
loading features...

Initializing gridworld of size 28 by 22..
    Num states: 616
    Num actions: 8
recovered reward
-0.09, -0.09, -0.09, -0.09, -0.09, -0.09, -0.09, -0.09, -0.09, -0.09, -0.09, -0.09, -0.09, -0.09, -0.09, -0.09, -0.09, -0.09, -0.09, -0.09, -0.09, -0.09, -0.09, -0.09, -0.09, -0.09, -0.09, -0.09, 
-0.09, -0.09, -0.09, -0.09, -0.09, -0.09, -0.09, -0.09, -0.09, -0.09, -0.09, -0.09, -0.09, -0.09, -0.09, -0.09, -0.09, -0.09, -0.09, -0.09, -0.09, -0.09, -0.09, -0.09, -0.09, -0.08, -0.09, -0.09, 
-0.09, -0.09, -0.09, -0.09, -0.09, -0.09, -0.09, -0.09, -0.09, -0.09, -0.09, -0.09, -0.09, -0.09, -0.08, -0.09, -0.09, -0.09, -0.09, -0.09, -0.09, -0.09, -0.09, -0.09, -0.09, -0.94, -0.09, -0.09, 
-0.09, -0.09, -0.09, -0.09, -0.09, -0.09, -0.09, -0.09, -0.09, -0.09, -0.09, -0.08, -0.09, -0.09, -0.09, -0.09, -0.08, -0.09, -0.09, -0.09, -0.09, -0.09, -0.09, -0.08, -0.09, -0.09, -0.09, -0.09, 
-0.09, -0.09, -0.09, -0.09, -0.09, -0.09, -0.09, -0.09, -0.09, -0.08, -0.09, -0.09, -0.09, -0.09, -0.03, -0.09, -0.09, -0.09, -0.09, -0.09, -0.09, -0.09, -0.03, -0.09, -0.09, -0.09, -0.09, -0.09, 
-0.09, -0.09, -0.09, -0.09, -0.09, -0.09, -0.09, -0.09, -0.09, -0.09, -0.09, -0.09, -0.09, -0.94, -0.09, -0.09, -0.09, -0.09, -0.09, -0.09, -0.09, -0.94, -0.09, -0.09, -0.09, -0.09, -0.09, -0.09, 
-0.09, -0.09, -0.09, -0.09, -0.09, -0.09, -0.09, -0.08, -0.09, -0.09, -0.09, -0.09, -0.09, -0.09, -0.09, -0.09, -0.08, -0.09, -0.09, -0.09, -0.09, -0.09, -0.09, -0.08, -0.09, -0.09, -0.09, -0.09, 
-0.09, -0.09, -0.09, -0.09, -0.09, -0.09, -0.09, -0.09, -0.09, -0.09, -0.09, -0.09, -0.09, -0.09, -0.94, -0.09, -0.09, -0.09, -0.09, -0.09, -0.09, -0.09, -0.09, -0.09, -0.09, -0.09, -0.09, -0.09, 
-0.09, -0.09, -0.09, -0.09, -0.09, -0.09, -0.09, -0.09, -0.09, -0.09, -0.09, -0.09, -0.09, -0.09, -0.09, -0.09, -0.09, -0.09, -0.09, -0.09, -0.09, -0.09, -0.09, -0.09, -0.09, -0.09, -0.09, -0.09, 
-0.09, -0.09, -0.09, -0.09, -0.09, -0.09, -0.08, -0.03, -0.09, -0.09, -0.09, -0.94, -0.09, -0.09, -0.09, -0.09, -0.08, -0.09, -0.09, -0.09, -0.94, -0.09, -0.08, -0.09, -0.09, -0.09, -0.09, -0.09, 
-0.09, -0.09, -0.09, -0.09, -0.09, -0.09, -0.09, -0.09, -0.94, -0.09, -0.09, -0.09, -0.09, -0.09, -0.09, -0.09, -0.09, -0.09, -0.09, -0.09, -0.09, -0.09, -0.09, -0.09, -0.09, -0.09, -0.09, -0.09, 
-0.09, -0.09, -0.09, -0.09, -0.03, -0.09, -0.09, -0.89, -0.09, -0.09, -0.03, -0.09, -0.09, -0.09, -0.03, -0.09, -0.09, -0.09, -0.09, -0.09, -0.09, -0.09, -0.09, -0.09, -0.09, -0.09, -0.09, -0.09, 
-0.09, -0.09, -0.09, -0.09, -0.09, -0.09, -0.09, -0.09, -0.09, -0.09, -0.09, -0.09, -0.09, -0.09, -0.08, -0.09, -0.09, -0.09, -0.09, -0.09, -0.03, -0.09, -0.09, -0.09, -0.09, -0.09, -0.09, -0.09, 
-0.09, -0.09, -0.09, -0.09, -0.09, -0.09, -0.03, -0.09, -0.09, -0.09, -0.09, -0.09, -0.03, -0.09, -0.09, -0.09, -0.09, -0.09, -0.09, -0.09, -0.09, -0.08, -0.09, -0.09, -0.09, -0.09, -0.09, -0.09, 
-0.09, -0.09, -0.09, -0.09, -0.09, -0.09, -0.09, -0.09, -0.09, -0.09, -0.94, -0.09, -0.09, -0.09, -0.09, -0.09, -0.09, -0.09, -0.09, -0.09, -0.09, -0.09, -0.09, -0.09, -0.09, -0.09, -0.09, -0.09, 
-0.09, -0.09, -0.09, -0.09, -0.09, -0.09, -0.09, -0.09, -0.09, -0.09, -0.09, -0.09, -0.09, -0.09, -0.09, -0.08, -0.09, -0.09, -0.09, -0.09, -0.08, -0.09, -0.09, -0.09, -0.09, -0.94, -0.09, -0.09, 
-0.09, -0.09, -0.09, -0.09, -0.09, -0.09, -0.09, -0.09, -0.09, -0.09, -0.09, -0.09, -0.09, -0.09, -0.09, -0.09, -0.09, -0.09, -0.09, -0.09, -0.94, -0.09, -0.09, -0.09, -0.09, -0.09, -0.09, -0.09, 
-0.09, -0.09, -0.09, -0.09, -0.09, -0.09, -0.94, -0.09, -0.09, -0.09, -0.09, -0.09, -0.09, -0.09, -0.09, -0.09, -0.09, -0.09, -0.09, -0.09, -0.09, -0.09, -0.09, -0.09, -0.09, -0.09, -0.09, -0.09, 
-0.09, -0.09, -0.09, -0.09, -0.09, -0.09, -0.09, -0.09, -0.09, -0.09, -0.09, -0.09, -0.03, -0.09, -0.09, -0.08, -0.09, -0.09, -0.08, -0.09, -0.09, -0.09, -0.09, -0.09, -0.09, -0.09, -0.09, -0.09, 
-0.09, -0.09, -0.09, -0.09, -0.09, -0.09, -0.09, -0.09, -0.09, -0.09, -0.09, -0.09, -0.09, -0.09, -0.09, -0.03, -0.09, -0.09, -0.09, -0.09, -0.09, -0.09, -0.09, -0.09, -0.09, -0.09, -0.09, -0.09, 
-0.09, -0.09, -0.09, -0.09, -0.09, -0.09, -0.09, -0.09, -0.09, -0.09, -0.09, -0.09, -0.09, -0.09, -0.09, -0.09, -0.09, -0.09, -0.09, -0.09, -0.09, -0.09, -0.09, -0.09, -0.09, -0.09, -0.09, -0.09, 
-0.09, -0.09, -0.09, -0.09, -0.09, -0.09, -0.09, -0.09, -0.09, -0.09, -0.09, -0.09, -0.09, -0.09, -0.09, -0.09, -0.09, -0.09, -0.09, -0.09, -0.09, -0.09, -0.09, -0.09, -0.09, -0.09, -0.09, -0.09, 
-- optimal policy --
v  r  r  v  r  r  r  >  r  r  r  r  r  r  r  r  >  r  r  v  r  v  v  l  r  v  l  l  
r  v  r  r  v  r  r  r  >  r  r  r  r  r  r  >  r  >  r  r  v  r  v  l  v  l  <  l  
r  r  v  r  r  v  r  r  r  >  r  r  r  v  >  r  >  r  >  r  r  v  r  v  l  l  L  <  
r  r  r  v  r  r  v  r  r  r  >  >  r  r  v  >  r  >  r  r  >  r  v  l  <  <  l  L  
>  r  r  r  v  r  r  v  >  >  R  r  >  >  r  R  >  r  >  r  >  >  R  <  L  L  <  <  
r  >  r  r  r  v  r  v  l  R  r  >  R  R  ^  r  r  >  r  >  R  R  ^  L  L  L  L  L  
r  r  >  r  r  r  v  v  l  v  >  R  >  R  r  >  >  r  >  R  >  R  ^  L  L  L  L  L  
r  r  r  >  r  r  r  v  v  l  r  v  R  r  r  R  r  >  R  >  R  R  R  ^  L  L  <  L  
>  r  v  r  >  r  r  v  l  r  v  r  v  r  >  r  >  R  >  R  R  R  ^  L  ^  L  L  <  
r  >  r  v  r  >  >  >  r  v  r  v  r  v  r  >  R  r  R  R  R  ^  R  ^  L  ^  L  L  
r  r  >  r  v  R  R  ^  r  r  v  l  r  r  v  R  r  >  r  v  v  v  l  L  ^  L  ^  L  
r  r  r  >  R  R  ^  >  r  >  r  <  r  >  R  <  >  r  r  r  v  l  l  l  l  ^  L  ^  
r  r  >  R  ^  r  v  r  >  R  ^  r  v  R  ^  L  r  >  r  >  r  <  l  l  <  <  ^  L  
r  >  R  R  r  >  r  >  R  ^  r  >  R  <  ^  r  >  r  >  R  ^  L  <  l  l  <  <  ^  
>  R  R  r  >  R  ^  R  ^  r  >  R  ^  L  r  >  r  >  R  ^  R  ^  L  <  l  l  <  <  
R  R  R  >  R  ^  R  ^  r  r  R  ^  ^  L  >  r  >  R  R  R  ^  R  ^  L  <  <  l  l  
R  R  >  R  ^  R  ^  r  r  >  r  v  r  r  v  >  R  ^  R  R  ^  L  R  ^  L  L  l  l  
R  >  R  ^  R  ^  r  r  >  r  >  r  v  r  r  v  l  l  R  ^  L  ^  L  L  L  L  <  <  
>  R  ^  R  ^  r  r  >  r  >  r  >  r  >  r  v  l  l  ^  ^  L  L  ^  L  L  L  L  L  
R  ^  R  ^  r  r  >  r  >  r  >  R  ^  r  >  ^  <  <  <  L  ^  ^  L  ^  L  ^  L  L  
^  R  R  r  r  >  r  r  r  >  R  ^  r  >  R  ^  L  <  <  <  L  L  ^  L  ^  L  ^  L  
R  R  >  >  >  >  >  >  >  R  ^  >  >  R  ^  ^  L  L  <  <  <  L  ^  L  L  ^  L  ^  
Correct actions (%) : 12.70
Avg angular diffs   : 103.21
