arguments: 36 20 3 0.492915 0.32632 -0.0948905 -0.0858738
loading features...

Initializing gridworld of size 28 by 22..
    Num states: 616
    Num actions: 8
recovered reward
-0.09, -0.09, -0.09, -0.09, -0.09, -0.09, -0.09, -0.09, -0.00, -0.19, -0.00, -0.09, -0.09, -0.36, -0.09, -0.09, -0.09, -0.37, -0.09, -0.09, -0.38, -0.09, -0.39, -0.09, -0.09, -0.40, -0.09, -0.09, 
-0.32, -0.09, -0.09, -0.33, -0.09, -0.09, -0.34, -0.09, 0.08, 0.24, 0.08, -0.09, -0.09, -0.09, -0.09, -0.09, 0.04, 0.16, 0.04, -0.09, -0.09, -0.09, -0.09, -0.09, -0.09, -0.09, -0.09, -0.09, 
-0.09, -0.09, -0.09, -0.09, -0.00, 0.08, -0.00, -0.09, -0.00, 0.08, -0.00, -0.09, -0.09, 0.04, 0.16, 0.04, 0.24, 0.57, 0.24, -0.09, -0.09, -0.09, -0.09, 0.04, 0.16, 0.04, -0.09, -0.09, 
-0.31, -0.09, -0.09, -0.09, 0.08, 0.24, 0.08, -0.09, -0.09, -0.09, -0.09, -0.09, -0.09, 0.16, 0.41, 0.16, 0.20, 0.49, 0.20, -0.09, -0.09, -0.09, -0.09, 0.16, 0.41, 0.16, -0.09, -0.09, 
-0.00, 0.08, -0.00, -0.09, -0.00, 0.08, -0.00, -0.09, -0.09, -0.09, -0.09, -0.09, -0.09, 0.12, 0.32, 0.12, -0.00, 0.08, -0.00, -0.09, -0.09, -0.09, -0.09, 0.04, 0.16, 0.04, -0.30, -0.09, 
0.08, 0.24, 0.08, -0.09, -0.09, -0.09, -0.09, -0.09, -0.09, -0.09, -0.09, -0.09, -0.09, 0.08, 0.24, 0.08, -0.09, -0.09, -0.09, -0.09, -0.09, -0.09, -0.09, -0.00, 0.08, -0.00, -0.09, -0.09, 
-0.00, 0.08, -0.00, -0.09, -0.09, -0.09, -0.09, -0.09, -0.09, -0.09, -0.09, -0.09, -0.09, -0.00, 0.08, -0.00, -0.09, -0.09, -0.09, -0.09, -0.09, -0.09, -0.09, 0.08, 0.24, 0.08, -0.09, -0.09, 
-0.09, -0.09, -0.09, -0.09, -0.09, -0.09, -0.09, -0.00, 0.08, -0.00, -0.09, -0.09, -0.09, 0.04, 0.16, 0.04, -0.09, -0.09, -0.09, -0.09, -0.09, -0.09, -0.09, -0.00, 0.08, -0.00, -0.29, -0.09, 
-0.09, -0.09, -0.09, -0.09, -0.09, -0.09, -0.09, 0.08, 0.24, 0.08, -0.09, -0.09, -0.09, 0.16, 0.41, 0.16, -0.09, -0.09, -0.09, 0.04, 0.16, 0.04, 0.16, 0.04, -0.09, -0.09, -0.09, -0.09, 
-0.09, -0.09, -0.09, -0.09, -0.09, -0.09, -0.09, -0.00, 0.08, -0.00, -0.24, -0.09, -0.09, 0.04, 0.02, 0.04, -0.09, -0.22, -0.09, 0.16, 0.28, 0.24, 0.57, 0.13, 0.04, 0.16, 0.04, -0.09, 
-0.09, -0.09, -0.09, -0.09, -0.09, -0.09, -0.09, -0.09, -0.09, -0.09, -0.09, -0.09, -0.09, -0.09, -0.09, -0.09, -0.09, -0.09, -0.09, 0.04, 0.16, 0.20, 0.49, 0.20, 0.16, 0.41, -0.04, -0.09, 
-0.09, -0.09, -0.09, -0.09, -0.09, -0.09, -0.09, -0.25, -0.09, -0.09, -0.09, -0.09, -0.09, -0.09, -0.09, -0.00, 0.08, -0.00, -0.09, -0.09, -0.09, -0.00, 0.08, -0.00, 0.04, 0.16, 0.04, -0.09, 
-0.09, -0.09, -0.00, 0.08, -0.00, -0.09, -0.09, -0.09, 0.04, 0.16, 0.04, -0.09, -0.09, -0.09, -0.09, 0.08, 0.24, 0.08, -0.09, 0.04, 0.04, 0.16, 0.04, -0.09, -0.09, -0.09, -0.09, -0.09, 
-0.28, -0.09, 0.08, 0.06, 0.08, -0.09, -0.26, -0.09, 0.16, 0.41, 0.16, -0.09, -0.09, -0.09, -0.09, -0.00, 0.08, -0.00, -0.09, 0.16, 0.16, 0.41, 0.16, -0.09, -0.09, -0.09, -0.18, -0.09, 
-0.09, -0.09, -0.00, 0.08, -0.00, -0.09, -0.09, -0.09, 0.04, 0.16, 0.04, -0.09, -0.09, -0.09, -0.09, -0.09, -0.09, -0.09, -0.09, 0.04, 0.04, 0.16, 0.04, -0.09, -0.09, -0.09, -0.09, -0.09, 
-0.09, -0.09, -0.09, -0.00, 0.08, -0.00, -0.09, -0.09, -0.09, -0.09, -0.09, -0.09, -0.09, -0.09, -0.09, -0.09, -0.09, -0.09, -0.09, -0.09, -0.09, -0.09, -0.09, -0.00, 0.08, -0.00, -0.09, -0.09, 
-0.09, -0.09, -0.09, 0.08, 0.24, 0.08, -0.09, -0.09, -0.09, -0.09, -0.09, -0.09, -0.09, -0.09, -0.09, -0.09, -0.09, -0.09, -0.09, -0.09, -0.09, -0.09, -0.09, 0.08, 0.24, 0.08, -0.17, -0.09, 
-0.09, -0.09, -0.09, -0.00, 0.08, -0.00, -0.09, 0.04, 0.16, 0.04, -0.09, -0.09, 0.04, 0.16, 0.04, -0.09, -0.09, -0.09, -0.09, -0.09, -0.09, -0.09, -0.09, -0.00, 0.08, -0.00, -0.09, -0.09, 
-0.09, -0.09, -0.09, -0.09, -0.09, -0.09, -0.09, 0.16, 0.41, 0.16, -0.09, -0.09, 0.16, 0.41, 0.16, -0.09, -0.09, -0.09, -0.09, -0.09, -0.09, -0.09, -0.09, -0.09, -0.16, -0.09, -0.09, -0.09, 
-0.09, -0.09, -0.10, -0.09, -0.09, -0.10, -0.09, 0.04, 0.13, 0.04, -0.09, -0.12, 0.04, 0.16, -0.01, -0.09, -0.09, -0.14, -0.09, -0.09, -0.15, -0.09, -0.09, -0.09, -0.09, -0.09, -0.09, -0.09, 
-0.09, -0.09, -0.09, -0.09, -0.09, -0.09, -0.09, -0.09, -0.09, -0.09, -0.09, -0.09, -0.09, -0.09, -0.09, -0.09, -0.09, -0.09, -0.09, -0.09, -0.09, -0.09, -0.09, -0.09, -0.09, -0.09, -0.09, -0.09, 
-0.09, -0.09, -0.09, -0.09, -0.09, -0.09, -0.09, -0.09, -0.09, -0.09, -0.09, -0.09, -0.09, -0.09, -0.09, -0.09, -0.09, -0.09, -0.09, -0.09, -0.09, -0.09, -0.09, -0.09, -0.09, -0.09, -0.09, -0.09, 
-- optimal policy --
r  r  v  r  v  v  r  r  r  v  l  l  r  v  r  r  r  v  l  l  l  r  r  v  l  v  l  l  
v  l  r  r  r  v  l  >  >  <  <  <  r  r  v  r  r  v  l  l  <  r  r  r  v  l  l  l  
r  v  l  r  r  v  l  R  R  ^  L  L  r  r  v  l  >  v  <  <  <  r  r  r  v  l  l  l  
r  v  l  >  >  >  <  <  R  ^  L  L  >  >  v  <  R  ^  L  L  <  r  >  >  ^  <  <  <  
r  v  l  R  R  ^  L  L  <  ^  ^  >  R  R  ^  L  R  ^  L  L  L  >  R  R  ^  L  L  L  
>  <  <  <  R  ^  L  L  L  l  l  R  R  R  ^  L  L  ^  L  L  L  R  r  r  v  l  l  <  
R  ^  L  L  L  r  r  r  v  l  l  r  R  R  ^  L  L  l  r  v  r  v  >  >  <  <  <  <  
R  ^  L  L  L  >  r  r  v  l  l  >  r  r  v  l  l  <  r  r  v  r  v  l  ^  L  L  l  
^  R  ^  L  L  R  >  >  ^  <  <  R  >  >  >  <  <  L  r  r  r  r  v  l  l  v  l  l  
R  ^  R  ^  >  R  R  R  ^  L  L  R  R  R  ^  L  L  <  >  >  >  >  v  <  r  v  l  <  
r  r  v  r  v  R  R  R  ^  L  L  R  R  ^  L  r  v  l  R  R  R  R  ^  L  >  <  <  L  
r  r  r  v  l  l  r  r  r  v  l  l  l  >  r  r  v  l  l  R  R  R  ^  L  R  ^  L  <  
r  r  v  l  v  l  >  r  r  v  l  l  l  >  >  >  <  <  r  r  r  v  l  l  R  ^  L  L  
>  >  r  v  l  <  r  >  >  <  <  <  <  >  R  R  ^  L  >  >  >  >  <  <  ^  R  ^  L  
R  R  >  r  v  l  l  R  R  ^  L  L  L  R  R  R  ^  L  R  R  R  ^  L  L  v  l  l  l  
R  R  r  r  v  l  l  R  R  ^  L  L  r  r  v  l  ^  R  R  R  R  ^  L  r  v  l  l  <  
R  >  >  >  v  <  <  r  v  l  l  r  r  v  l  l  l  R  R  R  ^  L  >  >  ^  <  <  L  
>  >  R  R  ^  L  r  r  v  l  l  r  r  v  l  l  <  l  R  ^  ^  R  R  R  ^  L  L  <  
>  R  R  R  ^  L  >  >  <  <  <  >  >  ^  <  <  <  <  ^  L  R  R  R  R  ^  L  L  L  
R  R  R  ^  ^  >  R  R  ^  L  L  R  R  ^  L  L  L  <  L  R  R  R  R  ^  L  ^  L  L  
R  ^  R  ^  >  R  R  R  ^  L  L  R  R  ^  L  L  L  L  <  >  R  R  ^  R  ^  L  ^  L  
^  R  ^  >  R  R  R  ^  R  ^  L  R  ^  ^  ^  L  L  L  <  R  R  R  R  ^  L  ^  L  ^  
Correct actions (%) : 10.23
Avg angular diffs   : 88.98
