arguments: 36 21 4 -0.119565 -0.781773 0.0150502 -0.083612
loading features...

Initializing gridworld of size 28 by 22..
    Num states: 616
    Num actions: 8
recovered reward
-0.08, -0.08, -0.08, -0.08, -0.08, -0.08, -0.08, -0.08, -0.08, -0.08, -0.08, -0.08, -0.08, -0.08, -0.08, -0.08, -0.08, -0.08, -0.08, -0.08, -0.08, -0.08, -0.08, -0.08, -0.08, -0.08, -0.08, -0.08, 
-0.08, -0.08, -0.08, -0.08, -0.20, -0.08, -0.08, -0.08, -0.20, -0.07, -0.08, -0.08, -0.07, -0.08, -0.08, -0.08, -0.87, -0.08, -0.08, -0.08, -0.08, -0.08, -0.08, -0.08, -0.08, -0.04, -0.08, -0.08, 
-0.08, -0.08, -0.08, -0.08, -0.08, -0.08, -0.08, -0.08, -0.08, -0.08, -0.08, -0.08, -0.08, -0.08, -0.08, -0.08, -0.07, -0.08, -0.08, -0.08, -0.08, -0.08, -0.08, -0.08, -0.87, -0.08, -0.08, -0.08, 
-0.08, -0.08, -0.08, -0.08, -0.08, -0.08, -0.08, -0.07, -0.08, -0.20, -0.08, -0.08, -0.08, -0.08, -0.08, -0.08, -0.08, -0.08, -0.08, -0.08, -0.08, -0.08, -0.08, -0.87, -0.08, -0.08, -0.08, -0.08, 
-0.08, -0.08, -0.08, -0.08, -0.08, -0.08, -0.07, -0.08, -0.08, -0.08, -0.08, -0.08, -0.08, -0.08, -0.08, -0.08, -0.08, -0.08, -0.08, -0.08, -0.08, -0.08, -0.08, -0.08, -0.08, -0.05, -0.08, -0.08, 
-0.08, -0.08, -0.08, -0.08, -0.08, -0.08, -0.87, -0.08, -0.08, -0.08, -0.87, -0.08, -0.08, -0.08, -0.08, -0.08, -0.07, -0.08, -0.08, -0.08, -0.08, -0.08, -0.08, -0.08, -0.08, -0.08, -0.08, -0.08, 
-0.08, -0.08, -0.08, -0.08, -0.08, -0.20, -0.08, -0.08, -0.08, -0.08, -0.08, -0.08, -0.08, -0.08, -0.07, -0.08, -0.08, -0.08, -0.08, -0.08, -0.08, -0.08, -0.08, -0.08, -0.08, -0.08, -0.08, -0.08, 
-0.08, -0.08, -0.08, -0.08, -0.08, -0.08, -0.08, -0.08, -0.20, -0.08, -0.08, -0.08, -0.08, -0.08, -0.08, -0.08, -0.08, -0.87, -0.08, -0.08, -0.08, -0.08, -0.08, -0.05, -0.08, -0.08, -0.08, -0.08, 
-0.08, -0.08, -0.20, -0.08, -0.08, -0.08, -0.08, -0.08, -0.08, -0.08, -0.08, -0.08, -0.08, -0.08, -0.08, -0.08, -0.08, -0.08, -0.08, -0.08, -0.08, -0.08, -0.08, -0.08, -0.08, -0.87, -0.08, -0.08, 
-0.08, -0.08, -0.08, -0.08, -0.08, -0.08, -0.08, -0.08, -0.08, -0.08, -0.08, -0.08, -0.06, -0.08, -0.08, -0.20, -0.08, -0.08, -0.08, -0.08, -0.08, -0.08, -0.08, -0.08, -0.08, -0.08, -0.08, -0.08, 
-0.08, -0.08, -0.08, -0.08, -0.08, -0.87, -0.08, -0.08, -0.08, -0.08, -0.08, -0.08, -0.08, -0.08, -0.08, -0.08, -0.08, -0.08, -0.08, -0.08, -0.08, -0.08, -0.08, -0.08, -0.05, -0.08, -0.08, -0.08, 
-0.08, -0.08, -0.08, -0.08, -0.08, -0.08, -0.08, -0.08, -0.08, -0.08, -0.06, -0.08, -0.08, -0.08, -0.08, -0.08, -0.08, -0.08, -0.08, -0.08, -0.08, -0.08, -0.08, -0.08, -0.08, -0.08, -0.08, -0.08, 
-0.08, -0.08, -0.08, -0.08, -0.08, -0.08, -0.08, -0.87, -0.08, -0.08, -0.08, -0.08, -0.08, -0.08, -0.87, -0.08, -0.08, -0.08, -0.08, -0.08, -0.08, -0.08, -0.08, -0.08, -0.08, -0.08, -0.08, -0.08, 
-0.08, -0.08, -0.08, -0.08, -0.20, -0.08, -0.08, -0.08, -0.08, -0.08, -0.08, -0.08, -0.08, -0.08, -0.08, -0.08, -0.08, -0.08, -0.08, -0.08, -0.08, -0.08, -0.08, -0.05, -0.08, -0.08, -0.08, -0.08, 
-0.08, -0.08, -0.08, -0.08, -0.08, -0.08, -0.08, -0.08, -0.08, -0.06, -0.08, -0.08, -0.08, -0.08, -0.08, -0.08, -0.08, -0.08, -0.08, -0.08, -0.08, -0.08, -0.08, -0.08, -0.08, -0.08, -0.08, -0.08, 
-0.08, -0.08, -0.08, -0.08, -0.08, -0.08, -0.08, -0.08, -0.08, -0.08, -0.08, -0.08, -0.08, -0.08, -0.08, -0.08, -0.08, -0.08, -0.08, -0.08, -0.08, -0.08, -0.20, -0.08, -0.08, -0.08, -0.08, -0.08, 
-0.08, -0.08, -0.08, -0.08, -0.08, -0.08, -0.08, -0.08, -0.08, -0.08, -0.08, -0.08, -0.06, -0.20, -0.08, -0.08, -0.08, -0.08, -0.08, -0.08, -0.08, -0.08, -0.08, -0.05, -0.08, -0.08, -0.08, -0.08, 
-0.08, -0.08, -0.08, -0.08, -0.08, -0.08, -0.08, -0.08, -0.08, -0.08, -0.08, -0.08, -0.87, -0.08, -0.08, -0.08, -0.08, -0.08, -0.08, -0.08, -0.08, -0.08, -0.08, -0.08, -0.87, -0.08, -0.08, -0.08, 
-0.08, -0.08, -0.08, -0.08, -0.08, -0.08, -0.08, -0.08, -0.08, -0.08, -0.08, -0.08, -0.08, -0.08, -0.08, -0.08, -0.08, -0.08, -0.08, -0.20, -0.08, -0.05, -0.08, -0.20, -0.08, -0.08, -0.08, -0.08, 
-0.08, -0.08, -0.08, -0.08, -0.08, -0.08, -0.08, -0.08, -0.08, -0.08, -0.08, -0.08, -0.08, -0.06, -0.08, -0.08, -0.06, -0.08, -0.08, -0.06, -0.08, -0.08, -0.08, -0.08, -0.08, -0.08, -0.08, -0.08, 
-0.08, -0.08, -0.08, -0.08, -0.08, -0.08, -0.08, -0.08, -0.08, -0.08, -0.08, -0.08, -0.08, -0.08, -0.08, -0.08, -0.08, -0.08, -0.08, -0.08, -0.08, -0.08, -0.08, -0.08, -0.08, -0.08, -0.08, -0.08, 
-0.08, -0.08, -0.08, -0.08, -0.08, -0.08, -0.08, -0.08, -0.08, -0.08, -0.08, -0.08, -0.08, -0.08, -0.08, -0.08, -0.08, -0.08, -0.08, -0.08, -0.08, -0.08, -0.08, -0.08, -0.08, -0.08, -0.08, -0.08, 
-- optimal policy --
r  r  r  >  r  r  r  >  r  r  >  r  r  r  r  >  r  r  r  r  r  r  >  >  r  v  l  l  
r  r  >  r  r  r  >  r  >  r  r  >  r  r  r  r  r  r  r  r  r  >  r  >  >  v  <  <  
r  >  r  >  r  >  r  >  R  r  r  R  r  r  r  >  r  r  r  r  >  r  >  R  R  ^  L  L  
r  r  r  r  >  r  >  R  r  r  >  r  r  r  r  R  r  r  r  >  r  >  R  >  R  ^  ^  L  
r  r  r  r  r  >  R  ^  r  >  r  >  r  r  >  r  >  r  >  r  >  R  >  R  >  ^  <  ^  
r  r  r  r  >  R  ^  r  r  r  >  r  >  r  v  >  r  >  r  >  R  r  R  >  R  ^  L  <  
>  r  r  >  R  r  r  >  >  r  r  >  r  >  >  R  >  r  >  R  r  r  r  R  ^  L  ^  L  
r  >  >  R  r  >  r  r  r  >  r  r  >  R  ^  >  r  >  R  r  r  r  >  ^  <  ^  L  ^  
>  R  R  r  r  r  >  r  r  r  r  r  R  ^  >  r  >  R  r  r  r  >  R  ^  L  <  ^  L  
R  r  r  >  >  r  r  r  r  r  r  >  ^  <  r  >  R  r  r  r  >  R  ^  L  L  L  <  L  
r  r  >  R  r  >  r  r  r  r  v  R  ^  L  >  R  r  r  r  >  R  ^  ^  >  L  <  L  <  
r  r  R  r  r  r  >  r  r  >  R  <  L  >  R  r  r  r  >  R  ^  ^  >  R  ^  L  <  L  
r  >  r  >  r  r  r  r  >  R  ^  L  >  R  r  r  r  >  R  ^  ^  >  R  R  R  ^  L  <  
>  r  >  r  r  r  r  r  r  v  l  ^  R  r  r  r  >  R  ^  ^  >  R  >  R  <  R  ^  L  
r  >  R  r  r  r  r  r  >  >  r  v  v  r  r  >  R  ^  R  >  R  >  R  ^  L  <  R  ^  
>  R  r  r  r  r  r  >  R  ^  >  r  v  l  >  R  ^  R  r  R  >  R  ^  ^  L  L  <  ^  
R  >  r  r  r  r  >  R  ^  r  r  >  r  r  v  r  r  v  >  r  R  ^  >  ^  <  L  L  L  
>  R  r  >  r  >  R  ^  r  r  r  r  v  >  r  v  r  r  v  >  r  v  R  ^  L  L  L  L  
R  r  >  r  >  R  ^  r  r  r  r  r  r  v  >  r  v  >  r  v  >  R  <  L  L  <  L  L  
r  >  r  >  R  ^  >  r  r  r  r  r  >  r  r  >  r  r  >  >  R  ^  L  <  ^  L  <  L  
>  r  >  R  ^  >  r  r  r  r  r  >  R  ^  >  R  ^  >  R  ^  L  L  ^  L  <  L  L  <  
R  >  R  ^  >  R  >  >  >  >  >  R  ^  >  R  R  >  R  ^  L  ^  L  ^  L  L  <  L  L  
Correct actions (%) : 4.59
Avg angular diffs   : 108.99
