arguments: 36 5 1 0.384317 0.239491 -0.305546 -0.0706464
loading features...

Initializing gridworld of size 28 by 22..
    Num states: 616
    Num actions: 8
recovered reward
-0.07, -0.07, -0.07, -0.07, -0.07, -0.07, -0.07, -0.07, -0.07, -0.07, -0.07, -0.07, -0.07, -0.07, -0.07, -0.07, -0.07, -0.07, -0.07, 0.03, 0.12, 0.03, -0.07, -0.07, -0.07, -0.07, -0.07, -0.07, 
-0.07, -0.07, -0.07, -0.07, -0.07, -0.07, -0.07, -0.07, -0.07, 0.03, 0.12, 0.03, 0.03, 0.12, 0.03, -0.07, -0.07, -0.07, -0.07, 0.12, 0.31, 0.12, -0.07, -0.07, -0.07, -0.07, -0.07, -0.07, 
-0.07, -0.07, -0.01, 0.05, -0.01, -0.07, -0.07, -0.07, -0.07, 0.12, 0.31, 0.12, 0.12, 0.31, 0.12, -0.07, -0.07, -0.07, -0.07, 0.03, 0.12, 0.03, -0.07, -0.07, -0.07, -0.07, -0.74, -0.07, 
-0.07, -0.07, 0.05, 0.17, 0.05, -0.07, -0.07, -0.07, -0.07, -0.19, 0.12, 0.03, -0.22, 0.12, 0.03, -0.01, 0.05, -0.01, 0.05, 0.09, 0.18, 0.03, -0.07, -0.07, -0.07, -0.07, -0.07, -0.07, 
-0.07, -0.07, -0.01, 0.05, -0.01, -0.07, -0.07, -0.07, -0.07, -0.07, -0.07, -0.07, -0.07, -0.07, -0.07, 0.05, 0.17, 0.05, 0.17, 0.24, 0.43, 0.12, -0.07, -0.07, -0.01, 0.05, -0.01, -0.07, 
-0.07, -0.07, 0.03, 0.18, 0.15, -0.01, -0.07, -0.25, -0.07, -0.07, -0.07, -0.07, -0.07, -0.07, -0.07, -0.01, 0.05, -0.01, 0.05, 0.09, 0.18, 0.03, -0.07, -0.07, 0.05, 0.17, -0.59, -0.07, 
-0.07, -0.07, 0.12, 0.43, 0.36, 0.05, -0.07, -0.07, -0.07, -0.07, -0.07, -0.07, 0.03, -0.15, 0.03, -0.07, -0.07, -0.07, -0.07, -0.07, -0.07, -0.07, -0.07, -0.07, -0.01, 0.05, -0.01, -0.07, 
-0.07, -0.07, 0.03, 0.18, 0.15, -0.01, -0.07, -0.07, -0.07, -0.07, -0.07, -0.07, 0.12, 0.31, 0.12, 0.03, -0.07, -0.07, -0.07, -0.07, -0.07, -0.07, -0.07, -0.07, -0.07, -0.07, -0.07, -0.07, 
-0.07, -0.07, 0.03, 0.12, 0.03, -0.07, -0.07, -0.22, -0.07, -0.07, -0.07, -0.07, 0.03, 0.12, -0.28, 0.12, 0.09, 0.24, 0.09, -0.07, -0.07, -0.07, -0.07, -0.07, 0.03, -0.49, 0.03, -0.07, 
-0.07, -0.07, -0.07, -0.07, -0.07, -0.07, -0.07, -0.07, -0.07, -0.07, -0.07, -0.07, -0.07, 0.03, 0.12, 0.09, 0.24, 0.37, 0.24, -0.01, -0.07, -0.07, -0.07, -0.07, 0.12, 0.31, 0.12, -0.07, 
-0.07, -0.07, -0.07, -0.07, -0.07, -0.19, -0.07, -0.07, -0.07, -0.07, -0.07, -0.07, -0.07, -0.07, -0.07, 0.05, -0.07, 0.24, 0.26, 0.05, -0.07, -0.07, -0.07, -0.07, 0.03, 0.12, 0.03, -0.07, 
-0.07, -0.07, -0.07, -0.07, -0.07, -0.07, -0.07, -0.07, -0.07, -0.07, -0.07, -0.07, -0.07, -0.07, -0.07, -0.01, 0.05, -0.01, 0.05, -0.01, -0.07, -0.07, -0.07, -0.07, -0.65, -0.07, -0.07, -0.07, 
-0.07, -0.07, -0.07, -0.07, -0.07, -0.07, -0.07, -0.07, -0.07, -0.07, -0.07, -0.07, -0.07, -0.01, 0.05, -0.01, -0.07, 0.05, 0.17, 0.05, -0.07, -0.07, -0.07, -0.07, -0.07, -0.07, -0.07, -0.07, 
-0.07, -0.07, -0.07, -0.07, -0.07, 0.12, 0.03, -0.07, -0.07, -0.07, -0.07, -0.07, -0.07, 0.05, 0.17, 0.05, -0.07, -0.38, 0.05, -0.01, -0.07, -0.07, -0.07, -0.07, -0.07, -0.07, -0.07, -0.07, 
-0.07, -0.07, -0.07, -0.07, 0.12, 0.31, 0.12, -0.07, -0.07, -0.07, -0.07, -0.07, -0.07, -0.01, 0.05, -0.01, -0.07, -0.07, -0.07, -0.07, -0.07, -0.07, -0.62, -0.07, -0.07, -0.07, -0.07, -0.07, 
-0.07, -0.07, -0.07, -0.07, 0.03, 0.12, 0.03, -0.07, -0.07, -0.07, -0.07, -0.07, -0.07, -0.07, -0.07, -0.07, -0.07, -0.07, -0.07, -0.07, -0.07, -0.07, -0.07, -0.07, -0.07, -0.07, -0.07, -0.07, 
-0.07, -0.07, -0.13, -0.07, -0.07, -0.07, -0.07, -0.07, -0.07, -0.07, -0.07, -0.07, -0.07, -0.07, -0.07, -0.07, -0.07, -0.47, -0.07, -0.07, -0.07, -0.07, -0.07, -0.07, -0.07, -0.07, -0.07, -0.07, 
-0.07, -0.07, -0.07, -0.07, -0.07, -0.07, -0.07, -0.07, 0.03, 0.12, 0.03, -0.07, -0.07, -0.07, -0.07, -0.07, -0.07, -0.07, -0.01, 0.05, -0.01, -0.07, -0.07, -0.59, -0.07, -0.07, -0.07, -0.07, 
-0.07, -0.07, -0.07, -0.07, -0.07, -0.07, -0.07, -0.07, 0.12, 0.31, 0.12, -0.07, -0.07, -0.07, -0.07, -0.07, -0.07, -0.07, 0.05, 0.17, 0.05, -0.07, -0.07, -0.07, -0.07, -0.07, -0.07, -0.07, 
-0.10, -0.07, -0.07, -0.07, -0.07, -0.07, -0.07, -0.07, 0.03, 0.12, 0.03, -0.07, -0.07, -0.07, -0.07, -0.07, -0.50, -0.07, -0.01, 0.05, -0.50, -0.07, -0.07, -0.07, -0.07, -0.07, -0.07, -0.07, 
-0.07, -0.07, -0.07, -0.07, -0.07, -0.07, -0.07, -0.07, -0.07, -0.07, -0.07, -0.07, -0.07, -0.07, -0.07, -0.07, -0.07, -0.07, -0.07, -0.53, -0.07, -0.07, -0.07, -0.07, -0.07, -0.07, -0.07, -0.07, 
-0.07, -0.07, -0.07, -0.07, -0.07, -0.07, -0.07, -0.07, -0.07, -0.07, -0.07, -0.07, -0.07, -0.07, -0.07, -0.07, -0.07, -0.07, -0.07, -0.07, -0.07, -0.07, -0.07, -0.07, -0.07, -0.07, -0.07, -0.07, 
-- optimal policy --
r  r  v  l  v  l  l  r  r  r  v  l  r  v  l  l  l  >  r  r  v  l  l  <  l  l  v  l  
r  r  r  v  l  l  l  >  r  r  v  l  r  v  l  l  l  R  >  >  ^  <  <  l  l  v  l  v  
>  r  r  v  l  l  l  R  >  >  v  <  >  ^  <  <  v  r  R  R  ^  L  L  l  v  l  v  l  
r  >  >  v  <  <  l  >  R  R  ^  L  R  ^  L  r  v  r  r  r  v  l  l  r  r  v  l  l  
r  r  r  v  l  l  l  R  >  R  ^  L  R  ^  L  >  >  >  >  >  <  <  <  r  r  v  l  <  
>  r  r  v  l  l  l  <  R  ^  R  r  v  r  v  R  ^  R  R  R  ^  L  L  >  >  <  <  l  
R  >  >  >  <  <  <  L  ^  R  >  r  r  v  l  l  ^  R  R  R  ^  L  L  R  R  ^  L  <  
>  R  R  ^  L  L  L  <  <  >  R  >  >  <  <  <  r  v  l  l  l  L  L  r  v  l  v  l  
R  R  R  ^  L  L  L  L  L  R  >  R  R  ^  L  r  r  v  l  l  l  l  >  r  r  v  l  l  
R  R  R  ^  L  L  L  L  <  >  R  R  R  ^  L  >  >  r  <  l  l  <  >  >  >  v  <  <  
R  R  R  ^  L  L  L  L  l  R  R  R  R  R  ^  R  R  ^  L  <  <  <  >  R  R  ^  L  L  
R  r  r  r  v  r  v  l  l  l  R  r  r  r  R  ^  R  R  ^  L  L  L  R  R  R  ^  L  L  
r  r  r  r  r  v  l  l  l  l  >  r  r  r  v  l  ^  >  ^  <  <  L  R  ^  R  R  ^  L  
>  r  r  r  r  v  l  l  l  <  R  >  >  >  ^  <  R  R  ^  L  L  L  L  R  R  ^  ^  ^  
R  >  r  >  >  v  <  <  <  r  v  >  R  R  ^  L  L  R  ^  L  L  L  L  l  ^  L  R  ^  
>  R  >  R  R  ^  L  L  v  l  v  l  R  R  ^  L  L  R  ^  L  L  l  l  l  <  L  ^  L  
R  R  R  R  R  ^  L  r  r  v  l  l  l  ^  R  ^  L  r  r  v  l  l  l  <  <  <  L  ^  
R  >  R  R  R  R  ^  r  r  v  l  l  <  L  ^  >  r  r  r  v  l  l  <  <  L  <  <  L  
>  R  R  R  R  ^  >  >  >  >  <  <  L  <  <  R  >  >  >  <  <  <  <  <  l  <  l  l  
R  R  R  ^  ^  r  >  R  R  ^  L  L  <  L  <  R  R  R  R  ^  L  L  <  <  l  <  <  <  
R  R  ^  R  R  >  R  R  R  ^  L  L  L  <  L  >  R  R  R  ^  L  ^  L  <  L  <  L  L  
^  R  R  >  R  R  R  R  ^  L  L  L  L  L  <  R  R  R  ^  L  ^  L  ^  L  <  L  <  L  
Correct actions (%) : 17.17
Avg angular diffs   : 78.64
