arguments: 36 20 2 0.00177305 -0.819149 0.00177305 -0.177305

Initializing gridworld of size 28 by 22..
    Num states: 616
    Num actions: 8
recovered reward
-0.18, -0.18, -0.18, -0.18, -0.18, -0.18, -0.18, -0.18, -0.18, -0.18, -0.18, -0.18, -0.18, -0.18, -0.18, -0.18, -0.18, -0.18, -0.18, -0.18, -0.18, -0.18, -0.18, -0.18, -0.18, -0.18, -0.18, -0.18, 
-0.18, -0.18, -0.18, -0.18, -0.18, -0.18, -0.18, -0.18, -0.18, -0.18, -0.18, -0.18, -0.18, -0.18, -0.18, -0.18, -0.18, -0.18, -0.18, -0.18, -0.18, -0.18, -0.18, -0.18, -0.18, -0.18, -0.18, -0.18, 
-0.18, -0.18, -0.18, -0.18, -0.18, -0.18, -0.18, -0.18, -0.18, -0.18, -0.18, -0.18, -0.18, -0.18, -0.18, -0.18, -0.18, -0.18, -0.18, -0.18, -0.18, -0.18, -0.18, -0.18, -0.18, -0.18, -0.18, -0.18, 
-0.18, -0.18, -0.18, -0.18, -0.18, -0.18, -0.18, -0.18, -0.18, -0.18, -0.18, -0.18, -0.18, -0.18, -0.18, -0.18, -0.18, -0.18, -0.18, -0.18, -0.18, -0.18, -0.18, -0.18, -0.18, -0.18, -0.18, -0.18, 
-0.18, -0.18, -0.18, -0.18, -0.18, -0.18, -0.18, -0.18, -0.18, -0.18, -0.18, -0.18, -0.18, -0.18, -0.18, -0.18, -0.18, -0.18, -0.18, -0.18, -0.18, -0.18, -0.18, -0.18, -0.18, -0.18, -0.18, -0.18, 
-0.18, -0.18, -0.18, -0.18, -0.18, -0.18, -0.18, -0.18, -0.18, -0.18, -0.18, -0.18, -0.18, -0.18, -0.18, -0.18, -0.18, -0.18, -0.18, -0.18, -0.18, -0.18, -0.18, -0.18, -0.18, -0.18, -0.18, -0.18, 
-0.18, -0.18, -0.18, -0.18, -0.18, -0.18, -0.18, -0.18, -0.18, -0.18, -0.18, -0.18, -0.18, -0.18, -0.18, -0.18, -0.18, -0.18, -0.18, -0.18, -0.18, -0.18, -0.18, -0.18, -0.18, -0.18, -0.18, -0.18, 
-0.18, -0.18, -0.18, -0.18, -0.18, -0.18, -0.18, -0.18, -0.18, -0.18, -0.18, -0.18, -0.18, -0.18, -0.18, -0.18, -0.18, -0.18, -0.18, -0.18, -0.18, -0.18, -0.18, -0.18, -0.18, -0.18, -0.18, -0.18, 
-0.18, -0.18, -0.18, -0.18, -0.18, -0.18, -0.18, -0.18, -0.18, -0.18, -0.18, -0.18, -0.18, -0.18, -0.18, -0.18, -0.18, -0.18, -0.18, -0.18, -0.18, -0.18, -0.18, -0.18, -0.18, -0.18, -0.18, -0.18, 
-0.18, -0.18, -0.18, -0.18, -0.18, -0.18, -0.18, -0.18, -0.18, -0.18, -0.18, -0.18, -0.18, -0.18, -0.18, -0.18, -0.18, -0.18, -0.18, -0.18, -0.18, -0.18, -0.18, -0.18, -0.18, -0.18, -0.18, -0.18, 
-0.18, -0.18, -0.18, -0.18, -0.18, -0.18, -0.18, -0.18, -0.18, -0.18, -0.18, -0.18, -0.18, -0.18, -0.18, -0.18, -0.18, -0.18, -0.18, -0.18, -0.18, -0.18, -0.18, -0.18, -0.18, -0.18, -0.18, -0.18, 
-0.18, -0.18, -0.18, -0.18, -0.18, -0.18, -0.18, -0.18, -0.18, -0.18, -0.18, -0.18, -0.18, -0.18, -0.18, -0.18, -0.18, -0.18, -0.18, -0.18, -0.18, -0.18, -0.18, -0.18, -0.18, -0.18, -0.18, -0.18, 
-0.18, -0.18, -0.18, -0.18, -0.18, -0.18, -0.18, -0.18, -0.18, -0.18, -0.18, -0.18, -0.18, -0.18, -0.18, -0.18, -0.18, -0.18, -0.18, -0.18, -0.18, -0.18, -0.18, -0.18, -0.18, -0.18, -0.18, -0.18, 
-0.18, -0.18, -0.18, -0.18, -0.18, -0.18, -0.18, -0.18, -0.18, -0.18, -0.18, -0.18, -0.18, -0.18, -0.18, -0.18, -0.18, -0.18, -0.18, -0.18, -0.18, -0.18, -0.18, -0.18, -0.18, -0.18, -0.18, -0.18, 
-0.18, -0.18, -0.18, -0.18, -0.18, -0.18, -0.18, -0.18, -0.18, -0.18, -0.18, -0.18, -0.18, -0.18, -0.18, -0.18, -0.18, -0.18, -0.18, -0.18, -0.18, -0.18, -0.18, -0.18, -0.18, -0.18, -0.18, -0.18, 
-0.18, -0.18, -0.18, -0.18, -0.18, -0.18, -0.18, -0.18, -0.18, -0.18, -0.18, -0.18, -0.18, -0.18, -0.18, -0.18, -0.18, -0.18, -0.18, -0.18, -0.18, -0.18, -0.18, -0.18, -0.18, -0.18, -0.18, -0.18, 
-0.18, -0.18, -0.18, -0.18, -0.18, -0.18, -0.18, -0.18, -0.18, -0.18, -0.18, -0.18, -0.18, -0.18, -0.18, -0.18, -0.18, -0.18, -0.18, -0.18, -0.18, -0.18, -0.18, -0.18, -0.18, -0.18, -0.18, -0.18, 
-0.18, -0.18, -0.18, -0.18, -0.18, -0.18, -0.18, -0.18, -0.18, -0.18, -0.18, -0.18, -0.18, -0.18, -0.18, -0.18, -0.18, -0.18, -0.18, -0.18, -0.18, -0.18, -0.18, -0.18, -0.18, -0.18, -0.18, -0.18, 
-0.18, -0.18, -0.18, -0.18, -0.18, -0.18, -0.18, -0.18, -0.18, -0.18, -0.18, -0.18, -0.18, -0.18, -0.18, -0.18, -0.18, -0.18, -0.18, -0.18, -0.18, -0.18, -0.18, -0.18, -0.18, -0.18, -0.18, -0.18, 
-0.18, -0.18, -0.18, -0.18, -0.18, -0.18, -0.18, -0.18, -0.18, -0.18, -0.18, -0.18, -0.18, -0.18, -0.18, -0.18, -0.18, -0.18, -0.18, -0.18, -0.18, -0.18, -0.18, -0.18, -0.18, -0.18, -0.18, -0.18, 
-0.18, -0.18, -0.18, -0.18, -0.18, -0.18, -0.18, -0.18, -0.18, -0.18, -0.18, -0.18, -0.18, -0.18, -0.18, -0.18, -0.18, -0.18, -0.18, -0.18, -0.18, -0.18, -0.18, -0.18, -0.18, -0.18, -0.18, -0.18, 
-0.18, -0.18, -0.18, -0.18, -0.18, -0.18, -0.18, -0.18, -0.18, -0.18, -0.18, -0.18, -0.18, -0.18, -0.18, -0.18, -0.18, -0.18, -0.18, -0.18, -0.18, -0.18, -0.18, -0.18, -0.18, -0.18, -0.18, -0.18, 
-- optimal policy --
<  ^  <  >  L  <  >  >  >  >  >  >  >  R  <  >  R  <  >  >  >  >  >  >  ^  <  v  v  
^  ^  L  R  ^  L  v  R  R  R  R  R  R  ^  L  R  ^  L  R  R  R  ^  R  R  ^  L  v  v  
<  <  v  l  <  v  v  v  l  v  l  <  r  v  r  v  v  r  v  v  v  v  >  >  >  r  v  v  
^  L  l  <  L  r  v  l  v  l  <  L  v  r  v  r  v  v  r  v  v  v  v  R  >  >  r  v  
v  l  <  L  r  v  l  v  l  <  L  v  r  v  r  v  r  v  v  r  v  v  v  v  >  >  >  r  
<  <  L  r  v  r  v  l  <  L  >  r  v  r  v  r  v  r  v  v  r  v  v  v  v  >  >  v  
^  L  v  v  r  v  l  ^  L  >  >  >  r  v  r  v  r  v  r  v  v  r  v  r  v  v  >  r  
l  <  r  v  v  l  ^  L  v  >  >  >  >  r  >  r  >  r  >  r  v  v  l  >  r  v  R  ^  
L  <  v  r  v  <  L  r  v  v  >  >  >  >  >  >  >  >  >  >  r  v  r  R  ^  r  >  R  
^  L  r  v  l  <  v  >  r  v  v  R  R  ^  R  R  R  R  R  R  >  >  >  >  >  >  >  r  
v  v  v  l  <  L  l  v  >  r  v  v  v  v  v  v  v  v  v  R  R  ^  R  R  R  R  R  ^  
r  v  l  ^  L  l  <  v  v  >  r  v  v  v  v  v  v  v  v  v  v  >  >  >  >  >  >  r  
>  r  <  L  v  v  v  l  v  v  >  r  v  v  v  v  v  v  v  v  l  R  R  R  R  ^  R  ^  
v  v  l  <  v  v  l  v  r  v  v  >  r  v  v  v  v  v  v  l  <  v  >  r  v  r  v  v  
v  l  <  L  v  l  v  v  >  r  v  v  >  r  v  v  v  v  l  <  v  >  >  >  r  v  r  v  
L  <  L  v  l  v  l  l  <  >  r  v  v  >  r  v  v  l  <  L  r  v  v  R  >  r  >  r  
^  L  v  l  v  l  v  v  v  v  >  r  v  v  >  v  l  <  L  r  v  r  v  v  >  >  >  r  
v  v  l  v  l  <  v  v  v  v  v  >  r  v  v  l  <  L  v  v  r  v  r  v  v  r  v  ^  
v  l  <  l  <  L  r  v  v  v  v  v  >  r  v  l  L  v  v  v  v  r  v  r  v  >  r  <  
L  <  v  l  <  r  >  r  v  v  v  v  >  r  v  l  v  v  l  r  v  v  r  v  l  R  ^  R  
^  v  l  <  L  >  >  >  r  v  v  l  <  >  v  <  v  l  <  >  r  v  v  l  v  v  >  r  
>  v  <  L  R  R  R  R  >  l  v  <  L  >  >  l  l  <  L  >  >  l  l  <  r  l  <  R  
