arguments: 36 17 2 0.466986 0.336842 -0.100478 -0.0956938
loading features...

Initializing gridworld of size 28 by 22..
    Num states: 616
    Num actions: 8
recovered reward
-0.10, -0.10, -0.10, -0.10, -0.10, -0.18, -0.10, -0.10, -0.19, -0.10, -0.10, -0.20, -0.10, -0.10, -0.10, -0.10, -0.10, -0.10, -0.10, -0.10, -0.10, -0.10, -0.10, -0.10, -0.10, -0.10, -0.10, -0.10, 
-0.10, -0.10, -0.10, -0.10, -0.10, 0.02, 0.14, 0.02, -0.10, -0.10, -0.10, -0.10, -0.10, -0.21, -0.10, -0.10, -0.10, -0.10, 0.02, 0.14, 0.02, -0.10, -0.10, -0.10, -0.10, -0.10, -0.10, -0.10, 
-0.10, -0.10, -0.10, -0.10, -0.17, 0.14, 0.37, 0.14, -0.10, -0.10, -0.10, -0.10, -0.10, -0.10, -0.10, -0.10, -0.10, -0.10, 0.14, 0.37, 0.22, 0.07, -0.01, -0.10, -0.10, -0.37, -0.10, -0.10, 
-0.10, 0.02, 0.14, -0.04, -0.10, 0.02, 0.14, 0.02, 0.14, 0.02, -0.10, -0.10, -0.10, -0.10, -0.10, -0.10, -0.10, -0.10, 0.02, 0.14, 0.19, 0.24, 0.07, -0.10, -0.10, -0.10, -0.10, -0.10, 
-0.10, 0.14, 0.37, 0.14, -0.10, -0.10, -0.10, 0.22, 0.54, 0.22, -0.10, -0.10, -0.10, -0.10, -0.22, -0.10, -0.10, -0.10, 0.14, 0.37, 0.22, 0.07, -0.01, -0.10, -0.36, -0.10, -0.10, -0.10, 
-0.10, 0.02, 0.14, 0.02, -0.10, -0.10, -0.10, 0.19, 0.47, 0.19, -0.10, -0.10, -0.10, -0.10, -0.10, -0.10, -0.10, -0.10, 0.02, 0.14, 0.02, -0.10, -0.10, -0.10, -0.10, -0.10, -0.10, -0.10, 
-0.10, -0.10, -0.15, -0.10, -0.10, -0.10, -0.10, -0.01, 0.07, -0.01, -0.10, -0.10, -0.23, -0.10, -0.10, -0.10, -0.10, -0.10, 0.02, 0.14, 0.02, -0.10, -0.10, -0.10, -0.10, -0.10, -0.10, -0.10, 
-0.10, -0.10, -0.10, -0.10, -0.10, -0.10, -0.10, -0.10, -0.10, -0.10, -0.10, -0.10, -0.10, -0.10, -0.10, -0.10, -0.10, -0.10, -0.10, -0.10, -0.10, -0.10, -0.35, -0.10, -0.10, -0.10, -0.10, -0.10, 
-0.10, -0.10, -0.10, -0.10, -0.10, -0.10, -0.10, -0.10, -0.10, -0.10, -0.10, -0.01, 0.07, -0.01, -0.10, -0.10, -0.10, -0.10, -0.10, -0.10, -0.10, -0.10, -0.10, -0.10, -0.10, -0.10, -0.10, -0.10, 
-0.10, -0.14, -0.10, -0.10, 0.02, 0.14, 0.02, -0.10, -0.10, -0.10, -0.10, -0.07, 0.24, 0.07, -0.10, -0.01, 0.07, -0.01, -0.10, -0.10, -0.10, -0.10, -0.10, -0.10, -0.10, -0.10, -0.10, -0.10, 
-0.10, -0.10, -0.10, -0.10, 0.14, 0.37, 0.14, -0.10, -0.10, -0.10, -0.10, -0.01, 0.07, 0.11, 0.31, 0.19, 0.24, 0.07, -0.10, -0.10, -0.10, -0.10, -0.10, -0.34, -0.10, -0.10, -0.10, -0.10, 
-0.10, -0.10, -0.10, -0.10, 0.02, 0.14, 0.02, -0.10, -0.10, -0.10, -0.10, -0.10, -0.10, 0.31, 0.71, 0.22, 0.07, -0.01, -0.01, 0.07, -0.01, -0.10, -0.10, -0.10, -0.10, -0.10, -0.10, -0.10, 
-0.10, -0.10, -0.10, -0.10, -0.10, -0.10, -0.10, -0.10, -0.10, -0.10, -0.25, -0.10, -0.10, 0.11, 0.31, 0.11, -0.10, -0.10, 0.07, 0.24, 0.07, -0.10, -0.10, -0.10, -0.10, -0.10, -0.10, -0.10, 
-0.10, -0.13, -0.10, -0.01, 0.07, -0.01, -0.10, -0.10, -0.10, 0.02, 0.14, 0.02, -0.10, -0.10, -0.01, 0.07, -0.01, -0.10, -0.01, 0.07, -0.01, -0.10, -0.10, -0.33, -0.10, -0.10, -0.10, -0.10, 
-0.10, -0.10, -0.10, 0.07, 0.24, 0.07, -0.10, -0.10, -0.10, 0.14, 0.37, 0.22, 0.07, -0.01, 0.07, 0.24, 0.07, -0.10, -0.10, -0.10, -0.10, -0.10, -0.10, -0.10, -0.10, -0.10, -0.10, -0.10, 
-0.10, -0.10, -0.10, -0.01, 0.07, 0.11, 0.31, 0.11, -0.10, 0.02, 0.14, 0.03, 0.24, 0.07, -0.01, 0.07, -0.01, -0.10, -0.10, -0.10, -0.01, 0.07, -0.01, -0.10, -0.10, 0.02, 0.14, 0.02, 
-0.10, -0.12, -0.10, -0.10, -0.10, 0.31, 0.71, 0.31, -0.10, -0.10, -0.01, 0.07, -0.01, -0.01, -0.10, -0.10, -0.10, -0.10, -0.10, -0.10, 0.07, 0.24, 0.07, -0.32, -0.10, 0.14, 0.37, 0.14, 
-0.10, -0.10, -0.10, -0.10, -0.10, 0.11, 0.31, 0.11, -0.10, -0.10, 0.07, 0.24, 0.07, -0.10, -0.10, -0.10, -0.10, -0.10, -0.10, -0.10, -0.01, 0.07, -0.01, -0.10, -0.10, 0.02, 0.14, 0.02, 
-0.10, -0.10, -0.10, 0.02, 0.14, 0.02, -0.10, -0.10, -0.10, -0.10, -0.01, -0.10, -0.01, -0.10, -0.10, -0.10, -0.10, -0.10, -0.10, -0.10, -0.10, -0.31, -0.10, -0.10, -0.10, -0.10, -0.10, -0.10, 
-0.11, -0.10, -0.10, 0.14, 0.37, 0.14, -0.10, -0.10, -0.10, -0.10, -0.10, -0.10, -0.28, -0.10, -0.10, -0.29, -0.10, -0.10, -0.30, -0.10, -0.10, -0.10, -0.10, -0.10, -0.10, -0.10, -0.10, -0.10, 
-0.10, -0.10, -0.10, 0.02, 0.14, 0.02, -0.10, -0.10, -0.10, -0.10, -0.10, -0.10, -0.10, -0.10, -0.10, -0.10, -0.10, -0.10, -0.10, -0.10, -0.10, -0.10, -0.10, -0.10, -0.10, -0.10, -0.10, -0.10, 
-0.10, -0.10, -0.10, -0.10, -0.10, -0.10, -0.10, -0.10, -0.10, -0.10, -0.10, -0.10, -0.10, -0.10, -0.10, -0.10, -0.10, -0.10, -0.10, -0.10, -0.10, -0.10, -0.10, -0.10, -0.10, -0.10, -0.10, -0.10, 
-- optimal policy --
v  l  v  r  r  r  v  l  l  l  v  l  l  l  r  >  r  r  r  v  l  l  l  l  l  l  <  <  
r  v  l  l  r  r  v  l  l  v  l  l  l  <  >  r  >  r  r  v  l  l  l  l  l  <  <  <  
r  r  v  l  >  >  v  <  v  l  l  l  l  l  R  >  r  >  >  >  <  <  l  l  <  <  L  <  
r  r  v  l  l  R  ^  r  v  l  l  <  l  <  r  >  >  r  r  v  l  L  <  <  L  <  <  l  
>  >  ^  <  <  R  >  >  v  <  <  L  <  L  >  >  R  >  >  >  <  <  L  L  <  L  <  <  
R  R  ^  L  L  R  R  R  ^  L  L  L  <  r  v  R  >  R  R  ^  L  L  L  L  L  <  L  <  
R  R  ^  L  L  R  R  R  ^  L  L  L  r  v  l  l  R  R  R  ^  L  L  L  L  L  L  <  <  
R  ^  L  ^  r  R  R  R  ^  L  L  r  v  l  l  l  v  R  R  ^  L  L  L  L  L  L  L  <  
^  r  r  r  r  v  l  l  l  ^  >  r  v  l  l  r  v  l  l  ^  L  L  L  <  L  L  L  L  
R  >  r  r  r  v  l  l  <  R  r  >  r  r  v  l  l  l  l  <  v  l  l  l  <  L  L  L  
r  R  >  >  >  ^  <  <  l  R  >  R  r  r  v  l  l  <  <  v  l  l  l  l  l  v  v  l  
r  r  >  R  R  ^  L  L  r  v  R  R  >  >  v  <  <  L  r  v  l  l  l  l  r  r  v  l  
>  r  r  r  R  ^  L  L  r  r  v  l  R  R  ^  L  L  L  >  v  <  <  <  r  r  r  v  l  
r  >  r  r  v  l  l  v  r  r  v  l  l  R  ^  L  l  l  R  ^  L  L  L  l  r  r  v  l  
>  r  >  >  r  r  v  l  l  >  >  <  <  l  >  ^  <  <  R  ^  L  v  l  l  r  r  v  l  
R  >  R  R  r  r  v  l  l  R  ^  L  L  <  R  ^  L  L  <  r  r  v  l  l  r  r  v  l  
r  R  R  R  >  >  v  <  <  R  r  R  ^  L  L  ^  L  L  L  >  >  v  <  <  >  >  ^  <  
>  r  r  r  R  R  ^  L  L  >  >  ^  <  <  L  L  ^  L  >  R  R  ^  L  L  R  R  ^  L  
r  >  r  r  v  R  ^  L  L  R  R  ^  L  L  L  L  L  ^  R  R  R  ^  L  L  R  R  ^  L  
>  R  >  >  ^  <  <  L  L  R  ^  R  ^  L  L  L  L  R  R  R  ^  L  ^  L  R  ^  R  ^  
R  >  R  R  ^  L  L  L  R  R  L  ^  L  ^  L  L  <  ^  R  ^  ^  ^  R  R  ^  R  ^  L  
>  R  R  R  ^  L  L  L  L  ^  L  L  L  ^  ^  L  L  R  ^  ^  ^  R  R  ^  R  ^  L  ^  
Correct actions (%) : 5.13
Avg angular diffs   : 88.85
