arguments: 36 11 4 0.00318471 -0.83758 6.96099e-16 -0.159236
loading features...

Initializing gridworld of size 28 by 22..
    Num states: 616
    Num actions: 8
recovered reward
-0.16, -1.00, -0.16, -0.16, -0.16, -0.16, -0.16, -0.16, -0.16, -0.16, -0.16, -0.16, -0.16, -0.16, -0.16, -0.16, -0.16, -0.16, -0.16, -0.16, -0.16, -0.16, -0.16, -0.16, -0.16, -0.16, -0.16, -0.16, 
-0.16, -0.16, -0.16, -0.16, -0.16, -0.16, -1.00, -0.16, -0.16, -0.16, -0.16, -0.16, -0.16, -0.16, -0.16, -0.16, -0.16, -0.16, -0.16, -1.00, -0.16, -0.16, -0.16, -0.16, -0.16, -0.16, -0.16, -0.16, 
-0.16, -0.16, -0.16, -0.16, -0.16, -0.16, -1.00, -0.16, -0.16, -0.16, -0.16, -0.16, -0.16, -0.16, -0.16, -0.16, -0.16, -0.16, -0.16, -0.16, -0.16, -0.16, -0.16, -0.16, -0.16, -0.16, -0.16, -0.16, 
-0.16, -0.16, -0.16, -0.16, -0.16, -0.16, -0.16, -0.16, -0.16, -0.16, -0.16, -0.16, -0.16, -0.16, -0.16, -0.16, -0.16, -0.16, -0.16, -0.16, -0.16, -0.16, -0.16, -0.16, -0.16, -0.16, -0.16, -0.16, 
-0.16, -0.16, -0.16, -0.16, -0.16, -0.16, -0.16, -0.16, -0.16, -0.16, -0.16, -0.16, -0.16, -0.16, -0.16, -0.16, -0.16, -0.16, -0.16, -0.16, -0.16, -0.16, -0.16, -0.16, -0.16, -0.16, -0.16, -0.16, 
-0.16, -0.16, -0.16, -0.16, -0.16, -0.16, -0.16, -0.16, -0.16, -0.16, -0.16, -0.16, -0.16, -0.16, -0.16, -0.16, -0.16, -0.16, -0.16, -0.16, -0.16, -0.16, -0.16, -0.16, -0.16, -0.16, -0.16, -0.16, 
-0.16, -0.16, -0.16, -0.16, -0.16, -0.16, -0.16, -0.16, -0.16, -0.16, -0.16, -1.00, -0.16, -0.16, -0.16, -0.16, -0.16, -0.16, -0.16, -0.16, -0.16, -0.16, -0.16, -0.16, -0.16, -0.16, -0.16, -0.16, 
-0.16, -0.16, -0.16, -0.16, -0.16, -0.16, -0.16, -0.16, -0.16, -0.16, -0.16, -0.16, -0.16, -0.16, -0.16, -0.16, -0.16, -0.16, -0.16, -0.16, -0.16, -1.00, -0.16, -0.16, -0.16, -0.16, -0.16, -0.16, 
-0.16, -0.16, -0.16, -0.16, -0.16, -0.16, -0.16, -0.16, -0.16, -0.16, -0.16, -0.16, -0.16, -0.16, -0.16, -0.16, -0.16, -0.16, -0.16, -0.16, -0.16, -0.16, -0.16, -0.16, -0.16, -0.16, -0.16, -0.16, 
-0.16, -0.16, -0.16, -0.16, -0.16, -0.16, -0.16, -0.16, -0.16, -0.16, -0.16, -0.16, -0.16, -0.16, -0.16, -0.16, -0.16, -0.16, -0.16, -0.16, -0.16, -0.16, -0.16, -0.16, -0.16, -0.16, -0.16, -0.16, 
-0.16, -0.16, -0.16, -0.16, -0.16, -0.16, -0.16, -0.16, -0.16, -0.16, -0.16, -0.16, -0.16, -0.16, -0.16, -0.16, -0.16, -0.16, -0.16, -0.16, -0.16, -0.16, -0.16, -0.16, -0.16, -0.16, -0.16, -0.16, 
-0.16, -0.16, -0.16, -0.16, -0.16, -0.16, -0.16, -0.16, -0.16, -0.16, -0.16, -0.16, -0.16, -0.16, -0.16, -0.16, -1.00, -0.16, -0.16, -0.16, -0.16, -0.16, -0.16, -0.16, -0.16, -0.16, -0.16, -0.16, 
-0.16, -0.16, -0.16, -0.16, -0.16, -0.16, -0.16, -0.16, -0.16, -0.16, -0.16, -0.16, -0.16, -0.16, -1.00, -0.16, -0.16, -0.16, -0.16, -0.16, -0.16, -0.16, -0.16, -0.16, -0.16, -0.16, -0.16, -0.16, 
-0.16, -0.16, -0.16, -0.16, -0.16, -0.16, -0.16, -0.16, -0.16, -0.16, -0.16, -0.16, -0.16, -0.16, -0.16, -0.16, -0.16, -0.16, -0.16, -0.16, -0.16, -0.16, -0.16, -0.16, -0.16, -0.16, -0.16, -0.16, 
-0.16, -0.16, -0.16, -0.16, -0.16, -0.16, -0.16, -0.16, -0.16, -0.16, -0.16, -0.16, -0.16, -0.16, -0.16, -0.16, -0.16, -0.16, -0.16, -0.16, -0.16, -0.16, -0.16, -0.16, -0.16, -0.16, -0.16, -0.16, 
-0.16, -0.16, -0.16, -0.16, -0.16, -0.16, -0.16, -0.16, -0.16, -0.16, -0.16, -0.16, -0.16, -0.16, -0.16, -0.16, -0.16, -0.16, -0.16, -0.16, -0.16, -0.16, -0.16, -0.16, -0.16, -0.16, -0.16, -0.16, 
-0.16, -0.16, -0.16, -0.16, -0.16, -0.16, -0.16, -0.16, -0.16, -0.16, -0.16, -0.16, -0.16, -0.16, -0.16, -0.16, -0.16, -0.16, -0.16, -0.16, -0.16, -0.16, -0.16, -1.00, -0.16, -0.16, -0.16, -0.16, 
-0.16, -0.16, -0.16, -0.16, -0.16, -0.16, -0.16, -0.16, -0.16, -0.16, -0.16, -0.16, -0.16, -0.16, -0.16, -0.16, -0.16, -0.16, -0.16, -0.16, -0.16, -0.16, -0.16, -0.16, -0.16, -0.16, -0.16, -0.16, 
-0.16, -0.16, -0.16, -0.16, -0.16, -0.16, -0.16, -0.16, -0.16, -0.16, -0.16, -0.16, -0.16, -0.16, -0.16, -1.00, -0.16, -0.16, -0.16, -0.16, -0.16, -0.16, -0.16, -0.16, -0.16, -0.16, -0.16, -0.16, 
-0.16, -0.16, -0.16, -0.16, -0.16, -0.16, -0.16, -0.16, -0.16, -0.16, -0.16, -0.16, -0.16, -0.16, -0.16, -1.00, -0.16, -0.16, -0.16, -1.00, -0.16, -0.16, -0.16, -0.16, -0.16, -0.16, -0.16, -0.16, 
-0.16, -0.16, -0.16, -0.16, -0.16, -0.16, -0.16, -0.16, -0.16, -0.16, -0.16, -0.16, -0.16, -0.16, -0.16, -0.16, -0.16, -0.16, -0.16, -0.16, -0.16, -0.16, -0.16, -0.16, -0.16, -0.16, -0.16, -0.16, 
-0.16, -0.16, -0.16, -0.16, -0.16, -0.16, -0.16, -0.16, -0.16, -0.16, -0.16, -0.16, -0.16, -0.16, -0.16, -0.16, -0.16, -0.16, -0.16, -0.16, -0.16, -0.16, -0.16, -0.16, -0.16, -0.16, -0.16, -0.16, 
-- optimal policy --
r  v  r  >  r  v  r  r  r  r  r  r  r  r  r  r  r  r  >  r  r  v  l  l  v  l  l  l  
>  r  v  r  >  R  r  r  r  r  r  r  r  r  r  r  r  r  r  r  v  l  l  v  l  l  l  l  
r  >  v  >  R  ^  r  r  r  r  r  r  r  r  r  r  r  r  r  >  v  <  v  l  l  l  l  l  
>  R  r  v  v  r  r  r  r  r  r  r  r  r  r  r  r  r  >  R  r  v  l  l  l  l  l  l  
R  r  >  r  v  v  r  r  r  r  r  r  r  r  r  r  r  >  R  >  r  v  l  l  l  l  l  l  
r  r  r  >  r  v  v  r  r  r  >  r  r  r  r  r  >  R  r  r  >  ^  <  <  <  <  <  <  
>  r  r  r  >  r  v  v  r  r  r  r  r  r  r  >  R  r  r  >  R  ^  L  L  l  l  l  l  
r  r  r  r  r  >  r  v  l  r  r  r  r  r  >  R  >  r  >  R  R  ^  L  L  <  <  <  l  
>  r  r  r  >  r  >  r  <  r  r  r  r  >  R  >  r  >  R  >  ^  <  R  ^  L  L  L  <  
r  r  r  >  r  >  R  ^  r  v  r  r  >  R  >  r  >  R  >  R  ^  L  <  ^  L  L  L  v  
r  r  >  r  >  R  ^  r  >  r  r  >  R  >  r  >  R  >  R  R  ^  ^  L  <  v  r  v  v  
r  r  r  >  R  ^  r  >  R  ^  >  R  r  >  >  R  r  R  r  r  v  r  v  r  r  v  v  l  
r  r  >  R  ^  r  >  R  ^  >  R  r  >  r  R  r  r  r  r  r  v  v  r  v  r  v  l  l  
r  >  R  ^  r  >  R  ^  >  R  >  >  r  r  r  r  r  r  r  r  r  v  v  l  l  l  <  <  
>  R  ^  r  >  R  ^  >  R  r  r  >  r  r  r  r  r  r  r  r  v  r  v  l  l  ^  L  <  
R  ^  r  r  r  v  >  R  r  r  r  r  >  r  r  r  r  r  r  r  r  v  l  <  <  <  ^  L  
^  r  r  r  r  r  v  >  >  r  r  r  r  >  r  r  r  r  r  r  >  R  <  L  L  L  <  ^  
r  r  r  r  r  >  r  v  >  >  r  r  r  r  >  >  r  r  r  >  R  ^  L  <  <  L  L  <  
r  r  r  r  r  r  >  >  >  >  >  r  r  r  R  r  r  r  >  R  ^  ^  ^  L  <  <  L  <  
r  r  r  r  r  >  R  ^  >  >  >  >  r  >  r  >  r  >  R  ^  R  ^  L  ^  L  <  L  L  
r  r  r  r  >  R  ^  R  >  >  >  >  >  r  >  r  >  R  ^  R  R  ^  ^  L  ^  L  L  <  
>  >  >  >  R  ^  R  >  >  >  >  >  >  >  R  >  R  ^  R  ^  L  ^  ^  L  L  ^  L  L  
Correct actions (%) : 6.87
Avg angular diffs   : 97.56
