arguments: 36 10 3 0.466986 0.336842 -0.100478 -0.0956938
loading features...

Initializing gridworld of size 28 by 22..
    Num states: 616
    Num actions: 8
recovered reward
-0.10, -0.10, -0.10, -0.10, -0.10, -0.10, -0.10, 0.02, 0.14, -0.21, -0.10, -0.10, -0.10, -0.34, -0.10, -0.10, -0.10, -0.35, -0.10, -0.10, -0.36, -0.10, -0.37, -0.10, -0.10, -0.38, -0.10, -0.10, 
-0.10, -0.10, -0.10, -0.10, -0.10, -0.10, -0.32, 0.14, 0.37, 0.14, -0.10, -0.10, -0.10, -0.10, -0.10, -0.10, -0.10, -0.10, -0.10, -0.10, -0.10, -0.10, -0.10, -0.10, -0.10, -0.10, -0.10, -0.10, 
-0.10, -0.10, -0.10, -0.01, 0.07, -0.01, -0.10, 0.02, 0.14, 0.02, -0.10, -0.10, -0.10, -0.10, -0.10, -0.10, -0.10, -0.10, -0.10, -0.10, -0.10, -0.10, -0.10, -0.10, -0.10, -0.10, -0.10, -0.10, 
-0.10, -0.10, -0.10, 0.07, 0.03, 0.07, -0.10, -0.10, -0.10, -0.10, -0.10, -0.10, -0.10, -0.10, -0.10, -0.10, -0.10, -0.10, -0.10, -0.10, -0.10, -0.10, -0.10, -0.10, -0.10, -0.10, -0.10, -0.10, 
-0.10, -0.10, -0.10, -0.01, 0.07, -0.01, -0.10, -0.10, -0.10, 0.02, 0.14, 0.02, -0.10, -0.10, -0.10, -0.10, -0.10, -0.10, -0.10, -0.10, -0.10, -0.10, -0.10, -0.10, -0.10, -0.10, -0.10, -0.10, 
-0.10, -0.10, -0.10, 0.02, 0.14, 0.02, -0.01, 0.07, 0.11, 0.14, 0.02, 0.14, -0.10, -0.10, -0.10, -0.10, -0.10, -0.10, -0.10, -0.10, -0.10, -0.10, -0.10, -0.10, -0.10, -0.10, -0.10, -0.10, 
-0.01, 0.07, -0.01, 0.14, 0.17, 0.14, 0.07, 0.24, 0.31, 0.37, 0.14, 0.02, 0.02, -0.10, -0.10, 0.02, 0.14, 0.02, -0.10, -0.10, -0.10, -0.10, -0.10, -0.10, -0.10, -0.10, -0.10, -0.10, 
0.07, 0.24, 0.07, 0.02, 0.14, 0.02, -0.20, 0.07, 0.11, 0.14, 0.02, 0.37, 0.14, -0.10, -0.10, 0.14, 0.37, 0.14, 0.02, -0.10, -0.10, -0.10, -0.10, -0.10, -0.10, -0.10, -0.10, -0.10, 
-0.01, 0.07, -0.01, -0.10, -0.10, -0.10, -0.10, -0.10, -0.10, -0.10, 0.02, 0.14, 0.02, -0.10, -0.10, 0.02, 0.14, 0.02, 0.14, -0.10, -0.10, -0.10, -0.10, -0.10, -0.10, -0.10, -0.10, -0.10, 
-0.10, -0.10, -0.10, -0.10, -0.10, -0.10, -0.10, -0.28, -0.10, -0.10, -0.10, -0.10, -0.10, -0.10, -0.10, -0.10, 0.02, 0.14, 0.02, -0.10, -0.10, -0.10, -0.10, -0.10, -0.10, -0.10, -0.10, -0.10, 
-0.10, -0.10, -0.10, -0.10, -0.10, -0.10, -0.10, -0.10, -0.10, -0.10, -0.10, -0.01, 0.07, -0.01, 0.07, -0.01, -0.10, -0.10, -0.10, -0.10, -0.10, -0.10, -0.10, -0.10, -0.10, -0.10, -0.10, -0.10, 
-0.10, -0.10, -0.10, -0.10, -0.10, -0.10, -0.10, -0.10, -0.10, -0.10, -0.10, 0.07, 0.24, 0.07, 0.24, 0.07, -0.10, -0.10, -0.10, -0.10, -0.10, -0.10, -0.10, -0.10, -0.10, -0.10, -0.10, -0.10, 
-0.10, -0.10, -0.10, -0.10, -0.10, -0.10, -0.10, -0.10, -0.10, -0.10, -0.10, -0.01, 0.07, -0.01, 0.07, -0.01, -0.10, -0.10, -0.10, -0.01, 0.07, -0.01, -0.10, -0.10, -0.10, -0.10, -0.10, -0.10, 
-0.10, -0.10, -0.10, -0.10, -0.10, -0.10, -0.10, -0.27, -0.10, -0.10, -0.10, -0.10, -0.10, -0.10, -0.01, 0.07, -0.01, -0.10, -0.10, 0.07, 0.24, 0.07, -0.10, -0.10, -0.10, -0.10, -0.10, -0.10, 
-0.10, -0.10, -0.10, -0.10, -0.10, -0.10, -0.10, -0.01, -0.09, -0.01, -0.10, -0.10, -0.10, 0.02, 0.31, 0.36, 0.07, -0.10, -0.10, -0.01, -0.05, -0.01, -0.10, -0.21, -0.10, -0.10, -0.20, -0.10, 
-0.10, -0.10, -0.10, -0.10, -0.10, -0.10, -0.10, -0.01, 0.07, -0.01, -0.10, -0.10, -0.25, 0.14, 0.46, 0.17, -0.01, 0.02, 0.09, 0.19, -0.01, -0.10, -0.10, -0.10, -0.10, -0.10, -0.10, -0.10, 
-0.10, -0.10, 0.02, 0.14, 0.02, -0.10, -0.10, 0.07, 0.24, 0.07, -0.10, -0.10, -0.10, 0.02, 0.14, 0.02, -0.10, 0.14, 0.54, 0.47, 0.07, -0.10, -0.10, -0.10, -0.10, -0.10, -0.10, -0.10, 
-0.10, -0.10, 0.14, 0.37, 0.14, -0.10, -0.10, -0.01, 0.07, -0.01, -0.10, -0.10, -0.10, -0.10, -0.10, -0.10, -0.10, 0.02, 0.11, 0.31, 0.11, -0.10, -0.10, -0.10, -0.10, -0.10, -0.10, -0.19, 
-0.10, -0.10, 0.02, 0.14, 0.02, -0.10, -0.10, -0.10, -0.10, -0.10, -0.10, -0.10, -0.10, -0.10, -0.10, -0.10, -0.10, -0.10, 0.22, 0.54, 0.22, -0.10, -0.10, -0.10, -0.10, -0.10, -0.10, -0.10, 
-0.10, -0.10, -0.11, -0.10, -0.10, -0.12, -0.10, -0.10, -0.13, -0.10, -0.10, -0.14, -0.10, -0.10, -0.15, -0.10, -0.10, -0.16, 0.02, 0.14, -0.05, -0.10, -0.10, -0.18, -0.10, -0.10, -0.10, -0.10, 
-0.10, -0.10, -0.10, -0.10, -0.10, -0.10, -0.10, -0.10, -0.10, -0.10, -0.10, -0.10, -0.10, -0.10, -0.10, -0.10, -0.10, -0.10, -0.10, -0.10, -0.10, -0.10, -0.10, -0.10, -0.10, -0.10, -0.10, -0.10, 
-0.10, -0.10, -0.10, -0.10, -0.10, -0.10, -0.10, -0.10, -0.10, -0.10, -0.10, -0.10, -0.10, -0.10, -0.10, -0.10, -0.10, -0.10, -0.10, -0.10, -0.10, -0.10, -0.10, -0.10, -0.10, -0.10, -0.10, -0.10, 
-- optimal policy --
r  r  r  v  l  >  r  r  v  l  l  l  <  l  l  l  l  v  l  v  l  l  l  l  l  l  l  <  
>  r  r  r  v  l  >  >  v  <  <  l  <  l  l  l  v  l  v  v  l  l  l  l  l  l  <  l  
r  >  r  v  r  v  R  R  ^  L  L  <  l  l  l  v  v  l  l  l  l  l  l  l  l  <  l  <  
r  r  >  r  v  l  <  R  ^  L  v  l  l  l  v  l  l  v  l  l  l  l  l  l  <  l  <  l  
v  r  R  r  v  l  r  r  r  v  l  v  l  l  r  v  l  l  l  l  l  l  l  <  l  <  l  l  
r  v  r  r  v  l  r  r  r  v  l  l  <  l  r  r  v  l  l  l  l  l  <  l  <  l  l  l  
r  v  l  >  v  <  >  >  >  <  <  v  l  l  r  r  v  l  l  l  l  <  l  <  L  l  l  l  
>  <  <  R  ^  L  R  R  R  ^  L  L  <  <  >  >  <  <  <  l  <  <  l  <  l  l  l  l  
R  ^  L  R  ^  L  R  R  R  ^  R  ^  L  L  R  R  ^  L  L  <  l  l  <  l  l  l  l  <  
R  ^  L  L  ^  L  R  R  R  R  R  ^  L  r  v  R  ^  L  <  L  <  <  l  l  l  l  <  <  
^  ^  ^  L  L  R  ^  R  R  R  r  r  v  l  v  l  R  ^  L  L  L  v  l  l  l  l  <  L  
R  ^  L  ^  L  L  r  R  R  >  >  >  >  <  v  <  <  ^  r  r  v  l  l  l  l  <  l  <  
v  v  v  v  r  r  v  r  v  >  R  R  ^  L  ^  L  l  l  r  r  v  l  l  l  <  L  <  <  
r  v  v  v  l  r  r  v  r  v  R  R  ^  r  r  v  l  l  >  >  ^  <  <  <  <  l  <  L  
r  r  v  l  v  l  r  r  v  l  l  >  r  r  v  l  <  r  r  v  l  L  L  L  L  l  <  l  
r  r  r  v  l  l  r  r  v  l  l  r  >  >  R  <  L  r  v  l  l  l  L  L  <  l  <  l  
r  r  r  v  l  l  >  >  ^  <  <  >  R  R  ^  L  L  >  >  <  <  l  l  L  L  <  L  <  
r  >  >  >  <  <  R  R  ^  L  L  R  R  R  ^  L  R  R  ^  L  l  l  l  <  L  L  L  L  
>  R  R  ^  L  L  R  R  ^  L  L  L  R  R  ^  R  R  >  >  ^  <  <  <  l  <  L  L  <  
R  R  R  ^  L  L  L  R  ^  L  L  L  R  ^  R  R  R  R  R  ^  L  L  L  <  L  <  L  L  
R  R  R  ^  L  L  L  L  L  ^  L  L  ^  L  R  R  >  R  R  ^  L  L  L  <  <  l  <  L  
R  R  ^  ^  L  L  L  L  L  ^  L  L  L  R  R  >  R  R  ^  ^  ^  L  L  L  <  <  L  <  
Correct actions (%) : 7.48
Avg angular diffs   : 90.84
