arguments: 37 17 3 0.339718 0.122984 0.134073 -0.403226

Initializing gridworld of size 28 by 22..
    Num states: 616
    Num actions: 8
recovered reward
-0.40, -0.40, -0.40, -0.40, -0.40, -0.40, -0.40, -0.40, -0.40, -0.40, -0.40, -0.40, -0.40, -0.40, -0.40, -0.40, -0.40, -0.40, -0.40, -0.40, -0.40, -0.40, -0.40, -0.40, -0.40, -0.40, -0.40, -0.40, 
-0.40, -0.40, -0.40, -0.40, -0.40, -0.40, -0.40, -0.40, -0.40, -0.40, -0.40, -0.40, -0.40, -0.40, -0.40, -0.40, -0.40, -0.40, -0.40, -0.40, -0.40, -0.40, -0.40, -0.40, -0.40, -0.40, -0.40, -0.40, 
-0.40, -0.40, -0.40, -0.40, -0.40, -0.40, -0.40, -0.40, -0.40, -0.40, -0.40, -0.40, -0.40, -0.40, -0.40, -0.40, -0.40, -0.40, -0.40, -0.40, -0.40, -0.40, -0.40, -0.40, -0.40, -0.40, -0.40, -0.40, 
-0.40, -0.40, -0.40, -0.40, -0.40, -0.40, -0.40, -0.40, -0.40, -0.40, -0.40, -0.40, -0.40, -0.40, -0.40, -0.40, -0.40, -0.40, -0.40, -0.40, -0.40, -0.40, -0.40, -0.40, -0.40, -0.40, -0.40, -0.40, 
-0.40, -0.40, -0.40, -0.40, -0.40, -0.40, -0.40, -0.40, -0.40, -0.40, -0.40, -0.40, -0.40, -0.40, -0.40, -0.40, -0.40, -0.40, -0.40, -0.40, -0.40, -0.40, -0.40, -0.40, -0.40, -0.40, -0.40, -0.40, 
-0.40, -0.40, -0.40, -0.40, -0.40, -0.40, -0.40, -0.40, -0.40, -0.40, -0.40, -0.40, -0.40, -0.40, -0.40, -0.40, -0.40, -0.40, -0.40, -0.40, -0.40, -0.40, -0.40, -0.40, -0.40, -0.40, -0.40, -0.40, 
-0.40, -0.40, -0.40, -0.40, -0.40, -0.40, -0.40, -0.40, -0.40, -0.40, -0.40, -0.40, -0.40, -0.40, -0.40, -0.40, -0.40, -0.40, -0.40, -0.40, -0.40, -0.40, -0.40, -0.40, -0.40, -0.40, -0.40, -0.40, 
-0.40, -0.40, -0.40, -0.40, -0.40, -0.40, -0.40, -0.40, -0.40, -0.40, -0.40, -0.40, -0.40, -0.40, -0.40, -0.40, -0.40, -0.40, -0.40, -0.40, -0.40, -0.40, -0.40, -0.40, -0.40, -0.40, -0.40, -0.40, 
-0.40, -0.40, -0.40, -0.40, -0.40, -0.40, -0.40, -0.40, -0.40, -0.40, -0.40, -0.40, -0.40, -0.40, -0.40, -0.40, -0.40, -0.40, -0.40, -0.40, -0.40, -0.40, -0.40, -0.40, -0.40, -0.40, -0.40, -0.40, 
-0.40, -0.40, -0.40, -0.40, -0.40, -0.40, -0.40, -0.40, -0.40, -0.40, -0.40, -0.40, -0.40, -0.40, -0.40, -0.40, -0.40, -0.40, -0.40, -0.40, -0.40, -0.40, -0.40, -0.40, -0.40, -0.40, -0.40, -0.40, 
-0.40, -0.40, -0.40, -0.40, -0.40, -0.40, -0.40, -0.40, -0.40, -0.40, -0.40, -0.40, -0.40, -0.40, -0.40, -0.40, -0.40, -0.40, -0.40, -0.40, -0.40, -0.40, -0.40, -0.40, -0.40, -0.40, -0.40, -0.40, 
-0.40, -0.40, -0.40, -0.40, -0.40, -0.40, -0.40, -0.40, -0.40, -0.40, -0.40, -0.40, -0.40, -0.40, -0.40, -0.40, -0.40, -0.40, -0.40, -0.40, -0.40, -0.40, -0.40, -0.40, -0.40, -0.40, -0.40, -0.40, 
-0.40, -0.40, -0.40, -0.40, -0.40, -0.40, -0.40, -0.40, -0.40, -0.40, -0.40, -0.40, -0.40, -0.40, -0.40, -0.40, -0.40, -0.40, -0.40, -0.40, -0.40, -0.40, -0.40, -0.40, -0.40, -0.40, -0.40, -0.40, 
-0.40, -0.40, -0.40, -0.40, -0.40, -0.40, -0.40, -0.40, -0.40, -0.40, -0.40, -0.40, -0.40, -0.40, -0.40, -0.40, -0.40, -0.40, -0.40, -0.40, -0.40, -0.40, -0.40, -0.40, -0.40, -0.40, -0.40, -0.40, 
-0.40, -0.40, -0.40, -0.40, -0.40, -0.40, -0.40, -0.40, -0.40, -0.40, -0.40, -0.40, -0.40, -0.40, -0.40, -0.40, -0.40, -0.40, -0.40, -0.40, -0.40, -0.40, -0.40, -0.40, -0.40, -0.40, -0.40, -0.40, 
-0.40, -0.40, -0.40, -0.40, -0.40, -0.40, -0.40, -0.40, -0.40, -0.40, -0.40, -0.40, -0.40, -0.40, -0.40, -0.40, -0.40, -0.40, -0.40, -0.40, -0.40, -0.40, -0.40, -0.40, -0.40, -0.40, -0.40, -0.40, 
-0.40, -0.40, -0.40, -0.40, -0.40, -0.40, -0.40, -0.40, -0.40, -0.40, -0.40, -0.40, -0.40, -0.40, -0.40, -0.40, -0.40, -0.40, -0.40, -0.40, -0.40, -0.40, -0.40, -0.40, -0.40, -0.40, -0.40, -0.40, 
-0.40, -0.40, -0.40, -0.40, -0.40, -0.40, -0.40, -0.40, -0.40, -0.40, -0.40, -0.40, -0.40, -0.40, -0.40, -0.40, -0.40, -0.40, -0.40, -0.40, -0.40, -0.40, -0.40, -0.40, -0.40, -0.40, -0.40, -0.40, 
-0.40, -0.40, -0.40, -0.40, -0.40, -0.40, -0.40, -0.40, -0.40, -0.40, -0.40, -0.40, -0.40, -0.40, -0.40, -0.40, -0.40, -0.40, -0.40, -0.40, -0.40, -0.40, -0.40, -0.40, -0.40, -0.40, -0.40, -0.40, 
-0.40, -0.40, -0.40, -0.40, -0.40, -0.40, -0.40, -0.40, -0.40, -0.40, -0.40, -0.40, -0.40, -0.40, -0.40, -0.40, -0.40, -0.40, -0.40, -0.40, -0.40, -0.40, -0.40, -0.40, -0.40, -0.40, -0.40, -0.40, 
-0.40, -0.40, -0.40, -0.40, -0.40, -0.40, -0.40, -0.40, -0.40, -0.40, -0.40, -0.40, -0.40, -0.40, -0.40, -0.40, -0.40, -0.40, -0.40, -0.40, -0.40, -0.40, -0.40, -0.40, -0.40, -0.40, -0.40, -0.40, 
-0.40, -0.40, -0.40, -0.40, -0.40, -0.40, -0.40, -0.40, -0.40, -0.40, -0.40, -0.40, -0.40, -0.40, -0.40, -0.40, -0.40, -0.40, -0.40, -0.40, -0.40, -0.40, -0.40, -0.40, -0.40, -0.40, -0.40, -0.40, 
-- optimal policy --
v  L  <  >  >  >  ^  ^  <  L  <  >  >  >  >  >  >  >  >  R  <  >  >  >  >  L  ^  ^  
l  ^  L  R  R  R  ^  ^  R  ^  L  R  R  R  R  R  R  ^  ^  ^  L  R  R  R  ^  ^  ^  L  
L  <  v  v  v  l  <  v  v  v  v  v  l  v  v  >  r  v  r  v  v  r  v  r  v  r  v  v  
^  L  v  v  l  <  L  v  v  v  v  l  <  r  v  v  >  r  >  r  v  v  r  >  r  v  r  v  
v  v  v  l  <  L  v  v  v  v  l  <  L  >  r  r  R  r  v  >  r  v  v  v  >  r  v  l  
r  v  l  <  L  v  v  v  v  l  <  L  r  v  r  v  r  v  r  R  >  r  v  v  R  >  r  v  
v  l  <  L  >  r  v  v  l  <  L  v  >  r  >  r  >  r  >  r  >  >  r  v  v  v  >  R  
<  ^  L  r  v  >  v  l  <  L  v  r  v  >  >  >  >  >  >  >  >  >  >  r  v  v  >  r  
^  L  v  v  r  v  l  <  L  v  v  v  r  v  v  ^  R  ^  R  ^  R  R  >  >  >  r  R  ^  
L  <  v  v  v  l  <  L  r  v  v  v  v  r  v  v  v  v  v  v  v  R  R  R  ^  ^  >  >  
^  L  v  v  l  <  L  r  v  r  v  v  v  v  r  v  v  v  v  v  v  v  v  >  r  R  R  ^  
l  <  v  l  <  L  v  >  r  v  r  v  v  v  v  r  v  v  v  v  v  v  v  v  >  >  r  v  
r  v  l  <  L  v  v  v  >  r  v  r  v  v  v  v  r  v  v  v  v  v  v  l  >  >  >  >  
^  l  <  L  v  v  v  v  >  >  r  v  r  v  v  v  >  r  v  v  v  v  l  <  v  >  >  r  
<  ^  L  v  v  v  v  l  v  >  >  r  v  r  v  l  v  >  r  v  l  v  <  >  r  v  >  v  
^  L  r  v  v  v  l  <  r  v  >  >  r  v  v  <  r  v  >  r  v  l  <  >  >  r  >  v  
v  v  v  r  v  l  <  v  v  r  >  >  >  r  v  v  >  r  v  ^  l  <  L  v  >  >  >  >  
v  v  v  v  l  <  L  v  v  v  v  >  >  >  >  r  >  >  >  r  ^  L  v  l  R  ^  R  ^  
v  v  l  l  <  v  v  v  v  v  v  R  R  R  ^  ^  >  >  r  ^  v  <  l  <  r  v  v  v  
v  l  v  v  v  l  r  v  v  v  v  v  v  v  v  v  v  R  ^  v  l  l  <  v  v  r  v  v  
L  <  r  v  l  <  >  r  v  v  v  l  v  l  r  v  v  l  >  >  l  ^  L  r  v  v  >  l  
^  L  >  v  <  L  >  >  v  v  r  <  l  <  >  >  r  <  R  v  l  l  <  >  l  v  v  >  
