arguments: 37 15 1 -0.478579 0.0260304 -0.386931 -0.10846
loading features...

Initializing gridworld of size 28 by 22..
    Num states: 616
    Num actions: 8
recovered reward
-0.10, -0.10, -0.10, -0.11, -0.11, -0.11, -0.11, -0.11, -0.11, -0.11, -0.11, -0.11, -0.11, -0.11, -0.11, -0.11, -0.11, -0.11, -0.11, -0.11, -0.11, -0.11, -0.11, -0.23, -0.35, -0.23, -0.11, -0.11, 
-0.10, -0.08, -0.10, -0.23, -0.35, -0.23, -0.11, -0.23, -0.34, -0.22, -0.10, -0.11, -0.11, -0.11, -0.11, -0.11, -0.11, -0.11, -0.23, -0.35, -0.23, -0.11, -0.11, -0.35, -0.59, -1.20, -0.11, -0.11, 
-0.10, -0.10, -0.10, -0.35, -0.59, -0.35, -0.11, -0.35, -0.57, -0.32, -0.22, -0.11, -0.11, -0.11, -0.46, -0.11, -0.11, -0.11, -0.35, -0.59, -0.35, -0.11, -0.11, -0.23, -0.35, -0.23, -0.11, -0.11, 
-0.11, -0.11, -0.11, -0.23, -0.35, -0.23, -0.11, -0.23, -0.34, -0.22, -0.34, -0.42, -0.11, -0.11, -0.11, -0.11, -0.50, -0.11, -0.23, -0.35, -0.23, -0.11, -0.11, -0.92, -0.11, -0.11, -0.11, -0.11, 
-0.11, -0.11, -0.11, -0.11, -0.11, -0.11, -0.11, -0.11, -0.23, -0.62, -0.23, -0.11, -0.11, -0.11, -0.11, -0.11, -0.11, -0.11, -0.11, -0.11, -0.11, -0.11, -0.11, -0.11, -0.11, -0.11, -0.11, -0.11, 
-0.11, -0.11, -0.11, -0.11, -0.11, -0.11, -0.11, -0.11, -0.11, -0.11, -0.11, -0.11, -0.11, -0.11, -0.11, -0.23, -0.23, -0.35, -0.23, -0.11, -0.10, -0.10, -0.10, -0.11, -0.11, -0.11, -0.11, -0.11, 
-0.11, -0.11, -0.23, -0.35, -0.23, -0.11, -0.11, -0.34, -0.11, -0.11, -0.11, -0.11, -0.11, -0.11, -0.11, -0.35, -0.77, -0.59, -0.35, -0.11, -0.10, -0.20, -0.33, -1.00, -0.11, -0.11, -0.11, -0.11, 
-0.11, -0.11, -0.35, -0.59, -0.35, -0.11, -0.11, -0.11, -0.11, -0.11, -0.11, -0.11, -0.11, -0.11, -0.11, -0.23, -0.23, -0.35, -0.23, -0.11, -0.10, -0.33, -0.58, -0.35, -0.11, -0.11, -0.11, -0.11, 
-0.11, -0.11, -0.23, -0.35, -0.23, -0.11, -0.11, -0.11, -0.11, -0.11, -0.11, -0.11, -0.11, -0.11, -0.11, -0.11, -0.11, -0.11, -0.11, -0.11, -0.11, -0.23, -0.35, -0.23, -0.11, -0.11, -0.11, -0.11, 
-0.11, -0.11, -0.11, -0.11, -0.11, -0.11, -0.30, -0.10, -0.10, -0.10, -0.11, -0.11, -0.11, -0.11, -0.11, -0.11, -0.57, -0.11, -0.11, -0.11, -0.11, -0.11, -0.84, -0.11, -0.11, -0.11, -0.11, -0.11, 
-0.11, -0.11, -0.11, -0.11, -0.11, -0.11, -0.11, -0.10, -0.08, -0.10, -0.11, -0.11, -0.11, -0.11, -0.11, -0.11, -0.11, -0.11, -0.11, -0.11, -0.11, -0.11, -0.11, -0.10, -0.10, -0.10, -0.11, -0.11, 
-0.11, -0.11, -0.11, -0.11, -0.11, -0.11, -0.11, -0.10, -0.10, -0.10, -0.11, -0.11, -0.11, -0.11, -0.11, -0.11, -0.11, -0.11, -0.11, -0.11, -0.11, -0.11, -0.11, -0.10, -0.08, -0.10, -0.11, -0.11, 
-0.11, -0.11, -0.11, -0.11, -0.26, -0.11, -0.11, -0.11, -0.11, -0.11, -0.11, -0.11, -0.11, -0.11, -0.61, -0.11, -0.11, -0.11, -0.11, -0.11, -0.11, -0.11, -0.11, -0.10, -0.10, -0.10, -0.11, -0.11, 
-0.11, -0.11, -0.10, -0.10, -0.10, -0.10, -0.10, -0.11, -0.11, -0.11, -0.11, -0.11, -0.11, -0.11, -0.11, -0.11, -0.11, -0.11, -0.11, -0.11, -0.11, -0.80, -0.10, -0.10, -0.10, -0.11, -0.11, -0.11, 
-0.11, -0.10, -0.10, -0.22, -0.10, -0.08, -0.10, -0.11, -0.11, -0.11, -0.11, -0.11, -0.23, -0.35, -0.23, -0.11, -0.11, -0.11, -0.11, -0.11, -0.11, -0.11, -0.10, -0.08, -0.10, -0.11, -0.11, -0.11, 
-0.11, -0.10, -0.08, -0.10, -0.10, -0.10, -0.10, -0.10, -0.10, -0.11, -0.11, -0.11, -0.35, -0.59, -0.35, -0.65, -0.11, -0.11, -0.11, -0.11, -0.77, -0.11, -0.10, -0.10, -0.10, -0.11, -0.11, -0.11, 
-0.11, -0.18, -0.10, -0.10, -0.11, -0.11, -0.10, -0.08, -0.10, -0.11, -0.11, -0.23, -0.35, -0.23, -0.23, -0.11, -0.11, -0.11, -0.10, -0.10, -0.10, -0.11, -0.11, -0.11, -0.11, -0.11, -0.11, -0.11, 
-0.11, -0.11, -0.11, -0.11, -0.11, -0.11, -0.10, -0.10, -0.22, -0.35, -0.23, -0.35, -0.59, -0.35, -0.11, -0.11, -0.11, -0.11, -0.10, -0.08, -0.10, -0.11, -0.11, -0.11, -0.11, -0.11, -0.11, -0.11, 
-0.11, -0.11, -0.11, -0.11, -0.11, -0.11, -0.11, -0.11, -0.35, -0.59, -0.35, -0.23, -0.35, -0.23, -0.11, -0.69, -0.11, -0.11, -0.72, -0.10, -0.10, -0.11, -0.11, -0.11, -0.11, -0.11, -0.11, -0.11, 
-0.15, -0.11, -0.11, -0.11, -0.11, -0.11, -0.11, -0.11, -0.23, -0.35, -0.23, -0.11, -0.11, -0.11, -0.11, -0.11, -0.11, -0.11, -0.11, -0.11, -0.11, -0.11, -0.11, -0.11, -0.11, -0.11, -0.11, -0.11, 
-0.11, -0.11, -0.11, -0.11, -0.11, -0.11, -0.11, -0.11, -0.11, -0.11, -0.11, -0.11, -0.11, -0.11, -0.11, -0.11, -0.11, -0.11, -0.11, -0.11, -0.11, -0.11, -0.11, -0.11, -0.11, -0.11, -0.11, -0.11, 
-0.11, -0.11, -0.11, -0.11, -0.11, -0.11, -0.11, -0.11, -0.11, -0.11, -0.11, -0.11, -0.11, -0.11, -0.11, -0.11, -0.11, -0.11, -0.11, -0.11, -0.11, -0.11, -0.11, -0.11, -0.11, -0.11, -0.11, -0.11, 
-- optimal policy --
r  v  l  l  <  <  <  <  <  <  <  l  r  v  l  v  v  l  l  >  r  v  v  l  <  r  r  v  
>  v  <  <  L  L  L  <  L  L  L  v  v  l  l  v  l  l  l  R  r  v  v  l  l  r  v  v  
R  ^  L  L  L  R  ^  L  L  R  >  r  v  v  l  l  l  v  l  r  r  v  l  l  v  l  r  v  
R  ^  L  L  l  l  l  L  l  l  r  v  v  l  l  l  l  r  r  r  r  r  v  l  l  r  v  l  
R  ^  ^  L  <  l  l  r  v  l  l  v  l  l  l  l  <  >  r  r  r  v  l  l  r  r  v  l  
^  ^  L  L  L  <  v  r  v  l  v  l  l  l  l  l  L  R  r  r  v  l  <  r  v  v  r  v  
^  ^  ^  ^  r  r  v  r  r  v  l  l  l  l  l  l  l  r  r  r  v  l  L  r  v  v  v  l  
^  ^  L  r  >  r  r  v  v  l  l  l  l  l  l  l  r  r  r  r  v  l  r  r  v  v  l  l  
v  r  r  r  r  >  r  r  v  l  l  l  l  l  l  l  >  r  r  >  r  v  r  r  v  l  l  l  
r  v  r  >  r  r  r  r  v  l  l  l  l  l  l  l  r  r  r  r  >  r  r  r  v  l  l  l  
r  r  v  r  >  r  >  >  v  <  <  <  l  l  l  v  r  r  r  r  r  r  r  r  v  l  l  l  
r  r  r  v  r  >  R  R  ^  L  L  <  <  <  r  r  v  r  r  r  r  r  >  >  >  <  <  <  
r  r  r  v  r  v  l  R  ^  L  L  L  L  L  r  r  r  v  r  r  >  r  r  R  ^  L  L  <  
r  r  v  l  r  v  l  l  v  l  L  L  L  L  r  r  r  v  v  r  r  r  r  v  l  l  L  L  
r  r  v  l  >  >  <  v  l  l  l  l  L  L  >  r  r  r  v  l  r  >  >  v  <  <  <  L  
>  >  <  <  R  ^  r  v  l  l  l  l  <  L  r  r  r  r  r  v  l  R  R  ^  L  L  L  <  
R  R  ^  L  L  >  >  v  <  <  <  <  L  r  r  r  >  r  r  v  l  l  R  ^  L  L  L  L  
^  R  ^  L  L  R  R  ^  L  L  L  L  L  r  >  >  r  >  >  v  <  <  ^  L  ^  L  L  L  
R  ^  L  L  L  R  R  ^  L  L  r  r  r  r  r  r  >  R  R  ^  L  L  <  ^  L  ^  L  L  
^  R  ^  ^  R  R  ^  ^  L  l  l  l  r  >  r  >  R  >  R  ^  L  L  L  <  ^  L  ^  L  
R  ^  ^  R  R  ^  ^  ^  L  <  <  <  r  r  >  R  >  R  ^  ^  ^  L  L  L  <  ^  L  ^  
^  ^  R  R  ^  ^  ^  ^  ^  L  <  <  >  >  R  >  R  ^  ^  ^  ^  ^  L  L  L  L  ^  L  
Correct actions (%) : 6.15
Avg angular diffs   : 96.92
