arguments: 37 6 1 0.0186155 -0.654159 -0.210878 -0.116347
loading features...

Initializing gridworld of size 28 by 22..
    Num states: 616
    Num actions: 8
recovered reward
-0.12, -0.12, -0.12, -0.12, -0.12, -0.12, -0.58, -0.12, -0.11, -0.58, -0.11, -0.12, -0.12, -0.62, -0.12, -0.12, -0.11, -0.63, -0.11, -0.12, -0.66, -0.12, -0.69, -0.12, -0.12, -0.71, -0.12, -0.12, 
-0.12, -0.12, -0.12, -0.56, -0.12, -0.12, -0.12, -0.12, -0.11, -0.11, -0.11, -0.12, -0.12, -0.12, -0.12, -0.12, -0.11, -0.10, -0.11, -0.28, -0.44, -0.28, -0.12, -0.12, -0.12, -0.12, -0.12, -0.12, 
-0.12, -0.54, -0.12, -0.12, -0.12, -0.12, -0.12, -0.12, -0.12, -0.12, -0.12, -0.12, -0.12, -0.12, -0.28, -0.44, -0.28, -0.11, -0.28, -0.43, -0.28, -0.44, -0.12, -0.12, -0.12, -0.12, -0.12, -0.12, 
-0.52, -0.12, -0.12, -0.12, -0.12, -0.12, -0.12, -0.12, -0.12, -0.12, -0.12, -0.12, -0.12, -0.12, -0.44, -0.77, -0.44, -0.11, -0.43, -0.77, -0.44, -0.28, -0.12, -0.12, -0.12, -0.12, -0.12, -0.12, 
-0.12, -0.12, -0.12, -0.12, -0.12, -0.12, -0.12, -0.12, -0.12, -0.12, -0.12, -0.12, -0.12, -0.12, -0.28, -0.44, -0.28, -0.11, -0.27, -0.44, -0.28, -0.12, -0.28, -0.44, -0.28, -0.12, -0.12, -0.12, 
-0.12, -0.12, -0.12, -0.12, -0.12, -0.12, -0.12, -0.12, -0.12, -0.12, -0.12, -0.12, -0.12, -0.12, -0.12, -0.12, -0.12, -0.11, -0.10, -0.11, -0.11, -0.11, -0.44, -0.77, -0.44, -0.12, -0.12, -0.12, 
-0.50, -0.12, -0.12, -0.12, -0.12, -0.12, -0.12, -0.12, -0.12, -0.12, -0.12, -0.12, -0.12, -0.12, -0.12, -0.12, -0.12, -0.11, -0.11, -0.11, -0.11, -0.10, -0.27, -0.44, -0.28, -0.12, -0.12, -0.12, 
-0.12, -0.12, -0.47, -0.12, -0.12, -0.45, -0.12, -0.12, -0.12, -0.12, -0.12, -0.12, -0.12, -0.28, -0.44, -0.28, -0.12, -0.12, -0.12, -0.12, -0.11, -0.11, -0.11, -0.12, -0.12, -0.12, -0.12, -0.12, 
-0.12, -0.12, -0.12, -0.12, -0.12, -0.12, -0.12, -0.12, -0.12, -0.12, -0.12, -0.12, -0.12, -0.44, -0.77, -0.44, -0.12, -0.12, -0.12, -0.12, -0.12, -0.12, -0.12, -0.12, -0.12, -0.12, -0.12, -0.12, 
-0.12, -0.12, -0.12, -0.12, -0.12, -0.12, -0.12, -0.12, -0.12, -0.43, -0.12, -0.12, -0.41, -0.28, -0.44, -0.55, -0.12, -0.12, -0.37, -0.12, -0.12, -0.12, -0.12, -0.12, -0.12, -0.12, -0.12, -0.12, 
-0.12, -0.12, -0.12, -0.12, -0.12, -0.28, -0.44, -0.28, -0.12, -0.12, -0.12, -0.12, -0.12, -0.12, -0.12, -0.12, -0.12, -0.12, -0.12, -0.12, -0.12, -0.35, -0.12, -0.12, -0.12, -0.12, -0.12, -0.12, 
-0.12, -0.12, -0.11, -0.11, -0.11, -0.44, -0.77, -0.44, -0.12, -0.12, -0.11, -0.11, -0.11, -0.12, -0.12, -0.11, -0.11, -0.11, -0.12, -0.12, -0.12, -0.12, -0.12, -0.12, -0.32, -0.11, -0.11, -0.12, 
-0.12, -0.12, -0.11, -0.10, -0.11, -0.28, -0.44, -0.28, -0.12, -0.12, -0.11, -0.10, -0.11, -0.11, -0.11, -0.11, -0.10, -0.11, -0.12, -0.12, -0.12, -0.12, -0.12, -0.12, -0.11, -0.10, -0.11, -0.12, 
-0.12, -0.12, -0.11, -0.11, -0.11, -0.12, -0.12, -0.12, -0.12, -0.12, -0.11, -0.11, -0.11, -0.11, -0.10, -0.11, -0.11, -0.11, -0.12, -0.12, -0.12, -0.12, -0.12, -0.12, -0.11, -0.11, -0.11, -0.12, 
-0.12, -0.12, -0.12, -0.11, -0.11, -0.11, -0.12, -0.12, -0.12, -0.12, -0.12, -0.12, -0.12, -0.11, -0.11, -0.11, -0.11, -0.11, -0.11, -0.12, -0.28, -0.44, -0.28, -0.12, -0.31, -0.12, -0.12, -0.12, 
-0.12, -0.12, -0.12, -0.11, -0.10, -0.11, -0.12, -0.12, -0.12, -0.12, -0.12, -0.12, -0.12, -0.28, -0.44, -0.28, -0.27, -0.42, -0.27, -0.12, -0.44, -0.77, -0.44, -0.44, -0.28, -0.12, -0.12, -0.12, 
-0.12, -0.12, -0.12, -0.11, -0.11, -0.11, -0.12, -0.12, -0.12, -0.12, -0.28, -0.44, -0.28, -0.44, -0.77, -0.44, -0.44, -0.76, -0.44, -0.12, -0.28, -0.44, -0.28, -0.94, -0.44, -0.12, -0.12, -0.12, 
-0.12, -0.12, -0.12, -0.12, -0.12, -0.12, -0.12, -0.12, -0.12, -0.12, -0.44, -0.77, -0.44, -0.28, -0.44, -0.28, -0.28, -0.44, -0.28, -0.12, -0.12, -0.26, -0.28, -0.44, -0.28, -0.12, -0.12, -0.12, 
-0.12, -0.12, -0.12, -0.12, -0.12, -0.12, -0.12, -0.12, -0.12, -0.18, -0.28, -0.44, -0.36, -0.12, -0.12, -0.22, -0.12, -0.12, -0.24, -0.12, -0.12, -0.12, -0.12, -0.12, -0.12, -0.12, -0.12, -0.12, 
-0.12, -0.12, -0.14, -0.12, -0.12, -0.16, -0.12, -0.12, -0.12, -0.12, -0.12, -0.12, -0.12, -0.12, -0.12, -0.12, -0.12, -0.12, -0.12, -0.12, -0.12, -0.12, -0.12, -0.12, -0.12, -0.12, -0.12, -0.12, 
-0.12, -0.12, -0.12, -0.12, -0.12, -0.12, -0.12, -0.12, -0.12, -0.12, -0.12, -0.12, -0.12, -0.12, -0.12, -0.12, -0.12, -0.12, -0.12, -0.12, -0.12, -0.12, -0.12, -0.12, -0.12, -0.12, -0.12, -0.12, 
-0.12, -0.12, -0.12, -0.12, -0.12, -0.12, -0.12, -0.12, -0.12, -0.12, -0.12, -0.12, -0.12, -0.12, -0.12, -0.12, -0.12, -0.12, -0.12, -0.12, -0.12, -0.12, -0.12, -0.12, -0.12, -0.12, -0.12, -0.12, 
-- optimal policy --
v  r  v  >  r  r  r  >  r  >  r  r  r  >  r  r  r  v  l  l  <  r  r  v  v  l  l  l  
v  l  r  r  >  r  >  R  >  R  r  r  r  >  >  >  >  v  <  <  L  r  v  v  l  l  l  l  
r  v  l  r  v  >  R  R  R  ^  >  r  >  R  R  R  R  ^  L  L  L  r  v  l  l  l  l  l  
v  r  v  v  r  v  R  R  ^  >  r  >  R  ^  L  R  R  ^  L  l  r  v  l  <  <  <  <  l  
v  v  v  l  l  r  v  v  v  v  >  R  >  r  r  r  r  r  v  l  l  v  l  L  L  L  v  l  
r  v  l  l  v  v  r  v  v  v  v  v  r  >  r  r  >  >  v  <  r  v  l  l  r  v  l  l  
v  l  l  v  v  l  v  r  v  v  v  l  v  R  >  >  R  R  ^  L  >  v  <  l  l  l  l  v  
r  r  v  v  v  l  v  l  r  v  l  v  v  l  R  R  R  R  ^  L  R  ^  L  <  <  <  v  l  
r  v  r  v  l  v  l  r  v  r  r  v  l  <  l  R  R  ^  ^  R  R  ^  L  L  <  v  v  l  
r  r  v  l  v  l  <  r  r  r  v  r  v  l  r  r  v  l  l  R  ^  L  ^  r  v  v  l  l  
r  r  r  v  l  l  L  r  r  r  r  v  l  l  r  r  v  l  l  l  l  r  r  >  r  v  l  l  
>  r  r  v  l  l  l  r  >  r  r  v  l  l  v  r  v  l  l  l  l  r  r  r  r  v  l  l  
r  >  >  v  <  <  l  l  r  >  >  v  <  r  v  l  v  <  <  l  l  >  r  >  >  v  <  <  
>  R  R  ^  L  L  l  l  >  R  R  ^  L  >  v  <  ^  L  L  l  l  R  >  R  R  ^  L  L  
R  R  R  r  v  l  l  l  R  R  R  ^  L  R  ^  L  ^  L  <  <  <  R  R  R  R  ^  L  L  
R  R  >  >  v  <  <  l  R  R  ^  R  R  R  ^  L  R  ^  L  L  <  R  R  ^  R  R  ^  L  
R  >  R  R  ^  L  L  <  R  ^  R  R  ^  L  L  R  ^  R  R  ^  L  l  l  R  R  ^  L  ^  
>  R  R  R  ^  L  L  L  L  ^  L  R  r  v  l  r  r  v  R  ^  L  <  l  r  R  ^  L  ^  
R  R  R  R  R  ^  L  L  L  L  L  l  l  l  l  r  >  r  R  ^  ^  L  <  >  R  ^  L  ^  
R  R  ^  R  ^  ^  ^  L  L  L  <  l  l  l  <  >  r  >  R  ^  ^  ^  L  R  ^  R  ^  L  
R  ^  R  ^  ^  L  ^  ^  L  L  L  <  <  l  l  r  >  R  ^  ^  ^  ^  ^  L  R  ^  L  ^  
^  R  ^  ^  ^  ^  ^  ^  ^  L  L  L  <  <  <  >  R  ^  ^  ^  ^  R  ^  ^  L  R  ^  ^  
Correct actions (%) : 8.96
Avg angular diffs   : 87.31
