arguments: 37 11 4 0.125874 -0.472028 0.0524476 -0.34965
loading features...

Initializing gridworld of size 28 by 22..
    Num states: 616
    Num actions: 8
recovered reward
-0.35, -0.82, -0.35, -0.35, -0.35, -0.35, -0.35, -0.35, -0.35, -0.35, -0.35, -0.35, -0.35, -0.35, -0.35, -0.35, -0.35, -0.35, -0.35, -0.35, -0.35, -0.35, -0.35, -0.35, -0.35, -0.35, -0.35, -0.35, 
-0.35, -0.35, -0.35, -0.35, -0.35, -0.22, -0.82, -0.35, -0.35, -0.31, -0.35, -0.35, -0.30, -0.35, -0.35, -0.35, -0.35, -0.35, -0.35, -0.82, -0.35, -0.35, -0.35, -0.35, -0.35, -0.21, -0.35, -0.35, 
-0.35, -0.35, -0.22, -0.35, -0.35, -0.35, -0.82, -0.35, -0.35, -0.35, -0.35, -0.35, -0.35, -0.35, -0.35, -0.35, -0.30, -0.35, -0.35, -0.35, -0.22, -0.35, -0.35, -0.35, -0.35, -0.35, -0.35, -0.35, 
-0.35, -0.35, -0.35, -0.35, -0.35, -0.35, -0.35, -0.31, -0.35, -0.35, -0.35, -0.35, -0.35, -0.35, -0.35, -0.35, -0.35, -0.35, -0.35, -0.35, -0.35, -0.35, -0.35, -0.35, -0.35, -0.35, -0.35, -0.35, 
-0.35, -0.35, -0.35, -0.35, -0.35, -0.35, -0.32, -0.35, -0.35, -0.35, -0.35, -0.35, -0.35, -0.35, -0.35, -0.35, -0.35, -0.35, -0.35, -0.35, -0.35, -0.22, -0.35, -0.35, -0.35, -0.22, -0.35, -0.35, 
-0.35, -0.35, -0.35, -0.35, -0.35, -0.35, -0.35, -0.35, -0.35, -0.35, -0.35, -0.35, -0.35, -0.35, -0.35, -0.35, -0.29, -0.35, -0.35, -0.35, -0.35, -0.22, -0.35, -0.35, -0.35, -0.35, -0.35, -0.35, 
-0.35, -0.35, -0.35, -0.35, -0.32, -0.35, -0.35, -0.35, -0.35, -0.35, -0.35, -0.82, -0.35, -0.35, -0.29, -0.35, -0.35, -0.35, -0.35, -0.35, -0.35, -0.35, -0.35, -0.35, -0.35, -0.35, -0.35, -0.35, 
-0.35, -0.35, -0.35, -0.35, -0.35, -0.35, -0.35, -0.35, -0.35, -0.35, -0.35, -0.35, -0.35, -0.35, -0.35, -0.35, -0.35, -0.35, -0.35, -0.35, -0.35, -0.82, -0.35, -0.22, -0.35, -0.35, -0.35, -0.35, 
-0.35, -0.35, -0.35, -0.35, -0.35, -0.35, -0.35, -0.22, -0.35, -0.35, -0.35, -0.35, -0.35, -0.35, -0.35, -0.35, -0.35, -0.35, -0.35, -0.35, -0.22, -0.35, -0.35, -0.35, -0.35, -0.35, -0.35, -0.35, 
-0.35, -0.35, -0.35, -0.35, -0.33, -0.35, -0.35, -0.35, -0.35, -0.35, -0.35, -0.35, -0.28, -0.35, -0.35, -0.35, -0.35, -0.35, -0.35, -0.35, -0.35, -0.35, -0.35, -0.35, -0.35, -0.35, -0.35, -0.35, 
-0.35, -0.35, -0.35, -0.35, -0.35, -0.35, -0.35, -0.35, -0.35, -0.22, -0.35, -0.35, -0.35, -0.35, -0.35, -0.35, -0.35, -0.35, -0.35, -0.35, -0.35, -0.35, -0.35, -0.35, -0.23, -0.35, -0.35, -0.35, 
-0.35, -0.35, -0.35, -0.35, -0.35, -0.35, -0.35, -0.35, -0.35, -0.35, -0.28, -0.35, -0.35, -0.35, -0.35, -0.35, -0.82, -0.35, -0.35, -0.35, -0.35, -0.35, -0.35, -0.35, -0.35, -0.35, -0.35, -0.35, 
-0.35, -0.35, -0.35, -0.35, -0.35, -0.35, -0.35, -0.35, -0.35, -0.35, -0.35, -0.35, -0.35, -0.35, -0.82, -0.35, -0.35, -0.35, -0.35, -0.35, -0.35, -0.35, -0.35, -0.35, -0.35, -0.35, -0.35, -0.35, 
-0.35, -0.35, -0.35, -0.33, -0.35, -0.35, -0.35, -0.35, -0.35, -0.35, -0.35, -0.35, -0.35, -0.35, -0.35, -0.35, -0.35, -0.35, -0.35, -0.35, -0.35, -0.35, -0.35, -0.23, -0.35, -0.22, -0.35, -0.35, 
-0.35, -0.35, -0.35, -0.35, -0.35, -0.35, -0.35, -0.35, -0.35, -0.27, -0.35, -0.35, -0.35, -0.35, -0.35, -0.35, -0.35, -0.35, -0.35, -0.35, -0.35, -0.35, -0.35, -0.35, -0.35, -0.35, -0.35, -0.35, 
-0.35, -0.35, -0.35, -0.35, -0.35, -0.35, -0.35, -0.35, -0.35, -0.35, -0.35, -0.35, -0.35, -0.35, -0.35, -0.35, -0.35, -0.35, -0.35, -0.35, -0.35, -0.35, -0.22, -0.35, -0.35, -0.35, -0.35, -0.35, 
-0.35, -0.35, -0.34, -0.35, -0.35, -0.35, -0.35, -0.35, -0.35, -0.35, -0.35, -0.35, -0.27, -0.35, -0.35, -0.35, -0.35, -0.35, -0.35, -0.35, -0.35, -0.22, -0.35, -0.71, -0.35, -0.35, -0.35, -0.35, 
-0.35, -0.35, -0.35, -0.35, -0.35, -0.35, -0.35, -0.35, -0.35, -0.35, -0.35, -0.35, -0.35, -0.35, -0.35, -0.35, -0.35, -0.35, -0.35, -0.35, -0.35, -0.35, -0.35, -0.35, -0.35, -0.35, -0.35, -0.35, 
-0.35, -0.35, -0.35, -0.35, -0.35, -0.35, -0.35, -0.22, -0.35, -0.35, -0.35, -0.35, -0.35, -0.35, -0.35, -0.82, -0.35, -0.35, -0.35, -0.35, -0.35, -0.24, -0.35, -0.35, -0.35, -0.35, -0.35, -0.35, 
-0.34, -0.35, -0.35, -0.35, -0.35, -0.35, -0.35, -0.35, -0.35, -0.35, -0.35, -0.35, -0.35, -0.26, -0.35, -0.82, -0.26, -0.35, -0.35, -0.72, -0.35, -0.35, -0.35, -0.35, -0.35, -0.35, -0.35, -0.35, 
-0.35, -0.35, -0.35, -0.35, -0.35, -0.35, -0.35, -0.35, -0.35, -0.35, -0.35, -0.35, -0.35, -0.35, -0.35, -0.35, -0.35, -0.35, -0.35, -0.35, -0.35, -0.35, -0.35, -0.35, -0.35, -0.35, -0.35, -0.35, 
-0.35, -0.35, -0.35, -0.35, -0.35, -0.35, -0.35, -0.35, -0.35, -0.35, -0.35, -0.35, -0.35, -0.35, -0.35, -0.35, -0.35, -0.35, -0.35, -0.35, -0.35, -0.35, -0.35, -0.35, -0.35, -0.35, -0.35, -0.35, 
-- optimal policy --
r  v  r  >  r  v  r  >  r  r  >  r  r  r  r  r  r  r  >  r  v  v  l  l  r  v  l  l  
>  r  v  r  >  R  r  r  >  r  r  >  r  r  r  r  r  r  r  r  v  l  l  v  l  l  <  <  
r  >  v  >  R  r  r  >  R  >  r  R  >  r  r  >  r  r  r  >  v  <  v  l  l  ^  L  <  
>  r  r  v  >  r  >  R  >  r  >  r  r  >  r  R  r  r  >  R  r  v  l  l  l  v  l  L  
r  >  r  r  v  >  R  r  r  >  r  >  r  r  >  r  r  >  R  r  r  v  l  l  l  l  <  <  
>  r  >  r  r  v  r  r  r  r  >  r  >  r  r  >  >  R  r  r  >  ^  <  l  l  l  L  L  
r  >  r  >  r  r  v  r  r  r  r  >  r  >  >  R  R  r  r  >  R  ^  L  v  l  l  l  L  
>  r  >  R  r  r  r  v  l  r  r  r  >  R  R  R  r  r  >  R  R  ^  >  L  <  <  <  l  
r  >  R  r  r  r  >  r  <  r  r  r  R  R  R  r  r  >  R  >  ^  <  R  ^  L  <  L  <  
>  R  r  >  r  >  R  ^  r  v  r  >  R  R  r  r  >  R  >  R  ^  L  ^  ^  ^  L  <  L  
R  r  >  R  >  R  ^  r  >  r  >  R  ^  r  r  >  R  >  R  R  ^  ^  L  ^  L  ^  L  <  
r  >  R  >  R  ^  r  >  R  ^  R  ^  r  >  >  R  r  R  r  v  v  r  v  v  v  l  v  l  
>  R  >  R  ^  r  >  R  ^  R  ^  r  >  R  R  r  >  r  v  r  v  v  r  v  l  v  l  l  
R  >  R  ^  r  >  R  ^  R  ^  r  >  R  r  r  >  r  r  r  v  r  v  l  v  l  l  <  <  
>  R  R  r  >  R  ^  R  r  r  r  R  r  r  >  r  r  r  r  r  v  r  v  l  l  ^  L  <  
R  R  r  >  R  ^  R  r  >  r  r  r  r  >  r  r  r  r  r  r  r  v  l  <  <  <  ^  L  
R  >  >  R  r  r  v  >  r  >  r  r  r  >  r  r  r  r  r  r  >  R  <  L  L  <  l  ^  
>  R  R  r  r  r  r  v  >  r  r  r  r  r  >  >  r  r  r  >  R  ^  L  <  <  L  <  <  
R  R  r  r  r  r  >  >  r  r  r  >  r  r  R  r  >  r  >  R  ^  ^  ^  L  <  l  L  L  
R  r  r  r  r  >  R  ^  r  r  r  r  >  >  r  >  r  >  R  ^  R  ^  L  ^  L  <  l  L  
r  >  r  r  >  R  ^  r  >  r  r  >  R  r  >  R  >  R  ^  R  ^  ^  ^  L  ^  L  <  l  
>  >  >  >  R  ^  >  >  R  >  >  R  R  >  R  >  R  ^  R  ^  ^  ^  R  ^  L  ^  L  <  
Correct actions (%) : 7.63
Avg angular diffs   : 98.39
