arguments: 37 17 3 -0.000668226 -0.600401 0.332108 -0.0668226

Initializing gridworld of size 28 by 22..
    Num states: 616
    Num actions: 8
recovered reward
-0.07, -0.07, -0.07, -0.07, -0.07, -0.07, -0.07, -0.07, -0.07, -0.07, -0.07, -0.07, -0.07, -0.07, -0.07, -0.07, -0.07, -0.07, -0.07, -0.07, -0.07, -0.07, -0.07, -0.07, -0.07, -0.07, -0.07, -0.07, 
-0.07, -0.07, -0.07, -0.07, -0.07, -0.07, -0.07, -0.07, -0.07, -0.07, -0.07, -0.07, -0.07, -0.07, -0.07, -0.07, -0.07, -0.07, -0.07, -0.07, -0.07, -0.07, -0.07, -0.07, -0.07, -0.07, -0.07, -0.07, 
-0.07, -0.07, -0.07, -0.07, -0.07, -0.07, -0.07, -0.07, -0.07, -0.07, -0.07, -0.07, -0.07, -0.07, -0.07, -0.07, -0.07, -0.07, -0.07, -0.07, -0.07, -0.07, -0.07, -0.07, -0.07, -0.07, -0.07, -0.07, 
-0.07, -0.07, -0.07, -0.07, -0.07, -0.07, -0.07, -0.07, -0.07, -0.07, -0.07, -0.07, -0.07, -0.07, -0.07, -0.07, -0.07, -0.07, -0.07, -0.07, -0.07, -0.07, -0.07, -0.07, -0.07, -0.07, -0.07, -0.07, 
-0.07, -0.07, -0.07, -0.07, -0.07, -0.07, -0.07, -0.07, -0.07, -0.07, -0.07, -0.07, -0.07, -0.07, -0.07, -0.07, -0.07, -0.07, -0.07, -0.07, -0.07, -0.07, -0.07, -0.07, -0.07, -0.07, -0.07, -0.07, 
-0.07, -0.07, -0.07, -0.07, -0.07, -0.07, -0.07, -0.07, -0.07, -0.07, -0.07, -0.07, -0.07, -0.07, -0.07, -0.07, -0.07, -0.07, -0.07, -0.07, -0.07, -0.07, -0.07, -0.07, -0.07, -0.07, -0.07, -0.07, 
-0.07, -0.07, -0.07, -0.07, -0.07, -0.07, -0.07, -0.07, -0.07, -0.07, -0.07, -0.07, -0.07, -0.07, -0.07, -0.07, -0.07, -0.07, -0.07, -0.07, -0.07, -0.07, -0.07, -0.07, -0.07, -0.07, -0.07, -0.07, 
-0.07, -0.07, -0.07, -0.07, -0.07, -0.07, -0.07, -0.07, -0.07, -0.07, -0.07, -0.07, -0.07, -0.07, -0.07, -0.07, -0.07, -0.07, -0.07, -0.07, -0.07, -0.07, -0.07, -0.07, -0.07, -0.07, -0.07, -0.07, 
-0.07, -0.07, -0.07, -0.07, -0.07, -0.07, -0.07, -0.07, -0.07, -0.07, -0.07, -0.07, -0.07, -0.07, -0.07, -0.07, -0.07, -0.07, -0.07, -0.07, -0.07, -0.07, -0.07, -0.07, -0.07, -0.07, -0.07, -0.07, 
-0.07, -0.07, -0.07, -0.07, -0.07, -0.07, -0.07, -0.07, -0.07, -0.07, -0.07, -0.07, -0.07, -0.07, -0.07, -0.07, -0.07, -0.07, -0.07, -0.07, -0.07, -0.07, -0.07, -0.07, -0.07, -0.07, -0.07, -0.07, 
-0.07, -0.07, -0.07, -0.07, -0.07, -0.07, -0.07, -0.07, -0.07, -0.07, -0.07, -0.07, -0.07, -0.07, -0.07, -0.07, -0.07, -0.07, -0.07, -0.07, -0.07, -0.07, -0.07, -0.07, -0.07, -0.07, -0.07, -0.07, 
-0.07, -0.07, -0.07, -0.07, -0.07, -0.07, -0.07, -0.07, -0.07, -0.07, -0.07, -0.07, -0.07, -0.07, -0.07, -0.07, -0.07, -0.07, -0.07, -0.07, -0.07, -0.07, -0.07, -0.07, -0.07, -0.07, -0.07, -0.07, 
-0.07, -0.07, -0.07, -0.07, -0.07, -0.07, -0.07, -0.07, -0.07, -0.07, -0.07, -0.07, -0.07, -0.07, -0.07, -0.07, -0.07, -0.07, -0.07, -0.07, -0.07, -0.07, -0.07, -0.07, -0.07, -0.07, -0.07, -0.07, 
-0.07, -0.07, -0.07, -0.07, -0.07, -0.07, -0.07, -0.07, -0.07, -0.07, -0.07, -0.07, -0.07, -0.07, -0.07, -0.07, -0.07, -0.07, -0.07, -0.07, -0.07, -0.07, -0.07, -0.07, -0.07, -0.07, -0.07, -0.07, 
-0.07, -0.07, -0.07, -0.07, -0.07, -0.07, -0.07, -0.07, -0.07, -0.07, -0.07, -0.07, -0.07, -0.07, -0.07, -0.07, -0.07, -0.07, -0.07, -0.07, -0.07, -0.07, -0.07, -0.07, -0.07, -0.07, -0.07, -0.07, 
-0.07, -0.07, -0.07, -0.07, -0.07, -0.07, -0.07, -0.07, -0.07, -0.07, -0.07, -0.07, -0.07, -0.07, -0.07, -0.07, -0.07, -0.07, -0.07, -0.07, -0.07, -0.07, -0.07, -0.07, -0.07, -0.07, -0.07, -0.07, 
-0.07, -0.07, -0.07, -0.07, -0.07, -0.07, -0.07, -0.07, -0.07, -0.07, -0.07, -0.07, -0.07, -0.07, -0.07, -0.07, -0.07, -0.07, -0.07, -0.07, -0.07, -0.07, -0.07, -0.07, -0.07, -0.07, -0.07, -0.07, 
-0.07, -0.07, -0.07, -0.07, -0.07, -0.07, -0.07, -0.07, -0.07, -0.07, -0.07, -0.07, -0.07, -0.07, -0.07, -0.07, -0.07, -0.07, -0.07, -0.07, -0.07, -0.07, -0.07, -0.07, -0.07, -0.07, -0.07, -0.07, 
-0.07, -0.07, -0.07, -0.07, -0.07, -0.07, -0.07, -0.07, -0.07, -0.07, -0.07, -0.07, -0.07, -0.07, -0.07, -0.07, -0.07, -0.07, -0.07, -0.07, -0.07, -0.07, -0.07, -0.07, -0.07, -0.07, -0.07, -0.07, 
-0.07, -0.07, -0.07, -0.07, -0.07, -0.07, -0.07, -0.07, -0.07, -0.07, -0.07, -0.07, -0.07, -0.07, -0.07, -0.07, -0.07, -0.07, -0.07, -0.07, -0.07, -0.07, -0.07, -0.07, -0.07, -0.07, -0.07, -0.07, 
-0.07, -0.07, -0.07, -0.07, -0.07, -0.07, -0.07, -0.07, -0.07, -0.07, -0.07, -0.07, -0.07, -0.07, -0.07, -0.07, -0.07, -0.07, -0.07, -0.07, -0.07, -0.07, -0.07, -0.07, -0.07, -0.07, -0.07, -0.07, 
-0.07, -0.07, -0.07, -0.07, -0.07, -0.07, -0.07, -0.07, -0.07, -0.07, -0.07, -0.07, -0.07, -0.07, -0.07, -0.07, -0.07, -0.07, -0.07, -0.07, -0.07, -0.07, -0.07, -0.07, -0.07, -0.07, -0.07, -0.07, 
-- optimal policy --
l  R  <  >  >  L  <  >  ^  <  >  >  L  <  >  >  L  <  >  >  ^  <  L  <  >  R  <  r  
R  ^  L  R  R  ^  L  R  ^  L  R  R  ^  L  R  R  ^  L  R  R  ^  L  ^  L  R  ^  >  v  
v  v  v  v  v  l  <  v  v  l  v  l  ^  L  >  r  v  >  r  v  r  v  v  v  r  R  R  v  
v  v  v  v  l  <  L  v  l  v  l  <  L  r  R  >  r  v  >  r  v  r  v  v  v  >  >  R  
v  v  v  l  <  L  v  l  v  l  <  L  l  >  r  >  >  r  v  >  r  v  r  v  l  R  R  ^  
v  v  l  <  L  v  r  v  l  <  L  l  <  >  >  >  >  >  r  >  >  r  v  r  v  >  >  >  
v  l  <  L  r  v  v  l  <  L  l  <  r  v  ^  R  R  >  >  >  >  >  r  >  v  >  >  R  
l  <  L  v  v  r  v  l  <  l  <  L  >  >  r  v  R  R  ^  R  R  r  v  l  r  R  R  ^  
^  L  v  v  v  v  l  <  L  <  L  >  R  ^  >  r  v  r  v  >  >  >  r  v  l  v  >  v  
L  <  v  v  v  l  ^  L  <  L  <  >  >  R  R  >  r  >  r  R  R  R  ^  r  v  r  R  l  
^  L  v  v  l  <  L  r  v  v  v  v  v  v  >  >  >  >  >  >  >  >  >  >  >  >  r  r  
r  v  v  l  <  L  v  v  r  v  v  v  v  v  R  R  ^  R  ^  R  R  ^  R  R  R  R  ^  r  
>  v  l  <  L  v  v  l  v  r  v  v  v  l  v  v  v  v  >  r  v  >  r  v  r  v  >  r  
R  l  ^  L  v  v  l  v  r  v  r  v  l  v  l  r  v  v  >  >  >  >  >  r  v  r  v  ^  
<  ^  L  v  v  l  v  v  v  r  v  l  v  l  v  >  r  v  v  R  ^  R  R  >  r  v  >  r  
^  L  v  v  l  v  l  r  v  v  r  v  l  <  l  v  >  r  v  v  v  v  R  >  >  >  >  >  
v  v  v  l  v  l  v  v  r  v  v  l  <  v  v  v  l  v  r  v  v  v  R  R  R  ^  R  ^  
v  v  l  <  l  <  v  v  v  r  v  l  L  v  v  l  v  r  v  r  v  v  v  v  v  v  v  v  
v  l  <  v  v  v  v  v  v  v  r  v  v  v  l  <  r  v  r  v  r  v  v  v  v  v  v  v  
L  <  L  v  v  v  v  v  v  v  v  v  v  l  <  L  >  r  >  r  v  r  v  l  r  r  v  v  
<  v  l  v  v  l  v  l  r  v  v  v  l  <  L  >  >  >  >  >  r  v  v  l  v  v  v  >  
l  v  <  v  l  <  r  <  >  v  v  v  <  L  R  R  R  ^  R  R  >  >  v  <  v  v  l  R  
