arguments: 37 19 3 0.679337 0.00378007 0.219983 -0.0969002
loading features...

Initializing gridworld of size 28 by 22..
    Num states: 616
    Num actions: 8
recovered reward
-0.10, -0.10, -0.10, -0.10, -0.10, -0.10, -0.10, -0.10, -0.10, -0.10, -0.10, -0.10, -0.10, -0.10, -0.10, -0.09, -0.10, -0.10, -0.10, -0.10, -0.10, -0.10, -0.10, -0.10, -0.10, -0.10, -0.10, -0.10, 
-0.10, -0.10, -0.10, -0.10, -0.10, -0.10, -0.10, -0.10, -0.10, -0.10, -0.10, -0.10, -0.10, -0.10, -0.10, -0.10, -0.10, -0.10, -0.10, -0.10, -0.10, -0.10, -0.10, -0.10, -0.10, -0.10, -0.10, -0.10, 
-0.10, -0.10, -0.10, -0.10, -0.10, -0.10, 0.58, -0.10, -0.10, -0.10, -0.10, -0.10, -0.10, -0.10, -0.10, -0.10, -0.10, -0.10, -0.10, -0.10, -0.10, -0.10, -0.09, -0.10, -0.10, -0.10, 0.39, -0.10, 
-0.10, -0.10, -0.10, -0.10, -0.10, -0.10, -0.10, -0.10, -0.10, 0.74, -0.10, -0.10, 0.08, -0.10, -0.10, -0.10, -0.10, -0.10, -0.10, -0.10, -0.10, -0.10, -0.10, -0.10, -0.10, -0.10, -0.10, -0.10, 
-0.10, -0.10, 0.58, -0.10, -0.10, -0.10, -0.10, -0.10, -0.10, -0.10, -0.10, 0.58, -0.10, -0.10, -0.10, -0.10, -0.10, -0.10, -0.10, -0.10, -0.10, -0.10, -0.10, -0.10, -0.10, -0.10, 0.58, -0.10, 
-0.10, -0.10, -0.10, -0.10, -0.10, 0.58, -0.10, 0.04, -0.10, -0.10, -0.10, -0.10, -0.10, -0.10, -0.10, -0.10, -0.10, -0.10, -0.10, -0.10, -0.10, -0.10, -0.10, -0.10, -0.10, -0.09, 0.37, -0.10, 
-0.10, -0.10, -0.10, -0.10, -0.10, -0.10, -0.10, -0.10, -0.10, -0.10, -0.10, -0.10, -0.10, 0.10, -0.10, -0.10, -0.10, -0.10, -0.10, -0.10, -0.10, -0.10, -0.10, -0.10, -0.10, -0.10, -0.10, -0.10, 
-0.10, -0.10, -0.10, -0.10, -0.10, -0.10, -0.10, -0.10, -0.10, -0.10, -0.10, -0.10, -0.10, -0.10, -0.10, -0.10, -0.10, -0.10, -0.10, -0.10, -0.10, -0.10, -0.10, -0.10, -0.10, -0.10, -0.10, -0.10, 
-0.10, -0.10, -0.10, -0.10, -0.10, -0.10, -0.10, 0.01, -0.10, -0.10, -0.10, -0.10, -0.10, -0.10, 0.12, -0.10, -0.10, -0.10, -0.10, -0.10, -0.10, -0.10, -0.10, -0.10, -0.10, 0.34, -0.10, -0.10, 
-0.10, -0.10, -0.10, -0.10, -0.10, -0.10, -0.10, -0.10, -0.10, -0.10, -0.10, -0.10, -0.10, -0.10, -0.10, -0.10, -0.10, -0.10, -0.10, -0.10, -0.10, -0.10, -0.10, -0.10, -0.10, -0.10, -0.10, -0.10, 
-0.10, -0.10, -0.09, -0.10, -0.10, -0.01, -0.10, -0.10, -0.10, -0.10, -0.10, -0.10, -0.10, -0.10, -0.10, -0.10, 0.82, -0.10, -0.10, -0.10, -0.10, -0.10, -0.10, -0.10, -0.10, -0.10, -0.10, -0.10, 
-0.10, -0.10, -0.10, -0.10, -0.10, -0.09, 0.58, -0.09, -0.10, -0.10, 0.59, -0.10, -0.10, -0.10, -0.10, -0.10, -0.10, -0.10, -0.10, -0.10, -0.10, -0.10, -0.10, -0.10, 0.32, -0.10, -0.10, -0.10, 
-0.10, -0.10, -0.10, -0.10, -0.10, -0.10, -0.10, -0.10, -0.10, -0.10, -0.10, -0.10, -0.10, -0.10, -0.10, -0.10, -0.10, -0.10, -0.10, -0.10, 0.58, -0.10, -0.10, -0.10, -0.10, -0.10, -0.10, -0.10, 
-0.10, -0.10, -0.10, -0.10, -0.03, -0.10, -0.10, -0.10, -0.10, -0.10, -0.10, -0.10, -0.09, -0.10, -0.10, -0.10, -0.09, 0.17, -0.10, -0.10, -0.10, -0.10, -0.10, -0.10, -0.10, -0.10, -0.10, -0.10, 
-0.10, -0.10, -0.10, -0.10, -0.10, -0.10, -0.10, -0.10, -0.10, -0.10, -0.10, -0.10, -0.10, -0.10, -0.10, -0.10, -0.10, -0.10, -0.10, -0.09, -0.10, -0.10, 0.30, -0.10, -0.10, -0.10, -0.10, -0.10, 
-0.10, -0.10, -0.10, -0.10, -0.10, -0.10, -0.10, -0.10, -0.09, -0.10, 0.58, -0.10, -0.10, -0.10, -0.10, -0.10, -0.10, -0.10, -0.10, -0.10, -0.10, -0.10, -0.10, -0.10, -0.10, -0.10, -0.10, -0.10, 
-0.10, -0.10, -0.05, -0.10, -0.10, -0.10, -0.10, -0.10, -0.10, -0.09, -0.10, -0.10, -0.10, -0.10, -0.10, -0.10, -0.10, 0.19, -0.10, -0.10, -0.10, -0.10, -0.10, -0.10, -0.10, -0.10, -0.10, -0.10, 
-0.10, -0.10, -0.10, -0.10, -0.10, -0.10, -0.10, -0.10, -0.10, -0.10, -0.10, -0.10, -0.10, -0.10, -0.10, -0.10, -0.10, -0.10, -0.10, -0.10, -0.10, -0.10, -0.10, 0.28, -0.10, -0.10, -0.10, -0.10, 
-0.10, -0.10, -0.10, -0.10, -0.10, -0.10, -0.10, -0.10, -0.10, -0.10, 0.58, -0.10, -0.10, -0.10, -0.10, -0.10, -0.10, -0.10, -0.10, -0.10, -0.10, -0.10, -0.10, -0.10, -0.10, -0.10, -0.10, -0.10, 
-0.07, -0.10, -0.10, -0.10, -0.10, -0.10, -0.10, -0.10, -0.10, -0.10, -0.10, -0.10, -0.10, -0.10, -0.10, -0.10, 0.21, -0.10, -0.10, -0.10, 0.26, -0.10, -0.10, -0.10, -0.10, -0.10, -0.10, -0.10, 
-0.10, -0.10, -0.10, -0.10, -0.10, -0.10, -0.10, -0.10, -0.10, -0.10, -0.10, -0.10, -0.10, -0.10, -0.10, -0.10, -0.10, -0.10, -0.10, 0.23, -0.10, -0.10, -0.10, -0.10, -0.10, -0.10, -0.10, -0.10, 
-0.10, -0.10, -0.10, -0.10, -0.10, -0.10, -0.10, -0.10, -0.10, -0.10, -0.10, -0.10, -0.10, -0.10, -0.10, -0.10, -0.10, -0.10, -0.10, -0.10, -0.10, -0.10, -0.10, -0.10, -0.10, -0.10, -0.10, -0.10, 
-- optimal policy --
r  r  r  >  r  v  r  v  v  l  v  r  >  r  >  r  r  r  r  r  r  r  r  r  r  v  v  v  
v  r  r  r  r  r  v  r  v  l  l  l  r  >  R  r  r  r  r  r  >  r  r  r  r  r  v  l  
r  v  r  >  r  >  r  >  r  v  l  r  v  R  r  r  r  r  r  r  r  >  r  r  r  v  v  v  
>  r  v  r  >  R  ^  r  >  >  r  v  l  r  r  r  r  r  r  r  >  R  >  r  >  r  v  l  
r  >  r  r  r  v  r  >  R  ^  >  r  <  r  r  r  r  r  r  >  R  >  r  >  r  >  v  <  
>  R  ^  r  >  r  >  R  ^  >  R  r  r  v  r  r  r  r  >  R  >  r  >  r  >  R  ^  L  
R  ^  r  >  R  ^  R  ^  >  R  r  >  r  v  v  r  r  >  R  >  r  >  r  >  R  R  ^  L  
^  r  >  R  ^  R  ^  >  R  r  >  r  >  r  v  l  >  R  >  r  >  r  >  R  R  R  R  ^  
r  >  R  ^  R  ^  >  r  r  >  r  >  r  >  r  v  r  >  r  >  r  >  R  R  ^  R  ^  ^  
>  R  ^  >  r  v  R  r  r  v  r  r  >  R  >  r  v  r  >  r  >  R  R  ^  R  ^  L  ^  
R  ^  >  r  >  r  v  r  r  r  v  >  R  r  r  >  r  >  r  >  R  R  ^  R  ^  L  ^  L  
^  R  r  >  R  >  >  r  r  >  >  R  >  r  >  R  ^  r  >  r  R  ^  R  R  ^  ^  L  L  
R  r  >  R  R  R  ^  r  >  R  ^  r  r  >  R  ^  r  >  r  >  ^  R  R  R  ^  L  ^  L  
r  >  R  >  R  ^  r  >  R  ^  r  >  >  R  ^  >  >  r  >  R  ^  L  R  R  ^  L  L  ^  
>  R  >  R  ^  r  >  R  r  r  v  R  R  ^  >  R  R  >  R  ^  L  R  R  ^  L  ^  L  L  
R  >  R  ^  r  >  R  >  r  >  R  R  ^  >  R  R  >  R  R  ^  R  R  ^  L  ^  ^  L  L  
>  R  ^  r  >  R  >  R  >  R  ^  L  >  R  R  >  R  R  R  R  R  R  ^  L  L  L  ^  L  
R  R  r  >  R  >  R  >  R  ^  L  >  R  R  >  R  R  ^  L  R  R  R  ^  ^  L  L  ^  L  
R  r  >  R  >  R  >  R  ^  >  >  R  R  >  R  R  ^  L  R  R  R  ^  R  ^  L  L  L  L  
r  >  R  >  R  >  R  ^  >  R  ^  R  >  R  R  ^  L  R  R  R  ^  R  R  ^  ^  L  L  L  
>  R  >  R  >  R  ^  >  R  ^  R  >  R  R  ^  R  ^  L  >  R  R  ^  R  R  ^  ^  L  L  
R  >  R  >  R  ^  >  R  ^  R  >  R  R  ^  R  ^  L  >  R  ^  L  ^  R  ^  ^  L  ^  L  
Correct actions (%) : 10.08
Avg angular diffs   : 107.39
