arguments: 37 11 4 0.344011 0.297354 -0.288997 -0.0696379
loading features...

Initializing gridworld of size 28 by 22..
    Num states: 616
    Num actions: 8
recovered reward
0.08, 0.23, 0.08, -0.07, 0.02, 0.18, 0.17, 0.00, -0.07, -0.07, -0.07, -0.07, -0.07, -0.07, -0.07, -0.07, -0.07, -0.07, 0.00, 0.08, 0.00, -0.07, -0.07, -0.07, -0.07, -0.07, -0.07, -0.07, 
0.00, 0.17, 0.18, 0.02, 0.10, 0.42, 0.40, 0.08, -0.07, -0.30, -0.07, -0.07, -0.33, -0.07, -0.07, -0.07, -0.07, -0.07, 0.08, 0.31, 0.25, 0.02, -0.07, -0.07, -0.07, -0.82, -0.07, -0.07, 
-0.07, 0.10, 0.27, 0.10, 0.02, 0.18, 0.17, 0.00, -0.07, -0.07, -0.07, -0.07, -0.07, -0.07, -0.07, -0.07, -0.36, -0.07, 0.00, 0.25, 0.35, 0.10, -0.07, -0.07, -0.07, -0.07, -0.07, -0.07, 
-0.07, 0.02, 0.10, 0.02, -0.07, 0.00, 0.08, -0.20, -0.07, -0.07, -0.07, -0.07, -0.07, -0.07, -0.07, -0.07, -0.07, -0.07, -0.07, 0.02, 0.10, 0.02, 0.02, -0.07, -0.07, -0.07, -0.07, -0.07, 
-0.07, -0.07, -0.07, -0.07, -0.07, -0.07, -0.24, -0.07, -0.07, -0.07, -0.07, -0.07, -0.07, -0.07, -0.07, -0.07, -0.07, -0.07, -0.07, -0.07, 0.02, 0.10, 0.02, -0.07, -0.07, -0.79, -0.07, -0.07, 
-0.07, -0.07, -0.07, -0.07, -0.07, -0.07, -0.07, -0.07, -0.07, -0.07, 0.00, 0.08, 0.00, -0.07, -0.07, -0.07, -0.39, -0.07, -0.07, -0.07, 0.10, 0.27, 0.10, -0.07, -0.07, -0.07, -0.07, -0.07, 
-0.07, -0.07, -0.07, -0.07, -0.21, -0.07, -0.07, -0.07, -0.07, -0.07, 0.08, 0.23, 0.08, -0.07, -0.42, -0.07, -0.07, -0.07, -0.07, -0.07, 0.09, 0.25, 0.09, -0.07, -0.07, -0.07, -0.07, -0.07, 
-0.07, -0.07, -0.07, -0.07, -0.07, -0.07, 0.02, 0.10, 0.02, -0.07, 0.00, 0.08, 0.00, -0.07, -0.07, -0.07, -0.07, -0.07, -0.07, 0.02, 0.25, 0.31, 0.08, -0.76, -0.07, -0.07, -0.07, -0.07, 
-0.07, -0.07, -0.07, -0.07, -0.07, -0.07, 0.10, 0.27, 0.10, -0.07, -0.07, -0.07, -0.07, -0.07, -0.07, -0.07, -0.07, -0.07, -0.07, 0.10, 0.35, 0.25, 0.00, -0.07, -0.07, -0.07, -0.07, -0.07, 
-0.07, -0.07, -0.07, -0.07, -0.19, -0.07, 0.02, 0.10, 0.02, 0.10, 0.02, -0.07, -0.45, -0.07, -0.07, -0.07, -0.07, -0.07, -0.07, 0.02, 0.10, 0.02, -0.07, -0.07, -0.07, -0.07, -0.07, -0.07, 
-0.07, -0.07, -0.07, -0.07, -0.07, -0.07, -0.07, -0.07, 0.10, 0.27, 0.10, -0.07, -0.07, -0.07, -0.07, 0.00, 0.08, 0.00, -0.07, -0.07, -0.07, -0.07, -0.07, -0.07, -0.73, -0.07, -0.07, -0.07, 
-0.07, -0.07, -0.07, -0.07, -0.07, -0.07, -0.07, -0.07, 0.02, 0.10, -0.39, -0.07, -0.07, 0.00, 0.08, 0.08, 0.23, 0.08, -0.07, -0.07, -0.07, -0.07, -0.07, -0.07, -0.07, -0.07, -0.07, -0.07, 
-0.07, -0.07, -0.07, -0.07, -0.07, -0.07, -0.07, -0.07, -0.07, -0.07, -0.07, -0.07, -0.07, 0.08, 0.23, 0.00, 0.08, 0.00, -0.07, -0.07, -0.07, -0.07, -0.07, -0.07, 0.02, 0.10, 0.02, -0.07, 
-0.07, -0.07, -0.07, -0.16, -0.07, -0.07, -0.07, -0.07, -0.07, -0.07, -0.07, -0.07, -0.07, 0.00, 0.08, 0.00, -0.07, -0.07, -0.07, -0.07, -0.07, -0.07, -0.07, -0.71, 0.10, 0.27, 0.10, -0.07, 
-0.07, -0.07, -0.07, -0.07, -0.07, -0.07, -0.07, -0.07, -0.07, -0.50, -0.07, -0.07, -0.07, -0.07, -0.07, -0.07, -0.07, -0.07, -0.07, -0.07, -0.07, 0.02, 0.10, 0.02, 0.02, 0.10, 0.02, -0.07, 
-0.07, -0.07, -0.07, -0.07, -0.07, -0.07, -0.07, -0.07, -0.07, -0.07, -0.07, -0.07, -0.07, -0.07, -0.07, -0.07, -0.07, -0.07, -0.07, -0.07, 0.02, 0.10, 0.35, 0.25, 0.00, -0.07, -0.07, -0.07, 
-0.07, -0.07, -0.13, -0.07, -0.07, -0.07, -0.07, -0.07, -0.07, -0.07, -0.07, -0.07, -0.53, -0.07, -0.07, -0.07, -0.07, -0.07, -0.07, -0.07, 0.10, 0.02, 0.25, -0.29, 0.08, -0.07, -0.07, -0.07, 
-0.07, -0.07, -0.07, -0.07, -0.07, -0.07, 0.02, 0.10, 0.02, -0.07, -0.07, -0.07, -0.07, -0.07, 0.00, 0.08, 0.00, -0.07, -0.07, -0.07, 0.02, 0.10, 0.09, 0.08, 0.00, -0.07, -0.07, -0.07, 
-0.07, -0.07, -0.07, -0.07, -0.07, -0.07, 0.10, 0.27, 0.10, -0.07, -0.07, -0.07, -0.07, -0.07, 0.08, 0.23, 0.08, -0.07, 0.00, 0.08, 0.00, -0.65, -0.07, -0.07, -0.07, -0.07, -0.07, -0.07, 
-0.10, -0.07, -0.07, -0.07, -0.07, -0.07, 0.02, 0.10, 0.02, -0.07, -0.07, -0.07, -0.07, -0.56, 0.00, 0.08, -0.52, -0.07, 0.08, -0.32, 0.08, -0.07, -0.07, -0.07, -0.07, -0.07, -0.07, -0.07, 
-0.07, -0.07, -0.07, -0.07, -0.07, -0.07, -0.07, -0.07, -0.07, -0.07, -0.07, -0.07, -0.07, -0.07, 0.00, 0.08, 0.00, -0.07, 0.00, 0.08, 0.00, -0.07, -0.07, -0.07, -0.07, -0.07, -0.07, -0.07, 
-0.07, -0.07, -0.07, -0.07, -0.07, -0.07, -0.07, -0.07, -0.07, -0.07, -0.07, -0.07, -0.07, -0.07, -0.07, -0.07, -0.07, -0.07, -0.07, -0.07, -0.07, -0.07, -0.07, -0.07, -0.07, -0.07, -0.07, -0.07, 
-- optimal policy --
>  ^  <  l  r  v  l  l  l  l  <  <  l  >  >  >  r  r  r  v  l  l  l  l  l  l  <  l  
R  r  v  l  >  >  <  <  <  <  L  <  v  l  >  >  r  >  >  r  v  l  l  l  l  l  l  l  
R  >  ^  <  R  ^  L  L  L  L  <  v  l  v  l  R  >  R  R  >  L  <  <  l  l  l  l  l  
R  R  ^  L  R  ^  L  L  L  L  v  r  v  l  l  >  R  R  R  R  ^  L  L  l  l  l  <  <  
R  R  ^  L  L  R  ^  L  <  r  r  v  l  l  l  R  R  R  R  R  r  v  l  l  <  l  L  L  
R  ^  L  ^  L  r  v  v  l  r  r  v  l  l  l  <  R  R  r  >  >  v  <  <  l  <  l  L  
^  R  ^  ^  r  r  r  v  l  >  >  >  <  <  <  L  r  r  r  r  r  v  l  L  <  <  <  <  
R  ^  L  r  >  r  r  v  l  l  R  ^  L  L  L  <  >  r  r  r  v  l  <  L  L  <  L  <  
R  ^  >  >  r  >  >  ^  <  v  l  ^  L  L  L  v  r  >  >  >  R  <  L  L  <  L  <  v  
^  >  r  R  >  R  R  ^  r  v  l  l  l  r  r  r  v  l  R  R  ^  L  L  L  L  v  v  l  
>  R  >  >  R  R  R  ^  >  ^  <  <  r  r  r  r  v  l  l  R  ^  L  L  L  v  l  l  l  
R  >  R  R  R  R  ^  R  R  ^  L  L  r  r  v  l  <  <  <  ^  ^  L  L  r  r  v  l  l  
r  R  R  R  R  ^  R  R  R  ^  L  ^  >  >  R  <  ^  L  L  L  r  v  v  r  r  v  l  l  
>  r  R  r  v  R  R  R  ^  L  ^  L  R  R  ^  L  ^  L  L  r  r  r  v  l  >  ^  <  <  
R  >  r  r  r  v  r  ^  ^  L  L  R  R  R  ^  L  L  ^  r  r  r  r  v  l  l  ^  L  L  
r  >  >  r  r  r  v  r  v  l  l  R  R  ^  ^  L  v  l  r  r  >  >  v  <  <  ^  L  L  
>  R  >  >  r  r  r  v  l  l  l  l  r  r  r  v  l  l  >  >  R  R  ^  L  L  <  L  L  
R  >  >  R  >  r  r  v  l  l  <  <  >  r  r  v  l  l  r  R  >  R  ^  L  ^  L  L  L  
>  r  R  >  R  >  >  <  <  <  L  L  >  >  >  >  <  <  v  r  R  ^  L  L  L  L  L  <  
>  r  r  >  >  R  R  ^  L  L  <  L  R  R  R  ^  L  L  r  ^  L  <  ^  L  L  L  L  L  
r  >  >  R  R  R  R  ^  L  L  L  <  >  R  R  ^  L  R  ^  L  ^  L  <  ^  L  L  L  L  
>  R  R  R  R  R  R  ^  L  L  L  L  R  R  R  ^  L  L  R  ^  L  L  L  <  L  L  L  L  
Correct actions (%) : 7.63
Avg angular diffs   : 90.00
