arguments: 37 15 1 0.311881 0.264356 0.0277228 -0.39604
loading features...

Initializing gridworld of size 28 by 22..
    Num states: 616
    Num actions: 8
recovered reward
-0.33, -0.26, -0.33, -0.40, -0.40, -0.40, -0.40, -0.40, -0.40, -0.40, -0.40, -0.40, -0.40, -0.40, -0.40, -0.40, -0.40, -0.40, -0.40, -0.40, -0.40, -0.40, -0.40, -0.32, -0.24, -0.32, -0.40, -0.40, 
-0.26, -0.13, -0.26, -0.32, -0.24, -0.32, -0.40, -0.32, -0.17, -0.19, -0.33, -0.40, -0.40, -0.40, -0.40, -0.40, -0.40, -0.40, -0.32, -0.24, -0.32, -0.40, -0.40, -0.24, -0.08, -0.18, -0.40, -0.40, 
-0.33, -0.26, -0.33, -0.24, -0.08, -0.24, -0.40, -0.24, 0.05, 0.02, -0.19, -0.40, -0.40, -0.40, -0.37, -0.40, -0.40, -0.40, -0.24, -0.08, -0.24, -0.40, -0.40, -0.32, -0.24, -0.32, -0.40, -0.40, 
-0.40, -0.40, -0.40, -0.32, -0.24, -0.32, -0.40, -0.32, -0.17, -0.19, -0.17, -0.37, -0.40, -0.40, -0.40, -0.40, -0.37, -0.40, -0.32, -0.24, -0.32, -0.40, -0.40, -0.34, -0.40, -0.40, -0.40, -0.40, 
-0.40, -0.40, -0.40, -0.40, -0.40, -0.40, -0.40, -0.40, -0.32, -0.22, -0.32, -0.40, -0.40, -0.40, -0.40, -0.40, -0.40, -0.40, -0.40, -0.40, -0.40, -0.40, -0.40, -0.40, -0.40, -0.40, -0.40, -0.40, 
-0.40, -0.40, -0.40, -0.40, -0.40, -0.40, -0.40, -0.40, -0.40, -0.40, -0.40, -0.40, -0.40, -0.40, -0.40, -0.32, -0.32, -0.24, -0.32, -0.40, -0.33, -0.26, -0.33, -0.40, -0.40, -0.40, -0.40, -0.40, 
-0.40, -0.40, -0.32, -0.24, -0.32, -0.40, -0.40, -0.38, -0.40, -0.40, -0.40, -0.40, -0.40, -0.40, -0.40, -0.24, -0.21, -0.08, -0.24, -0.40, -0.26, -0.05, -0.11, -0.26, -0.40, -0.40, -0.40, -0.40, 
-0.40, -0.40, -0.24, -0.08, -0.24, -0.40, -0.40, -0.40, -0.40, -0.40, -0.40, -0.40, -0.40, -0.40, -0.40, -0.32, -0.32, -0.24, -0.32, -0.40, -0.33, -0.11, -0.02, -0.24, -0.40, -0.40, -0.40, -0.40, 
-0.40, -0.40, -0.32, -0.24, -0.32, -0.40, -0.40, -0.40, -0.40, -0.40, -0.40, -0.40, -0.40, -0.40, -0.40, -0.40, -0.40, -0.40, -0.40, -0.40, -0.40, -0.32, -0.24, -0.32, -0.40, -0.40, -0.40, -0.40, 
-0.40, -0.40, -0.40, -0.40, -0.40, -0.40, -0.38, -0.33, -0.26, -0.33, -0.40, -0.40, -0.40, -0.40, -0.40, -0.40, -0.36, -0.40, -0.40, -0.40, -0.40, -0.40, -0.34, -0.40, -0.40, -0.40, -0.40, -0.40, 
-0.40, -0.40, -0.40, -0.40, -0.40, -0.40, -0.40, -0.26, -0.13, -0.26, -0.40, -0.40, -0.40, -0.40, -0.40, -0.40, -0.40, -0.40, -0.40, -0.40, -0.40, -0.40, -0.40, -0.33, -0.26, -0.33, -0.40, -0.40, 
-0.40, -0.40, -0.40, -0.40, -0.40, -0.40, -0.40, -0.33, -0.26, -0.33, -0.40, -0.40, -0.40, -0.40, -0.40, -0.40, -0.40, -0.40, -0.40, -0.40, -0.40, -0.40, -0.40, -0.26, -0.13, -0.26, -0.40, -0.40, 
-0.40, -0.40, -0.40, -0.40, -0.38, -0.40, -0.40, -0.40, -0.40, -0.40, -0.40, -0.40, -0.40, -0.40, -0.36, -0.40, -0.40, -0.40, -0.40, -0.40, -0.40, -0.40, -0.40, -0.33, -0.26, -0.33, -0.40, -0.40, 
-0.40, -0.40, -0.33, -0.26, -0.33, -0.26, -0.33, -0.40, -0.40, -0.40, -0.40, -0.40, -0.40, -0.40, -0.40, -0.40, -0.40, -0.40, -0.40, -0.40, -0.40, -0.35, -0.33, -0.26, -0.33, -0.40, -0.40, -0.40, 
-0.40, -0.33, -0.26, -0.32, -0.26, -0.13, -0.26, -0.40, -0.40, -0.40, -0.40, -0.40, -0.32, -0.24, -0.32, -0.40, -0.40, -0.40, -0.40, -0.40, -0.40, -0.40, -0.26, -0.13, -0.26, -0.40, -0.40, -0.40, 
-0.40, -0.26, -0.13, -0.26, -0.33, -0.26, -0.33, -0.26, -0.33, -0.40, -0.40, -0.40, -0.24, -0.08, -0.24, -0.36, -0.40, -0.40, -0.40, -0.40, -0.35, -0.40, -0.33, -0.26, -0.33, -0.40, -0.40, -0.40, 
-0.40, -0.32, -0.26, -0.33, -0.40, -0.40, -0.26, -0.13, -0.26, -0.40, -0.40, -0.32, -0.24, -0.32, -0.32, -0.40, -0.40, -0.40, -0.33, -0.26, -0.33, -0.40, -0.40, -0.40, -0.40, -0.40, -0.40, -0.40, 
-0.40, -0.40, -0.40, -0.40, -0.40, -0.40, -0.33, -0.26, -0.25, -0.24, -0.32, -0.24, -0.08, -0.24, -0.40, -0.40, -0.40, -0.40, -0.26, -0.13, -0.26, -0.40, -0.40, -0.40, -0.40, -0.40, -0.40, -0.40, 
-0.40, -0.40, -0.40, -0.40, -0.40, -0.40, -0.40, -0.40, -0.24, -0.08, -0.24, -0.32, -0.24, -0.32, -0.40, -0.35, -0.40, -0.40, -0.29, -0.26, -0.33, -0.40, -0.40, -0.40, -0.40, -0.40, -0.40, -0.40, 
-0.39, -0.40, -0.40, -0.40, -0.40, -0.40, -0.40, -0.40, -0.32, -0.24, -0.32, -0.40, -0.40, -0.40, -0.40, -0.40, -0.40, -0.40, -0.40, -0.40, -0.40, -0.40, -0.40, -0.40, -0.40, -0.40, -0.40, -0.40, 
-0.40, -0.40, -0.40, -0.40, -0.40, -0.40, -0.40, -0.40, -0.40, -0.40, -0.40, -0.40, -0.40, -0.40, -0.40, -0.40, -0.40, -0.40, -0.40, -0.40, -0.40, -0.40, -0.40, -0.40, -0.40, -0.40, -0.40, -0.40, 
-0.40, -0.40, -0.40, -0.40, -0.40, -0.40, -0.40, -0.40, -0.40, -0.40, -0.40, -0.40, -0.40, -0.40, -0.40, -0.40, -0.40, -0.40, -0.40, -0.40, -0.40, -0.40, -0.40, -0.40, -0.40, -0.40, -0.40, -0.40, 
-- optimal policy --
r  r  r  r  r  r  r  r  v  l  l  l  l  l  l  l  l  l  r  v  l  l  r  r  v  l  l  l  
>  >  r  r  r  r  r  r  v  l  l  l  l  l  l  l  l  r  r  v  l  l  r  >  v  <  <  l  
R  R  >  >  >  r  >  >  >  <  <  l  l  l  l  <  <  r  r  v  l  l  r  v  l  l  l  l  
R  R  R  R  R  >  R  R  ^  L  L  <  <  <  <  L  <  >  r  r  v  l  v  l  l  l  l  l  
R  R  R  R  R  R  R  R  ^  L  ^  L  L  <  L  <  l  l  r  r  r  v  l  l  l  l  l  l  
R  R  R  R  R  R  R  R  R  ^  L  L  L  L  <  L  l  l  >  r  r  v  l  l  l  l  l  l  
R  r  r  >  R  R  R  R  ^  ^  L  L  L  L  L  <  <  <  r  >  >  r  v  l  l  l  l  l  
r  >  >  R  R  R  R  ^  L  ^  L  ^  L  L  L  L  L  L  >  R  R  >  L  <  <  <  l  l  
>  R  R  ^  L  R  ^  ^  L  L  ^  R  ^  L  L  L  L  L  R  R  R  R  ^  L  L  L  <  <  
R  R  R  ^  L  L  ^  ^  ^  L  L  ^  ^  L  L  L  L  R  R  R  R  R  ^  L  L  L  L  <  
R  R  ^  ^  ^  L  L  R  ^  L  L  L  ^  ^  L  L  L  L  R  R  R  R  ^  L  L  L  L  L  
R  R  ^  L  ^  ^  R  R  ^  L  L  L  L  ^  ^  L  L  R  R  R  R  R  R  R  ^  L  L  L  
R  ^  ^  ^  L  R  R  R  ^  L  L  L  L  L  R  ^  R  R  R  R  ^  R  R  R  ^  L  L  L  
^  R  ^  R  >  R  R  ^  ^  ^  L  L  L  L  ^  R  R  R  R  ^  R  R  R  R  ^  L  L  L  
R  R  R  >  R  ^  L  L  ^  ^  ^  L  L  v  l  R  R  R  ^  R  R  R  R  ^  L  L  L  L  
>  >  >  R  R  ^  L  L  l  ^  R  R  >  L  <  <  R  ^  R  R  R  R  R  ^  L  L  L  L  
R  R  R  R  R  ^  L  L  <  l  l  r  R  ^  L  L  L  r  r  R  R  R  R  ^  L  L  L  L  
R  R  ^  L  L  R  R  ^  L  v  l  >  ^  <  <  L  L  >  >  R  R  R  R  ^  ^  L  L  L  
R  ^  L  ^  R  R  R  R  >  L  <  R  ^  L  L  <  L  R  R  ^  L  L  ^  R  ^  ^  L  L  
^  L  ^  R  R  R  R  R  R  ^  L  L  ^  L  L  L  R  R  R  ^  L  L  L  ^  R  ^  ^  L  
^  L  R  R  R  R  R  R  R  ^  L  L  L  L  L  L  R  R  ^  ^  ^  L  L  L  ^  R  ^  ^  
^  R  R  R  R  R  R  R  ^  L  ^  L  L  L  L  L  R  R  ^  ^  ^  ^  L  L  L  R  ^  L  
Correct actions (%) : 15.38
Avg angular diffs   : 94.85
