arguments: 38 19 3 0.233129 -0.43865 0.0214724 -0.306748
loading features...

Initializing gridworld of size 28 by 22..
    Num states: 616
    Num actions: 8
recovered reward
-0.31, -0.31, -0.31, -0.31, -0.31, -0.31, -0.31, -0.31, -0.31, -0.31, -0.31, -0.31, -0.31, -0.31, -0.31, -0.75, -0.31, -0.31, -0.31, -0.31, -0.31, -0.31, -0.31, -0.31, -0.31, -0.31, -0.31, -0.31, 
-0.31, -0.31, -0.31, -0.31, -0.31, -0.31, -0.31, -0.31, -0.31, -0.31, -0.31, -0.31, -0.31, -0.31, -0.31, -0.31, -0.31, -0.31, -0.31, -0.31, -0.31, -0.31, -0.31, -0.31, -0.31, -0.31, -0.31, -0.31, 
-0.31, -0.31, -0.31, -0.31, -0.31, -0.31, -0.07, -0.31, -0.31, -0.31, -0.31, -0.31, -0.31, -0.31, -0.31, -0.31, -0.31, -0.31, -0.31, -0.31, -0.31, -0.31, -0.75, -0.31, -0.31, -0.31, -0.26, -0.31, 
-0.31, -0.31, -0.31, -0.31, -0.31, -0.31, -0.31, -0.31, -0.31, -0.06, -0.31, -0.31, -0.29, -0.31, -0.31, -0.31, -0.31, -0.31, -0.31, -0.31, -0.31, -0.31, -0.31, -0.31, -0.31, -0.31, -0.31, -0.31, 
-0.31, -0.31, -0.07, -0.31, -0.31, -0.31, -0.31, -0.31, -0.31, -0.31, -0.31, -0.07, -0.31, -0.31, -0.31, -0.31, -0.31, -0.31, -0.31, -0.31, -0.31, -0.31, -0.31, -0.31, -0.31, -0.31, -0.07, -0.31, 
-0.31, -0.31, -0.31, -0.31, -0.31, -0.07, -0.31, -0.29, -0.31, -0.31, -0.31, -0.31, -0.31, -0.31, -0.31, -0.31, -0.31, -0.31, -0.31, -0.31, -0.31, -0.31, -0.31, -0.31, -0.31, -0.75, -0.26, -0.31, 
-0.31, -0.31, -0.31, -0.31, -0.31, -0.31, -0.31, -0.31, -0.31, -0.31, -0.31, -0.31, -0.31, -0.29, -0.31, -0.31, -0.31, -0.31, -0.31, -0.31, -0.31, -0.31, -0.31, -0.31, -0.31, -0.31, -0.31, -0.31, 
-0.31, -0.31, -0.31, -0.31, -0.31, -0.31, -0.31, -0.31, -0.31, -0.31, -0.31, -0.31, -0.31, -0.31, -0.31, -0.31, -0.31, -0.31, -0.31, -0.31, -0.31, -0.31, -0.31, -0.31, -0.31, -0.31, -0.31, -0.31, 
-0.31, -0.31, -0.31, -0.31, -0.31, -0.31, -0.31, -0.30, -0.31, -0.31, -0.31, -0.31, -0.31, -0.31, -0.29, -0.31, -0.31, -0.31, -0.31, -0.31, -0.31, -0.31, -0.31, -0.31, -0.31, -0.26, -0.31, -0.31, 
-0.31, -0.31, -0.31, -0.31, -0.31, -0.31, -0.31, -0.31, -0.31, -0.31, -0.31, -0.31, -0.31, -0.31, -0.31, -0.31, -0.31, -0.31, -0.31, -0.31, -0.31, -0.31, -0.31, -0.31, -0.31, -0.31, -0.31, -0.31, 
-0.31, -0.31, -0.75, -0.31, -0.31, -0.30, -0.31, -0.31, -0.31, -0.31, -0.31, -0.31, -0.31, -0.31, -0.31, -0.31, -0.05, -0.31, -0.31, -0.31, -0.31, -0.31, -0.31, -0.31, -0.31, -0.31, -0.31, -0.31, 
-0.31, -0.31, -0.31, -0.31, -0.31, -0.75, -0.07, -0.75, -0.31, -0.31, -0.51, -0.31, -0.31, -0.31, -0.31, -0.31, -0.31, -0.31, -0.31, -0.31, -0.31, -0.31, -0.31, -0.31, -0.27, -0.31, -0.31, -0.31, 
-0.31, -0.31, -0.31, -0.31, -0.31, -0.31, -0.31, -0.31, -0.31, -0.31, -0.31, -0.31, -0.31, -0.31, -0.31, -0.31, -0.31, -0.31, -0.31, -0.31, -0.07, -0.31, -0.31, -0.31, -0.31, -0.31, -0.31, -0.31, 
-0.31, -0.31, -0.31, -0.31, -0.30, -0.31, -0.31, -0.31, -0.31, -0.31, -0.31, -0.31, -0.75, -0.31, -0.31, -0.31, -0.75, -0.28, -0.31, -0.31, -0.31, -0.31, -0.31, -0.31, -0.31, -0.31, -0.31, -0.31, 
-0.31, -0.31, -0.31, -0.31, -0.31, -0.31, -0.31, -0.31, -0.31, -0.31, -0.31, -0.31, -0.31, -0.31, -0.31, -0.31, -0.31, -0.31, -0.31, -0.75, -0.31, -0.31, -0.27, -0.31, -0.31, -0.31, -0.31, -0.31, 
-0.31, -0.31, -0.31, -0.31, -0.31, -0.31, -0.31, -0.31, -0.75, -0.31, -0.07, -0.31, -0.31, -0.31, -0.31, -0.31, -0.31, -0.31, -0.31, -0.31, -0.31, -0.31, -0.31, -0.31, -0.31, -0.31, -0.31, -0.31, 
-0.31, -0.31, -0.30, -0.31, -0.31, -0.31, -0.31, -0.31, -0.31, -0.75, -0.31, -0.31, -0.31, -0.31, -0.31, -0.31, -0.31, -0.28, -0.31, -0.31, -0.31, -0.31, -0.31, -0.31, -0.31, -0.31, -0.31, -0.31, 
-0.31, -0.31, -0.31, -0.31, -0.31, -0.31, -0.31, -0.31, -0.31, -0.31, -0.31, -0.31, -0.31, -0.31, -0.31, -0.31, -0.31, -0.31, -0.31, -0.31, -0.31, -0.31, -0.31, -0.27, -0.31, -0.31, -0.31, -0.31, 
-0.31, -0.31, -0.31, -0.31, -0.31, -0.31, -0.31, -0.31, -0.31, -0.31, -0.07, -0.31, -0.31, -0.31, -0.31, -0.31, -0.31, -0.31, -0.31, -0.31, -0.31, -0.31, -0.31, -0.31, -0.31, -0.31, -0.31, -0.31, 
-0.30, -0.31, -0.31, -0.31, -0.31, -0.31, -0.31, -0.31, -0.31, -0.31, -0.31, -0.31, -0.31, -0.31, -0.31, -0.31, -0.28, -0.31, -0.31, -0.31, -0.27, -0.31, -0.31, -0.31, -0.31, -0.31, -0.31, -0.31, 
-0.31, -0.31, -0.31, -0.31, -0.31, -0.31, -0.31, -0.31, -0.31, -0.31, -0.31, -0.31, -0.31, -0.31, -0.31, -0.31, -0.31, -0.31, -0.31, -0.27, -0.31, -0.31, -0.31, -0.31, -0.31, -0.31, -0.31, -0.31, 
-0.31, -0.31, -0.31, -0.31, -0.31, -0.31, -0.31, -0.31, -0.31, -0.31, -0.31, -0.31, -0.31, -0.31, -0.31, -0.31, -0.31, -0.31, -0.31, -0.31, -0.31, -0.31, -0.31, -0.31, -0.31, -0.31, -0.31, -0.31, 
-- optimal policy --
r  r  r  >  r  v  r  r  v  l  l  v  l  >  r  r  r  r  r  r  >  r  r  r  r  v  v  v  
v  r  >  r  >  r  v  r  r  v  v  l  r  r  >  r  r  r  r  r  r  >  r  r  r  r  v  l  
r  v  r  r  r  >  r  >  r  v  l  r  v  l  r  >  r  r  r  >  r  r  r  >  r  r  v  l  
>  r  v  r  >  R  ^  r  >  >  r  v  l  <  >  r  >  r  >  r  >  r  >  r  >  r  v  l  
r  >  r  r  r  v  r  >  R  ^  >  R  <  L  r  >  r  >  r  >  r  >  r  >  R  >  v  <  
>  R  ^  r  >  r  >  R  ^  >  R  ^  L  <  >  r  >  r  r  r  >  r  >  R  R  R  ^  L  
R  ^  r  >  R  ^  R  ^  L  R  ^  ^  r  v  l  >  r  r  r  r  r  >  R  R  >  R  ^  L  
^  r  >  R  ^  R  ^  ^  R  R  ^  R  >  r  v  l  >  r  r  r  >  R  R  >  R  R  R  ^  
r  >  R  R  R  ^  >  R  R  ^  >  R  R  >  r  v  l  >  r  >  R  R  >  R  R  R  R  ^  
>  R  ^  R  r  v  R  ^  L  R  R  R  R  R  >  r  v  l  >  R  R  >  R  R  R  ^  L  ^  
R  ^  R  r  >  r  v  l  R  R  R  R  R  R  R  >  L  <  r  R  >  R  R  R  ^  L  ^  L  
^  ^  r  >  R  >  L  <  R  R  R  R  R  R  R  R  ^  L  >  r  R  R  R  R  R  ^  L  ^  
R  r  >  R  >  R  ^  L  v  >  R  R  R  R  R  R  r  >  r  >  R  <  ^  R  ^  L  ^  L  
r  >  R  >  R  ^  ^  >  r  v  R  R  R  R  R  r  >  r  >  R  ^  L  <  ^  L  ^  L  L  
>  R  >  R  ^  L  R  R  >  r  v  >  R  ^  r  >  R  >  R  R  ^  ^  L  <  ^  R  ^  L  
R  >  R  ^  ^  R  R  R  >  >  R  R  R  r  >  R  >  R  ^  R  R  R  ^  L  <  ^  ^  L  
>  R  ^  ^  >  >  >  >  R  R  ^  L  r  >  R  >  R  ^  R  R  R  R  R  ^  L  <  L  ^  
R  R  ^  R  R  R  R  R  ^  R  ^  L  >  R  >  R  R  ^  L  R  R  R  ^  ^  L  L  <  ^  
R  ^  R  R  R  R  R  R  R  >  L  <  R  >  R  R  ^  L  R  R  R  ^  R  ^  L  L  L  <  
R  R  R  R  R  R  R  R  R  R  ^  L  >  R  R  ^  ^  R  R  R  ^  R  ^  L  ^  L  L  L  
R  R  R  R  R  R  R  R  R  ^  L  >  R  R  R  R  ^  L  R  R  R  ^  R  ^  ^  L  L  L  
R  R  R  R  R  R  R  R  R  R  >  R  R  R  R  R  ^  ^  R  ^  L  R  ^  R  ^  ^  L  L  
Correct actions (%) : 10.29
Avg angular diffs   : 109.85
