arguments: 38 15 1 -0.000668226 -0.600401 0.332108 -0.0668226
loading features...

Initializing gridworld of size 28 by 22..
    Num states: 616
    Num actions: 8
recovered reward
-0.10, -0.22, -0.10, -0.07, -0.07, -0.07, -0.07, -0.07, -0.07, -0.07, -0.07, -0.07, -0.07, -0.07, -0.07, -0.07, -0.07, -0.07, -0.07, -0.07, -0.07, -0.07, -0.07, -0.07, -0.07, -0.07, -0.07, -0.07, 
-0.22, -0.67, -0.22, -0.07, -0.07, -0.07, -0.07, -0.07, -0.10, -0.22, -0.10, -0.07, -0.07, -0.07, -0.07, -0.07, -0.07, -0.07, -0.07, -0.07, -0.07, -0.07, -0.07, -0.07, -0.07, 0.66, -0.07, -0.07, 
-0.10, -0.22, -0.10, -0.07, -0.07, -0.07, -0.07, -0.07, -0.22, -0.67, -0.22, -0.07, -0.07, -0.07, 0.23, -0.07, -0.07, -0.07, -0.07, -0.07, -0.07, -0.07, -0.07, -0.07, -0.07, -0.07, -0.07, -0.07, 
-0.07, -0.07, -0.07, -0.07, -0.07, -0.07, -0.07, -0.07, -0.10, -0.22, -0.10, 0.20, -0.07, -0.07, -0.07, -0.07, 0.27, -0.07, -0.07, -0.07, -0.07, -0.07, -0.07, 0.63, -0.07, -0.07, -0.07, -0.07, 
-0.07, -0.07, -0.07, -0.07, -0.07, -0.07, -0.07, -0.07, -0.07, 0.17, -0.07, -0.07, -0.07, -0.07, -0.07, -0.07, -0.07, -0.07, -0.07, -0.07, -0.07, -0.07, -0.07, -0.07, -0.07, -0.07, -0.07, -0.07, 
-0.07, -0.07, -0.07, -0.07, -0.07, -0.07, -0.07, -0.07, -0.07, -0.07, -0.07, -0.07, -0.07, -0.07, -0.07, -0.07, -0.07, -0.07, -0.07, -0.07, -0.10, -0.22, -0.10, -0.07, -0.07, -0.07, -0.07, -0.07, 
-0.07, -0.07, -0.07, -0.07, -0.07, -0.07, -0.07, 0.13, -0.07, -0.07, -0.07, -0.07, -0.07, -0.07, -0.07, -0.07, 0.30, -0.07, -0.07, -0.07, -0.22, -0.67, -0.22, 0.60, -0.07, -0.07, -0.07, -0.07, 
-0.07, -0.07, -0.07, -0.07, -0.07, -0.07, -0.07, -0.07, -0.07, -0.07, -0.07, -0.07, -0.07, -0.07, -0.07, -0.07, -0.07, -0.07, -0.07, -0.07, -0.10, -0.22, -0.10, -0.07, -0.07, -0.07, -0.07, -0.07, 
-0.07, -0.07, -0.07, -0.07, -0.07, -0.07, -0.07, -0.07, -0.07, -0.07, -0.07, -0.07, -0.07, -0.07, -0.07, -0.07, -0.07, -0.07, -0.07, -0.07, -0.07, -0.07, -0.07, -0.07, -0.07, -0.07, -0.07, -0.07, 
-0.07, -0.07, -0.07, -0.07, -0.07, -0.07, 0.10, -0.10, -0.22, -0.10, -0.07, -0.07, -0.07, -0.07, -0.07, -0.07, 0.33, -0.07, -0.07, -0.07, -0.07, -0.07, 0.56, -0.07, -0.07, -0.07, -0.07, -0.07, 
-0.07, -0.07, -0.07, -0.07, -0.07, -0.07, -0.07, -0.22, -0.67, -0.22, -0.07, -0.07, -0.07, -0.07, -0.07, -0.07, -0.07, -0.07, -0.07, -0.07, -0.07, -0.07, -0.07, -0.10, -0.22, -0.10, -0.07, -0.07, 
-0.07, -0.07, -0.07, -0.07, -0.07, -0.07, -0.07, -0.10, -0.22, -0.10, -0.07, -0.07, -0.07, -0.07, -0.07, -0.07, -0.07, -0.07, -0.07, -0.07, -0.07, -0.07, -0.07, -0.22, -0.67, -0.22, -0.07, -0.07, 
-0.07, -0.07, -0.07, -0.07, 0.07, -0.07, -0.07, -0.07, -0.07, -0.07, -0.07, -0.07, -0.07, -0.07, 0.36, -0.07, -0.07, -0.07, -0.07, -0.07, -0.07, -0.07, -0.07, -0.10, -0.22, -0.10, -0.07, -0.07, 
-0.07, -0.07, -0.10, -0.22, -0.10, -0.22, -0.10, -0.07, -0.07, -0.07, -0.07, -0.07, -0.07, -0.07, -0.07, -0.07, -0.07, -0.07, -0.07, -0.07, -0.07, 0.53, -0.10, -0.22, -0.10, -0.07, -0.07, -0.07, 
-0.07, -0.10, -0.22, 0.00, -0.22, -0.67, -0.22, -0.07, -0.07, -0.07, -0.07, -0.07, -0.07, -0.07, -0.07, -0.07, -0.07, -0.07, -0.07, -0.07, -0.07, -0.07, -0.22, -0.67, -0.22, -0.07, -0.07, -0.07, 
-0.07, -0.22, -0.67, -0.22, -0.10, -0.22, -0.10, -0.22, -0.10, -0.07, -0.07, -0.07, -0.07, -0.07, -0.07, 0.40, -0.07, -0.07, -0.07, -0.07, 0.50, -0.07, -0.10, -0.22, -0.10, -0.07, -0.07, -0.07, 
-0.07, -0.03, -0.22, -0.10, -0.07, -0.07, -0.22, -0.67, -0.22, -0.07, -0.07, -0.07, -0.07, -0.07, -0.07, -0.07, -0.07, -0.07, -0.10, -0.22, -0.10, -0.07, -0.07, -0.07, -0.07, -0.07, -0.07, -0.07, 
-0.07, -0.07, -0.07, -0.07, -0.07, -0.07, -0.10, -0.22, -0.10, -0.07, -0.07, -0.07, -0.07, -0.07, -0.07, -0.07, -0.07, -0.07, -0.22, -0.67, -0.22, -0.07, -0.07, -0.07, -0.07, -0.07, -0.07, -0.07, 
-0.07, -0.07, -0.07, -0.07, -0.07, -0.07, -0.07, -0.07, -0.07, -0.07, -0.07, -0.07, -0.07, -0.07, -0.07, 0.43, -0.07, -0.07, 0.43, -0.22, -0.10, -0.07, -0.07, -0.07, -0.07, -0.07, -0.07, -0.07, 
-0.03, -0.07, -0.07, -0.07, -0.07, -0.07, -0.07, -0.07, -0.07, -0.07, -0.07, -0.07, -0.07, -0.07, -0.07, -0.07, -0.07, -0.07, -0.07, -0.07, -0.07, -0.07, -0.07, -0.07, -0.07, -0.07, -0.07, -0.07, 
-0.07, -0.07, -0.07, -0.07, -0.07, -0.07, -0.07, -0.07, -0.07, -0.07, -0.07, -0.07, -0.07, -0.07, -0.07, -0.07, -0.07, -0.07, -0.07, -0.07, -0.07, -0.07, -0.07, -0.07, -0.07, -0.07, -0.07, -0.07, 
-0.07, -0.07, -0.07, -0.07, -0.07, -0.07, -0.07, -0.07, -0.07, -0.07, -0.07, -0.07, -0.07, -0.07, -0.07, -0.07, -0.07, -0.07, -0.07, -0.07, -0.07, -0.07, -0.07, -0.07, -0.07, -0.07, -0.07, -0.07, 
-- optimal policy --
>  >  r  >  r  r  v  l  >  r  r  >  r  r  v  v  l  >  >  >  r  r  >  >  r  v  l  l  
v  r  r  v  r  r  r  v  l  r  r  r  >  r  v  l  v  R  R  R  r  r  v  r  >  >  <  <  
r  r  r  r  r  r  r  r  v  r  r  v  r  >  >  r  v  l  r  r  r  >  r  v  R  ^  L  <  
r  r  r  r  r  v  r  r  r  v  >  r  >  R  ^  >  r  <  r  r  >  r  >  R  <  R  ^  L  
r  >  r  >  r  r  v  r  >  >  R  ^  R  ^  r  R  ^  L  r  >  >  >  R  ^  L  L  ^  ^  
>  R  >  >  r  r  r  v  R  ^  L  R  r  r  >  r  v  l  r  R  R  R  r  v  l  L  L  L  
>  R  R  R  r  r  >  R  <  R  ^  L  >  r  r  >  l  <  r  r  R  R  >  >  <  <  L  L  
r  r  r  r  r  >  R  ^  L  r  v  l  r  >  r  R  ^  L  r  r  r  >  R  ^  L  <  L  L  
r  r  r  r  >  R  ^  L  ^  r  r  v  v  r  >  r  v  l  r  r  r  r  v  l  ^  L  <  L  
>  r  r  >  R  >  L  <  R  r  >  r  v  l  r  >  >  <  r  >  r  >  v  <  <  L  L  <  
R  >  r  R  >  R  ^  L  r  >  r  >  r  v  v  R  ^  L  r  r  >  R  ^  L  L  L  L  L  
R  >  >  r  R  ^  ^  L  r  r  >  r  >  r  v  l  l  r  >  r  R  ^  ^  L  L  L  L  L  
r  >  >  >  ^  <  ^  r  r  r  r  r  r  >  v  <  <  r  r  >  r  v  l  <  <  l  ^  L  
>  R  R  R  ^  L  r  r  r  r  r  >  >  R  ^  L  v  r  r  r  >  v  <  L  L  <  <  L  
R  R  >  R  <  L  >  >  r  r  >  R  R  >  r  v  l  >  r  r  R  ^  L  L  L  L  L  L  
^  L  R  ^  L  >  R  R  r  >  R  R  r  r  >  >  <  >  >  >  ^  <  L  L  l  l  L  L  
^  L  >  R  r  R  ^  R  >  R  R  >  >  r  R  ^  L  v  R  R  ^  L  <  <  l  l  <  L  
R  ^  R  R  >  r  r  r  R  R  r  r  r  >  r  v  l  r  v  l  R  ^  L  <  <  l  l  l  
v  R  R  >  R  >  r  >  R  r  r  r  r  r  >  l  <  >  v  <  l  ^  ^  L  <  <  <  <  
L  <  >  R  >  R  >  R  r  r  r  >  r  >  R  ^  L  R  ^  L  <  <  ^  ^  L  L  L  <  
^  L  R  >  >  >  R  r  r  r  r  r  >  R  ^  L  R  ^  ^  L  L  <  l  ^  ^  L  L  L  
^  R  R  R  R  R  >  >  >  >  >  >  R  ^  ^  R  ^  R  ^  ^  ^  L  <  <  ^  ^  L  <  
Total actions tested : 35
Correct actions (%) : 5.71
Avg angular diffs   : 109.29
