arguments: 38 20 3 0.411131 -0.367995 0.161974 -0.0588997
loading features...

Initializing gridworld of size 28 by 22..
    Num states: 616
    Num actions: 8
recovered reward
-0.06, -0.06, -0.06, -0.06, -0.06, -0.06, -0.06, -0.06, -0.06, 0.39, -0.06, -0.06, -0.06, 0.41, -0.06, -0.06, -0.06, 0.43, -0.06, -0.06, 0.44, -0.06, 0.46, -0.06, -0.06, 0.48, -0.06, -0.06, 
0.35, -0.06, -0.06, 0.36, -0.06, -0.06, 0.38, -0.06, -0.06, -0.43, -0.06, -0.06, -0.06, -0.06, -0.06, -0.06, -0.06, -0.06, -0.06, -0.06, -0.06, -0.06, -0.06, -0.06, -0.06, -0.06, -0.06, -0.06, 
-0.06, -0.06, -0.06, -0.06, -0.06, -0.06, -0.06, -0.06, -0.06, -0.06, -0.06, -0.06, -0.06, -0.06, -0.06, -0.06, -0.06, 0.35, -0.06, -0.06, -0.06, -0.06, -0.06, -0.06, -0.06, -0.06, -0.06, -0.06, 
0.33, -0.06, -0.06, -0.06, -0.06, -0.43, -0.06, -0.06, -0.06, -0.06, -0.06, -0.06, -0.06, -0.06, 0.35, -0.06, -0.06, -0.43, -0.06, -0.06, -0.06, -0.06, -0.06, -0.06, 0.35, -0.06, -0.06, -0.06, 
-0.06, -0.06, -0.06, -0.06, -0.06, -0.06, -0.06, -0.06, -0.06, -0.06, -0.06, -0.06, -0.06, -0.06, -0.06, -0.06, -0.06, -0.06, -0.06, -0.06, -0.06, -0.06, -0.06, -0.06, -0.06, -0.06, 0.31, -0.06, 
-0.06, -0.43, -0.06, -0.06, -0.06, -0.06, -0.06, -0.06, -0.06, -0.06, -0.06, -0.06, -0.06, -0.06, -0.43, -0.06, -0.06, -0.06, -0.06, -0.06, -0.06, -0.06, -0.06, -0.06, -0.06, -0.06, -0.06, -0.06, 
-0.06, -0.06, -0.06, -0.06, -0.06, -0.06, -0.06, -0.06, -0.06, -0.06, -0.06, -0.06, -0.06, -0.06, -0.06, -0.06, -0.06, -0.06, -0.06, -0.06, -0.06, -0.06, -0.06, -0.06, -0.43, -0.06, -0.06, -0.06, 
-0.06, -0.06, -0.06, -0.06, -0.06, -0.06, -0.06, -0.06, -0.06, -0.06, -0.06, -0.06, -0.06, -0.06, -0.06, -0.06, -0.06, -0.06, -0.06, -0.06, -0.06, -0.06, -0.06, -0.06, -0.06, -0.06, 0.30, -0.06, 
-0.06, -0.06, -0.06, -0.06, -0.06, -0.06, -0.06, -0.06, -0.43, -0.06, -0.06, -0.06, -0.06, -0.06, 0.35, -0.06, -0.06, -0.06, -0.06, -0.06, -0.06, -0.06, -0.06, -0.06, -0.06, -0.06, -0.06, -0.06, 
-0.06, -0.06, -0.06, -0.06, -0.06, -0.06, -0.06, -0.06, -0.06, -0.06, 0.20, -0.06, -0.06, -0.06, 0.18, -0.06, -0.06, 0.17, -0.06, -0.06, 0.56, -0.06, 0.35, 0.14, -0.06, -0.06, -0.06, -0.06, 
-0.06, -0.06, -0.06, -0.06, -0.06, -0.06, -0.06, -0.06, -0.06, -0.06, -0.06, -0.06, -0.06, -0.06, -0.06, -0.06, -0.06, -0.06, -0.06, -0.06, -0.06, -0.06, -0.43, -0.06, -0.06, 0.35, 0.28, -0.06, 
-0.06, -0.06, -0.06, -0.06, -0.06, -0.06, -0.06, 0.22, -0.06, -0.06, -0.06, -0.06, -0.06, -0.06, -0.06, -0.06, -0.06, -0.06, -0.06, -0.06, -0.06, -0.06, -0.06, -0.06, -0.06, -0.06, -0.06, -0.06, 
-0.06, -0.06, -0.06, -0.06, -0.06, -0.06, -0.06, -0.06, -0.06, -0.06, -0.06, -0.06, -0.06, -0.06, -0.06, -0.06, -0.43, -0.06, -0.06, -0.06, -0.06, -0.06, -0.06, -0.06, -0.06, -0.06, -0.06, -0.06, 
0.27, -0.06, -0.06, -0.12, -0.06, -0.06, 0.23, -0.06, -0.06, 0.35, -0.06, -0.06, -0.06, -0.06, -0.06, -0.06, -0.06, -0.06, -0.06, -0.06, 0.35, 0.35, -0.06, -0.06, -0.06, -0.06, 0.10, -0.06, 
-0.06, -0.06, -0.06, -0.06, -0.06, -0.06, -0.06, -0.06, -0.06, -0.06, -0.06, -0.06, -0.06, -0.06, -0.06, -0.06, -0.06, -0.06, -0.06, -0.06, -0.06, -0.06, -0.06, -0.06, -0.06, -0.06, -0.06, -0.06, 
-0.06, -0.06, -0.06, -0.06, -0.06, -0.06, -0.06, -0.06, -0.06, -0.06, -0.06, -0.06, -0.06, -0.06, -0.06, -0.06, -0.06, -0.06, -0.06, -0.06, -0.06, -0.06, -0.06, -0.06, -0.06, -0.06, -0.06, -0.06, 
-0.06, -0.06, -0.06, -0.06, -0.43, -0.06, -0.06, -0.06, -0.06, -0.06, -0.06, -0.06, -0.06, -0.06, -0.06, -0.06, -0.06, -0.06, -0.06, -0.06, -0.06, -0.06, -0.06, -0.06, -0.43, -0.06, 0.09, -0.06, 
-0.06, -0.06, -0.06, -0.06, -0.06, -0.06, -0.06, -0.06, -0.06, -0.06, -0.06, -0.06, -0.06, -0.06, -0.06, -0.06, -0.06, -0.06, -0.06, -0.06, -0.06, -0.06, -0.06, -0.06, -0.06, -0.06, -0.06, -0.06, 
-0.06, -0.06, -0.06, -0.06, -0.06, -0.06, -0.06, -0.06, 0.35, -0.06, -0.06, -0.06, -0.06, 0.35, -0.06, -0.06, -0.06, -0.06, -0.06, -0.06, -0.06, -0.06, -0.06, -0.06, 0.07, -0.06, -0.06, -0.06, 
-0.06, -0.06, -0.04, -0.06, -0.06, -0.03, -0.06, -0.06, -0.01, -0.06, -0.06, 0.01, -0.06, -0.06, 0.02, -0.06, -0.06, 0.04, -0.06, -0.06, 0.05, -0.06, -0.06, -0.06, -0.06, -0.06, -0.06, -0.06, 
-0.06, -0.06, -0.06, -0.06, -0.06, -0.06, -0.06, -0.06, -0.06, -0.06, -0.06, -0.06, -0.06, -0.06, -0.06, -0.06, -0.06, -0.06, -0.06, -0.06, -0.06, -0.06, -0.06, -0.06, -0.06, -0.06, -0.06, -0.06, 
-0.06, -0.06, -0.06, -0.06, -0.06, -0.06, -0.06, -0.06, -0.06, -0.06, -0.06, -0.06, -0.06, -0.06, -0.06, -0.06, -0.06, -0.06, -0.06, -0.06, -0.06, -0.06, -0.06, -0.06, -0.06, -0.06, -0.06, -0.06, 
-- optimal policy --
r  >  r  r  >  r  r  r  >  r  r  r  >  r  r  r  >  r  r  >  r  >  >  r  >  ^  <  <  
r  r  >  r  r  >  r  >  R  r  r  >  R  r  r  >  R  r  >  R  >  R  r  >  R  ^  L  L  
r  >  R  r  >  R  >  R  r  r  >  R  >  r  >  R  >  >  R  >  R  r  >  R  ^  ^  ^  L  
>  R  r  >  R  >  R  r  r  >  R  r  r  >  R  >  R  R  >  R  r  >  R  ^  R  ^  ^  L  
R  r  >  R  >  R  r  r  >  R  r  r  >  R  >  R  ^  >  R  r  >  R  R  R  ^  L  ^  ^  
r  >  R  >  R  r  r  >  R  r  r  >  R  R  R  R  >  R  r  >  R  R  R  ^  L  ^  L  L  
>  R  >  R  r  r  >  R  r  r  >  R  R  R  R  >  R  r  >  R  R  R  R  ^  L  L  ^  L  
R  >  R  r  r  >  R  >  r  >  R  R  R  r  >  R  r  >  R  R  R  R  ^  L  L  ^  ^  L  
>  R  r  r  >  R  r  r  >  R  R  R  r  >  R  r  >  R  R  R  R  R  ^  L  L  R  ^  L  
R  r  r  >  R  r  r  >  R  R  R  r  >  R  ^  >  R  R  R  >  ^  <  ^  ^  R  ^  ^  ^  
r  r  >  R  r  r  >  R  R  R  r  >  R  R  ^  R  R  R  >  R  ^  L  ^  L  ^  ^  L  ^  
r  >  R  r  r  >  R  R  R  r  >  R  R  ^  R  R  R  >  R  ^  ^  L  L  ^  R  ^  L  L  
>  R  >  r  >  R  R  >  r  >  R  R  ^  R  R  R  >  R  R  ^  L  ^  L  R  ^  R  ^  L  
R  r  r  >  R  R  r  r  >  R  R  ^  R  R  R  >  R  R  ^  ^  ^  L  R  ^  R  R  ^  ^  
r  r  >  R  R  R  r  >  R  ^  L  R  R  R  >  R  R  R  ^  R  ^  L  L  R  R  R  ^  L  
r  >  R  R  R  r  >  R  ^  L  R  R  R  >  R  R  ^  ^  R  ^  L  ^  L  L  R  ^  L  ^  
>  R  R  R  r  >  R  ^  L  R  R  R  >  R  R  ^  L  R  ^  R  ^  L  ^  L  L  ^  L  L  
R  R  R  r  >  R  R  ^  R  R  R  >  R  R  ^  R  R  R  ^  L  R  ^  L  ^  L  R  ^  L  
R  R  r  >  R  R  R  >  R  R  >  R  R  ^  ^  R  R  R  ^  R  ^  L  L  ^  R  R  R  ^  
R  >  >  R  R  R  >  R  ^  L  R  R  R  ^  L  R  R  ^  R  ^  ^  ^  L  R  ^  L  R  ^  
>  R  R  R  R  >  R  R  ^  R  R  R  ^  R  ^  L  R  ^  L  R  ^  L  R  ^  R  ^  L  ^  
R  R  R  R  >  R  R  ^  R  R  R  ^  R  ^  ^  ^  L  ^  R  ^  R  R  ^  R  ^  L  ^  L  
Correct actions (%) : 25.00
Avg angular diffs   : 66.43
