arguments: 38 9 3 0.477702 -0.400605 0.0461073 -0.0755858
loading features...

Initializing gridworld of size 28 by 22..
    Num states: 616
    Num actions: 8
recovered reward
-0.08, -0.08, -0.08, -0.08, -0.08, -0.08, -0.08, -0.08, -0.08, -0.08, -0.08, -0.08, -0.08, -0.08, -0.08, -0.08, -0.08, -0.08, -0.08, -0.08, -0.08, -0.08, -0.08, -0.08, -0.08, -0.08, -0.08, -0.08, 
-0.08, -0.08, -0.08, -0.08, -0.08, -0.08, -0.08, -0.08, -0.08, -0.08, -0.08, -0.08, -0.08, -0.08, -0.08, -0.08, -0.08, -0.08, -0.08, -0.08, -0.08, -0.08, -0.08, -0.08, -0.18, -0.17, -0.18, -0.08, 
-0.08, -0.08, -0.08, -0.08, -0.08, -0.08, -0.08, -0.08, -0.08, -0.08, -0.08, -0.08, -0.08, -0.08, -0.03, -0.08, -0.08, -0.08, -0.08, -0.08, -0.08, -0.08, -0.08, -0.08, -0.28, -0.48, -0.28, -0.08, 
-0.08, -0.08, -0.08, -0.08, -0.08, -0.08, -0.08, -0.08, -0.08, -0.08, -0.08, -0.04, -0.08, 0.04, 0.16, 0.04, -0.03, -0.08, -0.08, -0.08, -0.08, 0.04, 0.16, 0.14, -0.18, -0.28, -0.18, -0.08, 
-0.08, -0.08, -0.08, -0.08, -0.08, -0.08, -0.08, -0.08, -0.08, -0.04, -0.08, -0.08, -0.18, -0.04, 0.30, 0.16, -0.08, -0.08, -0.08, -0.08, -0.18, -0.04, 0.30, 0.16, -0.08, -0.08, -0.08, -0.08, 
-0.08, -0.08, -0.08, -0.08, -0.08, -0.08, -0.08, -0.08, -0.08, -0.08, -0.08, -0.08, -0.28, -0.36, -0.04, 0.04, -0.08, -0.08, -0.08, -0.08, -0.28, -0.36, -0.04, 0.04, -0.08, -0.08, -0.08, -0.08, 
-0.08, -0.08, -0.08, -0.08, -0.08, -0.08, -0.08, -0.05, -0.08, -0.08, -0.08, -0.08, -0.18, -0.28, -0.18, -0.18, -0.02, -0.08, -0.08, -0.08, -0.18, -0.28, -0.18, 0.02, -0.08, -0.08, -0.08, -0.08, 
-0.08, -0.08, -0.08, -0.08, -0.08, -0.08, -0.08, -0.08, -0.08, -0.08, -0.08, -0.08, -0.08, -0.28, -0.48, -0.28, -0.08, -0.08, -0.08, -0.08, -0.08, -0.08, -0.08, -0.08, -0.08, -0.08, -0.08, -0.08, 
-0.08, -0.08, -0.08, -0.08, -0.08, -0.08, 0.04, 0.16, 0.04, -0.08, -0.18, -0.28, -0.18, -0.18, -0.28, -0.18, -0.08, -0.08, -0.08, -0.18, -0.28, -0.18, -0.08, -0.08, -0.08, -0.08, -0.08, -0.08, 
-0.08, -0.08, -0.08, -0.08, -0.08, -0.08, 0.19, 0.30, -0.04, -0.18, -0.28, -0.48, -0.28, -0.08, -0.08, -0.08, -0.02, -0.08, -0.08, -0.28, -0.48, -0.28, 0.01, -0.08, -0.08, -0.08, -0.08, -0.08, 
-0.08, -0.08, -0.08, 0.04, 0.16, 0.04, -0.06, -0.04, -0.06, -0.16, 0.06, -0.16, -0.18, 0.04, 0.16, 0.04, -0.08, -0.08, -0.08, -0.18, -0.28, -0.18, -0.08, -0.08, -0.08, -0.08, -0.08, -0.08, 
-0.08, -0.08, -0.08, 0.16, 0.40, 0.16, -0.04, 0.00, -0.04, 0.06, 0.40, 0.16, -0.08, 0.16, 0.40, 0.16, -0.08, -0.08, -0.08, 0.04, 0.16, 0.04, -0.08, -0.08, -0.08, -0.08, -0.08, -0.08, 
-0.08, -0.08, -0.08, 0.04, 0.18, 0.04, 0.06, -0.16, -0.06, 0.04, 0.16, 0.04, 0.16, 0.04, 0.22, 0.04, -0.08, -0.08, -0.08, 0.16, 0.40, 0.16, -0.08, -0.08, -0.08, -0.08, -0.08, -0.08, 
-0.08, -0.08, -0.08, -0.08, -0.08, 0.16, 0.40, 0.16, -0.08, -0.18, -0.28, 0.06, 0.40, 0.16, -0.08, -0.08, -0.08, -0.08, -0.08, 0.04, 0.16, 0.13, -0.08, -0.08, -0.08, -0.08, -0.08, -0.08, 
-0.08, -0.08, -0.08, -0.06, -0.08, 0.04, 0.16, 0.04, -0.08, -0.28, -0.48, -0.16, 0.16, 0.04, -0.08, -0.08, -0.08, -0.08, -0.08, -0.08, -0.08, -0.08, -0.08, -0.08, -0.18, -0.28, -0.18, -0.08, 
-0.08, -0.08, -0.08, -0.08, -0.08, -0.08, -0.08, -0.08, -0.08, -0.18, -0.28, -0.18, -0.08, -0.08, -0.08, -0.01, -0.08, -0.08, -0.08, -0.18, -0.20, -0.18, -0.08, -0.08, -0.28, -0.48, -0.28, -0.08, 
-0.08, -0.07, -0.08, -0.08, -0.08, -0.18, -0.28, -0.18, -0.08, -0.08, -0.08, -0.08, -0.08, -0.08, -0.08, -0.08, -0.08, -0.08, -0.08, -0.28, -0.48, -0.28, -0.08, -0.08, -0.18, -0.28, -0.18, -0.08, 
-0.08, -0.08, -0.08, -0.08, -0.08, -0.28, -0.48, -0.28, -0.08, -0.08, -0.08, 0.04, 0.16, 0.04, -0.08, -0.08, -0.08, -0.08, -0.08, -0.18, -0.28, -0.18, -0.08, -0.08, -0.08, -0.08, -0.08, -0.08, 
-0.08, -0.08, -0.08, -0.08, -0.08, -0.18, -0.28, -0.18, -0.08, -0.08, -0.08, 0.16, 0.40, 0.16, 0.04, 0.23, 0.04, -0.08, -0.00, -0.08, -0.08, -0.08, -0.08, -0.08, -0.08, -0.08, -0.08, -0.08, 
-0.07, -0.08, -0.08, -0.08, -0.08, -0.08, -0.08, -0.08, -0.08, -0.08, -0.08, 0.04, 0.16, 0.04, 0.16, 0.40, 0.16, -0.08, -0.08, -0.08, -0.08, -0.08, -0.08, -0.08, -0.08, -0.08, -0.08, -0.08, 
-0.08, -0.08, -0.08, -0.08, -0.08, -0.08, -0.08, -0.08, -0.08, -0.08, -0.08, -0.08, -0.08, -0.08, 0.04, 0.16, 0.04, -0.08, -0.08, -0.08, -0.08, -0.08, -0.08, -0.08, -0.08, -0.08, -0.08, -0.08, 
-0.08, -0.08, -0.08, -0.08, -0.08, -0.08, -0.08, -0.08, -0.08, -0.08, -0.08, -0.08, -0.08, -0.08, -0.08, -0.08, -0.08, -0.08, -0.08, -0.08, -0.08, -0.08, -0.08, -0.08, -0.08, -0.08, -0.08, -0.08, 
-- optimal policy --
r  r  r  r  r  r  r  >  r  v  r  r  r  v  r  v  l  l  l  r  r  v  v  v  l  <  <  <  
r  v  r  r  v  r  r  r  >  r  r  r  r  r  v  l  l  l  l  r  r  v  v  v  l  L  L  v  
r  r  v  r  r  v  >  r  v  >  r  v  r  r  v  l  l  l  <  >  r  r  v  l  l  l  r  v  
r  r  r  v  r  r  v  >  r  v  >  >  >  r  v  l  l  <  l  >  >  r  v  l  l  l  l  l  
r  r  r  r  v  r  r  v  >  >  R  ^  R  >  ^  <  <  L  <  R  R  >  >  <  <  l  <  l  
v  >  r  r  r  v  r  v  l  ^  L  ^  R  R  ^  L  L  l  L  ^  R  R  ^  L  L  <  l  <  
r  v  >  r  r  r  v  v  v  l  l  L  L  R  R  ^  L  <  L  L  r  R  R  ^  L  L  <  L  
r  r  v  >  r  r  r  v  l  l  <  <  L  <  ^  R  ^  L  l  <  >  >  R  ^  L  L  L  <  
r  r  r  v  >  r  r  v  l  <  <  L  r  r  r  r  v  l  <  l  R  r  v  l  ^  L  L  L  
>  r  r  r  v  >  >  <  <  r  v  l  r  r  v  l  l  <  v  l  r  >  v  <  <  L  L  L  
>  >  r  r  v  l  R  ^  L  r  v  l  r  r  v  l  l  L  r  r  v  l  l  L  <  L  L  L  
>  R  >  >  v  <  <  l  >  >  v  <  >  >  v  <  <  L  r  r  v  l  l  <  L  <  L  L  
R  >  R  R  ^  L  v  l  l  R  ^  L  v  R  ^  L  L  <  >  >  v  <  <  L  <  L  <  L  
>  R  R  R  ^  >  <  <  <  R  ^  >  ^  <  ^  L  L  L  R  R  ^  L  L  <  L  <  L  L  
R  R  R  ^  R  R  ^  L  L  <  R  R  ^  L  L  v  l  R  R  R  ^  L  L  L  <  L  L  L  
r  v  R  R  R  R  ^  L  L  L  r  R  ^  L  L  L  <  R  R  ^  L  ^  L  L  L  L  R  ^  
>  R  <  R  R  R  R  ^  L  r  r  r  v  l  l  ^  L  l  l  l  l  R  ^  L  L  l  l  l  
R  ^  L  R  ^  L  L  R  ^  >  r  r  v  l  r  v  l  l  v  l  l  l  ^  ^  L  <  l  l  
v  l  ^  L  ^  L  r  >  >  R  >  >  ^  <  r  v  l  l  <  <  l  <  <  ^  ^  L  <  l  
<  <  <  ^  L  L  >  >  R  >  R  R  ^  L  >  ^  <  <  ^  L  <  L  <  l  ^  ^  L  <  
^  L  L  <  ^  L  R  R  >  R  R  R  ^  R  R  ^  L  L  <  ^  L  L  <  <  L  R  ^  L  
^  L  L  L  <  >  R  R  R  R  R  R  R  R  R  ^  L  L  L  L  ^  L  <  <  L  L  R  ^  
Correct actions (%) : 15.20
Avg angular diffs   : 95.76
