arguments: 38 19 4 -0.569288 -0.170412 -0.0730337 -0.187266

Initializing gridworld of size 28 by 22..
    Num states: 616
    Num actions: 8
recovered reward
-0.19, -0.19, -0.19, -0.19, -0.19, -0.19, -0.19, -0.19, -0.19, -0.19, -0.19, -0.19, -0.19, -0.19, -0.19, -0.19, -0.19, -0.19, -0.19, -0.19, -0.19, -0.19, -0.19, -0.19, -0.19, -0.19, -0.19, -0.19, 
-0.19, -0.19, -0.19, -0.19, -0.19, -0.19, -0.19, -0.19, -0.19, -0.19, -0.19, -0.19, -0.19, -0.19, -0.19, -0.19, -0.19, -0.19, -0.19, -0.19, -0.19, -0.19, -0.19, -0.19, -0.19, -0.19, -0.19, -0.19, 
-0.19, -0.19, -0.19, -0.19, -0.19, -0.19, -0.19, -0.19, -0.19, -0.19, -0.19, -0.19, -0.19, -0.19, -0.19, -0.19, -0.19, -0.19, -0.19, -0.19, -0.19, -0.19, -0.19, -0.19, -0.19, -0.19, -0.19, -0.19, 
-0.19, -0.19, -0.19, -0.19, -0.19, -0.19, -0.19, -0.19, -0.19, -0.19, -0.19, -0.19, -0.19, -0.19, -0.19, -0.19, -0.19, -0.19, -0.19, -0.19, -0.19, -0.19, -0.19, -0.19, -0.19, -0.19, -0.19, -0.19, 
-0.19, -0.19, -0.19, -0.19, -0.19, -0.19, -0.19, -0.19, -0.19, -0.19, -0.19, -0.19, -0.19, -0.19, -0.19, -0.19, -0.19, -0.19, -0.19, -0.19, -0.19, -0.19, -0.19, -0.19, -0.19, -0.19, -0.19, -0.19, 
-0.19, -0.19, -0.19, -0.19, -0.19, -0.19, -0.19, -0.19, -0.19, -0.19, -0.19, -0.19, -0.19, -0.19, -0.19, -0.19, -0.19, -0.19, -0.19, -0.19, -0.19, -0.19, -0.19, -0.19, -0.19, -0.19, -0.19, -0.19, 
-0.19, -0.19, -0.19, -0.19, -0.19, -0.19, -0.19, -0.19, -0.19, -0.19, -0.19, -0.19, -0.19, -0.19, -0.19, -0.19, -0.19, -0.19, -0.19, -0.19, -0.19, -0.19, -0.19, -0.19, -0.19, -0.19, -0.19, -0.19, 
-0.19, -0.19, -0.19, -0.19, -0.19, -0.19, -0.19, -0.19, -0.19, -0.19, -0.19, -0.19, -0.19, -0.19, -0.19, -0.19, -0.19, -0.19, -0.19, -0.19, -0.19, -0.19, -0.19, -0.19, -0.19, -0.19, -0.19, -0.19, 
-0.19, -0.19, -0.19, -0.19, -0.19, -0.19, -0.19, -0.19, -0.19, -0.19, -0.19, -0.19, -0.19, -0.19, -0.19, -0.19, -0.19, -0.19, -0.19, -0.19, -0.19, -0.19, -0.19, -0.19, -0.19, -0.19, -0.19, -0.19, 
-0.19, -0.19, -0.19, -0.19, -0.19, -0.19, -0.19, -0.19, -0.19, -0.19, -0.19, -0.19, -0.19, -0.19, -0.19, -0.19, -0.19, -0.19, -0.19, -0.19, -0.19, -0.19, -0.19, -0.19, -0.19, -0.19, -0.19, -0.19, 
-0.19, -0.19, -0.19, -0.19, -0.19, -0.19, -0.19, -0.19, -0.19, -0.19, -0.19, -0.19, -0.19, -0.19, -0.19, -0.19, -0.19, -0.19, -0.19, -0.19, -0.19, -0.19, -0.19, -0.19, -0.19, -0.19, -0.19, -0.19, 
-0.19, -0.19, -0.19, -0.19, -0.19, -0.19, -0.19, -0.19, -0.19, -0.19, -0.19, -0.19, -0.19, -0.19, -0.19, -0.19, -0.19, -0.19, -0.19, -0.19, -0.19, -0.19, -0.19, -0.19, -0.19, -0.19, -0.19, -0.19, 
-0.19, -0.19, -0.19, -0.19, -0.19, -0.19, -0.19, -0.19, -0.19, -0.19, -0.19, -0.19, -0.19, -0.19, -0.19, -0.19, -0.19, -0.19, -0.19, -0.19, -0.19, -0.19, -0.19, -0.19, -0.19, -0.19, -0.19, -0.19, 
-0.19, -0.19, -0.19, -0.19, -0.19, -0.19, -0.19, -0.19, -0.19, -0.19, -0.19, -0.19, -0.19, -0.19, -0.19, -0.19, -0.19, -0.19, -0.19, -0.19, -0.19, -0.19, -0.19, -0.19, -0.19, -0.19, -0.19, -0.19, 
-0.19, -0.19, -0.19, -0.19, -0.19, -0.19, -0.19, -0.19, -0.19, -0.19, -0.19, -0.19, -0.19, -0.19, -0.19, -0.19, -0.19, -0.19, -0.19, -0.19, -0.19, -0.19, -0.19, -0.19, -0.19, -0.19, -0.19, -0.19, 
-0.19, -0.19, -0.19, -0.19, -0.19, -0.19, -0.19, -0.19, -0.19, -0.19, -0.19, -0.19, -0.19, -0.19, -0.19, -0.19, -0.19, -0.19, -0.19, -0.19, -0.19, -0.19, -0.19, -0.19, -0.19, -0.19, -0.19, -0.19, 
-0.19, -0.19, -0.19, -0.19, -0.19, -0.19, -0.19, -0.19, -0.19, -0.19, -0.19, -0.19, -0.19, -0.19, -0.19, -0.19, -0.19, -0.19, -0.19, -0.19, -0.19, -0.19, -0.19, -0.19, -0.19, -0.19, -0.19, -0.19, 
-0.19, -0.19, -0.19, -0.19, -0.19, -0.19, -0.19, -0.19, -0.19, -0.19, -0.19, -0.19, -0.19, -0.19, -0.19, -0.19, -0.19, -0.19, -0.19, -0.19, -0.19, -0.19, -0.19, -0.19, -0.19, -0.19, -0.19, -0.19, 
-0.19, -0.19, -0.19, -0.19, -0.19, -0.19, -0.19, -0.19, -0.19, -0.19, -0.19, -0.19, -0.19, -0.19, -0.19, -0.19, -0.19, -0.19, -0.19, -0.19, -0.19, -0.19, -0.19, -0.19, -0.19, -0.19, -0.19, -0.19, 
-0.19, -0.19, -0.19, -0.19, -0.19, -0.19, -0.19, -0.19, -0.19, -0.19, -0.19, -0.19, -0.19, -0.19, -0.19, -0.19, -0.19, -0.19, -0.19, -0.19, -0.19, -0.19, -0.19, -0.19, -0.19, -0.19, -0.19, -0.19, 
-0.19, -0.19, -0.19, -0.19, -0.19, -0.19, -0.19, -0.19, -0.19, -0.19, -0.19, -0.19, -0.19, -0.19, -0.19, -0.19, -0.19, -0.19, -0.19, -0.19, -0.19, -0.19, -0.19, -0.19, -0.19, -0.19, -0.19, -0.19, 
-0.19, -0.19, -0.19, -0.19, -0.19, -0.19, -0.19, -0.19, -0.19, -0.19, -0.19, -0.19, -0.19, -0.19, -0.19, -0.19, -0.19, -0.19, -0.19, -0.19, -0.19, -0.19, -0.19, -0.19, -0.19, -0.19, -0.19, -0.19, 
-- optimal policy --
^  ^  <  >  L  <  R  L  ^  <  R  ^  <  ^  R  <  R  <  >  ^  L  <  >  L  <  L  ^  >  
^  ^  L  R  ^  L  ^  R  L  L  ^  ^  L  ^  ^  L  ^  L  ^  L  ^  L  R  ^  L  ^  L  ^  
v  v  v  v  v  l  <  v  v  l  v  l  v  l  v  l  v  v  v  v  v  l  v  l  v  l  v  l  
v  v  v  v  l  <  L  v  l  v  l  v  l  v  l  v  v  v  v  v  l  v  l  v  l  v  l  v  
v  v  v  l  <  L  v  l  <  l  v  l  v  l  v  v  v  v  v  l  v  l  v  l  v  l  v  v  
v  v  l  <  L  v  l  <  v  v  l  v  l  v  v  v  v  v  l  v  l  v  l  v  l  v  v  v  
v  l  <  L  v  l  <  L  v  l  v  l  v  v  v  v  v  l  <  l  v  l  v  l  v  v  v  v  
v  <  L  v  l  <  L  l  l  <  l  v  v  v  v  v  l  <  v  v  l  v  l  v  v  v  v  v  
l  <  v  l  <  L  l  v  v  v  v  v  v  v  v  l  <  L  v  l  v  l  v  v  v  v  v  v  
^  L  l  <  L  l  <  v  v  v  v  v  v  v  l  <  L  v  l  v  l  v  v  v  v  v  v  v  
v  l  <  L  l  <  >  r  v  v  v  v  v  l  <  L  v  v  l  l  v  v  v  v  v  v  v  v  
<  <  L  l  <  L  v  >  r  v  v  v  l  <  L  v  v  l  v  v  v  v  v  v  v  v  v  v  
L  <  v  l  <  v  r  v  >  r  v  l  <  L  v  l  l  v  v  v  v  v  v  v  v  v  v  v  
^  L  l  <  L  v  v  r  v  >  v  <  L  v  l  v  v  v  v  v  v  v  v  v  v  v  v  v  
v  l  <  L  v  v  v  v  r  v  v  <  v  l  v  v  v  v  v  v  v  v  l  v  v  v  v  v  
<  <  L  v  v  v  v  v  v  v  l  <  r  v  l  v  v  v  v  v  v  l  v  r  v  v  v  v  
^  L  l  r  v  v  l  l  >  v  <  L  v  l  v  r  v  v  v  v  l  v  v  v  r  v  v  v  
v  l  v  v  v  l  v  v  v  l  L  v  v  l  r  v  r  v  v  l  v  v  v  l  v  r  v  v  
<  <  r  v  l  ^  r  v  l  v  v  v  l  <  v  r  v  l  l  v  v  v  l  <  r  v  r  v  
L  <  >  l  r  v  >  r  v  l  v  l  <  r  v  v  r  r  v  l  v  l  <  L  >  r  v  r  
L  v  l  ^  r  v  R  ^  r  v  l  <  L  >  r  v  l  v  l  <  v  <  L  >  >  >  r  ^  
^  v  <  >  >  l  <  R  ^  v  <  L  >  >  >  l  <  v  <  v  v  <  >  >  >  >  l  l  
