arguments: 38 19 3 0.422101 -0.446014 0.0594203 -0.0724638
loading features...

Initializing gridworld of size 28 by 22..
    Num states: 616
    Num actions: 8
recovered reward
-0.07, -0.07, -0.07, -0.07, -0.07, -0.07, -0.07, -0.07, -0.07, -0.07, -0.07, -0.07, -0.07, -0.07, -0.30, -0.52, -0.30, -0.07, -0.07, -0.07, -0.07, -0.07, -0.07, -0.07, -0.07, -0.07, -0.07, -0.07, 
-0.07, -0.07, -0.07, -0.07, -0.07, 0.03, 0.14, 0.03, -0.07, -0.07, -0.07, -0.07, -0.07, -0.07, -0.18, -0.30, -0.18, -0.07, -0.07, -0.07, -0.07, -0.18, -0.30, -0.18, -0.07, -0.07, -0.07, -0.07, 
-0.07, -0.07, -0.07, -0.07, -0.07, 0.14, 0.35, 0.14, 0.03, 0.14, 0.03, -0.07, -0.07, -0.07, -0.07, -0.07, -0.07, -0.07, -0.07, -0.07, -0.07, -0.30, -0.52, -0.30, -0.07, -0.07, 0.06, -0.07, 
-0.07, 0.03, 0.14, 0.03, -0.07, 0.03, 0.14, 0.03, 0.14, 0.39, 0.03, 0.14, 0.08, -0.07, -0.07, -0.07, -0.07, -0.07, -0.07, -0.07, -0.07, -0.18, -0.30, -0.18, -0.07, 0.03, 0.14, 0.03, 
-0.07, 0.14, 0.35, 0.14, 0.03, 0.14, 0.03, -0.07, 0.03, 0.14, 0.14, 0.35, 0.14, -0.07, -0.07, -0.07, -0.07, -0.07, -0.07, -0.07, -0.07, -0.07, -0.07, -0.07, -0.18, -0.08, 0.24, 0.14, 
-0.07, 0.03, 0.14, 0.03, 0.14, 0.35, 0.14, -0.04, -0.07, -0.07, 0.03, 0.14, 0.03, -0.07, -0.07, -0.07, -0.07, -0.07, -0.07, -0.07, -0.07, -0.07, -0.07, -0.07, -0.30, -0.41, 0.04, 0.03, 
-0.07, -0.07, -0.07, -0.07, 0.03, 0.14, 0.03, -0.07, -0.07, -0.07, -0.07, -0.07, -0.07, -0.02, -0.07, -0.07, -0.07, -0.07, -0.07, -0.07, -0.07, -0.07, -0.07, -0.07, -0.18, -0.30, -0.18, -0.07, 
-0.07, -0.07, -0.07, -0.07, -0.07, -0.07, -0.07, -0.07, -0.07, -0.07, -0.07, -0.07, -0.07, -0.07, -0.07, -0.07, -0.07, -0.07, -0.07, -0.07, -0.07, -0.07, -0.07, -0.07, -0.07, -0.07, -0.07, -0.07, 
-0.07, -0.07, -0.07, -0.07, -0.07, -0.07, -0.07, -0.04, -0.07, -0.07, -0.07, -0.07, -0.07, -0.07, -0.01, -0.07, -0.07, -0.07, -0.07, -0.07, -0.07, -0.07, -0.07, -0.07, -0.07, 0.05, -0.07, -0.07, 
-0.07, -0.18, -0.30, -0.18, -0.07, -0.07, -0.07, -0.07, -0.07, -0.07, -0.07, -0.07, -0.07, -0.07, -0.07, 0.03, 0.14, 0.03, -0.07, -0.07, -0.07, -0.07, -0.07, -0.07, -0.07, -0.07, -0.07, -0.07, 
-0.07, -0.30, -0.52, -0.30, -0.18, -0.17, 0.03, -0.19, -0.18, -0.08, -0.08, -0.08, -0.07, -0.07, -0.07, 0.14, 0.41, 0.14, -0.07, -0.07, -0.07, -0.07, -0.07, -0.07, -0.07, -0.07, -0.07, -0.07, 
-0.07, -0.18, -0.30, -0.18, -0.30, -0.31, 0.13, -0.31, -0.30, -0.08, -0.10, -0.08, -0.07, -0.07, -0.07, 0.03, 0.14, 0.03, -0.07, 0.03, 0.14, 0.03, -0.07, -0.07, 0.04, -0.07, -0.07, -0.07, 
-0.07, -0.07, -0.07, -0.07, -0.18, -0.19, 0.03, -0.19, -0.18, -0.08, -0.08, -0.08, -0.30, -0.18, -0.07, -0.18, -0.30, -0.18, -0.07, 0.14, 0.35, 0.14, -0.07, -0.07, -0.07, -0.07, -0.07, -0.07, 
-0.07, -0.07, -0.07, -0.07, -0.05, -0.07, -0.07, -0.07, -0.07, -0.07, -0.07, -0.30, -0.52, -0.30, -0.07, -0.30, -0.52, -0.22, -0.18, -0.19, 0.03, 0.03, -0.07, -0.07, -0.07, -0.07, -0.07, -0.07, 
-0.07, -0.07, -0.07, -0.07, -0.07, -0.07, -0.07, -0.18, -0.30, -0.08, 0.14, -0.08, -0.30, -0.18, -0.07, -0.18, -0.30, -0.18, -0.30, -0.52, -0.30, -0.07, 0.03, -0.07, -0.07, -0.07, -0.07, -0.07, 
-0.07, -0.07, -0.07, -0.07, -0.07, -0.07, -0.07, -0.30, -0.52, -0.08, 0.24, 0.14, -0.07, -0.07, -0.07, -0.07, -0.07, -0.07, -0.18, -0.30, -0.18, -0.07, -0.07, -0.07, -0.07, -0.07, -0.07, -0.07, 
-0.07, -0.07, -0.06, -0.07, -0.07, -0.07, -0.07, -0.18, -0.30, -0.08, -0.08, 0.03, -0.07, -0.07, -0.07, -0.07, -0.07, 0.00, -0.07, -0.07, -0.07, -0.07, -0.07, -0.07, -0.07, -0.07, -0.07, -0.07, 
-0.07, -0.07, -0.07, -0.07, -0.07, -0.07, -0.07, -0.07, -0.18, -0.19, 0.03, 0.03, -0.07, -0.07, -0.07, -0.07, -0.07, -0.07, -0.07, -0.07, -0.07, -0.07, -0.07, 0.03, -0.07, -0.07, -0.07, -0.07, 
-0.07, -0.07, -0.07, -0.07, -0.07, -0.07, -0.07, -0.07, -0.07, 0.14, 0.35, 0.14, -0.07, -0.07, -0.07, -0.07, -0.07, -0.07, -0.07, -0.07, -0.07, -0.07, -0.07, -0.07, -0.07, -0.07, -0.07, -0.07, 
-0.07, -0.07, -0.07, -0.07, -0.07, -0.07, -0.07, -0.07, -0.07, 0.03, 0.14, 0.03, -0.07, -0.07, -0.07, -0.07, 0.01, -0.07, -0.07, -0.07, 0.02, -0.07, -0.07, -0.07, -0.07, -0.07, -0.07, -0.07, 
-0.07, -0.07, -0.07, -0.07, -0.07, -0.07, -0.07, -0.07, -0.07, -0.07, -0.07, -0.07, -0.07, -0.07, -0.07, -0.07, -0.07, -0.07, -0.07, 0.02, -0.07, -0.07, -0.07, -0.07, -0.07, -0.07, -0.07, -0.07, 
-0.07, -0.07, -0.07, -0.07, -0.07, -0.07, -0.07, -0.07, -0.07, -0.07, -0.07, -0.07, -0.07, -0.07, -0.07, -0.07, -0.07, -0.07, -0.07, -0.07, -0.07, -0.07, -0.07, -0.07, -0.07, -0.07, -0.07, -0.07, 
-- optimal policy --
v  l  r  r  r  r  v  l  l  v  l  l  l  l  l  l  r  v  l  l  >  >  >  r  r  v  v  v  
r  v  l  >  r  r  v  l  r  v  l  l  l  l  l  l  l  l  l  l  R  R  R  r  r  r  v  l  
r  r  v  l  >  >  v  <  r  v  l  v  l  l  l  <  <  l  l  r  v  l  R  >  r  r  v  l  
r  r  v  l  R  R  ^  L  >  r  <  v  l  l  l  l  l  l  l  l  r  r  r  >  >  r  v  l  
>  >  <  <  r  v  l  R  R  ^  L  <  <  <  <  l  l  v  l  r  v  >  >  R  R  >  >  <  
R  R  ^  L  >  <  <  <  R  R  R  ^  L  L  l  <  v  l  r  v  l  l  R  ^  R  R  ^  L  
R  R  ^  R  R  ^  L  L  L  R  R  ^  L  L  <  v  l  v  v  l  l  l  >  r  v  R  ^  L  
R  R  R  R  R  ^  L  L  L  R  ^  ^  R  r  v  l  v  v  l  l  l  <  >  >  r  v  l  ^  
R  R  R  R  ^  ^  ^  L  <  ^  ^  R  >  >  r  r  v  l  l  l  <  r  v  >  >  R  <  L  
R  R  R  ^  >  r  v  l  L  <  R  >  >  R  r  r  v  l  l  l  l  v  l  l  R  ^  L  L  
^  L  R  R  R  r  v  l  L  L  L  R  R  >  >  >  <  <  <  r  v  l  l  r  v  l  L  L  
r  r  r  v  l  >  v  <  r  v  r  R  >  >  R  R  ^  L  L  r  v  l  l  >  v  <  <  ^  
>  r  >  r  v  R  ^  L  r  v  v  l  R  R  R  R  ^  L  >  >  <  <  <  R  ^  L  <  L  
r  >  >  >  >  R  ^  L  r  r  v  l  l  R  ^  L  R  R  R  R  ^  L  L  l  <  L  L  L  
r  r  >  R  ^  L  ^  ^  >  r  v  l  l  l  l  r  v  l  l  R  R  ^  L  <  <  L  L  L  
r  r  v  l  L  ^  L  L  R  >  ^  <  <  <  l  r  r  v  l  l  R  R  ^  L  <  l  l  L  
r  >  l  <  L  r  r  v  >  R  ^  L  L  l  l  >  >  <  <  <  R  R  r  v  l  l  <  L  
>  R  ^  L  <  >  r  r  r  r  v  l  l  l  r  v  R  ^  L  v  r  v  >  ^  <  <  L  L  
v  l  L  ^  L  r  r  >  >  >  v  <  <  <  >  r  v  l  >  r  v  l  R  ^  L  <  <  l  
<  <  <  L  ^  >  >  >  R  R  ^  L  L  L  >  >  ^  <  r  >  l  <  <  ^  ^  L  L  <  
^  L  L  <  >  r  R  R  R  R  ^  L  L  L  >  R  ^  L  >  R  ^  L  <  <  ^  ^  L  L  
^  L  L  L  R  >  R  R  R  ^  L  ^  L  L  R  R  ^  >  R  ^  L  L  L  <  L  ^  ^  L  
Correct actions (%) : 16.18
Avg angular diffs   : 93.31
