arguments: 38 16 1 0.308974 0.116667 0.0615385 -0.512821
loading features...

Initializing gridworld of size 28 by 22..
    Num states: 616
    Num actions: 8
recovered reward
-0.51, -0.51, -0.48, -0.45, -0.48, -0.51, -0.38, -0.51, -0.51, -0.37, -0.51, -0.51, -0.51, -0.37, -0.51, -0.51, -0.51, -0.36, -0.51, -0.51, -0.35, -0.51, -0.35, -0.51, -0.51, -0.34, -0.51, -0.51, 
-0.51, -0.51, -0.45, -0.27, -0.45, -0.51, -0.51, -0.51, -0.51, -0.51, -0.51, -0.51, -0.51, -0.51, -0.51, -0.51, -0.48, -0.45, -0.48, -0.51, -0.51, -0.51, -0.51, -0.51, -0.51, -0.51, -0.51, -0.51, 
-0.51, -0.39, -0.48, -0.45, -0.48, -0.51, -0.51, -0.51, -0.51, -0.51, -0.51, -0.51, -0.51, -0.51, -0.51, -0.51, -0.45, -0.40, -0.45, -0.51, -0.51, -0.51, -0.51, -0.51, -0.51, -0.51, -0.51, -0.51, 
-0.40, -0.51, -0.48, -0.45, -0.48, -0.51, -0.51, -0.51, -0.51, -0.51, -0.51, -0.51, -0.51, -0.51, -0.51, -0.51, -0.48, -0.45, -0.41, -0.36, -0.44, -0.51, -0.51, -0.51, -0.51, -0.51, -0.51, -0.51, 
-0.51, -0.51, -0.51, -0.51, -0.51, -0.51, -0.51, -0.51, -0.51, -0.51, -0.51, -0.51, -0.51, -0.51, -0.51, -0.51, -0.51, -0.44, -0.36, -0.44, -0.36, -0.51, -0.51, -0.51, -0.51, -0.51, -0.51, -0.51, 
-0.51, -0.51, -0.48, -0.45, -0.48, -0.51, -0.51, -0.51, -0.51, -0.51, -0.51, -0.51, -0.44, -0.36, -0.44, -0.51, -0.51, -0.36, -0.20, -0.36, -0.44, -0.51, -0.51, -0.51, -0.51, -0.51, -0.51, -0.51, 
-0.40, -0.44, -0.30, -0.32, -0.45, -0.51, -0.51, -0.51, -0.51, -0.51, -0.51, -0.51, -0.36, -0.20, -0.36, -0.51, -0.51, -0.44, -0.36, -0.44, -0.51, -0.51, -0.51, -0.51, -0.51, -0.51, -0.51, -0.51, 
-0.51, -0.36, -0.07, -0.30, -0.48, -0.41, -0.51, -0.51, -0.51, -0.51, -0.51, -0.51, -0.44, -0.36, -0.41, -0.45, -0.48, -0.51, -0.51, -0.51, -0.51, -0.51, -0.51, -0.51, -0.51, -0.51, -0.51, -0.51, 
-0.51, -0.44, -0.36, -0.44, -0.51, -0.51, -0.51, -0.51, -0.51, -0.51, -0.51, -0.51, -0.51, -0.51, -0.45, -0.32, -0.30, -0.44, -0.48, -0.45, -0.48, -0.51, -0.51, -0.51, -0.51, -0.51, -0.51, -0.51, 
-0.51, -0.51, -0.51, -0.51, -0.51, -0.51, -0.51, -0.51, -0.51, -0.42, -0.51, -0.51, -0.40, -0.45, -0.48, -0.22, -0.17, -0.36, -0.38, -0.40, -0.45, -0.51, -0.51, -0.51, -0.51, -0.51, -0.51, -0.51, 
-0.51, -0.48, -0.45, -0.48, -0.51, -0.51, -0.51, -0.51, -0.51, -0.51, -0.51, -0.51, -0.45, -0.40, -0.45, -0.44, -0.36, -0.44, -0.33, -0.38, -0.48, -0.45, -0.51, -0.51, -0.51, -0.51, -0.51, -0.51, 
-0.51, -0.45, -0.40, -0.45, -0.51, -0.51, -0.51, -0.51, -0.51, -0.51, -0.44, -0.36, -0.41, -0.45, -0.48, -0.51, -0.51, -0.36, -0.20, -0.36, -0.51, -0.51, -0.51, -0.51, -0.45, -0.51, -0.51, -0.51, 
-0.51, -0.48, -0.45, -0.48, -0.51, -0.51, -0.51, -0.44, -0.36, -0.44, -0.36, -0.20, -0.36, -0.51, -0.51, -0.51, -0.51, -0.44, -0.36, -0.44, -0.51, -0.51, -0.44, -0.36, -0.41, -0.45, -0.48, -0.51, 
-0.51, -0.51, -0.51, -0.51, -0.51, -0.51, -0.51, -0.36, -0.20, -0.36, -0.44, -0.36, -0.44, -0.51, -0.51, -0.51, -0.51, -0.51, -0.51, -0.51, -0.51, -0.51, -0.36, -0.20, -0.30, -0.40, -0.45, -0.51, 
-0.51, -0.51, -0.51, -0.51, -0.51, -0.51, -0.51, -0.41, -0.30, -0.41, -0.48, -0.51, -0.51, -0.51, -0.51, -0.51, -0.51, -0.51, -0.51, -0.51, -0.51, -0.51, -0.44, -0.36, -0.35, -0.45, -0.48, -0.51, 
-0.51, -0.51, -0.44, -0.36, -0.44, -0.44, -0.51, -0.45, -0.40, -0.45, -0.45, -0.51, -0.51, -0.51, -0.51, -0.51, -0.51, -0.51, -0.51, -0.44, -0.36, -0.44, -0.51, -0.51, -0.51, -0.51, -0.51, -0.51, 
-0.51, -0.51, -0.36, -0.20, -0.36, -0.36, -0.51, -0.48, -0.45, -0.48, -0.48, -0.51, -0.51, -0.51, -0.51, -0.51, -0.51, -0.51, -0.51, -0.36, -0.20, -0.36, -0.51, -0.46, -0.51, -0.51, -0.51, -0.51, 
-0.51, -0.51, -0.44, -0.36, -0.44, -0.44, -0.51, -0.51, -0.51, -0.51, -0.51, -0.51, -0.51, -0.51, -0.51, -0.51, -0.51, -0.51, -0.51, -0.44, -0.36, -0.39, -0.51, -0.51, -0.51, -0.51, -0.51, -0.51, 
-0.51, -0.51, -0.51, -0.51, -0.51, -0.51, -0.51, -0.51, -0.48, -0.44, -0.48, -0.51, -0.49, -0.51, -0.51, -0.48, -0.51, -0.51, -0.48, -0.51, -0.51, -0.51, -0.51, -0.51, -0.51, -0.51, -0.51, -0.51, 
-0.51, -0.51, -0.51, -0.51, -0.51, -0.50, -0.51, -0.51, -0.45, -0.40, -0.45, -0.51, -0.51, -0.51, -0.51, -0.51, -0.51, -0.51, -0.51, -0.51, -0.51, -0.51, -0.51, -0.51, -0.51, -0.51, -0.51, -0.51, 
-0.51, -0.51, -0.51, -0.51, -0.51, -0.51, -0.51, -0.51, -0.48, -0.45, -0.48, -0.51, -0.51, -0.51, -0.51, -0.51, -0.51, -0.51, -0.51, -0.51, -0.51, -0.51, -0.51, -0.51, -0.51, -0.51, -0.51, -0.51, 
-0.51, -0.51, -0.51, -0.51, -0.51, -0.51, -0.51, -0.51, -0.51, -0.51, -0.51, -0.51, -0.51, -0.51, -0.51, -0.51, -0.51, -0.51, -0.51, -0.51, -0.51, -0.51, -0.51, -0.51, -0.51, -0.51, -0.51, -0.51, 
-- optimal policy --
v  r  r  v  l  l  l  l  l  l  <  r  v  r  r  r  r  v  l  l  l  v  l  <  l  l  <  <  
r  v  l  v  l  l  l  l  l  l  r  v  r  v  r  r  r  v  l  l  v  l  l  l  l  l  L  L  
v  l  r  v  l  l  l  l  l  r  r  r  v  v  l  r  r  r  r  v  l  l  l  l  l  l  l  L  
r  r  v  l  v  l  l  l  l  r  r  r  r  v  v  l  r  r  v  l  l  l  l  l  l  l  l  l  
r  r  r  v  l  l  l  l  l  r  r  r  r  v  l  l  r  r  v  l  l  <  <  <  l  l  l  l  
r  r  v  l  l  l  l  l  l  r  r  r  r  v  l  l  r  >  v  <  <  L  <  l  l  l  l  l  
r  r  v  l  l  <  l  l  l  r  r  >  >  r  <  l  l  l  l  L  L  l  l  l  l  l  l  l  
>  >  >  <  <  L  <  l  l  r  >  R  R  r  r  r  v  l  l  l  l  l  l  l  l  l  l  v  
R  R  ^  L  L  L  L  <  <  >  R  R  R  >  r  r  v  l  l  l  l  l  l  l  l  l  v  l  
R  R  ^  L  L  L  L  L  <  R  R  >  r  r  >  >  <  <  <  l  l  <  l  l  l  v  l  l  
R  ^  R  ^  L  L  L  L  L  r  r  R  >  >  R  R  ^  L  L  l  l  L  <  <  v  l  l  l  
R  R  ^  L  L  L  L  L  r  r  r  v  R  R  R  R  ^  L  L  <  <  L  L  l  l  l  l  l  
R  R  ^  L  L  L  L  r  v  >  >  R  R  R  R  ^  R  R  ^  L  L  L  L  v  l  l  l  l  
R  R  ^  L  L  L  >  >  >  R  R  ^  L  L  R  R  R  R  ^  L  L  L  L  <  <  <  <  <  
R  ^  R  ^  L  L  R  R  ^  R  R  ^  L  L  R  R  R  ^  R  ^  L  L  L  ^  L  L  L  L  
^  R  ^  ^  r  R  R  R  ^  L  L  L  ^  L  R  R  R  ^  ^  ^  ^  L  L  R  ^  L  L  L  
R  >  >  >  >  R  R  R  ^  L  L  L  L  R  R  R  ^  L  >  >  ^  <  <  L  ^  ^  L  L  
>  R  R  ^  R  ^  R  R  ^  L  L  L  L  R  R  R  ^  >  R  R  ^  L  L  L  L  ^  L  L  
R  R  R  ^  L  R  R  R  ^  L  L  L  L  L  R  ^  >  R  R  R  ^  L  L  L  L  L  ^  L  
R  R  ^  L  ^  L  R  R  R  ^  L  L  L  L  R  >  R  R  R  ^  L  ^  L  L  L  L  L  L  
R  R  ^  L  R  ^  L  R  R  ^  L  L  L  L  L  R  R  R  R  ^  L  ^  L  L  L  L  L  L  
R  ^  R  R  R  ^  R  R  R  ^  L  L  L  L  R  R  R  R  ^  L  ^  L  ^  L  L  L  L  L  
Correct actions (%) : 10.94
Avg angular diffs   : 90.70
