arguments: 38 5 2 0.266075 -0.0656397 0.601306 -0.0669792

Initializing gridworld of size 28 by 22..
    Num states: 616
    Num actions: 8
recovered reward
-0.07, -0.07, -0.07, -0.07, -0.07, -0.07, -0.07, -0.07, -0.07, -0.07, -0.07, -0.07, -0.07, -0.07, -0.07, -0.07, -0.07, -0.07, -0.07, -0.07, -0.07, -0.07, -0.07, -0.07, -0.07, -0.07, -0.07, -0.07, 
-0.07, -0.07, -0.07, -0.07, -0.07, -0.07, -0.07, -0.07, -0.07, -0.07, -0.07, -0.07, -0.07, -0.07, -0.07, -0.07, -0.07, -0.07, -0.07, -0.07, -0.07, -0.07, -0.07, -0.07, -0.07, -0.07, -0.07, -0.07, 
-0.07, -0.07, -0.07, -0.07, -0.07, -0.07, -0.07, -0.07, -0.07, -0.07, -0.07, -0.07, -0.07, -0.07, -0.07, -0.07, -0.07, -0.07, -0.07, -0.07, -0.07, -0.07, -0.07, -0.07, -0.07, -0.07, -0.07, -0.07, 
-0.07, -0.07, -0.07, -0.07, -0.07, -0.07, -0.07, -0.07, -0.07, -0.07, -0.07, -0.07, -0.07, -0.07, -0.07, -0.07, -0.07, -0.07, -0.07, -0.07, -0.07, -0.07, -0.07, -0.07, -0.07, -0.07, -0.07, -0.07, 
-0.07, -0.07, -0.07, -0.07, -0.07, -0.07, -0.07, -0.07, -0.07, -0.07, -0.07, -0.07, -0.07, -0.07, -0.07, -0.07, -0.07, -0.07, -0.07, -0.07, -0.07, -0.07, -0.07, -0.07, -0.07, -0.07, -0.07, -0.07, 
-0.07, -0.07, -0.07, -0.07, -0.07, -0.07, -0.07, -0.07, -0.07, -0.07, -0.07, -0.07, -0.07, -0.07, -0.07, -0.07, -0.07, -0.07, -0.07, -0.07, -0.07, -0.07, -0.07, -0.07, -0.07, -0.07, -0.07, -0.07, 
-0.07, -0.07, -0.07, -0.07, -0.07, -0.07, -0.07, -0.07, -0.07, -0.07, -0.07, -0.07, -0.07, -0.07, -0.07, -0.07, -0.07, -0.07, -0.07, -0.07, -0.07, -0.07, -0.07, -0.07, -0.07, -0.07, -0.07, -0.07, 
-0.07, -0.07, -0.07, -0.07, -0.07, -0.07, -0.07, -0.07, -0.07, -0.07, -0.07, -0.07, -0.07, -0.07, -0.07, -0.07, -0.07, -0.07, -0.07, -0.07, -0.07, -0.07, -0.07, -0.07, -0.07, -0.07, -0.07, -0.07, 
-0.07, -0.07, -0.07, -0.07, -0.07, -0.07, -0.07, -0.07, -0.07, -0.07, -0.07, -0.07, -0.07, -0.07, -0.07, -0.07, -0.07, -0.07, -0.07, -0.07, -0.07, -0.07, -0.07, -0.07, -0.07, -0.07, -0.07, -0.07, 
-0.07, -0.07, -0.07, -0.07, -0.07, -0.07, -0.07, -0.07, -0.07, -0.07, -0.07, -0.07, -0.07, -0.07, -0.07, -0.07, -0.07, -0.07, -0.07, -0.07, -0.07, -0.07, -0.07, -0.07, -0.07, -0.07, -0.07, -0.07, 
-0.07, -0.07, -0.07, -0.07, -0.07, -0.07, -0.07, -0.07, -0.07, -0.07, -0.07, -0.07, -0.07, -0.07, -0.07, -0.07, -0.07, -0.07, -0.07, -0.07, -0.07, -0.07, -0.07, -0.07, -0.07, -0.07, -0.07, -0.07, 
-0.07, -0.07, -0.07, -0.07, -0.07, -0.07, -0.07, -0.07, -0.07, -0.07, -0.07, -0.07, -0.07, -0.07, -0.07, -0.07, -0.07, -0.07, -0.07, -0.07, -0.07, -0.07, -0.07, -0.07, -0.07, -0.07, -0.07, -0.07, 
-0.07, -0.07, -0.07, -0.07, -0.07, -0.07, -0.07, -0.07, -0.07, -0.07, -0.07, -0.07, -0.07, -0.07, -0.07, -0.07, -0.07, -0.07, -0.07, -0.07, -0.07, -0.07, -0.07, -0.07, -0.07, -0.07, -0.07, -0.07, 
-0.07, -0.07, -0.07, -0.07, -0.07, -0.07, -0.07, -0.07, -0.07, -0.07, -0.07, -0.07, -0.07, -0.07, -0.07, -0.07, -0.07, -0.07, -0.07, -0.07, -0.07, -0.07, -0.07, -0.07, -0.07, -0.07, -0.07, -0.07, 
-0.07, -0.07, -0.07, -0.07, -0.07, -0.07, -0.07, -0.07, -0.07, -0.07, -0.07, -0.07, -0.07, -0.07, -0.07, -0.07, -0.07, -0.07, -0.07, -0.07, -0.07, -0.07, -0.07, -0.07, -0.07, -0.07, -0.07, -0.07, 
-0.07, -0.07, -0.07, -0.07, -0.07, -0.07, -0.07, -0.07, -0.07, -0.07, -0.07, -0.07, -0.07, -0.07, -0.07, -0.07, -0.07, -0.07, -0.07, -0.07, -0.07, -0.07, -0.07, -0.07, -0.07, -0.07, -0.07, -0.07, 
-0.07, -0.07, -0.07, -0.07, -0.07, -0.07, -0.07, -0.07, -0.07, -0.07, -0.07, -0.07, -0.07, -0.07, -0.07, -0.07, -0.07, -0.07, -0.07, -0.07, -0.07, -0.07, -0.07, -0.07, -0.07, -0.07, -0.07, -0.07, 
-0.07, -0.07, -0.07, -0.07, -0.07, -0.07, -0.07, -0.07, -0.07, -0.07, -0.07, -0.07, -0.07, -0.07, -0.07, -0.07, -0.07, -0.07, -0.07, -0.07, -0.07, -0.07, -0.07, -0.07, -0.07, -0.07, -0.07, -0.07, 
-0.07, -0.07, -0.07, -0.07, -0.07, -0.07, -0.07, -0.07, -0.07, -0.07, -0.07, -0.07, -0.07, -0.07, -0.07, -0.07, -0.07, -0.07, -0.07, -0.07, -0.07, -0.07, -0.07, -0.07, -0.07, -0.07, -0.07, -0.07, 
-0.07, -0.07, -0.07, -0.07, -0.07, -0.07, -0.07, -0.07, -0.07, -0.07, -0.07, -0.07, -0.07, -0.07, -0.07, -0.07, -0.07, -0.07, -0.07, -0.07, -0.07, -0.07, -0.07, -0.07, -0.07, -0.07, -0.07, -0.07, 
-0.07, -0.07, -0.07, -0.07, -0.07, -0.07, -0.07, -0.07, -0.07, -0.07, -0.07, -0.07, -0.07, -0.07, -0.07, -0.07, -0.07, -0.07, -0.07, -0.07, -0.07, -0.07, -0.07, -0.07, -0.07, -0.07, -0.07, -0.07, 
-0.07, -0.07, -0.07, -0.07, -0.07, -0.07, -0.07, -0.07, -0.07, -0.07, -0.07, -0.07, -0.07, -0.07, -0.07, -0.07, -0.07, -0.07, -0.07, -0.07, -0.07, -0.07, -0.07, -0.07, -0.07, -0.07, -0.07, -0.07, 
-- optimal policy --
l  <  R  <  >  R  R  <  >  R  R  <  r  >  <  l  >  R  <  ^  L  <  r  >  ^  L  R  <  
^  L  ^  L  R  ^  ^  L  ^  ^  ^  L  R  >  l  r  R  ^  L  ^  ^  L  ^  R  ^  ^  ^  L  
L  <  L  L  R  >  R  >  R  ^  L  r  ^  ^  l  >  >  R  ^  ^  L  l  v  L  ^  <  l  <  
v  <  l  R  <  l  r  r  R  ^  L  >  L  R  <  R  R  ^  L  ^  l  L  v  L  <  <  ^  <  
L  l  <  l  ^  <  >  >  ^  <  <  v  l  R  L  <  <  r  l  r  ^  ^  r  l  L  ^  r  v  
<  <  L  v  l  R  R  v  r  ^  L  r  >  l  ^  v  >  R  L  R  L  <  L  L  <  r  v  l  
^  L  L  l  <  R  R  l  <  <  r  <  <  >  v  R  <  <  r  R  r  >  >  >  R  >  r  ^  
v  l  l  ^  L  >  L  >  ^  v  v  <  >  v  L  l  L  l  >  l  ^  <  L  r  R  R  ^  >  
l  <  v  l  <  v  ^  r  L  L  <  L  l  >  r  v  L  >  r  v  v  >  r  v  R  >  >  >  
<  <  l  <  >  v  <  R  <  <  L  r  r  l  >  R  <  <  l  l  l  l  r  r  v  r  R  ^  
<  v  ^  L  L  r  l  r  ^  ^  R  >  >  v  <  <  ^  R  r  <  ^  R  ^  l  >  ^  R  L  
^  l  <  v  ^  L  l  L  L  L  >  L  R  ^  r  ^  <  v  <  <  r  v  L  r  l  L  r  v  
L  <  L  >  v  v  R  v  l  >  R  <  ^  ^  l  R  v  l  R  >  r  r  R  r  v  r  v  l  
^  L  L  <  R  r  R  l  ^  <  r  l  l  L  ^  l  L  r  >  R  R  ^  ^  >  r  >  >  r  
l  <  R  L  >  l  l  ^  R  >  l  R  l  R  L  L  v  L  <  R  >  R  >  R  ^  R  R  L  
^  L  v  l  ^  ^  >  >  l  v  >  >  R  v  v  >  l  R  r  r  v  v  R  R  R  ^  >  >  
v  v  l  l  l  <  L  >  <  r  l  v  v  <  L  l  >  R  v  <  <  ^  v  L  R  >  >  r  
l  l  <  <  <  v  l  >  >  <  l  R  <  R  l  >  r  >  v  <  ^  <  L  >  <  >  >  >  
L  ^  L  L  L  L  R  r  R  >  >  ^  l  v  R  ^  l  L  >  R  r  L  ^  r  l  R  R  ^  
<  <  L  L  v  R  <  ^  v  r  r  l  <  <  l  ^  L  >  ^  <  r  >  ^  l  r  ^  >  R  
L  <  l  r  <  r  v  l  v  l  r  v  l  >  L  r  v  v  v  l  l  <  L  R  r  v  v  R  
L  <  <  ^  <  >  r  <  v  <  >  l  <  >  R  >  l  v  l  <  L  ^  R  <  >  v  r  ^  
