arguments: 38 10 3 0.0459184 0.0459184 -0.397959 -0.510204
loading features...

Initializing gridworld of size 28 by 22..
    Num states: 616
    Num actions: 8
recovered reward
-0.51, -0.51, -0.51, -0.51, -0.51, -0.51, -0.51, -0.50, -0.49, -1.41, -0.51, -0.51, -0.51, -1.47, -0.51, -0.51, -0.51, -1.51, -0.51, -0.51, -1.54, -0.51, -1.58, -0.51, -0.51, -1.62, -0.51, -0.51, 
-0.51, -0.51, -0.51, -0.51, -0.51, -0.51, -1.39, -0.49, -0.46, -0.49, -0.51, -0.51, -0.51, -0.51, -0.51, -0.51, -0.51, -0.51, -0.51, -0.51, -0.51, -0.51, -0.51, -0.51, -0.51, -0.51, -0.51, -0.51, 
-0.51, -0.51, -0.51, -0.50, -0.49, -0.50, -0.51, -0.50, -0.49, -0.50, -0.51, -0.51, -0.51, -0.51, -0.51, -0.51, -0.51, -0.51, -0.51, -0.51, -0.51, -0.51, -0.51, -0.51, -0.51, -0.51, -0.51, -0.51, 
-0.51, -0.51, -0.51, -0.49, -1.30, -0.49, -0.51, -0.51, -0.51, -0.51, -0.51, -0.51, -0.51, -0.51, -0.51, -0.51, -0.51, -0.51, -0.51, -0.51, -0.51, -0.51, -0.51, -0.51, -0.51, -0.51, -0.51, -0.51, 
-0.51, -0.51, -0.51, -0.50, -0.49, -0.50, -0.51, -0.51, -0.51, -0.50, -0.49, -0.50, -0.51, -0.51, -0.51, -0.51, -0.51, -0.51, -0.51, -0.51, -0.51, -0.51, -0.51, -0.51, -0.51, -0.51, -0.51, -0.51, 
-0.51, -0.51, -0.51, -0.50, -0.49, -0.50, -0.50, -0.49, -0.49, -0.49, -0.50, -0.49, -0.51, -0.51, -0.51, -0.51, -0.51, -0.51, -0.51, -0.51, -0.51, -0.51, -0.51, -0.51, -0.51, -0.51, -0.51, -0.51, 
-0.50, -0.49, -0.50, -0.49, -1.26, -0.49, -0.49, -0.46, -0.46, -0.46, -0.49, -0.50, -0.50, -0.51, -0.51, -0.50, -0.49, -0.50, -0.51, -0.51, -0.51, -0.51, -0.51, -0.51, -0.51, -0.51, -0.51, -0.51, 
-0.49, -0.46, -0.49, -0.50, -0.49, -0.50, -1.25, -0.49, -0.49, -0.49, -0.50, -0.46, -0.49, -0.51, -0.51, -0.49, -0.46, -0.49, -0.50, -0.51, -0.51, -0.51, -0.51, -0.51, -0.51, -0.51, -0.51, -0.51, 
-0.50, -0.49, -0.50, -0.51, -0.51, -0.51, -0.51, -0.51, -0.51, -0.51, -0.50, -0.49, -0.50, -0.51, -0.51, -0.50, -0.49, -0.50, -0.49, -0.51, -0.51, -0.51, -0.51, -0.51, -0.51, -0.51, -0.51, -0.51, 
-0.51, -0.51, -0.51, -0.51, -0.51, -0.51, -0.51, -1.23, -0.51, -0.51, -0.51, -0.51, -0.51, -0.51, -0.51, -0.51, -0.50, -0.49, -0.50, -0.51, -0.51, -0.51, -0.51, -0.51, -0.51, -0.51, -0.51, -0.51, 
-0.51, -0.51, -0.51, -0.51, -0.51, -0.51, -0.51, -0.51, -0.51, -0.51, -0.51, -0.50, -0.49, -0.50, -0.49, -0.50, -0.51, -0.51, -0.51, -0.51, -0.51, -0.51, -0.51, -0.51, -0.51, -0.51, -0.51, -0.51, 
-0.51, -0.51, -0.51, -0.51, -0.51, -0.51, -0.51, -0.51, -0.51, -0.51, -0.51, -0.49, -0.46, -0.49, -0.46, -0.49, -0.51, -0.51, -0.51, -0.51, -0.51, -0.51, -0.51, -0.51, -0.51, -0.51, -0.51, -0.51, 
-0.51, -0.51, -0.51, -0.51, -0.51, -0.51, -0.51, -0.51, -0.51, -0.51, -0.51, -0.50, -0.49, -0.50, -0.49, -0.50, -0.51, -0.51, -0.51, -0.50, -0.49, -0.50, -0.51, -0.51, -0.51, -0.51, -0.51, -0.51, 
-0.51, -0.51, -0.51, -0.51, -0.51, -0.51, -0.51, -1.19, -0.51, -0.51, -0.51, -0.51, -0.51, -0.51, -0.50, -0.49, -0.50, -0.51, -0.51, -0.49, -0.46, -0.49, -0.51, -0.51, -0.51, -0.51, -0.51, -0.51, 
-0.51, -0.51, -0.51, -0.51, -0.51, -0.51, -0.51, -0.50, -1.12, -0.50, -0.51, -0.51, -0.51, -0.50, -0.46, -0.45, -0.49, -0.51, -0.51, -0.50, -0.96, -0.50, -0.51, -0.95, -0.51, -0.51, -0.91, -0.51, 
-0.51, -0.51, -0.51, -0.51, -0.51, -0.51, -0.51, -0.50, -0.49, -0.50, -0.51, -0.51, -1.11, -0.49, -0.45, -1.02, -0.50, -0.50, -0.99, -0.48, -0.50, -0.51, -0.51, -0.51, -0.51, -0.51, -0.51, -0.51, 
-0.51, -0.51, -0.50, -0.49, -0.50, -0.51, -0.51, -0.49, -0.46, -0.49, -0.51, -0.51, -0.51, -0.50, -0.49, -0.50, -0.51, -0.49, -0.44, -0.44, -0.49, -0.51, -0.51, -0.51, -0.51, -0.51, -0.51, -0.51, 
-0.51, -0.51, -0.49, -0.46, -0.49, -0.51, -0.51, -0.50, -0.49, -0.50, -0.51, -0.51, -0.51, -0.51, -0.51, -0.51, -0.51, -0.50, -0.49, -0.46, -0.49, -0.51, -0.51, -0.51, -0.51, -0.51, -0.51, -0.87, 
-0.51, -0.51, -0.50, -0.49, -0.50, -0.51, -0.51, -0.51, -0.51, -0.51, -0.51, -0.51, -0.51, -0.51, -0.51, -0.51, -0.51, -0.51, -0.48, -0.44, -0.48, -0.51, -0.51, -0.51, -0.51, -0.51, -0.51, -0.51, 
-0.51, -0.51, -0.55, -0.51, -0.51, -0.59, -0.51, -0.51, -0.63, -0.51, -0.51, -0.67, -0.51, -0.51, -0.71, -0.51, -0.51, -0.75, -0.50, -0.49, -0.78, -0.51, -0.51, -0.83, -0.51, -0.51, -0.51, -0.51, 
-0.51, -0.51, -0.51, -0.51, -0.51, -0.51, -0.51, -0.51, -0.51, -0.51, -0.51, -0.51, -0.51, -0.51, -0.51, -0.51, -0.51, -0.51, -0.51, -0.51, -0.51, -0.51, -0.51, -0.51, -0.51, -0.51, -0.51, -0.51, 
-0.51, -0.51, -0.51, -0.51, -0.51, -0.51, -0.51, -0.51, -0.51, -0.51, -0.51, -0.51, -0.51, -0.51, -0.51, -0.51, -0.51, -0.51, -0.51, -0.51, -0.51, -0.51, -0.51, -0.51, -0.51, -0.51, -0.51, -0.51, 
-- optimal policy --
r  r  r  r  v  l  r  r  v  l  l  l  v  l  l  l  l  v  v  l  v  l  l  l  l  l  l  l  
r  r  r  r  v  l  l  >  v  <  l  v  l  l  l  l  v  v  l  v  l  l  l  l  l  l  l  l  
r  >  r  v  r  v  l  r  r  r  r  v  l  l  l  v  r  r  v  l  l  l  l  l  l  l  l  l  
r  r  >  r  r  r  r  r  r  r  v  l  l  l  v  r  r  r  v  l  l  l  l  l  l  l  l  l  
r  r  R  r  r  r  r  r  r  v  r  v  l  r  r  r  r  v  l  l  l  l  l  l  l  l  l  l  
r  r  r  >  r  r  r  r  r  r  v  l  v  l  r  r  v  l  l  l  l  l  l  l  l  l  l  l  
r  v  >  r  >  >  >  >  >  >  r  v  l  l  r  r  v  l  l  l  l  l  l  v  l  l  l  l  
>  >  R  >  R  R  R  R  R  r  r  v  l  l  r  r  v  l  l  l  l  l  v  l  l  l  l  l  
R  ^  R  R  R  ^  R  R  r  r  r  r  r  r  v  r  v  l  l  l  v  v  l  l  l  l  l  l  
R  ^  R  R  ^  R  R  r  r  r  r  r  r  r  v  l  l  r  v  v  l  l  v  l  l  l  l  l  
R  R  R  ^  R  R  r  >  r  >  r  r  r  r  v  l  l  r  r  v  l  v  l  l  l  l  l  l  
R  R  r  R  r  >  r  r  >  r  >  >  r  r  v  l  l  r  r  r  v  l  l  l  l  l  l  l  
R  r  >  r  r  r  >  r  r  >  R  R  r  r  r  v  l  l  r  r  v  l  l  l  l  l  l  l  
r  r  r  >  r  r  r  >  r  R  R  r  r  r  r  r  v  l  r  v  l  <  l  l  <  <  <  <  
r  r  r  r  >  r  r  r  >  R  r  >  r  r  >  >  r  v  r  v  l  l  <  <  l  L  l  l  
r  r  r  r  r  >  r  r  r  r  >  r  >  >  R  R  r  r  r  v  l  l  L  <  l  l  <  <  
>  r  r  v  >  r  >  >  >  >  r  >  R  R  ^  R  >  >  >  <  <  <  <  L  <  l  l  l  
r  >  >  >  r  >  R  R  R  r  >  R  R  R  ^  >  R  R  R  ^  L  L  <  L  L  <  <  <  
>  R  R  ^  >  R  R  R  R  >  R  R  R  R  >  R  R  R  >  ^  <  L  L  l  L  L  L  <  
R  R  R  R  R  R  R  R  >  R  R  R  R  R  R  R  R  R  R  ^  L  L  L  <  l  l  L  L  
R  ^  R  R  >  R  R  >  R  R  ^  R  R  >  R  R  >  R  R  ^  L  ^  L  L  <  <  l  L  
^  R  R  >  R  R  >  R  R  ^  R  R  >  R  R  >  R  R  ^  ^  L  L  ^  L  L  <  <  <  
Correct actions (%) : 15.65
Avg angular diffs   : 91.57
