arguments: 39 12 4 -0.000668226 -0.600401 0.332108 -0.0668226
loading features...

Initializing gridworld of size 28 by 22..
    Num states: 616
    Num actions: 8
recovered reward
-0.07, -0.07, -0.07, -0.07, -0.07, -0.07, -0.07, -0.07, -0.07, 0.86, -0.07, -0.07, -0.07, 0.90, -0.07, -0.07, -0.07, 0.93, -0.07, -0.07, 0.96, -0.07, 1.00, -0.07, -0.07, 1.03, -0.07, -0.07, 
0.76, -0.07, -0.07, 0.80, -0.07, -0.07, 0.83, -0.07, -0.07, -0.07, -0.07, -0.07, -0.07, -0.07, -0.07, -0.07, -0.07, -0.07, -0.07, -0.07, -0.22, -0.37, -0.22, -0.07, -0.07, -0.07, -0.07, -0.07, 
-0.07, -0.07, -0.07, -0.22, -0.37, -0.22, -0.37, -0.22, -0.07, -0.07, -0.07, -0.07, -0.07, -0.07, -0.07, -0.07, -0.07, -0.07, -0.07, -0.07, -0.37, -0.67, -0.37, -0.07, -0.07, -0.07, -0.07, -0.07, 
0.73, -0.07, -0.07, -0.37, -0.67, -0.37, -0.67, -0.37, -0.07, -0.07, -0.07, -0.07, -0.07, -0.07, -0.07, -0.07, -0.07, -0.07, -0.07, -0.07, -0.22, -0.37, -0.22, -0.07, -0.07, -0.07, -0.07, -0.07, 
-0.07, -0.07, -0.07, -0.22, -0.37, -0.22, -0.37, -0.22, -0.37, -0.22, -0.07, -0.07, -0.07, -0.07, -0.07, -0.07, -0.07, -0.07, -0.07, -0.07, -0.07, -0.07, -0.07, -0.07, -0.07, -0.07, 0.70, -0.07, 
-0.07, -0.07, -0.07, -0.07, -0.07, -0.07, -0.07, -0.37, -0.67, -0.37, -0.07, -0.07, -0.07, -0.07, -0.07, -0.07, -0.07, -0.07, -0.07, -0.07, -0.07, -0.07, -0.07, -0.07, -0.07, -0.07, -0.07, -0.07, 
-0.07, -0.07, -0.07, -0.07, -0.07, -0.07, -0.07, -0.22, -0.37, -0.22, -0.07, -0.07, -0.07, -0.07, -0.07, -0.07, -0.07, -0.07, -0.07, -0.07, -0.07, -0.07, -0.07, -0.07, -0.07, -0.07, -0.07, -0.07, 
-0.07, -0.07, -0.07, -0.07, -0.07, -0.07, -0.07, -0.07, -0.07, -0.07, -0.07, -0.07, -0.07, -0.07, -0.07, -0.07, -0.07, -0.07, -0.07, -0.07, -0.07, -0.07, -0.07, -0.07, -0.07, -0.07, 0.66, -0.07, 
-0.07, -0.07, -0.07, -0.07, -0.07, -0.07, -0.07, -0.07, -0.07, -0.07, -0.07, -0.07, -0.07, -0.07, -0.07, -0.07, -0.07, -0.07, -0.07, -0.07, -0.07, -0.07, -0.07, -0.07, -0.07, -0.07, -0.07, -0.07, 
-0.07, -0.07, -0.07, -0.07, -0.07, -0.07, -0.07, -0.07, -0.07, -0.07, 0.46, -0.07, -0.07, -0.07, 0.43, -0.07, -0.07, 0.25, -0.37, -0.22, 0.36, -0.07, -0.07, 0.33, -0.07, -0.07, -0.07, -0.07, 
-0.07, -0.07, -0.07, -0.07, -0.07, -0.07, -0.07, -0.07, -0.07, -0.07, -0.07, -0.07, -0.07, -0.07, -0.07, -0.22, -0.37, -0.37, -0.67, -0.37, -0.07, -0.07, -0.07, -0.07, -0.07, -0.07, 0.63, -0.07, 
-0.07, -0.07, -0.07, -0.07, -0.07, -0.07, -0.07, 0.50, -0.07, -0.07, -0.22, -0.37, -0.22, -0.07, -0.07, -0.37, -0.67, -0.22, -0.37, -0.22, -0.37, -0.22, -0.07, -0.07, -0.07, -0.07, -0.07, -0.07, 
-0.07, -0.07, -0.07, -0.07, -0.07, -0.07, -0.07, -0.07, -0.07, -0.07, -0.37, -0.67, -0.37, -0.07, -0.07, -0.22, -0.37, -0.22, -0.07, -0.37, -0.67, -0.37, -0.07, -0.07, -0.07, -0.07, -0.07, -0.07, 
0.60, -0.07, -0.07, 0.56, -0.07, -0.07, 0.53, -0.07, -0.07, -0.07, -0.22, -0.37, -0.22, -0.07, -0.07, -0.07, -0.07, -0.07, -0.07, -0.22, -0.37, -0.22, -0.07, -0.07, -0.07, -0.07, 0.27, -0.07, 
-0.07, -0.07, -0.07, -0.07, -0.07, -0.07, -0.07, -0.07, -0.07, -0.07, -0.07, -0.07, -0.07, -0.07, -0.07, -0.07, -0.07, -0.07, -0.07, -0.07, -0.07, -0.07, -0.07, -0.07, -0.07, -0.07, -0.07, -0.07, 
-0.07, -0.07, -0.07, -0.07, -0.07, -0.07, -0.07, -0.07, -0.07, -0.07, -0.07, -0.07, -0.22, -0.37, -0.22, -0.07, -0.07, -0.07, -0.07, -0.07, -0.07, -0.07, -0.07, -0.07, -0.07, -0.07, -0.07, -0.07, 
-0.07, -0.07, -0.07, -0.07, -0.07, -0.07, -0.07, -0.07, -0.07, -0.07, -0.07, -0.07, -0.37, -0.67, -0.37, -0.07, -0.07, -0.07, -0.07, -0.07, -0.07, -0.07, -0.07, -0.07, -0.07, -0.07, 0.23, -0.07, 
-0.07, -0.07, -0.22, -0.37, -0.22, -0.07, -0.07, -0.07, -0.07, -0.07, -0.07, -0.07, -0.22, -0.37, -0.22, -0.07, -0.07, -0.07, -0.07, -0.07, -0.07, -0.22, -0.37, -0.22, -0.07, -0.07, -0.07, -0.07, 
-0.07, -0.07, -0.37, -0.67, -0.37, -0.07, -0.07, -0.07, -0.07, -0.07, -0.07, -0.07, -0.22, -0.37, -0.22, -0.07, -0.07, -0.07, -0.07, -0.07, -0.07, -0.37, -0.67, -0.37, 0.20, -0.07, -0.07, -0.07, 
-0.07, -0.07, -0.18, -0.37, -0.22, -0.00, -0.07, -0.07, 0.03, -0.07, -0.07, 0.07, -0.07, -0.07, 0.10, -0.07, -0.07, 0.13, -0.07, -0.07, 0.17, -0.22, -0.37, -0.22, -0.07, -0.07, -0.07, -0.07, 
-0.07, -0.07, -0.07, -0.07, -0.07, -0.07, -0.07, -0.07, -0.07, -0.07, -0.07, -0.07, -0.07, -0.07, -0.07, -0.07, -0.07, -0.07, -0.07, -0.07, -0.07, -0.07, -0.07, -0.07, -0.07, -0.07, -0.07, -0.07, 
-0.07, -0.07, -0.07, -0.07, -0.07, -0.07, -0.07, -0.07, -0.07, -0.07, -0.07, -0.07, -0.07, -0.07, -0.07, -0.07, -0.07, -0.07, -0.07, -0.07, -0.07, -0.07, -0.07, -0.07, -0.07, -0.07, -0.07, -0.07, 
-- optimal policy --
v  l  r  v  l  r  v  l  >  ^  <  r  >  ^  <  >  >  ^  <  >  L  >  R  <  >  L  <  <  
<  <  >  L  <  >  <  <  R  ^  L  >  R  ^  L  R  R  ^  L  R  ^  R  ^  L  R  ^  L  L  
^  L  R  ^  L  R  ^  L  R  ^  L  R  ^  L  L  R  R  ^  R  ^  L  R  R  R  R  ^  L  L  
<  <  L  L  R  ^  R  ^  L  L  R  R  ^  L  R  R  R  R  ^  L  L  r  R  R  >  r  v  l  
^  L  <  L  l  l  l  R  ^  L  R  ^  ^  R  ^  R  R  ^  L  L  L  >  R  >  >  >  l  <  
R  ^  L  <  <  l  v  l  r  r  v  l  r  v  l  r  v  l  l  l  l  r  >  r  >  R  ^  L  
^  ^  L  L  L  <  r  r  v  l  l  l  v  l  v  l  v  l  v  l  l  r  v  >  R  r  v  l  
R  ^  L  ^  L  r  r  >  r  v  l  l  l  v  v  v  l  v  r  r  v  v  l  v  >  >  <  <  
^  L  ^  r  r  v  r  r  >  r  v  l  l  r  v  l  r  v  l  r  v  l  r  v  l  R  ^  L  
v  l  l  l  >  r  r  r  v  >  >  <  <  >  ^  <  >  <  <  >  r  <  >  >  <  r  v  l  
v  l  l  l  v  r  r  v  l  R  ^  L  L  R  ^  L  R  ^  L  R  ^  L  R  ^  L  >  >  <  
v  l  l  r  v  l  >  v  <  <  ^  L  L  ^  ^  L  L  r  v  R  R  ^  L  ^  R  R  ^  L  
v  l  r  v  l  r  v  l  L  L  <  L  R  R  ^  L  l  l  l  l  R  R  ^  R  R  r  v  l  
<  <  >  R  <  >  ^  <  <  L  L  l  R  ^  L  L  <  l  l  r  r  R  R  R  >  >  r  <  
^  L  R  ^  L  R  ^  L  L  <  L  <  <  ^  L  L  L  l  v  l  >  r  R  >  >  R  ^  L  
^  L  L  L  ^  L  L  L  L  L  L  L  L  L  r  v  l  r  v  r  v  >  r  >  R  r  v  l  
^  L  ^  L  L  ^  L  ^  L  L  <  l  l  r  r  v  l  r  r  v  l  l  >  r  R  >  v  <  
^  ^  L  L  r  v  r  r  v  r  r  v  l  r  r  r  v  v  r  v  v  l  R  r  v  R  ^  L  
^  ^  L  l  r  v  l  r  v  l  r  v  l  r  v  l  r  v  l  r  v  l  r  >  R  <  ^  L  
^  r  r  r  >  >  <  >  ^  <  >  ^  <  >  v  <  >  r  <  >  r  <  l  R  ^  L  L  L  
>  >  >  >  R  ^  L  R  ^  L  R  ^  L  R  ^  L  R  ^  L  R  ^  L  <  R  R  ^  L  <  
>  >  >  R  ^  ^  R  ^  ^  R  ^  R  R  ^  ^  R  ^  R  R  ^  R  ^  L  R  ^  ^  L  L  
Correct actions (%) : 17.95
Avg angular diffs   : 84.23
