arguments: 39 16 1 -0.145161 -0.317204 -2.35027e-15 -0.537634
loading features...

Initializing gridworld of size 28 by 22..
    Num states: 616
    Num actions: 8
recovered reward
-0.54, -0.54, -0.54, -0.54, -0.54, -0.54, -0.54, -0.54, -0.54, -0.54, -0.54, -0.54, -0.54, -0.54, -0.54, -0.54, -0.54, -0.54, -0.54, -0.54, -0.54, -0.54, -0.54, -0.54, -0.54, -0.54, -0.54, -0.54, 
-0.54, -0.54, -0.54, -0.85, -0.54, -0.54, -0.54, -0.54, -0.54, -0.54, -0.54, -0.54, -0.54, -0.54, -0.54, -0.54, -0.54, -0.54, -0.54, -0.54, -0.54, -0.54, -0.54, -0.54, -0.54, -0.54, -0.54, -0.54, 
-0.54, -0.54, -0.54, -0.85, -0.54, -0.54, -0.54, -0.54, -0.54, -0.54, -0.54, -0.54, -0.54, -0.54, -0.54, -0.54, -0.54, -0.85, -0.54, -0.54, -0.54, -0.54, -0.54, -0.54, -0.54, -0.54, -0.54, -0.54, 
-0.54, -0.54, -0.54, -0.54, -0.54, -0.54, -0.54, -0.54, -0.54, -0.54, -0.54, -0.54, -0.54, -0.54, -0.54, -0.54, -0.54, -0.54, -0.54, -0.54, -0.54, -0.54, -0.54, -0.54, -0.54, -0.54, -0.54, -0.54, 
-0.54, -0.54, -0.54, -0.54, -0.54, -0.54, -0.54, -0.54, -0.54, -0.54, -0.54, -0.54, -0.54, -0.54, -0.54, -0.54, -0.54, -0.54, -0.54, -0.68, -0.54, -0.54, -0.54, -0.54, -0.54, -0.54, -0.54, -0.54, 
-0.54, -0.54, -0.54, -0.54, -0.54, -0.54, -0.54, -0.54, -0.54, -0.54, -0.54, -0.54, -0.54, -0.54, -0.54, -0.54, -0.54, -0.54, -0.68, -0.54, -0.54, -0.54, -0.54, -0.54, -0.54, -0.54, -0.54, -0.54, 
-0.54, -0.54, -0.54, -0.85, -0.54, -0.54, -0.54, -0.54, -0.54, -0.54, -0.54, -0.54, -0.54, -0.68, -0.54, -0.54, -0.54, -0.54, -0.54, -0.54, -0.54, -0.54, -0.54, -0.54, -0.54, -0.54, -0.54, -0.54, 
-0.54, -0.54, -0.68, -0.54, -0.54, -0.54, -0.54, -0.54, -0.54, -0.54, -0.54, -0.54, -0.54, -0.54, -0.54, -0.54, -0.54, -0.54, -0.54, -0.54, -0.54, -0.54, -0.54, -0.54, -0.54, -0.54, -0.54, -0.54, 
-0.54, -0.54, -0.54, -0.54, -0.54, -0.54, -0.54, -0.54, -0.54, -0.54, -0.54, -0.54, -0.54, -0.54, -0.54, -0.85, -0.54, -0.54, -0.54, -0.54, -0.54, -0.54, -0.54, -0.54, -0.54, -0.54, -0.54, -0.54, 
-0.54, -0.54, -0.54, -0.54, -0.54, -0.54, -0.54, -0.54, -0.54, -0.54, -0.54, -0.54, -0.54, -0.54, -0.54, -0.54, -0.68, -0.54, -0.54, -0.85, -0.54, -0.54, -0.54, -0.54, -0.54, -0.54, -0.54, -0.54, 
-0.54, -0.54, -0.54, -0.54, -0.54, -0.54, -0.54, -0.54, -0.54, -0.54, -0.54, -0.54, -0.54, -0.85, -0.54, -0.54, -0.54, -0.54, -0.54, -0.54, -0.54, -0.54, -0.54, -0.54, -0.54, -0.54, -0.54, -0.54, 
-0.54, -0.54, -0.85, -0.54, -0.54, -0.54, -0.54, -0.54, -0.54, -0.54, -0.54, -0.54, -0.54, -0.54, -0.54, -0.54, -0.54, -0.54, -0.68, -0.54, -0.54, -0.54, -0.54, -0.54, -0.54, -0.54, -0.54, -0.54, 
-0.54, -0.54, -0.54, -0.54, -0.54, -0.54, -0.54, -0.54, -0.54, -0.54, -0.54, -0.68, -0.54, -0.54, -0.54, -0.54, -0.54, -0.54, -0.54, -0.54, -0.54, -0.54, -0.54, -0.54, -0.54, -0.54, -0.54, -0.54, 
-0.54, -0.54, -0.54, -0.54, -0.54, -0.54, -0.54, -0.54, -0.68, -0.54, -0.54, -0.54, -0.54, -0.54, -0.54, -0.54, -0.54, -0.54, -0.54, -0.54, -0.54, -0.54, -0.54, -0.68, -0.54, -0.85, -0.54, -0.54, 
-0.54, -0.54, -0.54, -0.54, -0.54, -0.54, -0.54, -0.54, -0.54, -0.54, -0.54, -0.54, -0.54, -0.54, -0.54, -0.54, -0.54, -0.54, -0.54, -0.54, -0.54, -0.54, -0.54, -0.54, -0.54, -0.54, -0.54, -0.54, 
-0.54, -0.54, -0.54, -0.54, -0.54, -0.54, -0.54, -0.54, -0.85, -0.85, -0.54, -0.54, -0.54, -0.54, -0.54, -0.54, -0.54, -0.54, -0.54, -0.54, -0.54, -0.54, -0.54, -0.54, -0.54, -0.54, -0.54, -0.54, 
-0.54, -0.54, -0.54, -0.68, -0.68, -0.54, -0.54, -0.54, -0.54, -0.54, -0.54, -0.54, -0.54, -0.54, -0.54, -0.54, -0.54, -0.54, -0.54, -0.54, -0.68, -0.54, -0.54, -0.54, -0.54, -0.54, -0.54, -0.54, 
-0.54, -0.54, -0.54, -0.54, -0.54, -0.54, -0.54, -0.54, -0.54, -0.54, -0.54, -0.54, -0.54, -0.54, -0.54, -0.54, -0.54, -0.54, -0.54, -0.54, -0.54, -0.54, -0.54, -0.54, -0.54, -0.54, -0.54, -0.54, 
-0.54, -0.54, -0.54, -0.54, -0.54, -0.54, -0.54, -0.54, -0.54, -0.54, -0.54, -0.54, -0.54, -0.54, -0.54, -0.54, -0.54, -0.54, -0.54, -0.54, -0.54, -0.54, -0.54, -0.54, -0.54, -0.54, -0.54, -0.54, 
-0.54, -0.54, -0.54, -0.54, -0.54, -0.54, -0.54, -0.54, -0.54, -0.85, -0.54, -0.54, -0.54, -0.54, -0.54, -0.54, -0.54, -0.54, -0.54, -0.54, -0.54, -0.54, -0.54, -0.54, -0.54, -0.54, -0.54, -0.54, 
-0.54, -0.54, -0.54, -0.54, -0.54, -0.54, -0.54, -0.54, -0.54, -0.54, -0.54, -0.54, -0.54, -0.54, -0.54, -0.54, -0.54, -0.54, -0.54, -0.54, -0.54, -0.54, -0.54, -0.54, -0.54, -0.54, -0.54, -0.54, 
-0.54, -0.54, -0.54, -0.54, -0.54, -0.54, -0.54, -0.54, -0.54, -0.54, -0.54, -0.54, -0.54, -0.54, -0.54, -0.54, -0.54, -0.54, -0.54, -0.54, -0.54, -0.54, -0.54, -0.54, -0.54, -0.54, -0.54, -0.54, 
-- optimal policy --
<  ^  <  ^  <  v  >  >  L  <  L  ^  <  >  >  ^  <  >  L  <  >  r  v  r  v  >  r  l  
^  ^  L  ^  L  v  R  R  ^  L  ^  ^  L  R  R  ^  L  R  ^  L  >  >  r  v  r  v  l  v  
l  v  l  <  v  v  l  v  v  l  v  v  l  <  r  v  r  >  >  >  >  >  >  r  >  v  ^  l  
^  l  <  L  v  l  <  v  l  v  v  l  <  L  >  >  >  >  >  >  >  >  >  >  >  >  >  R  
L  ^  L  v  l  <  v  l  v  v  l  <  L  v  R  ^  R  R  R  R  R  R  R  ^  R  ^  L  L  
l  <  v  l  <  L  r  v  v  l  <  L  v  r  v  v  r  v  v  v  >  >  >  >  >  r  v  v  
^  L  l  <  L  r  v  l  l  <  L  v  r  v  r  v  v  r  v  v  v  R  R  R  R  >  r  v  
v  l  <  L  v  r  v  l  ^  L  v  r  v  r  v  r  v  v  r  v  l  >  >  >  >  >  >  r  
<  <  L  v  r  v  l  <  L  >  r  v  r  v  r  v  r  v  >  r  v  v  R  R  R  R  R  ^  
l  <  r  v  v  l  <  L  v  v  v  r  v  r  v  r  >  r  R  >  r  v  v  >  >  >  r  v  
L  L  >  v  l  <  L  v  v  v  v  v  r  r  v  v  v  v  l  R  >  r  v  >  >  >  >  r  
L  L  v  l  <  L  v  r  v  v  v  l  v  >  r  v  v  v  v  v  v  >  r  R  >  >  >  >  
^  L  v  l  <  v  r  v  r  v  v  v  v  v  >  r  v  v  v  v  v  v  v  r  v  >  >  >  
v  v  l  <  L  v  v  r  r  v  v  v  v  l  v  >  r  v  v  v  v  l  v  >  r  R  R  ^  
v  l  <  L  v  v  v  v  >  r  v  v  l  v  r  v  >  r  v  v  l  <  >  >  >  r  v  v  
l  <  L  l  r  v  v  v  v  >  v  l  <  l  >  r  v  >  v  l  <  L  R  R  R  >  r  v  
^  L  v  v  v  v  v  v  v  l  r  v  v  v  v  >  r  v  r  v  l  v  v  v  v  >  >  >  
v  v  v  v  v  v  v  v  l  <  >  r  v  v  v  v  >  r  v  l  <  r  v  v  v  R  R  ^  
v  v  l  v  v  v  v  l  <  L  >  >  r  v  v  v  v  r  v  l  <  >  v  l  l  v  r  v  
v  l  v  r  v  v  l  <  L  >  >  >  >  r  v  v  l  v  l  <  L  >  r  v  l  r  v  l  
r  v  l  v  r  v  <  L  >  >  >  >  >  >  >  r  v  l  <  L  >  >  >  r  v  >  v  <  
<  r  <  v  ^  v  L  R  R  R  R  R  R  R  ^  ^  r  r  <  R  R  R  R  ^  l  <  >  >  
Correct actions (%) : 13.95
Avg angular diffs   : 93.66
