arguments: 39 15 1 0.216292 -0.0856742 0.136236 -0.561798
loading features...

Initializing gridworld of size 28 by 22..
    Num states: 616
    Num actions: 8
recovered reward
-0.58, -0.60, -0.58, -0.56, -0.56, -0.56, -0.56, -0.56, -0.56, -0.56, -0.56, -0.56, -0.56, -0.56, -0.56, -0.56, -0.56, -0.56, -0.56, -0.56, -0.56, -0.56, -0.56, -0.56, -0.56, -0.56, -0.56, -0.56, 
-0.60, -0.65, -0.60, -0.51, -0.45, -0.51, -0.56, -0.51, -0.48, -0.55, -0.58, -0.56, -0.56, -0.56, -0.56, -0.56, -0.56, -0.56, -0.51, -0.45, -0.51, -0.56, -0.56, -0.56, -0.56, -0.26, -0.56, -0.56, 
-0.58, -0.60, -0.58, -0.45, -0.35, -0.45, -0.56, -0.45, -0.39, -0.54, -0.55, -0.56, -0.56, -0.56, -0.44, -0.56, -0.56, -0.56, -0.45, -0.35, -0.45, -0.56, -0.56, -0.56, -0.56, -0.56, -0.56, -0.56, 
-0.56, -0.56, -0.56, -0.51, -0.45, -0.51, -0.56, -0.51, -0.48, -0.55, -0.48, -0.45, -0.56, -0.56, -0.56, -0.56, -0.43, -0.56, -0.51, -0.45, -0.51, -0.56, -0.56, -0.28, -0.56, -0.56, -0.56, -0.56, 
-0.56, -0.56, -0.56, -0.56, -0.56, -0.56, -0.56, -0.56, -0.51, -0.36, -0.51, -0.56, -0.56, -0.56, -0.56, -0.56, -0.56, -0.56, -0.56, -0.56, -0.56, -0.56, -0.56, -0.56, -0.56, -0.56, -0.56, -0.56, 
-0.56, -0.56, -0.56, -0.56, -0.56, -0.56, -0.56, -0.56, -0.56, -0.56, -0.56, -0.56, -0.56, -0.56, -0.56, -0.51, -0.51, -0.45, -0.51, -0.56, -0.58, -0.60, -0.58, -0.56, -0.56, -0.56, -0.56, -0.56, 
-0.56, -0.56, -0.51, -0.45, -0.51, -0.56, -0.56, -0.48, -0.56, -0.56, -0.56, -0.56, -0.56, -0.56, -0.56, -0.45, -0.30, -0.35, -0.45, -0.56, -0.60, -0.59, -0.50, -0.24, -0.56, -0.56, -0.56, -0.56, 
-0.56, -0.56, -0.45, -0.35, -0.45, -0.56, -0.56, -0.56, -0.56, -0.56, -0.56, -0.56, -0.56, -0.56, -0.56, -0.51, -0.51, -0.45, -0.51, -0.56, -0.58, -0.50, -0.37, -0.45, -0.56, -0.56, -0.56, -0.56, 
-0.56, -0.56, -0.51, -0.45, -0.51, -0.56, -0.56, -0.56, -0.56, -0.56, -0.56, -0.56, -0.56, -0.56, -0.56, -0.56, -0.56, -0.56, -0.56, -0.56, -0.56, -0.51, -0.45, -0.51, -0.56, -0.56, -0.56, -0.56, 
-0.56, -0.56, -0.56, -0.56, -0.56, -0.56, -0.49, -0.58, -0.60, -0.58, -0.56, -0.56, -0.56, -0.56, -0.56, -0.56, -0.40, -0.56, -0.56, -0.56, -0.56, -0.56, -0.30, -0.56, -0.56, -0.56, -0.56, -0.56, 
-0.56, -0.56, -0.56, -0.56, -0.56, -0.56, -0.56, -0.60, -0.65, -0.60, -0.56, -0.56, -0.56, -0.56, -0.56, -0.56, -0.56, -0.56, -0.56, -0.56, -0.56, -0.56, -0.56, -0.58, -0.60, -0.58, -0.56, -0.56, 
-0.56, -0.56, -0.56, -0.56, -0.56, -0.56, -0.56, -0.58, -0.60, -0.58, -0.56, -0.56, -0.56, -0.56, -0.56, -0.56, -0.56, -0.56, -0.56, -0.56, -0.56, -0.56, -0.56, -0.60, -0.65, -0.60, -0.56, -0.56, 
-0.56, -0.56, -0.56, -0.56, -0.51, -0.56, -0.56, -0.56, -0.56, -0.56, -0.56, -0.56, -0.56, -0.56, -0.38, -0.56, -0.56, -0.56, -0.56, -0.56, -0.56, -0.56, -0.56, -0.58, -0.60, -0.58, -0.56, -0.56, 
-0.56, -0.56, -0.58, -0.60, -0.58, -0.60, -0.58, -0.56, -0.56, -0.56, -0.56, -0.56, -0.56, -0.56, -0.56, -0.56, -0.56, -0.56, -0.56, -0.56, -0.56, -0.32, -0.58, -0.60, -0.58, -0.56, -0.56, -0.56, 
-0.56, -0.58, -0.60, -0.54, -0.60, -0.65, -0.60, -0.56, -0.56, -0.56, -0.56, -0.56, -0.51, -0.45, -0.51, -0.56, -0.56, -0.56, -0.56, -0.56, -0.56, -0.56, -0.60, -0.65, -0.60, -0.56, -0.56, -0.56, 
-0.56, -0.60, -0.65, -0.60, -0.58, -0.60, -0.58, -0.60, -0.58, -0.56, -0.56, -0.56, -0.45, -0.35, -0.45, -0.37, -0.56, -0.56, -0.56, -0.56, -0.33, -0.56, -0.58, -0.60, -0.58, -0.56, -0.56, -0.56, 
-0.56, -0.56, -0.60, -0.58, -0.56, -0.56, -0.60, -0.65, -0.60, -0.56, -0.56, -0.51, -0.45, -0.51, -0.51, -0.56, -0.56, -0.56, -0.58, -0.60, -0.58, -0.56, -0.56, -0.56, -0.56, -0.56, -0.56, -0.56, 
-0.56, -0.56, -0.56, -0.56, -0.56, -0.56, -0.58, -0.60, -0.53, -0.45, -0.51, -0.45, -0.35, -0.45, -0.56, -0.56, -0.56, -0.56, -0.60, -0.65, -0.60, -0.56, -0.56, -0.56, -0.56, -0.56, -0.56, -0.56, 
-0.56, -0.56, -0.56, -0.56, -0.56, -0.56, -0.56, -0.56, -0.45, -0.35, -0.45, -0.51, -0.45, -0.51, -0.56, -0.36, -0.56, -0.56, -0.37, -0.60, -0.58, -0.56, -0.56, -0.56, -0.56, -0.56, -0.56, -0.56, 
-0.55, -0.56, -0.56, -0.56, -0.56, -0.56, -0.56, -0.56, -0.51, -0.45, -0.51, -0.56, -0.56, -0.56, -0.56, -0.56, -0.56, -0.56, -0.56, -0.56, -0.56, -0.56, -0.56, -0.56, -0.56, -0.56, -0.56, -0.56, 
-0.56, -0.56, -0.56, -0.56, -0.56, -0.56, -0.56, -0.56, -0.56, -0.56, -0.56, -0.56, -0.56, -0.56, -0.56, -0.56, -0.56, -0.56, -0.56, -0.56, -0.56, -0.56, -0.56, -0.56, -0.56, -0.56, -0.56, -0.56, 
-0.56, -0.56, -0.56, -0.56, -0.56, -0.56, -0.56, -0.56, -0.56, -0.56, -0.56, -0.56, -0.56, -0.56, -0.56, -0.56, -0.56, -0.56, -0.56, -0.56, -0.56, -0.56, -0.56, -0.56, -0.56, -0.56, -0.56, -0.56, 
-- optimal policy --
>  r  r  r  v  r  r  r  v  l  r  r  r  r  r  r  r  r  r  v  l  l  v  >  r  v  l  l  
r  r  r  r  v  r  r  r  v  r  r  r  r  r  r  r  r  r  r  v  l  r  r  v  >  l  <  <  
r  r  >  >  >  r  >  r  v  r  r  r  r  r  r  r  v  >  >  r  v  r  r  v  l  ^  L  l  
r  >  R  R  ^  >  R  >  r  v  >  r  r  r  r  r  r  R  R  >  r  r  >  l  <  v  l  l  
>  R  R  R  ^  R  R  R  >  R  R  r  r  r  r  v  r  v  l  r  r  r  r  v  v  l  l  l  
r  r  r  v  R  R  R  R  R  ^  L  r  r  r  r  r  v  l  l  r  r  r  r  v  l  l  l  l  
>  r  r  v  l  R  >  R  R  ^  >  r  >  r  >  >  >  <  <  r  r  r  >  l  <  <  <  <  
r  >  >  v  <  >  R  ^  L  >  r  >  r  >  R  R  ^  L  L  r  >  >  R  ^  L  L  l  l  
>  R  R  ^  L  R  ^  L  >  r  >  r  >  R  R  ^  R  ^  L  >  R  R  ^  L  L  L  <  <  
R  R  R  ^  L  L  R  R  R  >  r  >  R  R  ^  R  ^  L  >  R  R  >  ^  <  L  L  L  <  
R  R  ^  R  ^  R  ^  r  r  r  >  R  R  ^  R  R  ^  L  R  R  >  R  ^  L  L  L  L  L  
R  ^  R  ^  R  >  r  r  r  >  R  R  ^  R  R  ^  L  R  R  >  R  ^  ^  L  L  L  L  L  
^  R  ^  R  >  >  >  r  >  R  R  ^  R  R  ^  R  R  R  >  R  R  ^  ^  L  L  L  ^  L  
R  R  r  R  R  R  r  >  R  R  ^  R  R  R  ^  L  R  >  R  R  >  ^  <  L  L  L  L  ^  
R  R  >  r  r  r  >  R  R  ^  r  r  R  R  r  R  >  R  R  r  R  ^  L  L  ^  L  L  L  
r  r  R  r  r  r  r  r  r  r  r  r  >  >  >  >  R  R  >  >  ^  <  L  L  R  ^  L  L  
>  r  r  >  r  r  r  r  r  v  r  r  R  ^  R  ^  L  R  R  R  ^  L  <  L  L  ^  L  L  
R  r  >  r  >  r  r  r  r  v  >  >  ^  <  ^  L  R  R  R  R  R  ^  L  <  L  L  L  L  
r  r  r  >  r  >  r  >  >  >  R  R  ^  L  L  ^  R  >  ^  R  R  ^  ^  L  <  L  L  L  
r  r  r  r  >  r  >  R  R  ^  L  R  ^  L  L  ^  >  R  ^  L  R  R  ^  L  L  <  L  L  
r  r  r  r  r  >  R  R  R  ^  L  L  ^  L  L  L  R  R  ^  L  L  ^  ^  R  ^  L  <  L  
>  >  >  >  >  R  R  R  ^  L  ^  L  L  L  L  R  R  ^  R  ^  L  L  R  ^  ^  ^  L  <  
Correct actions (%) : 9.72
Avg angular diffs   : 95.00
