arguments: 39 12 4 -0.511792 0.242925 -0.00943396 -0.235849
loading features...

Initializing gridworld of size 28 by 22..
    Num states: 616
    Num actions: 8
recovered reward
-0.24, -0.24, -0.24, -0.24, -0.24, -0.24, -0.24, -0.24, -0.24, -0.26, -0.24, -0.24, -0.24, -0.26, -0.24, -0.24, -0.24, -0.26, -0.24, -0.24, -0.27, -0.24, -0.27, -0.24, -0.24, -0.27, -0.24, -0.24, 
-0.26, -0.24, -0.24, -0.26, -0.24, -0.24, -0.26, -0.24, -0.24, -0.24, -0.24, -0.24, -0.24, -0.24, -0.24, -0.24, -0.24, -0.24, -0.24, -0.24, -0.24, -0.24, -0.24, -0.24, -0.24, -0.24, -0.24, -0.24, 
-0.24, -0.24, -0.24, -0.24, -0.24, -0.24, -0.24, -0.24, -0.24, -0.24, -0.24, -0.24, -0.24, -0.24, -0.24, -0.75, -0.24, -0.24, -0.24, -0.24, -0.24, 0.01, -0.24, -0.24, -0.24, -0.24, -0.24, -0.24, 
-0.26, -0.24, -0.24, -0.24, 0.01, -0.24, 0.01, -0.24, -0.24, -0.24, -0.24, -0.24, -0.24, -0.24, -0.24, -0.24, -0.24, -0.24, -0.24, -0.75, -0.24, -0.24, -0.24, -0.24, -0.24, -0.24, -0.24, -0.24, 
-0.24, -0.24, -0.24, -0.24, -0.24, -0.24, -0.24, -0.24, -0.24, -0.24, -0.24, -0.24, -0.24, -0.24, -0.24, -0.24, -0.75, -0.24, -0.24, -0.24, -0.24, -0.24, -0.24, -0.24, -0.24, -0.24, -0.26, -0.24, 
-0.24, -0.24, -0.24, -0.24, -0.24, -0.24, -0.24, -0.24, 0.01, -0.24, -0.24, -0.24, -0.24, -0.24, -0.24, -0.24, -0.24, -0.24, -0.24, -0.24, -0.24, -0.24, -0.24, -0.24, -0.24, -0.24, -0.24, -0.24, 
-0.24, -0.24, -0.24, -0.24, -0.24, -0.24, -0.24, -0.24, -0.24, -0.24, -0.24, -0.75, -0.24, -0.24, -0.24, -0.24, -0.24, -0.24, -0.24, -0.24, -0.75, -0.24, -0.24, -0.24, -0.24, -0.24, -0.24, -0.24, 
-0.24, -0.24, -0.24, -0.24, -0.24, -0.24, -0.24, -0.24, -0.24, -0.24, -0.24, -0.24, -0.24, -0.24, -0.24, -0.24, -0.24, -0.24, -0.24, -0.24, -0.24, -0.24, -0.24, -0.24, -0.24, -0.24, -0.26, -0.24, 
-0.24, -0.24, -0.24, -0.24, -0.24, -0.24, -0.24, -0.24, -0.24, -0.24, -0.24, -0.24, -0.24, -0.24, -0.24, -0.24, -0.24, -0.24, -0.24, -0.24, -0.24, -0.24, -0.24, -0.24, -0.24, -0.24, -0.24, -0.24, 
-0.24, -0.24, -0.24, -0.24, -0.24, -0.24, -0.24, -0.24, -0.24, -0.24, -0.25, -0.24, -0.24, -0.24, -0.25, -0.24, -0.24, -0.25, -0.24, -0.24, -0.25, -0.24, -0.24, -0.25, -0.24, -0.24, -0.24, -0.24, 
-0.24, -0.24, -0.24, -0.24, -0.24, -0.24, -0.75, -0.24, -0.24, -0.24, -0.24, -0.24, -0.24, -0.24, -0.24, -0.24, -0.24, -0.24, 0.01, -0.24, -0.24, -0.24, -0.24, -0.24, -0.24, -0.24, -0.26, -0.24, 
-0.24, -0.24, -0.24, -0.24, -0.24, -0.24, -0.24, -0.25, -0.24, -0.24, -0.24, -0.24, -0.24, -0.24, -0.24, -0.24, 0.01, -0.24, -0.24, -0.24, -0.24, -0.24, -0.24, -0.24, -0.24, -0.24, -0.24, -0.24, 
-0.24, -0.24, -0.24, -0.24, -0.24, -0.24, -0.24, -0.24, -0.24, -0.24, -0.24, 0.01, -0.24, -0.24, -0.24, -0.24, -0.24, -0.24, -0.24, -0.24, 0.01, -0.24, -0.24, -0.24, -0.24, -0.24, -0.24, -0.24, 
-0.25, -0.24, -0.24, -0.25, -0.24, -0.24, -0.25, -0.24, -0.24, -0.24, -0.24, -0.24, -0.24, -0.24, -0.24, -0.24, -0.24, -0.24, -0.24, -0.24, -0.24, -0.24, -0.24, -0.24, -0.24, -0.24, -0.25, -0.24, 
-0.24, -0.24, -0.24, -0.24, -0.24, -0.24, -0.24, -0.24, -0.24, -0.24, -0.24, -0.24, -0.24, -0.24, -0.24, -0.24, -0.24, -0.24, -0.24, -0.24, -0.24, -0.24, -0.24, -0.24, -0.24, -0.24, -0.24, -0.24, 
-0.24, -0.24, -0.24, -0.24, -0.24, -0.24, -0.24, -0.24, -0.24, -0.24, -0.24, -0.24, -0.24, -0.75, -0.24, -0.24, -0.24, -0.24, -0.24, -0.75, -0.75, -0.24, -0.24, -0.24, -0.24, -0.24, -0.24, -0.24, 
-0.24, -0.24, -0.24, -0.24, -0.24, -0.24, -0.24, -0.24, -0.24, -0.24, -0.24, -0.24, -0.75, 0.01, -0.24, -0.24, -0.24, -0.75, -0.24, -0.24, -0.24, -0.24, -0.24, -0.24, -0.24, -0.24, -0.24, -0.24, 
-0.24, -0.24, -0.24, -0.24, -0.24, -0.24, -0.24, -0.24, -0.24, -0.24, -0.24, -0.24, -0.24, 0.01, -0.24, -0.24, -0.24, -0.24, -0.24, -0.24, -0.24, -0.24, -0.24, -0.24, -0.24, -0.24, -0.24, -0.24, 
-0.24, -0.24, -0.24, 0.01, -0.24, -0.24, -0.24, -0.24, -0.24, -0.24, -0.24, -0.24, -0.24, -0.75, -0.24, -0.24, -0.24, -0.24, -0.24, -0.24, -0.24, -0.24, 0.01, -0.24, -0.24, -0.24, -0.24, -0.24, 
-0.24, -0.24, -0.24, -0.24, -0.24, -0.24, -0.24, -0.24, -0.24, -0.24, -0.24, -0.24, -0.24, -0.24, -0.24, -0.24, -0.24, -0.24, -0.24, -0.24, -0.24, -0.24, -0.24, -0.24, -0.24, -0.24, -0.24, -0.24, 
-0.24, -0.24, -0.24, -0.24, -0.24, -0.24, -0.24, -0.24, -0.24, -0.24, -0.24, -0.24, -0.24, -0.24, -0.24, -0.24, -0.24, -0.24, -0.24, -0.24, -0.24, -0.24, -0.24, -0.24, -0.24, -0.24, -0.24, -0.24, 
-0.24, -0.24, -0.24, -0.24, -0.24, -0.24, -0.24, -0.24, -0.24, -0.24, -0.24, -0.24, -0.24, -0.24, -0.24, -0.24, -0.24, -0.24, -0.24, -0.24, -0.24, -0.24, -0.24, -0.24, -0.24, -0.24, -0.24, -0.24, 
-- optimal policy --
r  r  v  r  v  v  l  v  v  l  l  l  v  l  l  l  r  r  >  r  r  r  v  l  l  v  l  l  
r  r  r  v  r  v  l  v  l  l  v  v  l  l  v  l  v  v  l  >  r  v  l  l  v  v  v  l  
r  r  >  r  v  r  v  l  l  v  l  l  l  v  v  v  v  l  v  l  >  v  <  v  v  v  l  l  
r  >  r  >  r  >  r  <  v  l  l  l  r  r  v  v  l  v  l  v  v  v  v  v  v  l  l  <  
>  r  >  r  v  R  ^  r  v  l  l  r  v  r  r  v  v  l  v  v  v  v  v  v  l  l  l  l  
r  >  r  >  r  v  v  >  v  <  v  r  r  r  r  r  v  v  v  v  l  v  v  l  l  l  l  l  
r  r  >  r  >  r  v  v  v  v  v  r  r  v  v  r  r  v  v  v  v  l  l  l  l  l  l  <  
r  r  r  >  r  >  r  v  v  v  v  v  v  r  v  v  r  r  v  v  v  l  l  l  l  l  l  l  
r  r  r  r  >  r  >  r  v  v  l  v  l  v  r  v  v  r  r  v  l  <  l  l  l  l  l  l  
r  r  r  r  r  >  r  r  r  v  v  v  v  l  r  v  v  r  v  l  l  l  v  l  l  l  l  <  
>  r  r  r  r  r  >  r  r  r  v  v  v  l  >  r  v  l  l  <  <  v  l  l  l  <  l  l  
r  >  r  r  r  r  r  >  r  >  r  v  l  l  v  >  v  <  l  L  v  l  l  l  l  l  l  l  
>  r  >  r  r  >  r  r  r  r  >  v  <  v  v  v  v  l  l  l  L  <  <  l  l  l  l  <  
r  >  r  >  >  R  r  r  r  r  r  v  v  v  v  v  l  l  l  l  ^  L  L  <  <  <  <  l  
v  r  >  r  >  r  >  r  r  r  r  r  v  l  v  l  l  l  l  l  <  ^  L  L  L  <  <  l  
r  v  r  >  r  >  r  >  r  r  r  >  r  v  l  l  l  l  <  l  l  l  ^  L  L  <  L  <  
>  r  v  r  >  r  >  r  >  r  r  r  r  v  l  l  l  l  l  l  l  l  l  ^  L  L  L  L  
>  >  r  v  r  >  r  >  r  >  r  r  >  ^  <  <  <  <  <  l  l  l  v  l  l  L  L  <  
r  >  >  r  >  r  >  R  >  r  >  >  R  ^  L  <  l  l  L  <  <  <  <  <  <  l  L  L  
>  R  R  ^  r  >  r  r  r  >  R  R  ^  L  ^  L  <  l  l  l  l  l  ^  L  L  <  <  L  
R  R  R  r  >  R  r  r  >  R  R  R  ^  L  L  ^  L  <  <  <  <  <  <  L  L  L  <  <  
R  R  >  >  R  >  >  >  R  R  R  ^  R  ^  L  ^  ^  L  <  <  <  <  <  <  L  L  <  <  
Correct actions (%) : 5.13
Avg angular diffs   : 93.08
