arguments: 39 10 4 -0.000668673 -0.600635 0.331829 -0.0668673

Initializing gridworld of size 28 by 22..
    Num states: 616
    Num actions: 8
recovered reward
-0.07, -0.07, -0.07, -0.07, -0.07, -0.07, -0.07, -0.07, -0.07, -0.07, -0.07, -0.07, -0.07, -0.07, -0.07, -0.07, -0.07, -0.07, -0.07, -0.07, -0.07, -0.07, -0.07, -0.07, -0.07, -0.07, -0.07, -0.07, 
-0.07, -0.07, -0.07, -0.07, -0.07, -0.07, -0.07, -0.07, -0.07, -0.07, -0.07, -0.07, -0.07, -0.07, -0.07, -0.07, -0.07, -0.07, -0.07, -0.07, -0.07, -0.07, -0.07, -0.07, -0.07, -0.07, -0.07, -0.07, 
-0.07, -0.07, -0.07, -0.07, -0.07, -0.07, -0.07, -0.07, -0.07, -0.07, -0.07, -0.07, -0.07, -0.07, -0.07, -0.07, -0.07, -0.07, -0.07, -0.07, -0.07, -0.07, -0.07, -0.07, -0.07, -0.07, -0.07, -0.07, 
-0.07, -0.07, -0.07, -0.07, -0.07, -0.07, -0.07, -0.07, -0.07, -0.07, -0.07, -0.07, -0.07, -0.07, -0.07, -0.07, -0.07, -0.07, -0.07, -0.07, -0.07, -0.07, -0.07, -0.07, -0.07, -0.07, -0.07, -0.07, 
-0.07, -0.07, -0.07, -0.07, -0.07, -0.07, -0.07, -0.07, -0.07, -0.07, -0.07, -0.07, -0.07, -0.07, -0.07, -0.07, -0.07, -0.07, -0.07, -0.07, -0.07, -0.07, -0.07, -0.07, -0.07, -0.07, -0.07, -0.07, 
-0.07, -0.07, -0.07, -0.07, -0.07, -0.07, -0.07, -0.07, -0.07, -0.07, -0.07, -0.07, -0.07, -0.07, -0.07, -0.07, -0.07, -0.07, -0.07, -0.07, -0.07, -0.07, -0.07, -0.07, -0.07, -0.07, -0.07, -0.07, 
-0.07, -0.07, -0.07, -0.07, -0.07, -0.07, -0.07, -0.07, -0.07, -0.07, -0.07, -0.07, -0.07, -0.07, -0.07, -0.07, -0.07, -0.07, -0.07, -0.07, -0.07, -0.07, -0.07, -0.07, -0.07, -0.07, -0.07, -0.07, 
-0.07, -0.07, -0.07, -0.07, -0.07, -0.07, -0.07, -0.07, -0.07, -0.07, -0.07, -0.07, -0.07, -0.07, -0.07, -0.07, -0.07, -0.07, -0.07, -0.07, -0.07, -0.07, -0.07, -0.07, -0.07, -0.07, -0.07, -0.07, 
-0.07, -0.07, -0.07, -0.07, -0.07, -0.07, -0.07, -0.07, -0.07, -0.07, -0.07, -0.07, -0.07, -0.07, -0.07, -0.07, -0.07, -0.07, -0.07, -0.07, -0.07, -0.07, -0.07, -0.07, -0.07, -0.07, -0.07, -0.07, 
-0.07, -0.07, -0.07, -0.07, -0.07, -0.07, -0.07, -0.07, -0.07, -0.07, -0.07, -0.07, -0.07, -0.07, -0.07, -0.07, -0.07, -0.07, -0.07, -0.07, -0.07, -0.07, -0.07, -0.07, -0.07, -0.07, -0.07, -0.07, 
-0.07, -0.07, -0.07, -0.07, -0.07, -0.07, -0.07, -0.07, -0.07, -0.07, -0.07, -0.07, -0.07, -0.07, -0.07, -0.07, -0.07, -0.07, -0.07, -0.07, -0.07, -0.07, -0.07, -0.07, -0.07, -0.07, -0.07, -0.07, 
-0.07, -0.07, -0.07, -0.07, -0.07, -0.07, -0.07, -0.07, -0.07, -0.07, -0.07, -0.07, -0.07, -0.07, -0.07, -0.07, -0.07, -0.07, -0.07, -0.07, -0.07, -0.07, -0.07, -0.07, -0.07, -0.07, -0.07, -0.07, 
-0.07, -0.07, -0.07, -0.07, -0.07, -0.07, -0.07, -0.07, -0.07, -0.07, -0.07, -0.07, -0.07, -0.07, -0.07, -0.07, -0.07, -0.07, -0.07, -0.07, -0.07, -0.07, -0.07, -0.07, -0.07, -0.07, -0.07, -0.07, 
-0.07, -0.07, -0.07, -0.07, -0.07, -0.07, -0.07, -0.07, -0.07, -0.07, -0.07, -0.07, -0.07, -0.07, -0.07, -0.07, -0.07, -0.07, -0.07, -0.07, -0.07, -0.07, -0.07, -0.07, -0.07, -0.07, -0.07, -0.07, 
-0.07, -0.07, -0.07, -0.07, -0.07, -0.07, -0.07, -0.07, -0.07, -0.07, -0.07, -0.07, -0.07, -0.07, -0.07, -0.07, -0.07, -0.07, -0.07, -0.07, -0.07, -0.07, -0.07, -0.07, -0.07, -0.07, -0.07, -0.07, 
-0.07, -0.07, -0.07, -0.07, -0.07, -0.07, -0.07, -0.07, -0.07, -0.07, -0.07, -0.07, -0.07, -0.07, -0.07, -0.07, -0.07, -0.07, -0.07, -0.07, -0.07, -0.07, -0.07, -0.07, -0.07, -0.07, -0.07, -0.07, 
-0.07, -0.07, -0.07, -0.07, -0.07, -0.07, -0.07, -0.07, -0.07, -0.07, -0.07, -0.07, -0.07, -0.07, -0.07, -0.07, -0.07, -0.07, -0.07, -0.07, -0.07, -0.07, -0.07, -0.07, -0.07, -0.07, -0.07, -0.07, 
-0.07, -0.07, -0.07, -0.07, -0.07, -0.07, -0.07, -0.07, -0.07, -0.07, -0.07, -0.07, -0.07, -0.07, -0.07, -0.07, -0.07, -0.07, -0.07, -0.07, -0.07, -0.07, -0.07, -0.07, -0.07, -0.07, -0.07, -0.07, 
-0.07, -0.07, -0.07, -0.07, -0.07, -0.07, -0.07, -0.07, -0.07, -0.07, -0.07, -0.07, -0.07, -0.07, -0.07, -0.07, -0.07, -0.07, -0.07, -0.07, -0.07, -0.07, -0.07, -0.07, -0.07, -0.07, -0.07, -0.07, 
-0.07, -0.07, -0.07, -0.07, -0.07, -0.07, -0.07, -0.07, -0.07, -0.07, -0.07, -0.07, -0.07, -0.07, -0.07, -0.07, -0.07, -0.07, -0.07, -0.07, -0.07, -0.07, -0.07, -0.07, -0.07, -0.07, -0.07, -0.07, 
-0.07, -0.07, -0.07, -0.07, -0.07, -0.07, -0.07, -0.07, -0.07, -0.07, -0.07, -0.07, -0.07, -0.07, -0.07, -0.07, -0.07, -0.07, -0.07, -0.07, -0.07, -0.07, -0.07, -0.07, -0.07, -0.07, -0.07, -0.07, 
-0.07, -0.07, -0.07, -0.07, -0.07, -0.07, -0.07, -0.07, -0.07, -0.07, -0.07, -0.07, -0.07, -0.07, -0.07, -0.07, -0.07, -0.07, -0.07, -0.07, -0.07, -0.07, -0.07, -0.07, -0.07, -0.07, -0.07, -0.07, 
-- optimal policy --
>  ^  L  L  <  L  <  >  R  ^  <  >  >  >  >  >  >  >  R  <  >  >  >  ^  <  >  >  v  
R  ^  ^  ^  L  ^  L  R  ^  ^  L  R  R  R  R  R  R  R  ^  L  R  R  R  ^  L  >  >  R  
v  v  l  <  v  v  v  l  <  L  ^  L  R  R  R  R  r  v  r  v  >  >  >  r  v  R  R  ^  
v  l  <  L  l  v  l  <  L  <  L  ^  L  R  R  r  v  r  v  r  v  >  >  >  >  >  >  >  
L  <  L  l  <  l  <  L  L  L  L  L  ^  r  v  v  r  v  r  v  r  v  R  R  ^  R  R  ^  
^  L  v  v  l  ^  L  L  L  L  <  L  L  >  r  v  v  r  >  r  v  r  v  >  r  v  >  >  
L  <  v  l  <  L  L  L  L  L  L  <  r  v  >  r  v  v  v  >  r  >  r  >  >  r  v  l  
^  L  l  <  L  v  v  v  v  l  l  r  v  r  v  >  r  v  v  R  >  >  >  >  >  >  >  R  
v  l  <  L  v  v  v  v  l  <  v  >  r  v  r  v  >  r  v  v  v  v  ^  R  R  R  ^  R  
l  <  L  v  v  v  l  l  v  v  l  v  >  r  v  r  v  >  v  l  r  v  <  >  >  >  >  R  
^  L  v  v  v  l  v  v  v  l  v  l  >  >  r  v  r  v  r  v  v  l  <  R  R  R  R  r  
v  v  v  v  l  <  l  v  l  v  l  v  v  >  >  r  >  r  >  r  v  <  v  v  >  >  >  r  
v  v  v  l  v  l  <  r  v  l  <  v  l  >  >  >  >  >  >  >  r  <  v  v  v  R  R  ^  
v  v  l  v  l  <  v  v  l  <  v  l  <  R  R  ^  R  ^  R  R  ^  r  v  v  v  v  l  v  
v  l  <  v  <  L  r  v  l  L  l  <  v  v  l  v  v  >  >  >  >  >  r  r  v  l  v  l  
L  <  v  l  <  r  v  l  v  l  v  v  l  l  v  v  v  v  R  R  R  R  ^  >  r  v  l  v  
L  v  l  <  L  v  r  v  l  v  v  l  v  v  v  v  v  v  v  r  v  v  R  R  ^  r  v  l  
l  l  <  L  v  v  v  l  v  v  l  <  v  v  v  v  v  v  v  v  r  v  v  >  >  >  v  v  
<  ^  L  v  r  v  v  v  v  l  v  v  v  v  v  v  v  v  v  l  v  r  v  R  ^  R  r  l  
l  <  r  v  v  r  v  v  l  v  v  l  v  v  v  v  v  v  l  <  r  >  r  v  l  v  r  >  
L  <  >  r  v  l  v  l  r  v  l  <  r  v  v  v  v  l  <  >  >  >  >  r  v  v  >  r  
^  L  >  >  v  <  l  <  >  v  <  R  >  r  >  >  v  <  L  R  ^  R  R  ^  v  v  L  R  
