arguments: 39 19 3 0.576807 0.115017 0.225776 -0.0823999
loading features...

Initializing gridworld of size 28 by 22..
    Num states: 616
    Num actions: 8
recovered reward
-0.08, -0.08, -0.08, -0.08, -0.08, -0.08, -0.08, -0.08, -0.08, -0.08, -0.08, -0.08, -0.08, -0.08, -0.08, 0.03, -0.08, -0.08, -0.08, -0.08, -0.08, -0.08, -0.08, -0.08, -0.08, -0.08, -0.08, -0.08, 
-0.08, -0.08, -0.08, -0.08, -0.08, -0.08, -0.08, -0.08, -0.08, -0.08, -0.08, -0.08, -0.08, -0.08, -0.08, -0.08, -0.08, -0.08, -0.08, -0.08, -0.08, -0.08, -0.08, -0.08, -0.08, -0.08, -0.08, -0.08, 
-0.08, -0.08, -0.08, -0.08, -0.08, -0.08, 0.49, -0.08, -0.08, -0.08, -0.08, -0.08, -0.08, -0.08, -0.08, -0.08, -0.08, -0.08, -0.08, -0.08, -0.08, -0.08, 0.03, -0.08, -0.08, -0.08, 0.41, -0.08, 
-0.08, -0.08, -0.08, -0.08, -0.08, -0.08, -0.08, -0.08, -0.08, 0.65, -0.08, -0.08, 0.10, -0.08, -0.08, -0.08, -0.08, -0.08, -0.08, -0.08, -0.08, -0.08, -0.08, -0.08, -0.08, -0.08, -0.08, -0.08, 
-0.08, -0.08, 0.49, -0.08, -0.08, -0.08, -0.08, -0.08, -0.08, -0.08, -0.08, 0.49, -0.08, -0.08, -0.08, -0.08, -0.08, -0.08, -0.08, -0.08, -0.08, -0.08, -0.08, -0.08, -0.08, -0.08, 0.49, -0.08, 
-0.08, -0.08, -0.08, -0.08, -0.08, 0.49, -0.08, 0.05, -0.08, -0.08, -0.08, -0.08, -0.08, -0.08, -0.08, -0.08, -0.08, -0.08, -0.08, -0.08, -0.08, -0.08, -0.08, -0.08, -0.08, 0.03, 0.39, -0.08, 
-0.08, -0.08, -0.08, -0.08, -0.08, -0.08, -0.08, -0.08, -0.08, -0.08, -0.08, -0.08, -0.08, 0.12, -0.08, -0.08, -0.08, -0.08, -0.08, -0.08, -0.08, -0.08, -0.08, -0.08, -0.08, -0.08, -0.08, -0.08, 
-0.08, -0.08, -0.08, -0.08, -0.08, -0.08, -0.08, -0.08, -0.08, -0.08, -0.08, -0.08, -0.08, -0.08, -0.08, -0.08, -0.08, -0.08, -0.08, -0.08, -0.08, -0.08, -0.08, -0.08, -0.08, -0.08, -0.08, -0.08, 
-0.08, -0.08, -0.08, -0.08, -0.08, -0.08, -0.08, 0.03, -0.08, -0.08, -0.08, -0.08, -0.08, -0.08, 0.14, -0.08, -0.08, -0.08, -0.08, -0.08, -0.08, -0.08, -0.08, -0.08, -0.08, 0.37, -0.08, -0.08, 
-0.08, -0.08, -0.08, -0.08, -0.08, -0.08, -0.08, -0.08, -0.08, -0.08, -0.08, -0.08, -0.08, -0.08, -0.08, -0.08, -0.08, -0.08, -0.08, -0.08, -0.08, -0.08, -0.08, -0.08, -0.08, -0.08, -0.08, -0.08, 
-0.08, -0.08, 0.03, -0.08, -0.08, 0.01, -0.08, -0.08, -0.08, -0.08, -0.08, -0.08, -0.08, -0.08, -0.08, -0.08, 0.74, -0.08, -0.08, -0.08, -0.08, -0.08, -0.08, -0.08, -0.08, -0.08, -0.08, -0.08, 
-0.08, -0.08, -0.08, -0.08, -0.08, 0.03, 0.49, 0.03, -0.08, -0.08, 0.61, -0.08, -0.08, -0.08, -0.08, -0.08, -0.08, -0.08, -0.08, -0.08, -0.08, -0.08, -0.08, -0.08, 0.35, -0.08, -0.08, -0.08, 
-0.08, -0.08, -0.08, -0.08, -0.08, -0.08, -0.08, -0.08, -0.08, -0.08, -0.08, -0.08, -0.08, -0.08, -0.08, -0.08, -0.08, -0.08, -0.08, -0.08, 0.49, -0.08, -0.08, -0.08, -0.08, -0.08, -0.08, -0.08, 
-0.08, -0.08, -0.08, -0.08, -0.01, -0.08, -0.08, -0.08, -0.08, -0.08, -0.08, -0.08, 0.03, -0.08, -0.08, -0.08, 0.03, 0.19, -0.08, -0.08, -0.08, -0.08, -0.08, -0.08, -0.08, -0.08, -0.08, -0.08, 
-0.08, -0.08, -0.08, -0.08, -0.08, -0.08, -0.08, -0.08, -0.08, -0.08, -0.08, -0.08, -0.08, -0.08, -0.08, -0.08, -0.08, -0.08, -0.08, 0.03, -0.08, -0.08, 0.32, -0.08, -0.08, -0.08, -0.08, -0.08, 
-0.08, -0.08, -0.08, -0.08, -0.08, -0.08, -0.08, -0.08, 0.03, -0.08, 0.49, -0.08, -0.08, -0.08, -0.08, -0.08, -0.08, -0.08, -0.08, -0.08, -0.08, -0.08, -0.08, -0.08, -0.08, -0.08, -0.08, -0.08, 
-0.08, -0.08, -0.04, -0.08, -0.08, -0.08, -0.08, -0.08, -0.08, 0.03, -0.08, -0.08, -0.08, -0.08, -0.08, -0.08, -0.08, 0.21, -0.08, -0.08, -0.08, -0.08, -0.08, -0.08, -0.08, -0.08, -0.08, -0.08, 
-0.08, -0.08, -0.08, -0.08, -0.08, -0.08, -0.08, -0.08, -0.08, -0.08, -0.08, -0.08, -0.08, -0.08, -0.08, -0.08, -0.08, -0.08, -0.08, -0.08, -0.08, -0.08, -0.08, 0.30, -0.08, -0.08, -0.08, -0.08, 
-0.08, -0.08, -0.08, -0.08, -0.08, -0.08, -0.08, -0.08, -0.08, -0.08, 0.49, -0.08, -0.08, -0.08, -0.08, -0.08, -0.08, -0.08, -0.08, -0.08, -0.08, -0.08, -0.08, -0.08, -0.08, -0.08, -0.08, -0.08, 
-0.06, -0.08, -0.08, -0.08, -0.08, -0.08, -0.08, -0.08, -0.08, -0.08, -0.08, -0.08, -0.08, -0.08, -0.08, -0.08, 0.23, -0.08, -0.08, -0.08, 0.28, -0.08, -0.08, -0.08, -0.08, -0.08, -0.08, -0.08, 
-0.08, -0.08, -0.08, -0.08, -0.08, -0.08, -0.08, -0.08, -0.08, -0.08, -0.08, -0.08, -0.08, -0.08, -0.08, -0.08, -0.08, -0.08, -0.08, 0.26, -0.08, -0.08, -0.08, -0.08, -0.08, -0.08, -0.08, -0.08, 
-0.08, -0.08, -0.08, -0.08, -0.08, -0.08, -0.08, -0.08, -0.08, -0.08, -0.08, -0.08, -0.08, -0.08, -0.08, -0.08, -0.08, -0.08, -0.08, -0.08, -0.08, -0.08, -0.08, -0.08, -0.08, -0.08, -0.08, -0.08, 
-- optimal policy --
r  >  r  r  r  v  r  v  l  v  >  r  >  r  >  r  r  >  r  >  r  r  r  r  r  v  r  v  
v  r  >  r  r  r  v  r  v  l  v  >  r  >  R  r  r  r  >  r  >  r  >  r  v  r  v  l  
r  v  r  >  r  >  r  >  r  v  l  r  >  R  r  >  r  >  r  >  r  >  r  >  r  v  v  v  
r  r  v  r  >  R  ^  r  >  >  r  v  l  r  >  r  >  r  >  r  >  R  >  r  >  r  v  l  
r  >  r  >  r  v  r  >  R  ^  >  r  <  r  r  >  r  >  r  >  R  >  r  >  r  >  v  <  
>  R  ^  r  >  r  >  R  R  >  R  r  r  v  >  r  >  r  >  R  >  r  >  r  >  R  ^  L  
R  ^  r  >  R  ^  R  ^  >  R  r  >  r  v  r  >  r  >  R  >  r  >  r  >  R  R  ^  L  
^  r  >  R  ^  R  r  v  R  r  r  r  >  r  v  r  >  R  >  r  >  r  >  R  R  R  R  ^  
r  >  R  r  R  r  >  r  v  r  r  r  r  >  r  r  R  >  r  >  r  >  R  R  ^  L  ^  ^  
>  R  >  r  r  v  R  >  r  v  r  r  >  R  r  r  v  r  >  r  >  R  R  ^  R  ^  L  ^  
R  >  r  >  r  r  v  r  >  r  v  >  R  >  r  >  r  >  r  >  R  R  ^  R  ^  R  ^  L  
>  R  >  r  >  >  >  r  r  >  >  R  >  r  >  R  ^  r  >  R  R  ^  R  ^  R  ^  L  ^  
R  >  r  >  R  R  ^  r  >  R  ^  r  r  >  R  r  r  >  R  >  ^  R  ^  R  ^  L  ^  L  
>  r  >  R  R  ^  r  >  R  ^  r  >  >  R  r  >  >  R  >  R  ^  L  R  ^  ^  ^  L  ^  
r  >  R  R  ^  r  r  r  >  r  v  R  R  r  >  R  R  >  R  ^  L  R  R  ^  L  L  ^  L  
>  R  R  ^  r  r  r  >  r  >  R  R  r  >  R  R  >  R  R  ^  R  R  ^  L  ^  L  L  ^  
R  R  ^  r  r  r  >  R  >  R  ^  L  >  R  R  >  R  R  ^  R  R  ^  ^  L  L  ^  L  L  
R  R  r  r  r  >  R  >  R  ^  L  >  R  R  >  R  R  ^  L  R  R  R  ^  L  L  L  R  ^  
R  r  r  r  >  R  >  R  ^  >  >  R  R  >  R  R  ^  L  R  ^  ^  ^  R  ^  L  ^  L  ^  
r  r  r  >  R  >  R  ^  >  R  ^  R  >  R  R  ^  ^  R  ^  ^  ^  R  R  ^  ^  L  L  L  
r  r  >  R  >  R  ^  >  R  ^  R  >  R  R  ^  R  ^  L  >  R  R  ^  ^  ^  L  ^  L  L  
>  >  R  >  R  ^  >  R  ^  R  >  R  R  ^  R  ^  L  >  R  ^  L  R  ^  ^  ^  ^  ^  L  
Correct actions (%) : 5.38
Avg angular diffs   : 105.00
