arguments: 39 21 4 0.339814 -0.458927 -0.146495 -0.0547645
loading features...

Initializing gridworld of size 28 by 22..
    Num states: 616
    Num actions: 8
recovered reward
-0.05, -0.05, -0.05, 0.03, 0.12, 0.03, -0.05, 0.03, 0.12, 0.03, -0.05, -0.05, -0.05, -0.05, -0.05, -0.17, -0.28, -0.17, -0.05, -0.05, -0.05, -0.05, -0.05, -0.05, -0.05, -0.05, -0.05, -0.05, 
-0.05, -0.05, -0.05, 0.12, 0.29, 0.12, -0.05, 0.12, 0.29, -0.00, -0.05, -0.05, -0.19, -0.05, -0.05, -0.28, -0.51, -0.28, -0.05, -0.05, -0.05, -0.05, -0.05, -0.17, -0.28, -0.55, -0.05, -0.05, 
-0.05, -0.05, -0.05, 0.03, 0.12, 0.03, -0.05, 0.03, 0.03, 0.12, 0.03, -0.05, -0.05, -0.05, -0.05, -0.17, -0.43, -0.17, -0.05, -0.05, -0.05, -0.05, -0.17, -0.28, -0.51, -0.28, -0.05, -0.05, 
-0.05, -0.05, -0.05, -0.05, -0.05, -0.05, -0.05, -0.16, 0.12, 0.29, 0.12, -0.05, -0.05, -0.05, -0.05, -0.05, -0.05, -0.05, -0.05, -0.05, -0.05, -0.05, -0.28, -0.17, -0.28, -0.17, -0.05, -0.05, 
-0.05, -0.05, -0.05, -0.05, -0.05, -0.17, -0.37, -0.17, 0.03, 0.00, -0.20, -0.17, -0.05, -0.05, -0.05, -0.05, -0.05, -0.05, -0.05, -0.05, -0.05, -0.05, -0.17, -0.28, -0.17, -0.42, -0.05, -0.05, 
-0.05, -0.05, -0.05, -0.05, 0.03, -0.11, -0.43, -0.28, -0.05, -0.28, -0.51, -0.28, -0.05, -0.05, -0.05, -0.05, -0.22, -0.05, -0.05, -0.05, -0.05, -0.05, -0.05, -0.05, -0.05, -0.05, -0.05, -0.05, 
-0.05, -0.05, -0.05, -0.05, 0.04, 0.17, -0.11, -0.08, 0.12, -0.08, -0.28, -0.17, -0.05, -0.05, -0.23, -0.05, -0.17, -0.28, -0.17, -0.05, -0.05, -0.05, -0.05, -0.05, -0.05, -0.05, -0.05, -0.05, 
-0.05, 0.03, 0.12, 0.03, 0.03, 0.12, 0.03, 0.12, 0.29, 0.12, -0.05, -0.05, -0.05, -0.05, -0.05, -0.05, -0.28, -0.51, -0.28, -0.05, -0.05, -0.05, -0.05, -0.41, -0.17, -0.28, -0.17, -0.05, 
-0.05, 0.12, 0.29, 0.12, -0.05, -0.05, -0.05, 0.03, 0.12, 0.03, -0.05, -0.05, -0.05, -0.05, 0.03, 0.12, -0.08, -0.28, -0.17, -0.05, -0.05, -0.05, -0.05, -0.05, -0.28, -0.51, -0.28, -0.05, 
-0.05, 0.03, 0.12, 0.03, -0.23, -0.28, -0.17, -0.05, -0.05, -0.05, -0.05, -0.05, -0.25, -0.05, 0.12, 0.29, 0.12, -0.05, -0.05, -0.05, -0.05, -0.05, -0.05, -0.05, -0.17, -0.28, -0.17, -0.05, 
-0.05, -0.05, -0.05, -0.05, -0.28, -0.51, -0.28, -0.05, -0.05, -0.05, -0.05, -0.05, -0.05, -0.05, 0.03, 0.12, 0.03, -0.05, -0.05, -0.05, -0.05, -0.05, -0.05, -0.05, -0.39, -0.05, -0.05, -0.05, 
-0.05, -0.05, -0.05, -0.05, -0.17, -0.28, -0.17, -0.28, -0.17, -0.05, -0.26, -0.05, -0.05, -0.17, -0.28, -0.17, -0.05, -0.05, -0.05, -0.05, -0.05, -0.05, -0.05, -0.05, -0.05, -0.05, -0.05, -0.05, 
-0.05, -0.05, -0.05, 0.03, 0.12, 0.03, -0.28, -0.51, -0.28, -0.05, -0.05, -0.05, -0.05, -0.28, -0.51, -0.28, -0.05, -0.05, -0.05, -0.05, -0.05, -0.05, -0.05, -0.05, -0.05, -0.05, -0.05, -0.05, 
-0.05, -0.05, -0.05, 0.07, 0.29, 0.12, -0.17, -0.28, -0.17, -0.05, -0.05, -0.05, -0.05, -0.17, -0.28, -0.17, -0.05, -0.05, -0.05, -0.05, -0.05, -0.05, -0.05, -0.38, -0.05, -0.05, -0.05, -0.05, 
-0.05, -0.05, -0.05, 0.03, 0.12, 0.03, -0.05, -0.05, -0.05, -0.27, -0.05, -0.05, -0.05, -0.05, -0.05, -0.05, -0.05, -0.05, -0.05, -0.05, -0.05, 0.03, 0.12, 0.03, -0.05, -0.05, -0.05, -0.05, 
-0.05, -0.05, -0.05, -0.05, -0.05, -0.05, -0.05, -0.05, -0.05, -0.05, -0.05, -0.05, 0.03, 0.12, 0.03, -0.05, -0.05, -0.05, -0.05, -0.05, -0.05, 0.12, 0.29, 0.12, -0.05, -0.05, -0.05, -0.05, 
-0.05, -0.05, -0.08, -0.05, -0.05, -0.05, -0.05, -0.05, -0.05, -0.05, -0.05, -0.17, -0.35, 0.17, 0.12, -0.05, -0.05, -0.05, -0.05, -0.05, -0.05, 0.03, 0.12, -0.39, -0.28, -0.17, -0.05, -0.05, 
-0.05, -0.05, -0.05, -0.05, -0.05, -0.05, -0.05, -0.05, -0.05, -0.05, -0.05, -0.28, -0.43, -0.11, 0.03, -0.05, -0.05, -0.05, 0.03, 0.12, 0.03, -0.05, 0.03, -0.11, -0.43, -0.28, -0.05, -0.05, 
-0.05, -0.05, -0.05, -0.05, -0.05, -0.05, -0.05, -0.05, -0.05, -0.05, -0.05, -0.17, -0.28, -0.17, -0.05, -0.05, -0.05, -0.05, 0.12, 0.29, 0.12, -0.35, 0.12, 0.17, -0.11, -0.17, -0.05, -0.05, 
-0.07, -0.05, -0.05, -0.05, -0.05, -0.05, -0.05, -0.05, -0.05, -0.05, -0.05, -0.05, -0.05, -0.30, -0.05, -0.05, -0.32, -0.05, 0.03, -0.16, 0.03, -0.05, 0.03, 0.12, 0.03, -0.05, -0.05, -0.05, 
-0.05, -0.05, -0.05, -0.05, -0.05, -0.05, -0.05, -0.05, -0.05, -0.05, -0.05, -0.05, -0.05, -0.05, -0.05, -0.05, -0.05, -0.05, -0.05, -0.05, -0.05, -0.05, -0.05, -0.05, -0.05, -0.05, -0.05, -0.05, 
-0.05, -0.05, -0.05, -0.05, -0.05, -0.05, -0.05, -0.05, -0.05, -0.05, -0.05, -0.05, -0.05, -0.05, -0.05, -0.05, -0.05, -0.05, -0.05, -0.05, -0.05, -0.05, -0.05, -0.05, -0.05, -0.05, -0.05, -0.05, 
-- optimal policy --
>  >  r  r  v  l  l  r  v  l  <  l  l  <  l  l  <  r  v  v  l  l  <  l  <  <  v  v  
r  >  >  >  ^  <  <  >  r  <  l  l  l  l  l  <  L  r  v  l  l  <  l  <  L  r  v  l  
>  >  R  R  ^  L  L  R  r  v  l  l  <  l  <  <  l  l  l  <  <  v  l  L  r  r  v  l  
R  R  R  R  ^  L  R  >  >  ^  <  <  <  <  <  l  l  l  <  <  v  v  l  l  v  r  v  l  
r  R  R  r  v  l  L  R  R  ^  L  L  L  L  L  l  l  <  <  v  r  v  l  l  l  l  l  l  
r  r  r  r  r  v  l  r  v  l  L  R  ^  v  l  v  l  L  r  r  v  l  l  l  <  <  v  v  
r  r  v  l  >  v  <  r  v  l  l  l  r  r  v  v  l  ^  r  v  l  l  l  l  <  <  r  v  
r  r  v  l  R  ^  L  >  v  <  <  <  r  r  r  v  l  l  r  v  l  l  l  <  l  L  r  v  
>  >  ^  <  <  ^  R  R  ^  L  L  L  r  r  r  v  l  l  l  l  <  <  <  v  l  l  r  v  
R  R  ^  L  L  L  R  R  ^  L  L  L  >  >  >  <  <  <  l  <  L  L  v  v  l  v  l  v  
R  R  ^  L  L  l  R  ^  ^  ^  L  L  R  R  R  ^  L  L  <  L  v  v  v  v  l  l  l  l  
R  ^  r  r  v  l  l  ^  L  ^  ^  R  R  R  R  ^  L  L  L  r  v  l  l  v  l  v  l  l  
^  >  r  r  v  l  l  l  R  r  r  R  ^  L  R  R  ^  L  L  r  r  r  v  l  v  l  l  l  
>  r  >  >  ^  <  <  l  l  >  r  r  v  v  v  l  l  ^  >  r  r  r  v  l  l  l  <  <  
R  >  R  R  ^  L  L  <  <  >  r  r  r  v  l  l  l  v  R  >  r  r  v  l  l  <  <  L  
>  R  R  R  ^  L  L  L  L  >  >  >  r  v  l  l  <  r  v  >  >  >  >  <  <  <  <  L  
R  R  R  ^  R  ^  L  L  L  R  R  R  >  >  <  <  r  r  r  v  R  R  ^  L  L  L  L  <  
R  ^  R  R  R  R  ^  L  L  R  ^  L  R  ^  L  L  >  r  r  v  l  R  r  v  l  r  v  l  
R  R  R  R  ^  R  ^  ^  L  L  L  L  v  R  ^  L  R  >  >  ^  <  <  >  <  <  l  l  l  
R  R  R  ^  R  ^  L  ^  L  L  L  L  r  R  ^  ^  R  R  R  ^  L  L  R  ^  L  <  <  l  
R  R  R  ^  L  ^  L  L  ^  L  L  >  >  R  ^  >  R  R  ^  L  ^  L  R  ^  L  L  <  <  
R  ^  ^  R  ^  L  ^  L  L  ^  >  >  R  ^  >  R  R  ^  ^  ^  ^  R  ^  ^  ^  L  L  L  
Correct actions (%) : 14.53
Avg angular diffs   : 81.15
