arguments: 39 9 3 0.576807 0.115017 0.225776 -0.0823999
loading features...

Initializing gridworld of size 28 by 22..
    Num states: 616
    Num actions: 8
recovered reward
-0.08, -0.08, -0.08, -0.08, -0.08, -0.08, -0.08, -0.08, -0.08, -0.08, -0.08, -0.08, -0.08, -0.08, -0.08, -0.08, -0.08, -0.08, -0.08, -0.08, -0.08, -0.08, -0.08, -0.08, -0.08, -0.08, -0.08, -0.08, 
-0.08, -0.08, -0.08, -0.08, -0.08, -0.08, -0.08, -0.08, -0.08, -0.08, -0.08, -0.08, -0.08, -0.08, -0.08, -0.08, -0.08, -0.08, -0.08, -0.08, -0.08, -0.08, -0.08, -0.08, -0.08, 0.41, -0.08, -0.08, 
-0.08, -0.08, -0.08, -0.08, -0.08, -0.08, -0.08, -0.08, -0.08, -0.08, -0.08, -0.08, -0.08, -0.08, 0.12, -0.08, -0.08, -0.08, -0.08, -0.08, -0.08, -0.08, -0.08, -0.08, -0.08, -0.08, -0.08, -0.08, 
-0.08, -0.08, -0.08, -0.08, -0.08, -0.08, -0.08, -0.08, -0.08, -0.08, -0.08, 0.10, -0.08, -0.08, -0.08, -0.08, 0.14, -0.08, -0.08, -0.08, -0.08, -0.08, -0.08, 0.39, -0.08, -0.08, -0.08, -0.08, 
-0.08, -0.08, -0.08, -0.08, -0.08, -0.08, -0.08, -0.08, -0.08, 0.08, -0.08, -0.08, -0.08, -0.08, 0.49, -0.08, -0.08, -0.08, -0.08, -0.08, -0.08, -0.08, 0.49, -0.08, -0.08, -0.08, -0.08, -0.08, 
-0.08, -0.08, -0.08, -0.08, -0.08, -0.08, -0.08, -0.08, -0.08, -0.08, -0.08, -0.08, -0.08, 0.03, -0.08, -0.08, -0.08, -0.08, -0.08, -0.08, -0.08, 0.03, -0.08, -0.08, -0.08, -0.08, -0.08, -0.08, 
-0.08, -0.08, -0.08, -0.08, -0.08, -0.08, -0.08, 0.05, -0.08, -0.08, -0.08, -0.08, -0.08, -0.08, -0.08, -0.08, 0.17, -0.08, -0.08, -0.08, -0.08, -0.08, -0.08, 0.37, -0.08, -0.08, -0.08, -0.08, 
-0.08, -0.08, -0.08, -0.08, -0.08, -0.08, -0.08, -0.08, -0.08, -0.08, -0.08, -0.08, -0.08, -0.08, 0.03, -0.08, -0.08, -0.08, -0.08, -0.08, -0.08, -0.08, -0.08, -0.08, -0.08, -0.08, -0.08, -0.08, 
-0.08, -0.08, -0.08, -0.08, -0.08, -0.08, -0.08, -0.08, -0.08, -0.08, -0.08, -0.08, -0.08, -0.08, -0.08, -0.08, -0.08, -0.08, -0.08, -0.08, -0.08, -0.08, -0.08, -0.08, -0.08, -0.08, -0.08, -0.08, 
-0.08, -0.08, -0.08, -0.08, -0.08, -0.08, 0.03, 0.49, -0.08, -0.08, -0.08, 0.03, -0.08, -0.08, -0.08, -0.08, 0.19, -0.08, -0.08, -0.08, 0.03, -0.08, 0.35, -0.08, -0.08, -0.08, -0.08, -0.08, 
-0.08, -0.08, -0.08, -0.08, -0.08, -0.08, -0.08, -0.08, 0.03, -0.08, -0.08, -0.08, -0.08, -0.08, -0.08, -0.08, -0.08, -0.08, -0.08, -0.08, -0.08, -0.08, -0.08, -0.08, -0.08, -0.08, -0.08, -0.08, 
-0.08, -0.08, -0.08, -0.08, 0.49, -0.08, -0.08, 0.61, -0.08, -0.08, 0.49, -0.08, -0.08, -0.08, 0.49, -0.08, -0.08, -0.08, -0.08, -0.08, -0.08, -0.08, -0.08, -0.08, -0.08, -0.08, -0.08, -0.08, 
-0.08, -0.08, -0.08, -0.08, 0.01, -0.08, -0.08, -0.08, -0.08, -0.08, -0.08, -0.08, -0.08, -0.08, 0.21, -0.08, -0.08, -0.08, -0.08, -0.08, 0.49, -0.08, -0.08, -0.08, -0.08, -0.08, -0.08, -0.08, 
-0.08, -0.08, -0.08, -0.08, -0.08, -0.08, 0.49, -0.08, -0.08, -0.08, -0.08, -0.08, 0.49, -0.08, -0.08, -0.08, -0.08, -0.08, -0.08, -0.08, -0.08, 0.32, -0.08, -0.08, -0.08, -0.08, -0.08, -0.08, 
-0.08, -0.08, -0.08, -0.01, -0.08, -0.08, -0.08, -0.08, -0.08, -0.08, 0.03, -0.08, -0.08, -0.08, -0.08, -0.08, -0.08, -0.08, -0.08, -0.08, -0.08, -0.08, -0.08, -0.08, -0.08, -0.08, -0.08, -0.08, 
-0.08, -0.08, -0.08, -0.08, -0.08, -0.08, -0.08, -0.08, -0.08, -0.08, -0.08, -0.08, -0.08, -0.08, -0.08, 0.23, -0.08, -0.08, -0.08, -0.08, 0.30, -0.08, -0.08, -0.08, -0.08, 0.03, -0.08, -0.08, 
-0.08, -0.04, -0.08, -0.08, -0.08, -0.08, -0.08, -0.08, -0.08, -0.08, -0.08, -0.08, -0.08, -0.08, -0.08, -0.08, -0.08, -0.08, -0.08, -0.08, 0.03, -0.08, -0.08, -0.08, -0.08, -0.08, -0.08, -0.08, 
-0.08, -0.08, -0.08, -0.08, -0.08, -0.08, 0.03, -0.08, -0.08, -0.08, -0.08, -0.08, -0.08, -0.08, -0.08, -0.08, -0.08, -0.08, -0.08, -0.08, -0.08, -0.08, -0.08, -0.08, -0.08, -0.08, -0.08, -0.08, 
-0.08, -0.08, -0.08, -0.08, -0.08, -0.08, -0.08, -0.08, -0.08, -0.08, -0.08, -0.08, 0.49, -0.08, -0.08, 0.26, -0.08, -0.08, 0.28, -0.08, -0.08, -0.08, -0.08, -0.08, -0.08, -0.08, -0.08, -0.08, 
-0.06, -0.08, -0.08, -0.08, -0.08, -0.08, -0.08, -0.08, -0.08, -0.08, -0.08, -0.08, -0.08, -0.08, -0.08, 0.49, -0.08, -0.08, -0.08, -0.08, -0.08, -0.08, -0.08, -0.08, -0.08, -0.08, -0.08, -0.08, 
-0.08, -0.08, -0.08, -0.08, -0.08, -0.08, -0.08, -0.08, -0.08, -0.08, -0.08, -0.08, -0.08, -0.08, -0.08, -0.08, -0.08, -0.08, -0.08, -0.08, -0.08, -0.08, -0.08, -0.08, -0.08, -0.08, -0.08, -0.08, 
-0.08, -0.08, -0.08, -0.08, -0.08, -0.08, -0.08, -0.08, -0.08, -0.08, -0.08, -0.08, -0.08, -0.08, -0.08, -0.08, -0.08, -0.08, -0.08, -0.08, -0.08, -0.08, -0.08, -0.08, -0.08, -0.08, -0.08, -0.08, 
-- optimal policy --
r  r  r  r  r  r  r  r  r  >  r  >  r  r  r  r  r  r  r  v  r  r  v  v  r  v  l  l  
r  r  r  r  r  r  r  r  r  r  >  r  >  r  r  r  >  r  r  r  v  r  v  v  v  l  <  <  
r  r  v  r  r  r  r  r  r  r  r  >  r  >  >  r  r  >  r  >  r  v  r  v  l  l  L  <  
r  r  r  v  r  r  r  r  r  r  >  r  r  r  v  >  >  r  >  r  >  r  v  l  <  <  <  L  
r  r  r  r  v  r  r  r  >  >  R  r  r  >  r  R  r  >  r  >  r  >  R  <  L  <  L  <  
>  r  r  r  r  v  r  >  R  R  r  r  >  R  ^  r  >  r  >  r  >  R  ^  L  L  L  <  L  
v  >  r  r  r  v  v  R  R  r  r  >  R  ^  r  >  r  >  r  >  R  ^  L  ^  L  L  L  <  
r  v  >  r  r  r  v  v  l  r  >  R  ^  >  r  R  >  r  >  R  ^  ^  R  ^  L  L  L  L  
r  r  v  >  r  r  r  v  l  v  r  r  >  R  >  r  r  >  R  ^  ^  R  ^  ^  L  L  L  L  
r  >  r  v  >  r  >  r  r  r  v  r  r  v  r  >  >  R  ^  ^  R  R  ^  ^  ^  L  L  L  
>  r  >  r  v  >  r  v  >  r  v  l  >  r  v  R  R  ^  ^  R  ^  R  ^  L  ^  ^  L  L  
r  >  r  >  r  r  >  R  r  >  r  <  r  >  R  R  ^  ^  R  ^  R  ^  ^  ^  L  ^  ^  L  
>  r  >  R  ^  r  R  ^  >  R  ^  r  v  R  ^  L  ^  R  ^  >  ^  <  ^  ^  ^  L  ^  ^  
r  >  R  R  r  >  ^  >  R  r  r  >  R  R  ^  L  R  ^  >  R  ^  L  <  ^  ^  ^  L  ^  
>  R  R  r  >  R  ^  R  r  >  >  R  ^  L  ^  L  L  >  R  ^  R  ^  L  <  ^  ^  ^  L  
R  R  R  >  R  ^  R  r  >  R  R  R  ^  L  L  ^  >  R  ^  R  ^  ^  ^  L  <  ^  ^  ^  
R  R  >  R  ^  R  r  >  R  R  ^  ^  L  ^  R  ^  R  ^  R  R  ^  L  ^  L  L  <  L  ^  
R  >  R  ^  R  >  >  R  R  ^  ^  ^  ^  R  ^  R  R  R  R  R  ^  L  L  L  ^  L  <  L  
>  R  ^  R  >  R  R  R  ^  ^  ^  >  R  <  r  v  R  R  R  R  ^  L  L  L  L  ^  L  <  
R  ^  R  >  R  R  R  R  ^  ^  >  R  ^  L  >  R  R  R  ^  L  R  ^  L  L  L  L  ^  L  
^  R  >  R  R  R  R  ^  ^  >  R  ^  ^  >  R  ^  R  R  R  ^  L  ^  L  ^  L  L  L  ^  
R  >  R  R  R  ^  R  ^  >  R  ^  ^  >  R  ^  R  R  R  ^  L  ^  L  L  ^  L  L  L  ^  
Correct actions (%) : 10.87
Avg angular diffs   : 104.67
