arguments: 39 10 3 9.44047e-05 0.00742013 -0.000484349 -0.992001
loading features...

Initializing gridworld of size 28 by 22..
    Num states: 616
    Num actions: 8
recovered reward
-0.99, -0.99, -0.99, -0.99, -0.99, -0.99, -0.99, -0.99, -0.99, -0.99, -0.99, -0.99, -0.99, -0.99, -0.99, -0.99, -0.99, -0.99, -0.99, -0.99, -0.99, -0.99, -0.99, -0.99, -0.99, -0.99, -0.99, -0.99, 
-0.99, -0.99, -0.99, -0.99, -0.99, -0.99, -0.99, -0.99, -0.99, -0.99, -0.99, -0.99, -0.99, -0.99, -0.99, -0.99, -0.99, -0.99, -0.99, -0.99, -0.99, -0.99, -0.99, -0.99, -0.99, -0.99, -0.99, -0.99, 
-0.99, -0.99, -0.99, -0.99, -0.99, -0.99, -0.99, -0.99, -0.99, -0.99, -0.99, -0.99, -0.99, -0.99, -0.99, -0.99, -0.99, -0.99, -0.99, -0.99, -0.99, -0.99, -0.99, -0.99, -0.99, -0.99, -0.99, -0.99, 
-0.99, -0.99, -0.99, -0.99, -0.99, -0.99, -0.99, -0.99, -0.99, -0.99, -0.99, -0.99, -0.99, -0.99, -0.99, -0.99, -0.99, -0.99, -0.99, -0.99, -0.99, -0.99, -0.99, -0.99, -0.99, -0.99, -0.99, -0.99, 
-0.99, -0.99, -0.99, -0.99, -0.99, -0.99, -0.99, -0.99, -0.99, -0.99, -0.99, -0.99, -0.99, -0.99, -0.99, -0.99, -0.99, -0.99, -0.99, -0.99, -0.99, -0.99, -0.99, -0.99, -0.99, -0.99, -0.99, -0.99, 
-0.99, -0.99, -0.99, -0.99, -0.99, -0.99, -0.99, -0.99, -0.99, -0.99, -0.99, -0.99, -0.99, -0.99, -0.99, -0.99, -0.99, -0.99, -0.99, -0.99, -0.99, -0.99, -0.99, -0.99, -0.99, -0.99, -0.99, -0.99, 
-0.99, -0.99, -0.99, -0.99, -0.99, -0.99, -0.99, -0.98, -0.99, -0.99, -0.99, -0.99, -0.99, -0.99, -0.99, -0.99, -0.99, -0.99, -0.99, -0.99, -0.99, -0.99, -0.99, -0.99, -0.99, -0.99, -0.99, -0.99, 
-0.99, -0.98, -0.99, -0.99, -0.99, -0.99, -0.99, -0.99, -0.99, -0.99, -0.99, -0.99, -0.99, -0.99, -0.99, -0.99, -0.99, -0.99, -0.99, -0.99, -0.99, -0.99, -0.99, -0.99, -0.99, -0.99, -0.99, -0.99, 
-0.99, -0.99, -0.99, -0.99, -0.99, -0.99, -0.99, -0.99, -0.99, -0.99, -0.99, -0.99, -0.99, -0.99, -0.99, -0.99, -0.99, -0.99, -0.99, -0.99, -0.99, -0.99, -0.99, -0.99, -0.99, -0.99, -0.99, -0.99, 
-0.99, -0.99, -0.99, -0.99, -0.99, -0.99, -0.99, -0.99, -0.99, -0.99, -0.99, -0.99, -0.99, -0.99, -0.99, -0.99, -0.99, -0.99, -0.99, -0.99, -0.99, -0.99, -0.99, -0.99, -0.99, -0.99, -0.99, -0.99, 
-0.99, -0.99, -0.99, -0.99, -0.99, -0.99, -0.99, -0.99, -0.99, -0.99, -0.99, -0.99, -0.99, -0.99, -0.99, -0.99, -0.99, -0.99, -0.99, -0.99, -0.99, -0.99, -0.99, -0.99, -0.99, -0.99, -0.99, -0.99, 
-0.99, -0.99, -0.99, -0.99, -0.99, -0.99, -0.99, -0.99, -0.99, -0.99, -0.99, -0.99, -0.98, -0.99, -0.98, -0.99, -0.99, -0.99, -0.99, -0.99, -0.99, -0.99, -0.99, -0.99, -0.99, -0.99, -0.99, -0.99, 
-0.99, -0.99, -0.99, -0.99, -0.99, -0.99, -0.99, -0.99, -0.99, -0.99, -0.99, -0.99, -0.99, -0.99, -0.99, -0.99, -0.99, -0.99, -0.99, -0.99, -0.99, -0.99, -0.99, -0.99, -0.99, -0.99, -0.99, -0.99, 
-0.99, -0.99, -0.99, -0.99, -0.99, -0.99, -0.99, -0.99, -0.99, -0.99, -0.99, -0.99, -0.99, -0.99, -0.99, -0.99, -0.99, -0.99, -0.99, -0.99, -0.98, -0.99, -0.99, -0.99, -0.99, -0.99, -0.99, -0.99, 
-0.99, -0.99, -0.99, -0.99, -0.99, -0.99, -0.99, -0.99, -0.99, -0.99, -0.99, -0.99, -0.99, -0.99, -0.99, -0.98, -0.99, -0.99, -0.99, -0.99, -0.99, -0.99, -0.99, -0.99, -0.99, -0.99, -0.99, -0.99, 
-0.99, -0.99, -0.99, -0.99, -0.99, -0.99, -0.99, -0.99, -0.98, -0.99, -0.99, -0.99, -0.99, -0.99, -0.99, -0.99, -0.99, -0.99, -0.99, -0.99, -0.99, -0.99, -0.99, -0.99, -0.99, -0.99, -0.99, -0.99, 
-0.99, -0.99, -0.99, -0.99, -0.99, -0.99, -0.99, -0.99, -0.98, -0.99, -0.99, -0.99, -0.99, -0.99, -0.99, -0.99, -0.99, -0.99, -0.99, -0.98, -0.99, -0.99, -0.99, -0.99, -0.99, -0.99, -0.99, -0.99, 
-0.99, -0.99, -0.99, -0.99, -0.99, -0.99, -0.99, -0.99, -0.99, -0.99, -0.99, -0.99, -0.99, -0.99, -0.99, -0.99, -0.99, -0.99, -0.99, -0.98, -0.99, -0.99, -0.99, -0.99, -0.99, -0.99, -0.99, -0.99, 
-0.99, -0.99, -0.99, -0.99, -0.99, -0.99, -0.99, -0.99, -0.99, -0.99, -0.99, -0.99, -0.99, -0.99, -0.99, -0.99, -0.99, -0.99, -0.99, -0.99, -0.99, -0.99, -0.99, -0.99, -0.99, -0.99, -0.99, -0.99, 
-0.99, -0.99, -0.99, -0.99, -0.99, -0.99, -0.99, -0.99, -0.99, -0.99, -0.99, -0.99, -0.99, -0.99, -0.99, -0.99, -0.99, -0.99, -0.99, -0.99, -0.99, -0.99, -0.99, -0.99, -0.99, -0.99, -0.99, -0.99, 
-0.99, -0.99, -0.99, -0.99, -0.99, -0.99, -0.99, -0.99, -0.99, -0.99, -0.99, -0.99, -0.99, -0.99, -0.99, -0.99, -0.99, -0.99, -0.99, -0.99, -0.99, -0.99, -0.99, -0.99, -0.99, -0.99, -0.99, -0.99, 
-0.99, -0.99, -0.99, -0.99, -0.99, -0.99, -0.99, -0.99, -0.99, -0.99, -0.99, -0.99, -0.99, -0.99, -0.99, -0.99, -0.99, -0.99, -0.99, -0.99, -0.99, -0.99, -0.99, -0.99, -0.99, -0.99, -0.99, -0.99, 
-- optimal policy --
r  r  r  v  r  v  l  l  v  l  l  l  l  l  l  l  v  l  v  v  v  l  v  l  v  l  l  l  
v  r  r  r  v  v  l  r  v  v  l  l  l  l  l  v  l  v  r  v  l  v  l  v  l  l  v  l  
v  v  >  r  v  l  v  v  r  v  l  l  l  l  v  v  v  v  v  l  v  l  v  l  l  v  r  v  
v  l  v  >  r  v  v  v  v  l  l  l  l  v  l  v  v  v  l  l  l  v  l  l  v  r  v  l  
v  l  l  v  >  r  r  r  v  l  l  l  v  l  l  v  v  l  l  l  v  l  l  v  r  v  r  v  
v  l  v  l  >  r  r  v  l  l  l  r  v  l  r  v  r  v  l  v  l  v  v  r  v  r  v  l  
r  v  l  l  v  >  >  r  <  r  r  v  l  r  v  r  v  l  v  l  v  v  r  v  r  v  v  l  
>  v  <  v  r  v  R  ^  r  r  v  r  r  v  l  l  l  v  l  v  v  r  v  r  v  v  l  l  
R  r  v  r  v  r  v  r  >  r  v  r  v  l  l  l  v  l  v  v  r  v  r  v  v  l  l  l  
r  r  r  v  r  v  r  v  r  >  r  v  v  l  l  v  l  v  v  r  v  r  v  v  l  l  l  l  
r  r  r  r  v  r  v  r  v  l  >  r  v  l  v  l  l  r  r  v  r  v  v  l  l  l  l  l  
r  r  r  r  r  v  r  v  l  v  l  >  l  <  <  <  v  >  r  r  v  v  l  l  l  l  l  l  
r  r  r  r  r  r  v  r  v  l  v  l  ^  L  ^  r  r  r  >  r  v  l  l  l  l  l  l  l  
r  r  r  r  r  r  r  v  r  v  l  l  l  ^  r  v  r  r  v  >  l  <  l  l  <  l  l  <  
r  r  r  r  r  r  r  r  v  l  l  l  l  <  >  >  r  r  r  v  v  l  l  l  l  l  <  l  
>  r  r  r  r  r  >  r  v  l  l  l  l  l  R  ^  >  r  r  v  l  l  l  l  <  l  l  l  
r  >  r  r  r  r  r  >  ^  <  <  <  l  l  ^  r  r  >  r  v  l  l  <  l  l  <  <  l  
r  r  >  >  r  r  >  R  ^  L  L  <  <  l  r  r  >  R  >  ^  <  l  l  l  l  l  L  l  
r  >  R  r  >  >  R  ^  ^  ^  L  L  <  <  r  >  R  >  R  ^  L  <  <  l  <  l  l  l  
>  R  r  >  R  R  ^  ^  R  ^  L  L  L  <  >  R  R  R  R  ^  L  L  L  <  l  l  l  l  
R  r  >  R  R  R  ^  L  R  ^  L  L  L  L  R  R  R  R  R  ^  L  ^  L  L  <  <  <  <  
>  >  R  R  R  ^  R  R  R  ^  L  L  L  L  R  R  R  R  ^  ^  L  L  L  L  L  <  <  <  
Correct actions (%) : 9.09
Avg angular diffs   : 97.16
