arguments: 39 11 4 0.254342 -0.228288 0.0210918 -0.496278
loading features...

Initializing gridworld of size 28 by 22..
    Num states: 616
    Num actions: 8
recovered reward
-0.61, -0.72, -0.61, -0.50, -0.43, -0.43, -0.55, -0.55, -0.50, -0.50, -0.50, -0.50, -0.50, -0.50, -0.50, -0.50, -0.50, -0.50, -0.55, -0.61, -0.55, -0.50, -0.50, -0.50, -0.50, -0.50, -0.50, -0.50, 
-0.55, -0.55, -0.43, -0.43, -0.37, -0.36, -0.60, -0.61, -0.50, -0.48, -0.50, -0.50, -0.48, -0.50, -0.50, -0.50, -0.50, -0.50, -0.61, -0.66, -0.48, -0.43, -0.50, -0.50, -0.50, -0.44, -0.50, -0.50, 
-0.50, -0.37, -0.24, -0.37, -0.43, -0.43, -0.55, -0.55, -0.50, -0.50, -0.50, -0.50, -0.50, -0.50, -0.50, -0.50, -0.48, -0.50, -0.55, -0.48, -0.30, -0.37, -0.50, -0.50, -0.50, -0.50, -0.50, -0.50, 
-0.50, -0.43, -0.37, -0.43, -0.50, -0.55, -0.61, -0.54, -0.50, -0.50, -0.50, -0.50, -0.50, -0.50, -0.50, -0.50, -0.50, -0.50, -0.50, -0.43, -0.37, -0.43, -0.43, -0.50, -0.50, -0.50, -0.50, -0.50, 
-0.50, -0.50, -0.50, -0.50, -0.50, -0.50, -0.48, -0.50, -0.50, -0.50, -0.50, -0.50, -0.50, -0.50, -0.50, -0.50, -0.50, -0.50, -0.50, -0.50, -0.43, -0.37, -0.43, -0.50, -0.50, -0.44, -0.50, -0.50, 
-0.50, -0.50, -0.50, -0.50, -0.50, -0.50, -0.50, -0.50, -0.50, -0.50, -0.55, -0.61, -0.55, -0.50, -0.50, -0.50, -0.47, -0.50, -0.50, -0.50, -0.37, -0.24, -0.37, -0.50, -0.50, -0.50, -0.50, -0.50, 
-0.50, -0.50, -0.50, -0.50, -0.49, -0.50, -0.50, -0.50, -0.50, -0.50, -0.61, -0.72, -0.61, -0.50, -0.47, -0.50, -0.50, -0.50, -0.50, -0.50, -0.49, -0.48, -0.49, -0.50, -0.50, -0.50, -0.50, -0.50, 
-0.50, -0.50, -0.50, -0.50, -0.50, -0.50, -0.43, -0.37, -0.43, -0.50, -0.55, -0.61, -0.55, -0.50, -0.50, -0.50, -0.50, -0.50, -0.50, -0.43, -0.48, -0.66, -0.61, -0.45, -0.50, -0.50, -0.50, -0.50, 
-0.50, -0.50, -0.50, -0.50, -0.50, -0.50, -0.37, -0.24, -0.37, -0.50, -0.50, -0.50, -0.50, -0.50, -0.50, -0.50, -0.50, -0.50, -0.50, -0.37, -0.30, -0.48, -0.55, -0.50, -0.50, -0.50, -0.50, -0.50, 
-0.50, -0.50, -0.50, -0.50, -0.49, -0.50, -0.43, -0.37, -0.43, -0.37, -0.43, -0.50, -0.47, -0.50, -0.50, -0.50, -0.50, -0.50, -0.50, -0.43, -0.37, -0.43, -0.50, -0.50, -0.50, -0.50, -0.50, -0.50, 
-0.50, -0.50, -0.50, -0.50, -0.50, -0.50, -0.50, -0.50, -0.37, -0.24, -0.37, -0.50, -0.50, -0.50, -0.50, -0.55, -0.61, -0.55, -0.50, -0.50, -0.50, -0.50, -0.50, -0.50, -0.45, -0.50, -0.50, -0.50, 
-0.50, -0.50, -0.50, -0.50, -0.50, -0.50, -0.50, -0.50, -0.43, -0.37, -0.40, -0.50, -0.50, -0.55, -0.61, -0.61, -0.72, -0.61, -0.50, -0.50, -0.50, -0.50, -0.50, -0.50, -0.50, -0.50, -0.50, -0.50, 
-0.50, -0.50, -0.50, -0.50, -0.50, -0.50, -0.50, -0.50, -0.50, -0.50, -0.50, -0.50, -0.50, -0.61, -0.72, -0.55, -0.61, -0.55, -0.50, -0.50, -0.50, -0.50, -0.50, -0.50, -0.43, -0.37, -0.43, -0.50, 
-0.50, -0.50, -0.50, -0.49, -0.50, -0.50, -0.50, -0.50, -0.50, -0.50, -0.50, -0.50, -0.50, -0.55, -0.61, -0.55, -0.50, -0.50, -0.50, -0.50, -0.50, -0.50, -0.50, -0.45, -0.37, -0.24, -0.37, -0.50, 
-0.50, -0.50, -0.50, -0.50, -0.50, -0.50, -0.50, -0.50, -0.50, -0.46, -0.50, -0.50, -0.50, -0.50, -0.50, -0.50, -0.50, -0.50, -0.50, -0.50, -0.50, -0.43, -0.37, -0.43, -0.43, -0.37, -0.43, -0.50, 
-0.50, -0.50, -0.50, -0.50, -0.50, -0.50, -0.50, -0.50, -0.50, -0.50, -0.50, -0.50, -0.50, -0.50, -0.50, -0.50, -0.50, -0.50, -0.50, -0.50, -0.43, -0.37, -0.30, -0.48, -0.55, -0.50, -0.50, -0.50, 
-0.50, -0.50, -0.49, -0.50, -0.50, -0.50, -0.50, -0.50, -0.50, -0.50, -0.50, -0.50, -0.46, -0.50, -0.50, -0.50, -0.50, -0.50, -0.50, -0.50, -0.37, -0.43, -0.48, -0.62, -0.61, -0.50, -0.50, -0.50, 
-0.50, -0.50, -0.50, -0.50, -0.50, -0.50, -0.43, -0.37, -0.43, -0.50, -0.50, -0.50, -0.50, -0.50, -0.55, -0.61, -0.55, -0.50, -0.50, -0.50, -0.43, -0.37, -0.49, -0.61, -0.55, -0.50, -0.50, -0.50, 
-0.50, -0.50, -0.50, -0.50, -0.50, -0.50, -0.37, -0.24, -0.37, -0.50, -0.50, -0.50, -0.50, -0.50, -0.61, -0.72, -0.61, -0.50, -0.55, -0.61, -0.55, -0.45, -0.50, -0.50, -0.50, -0.50, -0.50, -0.50, 
-0.49, -0.50, -0.50, -0.50, -0.50, -0.50, -0.43, -0.37, -0.43, -0.50, -0.50, -0.50, -0.50, -0.46, -0.55, -0.61, -0.52, -0.50, -0.61, -0.68, -0.61, -0.50, -0.50, -0.50, -0.50, -0.50, -0.50, -0.50, 
-0.50, -0.50, -0.50, -0.50, -0.50, -0.50, -0.50, -0.50, -0.50, -0.50, -0.50, -0.50, -0.50, -0.50, -0.55, -0.61, -0.55, -0.50, -0.55, -0.61, -0.55, -0.50, -0.50, -0.50, -0.50, -0.50, -0.50, -0.50, 
-0.50, -0.50, -0.50, -0.50, -0.50, -0.50, -0.50, -0.50, -0.50, -0.50, -0.50, -0.50, -0.50, -0.50, -0.50, -0.50, -0.50, -0.50, -0.50, -0.50, -0.50, -0.50, -0.50, -0.50, -0.50, -0.50, -0.50, -0.50, 
-- optimal policy --
r  r  v  l  v  l  l  <  <  <  l  r  v  r  r  r  r  r  r  r  r  v  l  l  l  l  l  l  
r  r  v  l  l  <  <  l  l  l  <  v  l  l  r  r  r  r  r  r  v  l  l  l  l  l  <  <  
>  >  >  <  <  L  L  <  l  r  v  l  l  l  r  >  r  r  r  >  v  <  <  l  l  l  L  l  
R  R  ^  L  L  L  L  L  v  v  l  l  l  l  r  R  >  r  >  R  r  v  l  l  l  l  l  l  
R  R  ^  L  L  L  L  r  v  l  l  l  <  <  v  r  r  >  R  r  r  v  l  l  l  l  <  l  
R  ^  L  ^  L  r  r  v  v  l  l  l  L  v  l  >  >  R  r  >  >  >  <  <  <  <  L  <  
^  ^  ^  >  r  r  r  v  l  l  l  l  l  l  l  R  R  r  >  R  R  ^  L  L  <  l  l  L  
^  ^  >  R  >  r  r  v  l  l  l  l  l  l  l  L  r  >  R  R  R  ^  L  L  L  <  <  l  
R  >  R  r  r  >  >  v  <  <  l  l  l  l  l  l  >  R  R  >  L  <  R  ^  L  L  l  l  
>  R  r  >  >  R  R  ^  L  v  l  l  l  <  <  <  R  R  R  R  ^  L  <  r  v  l  v  l  
R  r  >  R  R  R  R  ^  >  v  <  <  <  L  <  <  R  R  R  R  ^  L  r  r  r  v  l  l  
r  >  R  R  R  R  ^  R  R  ^  L  L  <  l  L  L  R  R  R  ^  ^  r  r  r  r  v  l  l  
>  R  R  R  R  ^  R  R  R  ^  L  L  L  <  l  L  r  R  r  r  r  r  r  r  r  v  l  l  
R  R  R  R  R  R  R  R  R  ^  ^  L  L  L  l  l  >  r  r  r  r  r  r  >  >  v  <  <  
r  >  r  r  r  r  R  R  ^  ^  L  L  L  L  <  <  r  r  r  r  r  r  v  R  R  ^  L  L  
>  r  >  r  r  r  v  v  v  l  l  l  l  L  L  L  r  r  >  r  >  >  R  R  R  ^  L  L  
r  >  r  r  r  r  r  v  l  l  l  l  l  <  L  L  >  >  r  >  R  R  ^  L  R  ^  ^  L  
>  R  >  r  r  r  r  v  l  l  l  l  l  L  <  L  r  >  >  R  ^  L  L  L  R  R  ^  L  
R  r  r  >  r  >  >  v  <  <  <  <  <  <  l  r  >  R  R  R  R  ^  L  L  R  ^  ^  L  
r  r  r  r  >  R  R  ^  L  L  L  L  L  L  <  >  R  R  R  R  R  ^  L  L  L  R  ^  L  
r  r  r  >  R  R  R  ^  L  L  L  L  L  L  L  R  R  ^  L  R  R  ^  ^  L  L  L  L  L  
>  >  >  R  R  R  R  ^  L  L  L  L  L  <  L  R  R  ^  L  R  R  ^  ^  ^  L  L  L  ^  
Correct actions (%) : 11.83
Avg angular diffs   : 91.94
