arguments: 39 10 3 0.354651 0.00581395 0.0581395 -0.581395
loading features...

Initializing gridworld of size 28 by 22..
    Num states: 616
    Num actions: 8
recovered reward
-0.58, -0.58, -0.58, -0.58, -0.58, -0.58, -0.58, -0.58, -0.58, -0.45, -0.58, -0.58, -0.58, -0.44, -0.58, -0.58, -0.58, -0.44, -0.58, -0.58, -0.43, -0.58, -0.42, -0.58, -0.58, -0.42, -0.58, -0.58, 
-0.58, -0.58, -0.58, -0.58, -0.58, -0.58, -0.45, -0.58, -0.23, -0.58, -0.58, -0.58, -0.58, -0.58, -0.58, -0.58, -0.58, -0.58, -0.58, -0.58, -0.58, -0.58, -0.58, -0.58, -0.58, -0.58, -0.58, -0.58, 
-0.58, -0.58, -0.58, -0.58, -0.58, -0.58, -0.58, -0.58, -0.58, -0.58, -0.58, -0.58, -0.58, -0.58, -0.58, -0.58, -0.58, -0.58, -0.58, -0.58, -0.58, -0.58, -0.58, -0.58, -0.58, -0.58, -0.58, -0.58, 
-0.58, -0.58, -0.58, -0.58, -0.45, -0.58, -0.58, -0.58, -0.58, -0.58, -0.58, -0.58, -0.58, -0.58, -0.58, -0.58, -0.58, -0.58, -0.58, -0.58, -0.58, -0.58, -0.58, -0.58, -0.58, -0.58, -0.58, -0.58, 
-0.58, -0.58, -0.58, -0.58, -0.58, -0.58, -0.58, -0.58, -0.58, -0.58, -0.58, -0.58, -0.58, -0.58, -0.58, -0.58, -0.58, -0.58, -0.58, -0.58, -0.58, -0.58, -0.58, -0.58, -0.58, -0.58, -0.58, -0.58, 
-0.58, -0.58, -0.58, -0.58, -0.58, -0.58, -0.58, -0.58, -0.58, -0.58, -0.23, -0.58, -0.58, -0.58, -0.58, -0.58, -0.58, -0.58, -0.58, -0.58, -0.58, -0.58, -0.58, -0.58, -0.58, -0.58, -0.58, -0.58, 
-0.58, -0.58, -0.58, -0.58, -0.11, -0.58, -0.58, -0.58, -0.58, -0.23, -0.58, -0.58, -0.58, -0.58, -0.58, -0.58, -0.58, -0.58, -0.58, -0.58, -0.58, -0.58, -0.58, -0.58, -0.58, -0.58, -0.58, -0.58, 
-0.58, -0.58, -0.58, -0.58, -0.58, -0.58, -0.47, -0.58, -0.58, -0.58, -0.58, -0.23, -0.58, -0.58, -0.58, -0.58, -0.23, -0.58, -0.58, -0.58, -0.58, -0.58, -0.58, -0.58, -0.58, -0.58, -0.58, -0.58, 
-0.58, -0.58, -0.58, -0.58, -0.58, -0.58, -0.58, -0.58, -0.58, -0.58, -0.58, -0.58, -0.58, -0.58, -0.58, -0.58, -0.58, -0.23, -0.58, -0.58, -0.58, -0.58, -0.58, -0.58, -0.58, -0.58, -0.58, -0.58, 
-0.58, -0.58, -0.58, -0.58, -0.58, -0.58, -0.58, -0.48, -0.58, -0.58, -0.58, -0.58, -0.58, -0.58, -0.58, -0.58, -0.58, -0.58, -0.58, -0.58, -0.58, -0.58, -0.58, -0.58, -0.58, -0.58, -0.58, -0.58, 
-0.58, -0.58, -0.58, -0.58, -0.58, -0.58, -0.58, -0.58, -0.58, -0.58, -0.58, -0.58, -0.58, -0.58, -0.58, -0.58, -0.58, -0.58, -0.58, -0.58, -0.58, -0.58, -0.58, -0.58, -0.58, -0.58, -0.58, -0.58, 
-0.58, -0.58, -0.58, -0.58, -0.58, -0.58, -0.58, -0.58, -0.58, -0.58, -0.58, -0.58, -0.58, -0.58, -0.58, -0.58, -0.58, -0.58, -0.58, -0.58, -0.58, -0.58, -0.58, -0.58, -0.58, -0.58, -0.58, -0.58, 
-0.58, -0.58, -0.58, -0.58, -0.58, -0.58, -0.58, -0.58, -0.58, -0.58, -0.58, -0.58, -0.58, -0.58, -0.58, -0.58, -0.58, -0.58, -0.58, -0.58, -0.58, -0.58, -0.58, -0.58, -0.58, -0.58, -0.58, -0.58, 
-0.58, -0.58, -0.58, -0.58, -0.58, -0.58, -0.58, -0.48, -0.58, -0.58, -0.58, -0.58, -0.58, -0.58, -0.58, -0.58, -0.58, -0.58, -0.58, -0.58, -0.58, -0.58, -0.58, -0.58, -0.58, -0.58, -0.58, -0.58, 
-0.58, -0.58, -0.58, -0.58, -0.58, -0.58, -0.58, -0.58, -0.49, -0.58, -0.58, -0.58, -0.58, -0.58, -0.58, -0.58, -0.58, -0.58, -0.58, -0.58, -0.51, -0.58, -0.58, -0.52, -0.58, -0.58, -0.52, -0.58, 
-0.58, -0.58, -0.58, -0.58, -0.58, -0.58, -0.58, -0.58, -0.58, -0.58, -0.58, -0.58, -0.49, -0.58, -0.23, -0.50, -0.58, -0.58, -0.51, -0.58, -0.58, -0.58, -0.58, -0.58, -0.58, -0.58, -0.58, -0.58, 
-0.58, -0.58, -0.58, -0.58, -0.58, -0.58, -0.58, -0.58, -0.58, -0.58, -0.58, -0.58, -0.58, -0.58, -0.58, -0.58, -0.58, -0.58, -0.23, -0.58, -0.58, -0.58, -0.58, -0.58, -0.58, -0.58, -0.58, -0.58, 
-0.58, -0.58, -0.58, -0.23, -0.58, -0.58, -0.58, -0.58, -0.58, -0.58, -0.58, -0.58, -0.58, -0.58, -0.58, -0.58, -0.58, -0.58, -0.58, -0.58, -0.58, -0.58, -0.58, -0.58, -0.58, -0.58, -0.58, -0.53, 
-0.58, -0.58, -0.58, -0.58, -0.58, -0.58, -0.58, -0.58, -0.58, -0.58, -0.58, -0.58, -0.58, -0.58, -0.58, -0.58, -0.58, -0.58, -0.58, -0.23, -0.58, -0.58, -0.58, -0.58, -0.58, -0.58, -0.58, -0.58, 
-0.58, -0.58, -0.58, -0.58, -0.58, -0.57, -0.58, -0.58, -0.56, -0.58, -0.58, -0.56, -0.58, -0.58, -0.55, -0.58, -0.58, -0.55, -0.58, -0.58, -0.54, -0.58, -0.58, -0.53, -0.58, -0.58, -0.58, -0.58, 
-0.58, -0.58, -0.58, -0.58, -0.58, -0.58, -0.58, -0.58, -0.58, -0.58, -0.58, -0.58, -0.58, -0.58, -0.58, -0.58, -0.58, -0.58, -0.58, -0.58, -0.58, -0.58, -0.58, -0.58, -0.58, -0.58, -0.58, -0.58, 
-0.58, -0.58, -0.58, -0.58, -0.58, -0.58, -0.58, -0.58, -0.58, -0.58, -0.58, -0.58, -0.58, -0.58, -0.58, -0.58, -0.58, -0.58, -0.58, -0.58, -0.58, -0.58, -0.58, -0.58, -0.58, -0.58, -0.58, -0.58, 
-- optimal policy --
r  r  r  r  >  r  v  r  v  l  <  v  l  l  l  l  l  l  v  v  v  v  v  l  v  l  <  l  
v  r  r  r  r  >  r  >  v  <  v  l  l  l  l  l  l  v  v  v  v  v  l  v  l  l  L  <  
r  v  >  r  >  r  v  r  v  v  l  l  l  l  l  l  v  v  v  v  v  l  v  l  l  l  l  L  
>  r  r  >  r  r  r  v  r  v  l  l  l  l  l  v  v  v  v  l  l  v  l  l  l  l  l  l  
r  r  r  v  r  r  >  r  v  r  v  l  l  l  v  v  v  v  v  l  v  l  l  l  l  l  l  l  
r  r  >  r  v  >  r  >  r  v  l  <  <  l  r  v  v  v  l  v  l  l  l  l  l  l  l  l  
r  r  r  >  >  r  >  r  >  R  <  L  l  l  >  r  v  l  v  l  l  l  l  l  l  l  l  l  
>  r  >  R  ^  >  R  >  R  ^  L  <  <  l  r  >  r  v  l  l  l  l  l  l  l  l  <  <  
R  >  R  ^  >  R  >  R  ^  R  R  ^  L  <  >  R  >  L  <  <  <  <  <  <  <  l  l  l  
>  R  ^  >  R  >  R  ^  R  R  ^  L  ^  L  R  >  R  ^  L  <  L  <  L  <  L  <  <  <  
R  ^  >  R  >  R  R  ^  L  R  ^  ^  L  R  >  R  ^  ^  ^  L  <  L  l  L  L  <  L  l  
^  >  R  >  R  R  ^  L  ^  L  R  ^  R  >  R  ^  ^  ^  ^  ^  L  <  <  <  L  L  l  l  
>  R  >  R  R  R  ^  L  L  ^  L  R  >  R  ^  L  ^  ^  ^  ^  ^  L  L  <  L  l  l  l  
R  >  R  R  R  ^  L  L  L  L  R  >  R  R  ^  L  L  ^  ^  ^  ^  ^  L  L  l  l  l  l  
>  R  R  R  ^  L  R  ^  L  R  >  R  ^  L  R  ^  L  L  L  R  ^  L  ^  L  <  l  l  <  
R  R  R  R  ^  R  ^  R  R  >  R  ^  R  >  R  <  L  L  R  R  ^  L  R  ^  L  <  l  L  
R  R  R  R  R  ^  R  R  ^  R  ^  R  ^  R  ^  L  L  >  ^  <  R  ^  L  R  ^  L  <  l  
R  R  >  R  <  R  R  R  R  ^  R  ^  R  R  ^  L  L  R  ^  L  l  R  ^  L  R  ^  L  <  
R  >  R  ^  L  R  R  R  ^  R  ^  R  R  ^  L  ^  R  ^  >  ^  <  l  R  ^  L  R  ^  L  
>  R  R  ^  ^  L  R  ^  R  ^  R  R  ^  ^  ^  R  ^  >  R  ^  L  <  <  R  ^  L  R  ^  
R  R  ^  L  R  R  ^  R  ^  R  R  ^  L  R  R  R  R  R  ^  R  ^  L  <  <  L  ^  L  L  
R  ^  L  R  R  R  R  ^  R  R  ^  R  R  R  R  R  R  ^  R  ^  ^  ^  L  <  <  L  ^  L  
Correct actions (%) : 11.36
Avg angular diffs   : 84.89
