arguments: 39 19 3 0.348442 -0.131066 0.110656 -0.409836
loading features...

Initializing gridworld of size 28 by 22..
    Num states: 616
    Num actions: 8
recovered reward
-0.41, -0.41, -0.41, -0.41, -0.41, -0.41, -0.41, -0.41, -0.41, -0.41, -0.41, -0.41, -0.41, -0.41, -0.41, -0.54, -0.41, -0.41, -0.41, -0.41, -0.41, -0.41, -0.41, -0.41, -0.41, -0.41, -0.41, -0.41, 
-0.41, -0.41, -0.41, -0.41, -0.41, -0.41, -0.41, -0.41, -0.41, -0.41, -0.41, -0.41, -0.41, -0.41, -0.41, -0.41, -0.41, -0.41, -0.41, -0.41, -0.41, -0.41, -0.41, -0.41, -0.41, -0.41, -0.41, -0.41, 
-0.41, -0.41, -0.41, -0.41, -0.41, -0.41, -0.06, -0.41, -0.41, -0.41, -0.41, -0.41, -0.41, -0.41, -0.41, -0.41, -0.41, -0.41, -0.41, -0.41, -0.41, -0.41, -0.54, -0.41, -0.41, -0.41, -0.17, -0.41, 
-0.41, -0.41, -0.41, -0.41, -0.41, -0.41, -0.41, -0.41, -0.41, 0.02, -0.41, -0.41, -0.32, -0.41, -0.41, -0.41, -0.41, -0.41, -0.41, -0.41, -0.41, -0.41, -0.41, -0.41, -0.41, -0.41, -0.41, -0.41, 
-0.41, -0.41, -0.06, -0.41, -0.41, -0.41, -0.41, -0.41, -0.41, -0.41, -0.41, -0.06, -0.41, -0.41, -0.41, -0.41, -0.41, -0.41, -0.41, -0.41, -0.41, -0.41, -0.41, -0.41, -0.41, -0.41, -0.06, -0.41, 
-0.41, -0.41, -0.41, -0.41, -0.41, -0.06, -0.41, -0.34, -0.41, -0.41, -0.41, -0.41, -0.41, -0.41, -0.41, -0.41, -0.41, -0.41, -0.41, -0.41, -0.41, -0.41, -0.41, -0.41, -0.41, -0.54, -0.18, -0.41, 
-0.41, -0.41, -0.41, -0.41, -0.41, -0.41, -0.41, -0.41, -0.41, -0.41, -0.41, -0.41, -0.41, -0.31, -0.41, -0.41, -0.41, -0.41, -0.41, -0.41, -0.41, -0.41, -0.41, -0.41, -0.41, -0.41, -0.41, -0.41, 
-0.41, -0.41, -0.41, -0.41, -0.41, -0.41, -0.41, -0.41, -0.41, -0.41, -0.41, -0.41, -0.41, -0.41, -0.41, -0.41, -0.41, -0.41, -0.41, -0.41, -0.41, -0.41, -0.41, -0.41, -0.41, -0.41, -0.41, -0.41, 
-0.41, -0.41, -0.41, -0.41, -0.41, -0.41, -0.41, -0.35, -0.41, -0.41, -0.41, -0.41, -0.41, -0.41, -0.30, -0.41, -0.41, -0.41, -0.41, -0.41, -0.41, -0.41, -0.41, -0.41, -0.41, -0.19, -0.41, -0.41, 
-0.41, -0.41, -0.41, -0.41, -0.41, -0.41, -0.41, -0.41, -0.41, -0.41, -0.41, -0.41, -0.41, -0.41, -0.41, -0.41, -0.41, -0.41, -0.41, -0.41, -0.41, -0.41, -0.41, -0.41, -0.41, -0.41, -0.41, -0.41, 
-0.41, -0.41, -0.54, -0.41, -0.41, -0.37, -0.41, -0.41, -0.41, -0.41, -0.41, -0.41, -0.41, -0.41, -0.41, -0.41, 0.06, -0.41, -0.41, -0.41, -0.41, -0.41, -0.41, -0.41, -0.41, -0.41, -0.41, -0.41, 
-0.41, -0.41, -0.41, -0.41, -0.41, -0.54, -0.06, -0.54, -0.41, -0.41, -0.19, -0.41, -0.41, -0.41, -0.41, -0.41, -0.41, -0.41, -0.41, -0.41, -0.41, -0.41, -0.41, -0.41, -0.20, -0.41, -0.41, -0.41, 
-0.41, -0.41, -0.41, -0.41, -0.41, -0.41, -0.41, -0.41, -0.41, -0.41, -0.41, -0.41, -0.41, -0.41, -0.41, -0.41, -0.41, -0.41, -0.41, -0.41, -0.06, -0.41, -0.41, -0.41, -0.41, -0.41, -0.41, -0.41, 
-0.41, -0.41, -0.41, -0.41, -0.38, -0.41, -0.41, -0.41, -0.41, -0.41, -0.41, -0.41, -0.54, -0.41, -0.41, -0.41, -0.54, -0.28, -0.41, -0.41, -0.41, -0.41, -0.41, -0.41, -0.41, -0.41, -0.41, -0.41, 
-0.41, -0.41, -0.41, -0.41, -0.41, -0.41, -0.41, -0.41, -0.41, -0.41, -0.41, -0.41, -0.41, -0.41, -0.41, -0.41, -0.41, -0.41, -0.41, -0.54, -0.41, -0.41, -0.21, -0.41, -0.41, -0.41, -0.41, -0.41, 
-0.41, -0.41, -0.41, -0.41, -0.41, -0.41, -0.41, -0.41, -0.54, -0.41, -0.06, -0.41, -0.41, -0.41, -0.41, -0.41, -0.41, -0.41, -0.41, -0.41, -0.41, -0.41, -0.41, -0.41, -0.41, -0.41, -0.41, -0.41, 
-0.41, -0.41, -0.39, -0.41, -0.41, -0.41, -0.41, -0.41, -0.41, -0.54, -0.41, -0.41, -0.41, -0.41, -0.41, -0.41, -0.41, -0.27, -0.41, -0.41, -0.41, -0.41, -0.41, -0.41, -0.41, -0.41, -0.41, -0.41, 
-0.41, -0.41, -0.41, -0.41, -0.41, -0.41, -0.41, -0.41, -0.41, -0.41, -0.41, -0.41, -0.41, -0.41, -0.41, -0.41, -0.41, -0.41, -0.41, -0.41, -0.41, -0.41, -0.41, -0.22, -0.41, -0.41, -0.41, -0.41, 
-0.41, -0.41, -0.41, -0.41, -0.41, -0.41, -0.41, -0.41, -0.41, -0.41, -0.06, -0.41, -0.41, -0.41, -0.41, -0.41, -0.41, -0.41, -0.41, -0.41, -0.41, -0.41, -0.41, -0.41, -0.41, -0.41, -0.41, -0.41, 
-0.40, -0.41, -0.41, -0.41, -0.41, -0.41, -0.41, -0.41, -0.41, -0.41, -0.41, -0.41, -0.41, -0.41, -0.41, -0.41, -0.25, -0.41, -0.41, -0.41, -0.23, -0.41, -0.41, -0.41, -0.41, -0.41, -0.41, -0.41, 
-0.41, -0.41, -0.41, -0.41, -0.41, -0.41, -0.41, -0.41, -0.41, -0.41, -0.41, -0.41, -0.41, -0.41, -0.41, -0.41, -0.41, -0.41, -0.41, -0.24, -0.41, -0.41, -0.41, -0.41, -0.41, -0.41, -0.41, -0.41, 
-0.41, -0.41, -0.41, -0.41, -0.41, -0.41, -0.41, -0.41, -0.41, -0.41, -0.41, -0.41, -0.41, -0.41, -0.41, -0.41, -0.41, -0.41, -0.41, -0.41, -0.41, -0.41, -0.41, -0.41, -0.41, -0.41, -0.41, -0.41, 
-- optimal policy --
r  r  r  >  r  v  r  v  l  v  v  r  r  >  r  >  r  r  r  r  >  r  r  v  r  v  v  l  
v  r  r  r  r  r  v  r  v  l  v  l  r  r  >  r  >  r  r  r  r  >  r  r  v  r  v  l  
r  v  r  >  r  >  r  r  r  v  l  r  v  r  r  >  r  >  r  r  r  r  r  >  r  v  v  v  
r  r  v  r  >  R  ^  r  >  >  r  v  l  r  r  r  >  r  r  r  r  r  >  r  >  r  v  l  
r  >  r  r  r  v  r  >  R  ^  >  r  <  r  r  >  r  >  r  >  r  >  r  >  R  >  v  <  
>  R  ^  r  >  r  >  R  R  >  R  r  r  v  >  r  >  r  >  r  >  r  >  R  R  R  ^  L  
R  ^  r  >  R  ^  R  ^  >  R  r  r  r  v  l  >  r  >  r  >  r  >  R  R  >  R  ^  L  
^  r  >  R  ^  R  ^  >  R  r  r  r  r  r  v  l  >  r  >  r  >  R  R  >  R  ^  ^  ^  
r  >  R  ^  R  ^  >  r  r  r  r  r  r  >  r  r  r  >  r  >  R  R  >  R  ^  L  ^  ^  
>  R  ^  R  r  v  R  >  r  r  r  r  >  R  r  r  v  r  >  R  R  >  R  ^  R  ^  L  ^  
R  ^  R  r  >  r  v  r  r  r  r  >  R  >  r  >  r  r  r  R  >  R  ^  R  ^  ^  L  L  
R  r  r  >  R  >  r  r  r  >  >  R  >  r  >  R  ^  r  >  r  R  ^  R  ^  ^  ^  L  L  
r  r  >  R  >  R  ^  r  >  R  R  >  r  >  R  ^  r  >  r  >  ^  R  ^  R  ^  L  ^  L  
r  >  R  >  R  ^  r  >  r  R  >  r  >  R  ^  r  >  r  >  R  ^  L  R  ^  ^  ^  L  ^  
>  R  >  R  ^  R  r  R  >  r  v  >  R  R  r  >  R  >  R  R  ^  R  ^  ^  ^  ^  ^  L  
R  >  R  ^  R  r  >  r  >  >  >  R  R  r  >  R  >  R  ^  R  R  R  ^  L  ^  ^  ^  ^  
>  R  ^  R  r  >  r  >  R  R  ^  L  r  >  R  >  R  R  R  R  R  ^  L  ^  L  ^  ^  ^  
R  R  r  r  r  r  >  R  R  R  ^  r  >  R  >  R  R  ^  L  R  R  ^  ^  L  ^  L  L  ^  
R  >  r  r  r  >  R  R  R  >  r  >  R  >  R  R  ^  L  R  R  ^  R  R  ^  L  L  L  L  
r  r  r  r  >  R  R  R  >  R  ^  R  >  R  R  ^  L  R  R  ^  R  R  ^  L  ^  L  L  L  
r  r  r  >  R  R  R  >  R  ^  R  >  R  R  ^  R  ^  L  >  R  R  ^  R  ^  L  ^  L  L  
>  >  >  R  R  R  >  R  ^  R  >  R  R  ^  R  ^  R  >  R  ^  L  R  ^  ^  L  R  ^  L  
Correct actions (%) : 3.23
Avg angular diffs   : 105.00
