arguments: 39 5 1 0.252632 0.0122807 -0.0333333 -0.701754
loading features...

Initializing gridworld of size 28 by 22..
    Num states: 616
    Num actions: 8
recovered reward
-0.70, -0.70, -0.70, -0.70, -0.70, -0.70, -0.70, -0.70, -0.70, -0.70, -0.70, -0.70, -0.70, -0.70, -0.70, -0.70, -0.70, -0.70, -0.70, -0.64, -0.58, -0.64, -0.70, -0.70, -0.70, -0.70, -0.70, -0.70, 
-0.70, -0.70, -0.70, -0.70, -0.70, -0.70, -0.70, -0.70, -0.70, -0.64, -0.58, -0.64, -0.64, -0.58, -0.64, -0.70, -0.70, -0.70, -0.70, -0.58, -0.45, -0.58, -0.70, -0.70, -0.70, -0.70, -0.70, -0.70, 
-0.70, -0.70, -0.70, -0.70, -0.70, -0.70, -0.70, -0.70, -0.70, -0.58, -0.45, -0.58, -0.58, -0.45, -0.58, -0.70, -0.70, -0.70, -0.70, -0.64, -0.58, -0.64, -0.70, -0.70, -0.70, -0.70, -0.78, -0.70, 
-0.70, -0.70, -0.70, -0.69, -0.70, -0.70, -0.70, -0.70, -0.70, -0.66, -0.58, -0.64, -0.67, -0.58, -0.64, -0.70, -0.70, -0.70, -0.70, -0.64, -0.57, -0.64, -0.70, -0.70, -0.70, -0.70, -0.70, -0.70, 
-0.70, -0.70, -0.70, -0.70, -0.70, -0.70, -0.70, -0.70, -0.70, -0.70, -0.70, -0.70, -0.70, -0.70, -0.70, -0.70, -0.69, -0.70, -0.69, -0.57, -0.44, -0.58, -0.70, -0.70, -0.70, -0.70, -0.70, -0.70, 
-0.70, -0.70, -0.64, -0.57, -0.63, -0.70, -0.70, -0.72, -0.70, -0.70, -0.70, -0.70, -0.70, -0.70, -0.70, -0.70, -0.70, -0.70, -0.70, -0.64, -0.57, -0.64, -0.70, -0.70, -0.70, -0.69, -0.77, -0.70, 
-0.70, -0.70, -0.58, -0.44, -0.56, -0.70, -0.70, -0.70, -0.70, -0.70, -0.70, -0.70, -0.64, -0.61, -0.64, -0.70, -0.70, -0.70, -0.70, -0.70, -0.70, -0.70, -0.70, -0.70, -0.70, -0.70, -0.70, -0.70, 
-0.70, -0.70, -0.64, -0.57, -0.63, -0.70, -0.70, -0.70, -0.70, -0.70, -0.70, -0.70, -0.58, -0.45, -0.58, -0.64, -0.70, -0.70, -0.70, -0.70, -0.70, -0.70, -0.70, -0.70, -0.70, -0.70, -0.70, -0.70, 
-0.70, -0.70, -0.64, -0.58, -0.64, -0.70, -0.70, -0.72, -0.70, -0.70, -0.70, -0.70, -0.64, -0.58, -0.67, -0.58, -0.64, -0.57, -0.64, -0.70, -0.70, -0.70, -0.70, -0.70, -0.64, -0.64, -0.64, -0.70, 
-0.70, -0.70, -0.70, -0.70, -0.70, -0.70, -0.70, -0.70, -0.70, -0.70, -0.70, -0.70, -0.70, -0.64, -0.58, -0.64, -0.57, -0.45, -0.57, -0.70, -0.70, -0.70, -0.70, -0.70, -0.58, -0.45, -0.58, -0.70, 
-0.70, -0.70, -0.70, -0.70, -0.70, -0.72, -0.70, -0.70, -0.70, -0.70, -0.70, -0.70, -0.70, -0.70, -0.70, -0.70, -0.66, -0.57, -0.63, -0.70, -0.70, -0.70, -0.70, -0.70, -0.64, -0.58, -0.64, -0.70, 
-0.70, -0.70, -0.70, -0.70, -0.70, -0.70, -0.70, -0.70, -0.70, -0.70, -0.70, -0.70, -0.70, -0.70, -0.70, -0.70, -0.70, -0.70, -0.70, -0.70, -0.70, -0.70, -0.70, -0.70, -0.77, -0.70, -0.70, -0.70, 
-0.70, -0.70, -0.70, -0.70, -0.70, -0.70, -0.70, -0.70, -0.70, -0.70, -0.70, -0.70, -0.70, -0.70, -0.70, -0.70, -0.70, -0.70, -0.69, -0.70, -0.70, -0.70, -0.70, -0.70, -0.70, -0.70, -0.70, -0.70, 
-0.70, -0.70, -0.70, -0.70, -0.65, -0.58, -0.64, -0.70, -0.70, -0.70, -0.70, -0.70, -0.70, -0.70, -0.69, -0.70, -0.70, -0.74, -0.70, -0.70, -0.70, -0.70, -0.70, -0.70, -0.70, -0.70, -0.70, -0.70, 
-0.70, -0.70, -0.70, -0.70, -0.58, -0.45, -0.58, -0.70, -0.70, -0.70, -0.70, -0.70, -0.70, -0.70, -0.70, -0.70, -0.70, -0.70, -0.70, -0.70, -0.70, -0.70, -0.76, -0.70, -0.70, -0.70, -0.70, -0.70, 
-0.70, -0.70, -0.70, -0.70, -0.64, -0.58, -0.64, -0.70, -0.70, -0.70, -0.70, -0.70, -0.70, -0.70, -0.70, -0.70, -0.70, -0.70, -0.70, -0.70, -0.70, -0.70, -0.70, -0.70, -0.70, -0.70, -0.70, -0.70, 
-0.70, -0.70, -0.71, -0.70, -0.70, -0.70, -0.70, -0.70, -0.70, -0.70, -0.70, -0.70, -0.70, -0.70, -0.70, -0.70, -0.70, -0.75, -0.70, -0.70, -0.70, -0.70, -0.70, -0.70, -0.70, -0.70, -0.70, -0.70, 
-0.70, -0.70, -0.70, -0.70, -0.70, -0.70, -0.70, -0.70, -0.64, -0.58, -0.64, -0.70, -0.70, -0.70, -0.70, -0.70, -0.70, -0.70, -0.70, -0.70, -0.70, -0.70, -0.70, -0.76, -0.70, -0.70, -0.70, -0.70, 
-0.70, -0.70, -0.70, -0.70, -0.70, -0.70, -0.70, -0.70, -0.58, -0.45, -0.58, -0.70, -0.70, -0.70, -0.70, -0.70, -0.70, -0.70, -0.70, -0.69, -0.70, -0.70, -0.70, -0.70, -0.70, -0.70, -0.70, -0.70, 
-0.71, -0.70, -0.70, -0.70, -0.70, -0.70, -0.70, -0.70, -0.64, -0.58, -0.64, -0.70, -0.70, -0.70, -0.70, -0.70, -0.75, -0.70, -0.70, -0.70, -0.75, -0.70, -0.70, -0.70, -0.70, -0.70, -0.70, -0.70, 
-0.70, -0.70, -0.70, -0.70, -0.70, -0.70, -0.70, -0.70, -0.70, -0.70, -0.70, -0.70, -0.70, -0.70, -0.70, -0.70, -0.70, -0.70, -0.70, -0.75, -0.70, -0.70, -0.70, -0.70, -0.70, -0.70, -0.70, -0.70, 
-0.70, -0.70, -0.70, -0.70, -0.70, -0.70, -0.70, -0.70, -0.70, -0.70, -0.70, -0.70, -0.70, -0.70, -0.70, -0.70, -0.70, -0.70, -0.70, -0.70, -0.70, -0.70, -0.70, -0.70, -0.70, -0.70, -0.70, -0.70, 
-- optimal policy --
r  r  r  r  v  l  r  r  r  r  v  l  r  v  l  l  l  >  r  r  v  l  l  l  l  l  l  l  
r  r  r  v  l  l  r  r  r  r  v  l  r  v  l  l  l  r  >  >  v  <  <  l  l  l  l  <  
r  r  r  v  l  l  l  r  >  >  v  <  >  v  <  <  l  r  r  r  v  l  l  l  l  l  l  l  
r  r  r  v  l  l  l  >  R  R  ^  L  R  ^  L  L  <  r  r  r  v  l  l  l  l  l  l  l  
r  r  r  v  l  l  l  R  R  R  ^  L  R  ^  L  L  L  >  >  >  <  <  <  <  <  l  l  v  
r  r  r  v  l  l  l  l  R  R  r  r  r  v  l  l  l  R  R  R  ^  L  L  <  l  v  l  l  
r  >  >  >  <  <  <  <  R  r  r  r  r  v  l  l  l  R  R  R  ^  L  L  L  r  r  v  v  
>  R  R  ^  L  L  L  <  <  r  r  >  >  v  <  v  r  v  l  l  ^  ^  L  r  v  r  v  l  
R  R  R  ^  L  L  L  L  L  r  >  R  R  ^  L  r  r  v  l  l  l  ^  r  r  r  v  l  l  
R  R  R  ^  L  L  L  L  <  >  R  R  R  ^  R  >  >  v  <  <  l  l  r  >  >  v  <  <  
R  R  ^  L  ^  L  L  L  l  R  R  R  R  R  R  R  R  ^  L  L  <  <  >  R  R  ^  L  L  
R  ^  r  r  r  v  v  l  l  l  R  R  R  R  R  R  R  ^  L  L  L  <  R  R  R  ^  L  L  
^  r  r  r  r  v  l  l  l  l  R  R  R  R  R  R  ^  R  ^  L  L  L  R  ^  R  ^  L  L  
r  r  r  r  r  v  l  l  l  l  l  v  R  R  R  ^  R  R  ^  L  L  L  R  R  ^  L  ^  L  
>  r  r  >  >  v  <  <  l  l  v  v  l  l  ^  L  L  R  ^  L  L  L  L  ^  ^  ^  ^  L  
r  >  >  R  R  ^  L  L  <  v  v  l  l  l  l  L  L  ^  R  ^  L  L  L  R  ^  ^  L  ^  
>  R  R  R  R  ^  L  L  r  v  l  l  l  l  l  l  L  L  ^  ^  L  L  L  L  R  ^  ^  ^  
R  R  R  R  R  ^  ^  r  r  v  l  l  l  <  <  <  <  L  ^  L  L  L  L  L  L  ^  L  ^  
R  R  R  R  R  ^  r  >  >  v  <  <  l  l  <  l  l  L  R  ^  L  L  L  L  ^  L  L  L  
R  R  R  R  ^  r  >  R  R  ^  L  L  <  l  l  l  <  l  l  ^  L  L  L  L  L  L  L  L  
R  R  R  ^  r  >  R  R  R  ^  L  L  L  <  <  l  l  l  l  L  L  ^  L  L  L  L  L  L  
R  R  R  >  >  R  R  R  ^  R  ^  L  L  L  <  <  <  <  <  <  <  L  ^  L  L  L  L  L  
Correct actions (%) : 6.85
Avg angular diffs   : 85.07
