arguments: 42 26 1 0.273352 0.175824 0.00137363 -0.549451
loading features...

Initializing gridworld of size 28 by 22..
    Num states: 616
    Num actions: 8
recovered reward
-0.55, -0.55, -0.55, -0.55, -0.55, -0.55, -0.55, -0.55, -0.41, -0.27, -0.41, -0.55, -0.55, -0.55, -0.55, -0.55, -0.48, -0.41, -0.48, -0.55, -0.55, -0.55, -0.55, -0.55, -0.55, -0.55, -0.55, -0.55, 
-0.55, -0.55, -0.55, -0.55, -0.55, -0.55, -0.55, -0.55, -0.48, -0.41, -0.48, -0.55, -0.55, -0.55, -0.55, -0.55, -0.41, -0.28, -0.41, -0.44, -0.46, -0.51, -0.55, -0.55, -0.55, -0.55, -0.55, -0.55, 
-0.55, -0.55, -0.55, -0.55, -0.55, -0.55, -0.55, -0.55, -0.55, -0.55, -0.55, -0.55, -0.55, -0.55, -0.51, -0.46, -0.44, -0.41, -0.44, -0.32, -0.51, -0.46, -0.55, -0.55, -0.55, -0.55, -0.55, -0.55, 
-0.55, -0.55, -0.55, -0.55, -0.55, -0.55, -0.55, -0.55, -0.55, -0.55, -0.55, -0.55, -0.55, -0.55, -0.46, -0.37, -0.46, -0.48, -0.32, -0.31, -0.46, -0.51, -0.55, -0.55, -0.55, -0.55, -0.55, -0.55, 
-0.55, -0.55, -0.55, -0.55, -0.55, -0.55, -0.55, -0.55, -0.55, -0.55, -0.55, -0.55, -0.55, -0.55, -0.51, -0.46, -0.51, -0.48, -0.37, -0.39, -0.51, -0.55, -0.51, -0.46, -0.51, -0.55, -0.55, -0.55, 
-0.55, -0.55, -0.55, -0.55, -0.55, -0.55, -0.55, -0.55, -0.55, -0.55, -0.55, -0.55, -0.55, -0.55, -0.55, -0.55, -0.55, -0.41, -0.28, -0.41, -0.48, -0.41, -0.39, -0.37, -0.46, -0.55, -0.55, -0.55, 
-0.55, -0.55, -0.55, -0.55, -0.55, -0.55, -0.55, -0.55, -0.55, -0.55, -0.55, -0.55, -0.55, -0.55, -0.55, -0.55, -0.55, -0.48, -0.41, -0.48, -0.41, -0.28, -0.37, -0.46, -0.51, -0.55, -0.55, -0.55, 
-0.55, -0.55, -0.55, -0.55, -0.55, -0.55, -0.55, -0.55, -0.55, -0.55, -0.55, -0.55, -0.55, -0.51, -0.46, -0.51, -0.55, -0.55, -0.55, -0.55, -0.48, -0.41, -0.48, -0.55, -0.55, -0.55, -0.55, -0.55, 
-0.55, -0.55, -0.55, -0.55, -0.55, -0.55, -0.55, -0.55, -0.55, -0.55, -0.55, -0.55, -0.55, -0.46, -0.37, -0.46, -0.55, -0.55, -0.55, -0.55, -0.55, -0.55, -0.55, -0.55, -0.55, -0.55, -0.55, -0.55, 
-0.55, -0.55, -0.55, -0.55, -0.55, -0.55, -0.55, -0.55, -0.55, -0.55, -0.55, -0.55, -0.55, -0.51, -0.46, -0.50, -0.55, -0.55, -0.55, -0.55, -0.55, -0.55, -0.55, -0.55, -0.55, -0.55, -0.55, -0.55, 
-0.55, -0.55, -0.55, -0.55, -0.55, -0.51, -0.46, -0.51, -0.55, -0.55, -0.55, -0.55, -0.55, -0.55, -0.55, -0.55, -0.55, -0.55, -0.55, -0.55, -0.55, -0.55, -0.55, -0.55, -0.55, -0.55, -0.55, -0.55, 
-0.55, -0.55, -0.48, -0.41, -0.48, -0.46, -0.37, -0.46, -0.55, -0.55, -0.48, -0.41, -0.48, -0.55, -0.55, -0.48, -0.41, -0.48, -0.55, -0.55, -0.55, -0.55, -0.55, -0.55, -0.48, -0.41, -0.48, -0.55, 
-0.55, -0.55, -0.41, -0.28, -0.41, -0.51, -0.46, -0.51, -0.55, -0.55, -0.41, -0.28, -0.41, -0.48, -0.41, -0.41, -0.28, -0.41, -0.55, -0.55, -0.55, -0.55, -0.55, -0.55, -0.41, -0.28, -0.41, -0.55, 
-0.55, -0.55, -0.48, -0.41, -0.48, -0.55, -0.55, -0.55, -0.55, -0.55, -0.48, -0.41, -0.48, -0.41, -0.28, -0.48, -0.41, -0.48, -0.55, -0.55, -0.55, -0.55, -0.55, -0.55, -0.48, -0.41, -0.48, -0.55, 
-0.55, -0.55, -0.55, -0.48, -0.41, -0.48, -0.55, -0.55, -0.55, -0.55, -0.55, -0.55, -0.55, -0.48, -0.41, -0.48, -0.48, -0.41, -0.48, -0.55, -0.51, -0.46, -0.51, -0.55, -0.55, -0.55, -0.55, -0.55, 
-0.55, -0.55, -0.55, -0.41, -0.28, -0.41, -0.55, -0.55, -0.55, -0.55, -0.55, -0.55, -0.55, -0.51, -0.46, -0.51, -0.37, -0.19, -0.37, -0.55, -0.46, -0.37, -0.46, -0.46, -0.51, -0.55, -0.55, -0.55, 
-0.55, -0.55, -0.55, -0.48, -0.41, -0.48, -0.55, -0.55, -0.55, -0.55, -0.51, -0.46, -0.51, -0.46, -0.37, -0.46, -0.39, -0.24, -0.39, -0.55, -0.51, -0.46, -0.51, -0.37, -0.46, -0.55, -0.55, -0.55, 
-0.55, -0.55, -0.55, -0.55, -0.55, -0.55, -0.55, -0.55, -0.55, -0.55, -0.46, -0.37, -0.46, -0.51, -0.46, -0.51, -0.51, -0.46, -0.51, -0.55, -0.55, -0.55, -0.51, -0.46, -0.51, -0.55, -0.55, -0.55, 
-0.55, -0.55, -0.55, -0.55, -0.55, -0.55, -0.55, -0.55, -0.55, -0.55, -0.51, -0.46, -0.50, -0.55, -0.55, -0.55, -0.55, -0.55, -0.55, -0.55, -0.55, -0.55, -0.55, -0.55, -0.55, -0.55, -0.55, -0.55, 
-0.55, -0.55, -0.55, -0.55, -0.55, -0.55, -0.55, -0.55, -0.55, -0.55, -0.55, -0.55, -0.55, -0.55, -0.55, -0.55, -0.55, -0.55, -0.55, -0.55, -0.55, -0.55, -0.55, -0.55, -0.55, -0.55, -0.55, -0.55, 
-0.55, -0.55, -0.55, -0.55, -0.55, -0.55, -0.55, -0.55, -0.55, -0.55, -0.55, -0.55, -0.55, -0.55, -0.55, -0.55, -0.55, -0.55, -0.55, -0.55, -0.55, -0.55, -0.55, -0.55, -0.55, -0.55, -0.55, -0.55, 
-0.55, -0.55, -0.55, -0.55, -0.55, -0.55, -0.55, -0.55, -0.55, -0.55, -0.55, -0.55, -0.55, -0.55, -0.55, -0.55, -0.55, -0.55, -0.55, -0.55, -0.55, -0.55, -0.55, -0.55, -0.55, -0.55, -0.55, -0.55, 
-- optimal policy --
r  r  r  r  r  >  r  >  >  ^  <  <  l  l  <  r  r  v  l  l  l  l  l  l  l  v  v  l  
r  r  >  r  >  R  >  R  R  ^  L  L  <  l  L  >  >  v  r  v  l  <  l  l  v  v  l  l  
>  >  R  >  R  >  R  R  R  ^  L  L  L  <  r  R  R  r  r  v  l  l  <  v  v  l  l  l  
R  R  >  R  >  R  R  R  ^  ^  ^  L  L  L  r  r  r  r  v  l  <  r  r  v  l  l  l  l  
R  >  R  >  R  R  R  ^  ^  R  ^  ^  L  v  v  v  r  r  v  l  r  r  v  l  l  l  l  <  
r  R  >  R  R  R  R  R  ^  r  r  r  r  v  v  l  l  l  l  <  r  v  l  l  <  <  l  l  
r  r  R  R  r  r  r  r  r  r  r  r  r  r  v  l  l  l  l  r  >  v  <  <  L  L  <  l  
v  r  r  r  r  r  r  r  r  v  r  r  r  r  v  l  l  l  v  v  l  l  L  L  L  l  l  l  
r  v  r  r  r  r  r  r  r  r  v  r  r  r  v  l  l  r  v  l  l  l  l  l  l  l  l  v  
r  r  v  r  r  r  r  r  r  r  r  v  r  r  r  r  v  v  l  l  l  l  l  l  l  l  v  l  
r  r  r  v  r  r  r  >  r  r  r  r  v  r  r  r  v  l  l  l  l  l  l  l  l  v  l  l  
r  r  r  v  >  >  >  r  >  r  r  r  r  r  r  r  v  l  l  l  l  l  l  l  l  v  l  l  
r  >  >  >  R  R  R  >  r  >  >  >  r  r  v  r  v  l  l  l  l  l  l  l  l  <  <  <  
>  R  R  ^  R  R  R  r  >  R  R  R  >  >  r  r  r  v  l  l  l  l  l  l  l  ^  L  L  
R  R  R  r  v  R  r  >  R  R  R  R  R  R  >  r  r  v  l  l  l  l  l  l  l  l  l  L  
R  R  >  >  >  r  >  R  R  R  R  R  R  r  r  >  >  v  <  <  <  <  <  <  l  l  l  l  
R  >  R  R  ^  >  R  R  R  r  r  r  >  >  >  R  R  ^  L  L  <  L  L  L  <  <  <  <  
>  R  R  R  ^  R  R  R  r  >  >  >  R  R  R  R  R  ^  L  L  L  L  L  L  L  L  <  L  
R  R  R  ^  R  R  R  r  >  R  R  R  R  R  R  R  R  ^  L  L  L  L  L  L  L  L  L  <  
R  R  ^  R  R  R  r  >  R  R  R  R  R  R  R  R  ^  R  ^  L  L  L  L  L  L  L  L  L  
R  R  R  R  R  r  >  R  R  R  R  R  R  R  R  ^  R  R  R  ^  L  L  L  L  L  L  L  L  
R  R  R  R  R  >  R  R  R  R  R  R  R  R  ^  R  R  ^  ^  L  ^  L  L  L  L  L  L  L  
Correct actions (%) : 15.62
Avg angular diffs   : 77.81
