arguments: 42 36 1 0.273352 0.175824 0.00137363 -0.549451
loading features...

Initializing gridworld of size 28 by 22..
    Num states: 616
    Num actions: 8
recovered reward
-0.55, -0.55, -0.51, -0.46, -0.51, -0.55, -0.55, -0.55, -0.55, -0.55, -0.55, -0.55, -0.55, -0.55, -0.55, -0.55, -0.55, -0.55, -0.55, -0.55, -0.55, -0.55, -0.55, -0.55, -0.55, -0.55, -0.55, -0.55, 
-0.55, -0.55, -0.46, -0.37, -0.46, -0.55, -0.55, -0.55, -0.55, -0.55, -0.55, -0.55, -0.55, -0.55, -0.55, -0.55, -0.51, -0.46, -0.51, -0.55, -0.55, -0.55, -0.55, -0.55, -0.55, -0.55, -0.55, -0.55, 
-0.55, -0.55, -0.51, -0.46, -0.51, -0.55, -0.55, -0.55, -0.55, -0.55, -0.55, -0.55, -0.55, -0.55, -0.55, -0.55, -0.46, -0.37, -0.46, -0.55, -0.55, -0.55, -0.55, -0.55, -0.55, -0.55, -0.55, -0.55, 
-0.55, -0.55, -0.51, -0.46, -0.51, -0.55, -0.55, -0.55, -0.55, -0.55, -0.55, -0.55, -0.55, -0.55, -0.55, -0.55, -0.51, -0.46, -0.44, -0.41, -0.48, -0.55, -0.55, -0.55, -0.55, -0.55, -0.55, -0.55, 
-0.55, -0.55, -0.55, -0.55, -0.55, -0.55, -0.55, -0.55, -0.55, -0.55, -0.55, -0.55, -0.55, -0.55, -0.55, -0.55, -0.55, -0.48, -0.41, -0.48, -0.41, -0.55, -0.55, -0.55, -0.55, -0.55, -0.55, -0.55, 
-0.55, -0.55, -0.51, -0.46, -0.51, -0.55, -0.55, -0.55, -0.55, -0.55, -0.55, -0.55, -0.48, -0.41, -0.48, -0.55, -0.55, -0.41, -0.28, -0.41, -0.48, -0.55, -0.55, -0.55, -0.55, -0.55, -0.55, -0.55, 
-0.55, -0.48, -0.32, -0.31, -0.46, -0.55, -0.55, -0.55, -0.55, -0.55, -0.55, -0.55, -0.41, -0.28, -0.41, -0.55, -0.55, -0.48, -0.41, -0.48, -0.55, -0.55, -0.55, -0.55, -0.55, -0.55, -0.55, -0.55, 
-0.55, -0.41, -0.23, -0.32, -0.51, -0.55, -0.55, -0.55, -0.55, -0.55, -0.55, -0.55, -0.48, -0.41, -0.44, -0.46, -0.51, -0.55, -0.55, -0.55, -0.55, -0.55, -0.55, -0.55, -0.55, -0.55, -0.55, -0.55, 
-0.55, -0.48, -0.41, -0.48, -0.55, -0.55, -0.55, -0.55, -0.55, -0.55, -0.55, -0.55, -0.55, -0.55, -0.46, -0.31, -0.32, -0.48, -0.51, -0.46, -0.51, -0.55, -0.55, -0.55, -0.55, -0.55, -0.55, -0.55, 
-0.55, -0.55, -0.55, -0.55, -0.55, -0.55, -0.55, -0.55, -0.55, -0.55, -0.55, -0.55, -0.50, -0.46, -0.51, -0.32, -0.23, -0.41, -0.46, -0.37, -0.46, -0.55, -0.55, -0.55, -0.55, -0.55, -0.55, -0.55, 
-0.55, -0.51, -0.46, -0.51, -0.55, -0.55, -0.55, -0.55, -0.55, -0.55, -0.55, -0.55, -0.46, -0.37, -0.46, -0.48, -0.41, -0.48, -0.37, -0.39, -0.51, -0.55, -0.55, -0.55, -0.55, -0.55, -0.55, -0.55, 
-0.55, -0.46, -0.37, -0.46, -0.55, -0.55, -0.55, -0.55, -0.55, -0.55, -0.48, -0.41, -0.44, -0.46, -0.51, -0.55, -0.55, -0.41, -0.28, -0.41, -0.55, -0.55, -0.55, -0.55, -0.55, -0.55, -0.55, -0.55, 
-0.55, -0.51, -0.46, -0.51, -0.55, -0.55, -0.55, -0.48, -0.41, -0.48, -0.41, -0.28, -0.41, -0.55, -0.55, -0.55, -0.55, -0.48, -0.41, -0.48, -0.55, -0.55, -0.48, -0.41, -0.44, -0.46, -0.51, -0.55, 
-0.55, -0.55, -0.55, -0.55, -0.55, -0.55, -0.55, -0.41, -0.28, -0.41, -0.48, -0.41, -0.48, -0.55, -0.55, -0.55, -0.55, -0.55, -0.55, -0.55, -0.55, -0.55, -0.41, -0.28, -0.32, -0.37, -0.46, -0.55, 
-0.55, -0.55, -0.55, -0.55, -0.55, -0.55, -0.55, -0.44, -0.32, -0.44, -0.51, -0.55, -0.55, -0.55, -0.55, -0.55, -0.55, -0.55, -0.55, -0.55, -0.55, -0.55, -0.48, -0.41, -0.44, -0.46, -0.51, -0.55, 
-0.55, -0.55, -0.48, -0.41, -0.48, -0.48, -0.55, -0.46, -0.37, -0.46, -0.46, -0.55, -0.55, -0.55, -0.55, -0.55, -0.55, -0.55, -0.55, -0.48, -0.41, -0.48, -0.55, -0.55, -0.55, -0.55, -0.55, -0.55, 
-0.55, -0.55, -0.41, -0.28, -0.41, -0.41, -0.55, -0.51, -0.46, -0.51, -0.51, -0.55, -0.55, -0.55, -0.55, -0.55, -0.55, -0.55, -0.55, -0.41, -0.28, -0.41, -0.55, -0.55, -0.55, -0.55, -0.55, -0.55, 
-0.55, -0.55, -0.48, -0.41, -0.48, -0.48, -0.55, -0.55, -0.55, -0.55, -0.55, -0.55, -0.55, -0.55, -0.55, -0.55, -0.55, -0.55, -0.55, -0.48, -0.41, -0.48, -0.55, -0.55, -0.55, -0.55, -0.55, -0.55, 
-0.55, -0.55, -0.55, -0.55, -0.55, -0.55, -0.55, -0.55, -0.51, -0.46, -0.51, -0.55, -0.55, -0.55, -0.55, -0.55, -0.55, -0.55, -0.55, -0.55, -0.55, -0.55, -0.55, -0.55, -0.55, -0.55, -0.55, -0.55, 
-0.55, -0.55, -0.55, -0.55, -0.55, -0.55, -0.55, -0.55, -0.46, -0.37, -0.46, -0.55, -0.55, -0.55, -0.55, -0.55, -0.55, -0.55, -0.55, -0.55, -0.55, -0.55, -0.55, -0.55, -0.55, -0.55, -0.55, -0.55, 
-0.55, -0.55, -0.55, -0.55, -0.55, -0.55, -0.55, -0.55, -0.51, -0.46, -0.51, -0.55, -0.55, -0.55, -0.55, -0.55, -0.55, -0.55, -0.55, -0.55, -0.55, -0.55, -0.55, -0.55, -0.55, -0.55, -0.55, -0.55, 
-0.55, -0.55, -0.55, -0.55, -0.55, -0.55, -0.55, -0.55, -0.55, -0.55, -0.55, -0.55, -0.55, -0.55, -0.55, -0.55, -0.55, -0.55, -0.55, -0.55, -0.55, -0.55, -0.55, -0.55, -0.55, -0.55, -0.55, -0.55, 
-- optimal policy --
r  r  r  v  l  l  l  l  l  l  r  r  v  r  r  r  r  v  l  l  l  l  l  l  l  l  <  l  
r  r  r  v  l  l  l  l  l  r  r  r  v  l  r  r  r  v  l  l  v  l  l  l  l  l  L  l  
r  r  r  v  l  l  l  l  l  r  r  r  r  v  l  r  r  r  r  v  l  l  l  l  l  l  l  l  
r  r  v  v  v  l  l  l  l  r  r  r  v  l  v  l  r  r  v  l  l  l  l  l  l  l  l  l  
r  r  r  v  l  l  l  l  l  r  r  r  r  v  l  l  r  r  v  l  l  <  <  l  l  l  l  l  
r  r  r  v  l  l  l  l  l  r  r  r  r  v  l  l  r  >  v  <  <  L  <  l  l  l  l  l  
r  r  v  l  <  <  l  l  l  >  r  >  >  r  <  l  l  l  l  L  L  L  l  l  l  l  l  v  
>  >  R  <  L  L  <  l  l  r  >  R  R  ^  r  v  l  l  l  l  l  l  l  l  l  l  v  l  
R  R  ^  L  L  L  L  <  <  >  R  R  R  R  >  r  v  l  l  l  l  l  l  l  l  v  l  l  
R  R  ^  L  L  L  L  L  r  r  R  r  r  R  R  >  L  <  <  l  l  <  l  l  v  l  l  l  
R  ^  ^  ^  L  L  L  L  r  r  r  r  >  >  R  R  ^  L  L  l  <  L  <  r  v  l  l  l  
R  R  ^  L  L  L  L  r  v  r  r  v  R  R  R  R  ^  L  L  <  L  L  r  v  l  l  l  l  
R  R  ^  L  L  L  r  r  v  >  >  R  R  ^  R  R  R  R  ^  L  L  L  r  v  l  l  l  l  
R  R  ^  L  L  L  >  >  v  R  R  ^  L  L  R  R  R  R  ^  L  L  L  >  >  <  <  <  <  
R  ^  ^  ^  L  >  R  R  ^  L  R  ^  L  L  R  R  R  R  ^  ^  L  L  R  ^  L  L  L  L  
^  r  r  v  r  R  R  R  ^  L  L  L  ^  L  L  R  ^  R  ^  L  ^  R  R  ^  L  L  L  L  
r  >  >  >  >  R  R  R  ^  L  L  L  L  ^  L  R  R  ^  >  >  ^  <  L  ^  L  L  L  L  
>  R  R  ^  R  R  R  R  ^  L  L  L  L  L  ^  L  ^  >  R  R  ^  L  L  L  L  L  L  L  
R  R  R  ^  R  R  R  ^  L  ^  L  L  L  L  L  ^  >  R  R  R  ^  L  L  L  L  L  L  L  
R  R  ^  R  R  R  ^  R  R  ^  L  L  L  L  L  >  R  R  R  ^  R  ^  L  L  L  L  L  L  
R  R  R  R  R  ^  R  R  R  ^  L  L  L  L  L  R  R  R  ^  R  ^  R  ^  L  L  L  L  L  
R  R  R  R  ^  R  R  R  R  ^  L  L  L  L  L  R  R  ^  R  ^  R  ^  L  ^  L  L  L  L  
Correct actions (%) : 10.99
Avg angular diffs   : 83.08
