arguments: 42 40 3 0.266388 -0.0662207 0.600502 -0.0668896
loading features...

Initializing gridworld of size 28 by 22..
    Num states: 616
    Num actions: 8
recovered reward
-0.07, -0.07, -0.07, -0.07, -0.07, -0.07, -0.07, -0.07, -0.07, 1.60, -0.07, -0.07, -0.07, 1.67, -0.07, -0.07, -0.07, 1.73, -0.07, -0.07, 1.79, -0.07, 1.85, -0.07, -0.07, 1.91, -0.07, -0.07, 
1.43, -0.07, -0.07, 1.49, -0.07, -0.07, 1.55, -0.07, -0.08, -0.13, -0.08, -0.07, -0.07, -0.07, -0.07, -0.07, -0.00, 0.07, -0.00, -0.07, -0.07, -0.07, -0.07, -0.07, -0.07, -0.07, -0.07, -0.07, 
-0.07, -0.07, -0.07, -0.07, -0.07, -0.08, -0.07, -0.07, -0.07, -0.08, -0.07, -0.07, -0.07, -0.00, 0.07, -0.00, 0.06, 0.18, 0.06, -0.07, -0.07, -0.07, -0.07, -0.00, 0.07, -0.00, -0.07, -0.07, 
1.37, -0.07, -0.07, -0.07, -0.08, -0.13, -0.08, -0.07, -0.07, -0.07, -0.07, -0.07, -0.07, 0.07, 0.20, 0.07, -0.02, 0.00, -0.02, -0.07, -0.07, -0.07, -0.07, 0.07, 0.20, 0.07, -0.07, -0.07, 
-0.07, -0.08, -0.07, -0.07, -0.07, -0.08, -0.07, -0.07, -0.07, -0.07, -0.07, -0.07, -0.07, -0.00, 0.05, -0.00, -0.07, -0.08, -0.07, -0.07, -0.07, -0.07, -0.07, -0.00, 0.07, -0.00, 1.31, -0.07, 
-0.08, -0.13, -0.08, -0.07, -0.07, -0.07, -0.07, -0.07, -0.07, -0.07, -0.07, -0.07, -0.07, -0.08, -0.13, -0.08, -0.07, -0.07, -0.07, -0.07, -0.07, -0.07, -0.07, -0.07, -0.08, -0.07, -0.07, -0.07, 
-0.07, -0.08, -0.07, -0.07, -0.07, -0.07, -0.07, -0.07, -0.07, -0.07, -0.07, -0.07, -0.07, -0.07, -0.08, -0.07, -0.07, -0.07, -0.07, -0.07, -0.07, -0.07, -0.07, -0.08, -0.13, -0.08, -0.07, -0.07, 
-0.07, -0.07, -0.07, -0.07, -0.07, -0.07, -0.07, -0.07, -0.08, -0.07, -0.07, -0.07, -0.07, -0.00, 0.07, -0.00, -0.07, -0.07, -0.07, -0.07, -0.07, -0.07, -0.07, -0.07, -0.08, -0.07, 1.25, -0.07, 
-0.07, -0.07, -0.07, -0.07, -0.07, -0.07, -0.07, -0.08, -0.13, -0.08, -0.07, -0.07, -0.07, 0.07, 0.20, 0.07, -0.07, -0.07, -0.07, -0.00, 0.07, -0.00, 0.07, -0.00, -0.07, -0.07, -0.07, -0.07, 
-0.07, -0.07, -0.07, -0.07, -0.07, -0.07, -0.07, -0.07, -0.08, -0.07, 0.89, -0.07, -0.07, -0.00, 0.97, -0.00, -0.07, 0.77, -0.07, 0.07, 0.98, 0.06, 0.18, 0.78, -0.00, 0.07, -0.00, -0.07, 
-0.07, -0.07, -0.07, -0.07, -0.07, -0.07, -0.07, -0.07, -0.07, -0.07, -0.07, -0.07, -0.07, -0.07, -0.07, -0.07, -0.07, -0.07, -0.07, -0.00, 0.07, -0.02, 0.00, -0.02, 0.07, 0.20, 1.33, -0.07, 
-0.07, -0.07, -0.07, -0.07, -0.07, -0.07, -0.07, 0.95, -0.07, -0.07, -0.07, -0.07, -0.07, -0.07, -0.07, -0.07, -0.08, -0.07, -0.07, -0.07, -0.07, -0.07, -0.08, -0.07, -0.00, 0.07, -0.00, -0.07, 
-0.07, -0.07, -0.07, -0.08, -0.07, -0.07, -0.07, -0.07, -0.00, 0.07, -0.00, -0.07, -0.07, -0.07, -0.07, -0.08, -0.13, -0.08, -0.07, -0.00, -0.00, 0.07, -0.00, -0.07, -0.07, -0.07, -0.07, -0.07, 
1.13, -0.07, -0.08, 1.01, -0.08, -0.07, 1.01, -0.07, 0.07, 0.20, 0.07, -0.07, -0.07, -0.07, -0.07, -0.07, -0.08, -0.07, -0.07, 0.07, 0.07, 0.20, 0.07, -0.07, -0.07, -0.07, 0.53, -0.07, 
-0.07, -0.07, -0.07, -0.08, -0.07, -0.07, -0.07, -0.07, -0.00, 0.07, -0.00, -0.07, -0.07, -0.07, -0.07, -0.07, -0.07, -0.07, -0.07, -0.00, -0.00, 0.07, -0.00, -0.07, -0.07, -0.07, -0.07, -0.07, 
-0.07, -0.07, -0.07, -0.07, -0.08, -0.07, -0.07, -0.07, -0.07, -0.07, -0.07, -0.07, -0.07, -0.07, -0.07, -0.07, -0.07, -0.07, -0.07, -0.07, -0.07, -0.07, -0.07, -0.07, -0.08, -0.07, -0.07, -0.07, 
-0.07, -0.07, -0.07, -0.08, -0.13, -0.08, -0.07, -0.07, -0.07, -0.07, -0.07, -0.07, -0.07, -0.07, -0.07, -0.07, -0.07, -0.07, -0.07, -0.07, -0.07, -0.07, -0.07, -0.08, -0.13, -0.08, 0.47, -0.07, 
-0.07, -0.07, -0.07, -0.07, -0.08, -0.07, -0.07, -0.00, 0.07, -0.00, -0.07, -0.07, -0.00, 0.07, -0.00, -0.07, -0.07, -0.07, -0.07, -0.07, -0.07, -0.07, -0.07, -0.07, -0.08, -0.07, -0.07, -0.07, 
-0.07, -0.07, -0.07, -0.07, -0.07, -0.07, -0.07, 0.07, 0.20, 0.07, -0.07, -0.07, 0.07, 0.20, 0.07, -0.07, -0.07, -0.07, -0.07, -0.07, -0.07, -0.07, -0.07, -0.07, 0.41, -0.07, -0.07, -0.07, 
-0.07, -0.07, -0.01, -0.07, -0.07, 0.05, -0.07, -0.00, 0.25, -0.00, -0.07, 0.17, -0.00, 0.07, 0.30, -0.07, -0.07, 0.29, -0.07, -0.07, 0.35, -0.07, -0.07, -0.07, -0.07, -0.07, -0.07, -0.07, 
-0.07, -0.07, -0.07, -0.07, -0.07, -0.07, -0.07, -0.07, -0.07, -0.07, -0.07, -0.07, -0.07, -0.07, -0.07, -0.07, -0.07, -0.07, -0.07, -0.07, -0.07, -0.07, -0.07, -0.07, -0.07, -0.07, -0.07, -0.07, 
-0.07, -0.07, -0.07, -0.07, -0.07, -0.07, -0.07, -0.07, -0.07, -0.07, -0.07, -0.07, -0.07, -0.07, -0.07, -0.07, -0.07, -0.07, -0.07, -0.07, -0.07, -0.07, -0.07, -0.07, -0.07, -0.07, -0.07, -0.07, 
-- optimal policy --
v  l  l  v  l  r  v  >  >  R  <  r  >  ^  <  r  >  ^  <  >  ^  >  R  <  >  ^  <  <  
<  <  <  <  <  >  >  R  R  ^  L  >  R  ^  L  >  R  ^  L  R  ^  R  ^  L  R  ^  L  <  
^  L  L  ^  L  R  ^  R  ^  L  ^  R  ^  ^  L  R  R  ^  R  ^  R  ^  ^  R  R  ^  ^  L  
<  <  L  L  R  R  R  ^  L  L  R  R  R  R  R  R  R  R  ^  R  ^  ^  R  R  ^  L  L  ^  
^  L  L  L  <  R  R  R  ^  R  ^  R  R  R  ^  L  R  ^  R  ^  R  R  R  R  ^  L  L  <  
^  L  L  L  L  R  R  ^  R  R  R  R  R  R  ^  L  L  R  R  R  R  R  R  R  ^  R  ^  L  
^  L  ^  L  L  L  ^  R  R  R  R  R  R  ^  L  ^  R  R  R  R  R  R  R  ^  R  R  ^  ^  
^  L  R  ^  L  L  L  R  R  R  R  R  ^  L  L  R  R  R  R  R  R  R  ^  R  R  >  ^  <  
R  ^  L  ^  ^  L  L  L  R  R  R  ^  R  r  v  l  L  R  R  R  R  ^  R  R  >  R  ^  L  
v  l  v  l  l  ^  L  v  v  >  R  <  R  >  ^  <  L  R  <  >  ^  R  >  >  R  r  v  l  
r  v  l  l  l  v  r  v  l  R  ^  L  R  R  ^  L  R  ^  L  R  ^  R  R  ^  >  >  <  <  
r  v  l  <  v  l  >  v  <  l  l  R  R  ^  ^  L  L  ^  R  R  ^  R  ^  R  R  R  ^  L  
v  l  l  v  l  <  v  l  L  <  l  R  ^  ^  ^  L  L  L  R  ^  R  ^  R  R  R  ^  L  L  
l  <  l  l  <  l  l  <  <  L  <  <  ^  R  ^  L  L  R  R  R  R  >  R  R  ^  ^  L  L  
^  L  <  ^  L  <  ^  L  <  L  L  L  <  R  ^  L  R  R  R  R  R  R  R  R  ^  R  ^  L  
^  ^  L  <  ^  L  L  ^  L  L  L  L  L  L  ^  R  R  R  R  R  R  R  ^  L  R  R  ^  ^  
^  ^  ^  L  L  ^  L  L  ^  L  L  L  L  L  l  l  R  R  R  R  R  R  ^  R  R  >  ^  <  
^  L  ^  L  L  <  ^  L  <  l  L  L  L  L  l  l  l  R  R  R  ^  R  R  r  v  R  ^  L  
^  ^  L  L  L  L  <  ^  L  <  <  L  l  r  v  l  l  R  R  r  v  R  r  >  R  <  ^  L  
^  ^  ^  L  L  L  L  L  ^  L  L  <  <  >  L  <  <  R  <  >  R  <  >  R  ^  L  <  ^  
^  R  ^  L  R  ^  L  L  ^  L  L  L  L  R  ^  L  <  ^  L  R  ^  L  R  ^  L  L  L  <  
R  ^  L  R  ^  L  L  L  L  ^  L  L  L  L  ^  ^  L  <  R  ^  ^  R  ^  ^  R  ^  L  L  
Total actions tested : 80
Correct actions (%) : 27.50
Avg angular diffs   : 72.00
