arguments: 42 31 2 0.266388 -0.0662207 0.600502 -0.0668896

Initializing gridworld of size 28 by 22..
    Num states: 616
    Num actions: 8
recovered reward
-0.07, -0.07, -0.07, -0.07, -0.07, -0.07, -0.07, -0.07, -0.07, -0.07, -0.07, -0.07, -0.07, -0.07, -0.07, -0.07, -0.07, -0.07, -0.07, -0.07, -0.07, -0.07, -0.07, -0.07, -0.07, -0.07, -0.07, -0.07, 
-0.07, -0.07, -0.07, -0.07, -0.07, -0.07, -0.07, -0.07, -0.07, -0.07, -0.07, -0.07, -0.07, -0.07, -0.07, -0.07, -0.07, -0.07, -0.07, -0.07, -0.07, -0.07, -0.07, -0.07, -0.07, -0.07, -0.07, -0.07, 
-0.07, -0.07, -0.07, -0.07, -0.07, -0.07, -0.07, -0.07, -0.07, -0.07, -0.07, -0.07, -0.07, -0.07, -0.07, -0.07, -0.07, -0.07, -0.07, -0.07, -0.07, -0.07, -0.07, -0.07, -0.07, -0.07, -0.07, -0.07, 
-0.07, -0.07, -0.07, -0.07, -0.07, -0.07, -0.07, -0.07, -0.07, -0.07, -0.07, -0.07, -0.07, -0.07, -0.07, -0.07, -0.07, -0.07, -0.07, -0.07, -0.07, -0.07, -0.07, -0.07, -0.07, -0.07, -0.07, -0.07, 
-0.07, -0.07, -0.07, -0.07, -0.07, -0.07, -0.07, -0.07, -0.07, -0.07, -0.07, -0.07, -0.07, -0.07, -0.07, -0.07, -0.07, -0.07, -0.07, -0.07, -0.07, -0.07, -0.07, -0.07, -0.07, -0.07, -0.07, -0.07, 
-0.07, -0.07, -0.07, -0.07, -0.07, -0.07, -0.07, -0.07, -0.07, -0.07, -0.07, -0.07, -0.07, -0.07, -0.07, -0.07, -0.07, -0.07, -0.07, -0.07, -0.07, -0.07, -0.07, -0.07, -0.07, -0.07, -0.07, -0.07, 
-0.07, -0.07, -0.07, -0.07, -0.07, -0.07, -0.07, -0.07, -0.07, -0.07, -0.07, -0.07, -0.07, -0.07, -0.07, -0.07, -0.07, -0.07, -0.07, -0.07, -0.07, -0.07, -0.07, -0.07, -0.07, -0.07, -0.07, -0.07, 
-0.07, -0.07, -0.07, -0.07, -0.07, -0.07, -0.07, -0.07, -0.07, -0.07, -0.07, -0.07, -0.07, -0.07, -0.07, -0.07, -0.07, -0.07, -0.07, -0.07, -0.07, -0.07, -0.07, -0.07, -0.07, -0.07, -0.07, -0.07, 
-0.07, -0.07, -0.07, -0.07, -0.07, -0.07, -0.07, -0.07, -0.07, -0.07, -0.07, -0.07, -0.07, -0.07, -0.07, -0.07, -0.07, -0.07, -0.07, -0.07, -0.07, -0.07, -0.07, -0.07, -0.07, -0.07, -0.07, -0.07, 
-0.07, -0.07, -0.07, -0.07, -0.07, -0.07, -0.07, -0.07, -0.07, -0.07, -0.07, -0.07, -0.07, -0.07, -0.07, -0.07, -0.07, -0.07, -0.07, -0.07, -0.07, -0.07, -0.07, -0.07, -0.07, -0.07, -0.07, -0.07, 
-0.07, -0.07, -0.07, -0.07, -0.07, -0.07, -0.07, -0.07, -0.07, -0.07, -0.07, -0.07, -0.07, -0.07, -0.07, -0.07, -0.07, -0.07, -0.07, -0.07, -0.07, -0.07, -0.07, -0.07, -0.07, -0.07, -0.07, -0.07, 
-0.07, -0.07, -0.07, -0.07, -0.07, -0.07, -0.07, -0.07, -0.07, -0.07, -0.07, -0.07, -0.07, -0.07, -0.07, -0.07, -0.07, -0.07, -0.07, -0.07, -0.07, -0.07, -0.07, -0.07, -0.07, -0.07, -0.07, -0.07, 
-0.07, -0.07, -0.07, -0.07, -0.07, -0.07, -0.07, -0.07, -0.07, -0.07, -0.07, -0.07, -0.07, -0.07, -0.07, -0.07, -0.07, -0.07, -0.07, -0.07, -0.07, -0.07, -0.07, -0.07, -0.07, -0.07, -0.07, -0.07, 
-0.07, -0.07, -0.07, -0.07, -0.07, -0.07, -0.07, -0.07, -0.07, -0.07, -0.07, -0.07, -0.07, -0.07, -0.07, -0.07, -0.07, -0.07, -0.07, -0.07, -0.07, -0.07, -0.07, -0.07, -0.07, -0.07, -0.07, -0.07, 
-0.07, -0.07, -0.07, -0.07, -0.07, -0.07, -0.07, -0.07, -0.07, -0.07, -0.07, -0.07, -0.07, -0.07, -0.07, -0.07, -0.07, -0.07, -0.07, -0.07, -0.07, -0.07, -0.07, -0.07, -0.07, -0.07, -0.07, -0.07, 
-0.07, -0.07, -0.07, -0.07, -0.07, -0.07, -0.07, -0.07, -0.07, -0.07, -0.07, -0.07, -0.07, -0.07, -0.07, -0.07, -0.07, -0.07, -0.07, -0.07, -0.07, -0.07, -0.07, -0.07, -0.07, -0.07, -0.07, -0.07, 
-0.07, -0.07, -0.07, -0.07, -0.07, -0.07, -0.07, -0.07, -0.07, -0.07, -0.07, -0.07, -0.07, -0.07, -0.07, -0.07, -0.07, -0.07, -0.07, -0.07, -0.07, -0.07, -0.07, -0.07, -0.07, -0.07, -0.07, -0.07, 
-0.07, -0.07, -0.07, -0.07, -0.07, -0.07, -0.07, -0.07, -0.07, -0.07, -0.07, -0.07, -0.07, -0.07, -0.07, -0.07, -0.07, -0.07, -0.07, -0.07, -0.07, -0.07, -0.07, -0.07, -0.07, -0.07, -0.07, -0.07, 
-0.07, -0.07, -0.07, -0.07, -0.07, -0.07, -0.07, -0.07, -0.07, -0.07, -0.07, -0.07, -0.07, -0.07, -0.07, -0.07, -0.07, -0.07, -0.07, -0.07, -0.07, -0.07, -0.07, -0.07, -0.07, -0.07, -0.07, -0.07, 
-0.07, -0.07, -0.07, -0.07, -0.07, -0.07, -0.07, -0.07, -0.07, -0.07, -0.07, -0.07, -0.07, -0.07, -0.07, -0.07, -0.07, -0.07, -0.07, -0.07, -0.07, -0.07, -0.07, -0.07, -0.07, -0.07, -0.07, -0.07, 
-0.07, -0.07, -0.07, -0.07, -0.07, -0.07, -0.07, -0.07, -0.07, -0.07, -0.07, -0.07, -0.07, -0.07, -0.07, -0.07, -0.07, -0.07, -0.07, -0.07, -0.07, -0.07, -0.07, -0.07, -0.07, -0.07, -0.07, -0.07, 
-0.07, -0.07, -0.07, -0.07, -0.07, -0.07, -0.07, -0.07, -0.07, -0.07, -0.07, -0.07, -0.07, -0.07, -0.07, -0.07, -0.07, -0.07, -0.07, -0.07, -0.07, -0.07, -0.07, -0.07, -0.07, -0.07, -0.07, -0.07, 
-- optimal policy --
L  <  >  ^  ^  <  >  L  ^  <  L  <  R  <  <  >  ^  <  L  <  >  R  L  L  <  R  <  v  
^  L  ^  ^  ^  L  R  ^  ^  R  ^  L  ^  L  L  R  ^  L  ^  L  R  ^  ^  ^  R  ^  L  v  
<  <  ^  L  R  ^  L  r  R  ^  L  >  L  ^  <  R  R  ^  L  R  ^  ^  L  R  ^  L  >  >  
^  L  ^  L  L  <  l  v  <  <  v  l  v  <  v  R  <  L  l  R  r  v  R  ^  L  v  R  ^  
v  l  <  <  r  L  r  >  l  R  R  ^  r  l  r  ^  ^  ^  l  >  L  L  ^  L  l  L  r  v  
l  <  l  R  r  l  ^  l  <  r  <  ^  R  r  v  L  R  ^  R  R  ^  >  ^  R  r  ^  >  R  
^  L  <  >  >  ^  ^  <  l  ^  ^  v  ^  <  v  R  v  <  v  l  <  l  L  >  v  L  R  ^  
R  ^  L  <  R  <  R  ^  <  R  <  ^  l  <  v  l  R  >  >  l  R  L  R  ^  >  v  r  v  
v  l  R  <  L  L  L  v  l  v  v  ^  r  >  ^  R  R  <  >  <  R  l  v  <  <  l  >  R  
r  v  l  l  ^  r  r  L  >  >  R  v  R  l  v  L  v  <  v  r  L  L  v  v  <  <  R  ^  
^  l  <  <  >  L  L  L  >  >  ^  r  l  l  ^  >  L  <  r  l  L  ^  R  ^  L  l  v  l  
v  ^  L  L  <  R  v  l  v  R  <  L  ^  <  >  l  ^  L  <  R  l  v  >  <  <  ^  r  v  
l  <  l  r  r  ^  v  <  R  <  ^  l  r  <  <  r  L  l  R  R  <  r  <  ^  v  R  >  >  
^  L  l  >  r  l  >  l  l  L  ^  >  l  ^  v  R  <  L  L  r  <  v  L  L  v  l  R  ^  
>  l  <  l  <  l  >  v  R  l  r  >  <  ^  r  ^  ^  ^  R  >  L  v  <  l  >  l  <  L  
L  l  <  v  l  >  r  l  v  <  r  l  v  r  <  >  r  v  L  r  v  v  <  l  >  L  L  l  
<  ^  L  l  <  ^  R  <  >  L  ^  L  r  ^  >  ^  r  R  >  l  l  r  R  r  v  ^  R  L  
L  <  l  ^  L  L  R  l  L  >  ^  r  r  v  >  l  v  l  l  ^  >  <  l  v  v  >  r  v  
>  l  <  L  ^  ^  r  v  L  L  ^  ^  r  ^  r  r  v  r  v  l  l  L  <  R  l  ^  >  r  
L  ^  L  r  l  ^  r  l  v  l  ^  R  >  ^  l  r  v  >  v  <  <  r  L  r  v  l  R  ^  
r  v  v  v  l  <  r  v  v  l  r  v  l  v  r  v  v  v  l  <  v  l  r  v  r  v  l  <  
r  l  >  r  <  >  >  v  l  <  >  v  <  R  >  v  r  l  ^  >  l  <  >  >  >  l  <  <  
