arguments: 42 40 3 0.125 0.255952 -0.0238095 -0.595238
loading features...

Initializing gridworld of size 28 by 22..
    Num states: 616
    Num actions: 8
recovered reward
-0.60, -0.60, -0.60, -0.60, -0.60, -0.60, -0.60, -0.60, -0.60, -0.66, -0.60, -0.60, -0.60, -0.66, -0.60, -0.60, -0.60, -0.67, -0.60, -0.60, -0.67, -0.60, -0.67, -0.60, -0.60, -0.67, -0.60, -0.60, 
-0.65, -0.60, -0.60, -0.66, -0.60, -0.60, -0.66, -0.60, -0.60, -0.34, -0.60, -0.60, -0.60, -0.60, -0.60, -0.60, -0.60, -0.60, -0.60, -0.60, -0.60, -0.60, -0.60, -0.60, -0.60, -0.60, -0.60, -0.60, 
-0.60, -0.60, -0.60, -0.60, -0.60, -0.60, -0.60, -0.60, -0.60, -0.60, -0.60, -0.60, -0.60, -0.60, -0.60, -0.60, -0.60, -0.47, -0.60, -0.60, -0.60, -0.60, -0.60, -0.60, -0.60, -0.60, -0.60, -0.60, 
-0.65, -0.60, -0.60, -0.60, -0.60, -0.34, -0.60, -0.60, -0.60, -0.60, -0.60, -0.60, -0.60, -0.60, -0.47, -0.60, -0.60, -0.34, -0.60, -0.60, -0.60, -0.60, -0.60, -0.60, -0.47, -0.60, -0.60, -0.60, 
-0.60, -0.60, -0.60, -0.60, -0.60, -0.60, -0.60, -0.60, -0.60, -0.60, -0.60, -0.60, -0.60, -0.60, -0.60, -0.60, -0.60, -0.60, -0.60, -0.60, -0.60, -0.60, -0.60, -0.60, -0.60, -0.60, -0.65, -0.60, 
-0.60, -0.34, -0.60, -0.60, -0.60, -0.60, -0.60, -0.60, -0.60, -0.60, -0.60, -0.60, -0.60, -0.60, -0.34, -0.60, -0.60, -0.60, -0.60, -0.60, -0.60, -0.60, -0.60, -0.60, -0.60, -0.60, -0.60, -0.60, 
-0.60, -0.60, -0.60, -0.60, -0.60, -0.60, -0.60, -0.60, -0.60, -0.60, -0.60, -0.60, -0.60, -0.60, -0.60, -0.60, -0.60, -0.60, -0.60, -0.60, -0.60, -0.60, -0.60, -0.60, -0.34, -0.60, -0.60, -0.60, 
-0.60, -0.60, -0.60, -0.60, -0.60, -0.60, -0.60, -0.60, -0.60, -0.60, -0.60, -0.60, -0.60, -0.60, -0.60, -0.60, -0.60, -0.60, -0.60, -0.60, -0.60, -0.60, -0.60, -0.60, -0.60, -0.60, -0.65, -0.60, 
-0.60, -0.60, -0.60, -0.60, -0.60, -0.60, -0.60, -0.60, -0.34, -0.60, -0.60, -0.60, -0.60, -0.60, -0.47, -0.60, -0.60, -0.60, -0.60, -0.60, -0.60, -0.60, -0.60, -0.60, -0.60, -0.60, -0.60, -0.60, 
-0.60, -0.60, -0.60, -0.60, -0.60, -0.60, -0.60, -0.60, -0.60, -0.60, -0.63, -0.60, -0.60, -0.60, -0.63, -0.60, -0.60, -0.63, -0.60, -0.60, -0.50, -0.60, -0.47, -0.62, -0.60, -0.60, -0.60, -0.60, 
-0.60, -0.60, -0.60, -0.60, -0.60, -0.60, -0.60, -0.60, -0.60, -0.60, -0.60, -0.60, -0.60, -0.60, -0.60, -0.60, -0.60, -0.60, -0.60, -0.60, -0.60, -0.60, -0.34, -0.60, -0.60, -0.47, -0.65, -0.60, 
-0.60, -0.60, -0.60, -0.60, -0.60, -0.60, -0.60, -0.64, -0.60, -0.60, -0.60, -0.60, -0.60, -0.60, -0.60, -0.60, -0.60, -0.60, -0.60, -0.60, -0.60, -0.60, -0.60, -0.60, -0.60, -0.60, -0.60, -0.60, 
-0.60, -0.60, -0.60, -0.60, -0.60, -0.60, -0.60, -0.60, -0.60, -0.60, -0.60, -0.60, -0.60, -0.60, -0.60, -0.60, -0.34, -0.60, -0.60, -0.60, -0.60, -0.60, -0.60, -0.60, -0.60, -0.60, -0.60, -0.60, 
-0.64, -0.60, -0.60, -0.38, -0.60, -0.60, -0.64, -0.60, -0.60, -0.47, -0.60, -0.60, -0.60, -0.60, -0.60, -0.60, -0.60, -0.60, -0.60, -0.60, -0.47, -0.47, -0.60, -0.60, -0.60, -0.60, -0.62, -0.60, 
-0.60, -0.60, -0.60, -0.60, -0.60, -0.60, -0.60, -0.60, -0.60, -0.60, -0.60, -0.60, -0.60, -0.60, -0.60, -0.60, -0.60, -0.60, -0.60, -0.60, -0.60, -0.60, -0.60, -0.60, -0.60, -0.60, -0.60, -0.60, 
-0.60, -0.60, -0.60, -0.60, -0.60, -0.60, -0.60, -0.60, -0.60, -0.60, -0.60, -0.60, -0.60, -0.60, -0.60, -0.60, -0.60, -0.60, -0.60, -0.60, -0.60, -0.60, -0.60, -0.60, -0.60, -0.60, -0.60, -0.60, 
-0.60, -0.60, -0.60, -0.60, -0.34, -0.60, -0.60, -0.60, -0.60, -0.60, -0.60, -0.60, -0.60, -0.60, -0.60, -0.60, -0.60, -0.60, -0.60, -0.60, -0.60, -0.60, -0.60, -0.60, -0.34, -0.60, -0.62, -0.60, 
-0.60, -0.60, -0.60, -0.60, -0.60, -0.60, -0.60, -0.60, -0.60, -0.60, -0.60, -0.60, -0.60, -0.60, -0.60, -0.60, -0.60, -0.60, -0.60, -0.60, -0.60, -0.60, -0.60, -0.60, -0.60, -0.60, -0.60, -0.60, 
-0.60, -0.60, -0.60, -0.60, -0.60, -0.60, -0.60, -0.60, -0.47, -0.60, -0.60, -0.60, -0.60, -0.47, -0.60, -0.60, -0.60, -0.60, -0.60, -0.60, -0.60, -0.60, -0.60, -0.60, -0.61, -0.60, -0.60, -0.60, 
-0.60, -0.60, -0.60, -0.60, -0.60, -0.60, -0.60, -0.60, -0.60, -0.60, -0.60, -0.60, -0.60, -0.60, -0.61, -0.60, -0.60, -0.61, -0.60, -0.60, -0.61, -0.60, -0.60, -0.60, -0.60, -0.60, -0.60, -0.60, 
-0.60, -0.60, -0.60, -0.60, -0.60, -0.60, -0.60, -0.60, -0.60, -0.60, -0.60, -0.60, -0.60, -0.60, -0.60, -0.60, -0.60, -0.60, -0.60, -0.60, -0.60, -0.60, -0.60, -0.60, -0.60, -0.60, -0.60, -0.60, 
-0.60, -0.60, -0.60, -0.60, -0.60, -0.60, -0.60, -0.60, -0.60, -0.60, -0.60, -0.60, -0.60, -0.60, -0.60, -0.60, -0.60, -0.60, -0.60, -0.60, -0.60, -0.60, -0.60, -0.60, -0.60, -0.60, -0.60, -0.60, 
-- optimal policy --
r  r  r  r  r  >  r  >  r  v  l  r  r  r  r  r  v  l  v  l  l  l  l  l  l  r  v  l  
r  r  r  r  v  r  >  r  >  r  r  >  r  r  r  r  r  v  l  l  l  l  l  l  v  v  l  l  
r  r  r  >  r  v  r  >  R  ^  r  r  r  r  r  r  r  v  l  l  l  l  l  r  v  l  v  l  
v  r  >  r  >  r  >  R  ^  >  r  r  r  >  r  r  >  ^  <  <  <  <  v  v  v  v  l  l  
r  v  r  >  R  ^  R  ^  r  r  >  r  r  r  v  >  R  ^  L  L  <  <  r  v  v  v  l  l  
>  r  >  R  ^  r  v  r  r  r  r  >  r  >  >  R  ^  ^  ^  L  <  <  >  r  v  l  l  l  
R  ^  R  ^  r  >  r  v  >  r  >  r  >  R  ^  L  ^  ^  ^  ^  L  l  v  >  l  <  <  <  
^  R  ^  r  >  r  r  r  v  >  r  >  R  ^  ^  L  L  ^  r  r  r  v  l  v  l  L  <  L  
R  ^  r  >  r  >  r  >  r  >  >  R  ^  L  ^  ^  ^  r  >  r  r  r  v  l  l  l  L  l  
^  r  >  r  >  r  >  R  ^  R  R  ^  L  R  ^  L  r  >  r  >  r  r  v  l  l  l  l  <  
r  v  r  >  r  >  R  ^  R  R  R  ^  R  ^  L  ^  >  r  >  R  r  >  ^  <  <  <  <  l  
>  r  v  r  >  R  ^  R  R  R  ^  R  ^  ^  >  r  v  >  R  r  >  R  ^  L  <  <  L  <  
r  r  r  v  R  ^  >  R  R  R  R  R  ^  >  r  >  >  R  r  >  R  ^  ^  ^  L  <  <  L  
r  r  >  R  <  R  R  R  >  R  R  ^  r  r  >  R  ^  r  >  R  ^  ^  ^  ^  ^  L  <  L  
r  >  R  ^  L  R  R  >  R  ^  L  >  r  >  R  ^  r  >  R  R  ^  L  L  ^  ^  ^  L  <  
>  R  ^  ^  ^  R  >  R  ^  ^  >  r  >  R  ^  r  >  R  R  ^  L  ^  L  L  v  l  ^  L  
R  ^  ^  >  R  <  R  ^  ^  >  r  >  R  ^  r  >  R  R  ^  L  ^  L  ^  >  L  <  l  ^  
^  ^  >  R  ^  L  ^  ^  >  r  >  R  R  r  >  R  R  ^  ^  ^  L  ^  >  R  ^  L  <  <  
^  >  R  ^  ^  L  L  >  r  >  R  R  >  >  R  R  ^  ^  ^  ^  ^  >  R  ^  R  ^  L  <  
>  R  ^  ^  L  ^  >  R  >  R  R  >  R  R  R  ^  ^  L  ^  ^  >  R  ^  ^  R  ^  ^  L  
R  ^  L  ^  ^  >  R  >  R  R  >  R  R  R  R  ^  ^  L  ^  >  R  R  R  R  R  ^  L  ^  
R  ^  L  ^  >  R  >  R  R  >  R  R  R  R  ^  L  R  ^  >  R  R  ^  R  R  ^  R  ^  L  
Correct actions (%) : 11.61
Avg angular diffs   : 84.78
