arguments: 42 25 1 -0.000668226 -0.600401 0.332108 -0.0668226
loading features...

Initializing gridworld of size 28 by 22..
    Num states: 616
    Num actions: 8
recovered reward
-0.07, -0.07, -0.07, -0.07, -0.07, -0.07, -0.07, -0.07, -0.07, -0.07, -0.07, -0.07, -0.07, -0.07, -0.07, -0.07, -0.07, -0.07, -0.07, -0.07, -0.07, -0.07, -0.07, -0.07, -0.07, -0.07, -0.07, -0.07, 
-0.07, -0.07, -0.07, -0.07, -0.07, -0.07, -0.07, -0.07, -0.07, -0.07, -0.07, -0.07, -0.07, -0.07, -0.07, -0.07, -0.07, -0.07, -0.07, -0.07, -0.07, -0.07, -0.07, -0.07, -0.07, -0.07, -0.07, -0.07, 
-0.07, -0.07, -0.22, -0.37, -0.22, -0.07, -0.07, -0.07, -0.07, -0.07, -0.07, -0.07, -0.07, -0.07, -0.07, -0.07, -0.07, -0.07, -0.07, -0.07, -0.07, -0.07, -0.07, -0.07, -0.07, -0.07, 0.66, -0.07, 
-0.07, -0.07, -0.37, -0.67, -0.37, -0.07, -0.07, -0.07, -0.07, 0.17, -0.07, -0.07, 0.20, -0.07, -0.07, -0.22, -0.37, -0.22, -0.37, -0.22, -0.22, -0.07, -0.07, -0.07, -0.07, -0.07, -0.07, -0.07, 
-0.07, -0.07, -0.22, -0.37, -0.22, -0.07, -0.07, -0.07, -0.07, -0.07, -0.07, -0.07, -0.07, -0.07, -0.07, -0.37, -0.67, -0.37, -0.67, -0.37, -0.37, -0.07, -0.07, -0.07, -0.22, -0.37, -0.22, -0.07, 
-0.07, -0.07, -0.07, -0.22, -0.37, -0.22, -0.07, 0.13, -0.07, -0.07, -0.07, -0.07, -0.07, -0.07, -0.07, -0.22, -0.37, -0.22, -0.37, -0.22, -0.22, -0.07, -0.07, -0.07, -0.37, -0.67, 0.33, -0.07, 
-0.07, -0.07, -0.07, -0.37, -0.67, -0.37, -0.07, -0.07, -0.07, -0.07, -0.07, -0.07, -0.07, 0.23, -0.07, -0.07, -0.07, -0.07, -0.07, -0.07, -0.07, -0.07, -0.07, -0.07, -0.22, -0.37, -0.22, -0.07, 
-0.07, -0.07, -0.07, -0.22, -0.37, -0.22, -0.07, -0.07, -0.07, -0.07, -0.07, -0.07, -0.07, -0.07, -0.07, -0.07, -0.07, -0.07, -0.07, -0.07, -0.07, -0.07, -0.07, -0.07, -0.07, -0.07, -0.07, -0.07, 
-0.07, -0.07, -0.07, -0.07, -0.07, -0.07, -0.07, 0.10, -0.07, -0.07, -0.07, -0.07, -0.07, -0.07, 0.27, -0.07, -0.22, -0.37, -0.22, -0.07, -0.07, -0.07, -0.07, -0.07, -0.07, 0.60, -0.07, -0.07, 
-0.07, -0.07, -0.07, -0.07, -0.07, -0.07, -0.07, -0.07, -0.07, -0.07, -0.07, -0.07, -0.07, -0.07, -0.07, -0.22, -0.37, -0.22, -0.37, -0.22, -0.07, -0.07, -0.07, -0.07, -0.07, -0.07, -0.07, -0.07, 
-0.07, -0.07, -0.07, -0.07, -0.07, 0.07, -0.07, -0.07, -0.07, -0.07, -0.07, -0.07, -0.07, -0.07, -0.07, -0.37, -0.30, -0.37, -0.67, -0.37, -0.07, -0.07, -0.07, -0.07, -0.07, -0.07, -0.07, -0.07, 
-0.07, -0.07, -0.07, -0.07, -0.07, -0.07, -0.07, -0.07, -0.07, -0.07, -0.07, -0.07, -0.07, -0.07, -0.07, -0.22, -0.37, -0.22, -0.37, -0.22, -0.07, -0.07, -0.07, -0.07, 0.56, -0.07, -0.07, -0.07, 
-0.07, -0.07, -0.07, -0.07, -0.07, -0.07, -0.07, -0.07, -0.07, -0.07, -0.07, -0.07, -0.07, -0.22, -0.37, -0.22, -0.07, -0.37, -0.67, -0.37, -0.07, -0.07, -0.07, -0.07, -0.07, -0.07, -0.07, -0.07, 
-0.07, -0.07, -0.07, -0.07, 0.03, -0.07, -0.07, -0.07, -0.07, -0.07, -0.07, -0.07, -0.07, -0.37, -0.67, -0.37, -0.07, 0.18, -0.37, -0.22, -0.07, -0.07, -0.07, -0.07, -0.07, -0.07, -0.07, -0.07, 
-0.07, -0.07, -0.07, -0.07, -0.07, -0.07, -0.07, -0.07, -0.07, -0.07, -0.07, -0.07, -0.07, -0.22, -0.37, -0.22, -0.07, -0.07, -0.07, -0.07, -0.07, -0.07, 0.53, -0.07, -0.07, -0.07, -0.07, -0.07, 
-0.07, -0.07, -0.07, -0.07, -0.07, -0.07, -0.07, -0.07, -0.07, -0.07, -0.07, -0.07, -0.07, -0.07, -0.07, -0.07, -0.07, -0.07, -0.07, -0.07, -0.07, -0.07, -0.07, -0.07, -0.07, -0.07, -0.07, -0.07, 
-0.07, -0.07, -0.00, -0.07, -0.07, -0.07, -0.07, -0.07, -0.07, -0.07, -0.07, -0.07, -0.07, -0.07, -0.07, -0.07, -0.07, 0.36, -0.07, -0.07, -0.07, -0.07, -0.07, -0.07, -0.07, -0.07, -0.07, -0.07, 
-0.07, -0.07, -0.07, -0.07, -0.07, -0.07, -0.07, -0.07, -0.07, -0.07, -0.07, -0.07, -0.07, -0.07, -0.07, -0.07, -0.07, -0.07, -0.22, -0.37, -0.22, -0.07, -0.07, 0.50, -0.07, -0.07, -0.07, -0.07, 
-0.07, -0.07, -0.07, -0.07, -0.07, -0.07, -0.07, -0.07, -0.07, -0.07, -0.07, -0.07, -0.07, -0.07, -0.07, -0.07, -0.07, -0.07, -0.37, -0.67, -0.37, -0.07, -0.07, -0.07, -0.07, -0.07, -0.07, -0.07, 
-0.03, -0.07, -0.07, -0.07, -0.07, -0.07, -0.07, -0.07, -0.07, -0.07, -0.07, -0.07, -0.07, -0.07, -0.07, -0.07, 0.40, -0.07, -0.22, -0.37, 0.31, -0.07, -0.07, -0.07, -0.07, -0.07, -0.07, -0.07, 
-0.07, -0.07, -0.07, -0.07, -0.07, -0.07, -0.07, -0.07, -0.07, -0.07, -0.07, -0.07, -0.07, -0.07, -0.07, -0.07, -0.07, -0.07, -0.07, 0.43, -0.07, -0.07, -0.07, -0.07, -0.07, -0.07, -0.07, -0.07, 
-0.07, -0.07, -0.07, -0.07, -0.07, -0.07, -0.07, -0.07, -0.07, -0.07, -0.07, -0.07, -0.07, -0.07, -0.07, -0.07, -0.07, -0.07, -0.07, -0.07, -0.07, -0.07, -0.07, -0.07, -0.07, -0.07, -0.07, -0.07, 
-- optimal policy --
>  >  r  r  r  r  r  v  v  r  r  v  v  l  v  l  l  l  l  l  >  >  >  >  r  r  v  l  
>  >  >  >  r  r  r  r  v  l  r  v  v  l  l  <  l  l  l  l  r  R  >  r  >  r  v  l  
>  R  R  R  r  v  >  r  r  v  l  r  v  l  l  l  <  <  <  <  >  R  >  >  R  >  r  <  
v  v  l  r  >  r  r  >  >  v  <  >  v  <  l  l  L  L  L  L  r  r  >  R  >  R  ^  L  
v  l  l  l  >  >  r  v  R  ^  L  R  ^  L  v  l  l  v  l  r  r  r  R  R  R  r  v  l  
r  v  l  l  R  >  >  R  <  ^  R  >  r  v  l  <  l  l  l  l  r  r  r  v  l  >  R  <  
r  r  v  l  r  R  R  ^  L  <  >  R  >  r  <  v  l  <  l  r  r  >  r  r  r  R  ^  L  
r  r  r  r  r  R  r  v  l  L  R  R  R  r  v  l  <  <  <  r  r  r  r  >  r  v  l  <  
r  r  r  r  r  r  >  l  <  L  R  R  r  >  R  <  L  L  L  >  r  r  >  R  >  ^  <  L  
r  >  >  >  r  v  R  ^  L  <  R  >  >  R  ^  L  L  L  R  R  >  >  r  R  R  ^  L  L  
>  r  >  >  >  R  <  L  ^  L  <  >  R  ^  L  L  L  v  l  r  >  R  >  r  v  l  ^  L  
>  >  r  >  R  ^  L  <  L  ^  L  R  ^  ^  ^  r  v  l  <  r  r  >  >  >  v  <  <  ^  
r  >  >  r  v  l  ^  L  <  L  R  ^  R  ^  L  >  r  v  l  r  r  v  >  R  ^  L  L  <  
v  r  >  >  l  <  L  ^  L  <  ^  R  ^  L  r  r  >  r  <  l  r  r  v  l  ^  ^  L  L  
r  v  >  R  ^  L  L  L  L  L  <  r  r  r  r  r  R  ^  L  l  >  >  l  <  l  ^  L  L  
>  r  v  l  L  L  L  <  L  L  L  r  r  v  >  >  r  v  l  <  >  R  ^  L  <  l  l  L  
>  >  <  <  l  L  ^  L  L  L  r  >  r  r  v  >  >  R  <  L  R  ^  r  v  l  <  <  <  
>  R  ^  L  <  L  L  ^  L  L  >  r  >  r  r  v  R  ^  L  L  r  r  >  <  <  <  L  <  
v  l  ^  ^  L  <  L  L  L  L  R  >  r  >  r  r  v  l  <  r  v  l  R  ^  L  <  <  L  
<  <  l  ^  ^  L  <  l  L  r  R  >  >  R  >  >  <  <  r  v  l  <  ^  ^  ^  L  <  <  
^  L  <  L  ^  ^  L  <  L  r  >  >  R  >  R  R  ^  L  >  R  <  L  <  ^  ^  ^  L  <  
R  ^  L  L  <  R  ^  L  <  >  >  R  >  R  R  ^  R  >  R  ^  L  <  L  <  ^  ^  ^  L  
Correct actions (%) : 15.66
Avg angular diffs   : 86.20
