arguments: 42 41 4 0.0493827 0.0567901 -0.4 -0.493827
loading features...

Initializing gridworld of size 28 by 22..
    Num states: 616
    Num actions: 8
recovered reward
-0.49, -0.49, -0.49, -0.48, -0.47, -0.48, -0.49, -0.48, -0.47, -0.48, -0.49, -0.49, -0.49, -0.49, -0.49, -0.48, -0.47, -0.48, -0.49, -0.49, -0.49, -0.49, -0.49, -0.49, -0.49, -0.49, -0.49, -0.49, 
-0.49, -0.49, -0.49, -0.47, -0.44, -0.47, -0.49, -0.47, -0.44, -0.79, -0.49, -0.49, -0.85, -0.49, -0.49, -0.47, -0.44, -0.47, -0.49, -0.49, -0.49, -0.49, -0.49, -0.48, -0.47, -1.52, -0.49, -0.49, 
-0.49, -0.49, -0.49, -0.48, -0.47, -0.48, -0.49, -0.48, -0.48, -0.47, -0.48, -0.49, -0.49, -0.49, -0.49, -0.48, -0.87, -0.48, -0.49, -0.49, -0.49, -0.49, -0.48, -0.47, -0.44, -0.47, -0.49, -0.49, 
-0.49, -0.49, -0.49, -0.49, -0.49, -0.49, -0.49, -0.77, -0.47, -0.44, -0.47, -0.49, -0.49, -0.49, -0.49, -0.49, -0.49, -0.49, -0.49, -0.49, -0.49, -0.49, -0.47, -0.48, -0.47, -0.48, -0.49, -0.49, 
-0.49, -0.49, -0.49, -0.49, -0.49, -0.48, -0.71, -0.48, -0.48, -0.45, -0.45, -0.48, -0.49, -0.49, -0.49, -0.49, -0.49, -0.49, -0.49, -0.49, -0.49, -0.49, -0.48, -0.47, -0.48, -1.49, -0.49, -0.49, 
-0.49, -0.49, -0.49, -0.49, -0.48, -0.44, -0.42, -0.47, -0.49, -0.47, -0.44, -0.47, -0.49, -0.49, -0.49, -0.49, -0.93, -0.49, -0.49, -0.49, -0.49, -0.49, -0.49, -0.49, -0.49, -0.49, -0.49, -0.49, 
-0.49, -0.49, -0.49, -0.49, -0.67, -0.43, -0.44, -0.47, -0.47, -0.47, -0.47, -0.48, -0.49, -0.49, -0.97, -0.49, -0.48, -0.47, -0.48, -0.49, -0.49, -0.49, -0.49, -0.49, -0.49, -0.49, -0.49, -0.49, 
-0.49, -0.48, -0.47, -0.48, -0.48, -0.47, -0.48, -0.47, -0.44, -0.47, -0.49, -0.49, -0.49, -0.49, -0.49, -0.49, -0.47, -0.44, -0.47, -0.49, -0.49, -0.49, -0.49, -1.45, -0.48, -0.47, -0.48, -0.49, 
-0.49, -0.47, -0.44, -0.47, -0.49, -0.49, -0.49, -0.48, -0.47, -0.48, -0.49, -0.49, -0.49, -0.49, -0.48, -0.47, -0.47, -0.47, -0.48, -0.49, -0.49, -0.49, -0.49, -0.49, -0.47, -0.44, -0.47, -0.49, 
-0.49, -0.48, -0.47, -0.48, -0.64, -0.47, -0.48, -0.49, -0.49, -0.49, -0.49, -0.49, -1.01, -0.49, -0.47, -0.44, -0.47, -0.49, -0.49, -0.49, -0.49, -0.49, -0.49, -0.49, -0.48, -0.47, -0.48, -0.49, 
-0.49, -0.49, -0.49, -0.49, -0.47, -0.44, -0.47, -0.49, -0.49, -0.49, -0.49, -0.49, -0.49, -0.49, -0.48, -0.47, -0.48, -0.49, -0.49, -0.49, -0.49, -0.49, -0.49, -0.49, -1.41, -0.49, -0.49, -0.49, 
-0.49, -0.49, -0.49, -0.49, -0.48, -0.47, -0.48, -0.47, -0.48, -0.49, -1.05, -0.49, -0.49, -0.48, -0.47, -0.48, -0.49, -0.49, -0.49, -0.49, -0.49, -0.49, -0.49, -0.49, -0.49, -0.49, -0.49, -0.49, 
-0.49, -0.49, -0.49, -0.48, -0.47, -0.48, -0.47, -0.44, -0.47, -0.49, -0.49, -0.49, -0.49, -0.47, -0.44, -0.47, -0.49, -0.49, -0.49, -0.49, -0.49, -0.49, -0.49, -0.49, -0.49, -0.49, -0.49, -0.49, 
-0.49, -0.49, -0.49, -0.59, -0.44, -0.47, -0.48, -0.47, -0.48, -0.49, -0.49, -0.49, -0.49, -0.48, -0.47, -0.48, -0.49, -0.49, -0.49, -0.49, -0.49, -0.49, -0.49, -1.37, -0.49, -0.49, -0.49, -0.49, 
-0.49, -0.49, -0.49, -0.48, -0.47, -0.48, -0.49, -0.49, -0.49, -1.09, -0.49, -0.49, -0.49, -0.49, -0.49, -0.49, -0.49, -0.49, -0.49, -0.49, -0.49, -0.48, -0.47, -0.48, -0.49, -0.49, -0.49, -0.49, 
-0.49, -0.49, -0.49, -0.49, -0.49, -0.49, -0.49, -0.49, -0.49, -0.49, -0.49, -0.49, -0.48, -0.47, -0.48, -0.49, -0.49, -0.49, -0.49, -0.49, -0.49, -0.47, -0.44, -0.47, -0.49, -0.49, -0.49, -0.49, 
-0.49, -0.49, -0.57, -0.49, -0.49, -0.49, -0.49, -0.49, -0.49, -0.49, -0.49, -0.48, -1.08, -0.43, -0.47, -0.49, -0.49, -0.49, -0.49, -0.49, -0.49, -0.48, -0.47, -1.31, -0.47, -0.48, -0.49, -0.49, 
-0.49, -0.49, -0.49, -0.49, -0.49, -0.49, -0.49, -0.49, -0.49, -0.49, -0.49, -0.47, -0.42, -0.44, -0.48, -0.49, -0.49, -0.49, -0.48, -0.47, -0.48, -0.49, -0.48, -0.44, -0.42, -0.47, -0.49, -0.49, 
-0.49, -0.49, -0.49, -0.49, -0.49, -0.49, -0.49, -0.49, -0.49, -0.49, -0.49, -0.48, -0.47, -0.48, -0.49, -0.49, -0.49, -0.49, -0.47, -0.44, -0.47, -1.29, -0.47, -0.43, -0.44, -0.48, -0.49, -0.49, 
-0.53, -0.49, -0.49, -0.49, -0.49, -0.49, -0.49, -0.49, -0.49, -0.49, -0.49, -0.49, -0.49, -1.17, -0.49, -0.49, -1.21, -0.49, -0.48, -1.23, -0.48, -0.49, -0.48, -0.47, -0.48, -0.49, -0.49, -0.49, 
-0.49, -0.49, -0.49, -0.49, -0.49, -0.49, -0.49, -0.49, -0.49, -0.49, -0.49, -0.49, -0.49, -0.49, -0.49, -0.49, -0.49, -0.49, -0.49, -0.49, -0.49, -0.49, -0.49, -0.49, -0.49, -0.49, -0.49, -0.49, 
-0.49, -0.49, -0.49, -0.49, -0.49, -0.49, -0.49, -0.49, -0.49, -0.49, -0.49, -0.49, -0.49, -0.49, -0.49, -0.49, -0.49, -0.49, -0.49, -0.49, -0.49, -0.49, -0.49, -0.49, -0.49, -0.49, -0.49, -0.49, 
-- optimal policy --
r  r  r  r  v  l  r  r  v  l  <  l  l  <  l  l  v  l  l  l  l  l  r  r  v  l  v  l  
r  r  r  r  v  l  r  >  r  v  l  l  l  l  l  l  <  <  <  <  <  r  r  r  v  l  l  l  
r  r  r  r  v  v  v  r  v  l  l  l  l  l  l  l  ^  L  L  L  v  l  l  l  <  <  <  <  
r  r  r  r  r  v  r  v  l  l  <  l  l  l  l  l  L  ^  L  v  l  l  l  <  ^  L  L  <  
r  r  r  r  r  r  v  l  l  <  v  l  l  l  l  l  r  r  v  l  l  l  l  L  <  L  v  v  
r  r  r  >  r  >  l  <  <  l  l  <  <  <  <  r  r  v  l  l  l  l  l  r  v  v  v  l  
r  r  r  r  >  R  ^  L  L  l  <  L  L  <  L  r  r  v  l  l  l  l  l  r  r  v  l  l  
r  r  r  >  R  ^  L  L  L  <  L  L  L  L  r  r  >  l  <  <  <  <  r  r  r  v  l  l  
>  >  >  R  R  ^  L  ^  L  L  L  L  L  L  r  v  l  l  L  L  <  <  l  >  >  v  <  <  
R  R  R  ^  L  R  R  R  ^  L  L  L  L  r  r  v  l  l  L  L  L  r  v  v  l  v  l  v  
R  R  ^  L  R  ^  L  L  ^  ^  L  L  r  r  v  l  l  l  l  r  v  v  v  v  v  l  v  l  
R  ^  L  R  R  ^  L  L  l  ^  ^  L  r  r  v  l  l  l  r  r  v  v  v  v  l  v  l  l  
^  L  R  R  R  ^  L  L  <  r  r  r  r  r  v  l  l  l  r  r  r  v  v  l  v  l  l  v  
^  R  R  R  ^  R  R  ^  L  r  r  r  v  v  l  l  l  l  >  r  r  r  v  l  l  l  v  l  
R  R  >  R  ^  L  R  ^  r  r  v  r  r  v  l  l  l  l  r  >  r  r  v  l  l  v  l  l  
R  >  R  R  ^  L  L  r  r  r  r  v  r  v  l  l  l  l  r  r  >  r  v  r  v  l  l  l  
>  R  R  ^  R  ^  r  >  r  r  r  r  v  l  <  <  l  l  r  r  R  >  r  r  v  l  l  l  
R  ^  R  R  ^  r  r  r  >  r  >  >  R  <  L  L  <  <  r  r  R  r  r  >  l  <  <  <  
^  R  R  ^  r  r  r  r  r  >  R  R  ^  L  L  L  L  L  >  >  r  >  >  R  ^  L  L  <  
R  R  R  R  >  r  >  r  >  R  R  R  ^  L  L  L  L  L  R  R  >  R  R  ^  L  L  L  L  
R  R  R  >  >  >  r  >  R  R  R  R  ^  L  ^  L  L  <  ^  R  R  R  R  ^  L  L  L  L  
R  R  >  R  >  >  >  R  R  R  ^  ^  R  ^  L  L  L  L  R  R  R  R  ^  ^  ^  L  L  L  
Correct actions (%) : 9.91
Avg angular diffs   : 86.76
