arguments: 42 35 1 -0.142857 -0.142857 -0.0649351 -0.649351
loading features...

Initializing gridworld of size 28 by 22..
    Num states: 616
    Num actions: 8
recovered reward
-0.65, -0.65, -0.65, -0.65, -0.65, -0.65, -0.65, -0.65, -0.65, -0.65, -0.65, -0.65, -0.65, -0.65, -0.65, -0.65, -0.65, -0.65, -0.65, -0.65, -0.65, -0.65, -0.65, -0.65, -0.65, -0.65, -0.65, -0.65, 
-0.65, -0.79, -0.65, -0.65, -0.65, -0.65, -0.65, -0.65, -0.65, -0.65, -0.65, -0.65, -0.65, -0.65, -0.65, -0.65, -0.65, -0.65, -0.65, -0.65, -0.65, -0.65, -0.65, -0.65, -0.65, -0.79, -0.65, -0.65, 
-0.65, -0.65, -0.65, -0.65, -0.79, -0.65, -0.65, -0.65, -0.79, -0.79, -0.65, -0.65, -0.65, -0.65, -0.71, -0.65, -0.65, -0.65, -0.65, -0.79, -0.65, -0.65, -0.65, -0.65, -0.65, -0.65, -0.65, -0.65, 
-0.65, -0.65, -0.65, -0.65, -0.65, -0.65, -0.65, -0.65, -0.65, -0.79, -0.65, -0.70, -0.65, -0.65, -0.65, -0.65, -0.71, -0.65, -0.65, -0.65, -0.65, -0.65, -0.65, -0.79, -0.65, -0.65, -0.65, -0.65, 
-0.65, -0.65, -0.65, -0.65, -0.65, -0.65, -0.65, -0.65, -0.65, -0.69, -0.65, -0.65, -0.65, -0.65, -0.65, -0.65, -0.65, -0.65, -0.65, -0.65, -0.65, -0.65, -0.65, -0.65, -0.65, -0.65, -0.65, -0.65, 
-0.65, -0.65, -0.65, -0.65, -0.65, -0.65, -0.65, -0.65, -0.65, -0.65, -0.65, -0.65, -0.65, -0.65, -0.65, -0.65, -0.65, -0.65, -0.65, -0.65, -0.65, -0.65, -0.65, -0.65, -0.65, -0.65, -0.65, -0.65, 
-0.65, -0.65, -0.65, -0.65, -0.65, -0.65, -0.65, -0.69, -0.65, -0.65, -0.65, -0.65, -0.65, -0.65, -0.65, -0.65, -0.86, -0.79, -0.65, -0.65, -0.65, -0.79, -0.65, -0.78, -0.65, -0.65, -0.65, -0.65, 
-0.65, -0.65, -0.65, -0.79, -0.65, -0.65, -0.65, -0.65, -0.65, -0.65, -0.65, -0.65, -0.65, -0.65, -0.65, -0.65, -0.65, -0.65, -0.65, -0.65, -0.65, -0.65, -0.79, -0.65, -0.65, -0.65, -0.65, -0.65, 
-0.65, -0.65, -0.65, -0.65, -0.65, -0.65, -0.65, -0.65, -0.65, -0.65, -0.65, -0.65, -0.65, -0.65, -0.65, -0.65, -0.65, -0.65, -0.65, -0.65, -0.65, -0.65, -0.65, -0.65, -0.65, -0.65, -0.65, -0.65, 
-0.65, -0.65, -0.65, -0.65, -0.65, -0.65, -0.68, -0.65, -0.65, -0.65, -0.65, -0.65, -0.65, -0.65, -0.65, -0.65, -0.73, -0.65, -0.65, -0.65, -0.65, -0.65, -0.77, -0.65, -0.65, -0.65, -0.65, -0.65, 
-0.65, -0.65, -0.65, -0.65, -0.65, -0.65, -0.65, -0.65, -0.79, -0.65, -0.65, -0.65, -0.65, -0.65, -0.65, -0.65, -0.65, -0.65, -0.65, -0.65, -0.65, -0.65, -0.65, -0.65, -0.65, -0.65, -0.65, -0.65, 
-0.65, -0.65, -0.65, -0.65, -0.65, -0.65, -0.65, -0.65, -0.65, -0.65, -0.65, -0.65, -0.65, -0.65, -0.65, -0.65, -0.65, -0.65, -0.65, -0.65, -0.65, -0.65, -0.65, -0.65, -0.79, -0.65, -0.65, -0.65, 
-0.65, -0.65, -0.65, -0.65, -0.68, -0.65, -0.65, -0.65, -0.65, -0.65, -0.65, -0.65, -0.65, -0.65, -0.73, -0.65, -0.65, -0.65, -0.65, -0.65, -0.65, -0.65, -0.65, -0.65, -0.65, -0.65, -0.65, -0.65, 
-0.65, -0.65, -0.65, -0.65, -0.65, -0.65, -0.65, -0.65, -0.65, -0.65, -0.65, -0.65, -0.65, -0.65, -0.65, -0.65, -0.65, -0.65, -0.65, -0.65, -0.65, -0.77, -0.65, -0.65, -0.65, -0.65, -0.65, -0.65, 
-0.65, -0.65, -0.65, -0.81, -0.65, -0.79, -0.65, -0.65, -0.65, -0.65, -0.65, -0.65, -0.65, -0.65, -0.65, -0.65, -0.65, -0.65, -0.65, -0.65, -0.65, -0.65, -0.65, -0.79, -0.65, -0.65, -0.65, -0.65, 
-0.65, -0.65, -0.79, -0.65, -0.65, -0.65, -0.65, -0.65, -0.65, -0.65, -0.65, -0.65, -0.65, -0.79, -0.65, -0.74, -0.65, -0.65, -0.65, -0.65, -0.76, -0.65, -0.65, -0.65, -0.65, -0.65, -0.65, -0.65, 
-0.65, -0.66, -0.65, -0.65, -0.65, -0.65, -0.65, -0.79, -0.65, -0.65, -0.65, -0.65, -0.65, -0.65, -0.65, -0.65, -0.65, -0.65, -0.65, -0.65, -0.65, -0.65, -0.65, -0.65, -0.65, -0.65, -0.65, -0.65, 
-0.65, -0.65, -0.65, -0.65, -0.65, -0.65, -0.65, -0.65, -0.65, -0.65, -0.65, -0.65, -0.79, -0.65, -0.65, -0.65, -0.65, -0.65, -0.65, -0.79, -0.65, -0.65, -0.65, -0.65, -0.65, -0.65, -0.65, -0.65, 
-0.65, -0.65, -0.65, -0.65, -0.65, -0.65, -0.65, -0.65, -0.65, -0.79, -0.65, -0.65, -0.65, -0.65, -0.65, -0.75, -0.65, -0.65, -0.75, -0.65, -0.65, -0.65, -0.65, -0.65, -0.65, -0.65, -0.65, -0.65, 
-0.66, -0.65, -0.65, -0.65, -0.65, -0.65, -0.65, -0.65, -0.65, -0.65, -0.65, -0.65, -0.65, -0.65, -0.65, -0.65, -0.65, -0.65, -0.65, -0.65, -0.65, -0.65, -0.65, -0.65, -0.65, -0.65, -0.65, -0.65, 
-0.65, -0.65, -0.65, -0.65, -0.65, -0.65, -0.65, -0.65, -0.65, -0.65, -0.65, -0.65, -0.65, -0.65, -0.65, -0.65, -0.65, -0.65, -0.65, -0.65, -0.65, -0.65, -0.65, -0.65, -0.65, -0.65, -0.65, -0.65, 
-0.65, -0.65, -0.65, -0.65, -0.65, -0.65, -0.65, -0.65, -0.65, -0.65, -0.65, -0.65, -0.65, -0.65, -0.65, -0.65, -0.65, -0.65, -0.65, -0.65, -0.65, -0.65, -0.65, -0.65, -0.65, -0.65, -0.65, -0.65, 
-- optimal policy --
L  R  ^  <  ^  <  L  <  L  <  L  ^  L  ^  <  >  >  >  >  >  >  >  L  <  >  >  >  >  
<  R  ^  L  ^  L  ^  L  ^  L  ^  ^  ^  ^  L  R  R  R  R  R  ^  R  ^  L  R  R  R  ^  
L  <  v  v  v  v  v  v  v  l  v  l  v  v  v  l  <  v  r  v  >  >  >  >  r  v  v  v  
^  L  v  v  v  v  l  v  l  <  v  v  v  v  l  <  >  r  v  r  R  R  R  >  >  r  v  v  
v  v  v  v  v  l  <  l  <  v  v  v  v  l  <  L  v  >  r  >  r  v  >  >  >  >  r  v  
v  v  v  v  l  <  v  l  v  v  v  v  l  <  L  v  l  >  >  >  >  r  v  >  >  >  >  r  
v  v  v  l  <  L  r  v  v  v  v  l  <  L  v  v  v  l  v  v  R  >  r  r  R  R  R  ^  
v  v  l  <  L  r  v  v  v  v  l  <  L  v  v  v  v  l  r  v  v  R  >  >  >  >  r  v  
l  v  <  L  v  >  r  v  v  l  <  L  v  v  v  v  l  <  >  r  v  v  R  r  v  >  >  >  
^  l  <  v  v  R  r  v  l  <  L  v  v  v  l  l  <  L  R  ^  r  r  >  >  r  v  R  ^  
l  ^  L  v  v  v  v  l  <  L  v  r  v  l  v  l  L  v  >  >  >  >  >  >  >  v  l  <  
^  L  r  v  l  v  l  <  v  r  v  v  l  v  l  <  L  v  v  v  ^  R  R  R  >  r  <  v  
>  >  >  r  v  l  <  v  v  v  r  v  v  v  l  L  v  r  v  l  v  l  v  v  R  ^  r  v  
v  >  >  >  v  <  L  v  v  l  >  v  l  l  <  v  r  v  l  v  r  v  v  l  v  R  >  >  
v  R  R  r  v  l  l  v  l  <  v  v  l  l  <  r  v  r  v  v  >  r  v  v  v  R  R  ^  
v  l  r  r  v  l  l  l  <  >  r  v  l  ^  L  v  v  v  r  v  v  v  r  v  v  r  v  v  
r  v  l  >  r  v  l  ^  L  v  >  v  <  L  v  v  l  r  v  r  v  v  l  r  v  >  r  v  
>  r  v  v  ^  l  <  L  v  r  v  l  <  v  v  l  <  v  r  r  v  l  v  v  v  v  >  R  
R  ^  r  >  l  <  L  >  v  >  v  ^  L  r  v  l  v  r  >  >  v  <  l  r  v  l  R  ^  
r  R  ^  r  ^  L  v  v  r  v  l  <  r  v  v  <  v  v  v  R  r  v  l  >  r  v  l  v  
>  r  v  ^  l  <  v  l  >  r  <  l  v  >  r  v  v  l  v  l  r  v  l  R  ^  v  <  v  
>  >  l  v  <  >  r  <  R  ^  v  <  >  >  v  v  l  <  l  <  >  v  <  >  >  l  <  R  
Correct actions (%) : 10.00
Avg angular diffs   : 90.56
