arguments: 42 30 3 0.125 0.255952 -0.0238095 -0.595238
loading features...

Initializing gridworld of size 28 by 22..
    Num states: 616
    Num actions: 8
recovered reward
-0.60, -0.60, -0.60, -0.60, -0.60, -0.60, -0.60, -0.60, -0.60, -0.65, -0.60, -0.60, -0.60, -0.65, -0.60, -0.60, -0.60, -0.65, -0.60, -0.60, -0.66, -0.60, -0.66, -0.60, -0.60, -0.66, -0.60, -0.60, 
-0.60, -0.60, -0.60, -0.60, -0.60, -0.60, -0.65, -0.60, -0.47, -0.60, -0.60, -0.60, -0.60, -0.60, -0.60, -0.60, -0.60, -0.60, -0.60, -0.60, -0.60, -0.60, -0.60, -0.60, -0.60, -0.60, -0.60, -0.60, 
-0.60, -0.60, -0.60, -0.60, -0.60, -0.60, -0.60, -0.60, -0.60, -0.60, -0.60, -0.60, -0.60, -0.60, -0.60, -0.60, -0.60, -0.60, -0.60, -0.60, -0.60, -0.60, -0.60, -0.60, -0.60, -0.60, -0.60, -0.60, 
-0.60, -0.60, -0.60, -0.60, -0.39, -0.60, -0.60, -0.60, -0.60, -0.60, -0.60, -0.60, -0.60, -0.60, -0.60, -0.60, -0.60, -0.60, -0.60, -0.60, -0.60, -0.60, -0.60, -0.60, -0.60, -0.60, -0.60, -0.60, 
-0.60, -0.60, -0.60, -0.60, -0.60, -0.60, -0.60, -0.60, -0.60, -0.60, -0.60, -0.60, -0.60, -0.60, -0.60, -0.60, -0.60, -0.60, -0.60, -0.60, -0.60, -0.60, -0.60, -0.60, -0.60, -0.60, -0.60, -0.60, 
-0.60, -0.60, -0.60, -0.60, -0.60, -0.60, -0.60, -0.60, -0.60, -0.60, -0.47, -0.60, -0.60, -0.60, -0.60, -0.60, -0.60, -0.60, -0.60, -0.60, -0.60, -0.60, -0.60, -0.60, -0.60, -0.60, -0.60, -0.60, 
-0.60, -0.60, -0.60, -0.60, -0.52, -0.60, -0.60, -0.34, -0.60, -0.47, -0.60, -0.60, -0.60, -0.60, -0.60, -0.60, -0.60, -0.60, -0.60, -0.60, -0.60, -0.60, -0.60, -0.60, -0.60, -0.60, -0.60, -0.60, 
-0.60, -0.34, -0.60, -0.60, -0.60, -0.60, -0.64, -0.60, -0.60, -0.60, -0.60, -0.47, -0.60, -0.60, -0.60, -0.60, -0.47, -0.60, -0.60, -0.60, -0.60, -0.60, -0.60, -0.60, -0.60, -0.60, -0.60, -0.60, 
-0.60, -0.60, -0.60, -0.60, -0.60, -0.60, -0.60, -0.60, -0.60, -0.60, -0.60, -0.60, -0.60, -0.60, -0.60, -0.60, -0.60, -0.47, -0.60, -0.60, -0.60, -0.60, -0.60, -0.60, -0.60, -0.60, -0.60, -0.60, 
-0.60, -0.60, -0.60, -0.60, -0.60, -0.60, -0.60, -0.64, -0.60, -0.60, -0.60, -0.60, -0.60, -0.60, -0.60, -0.60, -0.60, -0.60, -0.60, -0.60, -0.60, -0.60, -0.60, -0.60, -0.60, -0.60, -0.60, -0.60, 
-0.60, -0.60, -0.60, -0.60, -0.60, -0.60, -0.60, -0.60, -0.60, -0.60, -0.60, -0.60, -0.60, -0.60, -0.60, -0.60, -0.60, -0.60, -0.60, -0.60, -0.60, -0.60, -0.60, -0.60, -0.60, -0.60, -0.60, -0.60, 
-0.60, -0.60, -0.60, -0.60, -0.60, -0.60, -0.60, -0.60, -0.60, -0.60, -0.60, -0.60, -0.34, -0.60, -0.34, -0.60, -0.60, -0.60, -0.60, -0.60, -0.60, -0.60, -0.60, -0.60, -0.60, -0.60, -0.60, -0.60, 
-0.60, -0.60, -0.60, -0.60, -0.60, -0.60, -0.60, -0.60, -0.60, -0.60, -0.60, -0.60, -0.60, -0.60, -0.60, -0.60, -0.60, -0.60, -0.60, -0.60, -0.60, -0.60, -0.60, -0.60, -0.60, -0.60, -0.60, -0.60, 
-0.60, -0.60, -0.60, -0.60, -0.60, -0.60, -0.60, -0.64, -0.60, -0.60, -0.60, -0.60, -0.60, -0.60, -0.60, -0.60, -0.60, -0.60, -0.60, -0.60, -0.34, -0.60, -0.60, -0.60, -0.60, -0.60, -0.60, -0.60, 
-0.60, -0.60, -0.60, -0.60, -0.60, -0.60, -0.60, -0.60, -0.63, -0.60, -0.60, -0.60, -0.60, -0.60, -0.60, -0.34, -0.60, -0.60, -0.60, -0.60, -0.62, -0.60, -0.60, -0.62, -0.60, -0.60, -0.62, -0.60, 
-0.60, -0.60, -0.60, -0.60, -0.60, -0.60, -0.60, -0.60, -0.34, -0.60, -0.60, -0.60, -0.63, -0.60, -0.47, -0.63, -0.60, -0.60, -0.63, -0.60, -0.60, -0.60, -0.60, -0.60, -0.60, -0.60, -0.60, -0.60, 
-0.60, -0.60, -0.60, -0.60, -0.60, -0.60, -0.60, -0.60, -0.34, -0.60, -0.60, -0.60, -0.60, -0.60, -0.60, -0.60, -0.60, -0.60, -0.47, -0.34, -0.60, -0.60, -0.60, -0.60, -0.60, -0.60, -0.60, -0.60, 
-0.60, -0.60, -0.60, -0.47, -0.60, -0.60, -0.60, -0.60, -0.60, -0.60, -0.60, -0.60, -0.60, -0.60, -0.60, -0.60, -0.60, -0.60, -0.60, -0.34, -0.60, -0.60, -0.60, -0.60, -0.60, -0.60, -0.60, -0.62, 
-0.60, -0.60, -0.60, -0.60, -0.60, -0.60, -0.60, -0.60, -0.60, -0.60, -0.60, -0.60, -0.60, -0.60, -0.60, -0.60, -0.60, -0.60, -0.60, -0.47, -0.60, -0.60, -0.60, -0.60, -0.60, -0.60, -0.60, -0.60, 
-0.60, -0.60, -0.60, -0.60, -0.60, -0.60, -0.60, -0.60, -0.60, -0.60, -0.60, -0.60, -0.60, -0.60, -0.61, -0.60, -0.60, -0.61, -0.60, -0.60, -0.61, -0.60, -0.60, -0.61, -0.60, -0.60, -0.60, -0.60, 
-0.60, -0.60, -0.60, -0.60, -0.60, -0.60, -0.60, -0.60, -0.60, -0.60, -0.60, -0.60, -0.60, -0.60, -0.60, -0.60, -0.60, -0.60, -0.60, -0.60, -0.60, -0.60, -0.60, -0.60, -0.60, -0.60, -0.60, -0.60, 
-0.60, -0.60, -0.60, -0.60, -0.60, -0.60, -0.60, -0.60, -0.60, -0.60, -0.60, -0.60, -0.60, -0.60, -0.60, -0.60, -0.60, -0.60, -0.60, -0.60, -0.60, -0.60, -0.60, -0.60, -0.60, -0.60, -0.60, -0.60, 
-- optimal policy --
>  r  v  r  v  v  l  l  v  l  v  v  v  l  l  l  v  r  v  l  v  l  l  l  l  l  r  v  
v  >  r  v  r  v  l  l  l  l  v  v  l  l  l  l  r  v  l  l  v  l  l  l  l  v  v  v  
r  v  >  r  v  l  v  l  l  l  v  l  l  l  l  l  v  v  l  l  l  l  v  l  r  v  v  v  
v  l  v  >  r  v  v  l  l  v  l  l  l  l  l  r  v  l  r  v  l  v  l  r  v  r  v  v  
r  v  l  v  >  r  v  l  v  l  v  l  l  l  l  r  v  r  v  l  v  l  r  v  r  v  r  v  
r  v  v  l  v  >  r  v  l  v  l  v  l  l  r  v  r  v  l  v  l  v  v  r  v  r  v  l  
r  v  l  l  v  R  >  r  <  v  r  v  l  v  l  r  v  l  v  l  r  r  v  v  v  v  l  l  
>  v  <  v  r  v  R  ^  r  r  v  v  r  v  v  l  l  v  l  r  v  r  v  v  v  l  l  l  
R  r  v  r  v  r  v  r  >  r  r  v  r  v  l  l  l  l  r  v  r  v  v  v  l  l  l  l  
>  r  r  v  r  r  v  v  r  >  r  r  r  v  l  v  l  v  v  r  v  v  v  l  l  l  l  l  
r  >  r  r  v  v  r  r  r  r  >  r  v  l  v  l  l  r  v  v  v  v  v  l  l  l  l  l  
>  r  >  r  r  v  v  v  v  v  v  >  l  <  <  <  r  >  r  v  r  v  l  l  l  l  l  l  
r  >  r  >  r  r  v  l  v  v  v  l  ^  L  v  r  r  r  >  r  v  l  l  l  l  l  l  l  
>  r  >  r  >  r  r  v  l  v  l  l  l  >  r  v  r  r  r  >  l  <  l  l  <  l  l  <  
r  >  r  >  r  >  r  r  v  l  l  l  l  r  >  >  r  r  r  v  v  l  l  l  l  l  l  l  
>  r  >  r  >  r  >  r  v  l  l  l  l  >  R  ^  >  r  r  v  l  l  l  l  l  l  l  l  
r  >  r  >  r  r  r  >  ^  <  <  <  <  R  ^  >  r  >  r  v  l  l  l  l  l  l  <  l  
r  r  >  >  r  r  >  R  ^  L  <  L  <  <  >  r  >  R  >  ^  <  <  <  <  <  l  l  <  
r  >  R  r  >  >  R  R  ^  L  L  <  L  L  r  >  R  >  R  ^  L  L  <  <  L  <  l  l  
>  R  r  >  R  R  R  ^  L  ^  L  L  L  L  >  R  R  R  R  ^  L  L  L  <  l  L  <  <  
R  r  >  R  R  R  ^  ^  L  ^  ^  L  L  L  R  R  R  R  R  ^  L  L  L  L  <  l  L  <  
>  >  R  R  R  ^  L  ^  ^  L  ^  L  L  L  R  R  R  R  ^  ^  ^  L  L  L  L  <  <  L  
Correct actions (%) : 12.50
Avg angular diffs   : 90.40
