arguments: 42 31 4 0.0302795 -0.717391 -0.0970497 -0.15528
loading features...

Initializing gridworld of size 28 by 22..
    Num states: 616
    Num actions: 8
recovered reward
-0.51, -0.87, -0.51, -0.16, -0.15, -0.32, -0.51, -0.33, -0.16, -0.16, -0.16, -0.16, -0.16, -0.16, -0.16, -0.16, -0.16, -0.16, -0.33, -0.51, -0.33, -0.16, -0.16, -0.16, -0.16, -0.16, -0.16, -0.16, 
-0.33, -0.51, -0.32, -0.15, -0.14, -0.48, -0.86, -0.51, -0.16, -0.23, -0.16, -0.16, -0.24, -0.16, -0.16, -0.16, -0.16, -0.16, -0.51, -0.87, -0.50, -0.15, -0.16, -0.16, -0.16, -0.41, -0.16, -0.16, 
-0.16, -0.14, -0.12, -0.14, -0.15, -0.32, -0.51, -0.33, -0.16, -0.16, -0.16, -0.16, -0.16, -0.16, -0.16, -0.16, -0.25, -0.16, -0.33, -0.50, -0.30, -0.14, -0.16, -0.16, -0.16, -0.16, -0.16, -0.16, 
-0.16, -0.15, -0.14, -0.15, -0.16, -0.33, -0.51, -0.40, -0.16, -0.16, -0.16, -0.16, -0.16, -0.16, -0.16, -0.16, -0.16, -0.16, -0.16, -0.15, -0.14, -0.15, -0.15, -0.16, -0.16, -0.16, -0.16, -0.16, 
-0.16, -0.16, -0.16, -0.16, -0.16, -0.16, -0.21, -0.16, -0.16, -0.16, -0.16, -0.16, -0.16, -0.16, -0.16, -0.16, -0.16, -0.16, -0.16, -0.16, -0.15, -0.14, -0.15, -0.16, -0.16, -0.40, -0.16, -0.16, 
-0.16, -0.16, -0.16, -0.16, -0.16, -0.16, -0.16, -0.16, -0.16, -0.16, -0.33, -0.51, -0.33, -0.16, -0.16, -0.16, -0.26, -0.16, -0.16, -0.16, -0.14, -0.12, -0.14, -0.16, -0.16, -0.16, -0.16, -0.16, 
-0.16, -0.16, -0.16, -0.16, -0.20, -0.16, -0.16, -0.16, -0.16, -0.16, -0.51, -0.87, -0.51, -0.16, -0.27, -0.16, -0.16, -0.16, -0.16, -0.16, -0.33, -0.50, -0.33, -0.16, -0.16, -0.16, -0.16, -0.16, 
-0.16, -0.16, -0.16, -0.16, -0.16, -0.16, -0.15, -0.14, -0.15, -0.16, -0.33, -0.51, -0.33, -0.16, -0.16, -0.16, -0.16, -0.16, -0.16, -0.15, -0.50, -0.87, -0.51, -0.39, -0.16, -0.16, -0.16, -0.16, 
-0.16, -0.16, -0.16, -0.16, -0.16, -0.16, -0.14, -0.12, -0.14, -0.16, -0.16, -0.16, -0.16, -0.16, -0.16, -0.16, -0.16, -0.16, -0.16, -0.14, -0.30, -0.50, -0.33, -0.16, -0.16, -0.16, -0.16, -0.16, 
-0.16, -0.16, -0.16, -0.16, -0.19, -0.16, -0.15, -0.14, -0.15, -0.14, -0.15, -0.16, -0.28, -0.16, -0.16, -0.16, -0.16, -0.16, -0.16, -0.15, -0.14, -0.15, -0.16, -0.16, -0.16, -0.16, -0.16, -0.16, 
-0.16, -0.16, -0.16, -0.16, -0.16, -0.16, -0.16, -0.16, -0.14, -0.12, -0.14, -0.16, -0.16, -0.16, -0.16, -0.33, -0.51, -0.33, -0.16, -0.16, -0.16, -0.16, -0.16, -0.16, -0.38, -0.16, -0.16, -0.16, 
-0.16, -0.16, -0.16, -0.16, -0.16, -0.16, -0.16, -0.16, -0.15, -0.14, -0.28, -0.16, -0.16, -0.33, -0.51, -0.51, -0.87, -0.51, -0.16, -0.16, -0.16, -0.16, -0.16, -0.16, -0.16, -0.16, -0.16, -0.16, 
-0.16, -0.16, -0.16, -0.16, -0.16, -0.16, -0.16, -0.16, -0.16, -0.16, -0.16, -0.16, -0.16, -0.51, -0.87, -0.33, -0.51, -0.33, -0.16, -0.16, -0.16, -0.16, -0.16, -0.16, -0.15, -0.14, -0.15, -0.16, 
-0.16, -0.16, -0.16, -0.18, -0.16, -0.16, -0.16, -0.16, -0.16, -0.16, -0.16, -0.16, -0.16, -0.33, -0.51, -0.33, -0.16, -0.16, -0.16, -0.16, -0.16, -0.16, -0.16, -0.37, -0.14, -0.12, -0.14, -0.16, 
-0.16, -0.16, -0.16, -0.16, -0.16, -0.16, -0.16, -0.16, -0.16, -0.30, -0.16, -0.16, -0.16, -0.16, -0.16, -0.16, -0.16, -0.16, -0.16, -0.16, -0.16, -0.15, -0.14, -0.15, -0.15, -0.14, -0.15, -0.16, 
-0.16, -0.16, -0.16, -0.16, -0.16, -0.16, -0.16, -0.16, -0.16, -0.16, -0.16, -0.16, -0.16, -0.16, -0.16, -0.16, -0.16, -0.16, -0.16, -0.16, -0.15, -0.14, -0.30, -0.50, -0.33, -0.16, -0.16, -0.16, 
-0.16, -0.16, -0.17, -0.16, -0.16, -0.16, -0.16, -0.16, -0.16, -0.16, -0.16, -0.16, -0.31, -0.16, -0.16, -0.16, -0.16, -0.16, -0.16, -0.16, -0.14, -0.15, -0.50, -1.07, -0.51, -0.16, -0.16, -0.16, 
-0.16, -0.16, -0.16, -0.16, -0.16, -0.16, -0.15, -0.14, -0.15, -0.16, -0.16, -0.16, -0.16, -0.16, -0.33, -0.51, -0.33, -0.16, -0.16, -0.16, -0.15, -0.14, -0.33, -0.51, -0.33, -0.16, -0.16, -0.16, 
-0.16, -0.16, -0.16, -0.16, -0.16, -0.16, -0.14, -0.12, -0.14, -0.16, -0.16, -0.16, -0.16, -0.16, -0.51, -0.87, -0.51, -0.16, -0.33, -0.51, -0.33, -0.35, -0.16, -0.16, -0.16, -0.16, -0.16, -0.16, 
-0.16, -0.16, -0.16, -0.16, -0.16, -0.16, -0.15, -0.14, -0.15, -0.16, -0.16, -0.16, -0.16, -0.32, -0.33, -0.51, -0.51, -0.16, -0.51, -1.06, -0.51, -0.16, -0.16, -0.16, -0.16, -0.16, -0.16, -0.16, 
-0.16, -0.16, -0.16, -0.16, -0.16, -0.16, -0.16, -0.16, -0.16, -0.16, -0.16, -0.16, -0.16, -0.16, -0.33, -0.51, -0.33, -0.16, -0.33, -0.51, -0.33, -0.16, -0.16, -0.16, -0.16, -0.16, -0.16, -0.16, 
-0.16, -0.16, -0.16, -0.16, -0.16, -0.16, -0.16, -0.16, -0.16, -0.16, -0.16, -0.16, -0.16, -0.16, -0.16, -0.16, -0.16, -0.16, -0.16, -0.16, -0.16, -0.16, -0.16, -0.16, -0.16, -0.16, -0.16, -0.16, 
-- optimal policy --
v  r  r  r  v  l  <  r  v  l  v  v  l  r  r  r  r  v  l  >  r  v  l  l  l  l  <  l  
r  r  v  l  l  <  l  r  r  v  v  l  v  l  r  >  r  v  l  r  r  v  l  l  l  l  l  l  
>  >  >  <  <  L  <  r  v  v  l  v  l  l  r  r  r  r  r  r  v  l  <  l  l  l  l  l  
R  R  ^  L  L  L  l  v  l  l  v  l  l  l  r  r  >  r  >  >  r  v  l  l  l  l  <  l  
R  R  ^  L  L  L  r  v  v  l  l  <  <  <  r  >  r  >  R  r  r  v  l  l  l  l  l  l  
R  R  ^  ^  L  r  v  v  v  l  l  L  L  v  l  r  >  R  r  >  >  >  <  <  <  <  <  <  
R  ^  ^  r  r  r  r  v  l  l  l  l  r  v  l  >  R  r  >  R  R  ^  L  L  <  L  <  <  
^  ^  r  r  >  r  r  v  l  l  l  l  l  l  l  R  r  >  R  ^  L  R  R  ^  L  L  <  v  
^  r  r  >  r  >  >  v  <  <  l  l  l  <  l  l  >  R  R  ^  L  l  l  R  ^  L  v  v  
r  r  >  r  >  R  R  ^  L  v  l  l  l  l  l  l  R  R  R  ^  L  <  r  v  r  v  v  l  
r  >  r  >  R  R  R  ^  >  v  <  <  <  <  <  <  R  R  R  R  ^  r  r  r  r  v  v  l  
r  r  >  R  R  R  ^  R  R  ^  L  L  <  L  L  L  R  R  R  r  r  >  r  r  r  v  l  l  
r  >  R  R  R  ^  R  R  R  ^  L  ^  L  <  L  r  r  r  r  r  r  r  >  r  r  v  l  l  
>  R  R  R  R  R  R  R  ^  L  L  L  ^  L  l  l  r  r  r  r  r  r  r  >  >  v  <  <  
R  r  r  r  r  r  R  ^  R  ^  L  ^  L  L  <  <  r  r  r  r  r  >  >  R  R  ^  L  L  
r  >  >  r  r  r  r  v  v  l  l  l  ^  L  L  L  r  r  r  r  >  R  R  R  R  ^  L  L  
r  r  r  >  r  r  r  v  l  l  l  l  l  ^  L  L  >  r  r  >  R  ^  L  L  R  ^  ^  L  
r  r  >  r  r  r  r  v  l  l  l  <  <  <  ^  L  r  >  >  R  ^  L  <  l  R  R  ^  L  
r  r  r  >  r  >  >  v  <  <  l  l  l  l  <  R  >  R  R  R  R  ^  L  <  R  ^  L  ^  
r  r  >  r  >  R  R  ^  L  L  <  <  <  <  l  l  R  ^  L  R  >  R  ^  L  <  ^  R  ^  
>  >  r  >  R  R  R  ^  L  L  L  <  L  L  l  l  R  ^  L  r  R  ^  R  ^  L  <  ^  ^  
>  >  >  R  R  R  ^  ^  ^  L  L  L  <  <  <  <  R  ^  L  >  R  R  ^  L  ^  L  L  ^  
Correct actions (%) : 12.50
Avg angular diffs   : 88.50
