arguments: 42 39 3 -0.194896 -0.313225 0.0278422 -0.464037
loading features...

Initializing gridworld of size 28 by 22..
    Num states: 616
    Num actions: 8
recovered reward
-0.46, -0.46, -0.46, -0.46, -0.46, -0.46, -0.46, -0.46, -0.46, -0.46, -0.46, -0.46, -0.46, -0.46, -0.62, -0.78, -0.62, -0.46, -0.46, -0.46, -0.46, -0.46, -0.46, -0.46, -0.46, -0.46, -0.46, -0.46, 
-0.46, -0.46, -0.46, -0.46, -0.46, -0.51, -0.56, -0.51, -0.46, -0.46, -0.46, -0.46, -0.46, -0.46, -0.54, -0.62, -0.54, -0.46, -0.46, -0.46, -0.46, -0.54, -0.62, -0.54, -0.46, -0.46, -0.46, -0.46, 
-0.46, -0.46, -0.46, -0.46, -0.46, -0.56, -0.66, -0.56, -0.51, -0.56, -0.51, -0.46, -0.46, -0.46, -0.46, -0.46, -0.46, -0.46, -0.46, -0.46, -0.46, -0.62, -0.78, -0.62, -0.46, -0.46, -0.40, -0.46, 
-0.46, -0.51, -0.56, -0.51, -0.46, -0.51, -0.56, -0.51, -0.56, -0.64, -0.51, -0.56, -0.49, -0.46, -0.46, -0.46, -0.46, -0.46, -0.46, -0.46, -0.46, -0.54, -0.62, -0.54, -0.46, -0.51, -0.56, -0.51, 
-0.46, -0.56, -0.66, -0.56, -0.51, -0.56, -0.51, -0.46, -0.51, -0.56, -0.56, -0.66, -0.56, -0.46, -0.46, -0.46, -0.46, -0.46, -0.46, -0.46, -0.46, -0.46, -0.46, -0.46, -0.54, -0.72, -0.74, -0.56, 
-0.46, -0.51, -0.56, -0.51, -0.56, -0.66, -0.56, -0.45, -0.46, -0.46, -0.51, -0.56, -0.51, -0.46, -0.46, -0.46, -0.46, -0.46, -0.46, -0.46, -0.46, -0.46, -0.46, -0.46, -0.62, -0.83, -0.66, -0.51, 
-0.46, -0.46, -0.46, -0.46, -0.51, -0.56, -0.51, -0.46, -0.46, -0.46, -0.46, -0.46, -0.46, -0.44, -0.46, -0.46, -0.46, -0.46, -0.46, -0.46, -0.46, -0.46, -0.46, -0.46, -0.54, -0.62, -0.54, -0.46, 
-0.46, -0.46, -0.46, -0.46, -0.46, -0.46, -0.46, -0.46, -0.46, -0.46, -0.46, -0.46, -0.46, -0.46, -0.46, -0.46, -0.46, -0.46, -0.46, -0.46, -0.46, -0.46, -0.46, -0.46, -0.46, -0.46, -0.46, -0.46, 
-0.46, -0.46, -0.46, -0.46, -0.46, -0.46, -0.46, -0.45, -0.46, -0.46, -0.46, -0.46, -0.46, -0.46, -0.44, -0.46, -0.46, -0.46, -0.46, -0.46, -0.46, -0.46, -0.46, -0.46, -0.46, -0.41, -0.46, -0.46, 
-0.46, -0.54, -0.62, -0.54, -0.46, -0.46, -0.46, -0.46, -0.46, -0.46, -0.46, -0.46, -0.46, -0.46, -0.46, -0.51, -0.56, -0.51, -0.46, -0.46, -0.46, -0.46, -0.46, -0.46, -0.46, -0.46, -0.46, -0.46, 
-0.46, -0.62, -0.78, -0.62, -0.54, -0.66, -0.64, -0.67, -0.54, -0.59, -0.72, -0.59, -0.46, -0.46, -0.46, -0.56, -0.63, -0.56, -0.46, -0.46, -0.46, -0.46, -0.46, -0.46, -0.46, -0.46, -0.46, -0.46, 
-0.46, -0.54, -0.62, -0.54, -0.62, -0.87, -0.82, -0.87, -0.62, -0.72, -0.97, -0.72, -0.46, -0.46, -0.46, -0.51, -0.56, -0.51, -0.46, -0.51, -0.56, -0.51, -0.46, -0.46, -0.41, -0.46, -0.46, -0.46, 
-0.46, -0.46, -0.46, -0.46, -0.54, -0.67, -0.64, -0.67, -0.54, -0.59, -0.72, -0.59, -0.62, -0.54, -0.46, -0.54, -0.62, -0.54, -0.46, -0.56, -0.66, -0.56, -0.46, -0.46, -0.46, -0.46, -0.46, -0.46, 
-0.46, -0.46, -0.46, -0.46, -0.46, -0.46, -0.46, -0.46, -0.46, -0.46, -0.46, -0.62, -0.78, -0.62, -0.46, -0.62, -0.78, -0.59, -0.54, -0.67, -0.64, -0.51, -0.46, -0.46, -0.46, -0.46, -0.46, -0.46, 
-0.46, -0.46, -0.46, -0.46, -0.46, -0.46, -0.46, -0.54, -0.62, -0.59, -0.56, -0.59, -0.62, -0.54, -0.46, -0.54, -0.62, -0.54, -0.62, -0.78, -0.62, -0.46, -0.41, -0.46, -0.46, -0.46, -0.46, -0.46, 
-0.46, -0.46, -0.46, -0.46, -0.46, -0.46, -0.46, -0.62, -0.78, -0.72, -0.74, -0.56, -0.46, -0.46, -0.46, -0.46, -0.46, -0.46, -0.54, -0.62, -0.54, -0.46, -0.46, -0.46, -0.46, -0.46, -0.46, -0.46, 
-0.46, -0.46, -0.46, -0.46, -0.46, -0.46, -0.46, -0.54, -0.62, -0.59, -0.72, -0.51, -0.46, -0.46, -0.46, -0.46, -0.46, -0.43, -0.46, -0.46, -0.46, -0.46, -0.46, -0.46, -0.46, -0.46, -0.46, -0.46, 
-0.46, -0.46, -0.46, -0.46, -0.46, -0.46, -0.46, -0.46, -0.54, -0.67, -0.64, -0.51, -0.46, -0.46, -0.46, -0.46, -0.46, -0.46, -0.46, -0.46, -0.46, -0.46, -0.46, -0.42, -0.46, -0.46, -0.46, -0.46, 
-0.46, -0.46, -0.46, -0.46, -0.46, -0.46, -0.46, -0.46, -0.46, -0.56, -0.66, -0.56, -0.46, -0.46, -0.46, -0.46, -0.46, -0.46, -0.46, -0.46, -0.46, -0.46, -0.46, -0.46, -0.46, -0.46, -0.46, -0.46, 
-0.46, -0.46, -0.46, -0.46, -0.46, -0.46, -0.46, -0.46, -0.46, -0.51, -0.56, -0.51, -0.46, -0.46, -0.46, -0.46, -0.43, -0.46, -0.46, -0.46, -0.42, -0.46, -0.46, -0.46, -0.46, -0.46, -0.46, -0.46, 
-0.46, -0.46, -0.46, -0.46, -0.46, -0.46, -0.46, -0.46, -0.46, -0.46, -0.46, -0.46, -0.46, -0.46, -0.46, -0.46, -0.46, -0.46, -0.46, -0.42, -0.46, -0.46, -0.46, -0.46, -0.46, -0.46, -0.46, -0.46, 
-0.46, -0.46, -0.46, -0.46, -0.46, -0.46, -0.46, -0.46, -0.46, -0.46, -0.46, -0.46, -0.46, -0.46, -0.46, -0.46, -0.46, -0.46, -0.46, -0.46, -0.46, -0.46, -0.46, -0.46, -0.46, -0.46, -0.46, -0.46, 
-- optimal policy --
v  >  r  r  >  >  >  r  >  r  r  v  r  v  l  l  >  r  v  r  >  >  >  >  r  v  r  v  
r  v  >  r  v  R  R  >  >  >  >  r  v  r  r  v  l  >  r  v  R  R  R  R  >  r  v  l  
v  l  >  >  r  v  r  v  l  R  >  >  r  v  r  r  v  l  >  r  v  l  R  r  >  >  >  <  
v  l  R  >  >  r  r  v  l  l  R  R  r  r  v  r  r  v  l  >  r  v  r  >  R  R  ^  L  
v  l  r  v  R  >  r  v  l  v  l  r  r  v  v  l  >  r  v  l  >  r  v  R  ^  L  L  ^  
r  r  r  v  l  r  >  r  r  r  r  r  r  v  l  l  r  >  r  v  l  >  r  v  l  l  r  v  
r  r  >  r  r  r  R  r  r  v  l  r  >  r  <  l  l  r  r  r  v  l  >  r  r  v  v  l  
>  r  r  r  r  r  r  >  r  r  v  l  R  r  v  l  l  r  r  >  r  v  l  >  r  v  l  l  
>  >  >  r  r  r  >  >  >  r  r  v  l  >  v  <  <  >  r  r  >  r  v  l  >  v  <  l  
v  R  R  >  >  >  R  >  >  >  >  r  v  v  v  l  L  r  >  r  r  >  r  v  v  v  l  l  
v  l  R  R  R  R  R  R  R  R  R  r  r  v  v  l  l  >  R  >  >  r  >  r  v  l  l  l  
r  r  r  v  l  L  ^  R  ^  L  r  >  >  r  v  l  l  R  R  R  R  r  v  >  v  <  <  v  
>  r  r  r  v  l  r  r  r  r  v  R  R  r  v  l  <  r  v  l  r  r  v  v  l  L  v  l  
r  >  r  r  v  r  v  >  >  >  r  v  r  r  v  l  l  v  l  l  r  r  v  l  l  v  l  l  
r  r  >  r  r  v  v  l  R  R  r  r  v  r  r  r  r  v  l  l  r  >  v  <  l  l  l  l  
r  r  r  >  r  r  v  l  l  R  r  r  r  v  r  >  r  v  l  l  v  r  v  l  l  l  l  l  
r  >  r  r  >  r  r  v  l  l  r  r  >  r  v  r  >  r  v  v  l  v  r  v  l  l  <  <  
>  R  r  r  r  >  r  r  v  l  >  r  r  >  r  v  r  >  r  v  v  l  l  l  <  l  l  l  
R  >  r  r  >  r  >  r  v  l  r  r  r  r  >  r  v  r  >  r  v  l  l  ^  L  <  <  <  
>  r  >  r  r  >  r  r  r  r  r  r  r  >  r  >  r  >  r  >  l  <  l  l  ^  L  <  L  
>  r  r  r  r  r  >  >  r  r  r  >  >  r  >  R  ^  r  >  R  ^  L  <  l  l  ^  L  <  
>  >  >  >  >  >  R  >  >  >  >  >  >  >  R  ^  >  >  R  ^  L  ^  L  <  <  <  ^  L  
Correct actions (%) : 13.10
Avg angular diffs   : 87.86
