arguments: 43 36 2 0.00496278 0.00682382 -0.740074 -0.248139

Initializing gridworld of size 28 by 22..
    Num states: 616
    Num actions: 8
recovered reward
-0.25, -0.25, -0.25, -0.25, -0.25, -0.25, -0.25, -0.25, -0.25, -0.25, -0.25, -0.25, -0.25, -0.25, -0.25, -0.25, -0.25, -0.25, -0.25, -0.25, -0.25, -0.25, -0.25, -0.25, -0.25, -0.25, -0.25, -0.25, 
-0.25, -0.25, -0.25, -0.25, -0.25, -0.25, -0.25, -0.25, -0.25, -0.25, -0.25, -0.25, -0.25, -0.25, -0.25, -0.25, -0.25, -0.25, -0.25, -0.25, -0.25, -0.25, -0.25, -0.25, -0.25, -0.25, -0.25, -0.25, 
-0.25, -0.25, -0.25, -0.25, -0.25, -0.25, -0.25, -0.25, -0.25, -0.25, -0.25, -0.25, -0.25, -0.25, -0.25, -0.25, -0.25, -0.25, -0.25, -0.25, -0.25, -0.25, -0.25, -0.25, -0.25, -0.25, -0.25, -0.25, 
-0.25, -0.25, -0.25, -0.25, -0.25, -0.25, -0.25, -0.25, -0.25, -0.25, -0.25, -0.25, -0.25, -0.25, -0.25, -0.25, -0.25, -0.25, -0.25, -0.25, -0.25, -0.25, -0.25, -0.25, -0.25, -0.25, -0.25, -0.25, 
-0.25, -0.25, -0.25, -0.25, -0.25, -0.25, -0.25, -0.25, -0.25, -0.25, -0.25, -0.25, -0.25, -0.25, -0.25, -0.25, -0.25, -0.25, -0.25, -0.25, -0.25, -0.25, -0.25, -0.25, -0.25, -0.25, -0.25, -0.25, 
-0.25, -0.25, -0.25, -0.25, -0.25, -0.25, -0.25, -0.25, -0.25, -0.25, -0.25, -0.25, -0.25, -0.25, -0.25, -0.25, -0.25, -0.25, -0.25, -0.25, -0.25, -0.25, -0.25, -0.25, -0.25, -0.25, -0.25, -0.25, 
-0.25, -0.25, -0.25, -0.25, -0.25, -0.25, -0.25, -0.25, -0.25, -0.25, -0.25, -0.25, -0.25, -0.25, -0.25, -0.25, -0.25, -0.25, -0.25, -0.25, -0.25, -0.25, -0.25, -0.25, -0.25, -0.25, -0.25, -0.25, 
-0.25, -0.25, -0.25, -0.25, -0.25, -0.25, -0.25, -0.25, -0.25, -0.25, -0.25, -0.25, -0.25, -0.25, -0.25, -0.25, -0.25, -0.25, -0.25, -0.25, -0.25, -0.25, -0.25, -0.25, -0.25, -0.25, -0.25, -0.25, 
-0.25, -0.25, -0.25, -0.25, -0.25, -0.25, -0.25, -0.25, -0.25, -0.25, -0.25, -0.25, -0.25, -0.25, -0.25, -0.25, -0.25, -0.25, -0.25, -0.25, -0.25, -0.25, -0.25, -0.25, -0.25, -0.25, -0.25, -0.25, 
-0.25, -0.25, -0.25, -0.25, -0.25, -0.25, -0.25, -0.25, -0.25, -0.25, -0.25, -0.25, -0.25, -0.25, -0.25, -0.25, -0.25, -0.25, -0.25, -0.25, -0.25, -0.25, -0.25, -0.25, -0.25, -0.25, -0.25, -0.25, 
-0.25, -0.25, -0.25, -0.25, -0.25, -0.25, -0.25, -0.25, -0.25, -0.25, -0.25, -0.25, -0.25, -0.25, -0.25, -0.25, -0.25, -0.25, -0.25, -0.25, -0.25, -0.25, -0.25, -0.25, -0.25, -0.25, -0.25, -0.25, 
-0.25, -0.25, -0.25, -0.25, -0.25, -0.25, -0.25, -0.25, -0.25, -0.25, -0.25, -0.25, -0.25, -0.25, -0.25, -0.25, -0.25, -0.25, -0.25, -0.25, -0.25, -0.25, -0.25, -0.25, -0.25, -0.25, -0.25, -0.25, 
-0.25, -0.25, -0.25, -0.25, -0.25, -0.25, -0.25, -0.25, -0.25, -0.25, -0.25, -0.25, -0.25, -0.25, -0.25, -0.25, -0.25, -0.25, -0.25, -0.25, -0.25, -0.25, -0.25, -0.25, -0.25, -0.25, -0.25, -0.25, 
-0.25, -0.25, -0.25, -0.25, -0.25, -0.25, -0.25, -0.25, -0.25, -0.25, -0.25, -0.25, -0.25, -0.25, -0.25, -0.25, -0.25, -0.25, -0.25, -0.25, -0.25, -0.25, -0.25, -0.25, -0.25, -0.25, -0.25, -0.25, 
-0.25, -0.25, -0.25, -0.25, -0.25, -0.25, -0.25, -0.25, -0.25, -0.25, -0.25, -0.25, -0.25, -0.25, -0.25, -0.25, -0.25, -0.25, -0.25, -0.25, -0.25, -0.25, -0.25, -0.25, -0.25, -0.25, -0.25, -0.25, 
-0.25, -0.25, -0.25, -0.25, -0.25, -0.25, -0.25, -0.25, -0.25, -0.25, -0.25, -0.25, -0.25, -0.25, -0.25, -0.25, -0.25, -0.25, -0.25, -0.25, -0.25, -0.25, -0.25, -0.25, -0.25, -0.25, -0.25, -0.25, 
-0.25, -0.25, -0.25, -0.25, -0.25, -0.25, -0.25, -0.25, -0.25, -0.25, -0.25, -0.25, -0.25, -0.25, -0.25, -0.25, -0.25, -0.25, -0.25, -0.25, -0.25, -0.25, -0.25, -0.25, -0.25, -0.25, -0.25, -0.25, 
-0.25, -0.25, -0.25, -0.25, -0.25, -0.25, -0.25, -0.25, -0.25, -0.25, -0.25, -0.25, -0.25, -0.25, -0.25, -0.25, -0.25, -0.25, -0.25, -0.25, -0.25, -0.25, -0.25, -0.25, -0.25, -0.25, -0.25, -0.25, 
-0.25, -0.25, -0.25, -0.25, -0.25, -0.25, -0.25, -0.25, -0.25, -0.25, -0.25, -0.25, -0.25, -0.25, -0.25, -0.25, -0.25, -0.25, -0.25, -0.25, -0.25, -0.25, -0.25, -0.25, -0.25, -0.25, -0.25, -0.25, 
-0.25, -0.25, -0.25, -0.25, -0.25, -0.25, -0.25, -0.25, -0.25, -0.25, -0.25, -0.25, -0.25, -0.25, -0.25, -0.25, -0.25, -0.25, -0.25, -0.25, -0.25, -0.25, -0.25, -0.25, -0.25, -0.25, -0.25, -0.25, 
-0.25, -0.25, -0.25, -0.25, -0.25, -0.25, -0.25, -0.25, -0.25, -0.25, -0.25, -0.25, -0.25, -0.25, -0.25, -0.25, -0.25, -0.25, -0.25, -0.25, -0.25, -0.25, -0.25, -0.25, -0.25, -0.25, -0.25, -0.25, 
-0.25, -0.25, -0.25, -0.25, -0.25, -0.25, -0.25, -0.25, -0.25, -0.25, -0.25, -0.25, -0.25, -0.25, -0.25, -0.25, -0.25, -0.25, -0.25, -0.25, -0.25, -0.25, -0.25, -0.25, -0.25, -0.25, -0.25, -0.25, 
-- optimal policy --
l  L  R  <  L  ^  <  >  >  ^  <  ^  >  R  <  >  L  <  >  >  ^  <  >  R  R  L  <  v  
^  ^  ^  L  ^  ^  L  R  ^  ^  L  ^  ^  L  L  R  ^  L  R  R  ^  L  R  ^  R  ^  L  v  
v  l  v  l  <  v  v  v  l  L  ^  L  R  ^  ^  ^  r  v  r  v  r  v  >  >  >  >  >  v  
l  v  l  <  L  v  v  l  <  <  L  ^  ^  ^  ^  L  >  r  v  r  >  r  v  >  >  >  >  R  
^  l  <  L  v  v  l  <  L  v  v  v  v  l  R  ^  >  >  r  v  v  >  r  R  R  R  R  ^  
v  <  L  v  v  l  <  L  v  l  v  v  l  <  l  R  >  >  >  r  r  R  >  r  v  >  >  R  
L  <  r  v  l  <  L  v  l  <  v  l  <  L  <  l  >  >  >  >  >  r  >  >  r  v  R  ^  
L  L  v  l  <  L  v  v  <  L  l  <  L  <  r  v  v  R  R  ^  >  >  >  >  >  r  v  l  
L  <  v  l  L  v  v  l  <  l  <  L  <  r  v  l  r  v  v  R  R  ^  R  R  >  >  >  R  
^  L  l  <  L  v  l  <  L  <  L  <  r  v  r  v  >  r  v  l  >  >  r  R  R  R  ^  ^  
v  l  <  L  v  v  <  L  ^  L  r  v  v  r  v  r  v  >  r  v  R  R  >  >  >  r  v  v  
v  l  <  r  v  l  <  <  L  r  v  r  v  v  v  >  v  >  >  r  r  v  v  R  R  >  r  v  
v  <  L  v  l  <  L  r  v  v  r  v  r  v  l  v  r  R  ^  >  >  >  r  v  >  >  >  >  
L  <  v  l  <  L  v  v  r  v  v  r  v  l  <  v  v  v  v  ^  R  R  >  r  v  >  >  R  
<  <  v  v  l  <  v  v  v  r  v  v  r  v  l  r  v  v  v  v  v  v  >  >  r  >  >  R  
^  L  v  l  <  L  r  v  v  v  r  v  v  l  v  v  r  v  v  v  v  v  v  >  >  >  >  r  
l  v  l  <  L  v  v  r  v  v  v  r  v  l  r  v  v  r  v  v  v  v  v  R  ^  R  R  >  
l  l  <  L  >  r  v  v  r  v  v  v  l  v  v  r  v  v  r  v  l  v  l  <  >  r  R  ^  
L  <  L  >  >  >  r  v  >  r  v  v  v  v  v  v  r  v  v  l  v  l  <  v  R  >  >  r  
<  L  >  >  >  >  >  r  >  >  r  v  v  v  v  v  v  r  v  v  l  v  v  v  l  R  R  ^  
^  L  >  >  >  >  >  >  >  >  >  r  v  v  l  r  v  >  r  r  <  l  v  l  <  >  r  v  
r  <  R  R  R  R  ^  ^  R  R  R  >  r  v  <  >  r  <  R  r  l  <  l  <  L  R  >  r  
