arguments: 43 37 2 0.346154 -0.0517751 -0.010355 -0.591716
loading features...

Initializing gridworld of size 28 by 22..
    Num states: 616
    Num actions: 8
recovered reward
-0.59, -0.59, -0.59, -0.59, -0.59, -0.60, -0.59, -0.59, -0.60, -0.59, -0.59, -0.60, -0.59, -0.59, -0.59, -0.59, -0.59, -0.59, -0.59, -0.59, -0.59, -0.59, -0.59, -0.59, -0.59, -0.59, -0.59, -0.59, 
-0.59, -0.59, -0.59, -0.59, -0.59, -0.51, -0.42, -0.51, -0.59, -0.59, -0.59, -0.59, -0.59, -0.60, -0.59, -0.59, -0.59, -0.59, -0.51, -0.42, -0.51, -0.59, -0.59, -0.59, -0.59, -0.59, -0.59, -0.59, 
-0.59, -0.59, -0.59, -0.59, -0.60, -0.42, -0.25, -0.42, -0.59, -0.59, -0.59, -0.59, -0.59, -0.59, -0.59, -0.59, -0.59, -0.59, -0.42, -0.25, -0.43, -0.62, -0.60, -0.59, -0.59, -0.62, -0.59, -0.59, 
-0.59, -0.51, -0.42, -0.51, -0.59, -0.51, -0.42, -0.51, -0.42, -0.51, -0.59, -0.59, -0.59, -0.59, -0.59, -0.59, -0.59, -0.59, -0.51, -0.42, -0.53, -0.64, -0.62, -0.59, -0.59, -0.59, -0.59, -0.59, 
-0.59, -0.42, -0.25, -0.42, -0.59, -0.59, -0.59, -0.43, -0.27, -0.43, -0.59, -0.59, -0.59, -0.59, -0.60, -0.59, -0.59, -0.59, -0.42, -0.25, -0.43, -0.62, -0.60, -0.59, -0.62, -0.59, -0.59, -0.59, 
-0.59, -0.51, -0.42, -0.51, -0.59, -0.59, -0.59, -0.53, -0.47, -0.53, -0.59, -0.59, -0.59, -0.59, -0.59, -0.59, -0.59, -0.59, -0.51, -0.42, -0.51, -0.59, -0.59, -0.59, -0.59, -0.59, -0.59, -0.59, 
-0.59, -0.59, -0.60, -0.59, -0.59, -0.59, -0.59, -0.60, -0.62, -0.60, -0.59, -0.59, -0.61, -0.59, -0.59, -0.59, -0.59, -0.59, -0.51, -0.42, -0.51, -0.59, -0.59, -0.59, -0.59, -0.59, -0.59, -0.59, 
-0.59, -0.59, -0.59, -0.59, -0.59, -0.59, -0.59, -0.59, -0.59, -0.59, -0.59, -0.59, -0.59, -0.59, -0.59, -0.59, -0.59, -0.59, -0.59, -0.59, -0.59, -0.59, -0.62, -0.59, -0.59, -0.59, -0.59, -0.59, 
-0.59, -0.59, -0.59, -0.59, -0.59, -0.59, -0.59, -0.59, -0.59, -0.59, -0.59, -0.60, -0.62, -0.60, -0.59, -0.59, -0.59, -0.59, -0.59, -0.59, -0.59, -0.59, -0.59, -0.59, -0.59, -0.59, -0.59, -0.59, 
-0.59, -0.60, -0.59, -0.59, -0.51, -0.42, -0.51, -0.59, -0.59, -0.59, -0.59, -0.63, -0.64, -0.62, -0.59, -0.60, -0.62, -0.60, -0.59, -0.59, -0.59, -0.59, -0.59, -0.59, -0.59, -0.59, -0.59, -0.59, 
-0.59, -0.59, -0.59, -0.59, -0.42, -0.25, -0.42, -0.59, -0.59, -0.59, -0.59, -0.60, -0.62, -0.52, -0.44, -0.53, -0.64, -0.62, -0.59, -0.59, -0.59, -0.59, -0.59, -0.62, -0.59, -0.59, -0.59, -0.59, 
-0.59, -0.59, -0.59, -0.59, -0.51, -0.42, -0.51, -0.59, -0.59, -0.59, -0.59, -0.59, -0.59, -0.44, -0.30, -0.43, -0.62, -0.60, -0.60, -0.62, -0.60, -0.59, -0.59, -0.59, -0.59, -0.59, -0.59, -0.59, 
-0.59, -0.59, -0.59, -0.59, -0.59, -0.59, -0.59, -0.59, -0.59, -0.59, -0.61, -0.59, -0.59, -0.52, -0.44, -0.52, -0.59, -0.59, -0.62, -0.64, -0.62, -0.59, -0.59, -0.59, -0.59, -0.59, -0.59, -0.59, 
-0.59, -0.59, -0.59, -0.60, -0.62, -0.60, -0.59, -0.59, -0.59, -0.51, -0.42, -0.51, -0.59, -0.59, -0.60, -0.62, -0.60, -0.59, -0.60, -0.62, -0.60, -0.59, -0.59, -0.62, -0.59, -0.59, -0.59, -0.59, 
-0.59, -0.59, -0.59, -0.62, -0.64, -0.62, -0.59, -0.59, -0.59, -0.42, -0.25, -0.43, -0.62, -0.60, -0.62, -0.64, -0.62, -0.59, -0.59, -0.59, -0.59, -0.59, -0.59, -0.59, -0.59, -0.59, -0.59, -0.59, 
-0.59, -0.59, -0.59, -0.60, -0.62, -0.52, -0.44, -0.52, -0.59, -0.51, -0.42, -0.55, -0.64, -0.62, -0.60, -0.62, -0.60, -0.59, -0.59, -0.59, -0.60, -0.62, -0.60, -0.59, -0.59, -0.51, -0.42, -0.51, 
-0.59, -0.59, -0.59, -0.59, -0.59, -0.44, -0.30, -0.44, -0.59, -0.59, -0.60, -0.62, -0.60, -0.60, -0.59, -0.59, -0.59, -0.59, -0.59, -0.59, -0.62, -0.64, -0.62, -0.61, -0.59, -0.42, -0.25, -0.42, 
-0.59, -0.59, -0.59, -0.59, -0.59, -0.52, -0.44, -0.52, -0.59, -0.59, -0.62, -0.64, -0.62, -0.59, -0.59, -0.59, -0.59, -0.59, -0.59, -0.59, -0.60, -0.62, -0.60, -0.59, -0.59, -0.51, -0.42, -0.51, 
-0.59, -0.59, -0.59, -0.51, -0.42, -0.51, -0.59, -0.59, -0.59, -0.59, -0.60, -0.64, -0.60, -0.59, -0.59, -0.59, -0.59, -0.59, -0.59, -0.59, -0.59, -0.61, -0.59, -0.59, -0.59, -0.59, -0.59, -0.59, 
-0.59, -0.59, -0.59, -0.42, -0.25, -0.42, -0.59, -0.59, -0.59, -0.59, -0.59, -0.59, -0.61, -0.59, -0.59, -0.61, -0.59, -0.59, -0.61, -0.59, -0.59, -0.59, -0.59, -0.59, -0.59, -0.59, -0.59, -0.59, 
-0.59, -0.59, -0.59, -0.51, -0.42, -0.51, -0.59, -0.59, -0.59, -0.59, -0.59, -0.59, -0.59, -0.59, -0.59, -0.59, -0.59, -0.59, -0.59, -0.59, -0.59, -0.59, -0.59, -0.59, -0.59, -0.59, -0.59, -0.59, 
-0.59, -0.59, -0.59, -0.59, -0.59, -0.59, -0.59, -0.59, -0.59, -0.59, -0.59, -0.59, -0.59, -0.59, -0.59, -0.59, -0.59, -0.59, -0.59, -0.59, -0.59, -0.59, -0.59, -0.59, -0.59, -0.59, -0.59, -0.59, 
-- optimal policy --
r  v  >  r  r  r  v  l  l  l  l  l  l  l  r  >  r  r  r  v  l  l  l  l  l  l  l  l  
r  v  l  >  r  r  v  l  l  l  l  l  l  l  r  r  >  r  r  v  l  l  <  <  <  <  <  <  
r  r  v  l  >  >  v  <  <  l  l  l  l  l  r  r  r  >  >  v  <  <  L  L  <  l  l  l  
r  r  v  l  R  R  ^  L  L  l  l  l  l  l  >  r  >  r  r  v  l  l  l  l  l  <  <  <  
>  >  v  <  <  R  ^  L  ^  <  <  <  <  l  r  >  r  >  >  v  <  <  l  l  l  l  l  l  
R  R  ^  L  L  ^  R  R  ^  L  L  <  L  <  >  r  >  R  R  ^  L  L  <  <  l  l  <  <  
R  R  ^  L  L  L  R  R  ^  L  L  L  L  L  r  >  R  R  R  ^  L  L  L  <  <  l  l  l  
R  ^  R  ^  L  v  v  l  l  ^  L  L  L  <  >  R  R  R  R  ^  L  L  L  L  L  <  <  <  
R  R  r  r  r  v  l  l  l  l  ^  L  L  r  v  R  R  R  R  ^  L  L  L  L  L  L  <  v  
R  r  r  r  r  v  l  l  l  <  v  r  r  r  v  l  l  ^  R  ^  L  L  L  L  L  L  v  l  
r  r  r  >  >  v  <  <  l  r  r  r  r  r  v  l  l  l  ^  ^  ^  L  ^  L  L  v  v  v  
>  r  >  R  R  ^  L  L  r  v  r  v  l  l  <  <  <  l  l  ^  r  r  r  v  r  v  v  v  
R  >  R  R  R  ^  L  L  r  r  v  l  l  l  ^  L  L  <  l  l  >  r  r  r  v  r  v  v  
R  R  R  R  ^  L  ^  >  r  r  v  l  l  <  L  L  L  L  <  l  r  >  r  r  r  v  r  v  
r  R  R  r  r  r  v  l  >  >  v  <  <  L  L  L  L  L  L  <  >  >  >  r  r  r  v  l  
r  r  v  r  r  r  v  l  R  R  ^  L  L  L  L  <  L  L  L  L  R  R  >  >  r  r  v  l  
r  r  r  v  r  >  l  <  R  R  ^  L  L  L  L  L  <  ^  L  R  r  r  r  r  >  >  v  <  
>  r  r  r  v  l  l  L  L  ^  L  L  L  L  L  L  L  <  r  r  r  r  r  >  R  R  ^  L  
r  >  r  r  v  l  l  L  L  L  L  L  ^  L  L  L  L  L  >  r  r  r  >  R  R  R  ^  L  
>  r  >  >  v  <  <  <  L  L  L  L  R  ^  L  L  L  L  r  >  r  >  R  R  R  ^  ^  L  
r  >  R  R  ^  L  L  <  L  L  L  L  L  ^  L  L  L  L  >  r  >  R  R  R  ^  ^  R  ^  
>  R  R  R  ^  L  L  L  <  <  L  L  L  L  ^  L  L  L  >  >  R  R  R  ^  ^  R  ^  ^  
Correct actions (%) : 21.21
Avg angular diffs   : 77.05
