arguments: 43 40 3 0.359694 0.0752551 0.0548469 -0.510204
loading features...

Initializing gridworld of size 28 by 22..
    Num states: 616
    Num actions: 8
recovered reward
-0.51, -0.51, -0.51, -0.51, -0.51, -0.51, -0.51, -0.51, -0.49, -0.32, -0.49, -0.51, -0.51, -0.35, -0.51, -0.51, -0.51, -0.35, -0.51, -0.51, -0.34, -0.51, -0.33, -0.51, -0.51, -0.33, -0.51, -0.51, 
-0.37, -0.51, -0.51, -0.37, -0.51, -0.51, -0.36, -0.51, -0.47, -0.43, -0.47, -0.51, -0.51, -0.51, -0.51, -0.51, -0.42, -0.33, -0.42, -0.51, -0.51, -0.51, -0.51, -0.51, -0.51, -0.51, -0.51, -0.51, 
-0.51, -0.51, -0.51, -0.51, -0.49, -0.47, -0.49, -0.51, -0.49, -0.47, -0.49, -0.51, -0.51, -0.42, -0.33, -0.42, -0.31, -0.11, -0.31, -0.51, -0.51, -0.51, -0.51, -0.42, -0.33, -0.42, -0.51, -0.51, 
-0.38, -0.51, -0.51, -0.51, -0.47, -0.43, -0.47, -0.51, -0.51, -0.51, -0.51, -0.51, -0.51, -0.33, -0.15, -0.33, -0.38, -0.26, -0.38, -0.51, -0.51, -0.51, -0.51, -0.33, -0.15, -0.33, -0.51, -0.51, 
-0.49, -0.47, -0.49, -0.51, -0.49, -0.47, -0.49, -0.51, -0.51, -0.51, -0.51, -0.51, -0.51, -0.40, -0.29, -0.40, -0.49, -0.47, -0.49, -0.51, -0.51, -0.51, -0.51, -0.42, -0.33, -0.42, -0.38, -0.51, 
-0.47, -0.43, -0.47, -0.51, -0.51, -0.51, -0.51, -0.51, -0.51, -0.51, -0.51, -0.51, -0.51, -0.47, -0.43, -0.47, -0.51, -0.51, -0.51, -0.51, -0.51, -0.51, -0.51, -0.49, -0.47, -0.49, -0.51, -0.51, 
-0.49, -0.47, -0.49, -0.51, -0.51, -0.51, -0.51, -0.51, -0.51, -0.51, -0.51, -0.51, -0.51, -0.49, -0.47, -0.49, -0.51, -0.51, -0.51, -0.51, -0.51, -0.51, -0.51, -0.47, -0.43, -0.47, -0.51, -0.51, 
-0.51, -0.51, -0.51, -0.51, -0.51, -0.51, -0.51, -0.49, -0.47, -0.49, -0.51, -0.51, -0.51, -0.42, -0.33, -0.42, -0.51, -0.51, -0.51, -0.51, -0.51, -0.51, -0.51, -0.49, -0.47, -0.49, -0.39, -0.51, 
-0.51, -0.51, -0.51, -0.51, -0.51, -0.51, -0.51, -0.47, -0.43, -0.47, -0.51, -0.51, -0.51, -0.33, -0.15, -0.33, -0.51, -0.51, -0.51, -0.42, -0.33, -0.42, -0.33, -0.42, -0.51, -0.51, -0.51, -0.51, 
-0.51, -0.51, -0.51, -0.51, -0.51, -0.51, -0.51, -0.49, -0.47, -0.49, -0.42, -0.51, -0.51, -0.42, -0.25, -0.42, -0.51, -0.43, -0.51, -0.33, -0.08, -0.31, -0.11, -0.25, -0.42, -0.33, -0.42, -0.51, 
-0.51, -0.51, -0.51, -0.51, -0.51, -0.51, -0.51, -0.51, -0.51, -0.51, -0.51, -0.51, -0.51, -0.51, -0.51, -0.51, -0.51, -0.51, -0.51, -0.42, -0.33, -0.38, -0.26, -0.38, -0.33, -0.15, -0.22, -0.51, 
-0.51, -0.51, -0.51, -0.51, -0.51, -0.51, -0.51, -0.42, -0.51, -0.51, -0.51, -0.51, -0.51, -0.51, -0.51, -0.49, -0.47, -0.49, -0.51, -0.51, -0.51, -0.49, -0.47, -0.49, -0.42, -0.33, -0.42, -0.51, 
-0.51, -0.51, -0.49, -0.47, -0.49, -0.51, -0.51, -0.51, -0.42, -0.33, -0.42, -0.51, -0.51, -0.51, -0.51, -0.47, -0.43, -0.47, -0.51, -0.42, -0.42, -0.33, -0.42, -0.51, -0.51, -0.51, -0.51, -0.51, 
-0.40, -0.51, -0.47, -0.33, -0.47, -0.51, -0.41, -0.51, -0.33, -0.15, -0.33, -0.51, -0.51, -0.51, -0.51, -0.49, -0.47, -0.49, -0.51, -0.33, -0.33, -0.15, -0.33, -0.51, -0.51, -0.51, -0.46, -0.51, 
-0.51, -0.51, -0.49, -0.47, -0.49, -0.51, -0.51, -0.51, -0.42, -0.33, -0.42, -0.51, -0.51, -0.51, -0.51, -0.51, -0.51, -0.51, -0.51, -0.42, -0.42, -0.33, -0.42, -0.51, -0.51, -0.51, -0.51, -0.51, 
-0.51, -0.51, -0.51, -0.49, -0.47, -0.49, -0.51, -0.51, -0.51, -0.51, -0.51, -0.51, -0.51, -0.51, -0.51, -0.51, -0.51, -0.51, -0.51, -0.51, -0.51, -0.51, -0.51, -0.49, -0.47, -0.49, -0.51, -0.51, 
-0.51, -0.51, -0.51, -0.47, -0.43, -0.47, -0.51, -0.51, -0.51, -0.51, -0.51, -0.51, -0.51, -0.51, -0.51, -0.51, -0.51, -0.51, -0.51, -0.51, -0.51, -0.51, -0.51, -0.47, -0.43, -0.47, -0.46, -0.51, 
-0.51, -0.51, -0.51, -0.49, -0.47, -0.49, -0.51, -0.42, -0.33, -0.42, -0.51, -0.51, -0.42, -0.33, -0.42, -0.51, -0.51, -0.51, -0.51, -0.51, -0.51, -0.51, -0.51, -0.49, -0.47, -0.49, -0.51, -0.51, 
-0.51, -0.51, -0.51, -0.51, -0.51, -0.51, -0.51, -0.33, -0.15, -0.33, -0.51, -0.51, -0.33, -0.15, -0.33, -0.51, -0.51, -0.51, -0.51, -0.51, -0.51, -0.51, -0.51, -0.51, -0.47, -0.51, -0.51, -0.51, 
-0.51, -0.51, -0.50, -0.51, -0.51, -0.50, -0.51, -0.42, -0.31, -0.42, -0.51, -0.49, -0.42, -0.33, -0.39, -0.51, -0.51, -0.48, -0.51, -0.51, -0.47, -0.51, -0.51, -0.51, -0.51, -0.51, -0.51, -0.51, 
-0.51, -0.51, -0.51, -0.51, -0.51, -0.51, -0.51, -0.51, -0.51, -0.51, -0.51, -0.51, -0.51, -0.51, -0.51, -0.51, -0.51, -0.51, -0.51, -0.51, -0.51, -0.51, -0.51, -0.51, -0.51, -0.51, -0.51, -0.51, 
-0.51, -0.51, -0.51, -0.51, -0.51, -0.51, -0.51, -0.51, -0.51, -0.51, -0.51, -0.51, -0.51, -0.51, -0.51, -0.51, -0.51, -0.51, -0.51, -0.51, -0.51, -0.51, -0.51, -0.51, -0.51, -0.51, -0.51, -0.51, 
-- optimal policy --
r  >  r  r  >  r  >  r  >  r  r  r  r  r  r  r  r  v  l  l  l  <  l  <  v  v  l  l  
r  r  >  r  r  >  r  >  R  >  >  r  r  r  r  r  r  v  l  l  l  L  <  r  v  l  l  l  
r  >  R  r  >  R  >  R  R  R  r  >  r  r  v  >  >  v  <  <  l  l  L  r  v  l  l  l  
>  R  r  >  R  >  R  R  R  R  >  r  >  >  >  R  R  ^  L  L  <  <  >  >  v  <  <  l  
r  r  >  R  R  R  R  R  R  r  r  >  R  R  ^  R  R  ^  L  L  L  <  r  r  v  l  l  l  
>  r  R  R  R  R  r  r  r  r  >  R  R  R  ^  L  R  ^  L  L  L  r  r  r  v  l  l  l  
R  >  r  R  >  r  r  r  r  >  R  R  r  r  v  l  l  r  r  v  r  v  r  v  l  l  l  l  
r  R  r  r  r  r  r  r  r  R  R  r  r  r  v  l  l  r  r  r  v  r  v  l  l  l  l  l  
r  r  r  r  r  r  >  >  >  r  r  r  >  >  v  <  <  r  r  r  v  r  v  l  l  v  l  l  
r  r  r  r  r  r  v  R  R  >  r  >  R  R  ^  L  L  r  >  >  >  >  >  <  <  v  l  l  
r  r  r  r  r  >  r  v  l  R  >  R  R  R  ^  L  L  >  R  R  ^  R  ^  L  L  >  <  <  
r  r  r  r  r  r  >  r  r  v  R  R  R  ^  ^  ^  L  R  R  R  ^  R  ^  L  R  ^  L  L  
r  r  r  v  r  r  R  r  r  v  l  R  ^  ^  R  >  R  R  R  ^  R  R  ^  R  R  ^  L  L  
r  >  >  r  r  >  r  >  >  v  <  <  ^  R  R  R  R  R  >  >  >  ^  <  R  ^  L  L  L  
>  R  R  r  r  r  >  R  R  ^  L  L  <  R  R  R  R  >  R  R  R  ^  L  L  R  R  ^  L  
R  R  r  r  r  r  r  R  R  ^  L  L  L  R  R  R  >  R  R  R  R  ^  L  L  L  ^  L  ^  
R  r  >  >  >  r  r  r  v  l  l  r  r  v  l  l  R  R  R  R  ^  R  ^  L  L  L  L  L  
r  >  R  R  R  >  r  r  v  l  l  r  r  v  l  l  R  R  R  ^  R  ^  R  ^  L  L  L  L  
>  R  R  R  R  r  >  >  v  <  <  >  >  v  <  <  R  R  R  R  R  R  R  R  ^  L  L  L  
R  R  R  R  >  >  R  R  ^  L  L  R  R  ^  L  L  <  ^  L  R  R  R  R  R  ^  L  L  L  
R  R  R  >  R  R  R  R  ^  L  L  R  R  ^  L  L  L  <  L  R  ^  L  R  ^  R  ^  L  L  
R  R  >  R  R  R  R  ^  R  ^  L  L  R  ^  ^  L  L  L  <  ^  ^  R  R  ^  ^  ^  ^  L  
Correct actions (%) : 16.44
Avg angular diffs   : 94.93
