arguments: 43 39 3 0.00496278 0.00682382 -0.740074 -0.248139
loading features...

Initializing gridworld of size 28 by 22..
    Num states: 616
    Num actions: 8
recovered reward
-0.25, -0.25, -0.25, -0.25, -0.25, -0.25, -0.25, -0.25, -0.25, -0.25, -0.25, -0.25, -0.25, -0.25, -0.25, -0.24, -0.25, -0.25, -0.25, -0.25, -0.25, -0.25, -0.25, -0.25, -0.25, -0.25, -0.25, -0.25, 
-0.25, -0.25, -0.25, -0.25, -0.25, -0.25, -0.25, -0.25, -0.25, -0.25, -0.25, -0.25, -0.25, -0.25, -0.25, -0.25, -0.25, -0.25, -0.25, -0.25, -0.25, -0.25, -0.25, -0.25, -0.25, -0.25, -0.25, -0.25, 
-0.25, -0.25, -0.25, -0.25, -0.25, -0.25, -0.24, -0.25, -0.25, -0.25, -0.25, -0.25, -0.25, -0.25, -0.25, -0.25, -0.25, -0.25, -0.25, -0.25, -0.25, -0.25, -0.24, -0.25, -0.25, -0.25, -1.88, -0.25, 
-0.25, -0.25, -0.25, -0.25, -0.25, -0.25, -0.25, -0.25, -0.25, -0.76, -0.25, -0.25, -0.84, -0.25, -0.25, -0.25, -0.25, -0.25, -0.25, -0.25, -0.25, -0.25, -0.25, -0.25, -0.25, -0.25, -0.25, -0.25, 
-0.25, -0.25, -0.24, -0.25, -0.25, -0.25, -0.25, -0.25, -0.25, -0.25, -0.25, -0.24, -0.25, -0.25, -0.25, -0.25, -0.25, -0.25, -0.25, -0.25, -0.25, -0.25, -0.25, -0.25, -0.25, -0.25, -0.25, -0.25, 
-0.25, -0.25, -0.25, -0.25, -0.25, -0.24, -0.25, -0.69, -0.25, -0.25, -0.25, -0.25, -0.25, -0.25, -0.25, -0.25, -0.25, -0.25, -0.25, -0.25, -0.25, -0.25, -0.25, -0.25, -0.25, -0.24, -1.80, -0.25, 
-0.25, -0.25, -0.25, -0.25, -0.25, -0.25, -0.25, -0.25, -0.25, -0.25, -0.25, -0.25, -0.25, -0.91, -0.25, -0.25, -0.25, -0.25, -0.25, -0.25, -0.25, -0.25, -0.25, -0.25, -0.25, -0.25, -0.25, -0.25, 
-0.25, -0.25, -0.25, -0.25, -0.25, -0.25, -0.25, -0.25, -0.25, -0.25, -0.25, -0.25, -0.25, -0.25, -0.25, -0.25, -0.25, -0.25, -0.25, -0.25, -0.25, -0.25, -0.25, -0.25, -0.25, -0.25, -0.25, -0.25, 
-0.25, -0.25, -0.25, -0.25, -0.25, -0.25, -0.25, -0.62, -0.25, -0.25, -0.25, -0.25, -0.25, -0.25, -0.99, -0.25, -0.25, -0.25, -0.25, -0.25, -0.25, -0.25, -0.25, -0.25, -0.25, -1.73, -0.25, -0.25, 
-0.25, -0.25, -0.25, -0.25, -0.25, -0.25, -0.25, -0.25, -0.25, -0.25, -0.25, -0.25, -0.25, -0.25, -0.25, -0.25, -0.25, -0.25, -0.25, -0.25, -0.25, -0.25, -0.25, -0.25, -0.25, -0.25, -0.25, -0.25, 
-0.25, -0.25, -0.24, -0.25, -0.25, -0.54, -0.25, -0.25, -0.25, -0.25, -0.24, -0.25, -0.25, -0.25, -0.25, -0.25, -1.06, -0.25, -0.25, -0.25, -0.25, -0.25, -0.25, -0.25, -0.25, -0.25, -0.25, -0.25, 
-0.25, -0.25, -0.25, -0.25, -0.25, -0.24, -0.24, -0.24, -0.25, -0.24, -0.24, -0.24, -0.25, -0.25, -0.25, -0.25, -0.25, -0.25, -0.25, -0.25, -0.25, -0.25, -0.25, -0.25, -1.65, -0.25, -0.25, -0.25, 
-0.25, -0.25, -0.25, -0.25, -0.25, -0.25, -0.25, -0.25, -0.25, -0.25, -0.24, -0.25, -0.25, -0.25, -0.25, -0.25, -0.25, -0.25, -0.25, -0.25, -0.24, -0.25, -0.25, -0.25, -0.25, -0.25, -0.25, -0.25, 
-0.25, -0.25, -0.25, -0.25, -0.47, -0.25, -0.25, -0.25, -0.25, -0.25, -0.25, -0.25, -0.24, -0.25, -0.25, -0.25, -0.24, -1.13, -0.25, -0.25, -0.25, -0.25, -0.25, -0.25, -0.25, -0.25, -0.25, -0.25, 
-0.25, -0.25, -0.25, -0.25, -0.25, -0.25, -0.25, -0.25, -0.25, -0.25, -0.25, -0.25, -0.25, -0.25, -0.25, -0.25, -0.25, -0.25, -0.25, -0.24, -0.25, -0.25, -1.58, -0.25, -0.25, -0.25, -0.25, -0.25, 
-0.25, -0.25, -0.25, -0.25, -0.25, -0.25, -0.25, -0.25, -0.24, -0.24, -0.24, -0.25, -0.25, -0.25, -0.25, -0.25, -0.25, -0.25, -0.25, -0.25, -0.25, -0.25, -0.25, -0.25, -0.25, -0.25, -0.25, -0.25, 
-0.25, -0.25, -0.40, -0.25, -0.25, -0.25, -0.25, -0.25, -0.25, -0.25, -0.24, -0.25, -0.25, -0.25, -0.25, -0.25, -0.25, -1.21, -0.25, -0.25, -0.25, -0.25, -0.25, -0.25, -0.25, -0.25, -0.25, -0.25, 
-0.25, -0.25, -0.25, -0.25, -0.25, -0.25, -0.25, -0.25, -0.25, -0.25, -0.25, -0.25, -0.25, -0.25, -0.25, -0.25, -0.25, -0.25, -0.25, -0.25, -0.25, -0.25, -0.25, -1.51, -0.25, -0.25, -0.25, -0.25, 
-0.25, -0.25, -0.25, -0.25, -0.25, -0.25, -0.25, -0.25, -0.25, -0.25, -0.24, -0.25, -0.25, -0.25, -0.25, -0.25, -0.25, -0.25, -0.25, -0.25, -0.25, -0.25, -0.25, -0.25, -0.25, -0.25, -0.25, -0.25, 
-0.32, -0.25, -0.25, -0.25, -0.25, -0.25, -0.25, -0.25, -0.25, -0.25, -0.25, -0.25, -0.25, -0.25, -0.25, -0.25, -1.28, -0.25, -0.25, -0.25, -1.43, -0.25, -0.25, -0.25, -0.25, -0.25, -0.25, -0.25, 
-0.25, -0.25, -0.25, -0.25, -0.25, -0.25, -0.25, -0.25, -0.25, -0.25, -0.25, -0.25, -0.25, -0.25, -0.25, -0.25, -0.25, -0.25, -0.25, -1.36, -0.25, -0.25, -0.25, -0.25, -0.25, -0.25, -0.25, -0.25, 
-0.25, -0.25, -0.25, -0.25, -0.25, -0.25, -0.25, -0.25, -0.25, -0.25, -0.25, -0.25, -0.25, -0.25, -0.25, -0.25, -0.25, -0.25, -0.25, -0.25, -0.25, -0.25, -0.25, -0.25, -0.25, -0.25, -0.25, -0.25, 
-- optimal policy --
r  v  >  r  r  r  v  l  l  l  r  >  r  >  >  ^  <  <  <  <  r  r  v  l  l  l  l  l  
r  v  l  >  r  r  v  l  l  r  >  r  >  R  R  ^  L  L  <  L  r  r  v  l  l  l  l  v  
r  r  v  l  >  >  v  <  <  r  r  >  R  R  R  ^  L  L  L  <  >  >  >  <  <  <  v  l  
r  r  v  l  r  v  l  L  L  r  r  R  R  R  ^  ^  ^  L  L  L  R  R  ^  L  L  v  l  l  
>  >  >  r  r  v  l  l  >  >  >  >  R  ^  ^  ^  R  ^  L  L  R  R  ^  L  r  v  l  <  
R  R  ^  >  >  r  <  l  r  v  R  ^  L  L  v  l  l  R  ^  L  L  ^  L  >  >  v  <  l  
r  r  r  r  v  v  r  v  r  v  v  v  v  l  l  l  l  l  v  l  L  L  >  R  R  ^  L  <  
r  r  v  r  r  v  v  r  r  r  v  v  l  l  l  <  l  l  l  l  l  >  R  R  R  ^  L  L  
r  r  r  v  r  r  v  v  r  r  v  l  l  l  l  l  v  l  l  l  v  l  R  R  R  ^  L  L  
r  r  v  r  v  r  r  v  l  r  v  l  l  l  l  l  l  <  l  v  r  v  l  l  l  L  R  ^  
>  >  >  r  r  v  r  v  l  r  v  l  l  l  l  l  <  l  r  r  v  l  l  l  l  <  ^  ^  
R  R  ^  >  >  >  >  <  <  >  v  <  <  l  l  l  L  l  l  r  v  l  l  l  l  l  l  ^  
R  R  R  R  R  ^  R  ^  L  R  ^  L  L  l  l  l  v  l  r  >  l  <  <  <  l  l  l  l  
R  R  R  R  R  ^  R  ^  L  R  ^  L  L  <  <  <  <  <  r  v  l  L  L  <  <  <  <  <  
R  R  R  ^  R  R  R  ^  R  ^  R  R  ^  L  L  <  ^  L  >  ^  <  L  L  L  L  <  L  l  
R  R  ^  R  R  R  >  >  >  >  R  R  ^  L  L  L  L  L  R  ^  L  L  L  <  L  L  <  <  
R  ^  R  ^  R  >  R  R  ^  R  ^  L  L  L  L  L  L  R  R  ^  L  L  L  L  L  L  L  L  
R  ^  R  R  >  R  R  R  R  R  ^  L  L  L  L  L  L  L  R  ^  ^  L  L  L  L  L  L  L  
R  R  R  >  R  R  R  R  R  ^  L  L  L  L  L  ^  L  L  L  ^  L  ^  L  L  <  L  L  L  
R  R  >  R  R  R  R  R  R  R  ^  L  L  L  L  L  ^  L  L  L  ^  L  ^  L  L  <  L  L  
R  >  R  R  R  R  R  R  R  R  ^  L  L  L  L  L  L  ^  L  L  L  ^  L  L  L  L  <  L  
>  R  R  R  R  R  R  R  R  ^  L  L  L  L  L  L  L  L  ^  L  <  L  L  ^  L  L  L  L  
Total actions tested : 32
Correct actions (%) : 12.50
Avg angular diffs   : 82.97
