arguments: 43 26 1 -0.175816 0.613501 -0.0623145 -0.148368
loading features...

Initializing gridworld of size 28 by 22..
    Num states: 616
    Num actions: 8
recovered reward
-0.15, -0.15, -0.15, -0.15, -0.15, -0.15, -0.29, -0.15, -0.24, -0.47, -0.24, -0.15, -0.15, -0.30, -0.15, -0.15, -0.19, -0.39, -0.19, -0.15, -0.31, -0.15, -0.32, -0.15, -0.15, -0.32, -0.15, -0.15, 
-0.15, -0.15, -0.15, -0.28, -0.15, -0.15, -0.15, -0.15, -0.19, -0.24, -0.19, -0.15, -0.15, -0.15, -0.15, -0.15, -0.24, -0.32, -0.24, -0.04, 0.16, 0.01, -0.15, -0.15, -0.15, -0.15, -0.15, -0.15, 
-0.15, -0.27, -0.15, -0.15, -0.15, -0.15, -0.15, -0.15, -0.15, -0.15, -0.15, -0.15, -0.15, -0.15, 0.01, 0.16, -0.04, -0.24, -0.04, 0.07, 0.01, 0.16, -0.15, -0.15, -0.15, -0.15, -0.15, -0.15, 
-0.27, -0.15, -0.15, -0.15, -0.15, -0.15, -0.15, -0.15, -0.15, -0.15, -0.15, -0.15, -0.15, -0.15, 0.16, 0.47, 0.16, -0.19, 0.07, 0.42, 0.16, 0.01, -0.15, -0.15, -0.15, -0.15, -0.15, -0.15, 
-0.15, -0.15, -0.15, -0.15, -0.15, -0.15, -0.15, -0.15, -0.15, -0.15, -0.15, -0.15, -0.15, -0.15, 0.01, 0.16, 0.01, -0.19, -0.08, 0.11, 0.01, -0.15, 0.01, 0.16, 0.01, -0.15, -0.15, -0.15, 
-0.15, -0.15, -0.15, -0.15, -0.15, -0.15, -0.15, -0.15, -0.15, -0.15, -0.15, -0.15, -0.15, -0.15, -0.15, -0.15, -0.15, -0.24, -0.32, -0.24, -0.19, -0.24, 0.11, 0.47, 0.16, -0.15, -0.15, -0.15, 
-0.26, -0.15, -0.15, -0.15, -0.15, -0.15, -0.15, -0.15, -0.15, -0.15, -0.15, -0.15, -0.15, -0.15, -0.15, -0.15, -0.15, -0.19, -0.24, -0.19, -0.24, -0.32, -0.08, 0.16, 0.01, -0.15, -0.15, -0.15, 
-0.15, -0.15, -0.25, -0.15, -0.15, -0.25, -0.15, -0.15, -0.15, -0.15, -0.15, -0.15, -0.15, 0.01, 0.16, 0.01, -0.15, -0.15, -0.15, -0.15, -0.19, -0.24, -0.19, -0.15, -0.15, -0.15, -0.15, -0.15, 
-0.15, -0.15, -0.15, -0.15, -0.15, -0.15, -0.15, -0.15, -0.15, -0.15, -0.15, -0.15, -0.15, 0.16, 0.47, 0.16, -0.15, -0.15, -0.15, -0.15, -0.15, -0.15, -0.15, -0.15, -0.15, -0.15, -0.15, -0.15, 
-0.15, -0.15, -0.15, -0.15, -0.15, -0.15, -0.15, -0.15, -0.15, -0.24, -0.15, -0.15, -0.24, 0.01, 0.16, -0.08, -0.15, -0.15, -0.22, -0.15, -0.15, -0.15, -0.15, -0.15, -0.15, -0.15, -0.15, -0.15, 
-0.15, -0.15, -0.15, -0.15, -0.15, 0.01, 0.16, 0.01, -0.15, -0.15, -0.15, -0.15, -0.15, -0.15, -0.15, -0.15, -0.15, -0.15, -0.15, -0.15, -0.15, -0.22, -0.15, -0.15, -0.15, -0.15, -0.15, -0.15, 
-0.15, -0.15, -0.19, -0.24, -0.19, 0.16, 0.47, 0.16, -0.15, -0.15, -0.19, -0.24, -0.19, -0.15, -0.15, -0.19, -0.24, -0.19, -0.15, -0.15, -0.15, -0.15, -0.15, -0.15, -0.25, -0.24, -0.19, -0.15, 
-0.15, -0.15, -0.24, -0.32, -0.24, 0.01, 0.16, 0.01, -0.15, -0.15, -0.24, -0.32, -0.24, -0.19, -0.24, -0.24, -0.32, -0.24, -0.15, -0.15, -0.15, -0.15, -0.15, -0.15, -0.24, -0.32, -0.24, -0.15, 
-0.15, -0.15, -0.19, -0.24, -0.19, -0.15, -0.15, -0.15, -0.15, -0.15, -0.19, -0.24, -0.19, -0.24, -0.32, -0.19, -0.24, -0.19, -0.15, -0.15, -0.15, -0.15, -0.15, -0.15, -0.19, -0.24, -0.19, -0.15, 
-0.15, -0.15, -0.15, -0.19, -0.24, -0.19, -0.15, -0.15, -0.15, -0.15, -0.15, -0.15, -0.15, -0.19, -0.24, -0.19, -0.19, -0.24, -0.19, -0.15, 0.01, 0.16, 0.01, -0.15, -0.20, -0.15, -0.15, -0.15, 
-0.15, -0.15, -0.15, -0.24, -0.32, -0.24, -0.15, -0.15, -0.15, -0.15, -0.15, -0.15, -0.15, 0.01, 0.16, 0.01, -0.08, -0.02, -0.08, -0.15, 0.16, 0.47, 0.16, 0.16, 0.01, -0.15, -0.15, -0.15, 
-0.15, -0.15, -0.15, -0.19, -0.24, -0.19, -0.15, -0.15, -0.15, -0.15, 0.01, 0.16, 0.01, 0.16, 0.47, 0.16, 0.11, 0.38, 0.11, -0.15, 0.01, 0.16, 0.01, 0.42, 0.16, -0.15, -0.15, -0.15, 
-0.15, -0.15, -0.15, -0.15, -0.15, -0.15, -0.15, -0.15, -0.15, -0.15, 0.16, 0.47, 0.16, 0.01, 0.16, 0.01, 0.01, 0.16, 0.01, -0.15, -0.15, -0.19, 0.01, 0.16, 0.01, -0.15, -0.15, -0.15, 
-0.15, -0.15, -0.15, -0.15, -0.15, -0.15, -0.15, -0.15, -0.15, -0.17, 0.01, 0.16, -0.02, -0.15, -0.15, -0.18, -0.15, -0.15, -0.19, -0.15, -0.15, -0.15, -0.15, -0.15, -0.15, -0.15, -0.15, -0.15, 
-0.15, -0.15, -0.15, -0.15, -0.15, -0.16, -0.15, -0.15, -0.15, -0.15, -0.15, -0.15, -0.15, -0.15, -0.15, -0.15, -0.15, -0.15, -0.15, -0.15, -0.15, -0.15, -0.15, -0.15, -0.15, -0.15, -0.15, -0.15, 
-0.15, -0.15, -0.15, -0.15, -0.15, -0.15, -0.15, -0.15, -0.15, -0.15, -0.15, -0.15, -0.15, -0.15, -0.15, -0.15, -0.15, -0.15, -0.15, -0.15, -0.15, -0.15, -0.15, -0.15, -0.15, -0.15, -0.15, -0.15, 
-0.15, -0.15, -0.15, -0.15, -0.15, -0.15, -0.15, -0.15, -0.15, -0.15, -0.15, -0.15, -0.15, -0.15, -0.15, -0.15, -0.15, -0.15, -0.15, -0.15, -0.15, -0.15, -0.15, -0.15, -0.15, -0.15, -0.15, -0.15, 
-- optimal policy --
r  r  v  l  r  r  r  v  l  r  r  r  r  r  v  v  l  >  r  r  v  l  l  l  l  r  v  l  
v  l  v  l  v  r  r  r  r  r  r  r  r  r  r  v  l  l  r  >  r  v  l  <  v  v  l  l  
r  v  r  v  v  v  r  r  r  r  >  r  r  r  r  v  l  l  r  v  l  l  <  v  v  l  l  l  
r  v  v  v  v  l  r  r  r  r  >  r  >  >  >  <  <  <  >  >  <  <  r  v  l  l  l  <  
r  r  v  l  v  l  r  >  r  r  r  >  R  R  R  ^  L  L  R  ^  L  L  r  v  l  l  <  L  
r  r  v  l  l  v  v  r  v  r  r  r  R  R  R  ^  L  L  R  ^  L  >  >  ^  <  <  <  <  
r  v  r  r  v  l  v  v  l  >  r  r  r  r  v  l  l  L  l  R  ^  R  R  ^  L  L  <  <  
>  r  r  r  r  v  v  v  l  l  >  >  r  r  v  l  l  <  l  l  r  R  R  ^  L  L  L  L  
>  >  r  r  r  r  v  l  l  l  R  >  >  >  >  <  <  <  <  <  >  R  R  ^  L  L  L  L  
>  R  >  r  r  r  v  l  l  l  l  R  R  R  ^  L  L  <  L  L  R  R  ^  L  R  ^  L  L  
R  >  R  >  r  r  v  l  l  l  l  >  R  R  ^  L  L  L  L  r  v  v  R  ^  ^  L  ^  L  
>  R  R  R  >  >  >  <  <  <  L  R  R  ^  L  L  L  L  L  v  r  v  v  v  l  ^  L  ^  
R  ^  L  R  R  R  ^  L  L  L  L  R  R  ^  L  L  L  r  r  r  v  l  l  l  l  l  r  v  
R  ^  L  l  R  R  ^  L  L  L  r  r  v  l  l  v  l  >  r  r  r  v  l  l  l  v  l  l  
^  ^  L  <  R  ^  ^  ^  L  r  r  v  r  r  v  l  l  v  l  r  r  v  l  l  l  l  l  <  
^  ^  ^  L  R  R  ^  >  r  r  r  v  l  r  v  l  r  v  l  >  >  >  <  v  l  l  <  L  
^  >  r  r  r  R  >  r  >  r  r  v  l  >  <  <  >  v  <  R  R  ^  L  L  <  <  L  <  
r  >  r  >  r  >  >  >  R  >  >  v  <  R  ^  L  R  ^  L  L  R  ^  R  ^  L  L  L  L  
>  >  >  r  >  >  R  R  R  R  R  ^  L  L  ^  L  R  ^  L  L  ^  R  R  ^  L  L  L  <  
R  R  R  >  R  R  R  R  R  R  R  ^  L  L  L  L  ^  L  L  ^  R  R  R  ^  L  L  L  L  
>  >  >  R  r  >  R  R  R  R  ^  R  ^  L  L  L  L  ^  L  L  R  ^  R  R  ^  L  L  L  
>  >  >  R  >  R  R  R  R  ^  R  R  ^  L  L  L  L  L  ^  R  ^  R  ^  ^  ^  ^  L  L  
Correct actions (%) : 9.72
Avg angular diffs   : 81.88
