arguments: 43 36 2 -0.177515 0.611686 -0.0628698 -0.147929

Initializing gridworld of size 28 by 22..
    Num states: 616
    Num actions: 8
recovered reward
-0.15, -0.15, -0.15, -0.15, -0.15, -0.15, -0.15, -0.15, -0.15, -0.15, -0.15, -0.15, -0.15, -0.15, -0.15, -0.15, -0.15, -0.15, -0.15, -0.15, -0.15, -0.15, -0.15, -0.15, -0.15, -0.15, -0.15, -0.15, 
-0.15, -0.15, -0.15, -0.15, -0.15, -0.15, -0.15, -0.15, -0.15, -0.15, -0.15, -0.15, -0.15, -0.15, -0.15, -0.15, -0.15, -0.15, -0.15, -0.15, -0.15, -0.15, -0.15, -0.15, -0.15, -0.15, -0.15, -0.15, 
-0.15, -0.15, -0.15, -0.15, -0.15, -0.15, -0.15, -0.15, -0.15, -0.15, -0.15, -0.15, -0.15, -0.15, -0.15, -0.15, -0.15, -0.15, -0.15, -0.15, -0.15, -0.15, -0.15, -0.15, -0.15, -0.15, -0.15, -0.15, 
-0.15, -0.15, -0.15, -0.15, -0.15, -0.15, -0.15, -0.15, -0.15, -0.15, -0.15, -0.15, -0.15, -0.15, -0.15, -0.15, -0.15, -0.15, -0.15, -0.15, -0.15, -0.15, -0.15, -0.15, -0.15, -0.15, -0.15, -0.15, 
-0.15, -0.15, -0.15, -0.15, -0.15, -0.15, -0.15, -0.15, -0.15, -0.15, -0.15, -0.15, -0.15, -0.15, -0.15, -0.15, -0.15, -0.15, -0.15, -0.15, -0.15, -0.15, -0.15, -0.15, -0.15, -0.15, -0.15, -0.15, 
-0.15, -0.15, -0.15, -0.15, -0.15, -0.15, -0.15, -0.15, -0.15, -0.15, -0.15, -0.15, -0.15, -0.15, -0.15, -0.15, -0.15, -0.15, -0.15, -0.15, -0.15, -0.15, -0.15, -0.15, -0.15, -0.15, -0.15, -0.15, 
-0.15, -0.15, -0.15, -0.15, -0.15, -0.15, -0.15, -0.15, -0.15, -0.15, -0.15, -0.15, -0.15, -0.15, -0.15, -0.15, -0.15, -0.15, -0.15, -0.15, -0.15, -0.15, -0.15, -0.15, -0.15, -0.15, -0.15, -0.15, 
-0.15, -0.15, -0.15, -0.15, -0.15, -0.15, -0.15, -0.15, -0.15, -0.15, -0.15, -0.15, -0.15, -0.15, -0.15, -0.15, -0.15, -0.15, -0.15, -0.15, -0.15, -0.15, -0.15, -0.15, -0.15, -0.15, -0.15, -0.15, 
-0.15, -0.15, -0.15, -0.15, -0.15, -0.15, -0.15, -0.15, -0.15, -0.15, -0.15, -0.15, -0.15, -0.15, -0.15, -0.15, -0.15, -0.15, -0.15, -0.15, -0.15, -0.15, -0.15, -0.15, -0.15, -0.15, -0.15, -0.15, 
-0.15, -0.15, -0.15, -0.15, -0.15, -0.15, -0.15, -0.15, -0.15, -0.15, -0.15, -0.15, -0.15, -0.15, -0.15, -0.15, -0.15, -0.15, -0.15, -0.15, -0.15, -0.15, -0.15, -0.15, -0.15, -0.15, -0.15, -0.15, 
-0.15, -0.15, -0.15, -0.15, -0.15, -0.15, -0.15, -0.15, -0.15, -0.15, -0.15, -0.15, -0.15, -0.15, -0.15, -0.15, -0.15, -0.15, -0.15, -0.15, -0.15, -0.15, -0.15, -0.15, -0.15, -0.15, -0.15, -0.15, 
-0.15, -0.15, -0.15, -0.15, -0.15, -0.15, -0.15, -0.15, -0.15, -0.15, -0.15, -0.15, -0.15, -0.15, -0.15, -0.15, -0.15, -0.15, -0.15, -0.15, -0.15, -0.15, -0.15, -0.15, -0.15, -0.15, -0.15, -0.15, 
-0.15, -0.15, -0.15, -0.15, -0.15, -0.15, -0.15, -0.15, -0.15, -0.15, -0.15, -0.15, -0.15, -0.15, -0.15, -0.15, -0.15, -0.15, -0.15, -0.15, -0.15, -0.15, -0.15, -0.15, -0.15, -0.15, -0.15, -0.15, 
-0.15, -0.15, -0.15, -0.15, -0.15, -0.15, -0.15, -0.15, -0.15, -0.15, -0.15, -0.15, -0.15, -0.15, -0.15, -0.15, -0.15, -0.15, -0.15, -0.15, -0.15, -0.15, -0.15, -0.15, -0.15, -0.15, -0.15, -0.15, 
-0.15, -0.15, -0.15, -0.15, -0.15, -0.15, -0.15, -0.15, -0.15, -0.15, -0.15, -0.15, -0.15, -0.15, -0.15, -0.15, -0.15, -0.15, -0.15, -0.15, -0.15, -0.15, -0.15, -0.15, -0.15, -0.15, -0.15, -0.15, 
-0.15, -0.15, -0.15, -0.15, -0.15, -0.15, -0.15, -0.15, -0.15, -0.15, -0.15, -0.15, -0.15, -0.15, -0.15, -0.15, -0.15, -0.15, -0.15, -0.15, -0.15, -0.15, -0.15, -0.15, -0.15, -0.15, -0.15, -0.15, 
-0.15, -0.15, -0.15, -0.15, -0.15, -0.15, -0.15, -0.15, -0.15, -0.15, -0.15, -0.15, -0.15, -0.15, -0.15, -0.15, -0.15, -0.15, -0.15, -0.15, -0.15, -0.15, -0.15, -0.15, -0.15, -0.15, -0.15, -0.15, 
-0.15, -0.15, -0.15, -0.15, -0.15, -0.15, -0.15, -0.15, -0.15, -0.15, -0.15, -0.15, -0.15, -0.15, -0.15, -0.15, -0.15, -0.15, -0.15, -0.15, -0.15, -0.15, -0.15, -0.15, -0.15, -0.15, -0.15, -0.15, 
-0.15, -0.15, -0.15, -0.15, -0.15, -0.15, -0.15, -0.15, -0.15, -0.15, -0.15, -0.15, -0.15, -0.15, -0.15, -0.15, -0.15, -0.15, -0.15, -0.15, -0.15, -0.15, -0.15, -0.15, -0.15, -0.15, -0.15, -0.15, 
-0.15, -0.15, -0.15, -0.15, -0.15, -0.15, -0.15, -0.15, -0.15, -0.15, -0.15, -0.15, -0.15, -0.15, -0.15, -0.15, -0.15, -0.15, -0.15, -0.15, -0.15, -0.15, -0.15, -0.15, -0.15, -0.15, -0.15, -0.15, 
-0.15, -0.15, -0.15, -0.15, -0.15, -0.15, -0.15, -0.15, -0.15, -0.15, -0.15, -0.15, -0.15, -0.15, -0.15, -0.15, -0.15, -0.15, -0.15, -0.15, -0.15, -0.15, -0.15, -0.15, -0.15, -0.15, -0.15, -0.15, 
-0.15, -0.15, -0.15, -0.15, -0.15, -0.15, -0.15, -0.15, -0.15, -0.15, -0.15, -0.15, -0.15, -0.15, -0.15, -0.15, -0.15, -0.15, -0.15, -0.15, -0.15, -0.15, -0.15, -0.15, -0.15, -0.15, -0.15, -0.15, 
-- optimal policy --
r  ^  r  r  r  r  l  <  <  L  l  v  v  v  L  >  <  >  R  >  l  v  l  R  ^  <  <  R  
l  ^  >  R  ^  <  R  r  v  >  v  >  r  r  R  ^  v  v  >  >  L  v  l  <  <  R  r  <  
r  v  r  R  v  <  >  v  L  ^  ^  l  >  <  v  <  v  l  <  <  ^  l  l  L  r  L  r  v  
v  l  >  ^  ^  <  l  v  R  v  >  v  v  >  r  L  R  v  l  r  r  ^  v  r  l  r  L  R  
L  >  l  R  v  v  l  v  L  L  >  v  R  l  <  l  v  <  <  r  >  ^  l  <  ^  r  <  r  
r  l  L  >  v  >  ^  <  L  l  L  ^  <  r  v  r  R  L  R  l  l  r  R  v  r  >  >  ^  
>  R  r  <  >  >  R  L  l  R  r  >  L  >  >  l  <  R  l  r  v  >  R  r  >  >  ^  <  
l  >  <  v  v  v  >  L  R  ^  v  >  l  ^  l  <  >  <  ^  R  r  l  L  ^  <  v  r  R  
L  r  r  >  <  <  L  >  >  ^  ^  ^  ^  v  L  l  v  <  ^  L  L  v  v  >  r  R  >  v  
l  <  l  >  v  l  l  L  ^  <  r  >  <  r  L  >  ^  ^  v  v  <  <  R  r  >  l  <  <  
>  l  L  <  ^  <  R  <  ^  >  l  ^  R  R  L  ^  R  ^  >  R  ^  L  r  <  l  L  v  v  
>  L  L  l  <  ^  ^  <  <  R  L  >  ^  <  >  l  ^  r  l  R  r  v  <  r  R  v  <  L  
l  >  R  v  r  v  r  v  v  ^  L  L  R  ^  r  l  >  <  L  >  <  <  ^  v  >  <  v  ^  
L  >  L  <  l  <  >  l  >  <  r  R  <  >  v  ^  L  ^  l  r  <  <  <  L  L  <  l  r  
L  r  r  ^  <  L  <  ^  l  R  l  v  ^  l  l  <  v  r  <  R  r  ^  L  <  <  l  l  l  
^  L  R  R  >  R  R  R  v  ^  l  r  R  L  ^  R  <  r  ^  L  l  <  v  l  >  l  ^  R  
L  l  L  R  >  v  <  l  l  r  L  r  r  <  l  R  l  r  <  v  l  <  R  L  R  l  <  ^  
L  <  R  v  v  v  l  L  >  ^  <  v  r  l  v  r  ^  r  L  r  l  l  ^  L  v  R  v  l  
>  >  l  ^  l  >  v  r  R  r  >  ^  r  R  v  l  L  <  R  L  <  v  >  ^  ^  >  R  v  
^  l  r  L  v  R  L  r  ^  R  l  R  L  v  R  >  r  r  v  >  v  r  r  >  ^  >  L  ^  
l  v  v  r  r  ^  >  ^  R  r  ^  l  L  l  >  ^  ^  v  >  r  ^  L  <  v  >  v  R  L  
L  v  L  >  <  l  <  v  l  R  v  L  L  v  <  ^  ^  R  ^  ^  l  >  r  l  r  v  ^  >  
