arguments: 43 39 3 -0.501248 0 0.332363 -0.166389
loading features...

Initializing gridworld of size 28 by 22..
    Num states: 616
    Num actions: 8
recovered reward
-0.17, -0.17, -0.17, -0.17, -0.17, -0.17, -0.17, -0.17, -0.17, -0.17, -0.17, -0.17, -0.17, -0.17, -0.17, -0.17, -0.17, -0.17, -0.17, -0.17, -0.17, -0.17, -0.17, -0.17, -0.17, -0.17, -0.17, -0.17, 
-0.17, -0.17, -0.17, -0.17, -0.17, -0.29, -0.42, -0.29, -0.17, -0.17, -0.17, -0.17, -0.17, -0.17, -0.17, -0.17, -0.17, -0.17, -0.17, -0.17, -0.17, -0.17, -0.17, -0.17, -0.17, -0.17, -0.17, -0.17, 
-0.17, -0.17, -0.17, -0.17, -0.17, -0.42, -0.67, -0.42, -0.29, -0.42, -0.29, -0.17, -0.17, -0.17, -0.17, -0.17, -0.17, -0.17, -0.17, -0.17, -0.17, -0.17, -0.17, -0.17, -0.17, -0.17, 0.56, -0.17, 
-0.17, -0.29, -0.42, -0.29, -0.17, -0.29, -0.42, -0.29, -0.42, -0.43, -0.29, -0.42, -0.03, -0.17, -0.17, -0.17, -0.17, -0.17, -0.17, -0.17, -0.17, -0.17, -0.17, -0.17, -0.17, -0.17, -0.17, -0.17, 
-0.17, -0.42, -0.67, -0.42, -0.29, -0.42, -0.29, -0.17, -0.29, -0.42, -0.42, -0.67, -0.42, -0.17, -0.17, -0.17, -0.17, -0.17, -0.17, -0.17, -0.17, -0.17, -0.17, -0.17, -0.17, -0.17, -0.17, -0.17, 
-0.17, -0.29, -0.42, -0.29, -0.42, -0.67, -0.42, 0.03, -0.17, -0.17, -0.29, -0.42, -0.29, -0.17, -0.17, -0.17, -0.17, -0.17, -0.17, -0.17, -0.17, -0.17, -0.17, -0.17, -0.17, -0.17, 0.53, -0.17, 
-0.17, -0.17, -0.17, -0.17, -0.29, -0.42, -0.29, -0.17, -0.17, -0.17, -0.17, -0.17, -0.17, 0.13, -0.17, -0.17, -0.17, -0.17, -0.17, -0.17, -0.17, -0.17, -0.17, -0.17, -0.17, -0.17, -0.17, -0.17, 
-0.17, -0.17, -0.17, -0.17, -0.17, -0.17, -0.17, -0.17, -0.17, -0.17, -0.17, -0.17, -0.17, -0.17, -0.17, -0.17, -0.17, -0.17, -0.17, -0.17, -0.17, -0.17, -0.17, -0.17, -0.17, -0.17, -0.17, -0.17, 
-0.17, -0.17, -0.17, -0.17, -0.17, -0.17, -0.17, -0.00, -0.17, -0.17, -0.17, -0.17, -0.17, -0.17, 0.17, -0.17, -0.17, -0.17, -0.17, -0.17, -0.17, -0.17, -0.17, -0.17, -0.17, 0.50, -0.17, -0.17, 
-0.17, -0.17, -0.17, -0.17, -0.17, -0.17, -0.17, -0.17, -0.17, -0.17, -0.17, -0.17, -0.17, -0.17, -0.17, -0.29, -0.42, -0.29, -0.17, -0.17, -0.17, -0.17, -0.17, -0.17, -0.17, -0.17, -0.17, -0.17, 
-0.17, -0.17, -0.17, -0.17, -0.17, -0.16, -0.42, -0.29, -0.17, -0.29, -0.42, -0.29, -0.17, -0.17, -0.17, -0.42, -0.30, -0.42, -0.17, -0.17, -0.17, -0.17, -0.17, -0.17, -0.17, -0.17, -0.17, -0.17, 
-0.17, -0.17, -0.17, -0.17, -0.17, -0.42, -0.67, -0.42, -0.17, -0.42, -0.67, -0.42, -0.17, -0.17, -0.17, -0.29, -0.42, -0.29, -0.17, -0.29, -0.42, -0.29, -0.17, -0.17, 0.47, -0.17, -0.17, -0.17, 
-0.17, -0.17, -0.17, -0.17, -0.17, -0.29, -0.42, -0.29, -0.17, -0.29, -0.42, -0.29, -0.17, -0.17, -0.17, -0.17, -0.17, -0.17, -0.17, -0.42, -0.67, -0.42, -0.17, -0.17, -0.17, -0.17, -0.17, -0.17, 
-0.17, -0.17, -0.17, -0.17, -0.07, -0.17, -0.17, -0.17, -0.17, -0.17, -0.17, -0.17, -0.17, -0.17, -0.17, -0.17, -0.17, 0.23, -0.17, -0.29, -0.42, -0.29, -0.17, -0.17, -0.17, -0.17, -0.17, -0.17, 
-0.17, -0.17, -0.17, -0.17, -0.17, -0.17, -0.17, -0.17, -0.17, -0.29, -0.42, -0.29, -0.17, -0.17, -0.17, -0.17, -0.17, -0.17, -0.17, -0.17, -0.17, -0.17, 0.43, -0.17, -0.17, -0.17, -0.17, -0.17, 
-0.17, -0.17, -0.17, -0.17, -0.17, -0.17, -0.17, -0.17, -0.17, -0.42, -0.67, -0.42, -0.17, -0.17, -0.17, -0.17, -0.17, -0.17, -0.17, -0.17, -0.17, -0.17, -0.17, -0.17, -0.17, -0.17, -0.17, -0.17, 
-0.17, -0.17, -0.10, -0.17, -0.17, -0.17, -0.17, -0.17, -0.17, -0.29, -0.42, -0.29, -0.17, -0.17, -0.17, -0.17, -0.17, 0.27, -0.17, -0.17, -0.17, -0.17, -0.17, -0.17, -0.17, -0.17, -0.17, -0.17, 
-0.17, -0.17, -0.17, -0.17, -0.17, -0.17, -0.17, -0.17, -0.17, -0.29, -0.42, -0.29, -0.17, -0.17, -0.17, -0.17, -0.17, -0.17, -0.17, -0.17, -0.17, -0.17, -0.17, 0.40, -0.17, -0.17, -0.17, -0.17, 
-0.17, -0.17, -0.17, -0.17, -0.17, -0.17, -0.17, -0.17, -0.17, -0.42, -0.67, -0.42, -0.17, -0.17, -0.17, -0.17, -0.17, -0.17, -0.17, -0.17, -0.17, -0.17, -0.17, -0.17, -0.17, -0.17, -0.17, -0.17, 
-0.13, -0.17, -0.17, -0.17, -0.17, -0.17, -0.17, -0.17, -0.17, -0.29, -0.42, -0.29, -0.17, -0.17, -0.17, -0.17, 0.30, -0.17, -0.17, -0.17, 0.37, -0.17, -0.17, -0.17, -0.17, -0.17, -0.17, -0.17, 
-0.17, -0.17, -0.17, -0.17, -0.17, -0.17, -0.17, -0.17, -0.17, -0.17, -0.17, -0.17, -0.17, -0.17, -0.17, -0.17, -0.17, -0.17, -0.17, 0.33, -0.17, -0.17, -0.17, -0.17, -0.17, -0.17, -0.17, -0.17, 
-0.17, -0.17, -0.17, -0.17, -0.17, -0.17, -0.17, -0.17, -0.17, -0.17, -0.17, -0.17, -0.17, -0.17, -0.17, -0.17, -0.17, -0.17, -0.17, -0.17, -0.17, -0.17, -0.17, -0.17, -0.17, -0.17, -0.17, -0.17, 
-- optimal policy --
v  >  >  >  >  >  >  >  >  r  v  r  r  v  l  l  <  <  l  l  >  >  r  >  r  v  r  v  
v  v  >  >  R  R  R  >  >  >  r  v  r  v  l  <  L  l  l  l  r  >  >  r  >  r  v  l  
v  l  >  R  ^  L  r  R  R  R  >  r  v  l  <  <  l  l  l  r  >  >  >  >  r  >  R  <  
v  l  R  ^  ^  L  r  v  l  l  R  >  R  <  L  v  l  <  v  l  r  r  >  R  >  R  ^  L  
v  l  r  R  ^  L  r  v  l  l  l  R  ^  L  v  l  <  v  l  <  r  r  r  >  R  r  v  l  
r  r  r  v  l  R  >  >  <  <  r  r  r  v  l  l  v  l  l  L  >  >  r  R  >  >  R  <  
r  r  >  r  r  r  R  ^  L  L  >  r  >  v  <  v  l  <  <  r  r  r  >  r  >  R  ^  L  
r  >  r  r  >  r  r  v  l  L  R  >  R  r  v  l  <  L  <  r  r  r  r  >  r  v  l  ^  
r  r  r  r  R  >  >  <  <  L  >  R  >  >  l  <  <  <  L  r  r  r  r  >  >  R  <  L  
r  r  r  >  r  R  R  ^  L  <  R  r  >  R  ^  L  L  L  v  v  r  r  r  >  R  ^  L  <  
>  r  v  r  >  R  ^  L  ^  L  L  >  R  ^  L  L  L  r  v  l  >  >  >  r  v  l  ^  L  
R  >  r  v  v  l  L  R  ^  L  L  R  ^  L  r  r  v  l  v  l  R  >  r  >  R  <  L  L  
r  >  >  r  v  l  l  l  ^  L  r  R  ^  r  >  r  r  v  l  <  r  r  >  R  ^  L  <  L  
v  r  >  >  L  <  <  l  l  L  >  R  r  r  r  >  >  v  <  <  r  r  v  l  ^  ^  L  <  
r  v  >  R  ^  L  <  l  <  <  R  r  r  >  >  r  R  ^  L  l  >  >  ^  <  <  L  ^  L  
>  r  v  l  ^  ^  L  <  L  l  r  r  r  r  r  >  r  v  l  <  R  R  ^  L  L  l  <  ^  
r  >  l  <  <  R  ^  L  <  <  r  >  r  r  r  r  >  ^  <  <  R  ^  r  v  l  <  L  <  
>  R  ^  L  <  <  ^  ^  L  L  >  R  >  r  r  r  R  ^  L  v  v  v  >  L  <  <  <  L  
v  l  L  L  L  <  L  R  ^  L  R  r  >  >  >  r  v  l  >  r  v  l  R  ^  L  <  <  <  
<  <  <  ^  L  L  <  L  ^  r  r  r  >  R  R  >  ^  <  r  >  l  <  <  ^  L  L  <  <  
^  L  <  <  ^  L  L  <  L  r  >  r  >  R  >  R  ^  L  >  R  ^  L  <  <  ^  L  L  <  
R  ^  L  <  <  ^  L  L  <  >  >  >  R  >  R  ^  ^  >  R  ^  L  ^  L  <  <  ^  L  L  
Correct actions (%) : 8.06
Avg angular diffs   : 97.26
