arguments: 43 32 4 0.450887 -0.385744 0.0951569 -0.0682128
loading features...

Initializing gridworld of size 28 by 22..
    Num states: 616
    Num actions: 8
recovered reward
-0.07, -0.07, -0.07, -0.07, -0.07, -0.07, -0.07, -0.07, -0.07, 0.20, -0.07, -0.07, -0.07, 0.21, -0.07, -0.07, -0.07, 0.22, -0.07, -0.07, 0.23, -0.07, 0.24, -0.07, -0.07, 0.25, -0.07, -0.07, 
0.17, -0.07, -0.07, 0.18, -0.07, -0.07, 0.19, -0.07, -0.07, -0.07, -0.07, -0.07, -0.07, -0.07, 0.04, 0.16, 0.04, -0.07, -0.07, -0.07, -0.16, -0.26, -0.16, -0.07, -0.07, -0.07, -0.07, -0.07, 
-0.07, -0.07, -0.07, -0.16, -0.26, -0.16, -0.26, -0.16, -0.07, -0.07, -0.07, -0.07, -0.07, -0.07, 0.16, 0.38, 0.16, -0.07, 0.04, 0.16, -0.15, -0.45, -0.26, -0.07, -0.07, -0.07, -0.07, -0.07, 
0.16, -0.07, -0.07, -0.26, -0.45, -0.26, -0.45, -0.26, -0.07, -0.07, -0.07, -0.07, -0.07, -0.07, 0.04, 0.16, 0.04, 0.04, 0.16, 0.38, 0.06, -0.26, -0.16, -0.07, -0.07, -0.07, -0.07, -0.07, 
-0.07, -0.07, -0.07, -0.16, -0.26, -0.16, -0.26, -0.16, -0.26, -0.16, -0.07, -0.07, -0.07, -0.07, -0.07, 0.16, 0.38, 0.16, 0.04, 0.16, 0.04, -0.07, -0.07, -0.07, -0.07, -0.07, 0.15, -0.07, 
-0.07, -0.07, -0.07, -0.07, -0.07, -0.07, -0.07, -0.26, -0.45, -0.26, 0.04, 0.16, 0.04, -0.07, -0.07, 0.04, 0.16, 0.04, -0.07, 0.04, 0.16, 0.04, -0.07, -0.07, -0.07, -0.07, -0.07, -0.07, 
-0.07, -0.07, -0.07, -0.07, -0.07, -0.07, -0.07, -0.16, -0.26, -0.16, 0.16, 0.38, 0.16, -0.07, -0.07, -0.07, -0.07, -0.07, -0.07, 0.16, 0.38, 0.16, -0.07, -0.07, -0.07, -0.07, -0.07, -0.07, 
-0.07, -0.07, -0.07, -0.07, -0.07, -0.07, -0.07, -0.07, -0.07, -0.07, 0.04, 0.16, 0.04, -0.07, -0.07, -0.07, -0.07, -0.07, -0.07, 0.04, 0.16, 0.04, -0.07, -0.07, -0.07, -0.07, 0.14, -0.07, 
-0.07, -0.07, -0.07, -0.07, -0.07, -0.07, -0.07, -0.07, -0.07, -0.07, -0.07, -0.07, -0.07, -0.07, -0.07, -0.07, -0.07, -0.07, -0.07, -0.07, -0.07, -0.07, -0.07, -0.07, -0.07, -0.07, -0.07, -0.07, 
-0.07, -0.07, -0.07, -0.07, -0.07, 0.04, 0.16, 0.04, -0.07, -0.07, 0.08, -0.07, -0.07, -0.07, 0.07, -0.07, -0.07, -0.03, -0.26, -0.16, 0.06, -0.07, -0.07, 0.05, -0.07, -0.07, -0.07, -0.07, 
-0.07, -0.07, -0.07, -0.07, -0.07, 0.16, 0.38, 0.16, -0.07, -0.07, -0.07, -0.07, -0.07, -0.07, -0.07, -0.16, -0.26, -0.26, -0.45, -0.26, -0.07, -0.07, -0.07, -0.07, -0.07, -0.07, 0.13, -0.07, 
-0.07, -0.07, -0.07, -0.07, -0.07, 0.04, 0.16, 0.21, -0.07, -0.07, -0.16, -0.26, -0.16, -0.07, -0.07, -0.26, -0.45, -0.16, -0.26, -0.16, -0.26, -0.16, -0.07, -0.07, -0.07, -0.07, -0.07, -0.07, 
-0.07, -0.07, -0.07, -0.07, -0.07, -0.07, -0.07, -0.07, -0.07, -0.07, -0.26, -0.45, -0.26, -0.07, -0.07, -0.16, -0.26, -0.16, -0.07, -0.26, -0.45, -0.26, -0.07, -0.07, -0.07, -0.07, -0.07, -0.07, 
0.12, -0.07, -0.07, 0.11, -0.07, -0.07, 0.10, -0.07, -0.07, -0.07, -0.16, -0.26, -0.16, -0.07, -0.07, -0.07, -0.07, -0.07, -0.07, -0.16, -0.26, -0.16, -0.07, -0.07, -0.07, -0.07, 0.03, -0.07, 
-0.07, -0.07, -0.07, -0.07, -0.07, -0.07, -0.07, -0.07, -0.07, -0.07, -0.07, -0.07, 0.04, 0.16, 0.04, -0.07, -0.07, -0.07, 0.04, 0.16, 0.04, 0.04, -0.07, -0.07, -0.07, -0.07, -0.07, -0.07, 
-0.07, -0.07, -0.07, -0.07, -0.07, -0.07, -0.07, -0.07, -0.07, -0.07, -0.07, 0.04, 0.06, 0.19, 0.06, -0.07, 0.04, 0.16, 0.16, 0.38, 0.16, 0.16, -0.07, -0.07, -0.07, -0.07, -0.07, -0.07, 
-0.07, -0.07, -0.07, -0.07, -0.07, -0.07, -0.07, -0.07, -0.07, -0.07, -0.07, 0.16, -0.15, -0.23, -0.15, -0.07, 0.16, 0.38, 0.04, 0.16, 0.04, 0.04, -0.07, -0.07, -0.07, -0.07, 0.02, -0.07, 
-0.07, -0.07, -0.16, -0.26, -0.16, -0.07, -0.07, -0.07, -0.07, -0.07, -0.07, 0.04, -0.05, -0.04, -0.05, -0.07, 0.04, 0.16, 0.04, -0.07, -0.07, -0.16, -0.26, -0.16, -0.07, -0.07, -0.07, -0.07, 
-0.07, -0.07, -0.26, -0.45, -0.26, -0.07, -0.07, -0.07, -0.07, -0.07, -0.07, -0.07, 0.06, 0.19, 0.06, -0.07, -0.07, -0.07, -0.07, -0.07, -0.07, -0.26, -0.45, -0.26, 0.01, -0.07, -0.07, -0.07, 
-0.07, -0.07, -0.16, -0.26, -0.16, -0.05, -0.07, -0.07, -0.04, -0.07, -0.07, -0.03, 0.04, 0.16, 0.09, -0.07, -0.07, -0.01, -0.07, -0.07, -0.00, -0.16, -0.26, -0.16, -0.07, -0.07, -0.07, -0.07, 
-0.07, -0.07, -0.07, -0.07, -0.07, -0.07, -0.07, -0.07, -0.07, -0.07, -0.07, -0.07, -0.07, -0.07, -0.07, -0.07, -0.07, -0.07, -0.07, -0.07, -0.07, -0.07, -0.07, -0.07, -0.07, -0.07, -0.07, -0.07, 
-0.07, -0.07, -0.07, -0.07, -0.07, -0.07, -0.07, -0.07, -0.07, -0.07, -0.07, -0.07, -0.07, -0.07, -0.07, -0.07, -0.07, -0.07, -0.07, -0.07, -0.07, -0.07, -0.07, -0.07, -0.07, -0.07, -0.07, -0.07, 
-- optimal policy --
v  l  r  v  l  r  v  l  >  ^  <  >  >  ^  <  v  >  L  <  >  ^  >  R  <  >  ^  <  <  
l  <  >  <  <  >  ^  <  R  ^  L  >  R  ^  r  v  l  ^  L  R  ^  R  ^  L  R  ^  L  <  
^  L  R  ^  L  R  ^  L  ^  L  ^  R  ^  >  >  <  <  r  r  v  l  l  R  R  R  ^  L  L  
<  <  L  L  R  ^  L  R  ^  r  r  r  >  R  R  ^  L  l  >  <  <  <  l  l  >  r  v  l  
^  L  <  L  l  v  v  R  R  r  r  v  l  R  >  >  v  <  R  ^  L  l  l  l  R  >  <  <  
^  ^  L  L  r  v  v  l  r  r  r  v  l  l  R  R  ^  L  r  r  v  l  l  <  >  R  ^  L  
^  ^  ^  r  v  r  v  l  r  >  >  ^  <  <  R  R  ^  L  >  >  <  <  <  l  R  r  v  l  
^  r  r  r  r  v  l  v  l  R  R  ^  L  L  <  ^  L  R  R  R  ^  L  L  <  r  >  l  <  
>  >  r  r  r  r  v  l  l  R  R  ^  L  L  v  l  r  R  R  R  ^  L  L  v  l  R  ^  L  
v  >  >  r  r  r  v  l  l  >  ^  <  L  >  L  <  >  R  R  >  ^  <  >  L  <  r  v  l  
v  v  R  >  >  >  r  <  l  R  ^  L  <  R  ^  L  R  ^  L  R  ^  L  R  ^  L  >  v  <  
v  v  l  R  R  R  ^  L  <  <  ^  L  L  R  ^  L  L  r  v  R  R  ^  L  L  R  R  ^  L  
v  l  r  v  R  R  R  ^  L  <  l  r  r  v  l  l  r  r  v  l  l  r  v  l  R  r  v  l  
L  <  >  R  <  >  ^  <  ^  L  r  r  r  v  l  l  v  r  r  v  l  l  l  l  >  >  v  <  
^  L  R  ^  L  R  ^  L  <  r  r  r  r  v  l  r  r  r  r  v  l  l  l  l  >  R  ^  L  
^  ^  L  ^  ^  L  ^  ^  L  >  r  v  >  ^  <  r  r  v  >  <  <  <  <  <  R  r  v  l  
^  L  ^  L  ^  ^  L  ^  >  >  >  R  R  ^  L  >  >  R  R  ^  L  L  L  L  R  >  L  <  
R  ^  L  ^  r  r  r  v  >  >  R  ^  r  v  l  R  R  ^  L  ^  L  L  L  r  v  R  ^  L  
^  ^  L  l  r  v  l  r  v  R  R  >  >  v  <  l  R  ^  L  L  v  l  L  >  R  <  L  ^  
R  r  r  r  >  R  <  >  R  <  >  R  R  ^  L  <  >  ^  <  >  L  <  l  R  ^  L  <  L  
>  >  >  >  R  ^  L  R  ^  L  R  R  R  ^  L  L  R  ^  L  R  ^  L  <  R  ^  ^  L  <  
>  >  >  R  ^  ^  R  ^  L  R  R  R  ^  L  ^  L  L  ^  R  ^  ^  L  L  R  ^  L  L  L  
Correct actions (%) : 14.74
Avg angular diffs   : 90.00
