arguments: 43 41 4 0.22619 -0.103175 0.141534 -0.529101
loading features...

Initializing gridworld of size 28 by 22..
    Num states: 616
    Num actions: 8
recovered reward
-0.53, -0.53, -0.53, -0.47, -0.42, -0.47, -0.53, -0.47, -0.42, -0.47, -0.53, -0.53, -0.53, -0.53, -0.53, -0.55, -0.58, -0.55, -0.53, -0.53, -0.53, -0.53, -0.53, -0.53, -0.53, -0.53, -0.53, -0.53, 
-0.53, -0.53, -0.53, -0.42, -0.30, -0.42, -0.53, -0.42, -0.30, -0.30, -0.53, -0.53, -0.40, -0.53, -0.53, -0.58, -0.63, -0.58, -0.53, -0.53, -0.53, -0.53, -0.53, -0.55, -0.58, -0.19, -0.53, -0.53, 
-0.53, -0.53, -0.53, -0.47, -0.42, -0.47, -0.53, -0.47, -0.47, -0.42, -0.47, -0.53, -0.53, -0.53, -0.53, -0.55, -0.44, -0.55, -0.53, -0.53, -0.53, -0.53, -0.55, -0.58, -0.63, -0.58, -0.53, -0.53, 
-0.53, -0.53, -0.53, -0.53, -0.53, -0.53, -0.53, -0.43, -0.42, -0.30, -0.42, -0.53, -0.53, -0.53, -0.53, -0.53, -0.53, -0.53, -0.53, -0.53, -0.53, -0.53, -0.58, -0.55, -0.58, -0.55, -0.53, -0.53, 
-0.53, -0.53, -0.53, -0.53, -0.53, -0.55, -0.50, -0.55, -0.47, -0.44, -0.52, -0.55, -0.53, -0.53, -0.53, -0.53, -0.53, -0.53, -0.53, -0.53, -0.53, -0.53, -0.55, -0.58, -0.55, -0.18, -0.53, -0.53, 
-0.53, -0.53, -0.53, -0.53, -0.47, -0.47, -0.58, -0.58, -0.53, -0.58, -0.63, -0.58, -0.53, -0.53, -0.53, -0.53, -0.37, -0.53, -0.53, -0.53, -0.53, -0.53, -0.53, -0.53, -0.53, -0.53, -0.53, -0.53, 
-0.53, -0.53, -0.53, -0.53, -0.35, -0.33, -0.47, -0.50, -0.42, -0.50, -0.58, -0.55, -0.53, -0.53, -0.36, -0.53, -0.55, -0.58, -0.55, -0.53, -0.53, -0.53, -0.53, -0.53, -0.53, -0.53, -0.53, -0.53, 
-0.53, -0.47, -0.42, -0.47, -0.47, -0.42, -0.47, -0.42, -0.30, -0.42, -0.53, -0.53, -0.53, -0.53, -0.53, -0.53, -0.58, -0.63, -0.58, -0.53, -0.53, -0.53, -0.53, -0.19, -0.55, -0.58, -0.55, -0.53, 
-0.53, -0.42, -0.30, -0.42, -0.53, -0.53, -0.53, -0.47, -0.42, -0.47, -0.53, -0.53, -0.53, -0.53, -0.47, -0.42, -0.50, -0.58, -0.55, -0.53, -0.53, -0.53, -0.53, -0.53, -0.58, -0.63, -0.58, -0.53, 
-0.53, -0.47, -0.42, -0.47, -0.50, -0.58, -0.55, -0.53, -0.53, -0.53, -0.53, -0.53, -0.35, -0.53, -0.42, -0.30, -0.42, -0.53, -0.53, -0.53, -0.53, -0.53, -0.53, -0.53, -0.55, -0.58, -0.55, -0.53, 
-0.53, -0.53, -0.53, -0.53, -0.58, -0.63, -0.58, -0.53, -0.53, -0.53, -0.53, -0.53, -0.53, -0.53, -0.47, -0.42, -0.47, -0.53, -0.53, -0.53, -0.53, -0.53, -0.53, -0.53, -0.20, -0.53, -0.53, -0.53, 
-0.53, -0.53, -0.53, -0.53, -0.55, -0.58, -0.55, -0.58, -0.55, -0.53, -0.33, -0.53, -0.53, -0.55, -0.58, -0.55, -0.53, -0.53, -0.53, -0.53, -0.53, -0.53, -0.53, -0.53, -0.53, -0.53, -0.53, -0.53, 
-0.53, -0.53, -0.53, -0.47, -0.42, -0.47, -0.58, -0.63, -0.58, -0.53, -0.53, -0.53, -0.53, -0.58, -0.63, -0.58, -0.53, -0.53, -0.53, -0.53, -0.53, -0.53, -0.53, -0.53, -0.53, -0.53, -0.53, -0.53, 
-0.53, -0.53, -0.53, -0.37, -0.30, -0.42, -0.55, -0.58, -0.55, -0.53, -0.53, -0.53, -0.53, -0.55, -0.58, -0.55, -0.53, -0.53, -0.53, -0.53, -0.53, -0.53, -0.53, -0.22, -0.53, -0.53, -0.53, -0.53, 
-0.53, -0.53, -0.53, -0.47, -0.42, -0.47, -0.53, -0.53, -0.53, -0.32, -0.53, -0.53, -0.53, -0.53, -0.53, -0.53, -0.53, -0.53, -0.53, -0.53, -0.53, -0.47, -0.42, -0.47, -0.53, -0.53, -0.53, -0.53, 
-0.53, -0.53, -0.53, -0.53, -0.53, -0.53, -0.53, -0.53, -0.53, -0.53, -0.53, -0.53, -0.47, -0.42, -0.47, -0.53, -0.53, -0.53, -0.53, -0.53, -0.53, -0.42, -0.30, -0.42, -0.53, -0.53, -0.53, -0.53, 
-0.53, -0.53, -0.50, -0.53, -0.53, -0.53, -0.53, -0.53, -0.53, -0.53, -0.53, -0.55, -0.24, -0.33, -0.42, -0.53, -0.53, -0.53, -0.53, -0.53, -0.53, -0.47, -0.42, -0.20, -0.58, -0.55, -0.53, -0.53, 
-0.53, -0.53, -0.53, -0.53, -0.53, -0.53, -0.53, -0.53, -0.53, -0.53, -0.53, -0.58, -0.58, -0.47, -0.47, -0.53, -0.53, -0.53, -0.47, -0.42, -0.47, -0.53, -0.47, -0.47, -0.58, -0.58, -0.53, -0.53, 
-0.53, -0.53, -0.53, -0.53, -0.53, -0.53, -0.53, -0.53, -0.53, -0.53, -0.53, -0.55, -0.58, -0.55, -0.53, -0.53, -0.53, -0.53, -0.42, -0.30, -0.42, -0.25, -0.42, -0.33, -0.47, -0.55, -0.53, -0.53, 
-0.51, -0.53, -0.53, -0.53, -0.53, -0.53, -0.53, -0.53, -0.53, -0.53, -0.53, -0.53, -0.53, -0.29, -0.53, -0.53, -0.27, -0.53, -0.47, -0.15, -0.47, -0.53, -0.47, -0.42, -0.47, -0.53, -0.53, -0.53, 
-0.53, -0.53, -0.53, -0.53, -0.53, -0.53, -0.53, -0.53, -0.53, -0.53, -0.53, -0.53, -0.53, -0.53, -0.53, -0.53, -0.53, -0.53, -0.53, -0.53, -0.53, -0.53, -0.53, -0.53, -0.53, -0.53, -0.53, -0.53, 
-0.53, -0.53, -0.53, -0.53, -0.53, -0.53, -0.53, -0.53, -0.53, -0.53, -0.53, -0.53, -0.53, -0.53, -0.53, -0.53, -0.53, -0.53, -0.53, -0.53, -0.53, -0.53, -0.53, -0.53, -0.53, -0.53, -0.53, -0.53, 
-- optimal policy --
r  >  r  r  v  >  r  r  r  v  l  l  l  l  l  l  <  r  r  v  r  r  >  >  r  v  l  l  
>  r  >  >  >  r  >  >  >  <  <  l  l  <  <  l  l  r  r  r  v  r  r  R  >  r  <  v  
r  >  R  R  ^  >  R  R  R  ^  L  <  l  L  <  <  r  >  r  r  v  v  r  r  r  r  v  l  
>  R  R  R  R  R  R  R  >  ^  <  L  <  <  L  L  v  r  >  r  r  v  l  r  r  v  l  l  
R  R  R  R  R  R  R  R  R  ^  L  L  L  <  v  v  l  l  r  >  r  r  v  r  >  v  <  <  
R  R  >  r  r  R  R  R  R  ^  L  L  L  r  v  l  l  r  r  r  >  r  r  v  v  l  L  <  
r  r  r  >  >  ^  R  R  ^  L  L  L  r  r  v  v  l  r  r  >  r  >  r  v  l  <  r  v  
r  r  v  R  R  ^  L  >  ^  <  <  >  r  r  r  v  l  r  r  r  >  r  >  v  <  l  v  l  
>  >  R  <  R  ^  R  R  ^  L  L  r  >  r  r  v  l  l  r  v  r  >  r  v  l  l  l  l  
R  R  ^  L  L  R  R  R  r  v  l  v  l  >  >  >  r  r  >  r  v  r  >  r  v  l  l  l  
R  R  ^  L  L  r  r  r  r  r  v  l  v  R  R  ^  r  r  r  >  r  r  v  >  v  <  l  l  
R  r  r  r  v  r  r  r  r  r  v  r  r  r  r  r  r  r  r  r  >  r  v  v  v  l  l  l  
r  >  r  r  v  r  r  r  r  r  r  r  r  r  r  r  r  r  r  r  r  >  r  v  l  l  l  l  
>  r  >  >  >  r  r  r  r  r  r  r  v  r  r  r  v  r  r  r  r  r  >  l  <  l  l  l  
r  >  R  R  ^  r  >  r  >  >  r  r  r  v  r  r  r  v  r  r  r  r  v  l  l  l  l  l  
>  R  R  R  ^  >  r  >  R  r  >  r  v  l  r  r  r  r  v  l  r  >  r  v  l  <  <  l  
R  R  R  ^  >  r  >  R  r  >  R  >  >  r  v  r  r  r  r  v  l  l  >  l  <  L  L  <  
R  R  ^  >  r  >  R  r  >  R  R  R  ^  >  r  r  >  r  r  v  l  l  l  l  L  l  L  L  
R  R  >  r  >  R  r  >  R  R  R  r  r  R  >  r  r  >  r  v  l  <  <  <  <  <  l  l  
R  >  r  >  R  r  >  R  R  R  >  r  >  >  r  >  >  R  >  ^  <  L  L  L  L  L  <  <  
>  r  >  R  r  >  R  R  R  >  r  >  R  r  >  R  R  R  R  ^  L  L  ^  L  L  L  L  <  
>  >  R  >  >  R  R  R  >  >  >  R  >  >  R  R  R  R  R  ^  L  L  L  ^  L  L  L  L  
Correct actions (%) : 17.07
Avg angular diffs   : 96.04
