arguments: 44 38 2 -0.5 0 0.333333 -0.166667
loading features...

Initializing gridworld of size 28 by 22..
    Num states: 616
    Num actions: 8
recovered reward
-0.17, -0.17, -0.17, -0.17, -0.17, -0.17, -0.17, -0.17, -0.17, 0.60, -0.17, -0.17, -0.17, 0.63, -0.17, -0.17, -0.17, 0.67, -0.17, -0.17, 0.70, -0.17, 0.73, -0.17, -0.17, 0.77, -0.17, -0.17, 
-0.17, -0.17, -0.17, -0.17, -0.17, -0.17, 0.57, -0.17, -0.17, -0.17, -0.17, -0.17, -0.17, -0.29, -0.42, -0.29, -0.17, -0.17, -0.17, -0.17, -0.17, -0.17, -0.17, -0.17, -0.17, -0.17, -0.17, -0.17, 
-0.17, -0.17, -0.17, -0.17, -0.17, -0.17, -0.17, -0.17, -0.17, -0.17, -0.17, -0.17, -0.17, -0.42, -0.67, -0.42, -0.17, -0.17, -0.17, -0.17, -0.17, -0.17, -0.17, -0.17, -0.17, -0.17, -0.17, -0.17, 
-0.17, -0.17, -0.17, -0.17, 0.53, -0.17, -0.17, -0.17, -0.17, -0.17, -0.17, -0.17, -0.17, -0.29, -0.42, -0.29, -0.42, -0.29, -0.29, -0.42, -0.29, -0.17, -0.17, -0.17, -0.17, -0.29, -0.42, -0.29, 
-0.17, -0.17, -0.17, -0.17, -0.17, -0.17, -0.17, -0.17, -0.17, -0.17, -0.17, -0.17, -0.17, -0.17, -0.17, -0.42, -0.67, -0.42, -0.42, -0.67, -0.42, -0.17, -0.17, -0.17, -0.17, -0.42, -0.67, -0.42, 
-0.17, -0.17, -0.17, -0.17, -0.17, -0.17, -0.17, -0.17, -0.17, -0.17, -0.17, -0.17, -0.17, -0.17, -0.17, -0.29, -0.42, -0.29, -0.29, -0.42, -0.29, -0.17, -0.17, -0.17, -0.17, -0.29, -0.42, -0.29, 
-0.17, -0.17, -0.17, -0.17, 0.50, -0.17, -0.17, -0.17, -0.17, -0.17, -0.17, -0.17, -0.17, -0.17, -0.17, -0.17, -0.17, -0.29, -0.42, -0.29, -0.17, -0.17, -0.17, -0.17, -0.17, -0.17, -0.17, -0.17, 
-0.17, -0.17, -0.17, -0.17, -0.29, -0.42, 0.34, -0.17, -0.17, -0.17, -0.17, -0.17, -0.17, -0.17, -0.17, -0.17, -0.17, -0.17, -0.17, -0.17, -0.17, -0.17, -0.17, -0.17, -0.17, -0.17, -0.17, -0.17, 
-0.17, -0.17, -0.17, -0.17, -0.42, -0.67, -0.42, -0.17, -0.17, -0.17, -0.17, -0.17, -0.17, -0.17, -0.17, -0.17, -0.17, -0.17, -0.17, -0.17, -0.17, -0.17, -0.17, -0.17, -0.17, -0.17, -0.17, -0.17, 
-0.17, -0.17, -0.17, -0.17, -0.29, -0.42, -0.29, 0.43, -0.17, -0.17, -0.17, -0.17, -0.17, -0.17, -0.17, -0.17, -0.17, -0.17, -0.17, -0.17, -0.17, -0.17, -0.17, -0.17, -0.17, -0.17, -0.17, -0.17, 
-0.17, -0.17, -0.17, -0.17, -0.17, -0.17, -0.17, -0.17, -0.17, -0.17, -0.17, -0.29, -0.29, -0.42, -0.29, -0.29, -0.29, -0.42, -0.29, -0.17, -0.17, -0.17, -0.17, -0.17, -0.17, -0.17, -0.17, -0.17, 
-0.17, -0.17, -0.17, -0.17, -0.17, -0.17, -0.17, -0.17, -0.17, -0.17, -0.17, -0.42, -0.42, -0.67, -0.42, -0.42, -0.42, -0.67, -0.42, -0.17, -0.17, -0.17, -0.17, -0.17, -0.17, -0.17, -0.17, -0.17, 
-0.17, -0.29, -0.42, -0.29, -0.17, -0.17, -0.17, -0.17, -0.17, -0.17, -0.17, -0.29, -0.29, -0.42, -0.29, -0.29, -0.29, -0.42, -0.29, -0.17, -0.17, -0.17, -0.17, -0.17, -0.17, -0.17, -0.17, -0.17, 
-0.17, -0.42, -0.67, -0.42, -0.17, -0.17, -0.17, 0.40, -0.17, -0.17, -0.17, -0.17, -0.17, -0.17, -0.17, -0.17, -0.17, -0.17, -0.17, -0.17, -0.17, -0.17, -0.17, -0.17, -0.17, -0.17, -0.17, -0.17, 
-0.17, -0.29, -0.42, -0.29, -0.17, -0.17, -0.17, -0.17, 0.37, -0.17, -0.17, -0.17, -0.17, -0.17, -0.17, -0.17, -0.17, -0.17, -0.17, -0.17, 0.23, -0.17, -0.17, 0.20, -0.17, -0.17, 0.17, -0.17, 
-0.17, -0.17, -0.17, -0.17, -0.17, -0.17, -0.17, -0.17, -0.17, -0.17, -0.17, -0.17, 0.33, -0.17, -0.17, 0.30, -0.17, -0.17, 0.27, -0.17, -0.17, -0.17, -0.17, -0.29, -0.42, -0.29, -0.17, -0.17, 
-0.17, -0.17, -0.17, -0.17, -0.17, -0.17, -0.17, -0.17, -0.17, -0.17, -0.17, -0.17, -0.17, -0.17, -0.17, -0.17, -0.17, -0.17, -0.17, -0.17, -0.17, -0.17, -0.17, -0.42, -0.67, -0.42, -0.17, -0.17, 
-0.17, -0.17, -0.17, -0.17, -0.17, -0.17, -0.17, -0.17, -0.17, -0.17, -0.17, -0.17, -0.17, -0.17, -0.17, -0.17, -0.17, -0.17, -0.17, -0.17, -0.17, -0.17, -0.17, -0.29, -0.42, -0.29, -0.17, 0.13, 
-0.17, -0.17, -0.17, -0.17, -0.17, -0.17, -0.17, -0.17, -0.17, -0.17, -0.17, -0.17, -0.17, -0.17, -0.17, -0.17, -0.17, -0.17, -0.17, -0.17, -0.17, -0.17, -0.17, -0.17, -0.17, -0.17, -0.17, -0.17, 
-0.17, -0.17, -0.13, -0.17, -0.17, -0.10, -0.17, -0.17, -0.07, -0.17, -0.17, -0.03, -0.17, -0.17, 0.00, -0.17, -0.17, 0.03, -0.17, -0.17, 0.07, -0.17, -0.17, 0.10, -0.17, -0.17, -0.17, -0.17, 
-0.17, -0.17, -0.17, -0.17, -0.17, -0.17, -0.17, -0.17, -0.17, -0.17, -0.17, -0.17, -0.17, -0.17, -0.17, -0.17, -0.17, -0.17, -0.17, -0.17, -0.17, -0.17, -0.17, -0.17, -0.17, -0.17, -0.17, -0.17, 
-0.17, -0.17, -0.17, -0.17, -0.17, -0.17, -0.17, -0.17, -0.17, -0.17, -0.17, -0.17, -0.17, -0.17, -0.17, -0.17, -0.17, -0.17, -0.17, -0.17, -0.17, -0.17, -0.17, -0.17, -0.17, -0.17, -0.17, -0.17, 
-- optimal policy --
>  r  r  r  >  r  v  l  >  ^  <  r  >  ^  <  r  >  ^  <  >  ^  >  ^  <  >  ^  <  <  
>  r  r  r  r  >  l  <  R  ^  L  >  R  ^  L  >  R  ^  L  R  ^  R  ^  L  R  ^  L  L  
>  >  r  r  v  R  ^  L  ^  R  ^  R  ^  L  L  R  ^  L  R  ^  R  ^  L  R  ^  R  ^  L  
>  >  >  >  R  <  L  ^  L  ^  R  ^  L  L  l  R  R  R  ^  R  ^  L  R  ^  R  ^  L  ^  
>  >  R  R  ^  L  L  L  ^  L  ^  L  ^  L  <  l  R  ^  L  R  R  R  R  ^  ^  L  L  ^  
>  R  R  r  v  l  L  l  l  <  L  l  ^  ^  L  <  l  l  r  r  R  R  ^  R  ^  L  l  l  
R  R  >  >  >  <  v  l  <  v  l  <  l  L  L  L  <  <  r  >  R  R  ^  R  ^  L  <  <  
R  >  >  R  ^  L  L  <  v  l  <  l  <  l  ^  L  L  r  v  R  R  ^  R  R  ^  L  L  l  
>  >  R  ^  L  R  r  v  l  <  l  <  l  l  l  ^  >  r  r  r  v  l  v  l  v  l  l  v  
>  R  R  ^  L  r  >  v  <  <  l  l  <  <  <  L  >  >  r  v  l  v  l  v  l  l  v  l  
R  R  ^  >  r  >  R  ^  L  <  l  l  L  L  L  L  R  R  r  r  v  l  v  l  l  v  l  l  
R  ^  >  >  >  r  r  v  l  l  l  l  l  l  v  l  l  r  r  v  v  l  l  l  v  l  l  v  
^  R  R  >  >  >  r  v  l  l  l  <  l  l  v  l  v  l  r  v  r  v  l  v  v  l  v  v  
^  L  R  r  >  >  >  r  <  l  <  r  v  v  l  r  v  l  v  r  v  l  r  v  l  r  v  l  
r  r  r  >  R  >  R  ^  L  <  <  r  v  l  r  v  l  r  v  l  <  <  >  ^  <  >  >  <  
v  r  >  R  >  R  ^  R  ^  L  <  >  ^  <  >  v  <  >  ^  <  ^  L  R  ^  L  R  ^  L  
v  l  r  >  R  ^  R  ^  ^  ^  L  R  ^  L  R  ^  L  R  ^  L  <  ^  L  L  L  >  r  v  
r  v  r  r  v  R  ^  ^  ^  ^  R  ^  R  ^  L  ^  L  L  ^  ^  L  r  v  r  v  r  >  >  
>  r  v  l  r  v  l  r  v  l  r  v  l  r  v  l  r  v  l  r  v  l  r  v  l  >  R  ^  
r  >  l  <  >  <  <  >  v  <  >  v  <  >  >  <  >  l  <  >  L  <  >  R  <  R  ^  ^  
>  R  ^  L  R  ^  L  R  ^  L  R  ^  L  R  ^  L  R  ^  L  R  ^  L  R  ^  L  <  ^  L  
R  ^  L  R  ^  ^  R  R  ^  R  ^  ^  R  ^  R  R  ^  L  R  ^  L  R  ^  R  ^  L  <  ^  
Correct actions (%) : 12.00
Avg angular diffs   : 88.20
