arguments: 44 30 3 -0.114286 0.714778 0.0724138 -0.0985222
loading features...

Initializing gridworld of size 28 by 22..
    Num states: 616
    Num actions: 8
recovered reward
-0.10, -0.10, -0.10, -0.10, -0.10, -0.10, -0.10, -0.13, -0.16, 0.04, -0.10, -0.10, -0.10, 0.08, -0.10, -0.10, -0.10, 0.08, -0.10, -0.10, 0.09, -0.10, 0.10, -0.10, -0.10, 0.10, -0.10, -0.10, 
-0.10, -0.10, -0.10, -0.10, -0.10, -0.10, 0.06, -0.16, -0.21, -0.16, -0.10, -0.10, -0.10, -0.10, -0.10, -0.10, -0.10, -0.10, -0.10, -0.10, -0.10, -0.10, -0.10, -0.10, -0.10, -0.10, -0.10, -0.10, 
-0.10, -0.10, -0.10, 0.08, 0.26, 0.08, -0.10, -0.13, -0.16, -0.13, -0.10, -0.10, -0.10, -0.10, -0.10, -0.10, -0.10, -0.10, -0.10, -0.10, -0.10, -0.10, -0.10, -0.10, -0.10, -0.10, -0.10, -0.10, 
-0.10, -0.10, -0.10, 0.26, 0.77, 0.26, -0.10, -0.10, -0.10, -0.10, -0.10, -0.10, -0.10, -0.10, -0.10, -0.10, -0.10, -0.10, -0.10, -0.10, -0.10, -0.10, -0.10, -0.10, -0.10, -0.10, -0.10, -0.10, 
-0.10, -0.10, -0.10, 0.08, 0.26, 0.08, -0.10, -0.10, -0.10, -0.13, -0.16, -0.13, -0.10, -0.10, -0.10, -0.10, -0.10, -0.10, -0.10, -0.10, -0.10, -0.10, -0.10, -0.10, -0.10, -0.10, -0.10, -0.10, 
-0.10, -0.10, -0.10, -0.13, -0.16, -0.13, 0.08, 0.26, 0.05, -0.16, -0.13, -0.16, -0.10, -0.10, -0.10, -0.10, -0.10, -0.10, -0.10, -0.10, -0.10, -0.10, -0.10, -0.10, -0.10, -0.10, -0.10, -0.10, 
0.08, 0.26, 0.08, -0.16, -0.07, -0.16, 0.26, 0.62, 0.20, -0.21, -0.16, -0.13, -0.13, -0.10, -0.10, -0.13, -0.16, -0.13, -0.10, -0.10, -0.10, -0.10, -0.10, -0.10, -0.10, -0.10, -0.10, -0.10, 
0.26, 0.62, 0.26, -0.13, -0.16, -0.13, 0.22, 0.26, 0.05, -0.16, -0.13, -0.21, -0.16, -0.10, -0.10, -0.16, -0.21, -0.16, -0.13, -0.10, -0.10, -0.10, -0.10, -0.10, -0.10, -0.10, -0.10, -0.10, 
0.08, 0.26, 0.08, -0.10, -0.10, -0.10, -0.10, -0.10, -0.10, -0.10, -0.13, -0.16, -0.13, -0.10, -0.10, -0.13, -0.16, -0.13, -0.16, -0.10, -0.10, -0.10, -0.10, -0.10, -0.10, -0.10, -0.10, -0.10, 
-0.10, -0.10, -0.10, -0.10, -0.10, -0.10, -0.10, 0.03, -0.10, -0.10, -0.10, -0.10, -0.10, -0.10, -0.10, -0.10, -0.13, -0.16, -0.13, -0.10, -0.10, -0.10, -0.10, -0.10, -0.10, -0.10, -0.10, -0.10, 
-0.10, -0.10, -0.10, -0.10, -0.10, -0.10, -0.10, -0.10, -0.10, -0.10, -0.10, 0.08, 0.26, 0.08, 0.26, 0.08, -0.10, -0.10, -0.10, -0.10, -0.10, -0.10, -0.10, -0.10, -0.10, -0.10, -0.10, -0.10, 
-0.10, -0.10, -0.10, -0.10, -0.10, -0.10, -0.10, -0.10, -0.10, -0.10, -0.10, 0.26, 0.62, 0.26, 0.62, 0.26, -0.10, -0.10, -0.10, -0.10, -0.10, -0.10, -0.10, -0.10, -0.10, -0.10, -0.10, -0.10, 
-0.10, -0.10, -0.10, -0.10, -0.10, -0.10, -0.10, -0.10, -0.10, -0.10, -0.10, 0.08, 0.26, 0.08, 0.26, 0.08, -0.10, -0.10, -0.10, 0.08, 0.26, 0.08, -0.10, -0.10, -0.10, -0.10, -0.10, -0.10, 
-0.10, -0.10, -0.10, -0.10, -0.10, -0.10, -0.10, 0.02, -0.10, -0.10, -0.10, -0.10, -0.10, -0.10, 0.08, 0.26, 0.08, -0.10, -0.10, 0.26, 0.62, 0.26, -0.10, -0.10, -0.10, -0.10, -0.10, -0.10, 
-0.10, -0.10, -0.10, -0.10, -0.10, -0.10, -0.10, 0.08, 0.37, 0.08, -0.10, -0.10, -0.10, -0.13, 0.20, 0.59, 0.26, -0.10, -0.10, 0.08, 0.35, 0.08, -0.10, -0.02, -0.10, -0.10, -0.03, -0.10, 
-0.10, -0.10, -0.10, -0.10, -0.10, -0.10, -0.10, 0.08, 0.26, 0.08, -0.10, -0.10, 0.01, -0.16, -0.03, 0.30, 0.08, -0.13, 0.12, 0.23, 0.08, -0.10, -0.10, -0.10, -0.10, -0.10, -0.10, -0.10, 
-0.10, -0.10, -0.13, -0.16, -0.13, -0.10, -0.10, 0.26, 0.62, 0.26, -0.10, -0.10, -0.10, -0.13, -0.16, -0.13, -0.10, -0.16, 0.14, 0.56, 0.26, -0.10, -0.10, -0.10, -0.10, -0.10, -0.10, -0.10, 
-0.10, -0.10, -0.16, -0.21, -0.16, -0.10, -0.10, 0.08, 0.26, 0.08, -0.10, -0.10, -0.10, -0.10, -0.10, -0.10, -0.10, -0.13, 0.05, 0.20, 0.05, -0.10, -0.10, -0.10, -0.10, -0.10, -0.10, -0.03, 
-0.10, -0.10, -0.13, -0.16, -0.13, -0.10, -0.10, -0.10, -0.10, -0.10, -0.10, -0.10, -0.10, -0.10, -0.10, -0.10, -0.10, -0.10, 0.02, 0.14, 0.02, -0.10, -0.10, -0.10, -0.10, -0.10, -0.10, -0.10, 
-0.10, -0.10, -0.09, -0.10, -0.10, -0.08, -0.10, -0.10, -0.08, -0.10, -0.10, -0.07, -0.10, -0.10, -0.06, -0.10, -0.10, -0.06, -0.13, -0.16, -0.08, -0.10, -0.10, -0.04, -0.10, -0.10, -0.10, -0.10, 
-0.10, -0.10, -0.10, -0.10, -0.10, -0.10, -0.10, -0.10, -0.10, -0.10, -0.10, -0.10, -0.10, -0.10, -0.10, -0.10, -0.10, -0.10, -0.10, -0.10, -0.10, -0.10, -0.10, -0.10, -0.10, -0.10, -0.10, -0.10, 
-0.10, -0.10, -0.10, -0.10, -0.10, -0.10, -0.10, -0.10, -0.10, -0.10, -0.10, -0.10, -0.10, -0.10, -0.10, -0.10, -0.10, -0.10, -0.10, -0.10, -0.10, -0.10, -0.10, -0.10, -0.10, -0.10, -0.10, -0.10, 
-- optimal policy --
r  r  r  r  v  r  v  l  >  ^  <  >  >  ^  <  >  >  ^  <  >  ^  >  ^  <  >  ^  <  l  
>  r  r  r  v  l  l  <  R  ^  L  >  R  ^  L  R  R  ^  L  R  ^  R  ^  L  R  ^  L  <  
>  r  r  r  v  l  l  L  l  R  ^  R  ^  ^  ^  R  R  ^  R  ^  R  R  ^  R  R  ^  L  L  
r  r  >  >  <  <  <  <  l  l  l  ^  R  ^  R  R  ^  R  ^  R  R  ^  R  R  ^  R  ^  L  
v  >  R  R  ^  L  L  v  l  l  <  L  ^  R  R  ^  R  R  R  ^  L  R  R  ^  R  ^  ^  ^  
r  v  l  R  ^  L  r  v  l  l  L  R  r  v  v  l  R  R  R  R  R  R  ^  R  ^  R  ^  ^  
r  v  l  l  L  >  >  ^  <  <  L  R  r  v  v  l  L  R  r  v  v  v  v  v  v  v  l  l  
>  <  <  <  l  R  R  ^  L  L  l  r  r  v  l  l  l  R  r  v  v  v  v  v  v  l  l  l  
R  ^  L  L  <  R  R  ^  L  L  r  r  v  l  v  l  l  l  r  r  v  v  v  v  l  l  l  l  
R  ^  L  L  L  R  >  L  <  r  r  r  v  l  v  l  l  l  r  v  r  v  l  l  l  l  <  v  
^  L  ^  L  L  >  R  ^  L  >  r  r  v  r  v  l  l  <  r  r  r  v  l  l  l  l  v  l  
R  ^  ^  L  L  r  v  r  v  >  >  >  v  >  v  <  <  r  r  r  v  l  l  l  <  v  l  v  
^  L  ^  L  r  r  r  v  l  v  R  R  ^  R  ^  L  L  l  r  r  v  l  l  <  v  l  v  v  
^  ^  ^  r  r  r  r  r  v  l  R  R  ^  R  r  v  l  l  >  >  v  <  <  v  l  r  v  l  
^  r  >  >  >  r  r  >  v  <  l  r  v  >  >  v  <  <  R  R  ^  L  L  <  <  >  l  <  
v  R  R  >  >  >  r  r  v  l  l  >  R  R  R  ^  L  L  r  v  l  L  L  ^  L  R  ^  L  
v  v  R  R  r  >  >  >  ^  <  <  R  ^  R  R  ^  L  >  >  >  <  <  L  L  ^  L  r  v  
r  v  l  r  >  >  R  R  ^  L  L  <  ^  R  R  R  ^  R  R  ^  L  L  L  L  l  R  >  r  
r  r  v  l  r  R  R  R  ^  L  L  L  l  r  v  l  r  R  R  ^  L  L  L  v  l  >  R  ^  
>  >  <  <  >  R  R  ^  ^  ^  L  L  <  >  L  <  >  R  R  ^  L  L  >  L  <  R  ^  ^  
R  R  ^  L  R  ^  L  R  ^  L  R  ^  L  R  ^  L  R  ^  L  R  ^  L  R  ^  L  <  L  ^  
R  ^  R  R  ^  L  R  ^  ^  R  R  R  R  ^  ^  R  ^  R  ^  L  L  ^  L  ^  ^  L  L  L  
Correct actions (%) : 10.81
Avg angular diffs   : 90.61
