arguments: 44 37 2 0.119318 0.227273 0.0852273 -0.568182
loading features...

Initializing gridworld of size 28 by 22..
    Num states: 616
    Num actions: 8
recovered reward
-0.57, -0.57, -0.57, -0.57, -0.57, -0.50, -0.57, -0.57, -0.49, -0.57, -0.57, -0.48, -0.57, -0.57, -0.57, -0.57, -0.57, -0.57, -0.57, -0.57, -0.57, -0.57, -0.57, -0.57, -0.57, -0.57, -0.57, -0.57, 
-0.57, -0.57, -0.57, -0.57, -0.57, -0.57, -0.57, -0.57, -0.57, -0.57, -0.57, -0.57, -0.57, -0.47, -0.57, -0.57, -0.57, -0.57, -0.57, -0.57, -0.57, -0.57, -0.57, -0.57, -0.57, -0.57, -0.57, -0.57, 
-0.57, -0.57, -0.57, -0.57, -0.51, -0.57, -0.45, -0.57, -0.57, -0.57, -0.57, -0.57, -0.57, -0.57, -0.57, -0.57, -0.57, -0.57, -0.57, -0.45, -0.57, -0.57, -0.57, -0.57, -0.57, -0.34, -0.57, -0.57, 
-0.57, -0.57, -0.57, -0.52, -0.57, -0.57, -0.57, -0.57, -0.57, -0.57, -0.57, -0.57, -0.57, -0.57, -0.57, -0.57, -0.57, -0.57, -0.57, -0.57, -0.57, -0.34, -0.57, -0.57, -0.57, -0.57, -0.57, -0.57, 
-0.57, -0.57, -0.45, -0.57, -0.57, -0.57, -0.57, -0.57, -0.45, -0.57, -0.57, -0.57, -0.57, -0.57, -0.47, -0.57, -0.57, -0.57, -0.57, -0.45, -0.57, -0.57, -0.57, -0.57, -0.35, -0.57, -0.57, -0.57, 
-0.57, -0.57, -0.57, -0.57, -0.57, -0.57, -0.57, -0.57, -0.34, -0.57, -0.57, -0.57, -0.57, -0.57, -0.57, -0.57, -0.57, -0.57, -0.57, -0.45, -0.57, -0.57, -0.57, -0.57, -0.57, -0.57, -0.57, -0.57, 
-0.57, -0.57, -0.53, -0.57, -0.57, -0.57, -0.57, -0.57, -0.57, -0.57, -0.57, -0.57, -0.46, -0.57, -0.57, -0.57, -0.57, -0.57, -0.57, -0.57, -0.57, -0.57, -0.57, -0.57, -0.57, -0.57, -0.57, -0.57, 
-0.57, -0.57, -0.57, -0.57, -0.57, -0.57, -0.57, -0.57, -0.57, -0.57, -0.57, -0.57, -0.57, -0.57, -0.57, -0.57, -0.57, -0.57, -0.57, -0.57, -0.57, -0.57, -0.36, -0.57, -0.57, -0.57, -0.57, -0.57, 
-0.57, -0.57, -0.57, -0.57, -0.57, -0.57, -0.57, -0.57, -0.57, -0.57, -0.57, -0.57, -0.57, -0.57, -0.57, -0.57, -0.57, -0.57, -0.57, -0.57, -0.57, -0.57, -0.57, -0.57, -0.57, -0.57, -0.57, -0.57, 
-0.57, -0.53, -0.57, -0.57, -0.57, -0.57, -0.57, -0.57, -0.57, -0.57, -0.57, -0.45, -0.34, -0.57, -0.57, -0.57, -0.57, -0.57, -0.57, -0.57, -0.57, -0.57, -0.57, -0.57, -0.57, -0.57, -0.57, -0.57, 
-0.57, -0.57, -0.57, -0.57, -0.57, -0.45, -0.57, -0.57, -0.57, -0.57, -0.57, -0.57, -0.57, -0.57, -0.57, -0.57, -0.34, -0.57, -0.57, -0.57, -0.57, -0.57, -0.57, -0.36, -0.57, -0.57, -0.57, -0.57, 
-0.57, -0.57, -0.57, -0.57, -0.57, -0.57, -0.57, -0.57, -0.57, -0.57, -0.57, -0.57, -0.57, -0.57, -0.22, -0.57, -0.57, -0.57, -0.57, -0.57, -0.57, -0.57, -0.57, -0.57, -0.57, -0.57, -0.57, -0.57, 
-0.57, -0.57, -0.57, -0.57, -0.57, -0.57, -0.57, -0.57, -0.57, -0.57, -0.44, -0.57, -0.57, -0.57, -0.57, -0.57, -0.57, -0.57, -0.57, -0.34, -0.57, -0.57, -0.57, -0.57, -0.57, -0.57, -0.57, -0.57, 
-0.57, -0.54, -0.57, -0.57, -0.57, -0.57, -0.57, -0.57, -0.57, -0.57, -0.57, -0.57, -0.57, -0.57, -0.57, -0.57, -0.57, -0.57, -0.57, -0.57, -0.57, -0.57, -0.57, -0.37, -0.57, -0.57, -0.57, -0.57, 
-0.57, -0.57, -0.57, -0.57, -0.34, -0.57, -0.57, -0.57, -0.57, -0.57, -0.45, -0.57, -0.57, -0.57, -0.57, -0.34, -0.57, -0.57, -0.57, -0.57, -0.57, -0.57, -0.57, -0.57, -0.57, -0.57, -0.57, -0.57, 
-0.57, -0.57, -0.57, -0.57, -0.57, -0.57, -0.57, -0.57, -0.57, -0.57, -0.57, -0.43, -0.34, -0.57, -0.57, -0.57, -0.57, -0.57, -0.57, -0.57, -0.57, -0.57, -0.57, -0.57, -0.57, -0.57, -0.57, -0.57, 
-0.57, -0.55, -0.57, -0.57, -0.57, -0.57, -0.22, -0.57, -0.57, -0.57, -0.57, -0.57, -0.57, -0.57, -0.57, -0.57, -0.57, -0.57, -0.57, -0.57, -0.57, -0.34, -0.57, -0.38, -0.57, -0.57, -0.45, -0.57, 
-0.57, -0.57, -0.57, -0.57, -0.57, -0.57, -0.57, -0.57, -0.57, -0.57, -0.57, -0.34, -0.57, -0.57, -0.57, -0.57, -0.57, -0.57, -0.57, -0.57, -0.57, -0.57, -0.57, -0.57, -0.57, -0.57, -0.57, -0.57, 
-0.57, -0.57, -0.57, -0.57, -0.57, -0.57, -0.57, -0.57, -0.57, -0.57, -0.57, -0.42, -0.57, -0.57, -0.57, -0.57, -0.57, -0.57, -0.57, -0.57, -0.57, -0.39, -0.57, -0.57, -0.57, -0.57, -0.57, -0.57, 
-0.56, -0.57, -0.57, -0.57, -0.45, -0.57, -0.57, -0.57, -0.57, -0.57, -0.57, -0.57, -0.41, -0.57, -0.57, -0.41, -0.57, -0.57, -0.40, -0.57, -0.57, -0.57, -0.57, -0.57, -0.57, -0.57, -0.57, -0.57, 
-0.57, -0.57, -0.57, -0.57, -0.57, -0.57, -0.57, -0.57, -0.57, -0.57, -0.57, -0.57, -0.57, -0.57, -0.57, -0.57, -0.57, -0.57, -0.57, -0.57, -0.57, -0.57, -0.57, -0.57, -0.57, -0.57, -0.57, -0.57, 
-0.57, -0.57, -0.57, -0.57, -0.57, -0.57, -0.57, -0.57, -0.57, -0.57, -0.57, -0.57, -0.57, -0.57, -0.57, -0.57, -0.57, -0.57, -0.57, -0.57, -0.57, -0.57, -0.57, -0.57, -0.57, -0.57, -0.57, -0.57, 
-- optimal policy --
r  r  r  >  r  v  l  v  l  <  r  v  l  v  l  r  v  l  l  v  v  l  l  l  l  l  v  l  
v  r  >  r  >  r  v  l  v  v  v  l  l  l  v  v  v  l  r  v  l  v  l  l  l  v  l  l  
r  v  r  >  r  >  r  r  v  v  l  l  r  v  v  v  l  r  v  l  r  v  l  l  l  l  <  <  
>  r  v  R  >  R  r  r  v  l  l  r  v  r  v  l  l  v  r  v  l  l  <  <  v  l  L  L  
r  >  r  r  R  r  >  r  v  l  r  r  v  v  l  <  v  l  r  v  l  ^  L  L  l  <  <  L  
r  r  v  r  r  >  r  >  r  <  v  r  v  l  l  v  l  l  v  v  l  l  l  l  l  L  L  <  
r  r  r  v  r  r  >  R  r  r  v  v  l  v  l  l  l  v  v  l  l  l  v  l  l  l  L  l  
v  r  r  r  v  r  v  l  >  r  r  v  l  v  l  v  v  v  l  l  l  l  l  <  l  l  l  l  
r  v  >  r  r  v  r  v  l  >  r  r  v  l  r  v  v  l  l  l  l  l  v  l  l  l  l  l  
v  v  r  >  r  r  v  r  v  l  >  >  r  <  r  r  v  l  l  <  l  v  l  v  l  l  l  l  
r  v  v  r  >  >  r  v  r  v  v  R  ^  r  v  l  l  <  l  l  v  l  l  l  <  <  <  <  
>  r  v  v  R  r  >  r  r  r  v  l  v  >  v  <  ^  L  l  v  l  l  l  ^  L  <  L  L  
r  >  r  v  l  l  r  r  r  r  v  v  l  v  v  l  v  l  l  l  <  <  <  v  l  L  L  l  
>  r  >  r  v  l  >  r  >  r  v  l  v  v  l  v  l  l  l  ^  L  <  <  <  <  <  l  l  
R  >  r  >  r  <  r  >  r  >  r  r  v  l  l  l  <  <  l  l  ^  L  <  l  L  l  l  l  
r  r  >  R  ^  r  v  r  >  r  v  >  v  <  <  ^  L  L  <  l  r  v  l  v  l  l  l  l  
>  >  R  ^  r  >  r  >  r  >  r  v  l  L  L  l  l  L  l  l  >  l  <  <  <  <  <  <  
R  R  ^  r  >  R  ^  r  >  r  >  v  <  <  l  l  l  l  l  l  l  ^  L  ^  L  L  L  L  
R  ^  r  >  R  ^  r  >  r  >  R  ^  L  l  l  <  l  l  l  l  l  l  <  L  L  L  L  L  
^  r  >  R  ^  r  >  r  >  R  R  ^  L  <  l  l  <  <  <  <  <  ^  L  L  L  L  L  <  
r  >  R  R  ^  >  r  >  R  R  ^  R  ^  L  <  <  L  <  <  L  <  L  ^  L  L  L  ^  L  
>  R  R  ^  >  >  >  R  R  ^  R  ^  R  ^  L  <  <  L  <  <  L  <  L  ^  L  L  L  ^  
Correct actions (%) : 13.16
Avg angular diffs   : 75.79
