arguments: 44 26 1 -0.148127 0.728717 0.00964813 -0.113507
loading features...

Initializing gridworld of size 28 by 22..
    Num states: 616
    Num actions: 8
recovered reward
-0.11, -0.11, -0.11, -0.11, -0.11, -0.11, -0.09, -0.11, -0.19, -0.24, -0.19, -0.11, -0.11, -0.09, -0.11, -0.11, -0.15, -0.16, -0.15, -0.11, -0.09, -0.11, -0.09, -0.11, -0.11, -0.09, -0.11, -0.11, 
-0.11, -0.11, -0.11, -0.09, -0.11, -0.11, -0.11, -0.11, -0.15, -0.19, -0.15, -0.11, -0.11, -0.11, -0.11, -0.11, -0.19, -0.26, -0.19, 0.03, 0.25, 0.07, -0.11, -0.11, -0.11, -0.11, -0.11, -0.11, 
-0.11, -0.09, -0.11, -0.11, -0.11, -0.11, -0.11, -0.11, -0.11, -0.11, -0.11, -0.11, -0.11, -0.11, 0.07, 0.25, 0.03, -0.19, 0.03, 0.18, 0.07, 0.25, -0.11, -0.11, -0.11, -0.11, -0.11, -0.11, 
-0.10, -0.11, -0.11, -0.11, -0.11, -0.11, -0.11, -0.11, -0.11, -0.11, -0.11, -0.11, -0.11, -0.11, 0.25, 0.62, 0.25, -0.15, 0.18, 0.58, 0.25, 0.07, -0.11, -0.11, -0.11, -0.11, -0.11, -0.11, 
-0.11, -0.11, -0.11, -0.11, -0.11, -0.11, -0.11, -0.11, -0.11, -0.11, -0.11, -0.11, -0.11, -0.11, 0.07, 0.25, 0.07, -0.15, -0.01, 0.21, 0.07, -0.11, 0.07, 0.25, 0.07, -0.11, -0.11, -0.11, 
-0.11, -0.11, -0.11, -0.11, -0.11, -0.11, -0.11, -0.11, -0.11, -0.11, -0.11, -0.11, -0.11, -0.11, -0.11, -0.11, -0.11, -0.19, -0.26, -0.19, -0.15, -0.19, 0.21, 0.62, 0.25, -0.11, -0.11, -0.11, 
-0.10, -0.11, -0.11, -0.11, -0.11, -0.11, -0.11, -0.11, -0.11, -0.11, -0.11, -0.11, -0.11, -0.11, -0.11, -0.11, -0.11, -0.15, -0.19, -0.15, -0.19, -0.26, -0.01, 0.25, 0.07, -0.11, -0.11, -0.11, 
-0.11, -0.11, -0.10, -0.11, -0.11, -0.10, -0.11, -0.11, -0.11, -0.11, -0.11, -0.11, -0.11, 0.07, 0.25, 0.07, -0.11, -0.11, -0.11, -0.11, -0.15, -0.19, -0.15, -0.11, -0.11, -0.11, -0.11, -0.11, 
-0.11, -0.11, -0.11, -0.11, -0.11, -0.11, -0.11, -0.11, -0.11, -0.11, -0.11, -0.11, -0.11, 0.25, 0.62, 0.25, -0.11, -0.11, -0.11, -0.11, -0.11, -0.11, -0.11, -0.11, -0.11, -0.11, -0.11, -0.11, 
-0.11, -0.11, -0.11, -0.11, -0.11, -0.11, -0.11, -0.11, -0.11, -0.10, -0.11, -0.11, -0.10, 0.07, 0.25, 0.08, -0.11, -0.11, -0.10, -0.11, -0.11, -0.11, -0.11, -0.11, -0.11, -0.11, -0.11, -0.11, 
-0.11, -0.11, -0.11, -0.11, -0.11, 0.07, 0.25, 0.07, -0.11, -0.11, -0.11, -0.11, -0.11, -0.11, -0.11, -0.11, -0.11, -0.11, -0.11, -0.11, -0.11, -0.10, -0.11, -0.11, -0.11, -0.11, -0.11, -0.11, 
-0.11, -0.11, -0.15, -0.19, -0.15, 0.25, 0.62, 0.25, -0.11, -0.11, -0.15, -0.19, -0.15, -0.11, -0.11, -0.15, -0.19, -0.15, -0.11, -0.11, -0.11, -0.11, -0.11, -0.11, -0.14, -0.19, -0.15, -0.11, 
-0.11, -0.11, -0.19, -0.26, -0.19, 0.07, 0.25, 0.07, -0.11, -0.11, -0.19, -0.26, -0.19, -0.15, -0.19, -0.19, -0.26, -0.19, -0.11, -0.11, -0.11, -0.11, -0.11, -0.11, -0.19, -0.26, -0.19, -0.11, 
-0.11, -0.11, -0.15, -0.19, -0.15, -0.11, -0.11, -0.11, -0.11, -0.11, -0.15, -0.19, -0.15, -0.19, -0.26, -0.15, -0.19, -0.15, -0.11, -0.11, -0.11, -0.11, -0.11, -0.11, -0.15, -0.19, -0.15, -0.11, 
-0.11, -0.11, -0.11, -0.15, -0.19, -0.15, -0.11, -0.11, -0.11, -0.11, -0.11, -0.11, -0.11, -0.15, -0.19, -0.15, -0.15, -0.19, -0.15, -0.11, 0.07, 0.25, 0.07, -0.11, -0.10, -0.11, -0.11, -0.11, 
-0.11, -0.11, -0.11, -0.19, -0.26, -0.19, -0.11, -0.11, -0.11, -0.11, -0.11, -0.11, -0.11, 0.07, 0.25, 0.07, -0.01, 0.10, -0.01, -0.11, 0.25, 0.62, 0.25, 0.25, 0.07, -0.11, -0.11, -0.11, 
-0.11, -0.11, -0.11, -0.15, -0.19, -0.15, -0.11, -0.11, -0.11, -0.11, 0.07, 0.25, 0.07, 0.25, 0.62, 0.25, 0.21, 0.54, 0.21, -0.11, 0.07, 0.25, 0.07, 0.62, 0.25, -0.11, -0.11, -0.11, 
-0.11, -0.11, -0.11, -0.11, -0.11, -0.11, -0.11, -0.11, -0.11, -0.11, 0.25, 0.62, 0.25, 0.07, 0.25, 0.07, 0.07, 0.25, 0.07, -0.11, -0.11, -0.11, 0.07, 0.25, 0.07, -0.11, -0.11, -0.11, 
-0.11, -0.11, -0.11, -0.11, -0.11, -0.11, -0.11, -0.11, -0.11, -0.11, 0.07, 0.25, 0.07, -0.11, -0.11, -0.11, -0.11, -0.11, -0.11, -0.11, -0.11, -0.11, -0.11, -0.11, -0.11, -0.11, -0.11, -0.11, 
-0.11, -0.11, -0.11, -0.11, -0.11, -0.11, -0.11, -0.11, -0.11, -0.11, -0.11, -0.11, -0.11, -0.11, -0.11, -0.11, -0.11, -0.11, -0.11, -0.11, -0.11, -0.11, -0.11, -0.11, -0.11, -0.11, -0.11, -0.11, 
-0.11, -0.11, -0.11, -0.11, -0.11, -0.11, -0.11, -0.11, -0.11, -0.11, -0.11, -0.11, -0.11, -0.11, -0.11, -0.11, -0.11, -0.11, -0.11, -0.11, -0.11, -0.11, -0.11, -0.11, -0.11, -0.11, -0.11, -0.11, 
-0.11, -0.11, -0.11, -0.11, -0.11, -0.11, -0.11, -0.11, -0.11, -0.11, -0.11, -0.11, -0.11, -0.11, -0.11, -0.11, -0.11, -0.11, -0.11, -0.11, -0.11, -0.11, -0.11, -0.11, -0.11, -0.11, -0.11, -0.11, 
-- optimal policy --
v  v  r  v  l  >  L  <  <  l  >  r  r  r  v  l  l  l  r  r  v  l  l  l  >  ^  <  <  
r  v  l  <  <  R  ^  L  <  l  >  >  r  r  r  v  l  l  r  >  r  v  l  <  R  ^  L  l  
>  l  <  ^  L  ^  ^  L  L  <  >  r  >  r  r  v  l  l  r  v  l  l  <  v  v  l  l  l  
R  ^  L  <  ^  L  R  ^  L  r  R  >  R  >  >  <  <  <  >  >  <  <  r  v  l  l  l  <  
^  L  ^  L  <  ^  L  l  l  r  r  R  >  R  R  ^  L  L  R  ^  L  L  r  v  l  l  <  <  
v  l  L  v  l  v  l  l  l  >  r  r  R  R  R  ^  L  L  R  ^  L  >  >  ^  <  <  l  l  
<  <  v  l  r  v  l  l  l  r  r  r  r  r  v  l  l  L  l  R  ^  R  R  ^  L  L  <  <  
^  L  r  <  >  v  <  v  l  l  r  r  r  r  v  l  l  <  <  v  r  R  R  ^  L  L  L  <  
^  R  ^  r  r  v  l  l  l  l  l  r  >  >  <  <  <  <  v  l  >  R  R  ^  ^  L  L  L  
R  ^  >  r  r  r  v  l  l  l  <  >  R  R  ^  L  L  <  <  <  r  R  ^  ^  L  ^  L  L  
^  R  >  >  r  r  v  l  l  <  L  R  R  R  ^  L  L  L  ^  L  >  v  <  v  l  L  ^  L  
>  R  R  R  >  >  v  <  <  l  R  R  R  ^  R  ^  L  L  r  v  r  v  v  v  l  L  r  v  
R  ^  L  R  R  R  ^  L  L  <  <  R  R  R  ^  L  L  r  r  r  v  r  v  l  l  l  r  v  
^  ^  L  >  R  R  ^  L  L  L  v  r  v  l  l  v  l  l  r  r  r  v  l  l  v  l  l  l  
^  ^  L  R  R  ^  R  ^  L  r  r  v  r  r  v  l  r  v  l  r  r  v  l  l  l  l  l  <  
r  r  v  l  R  R  R  R  r  r  r  v  r  r  v  l  r  v  l  >  >  >  r  v  l  l  <  <  
v  v  r  v  r  R  r  r  >  r  r  v  l  >  <  <  >  v  <  R  R  ^  >  L  <  <  L  <  
r  v  v  r  v  r  >  r  r  >  >  >  <  R  ^  L  R  ^  L  L  R  ^  R  ^  L  L  <  L  
>  r  v  l  r  v  l  >  >  R  R  ^  L  L  ^  L  R  ^  L  L  R  R  R  ^  L  L  L  <  
R  >  ^  <  >  v  <  R  R  R  R  ^  L  L  R  ^  L  R  ^  L  R  R  ^  ^  ^  L  L  L  
>  R  ^  L  R  ^  L  R  R  R  ^  ^  ^  L  L  L  L  L  ^  ^  L  ^  ^  L  R  L  L  L  
R  ^  R  R  ^  ^  R  R  R  R  ^  L  ^  ^  L  L  ^  L  L  L  L  L  R  ^  ^  ^  L  L  
Correct actions (%) : 11.76
Avg angular diffs   : 87.35
