arguments: 44 41 4 -0.501248 0 0.332363 -0.166389
loading features...

Initializing gridworld of size 28 by 22..
    Num states: 616
    Num actions: 8
recovered reward
-0.17, -0.17, -0.17, -0.29, -0.42, -0.29, -0.17, -0.29, -0.42, -0.29, -0.17, -0.17, -0.17, -0.17, -0.17, -0.17, -0.17, -0.17, -0.17, -0.17, -0.17, -0.17, -0.17, -0.17, -0.17, -0.17, -0.17, -0.17, 
-0.17, -0.17, -0.17, -0.42, -0.67, -0.42, -0.17, -0.42, -0.67, -0.15, -0.17, -0.17, 0.13, -0.17, -0.17, -0.17, -0.17, -0.17, -0.17, -0.17, -0.17, -0.17, -0.17, -0.17, -0.17, 0.70, -0.17, -0.17, 
-0.17, -0.17, -0.17, -0.29, -0.42, -0.29, -0.17, -0.29, -0.29, -0.42, -0.29, -0.17, -0.17, -0.17, -0.17, -0.17, 0.17, -0.17, -0.17, -0.17, -0.17, -0.17, -0.17, -0.17, -0.17, -0.17, -0.17, -0.17, 
-0.17, -0.17, -0.17, -0.17, -0.17, -0.17, -0.17, 0.07, -0.42, -0.67, -0.42, -0.17, -0.17, -0.17, -0.17, -0.17, -0.17, -0.17, -0.17, -0.17, -0.17, -0.17, -0.17, -0.17, -0.17, -0.17, -0.17, -0.17, 
-0.17, -0.17, -0.17, -0.17, -0.17, -0.17, 0.03, -0.17, -0.29, -0.42, -0.29, -0.17, -0.17, -0.17, -0.17, -0.17, -0.17, -0.17, -0.17, -0.17, -0.17, -0.17, -0.17, -0.17, -0.17, 0.66, -0.17, -0.17, 
-0.17, -0.17, -0.17, -0.17, -0.29, -0.42, -0.29, -0.17, -0.17, -0.17, -0.17, -0.17, -0.17, -0.17, -0.17, -0.17, 0.20, -0.17, -0.17, -0.17, -0.17, -0.17, -0.17, -0.17, -0.17, -0.17, -0.17, -0.17, 
-0.17, -0.17, -0.17, -0.17, -0.25, -0.67, -0.42, -0.29, -0.42, -0.29, -0.17, -0.17, -0.17, -0.17, 0.23, -0.17, -0.17, -0.17, -0.17, -0.17, -0.17, -0.17, -0.17, -0.17, -0.17, -0.17, -0.17, -0.17, 
-0.17, -0.29, -0.42, -0.29, -0.29, -0.42, -0.29, -0.42, -0.67, -0.42, -0.17, -0.17, -0.17, -0.17, -0.17, -0.17, -0.17, -0.17, -0.17, -0.17, -0.17, -0.17, -0.17, 0.63, -0.17, -0.17, -0.17, -0.17, 
-0.17, -0.42, -0.67, -0.42, -0.17, -0.17, -0.17, -0.29, -0.42, -0.29, -0.17, -0.17, -0.17, -0.17, -0.29, -0.42, -0.29, -0.17, -0.17, -0.17, -0.17, -0.17, -0.17, -0.17, -0.17, -0.17, -0.17, -0.17, 
-0.17, -0.29, -0.42, -0.29, -0.03, -0.17, -0.17, -0.17, -0.17, -0.17, -0.17, -0.17, 0.27, -0.17, -0.42, -0.67, -0.42, -0.17, -0.17, -0.17, -0.17, -0.17, -0.17, -0.17, -0.17, -0.17, -0.17, -0.17, 
-0.17, -0.17, -0.17, -0.17, -0.17, -0.17, -0.17, -0.17, -0.17, -0.17, -0.17, -0.17, -0.17, -0.17, -0.29, -0.42, -0.29, -0.17, -0.17, -0.17, -0.17, -0.17, -0.17, -0.17, 0.60, -0.17, -0.17, -0.17, 
-0.17, -0.17, -0.17, -0.17, -0.17, -0.17, -0.17, -0.17, -0.17, -0.17, 0.30, -0.17, -0.17, -0.17, -0.17, -0.17, -0.17, -0.17, -0.17, -0.17, -0.17, -0.17, -0.17, -0.17, -0.17, -0.17, -0.17, -0.17, 
-0.17, -0.17, -0.17, -0.29, -0.42, -0.29, -0.17, -0.17, -0.17, -0.17, -0.17, -0.17, -0.17, -0.17, -0.17, -0.17, -0.17, -0.17, -0.17, -0.17, -0.17, -0.17, -0.17, -0.17, -0.17, -0.17, -0.17, -0.17, 
-0.17, -0.17, -0.17, -0.32, -0.67, -0.42, -0.17, -0.17, -0.17, -0.17, -0.17, -0.17, -0.17, -0.17, -0.17, -0.17, -0.17, -0.17, -0.17, -0.17, -0.17, -0.17, -0.17, 0.56, -0.17, -0.17, -0.17, -0.17, 
-0.17, -0.17, -0.17, -0.29, -0.42, -0.29, -0.17, -0.17, -0.17, 0.33, -0.17, -0.17, -0.17, -0.17, -0.17, -0.17, -0.17, -0.17, -0.17, -0.17, -0.17, -0.29, -0.42, -0.29, -0.17, -0.17, -0.17, -0.17, 
-0.17, -0.17, -0.17, -0.17, -0.17, -0.17, -0.17, -0.17, -0.17, -0.17, -0.17, -0.17, -0.29, -0.42, -0.29, -0.17, -0.17, -0.17, -0.17, -0.17, -0.17, -0.42, -0.67, -0.42, -0.17, -0.17, -0.17, -0.17, 
-0.17, -0.17, -0.10, -0.17, -0.17, -0.17, -0.17, -0.17, -0.17, -0.17, -0.17, -0.17, 0.11, -0.67, -0.42, -0.17, -0.17, -0.17, -0.17, -0.17, -0.17, -0.29, -0.42, 0.41, -0.17, -0.17, -0.17, -0.17, 
-0.17, -0.17, -0.17, -0.17, -0.17, -0.17, -0.17, -0.17, -0.17, -0.17, -0.17, -0.17, -0.29, -0.42, -0.29, -0.17, -0.17, -0.17, -0.29, -0.42, -0.29, -0.17, -0.29, -0.42, -0.29, -0.17, -0.17, -0.17, 
-0.17, -0.17, -0.17, -0.17, -0.17, -0.17, -0.17, -0.17, -0.17, -0.17, -0.17, -0.17, -0.17, -0.17, -0.17, -0.17, -0.17, -0.17, -0.42, -0.67, -0.42, 0.50, -0.42, -0.67, -0.42, -0.17, -0.17, -0.17, 
-0.13, -0.17, -0.17, -0.17, -0.17, -0.17, -0.17, -0.17, -0.17, -0.17, -0.17, -0.17, -0.17, 0.40, -0.17, -0.17, 0.43, -0.17, -0.29, 0.21, -0.29, -0.17, -0.29, -0.42, -0.29, -0.17, -0.17, -0.17, 
-0.17, -0.17, -0.17, -0.17, -0.17, -0.17, -0.17, -0.17, -0.17, -0.17, -0.17, -0.17, -0.17, -0.17, -0.17, -0.17, -0.17, -0.17, -0.17, -0.17, -0.17, -0.17, -0.17, -0.17, -0.17, -0.17, -0.17, -0.17, 
-0.17, -0.17, -0.17, -0.17, -0.17, -0.17, -0.17, -0.17, -0.17, -0.17, -0.17, -0.17, -0.17, -0.17, -0.17, -0.17, -0.17, -0.17, -0.17, -0.17, -0.17, -0.17, -0.17, -0.17, -0.17, -0.17, -0.17, -0.17, 
-- optimal policy --
r  v  v  l  >  r  v  l  r  v  >  r  v  l  r  v  v  l  l  <  <  r  r  r  r  v  l  <  
>  r  v  l  r  r  v  l  >  R  >  >  <  <  >  r  v  l  <  <  l  >  >  >  >  <  <  L  
>  >  r  r  r  >  r  v  l  ^  R  R  ^  L  >  >  ^  <  <  l  l  R  R  R  R  ^  L  L  
>  >  >  >  >  r  >  l  <  L  R  ^  ^  ^  r  R  ^  L  l  l  v  R  R  R  r  v  l  L  
>  >  >  R  R  >  R  ^  L  l  R  >  r  r  r  r  v  l  <  l  r  v  R  >  >  v  <  L  
>  >  R  R  R  R  ^  L  L  <  v  r  >  r  v  l  <  <  L  <  >  r  v  >  R  ^  L  <  
>  R  R  ^  L  R  R  ^  L  r  r  v  R  >  ^  <  ^  L  <  L  >  >  r  v  l  ^  ^  L  
R  R  ^  r  r  v  l  l  L  >  r  r  v  R  ^  L  L  L  L  <  >  >  >  >  <  <  ^  ^  
v  l  r  r  v  l  <  r  v  l  >  r  v  l  l  ^  L  L  L  L  r  >  R  ^  L  <  l  <  
r  r  r  >  v  <  <  >  r  v  v  >  l  <  <  L  R  ^  L  r  >  R  ^  r  v  l  l  <  
r  >  >  R  ^  L  <  >  r  r  v  l  ^  L  L  l  l  l  >  >  R  ^  >  >  >  <  <  <  
r  >  R  ^  L  ^  L  v  >  >  v  <  <  ^  L  <  <  <  >  R  >  r  >  R  ^  L  L  <  
>  R  ^  R  ^  ^  >  r  v  R  ^  L  L  <  ^  L  L  <  R  R  >  >  r  v  l  L  L  L  
v  l  v  l  l  >  r  >  r  v  l  <  L  L  L  ^  L  r  R  >  >  R  >  >  <  <  L  L  
r  v  v  v  l  r  >  r  >  l  <  <  l  L  L  r  v  r  r  >  R  R  R  ^  L  L  <  L  
>  r  v  l  <  >  R  >  R  ^  L  r  v  l  r  v  r  v  r  r  v  l  r  v  l  L  <  <  
>  >  <  <  <  R  >  R  ^  L  L  >  <  <  r  r  v  l  l  r  r  v  >  R  <  <  L  <  
>  R  ^  L  <  >  R  ^  L  ^  >  R  ^  L  r  v  r  v  l  >  r  v  l  ^  L  L  L  L  
v  l  ^  ^  L  R  ^  ^  ^  >  R  >  r  v  l  r  v  l  r  v  >  ^  <  l  R  ^  L  L  
<  <  <  ^  ^  L  ^  R  R  R  >  r  >  l  <  >  v  <  >  v  R  ^  L  <  l  R  ^  L  
^  L  <  L  ^  L  L  >  R  >  R  >  R  ^  L  R  ^  L  R  ^  L  ^  L  L  <  <  ^  L  
^  ^  L  <  <  ^  >  R  R  R  >  R  ^  L  R  R  ^  L  L  ^  L  L  ^  L  L  L  <  ^  
Correct actions (%) : 12.20
Avg angular diffs   : 103.17
