arguments: 44 39 3 -0.190647 -0.402878 0.0467626 -0.359712
loading features...

Initializing gridworld of size 28 by 22..
    Num states: 616
    Num actions: 8
recovered reward
-0.36, -0.36, -0.36, -0.36, -0.36, -0.36, -0.36, -0.36, -0.36, -0.36, -0.36, -0.36, -0.36, -0.36, -0.36, -0.76, -0.36, -0.36, -0.36, -0.36, -0.36, -0.36, -0.36, -0.36, -0.36, -0.36, -0.36, -0.36, 
-0.36, -0.36, -0.36, -0.36, -0.36, -0.36, -0.36, -0.36, -0.36, -0.36, -0.36, -0.36, -0.36, -0.36, -0.36, -0.36, -0.36, -0.36, -0.36, -0.36, -0.36, -0.36, -0.36, -0.36, -0.36, -0.36, -0.36, -0.36, 
-0.36, -0.36, -0.36, -0.36, -0.36, -0.36, -0.55, -0.36, -0.36, -0.36, -0.36, -0.36, -0.36, -0.36, -0.36, -0.36, -0.36, -0.36, -0.36, -0.36, -0.36, -0.36, -0.76, -0.36, -0.36, -0.36, -0.26, -0.36, 
-0.36, -0.36, -0.36, -0.36, -0.36, -0.36, -0.36, -0.36, -0.36, -0.52, -0.36, -0.36, -0.32, -0.36, -0.36, -0.36, -0.36, -0.36, -0.36, -0.36, -0.36, -0.36, -0.36, -0.36, -0.36, -0.36, -0.36, -0.36, 
-0.36, -0.36, -0.55, -0.36, -0.36, -0.36, -0.36, -0.36, -0.36, -0.36, -0.36, -0.55, -0.36, -0.36, -0.36, -0.36, -0.36, -0.36, -0.36, -0.36, -0.36, -0.36, -0.36, -0.36, -0.36, -0.36, -0.55, -0.36, 
-0.36, -0.36, -0.36, -0.36, -0.36, -0.55, -0.36, -0.33, -0.36, -0.36, -0.36, -0.36, -0.36, -0.36, -0.36, -0.36, -0.36, -0.36, -0.36, -0.36, -0.36, -0.36, -0.36, -0.36, -0.36, -0.76, -0.26, -0.36, 
-0.36, -0.36, -0.36, -0.36, -0.36, -0.36, -0.36, -0.36, -0.36, -0.36, -0.36, -0.36, -0.36, -0.32, -0.36, -0.36, -0.36, -0.36, -0.36, -0.36, -0.36, -0.36, -0.36, -0.36, -0.36, -0.36, -0.36, -0.36, 
-0.36, -0.36, -0.36, -0.36, -0.36, -0.36, -0.36, -0.36, -0.36, -0.36, -0.36, -0.36, -0.36, -0.36, -0.36, -0.36, -0.36, -0.36, -0.36, -0.36, -0.36, -0.36, -0.36, -0.36, -0.36, -0.36, -0.36, -0.36, 
-0.36, -0.36, -0.36, -0.36, -0.36, -0.36, -0.36, -0.34, -0.36, -0.36, -0.36, -0.36, -0.36, -0.36, -0.31, -0.36, -0.36, -0.36, -0.36, -0.36, -0.36, -0.36, -0.36, -0.36, -0.36, -0.27, -0.36, -0.36, 
-0.36, -0.36, -0.36, -0.36, -0.36, -0.36, -0.36, -0.36, -0.36, -0.36, -0.36, -0.36, -0.36, -0.36, -0.36, -0.36, -0.36, -0.36, -0.36, -0.36, -0.36, -0.36, -0.36, -0.36, -0.36, -0.36, -0.36, -0.36, 
-0.36, -0.36, -0.76, -0.36, -0.36, -0.34, -0.36, -0.36, -0.36, -0.36, -0.36, -0.36, -0.36, -0.36, -0.36, -0.36, -0.50, -0.36, -0.36, -0.36, -0.36, -0.36, -0.36, -0.36, -0.36, -0.36, -0.36, -0.36, 
-0.36, -0.36, -0.36, -0.36, -0.36, -0.76, -0.55, -0.76, -0.36, -0.36, -0.95, -0.36, -0.36, -0.36, -0.36, -0.36, -0.36, -0.36, -0.36, -0.36, -0.36, -0.36, -0.36, -0.36, -0.27, -0.36, -0.36, -0.36, 
-0.36, -0.36, -0.36, -0.36, -0.36, -0.36, -0.36, -0.36, -0.36, -0.36, -0.36, -0.36, -0.36, -0.36, -0.36, -0.36, -0.36, -0.36, -0.36, -0.36, -0.55, -0.36, -0.36, -0.36, -0.36, -0.36, -0.36, -0.36, 
-0.36, -0.36, -0.36, -0.36, -0.35, -0.36, -0.36, -0.36, -0.36, -0.36, -0.36, -0.36, -0.76, -0.36, -0.36, -0.36, -0.76, -0.30, -0.36, -0.36, -0.36, -0.36, -0.36, -0.36, -0.36, -0.36, -0.36, -0.36, 
-0.36, -0.36, -0.36, -0.36, -0.36, -0.36, -0.36, -0.36, -0.36, -0.36, -0.36, -0.36, -0.36, -0.36, -0.36, -0.36, -0.36, -0.36, -0.36, -0.76, -0.36, -0.36, -0.28, -0.36, -0.36, -0.36, -0.36, -0.36, 
-0.36, -0.36, -0.36, -0.36, -0.36, -0.36, -0.36, -0.36, -0.76, -0.36, -0.55, -0.36, -0.36, -0.36, -0.36, -0.36, -0.36, -0.36, -0.36, -0.36, -0.36, -0.36, -0.36, -0.36, -0.36, -0.36, -0.36, -0.36, 
-0.36, -0.36, -0.35, -0.36, -0.36, -0.36, -0.36, -0.36, -0.36, -0.76, -0.36, -0.36, -0.36, -0.36, -0.36, -0.36, -0.36, -0.30, -0.36, -0.36, -0.36, -0.36, -0.36, -0.36, -0.36, -0.36, -0.36, -0.36, 
-0.36, -0.36, -0.36, -0.36, -0.36, -0.36, -0.36, -0.36, -0.36, -0.36, -0.36, -0.36, -0.36, -0.36, -0.36, -0.36, -0.36, -0.36, -0.36, -0.36, -0.36, -0.36, -0.36, -0.28, -0.36, -0.36, -0.36, -0.36, 
-0.36, -0.36, -0.36, -0.36, -0.36, -0.36, -0.36, -0.36, -0.36, -0.36, -0.55, -0.36, -0.36, -0.36, -0.36, -0.36, -0.36, -0.36, -0.36, -0.36, -0.36, -0.36, -0.36, -0.36, -0.36, -0.36, -0.36, -0.36, 
-0.36, -0.36, -0.36, -0.36, -0.36, -0.36, -0.36, -0.36, -0.36, -0.36, -0.36, -0.36, -0.36, -0.36, -0.36, -0.36, -0.29, -0.36, -0.36, -0.36, -0.28, -0.36, -0.36, -0.36, -0.36, -0.36, -0.36, -0.36, 
-0.36, -0.36, -0.36, -0.36, -0.36, -0.36, -0.36, -0.36, -0.36, -0.36, -0.36, -0.36, -0.36, -0.36, -0.36, -0.36, -0.36, -0.36, -0.36, -0.29, -0.36, -0.36, -0.36, -0.36, -0.36, -0.36, -0.36, -0.36, 
-0.36, -0.36, -0.36, -0.36, -0.36, -0.36, -0.36, -0.36, -0.36, -0.36, -0.36, -0.36, -0.36, -0.36, -0.36, -0.36, -0.36, -0.36, -0.36, -0.36, -0.36, -0.36, -0.36, -0.36, -0.36, -0.36, -0.36, -0.36, 
-- optimal policy --
r  r  r  v  l  r  r  r  r  r  v  l  l  l  v  l  v  r  r  v  r  r  r  >  r  v  v  v  
r  r  r  r  v  l  r  v  r  r  r  v  l  l  l  v  l  v  r  r  v  >  r  r  >  r  v  l  
>  r  r  r  r  v  r  v  v  r  r  r  v  l  l  l  v  l  r  r  r  v  r  r  r  >  v  <  
r  >  r  >  r  r  v  r  v  r  v  r  v  l  v  l  l  r  v  r  r  r  v  >  r  v  l  v  
>  r  >  r  >  r  r  v  r  v  r  r  v  v  l  l  v  r  r  v  r  r  r  v  >  r  v  l  
r  >  r  r  r  r  r  r  r  r  v  r  r  v  l  v  l  l  r  r  v  r  r  v  v  >  v  <  
r  r  >  r  r  r  r  r  r  v  r  v  r  v  v  l  l  l  v  r  r  v  >  r  v  v  l  l  
r  r  r  >  r  r  r  r  r  r  v  r  v  r  v  l  l  v  l  v  r  v  r  >  r  v  l  l  
r  r  r  r  r  r  >  >  >  r  r  v  r  v  v  l  v  l  v  l  v  r  v  r  >  v  <  l  
r  >  r  r  r  >  r  r  r  r  r  r  v  r  r  v  l  v  l  v  v  l  r  v  v  l  l  l  
r  r  >  r  >  >  >  r  r  >  r  r  r  v  r  v  v  l  v  l  l  l  >  r  v  l  l  <  
r  r  r  >  R  r  r  r  r  r  >  >  r  r  r  r  v  l  l  l  r  v  v  >  v  <  l  v  
r  r  >  R  r  >  r  r  >  r  r  >  >  r  r  v  r  v  l  v  r  v  l  v  l  L  v  l  
r  >  R  >  r  r  >  r  r  r  r  r  r  r  r  v  l  l  v  l  >  r  v  l  l  v  l  l  
>  R  >  R  r  r  r  >  r  >  r  r  r  r  >  r  v  v  l  l  r  >  v  <  l  l  l  l  
R  >  R  R  >  >  r  r  >  r  r  r  r  r  r  >  r  v  l  v  v  r  v  r  v  l  l  l  
>  R  R  r  >  >  >  r  r  r  r  r  r  r  >  r  >  r  v  v  v  v  r  v  l  l  l  l  
R  R  r  r  r  >  >  >  r  >  r  r  r  >  r  >  r  >  r  v  v  l  l  l  <  <  l  l  
R  r  >  r  r  >  >  r  >  r  r  r  r  r  >  r  >  r  >  r  v  l  l  ^  L  L  <  l  
>  >  r  >  r  r  >  >  r  >  r  r  r  r  r  >  r  r  r  >  l  <  l  l  ^  L  L  <  
R  >  r  r  >  >  >  >  >  r  >  r  r  r  >  R  r  r  >  R  ^  L  <  <  <  ^  L  L  
>  >  >  >  R  >  >  >  >  >  >  >  >  >  R  >  >  >  R  ^  L  ^  L  <  L  <  ^  L  
Correct actions (%) : 15.94
Avg angular diffs   : 79.57
