arguments: 44 30 3 0.308059 -0.511355 -0.107326 -0.0732601
loading features...

Initializing gridworld of size 28 by 22..
    Num states: 616
    Num actions: 8
recovered reward
-0.07, -0.07, -0.07, -0.07, -0.07, -0.07, -0.07, 0.00, 0.08, -0.24, -0.07, -0.07, -0.07, -0.33, -0.07, -0.07, -0.07, -0.34, -0.07, -0.07, -0.35, -0.07, -0.36, -0.07, -0.07, -0.37, -0.07, -0.07, 
-0.07, -0.07, -0.07, -0.07, -0.07, -0.07, -0.31, 0.08, 0.23, 0.08, -0.07, -0.07, -0.07, -0.07, -0.07, -0.07, -0.07, -0.07, -0.07, -0.07, -0.07, -0.07, -0.07, -0.07, -0.07, -0.07, -0.07, -0.07, 
-0.07, -0.07, -0.07, -0.20, -0.33, -0.20, -0.07, 0.00, 0.08, 0.00, -0.07, -0.07, -0.07, -0.07, -0.07, -0.07, -0.07, -0.07, -0.07, -0.07, -0.07, -0.07, -0.07, -0.07, -0.07, -0.07, -0.07, -0.07, 
-0.07, -0.07, -0.07, -0.33, -0.81, -0.33, -0.07, -0.07, -0.07, -0.07, -0.07, -0.07, -0.07, -0.07, -0.07, -0.07, -0.07, -0.07, -0.07, -0.07, -0.07, -0.07, -0.07, -0.07, -0.07, -0.07, -0.07, -0.07, 
-0.07, -0.07, -0.07, -0.20, -0.33, -0.20, -0.07, -0.07, -0.07, 0.00, 0.08, 0.00, -0.07, -0.07, -0.07, -0.07, -0.07, -0.07, -0.07, -0.07, -0.07, -0.07, -0.07, -0.07, -0.07, -0.07, -0.07, -0.07, 
-0.07, -0.07, -0.07, 0.00, 0.08, 0.00, -0.20, -0.33, -0.12, 0.08, 0.00, 0.08, -0.07, -0.07, -0.07, -0.07, -0.07, -0.07, -0.07, -0.07, -0.07, -0.07, -0.07, -0.07, -0.07, -0.07, -0.07, -0.07, 
-0.20, -0.33, -0.20, 0.08, 0.02, 0.08, -0.33, -0.58, -0.17, 0.23, 0.08, 0.00, 0.00, -0.07, -0.07, 0.00, 0.08, 0.00, -0.07, -0.07, -0.07, -0.07, -0.07, -0.07, -0.07, -0.07, -0.07, -0.07, 
-0.33, -0.58, -0.33, 0.00, 0.08, 0.00, -0.41, -0.33, -0.12, 0.08, 0.00, 0.23, 0.08, -0.07, -0.07, 0.08, 0.23, 0.08, 0.00, -0.07, -0.07, -0.07, -0.07, -0.07, -0.07, -0.07, -0.07, -0.07, 
-0.20, -0.33, -0.20, -0.07, -0.07, -0.07, -0.07, -0.07, -0.07, -0.07, 0.00, 0.08, 0.00, -0.07, -0.07, 0.00, 0.08, 0.00, 0.08, -0.07, -0.07, -0.07, -0.07, -0.07, -0.07, -0.07, -0.07, -0.07, 
-0.07, -0.07, -0.07, -0.07, -0.07, -0.07, -0.07, -0.27, -0.07, -0.07, -0.07, -0.07, -0.07, -0.07, -0.07, -0.07, 0.00, 0.08, 0.00, -0.07, -0.07, -0.07, -0.07, -0.07, -0.07, -0.07, -0.07, -0.07, 
-0.07, -0.07, -0.07, -0.07, -0.07, -0.07, -0.07, -0.07, -0.07, -0.07, -0.07, -0.20, -0.33, -0.20, -0.33, -0.20, -0.07, -0.07, -0.07, -0.07, -0.07, -0.07, -0.07, -0.07, -0.07, -0.07, -0.07, -0.07, 
-0.07, -0.07, -0.07, -0.07, -0.07, -0.07, -0.07, -0.07, -0.07, -0.07, -0.07, -0.33, -0.58, -0.33, -0.58, -0.33, -0.07, -0.07, -0.07, -0.07, -0.07, -0.07, -0.07, -0.07, -0.07, -0.07, -0.07, -0.07, 
-0.07, -0.07, -0.07, -0.07, -0.07, -0.07, -0.07, -0.07, -0.07, -0.07, -0.07, -0.20, -0.33, -0.20, -0.33, -0.20, -0.07, -0.07, -0.07, -0.20, -0.33, -0.20, -0.07, -0.07, -0.07, -0.07, -0.07, -0.07, 
-0.07, -0.07, -0.07, -0.07, -0.07, -0.07, -0.07, -0.26, -0.07, -0.07, -0.07, -0.07, -0.07, -0.07, -0.20, -0.33, -0.20, -0.07, -0.07, -0.33, -0.58, -0.33, -0.07, -0.07, -0.07, -0.07, -0.07, -0.07, 
-0.07, -0.07, -0.07, -0.07, -0.07, -0.07, -0.07, -0.20, -0.50, -0.20, -0.07, -0.07, -0.07, 0.00, -0.17, -0.51, -0.33, -0.07, -0.07, -0.20, -0.46, -0.20, -0.07, -0.19, -0.07, -0.07, -0.18, -0.07, 
-0.07, -0.07, -0.07, -0.07, -0.07, -0.07, -0.07, -0.20, -0.33, -0.20, -0.07, -0.07, -0.23, 0.08, 0.11, -0.33, -0.20, 0.00, -0.19, -0.25, -0.20, -0.07, -0.07, -0.07, -0.07, -0.07, -0.07, -0.07, 
-0.07, -0.07, 0.00, 0.08, 0.00, -0.07, -0.07, -0.33, -0.58, -0.33, -0.07, -0.07, -0.07, 0.00, 0.08, 0.00, -0.07, 0.08, -0.02, -0.43, -0.33, -0.07, -0.07, -0.07, -0.07, -0.07, -0.07, -0.07, 
-0.07, -0.07, 0.08, 0.23, 0.08, -0.07, -0.07, -0.20, -0.33, -0.20, -0.07, -0.07, -0.07, -0.07, -0.07, -0.07, -0.07, 0.00, -0.12, -0.17, -0.12, -0.07, -0.07, -0.07, -0.07, -0.07, -0.07, -0.17, 
-0.07, -0.07, 0.00, 0.08, 0.00, -0.07, -0.07, -0.07, -0.07, -0.07, -0.07, -0.07, -0.07, -0.07, -0.07, -0.07, -0.07, -0.07, -0.05, -0.02, -0.05, -0.07, -0.07, -0.07, -0.07, -0.07, -0.07, -0.07, 
-0.07, -0.07, -0.08, -0.07, -0.07, -0.09, -0.07, -0.07, -0.11, -0.07, -0.07, -0.12, -0.07, -0.07, -0.13, -0.07, -0.07, -0.14, 0.00, 0.08, -0.07, -0.07, -0.07, -0.16, -0.07, -0.07, -0.07, -0.07, 
-0.07, -0.07, -0.07, -0.07, -0.07, -0.07, -0.07, -0.07, -0.07, -0.07, -0.07, -0.07, -0.07, -0.07, -0.07, -0.07, -0.07, -0.07, -0.07, -0.07, -0.07, -0.07, -0.07, -0.07, -0.07, -0.07, -0.07, -0.07, 
-0.07, -0.07, -0.07, -0.07, -0.07, -0.07, -0.07, -0.07, -0.07, -0.07, -0.07, -0.07, -0.07, -0.07, -0.07, -0.07, -0.07, -0.07, -0.07, -0.07, -0.07, -0.07, -0.07, -0.07, -0.07, -0.07, -0.07, -0.07, 
-- optimal policy --
r  v  >  >  r  >  r  r  v  l  l  <  l  <  l  l  l  v  l  v  l  l  l  l  l  l  l  l  
v  v  v  >  >  r  >  >  ^  <  <  <  <  l  l  l  v  r  v  l  l  l  l  l  l  l  l  <  
r  v  v  l  R  >  R  R  ^  L  L  <  l  l  l  v  r  v  l  l  l  l  l  l  l  l  <  l  
r  r  v  l  r  R  R  R  ^  L  v  l  l  l  r  r  v  l  l  l  l  l  l  l  l  <  l  <  
>  r  r  r  v  l  l  R  r  v  l  v  l  l  r  r  v  l  l  l  l  l  l  l  <  l  l  l  
>  >  r  >  r  v  l  R  r  v  l  l  <  l  r  r  v  l  l  l  l  l  l  <  l  <  <  <  
R  R  >  R  >  L  <  r  >  >  r  v  l  l  r  r  v  l  l  l  l  <  <  l  <  L  L  l  
^  R  R  ^  R  ^  L  r  R  ^  >  L  <  <  >  >  >  <  <  l  <  <  l  <  l  l  l  <  
r  r  R  R  ^  L  L  >  R  ^  R  ^  L  L  R  R  ^  L  L  <  <  l  <  <  l  l  <  l  
r  >  R  ^  ^  ^  L  R  ^  R  R  ^  L  L  R  R  ^  L  <  L  <  <  L  L  <  <  L  <  
>  R  ^  ^  ^  ^  ^  R  R  R  ^  ^  ^  L  R  R  R  ^  L  L  L  L  <  L  L  L  <  l  
R  ^  ^  ^  ^  ^  R  R  R  R  ^  L  R  ^  R  R  R  ^  L  L  L  L  L  <  <  L  l  l  
v  r  v  v  v  l  v  l  R  ^  r  r  v  l  l  R  R  ^  L  ^  L  L  L  <  <  l  l  l  
r  v  r  v  l  v  l  l  L  r  >  r  r  v  l  R  r  v  v  l  l  R  ^  L  v  l  l  <  
r  r  v  l  v  l  l  l  R  r  r  >  r  r  v  l  r  v  l  <  r  v  l  l  l  <  l  l  
r  r  r  v  l  l  l  <  <  r  >  r  >  >  <  <  r  v  l  l  r  v  l  l  <  l  l  l  
r  r  r  v  l  l  l  L  L  r  >  >  R  R  ^  L  >  ^  <  <  r  v  l  <  l  <  <  <  
>  >  >  <  <  <  <  <  l  >  R  R  R  R  ^  L  R  ^  L  L  l  l  <  l  <  <  <  L  
R  R  R  ^  L  L  L  L  <  R  R  R  R  ^  ^  L  R  r  r  v  l  <  L  <  L  <  <  <  
R  R  R  ^  L  L  L  <  L  R  R  R  R  L  R  R  R  >  >  <  <  L  <  L  L  L  <  <  
R  R  R  R  ^  L  ^  L  <  R  ^  R  ^  ^  R  >  >  R  R  ^  L  L  L  <  <  <  L  L  
R  R  R  ^  L  ^  L  L  L  <  R  ^  R  R  >  R  R  R  R  ^  L  L  L  L  L  <  <  <  
Correct actions (%) : 5.41
Avg angular diffs   : 93.65
