arguments: 45 40 3 0.00508475 -0.169492 0.147458 -0.677966
loading features...

Initializing gridworld of size 28 by 22..
    Num states: 616
    Num actions: 8
recovered reward
-0.68, -0.68, -0.68, -0.68, -0.68, -0.68, -0.68, -0.68, -0.72, -0.35, -0.72, -0.68, -0.68, -0.25, -0.68, -0.68, -0.68, -0.24, -0.68, -0.68, -0.22, -0.68, -0.21, -0.68, -0.68, -0.19, -0.68, -0.68, 
-0.31, -0.68, -0.68, -0.29, -0.68, -0.68, -0.28, -0.68, -0.76, -0.85, -0.76, -0.68, -0.68, -0.68, -0.68, -0.68, -0.68, -0.68, -0.68, -0.68, -0.68, -0.68, -0.68, -0.68, -0.68, -0.68, -0.68, -0.68, 
-0.68, -0.68, -0.68, -0.68, -0.72, -0.76, -0.72, -0.68, -0.72, -0.76, -0.72, -0.68, -0.68, -0.68, -0.68, -0.68, -0.72, -0.76, -0.72, -0.68, -0.68, -0.68, -0.68, -0.68, -0.68, -0.68, -0.68, -0.68, 
-0.32, -0.68, -0.68, -0.68, -0.76, -0.85, -0.76, -0.68, -0.68, -0.68, -0.68, -0.68, -0.68, -0.68, -0.67, -0.68, -0.76, -0.84, -0.76, -0.68, -0.68, -0.68, -0.68, -0.68, -0.67, -0.68, -0.68, -0.68, 
-0.72, -0.76, -0.72, -0.68, -0.72, -0.76, -0.72, -0.68, -0.68, -0.68, -0.68, -0.68, -0.68, -0.72, -0.76, -0.72, -0.72, -0.76, -0.72, -0.68, -0.68, -0.68, -0.68, -0.68, -0.68, -0.68, -0.34, -0.68, 
-0.76, -0.85, -0.76, -0.68, -0.68, -0.68, -0.68, -0.68, -0.68, -0.68, -0.68, -0.68, -0.68, -0.76, -0.85, -0.76, -0.68, -0.68, -0.68, -0.68, -0.68, -0.68, -0.68, -0.72, -0.76, -0.72, -0.68, -0.68, 
-0.72, -0.76, -0.72, -0.68, -0.68, -0.68, -0.68, -0.68, -0.68, -0.68, -0.68, -0.68, -0.68, -0.72, -0.76, -0.72, -0.68, -0.68, -0.68, -0.68, -0.68, -0.68, -0.68, -0.76, -0.85, -0.76, -0.68, -0.68, 
-0.68, -0.68, -0.68, -0.68, -0.68, -0.68, -0.68, -0.72, -0.76, -0.72, -0.68, -0.68, -0.68, -0.68, -0.68, -0.68, -0.68, -0.68, -0.68, -0.68, -0.68, -0.68, -0.68, -0.72, -0.76, -0.72, -0.35, -0.68, 
-0.68, -0.68, -0.68, -0.68, -0.68, -0.68, -0.68, -0.76, -0.85, -0.76, -0.68, -0.68, -0.68, -0.68, -0.67, -0.68, -0.68, -0.68, -0.68, -0.68, -0.68, -0.68, -0.68, -0.68, -0.68, -0.68, -0.68, -0.68, 
-0.68, -0.68, -0.68, -0.68, -0.68, -0.68, -0.68, -0.72, -0.76, -0.72, -0.44, -0.68, -0.68, -0.68, -0.45, -0.68, -0.68, -0.47, -0.68, -0.68, -0.48, -0.72, -0.76, -0.54, -0.68, -0.68, -0.68, -0.68, 
-0.68, -0.68, -0.68, -0.68, -0.68, -0.68, -0.68, -0.68, -0.68, -0.68, -0.68, -0.68, -0.68, -0.68, -0.68, -0.68, -0.68, -0.68, -0.68, -0.68, -0.68, -0.76, -0.84, -0.76, -0.68, -0.67, -0.37, -0.68, 
-0.68, -0.68, -0.68, -0.68, -0.68, -0.68, -0.68, -0.43, -0.68, -0.68, -0.68, -0.68, -0.68, -0.68, -0.68, -0.72, -0.76, -0.72, -0.68, -0.68, -0.68, -0.72, -0.76, -0.72, -0.68, -0.68, -0.68, -0.68, 
-0.68, -0.68, -0.72, -0.76, -0.72, -0.68, -0.68, -0.68, -0.68, -0.68, -0.68, -0.68, -0.68, -0.68, -0.68, -0.76, -0.85, -0.76, -0.68, -0.68, -0.68, -0.68, -0.68, -0.68, -0.68, -0.68, -0.68, -0.68, 
-0.38, -0.68, -0.76, -0.57, -0.76, -0.68, -0.41, -0.68, -0.68, -0.67, -0.68, -0.68, -0.68, -0.68, -0.68, -0.72, -0.76, -0.72, -0.68, -0.68, -0.68, -0.67, -0.68, -0.68, -0.68, -0.68, -0.53, -0.68, 
-0.68, -0.68, -0.72, -0.76, -0.72, -0.68, -0.68, -0.68, -0.68, -0.68, -0.68, -0.68, -0.68, -0.68, -0.68, -0.68, -0.68, -0.68, -0.68, -0.68, -0.68, -0.68, -0.68, -0.68, -0.68, -0.68, -0.68, -0.68, 
-0.68, -0.68, -0.68, -0.72, -0.76, -0.72, -0.68, -0.68, -0.68, -0.68, -0.68, -0.68, -0.68, -0.68, -0.68, -0.68, -0.68, -0.68, -0.68, -0.68, -0.68, -0.68, -0.68, -0.72, -0.76, -0.72, -0.68, -0.68, 
-0.68, -0.68, -0.68, -0.76, -0.85, -0.76, -0.68, -0.68, -0.68, -0.68, -0.68, -0.68, -0.68, -0.68, -0.68, -0.68, -0.68, -0.68, -0.68, -0.68, -0.68, -0.68, -0.68, -0.76, -0.85, -0.76, -0.55, -0.68, 
-0.68, -0.68, -0.68, -0.72, -0.76, -0.72, -0.68, -0.68, -0.68, -0.68, -0.68, -0.68, -0.68, -0.68, -0.68, -0.68, -0.68, -0.68, -0.68, -0.68, -0.68, -0.68, -0.68, -0.72, -0.76, -0.72, -0.68, -0.68, 
-0.68, -0.68, -0.68, -0.68, -0.68, -0.68, -0.68, -0.68, -0.67, -0.68, -0.68, -0.68, -0.68, -0.67, -0.68, -0.68, -0.68, -0.68, -0.68, -0.68, -0.68, -0.68, -0.68, -0.68, -0.56, -0.68, -0.68, -0.68, 
-0.68, -0.68, -0.66, -0.68, -0.68, -0.65, -0.68, -0.68, -0.63, -0.68, -0.68, -0.62, -0.68, -0.68, -0.60, -0.68, -0.68, -0.59, -0.68, -0.68, -0.57, -0.68, -0.68, -0.68, -0.68, -0.68, -0.68, -0.68, 
-0.68, -0.68, -0.68, -0.68, -0.68, -0.68, -0.68, -0.68, -0.68, -0.68, -0.68, -0.68, -0.68, -0.68, -0.68, -0.68, -0.68, -0.68, -0.68, -0.68, -0.68, -0.68, -0.68, -0.68, -0.68, -0.68, -0.68, -0.68, 
-0.68, -0.68, -0.68, -0.68, -0.68, -0.68, -0.68, -0.68, -0.68, -0.68, -0.68, -0.68, -0.68, -0.68, -0.68, -0.68, -0.68, -0.68, -0.68, -0.68, -0.68, -0.68, -0.68, -0.68, -0.68, -0.68, -0.68, -0.68, 
-- optimal policy --
v  l  l  v  l  r  v  >  >  >  r  r  >  ^  <  r  >  ^  <  >  ^  >  ^  <  >  ^  <  <  
<  <  <  <  <  >  >  R  R  r  r  >  R  ^  L  >  R  ^  L  R  ^  R  ^  L  R  ^  L  L  
^  L  <  ^  L  R  ^  R  r  r  >  R  ^  ^  ^  R  R  ^  R  R  R  R  ^  R  ^  L  ^  L  
<  <  L  <  L  L  R  >  r  >  R  ^  R  R  R  ^  L  R  R  R  R  ^  R  R  ^  L  L  ^  
^  L  L  L  <  R  r  r  >  R  ^  R  R  R  ^  L  R  R  R  R  R  R  R  R  ^  L  L  L  
^  L  L  L  L  <  r  >  R  ^  R  R  R  ^  L  R  R  R  R  R  R  R  R  R  ^  R  ^  L  
^  L  ^  L  L  L  >  R  ^  R  R  R  ^  L  R  R  R  R  R  R  R  R  ^  L  R  R  R  ^  
^  L  R  ^  L  >  R  R  R  R  R  ^  L  L  >  R  R  ^  R  R  R  R  ^  R  R  R  ^  ^  
^  R  ^  ^  >  R  ^  L  R  R  R  ^  R  >  R  R  ^  R  R  R  R  ^  R  R  R  R  ^  L  
R  ^  R  >  R  R  ^  L  R  R  R  R  R  R  R  ^  R  R  R  R  ^  R  R  R  R  ^  ^  ^  
v  v  v  R  R  R  ^  L  R  R  ^  L  R  R  ^  L  R  ^  L  R  ^  L  R  R  R  ^  L  L  
v  v  l  <  R  ^  >  R  R  ^  R  R  R  R  ^  R  ^  R  ^  L  ^  L  R  R  R  R  ^  L  
v  l  l  L  l  r  R  R  R  R  R  R  R  ^  R  ^  R  R  R  ^  L  R  R  R  R  ^  L  L  
<  <  <  l  <  >  R  <  R  R  R  ^  R  R  ^  L  R  R  R  ^  R  R  R  R  ^  L  ^  L  
^  L  L  l  L  R  ^  L  R  R  ^  L  R  R  ^  L  R  R  R  R  R  R  R  ^  L  R  ^  L  
^  ^  L  <  <  L  L  ^  R  ^  L  R  R  ^  L  ^  R  R  R  R  R  R  ^  L  R  ^  R  ^  
^  ^  ^  L  L  L  L  R  R  ^  R  R  R  ^  ^  R  R  R  R  R  R  R  ^  R  R  R  ^  ^  
^  ^  ^  L  L  <  l  L  ^  R  R  R  ^  R  R  R  R  R  R  R  R  ^  ^  L  R  R  ^  L  
R  R  ^  L  L  L  <  <  R  ^  L  R  R  R  R  R  R  R  R  R  ^  R  ^  >  R  R  ^  ^  
^  R  ^  L  L  L  L  L  L  L  L  R  R  ^  R  R  >  R  R  ^  R  ^  >  R  ^  L  R  ^  
R  R  ^  L  L  L  L  L  L  L  R  ^  L  R  R  >  R  ^  L  R  ^  L  R  ^  L  ^  L  ^  
R  ^  L  ^  L  L  L  L  L  L  ^  L  R  R  >  R  ^  L  R  ^  L  R  ^  L  ^  L  ^  L  
Correct actions (%) : 9.01
Avg angular diffs   : 84.73
