arguments: 45 35 1 0.473476 0.369491 -0.104249 -0.0527844
loading features...

Initializing gridworld of size 28 by 22..
    Num states: 616
    Num actions: 8
recovered reward
0.04, 0.13, 0.04, -0.05, -0.05, -0.05, -0.05, -0.05, -0.05, -0.05, -0.05, -0.05, -0.05, -0.05, -0.05, -0.05, -0.05, -0.05, -0.05, -0.05, -0.05, -0.05, -0.05, 0.07, 0.18, 0.07, -0.05, -0.05, 
0.13, 0.32, 0.13, 0.07, 0.18, 0.07, -0.05, 0.07, 0.28, 0.25, 0.04, -0.05, -0.05, -0.05, -0.05, -0.05, -0.05, -0.05, 0.07, 0.18, 0.07, -0.05, -0.05, 0.18, 0.42, -0.05, -0.05, -0.05, 
0.04, 0.13, 0.04, 0.18, 0.42, 0.18, -0.05, 0.18, 0.61, 0.55, 0.25, -0.05, -0.05, -0.05, -0.15, -0.05, -0.05, -0.05, 0.18, 0.42, 0.18, -0.05, -0.05, 0.07, 0.18, 0.07, -0.05, -0.05, 
-0.05, -0.05, -0.05, 0.07, 0.18, 0.07, -0.05, 0.07, 0.28, 0.25, 0.28, -0.14, -0.05, -0.05, -0.05, -0.05, -0.16, -0.05, 0.07, 0.18, 0.07, -0.05, -0.05, -0.27, -0.05, -0.05, -0.05, -0.05, 
-0.05, -0.05, -0.05, -0.05, -0.05, -0.05, -0.05, -0.05, 0.07, 0.11, 0.07, -0.05, -0.05, -0.05, -0.05, -0.05, -0.05, -0.05, -0.05, -0.05, -0.05, -0.05, -0.05, -0.05, -0.05, -0.05, -0.05, -0.05, 
-0.05, -0.05, -0.05, -0.05, -0.05, -0.05, -0.05, -0.05, -0.05, -0.05, -0.05, -0.05, -0.05, -0.05, -0.05, 0.07, 0.07, 0.18, 0.07, -0.05, 0.04, 0.13, 0.04, -0.05, -0.05, -0.05, -0.05, -0.05, 
-0.05, -0.05, 0.07, 0.18, 0.07, -0.05, -0.05, -0.12, -0.05, -0.05, -0.05, -0.05, -0.05, -0.05, -0.05, 0.18, 0.07, 0.42, 0.18, -0.05, 0.13, 0.44, 0.37, -0.14, -0.05, -0.05, -0.05, -0.05, 
-0.05, -0.05, 0.18, 0.42, 0.18, -0.05, -0.05, -0.05, -0.05, -0.05, -0.05, -0.05, -0.05, -0.05, -0.05, 0.07, 0.07, 0.18, 0.07, -0.05, 0.04, 0.37, 0.51, 0.18, -0.05, -0.05, -0.05, -0.05, 
-0.05, -0.05, 0.07, 0.18, 0.07, -0.05, -0.05, -0.05, -0.05, -0.05, -0.05, -0.05, -0.05, -0.05, -0.05, -0.05, -0.05, -0.05, -0.05, -0.05, -0.05, 0.07, 0.18, 0.07, -0.05, -0.05, -0.05, -0.05, 
-0.05, -0.05, -0.05, -0.05, -0.05, -0.05, -0.10, 0.04, 0.13, 0.04, -0.05, -0.05, -0.05, -0.05, -0.05, -0.05, -0.18, -0.05, -0.05, -0.05, -0.05, -0.05, -0.25, -0.05, -0.05, -0.05, -0.05, -0.05, 
-0.05, -0.05, -0.05, -0.05, -0.05, -0.05, -0.05, 0.13, 0.32, 0.13, -0.05, -0.05, -0.05, -0.05, -0.05, -0.05, -0.05, -0.05, -0.05, -0.05, -0.05, -0.05, -0.05, 0.04, 0.13, 0.04, -0.05, -0.05, 
-0.05, -0.05, -0.05, -0.05, -0.05, -0.05, -0.05, 0.04, 0.13, 0.04, -0.05, -0.05, -0.05, -0.05, -0.05, -0.05, -0.05, -0.05, -0.05, -0.05, -0.05, -0.05, -0.05, 0.13, 0.32, 0.13, -0.05, -0.05, 
-0.05, -0.05, -0.05, -0.05, -0.09, -0.05, -0.05, -0.05, -0.05, -0.05, -0.05, -0.05, -0.05, -0.05, -0.19, -0.05, -0.05, -0.05, -0.05, -0.05, -0.05, -0.05, -0.05, 0.04, 0.13, 0.04, -0.05, -0.05, 
-0.05, -0.05, 0.04, 0.13, 0.04, 0.13, 0.04, -0.05, -0.05, -0.05, -0.05, -0.05, -0.05, -0.05, -0.05, -0.05, -0.05, -0.05, -0.05, -0.05, -0.05, -0.24, 0.04, 0.13, 0.04, -0.05, -0.05, -0.05, 
-0.05, 0.04, 0.13, 0.01, 0.13, 0.32, 0.13, -0.05, -0.05, -0.05, -0.05, -0.05, 0.07, 0.18, 0.07, -0.05, -0.05, -0.05, -0.05, -0.05, -0.05, -0.05, 0.13, 0.32, 0.13, -0.05, -0.05, -0.05, 
-0.05, 0.13, 0.32, 0.13, 0.04, 0.13, 0.04, 0.13, 0.04, -0.05, -0.05, -0.05, 0.18, 0.42, 0.18, -0.20, -0.05, -0.05, -0.05, -0.05, -0.23, -0.05, 0.04, 0.13, 0.04, -0.05, -0.05, -0.05, 
-0.05, 0.02, 0.13, 0.04, -0.05, -0.05, 0.13, 0.32, 0.13, -0.05, -0.05, 0.07, 0.18, 0.07, 0.07, -0.05, -0.05, -0.05, 0.04, 0.13, 0.04, -0.05, -0.05, -0.05, -0.05, -0.05, -0.05, -0.05, 
-0.05, -0.05, -0.05, -0.05, -0.05, -0.05, 0.04, 0.13, 0.16, 0.18, 0.07, 0.18, 0.42, 0.18, -0.05, -0.05, -0.05, -0.05, 0.13, 0.32, 0.13, -0.05, -0.05, -0.05, -0.05, -0.05, -0.05, -0.05, 
-0.05, -0.05, -0.05, -0.05, -0.05, -0.05, -0.05, -0.05, 0.18, 0.42, 0.18, 0.07, 0.18, 0.07, -0.05, -0.21, -0.05, -0.05, -0.13, 0.13, 0.04, -0.05, -0.05, -0.05, -0.05, -0.05, -0.05, -0.05, 
-0.06, -0.05, -0.05, -0.05, -0.05, -0.05, -0.05, -0.05, 0.07, 0.18, 0.07, -0.05, -0.05, -0.05, -0.05, -0.05, -0.05, -0.05, -0.05, -0.05, -0.05, -0.05, -0.05, -0.05, -0.05, -0.05, -0.05, -0.05, 
-0.05, -0.05, -0.05, -0.05, -0.05, -0.05, -0.05, -0.05, -0.05, -0.05, -0.05, -0.05, -0.05, -0.05, -0.05, -0.05, -0.05, -0.05, -0.05, -0.05, -0.05, -0.05, -0.05, -0.05, -0.05, -0.05, -0.05, -0.05, 
-0.05, -0.05, -0.05, -0.05, -0.05, -0.05, -0.05, -0.05, -0.05, -0.05, -0.05, -0.05, -0.05, -0.05, -0.05, -0.05, -0.05, -0.05, -0.05, -0.05, -0.05, -0.05, -0.05, -0.05, -0.05, -0.05, -0.05, -0.05, 
-- optimal policy --
r  v  l  r  v  l  r  r  v  l  l  l  l  l  <  >  r  r  r  v  l  l  r  r  v  l  <  <  
>  >  <  r  v  l  r  r  v  l  l  l  l  <  L  R  >  r  r  v  l  l  >  >  v  <  L  L  
R  ^  L  >  v  <  >  >  >  <  <  l  <  L  r  v  R  >  >  >  <  <  R  R  ^  L  <  <  
R  ^  R  R  ^  L  R  R  ^  L  L  <  L  r  r  r  r  R  R  ^  L  L  R  R  ^  L  L  L  
^  R  R  R  ^  L  R  R  ^  L  ^  L  <  r  r  r  r  v  l  ^  L  v  l  l  l  ^  L  L  
r  r  r  v  l  l  R  R  R  ^  L  L  L  r  r  v  r  v  l  l  r  v  l  l  <  l  <  L  
>  r  r  v  l  l  <  R  R  ^  L  L  L  >  >  >  >  >  <  <  >  r  v  l  l  <  l  <  
R  >  >  <  <  <  L  r  v  l  l  l  >  R  R  ^  R  ^  L  L  R  >  L  <  <  l  <  l  
>  R  R  ^  L  L  r  r  v  l  l  l  R  R  R  R  R  ^  L  L  R  R  ^  L  L  <  l  l  
R  R  R  ^  L  L  r  r  v  l  l  <  R  R  R  R  R  ^  L  R  R  R  ^  L  L  l  l  l  
R  R  ^  ^  ^  L  >  >  >  <  <  <  l  R  R  ^  R  ^  R  R  R  ^  r  r  v  l  l  <  
r  r  v  v  r  r  R  R  ^  L  L  L  r  v  l  v  l  l  R  R  r  >  >  >  v  <  <  L  
r  r  r  v  r  v  l  R  ^  L  L  r  v  r  v  l  l  l  R  r  >  r  r  R  ^  L  L  <  
r  r  v  r  r  v  l  l  l  l  r  r  r  v  l  l  l  <  v  l  r  r  r  v  l  L  L  L  
r  r  v  l  >  v  <  v  l  l  r  r  r  v  l  l  <  r  r  v  l  >  >  ^  <  <  <  L  
>  >  >  <  R  ^  r  v  l  l  r  >  >  ^  <  <  L  r  r  v  l  R  R  ^  L  L  <  <  
R  R  ^  L  R  >  >  r  <  v  r  r  v  l  L  L  <  r  r  v  l  l  R  ^  L  L  L  <  
R  R  ^  L  L  R  R  ^  r  v  l  >  v  <  <  L  L  >  >  <  <  <  <  L  ^  L  L  L  
R  ^  L  ^  R  R  R  >  >  >  <  R  ^  L  L  L  >  R  R  ^  L  L  L  ^  L  ^  L  L  
^  ^  ^  R  R  R  >  R  R  ^  L  R  ^  L  L  L  R  ^  R  ^  L  L  L  L  ^  L  L  L  
R  ^  R  R  R  >  R  R  R  ^  L  L  R  ^  L  L  L  R  ^  L  ^  L  L  L  <  L  ^  L  
^  R  R  R  >  R  R  R  ^  L  L  L  L  R  ^  L  R  ^  L  ^  ^  ^  L  L  L  <  ^  ^  
Correct actions (%) : 13.13
Avg angular diffs   : 87.73
