arguments: 45 40 3 0.157437 0.628956 -0.0553797 -0.158228
loading features...

Initializing gridworld of size 28 by 22..
    Num states: 616
    Num actions: 8
recovered reward
-0.16, -0.16, -0.16, -0.16, -0.16, -0.16, -0.16, -0.16, -0.00, 0.00, -0.00, -0.16, -0.16, -0.32, -0.16, -0.16, -0.16, -0.32, -0.16, -0.16, -0.33, -0.16, -0.34, -0.16, -0.16, -0.34, -0.16, -0.16, 
-0.30, -0.16, -0.16, -0.30, -0.16, -0.16, -0.31, -0.16, 0.16, 0.47, 0.16, -0.16, -0.16, -0.16, -0.16, -0.16, -0.12, -0.08, -0.12, -0.16, -0.16, -0.16, -0.16, -0.16, -0.16, -0.16, -0.16, -0.16, 
-0.16, -0.16, -0.16, -0.16, -0.00, 0.16, -0.00, -0.16, -0.00, 0.16, -0.00, -0.16, -0.16, -0.12, -0.08, -0.12, 0.08, 0.31, 0.08, -0.16, -0.16, -0.16, -0.16, -0.12, -0.08, -0.12, -0.16, -0.16, 
-0.29, -0.16, -0.16, -0.16, 0.16, 0.47, 0.16, -0.16, -0.16, -0.16, -0.16, -0.16, -0.16, -0.08, -0.00, -0.08, 0.20, 0.55, 0.20, -0.16, -0.16, -0.16, -0.16, -0.08, -0.00, -0.08, -0.16, -0.16, 
-0.00, 0.16, -0.00, -0.16, -0.00, 0.16, -0.00, -0.16, -0.16, -0.16, -0.16, -0.16, -0.16, 0.04, 0.23, 0.04, -0.00, 0.16, -0.00, -0.16, -0.16, -0.16, -0.16, -0.12, -0.08, -0.12, -0.29, -0.16, 
0.16, 0.47, 0.16, -0.16, -0.16, -0.16, -0.16, -0.16, -0.16, -0.16, -0.16, -0.16, -0.16, 0.16, 0.47, 0.16, -0.16, -0.16, -0.16, -0.16, -0.16, -0.16, -0.16, -0.00, 0.16, -0.00, -0.16, -0.16, 
-0.00, 0.16, -0.00, -0.16, -0.16, -0.16, -0.16, -0.16, -0.16, -0.16, -0.16, -0.16, -0.16, -0.00, 0.16, -0.00, -0.16, -0.16, -0.16, -0.16, -0.16, -0.16, -0.16, 0.16, 0.47, 0.16, -0.16, -0.16, 
-0.16, -0.16, -0.16, -0.16, -0.16, -0.16, -0.16, -0.00, 0.16, -0.00, -0.16, -0.16, -0.16, -0.12, -0.08, -0.12, -0.16, -0.16, -0.16, -0.16, -0.16, -0.16, -0.16, -0.00, 0.16, -0.00, -0.28, -0.16, 
-0.16, -0.16, -0.16, -0.16, -0.16, -0.16, -0.16, 0.16, 0.47, 0.16, -0.16, -0.16, -0.16, -0.08, -0.00, -0.08, -0.16, -0.16, -0.16, -0.12, -0.08, -0.12, -0.08, -0.12, -0.16, -0.16, -0.16, -0.16, 
-0.16, -0.16, -0.16, -0.16, -0.16, -0.16, -0.16, -0.00, 0.16, -0.00, -0.25, -0.16, -0.16, -0.12, -0.16, -0.12, -0.16, -0.24, -0.16, -0.08, -0.07, 0.08, 0.31, 0.01, -0.12, -0.08, -0.12, -0.16, 
-0.16, -0.16, -0.16, -0.16, -0.16, -0.16, -0.16, -0.16, -0.16, -0.16, -0.16, -0.16, -0.16, -0.16, -0.16, -0.16, -0.16, -0.16, -0.16, -0.12, -0.08, 0.20, 0.55, 0.20, -0.08, -0.00, -0.20, -0.16, 
-0.16, -0.16, -0.16, -0.16, -0.16, -0.16, -0.16, -0.25, -0.16, -0.16, -0.16, -0.16, -0.16, -0.16, -0.16, -0.00, 0.16, -0.00, -0.16, -0.16, -0.16, -0.00, 0.16, -0.00, -0.12, -0.08, -0.12, -0.16, 
-0.16, -0.16, -0.00, 0.16, -0.00, -0.16, -0.16, -0.16, -0.12, -0.08, -0.12, -0.16, -0.16, -0.16, -0.16, 0.16, 0.47, 0.16, -0.16, -0.12, -0.12, -0.08, -0.12, -0.16, -0.16, -0.16, -0.16, -0.16, 
-0.27, -0.16, 0.16, 0.37, 0.16, -0.16, -0.26, -0.16, -0.08, -0.00, -0.08, -0.16, -0.16, -0.16, -0.16, -0.00, 0.16, -0.00, -0.16, -0.08, -0.08, -0.00, -0.08, -0.16, -0.16, -0.16, -0.21, -0.16, 
-0.16, -0.16, -0.00, 0.16, -0.00, -0.16, -0.16, -0.16, -0.12, -0.08, -0.12, -0.16, -0.16, -0.16, -0.16, -0.16, -0.16, -0.16, -0.16, -0.12, -0.12, -0.08, -0.12, -0.16, -0.16, -0.16, -0.16, -0.16, 
-0.16, -0.16, -0.16, -0.00, 0.16, -0.00, -0.16, -0.16, -0.16, -0.16, -0.16, -0.16, -0.16, -0.16, -0.16, -0.16, -0.16, -0.16, -0.16, -0.16, -0.16, -0.16, -0.16, -0.00, 0.16, -0.00, -0.16, -0.16, 
-0.16, -0.16, -0.16, 0.16, 0.47, 0.16, -0.16, -0.16, -0.16, -0.16, -0.16, -0.16, -0.16, -0.16, -0.16, -0.16, -0.16, -0.16, -0.16, -0.16, -0.16, -0.16, -0.16, 0.16, 0.47, 0.16, -0.21, -0.16, 
-0.16, -0.16, -0.16, -0.00, 0.16, -0.00, -0.16, -0.12, -0.08, -0.12, -0.16, -0.16, -0.12, -0.08, -0.12, -0.16, -0.16, -0.16, -0.16, -0.16, -0.16, -0.16, -0.16, -0.00, 0.16, -0.00, -0.16, -0.16, 
-0.16, -0.16, -0.16, -0.16, -0.16, -0.16, -0.16, -0.08, -0.00, -0.08, -0.16, -0.16, -0.08, -0.00, -0.08, -0.16, -0.16, -0.16, -0.16, -0.16, -0.16, -0.16, -0.16, -0.16, -0.20, -0.16, -0.16, -0.16, 
-0.16, -0.16, -0.16, -0.16, -0.16, -0.17, -0.16, -0.12, -0.10, -0.12, -0.16, -0.18, -0.12, -0.08, -0.15, -0.16, -0.16, -0.19, -0.16, -0.16, -0.20, -0.16, -0.16, -0.16, -0.16, -0.16, -0.16, -0.16, 
-0.16, -0.16, -0.16, -0.16, -0.16, -0.16, -0.16, -0.16, -0.16, -0.16, -0.16, -0.16, -0.16, -0.16, -0.16, -0.16, -0.16, -0.16, -0.16, -0.16, -0.16, -0.16, -0.16, -0.16, -0.16, -0.16, -0.16, -0.16, 
-0.16, -0.16, -0.16, -0.16, -0.16, -0.16, -0.16, -0.16, -0.16, -0.16, -0.16, -0.16, -0.16, -0.16, -0.16, -0.16, -0.16, -0.16, -0.16, -0.16, -0.16, -0.16, -0.16, -0.16, -0.16, -0.16, -0.16, -0.16, 
-- optimal policy --
>  r  v  r  v  v  >  r  r  v  l  l  l  v  r  r  r  v  l  l  l  l  r  r  r  v  l  l  
r  v  r  r  r  v  l  >  >  <  <  <  r  r  v  r  r  v  l  l  l  r  r  r  v  l  l  l  
r  v  r  r  r  v  l  R  R  ^  L  L  r  r  v  r  r  v  l  l  <  >  r  r  v  l  l  <  
r  v  l  >  >  >  <  <  R  ^  L  L  r  r  v  l  >  ^  <  <  L  r  >  >  v  <  <  L  
r  v  l  l  R  ^  L  L  ^  ^  L  >  r  r  v  l  R  ^  L  L  <  r  r  r  v  l  l  l  
>  <  <  <  R  ^  L  L  l  l  l  R  >  >  ^  <  R  ^  L  L  L  >  r  r  v  l  l  l  
R  ^  L  L  L  R  r  r  v  l  l  >  R  R  ^  L  L  ^  ^  L  L  R  >  >  ^  <  <  <  
R  ^  L  L  L  >  r  r  v  l  l  R  R  R  ^  L  L  L  r  r  v  r  R  R  ^  L  L  L  
R  ^  L  L  L  >  >  >  v  <  <  <  >  >  ^  <  <  L  r  r  r  r  v  l  ^  L  L  l  
^  ^  ^  L  >  >  R  R  ^  L  L  L  R  R  ^  L  L  v  >  >  r  r  v  l  l  v  l  <  
r  r  v  l  v  R  R  R  ^  L  L  <  R  ^  r  r  v  l  l  R  >  >  ^  <  <  <  <  l  
r  r  r  v  l  l  R  r  r  v  l  l  l  r  r  r  v  l  l  R  R  R  ^  L  L  ^  L  <  
r  r  r  v  l  l  <  r  r  v  l  l  l  >  >  >  ^  <  <  r  R  R  ^  L  L  L  L  L  
>  >  >  v  <  <  l  >  >  <  <  <  <  R  R  R  ^  L  L  >  >  ^  <  <  L  v  l  l  
R  R  R  ^  L  l  l  R  R  ^  L  L  L  R  R  R  ^  L  L  R  R  ^  r  r  v  l  l  l  
R  R  r  r  v  l  l  R  R  ^  L  L  v  R  R  ^  L  ^  L  R  R  ^  r  r  v  l  l  <  
R  >  >  >  ^  <  <  r  v  l  l  r  r  v  l  l  l  L  R  R  R  >  >  >  >  <  <  l  
>  R  R  R  ^  L  L  r  v  l  l  r  r  v  l  l  <  l  R  R  >  R  R  R  ^  L  L  <  
R  R  R  R  ^  L  L  >  >  <  <  >  >  v  <  <  L  <  R  >  >  R  R  R  ^  L  L  L  
R  R  R  ^  R  ^  R  R  ^  L  L  R  R  ^  L  L  <  L  L  R  R  R  R  ^  L  ^  L  L  
R  ^  R  R  ^  R  R  R  ^  L  L  R  R  ^  L  L  L  <  <  >  R  R  ^  R  R  ^  L  L  
R  R  ^  ^  R  R  R  ^  L  L  L  R  R  ^  ^  L  L  L  <  R  R  ^  R  ^  ^  ^  ^  L  
Correct actions (%) : 19.82
Avg angular diffs   : 81.08
