arguments: 45 27 2 0.359599 -0.472493 -0.110602 -0.0573066
loading features...

Initializing gridworld of size 28 by 22..
    Num states: 616
    Num actions: 8
recovered reward
-0.06, -0.06, -0.06, -0.06, -0.06, -0.15, -0.06, -0.06, -0.16, -0.06, -0.06, -0.17, -0.06, -0.06, -0.06, -0.06, -0.06, -0.06, -0.06, 0.03, 0.12, 0.03, -0.06, -0.06, -0.06, -0.06, -0.06, -0.06, 
-0.06, -0.06, -0.06, -0.06, -0.06, -0.06, -0.06, -0.06, -0.06, -0.06, -0.06, -0.06, -0.06, -0.18, -0.06, -0.06, -0.06, -0.06, -0.06, 0.12, 0.30, 0.12, -0.06, -0.06, -0.18, -0.29, -0.18, -0.06, 
-0.06, -0.06, -0.06, -0.06, -0.13, -0.06, -0.06, -0.06, -0.06, -0.06, -0.06, -0.06, -0.06, -0.06, -0.06, -0.06, -0.06, -0.06, -0.06, 0.03, 0.12, 0.03, -0.06, -0.06, -0.29, -0.83, -0.29, -0.06, 
-0.06, -0.06, -0.06, -0.12, -0.18, -0.29, -0.18, -0.06, -0.06, -0.06, -0.06, -0.06, -0.06, -0.06, -0.06, -0.06, -0.06, -0.06, -0.06, -0.06, -0.06, -0.06, -0.06, 0.03, 0.00, -0.20, -0.18, -0.06, 
-0.06, -0.06, -0.06, -0.06, -0.29, -0.53, -0.29, -0.18, -0.29, -0.18, -0.06, -0.06, -0.06, -0.06, -0.19, -0.06, -0.18, -0.29, -0.18, -0.06, -0.06, -0.06, -0.06, 0.12, 0.01, 0.12, -0.06, -0.06, 
-0.06, -0.06, -0.06, -0.06, -0.18, -0.29, -0.18, -0.29, -0.53, -0.29, -0.06, -0.06, -0.06, -0.06, -0.06, -0.06, -0.29, -0.53, -0.29, -0.18, -0.29, -0.18, -0.06, 0.03, 0.00, -0.20, -0.18, -0.06, 
-0.18, -0.29, -0.23, -0.06, -0.06, -0.06, -0.06, -0.18, -0.29, -0.18, -0.06, -0.06, -0.20, -0.06, -0.06, -0.06, -0.18, -0.29, -0.18, -0.29, -0.53, -0.29, -0.06, -0.06, -0.29, -0.53, -0.29, -0.06, 
-0.29, -0.53, -0.29, -0.06, -0.06, -0.06, -0.06, -0.06, -0.06, -0.06, -0.06, -0.06, -0.06, -0.06, -0.06, -0.06, -0.06, -0.06, -0.06, -0.18, -0.29, -0.18, -0.33, -0.06, -0.18, -0.29, -0.18, -0.06, 
-0.18, -0.29, -0.18, -0.06, -0.06, -0.06, -0.06, -0.06, -0.06, -0.06, -0.06, -0.06, -0.06, -0.06, -0.06, -0.06, -0.06, -0.06, -0.06, -0.06, -0.06, -0.06, -0.06, -0.06, -0.06, -0.06, -0.06, -0.06, 
-0.06, -0.10, -0.06, -0.06, -0.06, -0.06, -0.06, -0.06, -0.18, -0.29, -0.18, -0.21, -0.06, -0.06, 0.03, 0.12, 0.03, 0.03, 0.00, -0.20, -0.18, -0.06, -0.06, -0.06, -0.06, -0.06, -0.06, -0.06, 
-0.06, -0.06, -0.06, -0.06, -0.06, -0.06, -0.18, -0.29, -0.18, -0.53, -0.29, -0.06, -0.06, -0.06, 0.03, 0.12, 0.03, 0.12, -0.20, -0.35, -0.20, -0.06, -0.06, -0.32, -0.06, -0.06, -0.06, -0.06, 
-0.06, -0.18, -0.29, -0.18, -0.06, -0.06, -0.29, -0.53, -0.29, -0.29, -0.18, -0.06, -0.06, -0.06, 0.12, 0.30, 0.12, 0.03, 0.00, 0.07, 0.00, -0.06, -0.06, -0.06, -0.06, -0.06, -0.06, -0.06, 
-0.06, -0.20, -0.35, -0.20, -0.06, -0.06, -0.18, -0.29, -0.18, -0.06, -0.22, -0.06, -0.06, -0.06, 0.03, 0.12, 0.03, -0.06, 0.03, 0.12, 0.03, -0.06, -0.06, -0.06, -0.06, -0.06, -0.06, -0.06, 
-0.06, -0.03, 0.07, 0.00, -0.06, -0.06, -0.06, -0.06, -0.06, -0.06, -0.06, 0.03, 0.12, 0.03, -0.06, -0.06, -0.06, -0.06, -0.06, -0.06, -0.06, -0.06, -0.06, -0.31, -0.06, -0.06, -0.06, -0.06, 
-0.06, 0.03, 0.12, 0.03, -0.06, -0.06, -0.06, -0.06, -0.06, -0.06, -0.06, 0.12, 0.30, 0.12, -0.06, -0.06, -0.06, 0.03, 0.12, 0.03, -0.06, -0.06, -0.06, -0.06, -0.06, -0.06, -0.06, -0.06, 
-0.06, -0.06, -0.06, -0.06, -0.06, -0.06, -0.06, -0.06, -0.06, -0.06, -0.06, -0.14, 0.12, 0.03, 0.03, 0.12, 0.03, 0.12, 0.30, 0.12, -0.06, -0.06, -0.06, -0.06, -0.06, -0.06, -0.06, -0.06, 
-0.06, -0.08, -0.06, -0.06, -0.06, -0.06, -0.06, -0.06, -0.18, -0.29, -0.18, -0.06, -0.06, -0.06, 0.12, 0.30, 0.12, 0.03, 0.12, 0.03, -0.06, -0.06, -0.06, -0.30, 0.03, 0.12, 0.03, -0.06, 
-0.06, -0.06, -0.06, -0.06, -0.06, -0.06, -0.06, -0.06, -0.29, -0.53, -0.29, -0.06, -0.06, -0.06, 0.03, 0.12, 0.03, -0.06, -0.06, -0.06, -0.06, -0.06, -0.06, -0.06, 0.12, 0.30, 0.12, -0.06, 
-0.06, -0.06, -0.06, -0.06, -0.06, -0.06, -0.06, -0.06, -0.18, -0.29, -0.18, -0.25, -0.06, -0.06, -0.06, -0.06, -0.06, -0.06, -0.06, -0.06, -0.06, -0.29, -0.06, -0.06, 0.03, 0.12, 0.03, -0.06, 
-0.07, -0.06, -0.06, -0.06, -0.06, -0.06, -0.06, -0.06, -0.06, -0.06, -0.06, -0.06, -0.26, -0.06, -0.06, -0.27, -0.06, -0.06, -0.28, -0.06, -0.06, -0.06, -0.06, -0.06, -0.06, -0.06, -0.06, -0.06, 
-0.06, -0.06, -0.06, -0.06, -0.06, -0.06, -0.06, -0.06, -0.06, -0.06, -0.06, -0.06, -0.06, -0.06, -0.06, -0.06, -0.06, -0.06, -0.06, -0.06, -0.06, -0.06, -0.06, -0.06, -0.06, -0.06, -0.06, -0.06, 
-0.06, -0.06, -0.06, -0.06, -0.06, -0.06, -0.06, -0.06, -0.06, -0.06, -0.06, -0.06, -0.06, -0.06, -0.06, -0.06, -0.06, -0.06, -0.06, -0.06, -0.06, -0.06, -0.06, -0.06, -0.06, -0.06, -0.06, -0.06, 
-- optimal policy --
r  v  >  >  r  r  r  r  v  v  r  r  >  r  >  r  >  >  r  r  v  l  l  l  <  <  <  v  
r  v  v  >  >  r  r  r  r  v  v  r  r  >  r  >  R  >  >  >  ^  <  <  <  l  L  r  v  
r  r  v  l  R  >  >  r  r  r  v  l  >  r  >  R  r  >  R  R  ^  L  L  v  l  l  r  v  
r  v  l  v  l  R  >  >  >  r  r  v  v  >  r  >  >  R  R  R  ^  L  r  v  l  v  l  l  
>  r  v  v  l  r  R  R  R  r  r  r  v  l  >  R  R  R  R  R  ^  ^  >  ^  <  <  <  <  
R  >  r  v  v  l  v  l  r  r  r  v  r  v  v  v  l  R  R  R  ^  R  R  ^  L  ^  L  L  
R  R  r  v  l  v  l  r  r  r  r  r  r  v  v  v  r  v  l  l  R  R  R  ^  L  L  R  ^  
v  r  r  v  v  l  l  v  >  r  r  r  r  r  v  v  v  l  l  l  l  R  R  ^  L  l  R  ^  
v  r  v  v  v  l  v  l  R  >  >  r  r  r  r  v  l  l  l  l  <  <  R  ^  L  <  R  ^  
v  l  r  v  l  v  l  <  R  R  R  >  r  r  r  v  l  v  l  <  L  v  l  l  <  L  <  ^  
v  l  >  r  v  l  l  L  L  r  r  R  >  r  r  v  l  l  <  v  l  l  l  <  L  <  L  v  
v  l  R  r  v  l  l  r  r  v  r  r  R  >  >  ^  <  <  L  v  l  l  <  <  <  v  v  l  
r  r  v  l  l  l  <  r  >  r  r  r  v  R  R  ^  L  L  >  ^  <  <  L  <  v  v  l  v  
r  r  v  l  l  <  <  >  >  >  r  r  v  l  R  ^  L  r  v  l  L  L  <  r  v  l  v  v  
>  >  ^  <  <  <  <  >  >  R  >  >  >  <  r  v  r  r  v  l  l  <  r  r  r  r  v  l  
R  R  ^  L  L  L  L  >  R  >  R  R  ^  L  r  v  l  >  <  <  <  <  >  r  r  v  l  l  
R  ^  ^  L  L  L  L  R  R  R  ^  R  ^  >  >  >  <  R  ^  L  L  <  r  r  r  v  l  l  
^  R  R  ^  L  L  L  <  L  R  R  R  R  R  R  ^  L  L  ^  L  L  L  r  >  >  >  <  <  
R  ^  R  L  ^  L  L  L  L  r  R  ^  R  R  R  ^  L  L  R  ^  L  L  >  R  R  ^  L  L  
R  ^  R  ^  ^  L  L  L  L  >  >  R  R  R  ^  L  ^  L  L  ^  ^  R  R  R  R  ^  L  L  
R  R  ^  ^  L  R  ^  L  >  >  R  ^  R  R  ^  L  ^  ^  L  R  ^  R  R  R  ^  L  ^  L  
R  R  ^  L  ^  ^  L  >  >  R  ^  R  R  ^  ^  ^  L  ^  L  L  R  R  R  ^  L  ^  ^  L  
Correct actions (%) : 7.38
Avg angular diffs   : 100.70
