arguments: 45 25 1 -0.0287356 0.321839 -0.0747126 -0.574713
loading features...

Initializing gridworld of size 28 by 22..
    Num states: 616
    Num actions: 8
recovered reward
-0.57, -0.57, -0.57, -0.57, -0.57, -0.57, -0.57, -0.57, -0.57, -0.57, -0.57, -0.57, -0.57, -0.57, -0.57, -0.57, -0.57, -0.57, -0.57, -0.57, -0.57, -0.57, -0.57, -0.57, -0.57, -0.57, -0.57, -0.57, 
-0.57, -0.57, -0.57, -0.57, -0.57, -0.57, -0.57, -0.57, -0.57, -0.57, -0.57, -0.57, -0.57, -0.57, -0.57, -0.57, -0.57, -0.57, -0.57, -0.57, -0.60, -0.57, -0.57, -0.57, -0.57, -0.57, -0.57, -0.57, 
-0.57, -0.57, -0.57, -0.57, -0.57, -0.57, -0.57, -0.57, -0.57, -0.57, -0.60, -0.57, -0.57, -0.60, -0.57, -0.57, -0.57, -0.57, -0.57, -0.57, -0.57, -0.57, -0.57, -0.57, -0.57, -0.57, -0.74, -0.57, 
-0.57, -0.57, -0.57, -0.25, -0.57, -0.57, -0.57, -0.57, -0.57, -0.63, -0.57, -0.57, -0.63, -0.57, -0.57, -0.57, -0.57, -0.57, -0.57, -0.57, -0.57, -0.57, -0.57, -0.57, -0.57, -0.57, -0.57, -0.57, 
-0.57, -0.57, -0.57, -0.57, -0.57, -0.57, -0.57, -0.57, -0.57, -0.57, -0.57, -0.57, -0.57, -0.57, -0.57, -0.57, -0.25, -0.57, -0.25, -0.25, -0.60, -0.57, -0.57, -0.57, -0.57, -0.57, -0.57, -0.57, 
-0.57, -0.57, -0.57, -0.57, -0.57, -0.57, -0.57, -0.62, -0.57, -0.57, -0.57, -0.57, -0.57, -0.57, -0.57, -0.57, -0.57, -0.57, -0.57, -0.57, -0.57, -0.57, -0.57, -0.57, -0.57, -0.25, -0.73, -0.57, 
-0.57, -0.57, -0.57, -0.60, -0.25, -0.57, -0.57, -0.57, -0.57, -0.57, -0.57, -0.57, -0.57, -0.64, -0.57, -0.57, -0.57, -0.57, -0.57, -0.57, -0.57, -0.57, -0.57, -0.57, -0.57, -0.57, -0.57, -0.57, 
-0.57, -0.57, -0.57, -0.60, -0.57, -0.57, -0.57, -0.57, -0.57, -0.57, -0.57, -0.57, -0.57, -0.60, -0.57, -0.57, -0.57, -0.57, -0.57, -0.57, -0.57, -0.57, -0.57, -0.57, -0.57, -0.57, -0.57, -0.57, 
-0.57, -0.57, -0.57, -0.57, -0.57, -0.57, -0.57, -0.61, -0.57, -0.57, -0.57, -0.57, -0.57, -0.57, -0.68, -0.57, -0.57, -0.57, -0.57, -0.57, -0.57, -0.57, -0.57, -0.57, -0.57, -0.72, -0.57, -0.57, 
-0.57, -0.57, -0.57, -0.57, -0.57, -0.57, -0.57, -0.57, -0.57, -0.57, -0.57, -0.57, -0.57, -0.57, -0.57, -0.57, -0.57, -0.28, -0.57, -0.57, -0.57, -0.57, -0.57, -0.57, -0.57, -0.60, -0.57, -0.57, 
-0.57, -0.57, -0.57, -0.57, -0.57, -0.60, -0.57, -0.57, -0.57, -0.57, -0.57, -0.57, -0.57, -0.57, -0.57, -0.57, -0.34, -0.57, -0.25, -0.57, -0.57, -0.57, -0.57, -0.57, -0.57, -0.57, -0.57, -0.57, 
-0.57, -0.57, -0.57, -0.57, -0.57, -0.57, -0.57, -0.57, -0.57, -0.57, -0.57, -0.57, -0.57, -0.57, -0.57, -0.57, -0.57, -0.57, -0.57, -0.57, -0.57, -0.57, -0.57, -0.57, -0.72, -0.57, -0.57, -0.57, 
-0.57, -0.57, -0.57, -0.57, -0.57, -0.57, -0.57, -0.57, -0.57, -0.57, -0.57, -0.57, -0.57, -0.57, -0.57, -0.57, -0.57, -0.57, -0.25, -0.57, -0.57, -0.57, -0.57, -0.57, -0.57, -0.57, -0.57, -0.57, 
-0.57, -0.57, -0.57, -0.57, -0.60, -0.57, -0.57, -0.57, -0.57, -0.57, -0.57, -0.57, -0.57, -0.57, -0.25, -0.57, -0.57, -0.66, -0.57, -0.57, -0.57, -0.57, -0.57, -0.57, -0.57, -0.57, -0.57, -0.57, 
-0.57, -0.57, -0.57, -0.57, -0.57, -0.60, -0.57, -0.57, -0.57, -0.57, -0.57, -0.57, -0.57, -0.57, -0.57, -0.57, -0.57, -0.57, -0.57, -0.57, -0.57, -0.57, -0.71, -0.57, -0.57, -0.57, -0.57, -0.57, 
-0.57, -0.57, -0.57, -0.57, -0.57, -0.57, -0.57, -0.57, -0.57, -0.57, -0.57, -0.57, -0.57, -0.57, -0.57, -0.57, -0.57, -0.57, -0.57, -0.57, -0.57, -0.57, -0.57, -0.57, -0.57, -0.57, -0.57, -0.57, 
-0.57, -0.57, -0.59, -0.57, -0.57, -0.57, -0.57, -0.57, -0.57, -0.57, -0.57, -0.57, -0.57, -0.57, -0.57, -0.57, -0.57, -0.67, -0.57, -0.57, -0.57, -0.57, -0.57, -0.57, -0.57, -0.57, -0.57, -0.57, 
-0.57, -0.57, -0.57, -0.57, -0.57, -0.57, -0.57, -0.57, -0.57, -0.57, -0.57, -0.57, -0.57, -0.57, -0.57, -0.57, -0.57, -0.57, -0.57, -0.57, -0.57, -0.57, -0.57, -0.70, -0.57, -0.57, -0.57, -0.57, 
-0.57, -0.57, -0.57, -0.57, -0.57, -0.57, -0.57, -0.57, -0.57, -0.60, -0.57, -0.57, -0.57, -0.57, -0.57, -0.57, -0.57, -0.57, -0.57, -0.25, -0.57, -0.57, -0.57, -0.57, -0.57, -0.57, -0.57, -0.57, 
-0.58, -0.57, -0.57, -0.57, -0.57, -0.57, -0.57, -0.57, -0.57, -0.57, -0.57, -0.57, -0.57, -0.57, -0.57, -0.57, -0.68, -0.57, -0.57, -0.57, -0.69, -0.57, -0.57, -0.57, -0.57, -0.57, -0.57, -0.57, 
-0.57, -0.57, -0.57, -0.57, -0.57, -0.57, -0.57, -0.57, -0.57, -0.57, -0.57, -0.57, -0.57, -0.57, -0.57, -0.57, -0.57, -0.57, -0.57, -0.69, -0.57, -0.57, -0.57, -0.57, -0.57, -0.57, -0.57, -0.57, 
-0.57, -0.57, -0.57, -0.57, -0.57, -0.57, -0.57, -0.57, -0.57, -0.57, -0.57, -0.57, -0.57, -0.57, -0.57, -0.57, -0.57, -0.57, -0.57, -0.57, -0.57, -0.57, -0.57, -0.57, -0.57, -0.57, -0.57, -0.57, 
-- optimal policy --
r  r  r  r  r  r  r  r  >  r  r  >  r  v  r  r  r  v  r  v  l  v  v  l  l  l  l  l  
r  r  v  r  r  r  r  r  r  >  r  r  >  r  v  r  r  v  r  v  l  v  l  l  l  l  l  <  
r  r  r  v  r  r  r  r  >  r  r  >  r  r  r  v  r  r  v  r  v  l  l  l  l  <  l  l  
r  r  >  r  r  r  r  r  r  r  >  r  r  r  r  r  v  r  r  v  l  <  l  l  l  l  l  l  
r  >  R  ^  r  r  >  r  r  r  r  >  r  r  r  >  r  >  >  <  <  l  l  l  l  v  l  <  
>  R  >  r  v  r  r  r  r  r  r  r  >  r  >  R  ^  R  R  ^  L  <  l  l  l  l  <  l  
R  >  R  >  r  r  r  r  r  r  r  >  R  >  R  ^  R  R  R  R  ^  L  <  <  <  ^  L  <  
>  R  >  R  ^  r  >  r  r  r  >  R  >  R  ^  R  R  R  ^  ^  R  ^  L  L  <  l  ^  L  
R  >  R  R  r  >  r  r  r  >  R  >  R  R  R  R  R  ^  R  ^  R  ^  ^  L  L  <  L  ^  
>  R  R  r  >  r  r  r  >  R  >  R  R  R  R  R  ^  ^  ^  ^  ^  R  ^  L  L  L  l  l  
R  R  r  >  r  r  r  >  R  >  R  R  R  R  R  >  R  >  L  <  ^  ^  ^  L  L  L  <  <  
R  r  >  r  r  r  >  R  >  R  R  R  R  R  >  R  ^  R  ^  L  <  ^  R  ^  L  L  L  L  
r  >  r  >  r  >  R  >  R  R  R  R  R  r  R  ^  R  >  ^  <  L  <  ^  L  L  ^  L  L  
>  r  >  r  >  R  >  R  R  R  R  R  r  >  R  R  R  R  ^  L  <  L  L  ^  ^  L  L  ^  
r  >  r  >  R  >  R  R  R  R  R  r  >  R  ^  L  R  R  R  ^  L  <  L  L  ^  ^  L  ^  
>  R  >  R  >  R  R  R  R  R  r  >  R  R  ^  ^  R  R  ^  ^  ^  L  <  L  L  ^  ^  ^  
R  R  R  >  R  R  R  R  R  r  >  R  R  ^  ^  R  R  ^  R  ^  R  ^  L  <  L  L  ^  ^  
R  R  >  R  R  R  R  R  >  >  R  R  ^  ^  R  R  ^  R  ^  R  ^  ^  L  L  L  L  L  ^  
R  >  R  R  R  R  R  >  R  R  R  ^  ^  R  R  R  R  R  >  ^  <  R  ^  L  L  L  L  L  
>  R  R  R  R  R  >  R  R  R  ^  R  R  R  R  R  ^  >  R  ^  L  L  L  L  L  L  L  L  
R  R  R  R  ^  >  R  R  R  ^  R  R  ^  R  R  ^  >  R  R  ^  L  L  L  L  L  L  L  L  
R  R  R  ^  >  R  R  R  ^  R  R  R  R  R  ^  >  R  R  ^  L  ^  L  L  L  L  L  L  L  
Correct actions (%) : 15.09
Avg angular diffs   : 85.33
