arguments: 45 39 3 0.389755 -0.277283 0.277283 -0.0556793
loading features...

Initializing gridworld of size 28 by 22..
    Num states: 616
    Num actions: 8
recovered reward
-0.06, -0.06, -0.06, -0.06, -0.06, -0.06, -0.06, -0.06, -0.06, -0.06, -0.06, -0.06, -0.06, -0.06, -0.13, -0.33, -0.13, -0.06, -0.06, -0.06, -0.06, -0.06, -0.06, -0.06, -0.06, -0.06, -0.06, -0.06, 
-0.06, -0.06, -0.06, -0.06, -0.06, 0.04, 0.14, 0.04, -0.06, -0.06, -0.06, -0.06, -0.06, -0.06, -0.07, -0.13, -0.07, -0.06, -0.06, -0.06, -0.06, -0.07, -0.13, -0.07, -0.06, -0.06, -0.06, -0.06, 
-0.06, -0.06, -0.06, -0.06, -0.06, 0.14, 0.33, 0.14, 0.04, 0.14, 0.04, -0.06, -0.06, -0.06, -0.06, -0.06, -0.06, -0.06, -0.06, -0.06, -0.06, -0.13, -0.33, -0.13, -0.06, -0.06, 0.55, -0.06, 
-0.06, 0.04, 0.14, 0.04, -0.06, 0.04, 0.14, 0.04, 0.14, 0.53, 0.04, 0.14, 0.26, -0.06, -0.06, -0.06, -0.06, -0.06, -0.06, -0.06, -0.06, -0.07, -0.13, -0.07, -0.06, 0.04, 0.14, 0.04, 
-0.06, 0.14, 0.33, 0.14, 0.04, 0.14, 0.04, -0.06, 0.04, 0.14, 0.14, 0.33, 0.14, -0.06, -0.06, -0.06, -0.06, -0.06, -0.06, -0.06, -0.06, -0.06, -0.06, -0.06, -0.07, 0.07, 0.32, 0.14, 
-0.06, 0.04, 0.14, 0.04, 0.14, 0.33, 0.14, 0.11, -0.06, -0.06, 0.04, 0.14, 0.04, -0.06, -0.06, -0.06, -0.06, -0.06, -0.06, -0.06, -0.06, -0.06, -0.06, -0.06, -0.13, -0.24, 0.65, 0.04, 
-0.06, -0.06, -0.06, -0.06, 0.04, 0.14, 0.04, -0.06, -0.06, -0.06, -0.06, -0.06, -0.06, 0.19, -0.06, -0.06, -0.06, -0.06, -0.06, -0.06, -0.06, -0.06, -0.06, -0.06, -0.07, -0.13, -0.07, -0.06, 
-0.06, -0.06, -0.06, -0.06, -0.06, -0.06, -0.06, -0.06, -0.06, -0.06, -0.06, -0.06, -0.06, -0.06, -0.06, -0.06, -0.06, -0.06, -0.06, -0.06, -0.06, -0.06, -0.06, -0.06, -0.06, -0.06, -0.06, -0.06, 
-0.06, -0.06, -0.06, -0.06, -0.06, -0.06, -0.06, 0.08, -0.06, -0.06, -0.06, -0.06, -0.06, -0.06, 0.22, -0.06, -0.06, -0.06, -0.06, -0.06, -0.06, -0.06, -0.06, -0.06, -0.06, 0.50, -0.06, -0.06, 
-0.06, -0.07, -0.13, -0.07, -0.06, -0.06, -0.06, -0.06, -0.06, -0.06, -0.06, -0.06, -0.06, -0.06, -0.06, 0.04, 0.14, 0.04, -0.06, -0.06, -0.06, -0.06, -0.06, -0.06, -0.06, -0.06, -0.06, -0.06, 
-0.06, -0.13, -0.33, -0.13, -0.07, 0.08, 0.13, -0.03, -0.07, 0.03, 0.07, 0.03, -0.06, -0.06, -0.06, 0.14, 0.64, 0.14, -0.06, -0.06, -0.06, -0.06, -0.06, -0.06, -0.06, -0.06, -0.06, -0.06, 
-0.06, -0.07, -0.13, -0.07, -0.13, -0.14, 0.26, -0.14, -0.13, 0.07, 0.06, 0.07, -0.06, -0.06, -0.06, 0.04, 0.14, 0.04, -0.06, 0.04, 0.14, 0.04, -0.06, -0.06, 0.47, -0.06, -0.06, -0.06, 
-0.06, -0.06, -0.06, -0.06, -0.07, -0.03, 0.13, -0.03, -0.07, 0.03, 0.07, 0.03, -0.13, -0.07, -0.06, -0.07, -0.13, -0.07, -0.06, 0.14, 0.33, 0.14, -0.06, -0.06, -0.06, -0.06, -0.06, -0.06, 
-0.06, -0.06, -0.06, -0.06, 0.03, -0.06, -0.06, -0.06, -0.06, -0.06, -0.06, -0.13, -0.33, -0.13, -0.06, -0.13, -0.33, 0.21, -0.07, -0.03, 0.13, 0.04, -0.06, -0.06, -0.06, -0.06, -0.06, -0.06, 
-0.06, -0.06, -0.06, -0.06, -0.06, -0.06, -0.06, -0.07, -0.13, 0.03, 0.14, 0.03, -0.13, -0.07, -0.06, -0.07, -0.13, -0.07, -0.13, -0.33, -0.13, -0.06, 0.44, -0.06, -0.06, -0.06, -0.06, -0.06, 
-0.06, -0.06, -0.06, -0.06, -0.06, -0.06, -0.06, -0.13, -0.33, 0.07, 0.32, 0.14, -0.06, -0.06, -0.06, -0.06, -0.06, -0.06, -0.07, -0.13, -0.07, -0.06, -0.06, -0.06, -0.06, -0.06, -0.06, -0.06, 
-0.06, -0.06, -0.00, -0.06, -0.06, -0.06, -0.06, -0.07, -0.13, 0.03, 0.07, 0.04, -0.06, -0.06, -0.06, -0.06, -0.06, 0.30, -0.06, -0.06, -0.06, -0.06, -0.06, -0.06, -0.06, -0.06, -0.06, -0.06, 
-0.06, -0.06, -0.06, -0.06, -0.06, -0.06, -0.06, -0.06, -0.07, -0.03, 0.13, 0.04, -0.06, -0.06, -0.06, -0.06, -0.06, -0.06, -0.06, -0.06, -0.06, -0.06, -0.06, 0.42, -0.06, -0.06, -0.06, -0.06, 
-0.06, -0.06, -0.06, -0.06, -0.06, -0.06, -0.06, -0.06, -0.06, 0.14, 0.33, 0.14, -0.06, -0.06, -0.06, -0.06, -0.06, -0.06, -0.06, -0.06, -0.06, -0.06, -0.06, -0.06, -0.06, -0.06, -0.06, -0.06, 
-0.03, -0.06, -0.06, -0.06, -0.06, -0.06, -0.06, -0.06, -0.06, 0.04, 0.14, 0.04, -0.06, -0.06, -0.06, -0.06, 0.33, -0.06, -0.06, -0.06, 0.39, -0.06, -0.06, -0.06, -0.06, -0.06, -0.06, -0.06, 
-0.06, -0.06, -0.06, -0.06, -0.06, -0.06, -0.06, -0.06, -0.06, -0.06, -0.06, -0.06, -0.06, -0.06, -0.06, -0.06, -0.06, -0.06, -0.06, 0.36, -0.06, -0.06, -0.06, -0.06, -0.06, -0.06, -0.06, -0.06, 
-0.06, -0.06, -0.06, -0.06, -0.06, -0.06, -0.06, -0.06, -0.06, -0.06, -0.06, -0.06, -0.06, -0.06, -0.06, -0.06, -0.06, -0.06, -0.06, -0.06, -0.06, -0.06, -0.06, -0.06, -0.06, -0.06, -0.06, -0.06, 
-- optimal policy --
v  r  >  r  r  r  v  l  l  r  v  l  l  l  l  l  l  l  r  r  >  >  r  r  r  v  v  v  
r  v  l  >  r  r  v  r  r  v  l  l  r  v  l  l  l  l  r  r  R  R  r  r  r  r  v  l  
r  r  v  l  >  >  >  r  r  v  l  r  v  l  l  l  l  l  r  r  r  r  r  r  r  >  v  <  
r  r  v  l  R  R  ^  >  >  v  <  v  l  <  l  l  l  l  v  r  r  r  r  >  r  r  v  l  
>  >  >  r  r  R  R  R  R  ^  L  <  <  L  <  l  l  v  l  l  r  r  >  R  >  r  v  l  
R  R  ^  >  >  >  >  R  R  ^  R  ^  L  L  l  r  v  l  v  l  l  >  R  R  R  >  ^  <  
R  R  ^  R  R  ^  R  ^  L  R  R  ^  L  L  r  v  l  v  l  l  l  R  R  R  >  R  ^  L  
R  R  R  R  R  ^  L  L  R  R  ^  R  r  r  v  l  v  v  l  l  l  R  R  >  R  R  R  ^  
R  R  R  R  ^  L  L  L  R  R  R  r  r  >  r  r  v  l  l  l  l  R  >  R  >  R  <  ^  
R  R  R  ^  r  r  v  l  L  r  r  r  >  R  r  r  v  l  l  l  l  >  R  >  R  ^  L  <  
R  R  R  R  >  r  v  l  <  >  r  >  R  r  >  >  v  <  <  <  v  l  l  R  ^  ^  ^  L  
^  L  r  R  R  >  v  <  l  r  >  R  R  >  R  R  ^  L  L  <  v  l  l  >  ^  <  ^  L  
^  r  >  r  >  R  ^  L  r  >  R  R  R  R  R  R  ^  L  L  L  <  <  <  R  ^  L  <  ^  
r  >  r  >  R  R  ^  L  r  r  v  l  R  R  R  ^  L  ^  L  L  ^  L  v  l  ^  L  L  <  
r  r  >  R  R  R  ^  R  r  r  v  l  R  R  ^  L  R  ^  L  R  ^  >  L  <  <  ^  L  L  
r  >  R  R  R  ^  r  r  >  >  >  <  <  R  ^  R  r  v  l  L  >  R  ^  L  <  l  l  L  
>  R  R  R  ^  r  r  r  R  R  ^  L  L  l  R  r  >  r  <  v  l  v  r  v  l  l  l  l  
R  R  ^  L  r  r  r  r  r  r  v  l  l  l  r  v  R  ^  r  r  v  l  l  l  <  <  l  l  
R  ^  L  r  >  r  r  r  >  >  v  <  <  l  >  r  v  r  r  r  v  l  l  ^  L  L  <  <  
^  ^  >  r  r  >  r  >  R  R  ^  L  L  <  r  >  r  >  r  >  l  <  <  <  ^  L  L  <  
^  >  >  >  r  r  >  R  R  R  ^  L  L  L  >  R  ^  r  >  R  ^  L  <  l  l  ^  L  L  
R  >  >  >  >  >  R  R  R  ^  R  ^  L  >  R  ^  >  >  R  ^  L  ^  L  <  <  <  ^  L  
Total actions tested : 48
Correct actions (%) : 12.50
Avg angular diffs   : 99.38
