arguments: 46 26 1 0.0541045 -0.66903 -0.127612 -0.149254
loading features...

Initializing gridworld of size 28 by 22..
    Num states: 616
    Num actions: 8
recovered reward
-0.15, -0.15, -0.15, -0.15, -0.15, -0.15, -0.43, -0.15, -0.12, -0.39, -0.12, -0.15, -0.15, -0.46, -0.15, -0.15, -0.14, -0.44, -0.14, -0.15, -0.48, -0.15, -0.49, -0.15, -0.15, -0.51, -0.15, -0.15, 
-0.15, -0.15, -0.15, -0.42, -0.15, -0.15, -0.15, -0.15, -0.14, -0.12, -0.14, -0.15, -0.15, -0.15, -0.15, -0.15, -0.12, -0.10, -0.12, -0.30, -0.48, -0.32, -0.15, -0.15, -0.15, -0.15, -0.15, -0.15, 
-0.15, -0.40, -0.15, -0.15, -0.15, -0.15, -0.15, -0.15, -0.15, -0.15, -0.15, -0.15, -0.15, -0.15, -0.32, -0.48, -0.30, -0.12, -0.30, -0.46, -0.32, -0.48, -0.15, -0.15, -0.15, -0.15, -0.15, -0.15, 
-0.39, -0.15, -0.15, -0.15, -0.15, -0.15, -0.15, -0.15, -0.15, -0.15, -0.15, -0.15, -0.15, -0.15, -0.48, -0.82, -0.48, -0.14, -0.46, -0.80, -0.48, -0.32, -0.15, -0.15, -0.15, -0.15, -0.15, -0.15, 
-0.15, -0.15, -0.15, -0.15, -0.15, -0.15, -0.15, -0.15, -0.15, -0.15, -0.15, -0.15, -0.15, -0.15, -0.32, -0.48, -0.32, -0.14, -0.29, -0.47, -0.32, -0.15, -0.32, -0.48, -0.32, -0.15, -0.15, -0.15, 
-0.15, -0.15, -0.15, -0.15, -0.15, -0.15, -0.15, -0.15, -0.15, -0.15, -0.15, -0.15, -0.15, -0.15, -0.15, -0.15, -0.15, -0.12, -0.10, -0.12, -0.14, -0.12, -0.47, -0.82, -0.48, -0.15, -0.15, -0.15, 
-0.38, -0.15, -0.15, -0.15, -0.15, -0.15, -0.15, -0.15, -0.15, -0.15, -0.15, -0.15, -0.15, -0.15, -0.15, -0.15, -0.15, -0.14, -0.12, -0.14, -0.12, -0.10, -0.29, -0.48, -0.32, -0.15, -0.15, -0.15, 
-0.15, -0.15, -0.37, -0.15, -0.15, -0.35, -0.15, -0.15, -0.15, -0.15, -0.15, -0.15, -0.15, -0.32, -0.48, -0.32, -0.15, -0.15, -0.15, -0.15, -0.14, -0.12, -0.14, -0.15, -0.15, -0.15, -0.15, -0.15, 
-0.15, -0.15, -0.15, -0.15, -0.15, -0.15, -0.15, -0.15, -0.15, -0.15, -0.15, -0.15, -0.15, -0.48, -0.82, -0.48, -0.15, -0.15, -0.15, -0.15, -0.15, -0.15, -0.15, -0.15, -0.15, -0.15, -0.15, -0.15, 
-0.15, -0.15, -0.15, -0.15, -0.15, -0.15, -0.15, -0.15, -0.15, -0.34, -0.15, -0.15, -0.33, -0.32, -0.48, -0.48, -0.15, -0.15, -0.30, -0.15, -0.15, -0.15, -0.15, -0.15, -0.15, -0.15, -0.15, -0.15, 
-0.15, -0.15, -0.15, -0.15, -0.15, -0.32, -0.48, -0.32, -0.15, -0.15, -0.15, -0.15, -0.15, -0.15, -0.15, -0.15, -0.15, -0.15, -0.15, -0.15, -0.15, -0.29, -0.15, -0.15, -0.15, -0.15, -0.15, -0.15, 
-0.15, -0.15, -0.14, -0.12, -0.14, -0.48, -0.82, -0.48, -0.15, -0.15, -0.14, -0.12, -0.14, -0.15, -0.15, -0.14, -0.12, -0.14, -0.15, -0.15, -0.15, -0.15, -0.15, -0.15, -0.26, -0.12, -0.14, -0.15, 
-0.15, -0.15, -0.12, -0.10, -0.12, -0.32, -0.48, -0.32, -0.15, -0.15, -0.12, -0.10, -0.12, -0.14, -0.12, -0.12, -0.10, -0.12, -0.15, -0.15, -0.15, -0.15, -0.15, -0.15, -0.12, -0.10, -0.12, -0.15, 
-0.15, -0.15, -0.14, -0.12, -0.14, -0.15, -0.15, -0.15, -0.15, -0.15, -0.14, -0.12, -0.14, -0.12, -0.10, -0.14, -0.12, -0.14, -0.15, -0.15, -0.15, -0.15, -0.15, -0.15, -0.14, -0.12, -0.14, -0.15, 
-0.15, -0.15, -0.15, -0.14, -0.12, -0.14, -0.15, -0.15, -0.15, -0.15, -0.15, -0.15, -0.15, -0.14, -0.12, -0.14, -0.14, -0.12, -0.14, -0.15, -0.32, -0.48, -0.32, -0.15, -0.26, -0.15, -0.15, -0.15, 
-0.15, -0.15, -0.15, -0.12, -0.10, -0.12, -0.15, -0.15, -0.15, -0.15, -0.15, -0.15, -0.15, -0.32, -0.48, -0.32, -0.29, -0.43, -0.29, -0.15, -0.48, -0.82, -0.48, -0.48, -0.32, -0.15, -0.15, -0.15, 
-0.15, -0.15, -0.15, -0.14, -0.12, -0.14, -0.15, -0.15, -0.15, -0.15, -0.32, -0.48, -0.32, -0.48, -0.82, -0.48, -0.47, -0.79, -0.47, -0.15, -0.32, -0.48, -0.32, -0.92, -0.48, -0.15, -0.15, -0.15, 
-0.15, -0.15, -0.15, -0.15, -0.15, -0.15, -0.15, -0.15, -0.15, -0.15, -0.48, -0.82, -0.48, -0.32, -0.48, -0.32, -0.32, -0.48, -0.32, -0.15, -0.15, -0.24, -0.32, -0.48, -0.32, -0.15, -0.15, -0.15, 
-0.15, -0.15, -0.15, -0.15, -0.15, -0.15, -0.15, -0.15, -0.15, -0.19, -0.32, -0.48, -0.37, -0.15, -0.15, -0.21, -0.15, -0.15, -0.23, -0.15, -0.15, -0.15, -0.15, -0.15, -0.15, -0.15, -0.15, -0.15, 
-0.15, -0.15, -0.16, -0.15, -0.15, -0.17, -0.15, -0.15, -0.15, -0.15, -0.15, -0.15, -0.15, -0.15, -0.15, -0.15, -0.15, -0.15, -0.15, -0.15, -0.15, -0.15, -0.15, -0.15, -0.15, -0.15, -0.15, -0.15, 
-0.15, -0.15, -0.15, -0.15, -0.15, -0.15, -0.15, -0.15, -0.15, -0.15, -0.15, -0.15, -0.15, -0.15, -0.15, -0.15, -0.15, -0.15, -0.15, -0.15, -0.15, -0.15, -0.15, -0.15, -0.15, -0.15, -0.15, -0.15, 
-0.15, -0.15, -0.15, -0.15, -0.15, -0.15, -0.15, -0.15, -0.15, -0.15, -0.15, -0.15, -0.15, -0.15, -0.15, -0.15, -0.15, -0.15, -0.15, -0.15, -0.15, -0.15, -0.15, -0.15, -0.15, -0.15, -0.15, -0.15, 
-- optimal policy --
r  r  v  r  r  r  r  >  r  >  r  r  r  r  >  r  r  v  l  l  <  r  v  l  l  l  l  l  
v  r  r  r  r  r  >  R  >  R  r  r  r  >  R  >  >  v  <  <  L  r  v  v  l  l  l  l  
r  v  l  r  r  >  R  R  R  ^  r  r  >  R  R  R  R  ^  L  L  L  r  v  l  l  l  l  l  
v  l  v  v  r  r  R  R  ^  r  r  >  R  ^  L  R  R  ^  L  l  r  v  l  <  <  <  <  l  
v  v  v  l  v  r  r  v  r  v  >  R  ^  r  r  r  r  r  v  l  r  v  l  L  L  L  l  l  
r  v  l  l  l  v  r  r  v  r  v  l  r  r  >  r  >  >  v  <  r  v  l  l  r  v  l  l  
v  l  r  v  l  l  v  r  r  v  l  v  v  >  R  >  R  R  ^  L  >  v  <  l  l  l  l  v  
r  r  v  l  v  l  v  l  r  r  v  v  v  l  R  R  R  R  ^  R  R  ^  L  <  <  <  v  v  
r  v  r  v  l  v  l  r  v  r  v  v  l  <  l  R  R  ^  R  R  R  ^  L  L  <  v  v  v  
r  r  v  l  v  l  <  r  r  r  r  v  l  l  r  v  l  v  l  R  ^  R  ^  L  v  v  v  l  
r  r  r  v  l  l  L  >  r  r  r  v  l  l  r  r  v  l  l  l  <  R  r  v  r  v  l  l  
>  r  r  v  l  l  l  R  >  r  r  v  l  r  r  r  v  l  l  <  L  r  >  r  r  v  l  l  
r  >  >  >  <  <  l  l  >  >  >  ^  <  r  v  >  <  <  <  L  l  >  r  >  >  >  <  <  
>  R  R  ^  L  L  l  l  R  R  R  ^  L  >  R  R  ^  L  L  l  <  >  >  R  R  ^  L  L  
R  R  R  r  v  l  l  l  R  R  R  ^  R  R  ^  L  ^  L  <  <  L  R  R  R  R  ^  L  L  
R  R  >  >  >  <  <  l  R  R  R  R  R  R  ^  L  R  ^  L  L  L  R  R  ^  R  R  ^  L  
R  >  R  R  ^  L  L  <  R  R  R  R  ^  L  L  R  ^  L  R  ^  L  l  l  R  R  ^  L  ^  
>  R  R  R  ^  L  L  L  L  ^  L  R  ^  L  l  r  r  v  R  ^  L  <  l  r  R  R  ^  ^  
R  R  R  ^  L  ^  L  L  L  <  L  l  l  l  l  >  >  r  R  ^  ^  L  <  >  R  R  ^  ^  
R  R  ^  R  ^  ^  ^  L  L  L  <  <  <  <  <  R  R  >  R  ^  ^  L  L  R  R  ^  R  ^  
R  ^  R  ^  ^  L  ^  L  L  L  L  <  <  L  <  >  R  R  ^  R  ^  ^  L  L  ^  R  R  ^  
^  R  ^  L  L  R  ^  ^  L  L  L  L  <  <  L  R  R  R  R  ^  L  R  ^  L  L  ^  R  ^  
Correct actions (%) : 12.66
Avg angular diffs   : 87.15
