arguments: 46 40 3 -0.154762 0.0833333 -0.166667 -0.595238
loading features...

Initializing gridworld of size 28 by 22..
    Num states: 616
    Num actions: 8
recovered reward
-0.60, -0.60, -0.60, -0.60, -0.60, -0.60, -0.60, -0.60, -0.60, -1.06, -0.60, -0.60, -0.60, -1.08, -0.60, -0.60, -0.60, -1.10, -0.60, -0.60, -1.11, -0.60, -1.13, -0.60, -0.60, -1.15, -0.60, -0.60, 
-1.01, -0.60, -0.60, -1.03, -0.60, -0.60, -1.05, -0.60, -0.60, -0.51, -0.60, -0.60, -0.60, -0.60, -0.60, -0.60, -0.60, -0.60, -0.60, -0.60, -0.60, -0.60, -0.60, -0.60, -0.60, -0.60, -0.60, -0.60, 
-0.60, -0.60, -0.60, -0.60, -0.60, -0.60, -0.60, -0.60, -0.60, -0.60, -0.60, -0.60, -0.60, -0.60, -0.60, -0.60, -0.60, -0.75, -0.60, -0.60, -0.60, -0.60, -0.60, -0.60, -0.60, -0.60, -0.60, -0.60, 
-1.00, -0.60, -0.60, -0.60, -0.60, -0.51, -0.60, -0.60, -0.60, -0.60, -0.60, -0.60, -0.60, -0.60, -0.75, -0.60, -0.60, -0.51, -0.60, -0.60, -0.60, -0.60, -0.60, -0.60, -0.75, -0.60, -0.60, -0.60, 
-0.60, -0.60, -0.60, -0.60, -0.60, -0.60, -0.60, -0.60, -0.60, -0.60, -0.60, -0.60, -0.60, -0.60, -0.60, -0.60, -0.60, -0.60, -0.60, -0.60, -0.60, -0.60, -0.60, -0.60, -0.60, -0.60, -0.98, -0.60, 
-0.60, -0.51, -0.60, -0.60, -0.60, -0.60, -0.60, -0.60, -0.60, -0.60, -0.60, -0.60, -0.60, -0.60, -0.51, -0.60, -0.60, -0.60, -0.60, -0.60, -0.60, -0.60, -0.60, -0.60, -0.60, -0.60, -0.60, -0.60, 
-0.60, -0.60, -0.60, -0.60, -0.60, -0.60, -0.60, -0.60, -0.60, -0.60, -0.60, -0.60, -0.60, -0.60, -0.60, -0.60, -0.60, -0.60, -0.60, -0.60, -0.60, -0.60, -0.60, -0.60, -0.51, -0.60, -0.60, -0.60, 
-0.60, -0.60, -0.60, -0.60, -0.60, -0.60, -0.60, -0.60, -0.60, -0.60, -0.60, -0.60, -0.60, -0.60, -0.60, -0.60, -0.60, -0.60, -0.60, -0.60, -0.60, -0.60, -0.60, -0.60, -0.60, -0.60, -0.96, -0.60, 
-0.60, -0.60, -0.60, -0.60, -0.60, -0.60, -0.60, -0.60, -0.51, -0.60, -0.60, -0.60, -0.60, -0.60, -0.75, -0.60, -0.60, -0.60, -0.60, -0.60, -0.60, -0.60, -0.60, -0.60, -0.60, -0.60, -0.60, -0.60, 
-0.60, -0.60, -0.60, -0.60, -0.60, -0.60, -0.60, -0.60, -0.60, -0.60, -0.86, -0.60, -0.60, -0.60, -0.85, -0.60, -0.60, -0.83, -0.60, -0.60, -0.97, -0.60, -0.75, -0.80, -0.60, -0.60, -0.60, -0.60, 
-0.60, -0.60, -0.60, -0.60, -0.60, -0.60, -0.60, -0.60, -0.60, -0.60, -0.60, -0.60, -0.60, -0.60, -0.60, -0.60, -0.60, -0.60, -0.60, -0.60, -0.60, -0.60, -0.51, -0.60, -0.60, -0.75, -0.95, -0.60, 
-0.60, -0.60, -0.60, -0.60, -0.60, -0.60, -0.60, -0.88, -0.60, -0.60, -0.60, -0.60, -0.60, -0.60, -0.60, -0.60, -0.60, -0.60, -0.60, -0.60, -0.60, -0.60, -0.60, -0.60, -0.60, -0.60, -0.60, -0.60, 
-0.60, -0.60, -0.60, -0.60, -0.60, -0.60, -0.60, -0.60, -0.60, -0.60, -0.60, -0.60, -0.60, -0.60, -0.60, -0.60, -0.51, -0.60, -0.60, -0.60, -0.60, -0.60, -0.60, -0.60, -0.60, -0.60, -0.60, -0.60, 
-0.93, -0.60, -0.60, -0.83, -0.60, -0.60, -0.90, -0.60, -0.60, -0.75, -0.60, -0.60, -0.60, -0.60, -0.60, -0.60, -0.60, -0.60, -0.60, -0.60, -0.75, -0.75, -0.60, -0.60, -0.60, -0.60, -0.76, -0.60, 
-0.60, -0.60, -0.60, -0.60, -0.60, -0.60, -0.60, -0.60, -0.60, -0.60, -0.60, -0.60, -0.60, -0.60, -0.60, -0.60, -0.60, -0.60, -0.60, -0.60, -0.60, -0.60, -0.60, -0.60, -0.60, -0.60, -0.60, -0.60, 
-0.60, -0.60, -0.60, -0.60, -0.60, -0.60, -0.60, -0.60, -0.60, -0.60, -0.60, -0.60, -0.60, -0.60, -0.60, -0.60, -0.60, -0.60, -0.60, -0.60, -0.60, -0.60, -0.60, -0.60, -0.60, -0.60, -0.60, -0.60, 
-0.60, -0.60, -0.60, -0.60, -0.51, -0.60, -0.60, -0.60, -0.60, -0.60, -0.60, -0.60, -0.60, -0.60, -0.60, -0.60, -0.60, -0.60, -0.60, -0.60, -0.60, -0.60, -0.60, -0.60, -0.51, -0.60, -0.75, -0.60, 
-0.60, -0.60, -0.60, -0.60, -0.60, -0.60, -0.60, -0.60, -0.60, -0.60, -0.60, -0.60, -0.60, -0.60, -0.60, -0.60, -0.60, -0.60, -0.60, -0.60, -0.60, -0.60, -0.60, -0.60, -0.60, -0.60, -0.60, -0.60, 
-0.60, -0.60, -0.60, -0.60, -0.60, -0.60, -0.60, -0.60, -0.75, -0.60, -0.60, -0.60, -0.60, -0.75, -0.60, -0.60, -0.60, -0.60, -0.60, -0.60, -0.60, -0.60, -0.60, -0.60, -0.73, -0.60, -0.60, -0.60, 
-0.60, -0.60, -0.61, -0.60, -0.60, -0.63, -0.60, -0.60, -0.65, -0.60, -0.60, -0.66, -0.60, -0.60, -0.68, -0.60, -0.60, -0.70, -0.60, -0.60, -0.71, -0.60, -0.60, -0.60, -0.60, -0.60, -0.60, -0.60, 
-0.60, -0.60, -0.60, -0.60, -0.60, -0.60, -0.60, -0.60, -0.60, -0.60, -0.60, -0.60, -0.60, -0.60, -0.60, -0.60, -0.60, -0.60, -0.60, -0.60, -0.60, -0.60, -0.60, -0.60, -0.60, -0.60, -0.60, -0.60, 
-0.60, -0.60, -0.60, -0.60, -0.60, -0.60, -0.60, -0.60, -0.60, -0.60, -0.60, -0.60, -0.60, -0.60, -0.60, -0.60, -0.60, -0.60, -0.60, -0.60, -0.60, -0.60, -0.60, -0.60, -0.60, -0.60, -0.60, -0.60, 
-- optimal policy --
r  r  >  r  v  v  l  >  r  v  l  l  l  >  r  v  r  v  l  v  l  l  l  l  l  v  v  v  
v  l  r  r  v  v  v  l  >  v  <  <  <  v  >  r  v  l  v  l  l  l  l  l  v  v  l  v  
r  v  l  >  r  v  l  l  R  ^  L  <  r  v  l  >  r  v  l  l  l  l  v  v  r  v  v  l  
v  l  v  l  >  v  <  <  ^  ^  ^  L  r  v  l  v  >  v  <  <  l  r  v  v  v  v  l  v  
r  v  l  l  R  ^  L  L  <  ^  ^  r  r  r  v  l  R  ^  L  <  l  >  r  v  v  l  l  l  
>  v  <  <  ^  ^  L  L  <  v  v  r  r  >  v  <  <  ^  ^  L  <  r  >  r  v  l  l  l  
R  ^  L  <  l  ^  r  v  v  v  l  r  >  R  ^  L  <  <  ^  L  L  >  r  >  v  <  <  <  
^  L  L  L  <  r  >  r  v  l  l  >  R  R  ^  L  L  <  l  r  v  r  >  R  ^  L  <  l  
^  L  ^  L  L  >  r  >  l  <  <  R  R  ^  ^  L  L  L  <  >  r  v  R  ^  ^  ^  L  <  
^  L  L  ^  L  r  >  R  ^  L  <  L  ^  r  v  v  v  v  v  l  >  r  v  l  l  R  ^  L  
^  ^  ^  ^  r  >  R  ^  L  ^  L  <  r  >  r  v  v  v  l  l  r  >  v  <  <  <  R  ^  
v  v  v  r  >  R  R  ^  ^  L  ^  L  >  r  r  r  v  l  l  <  >  R  ^  L  <  L  <  ^  
r  v  v  l  R  R  ^  L  R  ^  L  ^  r  r  r  >  v  <  l  l  R  ^  ^  ^  L  <  L  v  
r  r  v  v  v  v  v  l  l  L  ^  r  >  r  >  R  ^  L  <  <  ^  R  R  ^  ^  L  v  l  
r  r  r  v  v  v  l  l  l  l  r  >  r  >  R  ^  ^  ^  L  L  <  >  r  v  v  v  l  l  
>  r  >  r  v  l  l  l  l  l  >  r  >  R  R  ^  R  ^  L  L  <  r  >  r  v  l  l  <  
r  >  r  >  v  <  <  <  l  l  r  >  R  ^  R  R  ^  ^  L  L  L  >  r  >  l  <  <  l  
>  r  >  R  ^  L  <  <  <  <  >  R  ^  R  R  ^  ^  ^  ^  ^  >  r  >  R  ^  L  <  <  
r  >  R  ^  ^  L  L  <  <  L  R  ^  R  ^  R  ^  ^  ^  ^  >  r  >  R  ^  ^  ^  L  <  
>  R  ^  ^  R  ^  L  L  <  l  l  R  ^  L  ^  ^  ^  ^  >  r  >  R  R  ^  L  ^  ^  L  
R  ^  L  R  ^  R  ^  L  L  <  <  <  ^  ^  L  ^  ^  r  r  >  R  R  R  R  ^  R  ^  ^  
^  R  R  ^  R  ^  ^  ^  L  L  L  L  <  ^  ^  ^  >  >  >  R  R  R  ^  ^  L  ^  ^  L  
Correct actions (%) : 10.71
Avg angular diffs   : 83.04
