arguments: 46 25 1 -0.0423007 -0.832928 0.00304321 -0.121729
loading features...

Initializing gridworld of size 28 by 22..
    Num states: 616
    Num actions: 8
recovered reward
-0.12, -0.12, -0.12, -0.12, -0.12, -0.12, -0.12, -0.12, -0.12, -0.12, -0.12, -0.12, -0.12, -0.12, -0.12, -0.12, -0.12, -0.12, -0.12, -0.13, -0.14, -0.13, -0.12, -0.12, -0.12, -0.12, -0.12, -0.12, 
-0.12, -0.12, -0.12, -0.12, -0.12, -0.12, -0.12, -0.12, -0.12, -0.13, -0.14, -0.13, -0.13, -0.14, -0.13, -0.12, -0.12, -0.12, -0.12, -0.14, -0.16, -0.14, -0.12, -0.12, -0.12, -0.12, -0.12, -0.12, 
-0.12, -0.12, -0.33, -0.54, -0.33, -0.12, -0.12, -0.12, -0.12, -0.14, -0.16, -0.14, -0.14, -0.16, -0.14, -0.12, -0.12, -0.12, -0.12, -0.13, -0.14, -0.13, -0.12, -0.12, -0.12, -0.12, -0.12, -0.12, 
-0.12, -0.12, -0.54, -0.95, -0.54, -0.12, -0.12, -0.12, -0.12, -0.13, -0.14, -0.13, -0.13, -0.14, -0.13, -0.33, -0.54, -0.33, -0.54, -0.34, -0.35, -0.13, -0.12, -0.12, -0.12, -0.12, -0.12, -0.12, 
-0.12, -0.12, -0.33, -0.54, -0.33, -0.12, -0.12, -0.12, -0.12, -0.12, -0.12, -0.12, -0.12, -0.12, -0.12, -0.54, -0.95, -0.54, -0.95, -0.56, -0.58, -0.14, -0.12, -0.12, -0.33, -0.54, -0.33, -0.12, 
-0.12, -0.12, -0.13, -0.35, -0.55, -0.33, -0.12, -0.12, -0.12, -0.12, -0.12, -0.12, -0.12, -0.12, -0.12, -0.33, -0.54, -0.33, -0.54, -0.34, -0.35, -0.13, -0.12, -0.12, -0.54, -0.95, -0.53, -0.12, 
-0.12, -0.12, -0.14, -0.58, -0.98, -0.54, -0.12, -0.12, -0.12, -0.12, -0.12, -0.12, -0.13, -0.14, -0.13, -0.12, -0.12, -0.12, -0.12, -0.12, -0.12, -0.12, -0.12, -0.12, -0.33, -0.54, -0.33, -0.12, 
-0.12, -0.12, -0.13, -0.35, -0.55, -0.33, -0.12, -0.12, -0.12, -0.12, -0.12, -0.12, -0.14, -0.16, -0.14, -0.13, -0.12, -0.12, -0.12, -0.12, -0.12, -0.12, -0.12, -0.12, -0.12, -0.12, -0.12, -0.12, 
-0.12, -0.12, -0.13, -0.14, -0.13, -0.12, -0.12, -0.12, -0.12, -0.12, -0.12, -0.12, -0.13, -0.14, -0.13, -0.14, -0.34, -0.56, -0.34, -0.12, -0.12, -0.12, -0.12, -0.12, -0.13, -0.14, -0.13, -0.12, 
-0.12, -0.12, -0.12, -0.12, -0.12, -0.12, -0.12, -0.12, -0.12, -0.12, -0.12, -0.12, -0.12, -0.13, -0.14, -0.34, -0.56, -0.37, -0.56, -0.33, -0.12, -0.12, -0.12, -0.12, -0.14, -0.16, -0.14, -0.12, 
-0.12, -0.12, -0.12, -0.12, -0.12, -0.12, -0.12, -0.12, -0.12, -0.12, -0.12, -0.12, -0.12, -0.12, -0.12, -0.54, -0.96, -0.56, -0.97, -0.54, -0.12, -0.12, -0.12, -0.12, -0.13, -0.14, -0.13, -0.12, 
-0.12, -0.12, -0.12, -0.12, -0.12, -0.12, -0.12, -0.12, -0.12, -0.12, -0.12, -0.12, -0.12, -0.12, -0.12, -0.33, -0.54, -0.33, -0.54, -0.33, -0.12, -0.12, -0.12, -0.12, -0.12, -0.12, -0.12, -0.12, 
-0.12, -0.12, -0.12, -0.12, -0.12, -0.12, -0.12, -0.12, -0.12, -0.12, -0.12, -0.12, -0.12, -0.33, -0.54, -0.33, -0.12, -0.54, -0.95, -0.54, -0.12, -0.12, -0.12, -0.12, -0.12, -0.12, -0.12, -0.12, 
-0.12, -0.12, -0.12, -0.12, -0.13, -0.14, -0.13, -0.12, -0.12, -0.12, -0.12, -0.12, -0.12, -0.54, -0.95, -0.54, -0.12, -0.33, -0.54, -0.33, -0.12, -0.12, -0.12, -0.12, -0.12, -0.12, -0.12, -0.12, 
-0.12, -0.12, -0.12, -0.12, -0.14, -0.16, -0.14, -0.12, -0.12, -0.12, -0.12, -0.12, -0.12, -0.33, -0.54, -0.33, -0.12, -0.12, -0.12, -0.12, -0.12, -0.12, -0.12, -0.12, -0.12, -0.12, -0.12, -0.12, 
-0.12, -0.12, -0.12, -0.12, -0.13, -0.14, -0.13, -0.12, -0.12, -0.12, -0.12, -0.12, -0.12, -0.12, -0.12, -0.12, -0.12, -0.12, -0.12, -0.12, -0.12, -0.12, -0.12, -0.12, -0.12, -0.12, -0.12, -0.12, 
-0.12, -0.12, -0.12, -0.12, -0.12, -0.12, -0.12, -0.12, -0.12, -0.12, -0.12, -0.12, -0.12, -0.12, -0.12, -0.12, -0.12, -0.12, -0.12, -0.12, -0.12, -0.12, -0.12, -0.12, -0.12, -0.12, -0.12, -0.12, 
-0.12, -0.12, -0.12, -0.12, -0.12, -0.12, -0.12, -0.12, -0.13, -0.14, -0.13, -0.12, -0.12, -0.12, -0.12, -0.12, -0.12, -0.12, -0.33, -0.54, -0.33, -0.12, -0.12, -0.12, -0.12, -0.12, -0.12, -0.12, 
-0.12, -0.12, -0.12, -0.12, -0.12, -0.12, -0.12, -0.12, -0.14, -0.16, -0.14, -0.12, -0.12, -0.12, -0.12, -0.12, -0.12, -0.12, -0.54, -0.95, -0.54, -0.12, -0.12, -0.12, -0.12, -0.12, -0.12, -0.12, 
-0.12, -0.12, -0.12, -0.12, -0.12, -0.12, -0.12, -0.12, -0.13, -0.14, -0.13, -0.12, -0.12, -0.12, -0.12, -0.12, -0.12, -0.12, -0.33, -0.54, -0.33, -0.12, -0.12, -0.12, -0.12, -0.12, -0.12, -0.12, 
-0.12, -0.12, -0.12, -0.12, -0.12, -0.12, -0.12, -0.12, -0.12, -0.12, -0.12, -0.12, -0.12, -0.12, -0.12, -0.12, -0.12, -0.12, -0.12, -0.12, -0.12, -0.12, -0.12, -0.12, -0.12, -0.12, -0.12, -0.12, 
-0.12, -0.12, -0.12, -0.12, -0.12, -0.12, -0.12, -0.12, -0.12, -0.12, -0.12, -0.12, -0.12, -0.12, -0.12, -0.12, -0.12, -0.12, -0.12, -0.12, -0.12, -0.12, -0.12, -0.12, -0.12, -0.12, -0.12, -0.12, 
-- optimal policy --
r  >  >  r  >  r  r  r  v  l  <  <  <  <  r  v  v  l  l  >  >  >  r  r  r  v  v  v  
>  R  >  >  r  >  r  r  v  l  L  L  L  L  r  v  l  l  l  r  r  r  r  r  >  r  v  l  
R  R  R  R  r  v  >  r  v  l  r  r  v  l  v  l  <  <  <  >  r  r  r  >  r  >  >  <  
R  ^  L  r  >  r  v  >  r  r  r  r  r  r  v  l  L  L  L  R  >  r  >  R  >  R  ^  L  
v  l  l  l  R  >  r  v  >  r  >  >  r  r  v  l  r  v  l  v  r  r  R  R  R  R  ^  ^  
v  v  l  <  R  r  >  >  r  >  r  >  >  >  r  r  r  r  r  r  r  >  R  ^  L  R  R  ^  
r  v  l  l  r  r  R  ^  >  r  >  R  R  R  >  >  r  r  r  r  >  R  ^  ^  L  r  R  ^  
r  v  l  r  r  r  r  v  r  >  R  ^  L  R  R  >  >  >  r  >  R  ^  ^  ^  L  >  R  ^  
r  r  r  r  r  r  >  v  >  R  R  ^  L  l  R  R  R  R  >  R  >  r  v  l  l  R  ^  ^  
r  r  r  r  r  r  r  r  v  v  v  v  v  v  l  l  L  R  R  >  r  >  r  v  l  l  r  v  
r  r  >  r  >  r  r  r  r  v  v  v  v  v  l  l  r  v  r  r  >  r  >  r  v  l  l  l  
r  >  r  >  R  >  r  r  r  r  v  v  v  l  <  r  v  l  >  r  r  >  r  >  v  <  <  <  
>  r  >  R  >  >  >  r  r  r  r  v  v  l  L  r  v  l  r  >  r  r  >  R  ^  L  <  L  
r  >  R  R  R  R  r  >  r  r  r  r  v  l  r  r  r  r  r  r  >  r  R  ^  L  ^  L  <  
>  R  r  v  l  r  >  r  >  r  r  r  r  r  r  r  v  >  r  >  r  >  ^  <  ^  L  ^  L  
R  r  >  r  r  r  R  >  r  >  r  r  r  r  r  >  r  v  >  r  >  R  ^  L  <  ^  L  ^  
r  >  r  >  r  >  r  >  >  >  >  r  r  r  r  r  >  >  >  >  R  ^  ^  ^  L  L  ^  L  
>  R  r  r  >  r  >  R  R  R  r  >  r  r  r  >  R  ^  R  R  ^  ^  >  ^  <  L  L  ^  
R  r  r  r  r  >  R  ^  L  r  >  r  r  r  r  r  v  l  L  r  R  >  R  ^  L  <  L  L  
>  r  r  r  >  R  >  r  r  r  r  r  r  r  r  >  r  r  r  v  >  R  ^  ^  ^  L  <  L  
r  r  r  >  R  >  >  >  >  >  >  r  r  r  >  R  ^  r  >  >  R  ^  ^  ^  ^  ^  L  <  
>  >  >  R  >  >  >  >  >  >  >  >  >  >  R  R  >  >  R  ^  L  ^  ^  ^  ^  ^  ^  L  
Correct actions (%) : 8.47
Avg angular diffs   : 112.88
