arguments: 46 31 4 0.333452 -0.497509 -0.0978648 -0.0711744
loading features...

Initializing gridworld of size 28 by 22..
    Num states: 616
    Num actions: 8
recovered reward
-0.32, -0.57, -0.32, -0.07, 0.01, -0.03, -0.24, -0.20, -0.07, -0.07, -0.07, -0.07, -0.07, -0.07, -0.07, -0.07, -0.07, -0.07, -0.20, -0.32, -0.20, -0.07, -0.07, -0.07, -0.07, -0.07, -0.07, -0.07, 
-0.20, -0.24, -0.03, 0.01, 0.10, 0.01, -0.40, -0.32, -0.07, -0.15, -0.07, -0.07, -0.16, -0.07, -0.07, -0.07, -0.07, -0.07, -0.32, -0.49, -0.15, 0.01, -0.07, -0.07, -0.07, -0.33, -0.07, -0.07, 
-0.07, 0.10, 0.26, 0.10, 0.01, -0.03, -0.24, -0.20, -0.07, -0.07, -0.07, -0.07, -0.07, -0.07, -0.07, -0.07, -0.17, -0.07, -0.20, -0.15, 0.14, 0.10, -0.07, -0.07, -0.07, -0.07, -0.07, -0.07, 
-0.07, 0.01, 0.10, 0.01, -0.07, -0.20, -0.32, -0.26, -0.07, -0.07, -0.07, -0.07, -0.07, -0.07, -0.07, -0.07, -0.07, -0.07, -0.07, 0.01, 0.10, 0.01, 0.01, -0.07, -0.07, -0.07, -0.07, -0.07, 
-0.07, -0.07, -0.07, -0.07, -0.07, -0.07, -0.13, -0.07, -0.07, -0.07, -0.07, -0.07, -0.07, -0.07, -0.07, -0.07, -0.07, -0.07, -0.07, -0.07, 0.01, 0.10, 0.01, -0.07, -0.07, -0.32, -0.07, -0.07, 
-0.07, -0.07, -0.07, -0.07, -0.07, -0.07, -0.07, -0.07, -0.07, -0.07, -0.20, -0.32, -0.20, -0.07, -0.07, -0.07, -0.18, -0.07, -0.07, -0.07, 0.10, 0.26, 0.10, -0.07, -0.07, -0.07, -0.07, -0.07, 
-0.07, -0.07, -0.07, -0.07, -0.12, -0.07, -0.07, -0.07, -0.07, -0.07, -0.32, -0.57, -0.32, -0.07, -0.19, -0.07, -0.07, -0.07, -0.07, -0.07, -0.11, -0.15, -0.11, -0.07, -0.07, -0.07, -0.07, -0.07, 
-0.07, -0.07, -0.07, -0.07, -0.07, -0.07, 0.01, 0.10, 0.01, -0.07, -0.20, -0.32, -0.20, -0.07, -0.07, -0.07, -0.07, -0.07, -0.07, 0.01, -0.15, -0.49, -0.32, -0.31, -0.07, -0.07, -0.07, -0.07, 
-0.07, -0.07, -0.07, -0.07, -0.07, -0.07, 0.10, 0.26, 0.10, -0.07, -0.07, -0.07, -0.07, -0.07, -0.07, -0.07, -0.07, -0.07, -0.07, 0.10, 0.14, -0.15, -0.20, -0.07, -0.07, -0.07, -0.07, -0.07, 
-0.07, -0.07, -0.07, -0.07, -0.11, -0.07, 0.01, 0.10, 0.01, 0.10, 0.01, -0.07, -0.20, -0.07, -0.07, -0.07, -0.07, -0.07, -0.07, 0.01, 0.10, 0.01, -0.07, -0.07, -0.07, -0.07, -0.07, -0.07, 
-0.07, -0.07, -0.07, -0.07, -0.07, -0.07, -0.07, -0.07, 0.10, 0.26, 0.10, -0.07, -0.07, -0.07, -0.07, -0.20, -0.32, -0.20, -0.07, -0.07, -0.07, -0.07, -0.07, -0.07, -0.30, -0.07, -0.07, -0.07, 
-0.07, -0.07, -0.07, -0.07, -0.07, -0.07, -0.07, -0.07, 0.01, 0.10, -0.12, -0.07, -0.07, -0.20, -0.32, -0.32, -0.57, -0.32, -0.07, -0.07, -0.07, -0.07, -0.07, -0.07, -0.07, -0.07, -0.07, -0.07, 
-0.07, -0.07, -0.07, -0.07, -0.07, -0.07, -0.07, -0.07, -0.07, -0.07, -0.07, -0.07, -0.07, -0.32, -0.57, -0.20, -0.32, -0.20, -0.07, -0.07, -0.07, -0.07, -0.07, -0.07, 0.01, 0.10, 0.01, -0.07, 
-0.07, -0.07, -0.07, -0.10, -0.07, -0.07, -0.07, -0.07, -0.07, -0.07, -0.07, -0.07, -0.07, -0.20, -0.32, -0.20, -0.07, -0.07, -0.07, -0.07, -0.07, -0.07, -0.07, -0.29, 0.10, 0.26, 0.10, -0.07, 
-0.07, -0.07, -0.07, -0.07, -0.07, -0.07, -0.07, -0.07, -0.07, -0.22, -0.07, -0.07, -0.07, -0.07, -0.07, -0.07, -0.07, -0.07, -0.07, -0.07, -0.07, 0.01, 0.10, 0.01, 0.01, 0.10, 0.01, -0.07, 
-0.07, -0.07, -0.07, -0.07, -0.07, -0.07, -0.07, -0.07, -0.07, -0.07, -0.07, -0.07, -0.07, -0.07, -0.07, -0.07, -0.07, -0.07, -0.07, -0.07, 0.01, 0.10, 0.14, -0.15, -0.20, -0.07, -0.07, -0.07, 
-0.07, -0.07, -0.09, -0.07, -0.07, -0.07, -0.07, -0.07, -0.07, -0.07, -0.07, -0.07, -0.23, -0.07, -0.07, -0.07, -0.07, -0.07, -0.07, -0.07, 0.10, 0.01, -0.15, -0.69, -0.32, -0.07, -0.07, -0.07, 
-0.07, -0.07, -0.07, -0.07, -0.07, -0.07, 0.01, 0.10, 0.01, -0.07, -0.07, -0.07, -0.07, -0.07, -0.20, -0.32, -0.20, -0.07, -0.07, -0.07, 0.01, 0.10, -0.11, -0.32, -0.20, -0.07, -0.07, -0.07, 
-0.07, -0.07, -0.07, -0.07, -0.07, -0.07, 0.10, 0.26, 0.10, -0.07, -0.07, -0.07, -0.07, -0.07, -0.32, -0.57, -0.32, -0.07, -0.20, -0.32, -0.20, -0.27, -0.07, -0.07, -0.07, -0.07, -0.07, -0.07, 
-0.08, -0.07, -0.07, -0.07, -0.07, -0.07, 0.01, 0.10, 0.01, -0.07, -0.07, -0.07, -0.07, -0.24, -0.20, -0.32, -0.37, -0.07, -0.32, -0.75, -0.32, -0.07, -0.07, -0.07, -0.07, -0.07, -0.07, -0.07, 
-0.07, -0.07, -0.07, -0.07, -0.07, -0.07, -0.07, -0.07, -0.07, -0.07, -0.07, -0.07, -0.07, -0.07, -0.20, -0.32, -0.20, -0.07, -0.20, -0.32, -0.20, -0.07, -0.07, -0.07, -0.07, -0.07, -0.07, -0.07, 
-0.07, -0.07, -0.07, -0.07, -0.07, -0.07, -0.07, -0.07, -0.07, -0.07, -0.07, -0.07, -0.07, -0.07, -0.07, -0.07, -0.07, -0.07, -0.07, -0.07, -0.07, -0.07, -0.07, -0.07, -0.07, -0.07, -0.07, -0.07, 
-- optimal policy --
v  r  r  r  v  l  l  r  v  l  v  l  l  r  >  r  v  v  l  r  r  v  l  l  l  l  <  l  
r  r  v  l  l  <  <  r  r  r  v  l  v  l  r  >  r  v  l  r  v  l  l  <  l  l  l  l  
>  >  >  <  <  L  L  r  v  v  l  v  l  <  >  r  >  r  r  >  v  <  <  l  l  l  l  <  
R  R  ^  L  L  L  L  v  l  l  v  l  <  <  >  >  r  r  >  R  ^  L  l  l  l  l  <  <  
R  R  ^  L  L  L  r  v  l  l  l  <  <  v  r  >  >  >  R  r  r  v  l  l  l  <  L  l  
R  R  ^  L  L  r  v  l  v  l  l  L  L  v  l  r  r  R  >  >  >  ^  <  <  <  <  <  <  
R  ^  L  L  r  r  r  v  l  l  l  l  r  v  l  >  >  r  r  R  R  ^  L  L  <  <  <  L  
R  ^  L  >  r  r  r  v  l  l  l  l  l  l  <  R  >  >  r  r  v  l  R  ^  L  L  <  v  
^  L  >  >  r  >  >  >  <  v  l  l  l  <  <  >  >  >  >  >  <  <  l  l  ^  L  v  l  
R  >  >  R  >  R  R  ^  r  v  l  l  <  l  <  >  >  >  R  R  ^  L  <  <  r  v  l  v  
>  r  >  >  R  R  R  >  >  ^  <  <  L  <  <  R  R  R  R  R  ^  L  L  r  r  v  v  l  
r  >  R  R  R  R  >  R  R  ^  L  L  <  L  L  L  R  R  R  ^  ^  ^  r  r  r  v  l  l  
>  R  R  R  R  >  R  R  R  ^  L  ^  L  <  L  r  r  R  R  r  r  v  >  r  r  v  l  l  
R  r  r  R  R  R  R  R  R  ^  L  L  ^  L  l  r  r  r  r  r  r  r  v  >  >  ^  <  <  
>  r  r  r  r  r  R  R  ^  L  L  L  L  <  <  >  r  r  r  r  r  r  v  l  R  ^  L  L  
r  >  >  r  r  r  r  v  l  l  l  l  <  L  L  r  >  >  r  r  >  >  ^  <  R  ^  L  L  
r  R  R  >  r  r  r  v  l  l  l  <  L  L  L  >  r  >  >  >  R  R  ^  L  R  ^  L  L  
r  r  r  >  >  r  r  v  l  l  <  <  L  <  L  R  >  R  R  R  ^  L  <  l  R  R  ^  L  
>  r  >  >  R  >  >  v  <  <  <  L  <  L  L  R  R  R  R  R  R  ^  L  <  <  ^  ^  L  
R  >  R  R  >  R  R  ^  L  L  <  <  L  L  L  r  R  ^  L  R  >  R  ^  L  <  <  ^  ^  
>  R  R  >  R  R  R  ^  L  L  L  <  <  <  <  l  R  ^  L  r  R  ^  ^  ^  L  <  <  ^  
R  R  >  R  R  R  ^  R  ^  L  L  L  <  <  L  <  R  ^  L  >  R  R  ^  L  ^  L  <  L  
Correct actions (%) : 14.89
Avg angular diffs   : 87.61
