arguments: 46 26 1 -0.436768 -0.430913 -0.0152225 -0.117096
loading features...

Initializing gridworld of size 28 by 22..
    Num states: 616
    Num actions: 8
recovered reward
-0.12, -0.12, -0.12, -0.12, -0.12, -0.12, -0.15, -0.12, -0.12, -0.59, -0.12, -0.12, -0.12, -0.15, -0.12, -0.12, -0.12, -0.16, -0.12, -0.12, -0.16, -0.12, -0.16, -0.12, -0.12, -0.16, -0.12, -0.12, 
-0.12, -0.12, -0.12, -0.15, -0.12, -0.12, -0.12, -0.12, -0.12, -0.12, -0.12, -0.12, -0.12, -0.12, -0.12, -0.12, -0.12, -0.55, -0.12, -0.12, -0.12, -0.12, -0.12, -0.12, -0.12, -0.12, -0.12, -0.12, 
-0.12, -0.15, -0.12, -0.12, -0.12, -0.12, -0.12, -0.12, -0.12, -0.12, -0.12, -0.12, -0.12, -0.12, -0.12, -0.12, -0.12, -0.12, -0.55, -0.12, -0.55, -0.12, -0.12, -0.12, -0.12, -0.12, -0.12, -0.12, 
-0.15, -0.12, -0.12, -0.12, -0.12, -0.12, -0.12, -0.12, -0.12, -0.12, -0.12, -0.12, -0.12, -0.12, -0.12, -0.55, -0.12, -0.12, -0.12, -0.55, -0.12, -0.12, -0.12, -0.12, -0.12, -0.12, -0.12, -0.12, 
-0.12, -0.12, -0.12, -0.12, -0.12, -0.12, -0.12, -0.12, -0.12, -0.12, -0.12, -0.12, -0.12, -0.12, -0.12, -0.12, -0.12, -0.12, -0.12, -0.12, -0.12, -0.12, -0.12, -0.12, -0.12, -0.12, -0.12, -0.12, 
-0.12, -0.12, -0.12, -0.12, -0.12, -0.12, -0.12, -0.12, -0.12, -0.12, -0.12, -0.12, -0.12, -0.12, -0.12, -0.12, -0.12, -0.12, -0.55, -0.12, -0.12, -0.12, -0.12, -0.55, -0.12, -0.12, -0.12, -0.12, 
-0.14, -0.12, -0.12, -0.12, -0.12, -0.12, -0.12, -0.12, -0.12, -0.12, -0.12, -0.12, -0.12, -0.12, -0.12, -0.12, -0.12, -0.12, -0.12, -0.12, -0.12, -0.55, -0.12, -0.12, -0.12, -0.12, -0.12, -0.12, 
-0.12, -0.12, -0.14, -0.12, -0.12, -0.14, -0.12, -0.12, -0.12, -0.12, -0.12, -0.12, -0.12, -0.12, -0.12, -0.12, -0.12, -0.12, -0.12, -0.12, -0.12, -0.12, -0.12, -0.12, -0.12, -0.12, -0.12, -0.12, 
-0.12, -0.12, -0.12, -0.12, -0.12, -0.12, -0.12, -0.12, -0.12, -0.12, -0.12, -0.12, -0.12, -0.12, -0.55, -0.12, -0.12, -0.12, -0.12, -0.12, -0.12, -0.12, -0.12, -0.12, -0.12, -0.12, -0.12, -0.12, 
-0.12, -0.12, -0.12, -0.12, -0.12, -0.12, -0.12, -0.12, -0.12, -0.14, -0.12, -0.12, -0.14, -0.12, -0.12, -0.14, -0.12, -0.12, -0.14, -0.12, -0.12, -0.12, -0.12, -0.12, -0.12, -0.12, -0.12, -0.12, 
-0.12, -0.12, -0.12, -0.12, -0.12, -0.12, -0.12, -0.12, -0.12, -0.12, -0.12, -0.12, -0.12, -0.12, -0.12, -0.12, -0.12, -0.12, -0.12, -0.12, -0.12, -0.13, -0.12, -0.12, -0.12, -0.12, -0.12, -0.12, 
-0.12, -0.12, -0.12, -0.12, -0.12, -0.12, -0.55, -0.12, -0.12, -0.12, -0.12, -0.12, -0.12, -0.12, -0.12, -0.12, -0.12, -0.12, -0.12, -0.12, -0.12, -0.12, -0.12, -0.12, -0.13, -0.12, -0.12, -0.12, 
-0.12, -0.12, -0.12, -0.55, -0.12, -0.12, -0.12, -0.12, -0.12, -0.12, -0.12, -0.55, -0.12, -0.12, -0.12, -0.12, -0.55, -0.12, -0.12, -0.12, -0.12, -0.12, -0.12, -0.12, -0.12, -0.55, -0.12, -0.12, 
-0.12, -0.12, -0.12, -0.12, -0.12, -0.12, -0.12, -0.12, -0.12, -0.12, -0.12, -0.12, -0.12, -0.12, -0.55, -0.12, -0.12, -0.12, -0.12, -0.12, -0.12, -0.12, -0.12, -0.12, -0.12, -0.12, -0.12, -0.12, 
-0.12, -0.12, -0.12, -0.12, -0.12, -0.12, -0.12, -0.12, -0.12, -0.12, -0.12, -0.12, -0.12, -0.12, -0.12, -0.12, -0.12, -0.12, -0.12, -0.12, -0.12, -0.12, -0.12, -0.12, -0.13, -0.12, -0.12, -0.12, 
-0.12, -0.12, -0.12, -0.12, -0.55, -0.12, -0.12, -0.12, -0.12, -0.12, -0.12, -0.12, -0.12, -0.12, -0.12, -0.12, -0.12, -0.55, -0.12, -0.12, -0.12, -0.55, -0.12, -0.12, -0.12, -0.12, -0.12, -0.12, 
-0.12, -0.12, -0.12, -0.12, -0.12, -0.12, -0.12, -0.12, -0.12, -0.12, -0.12, -0.12, -0.12, -0.12, -0.55, -0.12, -0.12, -0.55, -0.12, -0.12, -0.12, -0.12, -0.12, -0.56, -0.12, -0.12, -0.12, -0.12, 
-0.12, -0.12, -0.12, -0.12, -0.12, -0.12, -0.12, -0.12, -0.12, -0.12, -0.12, -0.55, -0.12, -0.12, -0.12, -0.12, -0.12, -0.12, -0.12, -0.12, -0.12, -0.13, -0.12, -0.12, -0.12, -0.12, -0.12, -0.12, 
-0.12, -0.12, -0.12, -0.12, -0.12, -0.12, -0.12, -0.12, -0.12, -0.12, -0.12, -0.12, -0.12, -0.12, -0.12, -0.12, -0.12, -0.12, -0.13, -0.12, -0.12, -0.12, -0.12, -0.12, -0.12, -0.12, -0.12, -0.12, 
-0.12, -0.12, -0.12, -0.12, -0.12, -0.12, -0.12, -0.12, -0.12, -0.12, -0.12, -0.12, -0.12, -0.12, -0.12, -0.12, -0.12, -0.12, -0.12, -0.12, -0.12, -0.12, -0.12, -0.12, -0.12, -0.12, -0.12, -0.12, 
-0.12, -0.12, -0.12, -0.12, -0.12, -0.12, -0.12, -0.12, -0.12, -0.12, -0.12, -0.12, -0.12, -0.12, -0.12, -0.12, -0.12, -0.12, -0.12, -0.12, -0.12, -0.12, -0.12, -0.12, -0.12, -0.12, -0.12, -0.12, 
-0.12, -0.12, -0.12, -0.12, -0.12, -0.12, -0.12, -0.12, -0.12, -0.12, -0.12, -0.12, -0.12, -0.12, -0.12, -0.12, -0.12, -0.12, -0.12, -0.12, -0.12, -0.12, -0.12, -0.12, -0.12, -0.12, -0.12, -0.12, 
-- optimal policy --
R  L  <  r  v  l  >  L  <  >  R  <  v  >  >  >  R  <  L  L  <  v  >  >  r  >  ^  ^  
L  <  L  v  l  <  R  ^  L  R  ^  L  v  R  R  R  ^  L  ^  ^  L  v  R  R  r  v  R  r  
^  L  v  l  <  L  v  v  v  l  <  v  v  v  v  l  v  v  v  l  >  >  r  v  >  v  <  v  
v  v  l  <  L  v  r  v  l  <  L  v  v  v  v  v  v  v  v  r  R  ^  >  >  >  r  v  r  
v  l  <  L  r  v  v  l  <  L  v  v  v  l  >  >  >  >  r  v  r  R  R  ^  R  ^  r  ^  
l  <  L  r  v  v  l  ^  L  v  r  v  l  v  v  l  R  r  v  r  v  r  v  v  v  R  ^  >  
v  L  r  v  v  l  <  L  v  v  v  l  v  v  l  <  r  v  r  v  r  v  r  v  v  v  R  ^  
l  <  >  v  l  <  L  v  r  v  v  v  v  l  <  v  v  r  v  r  v  r  v  r  v  v  v  v  
^  L  v  l  <  L  v  v  v  r  v  v  l  <  l  l  v  v  r  v  r  v  r  v  r  v  v  v  
v  <  v  v  v  v  v  v  v  r  v  l  <  v  v  v  v  v  v  r  v  r  >  r  >  r  v  v  
l  <  v  v  v  v  l  v  v  v  l  <  L  v  r  v  v  l  r  v  r  r  >  >  >  >  r  v  
^  L  v  l  v  v  l  r  v  v  ^  L  v  r  v  l  l  v  v  r  r  v  v  R  R  R  >  >  
v  v  l  v  v  l  v  v  v  l  v  l  r  v  r  v  v  v  v  v  v  r  v  v  v  R  R  ^  
v  l  <  r  v  v  v  v  l  <  v  <  v  r  v  l  r  v  v  v  l  >  r  v  l  v  >  r  
v  l  <  >  r  v  v  l  <  v  l  <  v  v  r  v  >  r  v  l  <  >  >  r  r  v  >  >  
l  <  L  ^  >  >  l  <  v  l  <  v  r  v  l  v  R  r  v  <  v  >  >  >  >  r  R  ^  
^  L  >  >  >  r  ^  v  l  <  L  r  v  r  v  l  <  >  r  v  l  <  R  R  R  >  >  R  
L  <  v  R  R  ^  v  v  <  L  v  >  r  v  l  <  v  R  r  v  <  v  l  v  R  R  R  ^  
^  L  l  v  v  R  r  v  v  l  v  v  >  r  v  l  r  v  >  v  <  l  v  v  v  >  r  v  
r  v  l  v  l  >  >  v  v  <  v  v  v  >  v  <  >  r  r  v  l  <  v  v  v  v  >  >  
>  r  v  l  <  R  ^  r  l  L  v  l  r  v  l  L  R  ^  >  r  v  l  v  v  l  r  v  ^  
R  ^  r  <  L  >  >  r  r  v  l  <  >  l  <  L  >  R  R  ^  r  <  r  l  <  >  v  >  
Correct actions (%) : 3.80
Avg angular diffs   : 98.54
