arguments: 46 36 1 -0.0423007 -0.832928 0.00304321 -0.121729
loading features...

Initializing gridworld of size 28 by 22..
    Num states: 616
    Num actions: 8
recovered reward
-0.12, -0.12, -0.33, -0.54, -0.33, -0.12, -0.12, -0.12, -0.12, -0.11, -0.12, -0.12, -0.12, -0.11, -0.12, -0.12, -0.12, -0.11, -0.12, -0.12, -0.11, -0.12, -0.11, -0.12, -0.12, -0.11, -0.12, -0.12, 
-0.12, -0.12, -0.54, -0.95, -0.54, -0.12, -0.12, -0.12, -0.12, -0.12, -0.12, -0.12, -0.12, -0.12, -0.12, -0.12, -0.33, -0.54, -0.33, -0.12, -0.12, -0.12, -0.12, -0.12, -0.12, -0.12, -0.12, -0.12, 
-0.12, -0.12, -0.33, -0.54, -0.33, -0.12, -0.12, -0.12, -0.12, -0.12, -0.12, -0.12, -0.12, -0.12, -0.12, -0.12, -0.54, -0.95, -0.54, -0.12, -0.12, -0.12, -0.12, -0.12, -0.12, -0.12, -0.12, -0.12, 
-0.12, -0.12, -0.33, -0.54, -0.33, -0.12, -0.12, -0.12, -0.12, -0.12, -0.12, -0.12, -0.12, -0.12, -0.12, -0.12, -0.33, -0.54, -0.34, -0.14, -0.13, -0.12, -0.12, -0.12, -0.12, -0.12, -0.12, -0.12, 
-0.12, -0.12, -0.12, -0.12, -0.12, -0.12, -0.12, -0.12, -0.12, -0.12, -0.12, -0.12, -0.12, -0.12, -0.12, -0.12, -0.12, -0.13, -0.14, -0.13, -0.14, -0.12, -0.12, -0.12, -0.12, -0.12, -0.12, -0.12, 
-0.12, -0.12, -0.33, -0.54, -0.33, -0.12, -0.12, -0.12, -0.12, -0.12, -0.12, -0.12, -0.13, -0.14, -0.13, -0.12, -0.12, -0.14, -0.16, -0.14, -0.13, -0.12, -0.12, -0.12, -0.12, -0.12, -0.12, -0.12, 
-0.12, -0.13, -0.56, -0.97, -0.54, -0.12, -0.12, -0.12, -0.12, -0.12, -0.12, -0.12, -0.14, -0.16, -0.14, -0.12, -0.12, -0.13, -0.14, -0.13, -0.12, -0.12, -0.12, -0.12, -0.12, -0.12, -0.12, -0.12, 
-0.12, -0.14, -0.37, -0.56, -0.33, -0.12, -0.12, -0.12, -0.12, -0.12, -0.12, -0.12, -0.13, -0.14, -0.34, -0.54, -0.33, -0.12, -0.12, -0.12, -0.12, -0.12, -0.12, -0.12, -0.12, -0.12, -0.12, -0.12, 
-0.12, -0.13, -0.14, -0.13, -0.12, -0.12, -0.12, -0.12, -0.12, -0.12, -0.12, -0.12, -0.12, -0.12, -0.54, -0.97, -0.56, -0.13, -0.33, -0.54, -0.33, -0.12, -0.12, -0.12, -0.12, -0.12, -0.12, -0.12, 
-0.12, -0.12, -0.12, -0.12, -0.12, -0.12, -0.12, -0.12, -0.12, -0.12, -0.12, -0.12, -0.33, -0.54, -0.33, -0.56, -0.37, -0.14, -0.53, -0.95, -0.54, -0.12, -0.12, -0.12, -0.12, -0.12, -0.12, -0.12, 
-0.12, -0.33, -0.54, -0.33, -0.12, -0.12, -0.12, -0.12, -0.12, -0.12, -0.12, -0.12, -0.54, -0.95, -0.54, -0.13, -0.14, -0.13, -0.35, -0.55, -0.33, -0.12, -0.12, -0.12, -0.12, -0.12, -0.12, -0.12, 
-0.12, -0.54, -0.95, -0.54, -0.12, -0.12, -0.12, -0.12, -0.12, -0.12, -0.13, -0.14, -0.34, -0.54, -0.33, -0.12, -0.12, -0.14, -0.16, -0.14, -0.12, -0.12, -0.12, -0.12, -0.12, -0.12, -0.12, -0.12, 
-0.12, -0.33, -0.54, -0.33, -0.12, -0.12, -0.12, -0.13, -0.14, -0.13, -0.14, -0.16, -0.14, -0.12, -0.12, -0.12, -0.12, -0.13, -0.14, -0.13, -0.12, -0.12, -0.13, -0.14, -0.34, -0.54, -0.33, -0.12, 
-0.12, -0.12, -0.12, -0.12, -0.12, -0.12, -0.12, -0.14, -0.16, -0.14, -0.13, -0.14, -0.13, -0.12, -0.12, -0.12, -0.12, -0.12, -0.12, -0.12, -0.12, -0.12, -0.14, -0.16, -0.56, -0.95, -0.54, -0.12, 
-0.12, -0.12, -0.12, -0.12, -0.12, -0.12, -0.12, -0.34, -0.56, -0.34, -0.33, -0.12, -0.12, -0.12, -0.12, -0.12, -0.12, -0.12, -0.12, -0.12, -0.12, -0.12, -0.13, -0.14, -0.34, -0.54, -0.33, -0.12, 
-0.12, -0.12, -0.13, -0.14, -0.13, -0.13, -0.12, -0.54, -0.95, -0.54, -0.54, -0.12, -0.12, -0.12, -0.12, -0.12, -0.12, -0.12, -0.12, -0.13, -0.14, -0.13, -0.12, -0.12, -0.12, -0.12, -0.12, -0.12, 
-0.12, -0.12, -0.14, -0.16, -0.14, -0.14, -0.12, -0.33, -0.54, -0.33, -0.33, -0.12, -0.12, -0.12, -0.12, -0.12, -0.12, -0.12, -0.12, -0.14, -0.16, -0.14, -0.12, -0.12, -0.12, -0.12, -0.12, -0.12, 
-0.12, -0.12, -0.13, -0.14, -0.13, -0.13, -0.12, -0.12, -0.12, -0.12, -0.12, -0.12, -0.12, -0.12, -0.12, -0.12, -0.12, -0.12, -0.12, -0.13, -0.14, -0.13, -0.12, -0.12, -0.12, -0.12, -0.12, -0.12, 
-0.12, -0.12, -0.12, -0.12, -0.12, -0.12, -0.12, -0.12, -0.33, -0.54, -0.33, -0.12, -0.12, -0.12, -0.12, -0.12, -0.12, -0.12, -0.12, -0.12, -0.12, -0.12, -0.12, -0.12, -0.12, -0.12, -0.12, -0.12, 
-0.12, -0.12, -0.12, -0.12, -0.12, -0.12, -0.12, -0.12, -0.54, -0.95, -0.54, -0.12, -0.12, -0.12, -0.12, -0.12, -0.12, -0.12, -0.12, -0.12, -0.12, -0.12, -0.12, -0.12, -0.12, -0.12, -0.12, -0.12, 
-0.12, -0.12, -0.12, -0.12, -0.12, -0.12, -0.12, -0.12, -0.33, -0.54, -0.33, -0.12, -0.12, -0.12, -0.12, -0.12, -0.12, -0.12, -0.12, -0.12, -0.12, -0.12, -0.12, -0.12, -0.12, -0.12, -0.12, -0.12, 
-0.12, -0.12, -0.12, -0.12, -0.12, -0.12, -0.12, -0.12, -0.12, -0.12, -0.12, -0.12, -0.12, -0.12, -0.12, -0.12, -0.12, -0.12, -0.12, -0.12, -0.12, -0.12, -0.12, -0.12, -0.12, -0.12, -0.12, -0.12, 
-- optimal policy --
v  l  l  >  >  >  R  <  >  ^  <  >  >  L  <  >  >  ^  <  >  ^  >  R  <  >  ^  <  <  
r  v  l  R  R  R  ^  L  R  ^  L  R  R  ^  L  R  R  ^  L  R  ^  R  ^  L  R  ^  L  L  
>  l  <  >  R  ^  L  R  R  ^  ^  R  R  ^  ^  L  L  L  R  R  R  R  ^  R  ^  ^  ^  L  
R  ^  L  r  R  ^  R  R  ^  ^  R  R  ^  L  L  ^  L  l  R  R  ^  ^  R  ^  R  ^  ^  ^  
^  L  L  >  R  R  R  R  ^  R  R  R  ^  R  ^  L  L  <  R  R  R  R  ^  ^  ^  R  ^  ^  
^  ^  L  R  R  R  ^  ^  R  R  R  R  R  ^  L  L  ^  L  R  r  R  ^  ^  R  R  ^  R  ^  
l  <  L  R  R  R  ^  R  R  R  R  ^  L  L  R  ^  L  r  r  >  R  ^  L  R  ^  L  R  ^  
^  L  L  r  R  ^  R  R  R  R  R  ^  L  l  R  ^  >  >  >  R  ^  ^  R  ^  ^  L  L  ^  
^  L  l  >  R  ^  L  R  R  R  ^  ^  L  <  <  R  R  R  R  ^  ^  L  ^  ^  L  ^  L  ^  
^  L  <  R  ^  L  ^  L  R  ^  ^  R  ^  L  L  v  R  ^  L  L  R  ^  ^  ^  L  L  R  ^  
^  L  L  ^  L  ^  L  ^  R  ^  L  ^  L  L  r  r  v  l  r  r  R  ^  ^  R  ^  L  ^  L  
^  L  L  R  ^  ^  L  R  R  ^  L  L  L  r  >  r  v  l  r  >  R  ^  L  ^  L  ^  L  ^  
^  L  l  R  ^  L  R  R  R  ^  L  L  r  r  r  >  r  r  r  R  ^  R  ^  L  ^  L  ^  L  
^  L  <  R  R  R  ^  L  R  ^  L  r  r  r  r  r  r  r  >  R  R  ^  L  L  L  R  R  ^  
^  L  L  ^  R  R  ^  L  L  R  r  r  r  r  r  r  r  >  R  R  ^  ^  L  l  l  r  R  ^  
^  L  ^  R  R  ^  ^  L  l  r  r  r  r  r  r  r  >  R  R  R  R  ^  L  <  l  >  R  ^  
^  ^  L  R  R  R  ^  L  l  l  r  r  r  r  r  >  R  R  ^  L  L  R  ^  L  <  R  ^  ^  
^  L  L  l  r  R  ^  L  <  <  r  r  r  r  >  R  R  ^  ^  L  r  R  R  ^  L  <  L  ^  
^  ^  L  <  >  R  R  ^  L  L  r  >  r  >  R  R  ^  ^  ^  L  >  R  ^  R  ^  L  <  L  
^  L  L  L  R  R  ^  L  L  L  >  R  >  R  R  ^  L  R  ^  L  R  R  R  R  ^  L  L  L  
^  R  ^  R  R  ^  L  ^  L  r  R  >  R  R  ^  L  R  ^  L  R  R  R  R  ^  L  ^  L  L  
R  ^  R  R  ^  R  ^  L  L  >  >  R  R  ^  L  R  ^  L  R  R  R  ^  ^  ^  ^  L  ^  L  
Correct actions (%) : 7.46
Avg angular diffs   : 84.63
