arguments: 46 30 3 0.142857 -0.428571 -0.285714 -0.142857
loading features...

Initializing gridworld of size 28 by 22..
    Num states: 616
    Num actions: 8
recovered reward
-0.14, -0.14, -0.14, -0.14, -0.14, -0.14, -0.14, -0.11, -0.07, -0.76, -0.14, -0.14, -0.14, -0.83, -0.14, -0.14, -0.14, -0.86, -0.14, -0.14, -0.89, -0.14, -0.91, -0.14, -0.14, -0.94, -0.14, -0.14, 
-0.14, -0.14, -0.14, -0.14, -0.14, -0.14, -0.77, -0.07, 0.00, -0.07, -0.14, -0.14, -0.14, -0.14, -0.14, -0.14, -0.14, -0.14, -0.14, -0.14, -0.14, -0.14, -0.14, -0.14, -0.14, -0.14, -0.14, -0.14, 
-0.14, -0.14, -0.14, -0.25, -0.36, -0.25, -0.14, -0.11, -0.07, -0.11, -0.14, -0.14, -0.14, -0.14, -0.14, -0.14, -0.14, -0.14, -0.14, -0.14, -0.14, -0.14, -0.14, -0.14, -0.14, -0.14, -0.14, -0.14, 
-0.14, -0.14, -0.14, -0.36, -1.17, -0.36, -0.14, -0.14, -0.14, -0.14, -0.14, -0.14, -0.14, -0.14, -0.14, -0.14, -0.14, -0.14, -0.14, -0.14, -0.14, -0.14, -0.14, -0.14, -0.14, -0.14, -0.14, -0.14, 
-0.14, -0.14, -0.14, -0.25, -0.36, -0.25, -0.14, -0.14, -0.14, -0.11, -0.07, -0.11, -0.14, -0.14, -0.14, -0.14, -0.14, -0.14, -0.14, -0.14, -0.14, -0.14, -0.14, -0.14, -0.14, -0.14, -0.14, -0.14, 
-0.14, -0.14, -0.14, -0.11, -0.07, -0.11, -0.25, -0.36, -0.21, -0.07, -0.11, -0.07, -0.14, -0.14, -0.14, -0.14, -0.14, -0.14, -0.14, -0.14, -0.14, -0.14, -0.14, -0.14, -0.14, -0.14, -0.14, -0.14, 
-0.25, -0.36, -0.25, -0.07, -0.57, -0.07, -0.36, -0.57, -0.29, 0.00, -0.07, -0.11, -0.11, -0.14, -0.14, -0.11, -0.07, -0.11, -0.14, -0.14, -0.14, -0.14, -0.14, -0.14, -0.14, -0.14, -0.14, -0.14, 
-0.36, -0.57, -0.36, -0.11, -0.07, -0.11, -0.79, -0.36, -0.21, -0.07, -0.11, 0.00, -0.07, -0.14, -0.14, -0.07, 0.00, -0.07, -0.11, -0.14, -0.14, -0.14, -0.14, -0.14, -0.14, -0.14, -0.14, -0.14, 
-0.25, -0.36, -0.25, -0.14, -0.14, -0.14, -0.14, -0.14, -0.14, -0.14, -0.11, -0.07, -0.11, -0.14, -0.14, -0.11, -0.07, -0.11, -0.07, -0.14, -0.14, -0.14, -0.14, -0.14, -0.14, -0.14, -0.14, -0.14, 
-0.14, -0.14, -0.14, -0.14, -0.14, -0.14, -0.14, -0.66, -0.14, -0.14, -0.14, -0.14, -0.14, -0.14, -0.14, -0.14, -0.11, -0.07, -0.11, -0.14, -0.14, -0.14, -0.14, -0.14, -0.14, -0.14, -0.14, -0.14, 
-0.14, -0.14, -0.14, -0.14, -0.14, -0.14, -0.14, -0.14, -0.14, -0.14, -0.14, -0.25, -0.36, -0.25, -0.36, -0.25, -0.14, -0.14, -0.14, -0.14, -0.14, -0.14, -0.14, -0.14, -0.14, -0.14, -0.14, -0.14, 
-0.14, -0.14, -0.14, -0.14, -0.14, -0.14, -0.14, -0.14, -0.14, -0.14, -0.14, -0.36, -0.57, -0.36, -0.57, -0.36, -0.14, -0.14, -0.14, -0.14, -0.14, -0.14, -0.14, -0.14, -0.14, -0.14, -0.14, -0.14, 
-0.14, -0.14, -0.14, -0.14, -0.14, -0.14, -0.14, -0.14, -0.14, -0.14, -0.14, -0.25, -0.36, -0.25, -0.36, -0.25, -0.14, -0.14, -0.14, -0.25, -0.36, -0.25, -0.14, -0.14, -0.14, -0.14, -0.14, -0.14, 
-0.14, -0.14, -0.14, -0.14, -0.14, -0.14, -0.14, -0.63, -0.14, -0.14, -0.14, -0.14, -0.14, -0.14, -0.25, -0.36, -0.25, -0.14, -0.14, -0.36, -0.57, -0.36, -0.14, -0.14, -0.14, -0.14, -0.14, -0.14, 
-0.14, -0.14, -0.14, -0.14, -0.14, -0.14, -0.14, -0.25, -0.81, -0.25, -0.14, -0.14, -0.14, -0.11, -0.29, -0.54, -0.36, -0.14, -0.14, -0.25, -0.70, -0.25, -0.14, -0.46, -0.14, -0.14, -0.43, -0.14, 
-0.14, -0.14, -0.14, -0.14, -0.14, -0.14, -0.14, -0.25, -0.36, -0.25, -0.14, -0.14, -0.57, -0.07, -0.11, -0.69, -0.25, -0.11, -0.55, -0.32, -0.25, -0.14, -0.14, -0.14, -0.14, -0.14, -0.14, -0.14, 
-0.14, -0.14, -0.11, -0.07, -0.11, -0.14, -0.14, -0.36, -0.57, -0.36, -0.14, -0.14, -0.14, -0.11, -0.07, -0.11, -0.14, -0.07, -0.21, -0.50, -0.36, -0.14, -0.14, -0.14, -0.14, -0.14, -0.14, -0.14, 
-0.14, -0.14, -0.07, 0.00, -0.07, -0.14, -0.14, -0.25, -0.36, -0.25, -0.14, -0.14, -0.14, -0.14, -0.14, -0.14, -0.14, -0.11, -0.21, -0.29, -0.21, -0.14, -0.14, -0.14, -0.14, -0.14, -0.14, -0.40, 
-0.14, -0.14, -0.11, -0.07, -0.11, -0.14, -0.14, -0.14, -0.14, -0.14, -0.14, -0.14, -0.14, -0.14, -0.14, -0.14, -0.14, -0.14, -0.18, -0.21, -0.18, -0.14, -0.14, -0.14, -0.14, -0.14, -0.14, -0.14, 
-0.14, -0.14, -0.17, -0.14, -0.14, -0.20, -0.14, -0.14, -0.23, -0.14, -0.14, -0.26, -0.14, -0.14, -0.29, -0.14, -0.14, -0.31, -0.11, -0.07, -0.31, -0.14, -0.14, -0.37, -0.14, -0.14, -0.14, -0.14, 
-0.14, -0.14, -0.14, -0.14, -0.14, -0.14, -0.14, -0.14, -0.14, -0.14, -0.14, -0.14, -0.14, -0.14, -0.14, -0.14, -0.14, -0.14, -0.14, -0.14, -0.14, -0.14, -0.14, -0.14, -0.14, -0.14, -0.14, -0.14, 
-0.14, -0.14, -0.14, -0.14, -0.14, -0.14, -0.14, -0.14, -0.14, -0.14, -0.14, -0.14, -0.14, -0.14, -0.14, -0.14, -0.14, -0.14, -0.14, -0.14, -0.14, -0.14, -0.14, -0.14, -0.14, -0.14, -0.14, -0.14, 
-- optimal policy --
r  v  >  >  >  >  r  r  v  l  l  l  l  <  l  l  l  v  v  v  v  l  l  l  l  l  l  <  
r  v  v  >  >  r  >  >  v  <  <  <  <  l  l  l  l  v  l  l  v  l  l  l  l  l  <  L  
r  r  v  l  R  >  R  R  ^  L  L  <  l  l  l  r  v  v  v  v  l  l  l  l  l  l  <  <  
r  r  v  l  l  R  R  R  ^  L  v  l  l  l  v  r  v  l  v  l  l  l  l  l  l  <  <  l  
>  r  r  r  v  l  l  >  r  v  l  v  l  l  r  v  l  l  l  l  l  l  l  l  l  <  l  <  
>  >  r  >  l  <  l  R  r  v  l  l  <  l  r  r  v  l  l  l  l  l  l  <  l  l  <  l  
R  R  >  R  ^  L  <  R  >  v  r  v  l  l  r  r  v  l  l  l  l  l  <  L  <  l  <  <  
^  R  R  ^  L  <  L  r  R  ^  >  L  <  <  >  >  v  <  <  l  l  l  <  <  L  l  <  l  
r  r  R  R  ^  L  L  >  R  ^  R  ^  L  L  R  R  ^  L  L  <  l  <  <  L  l  <  L  <  
>  >  R  R  ^  L  L  R  ^  R  R  ^  L  L  R  R  ^  L  ^  L  <  L  <  <  <  <  <  L  
>  R  R  ^  ^  ^  L  R  R  R  ^  L  ^  L  R  R  R  ^  L  L  L  L  <  <  L  L  <  <  
R  R  ^  ^  ^  ^  R  R  R  ^  ^  L  L  ^  R  R  ^  L  ^  L  L  L  <  <  L  L  <  <  
v  v  v  v  l  l  l  R  ^  R  r  r  v  l  l  R  ^  L  L  ^  L  L  L  <  <  L  L  <  
r  r  r  v  l  v  l  l  ^  r  >  r  r  v  l  R  r  r  v  l  l  R  ^  L  <  l  <  <  
r  r  v  r  v  l  l  l  R  r  R  >  r  v  l  l  r  v  l  <  r  R  ^  ^  L  <  l  l  
r  r  r  v  l  l  l  <  <  r  r  R  >  r  v  l  r  v  l  L  r  r  v  v  v  l  l  <  
>  r  r  v  l  l  <  L  L  >  >  >  R  >  L  <  >  v  <  <  r  v  l  v  l  l  <  l  
>  >  >  <  <  <  <  <  l  R  R  R  R  R  ^  L  R  ^  L  l  r  v  v  l  l  <  l  <  
>  R  R  ^  L  L  <  <  <  R  R  R  R  ^  L  ^  R  ^  r  v  l  v  l  l  <  L  <  <  
R  R  R  ^  L  L  L  <  <  R  R  R  R  R  ^  R  ^  >  >  <  <  l  <  l  L  <  L  <  
R  ^  R  ^  ^  L  ^  L  <  R  ^  R  ^  ^  R  ^  >  R  R  ^  L  <  L  <  l  <  <  L  
^  R  ^  ^  L  ^  L  ^  L  <  R  ^  ^  R  >  >  R  R  ^  ^  ^  L  L  <  <  <  <  <  
Correct actions (%) : 15.00
Avg angular diffs   : 100.80
