arguments: 47 37 2 -0.136281 -0.409184 0.40907 -0.0454649
loading features...

Initializing gridworld of size 28 by 22..
    Num states: 616
    Num actions: 8
recovered reward
-0.05, -0.05, -0.05, -0.05, -0.05, 0.28, -0.05, -0.05, 0.32, -0.05, -0.05, 0.36, -0.05, -0.05, -0.05, -0.05, -0.05, -0.05, -0.05, -0.05, -0.05, -0.05, -0.05, -0.05, -0.05, -0.05, -0.05, -0.05, 
-0.05, -0.05, -0.05, -0.05, -0.05, -0.08, -0.11, -0.08, -0.05, -0.05, -0.05, -0.05, -0.05, 0.40, -0.05, -0.05, -0.05, -0.05, -0.08, -0.11, -0.08, -0.05, -0.05, -0.05, -0.05, -0.05, -0.05, -0.05, 
-0.05, -0.05, -0.05, -0.05, 0.24, -0.11, -0.18, -0.11, -0.05, -0.05, -0.05, -0.05, -0.05, -0.05, -0.05, -0.05, -0.05, -0.05, -0.11, -0.18, -0.22, -0.25, -0.15, -0.05, -0.05, 1.06, -0.05, -0.05, 
-0.05, -0.08, -0.11, 0.17, -0.05, -0.08, -0.11, -0.08, -0.11, -0.08, -0.05, -0.05, -0.05, -0.05, -0.05, -0.05, -0.05, -0.05, -0.08, -0.11, -0.28, -0.45, -0.25, -0.05, -0.05, -0.05, -0.05, -0.05, 
-0.05, -0.11, -0.18, -0.11, -0.05, -0.05, -0.05, -0.22, -0.39, -0.22, -0.05, -0.05, -0.05, -0.05, 0.45, -0.05, -0.05, -0.05, -0.11, -0.18, -0.22, -0.25, -0.15, -0.05, 1.02, -0.05, -0.05, -0.05, 
-0.05, -0.08, -0.11, -0.08, -0.05, -0.05, -0.05, -0.28, -0.52, -0.28, -0.05, -0.05, -0.05, -0.05, -0.05, -0.05, -0.05, -0.05, -0.08, -0.11, -0.08, -0.05, -0.05, -0.05, -0.05, -0.05, -0.05, -0.05, 
-0.05, -0.05, 0.16, -0.05, -0.05, -0.05, -0.05, -0.15, -0.25, -0.15, -0.05, -0.05, 0.49, -0.05, -0.05, -0.05, -0.05, -0.05, -0.08, -0.11, -0.08, -0.05, -0.05, -0.05, -0.05, -0.05, -0.05, -0.05, 
-0.05, -0.05, -0.05, -0.05, -0.05, -0.05, -0.05, -0.05, -0.05, -0.05, -0.05, -0.05, -0.05, -0.05, -0.05, -0.05, -0.05, -0.05, -0.05, -0.05, -0.05, -0.05, 0.98, -0.05, -0.05, -0.05, -0.05, -0.05, 
-0.05, -0.05, -0.05, -0.05, -0.05, -0.05, -0.05, -0.05, -0.05, -0.05, -0.05, -0.15, -0.25, -0.15, -0.05, -0.05, -0.05, -0.05, -0.05, -0.05, -0.05, -0.05, -0.05, -0.05, -0.05, -0.05, -0.05, -0.05, 
-0.05, 0.12, -0.05, -0.05, -0.08, -0.11, -0.08, -0.05, -0.05, -0.05, -0.05, 0.32, -0.45, -0.25, -0.05, -0.15, -0.25, -0.15, -0.05, -0.05, -0.05, -0.05, -0.05, -0.05, -0.05, -0.05, -0.05, -0.05, 
-0.05, -0.05, -0.05, -0.05, -0.11, -0.18, -0.11, -0.05, -0.05, -0.05, -0.05, -0.15, -0.25, -0.18, -0.32, -0.28, -0.45, -0.25, -0.05, -0.05, -0.05, -0.05, -0.05, 0.94, -0.05, -0.05, -0.05, -0.05, 
-0.05, -0.05, -0.05, -0.05, -0.08, -0.11, -0.08, -0.05, -0.05, -0.05, -0.05, -0.05, -0.05, -0.32, -0.59, -0.22, -0.25, -0.15, -0.15, -0.25, -0.15, -0.05, -0.05, -0.05, -0.05, -0.05, -0.05, -0.05, 
-0.05, -0.05, -0.05, -0.05, -0.05, -0.05, -0.05, -0.05, -0.05, -0.05, 0.57, -0.05, -0.05, -0.18, -0.32, -0.18, -0.05, -0.05, -0.25, -0.45, -0.25, -0.05, -0.05, -0.05, -0.05, -0.05, -0.05, -0.05, 
-0.05, 0.08, -0.05, -0.15, -0.25, -0.15, -0.05, -0.05, -0.05, -0.08, -0.11, -0.08, -0.05, -0.05, -0.15, -0.25, -0.15, -0.05, -0.15, -0.25, -0.15, -0.05, -0.05, 0.90, -0.05, -0.05, -0.05, -0.05, 
-0.05, -0.05, -0.05, -0.25, -0.45, -0.25, -0.05, -0.05, -0.05, -0.11, -0.18, -0.22, -0.25, -0.15, -0.25, -0.45, -0.25, -0.05, -0.05, -0.05, -0.05, -0.05, -0.05, -0.05, -0.05, -0.05, -0.05, -0.05, 
-0.05, -0.05, -0.05, -0.15, -0.25, -0.18, -0.32, -0.18, -0.05, -0.08, -0.11, 0.37, -0.45, -0.25, -0.15, -0.25, -0.15, -0.05, -0.05, -0.05, -0.15, -0.25, -0.15, -0.05, -0.05, -0.08, -0.11, -0.08, 
-0.05, 0.04, -0.05, -0.05, -0.05, -0.32, -0.59, -0.32, -0.05, -0.05, -0.15, -0.25, -0.15, -0.15, -0.05, -0.05, -0.05, -0.05, -0.05, -0.05, -0.25, -0.45, -0.25, 0.85, -0.05, -0.11, -0.18, -0.11, 
-0.05, -0.05, -0.05, -0.05, -0.05, -0.18, -0.32, -0.18, -0.05, -0.05, -0.25, -0.45, -0.25, -0.05, -0.05, -0.05, -0.05, -0.05, -0.05, -0.05, -0.15, -0.25, -0.15, -0.05, -0.05, -0.08, -0.11, -0.08, 
-0.05, -0.05, -0.05, -0.08, -0.11, -0.08, -0.05, -0.05, -0.05, -0.05, -0.15, 0.45, -0.15, -0.05, -0.05, -0.05, -0.05, -0.05, -0.05, -0.05, -0.05, 0.81, -0.05, -0.05, -0.05, -0.05, -0.05, -0.05, 
-0.00, -0.05, -0.05, -0.11, -0.18, -0.11, -0.05, -0.05, -0.05, -0.05, -0.05, -0.05, 0.69, -0.05, -0.05, 0.73, -0.05, -0.05, 0.77, -0.05, -0.05, -0.05, -0.05, -0.05, -0.05, -0.05, -0.05, -0.05, 
-0.05, -0.05, -0.05, -0.08, -0.11, -0.08, -0.05, -0.05, -0.05, -0.05, -0.05, -0.05, -0.05, -0.05, -0.05, -0.05, -0.05, -0.05, -0.05, -0.05, -0.05, -0.05, -0.05, -0.05, -0.05, -0.05, -0.05, -0.05, 
-0.05, -0.05, -0.05, -0.05, -0.05, -0.05, -0.05, -0.05, -0.05, -0.05, -0.05, -0.05, -0.05, -0.05, -0.05, -0.05, -0.05, -0.05, -0.05, -0.05, -0.05, -0.05, -0.05, -0.05, -0.05, -0.05, -0.05, -0.05, 
-- optimal policy --
r  >  r  >  >  R  <  >  ^  <  >  ^  <  v  l  <  <  l  l  <  >  >  r  r  v  l  v  l  
>  r  >  r  R  ^  L  R  ^  L  R  ^  L  <  <  L  v  l  <  L  >  R  >  >  r  v  l  <  
>  >  r  >  l  <  R  R  ^  R  ^  ^  R  ^  L  v  l  <  l  l  R  R  r  >  >  <  <  L  
R  R  >  R  ^  L  <  R  R  r  v  R  r  r  v  l  <  l  l  <  <  r  r  r  R  ^  L  <  
r  v  R  ^  L  L  L  <  R  r  r  v  r  >  l  <  <  l  <  r  r  r  r  >  ^  <  ^  L  
r  r  v  l  ^  L  L  L  r  r  r  r  v  l  ^  L  <  <  l  r  r  r  >  R  ^  L  <  ^  
r  >  v  <  <  ^  L  r  r  >  >  >  <  <  L  L  L  L  r  r  r  r  v  l  ^  ^  L  L  
>  R  ^  L  <  L  L  r  >  r  R  R  ^  L  L  L  L  L  >  >  >  >  >  <  <  ^  ^  L  
r  v  l  ^  L  L  r  v  r  >  r  v  l  L  L  <  L  ^  >  R  >  R  ^  L  L  l  <  ^  
>  R  <  L  ^  L  r  r  v  r  >  l  <  R  ^  L  L  r  >  R  R  ^  r  v  l  <  <  <  
R  ^  L  <  L  L  r  >  r  v  R  ^  L  l  ^  L  L  >  R  R  ^  >  >  L  <  <  <  <  
^  L  ^  L  L  l  r  >  >  r  v  l  <  l  L  r  r  R  R  R  R  >  R  ^  L  <  <  l  
r  v  l  <  L  <  r  >  R  >  >  <  L  <  l  >  r  v  l  R  >  R  r  v  l  L  <  l  
>  l  <  l  L  L  >  R  R  R  ^  L  L  L  <  R  r  v  r  r  R  R  >  v  <  <  L  <  
R  ^  L  <  l  R  R  R  R  ^  r  v  l  L  L  l  r  r  v  >  >  R  R  ^  L  <  <  L  
r  v  l  L  l  R  R  R  ^  >  >  <  <  r  v  l  l  r  r  v  R  R  r  v  l  L  L  L  
>  L  <  l  <  l  R  r  r  R  R  ^  L  r  v  l  r  v  r  r  v  r  >  R  <  L  L  ^  
R  ^  L  <  L  <  r  >  r  r  r  v  l  v  l  v  r  r  v  r  r  v  R  ^  L  L  l  l  
v  l  ^  L  L  L  >  r  >  r  >  r  v  l  r  v  l  r  v  l  >  v  <  ^  ^  L  <  <  
<  <  <  L  L  r  R  >  >  >  R  >  L  <  >  l  <  >  ^  <  R  ^  L  <  ^  ^  L  L  
^  L  <  L  l  >  r  >  >  R  >  R  ^  L  R  ^  L  R  ^  L  R  R  ^  L  <  L  L  L  
R  ^  L  <  <  >  R  >  R  >  R  ^  R  ^  L  L  R  ^  L  L  L  R  ^  L  L  <  ^  L  
Correct actions (%) : 11.66
Avg angular diffs   : 93.43
