arguments: 47 32 4 -0.258998 -0.28482 -0.299687 -0.156495
loading features...

Initializing gridworld of size 28 by 22..
    Num states: 616
    Num actions: 8
recovered reward
-0.16, -0.16, -0.16, -0.16, -0.16, -0.16, -0.16, -0.16, -0.16, -1.00, -0.16, -0.16, -0.16, -1.03, -0.16, -0.16, -0.16, -1.06, -0.16, -0.16, -1.09, -0.16, -1.12, -0.16, -0.16, -1.15, -0.16, -0.16, 
-0.91, -0.16, -0.16, -0.94, -0.16, -0.16, -0.97, -0.16, -0.16, -0.16, -0.16, -0.16, -0.16, -0.16, -0.22, -0.29, -0.22, -0.16, -0.16, -0.16, -0.23, -0.30, -0.23, -0.16, -0.16, -0.16, -0.16, -0.16, 
-0.16, -0.16, -0.16, -0.23, -0.30, -0.23, -0.30, -0.23, -0.16, -0.16, -0.16, -0.16, -0.16, -0.16, -0.29, -0.42, -0.29, -0.16, -0.22, -0.29, -0.36, -0.44, -0.30, -0.16, -0.16, -0.16, -0.16, -0.16, 
-0.88, -0.16, -0.16, -0.30, -0.44, -0.30, -0.44, -0.30, -0.16, -0.16, -0.16, -0.16, -0.16, -0.16, -0.22, -0.29, -0.22, -0.22, -0.29, -0.42, -0.36, -0.30, -0.23, -0.16, -0.16, -0.16, -0.16, -0.16, 
-0.16, -0.16, -0.16, -0.23, -0.30, -0.23, -0.30, -0.23, -0.30, -0.23, -0.16, -0.16, -0.16, -0.16, -0.16, -0.29, -0.42, -0.29, -0.22, -0.29, -0.22, -0.16, -0.16, -0.16, -0.16, -0.16, -0.85, -0.16, 
-0.16, -0.16, -0.16, -0.16, -0.16, -0.16, -0.16, -0.30, -0.44, -0.30, -0.22, -0.29, -0.22, -0.16, -0.16, -0.22, -0.29, -0.22, -0.16, -0.22, -0.29, -0.22, -0.16, -0.16, -0.16, -0.16, -0.16, -0.16, 
-0.16, -0.16, -0.16, -0.16, -0.16, -0.16, -0.16, -0.23, -0.30, -0.23, -0.29, -0.42, -0.29, -0.16, -0.16, -0.16, -0.16, -0.16, -0.16, -0.29, -0.42, -0.29, -0.16, -0.16, -0.16, -0.16, -0.16, -0.16, 
-0.16, -0.16, -0.16, -0.16, -0.16, -0.16, -0.16, -0.16, -0.16, -0.16, -0.22, -0.29, -0.22, -0.16, -0.16, -0.16, -0.16, -0.16, -0.16, -0.22, -0.29, -0.22, -0.16, -0.16, -0.16, -0.16, -0.82, -0.16, 
-0.16, -0.16, -0.16, -0.16, -0.16, -0.16, -0.16, -0.16, -0.16, -0.16, -0.16, -0.16, -0.16, -0.16, -0.16, -0.16, -0.16, -0.16, -0.16, -0.16, -0.16, -0.16, -0.16, -0.16, -0.16, -0.16, -0.16, -0.16, 
-0.16, -0.16, -0.16, -0.16, -0.16, -0.22, -0.29, -0.22, -0.16, -0.16, -0.64, -0.16, -0.16, -0.16, -0.61, -0.16, -0.16, -0.65, -0.30, -0.23, -0.55, -0.16, -0.16, -0.52, -0.16, -0.16, -0.16, -0.16, 
-0.16, -0.16, -0.16, -0.16, -0.16, -0.29, -0.42, -0.29, -0.16, -0.16, -0.16, -0.16, -0.16, -0.16, -0.16, -0.23, -0.30, -0.30, -0.44, -0.30, -0.16, -0.16, -0.16, -0.16, -0.16, -0.16, -0.79, -0.16, 
-0.16, -0.16, -0.16, -0.16, -0.16, -0.22, -0.29, -0.73, -0.16, -0.16, -0.23, -0.30, -0.23, -0.16, -0.16, -0.30, -0.44, -0.23, -0.30, -0.23, -0.30, -0.23, -0.16, -0.16, -0.16, -0.16, -0.16, -0.16, 
-0.16, -0.16, -0.16, -0.16, -0.16, -0.16, -0.16, -0.16, -0.16, -0.16, -0.30, -0.44, -0.30, -0.16, -0.16, -0.23, -0.30, -0.23, -0.16, -0.30, -0.44, -0.30, -0.16, -0.16, -0.16, -0.16, -0.16, -0.16, 
-0.76, -0.16, -0.16, -0.73, -0.16, -0.16, -0.70, -0.16, -0.16, -0.16, -0.23, -0.30, -0.23, -0.16, -0.16, -0.16, -0.16, -0.16, -0.16, -0.23, -0.30, -0.23, -0.16, -0.16, -0.16, -0.16, -0.46, -0.16, 
-0.16, -0.16, -0.16, -0.16, -0.16, -0.16, -0.16, -0.16, -0.16, -0.16, -0.16, -0.16, -0.22, -0.29, -0.22, -0.16, -0.16, -0.16, -0.22, -0.29, -0.22, -0.22, -0.16, -0.16, -0.16, -0.16, -0.16, -0.16, 
-0.16, -0.16, -0.16, -0.16, -0.16, -0.16, -0.16, -0.16, -0.16, -0.16, -0.16, -0.22, -0.36, -0.56, -0.36, -0.16, -0.22, -0.29, -0.29, -0.42, -0.29, -0.29, -0.16, -0.16, -0.16, -0.16, -0.16, -0.16, 
-0.16, -0.16, -0.16, -0.16, -0.16, -0.16, -0.16, -0.16, -0.16, -0.16, -0.16, -0.29, -0.36, -0.57, -0.36, -0.16, -0.29, -0.42, -0.22, -0.29, -0.22, -0.22, -0.16, -0.16, -0.16, -0.16, -0.43, -0.16, 
-0.16, -0.16, -0.16, -0.16, -0.16, -0.16, -0.16, -0.16, -0.16, -0.16, -0.16, -0.22, -0.29, -0.43, -0.29, -0.16, -0.22, -0.29, -0.22, -0.16, -0.16, -0.23, -0.30, -0.23, -0.16, -0.16, -0.16, -0.16, 
-0.16, -0.16, -0.16, -0.16, -0.16, -0.16, -0.16, -0.16, -0.16, -0.16, -0.16, -0.16, -0.36, -0.56, -0.36, -0.16, -0.16, -0.16, -0.16, -0.16, -0.16, -0.30, -0.44, -0.30, -0.40, -0.16, -0.16, -0.16, 
-0.16, -0.16, -0.19, -0.16, -0.16, -0.22, -0.16, -0.16, -0.25, -0.16, -0.16, -0.28, -0.22, -0.29, -0.37, -0.16, -0.16, -0.34, -0.16, -0.16, -0.37, -0.23, -0.30, -0.23, -0.16, -0.16, -0.16, -0.16, 
-0.16, -0.16, -0.16, -0.16, -0.16, -0.16, -0.16, -0.16, -0.16, -0.16, -0.16, -0.16, -0.16, -0.16, -0.16, -0.16, -0.16, -0.16, -0.16, -0.16, -0.16, -0.16, -0.16, -0.16, -0.16, -0.16, -0.16, -0.16, 
-0.16, -0.16, -0.16, -0.16, -0.16, -0.16, -0.16, -0.16, -0.16, -0.16, -0.16, -0.16, -0.16, -0.16, -0.16, -0.16, -0.16, -0.16, -0.16, -0.16, -0.16, -0.16, -0.16, -0.16, -0.16, -0.16, -0.16, -0.16, 
-- optimal policy --
l  v  l  >  v  ^  R  <  L  <  ^  v  L  <  L  R  ^  v  R  v  l  ^  >  >  ^  <  ^  v  
^  L  <  >  ^  L  L  L  ^  >  ^  ^  ^  v  ^  ^  L  R  ^  L  <  ^  r  >  >  R  ^  >  
>  ^  <  R  R  ^  L  >  R  R  ^  ^  L  l  <  R  R  ^  R  ^  L  R  >  R  ^  ^  ^  r  
v  ^  L  <  r  ^  l  R  >  >  v  v  r  ^  v  l  R  ^  L  L  r  r  R  ^  L  <  R  ^  
l  v  l  v  v  l  l  R  R  >  >  R  ^  L  v  <  l  r  v  l  >  >  r  R  r  v  v  v  
r  v  v  l  v  v  l  l  l  R  ^  ^  ^  ^  L  <  l  v  v  l  R  r  r  v  v  l  l  r  
l  l  >  R  r  L  v  v  l  v  l  r  r  v  v  L  <  l  l  <  r  r  >  r  R  <  r  v  
^  R  ^  ^  >  L  >  <  v  r  v  l  >  R  <  R  R  L  ^  L  l  >  >  R  ^  R  L  R  
^  ^  L  >  ^  ^  R  >  L  ^  l  v  r  v  R  <  l  ^  L  >  <  v  >  R  ^  ^  >  ^  
<  v  l  R  ^  L  ^  >  >  R  r  r  R  R  >  R  ^  L  R  ^  L  >  R  >  r  R  ^  r  
<  L  <  ^  L  L  R  >  ^  ^  >  >  <  ^  L  ^  L  L  R  >  R  ^  r  v  >  <  v  ^  
^  ^  L  ^  L  r  v  v  l  <  <  ^  ^  L  ^  L  l  r  v  l  ^  r  v  l  v  ^  L  v  
<  v  l  L  >  >  >  r  <  ^  <  R  >  R  ^  r  v  v  l  l  r  >  v  >  <  v  ^  L  
^  l  v  l  v  R  ^  L  ^  ^  L  l  R  >  r  v  l  <  <  <  r  r  v  L  L  <  r  l  
v  ^  <  v  l  v  R  ^  ^  L  <  l  <  R  >  R  ^  ^  L  L  >  >  r  R  ^  ^  v  >  
>  ^  <  L  ^  L  v  r  r  v  l  <  L  L  R  ^  L  ^  L  L  R  R  ^  ^  <  ^  R  v  
l  ^  R  v  l  r  l  l  >  <  v  l  l  l  r  v  l  r  r  v  v  R  R  ^  ^  L  v  R  
^  L  ^  ^  L  L  v  <  >  r  v  l  l  <  >  ^  r  v  l  v  v  l  R  >  r  v  r  ^  
>  R  R  ^  ^  ^  v  >  L  <  l  <  <  l  r  v  >  r  v  >  l  <  L  R  >  r  ^  R  
R  ^  r  v  R  ^  L  <  >  R  l  r  v  l  >  r  R  ^  R  ^  L  v  v  v  >  >  v  R  
v  l  >  r  v  >  v  >  l  R  l  v  <  v  v  l  v  r  >  >  L  v  >  v  v  r  >  R  
<  <  R  >  v  R  L  v  ^  R  R  l  >  >  r  <  r  ^  r  r  r  >  <  L  L  R  R  ^  
Correct actions (%) : 7.95
Avg angular diffs   : 97.67
