arguments: 47 25 1 -0.447075 -0.444847 0.0523677 -0.0557103
loading features...

Initializing gridworld of size 28 by 22..
    Num states: 616
    Num actions: 8
recovered reward
-0.06, -0.06, -0.06, -0.06, -0.06, -0.06, -0.06, -0.06, -0.06, -0.06, -0.06, -0.06, -0.06, -0.06, -0.06, -0.06, -0.06, -0.06, -0.06, -0.17, -0.28, -0.17, -0.06, -0.06, -0.06, -0.06, -0.06, -0.06, 
-0.06, -0.06, -0.06, -0.06, -0.06, -0.06, -0.06, -0.06, -0.06, -0.17, -0.28, -0.17, -0.17, -0.28, -0.17, -0.06, -0.06, -0.06, -0.06, -0.28, -0.50, -0.28, -0.06, -0.06, -0.06, -0.06, -0.06, -0.06, 
-0.06, -0.06, -0.17, -0.28, -0.17, -0.06, -0.06, -0.06, -0.06, -0.28, -0.50, -0.28, -0.28, -0.50, -0.28, -0.06, -0.06, -0.06, -0.06, -0.17, -0.28, -0.17, -0.06, -0.06, -0.06, -0.06, 0.06, -0.06, 
-0.06, -0.06, -0.28, -0.50, -0.28, -0.06, -0.06, -0.06, -0.06, -0.13, -0.28, -0.17, -0.13, -0.28, -0.17, -0.17, -0.28, -0.17, -0.28, -0.28, -0.39, -0.17, -0.06, -0.06, -0.06, -0.06, -0.06, -0.06, 
-0.06, -0.06, -0.17, -0.28, -0.17, -0.06, -0.06, -0.06, -0.06, -0.06, -0.06, -0.06, -0.06, -0.06, -0.06, -0.28, -0.50, -0.28, -0.50, -0.50, -0.73, -0.28, -0.06, -0.06, -0.17, -0.28, -0.17, -0.06, 
-0.06, -0.06, -0.17, -0.39, -0.39, -0.17, -0.06, -0.02, -0.06, -0.06, -0.06, -0.06, -0.06, -0.06, -0.06, -0.17, -0.28, -0.17, -0.28, -0.28, -0.39, -0.17, -0.06, -0.06, -0.28, -0.50, -0.17, -0.06, 
-0.06, -0.06, -0.28, -0.73, -0.72, -0.28, -0.06, -0.06, -0.06, -0.06, -0.06, -0.06, -0.17, -0.23, -0.17, -0.06, -0.06, -0.06, -0.06, -0.06, -0.06, -0.06, -0.06, -0.06, -0.17, -0.28, -0.17, -0.06, 
-0.06, -0.06, -0.17, -0.39, -0.39, -0.17, -0.06, -0.06, -0.06, -0.06, -0.06, -0.06, -0.28, -0.50, -0.28, -0.17, -0.06, -0.06, -0.06, -0.06, -0.06, -0.06, -0.06, -0.06, -0.06, -0.06, -0.06, -0.06, 
-0.06, -0.06, -0.17, -0.28, -0.17, -0.06, -0.06, -0.03, -0.06, -0.06, -0.06, -0.06, -0.17, -0.28, -0.12, -0.28, -0.28, -0.50, -0.28, -0.06, -0.06, -0.06, -0.06, -0.06, -0.17, -0.17, -0.17, -0.06, 
-0.06, -0.06, -0.06, -0.06, -0.06, -0.06, -0.06, -0.06, -0.06, -0.06, -0.06, -0.06, -0.06, -0.17, -0.28, -0.28, -0.50, -0.61, -0.50, -0.17, -0.06, -0.06, -0.06, -0.06, -0.28, -0.50, -0.28, -0.06, 
-0.06, -0.06, -0.06, -0.06, -0.06, -0.03, -0.06, -0.06, -0.06, -0.06, -0.06, -0.06, -0.06, -0.06, -0.06, -0.28, -0.55, -0.50, -0.61, -0.28, -0.06, -0.06, -0.06, -0.06, -0.17, -0.28, -0.17, -0.06, 
-0.06, -0.06, -0.06, -0.06, -0.06, -0.06, -0.06, -0.06, -0.06, -0.06, -0.06, -0.06, -0.06, -0.06, -0.06, -0.17, -0.28, -0.17, -0.28, -0.17, -0.06, -0.06, -0.06, -0.06, 0.04, -0.06, -0.06, -0.06, 
-0.06, -0.06, -0.06, -0.06, -0.06, -0.06, -0.06, -0.06, -0.06, -0.06, -0.06, -0.06, -0.06, -0.17, -0.28, -0.17, -0.06, -0.28, -0.50, -0.28, -0.06, -0.06, -0.06, -0.06, -0.06, -0.06, -0.06, -0.06, 
-0.06, -0.06, -0.06, -0.06, -0.15, -0.28, -0.17, -0.06, -0.06, -0.06, -0.06, -0.06, -0.06, -0.28, -0.50, -0.28, -0.06, -0.10, -0.28, -0.17, -0.06, -0.06, -0.06, -0.06, -0.06, -0.06, -0.06, -0.06, 
-0.06, -0.06, -0.06, -0.06, -0.28, -0.50, -0.28, -0.06, -0.06, -0.06, -0.06, -0.06, -0.06, -0.17, -0.28, -0.17, -0.06, -0.06, -0.06, -0.06, -0.06, -0.06, 0.04, -0.06, -0.06, -0.06, -0.06, -0.06, 
-0.06, -0.06, -0.06, -0.06, -0.17, -0.28, -0.17, -0.06, -0.06, -0.06, -0.06, -0.06, -0.06, -0.06, -0.06, -0.06, -0.06, -0.06, -0.06, -0.06, -0.06, -0.06, -0.06, -0.06, -0.06, -0.06, -0.06, -0.06, 
-0.06, -0.06, -0.05, -0.06, -0.06, -0.06, -0.06, -0.06, -0.06, -0.06, -0.06, -0.06, -0.06, -0.06, -0.06, -0.06, -0.06, 0.01, -0.06, -0.06, -0.06, -0.06, -0.06, -0.06, -0.06, -0.06, -0.06, -0.06, 
-0.06, -0.06, -0.06, -0.06, -0.06, -0.06, -0.06, -0.06, -0.17, -0.28, -0.17, -0.06, -0.06, -0.06, -0.06, -0.06, -0.06, -0.06, -0.17, -0.28, -0.17, -0.06, -0.06, 0.03, -0.06, -0.06, -0.06, -0.06, 
-0.06, -0.06, -0.06, -0.06, -0.06, -0.06, -0.06, -0.06, -0.28, -0.50, -0.28, -0.06, -0.06, -0.06, -0.06, -0.06, -0.06, -0.06, -0.28, -0.50, -0.28, -0.06, -0.06, -0.06, -0.06, -0.06, -0.06, -0.06, 
-0.05, -0.06, -0.06, -0.06, -0.06, -0.06, -0.06, -0.06, -0.17, -0.28, -0.17, -0.06, -0.06, -0.06, -0.06, -0.06, 0.02, -0.06, -0.17, -0.28, -0.08, -0.06, -0.06, -0.06, -0.06, -0.06, -0.06, -0.06, 
-0.06, -0.06, -0.06, -0.06, -0.06, -0.06, -0.06, -0.06, -0.06, -0.06, -0.06, -0.06, -0.06, -0.06, -0.06, -0.06, -0.06, -0.06, -0.06, 0.02, -0.06, -0.06, -0.06, -0.06, -0.06, -0.06, -0.06, -0.06, 
-0.06, -0.06, -0.06, -0.06, -0.06, -0.06, -0.06, -0.06, -0.06, -0.06, -0.06, -0.06, -0.06, -0.06, -0.06, -0.06, -0.06, -0.06, -0.06, -0.06, -0.06, -0.06, -0.06, -0.06, -0.06, -0.06, -0.06, -0.06, 
-- optimal policy --
>  >  >  r  v  v  v  v  v  l  <  <  <  <  <  <  <  <  <  l  >  >  r  r  r  r  v  v  
r  >  R  >  r  v  v  v  v  l  L  L  L  L  L  L  <  <  L  <  R  r  >  >  r  r  v  l  
>  R  R  R  r  v  l  v  l  l  l  r  v  l  R  ^  L  <  <  L  >  >  R  >  >  >  ^  <  
R  ^  L  r  >  r  v  l  l  l  l  l  l  l  l  l  ^  L  L  L  R  >  R  >  R  R  ^  L  
v  v  l  >  R  r  r  v  l  <  <  l  <  l  <  l  r  v  l  l  R  >  >  R  R  R  R  ^  
r  v  l  R  R  >  >  <  <  <  l  <  l  <  <  <  r  r  r  v  r  R  R  ^  L  R  R  ^  
r  v  l  l  R  R  R  ^  L  <  <  L  <  L  L  L  >  r  >  r  r  R  R  ^  L  l  R  ^  
r  v  l  r  r  R  r  v  l  L  <  <  L  r  R  >  R  >  r  >  r  v  l  v  l  <  R  ^  
>  r  r  r  v  >  >  v  <  <  L  L  <  l  l  R  R  R  >  r  >  r  v  v  l  L  r  v  
>  >  >  r  r  v  R  ^  L  <  <  L  L  <  l  l  l  R  R  r  r  >  r  v  l  l  r  v  
r  >  R  >  >  R  <  ^  L  L  <  l  L  L  <  l  r  v  r  r  r  r  >  r  v  l  l  l  
>  R  >  >  R  ^  L  <  ^  L  L  <  L  L  L  r  v  l  >  r  v  r  r  >  v  <  <  l  
r  >  >  R  ^  ^  ^  L  L  L  L  L  <  L  L  r  v  l  l  r  r  v  >  R  ^  L  <  <  
r  v  R  ^  ^  R  ^  L  L  L  L  ^  L  l  r  r  v  r  v  >  >  r  v  l  ^  L  L  L  
r  v  l  l  l  L  R  ^  L  L  <  r  v  r  r  r  v  v  l  l  >  >  ^  <  <  ^  L  L  
>  r  v  l  l  l  l  ^  ^  L  L  >  r  v  r  >  r  v  l  <  R  R  ^  L  <  l  <  L  
>  >  <  <  l  <  l  <  ^  ^  >  >  >  r  r  >  >  v  <  L  R  R  r  v  l  <  L  <  
R  R  ^  L  <  l  <  l  <  R  r  >  r  r  r  r  R  ^  L  L  R  r  >  ^  <  <  L  l  
v  l  R  ^  L  <  <  <  l  R  >  r  r  >  r  r  v  l  <  r  r  >  R  ^  L  <  l  l  
<  <  l  R  ^  L  L  L  <  r  >  >  >  r  r  >  r  <  r  v  l  R  ^  L  ^  L  <  l  
^  L  <  L  ^  L  L  L  L  >  R  R  R  >  >  R  ^  L  >  <  <  l  ^  ^  L  ^  L  <  
^  ^  L  <  L  L  ^  L  L  R  R  >  >  >  R  ^  L  R  R  ^  L  <  <  ^  ^  L  ^  L  
Correct actions (%) : 17.46
Avg angular diffs   : 95.71
