arguments: 47 31 4 -0.136281 -0.409184 0.40907 -0.0454649
loading features...

Initializing gridworld of size 28 by 22..
    Num states: 616
    Num actions: 8
recovered reward
-0.15, -0.45, -0.15, -0.05, -0.08, -0.13, -0.18, -0.07, -0.05, -0.05, -0.05, -0.05, -0.05, -0.05, -0.05, -0.05, -0.05, -0.05, -0.07, -0.15, -0.07, -0.05, -0.05, -0.05, -0.05, -0.05, -0.05, -0.05, 
-0.07, -0.18, -0.13, -0.08, -0.11, -0.28, -0.52, -0.15, -0.05, 0.28, -0.05, -0.05, 0.32, -0.05, -0.05, -0.05, -0.05, -0.05, -0.15, -0.49, -0.22, -0.08, -0.05, -0.05, -0.05, 1.02, -0.05, -0.05, 
-0.05, -0.11, -0.18, -0.11, -0.08, -0.13, -0.18, -0.07, -0.05, -0.05, -0.05, -0.05, -0.05, -0.05, -0.05, -0.05, 0.36, -0.05, -0.07, -0.22, -0.20, -0.11, -0.05, -0.05, -0.05, -0.05, -0.05, -0.05, 
-0.05, -0.08, -0.11, -0.08, -0.05, -0.07, -0.15, 0.22, -0.05, -0.05, -0.05, -0.05, -0.05, -0.05, -0.05, -0.05, -0.05, -0.05, -0.05, -0.08, -0.11, -0.08, -0.08, -0.05, -0.05, -0.05, -0.05, -0.05, 
-0.05, -0.05, -0.05, -0.05, -0.05, -0.05, 0.20, -0.05, -0.05, -0.05, -0.05, -0.05, -0.05, -0.05, -0.05, -0.05, -0.05, -0.05, -0.05, -0.05, -0.08, -0.11, -0.08, -0.05, -0.05, 0.98, -0.05, -0.05, 
-0.05, -0.05, -0.05, -0.05, -0.05, -0.05, -0.05, -0.05, -0.05, -0.05, -0.07, -0.15, -0.07, -0.05, -0.05, -0.05, 0.40, -0.05, -0.05, -0.05, -0.11, -0.18, -0.11, -0.05, -0.05, -0.05, -0.05, -0.05, 
-0.05, -0.05, -0.05, -0.05, 0.16, -0.05, -0.05, -0.05, -0.05, -0.05, -0.15, -0.45, -0.15, -0.05, 0.45, -0.05, -0.05, -0.05, -0.05, -0.05, -0.10, -0.22, -0.10, -0.05, -0.05, -0.05, -0.05, -0.05, 
-0.05, -0.05, -0.05, -0.05, -0.05, -0.05, -0.08, -0.11, -0.08, -0.05, -0.07, -0.15, -0.07, -0.05, -0.05, -0.05, -0.05, -0.05, -0.05, -0.08, -0.22, -0.49, -0.15, 0.94, -0.05, -0.05, -0.05, -0.05, 
-0.05, -0.05, -0.05, -0.05, -0.05, -0.05, -0.11, -0.18, -0.11, -0.05, -0.05, -0.05, -0.05, -0.05, -0.05, -0.05, -0.05, -0.05, -0.05, -0.11, -0.20, -0.22, -0.07, -0.05, -0.05, -0.05, -0.05, -0.05, 
-0.05, -0.05, -0.05, -0.05, 0.12, -0.05, -0.08, -0.11, -0.08, -0.11, -0.08, -0.05, 0.49, -0.05, -0.05, -0.05, -0.05, -0.05, -0.05, -0.08, -0.11, -0.08, -0.05, -0.05, -0.05, -0.05, -0.05, -0.05, 
-0.05, -0.05, -0.05, -0.05, -0.05, -0.05, -0.05, -0.05, -0.11, -0.18, -0.11, -0.05, -0.05, -0.05, -0.05, -0.07, -0.15, -0.07, -0.05, -0.05, -0.05, -0.05, -0.05, -0.05, 0.90, -0.05, -0.05, -0.05, 
-0.05, -0.05, -0.05, -0.05, -0.05, -0.05, -0.05, -0.05, -0.08, -0.11, 0.49, -0.05, -0.05, -0.07, -0.15, -0.15, -0.45, -0.15, -0.05, -0.05, -0.05, -0.05, -0.05, -0.05, -0.05, -0.05, -0.05, -0.05, 
-0.05, -0.05, -0.05, -0.05, -0.05, -0.05, -0.05, -0.05, -0.05, -0.05, -0.05, -0.05, -0.05, -0.15, -0.45, -0.07, -0.15, -0.07, -0.05, -0.05, -0.05, -0.05, -0.05, -0.05, -0.08, -0.11, -0.08, -0.05, 
-0.05, -0.05, -0.05, 0.08, -0.05, -0.05, -0.05, -0.05, -0.05, -0.05, -0.05, -0.05, -0.05, -0.07, -0.15, -0.07, -0.05, -0.05, -0.05, -0.05, -0.05, -0.05, -0.05, 0.85, -0.11, -0.18, -0.11, -0.05, 
-0.05, -0.05, -0.05, -0.05, -0.05, -0.05, -0.05, -0.05, -0.05, 0.57, -0.05, -0.05, -0.05, -0.05, -0.05, -0.05, -0.05, -0.05, -0.05, -0.05, -0.05, -0.08, -0.11, -0.08, -0.08, -0.11, -0.08, -0.05, 
-0.05, -0.05, -0.05, -0.05, -0.05, -0.05, -0.05, -0.05, -0.05, -0.05, -0.05, -0.05, -0.05, -0.05, -0.05, -0.05, -0.05, -0.05, -0.05, -0.05, -0.08, -0.11, -0.20, -0.22, -0.07, -0.05, -0.05, -0.05, 
-0.05, -0.05, 0.04, -0.05, -0.05, -0.05, -0.05, -0.05, -0.05, -0.05, -0.05, -0.05, 0.61, -0.05, -0.05, -0.05, -0.05, -0.05, -0.05, -0.05, -0.11, -0.08, -0.22, 0.37, -0.15, -0.05, -0.05, -0.05, 
-0.05, -0.05, -0.05, -0.05, -0.05, -0.05, -0.08, -0.11, -0.08, -0.05, -0.05, -0.05, -0.05, -0.05, -0.07, -0.15, -0.07, -0.05, -0.05, -0.05, -0.08, -0.11, -0.10, -0.15, -0.07, -0.05, -0.05, -0.05, 
-0.05, -0.05, -0.05, -0.05, -0.05, -0.05, -0.11, -0.18, -0.11, -0.05, -0.05, -0.05, -0.05, -0.05, -0.15, -0.45, -0.15, -0.05, -0.07, -0.15, -0.07, 0.77, -0.05, -0.05, -0.05, -0.05, -0.05, -0.05, 
-0.00, -0.05, -0.05, -0.05, -0.05, -0.05, -0.08, -0.11, -0.08, -0.05, -0.05, -0.05, -0.05, 0.65, -0.07, -0.15, 0.67, -0.05, -0.15, 0.32, -0.15, -0.05, -0.05, -0.05, -0.05, -0.05, -0.05, -0.05, 
-0.05, -0.05, -0.05, -0.05, -0.05, -0.05, -0.05, -0.05, -0.05, -0.05, -0.05, -0.05, -0.05, -0.05, -0.07, -0.15, -0.07, -0.05, -0.07, -0.15, -0.07, -0.05, -0.05, -0.05, -0.05, -0.05, -0.05, -0.05, 
-0.05, -0.05, -0.05, -0.05, -0.05, -0.05, -0.05, -0.05, -0.05, -0.05, -0.05, -0.05, -0.05, -0.05, -0.05, -0.05, -0.05, -0.05, -0.05, -0.05, -0.05, -0.05, -0.05, -0.05, -0.05, -0.05, -0.05, -0.05, 
-- optimal policy --
v  r  r  v  l  l  r  >  r  v  l  l  v  l  r  v  v  v  >  >  >  r  r  >  r  v  l  l  
v  >  r  r  v  r  r  r  >  l  <  <  <  <  >  r  v  l  v  R  R  r  >  r  >  v  <  <  
r  v  r  r  r  v  r  v  l  ^  L  <  ^  L  r  >  >  <  r  r  r  >  r  >  R  ^  L  <  
r  r  r  r  r  r  >  l  <  <  ^  L  r  v  r  R  ^  L  r  r  r  R  >  R  r  v  l  L  
r  >  r  >  r  >  R  ^  L  <  <  >  r  r  v  r  v  l  r  >  r  r  R  r  >  v  <  l  
r  r  >  r  >  R  ^  L  ^  L  <  R  >  r  v  l  l  <  >  R  >  r  r  >  R  ^  L  <  
r  r  r  >  R  ^  R  ^  L  r  v  l  r  >  v  <  ^  L  R  >  R  >  r  v  l  ^  L  L  
r  r  >  R  ^  L  ^  ^  L  r  r  r  v  R  ^  L  <  r  r  r  r  r  >  >  <  <  ^  L  
r  >  R  ^  ^  ^  L  r  r  >  r  r  v  l  l  L  L  r  r  r  r  >  R  ^  L  L  l  l  
>  R  ^  >  r  v  r  r  r  r  r  >  l  <  l  l  >  >  r  r  >  R  R  r  v  l  l  l  
R  ^  >  R  >  r  v  r  r  r  v  l  ^  L  <  <  R  >  >  >  R  R  r  >  v  <  l  l  
^  >  R  r  r  >  r  v  r  >  v  <  l  ^  L  L  r  >  >  R  r  r  >  R  ^  L  <  <  
>  R  r  r  r  r  r  r  v  R  ^  L  <  l  l  v  l  R  R  >  >  r  r  v  l  ^  L  L  
R  r  >  >  r  >  r  r  r  v  l  l  v  v  v  l  r  R  >  r  >  >  >  <  <  l  ^  L  
r  >  R  r  >  r  >  r  >  v  <  r  v  l  l  l  r  r  r  >  R  R  R  ^  L  <  l  ^  
>  R  r  >  r  >  r  >  R  ^  L  r  v  l  l  l  r  r  r  v  R  R  R  ^  L  L  <  <  
R  >  >  r  >  R  >  R  ^  ^  r  >  >  <  <  r  r  r  r  r  v  l  >  l  <  ^  L  L  
>  R  r  >  R  R  R  R  ^  r  >  R  ^  L  l  r  r  v  l  r  r  v  l  l  L  <  L  L  
R  r  >  R  R  R  ^  L  r  >  R  >  r  v  l  r  v  l  r  >  >  v  <  l  l  L  <  L  
r  >  R  R  R  ^  L  r  >  R  >  r  >  v  <  >  r  <  >  R  R  ^  L  <  <  <  L  <  
>  R  R  R  R  ^  >  >  R  >  r  >  R  ^  L  R  ^  L  R  ^  R  ^  L  L  <  L  <  L  
R  R  R  R  R  >  R  R  >  R  >  R  ^  ^  L  R  R  ^  L  R  R  ^  L  L  L  <  L  <  
Total actions tested : 54
Correct actions (%) : 12.96
Avg angular diffs   : 92.50
