arguments: 47 42 4 -0.124224 -0.459627 -0.10559 -0.310559
loading features...

Initializing gridworld of size 28 by 22..
    Num states: 616
    Num actions: 8
recovered reward
-0.31, -0.31, -0.31, -0.31, -0.31, -0.31, -0.54, -0.31, -0.31, -0.55, -0.31, -0.31, -0.31, -0.56, -0.31, -0.31, -0.31, -0.57, -0.31, -0.31, -0.59, -0.31, -0.60, -0.31, -0.31, -0.61, -0.31, -0.31, 
-0.31, -0.31, -0.31, -0.53, -0.31, -0.31, -0.31, -0.31, -0.31, -0.31, -0.31, -0.31, -0.43, -0.31, -0.31, -0.31, -0.31, -0.31, -0.31, -0.31, -0.31, -0.31, -0.31, -0.31, -0.31, -0.31, -0.31, -0.31, 
-0.31, -0.31, -0.43, -0.31, -0.31, -0.31, -0.31, -0.31, -0.31, -0.31, -0.77, -0.31, -0.31, -0.31, -0.31, -0.43, -0.31, -0.31, -0.31, -0.31, -0.31, -0.31, -0.31, -0.31, -0.31, -0.31, -0.31, -0.31, 
-0.31, -0.52, -0.31, -0.31, -0.31, -0.31, -0.31, -0.31, -0.31, -0.31, -0.77, -0.31, -0.31, -0.31, -0.31, -0.43, -0.31, -0.31, -0.31, -0.31, -0.31, -0.77, -0.31, -0.31, -0.31, -0.77, -0.31, -0.31, 
-0.31, -0.31, -0.31, -0.31, -0.31, -0.31, -0.31, -0.31, -0.31, -0.31, -0.43, -0.31, -0.31, -0.31, -0.31, -0.31, -0.31, -0.31, -0.31, -0.31, -0.31, -0.31, -0.31, -0.31, -0.31, -0.43, -0.31, -0.31, 
-0.31, -0.31, -0.31, -0.31, -0.31, -0.31, -0.31, -0.31, -0.31, -0.31, -0.31, -0.31, -0.31, -0.77, -0.31, -0.31, -0.31, -0.31, -0.31, -0.31, -0.31, -0.31, -0.31, -0.77, -0.31, -0.31, -0.31, -0.31, 
-0.51, -0.31, -0.31, -0.31, -0.31, -0.31, -0.31, -0.31, -0.31, -0.31, -0.31, -0.31, -0.58, -0.31, -0.31, -0.45, -0.31, -0.31, -0.31, -0.31, -0.31, -0.31, -0.31, -0.31, -0.31, -0.31, -0.31, -0.31, 
-0.31, -0.31, -0.31, -0.31, -0.31, -0.31, -0.31, -0.31, -0.47, -0.31, -0.31, -0.31, -0.31, -0.31, -0.31, -0.31, -0.31, -0.44, -0.31, -0.31, -0.31, -0.31, -0.31, -0.31, -0.43, -0.31, -0.31, -0.31, 
-0.31, -0.31, -0.31, -0.31, -0.31, -0.31, -0.31, -0.31, -0.31, -0.31, -0.31, -0.31, -0.31, -0.31, -0.31, -0.31, -0.31, -0.31, -0.31, -0.31, -0.31, -0.31, -0.31, -0.31, -0.31, -0.31, -0.31, -0.31, 
-0.50, -0.31, -0.31, -0.49, -0.31, -0.31, -0.94, -0.31, -0.31, -0.31, -0.31, -0.31, -0.31, -0.31, -0.31, -0.31, -0.31, -0.31, -0.31, -0.31, -0.43, -0.31, -0.31, -0.42, -0.31, -0.31, -0.31, -0.31, 
-0.31, -0.31, -0.31, -0.31, -0.31, -0.31, -0.31, -0.31, -0.31, -0.31, -0.31, -0.31, -0.31, -0.31, -0.31, -0.77, -0.31, -0.31, -0.31, -0.31, -0.31, -0.31, -0.31, -0.31, -0.31, -0.31, -0.31, -0.31, 
-0.31, -0.31, -0.31, -0.31, -0.31, -0.31, -0.31, -0.31, -0.31, -0.31, -0.31, -0.31, -0.31, -0.31, -0.31, -0.31, -0.31, -0.31, -0.31, -0.31, -0.31, -0.31, -0.31, -0.31, -0.31, -0.31, -0.31, -0.31, 
-0.31, -0.31, -0.31, -0.31, -0.31, -0.31, -0.31, -0.31, -0.31, -0.31, -0.31, -0.31, -0.31, -0.31, -0.31, -0.31, -0.31, -0.31, -0.31, -0.31, -0.31, -0.31, -0.31, -0.31, -0.31, -0.43, -0.31, -0.31, 
-0.31, -0.31, -0.31, -0.31, -0.31, -0.31, -0.31, -0.31, -0.31, -0.31, -0.31, -0.31, -0.31, -0.31, -0.31, -0.31, -0.31, -0.31, -0.31, -0.31, -0.31, -0.31, -0.31, -0.31, -0.41, -0.31, -0.31, -0.31, 
-0.31, -0.31, -0.77, -0.31, -0.31, -0.31, -0.31, -0.31, -0.31, -0.31, -0.31, -0.31, -0.31, -0.31, -0.31, -0.31, -0.31, -0.31, -0.31, -0.31, -0.31, -0.31, -0.31, -0.31, -0.31, -0.31, -0.31, -0.31, 
-0.31, -0.31, -0.31, -0.31, -0.31, -0.31, -0.31, -0.31, -0.31, -0.31, -0.31, -0.31, -0.31, -0.31, -0.31, -0.31, -0.43, -0.31, -0.31, -0.31, -0.31, -0.31, -0.31, -0.31, -0.31, -0.31, -0.31, -0.31, 
-0.31, -0.31, -0.31, -0.31, -0.31, -0.31, -0.31, -0.31, -0.31, -0.31, -0.31, -0.31, -0.31, -0.31, -0.31, -0.31, -0.31, -0.31, -0.77, -0.31, -0.31, -0.38, -0.31, -0.31, -0.40, -0.31, -0.31, -0.31, 
-0.31, -0.31, -0.31, -0.31, -0.31, -0.31, -0.31, -0.31, -0.31, -0.77, -0.31, -0.31, -0.31, -0.31, -0.31, -0.31, -0.31, -0.31, -0.37, -0.31, -0.31, -0.31, -0.31, -0.31, -0.31, -0.31, -0.31, -0.31, 
-0.31, -0.31, -0.31, -0.31, -0.31, -0.31, -0.31, -0.31, -0.31, -0.31, -0.31, -0.31, -0.35, -0.31, -0.31, -0.36, -0.31, -0.31, -0.31, -0.43, -0.31, -0.31, -0.31, -0.31, -0.31, -0.31, -0.31, -0.31, 
-0.31, -0.31, -0.32, -0.31, -0.31, -0.33, -0.31, -0.31, -0.34, -0.31, -0.31, -0.77, -0.31, -0.31, -0.31, -0.31, -0.31, -0.31, -0.31, -0.31, -0.31, -0.31, -0.31, -0.31, -0.31, -0.31, -0.31, -0.31, 
-0.31, -0.31, -0.31, -0.31, -0.31, -0.31, -0.31, -0.31, -0.31, -0.31, -0.31, -0.31, -0.31, -0.31, -0.31, -0.31, -0.31, -0.31, -0.31, -0.31, -0.31, -0.31, -0.31, -0.31, -0.31, -0.31, -0.31, -0.31, 
-0.31, -0.31, -0.31, -0.31, -0.31, -0.31, -0.31, -0.31, -0.31, -0.31, -0.31, -0.31, -0.31, -0.31, -0.31, -0.31, -0.31, -0.31, -0.31, -0.31, -0.31, -0.31, -0.31, -0.31, -0.31, -0.31, -0.31, -0.31, 
-- optimal policy --
R  <  ^  <  ^  <  >  >  ^  <  >  R  <  >  >  >  ^  <  R  L  <  v  >  >  R  <  >  >  
l  <  ^  L  ^  L  R  R  ^  L  R  ^  L  R  R  R  ^  L  ^  ^  L  r  R  ^  ^  v  <  >  
^  L  v  v  v  v  v  v  l  <  r  v  v  v  v  >  r  v  v  v  v  >  r  v  R  >  >  >  
L  <  v  v  v  v  v  l  <  L  >  r  v  v  v  R  >  r  v  v  v  v  v  r  R  ^  ^  ^  
L  <  r  v  v  v  l  <  L  v  >  >  >  r  v  R  >  >  >  >  >  >  >  >  r  v  r  v  
^  L  v  r  v  l  <  L  v  v  v  >  r  r  v  R  R  R  R  R  ^  R  r  r  v  r  v  l  
v  v  v  v  l  <  L  v  l  v  v  R  >  >  r  v  v  >  r  v  >  r  v  >  r  >  r  v  
v  v  v  v  l  <  v  v  v  v  l  v  >  >  >  r  v  l  >  >  >  >  r  v  >  >  >  >  
r  v  l  l  <  L  l  v  v  l  v  l  >  >  >  >  r  v  R  ^  R  R  >  r  v  v  R  ^  
r  v  l  ^  L  v  v  v  l  v  l  v  v  >  >  >  >  r  v  v  r  R  R  >  r  r  v  r  
v  l  <  L  v  l  v  l  v  l  v  v  l  R  R  R  ^  >  >  >  >  >  >  >  r  v  l  ^  
l  ^  L  v  l  <  r  v  l  v  v  l  v  v  r  v  R  R  r  v  v  >  >  >  >  r  <  L  
^  L  v  l  <  v  v  l  <  l  l  v  v  v  v  >  r  v  >  r  v  R  R  R  R  r  v  v  
v  v  l  <  L  r  v  l  v  v  v  v  v  v  l  r  v  r  R  >  r  v  >  r  >  >  r  r  
v  v  l  L  v  v  l  <  v  v  v  v  v  l  <  v  r  v  r  v  >  v  R  >  >  >  >  v  
v  l  <  v  r  v  l  <  r  v  v  v  l  v  v  v  r  v  >  r  v  l  v  >  >  >  r  >  
L  <  L  r  v  l  v  v  v  r  v  l  v  v  v  v  v  l  r  v  r  v  l  R  >  >  >  r  
^  L  v  v  r  v  v  v  v  v  l  v  l  v  v  l  v  v  v  r  v  l  <  v  R  R  ^  L  
L  <  r  v  v  r  v  l  r  v  v  l  v  v  l  r  v  v  v  r  v  <  v  r  v  v  v  v  
^  L  v  l  r  v  l  v  r  v  l  r  v  l  v  v  r  v  l  >  v  <  v  v  l  v  v  v  
L  v  l  <  >  r  v  v  >  r  v  v  l  <  v  l  r  v  l  v  l  r  v  l  <  r  v  l  
l  v  <  L  >  >  r  v  <  r  >  v  l  L  v  <  >  r  <  l  <  >  l  <  >  >  v  <  
Correct actions (%) : 10.23
Avg angular diffs   : 101.25
