arguments: 47 27 2 -0.136842 -0.581579 0.0184211 -0.263158
loading features...

Initializing gridworld of size 28 by 22..
    Num states: 616
    Num actions: 8
recovered reward
-0.26, -0.26, -0.26, -0.26, -0.26, -0.25, -0.26, -0.26, -0.25, -0.26, -0.26, -0.24, -0.26, -0.26, -0.26, -0.26, -0.26, -0.26, -0.26, -0.26, -0.26, -0.26, -0.26, -0.26, -0.26, -0.26, -0.26, -0.26, 
-0.26, -0.26, -0.26, -0.26, -0.26, -0.26, -0.26, -0.26, -0.26, -0.26, -0.26, -0.26, -0.26, -0.24, -0.26, -0.26, -0.26, -0.26, -0.26, -0.26, -0.40, -0.26, -0.26, -0.26, -0.26, -0.26, -0.26, -0.26, 
-0.26, -0.26, -0.26, -0.26, -0.25, -0.26, -0.26, -0.26, -0.26, -0.26, -0.26, -0.26, -0.26, -0.26, -0.26, -0.26, -0.26, -0.26, -0.26, -0.26, -0.26, -0.26, -0.26, -0.26, -0.26, -0.80, -0.26, -0.26, 
-0.26, -0.26, -0.26, -0.25, -0.26, -0.26, -0.26, -0.26, -0.26, -0.26, -0.26, -0.26, -0.26, -0.26, -0.26, -0.26, -0.26, -0.26, -0.26, -0.26, -0.26, -0.26, -0.26, -0.26, -0.26, -0.26, -0.26, -0.26, 
-0.26, -0.26, -0.26, -0.26, -0.26, -0.84, -0.26, -0.26, -0.26, -0.26, -0.26, -0.26, -0.26, -0.26, -0.24, -0.26, -0.26, -0.26, -0.26, -0.26, -0.26, -0.26, -0.26, -0.26, -0.35, -0.26, -0.26, -0.26, 
-0.26, -0.26, -0.26, -0.26, -0.26, -0.26, -0.26, -0.26, -0.84, -0.26, -0.26, -0.26, -0.26, -0.26, -0.26, -0.26, -0.26, -0.84, -0.26, -0.26, -0.26, -0.26, -0.26, -0.26, -0.26, -0.26, -0.26, -0.26, 
-0.26, -0.26, -0.25, -0.26, -0.26, -0.26, -0.26, -0.26, -0.26, -0.26, -0.26, -0.26, -0.24, -0.26, -0.26, -0.26, -0.26, -0.26, -0.26, -0.26, -0.84, -0.26, -0.26, -0.26, -0.26, -0.84, -0.26, -0.26, 
-0.26, -0.84, -0.26, -0.26, -0.26, -0.26, -0.26, -0.26, -0.26, -0.26, -0.26, -0.26, -0.26, -0.26, -0.26, -0.26, -0.26, -0.26, -0.26, -0.26, -0.26, -0.26, -0.22, -0.26, -0.26, -0.26, -0.26, -0.26, 
-0.26, -0.26, -0.26, -0.26, -0.26, -0.26, -0.26, -0.26, -0.26, -0.26, -0.26, -0.26, -0.26, -0.26, -0.26, -0.26, -0.26, -0.26, -0.26, -0.26, -0.26, -0.26, -0.26, -0.26, -0.26, -0.26, -0.26, -0.26, 
-0.26, -0.26, -0.26, -0.26, -0.26, -0.26, -0.26, -0.26, -0.26, -0.26, -0.26, -0.24, -0.26, -0.26, -0.26, -0.26, -0.26, -0.26, -0.26, -0.26, -0.26, -0.26, -0.26, -0.26, -0.26, -0.26, -0.26, -0.26, 
-0.26, -0.26, -0.26, -0.26, -0.26, -0.26, -0.26, -0.26, -0.26, -0.84, -0.26, -0.26, -0.26, -0.26, -0.26, -0.40, -0.26, -0.40, -0.40, -0.84, -0.26, -0.26, -0.26, -0.22, -0.26, -0.26, -0.26, -0.26, 
-0.26, -0.26, -0.26, -0.26, -0.26, -0.26, -0.26, -0.84, -0.26, -0.26, -0.26, -0.26, -0.26, -0.26, -0.26, -0.40, -0.26, -0.26, -0.26, -0.40, -0.26, -0.26, -0.26, -0.26, -0.26, -0.26, -0.26, -0.26, 
-0.26, -0.26, -0.84, -0.26, -0.26, -0.26, -0.26, -0.26, -0.26, -0.26, -0.24, -0.26, -0.26, -0.26, -0.26, -0.26, -0.26, -0.26, -0.26, -0.26, -0.26, -0.26, -0.26, -0.26, -0.26, -0.26, -0.26, -0.26, 
-0.26, -0.26, -0.40, -0.26, -0.26, -0.26, -0.26, -0.26, -0.26, -0.26, -0.26, -0.26, -0.26, -0.26, -0.26, -0.26, -0.26, -0.26, -0.26, -0.26, -0.26, -0.26, -0.26, -0.22, -0.26, -0.26, -0.26, -0.26, 
-0.26, -0.26, -0.26, -0.26, -0.26, -0.26, -0.26, -0.26, -0.26, -0.26, -0.26, -0.26, -0.40, -0.26, -0.26, -0.26, -0.26, -0.26, -0.26, -0.26, -0.26, -0.26, -0.26, -0.26, -0.26, -0.26, -0.26, -0.26, 
-0.26, -0.26, -0.26, -0.26, -0.26, -0.26, -0.26, -0.26, -0.26, -0.26, -0.26, -0.23, -0.26, -0.26, -0.26, -0.26, -0.26, -0.26, -0.40, -0.26, -0.26, -0.26, -0.26, -0.26, -0.26, -0.26, -0.26, -0.26, 
-0.26, -0.26, -0.26, -0.26, -0.26, -0.26, -0.26, -0.26, -0.26, -0.26, -0.26, -0.26, -0.26, -0.26, -0.26, -0.40, -0.26, -0.26, -0.26, -0.26, -0.26, -0.26, -0.26, -0.22, -0.26, -0.26, -0.26, -0.26, 
-0.26, -0.26, -0.26, -0.26, -0.26, -0.26, -0.26, -0.26, -0.26, -0.84, -0.26, -0.26, -0.26, -0.26, -0.26, -0.26, -0.26, -0.26, -0.26, -0.26, -0.26, -0.26, -0.26, -0.26, -0.26, -0.40, -0.26, -0.26, 
-0.26, -0.26, -0.26, -0.26, -0.26, -0.26, -0.26, -0.26, -0.26, -0.26, -0.26, -0.23, -0.26, -0.26, -0.26, -0.26, -0.26, -0.26, -0.26, -0.26, -0.26, -0.22, -0.26, -0.26, -0.26, -0.26, -0.26, -0.26, 
-0.26, -0.26, -0.26, -0.26, -0.26, -0.26, -0.26, -0.26, -0.26, -0.26, -0.26, -0.26, -0.23, -0.26, -0.26, -0.23, -0.26, -0.26, -0.23, -0.26, -0.26, -0.26, -0.26, -0.26, -0.26, -0.26, -0.26, -0.26, 
-0.26, -0.26, -0.26, -0.26, -0.26, -0.26, -0.26, -0.26, -0.26, -0.26, -0.26, -0.26, -0.26, -0.26, -0.26, -0.26, -0.26, -0.26, -0.26, -0.26, -0.26, -0.26, -0.26, -0.26, -0.26, -0.26, -0.26, -0.26, 
-0.26, -0.26, -0.26, -0.26, -0.26, -0.26, -0.26, -0.26, -0.26, -0.26, -0.26, -0.26, -0.26, -0.26, -0.26, -0.26, -0.26, -0.26, -0.26, -0.26, -0.26, -0.26, -0.26, -0.26, -0.26, -0.26, -0.26, -0.26, 
-- optimal policy --
r  v  r  r  r  v  r  v  v  v  r  r  r  v  l  v  l  l  l  l  l  <  l  v  l  l  v  l  
v  r  v  r  v  l  v  r  v  v  v  r  r  v  r  v  l  l  l  l  l  l  l  l  v  l  v  l  
r  r  r  v  r  v  r  v  r  v  v  v  r  v  v  l  l  l  l  l  l  l  l  v  l  l  v  l  
r  r  r  v  v  r  v  r  v  r  v  v  v  r  v  l  l  l  l  l  l  l  r  v  l  v  l  l  
r  r  r  r  v  r  r  v  r  v  r  v  v  l  l  <  l  l  v  l  l  r  v  r  v  l  l  v  
v  r  r  r  r  v  r  r  v  r  v  r  v  l  l  l  l  l  l  l  r  r  v  v  l  l  v  l  
v  l  v  r  r  r  v  r  r  v  r  v  v  l  l  l  l  l  l  v  l  r  v  l  l  l  l  l  
r  v  v  v  r  r  r  v  r  r  v  r  v  l  l  l  l  l  v  l  l  >  v  <  l  l  l  l  
r  r  v  v  v  r  r  r  v  r  r  v  l  l  l  l  l  v  l  l  v  r  v  l  l  l  l  l  
>  >  r  r  v  v  r  r  v  r  v  l  v  l  l  l  v  l  <  r  r  v  r  v  l  l  l  l  
R  r  r  r  r  v  v  r  r  v  r  v  l  v  l  l  v  v  v  l  v  l  l  r  <  v  l  l  
r  >  r  r  r  r  r  r  r  r  v  l  v  l  l  l  v  l  l  l  l  l  r  v  v  l  l  v  
r  R  r  r  r  r  r  r  r  r  r  v  l  l  v  v  l  l  l  v  l  v  r  v  l  l  v  l  
>  r  r  r  r  r  r  r  r  r  v  v  l  r  v  l  l  l  v  l  v  l  >  v  <  v  l  l  
R  r  r  r  >  r  r  r  v  v  r  v  l  v  l  l  l  l  l  v  l  l  v  l  v  l  l  l  
r  r  r  r  r  >  r  r  r  v  v  v  r  v  l  l  v  l  l  l  l  l  r  v  l  l  <  <  
>  r  r  r  r  r  >  r  >  r  v  v  v  l  v  l  l  l  l  l  l  l  >  l  <  l  L  <  
R  r  r  r  r  r  r  r  r  r  r  v  l  l  l  l  l  l  l  l  l  v  l  ^  L  <  l  l  
R  >  r  r  r  r  r  r  r  r  >  r  v  l  l  v  l  l  v  l  l  l  <  <  ^  L  <  <  
>  >  >  r  r  r  r  r  r  >  R  >  L  <  <  <  <  l  l  <  <  ^  L  L  <  ^  L  <  
r  r  r  r  r  >  >  r  >  R  >  R  ^  L  <  ^  L  <  ^  L  L  <  L  L  L  L  ^  L  
>  >  >  >  >  R  >  >  R  >  R  ^  ^  ^  L  <  ^  L  <  ^  L  L  <  L  L  L  L  ^  
Correct actions (%) : 9.62
Avg angular diffs   : 87.40
