arguments: 47 26 1 0.12234 0.260638 0.0851064 -0.531915
loading features...

Initializing gridworld of size 28 by 22..
    Num states: 616
    Num actions: 8
recovered reward
-0.53, -0.53, -0.53, -0.53, -0.53, -0.53, -0.34, -0.53, -0.53, -0.21, -0.53, -0.53, -0.53, -0.33, -0.53, -0.53, -0.53, -0.32, -0.53, -0.53, -0.31, -0.53, -0.30, -0.53, -0.53, -0.29, -0.53, -0.53, 
-0.53, -0.53, -0.53, -0.35, -0.53, -0.53, -0.53, -0.53, -0.53, -0.53, -0.53, -0.53, -0.53, -0.53, -0.53, -0.53, -0.53, -0.41, -0.53, -0.53, -0.53, -0.53, -0.53, -0.53, -0.53, -0.53, -0.53, -0.53, 
-0.53, -0.36, -0.53, -0.53, -0.53, -0.53, -0.53, -0.53, -0.53, -0.53, -0.53, -0.53, -0.53, -0.53, -0.53, -0.53, -0.53, -0.53, -0.41, -0.53, -0.27, -0.53, -0.53, -0.53, -0.53, -0.53, -0.53, -0.53, 
-0.37, -0.53, -0.53, -0.53, -0.53, -0.53, -0.53, -0.53, -0.53, -0.53, -0.53, -0.53, -0.53, -0.53, -0.53, -0.27, -0.53, -0.53, -0.53, -0.27, -0.53, -0.53, -0.53, -0.53, -0.53, -0.53, -0.53, -0.53, 
-0.53, -0.53, -0.53, -0.53, -0.53, -0.53, -0.53, -0.53, -0.53, -0.53, -0.53, -0.53, -0.53, -0.53, -0.53, -0.53, -0.53, -0.53, -0.53, -0.53, -0.53, -0.53, -0.53, -0.53, -0.53, -0.53, -0.53, -0.53, 
-0.53, -0.53, -0.53, -0.53, -0.53, -0.53, -0.53, -0.53, -0.53, -0.53, -0.53, -0.53, -0.53, -0.53, -0.53, -0.53, -0.53, -0.53, -0.41, -0.53, -0.53, -0.53, -0.53, -0.27, -0.53, -0.53, -0.53, -0.53, 
-0.38, -0.53, -0.53, -0.53, -0.53, -0.53, -0.53, -0.53, -0.53, -0.53, -0.53, -0.53, -0.53, -0.53, -0.53, -0.53, -0.53, -0.53, -0.53, -0.53, -0.53, -0.41, -0.53, -0.53, -0.53, -0.53, -0.53, -0.53, 
-0.53, -0.53, -0.39, -0.53, -0.53, -0.40, -0.53, -0.53, -0.53, -0.53, -0.53, -0.53, -0.53, -0.53, -0.53, -0.53, -0.53, -0.53, -0.53, -0.53, -0.53, -0.53, -0.53, -0.53, -0.53, -0.53, -0.53, -0.53, 
-0.53, -0.53, -0.53, -0.53, -0.53, -0.53, -0.53, -0.53, -0.53, -0.53, -0.53, -0.53, -0.53, -0.53, -0.27, -0.53, -0.53, -0.53, -0.53, -0.53, -0.53, -0.53, -0.53, -0.53, -0.53, -0.53, -0.53, -0.53, 
-0.53, -0.53, -0.53, -0.53, -0.53, -0.53, -0.53, -0.53, -0.53, -0.40, -0.53, -0.53, -0.41, -0.53, -0.53, -0.42, -0.53, -0.53, -0.43, -0.53, -0.53, -0.53, -0.53, -0.53, -0.53, -0.53, -0.53, -0.53, 
-0.53, -0.53, -0.53, -0.53, -0.53, -0.53, -0.53, -0.53, -0.53, -0.53, -0.53, -0.53, -0.53, -0.53, -0.53, -0.53, -0.53, -0.53, -0.53, -0.53, -0.53, -0.44, -0.53, -0.53, -0.53, -0.53, -0.53, -0.53, 
-0.53, -0.53, -0.53, -0.53, -0.53, -0.53, -0.27, -0.53, -0.53, -0.53, -0.53, -0.53, -0.53, -0.53, -0.53, -0.53, -0.53, -0.53, -0.53, -0.53, -0.53, -0.53, -0.53, -0.53, -0.45, -0.53, -0.53, -0.53, 
-0.53, -0.53, -0.53, -0.41, -0.53, -0.53, -0.53, -0.53, -0.53, -0.53, -0.53, -0.41, -0.53, -0.53, -0.53, -0.53, -0.41, -0.53, -0.53, -0.53, -0.53, -0.53, -0.53, -0.53, -0.53, -0.41, -0.53, -0.53, 
-0.53, -0.53, -0.53, -0.53, -0.53, -0.53, -0.53, -0.53, -0.53, -0.53, -0.53, -0.53, -0.53, -0.53, -0.41, -0.53, -0.53, -0.53, -0.53, -0.53, -0.53, -0.53, -0.53, -0.53, -0.53, -0.53, -0.53, -0.53, 
-0.53, -0.53, -0.53, -0.53, -0.53, -0.53, -0.53, -0.53, -0.53, -0.53, -0.53, -0.53, -0.53, -0.53, -0.53, -0.53, -0.53, -0.53, -0.53, -0.53, -0.53, -0.53, -0.53, -0.53, -0.46, -0.53, -0.53, -0.53, 
-0.53, -0.53, -0.53, -0.53, -0.41, -0.53, -0.53, -0.53, -0.53, -0.53, -0.53, -0.53, -0.53, -0.53, -0.53, -0.53, -0.53, -0.41, -0.53, -0.53, -0.53, -0.27, -0.53, -0.53, -0.53, -0.53, -0.53, -0.53, 
-0.53, -0.53, -0.53, -0.53, -0.53, -0.53, -0.53, -0.53, -0.53, -0.53, -0.53, -0.53, -0.53, -0.53, -0.27, -0.53, -0.53, -0.27, -0.53, -0.53, -0.53, -0.53, -0.53, -0.20, -0.53, -0.53, -0.53, -0.53, 
-0.53, -0.53, -0.53, -0.53, -0.53, -0.53, -0.53, -0.53, -0.53, -0.53, -0.53, -0.27, -0.53, -0.53, -0.53, -0.53, -0.53, -0.53, -0.53, -0.53, -0.53, -0.47, -0.53, -0.53, -0.53, -0.53, -0.53, -0.53, 
-0.53, -0.53, -0.53, -0.53, -0.53, -0.53, -0.53, -0.53, -0.53, -0.51, -0.53, -0.53, -0.50, -0.53, -0.53, -0.49, -0.53, -0.53, -0.48, -0.53, -0.53, -0.53, -0.53, -0.53, -0.53, -0.53, -0.53, -0.53, 
-0.53, -0.53, -0.52, -0.53, -0.53, -0.51, -0.53, -0.53, -0.53, -0.53, -0.53, -0.53, -0.53, -0.53, -0.53, -0.53, -0.53, -0.53, -0.53, -0.53, -0.53, -0.53, -0.53, -0.53, -0.53, -0.53, -0.53, -0.53, 
-0.53, -0.53, -0.53, -0.53, -0.53, -0.53, -0.53, -0.53, -0.53, -0.53, -0.53, -0.53, -0.53, -0.53, -0.53, -0.53, -0.53, -0.53, -0.53, -0.53, -0.53, -0.53, -0.53, -0.53, -0.53, -0.53, -0.53, -0.53, 
-0.53, -0.53, -0.53, -0.53, -0.53, -0.53, -0.53, -0.53, -0.53, -0.53, -0.53, -0.53, -0.53, -0.53, -0.53, -0.53, -0.53, -0.53, -0.53, -0.53, -0.53, -0.53, -0.53, -0.53, -0.53, -0.53, -0.53, -0.53, 
-- optimal policy --
r  >  r  r  r  >  >  r  >  ^  <  <  <  <  <  <  <  <  <  <  l  l  l  <  l  l  <  <  
r  r  >  r  >  R  r  >  R  ^  L  L  <  <  L  <  <  l  L  l  v  l  l  L  <  <  L  L  
>  >  R  >  R  r  >  R  R  ^  L  L  L  <  <  L  l  l  L  <  l  <  <  l  L  <  l  L  
R  R  >  R  r  >  R  R  ^  R  ^  L  L  L  <  <  <  <  <  L  <  L  <  <  <  l  l  l  
^  >  R  r  >  R  R  ^  R  ^  R  ^  L  L  L  <  L  <  <  ^  L  <  L  <  l  l  l  l  
>  R  r  >  R  R  ^  L  ^  R  ^  ^  ^  L  L  L  <  L  <  <  ^  L  <  L  <  <  <  <  
R  r  >  R  R  ^  L  R  ^  ^  ^  R  ^  ^  L  L  L  <  L  L  <  ^  L  ^  L  <  <  <  
r  >  R  R  ^  ^  R  ^  ^  L  R  ^  L  ^  ^  L  L  L  <  L  L  <  L  L  ^  L  <  <  
>  R  ^  L  R  ^  L  ^  L  L  ^  L  ^  L  R  ^  L  L  L  l  L  L  <  L  L  ^  L  <  
R  ^  L  ^  L  R  ^  L  ^  L  ^  ^  L  R  ^  L  <  L  L  <  l  L  L  <  L  L  ^  L  
^  L  ^  L  ^  L  L  ^  L  ^  L  R  R  ^  R  ^  L  R  ^  L  <  <  L  L  <  L  L  L  
R  ^  L  ^  L  ^  L  L  ^  L  L  R  R  R  ^  R  ^  L  R  ^  L  <  L  L  L  <  l  L  
^  L  ^  L  R  R  ^  L  ^  L  R  R  R  R  R  ^  L  ^  L  R  ^  L  <  L  L  L  <  <  
R  ^  R  ^  R  ^  L  ^  L  R  R  ^  L  ^  L  R  ^  L  L  L  ^  ^  L  <  L  ^  L  <  
R  R  ^  R  ^  ^  L  ^  L  L  ^  L  ^  R  ^  L  R  ^  L  ^  L  ^  ^  L  <  L  ^  L  
R  ^  R  R  ^  L  ^  L  ^  L  L  ^  R  ^  L  ^  L  ^  ^  L  ^  L  <  v  l  L  L  ^  
^  R  R  R  ^  L  L  ^  L  ^  L  R  ^  ^  ^  ^  R  ^  L  ^  R  ^  L  <  <  <  L  L  
R  R  R  R  R  ^  L  L  ^  L  R  ^  ^  R  ^  L  R  ^  L  R  R  ^  R  ^  L  <  <  L  
R  R  R  R  ^  ^  L  L  R  R  R  ^  L  ^  ^  R  ^  L  ^  L  R  ^  L  R  ^  L  <  <  
R  R  R  ^  R  ^  ^  L  L  R  ^  R  ^  L  R  ^  L  R  ^  L  L  L  ^  L  R  ^  L  <  
R  R  ^  L  R  ^  L  ^  R  ^  R  ^  ^  R  ^  L  R  ^  L  L  L  L  L  ^  L  R  ^  L  
R  ^  ^  R  R  ^  ^  R  R  R  ^  ^  R  R  R  R  ^  L  L  L  L  L  L  L  ^  L  R  ^  
Correct actions (%) : 20.55
Avg angular diffs   : 73.97
