arguments: 47 32 4 -0.00990099 -0.690594 -0.0519802 -0.247525
loading features...

Initializing gridworld of size 28 by 22..
    Num states: 616
    Num actions: 8
recovered reward
-0.25, -0.25, -0.25, -0.25, -0.25, -0.25, -0.25, -0.25, -0.25, -0.39, -0.25, -0.25, -0.25, -0.40, -0.25, -0.25, -0.25, -0.40, -0.25, -0.25, -0.41, -0.25, -0.41, -0.25, -0.25, -0.42, -0.25, -0.25, 
-0.38, -0.25, -0.25, -0.38, -0.25, -0.25, -0.39, -0.25, -0.25, -0.25, -0.25, -0.25, -0.25, -0.25, -0.25, -0.25, -0.25, -0.25, -0.25, -0.25, -0.25, -0.25, -0.25, -0.25, -0.25, -0.25, -0.25, -0.25, 
-0.25, -0.25, -0.25, -0.25, -0.25, -0.25, -0.25, -0.25, -0.25, -0.25, -0.25, -0.25, -0.25, -0.25, -0.25, -0.26, -0.25, -0.25, -0.25, -0.25, -0.25, -0.94, -0.25, -0.25, -0.25, -0.25, -0.25, -0.25, 
-0.37, -0.25, -0.25, -0.25, -0.94, -0.25, -0.94, -0.25, -0.25, -0.25, -0.25, -0.25, -0.25, -0.25, -0.25, -0.25, -0.25, -0.25, -0.25, -0.26, -0.25, -0.25, -0.25, -0.25, -0.25, -0.25, -0.25, -0.25, 
-0.25, -0.25, -0.25, -0.25, -0.25, -0.25, -0.25, -0.25, -0.25, -0.25, -0.25, -0.25, -0.25, -0.25, -0.25, -0.25, -0.26, -0.25, -0.25, -0.25, -0.25, -0.25, -0.25, -0.25, -0.25, -0.25, -0.37, -0.25, 
-0.25, -0.25, -0.25, -0.25, -0.25, -0.25, -0.25, -0.25, -0.94, -0.25, -0.25, -0.25, -0.25, -0.25, -0.25, -0.25, -0.25, -0.25, -0.25, -0.25, -0.25, -0.25, -0.25, -0.25, -0.25, -0.25, -0.25, -0.25, 
-0.25, -0.25, -0.25, -0.25, -0.25, -0.25, -0.25, -0.25, -0.25, -0.25, -0.25, -0.26, -0.25, -0.25, -0.25, -0.25, -0.25, -0.25, -0.25, -0.25, -0.26, -0.25, -0.25, -0.25, -0.25, -0.25, -0.25, -0.25, 
-0.25, -0.25, -0.25, -0.25, -0.25, -0.25, -0.25, -0.25, -0.25, -0.25, -0.25, -0.25, -0.25, -0.25, -0.25, -0.25, -0.25, -0.25, -0.25, -0.25, -0.25, -0.25, -0.25, -0.25, -0.25, -0.25, -0.36, -0.25, 
-0.25, -0.25, -0.25, -0.25, -0.25, -0.25, -0.25, -0.25, -0.25, -0.25, -0.25, -0.25, -0.25, -0.25, -0.25, -0.25, -0.25, -0.25, -0.25, -0.25, -0.25, -0.25, -0.25, -0.25, -0.25, -0.25, -0.25, -0.25, 
-0.25, -0.25, -0.25, -0.25, -0.25, -0.25, -0.25, -0.25, -0.25, -0.25, -0.33, -0.25, -0.25, -0.25, -0.33, -0.25, -0.25, -0.32, -0.25, -0.25, -0.32, -0.25, -0.25, -0.31, -0.25, -0.25, -0.25, -0.25, 
-0.25, -0.25, -0.25, -0.25, -0.25, -0.25, -0.26, -0.25, -0.25, -0.25, -0.25, -0.25, -0.25, -0.25, -0.25, -0.25, -0.25, -0.25, -0.94, -0.25, -0.25, -0.25, -0.25, -0.25, -0.25, -0.25, -0.36, -0.25, 
-0.25, -0.25, -0.25, -0.25, -0.25, -0.25, -0.25, -0.34, -0.25, -0.25, -0.25, -0.25, -0.25, -0.25, -0.25, -0.25, -0.94, -0.25, -0.25, -0.25, -0.25, -0.25, -0.25, -0.25, -0.25, -0.25, -0.25, -0.25, 
-0.25, -0.25, -0.25, -0.25, -0.25, -0.25, -0.25, -0.25, -0.25, -0.25, -0.25, -0.94, -0.25, -0.25, -0.25, -0.25, -0.25, -0.25, -0.25, -0.25, -0.94, -0.25, -0.25, -0.25, -0.25, -0.25, -0.25, -0.25, 
-0.35, -0.25, -0.25, -0.35, -0.25, -0.25, -0.34, -0.25, -0.25, -0.25, -0.25, -0.25, -0.25, -0.25, -0.25, -0.25, -0.25, -0.25, -0.25, -0.25, -0.25, -0.25, -0.25, -0.25, -0.25, -0.25, -0.30, -0.25, 
-0.25, -0.25, -0.25, -0.25, -0.25, -0.25, -0.25, -0.25, -0.25, -0.25, -0.25, -0.25, -0.25, -0.25, -0.25, -0.25, -0.25, -0.25, -0.25, -0.25, -0.25, -0.25, -0.25, -0.25, -0.25, -0.25, -0.25, -0.25, 
-0.25, -0.25, -0.25, -0.25, -0.25, -0.25, -0.25, -0.25, -0.25, -0.25, -0.25, -0.25, -0.25, -0.26, -0.25, -0.25, -0.25, -0.25, -0.25, -0.26, -0.26, -0.25, -0.25, -0.25, -0.25, -0.25, -0.25, -0.25, 
-0.25, -0.25, -0.25, -0.25, -0.25, -0.25, -0.25, -0.25, -0.25, -0.25, -0.25, -0.25, -0.26, -0.94, -0.25, -0.25, -0.25, -0.26, -0.25, -0.25, -0.25, -0.25, -0.25, -0.25, -0.25, -0.25, -0.29, -0.25, 
-0.25, -0.25, -0.25, -0.25, -0.25, -0.25, -0.25, -0.25, -0.25, -0.25, -0.25, -0.25, -0.25, -0.94, -0.25, -0.25, -0.25, -0.25, -0.25, -0.25, -0.25, -0.25, -0.25, -0.25, -0.25, -0.25, -0.25, -0.25, 
-0.25, -0.25, -0.25, -0.25, -0.25, -0.25, -0.25, -0.25, -0.25, -0.25, -0.25, -0.25, -0.25, -0.26, -0.25, -0.25, -0.25, -0.25, -0.25, -0.25, -0.25, -0.25, -0.94, -0.25, -0.29, -0.25, -0.25, -0.25, 
-0.25, -0.25, -0.25, -0.25, -0.25, -0.26, -0.25, -0.25, -0.26, -0.25, -0.25, -0.27, -0.25, -0.25, -0.27, -0.25, -0.25, -0.28, -0.25, -0.25, -0.28, -0.25, -0.25, -0.25, -0.25, -0.25, -0.25, -0.25, 
-0.25, -0.25, -0.25, -0.25, -0.25, -0.25, -0.25, -0.25, -0.25, -0.25, -0.25, -0.25, -0.25, -0.25, -0.25, -0.25, -0.25, -0.25, -0.25, -0.25, -0.25, -0.25, -0.25, -0.25, -0.25, -0.25, -0.25, -0.25, 
-0.25, -0.25, -0.25, -0.25, -0.25, -0.25, -0.25, -0.25, -0.25, -0.25, -0.25, -0.25, -0.25, -0.25, -0.25, -0.25, -0.25, -0.25, -0.25, -0.25, -0.25, -0.25, -0.25, -0.25, -0.25, -0.25, -0.25, -0.25, 
-- optimal policy --
^  ^  <  >  >  R  <  v  v  >  >  ^  <  >  >  r  v  >  >  L  <  r  >  r  v  r  v  v  
^  ^  L  R  R  ^  L  v  v  R  R  ^  L  v  R  >  r  R  R  ^  L  >  >  >  r  >  r  v  
r  v  v  v  l  <  r  v  v  v  l  <  v  l  v  R  >  >  >  r  R  >  >  >  >  >  >  R  
v  v  v  l  <  L  v  v  v  l  <  L  l  <  v  v  R  R  R  >  r  R  R  R  ^  R  R  ^  
r  v  l  <  L  v  v  v  l  <  L  l  <  L  r  v  v  l  <  R  >  >  >  >  r  v  r  v  
v  l  <  L  v  v  v  v  l  L  l  <  L  r  v  r  v  <  v  R  R  R  R  >  >  r  v  >  
v  ^  L  v  v  v  v  l  <  r  v  v  v  v  r  >  r  v  v  v  >  >  >  >  >  >  >  R  
L  v  <  r  v  v  l  <  L  v  r  v  v  v  v  v  v  v  l  r  R  R  R  R  R  R  ^  ^  
^  l  <  >  v  l  <  L  r  v  >  r  v  v  l  v  v  l  v  v  r  v  v  l  v  v  v  v  
L  <  L  v  l  <  L  v  v  r  v  v  r  v  l  v  l  v  l  v  r  v  v  v  v  v  l  v  
l  <  r  v  l  L  v  r  v  v  r  v  v  r  v  l  <  v  v  v  v  r  v  v  v  v  v  v  
^  L  v  l  <  L  v  r  v  v  v  r  v  v  l  v  v  v  v  v  l  v  r  v  v  v  v  v  
<  <  v  l  L  v  r  v  r  v  v  r  v  v  v  v  v  v  v  l  v  r  v  r  v  v  l  v  
^  L  l  <  L  v  r  v  v  r  v  >  r  v  v  v  v  v  l  <  r  v  r  v  r  v  v  v  
<  l  <  L  v  v  v  r  v  v  l  v  >  r  v  v  v  l  <  L  >  r  v  r  v  r  v  v  
<  ^  L  v  v  v  v  v  r  v  v  v  R  >  r  v  l  <  v  l  r  v  r  v  r  v  r  v  
v  L  v  v  v  v  v  v  v  r  v  v  v  r  >  v  <  v  l  v  v  r  v  r  v  r  v  l  
L  <  v  v  v  v  v  v  l  v  r  v  v  l  v  v  v  l  v  v  v  v  r  v  r  v  r  v  
^  L  r  v  v  l  v  l  <  r  v  r  v  l  r  v  l  <  v  v  l  r  r  v  >  l  >  r  
v  v  >  v  r  v  l  <  v  v  r  v  l  v  >  v  <  r  v  l  v  v  >  r  v  r  v  R  
v  l  <  r  v  l  <  >  r  v  v  r  ^  l  v  l  <  v  r  v  l  >  r  v  v  >  r  ^  
<  <  R  >  v  <  L  >  >  l  l  ^  >  l  r  ^  >  r  v  r  <  ^  >  >  r  R  >  l  
Correct actions (%) : 9.09
Avg angular diffs   : 82.84
