arguments: 47 29 3 -0.16537 -0.280017 0.499027 -0.0555864
loading features...

Initializing gridworld of size 28 by 22..
    Num states: 616
    Num actions: 8
recovered reward
-0.06, -0.06, -0.06, -0.06, -0.06, -0.06, -0.06, -0.06, -0.06, -0.06, -0.06, -0.06, -0.06, -0.06, -0.06, -0.06, -0.06, -0.06, -0.06, -0.06, -0.06, -0.06, -0.06, -0.06, -0.06, -0.06, -0.06, -0.06, 
-0.06, -0.06, -0.06, -0.06, -0.06, -0.06, -0.06, -0.06, -0.06, -0.06, -0.06, -0.06, -0.06, -0.06, -0.06, -0.06, -0.06, -0.06, -0.06, -0.06, -0.06, -0.06, -0.06, -0.06, -0.06, 1.04, -0.06, -0.06, 
-0.06, -0.06, -0.06, -0.06, -0.06, -0.06, -0.06, -0.06, -0.06, -0.06, -0.06, -0.06, -0.06, -0.06, 0.39, -0.06, -0.06, -0.06, -0.06, -0.06, -0.06, -0.06, -0.06, -0.06, -0.06, -0.06, -0.06, -0.06, 
-0.06, -0.06, -0.06, -0.06, -0.06, -0.06, -0.06, -0.06, -0.06, -0.06, -0.06, 0.34, -0.06, -0.10, -0.14, -0.10, 0.44, -0.06, -0.06, -0.06, -0.06, -0.10, -0.14, 0.95, -0.06, -0.06, -0.06, -0.06, 
-0.06, -0.06, -0.06, -0.06, -0.06, -0.06, -0.06, -0.06, -0.06, 0.29, -0.06, -0.06, -0.13, -0.28, -0.29, -0.14, -0.06, -0.06, -0.06, -0.06, -0.13, -0.28, -0.29, -0.14, -0.06, -0.06, -0.06, -0.06, 
-0.06, -0.06, -0.06, -0.06, -0.06, -0.06, -0.06, -0.06, -0.06, -0.06, -0.06, -0.06, -0.20, -0.38, -0.28, -0.10, -0.06, -0.06, -0.06, -0.06, -0.20, -0.38, -0.28, -0.10, -0.06, -0.06, -0.06, -0.06, 
-0.06, -0.06, -0.06, -0.06, -0.06, -0.06, -0.06, 0.24, -0.06, -0.06, -0.06, -0.06, -0.13, -0.20, -0.13, -0.13, 0.49, -0.06, -0.06, -0.06, -0.13, -0.20, -0.13, 0.94, -0.06, -0.06, -0.06, -0.06, 
-0.06, -0.06, -0.06, -0.06, -0.06, -0.06, -0.06, -0.06, -0.06, -0.06, -0.06, -0.06, -0.06, -0.20, -0.34, -0.20, -0.06, -0.06, -0.06, -0.06, -0.06, -0.06, -0.06, -0.06, -0.06, -0.06, -0.06, -0.06, 
-0.06, -0.06, -0.06, -0.06, -0.06, -0.06, -0.10, -0.14, -0.10, -0.06, -0.13, -0.20, -0.13, -0.13, -0.20, -0.13, -0.06, -0.06, -0.06, -0.13, -0.20, -0.13, -0.06, -0.06, -0.06, -0.06, -0.06, -0.06, 
-0.06, -0.06, -0.06, -0.06, -0.06, -0.06, 0.11, -0.29, -0.28, -0.13, -0.20, -0.34, -0.20, -0.06, -0.06, -0.06, 0.54, -0.06, -0.06, -0.20, -0.34, -0.20, 0.89, -0.06, -0.06, -0.06, -0.06, -0.06, 
-0.06, -0.06, -0.06, -0.10, -0.14, -0.10, -0.17, -0.28, -0.17, -0.24, -0.21, -0.24, -0.13, -0.10, -0.14, -0.10, -0.06, -0.06, -0.06, -0.13, -0.20, -0.13, -0.06, -0.06, -0.06, -0.06, -0.06, -0.06, 
-0.06, -0.06, -0.06, -0.14, -0.22, -0.14, -0.28, -0.50, -0.28, -0.21, -0.22, -0.14, -0.06, -0.14, -0.22, -0.14, -0.06, -0.06, -0.06, -0.10, -0.14, -0.10, -0.06, -0.06, -0.06, -0.06, -0.06, -0.06, 
-0.06, -0.06, -0.06, -0.10, 0.06, -0.10, -0.21, -0.24, -0.17, -0.10, -0.14, -0.10, -0.14, -0.10, 0.51, -0.10, -0.06, -0.06, -0.06, -0.14, -0.22, -0.14, -0.06, -0.06, -0.06, -0.06, -0.06, -0.06, 
-0.06, -0.06, -0.06, -0.06, -0.06, -0.14, -0.22, -0.14, -0.06, -0.13, -0.20, -0.21, -0.22, -0.14, -0.06, -0.06, -0.06, -0.06, -0.06, -0.10, -0.14, 0.80, -0.06, -0.06, -0.06, -0.06, -0.06, -0.06, 
-0.06, -0.06, -0.06, 0.09, -0.06, -0.10, -0.14, -0.10, -0.06, -0.20, -0.34, -0.24, -0.14, -0.10, -0.06, -0.06, -0.06, -0.06, -0.06, -0.06, -0.06, -0.06, -0.06, -0.06, -0.13, -0.20, -0.13, -0.06, 
-0.06, -0.06, -0.06, -0.06, -0.06, -0.06, -0.06, -0.06, -0.06, -0.13, -0.20, -0.13, -0.06, -0.06, -0.06, 0.64, -0.06, -0.06, -0.06, -0.13, 0.65, -0.13, -0.06, -0.06, -0.20, -0.34, -0.20, -0.06, 
-0.06, 0.04, -0.06, -0.06, -0.06, -0.13, -0.20, -0.13, -0.06, -0.06, -0.06, -0.06, -0.06, -0.06, -0.06, -0.06, -0.06, -0.06, -0.06, -0.20, -0.34, -0.20, -0.06, -0.06, -0.13, -0.20, -0.13, -0.06, 
-0.06, -0.06, -0.06, -0.06, -0.06, -0.20, -0.34, -0.20, -0.06, -0.06, -0.06, -0.10, -0.14, -0.10, -0.06, -0.06, -0.06, -0.06, -0.06, -0.13, -0.20, -0.13, -0.06, -0.06, -0.06, -0.06, -0.06, -0.06, 
-0.06, -0.06, -0.06, -0.06, -0.06, -0.13, -0.20, -0.13, -0.06, -0.06, -0.06, -0.14, -0.22, -0.14, -0.10, 0.61, -0.10, -0.06, 0.74, -0.06, -0.06, -0.06, -0.06, -0.06, -0.06, -0.06, -0.06, -0.06, 
-0.01, -0.06, -0.06, -0.06, -0.06, -0.06, -0.06, -0.06, -0.06, -0.06, -0.06, -0.10, -0.14, -0.10, -0.14, -0.22, -0.14, -0.06, -0.06, -0.06, -0.06, -0.06, -0.06, -0.06, -0.06, -0.06, -0.06, -0.06, 
-0.06, -0.06, -0.06, -0.06, -0.06, -0.06, -0.06, -0.06, -0.06, -0.06, -0.06, -0.06, -0.06, -0.06, -0.10, -0.14, -0.10, -0.06, -0.06, -0.06, -0.06, -0.06, -0.06, -0.06, -0.06, -0.06, -0.06, -0.06, 
-0.06, -0.06, -0.06, -0.06, -0.06, -0.06, -0.06, -0.06, -0.06, -0.06, -0.06, -0.06, -0.06, -0.06, -0.06, -0.06, -0.06, -0.06, -0.06, -0.06, -0.06, -0.06, -0.06, -0.06, -0.06, -0.06, -0.06, -0.06, 
-- optimal policy --
r  r  r  >  r  r  v  r  r  v  l  r  r  v  l  v  l  v  l  l  r  r  >  r  r  v  l  <  
>  r  r  r  >  r  r  v  r  r  v  v  r  r  v  l  v  l  l  l  >  r  v  >  >  ^  <  L  
>  >  r  r  r  >  >  r  v  r  r  v  l  >  >  r  v  l  <  <  >  >  r  v  R  ^  L  <  
r  >  r  >  r  v  >  >  r  v  >  v  <  R  ^  >  v  <  <  l  R  R  >  R  <  L  ^  L  
r  r  >  r  >  r  v  >  >  >  R  ^  L  L  r  R  ^  L  l  l  R  R  R  ^  L  <  L  ^  
>  r  r  >  R  >  r  v  R  ^  L  ^  L  L  >  r  v  l  <  <  l  r  r  v  l  L  <  L  
>  >  >  r  >  R  >  R  <  R  ^  L  L  l  R  >  R  <  <  r  r  r  >  R  <  l  L  L  
>  R  R  >  r  >  R  ^  L  <  ^  L  L  <  r  R  ^  L  l  >  r  >  R  ^  L  <  L  L  
R  >  R  >  >  r  v  l  L  L  <  L  r  r  r  r  v  l  <  R  >  r  v  l  ^  L  <  L  
v  R  >  >  >  >  L  <  R  ^  L  r  >  >  >  >  R  <  <  <  r  >  ^  <  <  ^  L  L  
r  v  R  R  R  R  ^  L  R  ^  L  r  r  v  R  R  ^  L  <  <  >  R  ^  L  <  l  ^  L  
r  v  l  r  v  l  L  L  r  v  r  >  r  r  v  l  ^  ^  L  r  R  R  ^  ^  L  <  <  ^  
r  r  v  >  v  <  <  r  v  l  >  R  >  >  v  <  l  r  v  r  r  v  l  <  ^  L  L  <  
>  r  r  v  l  L  L  r  v  l  R  ^  R  R  ^  L  l  l  r  r  >  R  <  L  <  ^  L  L  
v  >  >  <  <  l  l  l  l  l  r  r  R  >  r  v  l  l  >  r  R  ^  L  <  L  L  L  L  
r  v  R  ^  L  <  <  <  <  r  r  >  r  r  >  >  <  <  R  >  ^  <  ^  L  L  L  R  ^  
>  R  <  ^  ^  L  L  L  L  >  >  >  >  >  R  ^  L  r  v  R  ^  L  L  ^  L  l  l  ^  
R  ^  L  <  L  L  L  R  >  >  R  R  R  R  r  v  l  r  v  l  l  l  L  L  L  <  <  <  
v  l  ^  L  <  L  l  l  >  R  ^  L  R  R  >  ^  <  >  ^  <  <  <  <  L  L  L  <  <  
<  <  <  L  L  <  <  <  R  r  r  r  r  R  R  ^  L  R  ^  L  <  <  <  <  L  L  L  L  
^  L  <  <  L  L  L  <  >  >  r  >  >  R  ^  L  R  R  ^  ^  L  <  <  <  <  L  L  L  
^  L  L  <  L  L  L  L  >  >  >  R  R  ^  L  >  R  ^  ^  L  ^  L  <  <  L  <  L  L  
Correct actions (%) : 6.76
Avg angular diffs   : 99.12
