arguments: 48 35 1 -0.444867 -0.254753 0.0468948 -0.253485
loading features...

Initializing gridworld of size 28 by 22..
    Num states: 616
    Num actions: 8
recovered reward
-0.32, -0.38, -0.32, -0.25, -0.25, -0.25, -0.25, -0.25, -0.25, -0.25, -0.25, -0.25, -0.25, -0.25, -0.25, -0.25, -0.25, -0.25, -0.25, -0.25, -0.25, -0.25, -0.25, -0.25, -0.25, -0.25, -0.25, -0.25, 
-0.38, -0.51, -0.38, -0.36, -0.48, -0.36, -0.25, -0.36, -0.54, -0.49, -0.32, -0.25, -0.25, -0.25, -0.25, -0.25, -0.25, -0.25, -0.36, -0.48, -0.36, -0.25, -0.25, -0.25, -0.25, -0.15, -0.25, -0.25, 
-0.32, -0.38, -0.32, -0.48, -0.70, -0.48, -0.25, -0.48, -0.83, -0.73, -0.49, -0.25, -0.25, -0.25, -0.21, -0.25, -0.25, -0.25, -0.48, -0.70, -0.48, -0.25, -0.25, -0.25, -0.25, -0.25, -0.25, -0.25, 
-0.25, -0.25, -0.25, -0.36, -0.48, -0.36, -0.25, -0.36, -0.54, -0.49, -0.54, -0.22, -0.25, -0.25, -0.25, -0.25, -0.21, -0.25, -0.36, -0.48, -0.36, -0.25, -0.25, -0.16, -0.25, -0.25, -0.25, -0.25, 
-0.25, -0.25, -0.25, -0.25, -0.25, -0.25, -0.25, -0.25, -0.36, -0.44, -0.36, -0.25, -0.25, -0.25, -0.25, -0.25, -0.25, -0.25, -0.25, -0.25, -0.25, -0.25, -0.25, -0.25, -0.25, -0.25, -0.25, -0.25, 
-0.25, -0.25, -0.25, -0.25, -0.25, -0.25, -0.25, -0.25, -0.25, -0.25, -0.25, -0.25, -0.25, -0.25, -0.25, -0.36, -0.36, -0.48, -0.36, -0.25, -0.32, -0.38, -0.32, -0.25, -0.25, -0.25, -0.25, -0.25, 
-0.25, -0.25, -0.36, -0.48, -0.36, -0.25, -0.25, -0.23, -0.25, -0.25, -0.25, -0.25, -0.25, -0.25, -0.25, -0.48, -0.42, -0.70, -0.48, -0.25, -0.38, -0.62, -0.60, -0.27, -0.25, -0.25, -0.25, -0.25, 
-0.25, -0.25, -0.48, -0.70, -0.48, -0.25, -0.25, -0.25, -0.25, -0.25, -0.25, -0.25, -0.25, -0.25, -0.25, -0.36, -0.36, -0.48, -0.36, -0.25, -0.32, -0.60, -0.76, -0.48, -0.25, -0.25, -0.25, -0.25, 
-0.25, -0.25, -0.36, -0.48, -0.36, -0.25, -0.25, -0.25, -0.25, -0.25, -0.25, -0.25, -0.25, -0.25, -0.25, -0.25, -0.25, -0.25, -0.25, -0.25, -0.25, -0.36, -0.48, -0.36, -0.25, -0.25, -0.25, -0.25, 
-0.25, -0.25, -0.25, -0.25, -0.25, -0.25, -0.23, -0.32, -0.38, -0.32, -0.25, -0.25, -0.25, -0.25, -0.25, -0.25, -0.20, -0.25, -0.25, -0.25, -0.25, -0.25, -0.16, -0.25, -0.25, -0.25, -0.25, -0.25, 
-0.25, -0.25, -0.25, -0.25, -0.25, -0.25, -0.25, -0.38, -0.51, -0.38, -0.25, -0.25, -0.25, -0.25, -0.25, -0.25, -0.25, -0.25, -0.25, -0.25, -0.25, -0.25, -0.25, -0.32, -0.38, -0.32, -0.25, -0.25, 
-0.25, -0.25, -0.25, -0.25, -0.25, -0.25, -0.25, -0.32, -0.38, -0.32, -0.25, -0.25, -0.25, -0.25, -0.25, -0.25, -0.25, -0.25, -0.25, -0.25, -0.25, -0.25, -0.25, -0.38, -0.51, -0.38, -0.25, -0.25, 
-0.25, -0.25, -0.25, -0.25, -0.23, -0.25, -0.25, -0.25, -0.25, -0.25, -0.25, -0.25, -0.25, -0.25, -0.19, -0.25, -0.25, -0.25, -0.25, -0.25, -0.25, -0.25, -0.25, -0.32, -0.38, -0.32, -0.25, -0.25, 
-0.25, -0.25, -0.32, -0.38, -0.32, -0.38, -0.32, -0.25, -0.25, -0.25, -0.25, -0.25, -0.25, -0.25, -0.25, -0.25, -0.25, -0.25, -0.25, -0.25, -0.25, -0.17, -0.32, -0.38, -0.32, -0.25, -0.25, -0.25, 
-0.25, -0.32, -0.38, -0.30, -0.38, -0.51, -0.38, -0.25, -0.25, -0.25, -0.25, -0.25, -0.36, -0.48, -0.36, -0.25, -0.25, -0.25, -0.25, -0.25, -0.25, -0.25, -0.38, -0.51, -0.38, -0.25, -0.25, -0.25, 
-0.25, -0.38, -0.51, -0.38, -0.32, -0.38, -0.32, -0.38, -0.32, -0.25, -0.25, -0.25, -0.48, -0.70, -0.48, -0.19, -0.25, -0.25, -0.25, -0.25, -0.17, -0.25, -0.32, -0.38, -0.32, -0.25, -0.25, -0.25, 
-0.25, -0.31, -0.38, -0.32, -0.25, -0.25, -0.38, -0.51, -0.38, -0.25, -0.25, -0.36, -0.48, -0.36, -0.36, -0.25, -0.25, -0.25, -0.32, -0.38, -0.32, -0.25, -0.25, -0.25, -0.25, -0.25, -0.25, -0.25, 
-0.25, -0.25, -0.25, -0.25, -0.25, -0.25, -0.32, -0.38, -0.43, -0.48, -0.36, -0.48, -0.70, -0.48, -0.25, -0.25, -0.25, -0.25, -0.38, -0.51, -0.38, -0.25, -0.25, -0.25, -0.25, -0.25, -0.25, -0.25, 
-0.25, -0.25, -0.25, -0.25, -0.25, -0.25, -0.25, -0.25, -0.48, -0.70, -0.48, -0.36, -0.48, -0.36, -0.25, -0.18, -0.25, -0.25, -0.24, -0.38, -0.32, -0.25, -0.25, -0.25, -0.25, -0.25, -0.25, -0.25, 
-0.25, -0.25, -0.25, -0.25, -0.25, -0.25, -0.25, -0.25, -0.36, -0.48, -0.36, -0.25, -0.25, -0.25, -0.25, -0.25, -0.25, -0.25, -0.25, -0.25, -0.25, -0.25, -0.25, -0.25, -0.25, -0.25, -0.25, -0.25, 
-0.25, -0.25, -0.25, -0.25, -0.25, -0.25, -0.25, -0.25, -0.25, -0.25, -0.25, -0.25, -0.25, -0.25, -0.25, -0.25, -0.25, -0.25, -0.25, -0.25, -0.25, -0.25, -0.25, -0.25, -0.25, -0.25, -0.25, -0.25, 
-0.25, -0.25, -0.25, -0.25, -0.25, -0.25, -0.25, -0.25, -0.25, -0.25, -0.25, -0.25, -0.25, -0.25, -0.25, -0.25, -0.25, -0.25, -0.25, -0.25, -0.25, -0.25, -0.25, -0.25, -0.25, -0.25, -0.25, -0.25, 
-- optimal policy --
>  >  >  >  >  r  >  >  >  >  r  >  r  v  v  >  r  >  >  >  r  r  r  >  r  v  l  l  
v  r  R  R  R  >  R  R  R  R  r  r  >  r  v  l  >  R  R  R  >  r  r  r  >  v  <  l  
r  r  v  l  r  r  v  l  L  R  r  v  r  >  r  r  v  l  l  r  r  >  r  v  R  ^  L  <  
>  >  r  r  r  v  r  v  l  r  >  r  >  R  ^  >  r  r  r  r  r  r  >  R  <  ^  ^  L  
>  r  r  r  r  r  r  r  r  r  R  ^  R  ^  >  R  ^  >  r  >  >  >  R  ^  L  <  L  ^  
r  >  >  >  r  r  r  v  r  >  R  R  ^  >  R  R  R  R  >  R  R  R  ^  R  ^  L  <  L  
>  R  R  R  r  r  >  r  >  R  R  ^  >  R  ^  L  ^  R  R  ^  L  R  R  ^  ^  L  L  <  
r  v  l  r  r  >  R  ^  R  R  ^  >  R  ^  r  v  r  r  R  r  v  l  R  R  R  ^  L  L  
>  r  r  r  >  R  ^  R  R  ^  >  R  ^  r  >  r  v  r  r  r  r  r  v  l  l  R  ^  L  
r  >  r  >  R  >  R  R  ^  >  R  r  v  r  r  >  r  r  r  >  r  >  >  <  <  <  L  L  
>  r  >  R  >  R  ^  L  R  R  r  >  r  v  >  R  ^  r  >  r  >  R  ^  L  L  L  L  L  
r  >  R  >  R  ^  ^  r  r  r  >  r  >  r  v  >  r  >  r  >  R  ^  ^  L  L  R  ^  L  
>  R  >  R  ^  L  >  r  >  >  R  >  r  >  >  r  >  r  >  R  r  v  l  L  <  R  R  ^  
R  R  R  R  ^  L  r  >  r  >  r  >  >  R  r  >  R  r  r  r  >  v  <  L  L  R  ^  ^  
R  ^  L  R  ^  r  >  R  >  r  >  R  R  R  r  v  >  >  r  r  R  ^  L  L  r  v  l  ^  
^  L  r  r  r  v  R  R  r  >  R  ^  L  r  >  >  r  >  >  >  ^  <  L  l  l  l  l  l  
^  r  r  r  r  v  l  R  >  R  R  ^  L  r  R  ^  >  R  R  R  ^  L  L  <  <  <  <  l  
r  >  r  >  >  r  r  v  R  R  ^  L  r  >  r  v  R  ^  L  R  R  ^  L  L  <  L  <  l  
r  r  >  r  >  >  r  v  l  r  r  r  r  r  >  R  <  ^  L  r  R  ^  L  L  L  <  L  <  
r  >  r  >  r  >  >  r  r  r  r  >  r  >  R  ^  L  L  ^  >  R  ^  L  L  L  L  <  L  
>  R  >  r  >  R  >  >  >  >  >  r  >  R  ^  L  ^  L  >  R  ^  R  ^  L  L  L  L  <  
R  >  >  >  R  >  >  >  >  >  >  >  R  ^  ^  ^  L  ^  R  ^  R  ^  L  L  L  L  L  L  
Correct actions (%) : 6.06
Avg angular diffs   : 104.32
