arguments: 48 29 3 -9.42863e-05 0.0380916 0.00952291 -0.952291
loading features...

Initializing gridworld of size 28 by 22..
    Num states: 616
    Num actions: 8
recovered reward
-0.95, -0.95, -0.95, -0.95, -0.95, -0.95, -0.95, -0.95, -0.95, -0.95, -0.95, -0.95, -0.95, -0.95, -0.95, -0.95, -0.95, -0.95, -0.95, -0.95, -0.95, -0.95, -0.95, -0.95, -0.95, -0.95, -0.95, -0.95, 
-0.95, -0.95, -0.95, -0.95, -0.95, -0.95, -0.95, -0.95, -0.95, -0.95, -0.95, -0.95, -0.95, -0.95, -0.95, -0.95, -0.95, -0.95, -0.95, -0.95, -0.95, -0.95, -0.95, -0.95, -0.95, -0.93, -0.95, -0.95, 
-0.95, -0.95, -0.95, -0.95, -0.95, -0.95, -0.95, -0.95, -0.95, -0.95, -0.95, -0.95, -0.95, -0.95, -0.94, -0.95, -0.95, -0.95, -0.95, -0.95, -0.95, -0.95, -0.95, -0.95, -0.95, -0.91, -0.95, -0.95, 
-0.95, -0.95, -0.95, -0.95, -0.95, -0.95, -0.95, -0.95, -0.95, -0.95, -0.95, -0.94, -0.95, -0.95, -0.95, -0.95, -0.94, -0.95, -0.95, -0.95, -0.95, -0.95, -0.95, -0.93, -0.95, -0.95, -0.95, -0.95, 
-0.95, -0.95, -0.95, -0.95, -0.95, -0.95, -0.95, -0.95, -0.95, -0.95, -0.95, -0.95, -0.95, -0.95, -0.95, -0.95, -0.95, -0.95, -0.95, -0.95, -0.95, -0.95, -0.95, -0.95, -0.95, -0.95, -0.95, -0.95, 
-0.95, -0.95, -0.95, -0.95, -0.95, -0.95, -0.95, -0.95, -0.95, -0.95, -0.95, -0.95, -0.95, -0.91, -0.95, -0.95, -0.95, -0.95, -0.95, -0.95, -0.95, -0.91, -0.95, -0.95, -0.95, -0.95, -0.95, -0.95, 
-0.95, -0.95, -0.95, -0.95, -0.95, -0.95, -0.95, -0.95, -0.95, -0.95, -0.95, -0.95, -0.95, -0.95, -0.95, -0.95, -0.94, -0.95, -0.95, -0.95, -0.95, -0.95, -0.95, -0.93, -0.95, -0.95, -0.95, -0.95, 
-0.95, -0.95, -0.95, -0.95, -0.95, -0.95, -0.95, -0.95, -0.95, -0.95, -0.95, -0.95, -0.95, -0.95, -0.91, -0.95, -0.95, -0.95, -0.95, -0.95, -0.95, -0.95, -0.95, -0.95, -0.95, -0.95, -0.95, -0.95, 
-0.95, -0.95, -0.95, -0.95, -0.95, -0.95, -0.95, -0.95, -0.95, -0.95, -0.95, -0.95, -0.95, -0.95, -0.95, -0.95, -0.95, -0.95, -0.95, -0.95, -0.95, -0.95, -0.95, -0.95, -0.95, -0.95, -0.95, -0.95, 
-0.95, -0.95, -0.95, -0.95, -0.95, -0.95, -0.95, -0.95, -0.95, -0.95, -0.95, -0.91, -0.95, -0.95, -0.95, -0.95, -0.94, -0.95, -0.95, -0.95, -0.91, -0.95, -0.93, -0.95, -0.95, -0.95, -0.95, -0.95, 
-0.95, -0.95, -0.95, -0.95, -0.95, -0.95, -0.95, -0.95, -0.91, -0.95, -0.95, -0.95, -0.95, -0.95, -0.95, -0.95, -0.95, -0.95, -0.95, -0.95, -0.95, -0.95, -0.95, -0.95, -0.95, -0.95, -0.95, -0.95, 
-0.95, -0.95, -0.95, -0.95, -0.95, -0.95, -0.95, -0.91, -0.95, -0.95, -0.95, -0.95, -0.95, -0.95, -0.95, -0.95, -0.95, -0.95, -0.95, -0.95, -0.95, -0.95, -0.95, -0.95, -0.95, -0.95, -0.95, -0.95, 
-0.95, -0.95, -0.95, -0.95, -0.95, -0.95, -0.95, -0.95, -0.95, -0.95, -0.95, -0.95, -0.95, -0.95, -0.94, -0.95, -0.95, -0.95, -0.95, -0.95, -0.95, -0.95, -0.95, -0.95, -0.95, -0.95, -0.95, -0.95, 
-0.95, -0.95, -0.95, -0.95, -0.95, -0.95, -0.95, -0.95, -0.95, -0.95, -0.95, -0.95, -0.95, -0.95, -0.95, -0.95, -0.95, -0.95, -0.95, -0.95, -0.95, -0.94, -0.95, -0.95, -0.95, -0.95, -0.95, -0.95, 
-0.95, -0.95, -0.95, -0.95, -0.95, -0.95, -0.95, -0.95, -0.95, -0.95, -0.91, -0.95, -0.95, -0.95, -0.95, -0.95, -0.95, -0.95, -0.95, -0.95, -0.95, -0.95, -0.95, -0.95, -0.95, -0.95, -0.95, -0.95, 
-0.95, -0.95, -0.95, -0.95, -0.95, -0.95, -0.95, -0.95, -0.95, -0.95, -0.95, -0.95, -0.95, -0.95, -0.95, -0.94, -0.95, -0.95, -0.95, -0.95, -0.94, -0.95, -0.95, -0.95, -0.95, -0.91, -0.95, -0.95, 
-0.95, -0.95, -0.95, -0.95, -0.95, -0.95, -0.95, -0.95, -0.95, -0.95, -0.95, -0.95, -0.95, -0.95, -0.95, -0.95, -0.95, -0.95, -0.95, -0.95, -0.91, -0.95, -0.95, -0.95, -0.95, -0.95, -0.95, -0.95, 
-0.95, -0.95, -0.95, -0.95, -0.95, -0.95, -0.91, -0.95, -0.95, -0.95, -0.95, -0.95, -0.95, -0.95, -0.95, -0.95, -0.95, -0.95, -0.95, -0.95, -0.95, -0.95, -0.95, -0.95, -0.95, -0.95, -0.95, -0.95, 
-0.95, -0.95, -0.95, -0.95, -0.95, -0.95, -0.95, -0.95, -0.95, -0.95, -0.95, -0.95, -0.95, -0.95, -0.95, -0.94, -0.95, -0.95, -0.94, -0.95, -0.95, -0.95, -0.95, -0.95, -0.95, -0.95, -0.95, -0.95, 
-0.95, -0.95, -0.95, -0.95, -0.95, -0.95, -0.95, -0.95, -0.95, -0.95, -0.95, -0.95, -0.95, -0.95, -0.95, -0.95, -0.95, -0.95, -0.95, -0.95, -0.95, -0.95, -0.95, -0.95, -0.95, -0.95, -0.95, -0.95, 
-0.95, -0.95, -0.95, -0.95, -0.95, -0.95, -0.95, -0.95, -0.95, -0.95, -0.95, -0.95, -0.95, -0.95, -0.95, -0.95, -0.95, -0.95, -0.95, -0.95, -0.95, -0.95, -0.95, -0.95, -0.95, -0.95, -0.95, -0.95, 
-0.95, -0.95, -0.95, -0.95, -0.95, -0.95, -0.95, -0.95, -0.95, -0.95, -0.95, -0.95, -0.95, -0.95, -0.95, -0.95, -0.95, -0.95, -0.95, -0.95, -0.95, -0.95, -0.95, -0.95, -0.95, -0.95, -0.95, -0.95, 
-- optimal policy --
r  r  r  r  v  r  v  l  r  v  r  v  r  v  v  l  l  l  l  l  l  l  l  l  r  v  l  l  
r  r  r  v  r  v  r  v  l  r  v  r  v  r  v  l  l  l  l  l  l  l  l  l  r  v  l  l  
r  r  v  r  v  r  v  r  v  l  r  v  l  v  v  l  l  l  l  l  l  l  l  v  l  l  <  <  
r  r  r  v  r  v  r  v  r  v  l  r  v  v  l  l  l  <  l  l  l  l  l  l  <  ^  L  L  
r  r  r  r  v  r  v  v  v  l  v  >  r  v  l  l  v  l  l  l  l  v  l  l  L  <  ^  L  
>  r  r  r  r  v  r  v  l  v  l  v  >  l  <  v  l  l  l  l  l  l  <  <  l  L  <  ^  
r  r  r  r  r  r  v  v  v  l  v  l  l  r  v  l  l  <  <  l  l  ^  L  <  <  l  L  L  
r  r  r  r  r  r  r  v  v  l  v  l  v  l  l  <  <  L  l  l  l  v  l  L  L  <  <  L  
r  r  r  r  r  r  r  r  v  v  l  v  l  l  ^  L  L  l  l  l  v  l  l  l  l  L  <  L  
r  r  r  r  r  r  r  r  v  l  l  l  <  <  l  ^  L  <  l  l  l  <  <  <  <  <  L  <  
r  r  r  >  r  >  r  >  l  <  <  ^  L  L  <  <  ^  L  <  l  ^  L  <  L  <  L  L  L  
r  r  r  r  >  r  >  R  ^  L  <  l  ^  L  L  l  l  ^  L  <  l  ^  L  <  L  <  L  L  
r  r  r  >  r  >  R  ^  L  ^  L  <  l  ^  L  <  l  l  ^  L  <  l  l  L  <  L  <  L  
r  r  >  R  >  R  ^  L  ^  L  v  l  l  l  ^  L  <  <  l  ^  L  <  <  l  L  <  L  l  
r  >  R  >  R  ^  R  ^  ^  >  L  <  <  <  l  ^  L  L  <  <  ^  L  L  <  <  L  l  l  
r  R  R  R  R  R  R  ^  >  R  ^  L  <  L  <  <  <  L  L  L  v  l  l  L  <  L  <  <  
>  R  R  R  ^  R  ^  >  R  ^  ^  L  L  <  L  <  L  l  L  L  L  <  <  <  L  ^  L  <  
R  R  R  R  ^  >  >  R  ^  ^  ^  L  L  L  <  L  l  l  l  L  ^  L  L  <  L  L  ^  L  
R  R  R  ^  >  R  ^  L  ^  ^  ^  L  L  ^  L  <  <  <  l  <  L  ^  L  L  <  L  L  L  
R  R  ^  >  R  ^  L  ^  L  ^  ^  L  L  ^  ^  L  L  L  <  L  <  L  ^  L  L  L  <  L  
^  L  >  R  ^  L  ^  L  ^  L  ^  ^  L  ^  L  L  L  L  L  <  L  <  L  ^  L  L  L  <  
^  >  R  ^  ^  L  ^  L  L  ^  L  ^  R  ^  ^  ^  L  L  L  L  L  L  <  L  ^  L  L  L  
Correct actions (%) : 14.02
Avg angular diffs   : 85.37
