arguments: 48 32 4 -0.842767 1.03647e-15 2.50935e-16 -0.157233
loading features...

Initializing gridworld of size 28 by 22..
    Num states: 616
    Num actions: 8
recovered reward
-0.16, -0.16, -0.16, -0.16, -0.16, -0.16, -0.16, -0.16, -0.16, -0.16, -0.16, -0.16, -0.16, -0.16, -0.16, -0.16, -0.16, -0.16, -0.16, -0.16, -0.16, -0.16, -0.16, -0.16, -0.16, -0.16, -0.16, -0.16, 
-0.16, -0.16, -0.16, -0.16, -0.16, -0.16, -0.16, -0.16, -0.16, -0.16, -0.16, -0.16, -0.16, -0.16, -0.16, -0.16, -0.16, -0.16, -0.16, -0.16, -0.16, -0.16, -0.16, -0.16, -0.16, -0.16, -0.16, -0.16, 
-0.16, -0.16, -0.16, -0.16, -0.16, -0.16, -0.16, -0.16, -0.16, -0.16, -0.16, -0.16, -0.16, -0.16, -0.16, -1.00, -0.16, -0.16, -0.16, -0.16, -0.16, -0.16, -0.16, -0.16, -0.16, -0.16, -0.16, -0.16, 
-0.16, -0.16, -0.16, -0.16, -0.16, -0.16, -0.16, -0.16, -0.16, -0.16, -0.16, -0.16, -0.16, -0.16, -0.16, -0.16, -0.16, -0.16, -0.16, -1.00, -0.16, -0.16, -0.16, -0.16, -0.16, -0.16, -0.16, -0.16, 
-0.16, -0.16, -0.16, -0.16, -0.16, -0.16, -0.16, -0.16, -0.16, -0.16, -0.16, -0.16, -0.16, -0.16, -0.16, -0.16, -1.00, -0.16, -0.16, -0.16, -0.16, -0.16, -0.16, -0.16, -0.16, -0.16, -0.16, -0.16, 
-0.16, -0.16, -0.16, -0.16, -0.16, -0.16, -0.16, -0.16, -0.16, -0.16, -0.16, -0.16, -0.16, -0.16, -0.16, -0.16, -0.16, -0.16, -0.16, -0.16, -0.16, -0.16, -0.16, -0.16, -0.16, -0.16, -0.16, -0.16, 
-0.16, -0.16, -0.16, -0.16, -0.16, -0.16, -0.16, -0.16, -0.16, -0.16, -0.16, -1.00, -0.16, -0.16, -0.16, -0.16, -0.16, -0.16, -0.16, -0.16, -1.00, -0.16, -0.16, -0.16, -0.16, -0.16, -0.16, -0.16, 
-0.16, -0.16, -0.16, -0.16, -0.16, -0.16, -0.16, -0.16, -0.16, -0.16, -0.16, -0.16, -0.16, -0.16, -0.16, -0.16, -0.16, -0.16, -0.16, -0.16, -0.16, -0.16, -0.16, -0.16, -0.16, -0.16, -0.16, -0.16, 
-0.16, -0.16, -0.16, -0.16, -0.16, -0.16, -0.16, -0.16, -0.16, -0.16, -0.16, -0.16, -0.16, -0.16, -0.16, -0.16, -0.16, -0.16, -0.16, -0.16, -0.16, -0.16, -0.16, -0.16, -0.16, -0.16, -0.16, -0.16, 
-0.16, -0.16, -0.16, -0.16, -0.16, -0.16, -0.16, -0.16, -0.16, -0.16, -0.16, -0.16, -0.16, -0.16, -0.16, -0.16, -0.16, -0.16, -0.16, -0.16, -0.16, -0.16, -0.16, -0.16, -0.16, -0.16, -0.16, -0.16, 
-0.16, -0.16, -0.16, -0.16, -0.16, -0.16, -1.00, -0.16, -0.16, -0.16, -0.16, -0.16, -0.16, -0.16, -0.16, -0.16, -0.16, -0.16, -0.16, -0.16, -0.16, -0.16, -0.16, -0.16, -0.16, -0.16, -0.16, -0.16, 
-0.16, -0.16, -0.16, -0.16, -0.16, -0.16, -0.16, -0.16, -0.16, -0.16, -0.16, -0.16, -0.16, -0.16, -0.16, -0.16, -0.16, -0.16, -0.16, -0.16, -0.16, -0.16, -0.16, -0.16, -0.16, -0.16, -0.16, -0.16, 
-0.16, -0.16, -0.16, -0.16, -0.16, -0.16, -0.16, -0.16, -0.16, -0.16, -0.16, -0.16, -0.16, -0.16, -0.16, -0.16, -0.16, -0.16, -0.16, -0.16, -0.16, -0.16, -0.16, -0.16, -0.16, -0.16, -0.16, -0.16, 
-0.16, -0.16, -0.16, -0.16, -0.16, -0.16, -0.16, -0.16, -0.16, -0.16, -0.16, -0.16, -0.16, -0.16, -0.16, -0.16, -0.16, -0.16, -0.16, -0.16, -0.16, -0.16, -0.16, -0.16, -0.16, -0.16, -0.16, -0.16, 
-0.16, -0.16, -0.16, -0.16, -0.16, -0.16, -0.16, -0.16, -0.16, -0.16, -0.16, -0.16, -0.16, -0.16, -0.16, -0.16, -0.16, -0.16, -0.16, -0.16, -0.16, -0.16, -0.16, -0.16, -0.16, -0.16, -0.16, -0.16, 
-0.16, -0.16, -0.16, -0.16, -0.16, -0.16, -0.16, -0.16, -0.16, -0.16, -0.16, -0.16, -0.16, -1.00, -0.16, -0.16, -0.16, -0.16, -0.16, -1.00, -1.00, -0.16, -0.16, -0.16, -0.16, -0.16, -0.16, -0.16, 
-0.16, -0.16, -0.16, -0.16, -0.16, -0.16, -0.16, -0.16, -0.16, -0.16, -0.16, -0.16, -1.00, -0.16, -0.16, -0.16, -0.16, -1.00, -0.16, -0.16, -0.16, -0.16, -0.16, -0.16, -0.16, -0.16, -0.16, -0.16, 
-0.16, -0.16, -0.16, -0.16, -0.16, -0.16, -0.16, -0.16, -0.16, -0.16, -0.16, -0.16, -0.16, -0.16, -0.16, -0.16, -0.16, -0.16, -0.16, -0.16, -0.16, -0.16, -0.16, -0.16, -0.16, -0.16, -0.16, -0.16, 
-0.16, -0.16, -0.16, -0.16, -0.16, -0.16, -0.16, -0.16, -0.16, -0.16, -0.16, -0.16, -0.16, -1.00, -0.16, -0.16, -0.16, -0.16, -0.16, -0.16, -0.16, -0.16, -0.16, -0.16, -0.16, -0.16, -0.16, -0.16, 
-0.16, -0.16, -0.16, -0.16, -0.16, -0.16, -0.16, -0.16, -0.16, -0.16, -0.16, -0.16, -0.16, -0.16, -0.16, -0.16, -0.16, -0.16, -0.16, -0.16, -0.16, -0.16, -0.16, -0.16, -0.16, -0.16, -0.16, -0.16, 
-0.16, -0.16, -0.16, -0.16, -0.16, -0.16, -0.16, -0.16, -0.16, -0.16, -0.16, -0.16, -0.16, -0.16, -0.16, -0.16, -0.16, -0.16, -0.16, -0.16, -0.16, -0.16, -0.16, -0.16, -0.16, -0.16, -0.16, -0.16, 
-0.16, -0.16, -0.16, -0.16, -0.16, -0.16, -0.16, -0.16, -0.16, -0.16, -0.16, -0.16, -0.16, -0.16, -0.16, -0.16, -0.16, -0.16, -0.16, -0.16, -0.16, -0.16, -0.16, -0.16, -0.16, -0.16, -0.16, -0.16, 
-- optimal policy --
r  r  r  r  v  r  v  l  v  l  v  l  v  l  l  r  v  v  v  r  v  l  v  l  r  v  l  l  
r  v  r  >  r  v  r  v  l  l  v  l  l  l  l  r  r  v  v  v  r  v  l  v  r  v  l  l  
>  r  r  r  v  r  v  l  r  v  l  l  l  l  l  r  v  r  v  l  v  v  r  v  l  v  l  l  
r  r  r  r  v  >  r  v  l  v  l  v  l  l  v  v  r  v  r  v  v  v  v  l  v  l  <  l  
r  r  r  r  r  v  v  r  v  l  v  v  l  v  v  v  v  r  v  r  v  v  l  v  l  <  l  <  
r  r  r  >  r  v  v  >  r  r  v  l  v  v  v  v  v  v  r  v  r  v  l  l  <  l  <  l  
>  r  r  r  >  r  v  v  l  v  v  l  l  v  r  r  v  v  v  r  r  v  l  l  l  <  l  l  
>  >  r  r  r  >  r  v  v  v  l  l  v  l  r  r  v  v  v  v  v  l  <  l  <  l  l  l  
>  >  >  r  r  r  >  r  v  v  l  l  l  l  v  v  r  v  v  v  l  <  L  <  l  l  l  l  
r  >  R  >  r  >  r  >  r  v  v  l  l  l  r  v  l  r  v  l  <  L  <  l  l  l  <  <  
>  R  >  R  r  r  r  r  >  r  v  l  v  l  v  r  v  l  l  <  L  <  l  l  <  <  l  <  
>  r  R  >  >  r  r  r  r  >  r  v  l  v  v  v  v  l  l  L  <  l  l  <  l  <  <  l  
r  >  r  >  >  >  >  >  >  r  v  v  r  v  v  v  l  l  <  l  <  <  <  <  <  l  <  <  
>  r  >  >  >  >  R  R  R  >  r  v  v  l  v  v  l  <  l  <  <  L  <  L  <  <  <  l  
r  >  r  >  >  R  R  R  >  >  >  r  v  l  v  l  <  <  l  <  <  ^  L  <  L  L  l  <  
>  r  >  r  R  R  R  >  >  >  >  >  r  v  l  <  <  l  <  <  L  L  l  L  L  l  <  <  
r  >  r  >  r  R  >  >  >  >  >  R  >  v  <  <  <  <  L  <  <  <  <  v  l  <  L  <  
>  r  >  r  >  r  >  >  >  >  >  >  R  ^  L  <  <  <  <  L  <  <  v  l  <  L  <  L  
R  >  r  >  r  >  r  >  >  >  >  >  R  ^  L  <  <  <  <  <  L  <  l  <  L  <  L  <  
>  >  >  >  >  r  r  >  >  >  >  R  ^  L  ^  L  <  <  <  <  l  l  <  L  <  L  <  L  
R  R  r  >  R  >  r  r  >  >  R  ^  R  ^  ^  ^  L  <  <  l  <  <  <  l  L  <  <  <  
>  >  >  >  >  >  >  >  >  R  ^  R  ^  ^  L  ^  ^  L  <  <  L  <  <  <  L  L  L  L  
Correct actions (%) : 7.22
Avg angular diffs   : 88.14
