arguments: 48 37 2 -0.763867 -0.141046 -0.0158479 -0.0792393
loading features...

Initializing gridworld of size 28 by 22..
    Num states: 616
    Num actions: 8
recovered reward
-0.08, -0.08, -0.08, -0.08, -0.08, -0.09, -0.08, -0.08, -0.09, -0.08, -0.08, -0.10, -0.08, -0.08, -0.08, -0.08, -0.08, -0.08, -0.08, -0.08, -0.08, -0.08, -0.08, -0.08, -0.08, -0.08, -0.08, -0.08, 
-0.08, -0.08, -0.08, -0.08, -0.08, -0.08, -0.08, -0.08, -0.08, -0.08, -0.08, -0.08, -0.08, -0.10, -0.08, -0.08, -0.08, -0.08, -0.08, -0.08, -0.08, -0.08, -0.08, -0.08, -0.08, -0.08, -0.08, -0.08, 
-0.08, -0.08, -0.08, -0.08, -0.09, -0.08, -0.84, -0.08, -0.08, -0.08, -0.08, -0.08, -0.08, -0.08, -0.08, -0.08, -0.08, -0.08, -0.08, -0.84, -0.08, -0.08, -0.08, -0.08, -0.08, -0.12, -0.08, -0.08, 
-0.08, -0.08, -0.08, -0.09, -0.08, -0.08, -0.08, -0.08, -0.08, -0.08, -0.08, -0.08, -0.08, -0.08, -0.08, -0.08, -0.08, -0.08, -0.08, -0.08, -0.08, -0.22, -0.08, -0.08, -0.08, -0.08, -0.08, -0.08, 
-0.08, -0.08, -0.84, -0.08, -0.08, -0.08, -0.08, -0.08, -0.84, -0.08, -0.08, -0.08, -0.08, -0.08, -0.10, -0.08, -0.08, -0.08, -0.08, -0.84, -0.08, -0.08, -0.08, -0.08, -0.12, -0.08, -0.08, -0.08, 
-0.08, -0.08, -0.08, -0.08, -0.08, -0.08, -0.08, -0.08, -0.22, -0.08, -0.08, -0.08, -0.08, -0.08, -0.08, -0.08, -0.08, -0.08, -0.08, -0.84, -0.08, -0.08, -0.08, -0.08, -0.08, -0.08, -0.08, -0.08, 
-0.08, -0.08, -0.09, -0.08, -0.08, -0.08, -0.08, -0.08, -0.08, -0.08, -0.08, -0.08, -0.10, -0.08, -0.08, -0.08, -0.08, -0.08, -0.08, -0.08, -0.08, -0.08, -0.08, -0.08, -0.08, -0.08, -0.08, -0.08, 
-0.08, -0.08, -0.08, -0.08, -0.08, -0.08, -0.08, -0.08, -0.08, -0.08, -0.08, -0.08, -0.08, -0.08, -0.08, -0.08, -0.08, -0.08, -0.08, -0.08, -0.08, -0.08, -0.12, -0.08, -0.08, -0.08, -0.08, -0.08, 
-0.08, -0.08, -0.08, -0.08, -0.08, -0.08, -0.08, -0.08, -0.08, -0.08, -0.08, -0.08, -0.08, -0.08, -0.08, -0.08, -0.08, -0.08, -0.08, -0.08, -0.08, -0.08, -0.08, -0.08, -0.08, -0.08, -0.08, -0.08, 
-0.08, -0.09, -0.08, -0.08, -0.08, -0.08, -0.08, -0.08, -0.08, -0.08, -0.08, -0.10, -0.22, -0.08, -0.08, -0.08, -0.08, -0.08, -0.08, -0.08, -0.08, -0.08, -0.08, -0.08, -0.08, -0.08, -0.08, -0.08, 
-0.08, -0.08, -0.08, -0.08, -0.08, -0.84, -0.08, -0.08, -0.08, -0.08, -0.08, -0.08, -0.08, -0.08, -0.08, -0.08, -0.22, -0.08, -0.08, -0.08, -0.08, -0.08, -0.08, -0.12, -0.08, -0.08, -0.08, -0.08, 
-0.08, -0.08, -0.08, -0.08, -0.08, -0.08, -0.08, -0.08, -0.08, -0.08, -0.08, -0.08, -0.08, -0.08, -0.98, -0.08, -0.08, -0.08, -0.08, -0.08, -0.08, -0.08, -0.08, -0.08, -0.08, -0.08, -0.08, -0.08, 
-0.08, -0.08, -0.08, -0.08, -0.08, -0.08, -0.08, -0.08, -0.08, -0.08, -0.10, -0.08, -0.08, -0.08, -0.08, -0.08, -0.08, -0.08, -0.08, -0.22, -0.08, -0.08, -0.08, -0.08, -0.08, -0.08, -0.08, -0.08, 
-0.08, -0.08, -0.08, -0.08, -0.08, -0.08, -0.08, -0.08, -0.08, -0.08, -0.08, -0.08, -0.08, -0.08, -0.08, -0.08, -0.08, -0.08, -0.08, -0.08, -0.08, -0.08, -0.08, -0.12, -0.08, -0.08, -0.08, -0.08, 
-0.08, -0.08, -0.08, -0.08, -0.22, -0.08, -0.08, -0.08, -0.08, -0.08, -0.84, -0.08, -0.08, -0.08, -0.08, -0.22, -0.08, -0.08, -0.08, -0.08, -0.08, -0.08, -0.08, -0.08, -0.08, -0.08, -0.08, -0.08, 
-0.08, -0.08, -0.08, -0.08, -0.08, -0.08, -0.08, -0.08, -0.08, -0.08, -0.08, -0.10, -0.22, -0.08, -0.08, -0.08, -0.08, -0.08, -0.08, -0.08, -0.08, -0.08, -0.08, -0.08, -0.08, -0.08, -0.08, -0.08, 
-0.08, -0.08, -0.08, -0.08, -0.08, -0.08, -0.98, -0.08, -0.08, -0.08, -0.08, -0.08, -0.08, -0.08, -0.08, -0.08, -0.08, -0.08, -0.08, -0.08, -0.08, -0.22, -0.08, -0.11, -0.08, -0.08, -0.84, -0.08, 
-0.08, -0.08, -0.08, -0.08, -0.08, -0.08, -0.08, -0.08, -0.08, -0.08, -0.08, -0.22, -0.08, -0.08, -0.08, -0.08, -0.08, -0.08, -0.08, -0.08, -0.08, -0.08, -0.08, -0.08, -0.08, -0.08, -0.08, -0.08, 
-0.08, -0.08, -0.08, -0.08, -0.08, -0.08, -0.08, -0.08, -0.08, -0.08, -0.08, -0.11, -0.08, -0.08, -0.08, -0.08, -0.08, -0.08, -0.08, -0.08, -0.08, -0.11, -0.08, -0.08, -0.08, -0.08, -0.08, -0.08, 
-0.08, -0.08, -0.08, -0.08, -0.84, -0.08, -0.08, -0.08, -0.08, -0.08, -0.08, -0.08, -0.11, -0.08, -0.08, -0.11, -0.08, -0.08, -0.11, -0.08, -0.08, -0.08, -0.08, -0.08, -0.08, -0.08, -0.08, -0.08, 
-0.08, -0.08, -0.08, -0.08, -0.08, -0.08, -0.08, -0.08, -0.08, -0.08, -0.08, -0.08, -0.08, -0.08, -0.08, -0.08, -0.08, -0.08, -0.08, -0.08, -0.08, -0.08, -0.08, -0.08, -0.08, -0.08, -0.08, -0.08, 
-0.08, -0.08, -0.08, -0.08, -0.08, -0.08, -0.08, -0.08, -0.08, -0.08, -0.08, -0.08, -0.08, -0.08, -0.08, -0.08, -0.08, -0.08, -0.08, -0.08, -0.08, -0.08, -0.08, -0.08, -0.08, -0.08, -0.08, -0.08, 
-- optimal policy --
l  <  L  L  <  >  ^  ^  <  v  v  >  ^  <  >  >  ^  <  >  ^  <  >  >  >  >  R  R  r  
^  L  ^  ^  L  R  ^  ^  L  r  v  R  ^  L  R  R  ^  L  R  ^  L  R  R  R  R  ^  ^  v  
v  l  <  r  v  l  <  v  r  v  r  v  v  >  >  r  v  >  r  v  v  >  r  v  v  >  >  >  
v  <  L  v  l  <  L  l  >  r  v  r  v  v  R  >  r  v  >  r  v  r  v  >  r  R  R  ^  
<  <  v  l  <  L  l  v  r  v  r  v  >  r  v  >  >  r  v  >  r  v  r  v  v  r  v  v  
^  L  l  <  L  l  <  r  r  v  v  >  r  v  r  v  >  >  r  r  v  r  v  >  r  >  r  v  
v  v  l  L  l  <  L  v  >  v  r  v  v  r  v  r  v  >  >  >  r  v  r  v  v  v  >  >  
v  l  <  v  l  L  v  r  v  l  >  r  v  v  r  v  r  >  >  >  >  r  >  r  v  l  R  ^  
L  <  L  l  v  v  v  v  r  v  v  >  r  v  v  r  v  >  >  >  >  >  >  >  r  v  >  v  
^  L  v  v  v  l  v  v  v  r  v  r  v  r  v  v  r  v  R  R  R  ^  R  R  >  r  v  l  
L  <  v  v  v  v  v  v  v  >  r  v  r  v  r  v  r  >  >  r  r  v  v  R  R  ^  r  v  
^  L  v  v  v  v  v  v  l  <  >  r  v  r  v  l  v  >  >  >  >  >  >  >  >  >  >  R  
v  <  v  v  v  v  v  l  <  L  >  >  r  v  r  v  l  R  R  R  R  ^  ^  R  R  R  R  ^  
v  L  v  v  l  v  l  <  L  >  >  >  >  r  v  l  v  l  v  v  v  >  r  v  r  v  v  v  
l  <  r  v  v  l  <  L  R  R  >  >  >  >  r  v  l  v  v  v  l  <  >  r  v  r  v  v  
^  L  v  v  l  <  L  r  v  r  R  R  R  R  ^  l  v  v  v  l  <  L  R  >  r  v  r  v  
l  <  v  l  <  L  >  >  r  v  >  >  >  >  r  v  v  v  l  <  v  v  v  >  >  r  r  v  
v  <  v  v  l  <  >  >  >  r  v  >  >  >  >  r  v  l  <  v  v  l  v  R  >  >  >  >  
<  <  v  l  <  L  >  >  >  >  r  v  >  >  >  >  v  <  L  v  v  v  v  v  v  R  R  ^  
^  v  l  v  l  >  >  >  >  >  >  r  r  R  R  >  v  v  v  v  v  v  v  v  v  v  v  v  
l  r  v  l  <  >  >  >  >  >  >  >  >  >  >  >  r  v  v  v  v  l  v  v  l  v  v  v  
<  >  r  <  L  R  R  R  R  R  R  R  R  >  >  >  >  >  r  r  v  <  v  r  <  l  r  l  
Correct actions (%) : 11.67
Avg angular diffs   : 104.25
