arguments: 48 40 3 0.0283286 0.0226629 -0.382436 -0.566572
loading features...

Initializing gridworld of size 28 by 22..
    Num states: 616
    Num actions: 8
recovered reward
-0.57, -0.57, -0.57, -0.57, -0.57, -0.57, -0.57, -0.57, -0.56, -1.63, -0.56, -0.57, -0.57, -1.68, -0.57, -0.57, -0.57, -1.71, -0.57, -0.57, -1.75, -0.57, -1.79, -0.57, -0.57, -1.83, -0.57, -0.57, 
-1.52, -0.57, -0.57, -1.56, -0.57, -0.57, -1.60, -0.57, -0.56, -0.54, -0.56, -0.57, -0.57, -0.57, -0.57, -0.57, -0.56, -0.55, -0.56, -0.57, -0.57, -0.57, -0.57, -0.57, -0.57, -0.57, -0.57, -0.57, 
-0.57, -0.57, -0.57, -0.57, -0.56, -0.56, -0.56, -0.57, -0.56, -0.56, -0.56, -0.57, -0.57, -0.56, -0.55, -0.56, -0.55, -0.53, -0.55, -0.57, -0.57, -0.57, -0.57, -0.56, -0.55, -0.56, -0.57, -0.57, 
-1.48, -0.57, -0.57, -0.57, -0.56, -0.54, -0.56, -0.57, -0.57, -0.57, -0.57, -0.57, -0.57, -0.55, -0.54, -0.55, -0.55, -0.53, -0.55, -0.57, -0.57, -0.57, -0.57, -0.55, -0.54, -0.55, -0.57, -0.57, 
-0.56, -0.56, -0.56, -0.57, -0.56, -0.56, -0.56, -0.57, -0.57, -0.57, -0.57, -0.57, -0.57, -0.55, -0.54, -0.55, -0.56, -0.56, -0.56, -0.57, -0.57, -0.57, -0.57, -0.56, -0.55, -0.56, -1.45, -0.57, 
-0.56, -0.54, -0.56, -0.57, -0.57, -0.57, -0.57, -0.57, -0.57, -0.57, -0.57, -0.57, -0.57, -0.56, -0.54, -0.56, -0.57, -0.57, -0.57, -0.57, -0.57, -0.57, -0.57, -0.56, -0.56, -0.56, -0.57, -0.57, 
-0.56, -0.56, -0.56, -0.57, -0.57, -0.57, -0.57, -0.57, -0.57, -0.57, -0.57, -0.57, -0.57, -0.56, -0.56, -0.56, -0.57, -0.57, -0.57, -0.57, -0.57, -0.57, -0.57, -0.56, -0.54, -0.56, -0.57, -0.57, 
-0.57, -0.57, -0.57, -0.57, -0.57, -0.57, -0.57, -0.56, -0.56, -0.56, -0.57, -0.57, -0.57, -0.56, -0.55, -0.56, -0.57, -0.57, -0.57, -0.57, -0.57, -0.57, -0.57, -0.56, -0.56, -0.56, -1.41, -0.57, 
-0.57, -0.57, -0.57, -0.57, -0.57, -0.57, -0.57, -0.56, -0.54, -0.56, -0.57, -0.57, -0.57, -0.55, -0.54, -0.55, -0.57, -0.57, -0.57, -0.56, -0.55, -0.56, -0.55, -0.56, -0.57, -0.57, -0.57, -0.57, 
-0.57, -0.57, -0.57, -0.57, -0.57, -0.57, -0.57, -0.56, -0.56, -0.56, -1.18, -0.57, -0.57, -0.56, -1.13, -0.56, -0.57, -1.10, -0.57, -0.55, -1.04, -0.55, -0.53, -1.01, -0.56, -0.55, -0.56, -0.57, 
-0.57, -0.57, -0.57, -0.57, -0.57, -0.57, -0.57, -0.57, -0.57, -0.57, -0.57, -0.57, -0.57, -0.57, -0.57, -0.57, -0.57, -0.57, -0.57, -0.56, -0.55, -0.55, -0.53, -0.55, -0.55, -0.54, -1.36, -0.57, 
-0.57, -0.57, -0.57, -0.57, -0.57, -0.57, -0.57, -1.22, -0.57, -0.57, -0.57, -0.57, -0.57, -0.57, -0.57, -0.56, -0.56, -0.56, -0.57, -0.57, -0.57, -0.56, -0.56, -0.56, -0.56, -0.55, -0.56, -0.57, 
-0.57, -0.57, -0.56, -0.56, -0.56, -0.57, -0.57, -0.57, -0.56, -0.55, -0.56, -0.57, -0.57, -0.57, -0.57, -0.56, -0.54, -0.56, -0.57, -0.56, -0.56, -0.55, -0.56, -0.57, -0.57, -0.57, -0.57, -0.57, 
-1.33, -0.57, -0.56, -1.27, -0.56, -0.57, -1.25, -0.57, -0.55, -0.54, -0.55, -0.57, -0.57, -0.57, -0.57, -0.56, -0.56, -0.56, -0.57, -0.55, -0.55, -0.54, -0.55, -0.57, -0.57, -0.57, -0.95, -0.57, 
-0.57, -0.57, -0.56, -0.56, -0.56, -0.57, -0.57, -0.57, -0.56, -0.55, -0.56, -0.57, -0.57, -0.57, -0.57, -0.57, -0.57, -0.57, -0.57, -0.56, -0.56, -0.55, -0.56, -0.57, -0.57, -0.57, -0.57, -0.57, 
-0.57, -0.57, -0.57, -0.56, -0.56, -0.56, -0.57, -0.57, -0.57, -0.57, -0.57, -0.57, -0.57, -0.57, -0.57, -0.57, -0.57, -0.57, -0.57, -0.57, -0.57, -0.57, -0.57, -0.56, -0.56, -0.56, -0.57, -0.57, 
-0.57, -0.57, -0.57, -0.56, -0.54, -0.56, -0.57, -0.57, -0.57, -0.57, -0.57, -0.57, -0.57, -0.57, -0.57, -0.57, -0.57, -0.57, -0.57, -0.57, -0.57, -0.57, -0.57, -0.56, -0.54, -0.56, -0.91, -0.57, 
-0.57, -0.57, -0.57, -0.56, -0.56, -0.56, -0.57, -0.57, -0.57, -0.57, -0.57, -0.57, -0.56, -0.55, -0.56, -0.57, -0.57, -0.57, -0.57, -0.57, -0.57, -0.57, -0.57, -0.56, -0.56, -0.56, -0.57, -0.57, 
-0.57, -0.57, -0.57, -0.57, -0.57, -0.57, -0.57, -0.57, -0.57, -0.57, -0.57, -0.57, -0.55, -0.54, -0.55, -0.57, -0.57, -0.57, -0.57, -0.57, -0.57, -0.57, -0.57, -0.57, -0.87, -0.57, -0.57, -0.57, 
-0.57, -0.57, -0.60, -0.57, -0.57, -0.64, -0.57, -0.57, -0.68, -0.57, -0.57, -0.72, -0.56, -0.55, -0.75, -0.57, -0.57, -0.80, -0.57, -0.57, -0.83, -0.57, -0.57, -0.57, -0.57, -0.57, -0.57, -0.57, 
-0.57, -0.57, -0.57, -0.57, -0.57, -0.57, -0.57, -0.57, -0.57, -0.57, -0.57, -0.57, -0.57, -0.57, -0.57, -0.57, -0.57, -0.57, -0.57, -0.57, -0.57, -0.57, -0.57, -0.57, -0.57, -0.57, -0.57, -0.57, 
-0.57, -0.57, -0.57, -0.57, -0.57, -0.57, -0.57, -0.57, -0.57, -0.57, -0.57, -0.57, -0.57, -0.57, -0.57, -0.57, -0.57, -0.57, -0.57, -0.57, -0.57, -0.57, -0.57, -0.57, -0.57, -0.57, -0.57, -0.57, 
-- optimal policy --
>  r  >  r  r  >  r  r  r  r  r  r  r  r  r  r  r  v  l  l  l  l  l  l  l  v  l  l  
r  >  r  r  r  r  r  >  >  >  >  r  r  r  r  r  r  v  l  l  l  l  l  r  v  l  l  l  
r  r  >  r  r  r  >  R  R  R  r  >  r  r  r  >  >  v  <  <  l  l  l  r  v  l  l  l  
r  r  r  >  >  >  R  R  R  R  >  r  >  >  >  R  R  ^  L  L  <  <  r  r  v  l  l  v  
r  r  >  R  R  R  R  R  R  >  r  >  R  R  R  R  R  ^  L  L  L  <  r  r  v  l  l  l  
>  >  R  R  R  R  r  r  >  r  >  R  R  R  R  R  R  ^  L  L  L  r  r  r  v  l  l  l  
R  R  R  R  r  r  r  r  r  >  R  R  R  R  ^  L  L  ^  ^  L  r  v  r  v  l  l  <  <  
R  R  R  >  r  r  r  r  r  R  R  R  R  R  ^  L  L  L  r  r  r  r  v  l  l  <  L  l  
R  R  >  r  >  r  >  >  >  R  R  R  R  R  ^  L  L  >  r  >  r  r  v  l  <  l  l  l  
R  r  r  >  r  >  R  R  R  R  R  R  R  R  ^  L  L  r  >  r  >  >  v  <  l  l  l  <  
r  r  r  r  >  R  R  R  R  ^  R  R  R  ^  R  ^  r  >  R  >  R  R  ^  L  <  <  <  l  
r  r  r  r  R  R  R  R  r  R  R  R  ^  R  r  r  >  R  R  R  R  R  ^  L  L  L  L  <  
r  r  >  >  R  R  >  r  r  R  R  ^  R  r  >  >  R  R  R  R  R  R  ^  L  L  L  L  L  
r  >  R  R  R  r  r  >  >  R  <  L  r  >  R  R  R  R  >  R  R  ^  L  L  L  L  L  L  
>  R  >  R  r  r  >  R  R  ^  L  L  >  R  R  R  R  >  R  R  R  ^  L  L  L  L  L  ^  
R  R  r  r  r  >  R  R  R  ^  L  L  R  R  R  R  >  R  R  R  R  ^  L  L  L  l  L  L  
R  r  >  >  >  R  R  R  R  ^  ^  R  R  R  R  >  R  R  R  R  ^  L  ^  L  L  <  <  L  
r  >  R  R  R  R  R  R  ^  ^  >  r  r  v  >  R  R  R  R  ^  ^  ^  R  R  ^  L  L  <  
>  R  R  R  R  R  R  ^  R  r  >  >  >  >  R  R  R  R  ^  L  L  R  R  R  ^  L  L  L  
R  R  R  R  R  R  ^  R  r  >  R  R  R  ^  L  R  R  ^  L  L  R  R  R  ^  L  ^  L  L  
R  ^  R  R  ^  R  R  r  >  R  >  R  R  ^  L  R  ^  R  R  ^  R  R  R  ^  ^  L  L  L  
R  R  R  ^  R  ^  >  >  R  >  R  R  ^  ^  R  ^  R  R  ^  R  R  R  ^  L  ^  L  ^  L  
Correct actions (%) : 15.00
Avg angular diffs   : 86.06
