arguments: 48 29 3 0.0111111 -0.614815 0.0037037 -0.37037
loading features...

Initializing gridworld of size 28 by 22..
    Num states: 616
    Num actions: 8
recovered reward
-0.37, -0.37, -0.37, -0.37, -0.37, -0.37, -0.37, -0.37, -0.37, -0.37, -0.37, -0.37, -0.37, -0.37, -0.37, -0.37, -0.37, -0.37, -0.37, -0.37, -0.37, -0.37, -0.37, -0.37, -0.37, -0.37, -0.37, -0.37, 
-0.37, -0.37, -0.37, -0.37, -0.37, -0.37, -0.37, -0.37, -0.37, -0.37, -0.37, -0.37, -0.37, -0.37, -0.37, -0.37, -0.37, -0.37, -0.37, -0.37, -0.37, -0.37, -0.37, -0.37, -0.37, -0.36, -0.37, -0.37, 
-0.37, -0.37, -0.37, -0.37, -0.37, -0.37, -0.37, -0.37, -0.37, -0.37, -0.37, -0.37, -0.37, -0.37, -0.37, -0.37, -0.37, -0.37, -0.37, -0.37, -0.37, -0.37, -0.37, -0.37, -0.37, -0.99, -0.37, -0.37, 
-0.37, -0.37, -0.37, -0.37, -0.37, -0.37, -0.37, -0.37, -0.37, -0.37, -0.37, -0.37, -0.37, -0.37, -0.37, -0.37, -0.37, -0.37, -0.37, -0.37, -0.37, -0.37, -0.37, -0.36, -0.37, -0.37, -0.37, -0.37, 
-0.37, -0.37, -0.37, -0.37, -0.37, -0.37, -0.37, -0.37, -0.37, -0.37, -0.37, -0.37, -0.37, -0.37, -0.36, -0.37, -0.37, -0.37, -0.37, -0.37, -0.37, -0.37, -0.36, -0.37, -0.37, -0.37, -0.37, -0.37, 
-0.37, -0.37, -0.37, -0.37, -0.37, -0.37, -0.37, -0.37, -0.37, -0.37, -0.37, -0.37, -0.37, -0.99, -0.37, -0.37, -0.37, -0.37, -0.37, -0.37, -0.37, -0.99, -0.37, -0.37, -0.37, -0.37, -0.37, -0.37, 
-0.37, -0.37, -0.37, -0.37, -0.37, -0.37, -0.37, -0.37, -0.37, -0.37, -0.37, -0.37, -0.37, -0.37, -0.37, -0.37, -0.37, -0.37, -0.37, -0.37, -0.37, -0.37, -0.37, -0.36, -0.37, -0.37, -0.37, -0.37, 
-0.37, -0.37, -0.37, -0.37, -0.37, -0.37, -0.37, -0.37, -0.37, -0.37, -0.37, -0.37, -0.37, -0.37, -0.99, -0.37, -0.37, -0.37, -0.37, -0.37, -0.37, -0.37, -0.37, -0.37, -0.37, -0.37, -0.37, -0.37, 
-0.37, -0.37, -0.37, -0.37, -0.37, -0.37, -0.37, -0.37, -0.37, -0.37, -0.37, -0.37, -0.37, -0.37, -0.37, -0.37, -0.37, -0.37, -0.37, -0.37, -0.37, -0.37, -0.37, -0.37, -0.37, -0.37, -0.37, -0.37, 
-0.37, -0.37, -0.37, -0.37, -0.37, -0.37, -0.37, -0.36, -0.37, -0.37, -0.37, -0.99, -0.37, -0.37, -0.37, -0.37, -0.37, -0.37, -0.37, -0.37, -0.99, -0.37, -0.36, -0.37, -0.37, -0.37, -0.37, -0.37, 
-0.37, -0.37, -0.37, -0.37, -0.37, -0.37, -0.37, -0.37, -0.99, -0.37, -0.37, -0.37, -0.37, -0.37, -0.37, -0.37, -0.37, -0.37, -0.37, -0.37, -0.37, -0.37, -0.37, -0.37, -0.37, -0.37, -0.37, -0.37, 
-0.37, -0.37, -0.37, -0.37, -0.36, -0.37, -0.37, -0.97, -0.37, -0.37, -0.36, -0.37, -0.37, -0.37, -0.36, -0.37, -0.37, -0.37, -0.37, -0.37, -0.37, -0.37, -0.37, -0.37, -0.37, -0.37, -0.37, -0.37, 
-0.37, -0.37, -0.37, -0.37, -0.37, -0.37, -0.37, -0.37, -0.37, -0.37, -0.37, -0.37, -0.37, -0.37, -0.37, -0.37, -0.37, -0.37, -0.37, -0.37, -0.36, -0.37, -0.37, -0.37, -0.37, -0.37, -0.37, -0.37, 
-0.37, -0.37, -0.37, -0.37, -0.37, -0.37, -0.36, -0.37, -0.37, -0.37, -0.37, -0.37, -0.36, -0.37, -0.37, -0.37, -0.37, -0.37, -0.37, -0.37, -0.37, -0.36, -0.37, -0.37, -0.37, -0.37, -0.37, -0.37, 
-0.37, -0.37, -0.37, -0.37, -0.37, -0.37, -0.37, -0.37, -0.37, -0.37, -0.99, -0.37, -0.37, -0.37, -0.37, -0.37, -0.37, -0.37, -0.37, -0.37, -0.37, -0.37, -0.37, -0.37, -0.37, -0.37, -0.37, -0.37, 
-0.37, -0.37, -0.37, -0.37, -0.37, -0.37, -0.37, -0.37, -0.37, -0.37, -0.37, -0.37, -0.37, -0.37, -0.37, -0.37, -0.37, -0.37, -0.37, -0.37, -0.36, -0.37, -0.37, -0.37, -0.37, -0.99, -0.37, -0.37, 
-0.37, -0.37, -0.37, -0.37, -0.37, -0.37, -0.37, -0.37, -0.37, -0.37, -0.37, -0.37, -0.37, -0.37, -0.37, -0.37, -0.37, -0.37, -0.37, -0.37, -0.99, -0.37, -0.37, -0.37, -0.37, -0.37, -0.37, -0.37, 
-0.37, -0.37, -0.37, -0.37, -0.37, -0.37, -0.99, -0.37, -0.37, -0.37, -0.37, -0.37, -0.37, -0.37, -0.37, -0.37, -0.37, -0.37, -0.37, -0.37, -0.37, -0.37, -0.37, -0.37, -0.37, -0.37, -0.37, -0.37, 
-0.37, -0.37, -0.37, -0.37, -0.37, -0.37, -0.37, -0.37, -0.37, -0.37, -0.37, -0.37, -0.36, -0.37, -0.37, -0.36, -0.37, -0.37, -0.36, -0.37, -0.37, -0.37, -0.37, -0.37, -0.37, -0.37, -0.37, -0.37, 
-0.37, -0.37, -0.37, -0.37, -0.37, -0.37, -0.37, -0.37, -0.37, -0.37, -0.37, -0.37, -0.37, -0.37, -0.37, -0.36, -0.37, -0.37, -0.37, -0.37, -0.37, -0.37, -0.37, -0.37, -0.37, -0.37, -0.37, -0.37, 
-0.37, -0.37, -0.37, -0.37, -0.37, -0.37, -0.37, -0.37, -0.37, -0.37, -0.37, -0.37, -0.37, -0.37, -0.37, -0.37, -0.37, -0.37, -0.37, -0.37, -0.37, -0.37, -0.37, -0.37, -0.37, -0.37, -0.37, -0.37, 
-0.37, -0.37, -0.37, -0.37, -0.37, -0.37, -0.37, -0.37, -0.37, -0.37, -0.37, -0.37, -0.37, -0.37, -0.37, -0.37, -0.37, -0.37, -0.37, -0.37, -0.37, -0.37, -0.37, -0.37, -0.37, -0.37, -0.37, -0.37, 
-- optimal policy --
r  r  r  r  r  r  r  >  r  r  r  >  r  r  >  r  >  >  r  v  r  v  v  v  r  v  l  l  
r  r  r  r  r  r  r  r  >  r  r  r  >  r  r  >  r  >  >  r  v  r  v  v  l  l  <  <  
r  r  r  r  r  r  r  r  r  >  r  r  r  >  >  r  >  r  >  r  r  v  r  v  l  l  L  L  
r  r  r  v  r  r  r  r  r  r  >  >  r  r  v  >  r  r  r  >  r  r  v  l  <  l  l  L  
>  r  r  r  v  r  r  r  >  >  R  r  >  >  r  R  r  r  r  r  >  >  R  <  L  <  <  <  
r  >  r  r  r  r  r  >  R  R  r  >  R  R  ^  r  r  r  r  >  R  R  ^  L  <  L  <  L  
v  r  >  r  r  r  v  l  R  r  >  R  >  R  r  >  r  r  >  R  >  R  ^  ^  L  <  L  <  
r  v  r  >  r  r  v  l  v  >  r  v  R  r  r  R  r  >  R  >  R  ^  R  ^  L  L  L  L  
>  r  v  r  >  r  r  v  l  v  >  r  v  r  >  r  >  R  >  R  ^  R  ^  ^  ^  L  L  L  
r  >  r  v  r  >  >  >  r  v  l  >  r  v  r  >  R  >  R  ^  R  ^  ^  ^  ^  ^  L  L  
r  r  >  r  v  R  R  ^  >  r  v  l  r  r  v  R  ^  R  ^  ^  R  R  ^  L  ^  ^  ^  L  
r  r  r  >  R  R  ^  >  r  >  r  <  r  >  R  <  R  ^  ^  r  R  ^  ^  ^  L  ^  ^  ^  
r  r  >  R  ^  r  v  r  >  R  ^  r  v  R  ^  L  ^  ^  r  >  ^  <  ^  ^  ^  L  ^  ^  
r  >  R  R  r  >  r  >  R  ^  r  >  R  R  ^  L  L  r  >  R  ^  L  <  ^  ^  ^  L  ^  
>  R  R  r  >  R  ^  R  ^  r  >  R  ^  L  ^  ^  L  >  R  R  R  ^  L  <  ^  L  ^  L  
R  R  R  >  R  R  R  ^  r  >  R  ^  ^  ^  L  ^  >  R  R  R  ^  ^  L  L  <  ^  L  ^  
R  R  >  R  R  R  ^  r  >  R  ^  ^  ^  ^  ^  L  R  R  R  R  ^  L  ^  L  L  <  ^  L  
R  >  R  R  R  R  r  >  R  ^  ^  ^  ^  R  ^  R  R  R  R  ^  R  ^  L  ^  L  L  <  ^  
>  R  R  R  R  r  >  R  ^  ^  ^  >  R  <  r  v  R  R  ^  R  ^  ^  L  L  ^  L  L  <  
R  R  R  ^  r  >  R  ^  ^  ^  >  R  ^  L  >  R  R  R  ^  L  ^  L  ^  L  L  L  L  L  
^  R  ^  r  >  R  ^  ^  ^  >  R  ^  ^  >  R  ^  R  ^  R  ^  L  ^  L  R  ^  L  L  L  
R  ^  >  >  R  ^  L  ^  >  R  ^  ^  >  R  ^  R  ^  R  ^  ^  L  L  ^  L  ^  L  L  L  
Correct actions (%) : 10.28
Avg angular diffs   : 104.72
