arguments: 48 32 4 0.0145078 -0.765285 -0.0129534 -0.207254
loading features...

Initializing gridworld of size 28 by 22..
    Num states: 616
    Num actions: 8
recovered reward
-0.21, -0.21, -0.21, -0.21, -0.21, -0.21, -0.21, -0.21, -0.21, -0.24, -0.21, -0.21, -0.21, -0.24, -0.21, -0.21, -0.21, -0.25, -0.21, -0.21, -0.25, -0.21, -0.25, -0.21, -0.21, -0.25, -0.21, -0.21, 
-0.24, -0.21, -0.21, -0.24, -0.21, -0.21, -0.24, -0.21, -0.21, -0.21, -0.21, -0.21, -0.21, -0.21, -0.20, -0.20, -0.20, -0.21, -0.21, -0.21, -0.40, -0.59, -0.40, -0.21, -0.21, -0.21, -0.21, -0.21, 
-0.21, -0.21, -0.21, -0.40, -0.59, -0.40, -0.59, -0.40, -0.21, -0.21, -0.21, -0.21, -0.21, -0.21, -0.20, -0.19, -0.20, -0.21, -0.20, -0.20, -0.59, -0.97, -0.59, -0.21, -0.21, -0.21, -0.21, -0.21, 
-0.24, -0.21, -0.21, -0.59, -0.97, -0.59, -0.97, -0.59, -0.21, -0.21, -0.21, -0.21, -0.21, -0.21, -0.20, -0.20, -0.20, -0.20, -0.20, -0.19, -0.39, -0.59, -0.40, -0.21, -0.21, -0.21, -0.21, -0.21, 
-0.21, -0.21, -0.21, -0.40, -0.59, -0.40, -0.59, -0.40, -0.59, -0.40, -0.21, -0.21, -0.21, -0.21, -0.21, -0.20, -0.19, -0.20, -0.20, -0.20, -0.20, -0.21, -0.21, -0.21, -0.21, -0.21, -0.24, -0.21, 
-0.21, -0.21, -0.21, -0.21, -0.21, -0.21, -0.21, -0.59, -0.97, -0.59, -0.20, -0.20, -0.20, -0.21, -0.21, -0.20, -0.20, -0.20, -0.21, -0.20, -0.20, -0.20, -0.21, -0.21, -0.21, -0.21, -0.21, -0.21, 
-0.21, -0.21, -0.21, -0.21, -0.21, -0.21, -0.21, -0.40, -0.59, -0.40, -0.20, -0.19, -0.20, -0.21, -0.21, -0.21, -0.21, -0.21, -0.21, -0.20, -0.19, -0.20, -0.21, -0.21, -0.21, -0.21, -0.21, -0.21, 
-0.21, -0.21, -0.21, -0.21, -0.21, -0.21, -0.21, -0.21, -0.21, -0.21, -0.20, -0.20, -0.20, -0.21, -0.21, -0.21, -0.21, -0.21, -0.21, -0.20, -0.20, -0.20, -0.21, -0.21, -0.21, -0.21, -0.24, -0.21, 
-0.21, -0.21, -0.21, -0.21, -0.21, -0.21, -0.21, -0.21, -0.21, -0.21, -0.21, -0.21, -0.21, -0.21, -0.21, -0.21, -0.21, -0.21, -0.21, -0.21, -0.21, -0.21, -0.21, -0.21, -0.21, -0.21, -0.21, -0.21, 
-0.21, -0.21, -0.21, -0.21, -0.21, -0.20, -0.20, -0.20, -0.21, -0.21, -0.23, -0.21, -0.21, -0.21, -0.23, -0.21, -0.21, -0.42, -0.59, -0.40, -0.22, -0.21, -0.21, -0.22, -0.21, -0.21, -0.21, -0.21, 
-0.21, -0.21, -0.21, -0.21, -0.21, -0.20, -0.19, -0.20, -0.21, -0.21, -0.21, -0.21, -0.21, -0.21, -0.21, -0.40, -0.59, -0.59, -0.97, -0.59, -0.21, -0.21, -0.21, -0.21, -0.21, -0.21, -0.23, -0.21, 
-0.21, -0.21, -0.21, -0.21, -0.21, -0.20, -0.20, -0.23, -0.21, -0.21, -0.40, -0.59, -0.40, -0.21, -0.21, -0.59, -0.97, -0.40, -0.59, -0.40, -0.59, -0.40, -0.21, -0.21, -0.21, -0.21, -0.21, -0.21, 
-0.21, -0.21, -0.21, -0.21, -0.21, -0.21, -0.21, -0.21, -0.21, -0.21, -0.59, -0.97, -0.59, -0.21, -0.21, -0.40, -0.59, -0.40, -0.21, -0.59, -0.97, -0.59, -0.21, -0.21, -0.21, -0.21, -0.21, -0.21, 
-0.23, -0.21, -0.21, -0.23, -0.21, -0.21, -0.23, -0.21, -0.21, -0.21, -0.40, -0.59, -0.40, -0.21, -0.21, -0.21, -0.21, -0.21, -0.21, -0.40, -0.59, -0.40, -0.21, -0.21, -0.21, -0.21, -0.22, -0.21, 
-0.21, -0.21, -0.21, -0.21, -0.21, -0.21, -0.21, -0.21, -0.21, -0.21, -0.21, -0.21, -0.20, -0.20, -0.20, -0.21, -0.21, -0.21, -0.20, -0.20, -0.20, -0.20, -0.21, -0.21, -0.21, -0.21, -0.21, -0.21, 
-0.21, -0.21, -0.21, -0.21, -0.21, -0.21, -0.21, -0.21, -0.21, -0.21, -0.21, -0.20, -0.39, -0.58, -0.39, -0.21, -0.20, -0.20, -0.20, -0.19, -0.20, -0.20, -0.21, -0.21, -0.21, -0.21, -0.21, -0.21, 
-0.21, -0.21, -0.21, -0.21, -0.21, -0.21, -0.21, -0.21, -0.21, -0.21, -0.21, -0.20, -0.59, -0.97, -0.59, -0.21, -0.20, -0.19, -0.20, -0.20, -0.20, -0.20, -0.21, -0.21, -0.21, -0.21, -0.22, -0.21, 
-0.21, -0.21, -0.21, -0.21, -0.21, -0.21, -0.21, -0.21, -0.21, -0.21, -0.21, -0.20, -0.39, -0.58, -0.39, -0.21, -0.20, -0.20, -0.20, -0.21, -0.21, -0.40, -0.59, -0.40, -0.21, -0.21, -0.21, -0.21, 
-0.21, -0.21, -0.21, -0.21, -0.21, -0.21, -0.21, -0.21, -0.21, -0.21, -0.21, -0.21, -0.39, -0.58, -0.39, -0.21, -0.21, -0.21, -0.21, -0.21, -0.21, -0.59, -0.97, -0.59, -0.22, -0.21, -0.21, -0.21, 
-0.21, -0.21, -0.21, -0.21, -0.21, -0.21, -0.21, -0.21, -0.21, -0.21, -0.21, -0.21, -0.20, -0.20, -0.21, -0.21, -0.21, -0.22, -0.21, -0.21, -0.22, -0.40, -0.59, -0.40, -0.21, -0.21, -0.21, -0.21, 
-0.21, -0.21, -0.21, -0.21, -0.21, -0.21, -0.21, -0.21, -0.21, -0.21, -0.21, -0.21, -0.21, -0.21, -0.21, -0.21, -0.21, -0.21, -0.21, -0.21, -0.21, -0.21, -0.21, -0.21, -0.21, -0.21, -0.21, -0.21, 
-0.21, -0.21, -0.21, -0.21, -0.21, -0.21, -0.21, -0.21, -0.21, -0.21, -0.21, -0.21, -0.21, -0.21, -0.21, -0.21, -0.21, -0.21, -0.21, -0.21, -0.21, -0.21, -0.21, -0.21, -0.21, -0.21, -0.21, -0.21, 
-- optimal policy --
r  v  >  r  r  >  r  v  l  >  r  r  r  r  r  v  l  l  v  l  l  <  r  v  v  v  l  l  
v  l  v  >  >  R  >  r  v  l  >  r  r  r  r  v  l  l  r  v  l  L  r  v  v  l  l  l  
r  v  v  l  R  ^  R  >  r  v  l  >  r  >  >  v  <  r  r  v  l  l  r  v  l  l  l  l  
r  v  l  l  r  v  r  R  >  r  v  v  >  R  R  r  v  l  >  v  <  l  l  l  l  l  l  <  
r  r  v  v  l  l  l  R  R  r  r  v  l  R  R  >  v  <  R  ^  L  l  l  l  l  l  l  l  
r  r  r  v  v  v  v  l  r  r  r  v  l  l  R  R  ^  L  R  r  v  l  l  l  l  l  <  l  
>  r  r  r  v  v  l  r  r  >  >  v  <  <  R  R  ^  L  >  >  v  <  <  <  <  l  l  <  
r  r  r  r  r  v  l  v  >  R  R  ^  L  L  R  ^  ^  ^  R  R  ^  L  L  <  L  <  l  l  
r  r  r  r  r  r  v  l  l  R  R  ^  L  L  L  ^  R  R  R  R  ^  L  L  L  <  <  <  <  
r  r  r  r  r  r  v  l  l  R  ^  ^  L  L  L  L  R  R  R  R  ^  ^  L  L  L  <  <  <  
r  r  r  r  >  >  v  <  <  <  R  ^  L  ^  L  ^  L  L  R  >  R  ^  ^  L  <  L  <  L  
r  r  r  >  R  R  ^  L  L  <  <  R  ^  L  ^  L  r  r  v  l  ^  r  v  v  l  l  L  <  
>  r  >  R  R  R  ^  L  <  L  <  r  r  r  r  v  r  r  v  l  l  r  v  l  l  l  l  L  
r  >  R  R  R  ^  R  ^  L  <  L  r  r  r  r  r  v  r  r  v  l  l  l  l  l  l  <  l  
>  R  >  R  R  ^  R  ^  ^  L  <  >  >  >  r  r  r  v  r  v  l  l  l  l  l  l  l  l  
R  >  R  R  ^  R  ^  L  ^  L  L  R  R  R  >  r  r  v  l  >  <  <  <  <  l  l  l  <  
>  R  R  R  ^  ^  R  ^  L  ^  R  ^  L  R  r  >  >  v  <  ^  L  L  L  <  <  <  <  l  
R  R  R  ^  R  ^  L  R  ^  R  R  ^  L  r  >  R  R  ^  L  ^  L  L  L  L  L  L  <  l  
R  R  ^  R  R  ^  ^  ^  R  R  R  r  r  r  R  R  R  ^  L  L  ^  L  L  R  ^  L  L  <  
R  R  R  R  ^  ^  ^  R  R  R  r  >  >  >  R  R  R  R  ^  L  L  L  l  l  R  ^  L  L  
R  ^  R  ^  ^  L  R  R  R  r  >  R  R  R  R  R  ^  R  R  ^  L  <  <  l  ^  ^  ^  L  
R  R  ^  ^  R  R  R  R  >  >  R  R  R  R  R  ^  ^  R  R  ^  L  L  <  <  <  ^  ^  ^  
Correct actions (%) : 18.56
Avg angular diffs   : 89.54
