arguments: 48 42 4 0.0498489 -0.55287 -0.0951662 -0.302115
loading features...

Initializing gridworld of size 28 by 22..
    Num states: 616
    Num actions: 8
recovered reward
-0.30, -0.30, -0.30, -0.30, -0.30, -0.30, -0.51, -0.30, -0.30, -0.52, -0.30, -0.29, -0.28, -0.52, -0.30, -0.30, -0.30, -0.54, -0.30, -0.30, -0.55, -0.30, -0.56, -0.30, -0.30, -0.57, -0.30, -0.30, 
-0.30, -0.29, -0.28, -0.49, -0.30, -0.30, -0.30, -0.30, -0.30, -0.44, -0.58, -0.42, -0.25, -0.28, -0.29, -0.28, -0.29, -0.30, -0.30, -0.30, -0.30, -0.30, -0.30, -0.30, -0.30, -0.30, -0.30, -0.30, 
-0.30, -0.28, -0.25, -0.28, -0.30, -0.30, -0.30, -0.30, -0.30, -0.58, -0.85, -0.57, -0.28, -0.29, -0.29, -0.28, -0.29, -0.30, -0.30, -0.30, -0.44, -0.58, -0.44, -0.30, -0.44, -0.58, -0.44, -0.30, 
-0.30, -0.48, -0.28, -0.29, -0.30, -0.30, -0.30, -0.30, -0.30, -0.43, -0.55, -0.43, -0.30, -0.30, -0.28, -0.25, -0.28, -0.30, -0.30, -0.30, -0.58, -0.85, -0.58, -0.30, -0.57, -0.83, -0.57, -0.30, 
-0.30, -0.30, -0.30, -0.30, -0.30, -0.30, -0.30, -0.30, -0.30, -0.42, -0.53, -0.42, -0.44, -0.58, -0.43, -0.28, -0.29, -0.30, -0.30, -0.30, -0.44, -0.58, -0.44, -0.58, -0.42, -0.53, -0.42, -0.30, 
-0.30, -0.30, -0.30, -0.30, -0.30, -0.30, -0.30, -0.30, -0.30, -0.29, -0.28, -0.29, -0.55, -0.84, -0.58, -0.30, -0.30, -0.30, -0.30, -0.30, -0.30, -0.30, -0.58, -0.85, -0.57, -0.28, -0.29, -0.30, 
-0.48, -0.30, -0.30, -0.30, -0.30, -0.30, -0.30, -0.30, -0.30, -0.30, -0.30, -0.28, -0.52, -0.55, -0.44, -0.43, -0.30, -0.30, -0.30, -0.30, -0.30, -0.30, -0.44, -0.57, -0.42, -0.29, -0.30, -0.30, 
-0.30, -0.30, -0.30, -0.30, -0.30, -0.30, -0.30, -0.30, -0.44, -0.30, -0.30, -0.29, -0.28, -0.29, -0.30, -0.30, -0.30, -0.42, -0.30, -0.30, -0.30, -0.30, -0.30, -0.28, -0.25, -0.28, -0.30, -0.30, 
-0.30, -0.30, -0.30, -0.30, -0.30, -0.44, -0.58, -0.44, -0.30, -0.30, -0.30, -0.30, -0.30, -0.30, -0.30, -0.30, -0.30, -0.30, -0.30, -0.30, -0.30, -0.30, -0.30, -0.29, -0.28, -0.29, -0.30, -0.30, 
-0.47, -0.30, -0.30, -0.46, -0.30, -0.58, -1.01, -0.58, -0.30, -0.30, -0.30, -0.30, -0.30, -0.30, -0.44, -0.58, -0.44, -0.30, -0.30, -0.30, -0.41, -0.30, -0.30, -0.40, -0.30, -0.30, -0.30, -0.30, 
-0.30, -0.30, -0.30, -0.30, -0.30, -0.44, -0.58, -0.44, -0.30, -0.30, -0.30, -0.30, -0.30, -0.30, -0.58, -0.85, -0.58, -0.30, -0.30, -0.30, -0.30, -0.30, -0.30, -0.30, -0.30, -0.30, -0.30, -0.30, 
-0.30, -0.30, -0.30, -0.30, -0.30, -0.30, -0.30, -0.30, -0.30, -0.30, -0.30, -0.30, -0.30, -0.30, -0.44, -0.58, -0.44, -0.30, -0.30, -0.30, -0.30, -0.30, -0.30, -0.30, -0.29, -0.28, -0.29, -0.30, 
-0.30, -0.30, -0.30, -0.30, -0.30, -0.30, -0.30, -0.30, -0.30, -0.30, -0.30, -0.30, -0.30, -0.30, -0.30, -0.30, -0.30, -0.30, -0.30, -0.30, -0.30, -0.30, -0.30, -0.30, -0.28, -0.25, -0.28, -0.30, 
-0.30, -0.44, -0.58, -0.44, -0.30, -0.30, -0.30, -0.30, -0.30, -0.30, -0.30, -0.30, -0.30, -0.30, -0.30, -0.30, -0.30, -0.30, -0.30, -0.30, -0.30, -0.30, -0.30, -0.30, -0.38, -0.28, -0.29, -0.30, 
-0.30, -0.58, -0.85, -0.58, -0.30, -0.30, -0.30, -0.30, -0.30, -0.30, -0.30, -0.30, -0.30, -0.30, -0.30, -0.29, -0.28, -0.29, -0.30, -0.30, -0.30, -0.30, -0.30, -0.30, -0.30, -0.30, -0.30, -0.30, 
-0.30, -0.44, -0.58, -0.44, -0.30, -0.30, -0.30, -0.30, -0.30, -0.30, -0.30, -0.30, -0.30, -0.30, -0.30, -0.28, -0.25, -0.42, -0.58, -0.44, -0.30, -0.30, -0.30, -0.30, -0.30, -0.30, -0.30, -0.30, 
-0.30, -0.30, -0.30, -0.30, -0.30, -0.30, -0.30, -0.30, -0.44, -0.58, -0.44, -0.30, -0.30, -0.30, -0.30, -0.29, -0.28, -0.57, -0.85, -0.58, -0.30, -0.37, -0.30, -0.30, -0.38, -0.30, -0.30, -0.30, 
-0.30, -0.30, -0.29, -0.28, -0.29, -0.30, -0.30, -0.30, -0.58, -0.85, -0.58, -0.30, -0.30, -0.30, -0.30, -0.30, -0.30, -0.44, -0.62, -0.42, -0.29, -0.30, -0.30, -0.30, -0.30, -0.30, -0.30, -0.30, 
-0.30, -0.30, -0.28, -0.25, -0.28, -0.30, -0.30, -0.30, -0.44, -0.58, -0.44, -0.58, -0.48, -0.30, -0.30, -0.35, -0.30, -0.30, -0.28, -0.25, -0.28, -0.30, -0.30, -0.30, -0.30, -0.30, -0.30, -0.30, 
-0.30, -0.30, -0.30, -0.28, -0.29, -0.32, -0.30, -0.30, -0.33, -0.30, -0.58, -0.85, -0.58, -0.30, -0.30, -0.30, -0.30, -0.30, -0.29, -0.28, -0.29, -0.30, -0.30, -0.30, -0.30, -0.30, -0.30, -0.30, 
-0.30, -0.30, -0.30, -0.30, -0.30, -0.30, -0.30, -0.30, -0.30, -0.30, -0.44, -0.58, -0.44, -0.30, -0.30, -0.30, -0.30, -0.30, -0.30, -0.30, -0.30, -0.30, -0.30, -0.30, -0.30, -0.30, -0.30, -0.30, 
-0.30, -0.30, -0.30, -0.30, -0.30, -0.30, -0.30, -0.30, -0.30, -0.30, -0.30, -0.30, -0.30, -0.30, -0.30, -0.30, -0.30, -0.30, -0.30, -0.30, -0.30, -0.30, -0.30, -0.30, -0.30, -0.30, -0.30, -0.30, 
-- optimal policy --
r  r  v  l  <  l  l  l  <  >  >  r  v  l  l  v  l  l  l  l  <  l  <  l  r  r  r  v  
r  r  v  l  l  l  <  <  l  R  R  >  ^  <  <  v  l  l  l  <  l  <  <  <  >  >  r  v  
>  >  ^  <  <  <  l  v  v  l  R  R  ^  L  r  v  l  l  l  <  <  L  L  L  R  R  r  v  
R  R  ^  L  L  L  <  r  v  l  r  R  ^  >  >  v  <  <  l  <  L  L  R  ^  L  l  r  v  
^  R  ^  L  L  L  L  >  r  r  v  l  l  R  R  ^  L  L  <  <  L  v  l  ^  r  v  l  l  
R  R  ^  ^  L  L  L  >  >  >  r  v  l  R  R  ^  L  L  L  <  r  v  l  r  >  v  <  <  
R  ^  ^  L  ^  L  L  >  R  R  >  r  v  l  l  ^  ^  L  L  L  r  r  r  r  v  l  l  L  
R  R  ^  ^  ^  L  >  R  R  >  R  >  L  <  <  <  ^  ^  L  L  r  r  >  >  >  <  <  l  
R  ^  ^  ^  ^  R  R  ^  R  R  R  R  ^  L  L  <  <  R  ^  R  >  >  R  R  ^  L  L  <  
^  ^  ^  R  ^  L  R  R  R  R  R  ^  L  ^  L  L  L  L  >  r  R  R  R  R  ^  L  L  L  
R  r  r  v  r  r  r  R  R  R  ^  R  ^  L  L  L  r  v  v  >  R  R  r  r  r  v  l  l  
v  v  r  r  v  r  >  R  R  ^  R  r  r  r  r  v  l  r  v  l  R  >  >  r  r  v  l  l  
v  l  >  r  r  v  l  v  l  R  r  r  r  r  r  v  r  v  l  l  l  R  >  >  >  ^  <  <  
v  l  R  r  v  r  v  l  l  l  >  >  r  r  r  r  v  l  l  <  <  >  >  R  R  ^  L  L  
v  l  r  r  v  v  l  l  l  l  R  R  >  >  r  r  v  l  <  <  v  >  R  ^  R  ^  L  L  
r  r  r  r  v  l  l  l  l  <  >  R  R  >  >  >  <  <  L  r  v  l  R  R  ^  L  ^  L  
r  r  r  v  l  l  l  l  <  L  >  R  >  >  R  R  ^  L  L  r  v  l  l  l  ^  R  ^  L  
>  r  r  v  l  l  l  <  L  l  R  >  R  R  R  R  ^  L  r  v  l  l  l  <  l  ^  L  ^  
>  >  >  ^  <  <  <  <  l  v  R  R  R  R  R  ^  ^  >  >  v  <  <  l  l  <  L  ^  L  
>  R  R  ^  L  L  L  <  l  l  l  r  R  R  ^  >  >  R  R  ^  L  L  <  <  L  <  L  ^  
R  R  R  ^  L  L  <  L  <  <  <  r  R  ^  ^  >  R  R  R  ^  L  L  L  <  <  L  <  <  
R  R  ^  ^  ^  L  L  <  L  <  <  >  R  >  >  R  R  R  ^  R  ^  L  L  L  L  <  L  <  
Correct actions (%) : 18.39
Avg angular diffs   : 95.17
