arguments: 48 25 1 -0.457989 -0.232094 0.0344353 -0.275482
loading features...

Initializing gridworld of size 28 by 22..
    Num states: 616
    Num actions: 8
recovered reward
-0.28, -0.28, -0.28, -0.28, -0.28, -0.28, -0.28, -0.28, -0.28, -0.28, -0.28, -0.28, -0.28, -0.28, -0.28, -0.28, -0.28, -0.28, -0.28, -0.39, -0.50, -0.39, -0.28, -0.28, -0.28, -0.28, -0.28, -0.28, 
-0.28, -0.28, -0.28, -0.28, -0.28, -0.28, -0.28, -0.28, -0.28, -0.39, -0.50, -0.39, -0.39, -0.50, -0.39, -0.28, -0.28, -0.28, -0.28, -0.50, -0.73, -0.50, -0.28, -0.28, -0.28, -0.28, -0.28, -0.28, 
-0.28, -0.28, -0.33, -0.39, -0.33, -0.28, -0.28, -0.28, -0.28, -0.50, -0.73, -0.50, -0.50, -0.73, -0.50, -0.28, -0.28, -0.28, -0.28, -0.39, -0.50, -0.39, -0.28, -0.28, -0.28, -0.28, -0.20, -0.28, 
-0.28, -0.28, -0.39, -0.51, -0.39, -0.28, -0.28, -0.28, -0.28, -0.37, -0.50, -0.39, -0.36, -0.50, -0.39, -0.33, -0.39, -0.33, -0.39, -0.45, -0.56, -0.39, -0.28, -0.28, -0.28, -0.28, -0.28, -0.28, 
-0.28, -0.28, -0.33, -0.39, -0.33, -0.28, -0.28, -0.28, -0.28, -0.28, -0.28, -0.28, -0.28, -0.28, -0.28, -0.39, -0.51, -0.39, -0.51, -0.62, -0.85, -0.50, -0.28, -0.28, -0.33, -0.39, -0.33, -0.28, 
-0.28, -0.28, -0.39, -0.56, -0.51, -0.33, -0.28, -0.25, -0.28, -0.28, -0.28, -0.28, -0.28, -0.28, -0.28, -0.33, -0.39, -0.33, -0.39, -0.45, -0.56, -0.39, -0.28, -0.28, -0.39, -0.51, -0.32, -0.28, 
-0.28, -0.28, -0.50, -0.85, -0.74, -0.39, -0.28, -0.28, -0.28, -0.28, -0.28, -0.28, -0.39, -0.47, -0.39, -0.28, -0.28, -0.28, -0.28, -0.28, -0.28, -0.28, -0.28, -0.28, -0.33, -0.39, -0.33, -0.28, 
-0.28, -0.28, -0.39, -0.56, -0.51, -0.33, -0.28, -0.28, -0.28, -0.28, -0.28, -0.28, -0.50, -0.73, -0.50, -0.39, -0.28, -0.28, -0.28, -0.28, -0.28, -0.28, -0.28, -0.28, -0.28, -0.28, -0.28, -0.28, 
-0.28, -0.28, -0.39, -0.50, -0.39, -0.28, -0.28, -0.26, -0.28, -0.28, -0.28, -0.28, -0.39, -0.50, -0.36, -0.50, -0.45, -0.62, -0.45, -0.28, -0.28, -0.28, -0.28, -0.28, -0.39, -0.44, -0.39, -0.28, 
-0.28, -0.28, -0.28, -0.28, -0.28, -0.28, -0.28, -0.28, -0.28, -0.28, -0.28, -0.28, -0.28, -0.39, -0.50, -0.45, -0.62, -0.79, -0.62, -0.33, -0.28, -0.28, -0.28, -0.28, -0.50, -0.73, -0.50, -0.28, 
-0.28, -0.28, -0.28, -0.28, -0.28, -0.26, -0.28, -0.28, -0.28, -0.28, -0.28, -0.28, -0.28, -0.28, -0.28, -0.39, -0.58, -0.62, -0.62, -0.39, -0.28, -0.28, -0.28, -0.28, -0.39, -0.50, -0.39, -0.28, 
-0.28, -0.28, -0.28, -0.28, -0.28, -0.28, -0.28, -0.28, -0.28, -0.28, -0.28, -0.28, -0.28, -0.28, -0.28, -0.33, -0.39, -0.33, -0.39, -0.33, -0.28, -0.28, -0.28, -0.28, -0.21, -0.28, -0.28, -0.28, 
-0.28, -0.28, -0.28, -0.28, -0.28, -0.28, -0.28, -0.28, -0.28, -0.28, -0.28, -0.28, -0.28, -0.33, -0.39, -0.33, -0.28, -0.39, -0.51, -0.39, -0.28, -0.28, -0.28, -0.28, -0.28, -0.28, -0.28, -0.28, 
-0.28, -0.28, -0.28, -0.28, -0.38, -0.50, -0.39, -0.28, -0.28, -0.28, -0.28, -0.28, -0.28, -0.39, -0.51, -0.39, -0.28, -0.29, -0.39, -0.33, -0.28, -0.28, -0.28, -0.28, -0.28, -0.28, -0.28, -0.28, 
-0.28, -0.28, -0.28, -0.28, -0.50, -0.73, -0.50, -0.28, -0.28, -0.28, -0.28, -0.28, -0.28, -0.33, -0.39, -0.33, -0.28, -0.28, -0.28, -0.28, -0.28, -0.28, -0.21, -0.28, -0.28, -0.28, -0.28, -0.28, 
-0.28, -0.28, -0.28, -0.28, -0.39, -0.50, -0.39, -0.28, -0.28, -0.28, -0.28, -0.28, -0.28, -0.28, -0.28, -0.28, -0.28, -0.28, -0.28, -0.28, -0.28, -0.28, -0.28, -0.28, -0.28, -0.28, -0.28, -0.28, 
-0.28, -0.28, -0.27, -0.28, -0.28, -0.28, -0.28, -0.28, -0.28, -0.28, -0.28, -0.28, -0.28, -0.28, -0.28, -0.28, -0.28, -0.23, -0.28, -0.28, -0.28, -0.28, -0.28, -0.28, -0.28, -0.28, -0.28, -0.28, 
-0.28, -0.28, -0.28, -0.28, -0.28, -0.28, -0.28, -0.28, -0.39, -0.50, -0.39, -0.28, -0.28, -0.28, -0.28, -0.28, -0.28, -0.28, -0.33, -0.39, -0.33, -0.28, -0.28, -0.22, -0.28, -0.28, -0.28, -0.28, 
-0.28, -0.28, -0.28, -0.28, -0.28, -0.28, -0.28, -0.28, -0.50, -0.73, -0.50, -0.28, -0.28, -0.28, -0.28, -0.28, -0.28, -0.28, -0.39, -0.51, -0.39, -0.28, -0.28, -0.28, -0.28, -0.28, -0.28, -0.28, 
-0.27, -0.28, -0.28, -0.28, -0.28, -0.28, -0.28, -0.28, -0.39, -0.50, -0.39, -0.28, -0.28, -0.28, -0.28, -0.28, -0.23, -0.28, -0.33, -0.39, -0.28, -0.28, -0.28, -0.28, -0.28, -0.28, -0.28, -0.28, 
-0.28, -0.28, -0.28, -0.28, -0.28, -0.28, -0.28, -0.28, -0.28, -0.28, -0.28, -0.28, -0.28, -0.28, -0.28, -0.28, -0.28, -0.28, -0.28, -0.22, -0.28, -0.28, -0.28, -0.28, -0.28, -0.28, -0.28, -0.28, 
-0.28, -0.28, -0.28, -0.28, -0.28, -0.28, -0.28, -0.28, -0.28, -0.28, -0.28, -0.28, -0.28, -0.28, -0.28, -0.28, -0.28, -0.28, -0.28, -0.28, -0.28, -0.28, -0.28, -0.28, -0.28, -0.28, -0.28, -0.28, 
-- optimal policy --
>  >  r  r  >  r  r  r  v  l  <  <  >  >  r  v  l  l  l  l  >  r  r  r  r  r  v  v  
r  >  >  >  r  >  r  r  v  l  L  L  R  R  r  r  v  l  l  l  r  >  r  r  >  r  v  l  
>  R  R  R  r  v  >  r  v  l  r  r  v  l  r  v  l  <  <  <  >  r  r  r  r  >  v  <  
R  ^  L  R  r  r  v  >  r  r  r  r  r  r  v  l  <  L  l  L  >  r  r  >  >  R  ^  L  
v  v  l  >  >  r  r  v  >  r  >  r  >  r  v  l  r  v  l  l  r  r  >  R  R  R  ^  ^  
v  l  l  R  R  r  >  >  r  >  r  >  >  >  r  r  r  r  r  r  r  >  R  ^  L  R  R  ^  
v  v  l  l  r  r  R  ^  >  r  >  R  R  R  >  >  r  r  >  r  >  R  ^  ^  L  R  R  ^  
r  v  l  r  r  r  r  v  r  >  R  ^  L  R  R  >  >  >  r  >  R  R  ^  L  L  >  R  ^  
>  r  r  r  r  r  >  v  >  R  ^  ^  L  l  R  R  R  R  >  R  >  r  v  v  l  R  ^  ^  
r  >  r  >  r  r  r  r  v  v  v  v  r  r  v  l  ^  R  R  >  r  >  r  v  l  l  r  v  
>  r  >  r  >  r  r  r  r  v  v  v  v  r  r  v  l  v  r  r  >  r  >  r  v  l  l  l  
r  >  r  >  R  r  r  r  r  r  v  v  v  l  r  r  v  l  >  r  r  >  r  >  l  <  <  <  
>  r  >  R  R  >  r  r  r  r  r  v  v  l  >  r  r  v  r  r  r  r  >  R  ^  L  L  L  
r  >  R  R  R  R  r  r  r  r  r  r  v  l  r  r  r  r  r  r  >  r  R  ^  ^  L  L  L  
>  R  r  v  l  r  r  r  r  r  r  r  r  r  r  r  v  r  r  >  r  >  ^  <  ^  ^  L  L  
R  r  r  r  r  r  >  >  r  r  r  r  r  r  r  >  r  v  r  r  >  R  ^  L  L  ^  ^  L  
r  >  r  >  r  >  r  >  >  >  r  r  r  r  r  r  >  R  >  >  R  ^  L  ^  L  L  ^  ^  
>  R  >  r  >  r  >  R  R  R  r  r  r  >  r  >  R  ^  R  R  ^  ^  >  L  <  L  <  L  
R  >  r  >  R  >  r  v  l  r  r  r  r  r  r  r  v  l  L  r  R  >  R  ^  L  <  L  <  
>  r  >  R  r  r  >  r  r  r  r  r  r  r  r  >  r  r  r  v  >  R  ^  ^  ^  L  <  L  
r  >  R  r  >  r  r  r  r  r  r  >  r  r  >  R  ^  r  >  >  R  ^  ^  ^  R  ^  L  <  
>  R  >  >  R  >  >  >  >  >  >  R  >  >  R  ^  >  >  R  ^  L  ^  ^  R  ^  L  ^  L  
Correct actions (%) : 10.29
Avg angular diffs   : 105.88
