arguments: 48 42 4 0.500526 -0.338947 -0.0552632 -0.105263
loading features...

Initializing gridworld of size 28 by 22..
    Num states: 616
    Num actions: 8
recovered reward
-0.11, -0.11, -0.11, -0.11, -0.11, -0.11, -0.23, -0.11, -0.11, -0.23, -0.11, 0.02, 0.14, -0.11, -0.11, -0.11, -0.11, -0.24, -0.11, -0.11, -0.25, -0.11, -0.25, -0.11, -0.11, -0.26, -0.11, -0.11, 
-0.11, 0.02, 0.14, -0.10, -0.11, -0.11, -0.11, -0.11, -0.11, -0.19, -0.27, 0.06, 0.40, 0.14, 0.02, 0.14, 0.02, -0.11, -0.11, -0.11, -0.11, -0.11, -0.11, -0.11, -0.11, -0.11, -0.11, -0.11, 
-0.11, 0.14, 0.40, 0.14, -0.11, -0.11, -0.11, -0.11, -0.11, -0.27, -0.44, -0.15, 0.14, 0.02, 0.02, 0.14, 0.02, -0.11, -0.11, -0.11, -0.19, -0.27, -0.19, -0.11, -0.19, -0.27, -0.19, -0.11, 
-0.11, -0.09, 0.14, 0.02, -0.11, -0.11, -0.11, -0.11, -0.11, -0.06, -0.02, -0.06, -0.11, -0.11, 0.14, 0.40, 0.14, -0.11, -0.11, -0.11, -0.27, -0.44, -0.27, -0.11, -0.15, -0.19, -0.15, -0.11, 
-0.11, -0.11, -0.11, -0.11, -0.11, -0.11, -0.11, -0.11, -0.11, 0.06, 0.23, 0.06, -0.19, -0.27, -0.06, 0.14, 0.02, -0.11, -0.11, -0.11, -0.19, -0.27, -0.19, -0.27, 0.06, 0.23, 0.06, -0.11, 
-0.11, -0.11, -0.11, -0.11, -0.11, -0.11, -0.11, -0.11, -0.11, 0.02, 0.14, 0.02, -0.02, -0.32, -0.27, -0.11, -0.11, -0.11, -0.11, -0.11, -0.11, -0.11, -0.27, -0.44, -0.15, 0.14, 0.02, -0.11, 
-0.21, -0.11, -0.11, -0.11, -0.11, -0.11, -0.11, -0.11, -0.11, -0.11, -0.11, 0.14, 0.23, -0.02, -0.19, -0.18, -0.11, -0.11, -0.11, -0.11, -0.11, -0.11, -0.19, -0.15, 0.06, 0.02, -0.11, -0.11, 
-0.11, -0.11, -0.11, -0.11, -0.11, -0.11, -0.11, -0.11, -0.19, -0.11, -0.11, 0.02, 0.14, 0.02, -0.11, -0.11, -0.11, -0.17, -0.11, -0.11, -0.11, -0.11, -0.11, 0.14, 0.40, 0.14, -0.11, -0.11, 
-0.11, -0.11, -0.11, -0.11, -0.11, -0.19, -0.27, -0.19, -0.11, -0.11, -0.11, -0.11, -0.11, -0.11, -0.11, -0.11, -0.11, -0.11, -0.11, -0.11, -0.11, -0.11, -0.11, 0.02, 0.14, 0.02, -0.11, -0.11, 
-0.20, -0.11, -0.11, -0.20, -0.11, -0.27, -0.53, -0.27, -0.11, -0.11, -0.11, -0.11, -0.11, -0.11, -0.19, -0.27, -0.19, -0.11, -0.11, -0.11, -0.17, -0.11, -0.11, -0.16, -0.11, -0.11, -0.11, -0.11, 
-0.11, -0.11, -0.11, -0.11, -0.11, -0.19, -0.27, -0.19, -0.11, -0.11, -0.11, -0.11, -0.11, -0.11, -0.27, -0.44, -0.27, -0.11, -0.11, -0.11, -0.11, -0.11, -0.11, -0.11, -0.11, -0.11, -0.11, -0.11, 
-0.11, -0.11, -0.11, -0.11, -0.11, -0.11, -0.11, -0.11, -0.11, -0.11, -0.11, -0.11, -0.11, -0.11, -0.19, -0.27, -0.19, -0.11, -0.11, -0.11, -0.11, -0.11, -0.11, -0.11, 0.02, 0.14, 0.02, -0.11, 
-0.11, -0.11, -0.11, -0.11, -0.11, -0.11, -0.11, -0.11, -0.11, -0.11, -0.11, -0.11, -0.11, -0.11, -0.11, -0.11, -0.11, -0.11, -0.11, -0.11, -0.11, -0.11, -0.11, -0.11, 0.14, 0.40, 0.14, -0.11, 
-0.11, -0.19, -0.27, -0.19, -0.11, -0.11, -0.11, -0.11, -0.11, -0.11, -0.11, -0.11, -0.11, -0.11, -0.11, -0.11, -0.11, -0.11, -0.11, -0.11, -0.11, -0.11, -0.11, -0.11, -0.03, 0.14, 0.02, -0.11, 
-0.11, -0.27, -0.44, -0.27, -0.11, -0.11, -0.11, -0.11, -0.11, -0.11, -0.11, -0.11, -0.11, -0.11, -0.11, 0.02, 0.14, 0.02, -0.11, -0.11, -0.11, -0.11, -0.11, -0.11, -0.11, -0.11, -0.11, -0.11, 
-0.11, -0.19, -0.27, -0.19, -0.11, -0.11, -0.11, -0.11, -0.11, -0.11, -0.11, -0.11, -0.11, -0.11, -0.11, 0.14, 0.40, 0.06, -0.27, -0.19, -0.11, -0.11, -0.11, -0.11, -0.11, -0.11, -0.11, -0.11, 
-0.11, -0.11, -0.11, -0.11, -0.11, -0.11, -0.11, -0.11, -0.19, -0.27, -0.19, -0.11, -0.11, -0.11, -0.11, 0.02, 0.14, -0.15, -0.44, -0.27, -0.11, -0.14, -0.11, -0.11, -0.15, -0.11, -0.11, -0.11, 
-0.11, -0.11, 0.02, 0.14, 0.02, -0.11, -0.11, -0.11, -0.27, -0.44, -0.27, -0.11, -0.11, -0.11, -0.11, -0.11, -0.11, -0.19, -0.18, 0.06, 0.02, -0.11, -0.11, -0.11, -0.11, -0.11, -0.11, -0.11, 
-0.11, -0.11, 0.14, 0.40, 0.14, -0.11, -0.11, -0.11, -0.19, -0.27, -0.19, -0.27, -0.21, -0.11, -0.11, -0.13, -0.11, -0.11, 0.14, 0.40, 0.14, -0.11, -0.11, -0.11, -0.11, -0.11, -0.11, -0.11, 
-0.11, -0.11, 0.01, 0.14, 0.02, -0.12, -0.11, -0.11, -0.12, -0.11, -0.27, -0.44, -0.27, -0.11, -0.11, -0.11, -0.11, -0.11, 0.02, 0.14, 0.02, -0.11, -0.11, -0.11, -0.11, -0.11, -0.11, -0.11, 
-0.11, -0.11, -0.11, -0.11, -0.11, -0.11, -0.11, -0.11, -0.11, -0.11, -0.19, -0.27, -0.19, -0.11, -0.11, -0.11, -0.11, -0.11, -0.11, -0.11, -0.11, -0.11, -0.11, -0.11, -0.11, -0.11, -0.11, -0.11, 
-0.11, -0.11, -0.11, -0.11, -0.11, -0.11, -0.11, -0.11, -0.11, -0.11, -0.11, -0.11, -0.11, -0.11, -0.11, -0.11, -0.11, -0.11, -0.11, -0.11, -0.11, -0.11, -0.11, -0.11, -0.11, -0.11, -0.11, -0.11, 
-- optimal policy --
r  r  v  l  l  l  l  v  v  >  r  r  v  l  l  v  l  l  l  l  <  r  v  v  v  r  r  v  
r  r  v  l  l  l  <  r  v  R  >  >  ^  <  <  v  l  l  l  <  l  >  r  v  l  >  r  v  
>  >  ^  <  <  <  l  r  r  r  R  R  ^  L  r  v  l  l  l  <  <  R  r  v  l  l  r  v  
R  R  ^  L  L  L  <  r  r  r  v  l  ^  >  >  v  <  <  l  <  L  R  >  r  r  v  l  l  
R  R  ^  L  L  L  L  R  >  >  v  <  <  R  R  ^  L  L  <  <  L  v  R  >  >  v  <  <  
R  ^  L  ^  L  L  L  >  R  R  ^  r  v  l  R  ^  L  L  L  <  r  v  r  r  R  ^  L  L  
^  L  ^  L  L  L  >  R  R  R  >  >  <  <  l  ^  L  L  L  L  r  r  r  r  v  l  l  L  
R  R  ^  L  L  L  R  R  R  >  R  R  ^  L  <  <  ^  L  L  L  r  r  >  >  >  <  <  l  
R  ^  L  L  L  R  R  ^  >  R  R  R  ^  L  L  <  <  R  ^  R  >  >  R  R  ^  L  L  <  
R  ^  ^  L  L  L  R  R  R  R  R  ^  L  ^  L  L  L  L  >  r  R  R  R  R  ^  L  L  L  
R  ^  ^  L  ^  r  r  R  R  R  R  R  ^  L  L  L  r  v  v  v  R  R  r  r  r  v  l  l  
v  v  r  r  v  v  >  R  R  R  R  r  r  r  r  v  l  l  l  l  l  >  r  r  r  v  l  l  
v  l  >  r  r  v  l  v  l  R  r  r  r  r  r  v  l  l  l  l  l  R  >  >  >  ^  <  <  
v  l  R  r  v  r  v  l  l  l  >  >  r  r  r  r  v  l  l  l  <  >  R  R  R  ^  L  L  
v  l  r  r  v  v  l  l  l  l  R  R  >  >  r  r  v  l  l  <  v  R  R  R  R  ^  L  L  
r  r  r  r  v  l  l  l  l  <  >  R  R  >  >  >  ^  <  <  L  v  l  R  R  ^  L  ^  L  
r  r  r  v  l  l  l  l  <  L  >  R  >  >  R  R  ^  L  r  v  l  l  l  R  ^  L  L  ^  
>  r  r  v  l  l  l  <  L  l  R  >  R  R  R  R  ^  r  r  v  l  l  l  <  L  ^  L  ^  
>  >  >  ^  <  <  <  <  l  v  R  R  R  R  R  ^  ^  >  >  v  <  <  l  l  <  L  ^  L  
>  R  R  ^  L  L  L  <  l  l  l  r  R  R  ^  >  >  R  R  ^  L  L  <  <  L  <  L  ^  
R  R  R  ^  L  L  L  L  <  <  <  r  R  ^  ^  >  R  R  R  ^  L  L  L  <  <  L  <  <  
R  R  ^  ^  ^  L  L  L  L  <  <  >  R  >  >  R  R  R  ^  R  ^  L  L  L  L  <  L  <  
Correct actions (%) : 21.84
Avg angular diffs   : 88.45
