arguments: 48 30 3 0.0011534 0.231449 0.690504 -0.0768935
loading features...

Initializing gridworld of size 28 by 22..
    Num states: 616
    Num actions: 8
recovered reward
-0.08, -0.08, -0.08, -0.08, -0.08, -0.08, -0.08, -0.08, -0.08, 1.51, -0.08, -0.08, -0.08, 1.58, -0.08, -0.08, -0.08, 1.65, -0.08, -0.08, 1.72, -0.08, 1.79, -0.08, -0.08, 1.86, -0.08, -0.08, 
-0.08, -0.08, -0.08, -0.08, -0.08, -0.08, 1.44, -0.08, -0.08, -0.08, -0.08, -0.08, -0.08, -0.08, -0.08, -0.08, -0.08, -0.08, -0.08, -0.08, -0.08, -0.08, -0.08, -0.08, -0.08, -0.08, -0.08, -0.08, 
-0.08, -0.08, -0.08, -0.07, -0.02, -0.07, -0.08, -0.08, -0.08, -0.08, -0.08, -0.08, -0.08, -0.08, -0.08, -0.08, -0.08, -0.08, -0.08, -0.08, -0.08, -0.08, -0.08, -0.08, -0.08, -0.08, -0.08, -0.08, 
-0.08, -0.08, -0.08, -0.02, 1.60, -0.02, -0.08, -0.08, -0.08, -0.08, -0.08, -0.08, -0.08, -0.08, -0.08, -0.08, -0.08, -0.08, -0.08, -0.08, -0.08, -0.08, -0.08, -0.08, -0.08, -0.08, -0.08, -0.08, 
-0.08, -0.08, -0.08, -0.07, -0.02, -0.07, -0.08, -0.08, -0.08, -0.08, -0.08, -0.08, -0.08, -0.08, -0.08, -0.08, -0.08, -0.08, -0.08, -0.08, -0.08, -0.08, -0.08, -0.08, -0.08, -0.08, -0.08, -0.08, 
-0.08, -0.08, -0.08, -0.08, -0.08, -0.08, -0.07, -0.02, -0.07, -0.08, -0.08, -0.08, -0.08, -0.08, -0.08, -0.08, -0.08, -0.08, -0.08, -0.08, -0.08, -0.08, -0.08, -0.08, -0.08, -0.08, -0.08, -0.08, 
-0.07, -0.02, -0.07, -0.08, 1.31, -0.08, -0.02, 0.15, -0.02, -0.08, -0.08, -0.08, -0.08, -0.08, -0.08, -0.08, -0.08, -0.08, -0.08, -0.08, -0.08, -0.08, -0.08, -0.08, -0.08, -0.08, -0.08, -0.08, 
-0.02, 0.15, -0.02, -0.08, -0.08, -0.08, 1.25, -0.02, -0.07, -0.08, -0.08, -0.08, -0.08, -0.08, -0.08, -0.08, -0.08, -0.08, -0.08, -0.08, -0.08, -0.08, -0.08, -0.08, -0.08, -0.08, -0.08, -0.08, 
-0.07, -0.02, -0.07, -0.08, -0.08, -0.08, -0.08, -0.08, -0.08, -0.08, -0.08, -0.08, -0.08, -0.08, -0.08, -0.08, -0.08, -0.08, -0.08, -0.08, -0.08, -0.08, -0.08, -0.08, -0.08, -0.08, -0.08, -0.08, 
-0.08, -0.08, -0.08, -0.08, -0.08, -0.08, -0.08, 1.17, -0.08, -0.08, -0.08, -0.08, -0.08, -0.08, -0.08, -0.08, -0.08, -0.08, -0.08, -0.08, -0.08, -0.08, -0.08, -0.08, -0.08, -0.08, -0.08, -0.08, 
-0.08, -0.08, -0.08, -0.08, -0.08, -0.08, -0.08, -0.08, -0.08, -0.08, -0.08, -0.07, -0.02, -0.07, -0.02, -0.07, -0.08, -0.08, -0.08, -0.08, -0.08, -0.08, -0.08, -0.08, -0.08, -0.08, -0.08, -0.08, 
-0.08, -0.08, -0.08, -0.08, -0.08, -0.08, -0.08, -0.08, -0.08, -0.08, -0.08, -0.02, 0.15, -0.02, 0.15, -0.02, -0.08, -0.08, -0.08, -0.08, -0.08, -0.08, -0.08, -0.08, -0.08, -0.08, -0.08, -0.08, 
-0.08, -0.08, -0.08, -0.08, -0.08, -0.08, -0.08, -0.08, -0.08, -0.08, -0.08, -0.07, -0.02, -0.07, -0.02, -0.07, -0.08, -0.08, -0.08, -0.07, -0.02, -0.07, -0.08, -0.08, -0.08, -0.08, -0.08, -0.08, 
-0.08, -0.08, -0.08, -0.08, -0.08, -0.08, -0.08, 1.10, -0.08, -0.08, -0.08, -0.08, -0.08, -0.08, -0.07, -0.02, -0.07, -0.08, -0.08, -0.02, 0.15, -0.02, -0.08, -0.08, -0.08, -0.08, -0.08, -0.08, 
-0.08, -0.08, -0.08, -0.08, -0.08, -0.08, -0.08, -0.07, 1.09, -0.07, -0.08, -0.08, -0.08, -0.08, -0.02, 0.15, -0.02, -0.08, -0.08, -0.07, 0.81, -0.07, -0.08, 0.68, -0.08, -0.08, 0.61, -0.08, 
-0.08, -0.08, -0.08, -0.08, -0.08, -0.08, -0.08, -0.07, -0.02, -0.07, -0.08, -0.08, 0.96, -0.08, -0.06, 0.95, -0.07, -0.08, 0.83, -0.02, -0.07, -0.08, -0.08, -0.08, -0.08, -0.08, -0.08, -0.08, 
-0.08, -0.08, -0.08, -0.08, -0.08, -0.08, -0.08, -0.02, 0.15, -0.02, -0.08, -0.08, -0.08, -0.08, -0.08, -0.08, -0.08, -0.08, -0.02, 0.16, -0.02, -0.08, -0.08, -0.08, -0.08, -0.08, -0.08, -0.08, 
-0.08, -0.08, -0.08, -0.08, -0.08, -0.08, -0.08, -0.07, -0.02, -0.07, -0.08, -0.08, -0.08, -0.08, -0.08, -0.08, -0.08, -0.08, -0.07, -0.02, -0.07, -0.08, -0.08, -0.08, -0.08, -0.08, -0.08, 0.54, 
-0.08, -0.08, -0.08, -0.08, -0.08, -0.08, -0.08, -0.08, -0.08, -0.08, -0.08, -0.08, -0.08, -0.08, -0.08, -0.08, -0.08, -0.08, -0.06, -0.02, -0.06, -0.08, -0.08, -0.08, -0.08, -0.08, -0.08, -0.08, 
-0.08, -0.08, -0.01, -0.08, -0.08, 0.06, -0.08, -0.08, 0.13, -0.08, -0.08, 0.20, -0.08, -0.08, 0.27, -0.08, -0.08, 0.34, -0.08, -0.08, 0.41, -0.08, -0.08, 0.48, -0.08, -0.08, -0.08, -0.08, 
-0.08, -0.08, -0.08, -0.08, -0.08, -0.08, -0.08, -0.08, -0.08, -0.08, -0.08, -0.08, -0.08, -0.08, -0.08, -0.08, -0.08, -0.08, -0.08, -0.08, -0.08, -0.08, -0.08, -0.08, -0.08, -0.08, -0.08, -0.08, 
-0.08, -0.08, -0.08, -0.08, -0.08, -0.08, -0.08, -0.08, -0.08, -0.08, -0.08, -0.08, -0.08, -0.08, -0.08, -0.08, -0.08, -0.08, -0.08, -0.08, -0.08, -0.08, -0.08, -0.08, -0.08, -0.08, -0.08, -0.08, 
-- optimal policy --
r  r  r  r  r  r  v  r  >  ^  <  r  >  ^  <  r  >  L  <  >  L  >  ^  <  >  L  <  <  
>  r  r  r  r  >  >  >  R  ^  L  >  R  ^  L  >  R  ^  L  R  ^  R  ^  L  R  ^  L  <  
r  >  r  r  v  R  ^  R  ^  L  L  R  ^  ^  ^  R  ^  ^  R  ^  R  R  ^  R  R  ^  L  L  
>  r  >  >  R  <  R  R  ^  L  R  R  ^  L  R  R  ^  R  ^  R  R  ^  R  R  ^  L  R  ^  
r  >  R  R  ^  L  R  R  R  R  R  ^  L  R  R  ^  R  ^  R  R  ^  R  R  ^  L  R  ^  ^  
r  R  R  R  ^  L  L  ^  R  R  ^  L  R  R  ^  R  R  R  ^  R  R  R  ^  L  L  R  ^  L  
>  R  R  >  ^  <  v  l  <  L  L  R  R  R  R  R  R  R  ^  R  R  R  ^  L  ^  L  L  L  
R  ^  R  R  ^  L  L  <  L  l  R  R  ^  R  R  R  ^  L  R  R  R  ^  L  L  L  ^  ^  ^  
R  R  R  R  ^  R  ^  L  l  l  l  v  l  R  R  R  ^  R  ^  L  ^  R  ^  ^  L  ^  L  ^  
R  R  ^  r  R  ^  >  ^  <  l  v  l  v  l  l  R  R  R  ^  L  L  ^  R  R  ^  L  ^  L  
R  ^  r  r  r  v  v  v  v  v  l  v  l  l  l  l  R  ^  L  L  L  L  R  R  ^  L  L  ^  
^  r  >  r  r  r  v  v  v  l  l  l  <  <  <  <  l  l  r  r  v  l  l  l  L  ^  L  ^  
r  r  r  >  r  >  r  v  l  l  l  l  L  L  L  l  l  l  r  r  v  l  l  l  r  v  v  v  
r  r  r  r  >  r  >  r  <  l  l  l  L  v  l  v  l  l  r  r  v  l  <  v  l  r  v  l  
r  r  r  >  r  >  R  ^  L  <  l  l  v  l  r  v  l  r  v  l  ^  <  L  <  <  >  l  <  
r  r  r  r  >  R  R  R  ^  L  <  <  <  <  >  ^  <  >  r  <  ^  L  L  ^  L  r  v  v  
>  r  r  >  R  R  R  R  ^  L  L  <  ^  L  R  ^  L  R  ^  L  <  L  L  L  r  >  r  v  
r  >  >  R  R  R  R  R  ^  L  L  L  <  ^  L  L  L  L  R  ^  L  L  L  L  r  r  >  >  
>  R  R  R  R  R  R  R  ^  L  L  L  L  <  ^  L  L  ^  L  ^  L  L  r  v  r  >  R  ^  
R  R  R  R  R  R  R  ^  ^  ^  L  L  L  L  <  <  L  R  R  >  L  <  >  r  >  R  R  ^  
R  R  R  R  R  ^  L  R  ^  L  R  ^  L  L  L  L  <  ^  L  R  ^  L  R  ^  R  ^  ^  ^  
R  R  R  R  R  ^  R  R  ^  R  ^  L  ^  L  L  L  L  <  R  R  ^  ^  L  R  ^  L  ^  ^  
Total actions tested : 56
Correct actions (%) : 23.21
Avg angular diffs   : 71.52
