arguments: 48 31 4 0.179811 0.178233 0.011041 -0.630915
loading features...

Initializing gridworld of size 28 by 22..
    Num states: 616
    Num actions: 8
recovered reward
-0.54, -0.45, -0.54, -0.63, -0.59, -0.50, -0.50, -0.59, -0.63, -0.63, -0.63, -0.63, -0.63, -0.63, -0.63, -0.63, -0.63, -0.63, -0.59, -0.54, -0.59, -0.63, -0.63, -0.63, -0.63, -0.63, -0.63, -0.63, 
-0.59, -0.50, -0.50, -0.59, -0.54, -0.36, -0.36, -0.54, -0.63, -0.62, -0.63, -0.63, -0.62, -0.63, -0.63, -0.63, -0.63, -0.63, -0.54, -0.41, -0.45, -0.59, -0.63, -0.63, -0.63, -0.60, -0.63, -0.63, 
-0.63, -0.54, -0.45, -0.54, -0.59, -0.50, -0.50, -0.59, -0.63, -0.63, -0.63, -0.63, -0.63, -0.63, -0.63, -0.63, -0.62, -0.63, -0.59, -0.45, -0.41, -0.54, -0.63, -0.63, -0.63, -0.63, -0.63, -0.63, 
-0.63, -0.59, -0.54, -0.59, -0.63, -0.59, -0.54, -0.58, -0.63, -0.63, -0.63, -0.63, -0.63, -0.63, -0.63, -0.63, -0.63, -0.63, -0.63, -0.59, -0.54, -0.59, -0.59, -0.63, -0.63, -0.63, -0.63, -0.63, 
-0.63, -0.63, -0.63, -0.63, -0.63, -0.63, -0.62, -0.63, -0.63, -0.63, -0.63, -0.63, -0.63, -0.63, -0.63, -0.63, -0.63, -0.63, -0.63, -0.63, -0.59, -0.54, -0.59, -0.63, -0.63, -0.60, -0.63, -0.63, 
-0.63, -0.63, -0.63, -0.63, -0.63, -0.63, -0.63, -0.63, -0.63, -0.63, -0.59, -0.54, -0.59, -0.63, -0.63, -0.63, -0.62, -0.63, -0.63, -0.63, -0.54, -0.45, -0.54, -0.63, -0.63, -0.63, -0.63, -0.63, 
-0.63, -0.63, -0.63, -0.63, -0.63, -0.63, -0.63, -0.63, -0.63, -0.63, -0.54, -0.45, -0.54, -0.63, -0.62, -0.63, -0.63, -0.63, -0.63, -0.63, -0.54, -0.45, -0.54, -0.63, -0.63, -0.63, -0.63, -0.63, 
-0.63, -0.63, -0.63, -0.63, -0.63, -0.63, -0.59, -0.54, -0.59, -0.63, -0.59, -0.54, -0.59, -0.63, -0.63, -0.63, -0.63, -0.63, -0.63, -0.59, -0.45, -0.41, -0.54, -0.60, -0.63, -0.63, -0.63, -0.63, 
-0.63, -0.63, -0.63, -0.63, -0.63, -0.63, -0.54, -0.45, -0.54, -0.63, -0.63, -0.63, -0.63, -0.63, -0.63, -0.63, -0.63, -0.63, -0.63, -0.54, -0.41, -0.45, -0.59, -0.63, -0.63, -0.63, -0.63, -0.63, 
-0.63, -0.63, -0.63, -0.63, -0.63, -0.63, -0.59, -0.54, -0.59, -0.54, -0.59, -0.63, -0.62, -0.63, -0.63, -0.63, -0.63, -0.63, -0.63, -0.59, -0.54, -0.59, -0.63, -0.63, -0.63, -0.63, -0.63, -0.63, 
-0.63, -0.63, -0.63, -0.63, -0.63, -0.63, -0.63, -0.63, -0.54, -0.45, -0.54, -0.63, -0.63, -0.63, -0.63, -0.59, -0.54, -0.59, -0.63, -0.63, -0.63, -0.63, -0.63, -0.63, -0.61, -0.63, -0.63, -0.63, 
-0.63, -0.63, -0.63, -0.63, -0.63, -0.63, -0.63, -0.63, -0.59, -0.54, -0.57, -0.63, -0.63, -0.59, -0.54, -0.54, -0.45, -0.54, -0.63, -0.63, -0.63, -0.63, -0.63, -0.63, -0.63, -0.63, -0.63, -0.63, 
-0.63, -0.63, -0.63, -0.63, -0.63, -0.63, -0.63, -0.63, -0.63, -0.63, -0.63, -0.63, -0.63, -0.54, -0.45, -0.59, -0.54, -0.59, -0.63, -0.63, -0.63, -0.63, -0.63, -0.63, -0.59, -0.54, -0.59, -0.63, 
-0.63, -0.63, -0.63, -0.63, -0.63, -0.63, -0.63, -0.63, -0.63, -0.63, -0.63, -0.63, -0.63, -0.59, -0.54, -0.59, -0.63, -0.63, -0.63, -0.63, -0.63, -0.63, -0.63, -0.61, -0.54, -0.45, -0.54, -0.63, 
-0.63, -0.63, -0.63, -0.63, -0.63, -0.63, -0.63, -0.63, -0.63, -0.61, -0.63, -0.63, -0.63, -0.63, -0.63, -0.63, -0.63, -0.63, -0.63, -0.63, -0.63, -0.59, -0.54, -0.59, -0.59, -0.54, -0.59, -0.63, 
-0.63, -0.63, -0.63, -0.63, -0.63, -0.63, -0.63, -0.63, -0.63, -0.63, -0.63, -0.63, -0.63, -0.63, -0.63, -0.63, -0.63, -0.63, -0.63, -0.63, -0.59, -0.54, -0.41, -0.45, -0.59, -0.63, -0.63, -0.63, 
-0.63, -0.63, -0.63, -0.63, -0.63, -0.63, -0.63, -0.63, -0.63, -0.63, -0.63, -0.63, -0.61, -0.63, -0.63, -0.63, -0.63, -0.63, -0.63, -0.63, -0.54, -0.59, -0.45, -0.38, -0.54, -0.63, -0.63, -0.63, 
-0.63, -0.63, -0.63, -0.63, -0.63, -0.63, -0.59, -0.54, -0.59, -0.63, -0.63, -0.63, -0.63, -0.63, -0.59, -0.54, -0.59, -0.63, -0.63, -0.63, -0.59, -0.54, -0.54, -0.54, -0.59, -0.63, -0.63, -0.63, 
-0.63, -0.63, -0.63, -0.63, -0.63, -0.63, -0.54, -0.45, -0.54, -0.63, -0.63, -0.63, -0.63, -0.63, -0.54, -0.45, -0.54, -0.63, -0.59, -0.54, -0.59, -0.61, -0.63, -0.63, -0.63, -0.63, -0.63, -0.63, 
-0.63, -0.63, -0.63, -0.63, -0.63, -0.63, -0.59, -0.54, -0.59, -0.63, -0.63, -0.63, -0.63, -0.61, -0.59, -0.54, -0.57, -0.63, -0.54, -0.43, -0.54, -0.63, -0.63, -0.63, -0.63, -0.63, -0.63, -0.63, 
-0.63, -0.63, -0.63, -0.63, -0.63, -0.63, -0.63, -0.63, -0.63, -0.63, -0.63, -0.63, -0.63, -0.63, -0.59, -0.54, -0.59, -0.63, -0.59, -0.54, -0.59, -0.63, -0.63, -0.63, -0.63, -0.63, -0.63, -0.63, 
-0.63, -0.63, -0.63, -0.63, -0.63, -0.63, -0.63, -0.63, -0.63, -0.63, -0.63, -0.63, -0.63, -0.63, -0.63, -0.63, -0.63, -0.63, -0.63, -0.63, -0.63, -0.63, -0.63, -0.63, -0.63, -0.63, -0.63, -0.63, 
-- optimal policy --
>  r  r  r  r  v  l  l  l  l  l  l  <  l  l  r  >  r  r  v  l  l  l  l  l  l  l  l  
R  r  r  >  >  >  <  <  <  l  <  l  l  <  l  r  r  >  >  r  v  l  l  l  l  l  l  l  
R  >  >  R  R  ^  L  L  L  <  L  <  <  L  l  >  >  R  R  >  L  <  <  l  l  l  l  l  
R  R  R  R  R  ^  L  L  L  L  L  L  <  l  l  R  R  R  R  R  ^  L  L  l  l  l  l  l  
R  R  R  R  R  R  ^  L  L  L  L  l  l  l  l  R  R  R  R  R  r  v  l  l  l  l  <  <  
R  R  R  R  R  R  ^  L  L  L  L  <  l  l  l  R  R  r  r  r  r  v  l  l  l  l  L  L  
R  R  R  R  R  ^  R  ^  L  L  L  L  <  <  <  <  r  r  r  r  r  v  l  <  l  l  l  L  
R  R  R  R  ^  L  ^  ^  L  R  R  ^  L  L  L  L  r  r  r  r  v  l  <  L  <  <  <  <  
R  R  R  ^  L  R  R  ^  L  R  R  ^  L  L  L  L  r  r  >  >  R  <  L  L  L  <  L  l  
R  R  R  ^  R  R  R  ^  L  L  ^  ^  L  L  L  L  r  >  R  R  ^  L  L  L  L  L  v  l  
R  ^  ^  R  R  R  R  ^  L  L  <  L  ^  L  L  r  r  R  R  R  ^  L  L  L  L  l  v  l  
^  R  R  R  R  R  ^  R  R  ^  L  L  r  r  >  >  >  R  R  ^  L  r  r  r  r  v  l  l  
R  R  R  R  R  ^  R  R  R  ^  L  L  >  >  R  R  R  ^  r  r  r  v  r  r  r  v  l  l  
R  R  R  R  R  R  R  R  ^  L  ^  L  R  R  ^  R  ^  r  r  r  r  r  v  l  l  l  <  <  
R  R  R  ^  R  R  R  ^  L  ^  L  R  R  R  ^  L  r  >  r  r  r  r  v  l  l  l  L  L  
R  R  ^  R  R  R  ^  ^  R  ^  R  R  R  r  r  r  r  r  >  r  >  >  r  v  l  l  L  L  
R  ^  R  R  R  ^  ^  R  ^  R  R  >  r  r  r  r  r  r  r  >  R  R  >  L  <  <  l  L  
^  R  R  R  ^  ^  R  ^  R  R  >  r  r  r  r  r  r  r  r  R  >  R  R  ^  L  L  <  <  
R  R  R  ^  R  >  >  ^  <  >  r  >  r  >  >  >  r  r  r  R  R  R  ^  L  L  L  L  <  
R  R  ^  R  >  R  R  ^  L  r  >  r  >  R  R  R  r  >  >  R  R  ^  L  ^  L  L  L  L  
R  R  ^  >  R  R  R  ^  L  >  r  >  R  R  R  R  >  R  R  ^  L  L  ^  L  ^  L  L  L  
R  ^  >  R  R  R  ^  ^  >  >  >  R  R  R  R  R  R  R  R  ^  L  L  L  ^  L  ^  L  L  
Correct actions (%) : 11.65
Avg angular diffs   : 92.62
