arguments: 54 25 1 -0.175994 0.354345 -0.410751 -0.0589102
loading features...

Initializing gridworld of size 28 by 22..
    Num states: 616
    Num actions: 8
recovered reward
-0.06, -0.06, -0.06, -0.06, -0.06, -0.06, -0.06, -0.06, -0.06, -0.06, -0.06, -0.06, -0.06, -0.06, -0.06, -0.06, -0.06, -0.06, -0.06, -0.10, -0.15, -0.10, -0.06, -0.06, -0.06, -0.06, -0.06, -0.06, 
-0.06, -0.06, -0.06, -0.06, -0.06, -0.06, -0.06, -0.06, -0.06, -0.10, -0.15, -0.10, -0.10, -0.15, -0.10, -0.06, -0.06, -0.06, -0.06, -0.15, -0.23, -0.15, -0.06, -0.06, -0.06, -0.06, -0.06, -0.06, 
-0.06, -0.06, -0.04, 0.03, -0.04, -0.06, -0.06, -0.06, -0.06, -0.15, -0.23, -0.15, -0.15, -0.23, -0.15, -0.06, -0.06, -0.06, -0.06, -0.10, -0.15, -0.10, -0.06, -0.06, -0.06, -0.06, -0.96, -0.06, 
-0.06, -0.06, 0.03, 0.30, 0.03, -0.06, -0.06, -0.06, -0.06, -0.39, -0.15, -0.10, -0.43, -0.15, -0.10, -0.04, 0.03, -0.04, 0.03, -0.09, -0.13, -0.10, -0.06, -0.06, -0.06, -0.06, -0.06, -0.06, 
-0.06, -0.06, -0.04, 0.03, -0.04, -0.06, -0.06, -0.06, -0.06, -0.06, -0.06, -0.06, -0.06, -0.06, -0.06, 0.03, 0.30, 0.03, 0.30, -0.06, -0.15, -0.15, -0.06, -0.06, -0.04, 0.03, -0.04, -0.06, 
-0.06, -0.06, -0.10, -0.13, -0.01, -0.04, -0.06, -0.31, -0.06, -0.06, -0.06, -0.06, -0.06, -0.06, -0.06, -0.04, 0.03, -0.04, 0.03, -0.09, -0.13, -0.10, -0.06, -0.06, 0.03, 0.30, -0.83, -0.06, 
-0.06, -0.06, -0.15, -0.15, 0.21, 0.03, -0.06, -0.06, -0.06, -0.06, -0.06, -0.06, -0.10, -0.52, -0.10, -0.06, -0.06, -0.06, -0.06, -0.06, -0.06, -0.06, -0.06, -0.06, -0.04, 0.03, -0.04, -0.06, 
-0.06, -0.06, -0.10, -0.13, -0.01, -0.04, -0.06, -0.06, -0.06, -0.06, -0.06, -0.06, -0.15, -0.23, -0.15, -0.10, -0.06, -0.06, -0.06, -0.06, -0.06, -0.06, -0.06, -0.06, -0.06, -0.06, -0.06, -0.06, 
-0.06, -0.06, -0.10, -0.15, -0.10, -0.06, -0.06, -0.26, -0.06, -0.06, -0.06, -0.06, -0.10, -0.15, -0.51, -0.15, -0.09, -0.06, -0.09, -0.06, -0.06, -0.06, -0.06, -0.06, -0.10, -0.97, -0.10, -0.06, 
-0.06, -0.06, -0.06, -0.06, -0.06, -0.06, -0.06, -0.06, -0.06, -0.06, -0.06, -0.06, -0.06, -0.10, -0.15, -0.09, -0.06, -0.22, -0.06, -0.04, -0.06, -0.06, -0.06, -0.06, -0.15, -0.23, -0.15, -0.06, 
-0.06, -0.06, -0.06, -0.06, -0.06, -0.22, -0.06, -0.06, -0.06, -0.06, -0.06, -0.06, -0.06, -0.06, -0.06, 0.03, -0.20, -0.06, 0.25, 0.03, -0.06, -0.06, -0.06, -0.06, -0.10, -0.15, -0.10, -0.06, 
-0.06, -0.06, -0.06, -0.06, -0.06, -0.06, -0.06, -0.06, -0.06, -0.06, -0.06, -0.06, -0.06, -0.06, -0.06, -0.04, 0.03, -0.04, 0.03, -0.04, -0.06, -0.06, -0.06, -0.06, -0.84, -0.06, -0.06, -0.06, 
-0.06, -0.06, -0.06, -0.06, -0.06, -0.06, -0.06, -0.06, -0.06, -0.06, -0.06, -0.06, -0.06, -0.04, 0.03, -0.04, -0.06, 0.03, 0.30, 0.03, -0.06, -0.06, -0.06, -0.06, -0.06, -0.06, -0.06, -0.06, 
-0.06, -0.06, -0.06, -0.06, -0.23, -0.15, -0.10, -0.06, -0.06, -0.06, -0.06, -0.06, -0.06, 0.03, 0.30, 0.03, -0.06, -0.53, 0.03, -0.04, -0.06, -0.06, -0.06, -0.06, -0.06, -0.06, -0.06, -0.06, 
-0.06, -0.06, -0.06, -0.06, -0.15, -0.23, -0.15, -0.06, -0.06, -0.06, -0.06, -0.06, -0.06, -0.04, 0.03, -0.04, -0.06, -0.06, -0.06, -0.06, -0.06, -0.06, -0.80, -0.06, -0.06, -0.06, -0.06, -0.06, 
-0.06, -0.06, -0.06, -0.06, -0.10, -0.15, -0.10, -0.06, -0.06, -0.06, -0.06, -0.06, -0.06, -0.06, -0.06, -0.06, -0.06, -0.06, -0.06, -0.06, -0.06, -0.06, -0.06, -0.06, -0.06, -0.06, -0.06, -0.06, 
-0.06, -0.06, -0.14, -0.06, -0.06, -0.06, -0.06, -0.06, -0.06, -0.06, -0.06, -0.06, -0.06, -0.06, -0.06, -0.06, -0.06, -0.59, -0.06, -0.06, -0.06, -0.06, -0.06, -0.06, -0.06, -0.06, -0.06, -0.06, 
-0.06, -0.06, -0.06, -0.06, -0.06, -0.06, -0.06, -0.06, -0.10, -0.15, -0.10, -0.06, -0.06, -0.06, -0.06, -0.06, -0.06, -0.06, -0.04, 0.03, -0.04, -0.06, -0.06, -0.76, -0.06, -0.06, -0.06, -0.06, 
-0.06, -0.06, -0.06, -0.06, -0.06, -0.06, -0.06, -0.06, -0.15, -0.23, -0.15, -0.06, -0.06, -0.06, -0.06, -0.06, -0.06, -0.06, 0.03, 0.30, 0.03, -0.06, -0.06, -0.06, -0.06, -0.06, -0.06, -0.06, 
-0.10, -0.06, -0.06, -0.06, -0.06, -0.06, -0.06, -0.06, -0.10, -0.15, -0.10, -0.06, -0.06, -0.06, -0.06, -0.06, -0.63, -0.06, -0.04, 0.03, -0.70, -0.06, -0.06, -0.06, -0.06, -0.06, -0.06, -0.06, 
-0.06, -0.06, -0.06, -0.06, -0.06, -0.06, -0.06, -0.06, -0.06, -0.06, -0.06, -0.06, -0.06, -0.06, -0.06, -0.06, -0.06, -0.06, -0.06, -0.68, -0.06, -0.06, -0.06, -0.06, -0.06, -0.06, -0.06, -0.06, 
-0.06, -0.06, -0.06, -0.06, -0.06, -0.06, -0.06, -0.06, -0.06, -0.06, -0.06, -0.06, -0.06, -0.06, -0.06, -0.06, -0.06, -0.06, -0.06, -0.06, -0.06, -0.06, -0.06, -0.06, -0.06, -0.06, -0.06, -0.06, 
-- optimal policy --
r  r  v  l  v  l  l  l  l  l  <  >  >  r  r  r  r  v  l  l  l  r  r  r  v  r  v  l  
r  r  r  v  l  l  l  l  l  l  L  R  R  r  r  v  r  v  l  l  l  l  r  r  v  l  r  v  
r  r  r  v  l  l  l  <  l  l  r  >  r  r  r  r  v  r  v  l  l  l  r  r  r  v  l  l  
r  >  >  >  <  <  l  l  l  l  r  r  r  r  r  r  v  r  v  l  l  <  r  r  r  v  l  l  
>  R  R  ^  L  L  <  l  <  l  r  >  r  r  >  >  >  >  v  <  <  l  >  r  r  v  l  <  
R  R  R  ^  L  L  l  l  l  l  >  R  >  >  R  R  ^  R  ^  L  L  l  r  >  >  v  <  l  
R  R  ^  >  ^  <  <  l  l  <  R  R  R  R  R  R  ^  R  ^  L  L  <  >  R  R  ^  L  <  
R  ^  >  R  ^  L  L  <  <  l  R  R  ^  R  R  ^  R  ^  R  ^  L  l  R  R  R  ^  L  L  
^  >  R  R  ^  L  L  L  L  r  r  r  v  R  r  r  r  r  r  v  l  l  R  R  ^  L  ^  L  
>  R  R  R  R  ^  L  L  <  r  r  r  r  r  r  v  r  r  v  l  l  l  l  ^  L  L  R  ^  
R  R  R  R  ^  ^  ^  L  L  r  r  r  r  r  r  r  r  >  v  <  <  l  l  l  L  L  R  ^  
R  R  R  ^  L  L  ^  ^  >  r  r  r  r  r  v  l  r  r  v  l  l  l  l  l  l  L  R  ^  
R  R  ^  L  L  L  ^  r  r  r  r  r  r  r  v  l  l  >  v  <  <  <  l  l  l  l  l  ^  
R  ^  R  ^  L  L  r  r  r  r  >  r  >  >  v  <  <  R  ^  L  L  L  <  <  l  l  <  <  
^  L  ^  ^  L  r  r  r  r  >  r  >  R  R  ^  L  L  R  ^  L  L  L  l  l  l  l  l  l  
^  ^  L  ^  r  r  r  r  >  r  >  R  R  R  ^  L  L  r  r  v  l  l  l  l  l  l  l  <  
^  ^  ^  >  r  >  r  >  R  >  R  R  R  ^  R  ^  r  r  r  v  l  l  l  l  <  <  l  l  
^  ^  >  r  >  r  >  R  R  R  R  R  ^  R  R  r  r  r  r  v  l  l  l  l  l  l  <  l  
^  >  r  >  r  >  R  R  R  R  R  ^  ^  R  r  >  r  >  >  v  <  <  <  <  l  l  l  l  
r  r  >  r  >  R  R  ^  r  R  R  ^  L  r  >  r  >  R  R  ^  L  L  L  <  <  <  l  <  
>  r  r  >  R  R  R  r  >  R  R  ^  r  r  r  >  R  R  R  ^  L  <  L  L  L  <  <  l  
R  >  >  R  R  R  >  >  R  R  ^  >  >  >  >  R  R  R  ^  R  ^  L  <  L  L  L  <  <  
Total actions tested : 40
Correct actions (%) : 25.00
Avg angular diffs   : 77.62
