arguments: 54 41 2 -1.36563e-15 -0.822695 -2.82969e-16 -0.177305

Initializing gridworld of size 28 by 22..
    Num states: 616
    Num actions: 8
recovered reward
-0.18, -0.18, -0.18, -0.18, -0.18, -0.18, -0.18, -0.18, -0.18, -0.18, -0.18, -0.18, -0.18, -0.18, -0.18, -0.18, -0.18, -0.18, -0.18, -0.18, -0.18, -0.18, -0.18, -0.18, -0.18, -0.18, -0.18, -0.18, 
-0.18, -0.18, -0.18, -0.18, -0.18, -0.18, -0.18, -0.18, -0.18, -0.18, -0.18, -0.18, -0.18, -0.18, -0.18, -0.18, -0.18, -0.18, -0.18, -0.18, -0.18, -0.18, -0.18, -0.18, -0.18, -0.18, -0.18, -0.18, 
-0.18, -0.18, -0.18, -0.18, -0.18, -0.18, -0.18, -0.18, -0.18, -0.18, -0.18, -0.18, -0.18, -0.18, -0.18, -0.18, -0.18, -0.18, -0.18, -0.18, -0.18, -0.18, -0.18, -0.18, -0.18, -0.18, -0.18, -0.18, 
-0.18, -0.18, -0.18, -0.18, -0.18, -0.18, -0.18, -0.18, -0.18, -0.18, -0.18, -0.18, -0.18, -0.18, -0.18, -0.18, -0.18, -0.18, -0.18, -0.18, -0.18, -0.18, -0.18, -0.18, -0.18, -0.18, -0.18, -0.18, 
-0.18, -0.18, -0.18, -0.18, -0.18, -0.18, -0.18, -0.18, -0.18, -0.18, -0.18, -0.18, -0.18, -0.18, -0.18, -0.18, -0.18, -0.18, -0.18, -0.18, -0.18, -0.18, -0.18, -0.18, -0.18, -0.18, -0.18, -0.18, 
-0.18, -0.18, -0.18, -0.18, -0.18, -0.18, -0.18, -0.18, -0.18, -0.18, -0.18, -0.18, -0.18, -0.18, -0.18, -0.18, -0.18, -0.18, -0.18, -0.18, -0.18, -0.18, -0.18, -0.18, -0.18, -0.18, -0.18, -0.18, 
-0.18, -0.18, -0.18, -0.18, -0.18, -0.18, -0.18, -0.18, -0.18, -0.18, -0.18, -0.18, -0.18, -0.18, -0.18, -0.18, -0.18, -0.18, -0.18, -0.18, -0.18, -0.18, -0.18, -0.18, -0.18, -0.18, -0.18, -0.18, 
-0.18, -0.18, -0.18, -0.18, -0.18, -0.18, -0.18, -0.18, -0.18, -0.18, -0.18, -0.18, -0.18, -0.18, -0.18, -0.18, -0.18, -0.18, -0.18, -0.18, -0.18, -0.18, -0.18, -0.18, -0.18, -0.18, -0.18, -0.18, 
-0.18, -0.18, -0.18, -0.18, -0.18, -0.18, -0.18, -0.18, -0.18, -0.18, -0.18, -0.18, -0.18, -0.18, -0.18, -0.18, -0.18, -0.18, -0.18, -0.18, -0.18, -0.18, -0.18, -0.18, -0.18, -0.18, -0.18, -0.18, 
-0.18, -0.18, -0.18, -0.18, -0.18, -0.18, -0.18, -0.18, -0.18, -0.18, -0.18, -0.18, -0.18, -0.18, -0.18, -0.18, -0.18, -0.18, -0.18, -0.18, -0.18, -0.18, -0.18, -0.18, -0.18, -0.18, -0.18, -0.18, 
-0.18, -0.18, -0.18, -0.18, -0.18, -0.18, -0.18, -0.18, -0.18, -0.18, -0.18, -0.18, -0.18, -0.18, -0.18, -0.18, -0.18, -0.18, -0.18, -0.18, -0.18, -0.18, -0.18, -0.18, -0.18, -0.18, -0.18, -0.18, 
-0.18, -0.18, -0.18, -0.18, -0.18, -0.18, -0.18, -0.18, -0.18, -0.18, -0.18, -0.18, -0.18, -0.18, -0.18, -0.18, -0.18, -0.18, -0.18, -0.18, -0.18, -0.18, -0.18, -0.18, -0.18, -0.18, -0.18, -0.18, 
-0.18, -0.18, -0.18, -0.18, -0.18, -0.18, -0.18, -0.18, -0.18, -0.18, -0.18, -0.18, -0.18, -0.18, -0.18, -0.18, -0.18, -0.18, -0.18, -0.18, -0.18, -0.18, -0.18, -0.18, -0.18, -0.18, -0.18, -0.18, 
-0.18, -0.18, -0.18, -0.18, -0.18, -0.18, -0.18, -0.18, -0.18, -0.18, -0.18, -0.18, -0.18, -0.18, -0.18, -0.18, -0.18, -0.18, -0.18, -0.18, -0.18, -0.18, -0.18, -0.18, -0.18, -0.18, -0.18, -0.18, 
-0.18, -0.18, -0.18, -0.18, -0.18, -0.18, -0.18, -0.18, -0.18, -0.18, -0.18, -0.18, -0.18, -0.18, -0.18, -0.18, -0.18, -0.18, -0.18, -0.18, -0.18, -0.18, -0.18, -0.18, -0.18, -0.18, -0.18, -0.18, 
-0.18, -0.18, -0.18, -0.18, -0.18, -0.18, -0.18, -0.18, -0.18, -0.18, -0.18, -0.18, -0.18, -0.18, -0.18, -0.18, -0.18, -0.18, -0.18, -0.18, -0.18, -0.18, -0.18, -0.18, -0.18, -0.18, -0.18, -0.18, 
-0.18, -0.18, -0.18, -0.18, -0.18, -0.18, -0.18, -0.18, -0.18, -0.18, -0.18, -0.18, -0.18, -0.18, -0.18, -0.18, -0.18, -0.18, -0.18, -0.18, -0.18, -0.18, -0.18, -0.18, -0.18, -0.18, -0.18, -0.18, 
-0.18, -0.18, -0.18, -0.18, -0.18, -0.18, -0.18, -0.18, -0.18, -0.18, -0.18, -0.18, -0.18, -0.18, -0.18, -0.18, -0.18, -0.18, -0.18, -0.18, -0.18, -0.18, -0.18, -0.18, -0.18, -0.18, -0.18, -0.18, 
-0.18, -0.18, -0.18, -0.18, -0.18, -0.18, -0.18, -0.18, -0.18, -0.18, -0.18, -0.18, -0.18, -0.18, -0.18, -0.18, -0.18, -0.18, -0.18, -0.18, -0.18, -0.18, -0.18, -0.18, -0.18, -0.18, -0.18, -0.18, 
-0.18, -0.18, -0.18, -0.18, -0.18, -0.18, -0.18, -0.18, -0.18, -0.18, -0.18, -0.18, -0.18, -0.18, -0.18, -0.18, -0.18, -0.18, -0.18, -0.18, -0.18, -0.18, -0.18, -0.18, -0.18, -0.18, -0.18, -0.18, 
-0.18, -0.18, -0.18, -0.18, -0.18, -0.18, -0.18, -0.18, -0.18, -0.18, -0.18, -0.18, -0.18, -0.18, -0.18, -0.18, -0.18, -0.18, -0.18, -0.18, -0.18, -0.18, -0.18, -0.18, -0.18, -0.18, -0.18, -0.18, 
-0.18, -0.18, -0.18, -0.18, -0.18, -0.18, -0.18, -0.18, -0.18, -0.18, -0.18, -0.18, -0.18, -0.18, -0.18, -0.18, -0.18, -0.18, -0.18, -0.18, -0.18, -0.18, -0.18, -0.18, -0.18, -0.18, -0.18, -0.18, 
-- optimal policy --
r  v  L  L  <  R  R  >  R  <  R  <  >  >  L  R  <  >  >  >  >  ^  <  >  >  >  >  ^  
v  l  ^  ^  L  ^  ^  ^  ^  L  ^  L  ^  R  ^  L  L  R  R  R  R  ^  L  R  R  ^  R  ^  
<  <  L  v  l  v  v  l  <  v  v  l  <  r  v  >  r  v  r  v  r  v  >  >  r  v  v  v  
^  L  v  l  v  v  l  <  L  v  l  <  v  >  r  v  >  r  v  r  v  r  v  >  >  r  v  v  
v  v  l  <  v  l  <  L  v  l  <  L  v  >  >  r  v  >  r  v  r  v  r  v  >  >  r  v  
<  l  <  L  v  <  L  v  l  <  L  v  l  R  >  >  r  >  >  r  v  r  >  r  v  >  >  R  
<  ^  v  v  l  <  v  l  <  L  v  r  v  v  v  >  >  >  >  >  r  v  v  >  r  v  R  ^  
L  L  v  l  <  L  l  <  L  l  r  v  r  v  l  R  ^  R  R  >  >  r  v  R  >  r  v  l  
^  >  l  L  L  l  <  L  l  v  v  r  v  l  v  l  >  >  >  >  >  >  r  >  >  >  v  v  
v  l  <  L  l  <  L  l  v  l  v  v  r  v  l  v  >  >  >  >  >  >  >  >  >  >  >  >  
<  L  L  l  <  L  l  v  l  v  r  v  v  l  v  l  <  R  R  >  >  >  r  v  R  R  ^  L  
^  v  l  <  L  l  <  l  v  l  v  r  v  l  l  <  v  r  R  R  R  R  >  r  v  v  v  v  
v  l  <  L  l  <  v  v  l  v  r  v  l  v  l  v  v  v  >  r  v  R  R  >  r  v  l  v  
<  ^  L  l  <  L  v  l  v  v  v  r  v  l  v  v  v  v  v  >  r  v  >  >  >  r  v  >  
^  L  l  <  v  v  l  v  v  v  v  v  l  v  v  v  v  v  l  v  >  r  v  R  R  ^  v  r  
v  l  <  v  v  l  v  v  v  v  v  v  v  v  v  v  v  l  v  r  >  >  r  v  >  >  r  r  
<  <  v  v  l  v  v  v  v  v  v  v  v  v  v  v  l  v  v  v  v  >  >  r  >  >  >  >  
^  L  v  l  v  l  l  v  l  l  l  r  v  v  v  l  v  v  v  v  v  R  >  >  >  >  r  >  
v  l  r  v  l  v  v  v  v  l  r  v  r  v  l  v  v  v  v  v  l  l  R  R  R  R  ^  r  
L  <  >  r  <  l  v  v  l  v  v  r  v  l  <  r  v  l  v  l  v  v  v  v  v  v  >  r  
^  L  R  ^  r  v  r  v  v  l  v  v  r  ^  v  v  l  v  l  <  v  v  l  r  v  v  v  v  
<  <  >  l  <  l  R  v  l  <  >  r  r  >  v  l  >  v  <  >  l  v  <  >  >  r  l  R  
