arguments: 54 39 3 -1.36563e-15 -0.822695 -2.82969e-16 -0.177305
loading features...

Initializing gridworld of size 28 by 22..
    Num states: 616
    Num actions: 8
recovered reward
-0.18, -0.18, -0.18, -0.18, -0.18, -0.18, -0.18, -0.18, -0.18, -0.18, -0.18, -0.18, -0.18, -0.18, -0.18, -1.00, -0.18, -0.18, -0.18, -0.18, -0.18, -0.18, -0.18, -0.18, -0.18, -0.18, -0.18, -0.18, 
-0.18, -0.18, -0.18, -0.18, -0.18, -0.18, -0.18, -0.18, -0.18, -0.18, -0.18, -0.18, -0.18, -0.18, -0.18, -0.18, -0.18, -0.18, -0.18, -0.18, -0.18, -0.18, -0.18, -0.18, -0.18, -0.18, -0.18, -0.18, 
-0.18, -0.18, -0.18, -0.18, -0.18, -0.18, -0.18, -0.18, -0.18, -0.18, -0.18, -0.18, -0.18, -0.18, -0.18, -0.18, -0.18, -0.18, -0.18, -0.18, -0.18, -0.18, -1.00, -0.18, -0.18, -0.18, -0.18, -0.18, 
-0.18, -0.18, -0.18, -0.18, -0.18, -0.18, -0.18, -0.18, -0.18, -0.18, -0.18, -0.18, -0.18, -0.18, -0.18, -0.18, -0.18, -0.18, -0.18, -0.18, -0.18, -0.18, -0.18, -0.18, -0.18, -0.18, -0.18, -0.18, 
-0.18, -0.18, -0.18, -0.18, -0.18, -0.18, -0.18, -0.18, -0.18, -0.18, -0.18, -0.18, -0.18, -0.18, -0.18, -0.18, -0.18, -0.18, -0.18, -0.18, -0.18, -0.18, -0.18, -0.18, -0.18, -0.18, -0.18, -0.18, 
-0.18, -0.18, -0.18, -0.18, -0.18, -0.18, -0.18, -0.18, -0.18, -0.18, -0.18, -0.18, -0.18, -0.18, -0.18, -0.18, -0.18, -0.18, -0.18, -0.18, -0.18, -0.18, -0.18, -0.18, -0.18, -1.00, -0.18, -0.18, 
-0.18, -0.18, -0.18, -0.18, -0.18, -0.18, -0.18, -0.18, -0.18, -0.18, -0.18, -0.18, -0.18, -0.18, -0.18, -0.18, -0.18, -0.18, -0.18, -0.18, -0.18, -0.18, -0.18, -0.18, -0.18, -0.18, -0.18, -0.18, 
-0.18, -0.18, -0.18, -0.18, -0.18, -0.18, -0.18, -0.18, -0.18, -0.18, -0.18, -0.18, -0.18, -0.18, -0.18, -0.18, -0.18, -0.18, -0.18, -0.18, -0.18, -0.18, -0.18, -0.18, -0.18, -0.18, -0.18, -0.18, 
-0.18, -0.18, -0.18, -0.18, -0.18, -0.18, -0.18, -0.18, -0.18, -0.18, -0.18, -0.18, -0.18, -0.18, -0.18, -0.18, -0.18, -0.18, -0.18, -0.18, -0.18, -0.18, -0.18, -0.18, -0.18, -0.18, -0.18, -0.18, 
-0.18, -0.18, -0.18, -0.18, -0.18, -0.18, -0.18, -0.18, -0.18, -0.18, -0.18, -0.18, -0.18, -0.18, -0.18, -0.18, -0.18, -0.18, -0.18, -0.18, -0.18, -0.18, -0.18, -0.18, -0.18, -0.18, -0.18, -0.18, 
-0.18, -0.18, -1.00, -0.18, -0.18, -0.18, -0.18, -0.18, -0.18, -0.18, -0.18, -0.18, -0.18, -0.18, -0.18, -0.18, -0.18, -0.18, -0.18, -0.18, -0.18, -0.18, -0.18, -0.18, -0.18, -0.18, -0.18, -0.18, 
-0.18, -0.18, -0.18, -0.18, -0.18, -1.00, -0.18, -1.00, -0.18, -0.18, -1.00, -0.18, -0.18, -0.18, -0.18, -0.18, -0.18, -0.18, -0.18, -0.18, -0.18, -0.18, -0.18, -0.18, -0.18, -0.18, -0.18, -0.18, 
-0.18, -0.18, -0.18, -0.18, -0.18, -0.18, -0.18, -0.18, -0.18, -0.18, -0.18, -0.18, -0.18, -0.18, -0.18, -0.18, -0.18, -0.18, -0.18, -0.18, -0.18, -0.18, -0.18, -0.18, -0.18, -0.18, -0.18, -0.18, 
-0.18, -0.18, -0.18, -0.18, -0.18, -0.18, -0.18, -0.18, -0.18, -0.18, -0.18, -0.18, -1.00, -0.18, -0.18, -0.18, -1.00, -0.18, -0.18, -0.18, -0.18, -0.18, -0.18, -0.18, -0.18, -0.18, -0.18, -0.18, 
-0.18, -0.18, -0.18, -0.18, -0.18, -0.18, -0.18, -0.18, -0.18, -0.18, -0.18, -0.18, -0.18, -0.18, -0.18, -0.18, -0.18, -0.18, -0.18, -1.00, -0.18, -0.18, -0.18, -0.18, -0.18, -0.18, -0.18, -0.18, 
-0.18, -0.18, -0.18, -0.18, -0.18, -0.18, -0.18, -0.18, -1.00, -0.18, -0.18, -0.18, -0.18, -0.18, -0.18, -0.18, -0.18, -0.18, -0.18, -0.18, -0.18, -0.18, -0.18, -0.18, -0.18, -0.18, -0.18, -0.18, 
-0.18, -0.18, -0.18, -0.18, -0.18, -0.18, -0.18, -0.18, -0.18, -1.00, -0.18, -0.18, -0.18, -0.18, -0.18, -0.18, -0.18, -0.18, -0.18, -0.18, -0.18, -0.18, -0.18, -0.18, -0.18, -0.18, -0.18, -0.18, 
-0.18, -0.18, -0.18, -0.18, -0.18, -0.18, -0.18, -0.18, -0.18, -0.18, -0.18, -0.18, -0.18, -0.18, -0.18, -0.18, -0.18, -0.18, -0.18, -0.18, -0.18, -0.18, -0.18, -0.18, -0.18, -0.18, -0.18, -0.18, 
-0.18, -0.18, -0.18, -0.18, -0.18, -0.18, -0.18, -0.18, -0.18, -0.18, -0.18, -0.18, -0.18, -0.18, -0.18, -0.18, -0.18, -0.18, -0.18, -0.18, -0.18, -0.18, -0.18, -0.18, -0.18, -0.18, -0.18, -0.18, 
-0.18, -0.18, -0.18, -0.18, -0.18, -0.18, -0.18, -0.18, -0.18, -0.18, -0.18, -0.18, -0.18, -0.18, -0.18, -0.18, -0.18, -0.18, -0.18, -0.18, -0.18, -0.18, -0.18, -0.18, -0.18, -0.18, -0.18, -0.18, 
-0.18, -0.18, -0.18, -0.18, -0.18, -0.18, -0.18, -0.18, -0.18, -0.18, -0.18, -0.18, -0.18, -0.18, -0.18, -0.18, -0.18, -0.18, -0.18, -0.18, -0.18, -0.18, -0.18, -0.18, -0.18, -0.18, -0.18, -0.18, 
-0.18, -0.18, -0.18, -0.18, -0.18, -0.18, -0.18, -0.18, -0.18, -0.18, -0.18, -0.18, -0.18, -0.18, -0.18, -0.18, -0.18, -0.18, -0.18, -0.18, -0.18, -0.18, -0.18, -0.18, -0.18, -0.18, -0.18, -0.18, 
-- optimal policy --
L  <  >  >  L  <  L  <  >  >  >  R  ^  <  L  <  >  >  >  >  >  L  <  >  v  R  <  v  
^  L  R  R  ^  L  ^  L  R  ^  R  R  ^  R  ^  L  R  R  R  R  R  ^  L  R  >  r  v  R  
L  <  v  v  l  <  v  l  <  >  r  v  r  v  r  v  >  >  >  >  r  v  r  R  ^  ^  r  >  
^  L  v  l  <  L  l  <  L  >  >  r  v  r  v  r  v  R  R  R  >  >  >  >  r  R  ^  >  
r  v  l  <  L  l  <  L  v  v  >  >  r  v  r  v  r  v  v  R  R  R  R  R  >  r  R  ^  
v  l  ^  L  l  <  L  v  v  v  v  >  >  r  v  r  v  >  r  v  r  v  r  R  R  r  v  l  
v  ^  L  l  <  L  v  v  v  v  v  R  >  >  r  >  r  v  v  r  v  r  v  r  v  >  >  >  
L  v  l  <  L  v  v  v  v  v  l  <  >  >  >  >  >  r  v  >  r  v  r  v  r  R  ^  ^  
l  l  <  L  v  v  v  v  v  l  v  l  R  R  ^  R  R  >  r  >  >  r  >  r  v  r  v  l  
<  ^  L  v  r  v  v  v  l  v  l  <  v  >  >  >  >  >  >  >  >  >  >  >  >  >  r  >  
^  L  l  r  v  r  v  l  v  l  <  L  v  R  R  R  R  ^  ^  R  R  ^  R  R  ^  >  r  R  
<  l  <  v  r  v  l  v  l  v  l  v  r  v  v  r  v  >  r  v  v  v  >  r  R  R  ^  l  
l  ^  L  v  v  l  <  l  v  l  <  v  >  r  v  v  >  >  >  r  v  v  v  >  >  >  >  r  
<  <  v  v  v  v  v  v  l  <  L  v  l  v  r  r  r  R  R  >  r  v  v  R  R  R  ^  ^  
^  L  v  v  v  v  v  l  <  L  v  v  l  l  >  >  >  r  R  R  >  r  v  >  >  >  >  r  
l  <  v  v  l  v  l  v  l  r  v  l  v  v  v  v  v  v  v  R  r  v  v  v  R  R  R  >  
^  L  v  l  <  r  v  l  <  v  l  v  v  v  v  v  v  v  v  R  >  r  v  v  v  v  R  ^  
v  >  v  <  v  v  l  <  L  l  v  v  v  v  v  l  r  v  v  R  >  >  r  r  v  v  v  v  
<  v  l  <  l  l  <  L  v  v  v  v  v  v  l  <  >  r  v  v  v  >  >  >  >  >  r  v  
^  l  ^  r  v  l  L  v  v  v  v  v  v  l  <  L  >  >  r  v  v  v  R  >  r  v  >  r  
l  ^  R  >  v  <  >  r  v  v  v  v  l  <  L  >  >  >  >  r  v  v  l  R  >  r  <  l  
<  L  R  v  r  <  >  >  l  r  l  r  <  L  >  >  >  >  >  >  r  r  <  L  >  l  r  ^  
Correct actions (%) : 11.59
Avg angular diffs   : 96.52
