arguments: 54 31 4 -0.174965 0.579184 -0.176694 -0.0691563
loading features...

Initializing gridworld of size 28 by 22..
    Num states: 616
    Num actions: 8
recovered reward
0.22, 0.51, 0.22, -0.07, -0.11, -0.01, 0.18, 0.08, -0.07, -0.07, -0.07, -0.07, -0.07, -0.07, -0.07, -0.07, -0.07, -0.07, 0.08, 0.22, 0.08, -0.07, -0.07, -0.07, -0.07, -0.07, -0.07, -0.07, 
0.08, 0.18, -0.01, -0.11, -0.16, 0.05, 0.42, 0.22, -0.07, -0.21, -0.07, -0.07, -0.23, -0.07, -0.07, -0.07, -0.07, -0.07, 0.22, 0.47, 0.13, -0.11, -0.07, -0.07, -0.07, -0.53, -0.07, -0.07, 
-0.07, -0.16, -0.24, -0.16, -0.11, -0.01, 0.18, 0.08, -0.07, -0.07, -0.07, -0.07, -0.07, -0.07, -0.07, -0.07, -0.25, -0.07, 0.08, 0.13, -0.10, -0.16, -0.07, -0.07, -0.07, -0.07, -0.07, -0.07, 
-0.07, -0.11, -0.16, -0.11, -0.07, 0.08, 0.22, -0.05, -0.07, -0.07, -0.07, -0.07, -0.07, -0.07, -0.07, -0.07, -0.07, -0.07, -0.07, -0.11, -0.16, -0.11, -0.11, -0.07, -0.07, -0.07, -0.07, -0.07, 
-0.07, -0.07, -0.07, -0.07, -0.07, -0.07, -0.18, -0.07, -0.07, -0.07, -0.07, -0.07, -0.07, -0.07, -0.07, -0.07, -0.07, -0.07, -0.07, -0.07, -0.11, -0.16, -0.11, -0.07, -0.07, -0.51, -0.07, -0.07, 
-0.07, -0.07, -0.07, -0.07, -0.07, -0.07, -0.07, -0.07, -0.07, -0.07, 0.08, 0.22, 0.08, -0.07, -0.07, -0.07, -0.26, -0.07, -0.07, -0.07, -0.16, -0.24, -0.16, -0.07, -0.07, -0.07, -0.07, -0.07, 
-0.07, -0.07, -0.07, -0.07, -0.16, -0.07, -0.07, -0.07, -0.07, -0.07, 0.22, 0.51, 0.22, -0.07, -0.28, -0.07, -0.07, -0.07, -0.07, -0.07, 0.03, 0.13, 0.03, -0.07, -0.07, -0.07, -0.07, -0.07, 
-0.07, -0.07, -0.07, -0.07, -0.07, -0.07, -0.11, -0.16, -0.11, -0.07, 0.08, 0.22, 0.08, -0.07, -0.07, -0.07, -0.07, -0.07, -0.07, -0.11, 0.13, 0.47, 0.22, -0.49, -0.07, -0.07, -0.07, -0.07, 
-0.07, -0.07, -0.07, -0.07, -0.07, -0.07, -0.16, -0.24, -0.16, -0.07, -0.07, -0.07, -0.07, -0.07, -0.07, -0.07, -0.07, -0.07, -0.07, -0.16, -0.10, 0.13, 0.08, -0.07, -0.07, -0.07, -0.07, -0.07, 
-0.07, -0.07, -0.07, -0.07, -0.14, -0.07, -0.11, -0.16, -0.11, -0.16, -0.11, -0.07, -0.30, -0.07, -0.07, -0.07, -0.07, -0.07, -0.07, -0.11, -0.16, -0.11, -0.07, -0.07, -0.07, -0.07, -0.07, -0.07, 
-0.07, -0.07, -0.07, -0.07, -0.07, -0.07, -0.07, -0.07, -0.16, -0.24, -0.16, -0.07, -0.07, -0.07, -0.07, 0.08, 0.22, 0.08, -0.07, -0.07, -0.07, -0.07, -0.07, -0.07, -0.48, -0.07, -0.07, -0.07, 
-0.07, -0.07, -0.07, -0.07, -0.07, -0.07, -0.07, -0.07, -0.11, -0.16, -0.36, -0.07, -0.07, 0.08, 0.22, 0.22, 0.51, 0.22, -0.07, -0.07, -0.07, -0.07, -0.07, -0.07, -0.07, -0.07, -0.07, -0.07, 
-0.07, -0.07, -0.07, -0.07, -0.07, -0.07, -0.07, -0.07, -0.07, -0.07, -0.07, -0.07, -0.07, 0.22, 0.51, 0.08, 0.22, 0.08, -0.07, -0.07, -0.07, -0.07, -0.07, -0.07, -0.11, -0.16, -0.11, -0.07, 
-0.07, -0.07, -0.07, -0.12, -0.07, -0.07, -0.07, -0.07, -0.07, -0.07, -0.07, -0.07, -0.07, 0.08, 0.22, 0.08, -0.07, -0.07, -0.07, -0.07, -0.07, -0.07, -0.07, -0.46, -0.16, -0.24, -0.16, -0.07, 
-0.07, -0.07, -0.07, -0.07, -0.07, -0.07, -0.07, -0.07, -0.07, -0.33, -0.07, -0.07, -0.07, -0.07, -0.07, -0.07, -0.07, -0.07, -0.07, -0.07, -0.07, -0.11, -0.16, -0.11, -0.11, -0.16, -0.11, -0.07, 
-0.07, -0.07, -0.07, -0.07, -0.07, -0.07, -0.07, -0.07, -0.07, -0.07, -0.07, -0.07, -0.07, -0.07, -0.07, -0.07, -0.07, -0.07, -0.07, -0.07, -0.11, -0.16, -0.10, 0.13, 0.08, -0.07, -0.07, -0.07, 
-0.07, -0.07, -0.10, -0.07, -0.07, -0.07, -0.07, -0.07, -0.07, -0.07, -0.07, -0.07, -0.35, -0.07, -0.07, -0.07, -0.07, -0.07, -0.07, -0.07, -0.16, -0.11, 0.13, 0.10, 0.22, -0.07, -0.07, -0.07, 
-0.07, -0.07, -0.07, -0.07, -0.07, -0.07, -0.11, -0.16, -0.11, -0.07, -0.07, -0.07, -0.07, -0.07, 0.08, 0.22, 0.08, -0.07, -0.07, -0.07, -0.11, -0.16, 0.03, 0.22, 0.08, -0.07, -0.07, -0.07, 
-0.07, -0.07, -0.07, -0.07, -0.07, -0.07, -0.16, -0.24, -0.16, -0.07, -0.07, -0.07, -0.07, -0.07, 0.22, 0.51, 0.22, -0.07, 0.08, 0.22, 0.08, -0.42, -0.07, -0.07, -0.07, -0.07, -0.07, -0.07, 
-0.09, -0.07, -0.07, -0.07, -0.07, -0.07, -0.11, -0.16, -0.11, -0.07, -0.07, -0.07, -0.07, -0.37, 0.08, 0.22, -0.24, -0.07, 0.22, 0.17, 0.22, -0.07, -0.07, -0.07, -0.07, -0.07, -0.07, -0.07, 
-0.07, -0.07, -0.07, -0.07, -0.07, -0.07, -0.07, -0.07, -0.07, -0.07, -0.07, -0.07, -0.07, -0.07, 0.08, 0.22, 0.08, -0.07, 0.08, 0.22, 0.08, -0.07, -0.07, -0.07, -0.07, -0.07, -0.07, -0.07, 
-0.07, -0.07, -0.07, -0.07, -0.07, -0.07, -0.07, -0.07, -0.07, -0.07, -0.07, -0.07, -0.07, -0.07, -0.07, -0.07, -0.07, -0.07, -0.07, -0.07, -0.07, -0.07, -0.07, -0.07, -0.07, -0.07, -0.07, -0.07, 
-- optimal policy --
>  R  <  <  r  r  v  l  l  l  <  <  l  v  r  >  >  r  r  v  l  l  <  l  <  l  <  l  
R  ^  L  L  >  >  >  <  <  <  L  l  v  l  v  R  >  >  >  ^  <  <  L  <  L  <  v  l  
R  ^  L  L  R  R  ^  L  L  L  r  v  l  v  l  r  >  R  R  ^  L  L  ^  L  L  v  l  <  
^  L  r  >  >  >  ^  <  L  r  v  l  v  l  l  l  R  R  R  ^  L  L  r  v  l  l  <  l  
^  L  >  >  R  R  ^  L  L  r  r  v  l  l  l  <  R  R  ^  L  l  ^  r  v  l  l  l  <  
^  ^  >  R  R  ^  L  ^  >  r  r  v  l  l  <  <  R  ^  r  r  r  v  l  l  l  <  <  L  
^  >  R  R  ^  L  L  >  R  >  >  v  <  <  l  l  v  >  >  r  r  v  l  l  <  L  <  l  
R  R  R  ^  L  ^  R  R  >  R  R  ^  L  L  <  r  v  l  R  >  >  >  <  <  L  l  l  <  
R  R  ^  ^  ^  ^  L  R  R  R  R  ^  L  L  L  v  r  v  l  R  R  ^  L  L  <  l  <  <  
R  ^  L  ^  ^  L  L  v  R  R  R  ^  L  r  r  r  v  l  l  R  R  ^  L  L  L  <  L  <  
^  R  ^  L  R  ^  r  v  l  R  R  r  r  r  v  r  v  l  l  <  <  R  ^  L  L  L  <  L  
R  ^  ^  ^  ^  >  >  r  r  r  R  >  r  r  v  l  v  <  <  <  <  ^  R  ^  L  ^  L  <  
^  R  ^  L  r  >  >  >  >  >  r  >  >  >  ^  <  ^  L  L  <  L  L  ^  L  ^  L  ^  L  
R  ^  ^  >  >  r  >  >  R  R  r  >  R  R  ^  L  ^  L  L  L  <  l  <  L  L  l  r  v  
^  L  >  r  >  r  >  >  R  r  >  R  R  R  ^  L  L  L  L  L  L  r  r  v  l  l  l  l  
R  >  >  >  >  >  >  >  r  >  R  R  R  ^  L  v  l  l  l  L  l  r  >  r  v  l  l  <  
R  R  >  >  >  R  >  R  >  R  R  R  r  r  r  v  l  l  l  l  l  >  r  v  l  <  l  l  
>  >  >  >  R  R  R  R  R  R  R  >  >  r  r  v  l  l  r  v  l  R  >  R  <  L  <  <  
>  >  >  R  R  ^  L  R  R  r  >  r  >  >  >  v  <  <  v  r  v  l  R  ^  L  L  L  L  
>  >  >  R  ^  r  r  r  >  >  >  >  R  R  R  ^  L  L  R  >  L  <  ^  R  ^  L  L  L  
>  >  R  ^  >  r  >  >  R  R  R  R  >  R  R  ^  L  R  ^  R  ^  L  <  ^  L  ^  L  L  
>  R  ^  R  R  >  >  R  R  R  R  >  R  R  R  ^  L  L  R  ^  L  L  L  <  <  L  ^  L  
Correct actions (%) : 6.49
Avg angular diffs   : 91.75
