arguments: 54 40 2 -0.285919 0.333095 -0.333333 -0.0476531

Initializing gridworld of size 28 by 22..
    Num states: 616
    Num actions: 8
recovered reward
-0.05, -0.05, -0.05, -0.05, -0.05, -0.05, -0.05, -0.05, -0.05, -0.05, -0.05, -0.05, -0.05, -0.05, -0.05, -0.05, -0.05, -0.05, -0.05, -0.05, -0.05, -0.05, -0.05, -0.05, -0.05, -0.05, -0.05, -0.05, 
-0.05, -0.05, -0.05, -0.05, -0.05, -0.05, -0.05, -0.05, -0.05, -0.05, -0.05, -0.05, -0.05, -0.05, -0.05, -0.05, -0.05, -0.05, -0.05, -0.05, -0.05, -0.05, -0.05, -0.05, -0.05, -0.05, -0.05, -0.05, 
-0.05, -0.05, -0.05, -0.05, -0.05, -0.05, -0.05, -0.05, -0.05, -0.05, -0.05, -0.05, -0.05, -0.05, -0.05, -0.05, -0.05, -0.05, -0.05, -0.05, -0.05, -0.05, -0.05, -0.05, -0.05, -0.05, -0.05, -0.05, 
-0.05, -0.05, -0.05, -0.05, -0.05, -0.05, -0.05, -0.05, -0.05, -0.05, -0.05, -0.05, -0.05, -0.05, -0.05, -0.05, -0.05, -0.05, -0.05, -0.05, -0.05, -0.05, -0.05, -0.05, -0.05, -0.05, -0.05, -0.05, 
-0.05, -0.05, -0.05, -0.05, -0.05, -0.05, -0.05, -0.05, -0.05, -0.05, -0.05, -0.05, -0.05, -0.05, -0.05, -0.05, -0.05, -0.05, -0.05, -0.05, -0.05, -0.05, -0.05, -0.05, -0.05, -0.05, -0.05, -0.05, 
-0.05, -0.05, -0.05, -0.05, -0.05, -0.05, -0.05, -0.05, -0.05, -0.05, -0.05, -0.05, -0.05, -0.05, -0.05, -0.05, -0.05, -0.05, -0.05, -0.05, -0.05, -0.05, -0.05, -0.05, -0.05, -0.05, -0.05, -0.05, 
-0.05, -0.05, -0.05, -0.05, -0.05, -0.05, -0.05, -0.05, -0.05, -0.05, -0.05, -0.05, -0.05, -0.05, -0.05, -0.05, -0.05, -0.05, -0.05, -0.05, -0.05, -0.05, -0.05, -0.05, -0.05, -0.05, -0.05, -0.05, 
-0.05, -0.05, -0.05, -0.05, -0.05, -0.05, -0.05, -0.05, -0.05, -0.05, -0.05, -0.05, -0.05, -0.05, -0.05, -0.05, -0.05, -0.05, -0.05, -0.05, -0.05, -0.05, -0.05, -0.05, -0.05, -0.05, -0.05, -0.05, 
-0.05, -0.05, -0.05, -0.05, -0.05, -0.05, -0.05, -0.05, -0.05, -0.05, -0.05, -0.05, -0.05, -0.05, -0.05, -0.05, -0.05, -0.05, -0.05, -0.05, -0.05, -0.05, -0.05, -0.05, -0.05, -0.05, -0.05, -0.05, 
-0.05, -0.05, -0.05, -0.05, -0.05, -0.05, -0.05, -0.05, -0.05, -0.05, -0.05, -0.05, -0.05, -0.05, -0.05, -0.05, -0.05, -0.05, -0.05, -0.05, -0.05, -0.05, -0.05, -0.05, -0.05, -0.05, -0.05, -0.05, 
-0.05, -0.05, -0.05, -0.05, -0.05, -0.05, -0.05, -0.05, -0.05, -0.05, -0.05, -0.05, -0.05, -0.05, -0.05, -0.05, -0.05, -0.05, -0.05, -0.05, -0.05, -0.05, -0.05, -0.05, -0.05, -0.05, -0.05, -0.05, 
-0.05, -0.05, -0.05, -0.05, -0.05, -0.05, -0.05, -0.05, -0.05, -0.05, -0.05, -0.05, -0.05, -0.05, -0.05, -0.05, -0.05, -0.05, -0.05, -0.05, -0.05, -0.05, -0.05, -0.05, -0.05, -0.05, -0.05, -0.05, 
-0.05, -0.05, -0.05, -0.05, -0.05, -0.05, -0.05, -0.05, -0.05, -0.05, -0.05, -0.05, -0.05, -0.05, -0.05, -0.05, -0.05, -0.05, -0.05, -0.05, -0.05, -0.05, -0.05, -0.05, -0.05, -0.05, -0.05, -0.05, 
-0.05, -0.05, -0.05, -0.05, -0.05, -0.05, -0.05, -0.05, -0.05, -0.05, -0.05, -0.05, -0.05, -0.05, -0.05, -0.05, -0.05, -0.05, -0.05, -0.05, -0.05, -0.05, -0.05, -0.05, -0.05, -0.05, -0.05, -0.05, 
-0.05, -0.05, -0.05, -0.05, -0.05, -0.05, -0.05, -0.05, -0.05, -0.05, -0.05, -0.05, -0.05, -0.05, -0.05, -0.05, -0.05, -0.05, -0.05, -0.05, -0.05, -0.05, -0.05, -0.05, -0.05, -0.05, -0.05, -0.05, 
-0.05, -0.05, -0.05, -0.05, -0.05, -0.05, -0.05, -0.05, -0.05, -0.05, -0.05, -0.05, -0.05, -0.05, -0.05, -0.05, -0.05, -0.05, -0.05, -0.05, -0.05, -0.05, -0.05, -0.05, -0.05, -0.05, -0.05, -0.05, 
-0.05, -0.05, -0.05, -0.05, -0.05, -0.05, -0.05, -0.05, -0.05, -0.05, -0.05, -0.05, -0.05, -0.05, -0.05, -0.05, -0.05, -0.05, -0.05, -0.05, -0.05, -0.05, -0.05, -0.05, -0.05, -0.05, -0.05, -0.05, 
-0.05, -0.05, -0.05, -0.05, -0.05, -0.05, -0.05, -0.05, -0.05, -0.05, -0.05, -0.05, -0.05, -0.05, -0.05, -0.05, -0.05, -0.05, -0.05, -0.05, -0.05, -0.05, -0.05, -0.05, -0.05, -0.05, -0.05, -0.05, 
-0.05, -0.05, -0.05, -0.05, -0.05, -0.05, -0.05, -0.05, -0.05, -0.05, -0.05, -0.05, -0.05, -0.05, -0.05, -0.05, -0.05, -0.05, -0.05, -0.05, -0.05, -0.05, -0.05, -0.05, -0.05, -0.05, -0.05, -0.05, 
-0.05, -0.05, -0.05, -0.05, -0.05, -0.05, -0.05, -0.05, -0.05, -0.05, -0.05, -0.05, -0.05, -0.05, -0.05, -0.05, -0.05, -0.05, -0.05, -0.05, -0.05, -0.05, -0.05, -0.05, -0.05, -0.05, -0.05, -0.05, 
-0.05, -0.05, -0.05, -0.05, -0.05, -0.05, -0.05, -0.05, -0.05, -0.05, -0.05, -0.05, -0.05, -0.05, -0.05, -0.05, -0.05, -0.05, -0.05, -0.05, -0.05, -0.05, -0.05, -0.05, -0.05, -0.05, -0.05, -0.05, 
-0.05, -0.05, -0.05, -0.05, -0.05, -0.05, -0.05, -0.05, -0.05, -0.05, -0.05, -0.05, -0.05, -0.05, -0.05, -0.05, -0.05, -0.05, -0.05, -0.05, -0.05, -0.05, -0.05, -0.05, -0.05, -0.05, -0.05, -0.05, 
-- optimal policy --
^  <  L  ^  <  >  ^  ^  ^  R  <  >  R  <  >  R  R  L  <  l  >  R  <  l  l  >  R  >  
L  R  ^  L  L  R  ^  L  ^  L  L  R  ^  L  R  ^  ^  ^  L  <  R  ^  L  l  r  R  ^  ^  
v  <  <  ^  L  ^  L  R  ^  ^  L  >  R  ^  ^  L  <  R  ^  L  >  l  <  r  ^  >  R  ^  
l  <  <  r  L  r  R  ^  L  l  ^  ^  L  <  >  R  v  <  ^  >  R  <  r  ^  ^  v  r  v  
L  <  L  <  r  r  <  >  l  r  l  r  R  l  r  v  v  >  r  <  R  r  l  <  <  R  r  v  
l  <  <  <  r  L  R  l  >  r  v  v  l  r  ^  >  l  ^  R  r  >  L  v  ^  >  r  >  R  
L  <  L  <  ^  >  R  r  ^  <  l  >  v  r  R  r  r  R  <  R  R  r  L  ^  >  R  >  r  
^  L  L  v  ^  L  L  ^  ^  v  ^  ^  >  l  >  L  R  ^  >  L  l  R  v  >  R  R  R  ^  
>  L  r  ^  r  L  v  ^  ^  R  ^  ^  l  ^  ^  v  l  L  R  L  L  ^  ^  <  l  r  v  >  
v  l  >  <  l  >  <  l  r  L  l  r  v  l  ^  ^  r  ^  v  R  L  r  v  v  r  >  >  R  
L  <  ^  >  >  L  l  <  r  ^  ^  l  L  l  R  l  L  R  l  >  l  r  v  <  l  R  ^  ^  
L  <  l  ^  ^  L  L  L  ^  <  l  r  <  l  R  r  L  <  R  ^  ^  >  L  l  <  R  ^  v  
^  L  <  L  >  <  L  >  l  ^  r  l  <  R  R  R  >  <  L  r  R  v  ^  R  L  L  >  l  
v  <  L  ^  r  l  L  <  v  v  l  r  v  R  l  L  >  >  v  l  l  R  l  >  l  l  ^  <  
<  <  ^  >  l  ^  >  l  l  ^  ^  r  v  l  r  <  L  R  l  r  ^  r  R  l  L  >  v  <  
v  <  L  >  L  R  l  >  R  <  v  >  <  v  >  >  ^  <  R  L  r  L  >  r  >  ^  r  v  
L  <  <  R  v  r  v  R  L  r  ^  v  v  v  L  >  >  r  l  >  v  L  r  ^  ^  <  >  >  
<  <  >  l  R  l  L  l  R  R  L  v  L  L  <  l  l  l  v  v  l  ^  L  r  L  >  R  ^  
^  L  r  r  l  >  l  >  v  <  <  l  r  l  r  >  <  v  v  ^  r  >  v  R  >  R  >  r  
r  v  v  v  v  v  v  l  R  >  l  l  R  ^  L  L  l  >  r  v  L  v  v  L  L  >  >  r  
v  l  l  v  >  v  l  <  r  v  l  v  r  v  v  l  v  v  l  v  r  r  r  v  l  v  R  ^  
l  v  >  r  ^  v  ^  L  >  l  <  R  >  r  l  <  v  l  <  L  <  >  >  v  <  r  <  <  
