arguments: 54 35 3 0.294101 -0.581257 0.0275889 -0.0970531

Initializing gridworld of size 28 by 22..
    Num states: 616
    Num actions: 8
recovered reward
-0.10, -0.10, -0.10, -0.10, -0.10, -0.10, -0.10, -0.10, -0.10, -0.10, -0.10, -0.10, -0.10, -0.10, -0.10, -0.10, -0.10, -0.10, -0.10, -0.10, -0.10, -0.10, -0.10, -0.10, -0.10, -0.10, -0.10, -0.10, 
-0.10, -0.10, -0.10, -0.10, -0.10, -0.10, -0.10, -0.10, -0.10, -0.10, -0.10, -0.10, -0.10, -0.10, -0.10, -0.10, -0.10, -0.10, -0.10, -0.10, -0.10, -0.10, -0.10, -0.10, -0.10, -0.10, -0.10, -0.10, 
-0.10, -0.10, -0.10, -0.10, -0.10, -0.10, -0.10, -0.10, -0.10, -0.10, -0.10, -0.10, -0.10, -0.10, -0.10, -0.10, -0.10, -0.10, -0.10, -0.10, -0.10, -0.10, -0.10, -0.10, -0.10, -0.10, -0.10, -0.10, 
-0.10, -0.10, -0.10, -0.10, -0.10, -0.10, -0.10, -0.10, -0.10, -0.10, -0.10, -0.10, -0.10, -0.10, -0.10, -0.10, -0.10, -0.10, -0.10, -0.10, -0.10, -0.10, -0.10, -0.10, -0.10, -0.10, -0.10, -0.10, 
-0.10, -0.10, -0.10, -0.10, -0.10, -0.10, -0.10, -0.10, -0.10, -0.10, -0.10, -0.10, -0.10, -0.10, -0.10, -0.10, -0.10, -0.10, -0.10, -0.10, -0.10, -0.10, -0.10, -0.10, -0.10, -0.10, -0.10, -0.10, 
-0.10, -0.10, -0.10, -0.10, -0.10, -0.10, -0.10, -0.10, -0.10, -0.10, -0.10, -0.10, -0.10, -0.10, -0.10, -0.10, -0.10, -0.10, -0.10, -0.10, -0.10, -0.10, -0.10, -0.10, -0.10, -0.10, -0.10, -0.10, 
-0.10, -0.10, -0.10, -0.10, -0.10, -0.10, -0.10, -0.10, -0.10, -0.10, -0.10, -0.10, -0.10, -0.10, -0.10, -0.10, -0.10, -0.10, -0.10, -0.10, -0.10, -0.10, -0.10, -0.10, -0.10, -0.10, -0.10, -0.10, 
-0.10, -0.10, -0.10, -0.10, -0.10, -0.10, -0.10, -0.10, -0.10, -0.10, -0.10, -0.10, -0.10, -0.10, -0.10, -0.10, -0.10, -0.10, -0.10, -0.10, -0.10, -0.10, -0.10, -0.10, -0.10, -0.10, -0.10, -0.10, 
-0.10, -0.10, -0.10, -0.10, -0.10, -0.10, -0.10, -0.10, -0.10, -0.10, -0.10, -0.10, -0.10, -0.10, -0.10, -0.10, -0.10, -0.10, -0.10, -0.10, -0.10, -0.10, -0.10, -0.10, -0.10, -0.10, -0.10, -0.10, 
-0.10, -0.10, -0.10, -0.10, -0.10, -0.10, -0.10, -0.10, -0.10, -0.10, -0.10, -0.10, -0.10, -0.10, -0.10, -0.10, -0.10, -0.10, -0.10, -0.10, -0.10, -0.10, -0.10, -0.10, -0.10, -0.10, -0.10, -0.10, 
-0.10, -0.10, -0.10, -0.10, -0.10, -0.10, -0.10, -0.10, -0.10, -0.10, -0.10, -0.10, -0.10, -0.10, -0.10, -0.10, -0.10, -0.10, -0.10, -0.10, -0.10, -0.10, -0.10, -0.10, -0.10, -0.10, -0.10, -0.10, 
-0.10, -0.10, -0.10, -0.10, -0.10, -0.10, -0.10, -0.10, -0.10, -0.10, -0.10, -0.10, -0.10, -0.10, -0.10, -0.10, -0.10, -0.10, -0.10, -0.10, -0.10, -0.10, -0.10, -0.10, -0.10, -0.10, -0.10, -0.10, 
-0.10, -0.10, -0.10, -0.10, -0.10, -0.10, -0.10, -0.10, -0.10, -0.10, -0.10, -0.10, -0.10, -0.10, -0.10, -0.10, -0.10, -0.10, -0.10, -0.10, -0.10, -0.10, -0.10, -0.10, -0.10, -0.10, -0.10, -0.10, 
-0.10, -0.10, -0.10, -0.10, -0.10, -0.10, -0.10, -0.10, -0.10, -0.10, -0.10, -0.10, -0.10, -0.10, -0.10, -0.10, -0.10, -0.10, -0.10, -0.10, -0.10, -0.10, -0.10, -0.10, -0.10, -0.10, -0.10, -0.10, 
-0.10, -0.10, -0.10, -0.10, -0.10, -0.10, -0.10, -0.10, -0.10, -0.10, -0.10, -0.10, -0.10, -0.10, -0.10, -0.10, -0.10, -0.10, -0.10, -0.10, -0.10, -0.10, -0.10, -0.10, -0.10, -0.10, -0.10, -0.10, 
-0.10, -0.10, -0.10, -0.10, -0.10, -0.10, -0.10, -0.10, -0.10, -0.10, -0.10, -0.10, -0.10, -0.10, -0.10, -0.10, -0.10, -0.10, -0.10, -0.10, -0.10, -0.10, -0.10, -0.10, -0.10, -0.10, -0.10, -0.10, 
-0.10, -0.10, -0.10, -0.10, -0.10, -0.10, -0.10, -0.10, -0.10, -0.10, -0.10, -0.10, -0.10, -0.10, -0.10, -0.10, -0.10, -0.10, -0.10, -0.10, -0.10, -0.10, -0.10, -0.10, -0.10, -0.10, -0.10, -0.10, 
-0.10, -0.10, -0.10, -0.10, -0.10, -0.10, -0.10, -0.10, -0.10, -0.10, -0.10, -0.10, -0.10, -0.10, -0.10, -0.10, -0.10, -0.10, -0.10, -0.10, -0.10, -0.10, -0.10, -0.10, -0.10, -0.10, -0.10, -0.10, 
-0.10, -0.10, -0.10, -0.10, -0.10, -0.10, -0.10, -0.10, -0.10, -0.10, -0.10, -0.10, -0.10, -0.10, -0.10, -0.10, -0.10, -0.10, -0.10, -0.10, -0.10, -0.10, -0.10, -0.10, -0.10, -0.10, -0.10, -0.10, 
-0.10, -0.10, -0.10, -0.10, -0.10, -0.10, -0.10, -0.10, -0.10, -0.10, -0.10, -0.10, -0.10, -0.10, -0.10, -0.10, -0.10, -0.10, -0.10, -0.10, -0.10, -0.10, -0.10, -0.10, -0.10, -0.10, -0.10, -0.10, 
-0.10, -0.10, -0.10, -0.10, -0.10, -0.10, -0.10, -0.10, -0.10, -0.10, -0.10, -0.10, -0.10, -0.10, -0.10, -0.10, -0.10, -0.10, -0.10, -0.10, -0.10, -0.10, -0.10, -0.10, -0.10, -0.10, -0.10, -0.10, 
-0.10, -0.10, -0.10, -0.10, -0.10, -0.10, -0.10, -0.10, -0.10, -0.10, -0.10, -0.10, -0.10, -0.10, -0.10, -0.10, -0.10, -0.10, -0.10, -0.10, -0.10, -0.10, -0.10, -0.10, -0.10, -0.10, -0.10, -0.10, 
-- optimal policy --
>  >  ^  L  <  R  <  R  <  >  >  L  <  >  >  >  >  R  L  <  R  <  >  ^  <  ^  ^  <  
R  R  ^  ^  L  ^  L  ^  L  R  ^  ^  L  R  ^  R  R  ^  ^  L  ^  L  R  ^  L  R  ^  L  
v  v  l  <  v  v  v  v  v  v  v  >  >  r  v  v  v  >  r  v  r  v  r  v  r  v  v  v  
v  l  <  L  v  v  v  v  v  v  v  >  >  >  r  v  v  >  >  r  >  r  >  r  v  r  r  v  
l  <  L  v  v  v  v  v  v  v  l  <  >  >  >  >  r  >  >  >  >  >  >  >  r  r  v  l  
^  L  v  v  v  v  v  v  v  l  <  >  >  >  r  v  v  v  R  ^  R  ^  R  R  ^  >  v  <  
<  <  v  v  v  v  v  v  l  <  L  >  >  >  >  >  >  >  r  v  v  v  v  r  R  R  r  v  
^  L  v  v  v  v  v  l  <  L  R  R  R  R  R  R  R  r  v  r  v  v  v  v  r  R  ^  >  
v  v  r  v  v  v  l  <  L  v  v  >  >  r  v  >  r  >  r  >  r  v  v  v  v  r  R  ^  
v  v  v  r  v  l  <  L  v  v  v  v  >  >  >  >  >  >  >  >  >  r  v  v  v  >  >  r  
v  v  v  v  l  <  L  v  v  v  v  v  v  R  ^  R  R  R  R  R  R  >  >  r  v  v  R  ^  
v  v  v  l  ^  L  v  v  v  v  v  v  v  v  r  v  l  v  >  >  >  >  >  >  >  r  v  r  
r  v  l  <  L  v  v  v  v  v  v  l  r  v  v  l  v  r  R  R  R  R  R  R  ^  >  v  >  
>  l  ^  L  r  v  v  v  v  v  l  v  v  r  v  l  l  >  r  v  v  l  v  v  R  R  r  <  
v  l  <  v  v  r  v  l  v  l  <  v  l  v  l  v  l  v  r  v  l  v  v  v  v  R  ^  r  
l  <  L  r  v  v  l  <  l  <  v  l  <  r  v  l  v  r  v  r  v  v  v  v  v  v  R  ^  
^  L  v  v  r  v  v  v  l  L  l  r  v  v  l  v  v  v  r  v  l  >  >  >  r  v  v  v  
r  v  v  v  v  r  v  l  v  l  v  v  r  v  v  v  v  v  v  r  v  l  ^  ^  >  r  v  v  
v  r  v  v  v  v  v  v  l  v  v  v  v  r  v  v  v  v  v  v  l  v  v  v  R  >  r  v  
v  v  l  r  v  l  v  l  v  v  v  v  v  >  >  r  r  v  l  v  v  v  v  v  v  v  >  r  
v  v  l  v  l  <  r  v  v  l  r  v  l  <  R  r  v  v  v  l  r  v  l  r  v  l  >  v  
<  r  <  r  ^  L  >  v  l  <  >  l  <  L  >  >  v  >  r  <  >  r  <  >  r  <  >  l  
