arguments: 54 39 3 0.0166823 -0.00780182 -0.00668738 -0.968828
loading features...

Initializing gridworld of size 28 by 22..
    Num states: 616
    Num actions: 8
recovered reward
-0.97, -0.97, -0.97, -0.97, -0.97, -0.97, -0.97, -0.97, -0.97, -0.97, -0.97, -0.97, -0.97, -0.97, -0.97, -0.98, -0.97, -0.97, -0.97, -0.97, -0.97, -0.97, -0.97, -0.97, -0.97, -0.97, -0.97, -0.97, 
-0.97, -0.97, -0.97, -0.97, -0.97, -0.97, -0.97, -0.97, -0.97, -0.97, -0.97, -0.97, -0.97, -0.97, -0.97, -0.97, -0.97, -0.97, -0.97, -0.97, -0.97, -0.97, -0.97, -0.97, -0.97, -0.97, -0.97, -0.97, 
-0.97, -0.97, -0.97, -0.97, -0.97, -0.97, -0.95, -0.97, -0.97, -0.97, -0.97, -0.97, -0.97, -0.97, -0.97, -0.97, -0.97, -0.97, -0.97, -0.97, -0.97, -0.97, -0.98, -0.97, -0.97, -0.97, -0.98, -0.97, 
-0.97, -0.97, -0.97, -0.97, -0.97, -0.97, -0.97, -0.97, -0.97, -0.96, -0.97, -0.97, -0.97, -0.97, -0.97, -0.97, -0.97, -0.97, -0.97, -0.97, -0.97, -0.97, -0.97, -0.97, -0.97, -0.97, -0.97, -0.97, 
-0.97, -0.97, -0.95, -0.97, -0.97, -0.97, -0.97, -0.97, -0.97, -0.97, -0.97, -0.95, -0.97, -0.97, -0.97, -0.97, -0.97, -0.97, -0.97, -0.97, -0.97, -0.97, -0.97, -0.97, -0.97, -0.97, -0.95, -0.97, 
-0.97, -0.97, -0.97, -0.97, -0.97, -0.95, -0.97, -0.97, -0.97, -0.97, -0.97, -0.97, -0.97, -0.97, -0.97, -0.97, -0.97, -0.97, -0.97, -0.97, -0.97, -0.97, -0.97, -0.97, -0.97, -0.98, -0.98, -0.97, 
-0.97, -0.97, -0.97, -0.97, -0.97, -0.97, -0.97, -0.97, -0.97, -0.97, -0.97, -0.97, -0.97, -0.97, -0.97, -0.97, -0.97, -0.97, -0.97, -0.97, -0.97, -0.97, -0.97, -0.97, -0.97, -0.97, -0.97, -0.97, 
-0.97, -0.97, -0.97, -0.97, -0.97, -0.97, -0.97, -0.97, -0.97, -0.97, -0.97, -0.97, -0.97, -0.97, -0.97, -0.97, -0.97, -0.97, -0.97, -0.97, -0.97, -0.97, -0.97, -0.97, -0.97, -0.97, -0.97, -0.97, 
-0.97, -0.97, -0.97, -0.97, -0.97, -0.97, -0.97, -0.97, -0.97, -0.97, -0.97, -0.97, -0.97, -0.97, -0.98, -0.97, -0.97, -0.97, -0.97, -0.97, -0.97, -0.97, -0.97, -0.97, -0.97, -0.98, -0.97, -0.97, 
-0.97, -0.97, -0.97, -0.97, -0.97, -0.97, -0.97, -0.97, -0.97, -0.97, -0.97, -0.97, -0.97, -0.97, -0.97, -0.97, -0.97, -0.97, -0.97, -0.97, -0.97, -0.97, -0.97, -0.97, -0.97, -0.97, -0.97, -0.97, 
-0.97, -0.97, -0.98, -0.97, -0.97, -0.97, -0.97, -0.97, -0.97, -0.97, -0.97, -0.97, -0.97, -0.97, -0.97, -0.97, -0.96, -0.97, -0.97, -0.97, -0.97, -0.97, -0.97, -0.97, -0.97, -0.97, -0.97, -0.97, 
-0.97, -0.97, -0.97, -0.97, -0.97, -0.98, -0.95, -0.98, -0.97, -0.97, -0.96, -0.97, -0.97, -0.97, -0.97, -0.97, -0.97, -0.97, -0.97, -0.97, -0.97, -0.97, -0.97, -0.97, -0.98, -0.97, -0.97, -0.97, 
-0.97, -0.97, -0.97, -0.97, -0.97, -0.97, -0.97, -0.97, -0.97, -0.97, -0.97, -0.97, -0.97, -0.97, -0.97, -0.97, -0.97, -0.97, -0.97, -0.97, -0.95, -0.97, -0.97, -0.97, -0.97, -0.97, -0.97, -0.97, 
-0.97, -0.97, -0.97, -0.97, -0.97, -0.97, -0.97, -0.97, -0.97, -0.97, -0.97, -0.97, -0.98, -0.97, -0.97, -0.97, -0.98, -0.98, -0.97, -0.97, -0.97, -0.97, -0.97, -0.97, -0.97, -0.97, -0.97, -0.97, 
-0.97, -0.97, -0.97, -0.97, -0.97, -0.97, -0.97, -0.97, -0.97, -0.97, -0.97, -0.97, -0.97, -0.97, -0.97, -0.97, -0.97, -0.97, -0.97, -0.98, -0.97, -0.97, -0.98, -0.97, -0.97, -0.97, -0.97, -0.97, 
-0.97, -0.97, -0.97, -0.97, -0.97, -0.97, -0.97, -0.97, -0.98, -0.97, -0.95, -0.97, -0.97, -0.97, -0.97, -0.97, -0.97, -0.97, -0.97, -0.97, -0.97, -0.97, -0.97, -0.97, -0.97, -0.97, -0.97, -0.97, 
-0.97, -0.97, -0.97, -0.97, -0.97, -0.97, -0.97, -0.97, -0.97, -0.98, -0.97, -0.97, -0.97, -0.97, -0.97, -0.97, -0.97, -0.98, -0.97, -0.97, -0.97, -0.97, -0.97, -0.97, -0.97, -0.97, -0.97, -0.97, 
-0.97, -0.97, -0.97, -0.97, -0.97, -0.97, -0.97, -0.97, -0.97, -0.97, -0.97, -0.97, -0.97, -0.97, -0.97, -0.97, -0.97, -0.97, -0.97, -0.97, -0.97, -0.97, -0.97, -0.98, -0.97, -0.97, -0.97, -0.97, 
-0.97, -0.97, -0.97, -0.97, -0.97, -0.97, -0.97, -0.97, -0.97, -0.97, -0.95, -0.97, -0.97, -0.97, -0.97, -0.97, -0.97, -0.97, -0.97, -0.97, -0.97, -0.97, -0.97, -0.97, -0.97, -0.97, -0.97, -0.97, 
-0.97, -0.97, -0.97, -0.97, -0.97, -0.97, -0.97, -0.97, -0.97, -0.97, -0.97, -0.97, -0.97, -0.97, -0.97, -0.97, -0.98, -0.97, -0.97, -0.97, -0.98, -0.97, -0.97, -0.97, -0.97, -0.97, -0.97, -0.97, 
-0.97, -0.97, -0.97, -0.97, -0.97, -0.97, -0.97, -0.97, -0.97, -0.97, -0.97, -0.97, -0.97, -0.97, -0.97, -0.97, -0.97, -0.97, -0.97, -0.98, -0.97, -0.97, -0.97, -0.97, -0.97, -0.97, -0.97, -0.97, 
-0.97, -0.97, -0.97, -0.97, -0.97, -0.97, -0.97, -0.97, -0.97, -0.97, -0.97, -0.97, -0.97, -0.97, -0.97, -0.97, -0.97, -0.97, -0.97, -0.97, -0.97, -0.97, -0.97, -0.97, -0.97, -0.97, -0.97, -0.97, 
-- optimal policy --
v  v  r  >  r  v  v  v  l  l  l  v  l  v  l  l  l  l  l  r  >  >  r  v  v  v  v  l  
r  v  l  r  >  r  v  l  l  l  v  l  v  l  l  l  l  l  l  r  r  >  >  r  v  v  l  v  
r  r  v  v  r  >  v  <  r  v  l  v  l  l  l  l  l  l  l  >  r  r  r  >  r  v  l  v  
>  r  v  l  l  R  ^  L  >  >  r  v  l  l  l  l  l  l  l  r  >  r  >  r  >  r  v  l  
r  >  v  <  r  v  l  ^  R  ^  >  v  <  l  l  l  l  l  <  >  r  >  r  >  R  >  >  <  
>  R  ^  L  >  >  <  <  R  >  R  ^  L  <  <  <  <  l  l  r  r  r  >  R  R  R  ^  L  
R  ^  R  ^  R  ^  L  <  l  R  R  ^  L  L  L  <  L  <  v  v  r  >  R  R  R  ^  R  ^  
^  R  R  R  ^  R  ^  L  <  R  ^  L  ^  L  L  L  <  v  l  r  v  R  R  R  ^  R  ^  ^  
^  R  R  ^  R  ^  R  ^  L  l  ^  L  L  ^  L  L  r  r  v  v  v  v  v  v  R  ^  ^  L  
R  R  R  >  r  r  v  l  l  l  l  v  l  ^  L  r  v  r  v  v  v  v  v  l  l  L  ^  ^  
R  R  >  r  >  r  v  l  <  <  v  l  l  v  l  >  r  >  r  v  v  v  l  l  l  <  R  ^  
^  r  r  >  r  >  v  <  l  l  v  <  v  l  l  R  ^  r  >  r  v  l  l  l  l  l  l  ^  
r  >  >  R  >  R  ^  L  <  v  v  v  l  l  l  l  >  >  r  >  v  <  <  <  l  l  <  <  
>  r  >  R  R  ^  ^  ^  r  v  v  v  l  l  l  l  r  r  >  R  ^  L  <  <  <  l  l  <  
r  >  R  R  R  ^  ^  >  >  r  v  l  l  l  l  l  r  >  R  ^  ^  L  L  L  <  <  l  l  
>  R  R  R  ^  ^  r  r  >  >  >  <  <  l  l  l  >  R  ^  R  ^  L  L  <  L  <  <  l  
R  R  R  ^  ^  r  r  r  r  R  ^  L  l  l  l  <  R  ^  R  ^  R  ^  L  L  L  L  L  <  
R  R  R  ^  r  r  r  r  r  r  v  l  l  l  l  l  ^  R  ^  R  R  ^  ^  L  L  <  L  L  
R  R  ^  r  r  r  r  r  r  >  >  <  <  l  l  l  l  ^  ^  ^  ^  ^  ^  L  ^  L  <  L  
R  ^  >  r  r  r  r  r  >  R  ^  L  L  <  <  <  <  l  ^  ^  ^  ^  ^  L  L  L  L  <  
R  >  R  >  >  r  r  >  R  ^  R  ^  L  L  <  <  <  <  l  ^  R  ^  ^  ^  L  ^  L  L  
>  R  >  >  >  >  >  R  R  ^  ^  ^  ^  L  <  <  <  <  <  <  ^  ^  ^  ^  ^  L  ^  L  
Correct actions (%) : 4.35
Avg angular diffs   : 108.91
