arguments: 54 39 3 0.116484 0.457527 -0.341884 -0.0841043
loading features...

Initializing gridworld of size 28 by 22..
    Num states: 616
    Num actions: 8
recovered reward
-0.08, -0.08, -0.08, -0.08, -0.08, -0.08, -0.08, -0.08, -0.08, -0.08, -0.08, -0.08, -0.08, -0.08, 0.14, 0.37, 0.14, -0.08, -0.08, -0.08, -0.08, -0.08, -0.08, -0.08, -0.08, -0.08, -0.08, -0.08, 
-0.08, -0.08, -0.08, -0.08, -0.08, -0.05, -0.03, -0.05, -0.08, -0.08, -0.08, -0.08, -0.08, -0.08, 0.03, 0.14, 0.03, -0.08, -0.08, -0.08, -0.08, 0.03, 0.14, 0.03, -0.08, -0.08, -0.08, -0.08, 
-0.08, -0.08, -0.08, -0.08, -0.08, -0.03, 0.03, -0.03, -0.05, -0.03, -0.05, -0.08, -0.08, -0.08, -0.08, -0.08, -0.08, -0.08, -0.08, -0.08, -0.08, 0.14, 0.37, 0.14, -0.08, -0.08, -0.84, -0.08, 
-0.08, -0.05, -0.03, -0.05, -0.08, -0.05, -0.03, -0.05, -0.03, -0.21, -0.05, -0.03, -0.33, -0.08, -0.08, -0.08, -0.08, -0.08, -0.08, -0.08, -0.08, 0.03, 0.14, 0.03, -0.08, -0.05, -0.03, -0.05, 
-0.08, -0.03, 0.03, -0.03, -0.05, -0.03, -0.05, -0.08, -0.05, -0.03, -0.03, 0.03, -0.03, -0.08, -0.08, -0.08, -0.08, -0.08, -0.08, -0.08, -0.08, -0.08, -0.08, -0.08, 0.03, 0.20, 0.15, -0.03, 
-0.08, -0.05, -0.03, -0.05, -0.03, 0.03, -0.03, -0.29, -0.08, -0.08, -0.05, -0.03, -0.05, -0.08, -0.08, -0.08, -0.08, -0.08, -0.08, -0.08, -0.08, -0.08, -0.08, -0.08, 0.14, 0.40, -0.52, -0.05, 
-0.08, -0.08, -0.08, -0.08, -0.05, -0.03, -0.05, -0.08, -0.08, -0.08, -0.08, -0.08, -0.08, -0.39, -0.08, -0.08, -0.08, -0.08, -0.08, -0.08, -0.08, -0.08, -0.08, -0.08, 0.03, 0.14, 0.03, -0.08, 
-0.08, -0.08, -0.08, -0.08, -0.08, -0.08, -0.08, -0.08, -0.08, -0.08, -0.08, -0.08, -0.08, -0.08, -0.08, -0.08, -0.08, -0.08, -0.08, -0.08, -0.08, -0.08, -0.08, -0.08, -0.08, -0.08, -0.08, -0.08, 
-0.08, -0.08, -0.08, -0.08, -0.08, -0.08, -0.08, -0.26, -0.08, -0.08, -0.08, -0.08, -0.08, -0.08, -0.43, -0.08, -0.08, -0.08, -0.08, -0.08, -0.08, -0.08, -0.08, -0.08, -0.08, -0.77, -0.08, -0.08, 
-0.08, 0.03, 0.14, 0.03, -0.08, -0.08, -0.08, -0.08, -0.08, -0.08, -0.08, -0.08, -0.08, -0.08, -0.08, -0.05, -0.03, -0.05, -0.08, -0.08, -0.08, -0.08, -0.08, -0.08, -0.08, -0.08, -0.08, -0.08, 
-0.08, 0.14, 0.37, 0.14, 0.03, 0.04, 0.09, 0.17, 0.03, 0.06, 0.20, 0.06, -0.08, -0.08, -0.08, -0.03, -0.34, -0.03, -0.08, -0.08, -0.08, -0.08, -0.08, -0.08, -0.08, -0.08, -0.08, -0.08, 
-0.08, 0.03, 0.14, 0.03, 0.14, 0.43, 0.26, 0.43, 0.14, 0.20, 0.49, 0.20, -0.08, -0.08, -0.08, -0.05, -0.03, -0.05, -0.08, -0.05, -0.03, -0.05, -0.08, -0.08, -0.73, -0.08, -0.08, -0.08, 
-0.08, -0.08, -0.08, -0.08, 0.03, 0.17, 0.09, 0.17, 0.03, 0.06, 0.20, 0.06, 0.14, 0.03, -0.08, 0.03, 0.14, 0.03, -0.08, -0.03, 0.03, -0.03, -0.08, -0.08, -0.08, -0.08, -0.08, -0.08, 
-0.08, -0.08, -0.08, -0.08, -0.19, -0.08, -0.08, -0.08, -0.08, -0.08, -0.08, 0.14, 0.37, 0.14, -0.08, 0.14, 0.37, -0.27, 0.03, 0.17, 0.09, -0.05, -0.08, -0.08, -0.08, -0.08, -0.08, -0.08, 
-0.08, -0.08, -0.08, -0.08, -0.08, -0.08, -0.08, 0.03, 0.14, 0.06, -0.03, 0.06, 0.14, 0.03, -0.08, 0.03, 0.14, 0.03, 0.14, 0.37, 0.14, -0.08, -0.70, -0.08, -0.08, -0.08, -0.08, -0.08, 
-0.08, -0.08, -0.08, -0.08, -0.08, -0.08, -0.08, 0.14, 0.37, 0.20, 0.15, -0.03, -0.08, -0.08, -0.08, -0.08, -0.08, -0.08, 0.03, 0.14, 0.03, -0.08, -0.08, -0.08, -0.08, -0.08, -0.08, -0.08, 
-0.08, -0.08, -0.15, -0.08, -0.08, -0.08, -0.08, 0.03, 0.14, 0.06, 0.20, -0.05, -0.08, -0.08, -0.08, -0.08, -0.08, -0.53, -0.08, -0.08, -0.08, -0.08, -0.08, -0.08, -0.08, -0.08, -0.08, -0.08, 
-0.08, -0.08, -0.08, -0.08, -0.08, -0.08, -0.08, -0.08, 0.03, 0.17, 0.09, -0.05, -0.08, -0.08, -0.08, -0.08, -0.08, -0.08, -0.08, -0.08, -0.08, -0.08, -0.08, -0.67, -0.08, -0.08, -0.08, -0.08, 
-0.08, -0.08, -0.08, -0.08, -0.08, -0.08, -0.08, -0.08, -0.08, -0.03, 0.03, -0.03, -0.08, -0.08, -0.08, -0.08, -0.08, -0.08, -0.08, -0.08, -0.08, -0.08, -0.08, -0.08, -0.08, -0.08, -0.08, -0.08, 
-0.12, -0.08, -0.08, -0.08, -0.08, -0.08, -0.08, -0.08, -0.08, -0.05, -0.03, -0.05, -0.08, -0.08, -0.08, -0.08, -0.56, -0.08, -0.08, -0.08, -0.63, -0.08, -0.08, -0.08, -0.08, -0.08, -0.08, -0.08, 
-0.08, -0.08, -0.08, -0.08, -0.08, -0.08, -0.08, -0.08, -0.08, -0.08, -0.08, -0.08, -0.08, -0.08, -0.08, -0.08, -0.08, -0.08, -0.08, -0.60, -0.08, -0.08, -0.08, -0.08, -0.08, -0.08, -0.08, -0.08, 
-0.08, -0.08, -0.08, -0.08, -0.08, -0.08, -0.08, -0.08, -0.08, -0.08, -0.08, -0.08, -0.08, -0.08, -0.08, -0.08, -0.08, -0.08, -0.08, -0.08, -0.08, -0.08, -0.08, -0.08, -0.08, -0.08, -0.08, -0.08, 
-- optimal policy --
r  r  v  r  r  r  v  l  l  l  v  l  r  >  >  ^  <  <  <  r  r  r  v  l  l  l  <  l  
r  v  r  r  r  r  v  l  l  v  l  l  >  R  R  ^  L  L  L  >  r  r  v  l  l  <  l  v  
r  r  v  l  >  >  v  <  <  l  r  v  l  R  R  ^  L  L  L  r  >  >  >  <  <  r  v  l  
r  r  v  l  r  R  ^  L  L  r  r  v  l  l  ^  R  ^  L  L  >  R  R  ^  L  r  v  l  l  
>  >  <  <  r  v  l  L  >  >  >  >  <  <  <  ^  ^  L  L  R  R  R  ^  r  r  v  l  <  
R  R  ^  L  >  ^  <  <  R  R  R  ^  L  L  <  <  R  ^  R  R  R  ^  >  >  >  ^  <  L  
R  R  ^  R  R  ^  L  L  <  R  R  ^  L  L  L  <  r  v  R  R  ^  R  >  R  R  ^  L  <  
r  r  v  R  R  ^  L  L  L  R  ^  R  ^  L  r  v  v  v  l  l  l  >  R  R  R  ^  L  L  
r  r  v  l  l  r  r  v  r  r  r  v  l  l  r  r  v  l  l  l  v  R  R  R  ^  L  L  L  
r  r  v  l  l  r  r  v  l  r  v  l  l  l  r  v  l  v  l  r  v  v  l  l  ^  R  ^  L  
>  >  v  <  r  v  l  v  l  r  v  l  l  <  r  r  v  l  l  r  v  l  l  l  l  ^  L  ^  
R  R  ^  L  >  >  <  <  <  >  ^  <  <  l  r  r  v  l  l  r  v  l  l  <  l  L  ^  ^  
R  R  ^  R  R  ^  L  ^  L  R  ^  L  v  l  l  r  v  l  r  v  l  l  <  L  <  <  l  ^  
R  R  R  R  R  ^  L  ^  L  R  ^  >  v  <  <  >  <  <  r  v  l  l  L  L  L  <  <  L  
R  R  R  ^  R  R  r  r  v  l  l  R  ^  L  L  R  ^  L  >  ^  <  <  L  L  L  L  L  <  
R  R  ^  R  ^  >  >  >  >  <  <  l  ^  L  L  R  ^  R  R  ^  L  L  L  <  L  L  L  L  
R  ^  R  ^  >  R  R  R  ^  L  L  <  L  L  L  R  R  R  R  ^  L  L  L  L  <  L  L  L  
^  ^  R  >  R  R  R  R  >  R  ^  L  l  L  L  R  ^  R  R  ^  ^  L  L  L  L  <  L  <  
^  R  >  >  R  R  R  R  R  ^  L  L  <  l  L  R  R  R  ^  L  R  ^  L  L  <  L  <  L  
R  >  >  R  R  R  R  R  R  R  ^  L  L  <  L  R  R  ^  R  ^  L  ^  ^  L  L  <  L  <  
>  >  R  R  R  R  R  R  R  R  ^  L  L  L  L  L  R  R  ^  ^  R  ^  ^  L  L  L  <  L  
>  R  R  R  R  R  R  R  R  ^  ^  ^  L  L  L  <  L  ^  ^  R  ^  L  ^  ^  L  L  L  L  
Correct actions (%) : 4.35
Avg angular diffs   : 102.39
