arguments: 54 35 1 0.0166823 -0.00780182 -0.00668738 -0.968828
loading features...

Initializing gridworld of size 28 by 22..
    Num states: 616
    Num actions: 8
recovered reward
-0.97, -0.97, -0.97, -0.97, -0.97, -0.97, -0.97, -0.97, -0.97, -0.97, -0.97, -0.97, -0.97, -0.97, -0.97, -0.97, -0.97, -0.97, -0.97, -0.97, -0.97, -0.97, -0.97, -0.97, -0.97, -0.97, -0.97, -0.97, 
-0.97, -0.98, -0.97, -0.97, -0.97, -0.97, -0.97, -0.97, -0.97, -0.97, -0.97, -0.97, -0.97, -0.97, -0.97, -0.97, -0.97, -0.97, -0.97, -0.97, -0.97, -0.97, -0.97, -0.97, -0.95, -0.98, -0.97, -0.97, 
-0.97, -0.97, -0.97, -0.97, -0.95, -0.97, -0.97, -0.97, -0.95, -0.98, -0.97, -0.97, -0.97, -0.97, -0.97, -0.97, -0.97, -0.97, -0.97, -0.95, -0.97, -0.97, -0.97, -0.97, -0.97, -0.97, -0.97, -0.97, 
-0.97, -0.97, -0.97, -0.97, -0.97, -0.97, -0.97, -0.97, -0.97, -0.95, -0.97, -0.97, -0.97, -0.97, -0.97, -0.97, -0.98, -0.97, -0.97, -0.97, -0.97, -0.97, -0.97, -0.98, -0.97, -0.97, -0.97, -0.97, 
-0.97, -0.97, -0.97, -0.97, -0.97, -0.97, -0.97, -0.97, -0.97, -0.97, -0.97, -0.97, -0.97, -0.97, -0.97, -0.97, -0.97, -0.97, -0.97, -0.97, -0.97, -0.97, -0.97, -0.97, -0.97, -0.97, -0.97, -0.97, 
-0.97, -0.97, -0.97, -0.97, -0.97, -0.97, -0.97, -0.97, -0.97, -0.97, -0.97, -0.97, -0.97, -0.97, -0.97, -0.97, -0.97, -0.97, -0.97, -0.97, -0.97, -0.97, -0.97, -0.97, -0.97, -0.97, -0.97, -0.97, 
-0.97, -0.97, -0.97, -0.97, -0.97, -0.97, -0.97, -0.97, -0.97, -0.97, -0.97, -0.97, -0.97, -0.97, -0.97, -0.97, -0.96, -0.95, -0.97, -0.97, -0.97, -0.98, -0.97, -0.98, -0.97, -0.97, -0.97, -0.97, 
-0.97, -0.97, -0.97, -0.95, -0.97, -0.97, -0.97, -0.97, -0.97, -0.97, -0.97, -0.97, -0.97, -0.97, -0.97, -0.97, -0.97, -0.97, -0.97, -0.97, -0.97, -0.97, -0.95, -0.97, -0.97, -0.97, -0.97, -0.97, 
-0.97, -0.97, -0.97, -0.97, -0.97, -0.97, -0.97, -0.97, -0.97, -0.97, -0.97, -0.97, -0.97, -0.97, -0.97, -0.97, -0.97, -0.97, -0.97, -0.97, -0.97, -0.97, -0.97, -0.97, -0.97, -0.97, -0.97, -0.97, 
-0.97, -0.97, -0.97, -0.97, -0.97, -0.97, -0.97, -0.97, -0.97, -0.97, -0.97, -0.97, -0.97, -0.97, -0.97, -0.97, -0.98, -0.97, -0.97, -0.97, -0.97, -0.97, -0.98, -0.97, -0.97, -0.97, -0.97, -0.97, 
-0.97, -0.97, -0.97, -0.97, -0.97, -0.97, -0.97, -0.97, -0.98, -0.97, -0.97, -0.97, -0.97, -0.97, -0.97, -0.97, -0.97, -0.97, -0.97, -0.97, -0.97, -0.97, -0.97, -0.97, -0.97, -0.97, -0.97, -0.97, 
-0.97, -0.97, -0.97, -0.97, -0.97, -0.97, -0.97, -0.97, -0.97, -0.97, -0.97, -0.97, -0.97, -0.97, -0.97, -0.97, -0.97, -0.97, -0.97, -0.97, -0.97, -0.97, -0.97, -0.97, -0.98, -0.97, -0.97, -0.97, 
-0.97, -0.97, -0.97, -0.97, -0.97, -0.97, -0.97, -0.97, -0.97, -0.97, -0.97, -0.97, -0.97, -0.97, -0.98, -0.97, -0.97, -0.97, -0.97, -0.97, -0.97, -0.97, -0.97, -0.97, -0.97, -0.97, -0.97, -0.97, 
-0.97, -0.97, -0.97, -0.97, -0.97, -0.97, -0.97, -0.97, -0.97, -0.97, -0.97, -0.97, -0.97, -0.97, -0.97, -0.97, -0.97, -0.97, -0.97, -0.97, -0.97, -0.98, -0.97, -0.97, -0.97, -0.97, -0.97, -0.97, 
-0.97, -0.97, -0.97, -0.98, -0.97, -0.98, -0.97, -0.97, -0.97, -0.97, -0.97, -0.97, -0.97, -0.97, -0.97, -0.97, -0.97, -0.97, -0.97, -0.97, -0.97, -0.97, -0.97, -0.98, -0.97, -0.97, -0.97, -0.97, 
-0.97, -0.97, -0.98, -0.97, -0.97, -0.97, -0.97, -0.97, -0.97, -0.97, -0.97, -0.97, -0.97, -0.95, -0.97, -0.98, -0.97, -0.97, -0.97, -0.97, -0.98, -0.97, -0.97, -0.97, -0.97, -0.97, -0.97, -0.97, 
-0.97, -0.97, -0.97, -0.97, -0.97, -0.97, -0.97, -0.98, -0.97, -0.97, -0.97, -0.97, -0.97, -0.97, -0.97, -0.97, -0.97, -0.97, -0.97, -0.97, -0.97, -0.97, -0.97, -0.97, -0.97, -0.97, -0.97, -0.97, 
-0.97, -0.97, -0.97, -0.97, -0.97, -0.97, -0.97, -0.97, -0.97, -0.97, -0.97, -0.97, -0.95, -0.97, -0.97, -0.97, -0.97, -0.97, -0.97, -0.98, -0.97, -0.97, -0.97, -0.97, -0.97, -0.97, -0.97, -0.97, 
-0.97, -0.97, -0.97, -0.97, -0.97, -0.97, -0.97, -0.97, -0.97, -0.95, -0.97, -0.97, -0.97, -0.97, -0.97, -0.98, -0.97, -0.97, -0.98, -0.97, -0.97, -0.97, -0.97, -0.97, -0.97, -0.97, -0.97, -0.97, 
-0.97, -0.97, -0.97, -0.97, -0.97, -0.97, -0.97, -0.97, -0.97, -0.97, -0.97, -0.97, -0.97, -0.97, -0.97, -0.97, -0.97, -0.97, -0.97, -0.97, -0.97, -0.97, -0.97, -0.97, -0.97, -0.97, -0.97, -0.97, 
-0.97, -0.97, -0.97, -0.97, -0.97, -0.97, -0.97, -0.97, -0.97, -0.97, -0.97, -0.97, -0.97, -0.97, -0.97, -0.97, -0.97, -0.97, -0.97, -0.97, -0.97, -0.97, -0.97, -0.97, -0.97, -0.97, -0.97, -0.97, 
-0.97, -0.97, -0.97, -0.97, -0.97, -0.97, -0.97, -0.97, -0.97, -0.97, -0.97, -0.97, -0.97, -0.97, -0.97, -0.97, -0.97, -0.97, -0.97, -0.97, -0.97, -0.97, -0.97, -0.97, -0.97, -0.97, -0.97, -0.97, 
-- optimal policy --
>  r  r  v  r  r  r  v  v  v  l  v  l  l  l  l  l  <  l  l  v  l  l  l  v  l  <  <  
r  r  r  r  v  r  r  r  v  l  v  l  l  l  l  <  l  l  l  v  l  l  l  l  l  <  l  l  
r  r  r  >  r  r  r  >  r  v  l  l  <  l  l  l  l  <  l  l  <  l  l  l  ^  L  <  <  
r  r  >  R  ^  r  >  R  >  L  <  <  l  l  l  l  l  l  <  v  l  l  l  l  l  ^  L  <  
r  >  R  ^  r  >  R  >  R  ^  L  <  <  l  l  l  l  l  v  l  l  l  l  l  l  l  l  L  
>  r  v  r  >  R  >  R  ^  R  ^  L  L  <  <  <  l  v  l  l  l  l  <  l  l  l  l  l  
r  >  r  v  R  >  R  R  ^  ^  L  ^  L  L  <  L  <  <  <  <  <  <  v  l  l  l  l  l  
r  r  >  R  <  R  ^  R  R  R  R  ^  L  L  L  <  L  ^  L  <  <  <  <  <  <  <  <  <  
r  >  R  ^  L  ^  R  R  R  R  ^  L  ^  L  L  L  <  L  ^  L  <  <  ^  L  <  L  L  <  
>  R  ^  L  ^  L  ^  R  R  R  R  ^  L  L  L  L  L  L  L  ^  L  <  l  ^  L  <  l  l  
R  ^  ^  L  ^  L  L  R  R  R  R  ^  L  L  L  L  L  <  L  L  ^  L  <  <  ^  L  <  <  
^  ^  L  R  R  ^  L  L  R  R  ^  ^  ^  ^  L  ^  L  L  L  <  L  ^  L  <  L  ^  L  <  
^  ^  ^  L  ^  L  L  L  L  ^  ^  ^  ^  ^  L  L  ^  L  L  L  <  L  ^  L  L  <  ^  L  
R  ^  ^  L  L  ^  L  L  L  L  ^  ^  ^  ^  R  ^  L  L  L  L  L  <  L  L  L  L  L  ^  
^  ^  L  R  ^  L  ^  L  L  L  L  ^  R  R  R  R  ^  L  L  L  L  L  <  L  L  L  <  L  
^  L  ^  L  ^  R  ^  L  L  L  L  L  >  R  <  R  ^  ^  ^  L  L  L  L  <  <  ^  L  <  
^  ^  L  R  R  ^  ^  L  L  L  L  r  R  ^  L  <  ^  L  ^  ^  L  ^  L  L  <  <  ^  L  
^  L  ^  ^  ^  R  ^  L  ^  L  r  >  ^  <  L  L  <  ^  L  R  ^  L  ^  L  L  <  <  ^  
^  ^  ^  ^  R  ^  L  ^  >  r  >  R  ^  L  <  L  L  <  L  L  ^  L  L  ^  L  L  l  l  
^  ^  ^  R  ^  R  ^  >  R  ^  R  ^  ^  ^  L  <  ^  L  L  ^  L  ^  L  L  ^  L  <  <  
R  ^  R  ^  R  ^  >  R  ^  R  ^  R  ^  ^  ^  L  <  L  L  L  ^  L  ^  L  L  ^  L  <  
^  R  ^  R  ^  >  R  ^  R  R  ^  ^  R  ^  ^  ^  L  <  L  L  L  ^  L  ^  L  L  ^  L  
Correct actions (%) : 7.46
Avg angular diffs   : 81.27
