arguments: 54 32 4 0.417476 0.0961165 0.0980583 -0.38835
loading features...

Initializing gridworld of size 28 by 22..
    Num states: 616
    Num actions: 8
recovered reward
-0.39, -0.39, -0.39, -0.39, -0.39, -0.39, -0.39, -0.39, -0.39, -0.11, -0.39, -0.39, -0.39, -0.10, -0.39, -0.39, -0.39, -0.09, -0.39, -0.39, -0.08, -0.39, -0.07, -0.39, -0.39, -0.06, -0.39, -0.39, 
-0.14, -0.39, -0.39, -0.13, -0.39, -0.39, -0.12, -0.39, -0.39, -0.39, -0.39, -0.39, -0.39, -0.39, -0.28, -0.18, -0.28, -0.39, -0.39, -0.39, -0.36, -0.34, -0.36, -0.39, -0.39, -0.39, -0.39, -0.39, 
-0.39, -0.39, -0.39, -0.36, -0.34, -0.36, -0.34, -0.36, -0.39, -0.39, -0.39, -0.39, -0.39, -0.39, -0.18, 0.03, -0.18, -0.39, -0.28, -0.18, -0.24, -0.29, -0.34, -0.39, -0.39, -0.39, -0.39, -0.39, 
-0.15, -0.39, -0.39, -0.34, -0.29, -0.34, -0.29, -0.34, -0.39, -0.39, -0.39, -0.39, -0.39, -0.39, -0.28, -0.18, -0.28, -0.28, -0.18, 0.03, -0.16, -0.34, -0.36, -0.39, -0.39, -0.39, -0.39, -0.39, 
-0.39, -0.39, -0.39, -0.36, -0.34, -0.36, -0.34, -0.36, -0.34, -0.36, -0.39, -0.39, -0.39, -0.39, -0.39, -0.18, 0.03, -0.18, -0.28, -0.18, -0.28, -0.39, -0.39, -0.39, -0.39, -0.39, -0.16, -0.39, 
-0.39, -0.39, -0.39, -0.39, -0.39, -0.39, -0.39, -0.34, -0.29, -0.34, -0.28, -0.18, -0.28, -0.39, -0.39, -0.28, -0.18, -0.28, -0.39, -0.28, -0.18, -0.28, -0.39, -0.39, -0.39, -0.39, -0.39, -0.39, 
-0.39, -0.39, -0.39, -0.39, -0.39, -0.39, -0.39, -0.36, -0.34, -0.36, -0.18, 0.03, -0.18, -0.39, -0.39, -0.39, -0.39, -0.39, -0.39, -0.18, 0.03, -0.18, -0.39, -0.39, -0.39, -0.39, -0.39, -0.39, 
-0.39, -0.39, -0.39, -0.39, -0.39, -0.39, -0.39, -0.39, -0.39, -0.39, -0.28, -0.18, -0.28, -0.39, -0.39, -0.39, -0.39, -0.39, -0.39, -0.28, -0.18, -0.28, -0.39, -0.39, -0.39, -0.39, -0.17, -0.39, 
-0.39, -0.39, -0.39, -0.39, -0.39, -0.39, -0.39, -0.39, -0.39, -0.39, -0.39, -0.39, -0.39, -0.39, -0.39, -0.39, -0.39, -0.39, -0.39, -0.39, -0.39, -0.39, -0.39, -0.39, -0.39, -0.39, -0.39, -0.39, 
-0.39, -0.39, -0.39, -0.39, -0.39, -0.28, -0.18, -0.28, -0.39, -0.39, -0.23, -0.39, -0.39, -0.39, -0.24, -0.39, -0.39, -0.23, -0.34, -0.36, -0.26, -0.39, -0.39, -0.27, -0.39, -0.39, -0.39, -0.39, 
-0.39, -0.39, -0.39, -0.39, -0.39, -0.18, 0.03, -0.18, -0.39, -0.39, -0.39, -0.39, -0.39, -0.39, -0.39, -0.36, -0.34, -0.34, -0.29, -0.34, -0.39, -0.39, -0.39, -0.39, -0.39, -0.39, -0.18, -0.39, 
-0.39, -0.39, -0.39, -0.39, -0.39, -0.28, -0.18, -0.12, -0.39, -0.39, -0.36, -0.34, -0.36, -0.39, -0.39, -0.34, -0.29, -0.36, -0.34, -0.36, -0.34, -0.36, -0.39, -0.39, -0.39, -0.39, -0.39, -0.39, 
-0.39, -0.39, -0.39, -0.39, -0.39, -0.39, -0.39, -0.39, -0.39, -0.39, -0.34, -0.29, -0.34, -0.39, -0.39, -0.36, -0.34, -0.36, -0.39, -0.34, -0.29, -0.34, -0.39, -0.39, -0.39, -0.39, -0.39, -0.39, 
-0.19, -0.39, -0.39, -0.20, -0.39, -0.39, -0.21, -0.39, -0.39, -0.39, -0.36, -0.34, -0.36, -0.39, -0.39, -0.39, -0.39, -0.39, -0.39, -0.36, -0.34, -0.36, -0.39, -0.39, -0.39, -0.39, -0.29, -0.39, 
-0.39, -0.39, -0.39, -0.39, -0.39, -0.39, -0.39, -0.39, -0.39, -0.39, -0.39, -0.39, -0.28, -0.18, -0.28, -0.39, -0.39, -0.39, -0.28, -0.18, -0.28, -0.28, -0.39, -0.39, -0.39, -0.39, -0.39, -0.39, 
-0.39, -0.39, -0.39, -0.39, -0.39, -0.39, -0.39, -0.39, -0.39, -0.39, -0.39, -0.28, -0.16, 0.08, -0.16, -0.39, -0.28, -0.18, -0.18, 0.03, -0.18, -0.18, -0.39, -0.39, -0.39, -0.39, -0.39, -0.39, 
-0.39, -0.39, -0.39, -0.39, -0.39, -0.39, -0.39, -0.39, -0.39, -0.39, -0.39, -0.18, -0.24, -0.08, -0.24, -0.39, -0.18, 0.03, -0.28, -0.18, -0.28, -0.28, -0.39, -0.39, -0.39, -0.39, -0.30, -0.39, 
-0.39, -0.39, -0.36, -0.34, -0.36, -0.39, -0.39, -0.39, -0.39, -0.39, -0.39, -0.28, -0.26, -0.13, -0.26, -0.39, -0.28, -0.18, -0.28, -0.39, -0.39, -0.36, -0.34, -0.36, -0.39, -0.39, -0.39, -0.39, 
-0.39, -0.39, -0.34, -0.29, -0.34, -0.39, -0.39, -0.39, -0.39, -0.39, -0.39, -0.39, -0.16, 0.08, -0.16, -0.39, -0.39, -0.39, -0.39, -0.39, -0.39, -0.34, -0.29, -0.34, -0.31, -0.39, -0.39, -0.39, 
-0.39, -0.39, -0.35, -0.34, -0.36, -0.37, -0.39, -0.39, -0.36, -0.39, -0.39, -0.35, -0.28, -0.18, -0.23, -0.39, -0.39, -0.33, -0.39, -0.39, -0.32, -0.36, -0.34, -0.36, -0.39, -0.39, -0.39, -0.39, 
-0.39, -0.39, -0.39, -0.39, -0.39, -0.39, -0.39, -0.39, -0.39, -0.39, -0.39, -0.39, -0.39, -0.39, -0.39, -0.39, -0.39, -0.39, -0.39, -0.39, -0.39, -0.39, -0.39, -0.39, -0.39, -0.39, -0.39, -0.39, 
-0.39, -0.39, -0.39, -0.39, -0.39, -0.39, -0.39, -0.39, -0.39, -0.39, -0.39, -0.39, -0.39, -0.39, -0.39, -0.39, -0.39, -0.39, -0.39, -0.39, -0.39, -0.39, -0.39, -0.39, -0.39, -0.39, -0.39, -0.39, 
-- optimal policy --
v  l  r  v  >  r  v  l  >  ^  >  r  >  r  r  v  l  l  <  r  v  >  ^  <  >  ^  <  l  
v  v  >  r  r  >  r  r  R  ^  r  >  R  r  r  v  l  r  r  v  l  l  ^  L  R  ^  L  <  
v  l  r  r  r  r  r  r  r  v  v  R  r  >  >  v  <  r  r  v  l  l  <  R  ^  ^  ^  L  
r  r  r  r  v  r  r  r  r  r  v  v  >  R  R  r  v  >  >  >  <  <  L  L  R  ^  ^  ^  
r  r  r  r  v  r  r  r  r  r  r  v  l  R  R  >  >  R  R  ^  L  L  l  l  l  R  ^  ^  
r  r  r  r  v  r  r  r  >  r  r  v  l  l  R  R  ^  L  R  ^  L  l  l  l  l  R  ^  L  
r  r  r  r  v  r  v  v  l  >  >  >  <  <  R  R  ^  L  >  >  ^  <  <  <  <  <  ^  ^  
r  r  r  r  r  v  r  v  l  l  R  ^  L  L  R  ^  L  >  R  R  ^  L  L  <  l  l  l  <  
r  r  r  r  r  r  v  l  l  l  R  ^  L  r  v  l  r  v  R  R  ^  L  L  L  l  l  l  v  
r  r  r  r  r  r  v  l  l  l  v  l  l  l  r  r  v  v  l  l  R  ^  L  L  <  l  v  l  
r  r  >  r  >  >  r  <  l  r  r  v  l  l  r  r  v  l  l  l  v  l  l  l  l  l  l  <  
>  r  r  >  R  R  ^  L  <  r  r  v  l  l  r  v  l  l  l  r  v  l  l  l  l  l  l  L  
r  >  r  R  R  R  R  ^  L  r  r  r  v  l  v  l  l  l  r  r  v  l  l  l  l  l  l  l  
>  r  >  R  R  R  ^  L  r  r  r  r  r  v  l  l  l  l  r  v  l  l  l  l  l  l  l  <  
r  >  R  ^  L  R  ^  r  r  r  r  r  r  v  l  l  l  v  r  v  l  l  l  l  l  l  l  L  
>  R  ^  L  R  ^  r  r  r  r  r  >  >  v  <  <  l  v  l  <  <  <  <  <  <  l  l  l  
R  R  ^  R  ^  r  r  r  r  r  >  R  R  ^  L  L  <  <  <  ^  L  L  L  <  l  l  l  <  
R  ^  R  ^  r  r  r  >  r  >  R  R  R  ^  L  L  L  ^  L  ^  L  L  L  L  <  l  l  L  
^  R  R  >  r  r  r  r  >  R  R  >  >  ^  <  <  L  ^  L  L  ^  L  L  L  L  <  l  l  
R  R  R  R  >  r  r  >  R  R  >  R  R  ^  L  L  <  L  ^  L  L  ^  L  L  L  L  <  <  
R  R  R  R  R  r  >  R  R  >  R  R  R  ^  L  L  L  <  L  L  L  L  ^  L  L  L  L  <  
R  R  R  R  >  >  R  R  >  R  R  R  R  ^  L  L  L  L  <  L  L  L  L  ^  L  L  L  L  
Correct actions (%) : 13.19
Avg angular diffs   : 89.51
