arguments: 54 35 2 -0.215385 0.214669 -0.49839 -0.0715564

Initializing gridworld of size 28 by 22..
    Num states: 616
    Num actions: 8
recovered reward
-0.07, -0.07, -0.07, -0.07, -0.07, -0.07, -0.07, -0.07, -0.07, -0.07, -0.07, -0.07, -0.07, -0.07, -0.07, -0.07, -0.07, -0.07, -0.07, -0.07, -0.07, -0.07, -0.07, -0.07, -0.07, -0.07, -0.07, -0.07, 
-0.07, -0.07, -0.07, -0.07, -0.07, -0.07, -0.07, -0.07, -0.07, -0.07, -0.07, -0.07, -0.07, -0.07, -0.07, -0.07, -0.07, -0.07, -0.07, -0.07, -0.07, -0.07, -0.07, -0.07, -0.07, -0.07, -0.07, -0.07, 
-0.07, -0.07, -0.07, -0.07, -0.07, -0.07, -0.07, -0.07, -0.07, -0.07, -0.07, -0.07, -0.07, -0.07, -0.07, -0.07, -0.07, -0.07, -0.07, -0.07, -0.07, -0.07, -0.07, -0.07, -0.07, -0.07, -0.07, -0.07, 
-0.07, -0.07, -0.07, -0.07, -0.07, -0.07, -0.07, -0.07, -0.07, -0.07, -0.07, -0.07, -0.07, -0.07, -0.07, -0.07, -0.07, -0.07, -0.07, -0.07, -0.07, -0.07, -0.07, -0.07, -0.07, -0.07, -0.07, -0.07, 
-0.07, -0.07, -0.07, -0.07, -0.07, -0.07, -0.07, -0.07, -0.07, -0.07, -0.07, -0.07, -0.07, -0.07, -0.07, -0.07, -0.07, -0.07, -0.07, -0.07, -0.07, -0.07, -0.07, -0.07, -0.07, -0.07, -0.07, -0.07, 
-0.07, -0.07, -0.07, -0.07, -0.07, -0.07, -0.07, -0.07, -0.07, -0.07, -0.07, -0.07, -0.07, -0.07, -0.07, -0.07, -0.07, -0.07, -0.07, -0.07, -0.07, -0.07, -0.07, -0.07, -0.07, -0.07, -0.07, -0.07, 
-0.07, -0.07, -0.07, -0.07, -0.07, -0.07, -0.07, -0.07, -0.07, -0.07, -0.07, -0.07, -0.07, -0.07, -0.07, -0.07, -0.07, -0.07, -0.07, -0.07, -0.07, -0.07, -0.07, -0.07, -0.07, -0.07, -0.07, -0.07, 
-0.07, -0.07, -0.07, -0.07, -0.07, -0.07, -0.07, -0.07, -0.07, -0.07, -0.07, -0.07, -0.07, -0.07, -0.07, -0.07, -0.07, -0.07, -0.07, -0.07, -0.07, -0.07, -0.07, -0.07, -0.07, -0.07, -0.07, -0.07, 
-0.07, -0.07, -0.07, -0.07, -0.07, -0.07, -0.07, -0.07, -0.07, -0.07, -0.07, -0.07, -0.07, -0.07, -0.07, -0.07, -0.07, -0.07, -0.07, -0.07, -0.07, -0.07, -0.07, -0.07, -0.07, -0.07, -0.07, -0.07, 
-0.07, -0.07, -0.07, -0.07, -0.07, -0.07, -0.07, -0.07, -0.07, -0.07, -0.07, -0.07, -0.07, -0.07, -0.07, -0.07, -0.07, -0.07, -0.07, -0.07, -0.07, -0.07, -0.07, -0.07, -0.07, -0.07, -0.07, -0.07, 
-0.07, -0.07, -0.07, -0.07, -0.07, -0.07, -0.07, -0.07, -0.07, -0.07, -0.07, -0.07, -0.07, -0.07, -0.07, -0.07, -0.07, -0.07, -0.07, -0.07, -0.07, -0.07, -0.07, -0.07, -0.07, -0.07, -0.07, -0.07, 
-0.07, -0.07, -0.07, -0.07, -0.07, -0.07, -0.07, -0.07, -0.07, -0.07, -0.07, -0.07, -0.07, -0.07, -0.07, -0.07, -0.07, -0.07, -0.07, -0.07, -0.07, -0.07, -0.07, -0.07, -0.07, -0.07, -0.07, -0.07, 
-0.07, -0.07, -0.07, -0.07, -0.07, -0.07, -0.07, -0.07, -0.07, -0.07, -0.07, -0.07, -0.07, -0.07, -0.07, -0.07, -0.07, -0.07, -0.07, -0.07, -0.07, -0.07, -0.07, -0.07, -0.07, -0.07, -0.07, -0.07, 
-0.07, -0.07, -0.07, -0.07, -0.07, -0.07, -0.07, -0.07, -0.07, -0.07, -0.07, -0.07, -0.07, -0.07, -0.07, -0.07, -0.07, -0.07, -0.07, -0.07, -0.07, -0.07, -0.07, -0.07, -0.07, -0.07, -0.07, -0.07, 
-0.07, -0.07, -0.07, -0.07, -0.07, -0.07, -0.07, -0.07, -0.07, -0.07, -0.07, -0.07, -0.07, -0.07, -0.07, -0.07, -0.07, -0.07, -0.07, -0.07, -0.07, -0.07, -0.07, -0.07, -0.07, -0.07, -0.07, -0.07, 
-0.07, -0.07, -0.07, -0.07, -0.07, -0.07, -0.07, -0.07, -0.07, -0.07, -0.07, -0.07, -0.07, -0.07, -0.07, -0.07, -0.07, -0.07, -0.07, -0.07, -0.07, -0.07, -0.07, -0.07, -0.07, -0.07, -0.07, -0.07, 
-0.07, -0.07, -0.07, -0.07, -0.07, -0.07, -0.07, -0.07, -0.07, -0.07, -0.07, -0.07, -0.07, -0.07, -0.07, -0.07, -0.07, -0.07, -0.07, -0.07, -0.07, -0.07, -0.07, -0.07, -0.07, -0.07, -0.07, -0.07, 
-0.07, -0.07, -0.07, -0.07, -0.07, -0.07, -0.07, -0.07, -0.07, -0.07, -0.07, -0.07, -0.07, -0.07, -0.07, -0.07, -0.07, -0.07, -0.07, -0.07, -0.07, -0.07, -0.07, -0.07, -0.07, -0.07, -0.07, -0.07, 
-0.07, -0.07, -0.07, -0.07, -0.07, -0.07, -0.07, -0.07, -0.07, -0.07, -0.07, -0.07, -0.07, -0.07, -0.07, -0.07, -0.07, -0.07, -0.07, -0.07, -0.07, -0.07, -0.07, -0.07, -0.07, -0.07, -0.07, -0.07, 
-0.07, -0.07, -0.07, -0.07, -0.07, -0.07, -0.07, -0.07, -0.07, -0.07, -0.07, -0.07, -0.07, -0.07, -0.07, -0.07, -0.07, -0.07, -0.07, -0.07, -0.07, -0.07, -0.07, -0.07, -0.07, -0.07, -0.07, -0.07, 
-0.07, -0.07, -0.07, -0.07, -0.07, -0.07, -0.07, -0.07, -0.07, -0.07, -0.07, -0.07, -0.07, -0.07, -0.07, -0.07, -0.07, -0.07, -0.07, -0.07, -0.07, -0.07, -0.07, -0.07, -0.07, -0.07, -0.07, -0.07, 
-0.07, -0.07, -0.07, -0.07, -0.07, -0.07, -0.07, -0.07, -0.07, -0.07, -0.07, -0.07, -0.07, -0.07, -0.07, -0.07, -0.07, -0.07, -0.07, -0.07, -0.07, -0.07, -0.07, -0.07, -0.07, -0.07, -0.07, -0.07, 
-- optimal policy --
L  ^  <  ^  L  <  L  L  <  >  >  >  >  >  ^  R  <  >  L  <  >  R  L  <  >  ^  v  L  
l  ^  L  ^  ^  L  ^  L  L  R  ^  R  R  R  ^  L  L  R  ^  L  R  R  ^  L  R  ^  r  ^  
^  L  l  <  v  v  l  <  L  L  R  R  ^  R  ^  ^  >  r  v  v  >  >  >  >  r  R  ^  v  
v  l  <  L  v  l  <  L  <  L  L  R  ^  r  v  v  v  >  r  r  v  R  >  >  >  r  v  v  
L  <  L  v  l  <  L  v  v  l  l  ^  r  v  r  v  v  v  >  >  >  >  >  >  >  >  >  >  
^  L  v  l  <  L  r  v  l  <  <  r  v  r  v  r  v  v  v  v  ^  R  R  R  R  R  R  R  
v  v  l  <  L  r  v  l  <  L  <  >  r  >  r  >  r  v  v  v  v  v  v  >  r  v  R  ^  
v  l  ^  L  r  v  l  <  L  <  L  >  >  >  >  >  >  r  v  v  v  r  v  v  >  r  v  v  
l  <  L  v  v  l  <  L  <  L  L  R  ^  R  ^  R  R  >  r  v  l  >  r  v  R  >  r  v  
^  L  >  v  l  <  L  v  v  v  v  v  v  v  v  v  R  >  >  r  v  >  >  r  v  v  >  >  
<  <  v  l  <  L  v  v  v  v  v  v  v  v  v  v  R  >  >  >  >  >  >  >  r  v  >  >  
^  L  v  v  v  v  v  v  v  v  v  v  v  v  v  v  R  R  R  ^  ^  R  R  R  >  r  >  v  
l  <  v  v  v  l  l  r  v  v  v  v  v  v  v  v  v  v  v  v  v  v  v  R  R  ^  >  R  
^  L  v  v  l  v  v  v  r  v  v  r  v  v  v  v  v  v  v  v  v  v  v  v  r  R  R  ^  
v  v  v  l  <  v  v  v  v  v  l  >  r  v  v  v  v  v  v  v  v  v  v  l  >  >  >  >  
v  v  l  <  v  r  v  v  v  l  <  >  >  r  v  v  v  v  l  v  v  v  l  v  v  R  R  ^  
v  l  <  L  v  v  r  v  v  <  v  v  >  >  r  v  v  l  v  r  v  l  <  v  v  >  >  r  
L  <  v  v  v  v  v  v  l  <  v  v  R  >  >  r  r  <  l  v  l  <  L  v  l  R  R  ^  
^  L  r  v  v  r  v  l  <  v  r  v  l  R  R  ^  >  r  v  l  ^  L  l  v  v  v  l  v  
>  >  >  r  v  >  v  <  v  v  v  l  v  v  r  R  ^  L  v  v  v  l  <  r  v  v  l  v  
R  R  R  >  v  <  r  v  l  r  v  v  l  r  v  v  l  v  >  l  l  <  r  v  l  v  <  v  
>  >  >  >  l  L  ^  r  <  >  r  v  <  >  >  l  <  r  v  r  v  <  >  r  v  r  <  r  
