arguments: 54 31 4 0.14823 -0.59292 0.0376106 -0.221239
loading features...

Initializing gridworld of size 28 by 22..
    Num states: 616
    Num actions: 8
recovered reward
-0.22, -0.81, -0.22, -0.22, -0.22, -0.22, -0.22, -0.22, -0.22, -0.22, -0.22, -0.22, -0.22, -0.22, -0.22, -0.22, -0.22, -0.22, -0.22, -0.22, -0.22, -0.22, -0.22, -0.22, -0.22, -0.22, -0.22, -0.22, 
-0.22, -0.22, -0.22, -0.22, -0.22, -0.07, -0.81, -0.22, -0.22, -0.19, -0.22, -0.22, -0.19, -0.22, -0.22, -0.22, -0.22, -0.22, -0.22, -0.81, -0.22, -0.22, -0.22, -0.22, -0.22, -0.12, -0.22, -0.22, 
-0.22, -0.22, -0.07, -0.22, -0.22, -0.22, -0.81, -0.22, -0.22, -0.22, -0.22, -0.22, -0.22, -0.22, -0.22, -0.22, -0.18, -0.22, -0.22, -0.22, -0.07, -0.22, -0.22, -0.22, -0.22, -0.22, -0.22, -0.22, 
-0.22, -0.22, -0.22, -0.22, -0.22, -0.22, -0.22, -0.19, -0.22, -0.22, -0.22, -0.22, -0.22, -0.22, -0.22, -0.22, -0.22, -0.22, -0.22, -0.22, -0.22, -0.22, -0.22, -0.22, -0.22, -0.22, -0.22, -0.22, 
-0.22, -0.22, -0.22, -0.22, -0.22, -0.22, -0.20, -0.22, -0.22, -0.22, -0.22, -0.22, -0.22, -0.22, -0.22, -0.22, -0.22, -0.22, -0.22, -0.22, -0.22, -0.07, -0.22, -0.22, -0.22, -0.13, -0.22, -0.22, 
-0.22, -0.22, -0.22, -0.22, -0.22, -0.22, -0.22, -0.22, -0.22, -0.22, -0.22, -0.22, -0.22, -0.22, -0.22, -0.22, -0.18, -0.22, -0.22, -0.22, -0.22, -0.07, -0.22, -0.22, -0.22, -0.22, -0.22, -0.22, 
-0.22, -0.22, -0.22, -0.22, -0.20, -0.22, -0.22, -0.22, -0.22, -0.22, -0.22, -0.81, -0.22, -0.22, -0.18, -0.22, -0.22, -0.22, -0.22, -0.22, -0.22, -0.22, -0.22, -0.22, -0.22, -0.22, -0.22, -0.22, 
-0.22, -0.22, -0.22, -0.22, -0.22, -0.22, -0.22, -0.22, -0.22, -0.22, -0.22, -0.22, -0.22, -0.22, -0.22, -0.22, -0.22, -0.22, -0.22, -0.22, -0.22, -0.81, -0.22, -0.13, -0.22, -0.22, -0.22, -0.22, 
-0.22, -0.22, -0.22, -0.22, -0.22, -0.22, -0.22, -0.07, -0.22, -0.22, -0.22, -0.22, -0.22, -0.22, -0.22, -0.22, -0.22, -0.22, -0.22, -0.22, -0.07, -0.22, -0.22, -0.22, -0.22, -0.22, -0.22, -0.22, 
-0.22, -0.22, -0.22, -0.22, -0.21, -0.22, -0.22, -0.22, -0.22, -0.22, -0.22, -0.22, -0.17, -0.22, -0.22, -0.22, -0.22, -0.22, -0.22, -0.22, -0.22, -0.22, -0.22, -0.22, -0.22, -0.22, -0.22, -0.22, 
-0.22, -0.22, -0.22, -0.22, -0.22, -0.22, -0.22, -0.22, -0.22, -0.07, -0.22, -0.22, -0.22, -0.22, -0.22, -0.22, -0.22, -0.22, -0.22, -0.22, -0.22, -0.22, -0.22, -0.22, -0.13, -0.22, -0.22, -0.22, 
-0.22, -0.22, -0.22, -0.22, -0.22, -0.22, -0.22, -0.22, -0.22, -0.22, -0.17, -0.22, -0.22, -0.22, -0.22, -0.22, -0.81, -0.22, -0.22, -0.22, -0.22, -0.22, -0.22, -0.22, -0.22, -0.22, -0.22, -0.22, 
-0.22, -0.22, -0.22, -0.22, -0.22, -0.22, -0.22, -0.22, -0.22, -0.22, -0.22, -0.22, -0.22, -0.22, -0.81, -0.22, -0.22, -0.22, -0.22, -0.22, -0.22, -0.22, -0.22, -0.22, -0.22, -0.22, -0.22, -0.22, 
-0.22, -0.22, -0.22, -0.21, -0.22, -0.22, -0.22, -0.22, -0.22, -0.22, -0.22, -0.22, -0.22, -0.22, -0.22, -0.22, -0.22, -0.22, -0.22, -0.22, -0.22, -0.22, -0.22, -0.14, -0.22, -0.07, -0.22, -0.22, 
-0.22, -0.22, -0.22, -0.22, -0.22, -0.22, -0.22, -0.22, -0.22, -0.16, -0.22, -0.22, -0.22, -0.22, -0.22, -0.22, -0.22, -0.22, -0.22, -0.22, -0.22, -0.22, -0.22, -0.22, -0.22, -0.22, -0.22, -0.22, 
-0.22, -0.22, -0.22, -0.22, -0.22, -0.22, -0.22, -0.22, -0.22, -0.22, -0.22, -0.22, -0.22, -0.22, -0.22, -0.22, -0.22, -0.22, -0.22, -0.22, -0.22, -0.22, -0.07, -0.22, -0.22, -0.22, -0.22, -0.22, 
-0.22, -0.22, -0.21, -0.22, -0.22, -0.22, -0.22, -0.22, -0.22, -0.22, -0.22, -0.22, -0.16, -0.22, -0.22, -0.22, -0.22, -0.22, -0.22, -0.22, -0.22, -0.07, -0.22, -0.74, -0.22, -0.22, -0.22, -0.22, 
-0.22, -0.22, -0.22, -0.22, -0.22, -0.22, -0.22, -0.22, -0.22, -0.22, -0.22, -0.22, -0.22, -0.22, -0.22, -0.22, -0.22, -0.22, -0.22, -0.22, -0.22, -0.22, -0.22, -0.22, -0.22, -0.22, -0.22, -0.22, 
-0.22, -0.22, -0.22, -0.22, -0.22, -0.22, -0.22, -0.07, -0.22, -0.22, -0.22, -0.22, -0.22, -0.22, -0.22, -0.81, -0.22, -0.22, -0.22, -0.22, -0.22, -0.15, -0.22, -0.22, -0.22, -0.22, -0.22, -0.22, 
-0.22, -0.22, -0.22, -0.22, -0.22, -0.22, -0.22, -0.22, -0.22, -0.22, -0.22, -0.22, -0.22, -0.16, -0.22, -0.81, -0.15, -0.22, -0.22, -0.74, -0.22, -0.22, -0.22, -0.22, -0.22, -0.22, -0.22, -0.22, 
-0.22, -0.22, -0.22, -0.22, -0.22, -0.22, -0.22, -0.22, -0.22, -0.22, -0.22, -0.22, -0.22, -0.22, -0.22, -0.22, -0.22, -0.22, -0.22, -0.22, -0.22, -0.22, -0.22, -0.22, -0.22, -0.22, -0.22, -0.22, 
-0.22, -0.22, -0.22, -0.22, -0.22, -0.22, -0.22, -0.22, -0.22, -0.22, -0.22, -0.22, -0.22, -0.22, -0.22, -0.22, -0.22, -0.22, -0.22, -0.22, -0.22, -0.22, -0.22, -0.22, -0.22, -0.22, -0.22, -0.22, 
-- optimal policy --
r  r  r  >  r  v  r  >  r  r  >  r  r  r  r  r  r  r  >  r  v  v  l  l  l  l  l  l  
r  r  v  r  >  R  >  r  >  r  r  >  r  r  >  r  r  r  r  r  v  l  l  v  l  l  <  <  
r  >  r  >  R  r  r  >  R  r  r  R  r  r  r  >  r  r  r  >  v  <  v  l  l  l  L  <  
>  R  r  v  l  r  >  R  >  r  >  r  r  r  r  R  r  r  >  R  r  v  l  l  l  l  l  L  
R  r  r  r  v  l  R  r  r  >  r  >  r  r  r  r  r  >  R  r  r  v  l  l  l  l  <  <  
>  r  >  r  r  v  v  r  r  r  >  r  >  r  r  >  >  R  >  r  >  ^  <  l  l  l  L  L  
r  >  r  >  r  r  v  l  r  r  r  >  r  >  >  R  R  >  r  >  R  ^  L  <  l  l  l  L  
>  r  >  R  r  r  r  v  l  r  r  r  >  R  R  R  >  r  >  R  ^  ^  ^  L  <  <  l  l  
r  >  R  r  r  r  >  r  <  r  >  r  R  R  R  r  r  >  R  >  ^  <  R  ^  L  <  <  l  
>  R  r  >  r  >  R  ^  r  v  r  >  R  R  r  r  >  R  >  R  ^  L  R  ^  ^  L  <  <  
R  r  >  R  >  R  ^  r  >  r  >  R  R  >  r  >  R  >  R  R  R  ^  L  R  ^  ^  L  v  
r  >  R  >  R  ^  r  >  R  ^  R  R  r  >  >  R  r  R  r  v  v  r  v  v  v  l  v  l  
>  R  >  R  ^  r  >  R  ^  R  ^  r  >  R  R  r  >  r  v  r  r  v  r  v  l  v  l  l  
R  >  R  ^  r  >  R  ^  R  r  r  >  R  r  r  >  r  r  r  v  r  r  v  v  l  l  <  <  
>  R  R  r  >  R  R  R  r  r  r  R  r  r  >  r  r  r  r  r  v  r  v  l  l  ^  L  L  
R  R  r  >  R  R  R  r  r  r  r  r  r  r  r  r  r  r  r  >  r  v  l  <  <  l  ^  L  
R  >  >  R  r  r  v  >  r  r  r  r  r  r  r  r  r  r  >  r  >  R  <  L  L  <  <  ^  
>  R  R  r  r  r  r  v  >  r  r  r  r  r  >  r  r  r  r  >  R  ^  L  <  <  L  <  <  
R  R  r  r  r  r  >  r  r  >  r  r  r  r  R  r  r  r  >  R  ^  R  ^  L  <  L  L  <  
R  r  r  r  r  >  R  ^  >  r  r  r  >  >  r  >  r  >  R  ^  R  ^  L  ^  L  L  <  L  
>  r  r  r  >  R  ^  >  r  r  r  >  R  r  >  R  >  R  ^  R  ^  ^  ^  L  L  L  L  <  
R  >  >  >  R  ^  >  >  >  >  >  R  >  >  R  >  R  ^  R  R  ^  ^  ^  ^  L  L  L  L  
Correct actions (%) : 9.09
Avg angular diffs   : 94.68
