arguments: 54 35 3 0.0166823 -0.00780182 -0.00668738 -0.968828

Initializing gridworld of size 28 by 22..
    Num states: 616
    Num actions: 8
recovered reward
-0.97, -0.97, -0.97, -0.97, -0.97, -0.97, -0.97, -0.97, -0.97, -0.97, -0.97, -0.97, -0.97, -0.97, -0.97, -0.97, -0.97, -0.97, -0.97, -0.97, -0.97, -0.97, -0.97, -0.97, -0.97, -0.97, -0.97, -0.97, 
-0.97, -0.97, -0.97, -0.97, -0.97, -0.97, -0.97, -0.97, -0.97, -0.97, -0.97, -0.97, -0.97, -0.97, -0.97, -0.97, -0.97, -0.97, -0.97, -0.97, -0.97, -0.97, -0.97, -0.97, -0.97, -0.97, -0.97, -0.97, 
-0.97, -0.97, -0.97, -0.97, -0.97, -0.97, -0.97, -0.97, -0.97, -0.97, -0.97, -0.97, -0.97, -0.97, -0.97, -0.97, -0.97, -0.97, -0.97, -0.97, -0.97, -0.97, -0.97, -0.97, -0.97, -0.97, -0.97, -0.97, 
-0.97, -0.97, -0.97, -0.97, -0.97, -0.97, -0.97, -0.97, -0.97, -0.97, -0.97, -0.97, -0.97, -0.97, -0.97, -0.97, -0.97, -0.97, -0.97, -0.97, -0.97, -0.97, -0.97, -0.97, -0.97, -0.97, -0.97, -0.97, 
-0.97, -0.97, -0.97, -0.97, -0.97, -0.97, -0.97, -0.97, -0.97, -0.97, -0.97, -0.97, -0.97, -0.97, -0.97, -0.97, -0.97, -0.97, -0.97, -0.97, -0.97, -0.97, -0.97, -0.97, -0.97, -0.97, -0.97, -0.97, 
-0.97, -0.97, -0.97, -0.97, -0.97, -0.97, -0.97, -0.97, -0.97, -0.97, -0.97, -0.97, -0.97, -0.97, -0.97, -0.97, -0.97, -0.97, -0.97, -0.97, -0.97, -0.97, -0.97, -0.97, -0.97, -0.97, -0.97, -0.97, 
-0.97, -0.97, -0.97, -0.97, -0.97, -0.97, -0.97, -0.97, -0.97, -0.97, -0.97, -0.97, -0.97, -0.97, -0.97, -0.97, -0.97, -0.97, -0.97, -0.97, -0.97, -0.97, -0.97, -0.97, -0.97, -0.97, -0.97, -0.97, 
-0.97, -0.97, -0.97, -0.97, -0.97, -0.97, -0.97, -0.97, -0.97, -0.97, -0.97, -0.97, -0.97, -0.97, -0.97, -0.97, -0.97, -0.97, -0.97, -0.97, -0.97, -0.97, -0.97, -0.97, -0.97, -0.97, -0.97, -0.97, 
-0.97, -0.97, -0.97, -0.97, -0.97, -0.97, -0.97, -0.97, -0.97, -0.97, -0.97, -0.97, -0.97, -0.97, -0.97, -0.97, -0.97, -0.97, -0.97, -0.97, -0.97, -0.97, -0.97, -0.97, -0.97, -0.97, -0.97, -0.97, 
-0.97, -0.97, -0.97, -0.97, -0.97, -0.97, -0.97, -0.97, -0.97, -0.97, -0.97, -0.97, -0.97, -0.97, -0.97, -0.97, -0.97, -0.97, -0.97, -0.97, -0.97, -0.97, -0.97, -0.97, -0.97, -0.97, -0.97, -0.97, 
-0.97, -0.97, -0.97, -0.97, -0.97, -0.97, -0.97, -0.97, -0.97, -0.97, -0.97, -0.97, -0.97, -0.97, -0.97, -0.97, -0.97, -0.97, -0.97, -0.97, -0.97, -0.97, -0.97, -0.97, -0.97, -0.97, -0.97, -0.97, 
-0.97, -0.97, -0.97, -0.97, -0.97, -0.97, -0.97, -0.97, -0.97, -0.97, -0.97, -0.97, -0.97, -0.97, -0.97, -0.97, -0.97, -0.97, -0.97, -0.97, -0.97, -0.97, -0.97, -0.97, -0.97, -0.97, -0.97, -0.97, 
-0.97, -0.97, -0.97, -0.97, -0.97, -0.97, -0.97, -0.97, -0.97, -0.97, -0.97, -0.97, -0.97, -0.97, -0.97, -0.97, -0.97, -0.97, -0.97, -0.97, -0.97, -0.97, -0.97, -0.97, -0.97, -0.97, -0.97, -0.97, 
-0.97, -0.97, -0.97, -0.97, -0.97, -0.97, -0.97, -0.97, -0.97, -0.97, -0.97, -0.97, -0.97, -0.97, -0.97, -0.97, -0.97, -0.97, -0.97, -0.97, -0.97, -0.97, -0.97, -0.97, -0.97, -0.97, -0.97, -0.97, 
-0.97, -0.97, -0.97, -0.97, -0.97, -0.97, -0.97, -0.97, -0.97, -0.97, -0.97, -0.97, -0.97, -0.97, -0.97, -0.97, -0.97, -0.97, -0.97, -0.97, -0.97, -0.97, -0.97, -0.97, -0.97, -0.97, -0.97, -0.97, 
-0.97, -0.97, -0.97, -0.97, -0.97, -0.97, -0.97, -0.97, -0.97, -0.97, -0.97, -0.97, -0.97, -0.97, -0.97, -0.97, -0.97, -0.97, -0.97, -0.97, -0.97, -0.97, -0.97, -0.97, -0.97, -0.97, -0.97, -0.97, 
-0.97, -0.97, -0.97, -0.97, -0.97, -0.97, -0.97, -0.97, -0.97, -0.97, -0.97, -0.97, -0.97, -0.97, -0.97, -0.97, -0.97, -0.97, -0.97, -0.97, -0.97, -0.97, -0.97, -0.97, -0.97, -0.97, -0.97, -0.97, 
-0.97, -0.97, -0.97, -0.97, -0.97, -0.97, -0.97, -0.97, -0.97, -0.97, -0.97, -0.97, -0.97, -0.97, -0.97, -0.97, -0.97, -0.97, -0.97, -0.97, -0.97, -0.97, -0.97, -0.97, -0.97, -0.97, -0.97, -0.97, 
-0.97, -0.97, -0.97, -0.97, -0.97, -0.97, -0.97, -0.97, -0.97, -0.97, -0.97, -0.97, -0.97, -0.97, -0.97, -0.97, -0.97, -0.97, -0.97, -0.97, -0.97, -0.97, -0.97, -0.97, -0.97, -0.97, -0.97, -0.97, 
-0.97, -0.97, -0.97, -0.97, -0.97, -0.97, -0.97, -0.97, -0.97, -0.97, -0.97, -0.97, -0.97, -0.97, -0.97, -0.97, -0.97, -0.97, -0.97, -0.97, -0.97, -0.97, -0.97, -0.97, -0.97, -0.97, -0.97, -0.97, 
-0.97, -0.97, -0.97, -0.97, -0.97, -0.97, -0.97, -0.97, -0.97, -0.97, -0.97, -0.97, -0.97, -0.97, -0.97, -0.97, -0.97, -0.97, -0.97, -0.97, -0.97, -0.97, -0.97, -0.97, -0.97, -0.97, -0.97, -0.97, 
-0.97, -0.97, -0.97, -0.97, -0.97, -0.97, -0.97, -0.97, -0.97, -0.97, -0.97, -0.97, -0.97, -0.97, -0.97, -0.97, -0.97, -0.97, -0.97, -0.97, -0.97, -0.97, -0.97, -0.97, -0.97, -0.97, -0.97, -0.97, 
-- optimal policy --
L  <  >  >  L  <  L  <  >  >  >  R  ^  <  L  <  >  >  >  >  >  L  <  >  v  R  <  v  
^  L  R  R  ^  L  ^  L  R  ^  R  R  ^  R  ^  L  R  R  R  R  R  ^  L  R  >  r  v  R  
L  <  v  v  l  <  v  l  <  v  l  <  v  r  v  r  v  >  r  v  >  >  r  R  ^  ^  r  >  
^  L  v  l  <  L  l  <  v  l  <  v  r  v  r  >  >  >  >  >  >  >  >  >  r  R  ^  >  
r  v  l  <  L  l  <  v  l  <  L  r  v  r  v  v  ^  R  R  ^  R  R  R  R  >  r  R  ^  
v  l  ^  L  l  <  v  l  <  L  v  >  r  >  r  v  v  v  r  v  r  v  r  R  R  r  v  l  
v  ^  L  l  <  v  l  <  L  v  v  v  ^  >  >  r  v  v  v  r  v  r  v  r  v  >  >  >  
L  v  l  <  v  l  <  L  v  r  v  l  <  R  R  >  r  r  v  >  r  v  r  v  r  R  ^  ^  
l  l  <  L  l  <  L  v  r  v  l  <  >  >  >  >  >  >  r  >  >  r  >  r  v  r  v  l  
<  ^  L  l  <  L  v  v  v  l  <  L  v  R  R  R  R  >  >  >  >  >  >  >  >  >  r  >  
^  L  l  <  L  v  r  v  v  v  l  v  v  v  l  r  R  ^  ^  R  R  ^  R  R  ^  >  r  R  
<  l  <  L  v  v  v  r  v  l  <  v  v  l  <  v  r  v  r  v  v  v  >  r  R  R  ^  l  
l  ^  L  v  v  v  v  v  l  <  v  l  l  <  >  r  v  r  >  r  v  v  v  >  >  >  >  r  
<  <  v  v  v  v  v  v  l  L  l  v  l  L  >  >  r  v  v  >  r  v  v  R  R  R  ^  ^  
^  L  v  v  v  v  v  l  v  l  <  l  <  l  v  >  >  r  r  R  >  r  v  >  >  >  >  r  
l  <  v  v  l  v  l  v  l  <  v  l  v  v  v  v  R  ^  >  r  r  v  v  v  R  R  R  >  
^  L  v  l  <  r  v  l  <  L  l  <  v  v  v  v  v  v  R  >  >  r  v  v  v  v  R  ^  
v  >  v  <  v  v  l  <  L  l  v  v  v  v  v  l  r  v  v  R  >  >  r  r  v  v  v  v  
<  v  l  <  l  l  <  L  v  v  v  v  v  v  l  <  >  r  v  v  v  >  >  >  >  >  r  v  
^  l  ^  r  v  l  L  v  v  v  v  v  v  l  <  L  >  >  r  v  v  v  R  >  r  v  >  r  
l  ^  R  >  v  <  >  r  v  v  v  v  l  <  L  >  >  >  >  r  v  v  l  R  >  r  <  l  
<  L  R  v  r  <  >  >  l  r  l  r  <  L  >  >  >  >  >  >  r  r  <  L  >  l  r  ^  
