arguments: 54 27 2 0.116484 0.457527 -0.341884 -0.0841043
loading features...

Initializing gridworld of size 28 by 22..
    Num states: 616
    Num actions: 8
recovered reward
-0.08, -0.08, -0.08, -0.08, -0.08, -0.36, -0.08, -0.08, -0.39, -0.08, -0.08, -0.43, -0.08, -0.08, -0.08, -0.08, -0.08, -0.08, -0.08, -0.05, -0.03, -0.05, -0.08, -0.08, -0.08, -0.08, -0.08, -0.08, 
-0.08, -0.08, -0.08, -0.08, -0.08, -0.08, -0.08, -0.08, -0.08, -0.08, -0.08, -0.08, -0.08, -0.46, -0.08, -0.08, -0.08, -0.08, -0.08, -0.03, 0.03, -0.03, -0.08, -0.08, -0.08, -0.08, -0.08, -0.08, 
-0.08, -0.08, -0.08, -0.08, -0.32, -0.08, -0.08, -0.08, -0.08, -0.08, -0.08, -0.08, -0.08, -0.08, -0.08, -0.08, -0.08, -0.08, -0.08, -0.05, -0.03, -0.05, -0.08, -0.08, -0.08, -1.01, -0.08, -0.08, 
-0.08, -0.08, -0.08, -0.29, 0.03, 0.14, 0.03, -0.08, -0.08, -0.08, -0.08, -0.08, -0.08, -0.08, -0.08, -0.08, -0.08, -0.08, -0.08, -0.08, -0.08, -0.08, -0.08, -0.05, -0.03, -0.05, -0.08, -0.08, 
-0.08, -0.08, -0.08, -0.08, 0.14, 0.37, 0.14, 0.03, 0.14, 0.03, -0.08, -0.08, -0.08, -0.08, -0.49, -0.08, 0.03, 0.14, 0.03, -0.08, -0.08, -0.08, -0.08, -0.03, -0.86, -0.03, -0.08, -0.08, 
-0.08, -0.08, -0.08, -0.08, 0.03, 0.14, 0.03, 0.14, 0.37, 0.14, -0.08, -0.08, -0.08, -0.08, -0.08, -0.08, 0.14, 0.37, 0.14, 0.03, 0.14, 0.03, -0.08, -0.05, 0.09, 0.17, 0.03, -0.08, 
0.03, 0.14, -0.14, -0.08, -0.08, -0.08, -0.08, 0.03, 0.14, 0.03, -0.08, -0.08, -0.53, -0.08, -0.08, -0.08, 0.03, 0.14, 0.03, 0.14, 0.37, 0.14, -0.08, -0.08, 0.14, 0.37, 0.14, -0.08, 
0.14, 0.37, 0.14, -0.08, -0.08, -0.08, -0.08, -0.08, -0.08, -0.08, -0.08, -0.08, -0.08, -0.08, -0.08, -0.08, -0.08, -0.08, -0.08, 0.03, 0.14, 0.03, -0.94, -0.08, 0.03, 0.14, 0.03, -0.08, 
0.03, 0.14, 0.03, -0.08, -0.08, -0.08, -0.08, -0.08, -0.08, -0.08, -0.08, -0.08, -0.08, -0.08, -0.08, -0.08, -0.08, -0.08, -0.08, -0.08, -0.08, -0.08, -0.08, -0.08, -0.08, -0.08, -0.08, -0.08, 
-0.08, -0.22, -0.08, -0.08, -0.08, -0.08, -0.08, -0.08, 0.03, 0.14, 0.03, -0.56, -0.08, -0.08, -0.05, -0.03, -0.05, -0.05, 0.09, 0.17, 0.03, -0.08, -0.08, -0.08, -0.08, -0.08, -0.08, -0.08, 
-0.08, -0.08, -0.08, -0.08, -0.08, -0.08, 0.03, 0.14, 0.03, 0.37, 0.14, -0.08, -0.08, -0.08, -0.05, -0.03, -0.05, -0.03, 0.17, 0.43, 0.17, -0.08, -0.08, -0.90, -0.08, -0.08, -0.08, -0.08, 
-0.08, 0.03, 0.14, 0.03, -0.08, -0.08, 0.14, 0.37, 0.14, 0.14, 0.03, -0.08, -0.08, -0.08, -0.03, 0.03, -0.03, -0.05, 0.09, 0.26, 0.09, -0.08, -0.08, -0.08, -0.08, -0.08, -0.08, -0.08, 
-0.08, 0.17, 0.43, 0.17, -0.08, -0.08, 0.03, 0.14, 0.03, -0.08, -0.60, -0.08, -0.08, -0.08, -0.05, -0.03, -0.05, -0.08, -0.05, -0.03, -0.05, -0.08, -0.08, -0.08, -0.08, -0.08, -0.08, -0.08, 
-0.08, -0.01, 0.26, 0.09, -0.08, -0.08, -0.08, -0.08, -0.08, -0.08, -0.08, -0.05, -0.03, -0.05, -0.08, -0.08, -0.08, -0.08, -0.08, -0.08, -0.08, -0.08, -0.08, -0.87, -0.08, -0.08, -0.08, -0.08, 
-0.08, -0.05, -0.03, -0.05, -0.08, -0.08, -0.08, -0.08, -0.08, -0.08, -0.08, -0.03, 0.03, -0.03, -0.08, -0.08, -0.08, -0.05, -0.03, -0.05, -0.08, -0.08, -0.08, -0.08, -0.08, -0.08, -0.08, -0.08, 
-0.08, -0.08, -0.08, -0.08, -0.08, -0.08, -0.08, -0.08, -0.08, -0.08, -0.08, -0.60, -0.03, -0.05, -0.05, -0.03, -0.05, -0.03, 0.03, -0.03, -0.08, -0.08, -0.08, -0.08, -0.08, -0.08, -0.08, -0.08, 
-0.08, -0.15, -0.08, -0.08, -0.08, -0.08, -0.08, -0.08, 0.03, 0.14, 0.03, -0.08, -0.08, -0.08, -0.03, 0.03, -0.03, -0.05, -0.03, -0.05, -0.08, -0.08, -0.08, -0.84, -0.05, -0.03, -0.05, -0.08, 
-0.08, -0.08, -0.08, -0.08, -0.08, -0.08, -0.08, -0.08, 0.14, 0.37, 0.14, -0.08, -0.08, -0.08, -0.05, -0.03, -0.05, -0.08, -0.08, -0.08, -0.08, -0.08, -0.08, -0.08, -0.03, 0.03, -0.03, -0.08, 
-0.08, -0.08, -0.08, -0.08, -0.08, -0.08, -0.08, -0.08, 0.03, 0.14, 0.03, -0.67, -0.08, -0.08, -0.08, -0.08, -0.08, -0.08, -0.08, -0.08, -0.08, -0.80, -0.08, -0.08, -0.05, -0.03, -0.05, -0.08, 
-0.12, -0.08, -0.08, -0.08, -0.08, -0.08, -0.08, -0.08, -0.08, -0.08, -0.08, -0.08, -0.70, -0.08, -0.08, -0.73, -0.08, -0.08, -0.77, -0.08, -0.08, -0.08, -0.08, -0.08, -0.08, -0.08, -0.08, -0.08, 
-0.08, -0.08, -0.08, -0.08, -0.08, -0.08, -0.08, -0.08, -0.08, -0.08, -0.08, -0.08, -0.08, -0.08, -0.08, -0.08, -0.08, -0.08, -0.08, -0.08, -0.08, -0.08, -0.08, -0.08, -0.08, -0.08, -0.08, -0.08, 
-0.08, -0.08, -0.08, -0.08, -0.08, -0.08, -0.08, -0.08, -0.08, -0.08, -0.08, -0.08, -0.08, -0.08, -0.08, -0.08, -0.08, -0.08, -0.08, -0.08, -0.08, -0.08, -0.08, -0.08, -0.08, -0.08, -0.08, -0.08, 
-- optimal policy --
>  r  v  r  r  v  l  v  l  l  v  l  l  r  r  v  >  r  r  r  v  l  l  <  <  v  l  v  
r  >  r  v  r  r  v  l  l  l  l  l  l  r  r  r  v  >  >  >  >  <  <  <  v  l  v  l  
r  r  >  r  r  v  l  l  r  v  l  l  l  r  r  r  r  v  R  R  ^  L  L  r  v  l  l  l  
v  r  r  r  r  v  l  r  v  l  l  l  <  >  r  r  r  v  l  l  ^  L  r  v  r  v  l  l  
v  v  r  >  >  ^  <  r  v  l  l  <  <  r  >  r  r  v  l  l  v  l  l  r  r  v  l  l  
r  v  l  R  R  ^  L  >  v  <  <  <  l  >  R  >  >  <  <  r  v  l  l  r  r  v  l  l  
r  v  l  l  R  ^  L  R  ^  L  L  L  <  R  R  R  R  ^  L  >  <  <  <  >  >  ^  <  <  
>  >  <  <  R  R  R  R  ^  L  L  L  l  r  R  R  R  ^  R  R  ^  L  L  R  R  ^  L  L  
R  ^  L  L  <  r  r  r  r  v  l  l  <  r  r  v  r  r  r  v  l  L  L  R  R  ^  L  L  
R  ^  L  L  l  r  r  v  r  v  l  l  l  r  r  v  r  r  r  v  l  l  <  R  R  ^  L  L  
r  r  v  l  l  r  r  v  l  v  <  <  <  r  r  v  l  >  >  v  <  <  l  <  ^  ^  ^  L  
r  r  v  l  l  >  >  >  <  ^  L  L  <  >  >  ^  <  R  R  ^  L  L  <  <  <  L  L  ^  
>  >  v  <  <  R  R  ^  L  ^  L  L  v  l  R  ^  L  R  R  ^  L  L  L  <  <  r  v  v  
R  R  ^  L  L  R  R  ^  L  L  r  r  v  l  l  ^  L  R  R  ^  L  L  L  L  r  v  r  v  
R  R  ^  L  L  L  ^  r  ^  r  >  >  <  <  <  v  l  r  v  l  l  L  L  r  v  r  v  l  
R  R  ^  L  L  L  r  r  r  v  l  l  ^  L  r  v  l  >  ^  <  <  <  >  r  r  v  l  l  
R  ^  L  ^  L  L  >  r  r  v  l  l  ^  L  >  >  <  R  ^  L  L  L  r  r  r  v  l  l  
^  L  ^  L  L  >  R  >  >  ^  <  <  L  R  R  ^  L  R  ^  L  L  L  r  >  >  ^  <  <  
R  ^  R  ^  >  >  R  R  R  ^  L  L  L  R  R  ^  L  L  ^  L  L  L  >  R  R  ^  L  L  
^  R  ^  >  >  R  R  R  R  ^  L  L  <  R  ^  L  ^  L  L  ^  L  >  R  R  R  ^  L  L  
R  ^  >  R  >  R  R  R  R  ^  L  L  L  <  ^  L  R  ^  L  <  R  R  R  R  R  R  ^  L  
^  >  R  >  R  R  R  R  ^  ^  L  L  L  L  <  L  L  ^  L  L  R  R  R  R  ^  ^  ^  ^  
Correct actions (%) : 9.30
Avg angular diffs   : 91.57
