arguments: 56 35 1 -0.171094 0.608594 -0.0640625 -0.15625
loading features...

Initializing gridworld of size 28 by 22..
    Num states: 616
    Num actions: 8
recovered reward
-0.00, 0.15, -0.00, -0.16, -0.16, -0.16, -0.16, -0.16, -0.16, -0.16, -0.16, -0.16, -0.16, -0.16, -0.16, -0.16, -0.16, -0.16, -0.16, -0.16, -0.16, -0.16, -0.16, -0.16, -0.16, -0.16, -0.16, -0.16, 
0.15, 0.45, 0.15, -0.20, -0.24, -0.20, -0.16, -0.20, -0.09, 0.11, -0.00, -0.16, -0.16, -0.16, -0.16, -0.16, -0.16, -0.16, -0.20, -0.24, -0.20, -0.16, -0.16, -0.16, -0.16, -0.30, -0.16, -0.16, 
-0.00, 0.15, -0.00, -0.24, -0.33, -0.24, -0.16, -0.24, -0.02, 0.37, 0.11, -0.16, -0.16, -0.16, -0.21, -0.16, -0.16, -0.16, -0.24, -0.33, -0.24, -0.16, -0.16, -0.16, -0.16, -0.16, -0.16, -0.16, 
-0.16, -0.16, -0.16, -0.20, -0.24, -0.20, -0.16, -0.20, -0.09, 0.11, -0.09, -0.21, -0.16, -0.16, -0.16, -0.16, -0.22, -0.16, -0.20, -0.24, -0.20, -0.16, -0.16, -0.29, -0.16, -0.16, -0.16, -0.16, 
-0.16, -0.16, -0.16, -0.16, -0.16, -0.16, -0.16, -0.16, -0.20, -0.29, -0.20, -0.16, -0.16, -0.16, -0.16, -0.16, -0.16, -0.16, -0.16, -0.16, -0.16, -0.16, -0.16, -0.16, -0.16, -0.16, -0.16, -0.16, 
-0.16, -0.16, -0.16, -0.16, -0.16, -0.16, -0.16, -0.16, -0.16, -0.16, -0.16, -0.16, -0.16, -0.16, -0.16, -0.20, -0.20, -0.24, -0.20, -0.16, -0.00, 0.15, -0.00, -0.16, -0.16, -0.16, -0.16, -0.16, 
-0.16, -0.16, -0.20, -0.24, -0.20, -0.16, -0.16, -0.19, -0.16, -0.16, -0.16, -0.16, -0.16, -0.16, -0.16, -0.24, -0.31, -0.33, -0.24, -0.16, 0.15, 0.41, 0.06, -0.33, -0.16, -0.16, -0.16, -0.16, 
-0.16, -0.16, -0.24, -0.33, -0.24, -0.16, -0.16, -0.16, -0.16, -0.16, -0.16, -0.16, -0.16, -0.16, -0.16, -0.20, -0.20, -0.24, -0.20, -0.16, -0.00, 0.06, -0.18, -0.24, -0.16, -0.16, -0.16, -0.16, 
-0.16, -0.16, -0.20, -0.24, -0.20, -0.16, -0.16, -0.16, -0.16, -0.16, -0.16, -0.16, -0.16, -0.16, -0.16, -0.16, -0.16, -0.16, -0.16, -0.16, -0.16, -0.20, -0.24, -0.20, -0.16, -0.16, -0.16, -0.16, 
-0.16, -0.16, -0.16, -0.16, -0.16, -0.16, -0.19, -0.00, 0.15, -0.00, -0.16, -0.16, -0.16, -0.16, -0.16, -0.16, -0.23, -0.16, -0.16, -0.16, -0.16, -0.16, -0.28, -0.16, -0.16, -0.16, -0.16, -0.16, 
-0.16, -0.16, -0.16, -0.16, -0.16, -0.16, -0.16, 0.15, 0.45, 0.15, -0.16, -0.16, -0.16, -0.16, -0.16, -0.16, -0.16, -0.16, -0.16, -0.16, -0.16, -0.16, -0.16, -0.00, 0.15, -0.00, -0.16, -0.16, 
-0.16, -0.16, -0.16, -0.16, -0.16, -0.16, -0.16, -0.00, 0.15, -0.00, -0.16, -0.16, -0.16, -0.16, -0.16, -0.16, -0.16, -0.16, -0.16, -0.16, -0.16, -0.16, -0.16, 0.15, 0.45, 0.15, -0.16, -0.16, 
-0.16, -0.16, -0.16, -0.16, -0.18, -0.16, -0.16, -0.16, -0.16, -0.16, -0.16, -0.16, -0.16, -0.16, -0.24, -0.16, -0.16, -0.16, -0.16, -0.16, -0.16, -0.16, -0.16, -0.00, 0.15, -0.00, -0.16, -0.16, 
-0.16, -0.16, -0.00, 0.15, -0.00, 0.15, -0.00, -0.16, -0.16, -0.16, -0.16, -0.16, -0.16, -0.16, -0.16, -0.16, -0.16, -0.16, -0.16, -0.16, -0.16, -0.27, -0.00, 0.15, -0.00, -0.16, -0.16, -0.16, 
-0.16, -0.00, 0.15, -0.02, 0.15, 0.45, 0.15, -0.16, -0.16, -0.16, -0.16, -0.16, -0.20, -0.24, -0.20, -0.16, -0.16, -0.16, -0.16, -0.16, -0.16, -0.16, 0.15, 0.45, 0.15, -0.16, -0.16, -0.16, 
-0.16, 0.15, 0.45, 0.15, -0.00, 0.15, -0.00, 0.15, -0.00, -0.16, -0.16, -0.16, -0.24, -0.33, -0.24, -0.25, -0.16, -0.16, -0.16, -0.16, -0.27, -0.16, -0.00, 0.15, -0.00, -0.16, -0.16, -0.16, 
-0.16, -0.02, 0.15, -0.00, -0.16, -0.16, 0.15, 0.45, 0.15, -0.16, -0.16, -0.20, -0.24, -0.20, -0.20, -0.16, -0.16, -0.16, -0.00, 0.15, -0.00, -0.16, -0.16, -0.16, -0.16, -0.16, -0.16, -0.16, 
-0.16, -0.16, -0.16, -0.16, -0.16, -0.16, -0.00, 0.15, -0.05, -0.24, -0.20, -0.24, -0.33, -0.24, -0.16, -0.16, -0.16, -0.16, 0.15, 0.45, 0.15, -0.16, -0.16, -0.16, -0.16, -0.16, -0.16, -0.16, 
-0.16, -0.16, -0.16, -0.16, -0.16, -0.16, -0.16, -0.16, -0.24, -0.33, -0.24, -0.20, -0.24, -0.20, -0.16, -0.25, -0.16, -0.16, -0.11, 0.15, -0.00, -0.16, -0.16, -0.16, -0.16, -0.16, -0.16, -0.16, 
-0.16, -0.16, -0.16, -0.16, -0.16, -0.16, -0.16, -0.16, -0.20, -0.24, -0.20, -0.16, -0.16, -0.16, -0.16, -0.16, -0.16, -0.16, -0.16, -0.16, -0.16, -0.16, -0.16, -0.16, -0.16, -0.16, -0.16, -0.16, 
-0.16, -0.16, -0.16, -0.16, -0.16, -0.16, -0.16, -0.16, -0.16, -0.16, -0.16, -0.16, -0.16, -0.16, -0.16, -0.16, -0.16, -0.16, -0.16, -0.16, -0.16, -0.16, -0.16, -0.16, -0.16, -0.16, -0.16, -0.16, 
-0.16, -0.16, -0.16, -0.16, -0.16, -0.16, -0.16, -0.16, -0.16, -0.16, -0.16, -0.16, -0.16, -0.16, -0.16, -0.16, -0.16, -0.16, -0.16, -0.16, -0.16, -0.16, -0.16, -0.16, -0.16, -0.16, -0.16, -0.16, 
-- optimal policy --
r  v  l  l  <  <  >  r  r  v  l  l  l  <  l  <  v  v  l  >  r  v  r  v  v  l  v  l  
>  ^  <  <  L  L  R  r  r  v  l  l  <  l  <  r  v  v  l  R  r  v  v  v  l  v  l  l  
R  ^  L  L  L  r  v  >  >  ^  <  <  <  <  L  >  r  v  l  r  r  v  v  l  v  l  l  <  
R  ^  L  L  l  >  r  R  R  ^  L  L  L  <  <  R  >  r  r  r  r  v  l  l  l  l  <  <  
^  L  ^  L  <  R  >  R  R  ^  L  L  <  L  L  >  >  >  r  r  r  v  l  l  l  <  <  L  
^  L  L  ^  L  >  R  ^  L  L  R  ^  L  <  L  R  R  R  >  r  r  v  l  l  <  <  <  v  
R  L  ^  L  r  r  r  v  v  v  l  l  l  L  <  L  ^  R  >  >  >  <  <  <  L  <  v  l  
^  ^  L  r  r  r  r  r  v  l  l  l  l  l  L  r  r  r  >  R  R  ^  L  L  v  v  l  l  
r  r  r  r  r  >  r  r  v  l  l  l  <  <  <  >  >  >  R  R  R  ^  L  L  v  v  l  l  
v  r  r  r  >  r  r  r  v  l  l  <  <  L  <  R  >  R  R  R  ^  r  r  r  v  l  l  l  
r  v  r  r  v  r  >  >  <  <  <  L  <  <  L  >  R  R  R  R  >  >  r  r  v  l  l  <  
r  r  v  v  r  >  R  R  ^  L  L  <  L  <  l  v  R  R  r  >  r  >  >  >  ^  <  <  L  
r  r  r  v  r  v  l  R  ^  L  L  L  <  L  r  r  v  v  r  r  >  r  r  R  ^  L  L  <  
r  r  v  r  r  v  l  l  ^  L  L  L  L  <  r  r  r  v  v  r  r  r  r  v  l  L  L  L  
r  r  v  l  >  v  <  v  l  l  l  l  L  L  >  r  r  r  v  v  >  >  >  v  <  <  L  L  
>  >  >  <  R  ^  L  v  l  l  l  <  L  L  r  >  r  r  r  v  l  R  R  ^  L  L  L  L  
R  R  ^  L  R  >  >  <  <  <  <  <  L  r  r  >  >  r  r  v  l  l  R  ^  L  L  L  L  
R  R  ^  L  L  R  R  ^  L  L  L  L  L  >  >  R  >  >  >  >  <  <  R  ^  L  L  L  L  
R  R  ^  L  L  R  R  ^  L  L  r  r  r  >  R  >  >  R  R  ^  L  L  <  ^  ^  L  L  L  
^  ^  ^  L  R  R  ^  ^  L  l  l  l  >  R  >  >  R  R  R  ^  L  L  L  <  ^  L  L  L  
R  ^  ^  R  R  ^  L  ^  L  <  <  <  R  >  R  R  R  R  ^  ^  ^  L  L  L  <  ^  L  L  
^  R  R  R  R  R  ^  ^  L  L  <  <  R  R  R  R  R  R  ^  ^  R  ^  L  L  L  <  ^  L  
Correct actions (%) : 5.56
Avg angular diffs   : 92.50
