arguments: 56 39 3 0.0719921 -0.699211 -0.0315582 -0.197239
loading features...

Initializing gridworld of size 28 by 22..
    Num states: 616
    Num actions: 8
recovered reward
-0.20, -0.20, -0.20, -0.20, -0.20, -0.20, -0.20, -0.20, -0.20, -0.20, -0.20, -0.20, -0.20, -0.20, -0.55, -0.90, -0.55, -0.20, -0.20, -0.20, -0.20, -0.20, -0.20, -0.20, -0.20, -0.20, -0.20, -0.20, 
-0.20, -0.20, -0.20, -0.20, -0.20, -0.18, -0.16, -0.18, -0.20, -0.20, -0.20, -0.20, -0.20, -0.20, -0.37, -0.55, -0.37, -0.20, -0.20, -0.20, -0.20, -0.37, -0.55, -0.37, -0.20, -0.20, -0.20, -0.20, 
-0.20, -0.20, -0.20, -0.20, -0.20, -0.16, -0.13, -0.16, -0.18, -0.16, -0.18, -0.20, -0.20, -0.20, -0.20, -0.20, -0.20, -0.20, -0.20, -0.20, -0.20, -0.55, -0.90, -0.55, -0.20, -0.20, -0.27, -0.20, 
-0.20, -0.18, -0.16, -0.18, -0.20, -0.18, -0.16, -0.18, -0.16, -0.15, -0.18, -0.16, -0.20, -0.20, -0.20, -0.20, -0.20, -0.20, -0.20, -0.20, -0.20, -0.37, -0.55, -0.37, -0.20, -0.20, -0.20, -0.20, 
-0.20, -0.16, -0.13, -0.16, -0.18, -0.16, -0.18, -0.20, -0.18, -0.16, -0.16, -0.13, -0.16, -0.20, -0.20, -0.20, -0.20, -0.20, -0.20, -0.20, -0.20, -0.20, -0.20, -0.20, -0.37, -0.55, -0.37, -0.20, 
-0.20, -0.18, -0.16, -0.18, -0.16, -0.13, -0.16, -0.22, -0.20, -0.20, -0.18, -0.16, -0.18, -0.20, -0.20, -0.20, -0.20, -0.20, -0.20, -0.20, -0.20, -0.20, -0.20, -0.20, -0.55, -0.90, -0.61, -0.20, 
-0.20, -0.20, -0.20, -0.20, -0.18, -0.16, -0.18, -0.20, -0.20, -0.20, -0.20, -0.20, -0.20, -0.23, -0.20, -0.20, -0.20, -0.20, -0.20, -0.20, -0.20, -0.20, -0.20, -0.20, -0.37, -0.55, -0.37, -0.20, 
-0.20, -0.20, -0.20, -0.20, -0.20, -0.20, -0.20, -0.20, -0.20, -0.20, -0.20, -0.20, -0.20, -0.20, -0.20, -0.20, -0.20, -0.20, -0.20, -0.20, -0.20, -0.20, -0.20, -0.20, -0.20, -0.20, -0.20, -0.20, 
-0.20, -0.20, -0.20, -0.20, -0.20, -0.20, -0.20, -0.21, -0.20, -0.20, -0.20, -0.20, -0.20, -0.20, -0.23, -0.20, -0.20, -0.20, -0.20, -0.20, -0.20, -0.20, -0.20, -0.20, -0.20, -0.26, -0.20, -0.20, 
-0.20, -0.37, -0.55, -0.37, -0.20, -0.20, -0.20, -0.20, -0.20, -0.20, -0.20, -0.20, -0.20, -0.20, -0.20, -0.18, -0.16, -0.18, -0.20, -0.20, -0.20, -0.20, -0.20, -0.20, -0.20, -0.20, -0.20, -0.20, 
-0.20, -0.55, -0.90, -0.55, -0.37, -0.54, -0.34, -0.53, -0.37, -0.35, -0.51, -0.35, -0.20, -0.20, -0.20, -0.16, -0.16, -0.16, -0.20, -0.20, -0.20, -0.20, -0.20, -0.20, -0.20, -0.20, -0.20, -0.20, 
-0.20, -0.37, -0.55, -0.37, -0.55, -0.86, -0.47, -0.86, -0.55, -0.51, -0.82, -0.51, -0.20, -0.20, -0.20, -0.18, -0.16, -0.18, -0.20, -0.18, -0.16, -0.18, -0.20, -0.20, -0.26, -0.20, -0.20, -0.20, 
-0.20, -0.20, -0.20, -0.20, -0.37, -0.53, -0.34, -0.53, -0.37, -0.35, -0.51, -0.35, -0.55, -0.37, -0.20, -0.37, -0.55, -0.37, -0.20, -0.16, -0.13, -0.16, -0.20, -0.20, -0.20, -0.20, -0.20, -0.20, 
-0.20, -0.20, -0.20, -0.20, -0.21, -0.20, -0.20, -0.20, -0.20, -0.20, -0.20, -0.55, -0.90, -0.55, -0.20, -0.55, -0.90, -0.58, -0.37, -0.53, -0.34, -0.18, -0.20, -0.20, -0.20, -0.20, -0.20, -0.20, 
-0.20, -0.20, -0.20, -0.20, -0.20, -0.20, -0.20, -0.37, -0.55, -0.35, -0.16, -0.35, -0.55, -0.37, -0.20, -0.37, -0.55, -0.37, -0.55, -0.90, -0.55, -0.20, -0.25, -0.20, -0.20, -0.20, -0.20, -0.20, 
-0.20, -0.20, -0.20, -0.20, -0.20, -0.20, -0.20, -0.55, -0.90, -0.51, -0.30, -0.16, -0.20, -0.20, -0.20, -0.20, -0.20, -0.20, -0.37, -0.55, -0.37, -0.20, -0.20, -0.20, -0.20, -0.20, -0.20, -0.20, 
-0.20, -0.20, -0.20, -0.20, -0.20, -0.20, -0.20, -0.37, -0.55, -0.35, -0.51, -0.18, -0.20, -0.20, -0.20, -0.20, -0.20, -0.24, -0.20, -0.20, -0.20, -0.20, -0.20, -0.20, -0.20, -0.20, -0.20, -0.20, 
-0.20, -0.20, -0.20, -0.20, -0.20, -0.20, -0.20, -0.20, -0.37, -0.53, -0.34, -0.18, -0.20, -0.20, -0.20, -0.20, -0.20, -0.20, -0.20, -0.20, -0.20, -0.20, -0.20, -0.25, -0.20, -0.20, -0.20, -0.20, 
-0.20, -0.20, -0.20, -0.20, -0.20, -0.20, -0.20, -0.20, -0.20, -0.16, -0.13, -0.16, -0.20, -0.20, -0.20, -0.20, -0.20, -0.20, -0.20, -0.20, -0.20, -0.20, -0.20, -0.20, -0.20, -0.20, -0.20, -0.20, 
-0.20, -0.20, -0.20, -0.20, -0.20, -0.20, -0.20, -0.20, -0.20, -0.18, -0.16, -0.18, -0.20, -0.20, -0.20, -0.20, -0.24, -0.20, -0.20, -0.20, -0.25, -0.20, -0.20, -0.20, -0.20, -0.20, -0.20, -0.20, 
-0.20, -0.20, -0.20, -0.20, -0.20, -0.20, -0.20, -0.20, -0.20, -0.20, -0.20, -0.20, -0.20, -0.20, -0.20, -0.20, -0.20, -0.20, -0.20, -0.24, -0.20, -0.20, -0.20, -0.20, -0.20, -0.20, -0.20, -0.20, 
-0.20, -0.20, -0.20, -0.20, -0.20, -0.20, -0.20, -0.20, -0.20, -0.20, -0.20, -0.20, -0.20, -0.20, -0.20, -0.20, -0.20, -0.20, -0.20, -0.20, -0.20, -0.20, -0.20, -0.20, -0.20, -0.20, -0.20, -0.20, 
-- optimal policy --
v  v  l  r  r  r  v  l  l  l  l  l  l  v  l  l  r  v  l  <  l  l  <  <  v  r  v  l  
r  v  l  l  r  r  v  l  l  v  l  l  v  l  l  l  l  l  l  l  l  l  L  r  v  v  l  <  
r  r  v  l  >  >  v  <  <  v  r  v  l  l  l  l  l  l  <  l  l  l  l  r  v  l  l  v  
r  r  v  l  r  R  ^  L  L  r  r  v  l  l  l  l  l  l  l  l  v  v  l  l  l  <  r  v  
>  >  v  <  r  v  l  l  R  >  >  v  <  <  <  l  l  l  l  v  v  l  l  l  l  L  r  v  
R  R  ^  L  >  ^  <  <  R  R  R  ^  L  L  <  l  l  <  v  v  l  l  l  l  l  l  r  v  
R  R  ^  R  R  ^  L  L  <  R  R  ^  L  L  L  <  l  l  v  l  l  v  v  v  l  l  l  l  
R  ^  R  R  R  ^  L  L  L  R  ^  L  ^  L  L  L  v  v  l  l  r  v  v  l  l  l  <  l  
^  R  R  R  R  ^  L  L  L  L  R  ^  ^  ^  L  r  v  l  l  v  r  v  l  l  l  l  l  l  
R  R  R  R  ^  L  ^  L  L  L  L  ^  ^  >  r  r  r  v  r  r  v  l  l  l  l  l  l  l  
^  L  R  R  ^  ^  L  L  L  L  L  L  >  r  >  >  >  r  r  r  v  l  l  l  l  <  <  l  
^  L  l  v  l  R  ^  L  r  v  l  >  R  >  R  R  R  >  r  r  v  l  l  l  l  l  l  l  
^  L  r  v  r  r  r  r  r  v  l  l  R  R  R  R  ^  >  >  >  >  <  <  <  l  l  l  l  
^  L  r  r  r  v  >  >  >  r  v  l  l  R  ^  L  R  R  R  R  ^  L  L  L  <  <  <  <  
^  r  >  r  r  r  v  R  R  >  r  v  l  l  l  l  l  R  ^  R  R  ^  L  L  L  <  L  <  
r  >  r  >  r  r  v  l  R  R  r  v  l  l  l  l  l  l  r  r  R  ^  L  ^  L  L  L  L  
>  r  >  r  r  r  r  v  l  r  r  v  l  l  l  l  l  l  r  >  R  R  ^  L  L  L  L  L  
r  >  r  >  r  r  r  r  r  r  v  l  l  l  l  l  l  l  >  R  ^  ^  L  ^  L  ^  L  L  
>  R  >  r  r  r  r  r  >  >  v  <  <  <  <  <  <  <  R  R  ^  L  L  R  ^  L  L  L  
R  r  r  r  r  r  r  >  R  R  ^  L  L  L  <  l  L  L  R  ^  ^  L  ^  R  R  ^  L  L  
>  r  r  r  r  r  >  R  R  R  ^  L  L  L  L  <  <  <  <  ^  R  ^  ^  R  ^  L  ^  L  
>  >  >  >  >  >  R  R  R  ^  ^  ^  L  L  L  L  <  L  L  <  ^  ^  R  R  ^  ^  L  ^  
Correct actions (%) : 15.38
Avg angular diffs   : 91.15
