arguments: 56 37 2 -0.126104 0.549799 -0.243775 -0.0803213
loading features...

Initializing gridworld of size 28 by 22..
    Num states: 616
    Num actions: 8
recovered reward
-0.08, -0.08, -0.08, -0.08, -0.08, -0.28, -0.08, -0.08, -0.30, -0.08, -0.08, -0.32, -0.08, -0.08, -0.08, -0.08, -0.08, -0.08, -0.08, -0.08, -0.08, -0.08, -0.08, -0.08, -0.08, -0.08, -0.08, -0.08, 
-0.08, -0.08, -0.08, -0.08, -0.08, -0.11, -0.14, -0.11, -0.08, -0.08, -0.08, -0.08, -0.08, -0.35, -0.08, -0.08, -0.08, -0.08, -0.11, -0.14, -0.11, -0.08, -0.08, -0.08, -0.08, -0.08, -0.08, -0.08, 
-0.08, -0.08, -0.08, -0.08, -0.25, -0.14, -0.21, -0.14, -0.08, -0.08, -0.08, -0.08, -0.08, -0.08, -0.08, -0.08, -0.08, -0.08, -0.14, -0.21, -0.01, 0.19, 0.06, -0.08, -0.08, -0.74, -0.08, -0.08, 
-0.08, -0.11, -0.14, -0.26, -0.08, -0.11, -0.14, -0.11, -0.14, -0.11, -0.08, -0.08, -0.08, -0.08, -0.08, -0.08, -0.08, -0.08, -0.11, -0.14, 0.16, 0.47, 0.19, -0.08, -0.08, -0.08, -0.08, -0.08, 
-0.08, -0.14, -0.21, -0.14, -0.08, -0.08, -0.08, -0.01, 0.07, -0.01, -0.08, -0.08, -0.08, -0.08, -0.37, -0.08, -0.08, -0.08, -0.14, -0.21, -0.01, 0.19, 0.06, -0.08, -0.71, -0.08, -0.08, -0.08, 
-0.08, -0.11, -0.14, -0.11, -0.08, -0.08, -0.08, 0.16, 0.41, 0.16, -0.08, -0.08, -0.08, -0.08, -0.08, -0.08, -0.08, -0.08, -0.11, -0.14, -0.11, -0.08, -0.08, -0.08, -0.08, -0.08, -0.08, -0.08, 
-0.08, -0.08, -0.20, -0.08, -0.08, -0.08, -0.08, 0.06, 0.19, 0.06, -0.08, -0.08, -0.40, -0.08, -0.08, -0.08, -0.08, -0.08, -0.11, -0.14, -0.11, -0.08, -0.08, -0.08, -0.08, -0.08, -0.08, -0.08, 
-0.08, -0.08, -0.08, -0.08, -0.08, -0.08, -0.08, -0.08, -0.08, -0.08, -0.08, -0.08, -0.08, -0.08, -0.08, -0.08, -0.08, -0.08, -0.08, -0.08, -0.08, -0.08, -0.69, -0.08, -0.08, -0.08, -0.08, -0.08, 
-0.08, -0.08, -0.08, -0.08, -0.08, -0.08, -0.08, -0.08, -0.08, -0.08, -0.08, 0.06, 0.19, 0.06, -0.08, -0.08, -0.08, -0.08, -0.08, -0.08, -0.08, -0.08, -0.08, -0.08, -0.08, -0.08, -0.08, -0.08, 
-0.08, -0.18, -0.08, -0.08, -0.11, -0.14, -0.11, -0.08, -0.08, -0.08, -0.08, -0.15, 0.47, 0.19, -0.08, 0.06, 0.19, 0.06, -0.08, -0.08, -0.08, -0.08, -0.08, -0.08, -0.08, -0.08, -0.08, -0.08, 
-0.08, -0.08, -0.08, -0.08, -0.14, -0.21, -0.14, -0.08, -0.08, -0.08, -0.08, 0.06, 0.19, 0.03, 0.13, 0.16, 0.47, 0.19, -0.08, -0.08, -0.08, -0.08, -0.08, -0.67, -0.08, -0.08, -0.08, -0.08, 
-0.08, -0.08, -0.08, -0.08, -0.11, -0.14, -0.11, -0.08, -0.08, -0.08, -0.08, -0.08, -0.08, 0.13, 0.34, -0.01, 0.19, 0.06, 0.06, 0.19, 0.06, -0.08, -0.08, -0.08, -0.08, -0.08, -0.08, -0.08, 
-0.08, -0.08, -0.08, -0.08, -0.08, -0.08, -0.08, -0.08, -0.08, -0.08, -0.45, -0.08, -0.08, 0.03, 0.13, 0.03, -0.08, -0.08, 0.19, 0.47, 0.19, -0.08, -0.08, -0.08, -0.08, -0.08, -0.08, -0.08, 
-0.08, -0.15, -0.08, 0.06, 0.19, 0.06, -0.08, -0.08, -0.08, -0.11, -0.14, -0.11, -0.08, -0.08, 0.06, 0.19, 0.06, -0.08, 0.06, 0.19, 0.06, -0.08, -0.08, -0.64, -0.08, -0.08, -0.08, -0.08, 
-0.08, -0.08, -0.08, 0.19, 0.47, 0.19, -0.08, -0.08, -0.08, -0.14, -0.21, -0.01, 0.19, 0.06, 0.19, 0.47, 0.19, -0.08, -0.08, -0.08, -0.08, -0.08, -0.08, -0.08, -0.08, -0.08, -0.08, -0.08, 
-0.08, -0.08, -0.08, 0.06, 0.19, 0.03, 0.13, 0.03, -0.08, -0.11, -0.14, -0.23, 0.47, 0.19, 0.06, 0.19, 0.06, -0.08, -0.08, -0.08, 0.06, 0.19, 0.06, -0.08, -0.08, -0.11, -0.14, -0.11, 
-0.08, -0.13, -0.08, -0.08, -0.08, 0.13, 0.34, 0.13, -0.08, -0.08, 0.06, 0.19, 0.06, 0.06, -0.08, -0.08, -0.08, -0.08, -0.08, -0.08, 0.19, 0.47, 0.19, -0.62, -0.08, -0.14, -0.21, -0.14, 
-0.08, -0.08, -0.08, -0.08, -0.08, 0.03, 0.13, 0.03, -0.08, -0.08, 0.19, 0.47, 0.19, -0.08, -0.08, -0.08, -0.08, -0.08, -0.08, -0.08, 0.06, 0.19, 0.06, -0.08, -0.08, -0.11, -0.14, -0.11, 
-0.08, -0.08, -0.08, -0.11, -0.14, -0.11, -0.08, -0.08, -0.08, -0.08, 0.06, -0.22, 0.06, -0.08, -0.08, -0.08, -0.08, -0.08, -0.08, -0.08, -0.08, -0.59, -0.08, -0.08, -0.08, -0.08, -0.08, -0.08, 
-0.10, -0.08, -0.08, -0.14, -0.21, -0.14, -0.08, -0.08, -0.08, -0.08, -0.08, -0.08, -0.52, -0.08, -0.08, -0.54, -0.08, -0.08, -0.57, -0.08, -0.08, -0.08, -0.08, -0.08, -0.08, -0.08, -0.08, -0.08, 
-0.08, -0.08, -0.08, -0.11, -0.14, -0.11, -0.08, -0.08, -0.08, -0.08, -0.08, -0.08, -0.08, -0.08, -0.08, -0.08, -0.08, -0.08, -0.08, -0.08, -0.08, -0.08, -0.08, -0.08, -0.08, -0.08, -0.08, -0.08, 
-0.08, -0.08, -0.08, -0.08, -0.08, -0.08, -0.08, -0.08, -0.08, -0.08, -0.08, -0.08, -0.08, -0.08, -0.08, -0.08, -0.08, -0.08, -0.08, -0.08, -0.08, -0.08, -0.08, -0.08, -0.08, -0.08, -0.08, -0.08, 
-- optimal policy --
>  r  r  v  l  l  >  r  v  r  r  v  l  l  <  l  >  >  >  r  r  v  l  l  l  l  l  <  
R  >  r  v  l  <  R  r  r  v  r  v  l  l  l  <  >  R  R  r  r  v  l  l  l  l  <  L  
R  >  >  r  v  l  r  v  >  r  v  l  l  l  <  v  R  ^  L  r  r  v  l  l  <  <  L  <  
R  R  R  r  r  r  r  r  v  l  l  l  <  l  r  v  l  l  l  >  >  ^  <  <  L  L  <  L  
^  L  r  >  r  r  r  r  v  l  l  <  l  v  l  v  l  l  l  R  R  ^  L  L  L  L  L  <  
r  v  r  r  >  r  >  >  v  <  <  l  l  r  v  l  l  v  l  R  R  ^  L  L  L  <  <  L  
v  r  >  >  R  >  R  R  ^  L  L  r  v  l  l  l  v  l  v  R  R  ^  L  L  L  L  <  <  
r  v  >  R  R  R  R  R  ^  L  r  r  v  l  l  v  l  v  l  l  R  ^  L  L  L  L  L  L  
v  r  v  R  R  R  R  ^  L  ^  >  r  v  l  l  r  v  l  l  l  v  v  l  l  L  L  L  L  
r  r  v  v  R  R  ^  R  ^  r  R  >  >  <  <  r  v  l  l  v  l  l  l  l  <  L  L  L  
r  r  r  v  l  l  r  v  r  >  >  R  ^  L  v  >  >  <  <  v  l  l  l  l  l  l  v  l  
r  r  r  r  v  l  l  l  l  R  R  R  ^  >  R  R  ^  L  r  v  l  l  <  l  l  v  l  l  
>  r  r  r  v  l  l  l  <  R  R  R  R  R  ^  L  ^  L  >  >  <  <  l  l  v  l  l  <  
R  >  r  r  v  l  l  l  l  l  r  r  v  l  r  v  l  l  R  ^  L  L  <  l  l  l  <  l  
>  R  >  >  v  <  <  l  l  l  >  r  v  l  >  >  <  <  R  ^  L  v  l  l  l  <  L  <  
R  >  R  R  ^  L  v  l  l  r  r  >  l  <  R  ^  L  L  <  r  r  v  l  l  <  <  L  L  
R  R  R  R  ^  >  v  <  <  r  r  R  ^  L  R  ^  L  L  L  >  >  >  <  <  L  L  L  ^  
>  R  R  R  R  R  ^  L  L  >  >  ^  <  <  L  L  ^  L  >  R  R  ^  L  L  <  L  l  l  
R  R  R  R  R  R  ^  L  L  R  R  ^  L  L  <  L  L  >  R  R  R  ^  L  L  L  <  l  <  
R  R  ^  L  R  R  ^  ^  R  R  ^  L  ^  L  L  <  L  R  R  R  ^  L  ^  L  L  L  <  L  
R  R  ^  L  r  R  ^  R  R  ^  ^  L  L  ^  L  L  R  ^  R  ^  L  ^  R  ^  L  L  L  <  
R  R  ^  L  >  R  R  R  R  ^  R  ^  L  ^  L  L  L  R  R  ^  ^  L  ^  L  ^  L  L  L  
Correct actions (%) : 8.82
Avg angular diffs   : 86.03
