arguments: 56 40 1 0.142857 -0.428571 -0.285714 -0.142857

Initializing gridworld of size 28 by 22..
    Num states: 616
    Num actions: 8
recovered reward
-0.14, -0.14, -0.14, -0.14, -0.14, -0.14, -0.14, -0.14, -0.14, -0.14, -0.14, -0.14, -0.14, -0.14, -0.14, -0.14, -0.14, -0.14, -0.14, -0.14, -0.14, -0.14, -0.14, -0.14, -0.14, -0.14, -0.14, -0.14, 
-0.14, -0.14, -0.14, -0.14, -0.14, -0.14, -0.14, -0.14, -0.14, -0.14, -0.14, -0.14, -0.14, -0.14, -0.14, -0.14, -0.14, -0.14, -0.14, -0.14, -0.14, -0.14, -0.14, -0.14, -0.14, -0.14, -0.14, -0.14, 
-0.14, -0.14, -0.14, -0.14, -0.14, -0.14, -0.14, -0.14, -0.14, -0.14, -0.14, -0.14, -0.14, -0.14, -0.14, -0.14, -0.14, -0.14, -0.14, -0.14, -0.14, -0.14, -0.14, -0.14, -0.14, -0.14, -0.14, -0.14, 
-0.14, -0.14, -0.14, -0.14, -0.14, -0.14, -0.14, -0.14, -0.14, -0.14, -0.14, -0.14, -0.14, -0.14, -0.14, -0.14, -0.14, -0.14, -0.14, -0.14, -0.14, -0.14, -0.14, -0.14, -0.14, -0.14, -0.14, -0.14, 
-0.14, -0.14, -0.14, -0.14, -0.14, -0.14, -0.14, -0.14, -0.14, -0.14, -0.14, -0.14, -0.14, -0.14, -0.14, -0.14, -0.14, -0.14, -0.14, -0.14, -0.14, -0.14, -0.14, -0.14, -0.14, -0.14, -0.14, -0.14, 
-0.14, -0.14, -0.14, -0.14, -0.14, -0.14, -0.14, -0.14, -0.14, -0.14, -0.14, -0.14, -0.14, -0.14, -0.14, -0.14, -0.14, -0.14, -0.14, -0.14, -0.14, -0.14, -0.14, -0.14, -0.14, -0.14, -0.14, -0.14, 
-0.14, -0.14, -0.14, -0.14, -0.14, -0.14, -0.14, -0.14, -0.14, -0.14, -0.14, -0.14, -0.14, -0.14, -0.14, -0.14, -0.14, -0.14, -0.14, -0.14, -0.14, -0.14, -0.14, -0.14, -0.14, -0.14, -0.14, -0.14, 
-0.14, -0.14, -0.14, -0.14, -0.14, -0.14, -0.14, -0.14, -0.14, -0.14, -0.14, -0.14, -0.14, -0.14, -0.14, -0.14, -0.14, -0.14, -0.14, -0.14, -0.14, -0.14, -0.14, -0.14, -0.14, -0.14, -0.14, -0.14, 
-0.14, -0.14, -0.14, -0.14, -0.14, -0.14, -0.14, -0.14, -0.14, -0.14, -0.14, -0.14, -0.14, -0.14, -0.14, -0.14, -0.14, -0.14, -0.14, -0.14, -0.14, -0.14, -0.14, -0.14, -0.14, -0.14, -0.14, -0.14, 
-0.14, -0.14, -0.14, -0.14, -0.14, -0.14, -0.14, -0.14, -0.14, -0.14, -0.14, -0.14, -0.14, -0.14, -0.14, -0.14, -0.14, -0.14, -0.14, -0.14, -0.14, -0.14, -0.14, -0.14, -0.14, -0.14, -0.14, -0.14, 
-0.14, -0.14, -0.14, -0.14, -0.14, -0.14, -0.14, -0.14, -0.14, -0.14, -0.14, -0.14, -0.14, -0.14, -0.14, -0.14, -0.14, -0.14, -0.14, -0.14, -0.14, -0.14, -0.14, -0.14, -0.14, -0.14, -0.14, -0.14, 
-0.14, -0.14, -0.14, -0.14, -0.14, -0.14, -0.14, -0.14, -0.14, -0.14, -0.14, -0.14, -0.14, -0.14, -0.14, -0.14, -0.14, -0.14, -0.14, -0.14, -0.14, -0.14, -0.14, -0.14, -0.14, -0.14, -0.14, -0.14, 
-0.14, -0.14, -0.14, -0.14, -0.14, -0.14, -0.14, -0.14, -0.14, -0.14, -0.14, -0.14, -0.14, -0.14, -0.14, -0.14, -0.14, -0.14, -0.14, -0.14, -0.14, -0.14, -0.14, -0.14, -0.14, -0.14, -0.14, -0.14, 
-0.14, -0.14, -0.14, -0.14, -0.14, -0.14, -0.14, -0.14, -0.14, -0.14, -0.14, -0.14, -0.14, -0.14, -0.14, -0.14, -0.14, -0.14, -0.14, -0.14, -0.14, -0.14, -0.14, -0.14, -0.14, -0.14, -0.14, -0.14, 
-0.14, -0.14, -0.14, -0.14, -0.14, -0.14, -0.14, -0.14, -0.14, -0.14, -0.14, -0.14, -0.14, -0.14, -0.14, -0.14, -0.14, -0.14, -0.14, -0.14, -0.14, -0.14, -0.14, -0.14, -0.14, -0.14, -0.14, -0.14, 
-0.14, -0.14, -0.14, -0.14, -0.14, -0.14, -0.14, -0.14, -0.14, -0.14, -0.14, -0.14, -0.14, -0.14, -0.14, -0.14, -0.14, -0.14, -0.14, -0.14, -0.14, -0.14, -0.14, -0.14, -0.14, -0.14, -0.14, -0.14, 
-0.14, -0.14, -0.14, -0.14, -0.14, -0.14, -0.14, -0.14, -0.14, -0.14, -0.14, -0.14, -0.14, -0.14, -0.14, -0.14, -0.14, -0.14, -0.14, -0.14, -0.14, -0.14, -0.14, -0.14, -0.14, -0.14, -0.14, -0.14, 
-0.14, -0.14, -0.14, -0.14, -0.14, -0.14, -0.14, -0.14, -0.14, -0.14, -0.14, -0.14, -0.14, -0.14, -0.14, -0.14, -0.14, -0.14, -0.14, -0.14, -0.14, -0.14, -0.14, -0.14, -0.14, -0.14, -0.14, -0.14, 
-0.14, -0.14, -0.14, -0.14, -0.14, -0.14, -0.14, -0.14, -0.14, -0.14, -0.14, -0.14, -0.14, -0.14, -0.14, -0.14, -0.14, -0.14, -0.14, -0.14, -0.14, -0.14, -0.14, -0.14, -0.14, -0.14, -0.14, -0.14, 
-0.14, -0.14, -0.14, -0.14, -0.14, -0.14, -0.14, -0.14, -0.14, -0.14, -0.14, -0.14, -0.14, -0.14, -0.14, -0.14, -0.14, -0.14, -0.14, -0.14, -0.14, -0.14, -0.14, -0.14, -0.14, -0.14, -0.14, -0.14, 
-0.14, -0.14, -0.14, -0.14, -0.14, -0.14, -0.14, -0.14, -0.14, -0.14, -0.14, -0.14, -0.14, -0.14, -0.14, -0.14, -0.14, -0.14, -0.14, -0.14, -0.14, -0.14, -0.14, -0.14, -0.14, -0.14, -0.14, -0.14, 
-0.14, -0.14, -0.14, -0.14, -0.14, -0.14, -0.14, -0.14, -0.14, -0.14, -0.14, -0.14, -0.14, -0.14, -0.14, -0.14, -0.14, -0.14, -0.14, -0.14, -0.14, -0.14, -0.14, -0.14, -0.14, -0.14, -0.14, -0.14, 
-- optimal policy --
r  <  l  <  >  >  L  <  L  <  >  L  <  >  R  >  R  ^  <  >  L  <  L  <  L  <  ^  <  
^  l  <  L  R  R  ^  L  ^  L  R  ^  L  R  ^  ^  R  ^  L  R  ^  L  ^  R  ^  R  ^  L  
L  ^  L  v  v  l  v  l  v  v  l  <  ^  ^  ^  r  v  r  v  >  r  v  v  >  >  >  r  v  
<  <  v  v  l  v  l  v  v  l  <  L  <  R  r  >  r  v  >  >  >  r  v  >  >  >  >  R  
v  <  v  l  v  l  v  v  l  <  L  L  L  r  >  R  >  r  v  v  R  >  r  v  R  R  R  ^  
L  v  l  <  l  <  v  l  <  L  L  L  L  >  R  >  >  >  r  >  >  >  r  v  v  r  v  v  
^  l  <  v  l  <  l  <  L  <  L  L  L  R  ^  >  >  >  r  v  R  R  >  r  v  >  r  v  
v  <  L  l  v  v  l  <  <  L  L  L  L  <  r  v  >  >  >  r  >  >  >  >  r  R  >  R  
L  <  r  v  v  l  <  L  <  <  L  <  L  r  v  r  v  >  >  >  >  >  >  >  >  r  R  ^  
l  L  >  >  l  <  L  v  v  l  <  r  v  v  r  v  r  v  r  v  v  R  R  R  ^  >  >  R  
^  L  v  l  ^  L  v  v  l  v  v  v  r  v  v  r  v  r  v  >  >  >  >  r  R  R  R  ^  
<  v  l  <  L  v  v  l  v  l  v  v  v  r  v  v  r  v  r  v  v  v  v  v  r  v  v  v  
v  l  ^  L  v  v  l  v  l  v  r  v  v  v  r  v  v  r  v  r  v  v  v  v  v  r  v  v  
<  ^  L  v  v  l  <  l  v  l  v  r  v  v  v  r  v  v  r  v  r  v  v  l  v  >  r  v  
^  L  r  v  l  <  v  v  l  v  r  v  r  v  v  v  r  v  v  r  v  v  l  v  l  >  >  r  
v  v  v  l  <  L  l  l  v  v  v  r  v  r  v  v  v  r  v  v  >  >  r  v  <  R  R  R  
v  v  l  <  L  l  v  v  v  v  v  v  r  v  r  v  v  v  l  v  l  ^  >  r  v  >  >  R  
v  l  <  L  v  v  v  v  l  r  v  l  >  r  v  r  v  l  ^  l  <  v  R  ^  r  <  R  ^  
L  <  L  v  r  v  v  l  <  v  r  v  R  >  r  >  r  <  l  ^  L  r  v  l  ^  r  >  R  
v  <  r  v  v  >  v  v  l  v  v  v  v  v  >  >  r  v  <  v  r  v  l  <  R  ^  >  >  
L  <  >  r  v  l  v  l  <  r  v  v  v  l  v  R  ^  l  <  v  v  l  ^  L  l  v  R  ^  
^  L  >  >  v  <  v  <  L  >  >  v  l  <  v  <  r  ^  >  l  l  r  L  l  <  v  <  ^  
