arguments: 56 41 4 -0.147709 0.673776 -0.0205371 -0.157978
loading features...

Initializing gridworld of size 28 by 22..
    Num states: 616
    Num actions: 8
recovered reward
-0.16, -0.16, -0.16, -0.19, -0.23, -0.19, -0.16, -0.19, -0.23, -0.19, -0.16, -0.16, -0.16, -0.16, -0.16, 0.01, 0.18, 0.01, -0.16, -0.16, -0.16, -0.16, -0.16, -0.16, -0.16, -0.16, -0.16, -0.16, 
-0.16, -0.16, -0.16, -0.23, -0.31, -0.23, -0.16, -0.23, -0.31, -0.25, -0.16, -0.16, -0.18, -0.16, -0.16, 0.18, 0.52, 0.18, -0.16, -0.16, -0.16, -0.16, -0.16, 0.01, 0.18, -0.04, -0.16, -0.16, 
-0.16, -0.16, -0.16, -0.19, -0.23, -0.19, -0.16, -0.19, -0.19, -0.23, -0.19, -0.16, -0.16, -0.16, -0.16, 0.01, 0.16, 0.01, -0.16, -0.16, -0.16, -0.16, 0.01, 0.18, 0.52, 0.18, -0.16, -0.16, 
-0.16, -0.16, -0.16, -0.16, -0.16, -0.16, -0.16, -0.17, -0.23, -0.31, -0.23, -0.16, -0.16, -0.16, -0.16, -0.16, -0.16, -0.16, -0.16, -0.16, -0.16, -0.16, 0.18, 0.01, 0.18, 0.01, -0.16, -0.16, 
-0.16, -0.16, -0.16, -0.16, -0.16, 0.01, 0.17, 0.01, -0.19, -0.06, 0.14, 0.01, -0.16, -0.16, -0.16, -0.16, -0.16, -0.16, -0.16, -0.16, -0.16, -0.16, 0.01, 0.18, 0.01, -0.21, -0.16, -0.16, 
-0.16, -0.16, -0.16, -0.16, -0.19, 0.11, 0.48, 0.18, -0.16, 0.18, 0.52, 0.18, -0.16, -0.16, -0.16, -0.16, -0.18, -0.16, -0.16, -0.16, -0.16, -0.16, -0.16, -0.16, -0.16, -0.16, -0.16, -0.16, 
-0.16, -0.16, -0.16, -0.16, -0.24, -0.14, 0.11, -0.03, -0.23, -0.03, 0.18, 0.01, -0.16, -0.16, -0.18, -0.16, 0.01, 0.18, 0.01, -0.16, -0.16, -0.16, -0.16, -0.16, -0.16, -0.16, -0.16, -0.16, 
-0.16, -0.19, -0.23, -0.19, -0.19, -0.23, -0.19, -0.23, -0.31, -0.23, -0.16, -0.16, -0.16, -0.16, -0.16, -0.16, 0.18, 0.52, 0.18, -0.16, -0.16, -0.16, -0.16, -0.21, 0.01, 0.18, 0.01, -0.16, 
-0.16, -0.23, -0.31, -0.23, -0.16, -0.16, -0.16, -0.19, -0.23, -0.19, -0.16, -0.16, -0.16, -0.16, -0.19, -0.23, -0.03, 0.18, 0.01, -0.16, -0.16, -0.16, -0.16, -0.16, 0.18, 0.52, 0.18, -0.16, 
-0.16, -0.19, -0.23, -0.19, 0.00, 0.18, 0.01, -0.16, -0.16, -0.16, -0.16, -0.16, -0.18, -0.16, -0.23, -0.31, -0.23, -0.16, -0.16, -0.16, -0.16, -0.16, -0.16, -0.16, 0.01, 0.18, 0.01, -0.16, 
-0.16, -0.16, -0.16, -0.16, 0.18, 0.52, 0.18, -0.16, -0.16, -0.16, -0.16, -0.16, -0.16, -0.16, -0.19, -0.23, -0.19, -0.16, -0.16, -0.16, -0.16, -0.16, -0.16, -0.16, -0.21, -0.16, -0.16, -0.16, 
-0.16, -0.16, -0.16, -0.16, 0.01, 0.18, 0.01, 0.18, 0.01, -0.16, -0.19, -0.16, -0.16, 0.01, 0.18, 0.01, -0.16, -0.16, -0.16, -0.16, -0.16, -0.16, -0.16, -0.16, -0.16, -0.16, -0.16, -0.16, 
-0.16, -0.16, -0.16, -0.19, -0.23, -0.19, 0.18, 0.52, 0.18, -0.16, -0.16, -0.16, -0.16, 0.18, 0.52, 0.18, -0.16, -0.16, -0.16, -0.16, -0.16, -0.16, -0.16, -0.16, -0.16, -0.16, -0.16, -0.16, 
-0.16, -0.16, -0.16, -0.24, -0.31, -0.23, 0.01, 0.18, 0.01, -0.16, -0.16, -0.16, -0.16, 0.01, 0.18, 0.01, -0.16, -0.16, -0.16, -0.16, -0.16, -0.16, -0.16, -0.20, -0.16, -0.16, -0.16, -0.16, 
-0.16, -0.16, -0.16, -0.19, -0.23, -0.19, -0.16, -0.16, -0.16, -0.19, -0.16, -0.16, -0.16, -0.16, -0.16, -0.16, -0.16, -0.16, -0.16, -0.16, -0.16, -0.19, -0.23, -0.19, -0.16, -0.16, -0.16, -0.16, 
-0.16, -0.16, -0.16, -0.16, -0.16, -0.16, -0.16, -0.16, -0.16, -0.16, -0.16, -0.16, -0.19, -0.23, -0.19, -0.16, -0.16, -0.16, -0.16, -0.16, -0.16, -0.23, -0.31, -0.23, -0.16, -0.16, -0.16, -0.16, 
-0.16, -0.16, -0.16, -0.16, -0.16, -0.16, -0.16, -0.16, -0.16, -0.16, -0.16, 0.01, 0.07, -0.14, -0.23, -0.16, -0.16, -0.16, -0.16, -0.16, -0.16, -0.19, -0.23, -0.07, 0.18, 0.01, -0.16, -0.16, 
-0.16, -0.16, -0.16, -0.16, -0.16, -0.16, -0.16, -0.16, -0.16, -0.16, -0.16, 0.18, 0.48, 0.11, -0.19, -0.16, -0.16, -0.16, -0.19, -0.23, -0.19, -0.16, -0.19, 0.11, 0.48, 0.18, -0.16, -0.16, 
-0.16, -0.16, -0.16, -0.16, -0.16, -0.16, -0.16, -0.16, -0.16, -0.16, -0.16, 0.01, 0.18, 0.01, -0.16, -0.16, -0.16, -0.16, -0.23, -0.31, -0.23, -0.20, -0.23, -0.14, 0.11, 0.01, -0.16, -0.16, 
-0.16, -0.16, -0.16, -0.16, -0.16, -0.16, -0.16, -0.16, -0.16, -0.16, -0.16, -0.16, -0.16, -0.19, -0.16, -0.16, -0.19, -0.16, -0.19, -0.27, -0.19, -0.16, -0.19, -0.23, -0.19, -0.16, -0.16, -0.16, 
-0.16, -0.16, -0.16, -0.16, -0.16, -0.16, -0.16, -0.16, -0.16, -0.16, -0.16, -0.16, -0.16, -0.16, -0.16, -0.16, -0.16, -0.16, -0.16, -0.16, -0.16, -0.16, -0.16, -0.16, -0.16, -0.16, -0.16, -0.16, 
-0.16, -0.16, -0.16, -0.16, -0.16, -0.16, -0.16, -0.16, -0.16, -0.16, -0.16, -0.16, -0.16, -0.16, -0.16, -0.16, -0.16, -0.16, -0.16, -0.16, -0.16, -0.16, -0.16, -0.16, -0.16, -0.16, -0.16, -0.16, 
-- optimal policy --
r  r  v  l  >  r  v  l  <  r  r  >  >  r  r  r  v  l  l  <  r  r  r  r  v  l  l  l  
r  r  v  l  r  r  v  l  l  >  r  r  r  r  >  >  ^  <  <  L  r  r  r  r  v  l  l  l  
>  r  r  r  r  r  v  l  l  R  r  v  l  >  R  R  ^  L  L  <  >  r  >  >  <  <  <  <  
>  R  >  r  r  r  v  l  l  r  v  l  l  R  R  R  ^  L  L  L  r  >  R  R  ^  L  L  L  
R  >  >  >  r  r  v  l  r  r  v  l  l  <  R  R  r  v  l  l  >  R  ^  R  ^  L  L  L  
>  >  >  R  >  >  >  <  >  >  >  <  <  <  r  r  r  v  l  l  l  R  R  ^  L  L  l  l  
R  >  R  R  R  R  ^  L  R  R  ^  L  L  <  r  r  r  v  l  l  <  R  R  r  r  v  l  l  
R  R  R  r  R  R  ^  L  R  R  ^  L  L  L  >  >  >  ^  <  <  <  >  r  r  r  v  l  l  
v  l  r  r  r  v  l  l  l  R  ^  L  L  L  R  R  R  ^  L  L  <  >  >  >  >  <  <  <  
r  r  r  r  r  v  l  l  l  l  l  r  r  v  l  R  R  ^  L  L  L  R  R  R  R  ^  L  L  
>  >  >  >  >  v  <  v  l  l  l  r  r  r  v  l  l  l  ^  L  L  R  R  R  R  ^  L  L  
>  >  R  R  R  ^  r  v  l  l  <  >  r  r  v  l  l  l  <  ^  L  R  R  ^  R  R  ^  L  
r  >  R  R  R  ^  >  ^  <  <  L  >  >  >  ^  <  <  <  <  l  L  R  R  R  R  R  ^  ^  
>  R  ^  L  R  R  R  ^  L  L  L  R  R  R  ^  L  L  L  L  <  R  R  R  r  r  v  v  l  
R  ^  ^  r  r  R  R  ^  L  L  L  R  R  R  ^  L  L  L  L  L  l  R  ^  r  v  v  l  l  
R  ^  >  >  >  R  ^  L  ^  L  r  r  v  l  l  ^  L  L  L  <  v  l  r  r  v  l  l  l  
^  R  >  R  R  R  ^  L  L  r  r  r  v  l  l  l  ^  L  L  L  r  r  r  r  v  l  l  <  
>  >  R  R  ^  R  ^  L  >  >  >  >  v  <  <  l  <  L  L  L  >  >  >  >  ^  <  <  <  
>  R  R  ^  R  ^  ^  >  >  R  R  R  ^  L  L  <  l  <  L  R  R  R  R  R  ^  L  L  L  
R  R  ^  R  ^  R  R  >  >  R  R  R  ^  L  L  L  <  L  L  l  r  r  R  R  ^  L  L  L  
R  ^  R  R  ^  >  r  >  R  R  R  ^  ^  L  ^  L  L  <  L  <  >  r  >  R  R  ^  L  L  
^  R  R  ^  >  R  >  R  R  R  ^  ^  L  L  L  L  L  L  <  <  R  >  R  R  ^  R  ^  L  
Correct actions (%) : 6.67
Avg angular diffs   : 94.00
