arguments: 56 27 2 -0.126104 0.549799 -0.243775 -0.0803213
loading features...

Initializing gridworld of size 28 by 22..
    Num states: 616
    Num actions: 8
recovered reward
-0.08, -0.08, -0.08, -0.08, -0.08, -0.28, -0.08, -0.08, -0.30, -0.08, -0.08, -0.32, -0.08, -0.08, -0.08, -0.08, -0.08, -0.08, -0.08, -0.11, -0.14, -0.11, -0.08, -0.08, -0.08, -0.08, -0.08, -0.08, 
-0.08, -0.08, -0.08, -0.08, -0.08, -0.08, -0.08, -0.08, -0.08, -0.08, -0.08, -0.08, -0.08, -0.35, -0.08, -0.08, -0.08, -0.08, -0.08, -0.14, -0.21, -0.14, -0.08, -0.08, -0.08, -0.08, -0.08, -0.08, 
-0.08, -0.08, -0.08, -0.08, -0.25, -0.08, -0.08, -0.08, -0.08, -0.08, -0.08, -0.08, -0.08, -0.08, -0.08, -0.08, -0.08, -0.08, -0.08, -0.11, -0.14, -0.11, -0.08, -0.08, -0.08, -0.74, -0.08, -0.08, 
-0.08, -0.08, -0.08, -0.23, 0.06, 0.19, 0.06, -0.08, -0.08, -0.08, -0.08, -0.08, -0.08, -0.08, -0.08, -0.08, -0.08, -0.08, -0.08, -0.08, -0.08, -0.08, -0.08, -0.11, -0.14, -0.11, -0.08, -0.08, 
-0.08, -0.08, -0.08, -0.08, 0.19, 0.47, 0.19, 0.06, 0.19, 0.06, -0.08, -0.08, -0.08, -0.08, -0.37, -0.08, 0.06, 0.19, 0.06, -0.08, -0.08, -0.08, -0.08, -0.14, -0.84, -0.14, -0.08, -0.08, 
-0.08, -0.08, -0.08, -0.08, 0.06, 0.19, 0.06, 0.19, 0.47, 0.19, -0.08, -0.08, -0.08, -0.08, -0.08, -0.08, 0.19, 0.47, 0.19, 0.06, 0.19, 0.06, -0.08, -0.11, -0.01, 0.16, 0.06, -0.08, 
0.06, 0.19, -0.06, -0.08, -0.08, -0.08, -0.08, 0.06, 0.19, 0.06, -0.08, -0.08, -0.40, -0.08, -0.08, -0.08, 0.06, 0.19, 0.06, 0.19, 0.47, 0.19, -0.08, -0.08, 0.19, 0.47, 0.19, -0.08, 
0.19, 0.47, 0.19, -0.08, -0.08, -0.08, -0.08, -0.08, -0.08, -0.08, -0.08, -0.08, -0.08, -0.08, -0.08, -0.08, -0.08, -0.08, -0.08, 0.06, 0.19, 0.06, -0.69, -0.08, 0.06, 0.19, 0.06, -0.08, 
0.06, 0.19, 0.06, -0.08, -0.08, -0.08, -0.08, -0.08, -0.08, -0.08, -0.08, -0.08, -0.08, -0.08, -0.08, -0.08, -0.08, -0.08, -0.08, -0.08, -0.08, -0.08, -0.08, -0.08, -0.08, -0.08, -0.08, -0.08, 
-0.08, -0.18, -0.08, -0.08, -0.08, -0.08, -0.08, -0.08, 0.06, 0.19, 0.06, -0.42, -0.08, -0.08, -0.11, -0.14, -0.11, -0.11, -0.01, 0.16, 0.06, -0.08, -0.08, -0.08, -0.08, -0.08, -0.08, -0.08, 
-0.08, -0.08, -0.08, -0.08, -0.08, -0.08, 0.06, 0.19, 0.06, 0.47, 0.19, -0.08, -0.08, -0.08, -0.11, -0.14, -0.11, -0.14, 0.16, 0.41, 0.16, -0.08, -0.08, -0.67, -0.08, -0.08, -0.08, -0.08, 
-0.08, 0.06, 0.19, 0.06, -0.08, -0.08, 0.19, 0.47, 0.19, 0.19, 0.06, -0.08, -0.08, -0.08, -0.14, -0.21, -0.14, -0.11, -0.01, 0.07, -0.01, -0.08, -0.08, -0.08, -0.08, -0.08, -0.08, -0.08, 
-0.08, 0.16, 0.41, 0.16, -0.08, -0.08, 0.06, 0.19, 0.06, -0.08, -0.45, -0.08, -0.08, -0.08, -0.11, -0.14, -0.11, -0.08, -0.11, -0.14, -0.11, -0.08, -0.08, -0.08, -0.08, -0.08, -0.08, -0.08, 
-0.08, -0.08, 0.07, -0.01, -0.08, -0.08, -0.08, -0.08, -0.08, -0.08, -0.08, -0.11, -0.14, -0.11, -0.08, -0.08, -0.08, -0.08, -0.08, -0.08, -0.08, -0.08, -0.08, -0.64, -0.08, -0.08, -0.08, -0.08, 
-0.08, -0.11, -0.14, -0.11, -0.08, -0.08, -0.08, -0.08, -0.08, -0.08, -0.08, -0.14, -0.21, -0.14, -0.08, -0.08, -0.08, -0.11, -0.14, -0.11, -0.08, -0.08, -0.08, -0.08, -0.08, -0.08, -0.08, -0.08, 
-0.08, -0.08, -0.08, -0.08, -0.08, -0.08, -0.08, -0.08, -0.08, -0.08, -0.08, -0.50, -0.14, -0.11, -0.11, -0.14, -0.11, -0.14, -0.21, -0.14, -0.08, -0.08, -0.08, -0.08, -0.08, -0.08, -0.08, -0.08, 
-0.08, -0.13, -0.08, -0.08, -0.08, -0.08, -0.08, -0.08, 0.06, 0.19, 0.06, -0.08, -0.08, -0.08, -0.14, -0.21, -0.14, -0.11, -0.14, -0.11, -0.08, -0.08, -0.08, -0.62, -0.11, -0.14, -0.11, -0.08, 
-0.08, -0.08, -0.08, -0.08, -0.08, -0.08, -0.08, -0.08, 0.19, 0.47, 0.19, -0.08, -0.08, -0.08, -0.11, -0.14, -0.11, -0.08, -0.08, -0.08, -0.08, -0.08, -0.08, -0.08, -0.14, -0.21, -0.14, -0.08, 
-0.08, -0.08, -0.08, -0.08, -0.08, -0.08, -0.08, -0.08, 0.06, 0.19, 0.06, -0.49, -0.08, -0.08, -0.08, -0.08, -0.08, -0.08, -0.08, -0.08, -0.08, -0.59, -0.08, -0.08, -0.11, -0.14, -0.11, -0.08, 
-0.10, -0.08, -0.08, -0.08, -0.08, -0.08, -0.08, -0.08, -0.08, -0.08, -0.08, -0.08, -0.52, -0.08, -0.08, -0.54, -0.08, -0.08, -0.57, -0.08, -0.08, -0.08, -0.08, -0.08, -0.08, -0.08, -0.08, -0.08, 
-0.08, -0.08, -0.08, -0.08, -0.08, -0.08, -0.08, -0.08, -0.08, -0.08, -0.08, -0.08, -0.08, -0.08, -0.08, -0.08, -0.08, -0.08, -0.08, -0.08, -0.08, -0.08, -0.08, -0.08, -0.08, -0.08, -0.08, -0.08, 
-0.08, -0.08, -0.08, -0.08, -0.08, -0.08, -0.08, -0.08, -0.08, -0.08, -0.08, -0.08, -0.08, -0.08, -0.08, -0.08, -0.08, -0.08, -0.08, -0.08, -0.08, -0.08, -0.08, -0.08, -0.08, -0.08, -0.08, -0.08, 
-- optimal policy --
>  r  r  r  v  l  v  v  l  l  r  v  l  r  v  r  v  v  l  l  <  r  v  v  v  l  v  v  
r  >  r  v  r  v  v  l  l  v  v  l  l  r  r  v  l  r  v  l  l  r  v  v  l  r  v  v  
r  r  >  r  r  v  l  l  l  l  l  l  l  r  r  r  v  v  v  l  l  v  v  l  <  r  v  l  
v  r  r  r  r  v  l  r  v  l  l  l  <  >  r  r  r  v  l  l  v  v  l  l  L  r  v  l  
v  v  r  >  >  ^  <  r  v  l  l  <  l  r  >  r  r  v  l  l  v  l  l  r  r  v  l  l  
r  v  l  R  R  ^  L  >  >  <  <  l  <  r  r  >  >  ^  <  r  v  l  l  r  r  v  l  l  
r  v  l  l  R  ^  R  R  ^  L  L  <  L  >  R  R  R  ^  L  >  <  <  <  >  >  >  <  <  
>  ^  <  <  ^  R  R  R  ^  L  L  L  l  R  R  R  R  ^  R  R  ^  L  L  R  R  ^  L  L  
R  ^  L  L  <  r  v  r  r  v  l  l  <  l  R  R  R  r  r  R  ^  L  L  R  R  ^  L  L  
R  ^  L  L  L  r  r  v  r  v  l  l  l  <  R  R  R  r  r  v  l  l  L  R  ^  L  ^  L  
r  r  v  l  l  r  r  v  l  l  <  <  <  l  <  R  r  >  >  >  <  <  L  L  ^  ^  L  L  
r  r  v  l  l  >  >  <  <  ^  L  L  L  <  L  r  r  R  R  ^  L  L  L  <  ^  L  L  L  
>  >  ^  <  <  R  R  ^  L  L  L  L  L  <  <  r  >  R  R  ^  L  L  L  L  L  L  ^  ^  
R  R  ^  L  L  R  R  ^  L  L  L  ^  L  L  L  >  R  ^  L  <  R  ^  L  L  L  L  L  ^  
R  R  ^  L  L  R  R  ^  L  l  v  l  L  R  >  R  ^  ^  L  L  ^  R  ^  L  <  L  L  L  
^  L  >  R  ^  L  r  r  r  v  l  l  l  l  l  R  ^  L  L  R  R  ^  L  ^  L  <  L  L  
^  ^  R  ^  L  R  >  r  r  v  l  l  <  l  <  L  r  v  r  R  ^  ^  ^  L  L  L  L  L  
^  R  R  ^  R  >  >  >  >  v  <  <  L  <  L  l  l  l  >  R  ^  R  ^  L  <  L  R  ^  
R  R  R  r  >  r  >  R  R  ^  L  L  L  L  <  <  <  <  R  ^  R  ^  ^  ^  L  l  R  ^  
R  R  >  >  r  >  R  R  R  ^  L  L  <  L  L  <  L  <  <  R  ^  L  ^  ^  L  <  R  ^  
R  >  R  R  >  R  R  R  ^  L  ^  L  L  <  L  L  <  <  <  <  ^  ^  L  ^  L  L  <  ^  
R  R  >  R  R  R  R  R  R  ^  L  ^  L  L  <  L  L  <  <  <  <  R  ^  L  ^  L  L  <  
Correct actions (%) : 5.88
Avg angular diffs   : 87.35
