arguments: 56 37 3 0.0277778 0.00925926 -0.037037 -0.925926

Initializing gridworld of size 28 by 22..
    Num states: 616
    Num actions: 8
recovered reward
-0.93, -0.93, -0.93, -0.93, -0.93, -0.93, -0.93, -0.93, -0.93, -0.93, -0.93, -0.93, -0.93, -0.93, -0.93, -0.93, -0.93, -0.93, -0.93, -0.93, -0.93, -0.93, -0.93, -0.93, -0.93, -0.93, -0.93, -0.93, 
-0.93, -0.93, -0.93, -0.93, -0.93, -0.93, -0.93, -0.93, -0.93, -0.93, -0.93, -0.93, -0.93, -0.93, -0.93, -0.93, -0.93, -0.93, -0.93, -0.93, -0.93, -0.93, -0.93, -0.93, -0.93, -0.93, -0.93, -0.93, 
-0.93, -0.93, -0.93, -0.93, -0.93, -0.93, -0.93, -0.93, -0.93, -0.93, -0.93, -0.93, -0.93, -0.93, -0.93, -0.93, -0.93, -0.93, -0.93, -0.93, -0.93, -0.93, -0.93, -0.93, -0.93, -0.93, -0.93, -0.93, 
-0.93, -0.93, -0.93, -0.93, -0.93, -0.93, -0.93, -0.93, -0.93, -0.93, -0.93, -0.93, -0.93, -0.93, -0.93, -0.93, -0.93, -0.93, -0.93, -0.93, -0.93, -0.93, -0.93, -0.93, -0.93, -0.93, -0.93, -0.93, 
-0.93, -0.93, -0.93, -0.93, -0.93, -0.93, -0.93, -0.93, -0.93, -0.93, -0.93, -0.93, -0.93, -0.93, -0.93, -0.93, -0.93, -0.93, -0.93, -0.93, -0.93, -0.93, -0.93, -0.93, -0.93, -0.93, -0.93, -0.93, 
-0.93, -0.93, -0.93, -0.93, -0.93, -0.93, -0.93, -0.93, -0.93, -0.93, -0.93, -0.93, -0.93, -0.93, -0.93, -0.93, -0.93, -0.93, -0.93, -0.93, -0.93, -0.93, -0.93, -0.93, -0.93, -0.93, -0.93, -0.93, 
-0.93, -0.93, -0.93, -0.93, -0.93, -0.93, -0.93, -0.93, -0.93, -0.93, -0.93, -0.93, -0.93, -0.93, -0.93, -0.93, -0.93, -0.93, -0.93, -0.93, -0.93, -0.93, -0.93, -0.93, -0.93, -0.93, -0.93, -0.93, 
-0.93, -0.93, -0.93, -0.93, -0.93, -0.93, -0.93, -0.93, -0.93, -0.93, -0.93, -0.93, -0.93, -0.93, -0.93, -0.93, -0.93, -0.93, -0.93, -0.93, -0.93, -0.93, -0.93, -0.93, -0.93, -0.93, -0.93, -0.93, 
-0.93, -0.93, -0.93, -0.93, -0.93, -0.93, -0.93, -0.93, -0.93, -0.93, -0.93, -0.93, -0.93, -0.93, -0.93, -0.93, -0.93, -0.93, -0.93, -0.93, -0.93, -0.93, -0.93, -0.93, -0.93, -0.93, -0.93, -0.93, 
-0.93, -0.93, -0.93, -0.93, -0.93, -0.93, -0.93, -0.93, -0.93, -0.93, -0.93, -0.93, -0.93, -0.93, -0.93, -0.93, -0.93, -0.93, -0.93, -0.93, -0.93, -0.93, -0.93, -0.93, -0.93, -0.93, -0.93, -0.93, 
-0.93, -0.93, -0.93, -0.93, -0.93, -0.93, -0.93, -0.93, -0.93, -0.93, -0.93, -0.93, -0.93, -0.93, -0.93, -0.93, -0.93, -0.93, -0.93, -0.93, -0.93, -0.93, -0.93, -0.93, -0.93, -0.93, -0.93, -0.93, 
-0.93, -0.93, -0.93, -0.93, -0.93, -0.93, -0.93, -0.93, -0.93, -0.93, -0.93, -0.93, -0.93, -0.93, -0.93, -0.93, -0.93, -0.93, -0.93, -0.93, -0.93, -0.93, -0.93, -0.93, -0.93, -0.93, -0.93, -0.93, 
-0.93, -0.93, -0.93, -0.93, -0.93, -0.93, -0.93, -0.93, -0.93, -0.93, -0.93, -0.93, -0.93, -0.93, -0.93, -0.93, -0.93, -0.93, -0.93, -0.93, -0.93, -0.93, -0.93, -0.93, -0.93, -0.93, -0.93, -0.93, 
-0.93, -0.93, -0.93, -0.93, -0.93, -0.93, -0.93, -0.93, -0.93, -0.93, -0.93, -0.93, -0.93, -0.93, -0.93, -0.93, -0.93, -0.93, -0.93, -0.93, -0.93, -0.93, -0.93, -0.93, -0.93, -0.93, -0.93, -0.93, 
-0.93, -0.93, -0.93, -0.93, -0.93, -0.93, -0.93, -0.93, -0.93, -0.93, -0.93, -0.93, -0.93, -0.93, -0.93, -0.93, -0.93, -0.93, -0.93, -0.93, -0.93, -0.93, -0.93, -0.93, -0.93, -0.93, -0.93, -0.93, 
-0.93, -0.93, -0.93, -0.93, -0.93, -0.93, -0.93, -0.93, -0.93, -0.93, -0.93, -0.93, -0.93, -0.93, -0.93, -0.93, -0.93, -0.93, -0.93, -0.93, -0.93, -0.93, -0.93, -0.93, -0.93, -0.93, -0.93, -0.93, 
-0.93, -0.93, -0.93, -0.93, -0.93, -0.93, -0.93, -0.93, -0.93, -0.93, -0.93, -0.93, -0.93, -0.93, -0.93, -0.93, -0.93, -0.93, -0.93, -0.93, -0.93, -0.93, -0.93, -0.93, -0.93, -0.93, -0.93, -0.93, 
-0.93, -0.93, -0.93, -0.93, -0.93, -0.93, -0.93, -0.93, -0.93, -0.93, -0.93, -0.93, -0.93, -0.93, -0.93, -0.93, -0.93, -0.93, -0.93, -0.93, -0.93, -0.93, -0.93, -0.93, -0.93, -0.93, -0.93, -0.93, 
-0.93, -0.93, -0.93, -0.93, -0.93, -0.93, -0.93, -0.93, -0.93, -0.93, -0.93, -0.93, -0.93, -0.93, -0.93, -0.93, -0.93, -0.93, -0.93, -0.93, -0.93, -0.93, -0.93, -0.93, -0.93, -0.93, -0.93, -0.93, 
-0.93, -0.93, -0.93, -0.93, -0.93, -0.93, -0.93, -0.93, -0.93, -0.93, -0.93, -0.93, -0.93, -0.93, -0.93, -0.93, -0.93, -0.93, -0.93, -0.93, -0.93, -0.93, -0.93, -0.93, -0.93, -0.93, -0.93, -0.93, 
-0.93, -0.93, -0.93, -0.93, -0.93, -0.93, -0.93, -0.93, -0.93, -0.93, -0.93, -0.93, -0.93, -0.93, -0.93, -0.93, -0.93, -0.93, -0.93, -0.93, -0.93, -0.93, -0.93, -0.93, -0.93, -0.93, -0.93, -0.93, 
-0.93, -0.93, -0.93, -0.93, -0.93, -0.93, -0.93, -0.93, -0.93, -0.93, -0.93, -0.93, -0.93, -0.93, -0.93, -0.93, -0.93, -0.93, -0.93, -0.93, -0.93, -0.93, -0.93, -0.93, -0.93, -0.93, -0.93, -0.93, 
-- optimal policy --
R  <  >  >  R  <  >  L  ^  <  L  L  L  <  R  <  >  >  L  <  >  >  r  >  >  >  L  v  
^  L  R  R  ^  L  R  ^  ^  L  ^  ^  ^  L  ^  L  R  R  ^  L  >  >  r  v  R  R  ^  >  
v  v  l  <  r  v  v  l  <  v  l  v  >  >  r  v  >  >  >  r  v  >  >  v  v  r  R  ^  
v  l  <  L  >  v  l  <  L  l  v  l  v  >  >  r  v  >  >  >  >  >  >  >  >  >  >  >  
l  <  L  r  v  l  <  L  l  v  l  <  l  >  >  >  r  v  R  R  ^  R  R  ^  ^  R  R  R  
L  <  r  v  l  <  L  l  v  l  <  v  v  v  >  >  >  r  v  >  >  >  r  v  v  >  >  >  
l  <  v  l  <  L  l  v  l  <  L  r  v  v  R  >  >  >  r  v  R  R  >  r  v  v  >  r  
v  <  v  v  v  l  v  l  <  L  r  v  l  l  v  R  R  R  >  >  r  R  >  >  r  r  v  ^  
<  L  v  v  l  v  l  <  L  v  v  r  v  l  r  v  v  R  R  R  >  >  >  >  >  >  r  v  
^  L  v  l  v  l  <  L  v  r  v  v  l  <  v  r  r  v  l  R  R  R  R  R  ^  R  ^  >  
v  v  l  v  l  <  L  v  r  v  r  v  l  v  r  v  v  r  v  >  r  v  r  v  >  r  R  ^  
v  l  v  l  <  L  v  v  v  r  v  l  <  l  v  r  v  v  v  v  >  r  v  r  R  >  r  v  
v  <  l  <  L  v  v  v  v  v  r  v  l  <  r  v  r  v  v  v  v  >  r  v  r  v  >  r  
v  l  <  L  v  v  v  l  r  v  v  l  <  r  v  r  v  r  v  v  v  v  >  r  >  r  v  r  
<  <  L  v  v  l  l  v  v  r  v  l  v  v  r  v  r  v  r  v  v  v  v  >  >  >  r  ^  
v  <  r  v  l  v  v  v  v  v  l  <  v  v  v  r  v  r  v  r  v  v  v  v  R  R  ^  v  
<  <  v  l  <  v  v  v  v  v  v  v  v  v  v  v  r  >  r  >  r  v  v  l  <  v  R  R  
l  <  v  v  v  v  v  v  l  v  v  v  v  v  v  l  v  >  >  >  >  r  v  l  <  r  R  ^  
^  L  v  v  v  v  v  l  v  r  v  v  v  v  l  <  v  v  ^  R  R  >  v  <  L  >  r  v  
v  r  v  l  v  v  l  v  v  v  r  r  v  l  <  >  r  v  v  v  r  r  v  l  <  v  >  >  
r  v  v  v  >  l  <  r  v  l  ^  r  v  l  <  >  >  r  v  v  l  >  r  v  v  v  R  ^  
>  v  r  l  r  ^  L  >  l  <  >  >  l  <  L  >  >  >  >  l  <  R  ^  >  >  r  l  R  
