arguments: 56 37 2 0.01002 -0.886774 0.00300601 -0.1002
loading features...

Initializing gridworld of size 28 by 22..
    Num states: 616
    Num actions: 8
recovered reward
-0.10, -0.10, -0.10, -0.10, -0.10, -0.10, -0.10, -0.10, -0.10, -0.10, -0.10, -0.10, -0.10, -0.10, -0.10, -0.10, -0.10, -0.10, -0.10, -0.10, -0.10, -0.10, -0.10, -0.10, -0.10, -0.10, -0.10, -0.10, 
-0.10, -0.10, -0.10, -0.10, -0.10, -0.10, -0.10, -0.10, -0.10, -0.10, -0.10, -0.10, -0.10, -0.10, -0.10, -0.10, -0.10, -0.10, -0.10, -0.10, -0.10, -0.10, -0.10, -0.10, -0.10, -0.10, -0.10, -0.10, 
-0.10, -0.10, -0.10, -0.10, -0.10, -0.10, -0.09, -0.10, -0.10, -0.10, -0.10, -0.10, -0.10, -0.10, -0.10, -0.10, -0.10, -0.10, -0.10, -0.09, -0.32, -0.54, -0.32, -0.10, -0.10, -0.09, -0.10, -0.10, 
-0.10, -0.10, -0.10, -0.10, -0.10, -0.10, -0.10, -0.10, -0.10, -0.10, -0.10, -0.10, -0.10, -0.10, -0.10, -0.10, -0.10, -0.10, -0.10, -0.10, -0.54, -0.99, -0.54, -0.10, -0.10, -0.10, -0.10, -0.10, 
-0.10, -0.10, -0.09, -0.10, -0.10, -0.10, -0.10, -0.32, -0.53, -0.32, -0.10, -0.10, -0.10, -0.10, -0.10, -0.10, -0.10, -0.10, -0.10, -0.09, -0.32, -0.54, -0.32, -0.10, -0.09, -0.10, -0.10, -0.10, 
-0.10, -0.10, -0.10, -0.10, -0.10, -0.10, -0.10, -0.54, -0.98, -0.54, -0.10, -0.10, -0.10, -0.10, -0.10, -0.10, -0.10, -0.10, -0.10, -0.10, -0.10, -0.10, -0.10, -0.10, -0.10, -0.10, -0.10, -0.10, 
-0.10, -0.10, -0.10, -0.10, -0.10, -0.10, -0.10, -0.32, -0.54, -0.32, -0.10, -0.10, -0.10, -0.10, -0.10, -0.10, -0.10, -0.10, -0.10, -0.10, -0.10, -0.10, -0.10, -0.10, -0.10, -0.10, -0.10, -0.10, 
-0.10, -0.10, -0.10, -0.10, -0.10, -0.10, -0.10, -0.10, -0.10, -0.10, -0.10, -0.10, -0.10, -0.10, -0.10, -0.10, -0.10, -0.10, -0.10, -0.10, -0.10, -0.10, -0.09, -0.10, -0.10, -0.10, -0.10, -0.10, 
-0.10, -0.10, -0.10, -0.10, -0.10, -0.10, -0.10, -0.10, -0.10, -0.10, -0.10, -0.32, -0.54, -0.32, -0.10, -0.10, -0.10, -0.10, -0.10, -0.10, -0.10, -0.10, -0.10, -0.10, -0.10, -0.10, -0.10, -0.10, 
-0.10, -0.10, -0.10, -0.10, -0.10, -0.10, -0.10, -0.10, -0.10, -0.10, -0.10, -0.54, -0.99, -0.54, -0.10, -0.32, -0.54, -0.32, -0.10, -0.10, -0.10, -0.10, -0.10, -0.10, -0.10, -0.10, -0.10, -0.10, 
-0.10, -0.10, -0.10, -0.10, -0.10, -0.09, -0.10, -0.10, -0.10, -0.10, -0.10, -0.32, -0.54, -0.32, -0.54, -0.54, -0.99, -0.54, -0.10, -0.10, -0.10, -0.10, -0.10, -0.09, -0.10, -0.10, -0.10, -0.10, 
-0.10, -0.10, -0.10, -0.10, -0.10, -0.10, -0.10, -0.10, -0.10, -0.10, -0.10, -0.10, -0.10, -0.54, -0.98, -0.32, -0.54, -0.32, -0.32, -0.54, -0.32, -0.10, -0.10, -0.10, -0.10, -0.10, -0.10, -0.10, 
-0.10, -0.10, -0.10, -0.10, -0.10, -0.10, -0.10, -0.10, -0.10, -0.10, -0.10, -0.10, -0.10, -0.32, -0.54, -0.32, -0.10, -0.10, -0.54, -0.99, -0.54, -0.10, -0.10, -0.10, -0.10, -0.10, -0.10, -0.10, 
-0.10, -0.10, -0.10, -0.32, -0.54, -0.32, -0.10, -0.10, -0.10, -0.10, -0.10, -0.10, -0.10, -0.10, -0.32, -0.54, -0.32, -0.10, -0.32, -0.54, -0.32, -0.10, -0.10, -0.09, -0.10, -0.10, -0.10, -0.10, 
-0.10, -0.10, -0.10, -0.54, -0.99, -0.54, -0.10, -0.10, -0.10, -0.10, -0.09, -0.32, -0.54, -0.32, -0.54, -0.99, -0.54, -0.10, -0.10, -0.10, -0.10, -0.10, -0.10, -0.10, -0.10, -0.10, -0.10, -0.10, 
-0.10, -0.10, -0.10, -0.32, -0.54, -0.32, -0.54, -0.32, -0.10, -0.10, -0.10, -0.54, -0.99, -0.54, -0.32, -0.54, -0.32, -0.10, -0.10, -0.10, -0.32, -0.54, -0.32, -0.10, -0.10, -0.10, -0.10, -0.10, 
-0.10, -0.10, -0.10, -0.10, -0.10, -0.54, -0.98, -0.54, -0.10, -0.10, -0.32, -0.54, -0.32, -0.32, -0.10, -0.10, -0.10, -0.10, -0.10, -0.10, -0.54, -0.99, -0.54, -0.09, -0.10, -0.10, -0.09, -0.10, 
-0.10, -0.10, -0.10, -0.10, -0.10, -0.32, -0.54, -0.32, -0.10, -0.10, -0.54, -0.99, -0.54, -0.10, -0.10, -0.10, -0.10, -0.10, -0.10, -0.10, -0.32, -0.54, -0.32, -0.10, -0.10, -0.10, -0.10, -0.10, 
-0.10, -0.10, -0.10, -0.10, -0.10, -0.10, -0.10, -0.10, -0.10, -0.10, -0.32, -0.54, -0.32, -0.10, -0.10, -0.10, -0.10, -0.10, -0.10, -0.10, -0.10, -0.09, -0.10, -0.10, -0.10, -0.10, -0.10, -0.10, 
-0.10, -0.10, -0.10, -0.10, -0.09, -0.10, -0.10, -0.10, -0.10, -0.10, -0.10, -0.10, -0.09, -0.10, -0.10, -0.09, -0.10, -0.10, -0.09, -0.10, -0.10, -0.10, -0.10, -0.10, -0.10, -0.10, -0.10, -0.10, 
-0.10, -0.10, -0.10, -0.10, -0.10, -0.10, -0.10, -0.10, -0.10, -0.10, -0.10, -0.10, -0.10, -0.10, -0.10, -0.10, -0.10, -0.10, -0.10, -0.10, -0.10, -0.10, -0.10, -0.10, -0.10, -0.10, -0.10, -0.10, 
-0.10, -0.10, -0.10, -0.10, -0.10, -0.10, -0.10, -0.10, -0.10, -0.10, -0.10, -0.10, -0.10, -0.10, -0.10, -0.10, -0.10, -0.10, -0.10, -0.10, -0.10, -0.10, -0.10, -0.10, -0.10, -0.10, -0.10, -0.10, 
-- optimal policy --
r  v  r  r  r  r  v  l  l  <  l  l  <  <  r  >  r  r  r  v  l  l  l  l  l  l  v  l  
r  v  v  r  r  r  v  l  l  L  l  l  L  L  r  r  r  r  r  v  l  <  <  <  <  v  l  l  
r  r  v  l  >  >  v  <  <  l  l  l  l  L  r  r  r  >  >  v  <  L  L  L  <  l  <  <  
r  r  v  l  R  R  ^  L  L  <  <  <  <  r  r  r  >  r  r  v  l  l  R  r  v  l  L  L  
>  >  v  <  <  R  ^  L  ^  L  L  L  <  >  r  r  r  >  >  v  <  l  l  l  v  <  l  L  
R  R  ^  L  L  ^  ^  L  L  R  ^  L  L  l  r  r  >  R  R  ^  L  <  l  v  l  L  <  <  
R  R  ^  L  L  L  L  L  l  l  ^  ^  L  <  r  >  R  R  R  ^  L  L  v  l  l  l  L  <  
R  R  ^  L  L  v  v  l  l  l  l  R  ^  L  >  R  R  R  R  ^  L  L  L  <  l  l  l  L  
R  ^  r  r  r  v  l  l  l  l  l  l  R  >  R  R  R  R  ^  ^  L  R  ^  L  <  <  <  <  
R  r  r  r  r  v  l  l  l  l  v  l  l  R  R  R  R  ^  L  ^  R  R  ^  ^  L  L  L  l  
R  >  r  >  >  >  <  <  <  v  r  v  l  l  ^  L  R  R  ^  R  R  ^  >  ^  <  L  l  v  
>  r  >  R  R  ^  L  L  r  r  v  l  l  l  l  r  v  R  R  ^  >  r  v  l  v  l  r  v  
r  >  R  R  R  ^  L  L  r  r  v  l  l  l  l  >  r  v  l  r  r  >  r  v  l  v  v  l  
>  R  R  R  ^  L  ^  r  r  r  v  l  <  <  <  R  r  r  r  r  r  r  >  r  r  v  l  v  
R  R  ^  L  L  R  >  r  >  >  v  <  L  L  L  L  r  r  r  >  >  >  R  r  r  r  v  l  
r  r  v  r  v  l  R  >  R  R  ^  L  L  r  r  r  r  r  >  R  R  R  r  r  r  r  v  l  
r  r  r  v  v  l  l  R  R  R  ^  L  r  v  v  r  r  r  r  v  l  r  >  r  >  >  v  <  
r  r  r  r  v  l  l  l  R  ^  L  L  r  v  l  r  r  r  r  r  r  r  R  >  R  R  ^  L  
r  r  r  r  v  l  l  l  ^  ^  L  l  l  l  l  v  r  r  v  r  >  r  >  R  R  R  ^  L  
r  r  >  >  v  <  <  l  l  ^  L  <  <  <  <  >  r  >  r  >  R  >  R  R  R  R  ^  L  
r  >  R  R  ^  L  L  <  <  l  ^  L  L  L  <  ^  >  R  ^  R  >  R  R  R  R  ^  ^  L  
>  R  R  R  ^  L  L  L  <  <  <  ^  L  L  L  >  R  ^  R  >  R  R  R  R  ^  ^  R  ^  
Correct actions (%) : 10.29
Avg angular diffs   : 88.01
