arguments: 56 40 4 0.450016 -0.368332 0.126773 -0.05488

Initializing gridworld of size 28 by 22..
    Num states: 616
    Num actions: 8
recovered reward
-0.05, -0.05, -0.05, -0.05, -0.05, -0.05, -0.05, -0.05, -0.05, -0.05, -0.05, -0.05, -0.05, -0.05, -0.05, -0.05, -0.05, -0.05, -0.05, -0.05, -0.05, -0.05, -0.05, -0.05, -0.05, -0.05, -0.05, -0.05, 
-0.05, -0.05, -0.05, -0.05, -0.05, -0.05, -0.05, -0.05, -0.05, -0.05, -0.05, -0.05, -0.05, -0.05, -0.05, -0.05, -0.05, -0.05, -0.05, -0.05, -0.05, -0.05, -0.05, -0.05, -0.05, -0.05, -0.05, -0.05, 
-0.05, -0.05, -0.05, -0.05, -0.05, -0.05, -0.05, -0.05, -0.05, -0.05, -0.05, -0.05, -0.05, -0.05, -0.05, -0.05, -0.05, -0.05, -0.05, -0.05, -0.05, -0.05, -0.05, -0.05, -0.05, -0.05, -0.05, -0.05, 
-0.05, -0.05, -0.05, -0.05, -0.05, -0.05, -0.05, -0.05, -0.05, -0.05, -0.05, -0.05, -0.05, -0.05, -0.05, -0.05, -0.05, -0.05, -0.05, -0.05, -0.05, -0.05, -0.05, -0.05, -0.05, -0.05, -0.05, -0.05, 
-0.05, -0.05, -0.05, -0.05, -0.05, -0.05, -0.05, -0.05, -0.05, -0.05, -0.05, -0.05, -0.05, -0.05, -0.05, -0.05, -0.05, -0.05, -0.05, -0.05, -0.05, -0.05, -0.05, -0.05, -0.05, -0.05, -0.05, -0.05, 
-0.05, -0.05, -0.05, -0.05, -0.05, -0.05, -0.05, -0.05, -0.05, -0.05, -0.05, -0.05, -0.05, -0.05, -0.05, -0.05, -0.05, -0.05, -0.05, -0.05, -0.05, -0.05, -0.05, -0.05, -0.05, -0.05, -0.05, -0.05, 
-0.05, -0.05, -0.05, -0.05, -0.05, -0.05, -0.05, -0.05, -0.05, -0.05, -0.05, -0.05, -0.05, -0.05, -0.05, -0.05, -0.05, -0.05, -0.05, -0.05, -0.05, -0.05, -0.05, -0.05, -0.05, -0.05, -0.05, -0.05, 
-0.05, -0.05, -0.05, -0.05, -0.05, -0.05, -0.05, -0.05, -0.05, -0.05, -0.05, -0.05, -0.05, -0.05, -0.05, -0.05, -0.05, -0.05, -0.05, -0.05, -0.05, -0.05, -0.05, -0.05, -0.05, -0.05, -0.05, -0.05, 
-0.05, -0.05, -0.05, -0.05, -0.05, -0.05, -0.05, -0.05, -0.05, -0.05, -0.05, -0.05, -0.05, -0.05, -0.05, -0.05, -0.05, -0.05, -0.05, -0.05, -0.05, -0.05, -0.05, -0.05, -0.05, -0.05, -0.05, -0.05, 
-0.05, -0.05, -0.05, -0.05, -0.05, -0.05, -0.05, -0.05, -0.05, -0.05, -0.05, -0.05, -0.05, -0.05, -0.05, -0.05, -0.05, -0.05, -0.05, -0.05, -0.05, -0.05, -0.05, -0.05, -0.05, -0.05, -0.05, -0.05, 
-0.05, -0.05, -0.05, -0.05, -0.05, -0.05, -0.05, -0.05, -0.05, -0.05, -0.05, -0.05, -0.05, -0.05, -0.05, -0.05, -0.05, -0.05, -0.05, -0.05, -0.05, -0.05, -0.05, -0.05, -0.05, -0.05, -0.05, -0.05, 
-0.05, -0.05, -0.05, -0.05, -0.05, -0.05, -0.05, -0.05, -0.05, -0.05, -0.05, -0.05, -0.05, -0.05, -0.05, -0.05, -0.05, -0.05, -0.05, -0.05, -0.05, -0.05, -0.05, -0.05, -0.05, -0.05, -0.05, -0.05, 
-0.05, -0.05, -0.05, -0.05, -0.05, -0.05, -0.05, -0.05, -0.05, -0.05, -0.05, -0.05, -0.05, -0.05, -0.05, -0.05, -0.05, -0.05, -0.05, -0.05, -0.05, -0.05, -0.05, -0.05, -0.05, -0.05, -0.05, -0.05, 
-0.05, -0.05, -0.05, -0.05, -0.05, -0.05, -0.05, -0.05, -0.05, -0.05, -0.05, -0.05, -0.05, -0.05, -0.05, -0.05, -0.05, -0.05, -0.05, -0.05, -0.05, -0.05, -0.05, -0.05, -0.05, -0.05, -0.05, -0.05, 
-0.05, -0.05, -0.05, -0.05, -0.05, -0.05, -0.05, -0.05, -0.05, -0.05, -0.05, -0.05, -0.05, -0.05, -0.05, -0.05, -0.05, -0.05, -0.05, -0.05, -0.05, -0.05, -0.05, -0.05, -0.05, -0.05, -0.05, -0.05, 
-0.05, -0.05, -0.05, -0.05, -0.05, -0.05, -0.05, -0.05, -0.05, -0.05, -0.05, -0.05, -0.05, -0.05, -0.05, -0.05, -0.05, -0.05, -0.05, -0.05, -0.05, -0.05, -0.05, -0.05, -0.05, -0.05, -0.05, -0.05, 
-0.05, -0.05, -0.05, -0.05, -0.05, -0.05, -0.05, -0.05, -0.05, -0.05, -0.05, -0.05, -0.05, -0.05, -0.05, -0.05, -0.05, -0.05, -0.05, -0.05, -0.05, -0.05, -0.05, -0.05, -0.05, -0.05, -0.05, -0.05, 
-0.05, -0.05, -0.05, -0.05, -0.05, -0.05, -0.05, -0.05, -0.05, -0.05, -0.05, -0.05, -0.05, -0.05, -0.05, -0.05, -0.05, -0.05, -0.05, -0.05, -0.05, -0.05, -0.05, -0.05, -0.05, -0.05, -0.05, -0.05, 
-0.05, -0.05, -0.05, -0.05, -0.05, -0.05, -0.05, -0.05, -0.05, -0.05, -0.05, -0.05, -0.05, -0.05, -0.05, -0.05, -0.05, -0.05, -0.05, -0.05, -0.05, -0.05, -0.05, -0.05, -0.05, -0.05, -0.05, -0.05, 
-0.05, -0.05, -0.05, -0.05, -0.05, -0.05, -0.05, -0.05, -0.05, -0.05, -0.05, -0.05, -0.05, -0.05, -0.05, -0.05, -0.05, -0.05, -0.05, -0.05, -0.05, -0.05, -0.05, -0.05, -0.05, -0.05, -0.05, -0.05, 
-0.05, -0.05, -0.05, -0.05, -0.05, -0.05, -0.05, -0.05, -0.05, -0.05, -0.05, -0.05, -0.05, -0.05, -0.05, -0.05, -0.05, -0.05, -0.05, -0.05, -0.05, -0.05, -0.05, -0.05, -0.05, -0.05, -0.05, -0.05, 
-0.05, -0.05, -0.05, -0.05, -0.05, -0.05, -0.05, -0.05, -0.05, -0.05, -0.05, -0.05, -0.05, -0.05, -0.05, -0.05, -0.05, -0.05, -0.05, -0.05, -0.05, -0.05, -0.05, -0.05, -0.05, -0.05, -0.05, -0.05, 
-- optimal policy --
^  R  ^  ^  <  >  >  >  L  R  ^  R  R  <  >  >  >  >  >  >  >  R  <  >  R  <  >  >  
<  R  ^  ^  L  R  ^  R  ^  R  ^  R  ^  L  R  R  ^  R  R  R  R  ^  R  ^  ^  L  R  r  
l  <  r  v  l  <  v  v  v  v  v  l  <  >  >  >  >  >  >  >  r  v  r  v  v  >  >  R  
^  L  v  l  <  L  v  v  v  v  l  <  L  R  R  R  R  R  R  R  >  r  v  r  v  v  R  ^  
<  <  v  l  L  v  v  v  v  l  <  L  v  >  >  >  >  >  >  >  >  >  r  >  r  v  >  R  
^  v  l  <  L  v  v  v  l  <  L  v  v  v  R  R  R  R  R  R  R  >  >  >  >  r  >  r  
v  l  <  L  v  v  v  l  <  L  v  v  v  v  v  r  v  >  >  r  R  R  ^  R  R  r  v  ^  
r  ^  L  v  v  v  l  <  L  v  v  v  v  v  v  v  r  R  R  >  >  >  >  >  >  >  >  r  
^  l  <  v  v  l  <  L  v  r  v  v  v  v  v  v  >  r  v  v  R  R  R  R  R  R  ^  v  
<  ^  L  v  l  <  L  r  v  v  r  v  v  v  l  l  v  >  >  r  v  r  v  >  r  v  R  r  
v  <  v  l  <  L  v  v  r  v  v  r  v  l  v  v  v  R  r  >  r  v  >  >  >  r  R  ^  
l  v  l  <  L  v  v  v  v  r  v  v  l  <  r  v  v  l  >  >  >  r  ^  R  R  >  >  >  
>  l  <  L  v  v  v  v  v  v  r  v  l  <  >  v  l  v  l  R  R  >  r  v  R  R  R  ^  
l  ^  L  v  v  v  v  v  v  v  v  l  <  L  v  l  <  r  v  v  >  r  v  r  v  >  r  v  
L  L  v  v  v  v  v  l  r  v  l  <  L  v  r  v  v  v  v  v  v  >  r  v  r  >  >  R  
^  L  v  v  v  v  l  v  v  l  <  L  v  v  v  l  r  v  v  v  v  v  >  r  v  v  >  R  
<  <  v  l  v  l  v  v  l  ^  L  >  r  v  v  v  v  r  v  v  v  v  v  >  r  v  R  ^  
^  v  l  <  v  v  v  l  <  L  >  >  >  r  v  v  v  v  r  v  r  v  v  v  >  >  >  R  
v  l  <  v  r  v  l  <  L  >  >  >  >  >  r  v  v  v  l  >  >  >  r  v  l  ^  R  ^  
v  l  <  r  v  l  ^  L  >  >  >  >  >  >  >  r  v  l  v  l  R  R  >  v  <  r  v  v  
r  ^  L  >  v  <  L  >  >  >  >  >  >  >  >  >  r  v  l  <  >  r  v  l  v  v  r  v  
>  l  <  >  v  <  R  R  R  R  R  R  R  R  R  R  ^  r  <  L  >  >  v  ^  r  v  <  R  
