arguments: 56 31 4 0.389344 -0.0505464 0.0136612 -0.546448
loading features...

Initializing gridworld of size 28 by 22..
    Num states: 616
    Num actions: 8
recovered reward
-0.57, -0.60, -0.57, -0.55, -0.45, -0.36, -0.47, -0.56, -0.55, -0.55, -0.55, -0.55, -0.55, -0.55, -0.55, -0.55, -0.55, -0.55, -0.56, -0.57, -0.56, -0.55, -0.55, -0.55, -0.55, -0.55, -0.55, -0.55, 
-0.56, -0.47, -0.36, -0.45, -0.35, -0.18, -0.40, -0.57, -0.55, -0.54, -0.55, -0.55, -0.53, -0.55, -0.55, -0.55, -0.55, -0.55, -0.57, -0.50, -0.38, -0.45, -0.55, -0.55, -0.55, -0.51, -0.55, -0.55, 
-0.55, -0.35, -0.16, -0.35, -0.45, -0.36, -0.47, -0.56, -0.55, -0.55, -0.55, -0.55, -0.55, -0.55, -0.55, -0.55, -0.53, -0.55, -0.56, -0.38, -0.17, -0.35, -0.55, -0.55, -0.55, -0.55, -0.55, -0.55, 
-0.55, -0.45, -0.35, -0.45, -0.55, -0.56, -0.57, -0.55, -0.55, -0.55, -0.55, -0.55, -0.55, -0.55, -0.55, -0.55, -0.55, -0.55, -0.55, -0.45, -0.35, -0.45, -0.45, -0.55, -0.55, -0.55, -0.55, -0.55, 
-0.55, -0.55, -0.55, -0.55, -0.55, -0.55, -0.54, -0.55, -0.55, -0.55, -0.55, -0.55, -0.55, -0.55, -0.55, -0.55, -0.55, -0.55, -0.55, -0.55, -0.45, -0.35, -0.45, -0.55, -0.55, -0.51, -0.55, -0.55, 
-0.55, -0.55, -0.55, -0.55, -0.55, -0.55, -0.55, -0.55, -0.55, -0.55, -0.56, -0.57, -0.56, -0.55, -0.55, -0.55, -0.53, -0.55, -0.55, -0.55, -0.35, -0.16, -0.35, -0.55, -0.55, -0.55, -0.55, -0.55, 
-0.55, -0.55, -0.55, -0.55, -0.54, -0.55, -0.55, -0.55, -0.55, -0.55, -0.57, -0.60, -0.57, -0.55, -0.53, -0.55, -0.55, -0.55, -0.55, -0.55, -0.46, -0.38, -0.46, -0.55, -0.55, -0.55, -0.55, -0.55, 
-0.55, -0.55, -0.55, -0.55, -0.55, -0.55, -0.45, -0.35, -0.45, -0.55, -0.56, -0.57, -0.56, -0.55, -0.55, -0.55, -0.55, -0.55, -0.55, -0.45, -0.38, -0.50, -0.57, -0.51, -0.55, -0.55, -0.55, -0.55, 
-0.55, -0.55, -0.55, -0.55, -0.55, -0.55, -0.35, -0.16, -0.35, -0.55, -0.55, -0.55, -0.55, -0.55, -0.55, -0.55, -0.55, -0.55, -0.55, -0.35, -0.17, -0.38, -0.56, -0.55, -0.55, -0.55, -0.55, -0.55, 
-0.55, -0.55, -0.55, -0.55, -0.54, -0.55, -0.45, -0.35, -0.45, -0.35, -0.45, -0.55, -0.53, -0.55, -0.55, -0.55, -0.55, -0.55, -0.55, -0.45, -0.35, -0.45, -0.55, -0.55, -0.55, -0.55, -0.55, -0.55, 
-0.55, -0.55, -0.55, -0.55, -0.55, -0.55, -0.55, -0.55, -0.35, -0.16, -0.35, -0.55, -0.55, -0.55, -0.55, -0.56, -0.57, -0.56, -0.55, -0.55, -0.55, -0.55, -0.55, -0.55, -0.52, -0.55, -0.55, -0.55, 
-0.55, -0.55, -0.55, -0.55, -0.55, -0.55, -0.55, -0.55, -0.45, -0.35, -0.43, -0.55, -0.55, -0.56, -0.57, -0.57, -0.60, -0.57, -0.55, -0.55, -0.55, -0.55, -0.55, -0.55, -0.55, -0.55, -0.55, -0.55, 
-0.55, -0.55, -0.55, -0.55, -0.55, -0.55, -0.55, -0.55, -0.55, -0.55, -0.55, -0.55, -0.55, -0.57, -0.60, -0.56, -0.57, -0.56, -0.55, -0.55, -0.55, -0.55, -0.55, -0.55, -0.45, -0.35, -0.45, -0.55, 
-0.55, -0.55, -0.55, -0.54, -0.55, -0.55, -0.55, -0.55, -0.55, -0.55, -0.55, -0.55, -0.55, -0.56, -0.57, -0.56, -0.55, -0.55, -0.55, -0.55, -0.55, -0.55, -0.55, -0.52, -0.35, -0.16, -0.35, -0.55, 
-0.55, -0.55, -0.55, -0.55, -0.55, -0.55, -0.55, -0.55, -0.55, -0.53, -0.55, -0.55, -0.55, -0.55, -0.55, -0.55, -0.55, -0.55, -0.55, -0.55, -0.55, -0.45, -0.35, -0.45, -0.45, -0.35, -0.45, -0.55, 
-0.55, -0.55, -0.55, -0.55, -0.55, -0.55, -0.55, -0.55, -0.55, -0.55, -0.55, -0.55, -0.55, -0.55, -0.55, -0.55, -0.55, -0.55, -0.55, -0.55, -0.45, -0.35, -0.17, -0.38, -0.56, -0.55, -0.55, -0.55, 
-0.55, -0.55, -0.54, -0.55, -0.55, -0.55, -0.55, -0.55, -0.55, -0.55, -0.55, -0.55, -0.52, -0.55, -0.55, -0.55, -0.55, -0.55, -0.55, -0.55, -0.35, -0.45, -0.38, -0.47, -0.57, -0.55, -0.55, -0.55, 
-0.55, -0.55, -0.55, -0.55, -0.55, -0.55, -0.45, -0.35, -0.45, -0.55, -0.55, -0.55, -0.55, -0.55, -0.56, -0.57, -0.56, -0.55, -0.55, -0.55, -0.45, -0.35, -0.46, -0.57, -0.56, -0.55, -0.55, -0.55, 
-0.55, -0.55, -0.55, -0.55, -0.55, -0.55, -0.35, -0.16, -0.35, -0.55, -0.55, -0.55, -0.55, -0.55, -0.57, -0.60, -0.57, -0.55, -0.56, -0.57, -0.56, -0.52, -0.55, -0.55, -0.55, -0.55, -0.55, -0.55, 
-0.55, -0.55, -0.55, -0.55, -0.55, -0.55, -0.45, -0.35, -0.45, -0.55, -0.55, -0.55, -0.55, -0.52, -0.56, -0.57, -0.53, -0.55, -0.57, -0.57, -0.57, -0.55, -0.55, -0.55, -0.55, -0.55, -0.55, -0.55, 
-0.55, -0.55, -0.55, -0.55, -0.55, -0.55, -0.55, -0.55, -0.55, -0.55, -0.55, -0.55, -0.55, -0.55, -0.56, -0.57, -0.56, -0.55, -0.56, -0.57, -0.56, -0.55, -0.55, -0.55, -0.55, -0.55, -0.55, -0.55, 
-0.55, -0.55, -0.55, -0.55, -0.55, -0.55, -0.55, -0.55, -0.55, -0.55, -0.55, -0.55, -0.55, -0.55, -0.55, -0.55, -0.55, -0.55, -0.55, -0.55, -0.55, -0.55, -0.55, -0.55, -0.55, -0.55, -0.55, -0.55, 
-- optimal policy --
r  r  v  l  r  v  l  l  <  <  l  l  l  >  r  r  r  r  r  r  v  l  l  l  l  l  l  l  
r  r  v  l  l  <  <  <  l  l  <  l  l  l  r  r  r  r  r  r  v  l  l  l  l  l  l  l  
>  >  v  <  <  ^  L  L  <  <  L  l  l  l  r  >  >  r  >  >  v  <  <  l  l  l  l  l  
R  R  ^  L  L  ^  L  L  L  <  v  l  l  l  r  R  r  >  R  R  r  v  l  l  l  l  l  l  
R  R  ^  L  L  L  L  L  L  v  l  l  l  <  l  r  >  R  R  r  r  v  l  l  l  l  <  <  
R  ^  L  ^  L  r  r  v  v  l  l  l  <  l  l  >  R  R  r  >  >  >  <  <  <  l  L  <  
R  ^  ^  >  r  r  r  v  l  l  l  l  l  l  l  R  r  r  r  R  R  ^  L  L  <  l  l  L  
^  ^  >  R  r  r  r  v  l  l  l  l  l  l  l  >  r  r  r  r  R  ^  L  L  L  <  <  l  
R  >  R  r  r  >  >  v  <  <  l  l  l  l  l  R  r  r  >  >  v  <  <  L  L  L  l  v  
>  R  r  >  >  R  R  ^  r  v  l  l  l  <  <  R  >  >  R  R  ^  L  L  <  v  l  v  v  
R  r  >  R  R  R  R  ^  >  v  <  <  <  L  <  R  R  R  R  R  ^  L  L  r  v  v  v  l  
r  >  R  R  R  R  ^  R  R  ^  L  L  L  <  L  R  R  R  R  ^  R  ^  r  r  r  v  l  l  
>  R  R  R  R  ^  R  R  R  ^  L  L  L  L  L  R  R  R  ^  r  r  v  r  r  r  v  l  l  
R  R  R  R  R  R  R  R  ^  R  ^  L  L  L  <  R  R  r  r  r  r  r  v  >  >  v  <  <  
r  >  r  r  r  v  R  R  ^  ^  ^  L  L  L  L  <  r  r  r  r  r  r  v  R  R  ^  L  L  
>  r  r  r  r  r  v  v  v  l  l  l  L  L  L  L  >  r  r  r  >  >  <  <  R  ^  L  L  
r  >  r  >  r  r  r  v  l  l  l  l  l  <  L  L  >  >  r  >  R  R  ^  L  L  ^  ^  L  
>  R  r  r  >  r  r  v  l  l  l  l  l  L  <  R  r  >  >  R  ^  R  ^  L  L  L  L  L  
R  r  r  >  r  >  >  v  <  <  <  l  l  <  l  r  >  R  R  R  R  ^  L  L  L  L  L  ^  
r  r  r  r  >  R  R  ^  L  L  <  <  l  l  <  >  R  R  R  R  R  ^  L  L  L  L  L  L  
r  r  r  >  R  R  R  ^  L  L  L  <  <  <  L  R  R  R  R  R  R  ^  ^  L  L  L  L  L  
>  >  >  R  R  R  ^  L  ^  L  L  L  <  <  L  R  R  R  R  R  R  R  ^  ^  L  L  L  L  
Correct actions (%) : 8.43
Avg angular diffs   : 88.37
