arguments: 56 26 4 -0.193069 -0.227723 0.0841584 -0.49505

Initializing gridworld of size 28 by 22..
    Num states: 616
    Num actions: 8
recovered reward
-0.50, -0.50, -0.50, -0.50, -0.50, -0.50, -0.50, -0.50, -0.50, -0.50, -0.50, -0.50, -0.50, -0.50, -0.50, -0.50, -0.50, -0.50, -0.50, -0.50, -0.50, -0.50, -0.50, -0.50, -0.50, -0.50, -0.50, -0.50, 
-0.50, -0.50, -0.50, -0.50, -0.50, -0.50, -0.50, -0.50, -0.50, -0.50, -0.50, -0.50, -0.50, -0.50, -0.50, -0.50, -0.50, -0.50, -0.50, -0.50, -0.50, -0.50, -0.50, -0.50, -0.50, -0.50, -0.50, -0.50, 
-0.50, -0.50, -0.50, -0.50, -0.50, -0.50, -0.50, -0.50, -0.50, -0.50, -0.50, -0.50, -0.50, -0.50, -0.50, -0.50, -0.50, -0.50, -0.50, -0.50, -0.50, -0.50, -0.50, -0.50, -0.50, -0.50, -0.50, -0.50, 
-0.50, -0.50, -0.50, -0.50, -0.50, -0.50, -0.50, -0.50, -0.50, -0.50, -0.50, -0.50, -0.50, -0.50, -0.50, -0.50, -0.50, -0.50, -0.50, -0.50, -0.50, -0.50, -0.50, -0.50, -0.50, -0.50, -0.50, -0.50, 
-0.50, -0.50, -0.50, -0.50, -0.50, -0.50, -0.50, -0.50, -0.50, -0.50, -0.50, -0.50, -0.50, -0.50, -0.50, -0.50, -0.50, -0.50, -0.50, -0.50, -0.50, -0.50, -0.50, -0.50, -0.50, -0.50, -0.50, -0.50, 
-0.50, -0.50, -0.50, -0.50, -0.50, -0.50, -0.50, -0.50, -0.50, -0.50, -0.50, -0.50, -0.50, -0.50, -0.50, -0.50, -0.50, -0.50, -0.50, -0.50, -0.50, -0.50, -0.50, -0.50, -0.50, -0.50, -0.50, -0.50, 
-0.50, -0.50, -0.50, -0.50, -0.50, -0.50, -0.50, -0.50, -0.50, -0.50, -0.50, -0.50, -0.50, -0.50, -0.50, -0.50, -0.50, -0.50, -0.50, -0.50, -0.50, -0.50, -0.50, -0.50, -0.50, -0.50, -0.50, -0.50, 
-0.50, -0.50, -0.50, -0.50, -0.50, -0.50, -0.50, -0.50, -0.50, -0.50, -0.50, -0.50, -0.50, -0.50, -0.50, -0.50, -0.50, -0.50, -0.50, -0.50, -0.50, -0.50, -0.50, -0.50, -0.50, -0.50, -0.50, -0.50, 
-0.50, -0.50, -0.50, -0.50, -0.50, -0.50, -0.50, -0.50, -0.50, -0.50, -0.50, -0.50, -0.50, -0.50, -0.50, -0.50, -0.50, -0.50, -0.50, -0.50, -0.50, -0.50, -0.50, -0.50, -0.50, -0.50, -0.50, -0.50, 
-0.50, -0.50, -0.50, -0.50, -0.50, -0.50, -0.50, -0.50, -0.50, -0.50, -0.50, -0.50, -0.50, -0.50, -0.50, -0.50, -0.50, -0.50, -0.50, -0.50, -0.50, -0.50, -0.50, -0.50, -0.50, -0.50, -0.50, -0.50, 
-0.50, -0.50, -0.50, -0.50, -0.50, -0.50, -0.50, -0.50, -0.50, -0.50, -0.50, -0.50, -0.50, -0.50, -0.50, -0.50, -0.50, -0.50, -0.50, -0.50, -0.50, -0.50, -0.50, -0.50, -0.50, -0.50, -0.50, -0.50, 
-0.50, -0.50, -0.50, -0.50, -0.50, -0.50, -0.50, -0.50, -0.50, -0.50, -0.50, -0.50, -0.50, -0.50, -0.50, -0.50, -0.50, -0.50, -0.50, -0.50, -0.50, -0.50, -0.50, -0.50, -0.50, -0.50, -0.50, -0.50, 
-0.50, -0.50, -0.50, -0.50, -0.50, -0.50, -0.50, -0.50, -0.50, -0.50, -0.50, -0.50, -0.50, -0.50, -0.50, -0.50, -0.50, -0.50, -0.50, -0.50, -0.50, -0.50, -0.50, -0.50, -0.50, -0.50, -0.50, -0.50, 
-0.50, -0.50, -0.50, -0.50, -0.50, -0.50, -0.50, -0.50, -0.50, -0.50, -0.50, -0.50, -0.50, -0.50, -0.50, -0.50, -0.50, -0.50, -0.50, -0.50, -0.50, -0.50, -0.50, -0.50, -0.50, -0.50, -0.50, -0.50, 
-0.50, -0.50, -0.50, -0.50, -0.50, -0.50, -0.50, -0.50, -0.50, -0.50, -0.50, -0.50, -0.50, -0.50, -0.50, -0.50, -0.50, -0.50, -0.50, -0.50, -0.50, -0.50, -0.50, -0.50, -0.50, -0.50, -0.50, -0.50, 
-0.50, -0.50, -0.50, -0.50, -0.50, -0.50, -0.50, -0.50, -0.50, -0.50, -0.50, -0.50, -0.50, -0.50, -0.50, -0.50, -0.50, -0.50, -0.50, -0.50, -0.50, -0.50, -0.50, -0.50, -0.50, -0.50, -0.50, -0.50, 
-0.50, -0.50, -0.50, -0.50, -0.50, -0.50, -0.50, -0.50, -0.50, -0.50, -0.50, -0.50, -0.50, -0.50, -0.50, -0.50, -0.50, -0.50, -0.50, -0.50, -0.50, -0.50, -0.50, -0.50, -0.50, -0.50, -0.50, -0.50, 
-0.50, -0.50, -0.50, -0.50, -0.50, -0.50, -0.50, -0.50, -0.50, -0.50, -0.50, -0.50, -0.50, -0.50, -0.50, -0.50, -0.50, -0.50, -0.50, -0.50, -0.50, -0.50, -0.50, -0.50, -0.50, -0.50, -0.50, -0.50, 
-0.50, -0.50, -0.50, -0.50, -0.50, -0.50, -0.50, -0.50, -0.50, -0.50, -0.50, -0.50, -0.50, -0.50, -0.50, -0.50, -0.50, -0.50, -0.50, -0.50, -0.50, -0.50, -0.50, -0.50, -0.50, -0.50, -0.50, -0.50, 
-0.50, -0.50, -0.50, -0.50, -0.50, -0.50, -0.50, -0.50, -0.50, -0.50, -0.50, -0.50, -0.50, -0.50, -0.50, -0.50, -0.50, -0.50, -0.50, -0.50, -0.50, -0.50, -0.50, -0.50, -0.50, -0.50, -0.50, -0.50, 
-0.50, -0.50, -0.50, -0.50, -0.50, -0.50, -0.50, -0.50, -0.50, -0.50, -0.50, -0.50, -0.50, -0.50, -0.50, -0.50, -0.50, -0.50, -0.50, -0.50, -0.50, -0.50, -0.50, -0.50, -0.50, -0.50, -0.50, -0.50, 
-0.50, -0.50, -0.50, -0.50, -0.50, -0.50, -0.50, -0.50, -0.50, -0.50, -0.50, -0.50, -0.50, -0.50, -0.50, -0.50, -0.50, -0.50, -0.50, -0.50, -0.50, -0.50, -0.50, -0.50, -0.50, -0.50, -0.50, -0.50, 
-- optimal policy --
v  >  ^  L  <  ^  ^  R  <  >  >  R  L  <  R  <  >  >  >  >  >  >  >  r  v  v  r  v  
<  ^  ^  ^  L  ^  ^  ^  L  R  R  ^  ^  L  ^  L  R  R  R  R  R  R  R  >  r  v  >  r  
^  L  v  v  l  <  v  v  v  v  v  l  v  v  v  v  v  l  r  v  v  v  R  >  >  >  >  R  
v  v  v  l  <  L  v  v  v  v  l  v  v  v  v  v  l  v  v  r  v  v  R  R  R  ^  R  ^  
v  v  l  <  L  v  v  v  v  l  v  v  v  v  v  l  v  v  v  v  r  v  v  v  v  v  v  v  
v  l  <  L  v  v  v  v  l  v  v  v  v  v  l  v  l  r  v  v  v  r  v  v  v  v  v  v  
L  <  L  v  v  v  v  l  v  v  v  v  v  l  v  l  v  v  r  v  v  v  r  v  v  v  v  v  
^  L  v  v  v  v  l  v  l  v  v  l  l  v  l  v  v  v  v  r  v  v  v  r  v  v  v  v  
v  v  v  v  v  l  v  l  <  v  l  r  v  l  v  v  v  v  v  v  r  v  v  v  r  v  v  v  
v  v  v  v  l  v  l  <  L  r  v  v  l  v  v  v  v  v  v  v  v  r  v  v  v  r  v  v  
v  v  v  l  v  l  <  L  v  v  r  v  v  v  v  v  v  v  v  v  v  v  r  v  v  v  r  v  
v  v  l  <  v  <  L  v  r  v  v  r  v  v  v  v  v  v  v  v  v  v  v  r  v  v  v  l  
v  l  <  L  v  <  >  r  v  r  v  v  r  v  v  v  v  v  v  v  v  v  l  >  r  v  v  v  
l  <  L  v  l  <  v  >  r  v  r  v  v  r  v  v  l  r  v  v  v  l  v  v  >  r  v  v  
^  L  v  l  <  L  v  v  >  r  v  r  r  v  v  l  v  v  r  v  l  <  >  r  v  >  r  v  
r  v  l  <  L  v  v  v  v  >  r  v  >  >  r  v  v  l  v  l  <  L  R  >  r  v  >  >  
v  l  <  L  v  v  l  v  v  v  r  v  R  ^  >  v  l  v  v  v  l  v  l  >  >  r  R  ^  
l  <  L  v  l  l  v  r  v  v  v  r  v  v  v  l  r  v  v  l  v  l  <  >  >  >  >  r  
^  L  v  l  v  v  v  v  r  v  v  v  r  v  v  l  >  >  v  <  v  <  v  v  R  ^  >  >  
r  v  l  <  v  v  v  v  v  r  v  l  >  r  v  v  R  ^  r  v  l  v  l  r  v  v  R  ^  
v  l  v  l  v  l  r  v  l  v  r  v  l  r  v  l  v  v  ^  v  v  l  <  >  r  v  l  v  
>  >  l  <  v  <  >  r  <  v  ^  r  <  >  r  <  >  l  >  v  r  <  L  >  >  v  <  >  
