arguments: 56 40 3 0.0191433 0.0231055 0.000360852 -0.95739
loading features...

Initializing gridworld of size 28 by 22..
    Num states: 616
    Num actions: 8
recovered reward
-0.96, -0.96, -0.96, -0.96, -0.96, -0.96, -0.96, -0.96, -0.96, -0.96, -0.96, -0.96, -0.96, -0.96, -0.96, -0.96, -0.96, -0.96, -0.96, -0.96, -0.96, -0.96, -0.96, -0.96, -0.96, -0.96, -0.96, -0.96, 
-0.96, -0.96, -0.96, -0.96, -0.96, -0.96, -0.96, -0.96, -0.96, -0.93, -0.96, -0.96, -0.96, -0.96, -0.96, -0.96, -0.96, -0.96, -0.96, -0.96, -0.96, -0.96, -0.96, -0.96, -0.96, -0.96, -0.96, -0.96, 
-0.96, -0.96, -0.96, -0.96, -0.96, -0.96, -0.96, -0.96, -0.96, -0.96, -0.96, -0.96, -0.96, -0.96, -0.96, -0.96, -0.96, -0.94, -0.96, -0.96, -0.96, -0.96, -0.96, -0.96, -0.96, -0.96, -0.96, -0.96, 
-0.96, -0.96, -0.96, -0.96, -0.96, -0.93, -0.96, -0.96, -0.96, -0.96, -0.96, -0.96, -0.96, -0.96, -0.94, -0.96, -0.96, -0.93, -0.96, -0.96, -0.96, -0.96, -0.96, -0.96, -0.94, -0.96, -0.96, -0.96, 
-0.96, -0.96, -0.96, -0.96, -0.96, -0.96, -0.96, -0.96, -0.96, -0.96, -0.96, -0.96, -0.96, -0.96, -0.96, -0.96, -0.96, -0.96, -0.96, -0.96, -0.96, -0.96, -0.96, -0.96, -0.96, -0.96, -0.96, -0.96, 
-0.96, -0.93, -0.96, -0.96, -0.96, -0.96, -0.96, -0.96, -0.96, -0.96, -0.96, -0.96, -0.96, -0.96, -0.93, -0.96, -0.96, -0.96, -0.96, -0.96, -0.96, -0.96, -0.96, -0.96, -0.96, -0.96, -0.96, -0.96, 
-0.96, -0.96, -0.96, -0.96, -0.96, -0.96, -0.96, -0.96, -0.96, -0.96, -0.96, -0.96, -0.96, -0.96, -0.96, -0.96, -0.96, -0.96, -0.96, -0.96, -0.96, -0.96, -0.96, -0.96, -0.93, -0.96, -0.96, -0.96, 
-0.96, -0.96, -0.96, -0.96, -0.96, -0.96, -0.96, -0.96, -0.96, -0.96, -0.96, -0.96, -0.96, -0.96, -0.96, -0.96, -0.96, -0.96, -0.96, -0.96, -0.96, -0.96, -0.96, -0.96, -0.96, -0.96, -0.96, -0.96, 
-0.96, -0.96, -0.96, -0.96, -0.96, -0.96, -0.96, -0.96, -0.93, -0.96, -0.96, -0.96, -0.96, -0.96, -0.94, -0.96, -0.96, -0.96, -0.96, -0.96, -0.96, -0.96, -0.96, -0.96, -0.96, -0.96, -0.96, -0.96, 
-0.96, -0.96, -0.96, -0.96, -0.96, -0.96, -0.96, -0.96, -0.96, -0.96, -0.96, -0.96, -0.96, -0.96, -0.96, -0.96, -0.96, -0.96, -0.96, -0.96, -0.94, -0.96, -0.94, -0.96, -0.96, -0.96, -0.96, -0.96, 
-0.96, -0.96, -0.96, -0.96, -0.96, -0.96, -0.96, -0.96, -0.96, -0.96, -0.96, -0.96, -0.96, -0.96, -0.96, -0.96, -0.96, -0.96, -0.96, -0.96, -0.96, -0.96, -0.93, -0.96, -0.96, -0.94, -0.96, -0.96, 
-0.96, -0.96, -0.96, -0.96, -0.96, -0.96, -0.96, -0.96, -0.96, -0.96, -0.96, -0.96, -0.96, -0.96, -0.96, -0.96, -0.96, -0.96, -0.96, -0.96, -0.96, -0.96, -0.96, -0.96, -0.96, -0.96, -0.96, -0.96, 
-0.96, -0.96, -0.96, -0.96, -0.96, -0.96, -0.96, -0.96, -0.96, -0.96, -0.96, -0.96, -0.96, -0.96, -0.96, -0.96, -0.93, -0.96, -0.96, -0.96, -0.96, -0.96, -0.96, -0.96, -0.96, -0.96, -0.96, -0.96, 
-0.96, -0.96, -0.96, -0.93, -0.96, -0.96, -0.96, -0.96, -0.96, -0.94, -0.96, -0.96, -0.96, -0.96, -0.96, -0.96, -0.96, -0.96, -0.96, -0.96, -0.94, -0.94, -0.96, -0.96, -0.96, -0.96, -0.96, -0.96, 
-0.96, -0.96, -0.96, -0.96, -0.96, -0.96, -0.96, -0.96, -0.96, -0.96, -0.96, -0.96, -0.96, -0.96, -0.96, -0.96, -0.96, -0.96, -0.96, -0.96, -0.96, -0.96, -0.96, -0.96, -0.96, -0.96, -0.96, -0.96, 
-0.96, -0.96, -0.96, -0.96, -0.96, -0.96, -0.96, -0.96, -0.96, -0.96, -0.96, -0.96, -0.96, -0.96, -0.96, -0.96, -0.96, -0.96, -0.96, -0.96, -0.96, -0.96, -0.96, -0.96, -0.96, -0.96, -0.96, -0.96, 
-0.96, -0.96, -0.96, -0.96, -0.93, -0.96, -0.96, -0.96, -0.96, -0.96, -0.96, -0.96, -0.96, -0.96, -0.96, -0.96, -0.96, -0.96, -0.96, -0.96, -0.96, -0.96, -0.96, -0.96, -0.93, -0.96, -0.96, -0.96, 
-0.96, -0.96, -0.96, -0.96, -0.96, -0.96, -0.96, -0.96, -0.96, -0.96, -0.96, -0.96, -0.96, -0.96, -0.96, -0.96, -0.96, -0.96, -0.96, -0.96, -0.96, -0.96, -0.96, -0.96, -0.96, -0.96, -0.96, -0.96, 
-0.96, -0.96, -0.96, -0.96, -0.96, -0.96, -0.96, -0.96, -0.94, -0.96, -0.96, -0.96, -0.96, -0.94, -0.96, -0.96, -0.96, -0.96, -0.96, -0.96, -0.96, -0.96, -0.96, -0.96, -0.96, -0.96, -0.96, -0.96, 
-0.96, -0.96, -0.96, -0.96, -0.96, -0.96, -0.96, -0.96, -0.96, -0.96, -0.96, -0.96, -0.96, -0.96, -0.96, -0.96, -0.96, -0.96, -0.96, -0.96, -0.96, -0.96, -0.96, -0.96, -0.96, -0.96, -0.96, -0.96, 
-0.96, -0.96, -0.96, -0.96, -0.96, -0.96, -0.96, -0.96, -0.96, -0.96, -0.96, -0.96, -0.96, -0.96, -0.96, -0.96, -0.96, -0.96, -0.96, -0.96, -0.96, -0.96, -0.96, -0.96, -0.96, -0.96, -0.96, -0.96, 
-0.96, -0.96, -0.96, -0.96, -0.96, -0.96, -0.96, -0.96, -0.96, -0.96, -0.96, -0.96, -0.96, -0.96, -0.96, -0.96, -0.96, -0.96, -0.96, -0.96, -0.96, -0.96, -0.96, -0.96, -0.96, -0.96, -0.96, -0.96, 
-- optimal policy --
r  >  r  v  >  r  r  >  r  v  r  r  >  >  r  r  r  v  l  l  l  <  <  <  <  v  v  l  
r  r  >  r  v  >  >  r  >  r  r  r  r  r  >  r  r  v  l  l  l  L  L  L  r  v  l  l  
r  >  R  >  r  v  r  >  R  ^  r  r  >  r  r  >  r  v  l  l  l  l  L  r  v  l  r  v  
v  R  r  r  >  r  >  R  ^  r  r  >  r  >  >  r  >  ^  <  <  l  l  v  v  l  r  v  l  
r  v  r  >  R  ^  R  ^  r  r  >  r  >  r  v  >  R  ^  L  L  <  l  r  r  v  v  l  <  
>  r  >  R  ^  r  r  r  r  >  r  >  r  >  >  R  R  ^  ^  L  L  <  >  r  v  l  l  L  
R  ^  R  ^  r  >  r  r  >  r  >  r  >  R  ^  L  ^  R  ^  ^  L  v  v  >  v  <  <  l  
^  R  R  r  r  r  r  r  v  >  r  >  R  R  R  ^  L  ^  r  r  r  v  v  v  l  L  L  <  
R  R  r  r  r  r  r  >  >  r  >  R  R  R  R  ^  L  r  >  r  r  r  v  l  l  l  L  l  
r  r  r  r  r  r  >  R  ^  >  R  ^  R  R  ^  L  >  >  r  >  >  r  v  l  <  l  l  l  
r  r  r  r  r  >  R  ^  >  R  ^  L  R  R  ^  L  R  r  >  R  r  >  ^  <  L  <  <  <  
r  r  v  r  >  R  ^  >  R  ^  R  R  R  ^  >  r  v  >  R  r  >  R  ^  L  L  L  L  L  
r  r  r  v  R  ^  R  R  ^  R  R  R  ^  >  r  >  >  R  r  >  R  ^  ^  L  L  L  L  L  
r  r  >  R  <  >  R  ^  >  R  R  ^  >  r  >  R  ^  L  >  R  ^  R  ^  ^  L  L  L  L  
r  >  R  ^  L  R  ^  >  R  ^  L  >  r  >  R  ^  L  >  R  R  R  ^  L  ^  L  L  L  L  
>  R  ^  ^  R  ^  >  R  ^  L  >  r  >  R  ^  ^  >  R  R  R  ^  ^  L  L  v  l  L  L  
R  ^  ^  >  ^  >  R  ^  L  >  r  >  R  ^  ^  >  R  R  ^  R  R  ^  ^  >  L  <  <  L  
^  ^  >  R  ^  R  ^  r  v  r  >  R  ^  ^  >  R  R  R  ^  L  R  ^  >  R  ^  L  <  L  
^  >  R  ^  R  ^  r  >  r  >  R  ^  >  >  R  R  R  ^  R  R  ^  >  R  ^  R  ^  L  <  
>  R  R  R  R  r  >  R  ^  R  ^  >  R  R  R  ^  ^  R  R  ^  >  R  R  R  ^  L  ^  L  
R  R  R  R  R  >  R  R  R  ^  R  R  R  R  ^  L  R  ^  L  R  R  R  R  R  R  ^  L  ^  
R  R  R  R  >  R  R  R  ^  R  R  R  R  ^  ^  R  ^  L  R  R  R  R  R  ^  L  R  ^  L  
Correct actions (%) : 16.46
Avg angular diffs   : 84.30
