arguments: 56 41 4 0.450016 -0.368332 0.126773 -0.05488
loading features...

Initializing gridworld of size 28 by 22..
    Num states: 616
    Num actions: 8
recovered reward
-0.05, -0.05, -0.05, -0.05, -0.05, -0.05, -0.05, -0.05, -0.05, -0.05, -0.05, -0.05, -0.05, -0.05, -0.05, -0.05, -0.05, -0.05, -0.05, -0.05, -0.05, -0.05, -0.05, -0.05, -0.05, -0.05, -0.05, -0.05, 
-0.05, -0.05, -0.05, -0.05, 0.40, -0.05, -0.05, -0.05, 0.40, 0.05, -0.05, -0.05, 0.06, -0.05, -0.05, -0.05, -0.42, -0.05, -0.05, -0.05, -0.05, -0.05, -0.05, -0.05, -0.05, 0.27, -0.05, -0.05, 
-0.05, -0.05, -0.05, -0.05, -0.05, -0.05, -0.05, -0.05, -0.05, -0.05, -0.05, -0.05, -0.05, -0.05, -0.05, -0.05, 0.07, -0.05, -0.05, -0.05, -0.05, -0.05, -0.05, -0.05, -0.42, -0.05, -0.05, -0.05, 
-0.05, -0.05, -0.05, -0.05, -0.05, -0.05, -0.05, 0.03, -0.05, 0.40, -0.05, -0.05, -0.05, -0.05, -0.05, -0.05, -0.05, -0.05, -0.05, -0.05, -0.05, -0.05, -0.05, -0.42, -0.05, -0.05, -0.05, -0.05, 
-0.05, -0.05, -0.05, -0.05, -0.05, -0.05, 0.02, -0.05, -0.05, -0.05, -0.05, -0.05, -0.05, -0.05, -0.05, -0.05, -0.05, -0.05, -0.05, -0.05, -0.05, -0.05, -0.05, -0.05, -0.05, 0.26, -0.05, -0.05, 
-0.05, -0.05, -0.05, -0.05, -0.05, -0.05, -0.42, -0.05, -0.05, -0.05, -0.42, -0.05, -0.05, -0.05, -0.05, -0.05, 0.08, -0.05, -0.05, -0.05, -0.05, -0.05, -0.05, -0.05, -0.05, -0.05, -0.05, -0.05, 
-0.05, -0.05, -0.05, -0.05, 0.01, 0.40, -0.05, -0.05, -0.05, -0.05, -0.05, -0.05, -0.05, -0.05, 0.10, -0.05, -0.05, -0.05, -0.05, -0.05, -0.05, -0.05, -0.05, -0.05, -0.05, -0.05, -0.05, -0.05, 
-0.05, -0.05, -0.05, -0.05, -0.05, -0.05, -0.05, -0.05, 0.40, -0.05, -0.05, -0.05, -0.05, -0.05, -0.05, -0.05, -0.05, -0.42, -0.05, -0.05, -0.05, -0.05, -0.05, 0.25, -0.05, -0.05, -0.05, -0.05, 
-0.05, -0.05, 0.40, -0.05, -0.05, -0.05, -0.05, -0.05, -0.05, -0.05, -0.05, -0.05, -0.05, -0.05, -0.05, -0.05, -0.05, -0.05, -0.05, -0.05, -0.05, -0.05, -0.05, -0.05, -0.05, -0.42, -0.05, -0.05, 
-0.05, -0.05, -0.05, -0.05, -0.00, -0.05, -0.05, -0.05, -0.05, -0.05, -0.05, -0.05, 0.11, -0.05, -0.05, 0.40, -0.05, -0.05, -0.05, -0.05, -0.05, -0.05, -0.05, -0.05, -0.05, -0.05, -0.05, -0.05, 
-0.05, -0.05, -0.05, -0.05, -0.05, -0.42, -0.05, -0.05, -0.05, -0.05, -0.05, -0.05, -0.05, -0.05, -0.05, -0.05, -0.05, -0.05, -0.05, -0.05, -0.05, -0.05, -0.05, -0.05, 0.24, -0.05, -0.05, -0.05, 
-0.05, -0.05, -0.05, -0.05, -0.05, -0.05, -0.05, -0.05, -0.05, -0.05, 0.12, -0.05, -0.05, -0.05, -0.05, -0.05, -0.05, -0.05, -0.05, -0.05, -0.05, -0.05, -0.05, -0.05, -0.05, -0.05, -0.05, -0.05, 
-0.05, -0.05, -0.05, -0.05, -0.05, -0.05, -0.05, -0.42, -0.05, -0.05, -0.05, -0.05, -0.05, -0.05, -0.42, -0.05, -0.05, -0.05, -0.05, -0.05, -0.05, -0.05, -0.05, -0.05, -0.05, -0.05, -0.05, -0.05, 
-0.05, -0.05, -0.05, -0.02, 0.40, -0.05, -0.05, -0.05, -0.05, -0.05, -0.05, -0.05, -0.05, -0.05, -0.05, -0.05, -0.05, -0.05, -0.05, -0.05, -0.05, -0.05, -0.05, 0.22, -0.05, -0.05, -0.05, -0.05, 
-0.05, -0.05, -0.05, -0.05, -0.05, -0.05, -0.05, -0.05, -0.05, 0.14, -0.05, -0.05, -0.05, -0.05, -0.05, -0.05, -0.05, -0.05, -0.05, -0.05, -0.05, -0.05, -0.05, -0.05, -0.05, -0.05, -0.05, -0.05, 
-0.05, -0.05, -0.05, -0.05, -0.05, -0.05, -0.05, -0.05, -0.05, -0.05, -0.05, -0.05, -0.05, -0.05, -0.05, -0.05, -0.05, -0.05, -0.05, -0.05, -0.05, -0.05, 0.40, -0.05, -0.05, -0.05, -0.05, -0.05, 
-0.05, -0.05, -0.03, -0.05, -0.05, -0.05, -0.05, -0.05, -0.05, -0.05, -0.05, -0.05, 0.15, 0.40, -0.05, -0.05, -0.05, -0.05, -0.05, -0.05, -0.05, -0.05, -0.05, 0.21, -0.05, -0.05, -0.05, -0.05, 
-0.05, -0.05, -0.05, -0.05, -0.05, -0.05, -0.05, -0.05, -0.05, -0.05, -0.05, -0.05, -0.42, -0.05, -0.05, -0.05, -0.05, -0.05, -0.05, -0.05, -0.05, -0.05, -0.05, -0.05, -0.42, -0.05, -0.05, -0.05, 
-0.05, -0.05, -0.05, -0.05, -0.05, -0.05, -0.05, -0.05, -0.05, -0.05, -0.05, -0.05, -0.05, -0.05, -0.05, -0.05, -0.05, -0.05, -0.05, 0.40, -0.05, 0.20, -0.05, 0.40, -0.05, -0.05, -0.05, -0.05, 
-0.04, -0.05, -0.05, -0.05, -0.05, -0.05, -0.05, -0.05, -0.05, -0.05, -0.05, -0.05, -0.05, 0.16, -0.05, -0.05, 0.17, -0.05, -0.05, 0.19, -0.05, -0.05, -0.05, -0.05, -0.05, -0.05, -0.05, -0.05, 
-0.05, -0.05, -0.05, -0.05, -0.05, -0.05, -0.05, -0.05, -0.05, -0.05, -0.05, -0.05, -0.05, -0.05, -0.05, -0.05, -0.05, -0.05, -0.05, -0.05, -0.05, -0.05, -0.05, -0.05, -0.05, -0.05, -0.05, -0.05, 
-0.05, -0.05, -0.05, -0.05, -0.05, -0.05, -0.05, -0.05, -0.05, -0.05, -0.05, -0.05, -0.05, -0.05, -0.05, -0.05, -0.05, -0.05, -0.05, -0.05, -0.05, -0.05, -0.05, -0.05, -0.05, -0.05, -0.05, -0.05, 
-- optimal policy --
r  r  r  r  v  r  >  r  v  l  l  v  l  l  r  v  r  r  r  v  l  r  r  >  r  v  l  l  
r  r  r  >  r  >  r  >  v  <  v  l  r  v  l  r  v  r  v  l  l  v  r  v  >  v  <  v  
r  r  >  R  ^  r  >  R  r  v  l  r  v  r  v  l  r  r  r  v  v  v  v  r  v  v  v  l  
r  r  r  v  >  r  R  r  >  r  <  r  v  l  r  v  l  r  r  r  v  v  v  l  r  v  l  l  
r  r  r  r  v  >  R  >  R  ^  r  v  r  v  l  r  v  l  r  v  r  v  l  v  v  l  l  v  
v  r  r  r  r  v  r  R  r  r  >  r  v  r  v  l  r  v  r  r  v  r  v  l  v  l  v  v  
r  v  r  >  >  r  >  r  v  r  r  >  r  v  v  v  l  r  r  r  r  v  r  v  l  v  v  l  
r  r  v  R  R  ^  r  >  r  >  r  r  >  r  v  v  l  r  r  r  r  r  v  v  v  r  v  l  
r  >  R  R  r  r  >  R  ^  r  >  r  r  >  r  v  l  r  r  r  r  r  r  v  v  v  l  l  
>  R  ^  r  >  r  r  r  r  >  r  >  r  r  >  r  r  r  r  r  r  r  r  r  v  l  l  l  
R  r  r  r  r  >  r  r  r  r  >  R  r  >  R  ^  r  r  r  r  r  r  r  r  v  v  l  l  
r  r  r  r  r  r  >  r  r  >  R  r  >  R  ^  r  r  r  r  r  r  r  r  v  v  l  l  l  
r  r  r  r  v  r  r  r  r  r  v  >  R  r  v  r  r  r  r  r  r  r  r  v  l  l  l  l  
r  r  >  >  r  >  r  >  r  r  r  v  r  r  r  v  r  r  r  r  r  v  r  v  l  l  l  l  
r  >  R  R  ^  r  >  r  >  >  r  r  v  r  >  r  v  r  r  r  >  r  v  l  l  l  l  l  
>  R  R  ^  r  >  r  >  R  r  >  r  r  v  r  >  r  v  r  >  r  >  r  <  l  l  l  l  
R  R  ^  r  r  r  >  R  r  >  r  >  >  r  >  r  >  r  v  r  >  R  ^  L  <  <  <  <  
R  R  r  r  r  >  R  r  >  r  >  R  R  ^  r  >  r  >  r  v  R  ^  R  ^  L  L  L  <  
R  r  r  r  >  R  r  >  r  >  R  ^  r  r  >  r  >  r  >  R  >  R  >  ^  <  l  L  L  
r  r  r  >  R  r  >  r  >  R  ^  r  >  >  r  >  r  >  R  ^  R  ^  R  ^  L  <  <  L  
r  r  >  R  r  >  r  >  R  ^  r  >  R  r  >  R  >  R  R  ^  L  R  R  ^  ^  L  <  <  
>  >  R  >  >  R  >  R  R  >  >  R  >  >  R  >  R  R  ^  L  R  ^  R  R  ^  ^  L  <  
Correct actions (%) : 12.22
Avg angular diffs   : 92.00
