arguments: 59 36 1 -0.0021645 -0.0367965 0.0952381 -0.865801
loading features...

Initializing gridworld of size 28 by 22..
    Num states: 616
    Num actions: 8
recovered reward
-0.87, -0.87, -0.87, -0.88, -0.87, -0.87, -0.66, -0.87, -0.87, -0.65, -0.87, -0.87, -0.87, -0.64, -0.87, -0.87, -0.87, -0.63, -0.87, -0.87, -0.62, -0.87, -0.61, -0.87, -0.87, -0.60, -0.87, -0.87, 
-0.87, -0.87, -0.88, -0.70, -0.88, -0.87, -0.87, -0.87, -0.87, -0.87, -0.87, -0.87, -0.87, -0.87, -0.87, -0.87, -0.87, -0.88, -0.87, -0.87, -0.87, -0.87, -0.87, -0.87, -0.87, -0.87, -0.87, -0.87, 
-0.87, -0.68, -0.87, -0.88, -0.87, -0.87, -0.87, -0.87, -0.87, -0.87, -0.87, -0.87, -0.87, -0.87, -0.87, -0.87, -0.88, -0.90, -0.88, -0.87, -0.87, -0.87, -0.87, -0.87, -0.87, -0.87, -0.87, -0.87, 
-0.68, -0.87, -0.87, -0.88, -0.87, -0.87, -0.87, -0.87, -0.87, -0.87, -0.87, -0.87, -0.87, -0.87, -0.87, -0.87, -0.87, -0.88, -0.88, -0.87, -0.87, -0.87, -0.87, -0.87, -0.87, -0.87, -0.87, -0.87, 
-0.87, -0.87, -0.87, -0.87, -0.87, -0.87, -0.87, -0.87, -0.87, -0.87, -0.87, -0.87, -0.87, -0.87, -0.87, -0.87, -0.87, -0.87, -0.87, -0.87, -0.87, -0.87, -0.87, -0.87, -0.87, -0.87, -0.87, -0.87, 
-0.87, -0.87, -0.87, -0.88, -0.87, -0.87, -0.87, -0.87, -0.87, -0.87, -0.87, -0.87, -0.87, -0.87, -0.87, -0.87, -0.87, -0.87, -0.87, -0.87, -0.87, -0.87, -0.87, -0.87, -0.87, -0.87, -0.87, -0.87, 
-0.69, -0.87, -0.89, -0.90, -0.88, -0.87, -0.87, -0.87, -0.87, -0.87, -0.87, -0.87, -0.87, -0.87, -0.87, -0.87, -0.87, -0.87, -0.87, -0.87, -0.87, -0.87, -0.87, -0.87, -0.87, -0.87, -0.87, -0.87, 
-0.87, -0.87, -0.72, -0.89, -0.87, -0.71, -0.87, -0.87, -0.87, -0.87, -0.87, -0.87, -0.87, -0.87, -0.88, -0.88, -0.87, -0.87, -0.87, -0.87, -0.87, -0.87, -0.87, -0.87, -0.87, -0.87, -0.87, -0.87, 
-0.87, -0.87, -0.87, -0.87, -0.87, -0.87, -0.87, -0.87, -0.87, -0.87, -0.87, -0.87, -0.87, -0.87, -0.88, -0.90, -0.89, -0.87, -0.87, -0.88, -0.87, -0.87, -0.87, -0.87, -0.87, -0.87, -0.87, -0.87, 
-0.87, -0.87, -0.87, -0.87, -0.87, -0.87, -0.87, -0.87, -0.87, -0.72, -0.87, -0.87, -0.74, -0.88, -0.87, -0.76, -0.88, -0.87, -0.77, -0.90, -0.88, -0.87, -0.87, -0.87, -0.87, -0.87, -0.87, -0.87, 
-0.87, -0.87, -0.88, -0.87, -0.87, -0.87, -0.87, -0.87, -0.87, -0.87, -0.87, -0.87, -0.88, -0.90, -0.88, -0.87, -0.87, -0.87, -0.88, -0.88, -0.87, -0.76, -0.87, -0.87, -0.87, -0.87, -0.87, -0.87, 
-0.87, -0.88, -0.90, -0.88, -0.87, -0.87, -0.87, -0.87, -0.87, -0.87, -0.87, -0.87, -0.88, -0.88, -0.87, -0.87, -0.87, -0.87, -0.87, -0.87, -0.87, -0.87, -0.87, -0.87, -0.77, -0.87, -0.87, -0.87, 
-0.87, -0.87, -0.88, -0.87, -0.87, -0.87, -0.87, -0.87, -0.87, -0.87, -0.87, -0.87, -0.87, -0.87, -0.87, -0.87, -0.87, -0.87, -0.87, -0.87, -0.87, -0.87, -0.87, -0.87, -0.88, -0.88, -0.87, -0.87, 
-0.87, -0.87, -0.87, -0.87, -0.87, -0.87, -0.87, -0.87, -0.87, -0.87, -0.87, -0.87, -0.87, -0.87, -0.87, -0.87, -0.87, -0.87, -0.87, -0.87, -0.87, -0.87, -0.87, -0.87, -0.89, -0.90, -0.88, -0.87, 
-0.87, -0.87, -0.87, -0.87, -0.87, -0.87, -0.87, -0.88, -0.89, -0.88, -0.87, -0.87, -0.87, -0.87, -0.87, -0.87, -0.87, -0.87, -0.87, -0.87, -0.87, -0.87, -0.87, -0.87, -0.79, -0.88, -0.87, -0.87, 
-0.87, -0.87, -0.87, -0.87, -0.87, -0.87, -0.87, -0.88, -0.90, -0.88, -0.88, -0.87, -0.87, -0.87, -0.87, -0.87, -0.87, -0.87, -0.87, -0.87, -0.87, -0.87, -0.87, -0.87, -0.87, -0.87, -0.87, -0.87, 
-0.87, -0.87, -0.87, -0.87, -0.87, -0.87, -0.87, -0.87, -0.88, -0.87, -0.87, -0.87, -0.87, -0.87, -0.87, -0.87, -0.87, -0.87, -0.87, -0.87, -0.87, -0.87, -0.87, -0.79, -0.87, -0.87, -0.87, -0.87, 
-0.87, -0.87, -0.87, -0.87, -0.87, -0.87, -0.87, -0.87, -0.87, -0.87, -0.87, -0.87, -0.87, -0.87, -0.87, -0.87, -0.87, -0.87, -0.87, -0.87, -0.87, -0.80, -0.87, -0.87, -0.87, -0.87, -0.87, -0.87, 
-0.87, -0.87, -0.87, -0.87, -0.87, -0.87, -0.87, -0.87, -0.87, -0.86, -0.87, -0.87, -0.83, -0.87, -0.87, -0.82, -0.87, -0.87, -0.81, -0.87, -0.87, -0.87, -0.87, -0.87, -0.87, -0.87, -0.87, -0.87, 
-0.87, -0.87, -0.86, -0.87, -0.87, -0.85, -0.87, -0.87, -0.88, -0.90, -0.88, -0.87, -0.87, -0.87, -0.87, -0.87, -0.87, -0.87, -0.87, -0.87, -0.87, -0.87, -0.87, -0.87, -0.87, -0.87, -0.87, -0.87, 
-0.87, -0.87, -0.87, -0.87, -0.87, -0.87, -0.87, -0.87, -0.87, -0.88, -0.87, -0.87, -0.87, -0.87, -0.87, -0.87, -0.87, -0.87, -0.87, -0.87, -0.87, -0.87, -0.87, -0.87, -0.87, -0.87, -0.87, -0.87, 
-0.87, -0.87, -0.87, -0.87, -0.87, -0.87, -0.87, -0.87, -0.87, -0.87, -0.87, -0.87, -0.87, -0.87, -0.87, -0.87, -0.87, -0.87, -0.87, -0.87, -0.87, -0.87, -0.87, -0.87, -0.87, -0.87, -0.87, -0.87, 
-- optimal policy --
v  >  r  >  r  >  ^  <  >  ^  <  r  >  ^  <  >  >  ^  <  >  R  >  ^  <  >  ^  <  <  
r  v  >  r  >  R  ^  L  R  ^  L  >  R  ^  L  R  R  ^  L  R  ^  R  ^  L  R  ^  L  <  
>  l  R  >  R  R  R  R  ^  R  ^  R  ^  ^  ^  R  ^  L  R  R  R  R  ^  R  ^  R  ^  L  
R  ^  L  R  R  R  R  ^  R  ^  R  R  ^  ^  R  ^  L  R  R  R  R  ^  R  ^  R  ^  L  ^  
^  L  R  R  R  R  R  ^  R  R  R  ^  ^  R  ^  ^  R  R  R  R  R  R  ^  R  R  ^  L  L  
R  ^  L  R  R  R  ^  ^  R  R  ^  ^  R  R  ^  R  R  R  R  ^  R  ^  R  R  R  ^  ^  L  
L  <  L  R  R  R  ^  R  R  ^  ^  R  ^  L  R  R  R  ^  R  R  R  ^  R  R  ^  ^  L  ^  
^  L  L  <  R  ^  R  R  ^  ^  R  ^  L  R  R  R  ^  L  R  R  ^  R  R  R  ^  L  ^  L  
^  L  L  L  R  ^  L  R  ^  R  ^  L  R  R  R  R  R  R  R  ^  R  ^  R  R  ^  L  L  ^  
^  L  L  L  L  ^  L  L  R  R  ^  R  R  R  ^  R  R  ^  L  R  R  R  R  ^  R  ^  L  L  
^  ^  L  L  L  L  ^  R  R  ^  L  R  ^  L  R  R  R  R  ^  L  R  ^  ^  R  ^  R  ^  ^  
^  L  L  R  ^  L  R  R  ^  L  R  ^  L  R  R  R  R  ^  L  L  R  ^  L  ^  R  ^  L  L  
^  L  L  R  ^  R  R  ^  R  R  ^  L  R  R  R  R  ^  L  L  R  R  ^  L  L  ^  L  ^  L  
^  L  L  R  R  R  ^  L  R  ^  L  R  R  R  R  ^  ^  L  R  R  R  ^  L  L  L  L  L  ^  
^  L  L  R  R  ^  ^  R  R  R  R  R  R  R  ^  ^  L  R  R  R  ^  ^  L  L  L  L  ^  L  
R  ^  R  R  ^  R  R  ^  R  R  R  R  R  ^  R  ^  R  R  R  ^  ^  ^  L  R  ^  L  R  ^  
^  R  R  R  ^  R  ^  L  R  R  R  R  R  ^  ^  R  R  R  ^  L  L  R  R  ^  R  ^  L  ^  
R  R  ^  R  R  R  ^  R  R  R  R  ^  L  R  R  R  R  ^  ^  L  >  R  R  ^  L  ^  ^  L  
R  ^  L  R  R  R  R  R  R  R  ^  ^  ^  R  R  R  ^  R  ^  >  R  R  ^  ^  L  L  ^  L  
R  ^  R  R  R  R  R  R  R  ^  L  R  ^  L  R  ^  L  R  ^  R  R  ^  R  ^  ^  ^  L  ^  
R  R  ^  L  R  R  R  R  ^  L  R  ^  L  R  ^  L  R  ^  R  R  ^  ^  ^  R  ^  L  ^  L  
R  ^  L  R  R  R  R  ^  L  R  R  ^  R  ^  ^  R  ^  R  R  R  ^  ^  ^  ^  R  ^  L  ^  
Correct actions (%) : 15.19
Avg angular diffs   : 66.65
