arguments: 59 25 1 -0.804094 0.0497076 -3.95639e-16 -0.146199
loading features...

Initializing gridworld of size 28 by 22..
    Num states: 616
    Num actions: 8
recovered reward
-0.15, -0.15, -0.15, -0.15, -0.15, -0.15, -0.15, -0.15, -0.15, -0.15, -0.15, -0.15, -0.15, -0.15, -0.15, -0.15, -0.15, -0.15, -0.15, -0.15, -0.15, -0.15, -0.15, -0.15, -0.15, -0.15, -0.15, -0.15, 
-0.15, -0.15, -0.15, -0.15, -0.15, -0.15, -0.15, -0.15, -0.15, -0.15, -0.15, -0.15, -0.15, -0.15, -0.15, -0.15, -0.15, -0.15, -0.15, -0.15, -0.95, -0.15, -0.15, -0.15, -0.15, -0.15, -0.15, -0.15, 
-0.15, -0.15, -0.15, -0.15, -0.15, -0.15, -0.15, -0.15, -0.15, -0.15, -0.95, -0.15, -0.15, -0.95, -0.15, -0.15, -0.15, -0.15, -0.15, -0.15, -0.15, -0.15, -0.15, -0.15, -0.15, -0.15, -0.15, -0.15, 
-0.15, -0.15, -0.15, -0.10, -0.15, -0.15, -0.15, -0.15, -0.15, -0.15, -0.15, -0.15, -0.15, -0.15, -0.15, -0.15, -0.15, -0.15, -0.15, -0.15, -0.15, -0.15, -0.15, -0.15, -0.15, -0.15, -0.15, -0.15, 
-0.15, -0.15, -0.15, -0.15, -0.15, -0.15, -0.15, -0.15, -0.15, -0.15, -0.15, -0.15, -0.15, -0.15, -0.15, -0.15, -0.10, -0.15, -0.10, -0.10, -0.95, -0.15, -0.15, -0.15, -0.15, -0.15, -0.15, -0.15, 
-0.15, -0.15, -0.15, -0.15, -0.15, -0.15, -0.15, -0.15, -0.15, -0.15, -0.15, -0.15, -0.15, -0.15, -0.15, -0.15, -0.15, -0.15, -0.15, -0.15, -0.15, -0.15, -0.15, -0.15, -0.15, -0.10, -0.15, -0.15, 
-0.15, -0.15, -0.15, -0.95, -0.10, -0.15, -0.15, -0.15, -0.15, -0.15, -0.15, -0.15, -0.15, -0.15, -0.15, -0.15, -0.15, -0.15, -0.15, -0.15, -0.15, -0.15, -0.15, -0.15, -0.15, -0.15, -0.15, -0.15, 
-0.15, -0.15, -0.15, -0.95, -0.15, -0.15, -0.15, -0.15, -0.15, -0.15, -0.15, -0.15, -0.15, -0.95, -0.15, -0.15, -0.15, -0.15, -0.15, -0.15, -0.15, -0.15, -0.15, -0.15, -0.15, -0.15, -0.15, -0.15, 
-0.15, -0.15, -0.15, -0.15, -0.15, -0.15, -0.15, -0.15, -0.15, -0.15, -0.15, -0.15, -0.15, -0.15, -0.95, -0.15, -0.15, -0.15, -0.15, -0.15, -0.15, -0.15, -0.15, -0.15, -0.15, -0.15, -0.15, -0.15, 
-0.15, -0.15, -0.15, -0.15, -0.15, -0.15, -0.15, -0.15, -0.15, -0.15, -0.15, -0.15, -0.15, -0.15, -0.15, -0.15, -0.15, -0.90, -0.15, -0.15, -0.15, -0.15, -0.15, -0.15, -0.15, -0.95, -0.15, -0.15, 
-0.15, -0.15, -0.15, -0.15, -0.15, -0.15, -0.15, -0.15, -0.15, -0.15, -0.15, -0.15, -0.15, -0.15, -0.15, -0.15, -0.10, -0.15, -0.10, -0.15, -0.15, -0.15, -0.15, -0.15, -0.15, -0.15, -0.15, -0.15, 
-0.15, -0.15, -0.15, -0.15, -0.15, -0.15, -0.15, -0.15, -0.15, -0.15, -0.15, -0.15, -0.15, -0.15, -0.15, -0.15, -0.15, -0.15, -0.15, -0.15, -0.15, -0.15, -0.15, -0.15, -0.15, -0.15, -0.15, -0.15, 
-0.15, -0.15, -0.15, -0.15, -0.15, -0.15, -0.15, -0.15, -0.15, -0.15, -0.15, -0.15, -0.15, -0.15, -0.15, -0.15, -0.15, -0.15, -0.10, -0.15, -0.15, -0.15, -0.15, -0.15, -0.15, -0.15, -0.15, -0.15, 
-0.15, -0.15, -0.15, -0.15, -0.15, -0.15, -0.15, -0.15, -0.15, -0.15, -0.15, -0.15, -0.15, -0.15, -0.10, -0.15, -0.15, -0.15, -0.15, -0.15, -0.15, -0.15, -0.15, -0.15, -0.15, -0.15, -0.15, -0.15, 
-0.15, -0.15, -0.15, -0.15, -0.15, -0.95, -0.15, -0.15, -0.15, -0.15, -0.15, -0.15, -0.15, -0.15, -0.15, -0.15, -0.15, -0.15, -0.15, -0.15, -0.15, -0.15, -0.15, -0.15, -0.15, -0.15, -0.15, -0.15, 
-0.15, -0.15, -0.15, -0.15, -0.15, -0.15, -0.15, -0.15, -0.15, -0.15, -0.15, -0.15, -0.15, -0.15, -0.15, -0.15, -0.15, -0.15, -0.15, -0.15, -0.15, -0.15, -0.15, -0.15, -0.15, -0.15, -0.15, -0.15, 
-0.15, -0.15, -0.15, -0.15, -0.15, -0.15, -0.15, -0.15, -0.15, -0.15, -0.15, -0.15, -0.15, -0.15, -0.15, -0.15, -0.15, -0.15, -0.15, -0.15, -0.15, -0.15, -0.15, -0.15, -0.15, -0.15, -0.15, -0.15, 
-0.15, -0.15, -0.15, -0.15, -0.15, -0.15, -0.15, -0.15, -0.15, -0.15, -0.15, -0.15, -0.15, -0.15, -0.15, -0.15, -0.15, -0.15, -0.15, -0.15, -0.15, -0.15, -0.15, -0.15, -0.15, -0.15, -0.15, -0.15, 
-0.15, -0.15, -0.15, -0.15, -0.15, -0.15, -0.15, -0.15, -0.15, -0.95, -0.15, -0.15, -0.15, -0.15, -0.15, -0.15, -0.15, -0.15, -0.15, -0.10, -0.15, -0.15, -0.15, -0.15, -0.15, -0.15, -0.15, -0.15, 
-0.15, -0.15, -0.15, -0.15, -0.15, -0.15, -0.15, -0.15, -0.15, -0.15, -0.15, -0.15, -0.15, -0.15, -0.15, -0.15, -0.15, -0.15, -0.15, -0.15, -0.15, -0.15, -0.15, -0.15, -0.15, -0.15, -0.15, -0.15, 
-0.15, -0.15, -0.15, -0.15, -0.15, -0.15, -0.15, -0.15, -0.15, -0.15, -0.15, -0.15, -0.15, -0.15, -0.15, -0.15, -0.15, -0.15, -0.15, -0.15, -0.15, -0.15, -0.15, -0.15, -0.15, -0.15, -0.15, -0.15, 
-0.15, -0.15, -0.15, -0.15, -0.15, -0.15, -0.15, -0.15, -0.15, -0.15, -0.15, -0.15, -0.15, -0.15, -0.15, -0.15, -0.15, -0.15, -0.15, -0.15, -0.15, -0.15, -0.15, -0.15, -0.15, -0.15, -0.15, -0.15, 
-- optimal policy --
r  v  >  r  r  r  r  r  r  r  r  r  r  v  r  r  r  v  v  v  l  v  l  l  l  l  l  l  
>  r  v  >  r  r  r  r  r  >  >  r  >  r  v  r  r  r  r  v  r  v  l  l  l  l  l  l  
r  >  r  v  >  r  r  r  r  r  r  r  r  r  r  r  r  r  r  r  v  l  l  <  <  <  l  v  
r  r  >  >  r  >  r  r  r  r  >  r  r  r  r  r  v  r  r  v  l  <  l  l  l  l  v  l  
r  >  R  ^  >  r  >  r  r  >  r  r  r  >  r  >  r  >  >  <  <  l  l  l  l  v  l  l  
>  R  >  r  v  >  r  >  r  r  r  r  >  r  >  R  ^  R  R  ^  L  <  <  <  <  l  <  <  
R  >  R  >  r  r  >  r  >  r  r  >  R  >  R  ^  R  R  ^  R  ^  L  <  L  <  ^  L  <  
>  R  r  R  ^  r  r  r  r  >  >  R  R  R  ^  R  R  R  R  R  ^  L  L  <  L  l  ^  L  
R  r  >  R  r  r  r  r  >  r  >  R  >  R  R  R  R  ^  R  ^  R  ^  L  L  <  <  <  ^  
r  >  R  r  r  r  r  r  r  >  R  >  R  ^  R  R  ^  ^  ^  R  ^  R  ^  L  L  L  L  <  
>  R  r  r  r  r  r  r  >  R  >  R  ^  R  R  >  ^  <  ^  <  R  ^  R  ^  L  L  <  L  
R  r  >  r  r  r  r  >  R  >  R  ^  R  R  >  R  ^  L  ^  L  <  ^  R  R  ^  L  L  L  
r  r  r  r  r  r  >  R  >  R  ^  R  R  r  R  ^  ^  >  L  <  L  <  R  ^  L  ^  L  L  
r  r  r  r  >  >  R  >  R  ^  R  ^  r  >  ^  <  >  R  ^  L  <  L  <  ^  ^  L  ^  L  
r  r  r  >  R  R  >  R  ^  R  ^  r  >  R  ^  L  R  ^  ^  L  L  <  L  L  ^  ^  ^  L  
r  r  >  R  r  >  R  ^  R  ^  r  >  R  ^  L  ^  L  ^  L  ^  L  L  <  L  L  ^  ^  ^  
r  >  R  r  >  R  ^  R  ^  r  >  R  ^  L  ^  L  ^  L  ^  L  ^  L  L  <  L  L  R  ^  
>  R  r  >  R  ^  R  ^  >  >  R  ^  ^  L  L  ^  L  ^  L  ^  ^  L  L  L  <  L  L  ^  
R  r  >  R  ^  R  ^  >  R  R  ^  ^  L  ^  L  L  ^  L  >  L  <  L  L  L  L  <  L  L  
r  >  R  ^  R  ^  >  R  >  R  ^  L  R  ^  L  L  L  >  R  ^  L  <  L  L  L  L  <  L  
>  R  ^  R  ^  >  R  >  R  ^  L  R  ^  ^  L  L  >  R  ^  R  ^  L  <  L  ^  L  L  L  
R  ^  R  ^  >  R  >  R  ^  L  R  ^  ^  L  ^  >  R  ^  R  ^  L  ^  L  <  L  L  L  L  
Correct actions (%) : 21.78
Avg angular diffs   : 78.86
