arguments: 59 25 1 0.266633 -0.400201 0.266299 -0.0668673
loading features...

Initializing gridworld of size 28 by 22..
    Num states: 616
    Num actions: 8
recovered reward
-0.07, -0.07, -0.07, -0.07, -0.07, -0.07, -0.07, -0.07, -0.07, -0.07, -0.07, -0.07, -0.07, -0.07, -0.07, -0.07, -0.07, -0.07, -0.07, -0.00, 0.07, -0.00, -0.07, -0.07, -0.07, -0.07, -0.07, -0.07, 
-0.07, -0.07, -0.07, -0.07, -0.07, -0.07, -0.07, -0.07, -0.07, -0.00, 0.07, -0.00, -0.00, 0.07, -0.00, -0.07, -0.07, -0.07, -0.07, 0.07, 0.20, 0.07, -0.07, -0.07, -0.07, -0.07, -0.07, -0.07, 
-0.07, -0.07, -0.09, -0.17, -0.09, -0.07, -0.07, -0.07, -0.07, 0.07, 0.20, 0.07, 0.07, 0.20, 0.07, -0.07, -0.07, -0.07, -0.07, -0.00, 0.07, -0.00, -0.07, -0.07, -0.07, -0.07, 0.52, -0.07, 
-0.07, -0.07, -0.17, -0.47, -0.17, -0.07, -0.07, -0.07, -0.07, 0.19, 0.07, -0.00, 0.21, 0.07, -0.00, -0.09, -0.17, -0.09, -0.17, -0.02, 0.05, -0.00, -0.07, -0.07, -0.07, -0.07, -0.07, -0.07, 
-0.07, -0.07, -0.09, -0.17, -0.09, -0.07, -0.07, -0.07, -0.07, -0.07, -0.07, -0.07, -0.07, -0.07, -0.07, -0.17, -0.47, -0.17, -0.47, -0.03, 0.10, 0.07, -0.07, -0.07, -0.09, -0.17, -0.09, -0.07, 
-0.07, -0.07, -0.00, 0.05, -0.10, -0.09, -0.07, 0.09, -0.07, -0.07, -0.07, -0.07, -0.07, -0.07, -0.07, -0.09, -0.17, -0.09, -0.17, -0.02, 0.05, -0.00, -0.07, -0.07, -0.17, -0.47, 0.39, -0.07, 
-0.07, -0.07, 0.07, 0.10, -0.33, -0.17, -0.07, -0.07, -0.07, -0.07, -0.07, -0.07, -0.00, 0.31, -0.00, -0.07, -0.07, -0.07, -0.07, -0.07, -0.07, -0.07, -0.07, -0.07, -0.09, -0.17, -0.09, -0.07, 
-0.07, -0.07, -0.00, 0.05, -0.10, -0.09, -0.07, -0.07, -0.07, -0.07, -0.07, -0.07, 0.07, 0.20, 0.07, -0.00, -0.07, -0.07, -0.07, -0.07, -0.07, -0.07, -0.07, -0.07, -0.07, -0.07, -0.07, -0.07, 
-0.07, -0.07, -0.00, 0.07, -0.00, -0.07, -0.07, 0.07, -0.07, -0.07, -0.07, -0.07, -0.00, 0.07, 0.27, 0.07, -0.02, -0.03, -0.02, -0.07, -0.07, -0.07, -0.07, -0.07, -0.00, 0.60, -0.00, -0.07, 
-0.07, -0.07, -0.07, -0.07, -0.07, -0.07, -0.07, -0.07, -0.07, -0.07, -0.07, -0.07, -0.07, -0.00, 0.07, -0.02, -0.03, 0.18, -0.03, -0.09, -0.07, -0.07, -0.07, -0.07, 0.07, 0.20, 0.07, -0.07, 
-0.07, -0.07, -0.07, -0.07, -0.07, 0.04, -0.07, -0.07, -0.07, -0.07, -0.07, -0.07, -0.07, -0.07, -0.07, -0.17, -0.11, -0.03, -0.40, -0.17, -0.07, -0.07, -0.07, -0.07, -0.00, 0.07, -0.00, -0.07, 
-0.07, -0.07, -0.07, -0.07, -0.07, -0.07, -0.07, -0.07, -0.07, -0.07, -0.07, -0.07, -0.07, -0.07, -0.07, -0.09, -0.17, -0.09, -0.17, -0.09, -0.07, -0.07, -0.07, -0.07, 0.44, -0.07, -0.07, -0.07, 
-0.07, -0.07, -0.07, -0.07, -0.07, -0.07, -0.07, -0.07, -0.07, -0.07, -0.07, -0.07, -0.07, -0.09, -0.17, -0.09, -0.07, -0.17, -0.47, -0.17, -0.07, -0.07, -0.07, -0.07, -0.07, -0.07, -0.07, -0.07, 
-0.07, -0.07, -0.07, -0.07, 0.08, 0.07, -0.00, -0.07, -0.07, -0.07, -0.07, -0.07, -0.07, -0.17, -0.47, -0.17, -0.07, 0.23, -0.17, -0.09, -0.07, -0.07, -0.07, -0.07, -0.07, -0.07, -0.07, -0.07, 
-0.07, -0.07, -0.07, -0.07, 0.07, 0.20, 0.07, -0.07, -0.07, -0.07, -0.07, -0.07, -0.07, -0.09, -0.17, -0.09, -0.07, -0.07, -0.07, -0.07, -0.07, -0.07, 0.41, -0.07, -0.07, -0.07, -0.07, -0.07, 
-0.07, -0.07, -0.07, -0.07, -0.00, 0.07, -0.00, -0.07, -0.07, -0.07, -0.07, -0.07, -0.07, -0.07, -0.07, -0.07, -0.07, -0.07, -0.07, -0.07, -0.07, -0.07, -0.07, -0.07, -0.07, -0.07, -0.07, -0.07, 
-0.07, -0.07, -0.01, -0.07, -0.07, -0.07, -0.07, -0.07, -0.07, -0.07, -0.07, -0.07, -0.07, -0.07, -0.07, -0.07, -0.07, 0.28, -0.07, -0.07, -0.07, -0.07, -0.07, -0.07, -0.07, -0.07, -0.07, -0.07, 
-0.07, -0.07, -0.07, -0.07, -0.07, -0.07, -0.07, -0.07, -0.00, 0.07, -0.00, -0.07, -0.07, -0.07, -0.07, -0.07, -0.07, -0.07, -0.09, -0.17, -0.09, -0.07, -0.07, 0.39, -0.07, -0.07, -0.07, -0.07, 
-0.07, -0.07, -0.07, -0.07, -0.07, -0.07, -0.07, -0.07, 0.07, 0.20, 0.07, -0.07, -0.07, -0.07, -0.07, -0.07, -0.07, -0.07, -0.17, -0.47, -0.17, -0.07, -0.07, -0.07, -0.07, -0.07, -0.07, -0.07, 
-0.04, -0.07, -0.07, -0.07, -0.07, -0.07, -0.07, -0.07, -0.00, 0.07, -0.00, -0.07, -0.07, -0.07, -0.07, -0.07, 0.31, -0.07, -0.09, -0.17, 0.34, -0.07, -0.07, -0.07, -0.07, -0.07, -0.07, -0.07, 
-0.07, -0.07, -0.07, -0.07, -0.07, -0.07, -0.07, -0.07, -0.07, -0.07, -0.07, -0.07, -0.07, -0.07, -0.07, -0.07, -0.07, -0.07, -0.07, 0.33, -0.07, -0.07, -0.07, -0.07, -0.07, -0.07, -0.07, -0.07, 
-0.07, -0.07, -0.07, -0.07, -0.07, -0.07, -0.07, -0.07, -0.07, -0.07, -0.07, -0.07, -0.07, -0.07, -0.07, -0.07, -0.07, -0.07, -0.07, -0.07, -0.07, -0.07, -0.07, -0.07, -0.07, -0.07, -0.07, -0.07, 
-- optimal policy --
>  r  r  r  r  r  r  r  r  r  v  r  r  v  l  l  l  r  r  r  v  l  l  r  r  v  l  v  
v  >  >  r  >  r  r  r  r  r  v  l  r  v  l  l  l  r  r  >  v  <  l  r  >  r  v  l  
r  v  R  >  r  r  r  r  r  >  l  r  v  l  <  <  <  >  r  r  v  l  l  r  r  >  v  <  
r  r  v  R  r  r  >  r  >  R  ^  >  R  <  L  L  l  R  >  r  r  v  l  l  r  R  ^  L  
r  r  r  v  >  >  r  >  R  ^  L  r  v  v  v  l  l  v  r  >  >  r  v  l  l  r  v  l  
>  r  r  v  R  r  >  R  R  ^  r  r  r  v  l  l  l  l  >  R  R  r  r  v  l  >  r  <  
r  >  >  <  <  >  R  ^  L  r  >  r  >  v  <  l  l  l  R  R  R  r  r  r  r  v  v  l  
>  R  R  ^  L  R  ^  ^  r  >  r  >  R  ^  L  l  l  l  v  R  r  >  r  r  r  v  l  l  
R  R  R  ^  R  R  ^  r  >  r  >  R  R  >  L  <  <  <  l  r  r  r  r  r  >  v  <  l  
r  R  R  ^  L  v  R  >  r  >  R  R  R  R  ^  L  L  L  <  >  r  r  r  >  R  ^  L  <  
>  r  v  v  v  v  v  r  >  R  R  R  R  R  ^  L  L  ^  L  r  r  r  >  R  R  ^  L  L  
r  >  r  v  l  v  l  l  R  R  R  R  R  ^  L  L  L  L  L  r  r  >  R  >  R  <  L  L  
r  r  >  r  v  l  l  l  R  R  R  R  R  ^  ^  L  L  v  l  >  r  R  >  R  ^  L  <  L  
r  r  r  >  r  v  l  l  l  R  R  R  ^  L  r  r  >  v  <  r  r  r  R  ^  R  ^  L  <  
r  r  >  R  >  L  <  <  <  R  R  r  v  r  r  r  v  v  v  r  r  >  ^  <  ^  ^  ^  L  
r  r  R  R  R  ^  L  L  <  l  l  l  r  v  r  >  r  v  l  r  >  R  ^  L  <  l  ^  ^  
r  >  R  R  R  ^  L  L  r  v  l  l  >  r  v  r  >  v  r  r  r  v  r  v  l  l  l  ^  
>  R  R  R  ^  ^  ^  r  r  v  l  l  r  >  r  v  r  v  l  r  r  v  l  l  <  <  <  <  
R  R  R  ^  ^  ^  r  >  >  >  <  <  r  r  >  r  v  r  v  r  v  l  l  ^  L  L  <  L  
R  R  ^  ^  ^  r  >  R  R  ^  L  L  r  r  r  >  r  r  r  >  l  <  <  l  ^  L  L  <  
R  R  ^  ^  r  >  R  R  R  ^  L  L  >  r  >  R  ^  r  >  R  ^  L  L  <  l  ^  L  L  
R  ^  ^  >  >  R  R  R  ^  L  ^  L  >  >  R  ^  >  >  R  ^  L  ^  L  L  <  <  ^  L  
Total actions tested : 51
Correct actions (%) : 13.73
Avg angular diffs   : 93.53
