arguments: 59 41 4 0.266934 0.266266 0.400067 -0.0667334
loading features...

Initializing gridworld of size 28 by 22..
    Num states: 616
    Num actions: 8
recovered reward
-0.07, -0.07, -0.07, 0.00, 0.07, 0.00, -0.07, 0.00, 0.07, 0.00, -0.07, -0.07, -0.07, -0.07, -0.07, -0.00, 0.07, -0.00, -0.07, -0.07, -0.07, -0.07, -0.07, -0.07, -0.07, -0.07, -0.07, -0.07, 
-0.07, -0.07, -0.07, 0.07, 0.20, 0.07, -0.07, 0.07, 0.20, 0.39, -0.07, -0.07, 0.29, -0.07, -0.07, 0.07, 0.20, 0.07, -0.07, -0.07, -0.07, -0.07, -0.07, -0.00, 0.07, 1.04, -0.07, -0.07, 
-0.07, -0.07, -0.07, 0.00, 0.07, 0.00, -0.07, 0.00, 0.00, 0.07, 0.00, -0.07, -0.07, -0.07, -0.07, -0.00, 0.47, -0.00, -0.07, -0.07, -0.07, -0.07, -0.00, 0.07, 0.20, 0.07, -0.07, -0.07, 
-0.07, -0.07, -0.07, -0.07, -0.07, -0.07, -0.07, 0.21, 0.07, 0.20, 0.07, -0.07, -0.07, -0.07, -0.07, -0.07, -0.07, -0.07, -0.07, -0.07, -0.07, -0.07, 0.07, -0.00, 0.07, -0.00, -0.07, -0.07, 
-0.07, -0.07, -0.07, -0.07, -0.07, -0.00, 0.31, -0.00, 0.00, 0.13, 0.13, -0.00, -0.07, -0.07, -0.07, -0.07, -0.07, -0.07, -0.07, -0.07, -0.07, -0.07, -0.00, 0.07, -0.00, 0.93, -0.07, -0.07, 
-0.07, -0.07, -0.07, -0.07, 0.00, 0.20, 0.27, 0.07, -0.07, 0.07, 0.20, 0.07, -0.07, -0.07, -0.07, -0.07, 0.37, -0.07, -0.07, -0.07, -0.07, -0.07, -0.07, -0.07, -0.07, -0.07, -0.07, -0.07, 
-0.07, -0.07, -0.07, -0.07, 0.27, 0.27, 0.20, 0.07, 0.07, 0.07, 0.07, -0.00, -0.07, -0.07, 0.41, -0.07, -0.00, 0.07, -0.00, -0.07, -0.07, -0.07, -0.07, -0.07, -0.07, -0.07, -0.07, -0.07, 
-0.07, 0.00, 0.07, 0.00, 0.00, 0.07, 0.00, 0.07, 0.20, 0.07, -0.07, -0.07, -0.07, -0.07, -0.07, -0.07, 0.07, 0.20, 0.07, -0.07, -0.07, -0.07, -0.07, 0.89, -0.00, 0.07, -0.00, -0.07, 
-0.07, 0.07, 0.20, 0.07, -0.07, -0.07, -0.07, 0.00, 0.07, 0.00, -0.07, -0.07, -0.07, -0.07, 0.00, 0.07, 0.07, 0.07, -0.00, -0.07, -0.07, -0.07, -0.07, -0.07, 0.07, 0.20, 0.07, -0.07, 
-0.07, 0.00, 0.07, 0.00, 0.16, 0.07, -0.00, -0.07, -0.07, -0.07, -0.07, -0.07, 0.45, -0.07, 0.07, 0.20, 0.07, -0.07, -0.07, -0.07, -0.07, -0.07, -0.07, -0.07, -0.00, 0.07, -0.00, -0.07, 
-0.07, -0.07, -0.07, -0.07, 0.07, 0.20, 0.07, -0.07, -0.07, -0.07, -0.07, -0.07, -0.07, -0.07, 0.00, 0.07, 0.00, -0.07, -0.07, -0.07, -0.07, -0.07, -0.07, -0.07, 0.85, -0.07, -0.07, -0.07, 
-0.07, -0.07, -0.07, -0.07, -0.00, 0.07, -0.00, 0.07, -0.00, -0.07, 0.49, -0.07, -0.07, -0.00, 0.07, -0.00, -0.07, -0.07, -0.07, -0.07, -0.07, -0.07, -0.07, -0.07, -0.07, -0.07, -0.07, -0.07, 
-0.07, -0.07, -0.07, 0.00, 0.07, 0.00, 0.07, 0.20, 0.07, -0.07, -0.07, -0.07, -0.07, 0.07, 0.20, 0.07, -0.07, -0.07, -0.07, -0.07, -0.07, -0.07, -0.07, -0.07, -0.07, -0.07, -0.07, -0.07, 
-0.07, -0.07, -0.07, 0.19, 0.20, 0.07, -0.00, 0.07, -0.00, -0.07, -0.07, -0.07, -0.07, -0.00, 0.07, -0.00, -0.07, -0.07, -0.07, -0.07, -0.07, -0.07, -0.07, 0.81, -0.07, -0.07, -0.07, -0.07, 
-0.07, -0.07, -0.07, 0.00, 0.07, 0.00, -0.07, -0.07, -0.07, 0.53, -0.07, -0.07, -0.07, -0.07, -0.07, -0.07, -0.07, -0.07, -0.07, -0.07, -0.07, 0.00, 0.07, 0.00, -0.07, -0.07, -0.07, -0.07, 
-0.07, -0.07, -0.07, -0.07, -0.07, -0.07, -0.07, -0.07, -0.07, -0.07, -0.07, -0.07, 0.00, 0.07, 0.00, -0.07, -0.07, -0.07, -0.07, -0.07, -0.07, 0.07, 0.20, 0.07, -0.07, -0.07, -0.07, -0.07, 
-0.07, -0.07, 0.01, -0.07, -0.07, -0.07, -0.07, -0.07, -0.07, -0.07, -0.07, -0.00, 0.84, 0.27, 0.07, -0.07, -0.07, -0.07, -0.07, -0.07, -0.07, 0.00, 0.07, 0.91, 0.07, -0.00, -0.07, -0.07, 
-0.07, -0.07, -0.07, -0.07, -0.07, -0.07, -0.07, -0.07, -0.07, -0.07, -0.07, 0.07, 0.27, 0.20, 0.00, -0.07, -0.07, -0.07, 0.00, 0.07, 0.00, -0.07, 0.00, 0.20, 0.27, 0.07, -0.07, -0.07, 
-0.07, -0.07, -0.07, -0.07, -0.07, -0.07, -0.07, -0.07, -0.07, -0.07, -0.07, -0.00, 0.07, -0.00, -0.07, -0.07, -0.07, -0.07, 0.07, 0.20, 0.07, 0.73, 0.07, 0.27, 0.20, -0.00, -0.07, -0.07, 
-0.03, -0.07, -0.07, -0.07, -0.07, -0.07, -0.07, -0.07, -0.07, -0.07, -0.07, -0.07, -0.07, 0.61, -0.07, -0.07, 0.65, -0.07, 0.00, 0.83, 0.00, -0.07, 0.00, 0.07, 0.00, -0.07, -0.07, -0.07, 
-0.07, -0.07, -0.07, -0.07, -0.07, -0.07, -0.07, -0.07, -0.07, -0.07, -0.07, -0.07, -0.07, -0.07, -0.07, -0.07, -0.07, -0.07, -0.07, -0.07, -0.07, -0.07, -0.07, -0.07, -0.07, -0.07, -0.07, -0.07, 
-0.07, -0.07, -0.07, -0.07, -0.07, -0.07, -0.07, -0.07, -0.07, -0.07, -0.07, -0.07, -0.07, -0.07, -0.07, -0.07, -0.07, -0.07, -0.07, -0.07, -0.07, -0.07, -0.07, -0.07, -0.07, -0.07, -0.07, -0.07, 
-- optimal policy --
>  >  r  r  v  l  r  r  r  v  l  r  v  l  r  r  v  l  l  <  r  r  r  r  r  v  l  l  
R  R  >  >  ^  <  >  >  >  <  <  >  >  <  >  r  v  l  <  <  r  r  r  r  >  l  <  <  
>  R  R  R  ^  L  r  R  R  ^  L  R  ^  L  R  >  ^  <  L  <  >  r  >  >  R  ^  L  L  
R  R  R  R  ^  r  v  l  <  v  <  l  l  ^  R  R  ^  L  L  L  >  >  R  R  r  v  l  L  
v  R  r  r  r  >  v  <  L  ^  L  l  l  v  R  r  v  l  L  l  r  R  >  R  >  L  <  <  
r  v  >  r  r  R  ^  L  R  >  L  <  <  r  v  l  r  <  l  l  r  r  v  R  R  ^  L  L  
r  r  v  >  >  R  ^  L  v  R  ^  L  L  >  <  <  ^  L  l  l  >  r  r  v  l  l  ^  L  
r  r  v  R  R  ^  L  L  L  <  L  L  L  R  ^  L  >  ^  <  <  >  >  >  r  <  l  l  l  
>  >  v  <  v  l  L  R  ^  L  L  r  v  l  r  v  R  ^  L  L  >  R  R  ^  L  <  l  <  
R  R  ^  L  r  v  l  l  ^  L  v  >  l  <  >  R  <  L  L  L  R  R  R  r  v  l  <  L  
R  R  ^  R  >  L  <  <  l  r  v  l  ^  L  R  ^  L  L  L  L  R  R  >  >  R  <  L  L  
R  r  r  r  R  ^  L  v  l  >  l  <  r  r  v  l  L  L  L  r  >  r  >  R  ^  L  L  L  
r  >  r  r  v  l  >  r  <  R  ^  L  >  >  <  <  <  L  L  r  r  >  r  v  l  L  L  <  
>  >  >  >  <  <  R  ^  r  v  l  <  R  R  ^  L  L  L  >  r  r  r  >  l  <  <  l  L  
r  R  R  R  ^  L  L  R  >  L  <  r  r  v  l  l  L  L  v  >  r  r  R  ^  L  l  l  l  
r  r  R  R  ^  L  L  R  R  ^  L  r  v  l  l  l  <  r  r  v  >  >  r  v  l  l  l  l  
>  >  R  <  ^  L  L  R  ^  ^  r  >  >  <  <  <  r  r  r  r  v  R  >  r  <  l  l  <  
>  R  ^  L  <  ^  R  ^  R  r  >  R  ^  L  L  L  l  r  r  v  r  v  R  ^  L  <  <  <  
v  l  ^  ^  L  R  R  ^  r  >  R  R  r  v  l  r  v  l  r  v  l  <  <  R  ^  L  L  <  
<  <  <  ^  ^  L  R  >  >  R  R  R  >  L  <  >  L  <  >  ^  <  ^  L  ^  L  L  L  L  
^  L  <  <  L  ^  >  >  R  R  R  >  R  ^  L  R  ^  L  R  ^  L  L  ^  L  L  L  L  L  
^  ^  L  <  L  >  >  R  R  R  >  R  R  ^  R  ^  ^  R  R  ^  L  L  L  ^  L  L  L  L  
Correct actions (%) : 9.09
Avg angular diffs   : 93.58
