arguments: 59 32 4 -0.165556 -0.28 0.498889 -0.0555556
loading features...

Initializing gridworld of size 28 by 22..
    Num states: 616
    Num actions: 8
recovered reward
-0.06, -0.06, -0.06, -0.06, -0.06, -0.06, -0.06, -0.06, -0.06, 1.34, -0.06, -0.06, -0.06, 1.39, -0.06, -0.06, -0.06, 1.44, -0.06, -0.06, 1.49, -0.06, 1.54, -0.06, -0.06, 1.59, -0.06, -0.06, 
1.19, -0.06, -0.06, 1.24, -0.06, -0.06, 1.29, -0.06, -0.06, -0.06, -0.06, -0.06, -0.06, -0.06, -0.10, -0.14, -0.10, -0.06, -0.06, -0.06, -0.07, -0.13, -0.07, -0.06, -0.06, -0.06, -0.06, -0.06, 
-0.06, -0.06, -0.06, -0.07, -0.13, -0.07, -0.13, -0.07, -0.06, -0.06, -0.06, -0.06, -0.06, -0.06, -0.14, -0.22, -0.14, -0.06, -0.10, -0.14, -0.17, -0.34, -0.13, -0.06, -0.06, -0.06, -0.06, -0.06, 
1.14, -0.06, -0.06, -0.13, -0.34, -0.13, -0.34, -0.13, -0.06, -0.06, -0.06, -0.06, -0.06, -0.06, -0.10, -0.14, -0.10, -0.10, -0.14, -0.22, -0.15, -0.13, -0.07, -0.06, -0.06, -0.06, -0.06, -0.06, 
-0.06, -0.06, -0.06, -0.07, -0.13, -0.07, -0.13, -0.07, -0.13, -0.07, -0.06, -0.06, -0.06, -0.06, -0.06, -0.14, -0.22, -0.14, -0.10, -0.14, -0.10, -0.06, -0.06, -0.06, -0.06, -0.06, 1.09, -0.06, 
-0.06, -0.06, -0.06, -0.06, -0.06, -0.06, -0.06, -0.13, -0.34, -0.13, -0.10, -0.14, -0.10, -0.06, -0.06, -0.10, -0.14, -0.10, -0.06, -0.10, -0.14, -0.10, -0.06, -0.06, -0.06, -0.06, -0.06, -0.06, 
-0.06, -0.06, -0.06, -0.06, -0.06, -0.06, -0.06, -0.07, -0.13, -0.07, -0.14, -0.22, -0.14, -0.06, -0.06, -0.06, -0.06, -0.06, -0.06, -0.14, -0.22, -0.14, -0.06, -0.06, -0.06, -0.06, -0.06, -0.06, 
-0.06, -0.06, -0.06, -0.06, -0.06, -0.06, -0.06, -0.06, -0.06, -0.06, -0.10, -0.14, -0.10, -0.06, -0.06, -0.06, -0.06, -0.06, -0.06, -0.10, -0.14, -0.10, -0.06, -0.06, -0.06, -0.06, 1.04, -0.06, 
-0.06, -0.06, -0.06, -0.06, -0.06, -0.06, -0.06, -0.06, -0.06, -0.06, -0.06, -0.06, -0.06, -0.06, -0.06, -0.06, -0.06, -0.06, -0.06, -0.06, -0.06, -0.06, -0.06, -0.06, -0.06, -0.06, -0.06, -0.06, 
-0.06, -0.06, -0.06, -0.06, -0.06, -0.10, -0.14, -0.10, -0.06, -0.06, 0.74, -0.06, -0.06, -0.06, 0.69, -0.06, -0.06, 0.63, -0.13, -0.07, 0.59, -0.06, -0.06, 0.54, -0.06, -0.06, -0.06, -0.06, 
-0.06, -0.06, -0.06, -0.06, -0.06, -0.14, -0.22, -0.14, -0.06, -0.06, -0.06, -0.06, -0.06, -0.06, -0.06, -0.07, -0.13, -0.13, -0.34, -0.13, -0.06, -0.06, -0.06, -0.06, -0.06, -0.06, 0.99, -0.06, 
-0.06, -0.06, -0.06, -0.06, -0.06, -0.10, -0.14, 0.75, -0.06, -0.06, -0.07, -0.13, -0.07, -0.06, -0.06, -0.13, -0.34, -0.07, -0.13, -0.07, -0.13, -0.07, -0.06, -0.06, -0.06, -0.06, -0.06, -0.06, 
-0.06, -0.06, -0.06, -0.06, -0.06, -0.06, -0.06, -0.06, -0.06, -0.06, -0.13, -0.34, -0.13, -0.06, -0.06, -0.07, -0.13, -0.07, -0.06, -0.13, -0.34, -0.13, -0.06, -0.06, -0.06, -0.06, -0.06, -0.06, 
0.94, -0.06, -0.06, 0.89, -0.06, -0.06, 0.84, -0.06, -0.06, -0.06, -0.07, -0.13, -0.07, -0.06, -0.06, -0.06, -0.06, -0.06, -0.06, -0.07, -0.13, -0.07, -0.06, -0.06, -0.06, -0.06, 0.44, -0.06, 
-0.06, -0.06, -0.06, -0.06, -0.06, -0.06, -0.06, -0.06, -0.06, -0.06, -0.06, -0.06, -0.10, -0.14, -0.10, -0.06, -0.06, -0.06, -0.10, -0.14, -0.10, -0.10, -0.06, -0.06, -0.06, -0.06, -0.06, -0.06, 
-0.06, -0.06, -0.06, -0.06, -0.06, -0.06, -0.06, -0.06, -0.06, -0.06, -0.06, -0.10, -0.15, -0.29, -0.15, -0.06, -0.10, -0.14, -0.14, -0.22, -0.14, -0.14, -0.06, -0.06, -0.06, -0.06, -0.06, -0.06, 
-0.06, -0.06, -0.06, -0.06, -0.06, -0.06, -0.06, -0.06, -0.06, -0.06, -0.06, -0.14, -0.17, -0.42, -0.17, -0.06, -0.14, -0.22, -0.10, -0.14, -0.10, -0.10, -0.06, -0.06, -0.06, -0.06, 0.39, -0.06, 
-0.06, -0.06, -0.06, -0.06, -0.06, -0.06, -0.06, -0.06, -0.06, -0.06, -0.06, -0.10, -0.11, -0.21, -0.11, -0.06, -0.10, -0.14, -0.10, -0.06, -0.06, -0.07, -0.13, -0.07, -0.06, -0.06, -0.06, -0.06, 
-0.06, -0.06, -0.06, -0.06, -0.06, -0.06, -0.06, -0.06, -0.06, -0.06, -0.06, -0.06, -0.15, -0.29, -0.15, -0.06, -0.06, -0.06, -0.06, -0.06, -0.06, -0.13, -0.34, -0.13, 0.34, -0.06, -0.06, -0.06, 
-0.06, -0.06, -0.01, -0.06, -0.06, 0.04, -0.06, -0.06, 0.09, -0.06, -0.06, 0.14, -0.10, -0.14, 0.15, -0.06, -0.06, 0.24, -0.06, -0.06, 0.29, -0.07, -0.13, -0.07, -0.06, -0.06, -0.06, -0.06, 
-0.06, -0.06, -0.06, -0.06, -0.06, -0.06, -0.06, -0.06, -0.06, -0.06, -0.06, -0.06, -0.06, -0.06, -0.06, -0.06, -0.06, -0.06, -0.06, -0.06, -0.06, -0.06, -0.06, -0.06, -0.06, -0.06, -0.06, -0.06, 
-0.06, -0.06, -0.06, -0.06, -0.06, -0.06, -0.06, -0.06, -0.06, -0.06, -0.06, -0.06, -0.06, -0.06, -0.06, -0.06, -0.06, -0.06, -0.06, -0.06, -0.06, -0.06, -0.06, -0.06, -0.06, -0.06, -0.06, -0.06, 
-- optimal policy --
v  l  l  v  l  r  v  r  >  ^  <  r  >  ^  <  >  >  ^  <  >  R  >  ^  <  >  L  <  <  
<  <  <  <  <  >  >  >  R  ^  L  >  R  ^  L  R  R  ^  L  R  ^  R  ^  L  R  ^  L  <  
^  L  <  ^  L  R  ^  R  ^  L  L  R  ^  ^  L  R  R  R  R  ^  R  R  R  R  ^  L  L  L  
<  <  L  <  R  ^  R  R  ^  R  R  ^  ^  L  R  R  R  R  ^  R  ^  R  R  R  R  ^  ^  L  
^  L  <  L  <  R  R  R  R  R  R  ^  R  ^  R  R  R  ^  L  R  R  R  R  ^  L  >  ^  <  
^  L  L  L  L  R  R  ^  R  R  ^  R  ^  R  R  R  R  R  ^  R  R  R  ^  ^  >  R  ^  L  
^  ^  L  L  L  L  ^  L  R  R  ^  R  R  R  R  R  R  R  R  R  R  R  ^  >  R  R  ^  ^  
^  ^  ^  L  L  L  L  R  R  ^  L  R  R  R  R  R  R  R  R  ^  R  R  >  R  R  >  L  <  
^  ^  R  ^  L  L  L  L  ^  r  v  R  R  R  R  R  R  R  ^  L  R  R  R  R  >  R  ^  L  
v  v  r  v  l  L  L  r  v  l  l  <  R  >  R  <  >  R  <  >  R  R  >  >  R  ^  ^  ^  
v  v  v  l  l  l  r  v  l  l  ^  L  >  R  ^  L  R  ^  L  R  ^  >  R  ^  L  >  ^  <  
v  v  l  l  l  l  >  v  <  <  l  ^  R  R  ^  L  L  ^  R  R  R  R  ^  ^  >  R  ^  L  
v  l  l  v  l  l  v  l  L  L  <  l  R  ^  ^  L  R  R  R  ^  R  R  ^  >  R  R  ^  ^  
l  <  <  <  <  <  <  <  <  L  <  l  l  R  ^  L  L  R  ^  R  R  R  >  R  R  >  ^  <  
^  L  <  ^  L  <  ^  L  <  <  L  <  <  L  R  ^  R  ^  R  R  R  >  R  R  >  R  ^  L  
^  ^  L  L  ^  L  <  ^  L  L  <  L  L  L  R  R  ^  R  R  R  R  R  R  >  R  ^  ^  ^  
R  ^  L  L  L  ^  L  <  ^  L  L  <  L  L  R  ^  L  R  r  >  R  R  >  R  ^  >  ^  <  
^  R  ^  L  L  L  L  L  <  ^  L  L  l  L  <  v  l  r  >  R  R  R  R  r  v  R  ^  L  
^  ^  ^  ^  L  L  L  L  L  <  ^  L  <  l  v  l  r  v  R  r  v  R  r  >  R  <  R  ^  
^  ^  R  ^  ^  L  L  L  L  L  <  ^  L  <  l  <  >  R  >  >  r  r  >  R  ^  L  <  ^  
^  R  ^  L  R  ^  L  L  L  L  L  ^  L  L  ^  L  R  ^  >  R  ^  >  R  R  ^  ^  L  <  
R  ^  ^  R  ^  ^  L  L  L  L  L  L  L  L  L  ^  L  >  R  ^  >  R  R  ^  L  ^  ^  L  
Total actions tested : 64
Correct actions (%) : 17.19
Avg angular diffs   : 80.16
