arguments: 59 30 3 0.255556 -0.288889 0.0851852 -0.37037
loading features...

Initializing gridworld of size 28 by 22..
    Num states: 616
    Num actions: 8
recovered reward
-0.37, -0.37, -0.37, -0.37, -0.37, -0.37, -0.37, -0.37, -0.37, -0.17, -0.37, -0.37, -0.37, -0.17, -0.37, -0.37, -0.37, -0.16, -0.37, -0.37, -0.15, -0.37, -0.14, -0.37, -0.37, -0.13, -0.37, -0.37, 
-0.37, -0.37, -0.37, -0.37, -0.37, -0.37, -0.18, -0.37, -0.11, -0.37, -0.37, -0.37, -0.37, -0.37, -0.37, -0.37, -0.37, -0.37, -0.37, -0.37, -0.37, -0.37, -0.37, -0.37, -0.37, -0.37, -0.37, -0.37, 
-0.37, -0.37, -0.37, -0.37, -0.37, -0.37, -0.37, -0.37, -0.37, -0.37, -0.37, -0.37, -0.37, -0.37, -0.37, -0.37, -0.37, -0.37, -0.37, -0.37, -0.37, -0.37, -0.37, -0.37, -0.37, -0.37, -0.37, -0.37, 
-0.37, -0.37, -0.37, -0.37, -0.48, -0.37, -0.37, -0.37, -0.37, -0.37, -0.37, -0.37, -0.37, -0.37, -0.37, -0.37, -0.37, -0.37, -0.37, -0.37, -0.37, -0.37, -0.37, -0.37, -0.37, -0.37, -0.37, -0.37, 
-0.37, -0.37, -0.37, -0.37, -0.37, -0.37, -0.37, -0.37, -0.37, -0.37, -0.37, -0.37, -0.37, -0.37, -0.37, -0.37, -0.37, -0.37, -0.37, -0.37, -0.37, -0.37, -0.37, -0.37, -0.37, -0.37, -0.37, -0.37, 
-0.37, -0.37, -0.37, -0.37, -0.37, -0.37, -0.37, -0.37, -0.37, -0.37, -0.11, -0.37, -0.37, -0.37, -0.37, -0.37, -0.37, -0.37, -0.37, -0.37, -0.37, -0.37, -0.37, -0.37, -0.37, -0.37, -0.37, -0.37, 
-0.37, -0.37, -0.37, -0.37, 0.06, -0.37, -0.37, -0.66, -0.37, -0.11, -0.37, -0.37, -0.37, -0.37, -0.37, -0.37, -0.37, -0.37, -0.37, -0.37, -0.37, -0.37, -0.37, -0.37, -0.37, -0.37, -0.37, -0.37, 
-0.37, -0.66, -0.37, -0.37, -0.37, -0.37, -0.21, -0.37, -0.37, -0.37, -0.37, -0.11, -0.37, -0.37, -0.37, -0.37, -0.11, -0.37, -0.37, -0.37, -0.37, -0.37, -0.37, -0.37, -0.37, -0.37, -0.37, -0.37, 
-0.37, -0.37, -0.37, -0.37, -0.37, -0.37, -0.37, -0.37, -0.37, -0.37, -0.37, -0.37, -0.37, -0.37, -0.37, -0.37, -0.37, -0.11, -0.37, -0.37, -0.37, -0.37, -0.37, -0.37, -0.37, -0.37, -0.37, -0.37, 
-0.37, -0.37, -0.37, -0.37, -0.37, -0.37, -0.37, -0.22, -0.37, -0.37, -0.37, -0.37, -0.37, -0.37, -0.37, -0.37, -0.37, -0.37, -0.37, -0.37, -0.37, -0.37, -0.37, -0.37, -0.37, -0.37, -0.37, -0.37, 
-0.37, -0.37, -0.37, -0.37, -0.37, -0.37, -0.37, -0.37, -0.37, -0.37, -0.37, -0.37, -0.37, -0.37, -0.37, -0.37, -0.37, -0.37, -0.37, -0.37, -0.37, -0.37, -0.37, -0.37, -0.37, -0.37, -0.37, -0.37, 
-0.37, -0.37, -0.37, -0.37, -0.37, -0.37, -0.37, -0.37, -0.37, -0.37, -0.37, -0.37, -0.66, -0.37, -0.66, -0.37, -0.37, -0.37, -0.37, -0.37, -0.37, -0.37, -0.37, -0.37, -0.37, -0.37, -0.37, -0.37, 
-0.37, -0.37, -0.37, -0.37, -0.37, -0.37, -0.37, -0.37, -0.37, -0.37, -0.37, -0.37, -0.37, -0.37, -0.37, -0.37, -0.37, -0.37, -0.37, -0.37, -0.37, -0.37, -0.37, -0.37, -0.37, -0.37, -0.37, -0.37, 
-0.37, -0.37, -0.37, -0.37, -0.37, -0.37, -0.37, -0.23, -0.37, -0.37, -0.37, -0.37, -0.37, -0.37, -0.37, -0.37, -0.37, -0.37, -0.37, -0.37, -0.66, -0.37, -0.37, -0.37, -0.37, -0.37, -0.37, -0.37, 
-0.37, -0.37, -0.37, -0.37, -0.37, -0.37, -0.37, -0.37, -0.23, -0.37, -0.37, -0.37, -0.37, -0.37, -0.37, -0.66, -0.37, -0.37, -0.37, -0.37, -0.27, -0.37, -0.37, -0.28, -0.37, -0.37, -0.29, -0.37, 
-0.37, -0.37, -0.37, -0.37, -0.37, -0.37, -0.37, -0.37, -0.66, -0.37, -0.37, -0.37, -0.24, -0.37, -0.11, -0.25, -0.37, -0.37, -0.26, -0.37, -0.37, -0.37, -0.37, -0.37, -0.37, -0.37, -0.37, -0.37, 
-0.37, -0.37, -0.37, -0.37, -0.37, -0.37, -0.37, -0.37, -0.66, -0.37, -0.37, -0.37, -0.37, -0.37, -0.37, -0.37, -0.37, -0.37, -0.11, -0.66, -0.37, -0.37, -0.37, -0.37, -0.37, -0.37, -0.37, -0.37, 
-0.37, -0.37, -0.37, -0.37, -0.37, -0.37, -0.37, -0.37, -0.37, -0.37, -0.37, -0.37, -0.37, -0.37, -0.37, -0.37, -0.37, -0.37, -0.37, -0.66, -0.37, -0.37, -0.37, -0.37, -0.37, -0.37, -0.37, -0.29, 
-0.37, -0.37, -0.37, -0.37, -0.37, -0.37, -0.37, -0.37, -0.37, -0.37, -0.37, -0.37, -0.37, -0.37, -0.37, -0.37, -0.37, -0.37, -0.37, -0.11, -0.37, -0.37, -0.37, -0.37, -0.37, -0.37, -0.37, -0.37, 
-0.37, -0.37, -0.36, -0.37, -0.37, -0.35, -0.37, -0.37, -0.34, -0.37, -0.37, -0.34, -0.37, -0.37, -0.33, -0.37, -0.37, -0.32, -0.37, -0.37, -0.31, -0.37, -0.37, -0.30, -0.37, -0.37, -0.37, -0.37, 
-0.37, -0.37, -0.37, -0.37, -0.37, -0.37, -0.37, -0.37, -0.37, -0.37, -0.37, -0.37, -0.37, -0.37, -0.37, -0.37, -0.37, -0.37, -0.37, -0.37, -0.37, -0.37, -0.37, -0.37, -0.37, -0.37, -0.37, -0.37, 
-0.37, -0.37, -0.37, -0.37, -0.37, -0.37, -0.37, -0.37, -0.37, -0.37, -0.37, -0.37, -0.37, -0.37, -0.37, -0.37, -0.37, -0.37, -0.37, -0.37, -0.37, -0.37, -0.37, -0.37, -0.37, -0.37, -0.37, -0.37, 
-- optimal policy --
v  r  >  r  >  r  v  r  v  l  <  v  r  v  v  l  l  l  v  v  l  v  l  l  >  ^  <  <  
v  l  R  >  r  >  r  >  v  <  v  v  v  v  l  l  l  v  v  l  v  l  l  v  l  ^  L  <  
r  v  l  >  >  r  v  r  v  v  v  v  v  l  l  l  v  v  l  v  l  l  v  l  l  l  ^  L  
r  r  v  l  r  >  r  v  r  v  v  v  l  l  l  v  v  l  v  l  l  v  l  l  l  l  l  ^  
r  r  r  v  v  R  >  r  v  r  v  l  l  l  v  v  v  v  l  l  v  l  l  l  l  l  l  l  
r  r  r  r  v  l  >  >  r  v  l  <  <  l  r  v  v  l  l  v  l  l  l  l  l  l  l  l  
>  r  r  >  r  r  r  r  >  R  <  L  l  l  >  r  v  l  v  l  l  l  l  l  l  l  l  l  
r  r  >  R  ^  >  r  >  R  ^  L  <  <  <  r  >  r  v  l  l  l  l  l  l  l  l  l  <  
r  >  R  ^  >  R  >  R  R  ^  R  ^  L  L  >  R  >  L  <  <  <  <  <  <  <  <  l  l  
>  R  ^  >  R  >  R  R  ^  R  ^  L  L  L  R  >  R  ^  L  <  <  <  <  L  <  L  <  l  
R  ^  >  R  >  R  R  ^  L  ^  R  ^  L  R  >  R  R  ^  L  L  <  l  L  l  l  l  L  l  
^  >  R  >  R  R  ^  ^  L  L  ^  L  R  ^  R  R  ^  R  ^  L  L  <  <  <  <  l  l  l  
>  R  >  R  R  ^  R  ^  ^  L  L  ^  R  >  R  ^  R  ^  ^  L  L  L  <  L  L  l  l  l  
R  >  R  R  ^  R  ^  L  L  ^  L  R  >  R  R  ^  ^  ^  R  ^  L  L  L  <  l  l  l  l  
>  R  R  ^  R  R  R  ^  L  <  R  >  R  R  ^  ^  R  ^  R  ^  L  ^  L  L  <  l  l  <  
R  R  ^  R  R  R  ^  R  ^  L  >  R  R  >  ^  <  ^  R  R  R  ^  L  R  ^  L  <  l  L  
R  R  ^  R  R  ^  R  ^  R  ^  R  R  ^  R  ^  L  L  >  ^  <  L  ^  L  R  ^  L  <  <  
R  ^  R  R  R  R  ^  ^  R  R  R  ^  R  R  R  ^  L  R  ^  L  l  L  ^  L  R  ^  L  <  
^  R  R  R  R  ^  ^  R  R  R  ^  R  ^  R  ^  ^  R  R  >  L  <  l  L  L  L  ^  L  L  
^  R  R  R  ^  ^  R  R  R  R  R  ^  R  ^  L  R  R  >  R  ^  L  <  <  L  L  L  ^  L  
R  R  R  ^  R  ^  R  R  ^  R  R  ^  L  R  R  ^  R  R  ^  R  ^  L  <  l  L  L  L  L  
R  R  ^  R  ^  R  R  ^  R  R  ^  L  R  R  ^  R  R  ^  R  ^  R  ^  L  <  <  L  L  L  
Correct actions (%) : 7.59
Avg angular diffs   : 86.01
