arguments: 61 10 3 0.077381 0.0396825 -0.0892857 -0.793651
loading features...

Initializing gridworld of size 28 by 22..
    Num states: 616
    Num actions: 8
recovered reward
-0.79, -0.79, -0.79, -0.79, -0.79, -0.79, -0.79, -0.77, -0.75, -0.98, -0.79, -0.79, -0.79, -1.01, -0.79, -0.79, -0.79, -1.02, -0.79, -0.79, -1.03, -0.79, -1.03, -0.79, -0.79, -1.04, -0.79, -0.79, 
-0.79, -0.79, -0.79, -0.79, -0.79, -0.79, -0.99, -0.75, -0.72, -0.75, -0.79, -0.79, -0.79, -0.79, -0.79, -0.79, -0.79, -0.79, -0.79, -0.79, -0.79, -0.79, -0.79, -0.79, -0.79, -0.79, -0.79, -0.79, 
-0.79, -0.79, -0.79, -0.78, -0.77, -0.78, -0.79, -0.77, -0.75, -0.77, -0.79, -0.79, -0.79, -0.79, -0.79, -0.79, -0.79, -0.79, -0.79, -0.79, -0.79, -0.79, -0.79, -0.79, -0.79, -0.79, -0.79, -0.79, 
-0.79, -0.79, -0.79, -0.77, -0.94, -0.77, -0.79, -0.79, -0.79, -0.79, -0.79, -0.79, -0.79, -0.79, -0.79, -0.79, -0.79, -0.79, -0.79, -0.79, -0.79, -0.79, -0.79, -0.79, -0.79, -0.79, -0.79, -0.79, 
-0.79, -0.79, -0.79, -0.78, -0.77, -0.78, -0.79, -0.79, -0.79, -0.77, -0.75, -0.77, -0.79, -0.79, -0.79, -0.79, -0.79, -0.79, -0.79, -0.79, -0.79, -0.79, -0.79, -0.79, -0.79, -0.79, -0.79, -0.79, 
-0.79, -0.79, -0.79, -0.77, -0.75, -0.77, -0.78, -0.77, -0.76, -0.75, -0.77, -0.75, -0.79, -0.79, -0.79, -0.79, -0.79, -0.79, -0.79, -0.79, -0.79, -0.79, -0.79, -0.79, -0.79, -0.79, -0.79, -0.79, 
-0.78, -0.77, -0.78, -0.75, -0.89, -0.75, -0.77, -0.75, -0.74, -0.72, -0.75, -0.77, -0.77, -0.79, -0.79, -0.77, -0.75, -0.77, -0.79, -0.79, -0.79, -0.79, -0.79, -0.79, -0.79, -0.79, -0.79, -0.79, 
-0.77, -0.75, -0.77, -0.77, -0.75, -0.77, -0.95, -0.77, -0.76, -0.75, -0.77, -0.72, -0.75, -0.79, -0.79, -0.75, -0.72, -0.75, -0.77, -0.79, -0.79, -0.79, -0.79, -0.79, -0.79, -0.79, -0.79, -0.79, 
-0.78, -0.77, -0.78, -0.79, -0.79, -0.79, -0.79, -0.79, -0.79, -0.79, -0.77, -0.75, -0.77, -0.79, -0.79, -0.77, -0.75, -0.77, -0.75, -0.79, -0.79, -0.79, -0.79, -0.79, -0.79, -0.79, -0.79, -0.79, 
-0.79, -0.79, -0.79, -0.79, -0.79, -0.79, -0.79, -0.95, -0.79, -0.79, -0.79, -0.79, -0.79, -0.79, -0.79, -0.79, -0.77, -0.75, -0.77, -0.79, -0.79, -0.79, -0.79, -0.79, -0.79, -0.79, -0.79, -0.79, 
-0.79, -0.79, -0.79, -0.79, -0.79, -0.79, -0.79, -0.79, -0.79, -0.79, -0.79, -0.78, -0.77, -0.78, -0.77, -0.78, -0.79, -0.79, -0.79, -0.79, -0.79, -0.79, -0.79, -0.79, -0.79, -0.79, -0.79, -0.79, 
-0.79, -0.79, -0.79, -0.79, -0.79, -0.79, -0.79, -0.79, -0.79, -0.79, -0.79, -0.77, -0.75, -0.77, -0.75, -0.77, -0.79, -0.79, -0.79, -0.79, -0.79, -0.79, -0.79, -0.79, -0.79, -0.79, -0.79, -0.79, 
-0.79, -0.79, -0.79, -0.79, -0.79, -0.79, -0.79, -0.79, -0.79, -0.79, -0.79, -0.78, -0.77, -0.78, -0.77, -0.78, -0.79, -0.79, -0.79, -0.78, -0.77, -0.78, -0.79, -0.79, -0.79, -0.79, -0.79, -0.79, 
-0.79, -0.79, -0.79, -0.79, -0.79, -0.79, -0.79, -0.95, -0.79, -0.79, -0.79, -0.79, -0.79, -0.79, -0.78, -0.77, -0.78, -0.79, -0.79, -0.77, -0.75, -0.77, -0.79, -0.79, -0.79, -0.79, -0.79, -0.79, 
-0.79, -0.79, -0.79, -0.79, -0.79, -0.79, -0.79, -0.78, -0.92, -0.78, -0.79, -0.79, -0.79, -0.77, -0.74, -0.73, -0.77, -0.79, -0.79, -0.78, -0.88, -0.78, -0.79, -0.89, -0.79, -0.79, -0.88, -0.79, 
-0.79, -0.79, -0.79, -0.79, -0.79, -0.79, -0.79, -0.78, -0.77, -0.78, -0.79, -0.79, -0.93, -0.75, -0.71, -0.86, -0.78, -0.77, -0.86, -0.75, -0.78, -0.79, -0.79, -0.79, -0.79, -0.79, -0.79, -0.79, 
-0.79, -0.79, -0.77, -0.75, -0.77, -0.79, -0.79, -0.77, -0.75, -0.77, -0.79, -0.79, -0.79, -0.77, -0.75, -0.77, -0.79, -0.75, -0.70, -0.72, -0.77, -0.79, -0.79, -0.79, -0.79, -0.79, -0.79, -0.79, 
-0.79, -0.79, -0.75, -0.72, -0.75, -0.79, -0.79, -0.78, -0.77, -0.78, -0.79, -0.79, -0.79, -0.79, -0.79, -0.79, -0.79, -0.77, -0.76, -0.74, -0.76, -0.79, -0.79, -0.79, -0.79, -0.79, -0.79, -0.87, 
-0.79, -0.79, -0.77, -0.75, -0.77, -0.79, -0.79, -0.79, -0.79, -0.79, -0.79, -0.79, -0.79, -0.79, -0.79, -0.79, -0.79, -0.79, -0.75, -0.70, -0.75, -0.79, -0.79, -0.79, -0.79, -0.79, -0.79, -0.79, 
-0.79, -0.79, -0.80, -0.79, -0.79, -0.81, -0.79, -0.79, -0.82, -0.79, -0.79, -0.83, -0.79, -0.79, -0.84, -0.79, -0.79, -0.85, -0.77, -0.75, -0.84, -0.79, -0.79, -0.87, -0.79, -0.79, -0.79, -0.79, 
-0.79, -0.79, -0.79, -0.79, -0.79, -0.79, -0.79, -0.79, -0.79, -0.79, -0.79, -0.79, -0.79, -0.79, -0.79, -0.79, -0.79, -0.79, -0.79, -0.79, -0.79, -0.79, -0.79, -0.79, -0.79, -0.79, -0.79, -0.79, 
-0.79, -0.79, -0.79, -0.79, -0.79, -0.79, -0.79, -0.79, -0.79, -0.79, -0.79, -0.79, -0.79, -0.79, -0.79, -0.79, -0.79, -0.79, -0.79, -0.79, -0.79, -0.79, -0.79, -0.79, -0.79, -0.79, -0.79, -0.79, 
-- optimal policy --
r  r  r  v  v  >  r  r  v  l  l  l  v  l  l  l  l  r  v  r  v  v  l  l  l  l  l  l  
r  r  r  r  v  l  >  >  v  <  <  v  v  l  l  l  r  v  r  v  v  l  l  l  l  l  l  v  
r  r  r  >  r  v  R  R  r  v  v  v  l  l  l  r  v  r  v  v  l  l  l  l  l  l  r  v  
r  r  r  r  r  r  r  r  r  r  v  l  l  l  r  v  r  v  v  l  l  l  l  l  l  v  l  v  
r  r  r  r  r  r  r  r  r  v  l  l  l  l  r  r  v  v  l  l  l  l  l  l  l  l  l  v  
r  r  r  >  r  r  r  r  r  v  l  l  <  l  r  r  v  l  l  l  l  l  l  l  l  l  v  l  
r  r  >  r  >  >  >  >  >  <  <  v  l  l  r  r  v  l  l  l  l  l  l  l  r  v  l  l  
>  >  R  >  R  R  R  R  R  ^  L  L  <  <  >  >  v  <  v  l  l  l  r  v  v  l  l  l  
R  R  R  R  R  >  R  R  R  ^  R  ^  r  v  r  r  v  l  l  l  r  v  v  l  l  l  l  l  
R  R  R  R  >  R  R  R  r  r  r  r  r  r  v  l  l  r  r  v  v  r  v  l  l  l  l  l  
R  R  R  >  R  R  ^  r  r  r  r  r  r  r  v  l  l  r  r  r  v  v  l  l  l  l  l  l  
R  R  >  R  R  R  r  r  r  r  r  r  r  r  v  l  l  r  r  r  v  l  l  l  l  l  l  l  
R  >  R  R  r  r  >  r  r  r  r  r  r  r  r  v  l  l  r  r  v  l  l  l  l  l  l  l  
r  r  v  >  r  r  r  >  r  r  r  r  r  r  r  r  v  l  r  v  l  v  l  l  <  l  l  <  
r  r  r  v  >  r  r  r  r  r  r  >  r  r  v  r  r  v  r  v  l  l  <  l  l  l  l  l  
r  r  r  v  l  >  r  r  r  r  r  r  >  >  R  >  r  r  v  l  l  l  l  l  l  l  l  l  
r  r  r  v  l  r  >  >  >  >  r  >  R  R  ^  R  >  >  >  <  <  l  l  l  l  l  l  l  
r  >  >  v  <  >  R  R  R  r  >  R  R  R  ^  >  R  R  ^  L  L  l  l  l  l  l  l  l  
>  R  R  ^  L  R  R  R  R  >  R  R  R  R  >  R  R  >  >  ^  <  <  l  l  <  <  <  l  
R  R  R  ^  L  R  R  R  >  R  R  R  ^  R  R  R  R  R  R  ^  L  L  <  <  l  l  l  <  
R  R  R  R  ^  R  R  >  R  R  ^  R  R  >  R  R  >  R  R  ^  L  ^  L  <  <  <  l  l  
R  R  R  R  R  R  >  R  R  R  R  R  >  R  R  >  R  R  ^  R  ^  L  L  L  <  L  <  <  
Correct actions (%) : 5.80
Avg angular diffs   : 103.04
