arguments: 61 16 1 -0.0437985 0.0269049 0.00674138 -0.922555
loading features...

Initializing gridworld of size 28 by 22..
    Num states: 616
    Num actions: 8
recovered reward
-0.92, -0.92, -0.92, -0.92, -0.92, -0.92, -0.91, -0.92, -0.92, -0.91, -0.92, -0.92, -0.92, -0.91, -0.92, -0.92, -0.92, -0.91, -0.92, -0.92, -0.91, -0.92, -0.90, -0.92, -0.92, -0.90, -0.92, -0.92, 
-0.92, -0.92, -0.92, -0.88, -0.92, -0.92, -0.92, -0.92, -0.92, -0.92, -0.92, -0.92, -0.92, -0.92, -0.92, -0.92, -0.92, -0.92, -0.92, -0.92, -0.92, -0.92, -0.92, -0.92, -0.92, -0.92, -0.92, -0.92, 
-0.92, -0.91, -0.92, -0.90, -0.92, -0.92, -0.92, -0.92, -0.92, -0.92, -0.92, -0.92, -0.92, -0.92, -0.92, -0.92, -0.92, -0.90, -0.92, -0.92, -0.92, -0.92, -0.92, -0.92, -0.92, -0.92, -0.92, -0.92, 
-0.91, -0.92, -0.92, -0.92, -0.92, -0.92, -0.92, -0.92, -0.92, -0.92, -0.92, -0.92, -0.92, -0.92, -0.92, -0.92, -0.92, -0.92, -0.92, -0.92, -0.92, -0.92, -0.92, -0.92, -0.92, -0.92, -0.92, -0.92, 
-0.92, -0.92, -0.92, -0.92, -0.92, -0.92, -0.92, -0.92, -0.92, -0.92, -0.92, -0.92, -0.92, -0.92, -0.92, -0.92, -0.92, -0.92, -0.92, -0.97, -0.92, -0.92, -0.92, -0.92, -0.92, -0.92, -0.92, -0.92, 
-0.92, -0.92, -0.92, -0.92, -0.92, -0.92, -0.92, -0.92, -0.92, -0.92, -0.92, -0.92, -0.92, -0.92, -0.92, -0.92, -0.92, -0.92, -0.97, -0.92, -0.92, -0.92, -0.92, -0.92, -0.92, -0.92, -0.92, -0.92, 
-0.91, -0.92, -0.92, -0.90, -0.92, -0.92, -0.92, -0.92, -0.92, -0.92, -0.92, -0.92, -0.92, -0.97, -0.92, -0.92, -0.92, -0.92, -0.92, -0.92, -0.92, -0.92, -0.92, -0.92, -0.92, -0.92, -0.92, -0.92, 
-0.92, -0.92, -0.95, -0.92, -0.92, -0.91, -0.92, -0.92, -0.92, -0.92, -0.92, -0.92, -0.92, -0.92, -0.92, -0.92, -0.92, -0.92, -0.92, -0.92, -0.92, -0.92, -0.92, -0.92, -0.92, -0.92, -0.92, -0.92, 
-0.92, -0.92, -0.92, -0.92, -0.92, -0.92, -0.92, -0.92, -0.92, -0.92, -0.92, -0.92, -0.92, -0.92, -0.92, -0.90, -0.92, -0.92, -0.92, -0.92, -0.92, -0.92, -0.92, -0.92, -0.92, -0.92, -0.92, -0.92, 
-0.92, -0.92, -0.92, -0.92, -0.92, -0.92, -0.92, -0.92, -0.92, -0.91, -0.92, -0.92, -0.91, -0.92, -0.92, -0.91, -0.97, -0.92, -0.91, -0.90, -0.92, -0.92, -0.92, -0.92, -0.92, -0.92, -0.92, -0.92, 
-0.92, -0.92, -0.92, -0.92, -0.92, -0.92, -0.92, -0.92, -0.92, -0.92, -0.92, -0.92, -0.92, -0.90, -0.92, -0.92, -0.92, -0.92, -0.92, -0.92, -0.92, -0.92, -0.92, -0.92, -0.92, -0.92, -0.92, -0.92, 
-0.92, -0.92, -0.90, -0.92, -0.92, -0.92, -0.92, -0.92, -0.92, -0.92, -0.92, -0.92, -0.92, -0.92, -0.92, -0.92, -0.92, -0.92, -0.97, -0.92, -0.92, -0.92, -0.92, -0.92, -0.92, -0.92, -0.92, -0.92, 
-0.92, -0.92, -0.92, -0.92, -0.92, -0.92, -0.92, -0.92, -0.92, -0.92, -0.92, -0.97, -0.92, -0.92, -0.92, -0.92, -0.92, -0.92, -0.92, -0.92, -0.92, -0.92, -0.92, -0.92, -0.92, -0.92, -0.92, -0.92, 
-0.92, -0.92, -0.92, -0.92, -0.92, -0.92, -0.92, -0.92, -0.97, -0.92, -0.92, -0.92, -0.92, -0.92, -0.92, -0.92, -0.92, -0.92, -0.92, -0.92, -0.92, -0.92, -0.92, -0.97, -0.92, -0.90, -0.92, -0.92, 
-0.92, -0.92, -0.92, -0.92, -0.92, -0.92, -0.92, -0.92, -0.92, -0.92, -0.92, -0.92, -0.92, -0.92, -0.92, -0.92, -0.92, -0.92, -0.92, -0.92, -0.92, -0.92, -0.92, -0.92, -0.92, -0.92, -0.92, -0.92, 
-0.92, -0.92, -0.92, -0.92, -0.92, -0.92, -0.92, -0.92, -0.90, -0.90, -0.92, -0.92, -0.92, -0.92, -0.92, -0.92, -0.92, -0.92, -0.92, -0.92, -0.92, -0.92, -0.92, -0.92, -0.92, -0.92, -0.92, -0.92, 
-0.92, -0.92, -0.92, -0.97, -0.97, -0.92, -0.92, -0.92, -0.92, -0.92, -0.92, -0.92, -0.92, -0.92, -0.92, -0.92, -0.92, -0.92, -0.92, -0.92, -0.97, -0.92, -0.92, -0.92, -0.92, -0.92, -0.92, -0.92, 
-0.92, -0.92, -0.92, -0.92, -0.92, -0.92, -0.92, -0.92, -0.92, -0.92, -0.92, -0.92, -0.92, -0.92, -0.92, -0.92, -0.92, -0.92, -0.92, -0.92, -0.92, -0.92, -0.92, -0.92, -0.92, -0.92, -0.92, -0.92, 
-0.92, -0.92, -0.92, -0.92, -0.92, -0.92, -0.92, -0.92, -0.92, -0.92, -0.92, -0.92, -0.92, -0.92, -0.92, -0.92, -0.92, -0.92, -0.92, -0.92, -0.92, -0.92, -0.92, -0.92, -0.92, -0.92, -0.92, -0.92, 
-0.92, -0.92, -0.92, -0.92, -0.92, -0.92, -0.92, -0.92, -0.92, -0.90, -0.92, -0.92, -0.92, -0.92, -0.92, -0.92, -0.92, -0.92, -0.92, -0.92, -0.92, -0.92, -0.92, -0.92, -0.92, -0.92, -0.92, -0.92, 
-0.92, -0.92, -0.92, -0.92, -0.92, -0.92, -0.92, -0.92, -0.92, -0.92, -0.92, -0.92, -0.92, -0.92, -0.92, -0.92, -0.92, -0.92, -0.92, -0.92, -0.92, -0.92, -0.92, -0.92, -0.92, -0.92, -0.92, -0.92, 
-0.92, -0.92, -0.92, -0.92, -0.92, -0.92, -0.92, -0.92, -0.92, -0.92, -0.92, -0.92, -0.92, -0.92, -0.92, -0.92, -0.92, -0.92, -0.92, -0.92, -0.92, -0.92, -0.92, -0.92, -0.92, -0.92, -0.92, -0.92, 
-- optimal policy --
r  >  r  v  l  l  l  <  <  <  <  <  <  <  <  <  <  <  <  l  l  <  l  <  <  <  <  l  
r  r  >  v  <  l  l  L  L  <  L  <  <  <  L  <  <  l  l  l  l  L  <  L  L  <  L  <  
>  >  R  ^  L  <  l  l  L  <  <  L  <  <  <  L  <  l  <  l  l  l  L  <  L  L  <  L  
R  R  R  ^  L  L  <  l  l  L  <  <  L  <  <  l  L  <  L  <  <  <  <  L  <  L  L  <  
R  R  ^  ^  ^  L  L  <  <  l  L  <  <  L  <  l  l  L  L  L  L  L  <  L  l  l  L  L  
R  ^  ^  ^  ^  ^  L  L  <  l  l  L  <  l  L  <  <  l  l  l  l  L  L  l  l  l  l  L  
^  ^  ^  L  ^  R  ^  L  L  <  l  l  L  <  l  L  l  l  l  l  l  l  l  l  l  l  l  l  
^  L  R  ^  L  ^  ^  L  L  L  <  l  l  L  <  v  l  l  l  l  l  l  l  l  l  l  l  l  
^  L  R  ^  ^  L  L  ^  L  L  L  <  <  l  L  l  <  <  <  l  l  l  l  l  l  l  l  l  
^  R  ^  R  ^  ^  L  L  ^  L  L  L  <  <  l  l  L  L  L  <  <  <  l  l  l  l  l  l  
R  ^  R  ^  R  ^  ^  L  L  ^  L  L  L  L  <  <  L  <  L  L  L  L  <  l  l  l  l  l  
R  ^  ^  R  ^  R  ^  ^  L  L  ^  L  L  ^  L  L  <  L  <  L  L  L  L  <  l  <  l  l  
R  R  ^  L  R  ^  ^  ^  ^  L  L  ^  L  L  L  L  L  <  L  <  L  L  L  L  <  L  l  l  
R  ^  ^  L  L  ^  ^  ^  ^  ^  L  L  ^  L  L  L  L  L  <  L  <  L  L  L  L  <  <  l  
^  ^  L  ^  L  L  ^  ^  L  ^  ^  L  L  ^  L  L  L  L  L  <  L  <  L  L  ^  L  L  <  
^  L  ^  L  ^  L  L  ^  ^  ^  ^  ^  L  L  ^  L  L  L  L  L  <  L  <  L  L  L  L  L  
^  ^  L  ^  L  ^  L  R  R  ^  L  L  ^  L  L  ^  L  L  L  L  L  L  L  L  L  L  L  L  
^  L  L  L  R  ^  R  R  ^  ^  ^  L  L  ^  L  L  ^  L  L  L  L  <  <  L  L  L  L  L  
^  ^  L  L  L  R  R  ^  ^  ^  ^  ^  L  L  ^  L  L  ^  L  L  L  L  L  <  L  L  L  L  
^  ^  L  L  R  R  ^  ^  R  ^  L  R  ^  L  R  ^  L  R  ^  L  L  L  L  L  L  L  L  L  
^  R  ^  R  R  ^  L  R  R  ^  L  ^  R  ^  L  R  ^  L  R  ^  L  L  ^  L  L  L  L  L  
R  ^  R  R  ^  L  R  R  ^  ^  ^  L  ^  L  ^  L  R  ^  L  R  ^  L  L  ^  L  L  L  L  
Correct actions (%) : 8.80
Avg angular diffs   : 88.92
