arguments: 61 11 4 -0.0151618 -0.440025 0.00343184 -0.541381
loading features...

Initializing gridworld of size 28 by 22..
    Num states: 616
    Num actions: 8
recovered reward
-0.54, -0.98, -0.54, -0.54, -0.54, -0.54, -0.54, -0.54, -0.54, -0.54, -0.54, -0.54, -0.54, -0.54, -0.54, -0.54, -0.54, -0.54, -0.54, -0.54, -0.54, -0.54, -0.54, -0.54, -0.54, -0.54, -0.54, -0.54, 
-0.54, -0.54, -0.54, -0.54, -0.54, -0.56, -0.98, -0.54, -0.54, -0.54, -0.54, -0.54, -0.54, -0.54, -0.54, -0.54, -0.54, -0.54, -0.54, -0.98, -0.54, -0.54, -0.54, -0.54, -0.54, -0.53, -0.54, -0.54, 
-0.54, -0.54, -0.56, -0.54, -0.54, -0.54, -0.98, -0.54, -0.54, -0.54, -0.54, -0.54, -0.54, -0.54, -0.54, -0.54, -0.54, -0.54, -0.54, -0.54, -0.56, -0.54, -0.54, -0.54, -0.54, -0.54, -0.54, -0.54, 
-0.54, -0.54, -0.54, -0.54, -0.54, -0.54, -0.54, -0.54, -0.54, -0.54, -0.54, -0.54, -0.54, -0.54, -0.54, -0.54, -0.54, -0.54, -0.54, -0.54, -0.54, -0.54, -0.54, -0.54, -0.54, -0.54, -0.54, -0.54, 
-0.54, -0.54, -0.54, -0.54, -0.54, -0.54, -0.54, -0.54, -0.54, -0.54, -0.54, -0.54, -0.54, -0.54, -0.54, -0.54, -0.54, -0.54, -0.54, -0.54, -0.54, -0.56, -0.54, -0.54, -0.54, -0.53, -0.54, -0.54, 
-0.54, -0.54, -0.54, -0.54, -0.54, -0.54, -0.54, -0.54, -0.54, -0.54, -0.54, -0.54, -0.54, -0.54, -0.54, -0.54, -0.54, -0.54, -0.54, -0.54, -0.54, -0.56, -0.54, -0.54, -0.54, -0.54, -0.54, -0.54, 
-0.54, -0.54, -0.54, -0.54, -0.54, -0.54, -0.54, -0.54, -0.54, -0.54, -0.54, -0.98, -0.54, -0.54, -0.54, -0.54, -0.54, -0.54, -0.54, -0.54, -0.54, -0.54, -0.54, -0.54, -0.54, -0.54, -0.54, -0.54, 
-0.54, -0.54, -0.54, -0.54, -0.54, -0.54, -0.54, -0.54, -0.54, -0.54, -0.54, -0.54, -0.54, -0.54, -0.54, -0.54, -0.54, -0.54, -0.54, -0.54, -0.54, -0.98, -0.54, -0.53, -0.54, -0.54, -0.54, -0.54, 
-0.54, -0.54, -0.54, -0.54, -0.54, -0.54, -0.54, -0.56, -0.54, -0.54, -0.54, -0.54, -0.54, -0.54, -0.54, -0.54, -0.54, -0.54, -0.54, -0.54, -0.56, -0.54, -0.54, -0.54, -0.54, -0.54, -0.54, -0.54, 
-0.54, -0.54, -0.54, -0.54, -0.54, -0.54, -0.54, -0.54, -0.54, -0.54, -0.54, -0.54, -0.54, -0.54, -0.54, -0.54, -0.54, -0.54, -0.54, -0.54, -0.54, -0.54, -0.54, -0.54, -0.54, -0.54, -0.54, -0.54, 
-0.54, -0.54, -0.54, -0.54, -0.54, -0.54, -0.54, -0.54, -0.54, -0.56, -0.54, -0.54, -0.54, -0.54, -0.54, -0.54, -0.54, -0.54, -0.54, -0.54, -0.54, -0.54, -0.54, -0.54, -0.53, -0.54, -0.54, -0.54, 
-0.54, -0.54, -0.54, -0.54, -0.54, -0.54, -0.54, -0.54, -0.54, -0.54, -0.54, -0.54, -0.54, -0.54, -0.54, -0.54, -0.98, -0.54, -0.54, -0.54, -0.54, -0.54, -0.54, -0.54, -0.54, -0.54, -0.54, -0.54, 
-0.54, -0.54, -0.54, -0.54, -0.54, -0.54, -0.54, -0.54, -0.54, -0.54, -0.54, -0.54, -0.54, -0.54, -0.98, -0.54, -0.54, -0.54, -0.54, -0.54, -0.54, -0.54, -0.54, -0.54, -0.54, -0.54, -0.54, -0.54, 
-0.54, -0.54, -0.54, -0.54, -0.54, -0.54, -0.54, -0.54, -0.54, -0.54, -0.54, -0.54, -0.54, -0.54, -0.54, -0.54, -0.54, -0.54, -0.54, -0.54, -0.54, -0.54, -0.54, -0.53, -0.54, -0.56, -0.54, -0.54, 
-0.54, -0.54, -0.54, -0.54, -0.54, -0.54, -0.54, -0.54, -0.54, -0.54, -0.54, -0.54, -0.54, -0.54, -0.54, -0.54, -0.54, -0.54, -0.54, -0.54, -0.54, -0.54, -0.54, -0.54, -0.54, -0.54, -0.54, -0.54, 
-0.54, -0.54, -0.54, -0.54, -0.54, -0.54, -0.54, -0.54, -0.54, -0.54, -0.54, -0.54, -0.54, -0.54, -0.54, -0.54, -0.54, -0.54, -0.54, -0.54, -0.54, -0.54, -0.56, -0.54, -0.54, -0.54, -0.54, -0.54, 
-0.54, -0.54, -0.54, -0.54, -0.54, -0.54, -0.54, -0.54, -0.54, -0.54, -0.54, -0.54, -0.54, -0.54, -0.54, -0.54, -0.54, -0.54, -0.54, -0.54, -0.54, -0.56, -0.54, -0.97, -0.54, -0.54, -0.54, -0.54, 
-0.54, -0.54, -0.54, -0.54, -0.54, -0.54, -0.54, -0.54, -0.54, -0.54, -0.54, -0.54, -0.54, -0.54, -0.54, -0.54, -0.54, -0.54, -0.54, -0.54, -0.54, -0.54, -0.54, -0.54, -0.54, -0.54, -0.54, -0.54, 
-0.54, -0.54, -0.54, -0.54, -0.54, -0.54, -0.54, -0.56, -0.54, -0.54, -0.54, -0.54, -0.54, -0.54, -0.54, -0.98, -0.54, -0.54, -0.54, -0.54, -0.54, -0.53, -0.54, -0.54, -0.54, -0.54, -0.54, -0.54, 
-0.54, -0.54, -0.54, -0.54, -0.54, -0.54, -0.54, -0.54, -0.54, -0.54, -0.54, -0.54, -0.54, -0.54, -0.54, -0.98, -0.54, -0.54, -0.54, -0.97, -0.54, -0.54, -0.54, -0.54, -0.54, -0.54, -0.54, -0.54, 
-0.54, -0.54, -0.54, -0.54, -0.54, -0.54, -0.54, -0.54, -0.54, -0.54, -0.54, -0.54, -0.54, -0.54, -0.54, -0.54, -0.54, -0.54, -0.54, -0.54, -0.54, -0.54, -0.54, -0.54, -0.54, -0.54, -0.54, -0.54, 
-0.54, -0.54, -0.54, -0.54, -0.54, -0.54, -0.54, -0.54, -0.54, -0.54, -0.54, -0.54, -0.54, -0.54, -0.54, -0.54, -0.54, -0.54, -0.54, -0.54, -0.54, -0.54, -0.54, -0.54, -0.54, -0.54, -0.54, -0.54, 
-- optimal policy --
r  r  r  r  >  >  r  >  r  r  >  r  r  >  r  r  r  r  >  r  r  >  r  >  r  v  l  l  
r  >  r  r  r  R  >  r  >  r  r  >  r  r  >  r  r  r  r  >  r  r  >  r  >  v  <  <  
r  r  r  >  r  r  r  >  R  >  r  R  r  r  r  >  r  r  r  r  r  >  r  >  R  ^  L  <  
r  r  r  r  >  r  >  R  >  r  >  r  v  r  r  R  >  r  r  r  >  r  >  R  ^  ^  ^  L  
r  r  r  >  r  >  R  ^  r  >  r  >  r  v  >  r  r  >  r  >  R  >  R  ^  >  R  <  ^  
r  r  r  r  >  R  ^  >  r  r  >  r  >  r  v  >  >  r  >  R  r  R  R  >  R  ^  L  <  
r  r  r  >  R  ^  r  r  >  r  r  >  r  >  >  R  r  >  R  r  >  >  r  R  R  ^  L  L  
r  r  >  R  r  r  >  r  r  >  r  r  >  R  ^  r  >  R  r  >  r  r  >  R  <  R  ^  L  
r  >  R  r  r  r  r  >  r  r  >  r  R  ^  r  >  R  r  r  r  r  >  R  ^  L  <  ^  L  
>  R  r  >  r  r  r  r  >  r  r  >  ^  <  >  R  r  r  r  r  >  R  ^  R  ^  L  <  ^  
R  r  >  R  r  r  r  r  r  r  v  R  ^  L  R  >  r  r  r  >  R  R  R  >  ^  <  L  <  
r  >  R  r  r  r  r  r  r  >  R  <  ^  R  r  r  >  r  >  R  R  ^  >  R  ^  L  <  L  
>  R  r  r  r  r  r  r  >  R  ^  L  R  r  r  r  r  >  R  R  ^  >  R  ^  ^  ^  L  L  
R  r  >  r  r  r  r  >  R  ^  ^  ^  r  r  r  r  >  R  ^  ^  >  R  >  ^  <  ^  L  L  
r  >  R  r  r  r  >  R  >  ^  r  r  r  r  r  >  R  ^  ^  >  R  >  R  ^  L  <  ^  L  
>  R  r  r  r  >  R  >  R  ^  r  r  v  r  >  R  ^  ^  >  R  >  R  ^  L  ^  L  <  ^  
R  >  r  r  >  R  >  R  ^  >  r  >  r  >  R  ^  ^  >  R  >  R  ^  L  ^  L  ^  L  <  
>  R  r  >  R  >  R  ^  >  r  >  R  ^  R  ^  r  >  R  >  R  ^  L  ^  L  ^  L  ^  L  
R  r  >  R  >  R  ^  >  r  >  R  r  r  v  l  r  v  >  R  R  >  L  <  L  ^  L  L  L  
r  >  R  >  R  ^  >  r  >  R  r  r  >  >  r  >  >  R  R  >  R  ^  L  <  L  ^  L  L  
>  R  >  R  ^  >  r  >  R  r  r  >  R  ^  >  R  ^  L  >  R  R  R  ^  L  <  ^  ^  L  
R  >  R  ^  >  >  >  R  >  >  >  R  ^  >  R  ^  ^  >  R  R  R  ^  L  ^  L  L  ^  ^  
Correct actions (%) : 8.85
Avg angular diffs   : 106.17
