arguments: 61 15 1 0.0408163 0.229592 -0.219388 -0.510204
loading features...

Initializing gridworld of size 28 by 22..
    Num states: 616
    Num actions: 8
recovered reward
-0.51, -0.51, -0.51, -0.51, -0.51, -0.51, -0.51, -0.51, -0.51, -0.51, -0.51, -0.51, -0.51, -0.51, -0.51, -0.51, -0.51, -0.51, -0.51, -0.51, -0.51, -0.51, -0.51, -0.51, -0.51, -0.51, -0.51, -0.51, 
-0.51, -0.28, -0.51, -0.51, -0.51, -0.51, -0.51, -0.51, -0.51, -0.51, -0.51, -0.51, -0.51, -0.51, -0.51, -0.51, -0.51, -0.51, -0.51, -0.51, -0.51, -0.51, -0.51, -0.51, -0.47, -0.99, -0.51, -0.51, 
-0.51, -0.51, -0.51, -0.51, -0.47, -0.51, -0.51, -0.51, -0.47, -0.28, -0.51, -0.51, -0.51, -0.51, -0.71, -0.51, -0.51, -0.51, -0.51, -0.47, -0.51, -0.51, -0.51, -0.51, -0.51, -0.51, -0.51, -0.51, 
-0.51, -0.51, -0.51, -0.51, -0.51, -0.51, -0.51, -0.51, -0.51, -0.47, -0.51, -0.69, -0.51, -0.51, -0.51, -0.51, -0.73, -0.51, -0.51, -0.51, -0.51, -0.51, -0.51, -0.97, -0.51, -0.51, -0.51, -0.51, 
-0.51, -0.51, -0.51, -0.51, -0.51, -0.51, -0.51, -0.51, -0.51, -0.66, -0.51, -0.51, -0.51, -0.51, -0.51, -0.51, -0.51, -0.51, -0.51, -0.51, -0.51, -0.51, -0.51, -0.51, -0.51, -0.51, -0.51, -0.51, 
-0.51, -0.51, -0.51, -0.51, -0.51, -0.51, -0.51, -0.51, -0.51, -0.51, -0.51, -0.51, -0.51, -0.51, -0.51, -0.51, -0.51, -0.51, -0.51, -0.51, -0.51, -0.51, -0.51, -0.51, -0.51, -0.51, -0.51, -0.51, 
-0.51, -0.51, -0.51, -0.51, -0.51, -0.51, -0.51, -0.64, -0.51, -0.51, -0.51, -0.51, -0.51, -0.51, -0.51, -0.51, -0.71, -0.47, -0.51, -0.51, -0.51, -0.28, -0.51, -0.95, -0.51, -0.51, -0.51, -0.51, 
-0.51, -0.51, -0.51, -0.47, -0.51, -0.51, -0.51, -0.51, -0.51, -0.51, -0.51, -0.51, -0.51, -0.51, -0.51, -0.51, -0.51, -0.51, -0.51, -0.51, -0.51, -0.51, -0.47, -0.51, -0.51, -0.51, -0.51, -0.51, 
-0.51, -0.51, -0.51, -0.51, -0.51, -0.51, -0.51, -0.51, -0.51, -0.51, -0.51, -0.51, -0.51, -0.51, -0.51, -0.51, -0.51, -0.51, -0.51, -0.51, -0.51, -0.51, -0.51, -0.51, -0.51, -0.51, -0.51, -0.51, 
-0.51, -0.51, -0.51, -0.51, -0.51, -0.51, -0.62, -0.51, -0.51, -0.51, -0.51, -0.51, -0.51, -0.51, -0.51, -0.51, -0.77, -0.51, -0.51, -0.51, -0.51, -0.51, -0.93, -0.51, -0.51, -0.51, -0.51, -0.51, 
-0.51, -0.51, -0.51, -0.51, -0.51, -0.51, -0.51, -0.51, -0.28, -0.51, -0.51, -0.51, -0.51, -0.51, -0.51, -0.51, -0.51, -0.51, -0.51, -0.51, -0.51, -0.51, -0.51, -0.51, -0.51, -0.51, -0.51, -0.51, 
-0.51, -0.51, -0.51, -0.51, -0.51, -0.51, -0.51, -0.51, -0.51, -0.51, -0.51, -0.51, -0.51, -0.51, -0.51, -0.51, -0.51, -0.51, -0.51, -0.51, -0.51, -0.51, -0.51, -0.51, -0.28, -0.51, -0.51, -0.51, 
-0.51, -0.51, -0.51, -0.51, -0.60, -0.51, -0.51, -0.51, -0.51, -0.51, -0.51, -0.51, -0.51, -0.51, -0.80, -0.51, -0.51, -0.51, -0.51, -0.51, -0.51, -0.51, -0.51, -0.51, -0.51, -0.51, -0.51, -0.51, 
-0.51, -0.51, -0.51, -0.51, -0.51, -0.51, -0.51, -0.51, -0.51, -0.51, -0.51, -0.51, -0.51, -0.51, -0.51, -0.51, -0.51, -0.51, -0.51, -0.51, -0.51, -0.91, -0.51, -0.51, -0.51, -0.51, -0.51, -0.51, 
-0.51, -0.51, -0.51, -0.35, -0.51, -0.28, -0.51, -0.51, -0.51, -0.51, -0.51, -0.51, -0.51, -0.51, -0.51, -0.51, -0.51, -0.51, -0.51, -0.51, -0.51, -0.51, -0.51, -0.28, -0.51, -0.51, -0.51, -0.51, 
-0.51, -0.51, -0.28, -0.51, -0.51, -0.51, -0.51, -0.51, -0.51, -0.51, -0.51, -0.51, -0.51, -0.47, -0.51, -0.82, -0.51, -0.51, -0.51, -0.51, -0.88, -0.51, -0.51, -0.51, -0.51, -0.51, -0.51, -0.51, 
-0.51, -0.55, -0.51, -0.51, -0.51, -0.51, -0.51, -0.28, -0.51, -0.51, -0.51, -0.51, -0.51, -0.51, -0.51, -0.51, -0.51, -0.51, -0.51, -0.51, -0.51, -0.51, -0.51, -0.51, -0.51, -0.51, -0.51, -0.51, 
-0.51, -0.51, -0.51, -0.51, -0.51, -0.51, -0.51, -0.51, -0.51, -0.51, -0.51, -0.51, -0.47, -0.51, -0.51, -0.51, -0.51, -0.51, -0.51, -0.28, -0.51, -0.51, -0.51, -0.51, -0.51, -0.51, -0.51, -0.51, 
-0.51, -0.51, -0.51, -0.51, -0.51, -0.51, -0.51, -0.51, -0.51, -0.47, -0.51, -0.51, -0.51, -0.51, -0.51, -0.84, -0.51, -0.51, -0.86, -0.51, -0.51, -0.51, -0.51, -0.51, -0.51, -0.51, -0.51, -0.51, 
-0.53, -0.51, -0.51, -0.51, -0.51, -0.51, -0.51, -0.51, -0.51, -0.51, -0.51, -0.51, -0.51, -0.51, -0.51, -0.51, -0.51, -0.51, -0.51, -0.51, -0.51, -0.51, -0.51, -0.51, -0.51, -0.51, -0.51, -0.51, 
-0.51, -0.51, -0.51, -0.51, -0.51, -0.51, -0.51, -0.51, -0.51, -0.51, -0.51, -0.51, -0.51, -0.51, -0.51, -0.51, -0.51, -0.51, -0.51, -0.51, -0.51, -0.51, -0.51, -0.51, -0.51, -0.51, -0.51, -0.51, 
-0.51, -0.51, -0.51, -0.51, -0.51, -0.51, -0.51, -0.51, -0.51, -0.51, -0.51, -0.51, -0.51, -0.51, -0.51, -0.51, -0.51, -0.51, -0.51, -0.51, -0.51, -0.51, -0.51, -0.51, -0.51, -0.51, -0.51, -0.51, 
-- optimal policy --
r  v  l  l  v  v  r  r  r  r  v  l  l  l  v  l  l  v  l  l  l  l  l  l  l  l  v  l  
>  r  <  r  v  l  v  r  r  v  l  l  v  v  l  v  v  l  l  l  l  l  l  l  l  v  l  l  
r  v  r  r  v  v  r  v  >  v  <  r  v  v  l  v  l  <  l  l  <  l  l  l  v  l  l  l  
v  r  v  r  r  v  v  l  v  l  v  v  v  l  v  l  l  l  l  l  l  l  l  v  l  l  l  l  
r  v  r  r  r  r  v  v  l  l  v  v  l  v  l  l  l  l  l  l  l  l  v  l  l  l  l  l  
v  r  v  r  r  r  v  l  v  v  v  l  v  l  l  l  l  v  l  l  <  v  l  l  <  l  l  l  
v  l  r  v  r  r  r  v  v  v  l  v  l  l  l  l  l  l  <  l  l  l  <  l  l  l  l  l  
v  r  v  v  l  r  r  r  v  l  v  l  l  l  l  l  l  l  L  <  <  ^  L  <  l  l  <  <  
r  v  v  l  v  l  r  r  v  l  l  l  l  l  l  l  l  <  l  L  l  l  ^  L  <  l  l  l  
v  r  v  v  l  v  l  r  v  l  l  l  l  l  l  l  l  l  l  l  l  l  l  ^  L  <  l  l  
r  r  r  v  v  l  l  l  v  <  <  <  <  l  l  l  l  l  l  l  l  l  l  r  v  l  l  l  
r  r  r  v  l  v  l  v  l  L  L  L  l  l  l  <  l  l  l  l  l  l  l  >  v  <  l  l  
r  r  r  v  l  l  v  l  l  l  L  l  l  l  <  l  l  l  l  l  l  l  <  r  v  l  l  l  
r  v  r  v  l  v  l  l  l  v  l  l  l  l  l  l  l  l  l  l  l  l  r  v  l  l  l  l  
>  r  v  l  <  l  <  <  v  l  l  l  l  l  l  l  <  <  <  <  <  v  l  l  <  <  l  l  
>  >  R  <  L  ^  L  v  l  l  l  l  l  l  <  <  l  l  l  l  v  l  l  ^  L  L  <  <  
R  R  ^  L  <  L  >  L  <  <  l  l  l  l  l  l  l  l  l  v  l  l  l  l  ^  L  L  L  
R  R  ^  ^  L  <  R  ^  L  <  l  l  l  <  <  <  <  <  <  <  <  <  <  l  l  ^  L  L  
R  ^  L  ^  ^  L  R  ^  ^  L  <  l  l  L  L  L  L  L  <  ^  L  <  L  <  l  l  ^  L  
R  ^  ^  L  R  ^  L  R  R  ^  L  <  <  <  L  L  <  L  L  <  ^  L  <  L  <  l  l  ^  
R  ^  ^  L  ^  L  ^  L  R  R  ^  L  L  <  L  L  L  <  L  L  l  ^  L  <  L  <  <  l  
^  R  ^  ^  L  ^  ^  ^  L  ^  ^  L  L  L  <  <  L  L  <  <  <  <  ^  L  <  L  L  <  
Correct actions (%) : 23.66
Avg angular diffs   : 74.89
