arguments: 61 9 3 0.0193989 -0.000955588 0.00969946 -0.969946
loading features...

Initializing gridworld of size 28 by 22..
    Num states: 616
    Num actions: 8
recovered reward
-0.97, -0.97, -0.97, -0.97, -0.97, -0.97, -0.97, -0.97, -0.97, -0.97, -0.97, -0.97, -0.97, -0.97, -0.97, -0.97, -0.97, -0.97, -0.97, -0.97, -0.97, -0.97, -0.97, -0.97, -0.97, -0.97, -0.97, -0.97, 
-0.97, -0.97, -0.97, -0.97, -0.97, -0.97, -0.97, -0.97, -0.97, -0.97, -0.97, -0.97, -0.97, -0.97, -0.97, -0.97, -0.97, -0.97, -0.97, -0.97, -0.97, -0.97, -0.97, -0.97, -0.97, -0.95, -0.97, -0.97, 
-0.97, -0.97, -0.97, -0.97, -0.97, -0.97, -0.97, -0.97, -0.97, -0.97, -0.97, -0.97, -0.97, -0.97, -0.96, -0.97, -0.97, -0.97, -0.97, -0.97, -0.97, -0.97, -0.97, -0.97, -0.97, -0.97, -0.97, -0.97, 
-0.97, -0.97, -0.97, -0.97, -0.97, -0.97, -0.97, -0.97, -0.97, -0.97, -0.97, -0.96, -0.97, -0.97, -0.97, -0.97, -0.96, -0.97, -0.97, -0.97, -0.97, -0.97, -0.97, -0.95, -0.97, -0.97, -0.97, -0.97, 
-0.97, -0.97, -0.97, -0.97, -0.97, -0.97, -0.97, -0.97, -0.97, -0.96, -0.97, -0.97, -0.97, -0.97, -0.95, -0.97, -0.97, -0.97, -0.97, -0.97, -0.97, -0.97, -0.95, -0.97, -0.97, -0.97, -0.97, -0.97, 
-0.97, -0.97, -0.97, -0.97, -0.97, -0.97, -0.97, -0.97, -0.97, -0.97, -0.97, -0.97, -0.97, -0.97, -0.97, -0.97, -0.97, -0.97, -0.97, -0.97, -0.97, -0.97, -0.97, -0.97, -0.97, -0.97, -0.97, -0.97, 
-0.97, -0.97, -0.97, -0.97, -0.97, -0.97, -0.97, -0.96, -0.97, -0.97, -0.97, -0.97, -0.97, -0.97, -0.97, -0.97, -0.96, -0.97, -0.97, -0.97, -0.97, -0.97, -0.97, -0.95, -0.97, -0.97, -0.97, -0.97, 
-0.97, -0.97, -0.97, -0.97, -0.97, -0.97, -0.97, -0.97, -0.97, -0.97, -0.97, -0.97, -0.97, -0.97, -0.97, -0.97, -0.97, -0.97, -0.97, -0.97, -0.97, -0.97, -0.97, -0.97, -0.97, -0.97, -0.97, -0.97, 
-0.97, -0.97, -0.97, -0.97, -0.97, -0.97, -0.97, -0.97, -0.97, -0.97, -0.97, -0.97, -0.97, -0.97, -0.97, -0.97, -0.97, -0.97, -0.97, -0.97, -0.97, -0.97, -0.97, -0.97, -0.97, -0.97, -0.97, -0.97, 
-0.97, -0.97, -0.97, -0.97, -0.97, -0.97, -0.97, -0.95, -0.97, -0.97, -0.97, -0.97, -0.97, -0.97, -0.97, -0.97, -0.96, -0.97, -0.97, -0.97, -0.97, -0.97, -0.95, -0.97, -0.97, -0.97, -0.97, -0.97, 
-0.97, -0.97, -0.97, -0.97, -0.97, -0.97, -0.97, -0.97, -0.97, -0.97, -0.97, -0.97, -0.97, -0.97, -0.97, -0.97, -0.97, -0.97, -0.97, -0.97, -0.97, -0.97, -0.97, -0.97, -0.97, -0.97, -0.97, -0.97, 
-0.97, -0.97, -0.97, -0.97, -0.95, -0.97, -0.97, -0.95, -0.97, -0.97, -0.95, -0.97, -0.97, -0.97, -0.95, -0.97, -0.97, -0.97, -0.97, -0.97, -0.97, -0.97, -0.97, -0.97, -0.97, -0.97, -0.97, -0.97, 
-0.97, -0.97, -0.97, -0.97, -0.97, -0.97, -0.97, -0.97, -0.97, -0.97, -0.97, -0.97, -0.97, -0.97, -0.96, -0.97, -0.97, -0.97, -0.97, -0.97, -0.95, -0.97, -0.97, -0.97, -0.97, -0.97, -0.97, -0.97, 
-0.97, -0.97, -0.97, -0.97, -0.97, -0.97, -0.95, -0.97, -0.97, -0.97, -0.97, -0.97, -0.95, -0.97, -0.97, -0.97, -0.97, -0.97, -0.97, -0.97, -0.97, -0.95, -0.97, -0.97, -0.97, -0.97, -0.97, -0.97, 
-0.97, -0.97, -0.97, -0.97, -0.97, -0.97, -0.97, -0.97, -0.97, -0.97, -0.97, -0.97, -0.97, -0.97, -0.97, -0.97, -0.97, -0.97, -0.97, -0.97, -0.97, -0.97, -0.97, -0.97, -0.97, -0.97, -0.97, -0.97, 
-0.97, -0.97, -0.97, -0.97, -0.97, -0.97, -0.97, -0.97, -0.97, -0.97, -0.97, -0.97, -0.97, -0.97, -0.97, -0.96, -0.97, -0.97, -0.97, -0.97, -0.95, -0.97, -0.97, -0.97, -0.97, -0.97, -0.97, -0.97, 
-0.97, -0.97, -0.97, -0.97, -0.97, -0.97, -0.97, -0.97, -0.97, -0.97, -0.97, -0.97, -0.97, -0.97, -0.97, -0.97, -0.97, -0.97, -0.97, -0.97, -0.97, -0.97, -0.97, -0.97, -0.97, -0.97, -0.97, -0.97, 
-0.97, -0.97, -0.97, -0.97, -0.97, -0.97, -0.97, -0.97, -0.97, -0.97, -0.97, -0.97, -0.97, -0.97, -0.97, -0.97, -0.97, -0.97, -0.97, -0.97, -0.97, -0.97, -0.97, -0.97, -0.97, -0.97, -0.97, -0.97, 
-0.97, -0.97, -0.97, -0.97, -0.97, -0.97, -0.97, -0.97, -0.97, -0.97, -0.97, -0.97, -0.95, -0.97, -0.97, -0.96, -0.97, -0.97, -0.95, -0.97, -0.97, -0.97, -0.97, -0.97, -0.97, -0.97, -0.97, -0.97, 
-0.97, -0.97, -0.97, -0.97, -0.97, -0.97, -0.97, -0.97, -0.97, -0.97, -0.97, -0.97, -0.97, -0.97, -0.97, -0.95, -0.97, -0.97, -0.97, -0.97, -0.97, -0.97, -0.97, -0.97, -0.97, -0.97, -0.97, -0.97, 
-0.97, -0.97, -0.97, -0.97, -0.97, -0.97, -0.97, -0.97, -0.97, -0.97, -0.97, -0.97, -0.97, -0.97, -0.97, -0.97, -0.97, -0.97, -0.97, -0.97, -0.97, -0.97, -0.97, -0.97, -0.97, -0.97, -0.97, -0.97, 
-0.97, -0.97, -0.97, -0.97, -0.97, -0.97, -0.97, -0.97, -0.97, -0.97, -0.97, -0.97, -0.97, -0.97, -0.97, -0.97, -0.97, -0.97, -0.97, -0.97, -0.97, -0.97, -0.97, -0.97, -0.97, -0.97, -0.97, -0.97, 
-- optimal policy --
r  r  r  r  r  r  r  >  r  >  r  >  r  r  r  r  >  >  r  >  r  r  v  >  r  v  l  l  
v  l  r  r  r  r  r  r  >  r  >  r  >  r  r  >  r  >  >  r  >  r  v  l  >  l  <  <  
r  v  l  r  r  r  r  r  r  >  r  >  r  >  >  r  >  r  >  >  r  >  r  v  l  ^  L  <  
r  r  v  l  r  r  r  r  r  r  >  >  >  r  v  >  r  >  r  >  >  r  >  l  <  <  ^  L  
r  r  r  v  l  r  r  r  >  >  R  r  >  >  r  R  >  r  >  r  >  >  R  ^  L  <  <  ^  
r  >  r  r  v  l  r  >  R  R  r  >  R  R  ^  r  r  >  r  >  R  R  ^  L  ^  L  L  <  
v  r  >  r  r  v  l  R  R  r  >  R  R  R  r  >  >  r  >  R  R  R  ^  ^  L  ^  L  L  
r  v  r  r  r  r  v  v  l  r  r  R  r  r  r  R  r  >  R  R  R  ^  R  ^  L  L  ^  L  
>  r  v  r  r  r  r  v  l  r  >  r  v  r  r  r  >  R  R  R  ^  R  ^  ^  ^  L  L  ^  
r  >  r  v  r  >  >  >  r  v  r  >  r  v  r  >  R  R  R  ^  R  ^  ^  ^  L  L  L  L  
>  r  >  r  v  R  R  ^  r  r  v  l  >  r  v  R  R  R  ^  R  R  R  ^  L  ^  ^  L  L  
r  >  r  >  R  R  >  r  r  >  r  <  r  >  R  R  R  ^  R  R  R  ^  R  ^  L  R  ^  L  
>  r  >  R  ^  r  R  ^  >  R  ^  r  v  R  ^  L  ^  R  R  >  ^  <  ^  ^  L  L  R  ^  
r  >  R  R  r  >  ^  >  R  ^  r  >  R  R  ^  L  R  R  >  R  ^  L  <  ^  ^  L  L  ^  
>  R  R  r  >  R  ^  R  ^  r  >  R  ^  L  ^  L  L  >  R  ^  R  ^  L  <  ^  L  L  L  
R  R  R  >  R  ^  R  ^  r  >  R  ^  R  ^  L  ^  >  R  ^  R  R  ^  ^  L  <  ^  L  L  
R  R  >  R  R  R  ^  r  >  R  ^  R  ^  ^  R  ^  R  ^  R  R  ^  L  ^  ^  L  <  ^  L  
R  >  R  R  R  ^  r  >  R  ^  R  ^  ^  R  ^  R  R  R  R  ^  L  ^  L  ^  L  L  <  ^  
>  R  R  R  ^  r  >  R  ^  R  ^  >  R  <  r  v  R  R  ^  ^  ^  L  ^  L  ^  L  L  <  
R  R  R  ^  r  >  R  ^  R  ^  >  R  ^  L  >  R  R  R  ^  L  ^  L  L  ^  L  ^  L  L  
^  R  ^  r  >  R  ^  R  ^  >  R  ^  ^  >  R  ^  R  R  R  ^  L  L  L  L  ^  L  ^  L  
R  ^  >  >  R  R  R  R  >  R  R  ^  >  R  ^  R  R  R  ^  ^  ^  L  L  L  L  ^  L  L  
Correct actions (%) : 8.28
Avg angular diffs   : 109.55
