arguments: 61 11 4 0.110638 0.00425532 -0.0340426 -0.851064
loading features...

Initializing gridworld of size 28 by 22..
    Num states: 616
    Num actions: 8
recovered reward
-0.85, -0.85, -0.85, -0.85, -0.82, -0.79, -0.82, -0.85, -0.85, -0.85, -0.85, -0.85, -0.85, -0.85, -0.85, -0.85, -0.85, -0.85, -0.85, -0.85, -0.85, -0.85, -0.85, -0.85, -0.85, -0.85, -0.85, -0.85, 
-0.85, -0.82, -0.79, -0.82, -0.80, -0.74, -0.79, -0.85, -0.85, -0.88, -0.85, -0.85, -0.88, -0.85, -0.85, -0.85, -0.85, -0.85, -0.85, -0.82, -0.79, -0.82, -0.85, -0.85, -0.85, -0.94, -0.85, -0.85, 
-0.85, -0.80, -0.74, -0.80, -0.82, -0.79, -0.82, -0.85, -0.85, -0.85, -0.85, -0.85, -0.85, -0.85, -0.85, -0.85, -0.89, -0.85, -0.85, -0.79, -0.74, -0.80, -0.85, -0.85, -0.85, -0.85, -0.85, -0.85, 
-0.85, -0.82, -0.80, -0.82, -0.85, -0.85, -0.85, -0.87, -0.85, -0.85, -0.85, -0.85, -0.85, -0.85, -0.85, -0.85, -0.85, -0.85, -0.85, -0.82, -0.80, -0.82, -0.82, -0.85, -0.85, -0.85, -0.85, -0.85, 
-0.85, -0.85, -0.85, -0.85, -0.85, -0.85, -0.87, -0.85, -0.85, -0.85, -0.85, -0.85, -0.85, -0.85, -0.85, -0.85, -0.85, -0.85, -0.85, -0.85, -0.82, -0.80, -0.82, -0.85, -0.85, -0.94, -0.85, -0.85, 
-0.85, -0.85, -0.85, -0.85, -0.85, -0.85, -0.85, -0.85, -0.85, -0.85, -0.85, -0.85, -0.85, -0.85, -0.85, -0.85, -0.89, -0.85, -0.85, -0.85, -0.80, -0.74, -0.80, -0.85, -0.85, -0.85, -0.85, -0.85, 
-0.85, -0.85, -0.85, -0.85, -0.87, -0.85, -0.85, -0.85, -0.85, -0.85, -0.85, -0.85, -0.85, -0.85, -0.89, -0.85, -0.85, -0.85, -0.85, -0.85, -0.82, -0.79, -0.82, -0.85, -0.85, -0.85, -0.85, -0.85, 
-0.85, -0.85, -0.85, -0.85, -0.85, -0.85, -0.82, -0.80, -0.82, -0.85, -0.85, -0.85, -0.85, -0.85, -0.85, -0.85, -0.85, -0.85, -0.85, -0.82, -0.79, -0.82, -0.85, -0.93, -0.85, -0.85, -0.85, -0.85, 
-0.85, -0.85, -0.85, -0.85, -0.85, -0.85, -0.80, -0.74, -0.80, -0.85, -0.85, -0.85, -0.85, -0.85, -0.85, -0.85, -0.85, -0.85, -0.85, -0.80, -0.74, -0.79, -0.85, -0.85, -0.85, -0.85, -0.85, -0.85, 
-0.85, -0.85, -0.85, -0.85, -0.86, -0.85, -0.82, -0.80, -0.82, -0.80, -0.82, -0.85, -0.90, -0.85, -0.85, -0.85, -0.85, -0.85, -0.85, -0.82, -0.80, -0.82, -0.85, -0.85, -0.85, -0.85, -0.85, -0.85, 
-0.85, -0.85, -0.85, -0.85, -0.85, -0.85, -0.85, -0.85, -0.80, -0.74, -0.80, -0.85, -0.85, -0.85, -0.85, -0.85, -0.85, -0.85, -0.85, -0.85, -0.85, -0.85, -0.85, -0.85, -0.93, -0.85, -0.85, -0.85, 
-0.85, -0.85, -0.85, -0.85, -0.85, -0.85, -0.85, -0.85, -0.82, -0.80, -0.87, -0.85, -0.85, -0.85, -0.85, -0.85, -0.85, -0.85, -0.85, -0.85, -0.85, -0.85, -0.85, -0.85, -0.85, -0.85, -0.85, -0.85, 
-0.85, -0.85, -0.85, -0.85, -0.85, -0.85, -0.85, -0.85, -0.85, -0.85, -0.85, -0.85, -0.85, -0.85, -0.85, -0.85, -0.85, -0.85, -0.85, -0.85, -0.85, -0.85, -0.85, -0.85, -0.82, -0.80, -0.82, -0.85, 
-0.85, -0.85, -0.85, -0.86, -0.85, -0.85, -0.85, -0.85, -0.85, -0.85, -0.85, -0.85, -0.85, -0.85, -0.85, -0.85, -0.85, -0.85, -0.85, -0.85, -0.85, -0.85, -0.85, -0.93, -0.80, -0.74, -0.80, -0.85, 
-0.85, -0.85, -0.85, -0.85, -0.85, -0.85, -0.85, -0.85, -0.85, -0.90, -0.85, -0.85, -0.85, -0.85, -0.85, -0.85, -0.85, -0.85, -0.85, -0.85, -0.85, -0.82, -0.80, -0.82, -0.82, -0.80, -0.82, -0.85, 
-0.85, -0.85, -0.85, -0.85, -0.85, -0.85, -0.85, -0.85, -0.85, -0.85, -0.85, -0.85, -0.85, -0.85, -0.85, -0.85, -0.85, -0.85, -0.85, -0.85, -0.82, -0.80, -0.74, -0.79, -0.85, -0.85, -0.85, -0.85, 
-0.85, -0.85, -0.86, -0.85, -0.85, -0.85, -0.85, -0.85, -0.85, -0.85, -0.85, -0.85, -0.91, -0.85, -0.85, -0.85, -0.85, -0.85, -0.85, -0.85, -0.80, -0.82, -0.79, -0.89, -0.85, -0.85, -0.85, -0.85, 
-0.85, -0.85, -0.85, -0.85, -0.85, -0.85, -0.82, -0.80, -0.82, -0.85, -0.85, -0.85, -0.85, -0.85, -0.85, -0.85, -0.85, -0.85, -0.85, -0.85, -0.82, -0.80, -0.82, -0.85, -0.85, -0.85, -0.85, -0.85, 
-0.85, -0.85, -0.85, -0.85, -0.85, -0.85, -0.80, -0.74, -0.80, -0.85, -0.85, -0.85, -0.85, -0.85, -0.85, -0.85, -0.85, -0.85, -0.85, -0.85, -0.85, -0.92, -0.85, -0.85, -0.85, -0.85, -0.85, -0.85, 
-0.85, -0.85, -0.85, -0.85, -0.85, -0.85, -0.82, -0.80, -0.82, -0.85, -0.85, -0.85, -0.85, -0.91, -0.85, -0.85, -0.91, -0.85, -0.85, -0.91, -0.85, -0.85, -0.85, -0.85, -0.85, -0.85, -0.85, -0.85, 
-0.85, -0.85, -0.85, -0.85, -0.85, -0.85, -0.85, -0.85, -0.85, -0.85, -0.85, -0.85, -0.85, -0.85, -0.85, -0.85, -0.85, -0.85, -0.85, -0.85, -0.85, -0.85, -0.85, -0.85, -0.85, -0.85, -0.85, -0.85, 
-0.85, -0.85, -0.85, -0.85, -0.85, -0.85, -0.85, -0.85, -0.85, -0.85, -0.85, -0.85, -0.85, -0.85, -0.85, -0.85, -0.85, -0.85, -0.85, -0.85, -0.85, -0.85, -0.85, -0.85, -0.85, -0.85, -0.85, -0.85, 
-- optimal policy --
r  r  v  r  r  v  l  l  l  l  <  <  l  r  r  r  r  r  r  r  v  l  l  l  l  l  <  l  
r  r  v  >  >  >  <  <  <  <  l  <  l  r  r  >  r  >  r  r  v  l  l  l  l  l  l  l  
>  >  >  R  R  ^  L  L  L  <  l  l  l  l  >  r  >  R  >  >  ^  <  <  l  l  l  l  l  
R  R  ^  L  R  ^  L  L  L  L  <  l  l  l  r  >  R  R  R  R  ^  L  L  l  l  l  <  <  
R  R  ^  L  L  R  ^  L  L  L  l  l  l  l  >  R  R  R  R  R  r  v  l  l  l  l  l  l  
R  ^  R  ^  L  r  v  v  l  l  l  l  l  l  l  R  R  R  r  >  >  v  <  <  l  l  l  l  
^  R  ^  L  r  r  r  v  l  l  l  <  l  l  l  r  r  r  r  r  R  ^  L  L  <  l  l  l  
^  R  ^  r  >  r  r  v  l  l  l  l  l  l  l  r  r  >  r  r  v  l  l  L  L  <  l  l  
R  ^  r  >  r  >  >  v  <  <  l  l  l  <  l  r  >  r  >  >  >  <  <  L  <  L  <  l  
^  r  >  r  >  R  R  ^  L  v  l  l  l  l  l  r  r  >  R  R  ^  L  L  L  L  v  l  l  
r  >  r  >  R  R  R  ^  >  v  <  <  l  l  l  r  >  R  R  R  ^  L  L  L  r  v  l  l  
r  r  >  R  R  R  ^  R  R  ^  L  L  <  <  l  >  R  R  R  ^  ^  ^  L  r  r  v  l  l  
r  >  R  R  R  ^  R  R  R  ^  L  L  L  <  <  R  R  R  r  r  r  r  v  r  r  v  l  l  
>  R  R  R  R  R  R  R  ^  L  ^  L  L  L  L  R  R  r  r  r  r  r  v  l  >  >  <  <  
R  r  r  r  r  v  R  ^  ^  ^  ^  ^  L  L  L  R  r  r  r  r  r  r  v  l  l  ^  L  L  
r  >  r  r  r  r  v  v  v  l  l  l  ^  L  L  r  r  r  >  r  >  >  >  <  <  ^  L  L  
r  r  r  r  r  r  r  v  l  l  l  l  l  ^  L  r  r  >  r  >  R  R  ^  L  L  <  L  L  
r  r  r  r  r  r  r  v  l  l  l  l  l  <  r  r  >  r  >  R  >  R  ^  L  ^  L  <  ^  
r  r  r  r  r  >  >  v  <  <  <  <  l  l  >  >  r  >  R  R  R  ^  L  L  L  L  L  <  
r  r  r  r  >  R  R  ^  L  L  <  L  <  l  R  R  >  R  R  R  ^  L  ^  L  L  L  L  L  
r  r  r  >  R  R  R  ^  L  L  L  <  L  <  R  >  R  R  ^  R  ^  L  L  ^  L  L  L  L  
>  >  >  R  R  R  ^  ^  L  L  L  L  <  L  R  R  R  R  R  ^  L  L  L  L  ^  L  L  L  
Correct actions (%) : 11.98
Avg angular diffs   : 86.72
