arguments: 61 12 4 -0.182464 0.609005 -0.0505529 -0.157978
loading features...

Initializing gridworld of size 28 by 22..
    Num states: 616
    Num actions: 8
recovered reward
-0.16, -0.16, -0.16, -0.16, -0.16, -0.16, -0.16, -0.16, -0.16, -0.30, -0.16, -0.16, -0.16, -0.30, -0.16, -0.16, -0.16, -0.31, -0.16, -0.16, -0.31, -0.16, -0.32, -0.16, -0.16, -0.32, -0.16, -0.16, 
-0.28, -0.16, -0.16, -0.29, -0.16, -0.16, -0.29, -0.16, -0.16, -0.16, -0.16, -0.16, -0.16, -0.16, -0.20, -0.25, -0.20, -0.16, -0.16, -0.16, -0.01, 0.15, -0.01, -0.16, -0.16, -0.16, -0.16, -0.16, 
-0.16, -0.16, -0.16, -0.01, 0.15, -0.01, 0.15, -0.01, -0.16, -0.16, -0.16, -0.16, -0.16, -0.16, -0.25, -0.34, -0.25, -0.16, -0.20, -0.25, 0.10, 0.45, 0.15, -0.16, -0.16, -0.16, -0.16, -0.16, 
-0.28, -0.16, -0.16, 0.15, 0.45, 0.15, 0.45, 0.15, -0.16, -0.16, -0.16, -0.16, -0.16, -0.16, -0.20, -0.25, -0.20, -0.20, -0.25, -0.34, -0.10, 0.15, -0.01, -0.16, -0.16, -0.16, -0.16, -0.16, 
-0.16, -0.16, -0.16, -0.01, 0.15, -0.01, 0.15, -0.01, 0.15, -0.01, -0.16, -0.16, -0.16, -0.16, -0.16, -0.25, -0.34, -0.25, -0.20, -0.25, -0.20, -0.16, -0.16, -0.16, -0.16, -0.16, -0.27, -0.16, 
-0.16, -0.16, -0.16, -0.16, -0.16, -0.16, -0.16, 0.15, 0.45, 0.15, -0.20, -0.25, -0.20, -0.16, -0.16, -0.20, -0.25, -0.20, -0.16, -0.20, -0.25, -0.20, -0.16, -0.16, -0.16, -0.16, -0.16, -0.16, 
-0.16, -0.16, -0.16, -0.16, -0.16, -0.16, -0.16, -0.01, 0.15, -0.01, -0.25, -0.34, -0.25, -0.16, -0.16, -0.16, -0.16, -0.16, -0.16, -0.25, -0.34, -0.25, -0.16, -0.16, -0.16, -0.16, -0.16, -0.16, 
-0.16, -0.16, -0.16, -0.16, -0.16, -0.16, -0.16, -0.16, -0.16, -0.16, -0.20, -0.25, -0.20, -0.16, -0.16, -0.16, -0.16, -0.16, -0.16, -0.20, -0.25, -0.20, -0.16, -0.16, -0.16, -0.16, -0.27, -0.16, 
-0.16, -0.16, -0.16, -0.16, -0.16, -0.16, -0.16, -0.16, -0.16, -0.16, -0.16, -0.16, -0.16, -0.16, -0.16, -0.16, -0.16, -0.16, -0.16, -0.16, -0.16, -0.16, -0.16, -0.16, -0.16, -0.16, -0.16, -0.16, 
-0.16, -0.16, -0.16, -0.16, -0.16, -0.20, -0.25, -0.20, -0.16, -0.16, -0.24, -0.16, -0.16, -0.16, -0.23, -0.16, -0.16, -0.08, 0.15, -0.01, -0.22, -0.16, -0.16, -0.22, -0.16, -0.16, -0.16, -0.16, 
-0.16, -0.16, -0.16, -0.16, -0.16, -0.25, -0.34, -0.25, -0.16, -0.16, -0.16, -0.16, -0.16, -0.16, -0.16, -0.01, 0.15, 0.15, 0.45, 0.15, -0.16, -0.16, -0.16, -0.16, -0.16, -0.16, -0.26, -0.16, 
-0.16, -0.16, -0.16, -0.16, -0.16, -0.20, -0.25, -0.29, -0.16, -0.16, -0.01, 0.15, -0.01, -0.16, -0.16, 0.15, 0.45, -0.01, 0.15, -0.01, 0.15, -0.01, -0.16, -0.16, -0.16, -0.16, -0.16, -0.16, 
-0.16, -0.16, -0.16, -0.16, -0.16, -0.16, -0.16, -0.16, -0.16, -0.16, 0.15, 0.45, 0.15, -0.16, -0.16, -0.01, 0.15, -0.01, -0.16, 0.15, 0.45, 0.15, -0.16, -0.16, -0.16, -0.16, -0.16, -0.16, 
-0.26, -0.16, -0.16, -0.25, -0.16, -0.16, -0.25, -0.16, -0.16, -0.16, -0.01, 0.15, -0.01, -0.16, -0.16, -0.16, -0.16, -0.16, -0.16, -0.01, 0.15, -0.01, -0.16, -0.16, -0.16, -0.16, -0.21, -0.16, 
-0.16, -0.16, -0.16, -0.16, -0.16, -0.16, -0.16, -0.16, -0.16, -0.16, -0.16, -0.16, -0.20, -0.25, -0.20, -0.16, -0.16, -0.16, -0.20, -0.25, -0.20, -0.20, -0.16, -0.16, -0.16, -0.16, -0.16, -0.16, 
-0.16, -0.16, -0.16, -0.16, -0.16, -0.16, -0.16, -0.16, -0.16, -0.16, -0.16, -0.20, -0.10, -0.04, -0.10, -0.16, -0.20, -0.25, -0.25, -0.34, -0.25, -0.25, -0.16, -0.16, -0.16, -0.16, -0.16, -0.16, 
-0.16, -0.16, -0.16, -0.16, -0.16, -0.16, -0.16, -0.16, -0.16, -0.16, -0.16, -0.25, 0.10, 0.36, 0.10, -0.16, -0.25, -0.34, -0.20, -0.25, -0.20, -0.20, -0.16, -0.16, -0.16, -0.16, -0.20, -0.16, 
-0.16, -0.16, -0.01, 0.15, -0.01, -0.16, -0.16, -0.16, -0.16, -0.16, -0.16, -0.20, -0.05, 0.06, -0.05, -0.16, -0.20, -0.25, -0.20, -0.16, -0.16, -0.01, 0.15, -0.01, -0.16, -0.16, -0.16, -0.16, 
-0.16, -0.16, 0.15, 0.45, 0.15, -0.16, -0.16, -0.16, -0.16, -0.16, -0.16, -0.16, -0.10, -0.04, -0.10, -0.16, -0.16, -0.16, -0.16, -0.16, -0.16, 0.15, 0.45, 0.15, -0.20, -0.16, -0.16, -0.16, 
-0.16, -0.16, -0.01, 0.15, -0.01, -0.17, -0.16, -0.16, -0.17, -0.16, -0.16, -0.18, -0.20, -0.25, -0.23, -0.16, -0.16, -0.19, -0.16, -0.16, -0.19, -0.01, 0.15, -0.01, -0.16, -0.16, -0.16, -0.16, 
-0.16, -0.16, -0.16, -0.16, -0.16, -0.16, -0.16, -0.16, -0.16, -0.16, -0.16, -0.16, -0.16, -0.16, -0.16, -0.16, -0.16, -0.16, -0.16, -0.16, -0.16, -0.16, -0.16, -0.16, -0.16, -0.16, -0.16, -0.16, 
-0.16, -0.16, -0.16, -0.16, -0.16, -0.16, -0.16, -0.16, -0.16, -0.16, -0.16, -0.16, -0.16, -0.16, -0.16, -0.16, -0.16, -0.16, -0.16, -0.16, -0.16, -0.16, -0.16, -0.16, -0.16, -0.16, -0.16, -0.16, 
-- optimal policy --
r  r  v  r  v  v  r  v  l  l  l  v  l  l  l  >  r  >  r  r  r  v  l  l  l  <  l  <  
>  r  r  r  v  r  v  l  l  l  v  l  l  l  <  R  >  R  >  r  r  v  l  l  <  <  <  l  
R  >  r  r  v  l  v  l  l  v  l  l  l  l  <  r  >  R  R  >  >  >  <  <  <  <  l  <  
>  >  >  >  >  <  ^  <  v  l  l  l  l  <  L  l  R  ^  L  R  R  ^  L  L  <  <  <  L  
>  >  R  R  ^  L  ^  L  v  l  l  <  <  <  <  l  r  r  v  R  R  ^  L  L  L  <  <  L  
>  R  R  R  ^  R  >  >  v  <  <  L  L  L  r  r  r  r  v  R  R  ^  L  L  L  L  <  l  
R  R  R  ^  ^  ^  R  R  ^  L  L  L  r  v  r  r  v  r  v  l  l  R  ^  L  L  L  L  <  
R  R  ^  R  >  R  R  R  ^  L  L  l  r  r  v  r  r  v  r  v  l  l  l  l  L  L  L  L  
R  ^  R  ^  R  R  R  ^  R  ^  L  <  r  v  r  v  r  r  v  l  l  <  l  l  v  l  l  <  
R  R  ^  R  R  R  R  R  r  r  v  v  v  r  r  r  r  r  v  l  l  v  l  l  l  l  <  <  
R  R  R  R  ^  L  R  r  r  r  r  v  l  l  r  r  v  l  <  <  v  l  l  l  l  <  <  L  
v  v  R  ^  ^  r  r  >  r  r  r  v  l  l  >  >  <  <  ^  L  v  l  l  <  <  <  <  l  
r  v  v  l  v  v  >  >  >  >  >  ^  <  <  R  R  ^  L  >  >  ^  <  <  <  L  L  <  v  
v  r  v  l  r  v  >  >  R  R  R  ^  L  L  R  R  ^  L  R  R  ^  L  L  <  <  v  l  l  
r  r  v  l  l  v  l  R  R  R  R  ^  L  L  l  l  ^  L  R  R  ^  L  L  L  v  l  l  l  
r  r  r  v  v  l  l  R  R  R  R  r  r  v  l  l  <  ^  L  R  ^  r  v  v  l  l  l  <  
r  r  r  v  l  l  l  <  R  R  ^  >  >  <  <  <  <  l  r  r  r  r  v  l  l  l  <  L  
r  r  r  v  l  l  <  <  R  >  r  R  R  ^  L  L  L  l  >  >  r  r  v  l  l  <  L  <  
>  >  >  v  <  <  <  <  <  >  >  R  R  ^  L  L  L  <  >  >  >  >  ^  <  <  L  <  L  
R  R  R  ^  L  L  L  <  <  >  R  R  R  ^  L  L  L  L  >  R  R  R  ^  L  L  <  l  <  
R  R  R  ^  L  L  L  L  <  R  ^  L  <  >  R  ^  L  L  R  >  R  R  ^  L  L  L  <  <  
R  R  ^  R  ^  L  L  L  L  ^  ^  ^  L  R  R  ^  L  L  >  R  R  ^  ^  ^  L  L  L  <  
Correct actions (%) : 7.22
Avg angular diffs   : 90.46
