arguments: 61 6 2 -0.275281 0.0168539 0.146067 -0.561798

Initializing gridworld of size 28 by 22..
    Num states: 616
    Num actions: 8
recovered reward
-0.56, -0.56, -0.56, -0.56, -0.56, -0.56, -0.56, -0.56, -0.56, -0.56, -0.56, -0.56, -0.56, -0.56, -0.56, -0.56, -0.56, -0.56, -0.56, -0.56, -0.56, -0.56, -0.56, -0.56, -0.56, -0.56, -0.56, -0.56, 
-0.56, -0.56, -0.56, -0.56, -0.56, -0.56, -0.56, -0.56, -0.56, -0.56, -0.56, -0.56, -0.56, -0.56, -0.56, -0.56, -0.56, -0.56, -0.56, -0.56, -0.56, -0.56, -0.56, -0.56, -0.56, -0.56, -0.56, -0.56, 
-0.56, -0.56, -0.56, -0.56, -0.56, -0.56, -0.56, -0.56, -0.56, -0.56, -0.56, -0.56, -0.56, -0.56, -0.56, -0.56, -0.56, -0.56, -0.56, -0.56, -0.56, -0.56, -0.56, -0.56, -0.56, -0.56, -0.56, -0.56, 
-0.56, -0.56, -0.56, -0.56, -0.56, -0.56, -0.56, -0.56, -0.56, -0.56, -0.56, -0.56, -0.56, -0.56, -0.56, -0.56, -0.56, -0.56, -0.56, -0.56, -0.56, -0.56, -0.56, -0.56, -0.56, -0.56, -0.56, -0.56, 
-0.56, -0.56, -0.56, -0.56, -0.56, -0.56, -0.56, -0.56, -0.56, -0.56, -0.56, -0.56, -0.56, -0.56, -0.56, -0.56, -0.56, -0.56, -0.56, -0.56, -0.56, -0.56, -0.56, -0.56, -0.56, -0.56, -0.56, -0.56, 
-0.56, -0.56, -0.56, -0.56, -0.56, -0.56, -0.56, -0.56, -0.56, -0.56, -0.56, -0.56, -0.56, -0.56, -0.56, -0.56, -0.56, -0.56, -0.56, -0.56, -0.56, -0.56, -0.56, -0.56, -0.56, -0.56, -0.56, -0.56, 
-0.56, -0.56, -0.56, -0.56, -0.56, -0.56, -0.56, -0.56, -0.56, -0.56, -0.56, -0.56, -0.56, -0.56, -0.56, -0.56, -0.56, -0.56, -0.56, -0.56, -0.56, -0.56, -0.56, -0.56, -0.56, -0.56, -0.56, -0.56, 
-0.56, -0.56, -0.56, -0.56, -0.56, -0.56, -0.56, -0.56, -0.56, -0.56, -0.56, -0.56, -0.56, -0.56, -0.56, -0.56, -0.56, -0.56, -0.56, -0.56, -0.56, -0.56, -0.56, -0.56, -0.56, -0.56, -0.56, -0.56, 
-0.56, -0.56, -0.56, -0.56, -0.56, -0.56, -0.56, -0.56, -0.56, -0.56, -0.56, -0.56, -0.56, -0.56, -0.56, -0.56, -0.56, -0.56, -0.56, -0.56, -0.56, -0.56, -0.56, -0.56, -0.56, -0.56, -0.56, -0.56, 
-0.56, -0.56, -0.56, -0.56, -0.56, -0.56, -0.56, -0.56, -0.56, -0.56, -0.56, -0.56, -0.56, -0.56, -0.56, -0.56, -0.56, -0.56, -0.56, -0.56, -0.56, -0.56, -0.56, -0.56, -0.56, -0.56, -0.56, -0.56, 
-0.56, -0.56, -0.56, -0.56, -0.56, -0.56, -0.56, -0.56, -0.56, -0.56, -0.56, -0.56, -0.56, -0.56, -0.56, -0.56, -0.56, -0.56, -0.56, -0.56, -0.56, -0.56, -0.56, -0.56, -0.56, -0.56, -0.56, -0.56, 
-0.56, -0.56, -0.56, -0.56, -0.56, -0.56, -0.56, -0.56, -0.56, -0.56, -0.56, -0.56, -0.56, -0.56, -0.56, -0.56, -0.56, -0.56, -0.56, -0.56, -0.56, -0.56, -0.56, -0.56, -0.56, -0.56, -0.56, -0.56, 
-0.56, -0.56, -0.56, -0.56, -0.56, -0.56, -0.56, -0.56, -0.56, -0.56, -0.56, -0.56, -0.56, -0.56, -0.56, -0.56, -0.56, -0.56, -0.56, -0.56, -0.56, -0.56, -0.56, -0.56, -0.56, -0.56, -0.56, -0.56, 
-0.56, -0.56, -0.56, -0.56, -0.56, -0.56, -0.56, -0.56, -0.56, -0.56, -0.56, -0.56, -0.56, -0.56, -0.56, -0.56, -0.56, -0.56, -0.56, -0.56, -0.56, -0.56, -0.56, -0.56, -0.56, -0.56, -0.56, -0.56, 
-0.56, -0.56, -0.56, -0.56, -0.56, -0.56, -0.56, -0.56, -0.56, -0.56, -0.56, -0.56, -0.56, -0.56, -0.56, -0.56, -0.56, -0.56, -0.56, -0.56, -0.56, -0.56, -0.56, -0.56, -0.56, -0.56, -0.56, -0.56, 
-0.56, -0.56, -0.56, -0.56, -0.56, -0.56, -0.56, -0.56, -0.56, -0.56, -0.56, -0.56, -0.56, -0.56, -0.56, -0.56, -0.56, -0.56, -0.56, -0.56, -0.56, -0.56, -0.56, -0.56, -0.56, -0.56, -0.56, -0.56, 
-0.56, -0.56, -0.56, -0.56, -0.56, -0.56, -0.56, -0.56, -0.56, -0.56, -0.56, -0.56, -0.56, -0.56, -0.56, -0.56, -0.56, -0.56, -0.56, -0.56, -0.56, -0.56, -0.56, -0.56, -0.56, -0.56, -0.56, -0.56, 
-0.56, -0.56, -0.56, -0.56, -0.56, -0.56, -0.56, -0.56, -0.56, -0.56, -0.56, -0.56, -0.56, -0.56, -0.56, -0.56, -0.56, -0.56, -0.56, -0.56, -0.56, -0.56, -0.56, -0.56, -0.56, -0.56, -0.56, -0.56, 
-0.56, -0.56, -0.56, -0.56, -0.56, -0.56, -0.56, -0.56, -0.56, -0.56, -0.56, -0.56, -0.56, -0.56, -0.56, -0.56, -0.56, -0.56, -0.56, -0.56, -0.56, -0.56, -0.56, -0.56, -0.56, -0.56, -0.56, -0.56, 
-0.56, -0.56, -0.56, -0.56, -0.56, -0.56, -0.56, -0.56, -0.56, -0.56, -0.56, -0.56, -0.56, -0.56, -0.56, -0.56, -0.56, -0.56, -0.56, -0.56, -0.56, -0.56, -0.56, -0.56, -0.56, -0.56, -0.56, -0.56, 
-0.56, -0.56, -0.56, -0.56, -0.56, -0.56, -0.56, -0.56, -0.56, -0.56, -0.56, -0.56, -0.56, -0.56, -0.56, -0.56, -0.56, -0.56, -0.56, -0.56, -0.56, -0.56, -0.56, -0.56, -0.56, -0.56, -0.56, -0.56, 
-0.56, -0.56, -0.56, -0.56, -0.56, -0.56, -0.56, -0.56, -0.56, -0.56, -0.56, -0.56, -0.56, -0.56, -0.56, -0.56, -0.56, -0.56, -0.56, -0.56, -0.56, -0.56, -0.56, -0.56, -0.56, -0.56, -0.56, -0.56, 
-- optimal policy --
<  l  ^  L  <  >  >  L  <  >  >  >  >  L  <  R  L  <  L  <  >  >  >  >  >  ^  ^  >  
l  ^  ^  ^  L  R  R  ^  L  R  R  R  ^  ^  L  ^  ^  L  ^  L  >  >  >  >  >  r  >  >  
^  L  v  v  v  v  l  <  v  v  v  r  v  >  r  v  r  v  r  v  R  R  R  R  R  ^  >  v  
l  <  r  v  v  l  <  L  v  v  v  v  r  v  >  r  v  r  v  r  v  >  r  v  r  R  ^  v  
^  L  >  v  l  <  L  v  r  v  v  v  v  r  v  >  r  v  r  >  >  >  >  r  v  r  R  >  
v  <  v  l  <  L  >  r  v  r  v  v  l  >  r  >  >  r  r  v  ^  R  R  >  r  v  l  >  
L  <  v  v  l  <  v  >  r  v  v  l  <  >  >  >  >  >  >  >  r  v  >  >  >  >  >  v  
^  L  v  l  <  L  v  v  >  v  l  <  L  R  ^  R  R  ^  R  ^  >  r  R  R  R  ^  ^  >  
v  v  l  <  L  v  v  v  v  l  <  L  l  v  v  r  v  >  r  R  R  >  r  v  v  v  R  ^  
v  l  <  L  v  v  v  v  v  v  v  l  v  v  v  v  >  >  >  >  >  >  >  r  v  v  l  v  
L  <  L  v  v  v  v  v  v  v  l  v  v  v  v  v  v  R  R  R  R  >  >  >  r  v  <  r  
v  L  r  v  v  v  l  v  l  l  v  v  v  v  v  v  l  v  v  r  R  R  R  R  R  r  v  ^  
v  <  v  r  v  l  <  r  v  l  r  v  v  v  l  r  v  v  v  v  >  >  >  >  >  >  r  >  
<  <  r  v  l  <  L  v  l  <  v  r  v  l  v  v  v  v  v  v  v  R  R  R  R  R  r  v  
^  L  v  l  <  L  v  r  v  l  r  v  l  v  l  v  v  v  v  v  v  v  v  r  v  R  ^  >  
v  v  v  l  <  v  r  v  l  v  v  r  v  l  v  l  r  v  v  v  v  v  v  v  r  v  >  >  
v  v  l  <  v  l  v  r  v  v  v  v  l  <  r  v  v  r  v  v  v  v  l  r  v  >  >  R  
v  l  <  v  l  <  r  v  r  v  v  v  l  <  v  r  v  v  r  v  v  l  v  v  r  v  R  ^  
l  <  v  l  v  v  v  r  >  r  v  l  <  v  r  v  r  v  >  v  l  <  v  l  >  r  v  v  
r  v  l  v  l  r  v  v  v  >  v  <  v  v  v  r  v  l  R  v  ^  L  >  r  v  ^  >  R  
^  r  v  l  <  >  r  v  l  ^  r  v  v  l  v  v  v  v  >  r  L  l  r  v  r  v  R  v  
R  v  l  <  L  >  >  l  <  >  >  l  v  <  l  l  r  v  <  ^  r  <  >  >  l  v  R  R  
