arguments: 61 7 2 -0.142241 -0.37069 -0.0560345 -0.431034
loading features...

Initializing gridworld of size 28 by 22..
    Num states: 616
    Num actions: 8
recovered reward
-0.43, -0.43, -0.43, -0.43, -0.43, -0.48, -0.43, -0.43, -0.48, -0.43, -0.43, -0.49, -0.43, -0.43, -0.43, -0.43, -0.43, -0.43, -0.43, -0.43, -0.43, -0.43, -0.43, -0.43, -0.43, -0.43, -0.43, -0.43, 
-0.43, -0.43, -0.43, -0.43, -0.43, -0.43, -0.43, -0.43, -0.43, -0.43, -0.43, -0.43, -0.43, -0.49, -0.43, -0.43, -0.43, -0.43, -0.43, -0.43, -0.57, -0.43, -0.43, -0.43, -0.43, -0.43, -0.43, -0.43, 
-0.43, -0.43, -0.43, -0.43, -0.47, -0.43, -0.43, -0.43, -0.43, -0.43, -0.43, -0.43, -0.43, -0.43, -0.43, -0.43, -0.43, -0.43, -0.43, -0.43, -0.43, -0.43, -0.43, -0.43, -0.43, -0.95, -0.43, -0.43, 
-0.43, -0.43, -0.43, -0.46, -0.43, -0.43, -0.43, -0.43, -0.43, -0.43, -0.43, -0.43, -0.43, -0.43, -0.43, -0.43, -0.43, -0.43, -0.43, -0.43, -0.43, -0.43, -0.43, -0.43, -0.43, -0.43, -0.43, -0.43, 
-0.43, -0.43, -0.43, -0.43, -0.43, -0.80, -0.43, -0.43, -0.43, -0.43, -0.43, -0.43, -0.43, -0.43, -0.50, -0.43, -0.43, -0.43, -0.43, -0.43, -0.43, -0.43, -0.43, -0.43, -0.72, -0.43, -0.43, -0.43, 
-0.43, -0.43, -0.43, -0.43, -0.43, -0.43, -0.43, -0.43, -0.80, -0.43, -0.43, -0.43, -0.43, -0.43, -0.43, -0.43, -0.43, -0.80, -0.43, -0.43, -0.43, -0.43, -0.43, -0.43, -0.43, -0.43, -0.43, -0.43, 
-0.43, -0.43, -0.46, -0.43, -0.43, -0.43, -0.43, -0.43, -0.43, -0.43, -0.43, -0.43, -0.50, -0.43, -0.43, -0.43, -0.43, -0.43, -0.43, -0.43, -0.80, -0.43, -0.43, -0.43, -0.43, -0.80, -0.43, -0.43, 
-0.43, -0.80, -0.43, -0.43, -0.43, -0.43, -0.43, -0.43, -0.43, -0.43, -0.43, -0.43, -0.43, -0.43, -0.43, -0.43, -0.43, -0.43, -0.43, -0.43, -0.43, -0.43, -0.57, -0.43, -0.43, -0.43, -0.43, -0.43, 
-0.43, -0.43, -0.43, -0.43, -0.43, -0.43, -0.43, -0.43, -0.43, -0.43, -0.43, -0.43, -0.43, -0.43, -0.43, -0.43, -0.43, -0.43, -0.43, -0.43, -0.43, -0.43, -0.43, -0.43, -0.43, -0.43, -0.43, -0.43, 
-0.43, -0.45, -0.43, -0.43, -0.43, -0.43, -0.43, -0.43, -0.43, -0.43, -0.43, -0.51, -0.43, -0.43, -0.43, -0.43, -0.43, -0.43, -0.43, -0.43, -0.43, -0.43, -0.43, -0.43, -0.43, -0.43, -0.43, -0.43, 
-0.43, -0.43, -0.43, -0.43, -0.43, -0.43, -0.43, -0.43, -0.43, -0.80, -0.43, -0.43, -0.43, -0.43, -0.43, -0.57, -0.43, -0.57, -0.57, -0.80, -0.43, -0.43, -0.43, -0.57, -0.43, -0.43, -0.43, -0.43, 
-0.43, -0.43, -0.43, -0.43, -0.43, -0.43, -0.43, -0.80, -0.43, -0.43, -0.43, -0.43, -0.43, -0.43, -0.43, -0.57, -0.43, -0.43, -0.43, -0.57, -0.43, -0.43, -0.43, -0.43, -0.43, -0.43, -0.43, -0.43, 
-0.43, -0.43, -0.80, -0.43, -0.43, -0.43, -0.43, -0.43, -0.43, -0.43, -0.52, -0.43, -0.43, -0.43, -0.43, -0.43, -0.43, -0.43, -0.43, -0.43, -0.43, -0.43, -0.43, -0.43, -0.43, -0.43, -0.43, -0.43, 
-0.43, -0.45, -0.57, -0.43, -0.43, -0.43, -0.43, -0.43, -0.43, -0.43, -0.43, -0.43, -0.43, -0.43, -0.43, -0.43, -0.43, -0.43, -0.43, -0.43, -0.43, -0.43, -0.43, -0.56, -0.43, -0.43, -0.43, -0.43, 
-0.43, -0.43, -0.43, -0.43, -0.43, -0.43, -0.43, -0.43, -0.43, -0.43, -0.43, -0.43, -0.57, -0.43, -0.43, -0.43, -0.43, -0.43, -0.43, -0.43, -0.43, -0.43, -0.43, -0.43, -0.43, -0.43, -0.43, -0.43, 
-0.43, -0.43, -0.43, -0.43, -0.43, -0.43, -0.43, -0.43, -0.43, -0.43, -0.43, -0.52, -0.43, -0.43, -0.43, -0.43, -0.43, -0.43, -0.57, -0.43, -0.43, -0.43, -0.43, -0.43, -0.43, -0.43, -0.43, -0.43, 
-0.43, -0.44, -0.43, -0.43, -0.43, -0.43, -0.43, -0.43, -0.43, -0.43, -0.43, -0.43, -0.43, -0.43, -0.43, -0.57, -0.43, -0.43, -0.43, -0.43, -0.43, -0.43, -0.43, -0.55, -0.43, -0.43, -0.43, -0.43, 
-0.43, -0.43, -0.43, -0.43, -0.43, -0.43, -0.43, -0.43, -0.43, -0.80, -0.43, -0.43, -0.43, -0.43, -0.43, -0.43, -0.43, -0.43, -0.43, -0.43, -0.43, -0.43, -0.43, -0.43, -0.43, -0.57, -0.43, -0.43, 
-0.43, -0.43, -0.43, -0.43, -0.43, -0.43, -0.43, -0.43, -0.43, -0.43, -0.43, -0.53, -0.43, -0.43, -0.43, -0.43, -0.43, -0.43, -0.43, -0.43, -0.43, -0.55, -0.43, -0.43, -0.43, -0.43, -0.43, -0.43, 
-0.44, -0.43, -0.43, -0.43, -0.43, -0.43, -0.43, -0.43, -0.43, -0.43, -0.43, -0.43, -0.53, -0.43, -0.43, -0.54, -0.43, -0.43, -0.54, -0.43, -0.43, -0.43, -0.43, -0.43, -0.43, -0.43, -0.43, -0.43, 
-0.43, -0.43, -0.43, -0.43, -0.43, -0.43, -0.43, -0.43, -0.43, -0.43, -0.43, -0.43, -0.43, -0.43, -0.43, -0.43, -0.43, -0.43, -0.43, -0.43, -0.43, -0.43, -0.43, -0.43, -0.43, -0.43, -0.43, -0.43, 
-0.43, -0.43, -0.43, -0.43, -0.43, -0.43, -0.43, -0.43, -0.43, -0.43, -0.43, -0.43, -0.43, -0.43, -0.43, -0.43, -0.43, -0.43, -0.43, -0.43, -0.43, -0.43, -0.43, -0.43, -0.43, -0.43, -0.43, -0.43, 
-- optimal policy --
^  L  <  ^  <  r  v  v  >  >  R  <  >  >  R  <  >  R  ^  <  >  >  >  >  ^  <  L  <  
l  <  L  ^  L  v  v  v  R  R  ^  L  R  ^  ^  L  R  ^  ^  L  R  R  R  R  ^  L  ^  L  
L  <  v  l  <  v  v  v  v  v  v  v  >  r  v  >  >  r  v  v  v  v  r  v  v  >  r  <  
l  <  v  l  L  r  v  v  v  v  v  v  >  >  >  >  >  >  r  v  >  r  >  v  r  R  ^  >  
^  L  l  <  r  r  v  v  l  v  v  l  <  R  ^  R  R  >  >  r  >  >  >  r  r  v  R  ^  
v  l  <  L  v  >  r  v  v  v  l  <  L  v  v  v  R  >  >  >  >  >  >  >  >  r  v  r  
<  <  L  v  v  v  >  v  v  l  <  L  r  v  l  r  v  R  R  R  R  R  R  R  R  >  >  r  
l  <  v  r  v  l  >  v  l  <  L  v  v  l  v  >  r  v  r  v  >  r  v  v  v  R  ^  ^  
^  L  v  v  l  <  v  l  <  L  v  l  v  l  l  v  >  r  v  r  v  >  r  v  v  v  v  v  
l  <  r  v  v  v  v  l  v  l  v  v  l  v  v  l  R  >  >  >  r  R  >  r  v  l  v  v  
v  <  >  v  v  v  l  <  r  v  v  l  <  l  l  <  R  R  R  r  v  r  v  >  v  v  r  v  
L  <  >  v  v  l  <  v  >  v  l  v  l  v  v  v  v  v  r  >  r  >  r  >  r  v  >  R  
^  L  >  v  l  <  r  v  v  l  <  l  <  l  r  v  v  v  v  >  >  >  >  >  >  >  >  >  
v  <  v  l  r  v  v  r  v  v  v  v  l  <  v  r  v  v  v  v  ^  R  R  R  R  ^  R  ^  
<  <  v  v  v  r  v  v  r  v  v  l  v  v  v  v  r  v  l  v  v  v  v  v  >  r  r  v  
^  L  v  v  v  v  r  v  v  r  v  l  v  v  l  r  v  r  v  l  r  r  v  l  R  ^  >  >  
r  v  v  v  v  v  v  r  v  >  r  v  v  l  v  v  r  v  l  <  r  v  r  v  l  R  R  ^  
v  r  v  v  v  l  r  v  v  l  l  l  r  v  v  v  v  l  <  L  >  r  v  l  v  r  v  >  
r  v  r  v  l  <  >  r  v  l  v  v  l  r  v  r  v  l  <  R  R  >  r  v  l  >  r  <  
v  r  v  l  <  v  v  >  r  v  l  l  v  l  v  >  v  <  L  >  r  R  ^  v  <  R  ^  R  
v  >  r  v  <  r  v  v  v  r  l  ^  r  v  r  <  l  <  >  >  >  r  v  l  <  r  v  ^  
l  <  l  v  <  >  >  v  >  >  v  L  ^  r  ^  v  ^  L  >  >  >  >  v  ^  L  >  v  <  
Correct actions (%) : 11.88
Avg angular diffs   : 94.78
