arguments: 61 6 2 -0.175994 0.354345 -0.410751 -0.0589102

Initializing gridworld of size 28 by 22..
    Num states: 616
    Num actions: 8
recovered reward
-0.06, -0.06, -0.06, -0.06, -0.06, -0.06, -0.06, -0.06, -0.06, -0.06, -0.06, -0.06, -0.06, -0.06, -0.06, -0.06, -0.06, -0.06, -0.06, -0.06, -0.06, -0.06, -0.06, -0.06, -0.06, -0.06, -0.06, -0.06, 
-0.06, -0.06, -0.06, -0.06, -0.06, -0.06, -0.06, -0.06, -0.06, -0.06, -0.06, -0.06, -0.06, -0.06, -0.06, -0.06, -0.06, -0.06, -0.06, -0.06, -0.06, -0.06, -0.06, -0.06, -0.06, -0.06, -0.06, -0.06, 
-0.06, -0.06, -0.06, -0.06, -0.06, -0.06, -0.06, -0.06, -0.06, -0.06, -0.06, -0.06, -0.06, -0.06, -0.06, -0.06, -0.06, -0.06, -0.06, -0.06, -0.06, -0.06, -0.06, -0.06, -0.06, -0.06, -0.06, -0.06, 
-0.06, -0.06, -0.06, -0.06, -0.06, -0.06, -0.06, -0.06, -0.06, -0.06, -0.06, -0.06, -0.06, -0.06, -0.06, -0.06, -0.06, -0.06, -0.06, -0.06, -0.06, -0.06, -0.06, -0.06, -0.06, -0.06, -0.06, -0.06, 
-0.06, -0.06, -0.06, -0.06, -0.06, -0.06, -0.06, -0.06, -0.06, -0.06, -0.06, -0.06, -0.06, -0.06, -0.06, -0.06, -0.06, -0.06, -0.06, -0.06, -0.06, -0.06, -0.06, -0.06, -0.06, -0.06, -0.06, -0.06, 
-0.06, -0.06, -0.06, -0.06, -0.06, -0.06, -0.06, -0.06, -0.06, -0.06, -0.06, -0.06, -0.06, -0.06, -0.06, -0.06, -0.06, -0.06, -0.06, -0.06, -0.06, -0.06, -0.06, -0.06, -0.06, -0.06, -0.06, -0.06, 
-0.06, -0.06, -0.06, -0.06, -0.06, -0.06, -0.06, -0.06, -0.06, -0.06, -0.06, -0.06, -0.06, -0.06, -0.06, -0.06, -0.06, -0.06, -0.06, -0.06, -0.06, -0.06, -0.06, -0.06, -0.06, -0.06, -0.06, -0.06, 
-0.06, -0.06, -0.06, -0.06, -0.06, -0.06, -0.06, -0.06, -0.06, -0.06, -0.06, -0.06, -0.06, -0.06, -0.06, -0.06, -0.06, -0.06, -0.06, -0.06, -0.06, -0.06, -0.06, -0.06, -0.06, -0.06, -0.06, -0.06, 
-0.06, -0.06, -0.06, -0.06, -0.06, -0.06, -0.06, -0.06, -0.06, -0.06, -0.06, -0.06, -0.06, -0.06, -0.06, -0.06, -0.06, -0.06, -0.06, -0.06, -0.06, -0.06, -0.06, -0.06, -0.06, -0.06, -0.06, -0.06, 
-0.06, -0.06, -0.06, -0.06, -0.06, -0.06, -0.06, -0.06, -0.06, -0.06, -0.06, -0.06, -0.06, -0.06, -0.06, -0.06, -0.06, -0.06, -0.06, -0.06, -0.06, -0.06, -0.06, -0.06, -0.06, -0.06, -0.06, -0.06, 
-0.06, -0.06, -0.06, -0.06, -0.06, -0.06, -0.06, -0.06, -0.06, -0.06, -0.06, -0.06, -0.06, -0.06, -0.06, -0.06, -0.06, -0.06, -0.06, -0.06, -0.06, -0.06, -0.06, -0.06, -0.06, -0.06, -0.06, -0.06, 
-0.06, -0.06, -0.06, -0.06, -0.06, -0.06, -0.06, -0.06, -0.06, -0.06, -0.06, -0.06, -0.06, -0.06, -0.06, -0.06, -0.06, -0.06, -0.06, -0.06, -0.06, -0.06, -0.06, -0.06, -0.06, -0.06, -0.06, -0.06, 
-0.06, -0.06, -0.06, -0.06, -0.06, -0.06, -0.06, -0.06, -0.06, -0.06, -0.06, -0.06, -0.06, -0.06, -0.06, -0.06, -0.06, -0.06, -0.06, -0.06, -0.06, -0.06, -0.06, -0.06, -0.06, -0.06, -0.06, -0.06, 
-0.06, -0.06, -0.06, -0.06, -0.06, -0.06, -0.06, -0.06, -0.06, -0.06, -0.06, -0.06, -0.06, -0.06, -0.06, -0.06, -0.06, -0.06, -0.06, -0.06, -0.06, -0.06, -0.06, -0.06, -0.06, -0.06, -0.06, -0.06, 
-0.06, -0.06, -0.06, -0.06, -0.06, -0.06, -0.06, -0.06, -0.06, -0.06, -0.06, -0.06, -0.06, -0.06, -0.06, -0.06, -0.06, -0.06, -0.06, -0.06, -0.06, -0.06, -0.06, -0.06, -0.06, -0.06, -0.06, -0.06, 
-0.06, -0.06, -0.06, -0.06, -0.06, -0.06, -0.06, -0.06, -0.06, -0.06, -0.06, -0.06, -0.06, -0.06, -0.06, -0.06, -0.06, -0.06, -0.06, -0.06, -0.06, -0.06, -0.06, -0.06, -0.06, -0.06, -0.06, -0.06, 
-0.06, -0.06, -0.06, -0.06, -0.06, -0.06, -0.06, -0.06, -0.06, -0.06, -0.06, -0.06, -0.06, -0.06, -0.06, -0.06, -0.06, -0.06, -0.06, -0.06, -0.06, -0.06, -0.06, -0.06, -0.06, -0.06, -0.06, -0.06, 
-0.06, -0.06, -0.06, -0.06, -0.06, -0.06, -0.06, -0.06, -0.06, -0.06, -0.06, -0.06, -0.06, -0.06, -0.06, -0.06, -0.06, -0.06, -0.06, -0.06, -0.06, -0.06, -0.06, -0.06, -0.06, -0.06, -0.06, -0.06, 
-0.06, -0.06, -0.06, -0.06, -0.06, -0.06, -0.06, -0.06, -0.06, -0.06, -0.06, -0.06, -0.06, -0.06, -0.06, -0.06, -0.06, -0.06, -0.06, -0.06, -0.06, -0.06, -0.06, -0.06, -0.06, -0.06, -0.06, -0.06, 
-0.06, -0.06, -0.06, -0.06, -0.06, -0.06, -0.06, -0.06, -0.06, -0.06, -0.06, -0.06, -0.06, -0.06, -0.06, -0.06, -0.06, -0.06, -0.06, -0.06, -0.06, -0.06, -0.06, -0.06, -0.06, -0.06, -0.06, -0.06, 
-0.06, -0.06, -0.06, -0.06, -0.06, -0.06, -0.06, -0.06, -0.06, -0.06, -0.06, -0.06, -0.06, -0.06, -0.06, -0.06, -0.06, -0.06, -0.06, -0.06, -0.06, -0.06, -0.06, -0.06, -0.06, -0.06, -0.06, -0.06, 
-0.06, -0.06, -0.06, -0.06, -0.06, -0.06, -0.06, -0.06, -0.06, -0.06, -0.06, -0.06, -0.06, -0.06, -0.06, -0.06, -0.06, -0.06, -0.06, -0.06, -0.06, -0.06, -0.06, -0.06, -0.06, -0.06, -0.06, -0.06, 
-- optimal policy --
<  L  <  <  <  <  r  r  >  L  <  ^  <  ^  ^  R  L  <  >  >  >  ^  >  L  <  >  L  r  
^  ^  L  L  L  v  L  >  R  ^  R  ^  L  ^  R  ^  ^  L  l  R  R  ^  ^  ^  L  v  ^  ^  
v  l  v  <  L  r  L  R  ^  ^  ^  L  R  ^  ^  L  >  l  >  R  ^  L  R  ^  >  r  v  l  
L  <  ^  r  r  v  <  R  ^  ^  ^  ^  ^  ^  L  v  >  l  >  l  L  l  r  v  R  ^  v  L  
^  L  >  r  v  >  r  ^  R  v  >  l  r  >  r  R  l  L  l  v  <  v  >  r  v  R  r  v  
v  v  L  R  L  r  L  R  >  >  R  ^  L  ^  l  >  L  R  ^  <  <  l  R  ^  r  >  >  r  
v  >  r  >  L  >  ^  ^  >  L  R  l  ^  <  l  L  <  L  ^  l  v  ^  >  R  ^  R  ^  ^  
v  >  R  <  l  L  R  <  ^  R  <  >  <  r  v  <  v  r  l  L  >  l  R  ^  R  ^  r  v  
v  l  L  v  >  <  L  <  l  v  L  l  r  r  v  v  l  <  >  ^  v  v  L  L  R  ^  >  r  
<  <  R  <  v  v  L  L  >  ^  l  <  v  >  ^  ^  <  <  v  ^  L  L  ^  l  l  L  R  ^  
^  L  R  R  L  <  r  R  >  >  <  r  >  ^  v  R  >  v  R  R  >  r  l  ^  >  l  l  v  
v  l  r  l  L  L  >  ^  l  <  l  <  l  ^  v  v  ^  <  l  L  >  L  v  r  >  r  r  l  
l  <  ^  v  R  r  r  v  L  <  <  <  L  ^  L  <  ^  R  L  ^  r  <  L  >  l  l  <  v  
^  L  ^  >  l  ^  L  >  r  >  R  >  R  r  l  <  r  <  L  r  ^  ^  r  r  >  L  <  v  
<  <  >  r  R  >  >  >  >  r  r  <  >  L  l  ^  >  L  <  <  l  r  v  l  r  ^  r  v  
L  <  l  l  R  r  l  <  <  v  l  R  ^  R  r  >  v  R  L  L  v  l  l  ^  R  r  >  R  
^  L  <  L  R  >  <  <  r  v  l  l  v  <  r  v  l  v  R  ^  l  r  v  l  ^  r  >  R  
R  ^  L  v  >  <  R  ^  >  r  <  l  l  l  >  v  <  v  l  ^  r  >  v  <  <  >  R  ^  
r  v  l  l  L  <  <  r  >  r  r  <  l  v  >  r  v  l  <  v  v  >  v  <  R  R  >  r  
v  l  <  <  L  <  r  v  >  r  v  l  r  v  R  ^  r  ^  L  l  >  >  r  v  l  ^  R  ^  
<  ^  L  r  v  v  l  r  v  >  r  <  v  l  <  R  ^  l  <  >  r  v  ^  r  v  v  l  <  
^  L  <  >  r  r  <  ^  >  R  v  v  r  ^  L  >  l  r  <  ^  >  r  R  v  >  l  <  ^  
