arguments: 61 20 3 0.00877193 0.0292398 -0.377193 -0.584795
loading features...

Initializing gridworld of size 28 by 22..
    Num states: 616
    Num actions: 8
recovered reward
-0.58, -0.58, -0.58, -0.58, -0.58, -0.58, -0.58, -0.58, -0.58, -1.63, -0.58, -0.58, -0.58, -1.68, -0.58, -0.58, -0.58, -1.72, -0.58, -0.58, -1.75, -0.58, -1.79, -0.58, -0.58, -1.83, -0.58, -0.58, 
-1.53, -0.58, -0.58, -1.57, -0.58, -0.58, -1.60, -0.58, -0.57, -0.56, -0.57, -0.58, -0.58, -0.58, -0.58, -0.58, -0.58, -0.58, -0.58, -0.58, -0.58, -0.58, -0.58, -0.58, -0.58, -0.58, -0.58, -0.58, 
-0.58, -0.58, -0.58, -0.58, -0.58, -0.57, -0.58, -0.58, -0.58, -0.57, -0.58, -0.58, -0.58, -0.58, -0.58, -0.58, -0.57, -0.56, -0.57, -0.58, -0.58, -0.58, -0.58, -0.58, -0.58, -0.58, -0.58, -0.58, 
-1.49, -0.58, -0.58, -0.58, -0.57, -0.56, -0.57, -0.58, -0.58, -0.58, -0.58, -0.58, -0.58, -0.58, -0.58, -0.58, -0.57, -0.55, -0.57, -0.58, -0.58, -0.58, -0.58, -0.58, -0.58, -0.58, -0.58, -0.58, 
-0.58, -0.57, -0.58, -0.58, -0.58, -0.57, -0.58, -0.58, -0.58, -0.58, -0.58, -0.58, -0.58, -0.58, -0.57, -0.58, -0.58, -0.57, -0.58, -0.58, -0.58, -0.58, -0.58, -0.58, -0.58, -0.58, -1.45, -0.58, 
-0.57, -0.56, -0.57, -0.58, -0.58, -0.58, -0.58, -0.58, -0.58, -0.58, -0.58, -0.58, -0.58, -0.57, -0.56, -0.57, -0.58, -0.58, -0.58, -0.58, -0.58, -0.58, -0.58, -0.58, -0.57, -0.58, -0.58, -0.58, 
-0.58, -0.57, -0.58, -0.58, -0.58, -0.58, -0.58, -0.58, -0.58, -0.58, -0.58, -0.58, -0.58, -0.58, -0.57, -0.58, -0.58, -0.58, -0.58, -0.58, -0.58, -0.58, -0.58, -0.57, -0.56, -0.57, -0.58, -0.58, 
-0.58, -0.58, -0.58, -0.58, -0.58, -0.58, -0.58, -0.58, -0.57, -0.58, -0.58, -0.58, -0.58, -0.58, -0.58, -0.58, -0.58, -0.58, -0.58, -0.58, -0.58, -0.58, -0.58, -0.58, -0.57, -0.58, -1.41, -0.58, 
-0.58, -0.58, -0.58, -0.58, -0.58, -0.58, -0.58, -0.57, -0.56, -0.57, -0.58, -0.58, -0.58, -0.58, -0.58, -0.58, -0.58, -0.58, -0.58, -0.58, -0.58, -0.58, -0.58, -0.58, -0.58, -0.58, -0.58, -0.58, 
-0.58, -0.58, -0.58, -0.58, -0.58, -0.58, -0.58, -0.58, -0.57, -0.58, -1.19, -0.58, -0.58, -0.58, -1.15, -0.58, -0.58, -1.11, -0.58, -0.58, -1.07, -0.57, -0.56, -1.03, -0.58, -0.58, -0.58, -0.58, 
-0.58, -0.58, -0.58, -0.58, -0.58, -0.58, -0.58, -0.58, -0.58, -0.58, -0.58, -0.58, -0.58, -0.58, -0.58, -0.58, -0.58, -0.58, -0.58, -0.58, -0.58, -0.57, -0.55, -0.57, -0.58, -0.58, -1.37, -0.58, 
-0.58, -0.58, -0.58, -0.58, -0.58, -0.58, -0.58, -1.23, -0.58, -0.58, -0.58, -0.58, -0.58, -0.58, -0.58, -0.58, -0.57, -0.58, -0.58, -0.58, -0.58, -0.58, -0.57, -0.58, -0.58, -0.58, -0.58, -0.58, 
-0.58, -0.58, -0.58, -0.57, -0.58, -0.58, -0.58, -0.58, -0.58, -0.58, -0.58, -0.58, -0.58, -0.58, -0.58, -0.57, -0.56, -0.57, -0.58, -0.58, -0.58, -0.58, -0.58, -0.58, -0.58, -0.58, -0.58, -0.58, 
-1.34, -0.58, -0.57, -1.27, -0.57, -0.58, -1.26, -0.58, -0.58, -0.58, -0.58, -0.58, -0.58, -0.58, -0.58, -0.58, -0.57, -0.58, -0.58, -0.58, -0.58, -0.58, -0.58, -0.58, -0.58, -0.58, -0.96, -0.58, 
-0.58, -0.58, -0.58, -0.57, -0.58, -0.58, -0.58, -0.58, -0.58, -0.58, -0.58, -0.58, -0.58, -0.58, -0.58, -0.58, -0.58, -0.58, -0.58, -0.58, -0.58, -0.58, -0.58, -0.58, -0.58, -0.58, -0.58, -0.58, 
-0.58, -0.58, -0.58, -0.58, -0.57, -0.58, -0.58, -0.58, -0.58, -0.58, -0.58, -0.58, -0.58, -0.58, -0.58, -0.58, -0.58, -0.58, -0.58, -0.58, -0.58, -0.58, -0.58, -0.58, -0.57, -0.58, -0.58, -0.58, 
-0.58, -0.58, -0.58, -0.57, -0.56, -0.57, -0.58, -0.58, -0.58, -0.58, -0.58, -0.58, -0.58, -0.58, -0.58, -0.58, -0.58, -0.58, -0.58, -0.58, -0.58, -0.58, -0.58, -0.57, -0.56, -0.57, -0.92, -0.58, 
-0.58, -0.58, -0.58, -0.58, -0.57, -0.58, -0.58, -0.58, -0.58, -0.58, -0.58, -0.58, -0.58, -0.58, -0.58, -0.58, -0.58, -0.58, -0.58, -0.58, -0.58, -0.58, -0.58, -0.58, -0.57, -0.58, -0.58, -0.58, 
-0.58, -0.58, -0.58, -0.58, -0.58, -0.58, -0.58, -0.58, -0.58, -0.58, -0.58, -0.58, -0.58, -0.58, -0.58, -0.58, -0.58, -0.58, -0.58, -0.58, -0.58, -0.58, -0.58, -0.58, -0.89, -0.58, -0.58, -0.58, 
-0.58, -0.58, -0.62, -0.58, -0.58, -0.66, -0.58, -0.58, -0.69, -0.58, -0.58, -0.74, -0.58, -0.58, -0.77, -0.58, -0.58, -0.81, -0.58, -0.58, -0.85, -0.58, -0.58, -0.58, -0.58, -0.58, -0.58, -0.58, 
-0.58, -0.58, -0.58, -0.58, -0.58, -0.58, -0.58, -0.58, -0.58, -0.58, -0.58, -0.58, -0.58, -0.58, -0.58, -0.58, -0.58, -0.58, -0.58, -0.58, -0.58, -0.58, -0.58, -0.58, -0.58, -0.58, -0.58, -0.58, 
-0.58, -0.58, -0.58, -0.58, -0.58, -0.58, -0.58, -0.58, -0.58, -0.58, -0.58, -0.58, -0.58, -0.58, -0.58, -0.58, -0.58, -0.58, -0.58, -0.58, -0.58, -0.58, -0.58, -0.58, -0.58, -0.58, -0.58, -0.58, 
-- optimal policy --
r  r  >  r  v  >  r  r  r  v  l  r  r  r  r  r  r  v  l  l  l  l  l  l  v  v  l  l  
r  v  r  r  r  v  r  >  >  >  r  r  r  r  r  r  r  v  l  l  l  l  l  r  v  l  l  l  
r  r  v  r  r  v  l  R  R  ^  r  r  r  r  r  r  r  v  l  l  l  l  l  r  v  l  l  l  
r  v  l  >  >  v  <  R  R  R  >  r  r  r  r  >  >  ^  <  <  l  l  r  r  v  l  l  <  
r  v  l  l  R  ^  L  R  R  >  r  >  r  r  v  R  R  ^  L  L  <  <  r  r  v  l  l  l  
>  >  <  <  R  ^  L  L  >  r  >  r  >  >  R  R  R  ^  L  L  L  <  r  r  v  l  l  l  
R  ^  L  L  <  r  r  r  v  >  r  >  R  R  ^  L  L  ^  L  L  L  r  r  >  v  <  <  <  
R  ^  L  L  L  >  r  r  v  r  >  R  R  R  ^  L  L  L  r  r  r  r  v  l  l  L  L  L  
^  L  ^  L  L  r  >  >  >  >  R  R  R  R  ^  L  L  L  r  >  r  r  v  l  <  l  l  l  
R  ^  L  ^  r  >  R  R  ^  R  R  R  R  R  ^  L  L  r  >  r  r  r  v  l  l  l  l  <  
r  r  v  r  >  R  R  R  ^  L  R  R  R  ^  R  r  v  >  R  >  >  >  ^  <  <  <  <  l  
r  r  r  v  l  R  R  ^  L  R  R  R  ^  >  r  r  v  R  R  R  R  R  ^  L  L  L  L  <  
r  r  v  l  v  l  ^  L  R  R  R  R  r  r  >  >  >  R  R  R  R  R  ^  L  L  L  L  L  
>  >  r  v  l  <  l  l  R  R  ^  r  r  >  R  R  ^  R  R  R  R  ^  L  L  L  L  L  L  
R  R  >  r  v  l  l  l  R  ^  L  r  >  R  R  R  ^  R  R  R  R  ^  L  L  L  L  L  <  
R  R  r  r  v  l  l  <  L  ^  r  >  R  R  R  ^  R  R  R  R  R  ^  L  L  L  l  L  L  
R  R  >  >  ^  <  <  L  l  l  >  R  R  R  R  R  R  R  R  R  ^  L  R  >  ^  <  <  L  
R  R  R  R  ^  L  L  <  l  l  R  R  R  R  R  R  R  R  R  R  R  R  R  R  ^  L  L  <  
R  R  R  R  ^  L  L  L  <  <  R  R  R  R  R  R  R  R  R  R  R  R  R  R  ^  L  L  L  
R  R  R  R  ^  L  L  L  L  L  L  R  R  R  R  R  R  R  ^  R  R  R  R  ^  L  ^  L  L  
R  ^  R  ^  L  L  ^  L  L  ^  L  R  R  ^  R  R  ^  R  R  >  R  R  R  ^  ^  L  L  L  
^  R  R  R  ^  L  L  ^  L  L  ^  R  ^  R  R  ^  R  R  >  R  R  R  ^  R  ^  L  ^  L  
Correct actions (%) : 10.74
Avg angular diffs   : 83.96
