arguments: 63 6 1 -0.182439 -0.000454959 -0.726115 -0.0909918
loading features...

Initializing gridworld of size 28 by 22..
    Num states: 616
    Num actions: 8
recovered reward
-0.09, -0.09, -0.09, -0.09, -0.09, -0.09, -1.69, -0.09, -0.18, -1.94, -0.18, -0.09, -0.09, -1.83, -0.09, -0.09, -0.14, -2.00, -0.14, -0.09, -1.98, -0.09, -2.05, -0.09, -0.09, -2.12, -0.09, -0.09, 
-0.09, -0.09, -0.09, -1.62, -0.09, -0.09, -0.09, -0.09, -0.14, -0.18, -0.14, -0.09, -0.09, -0.09, -0.09, -0.09, -0.18, -0.27, -0.18, -0.14, -0.09, -0.09, -0.09, -0.09, -0.09, -0.09, -0.09, -0.09, 
-0.09, -1.54, -0.09, -0.09, -0.09, -0.09, -0.09, -0.09, -0.09, -0.09, -0.09, -0.09, -0.09, -0.09, -0.09, -0.09, -0.14, -0.18, -0.14, -0.18, -0.09, -0.09, -0.09, -0.09, -0.09, -0.09, -0.09, -0.09, 
-1.47, -0.09, -0.09, -0.09, -0.09, -0.09, -0.09, -0.09, -0.09, -0.09, -0.09, -0.09, -0.09, -0.09, -0.09, -0.09, -0.09, -0.14, -0.18, -0.14, -0.09, -0.09, -0.09, -0.09, -0.09, -0.09, -0.09, -0.09, 
-0.09, -0.09, -0.09, -0.09, -0.09, -0.09, -0.09, -0.09, -0.09, -0.09, -0.09, -0.09, -0.09, -0.09, -0.09, -0.09, -0.09, -0.14, -0.18, -0.14, -0.09, -0.09, -0.09, -0.09, -0.09, -0.09, -0.09, -0.09, 
-0.09, -0.09, -0.09, -0.09, -0.09, -0.09, -0.09, -0.09, -0.09, -0.09, -0.09, -0.09, -0.09, -0.09, -0.09, -0.09, -0.09, -0.18, -0.27, -0.18, -0.14, -0.18, -0.14, -0.09, -0.09, -0.09, -0.09, -0.09, 
-1.40, -0.09, -0.09, -0.09, -0.09, -0.09, -0.09, -0.09, -0.09, -0.09, -0.09, -0.09, -0.09, -0.09, -0.09, -0.09, -0.09, -0.14, -0.18, -0.14, -0.18, -0.27, -0.18, -0.09, -0.09, -0.09, -0.09, -0.09, 
-0.09, -0.09, -1.33, -0.09, -0.09, -1.25, -0.09, -0.09, -0.09, -0.09, -0.09, -0.09, -0.09, -0.09, -0.09, -0.09, -0.09, -0.09, -0.09, -0.09, -0.14, -0.18, -0.14, -0.09, -0.09, -0.09, -0.09, -0.09, 
-0.09, -0.09, -0.09, -0.09, -0.09, -0.09, -0.09, -0.09, -0.09, -0.09, -0.09, -0.09, -0.09, -0.09, -0.09, -0.09, -0.09, -0.09, -0.09, -0.09, -0.09, -0.09, -0.09, -0.09, -0.09, -0.09, -0.09, -0.09, 
-0.09, -0.09, -0.09, -0.09, -0.09, -0.09, -0.09, -0.09, -0.09, -1.18, -0.09, -0.09, -1.11, -0.09, -0.09, -1.04, -0.09, -0.09, -0.96, -0.09, -0.09, -0.09, -0.09, -0.09, -0.09, -0.09, -0.09, -0.09, 
-0.09, -0.09, -0.09, -0.09, -0.09, -0.09, -0.09, -0.09, -0.09, -0.09, -0.09, -0.09, -0.09, -0.09, -0.09, -0.09, -0.09, -0.09, -0.09, -0.09, -0.09, -0.89, -0.09, -0.09, -0.09, -0.09, -0.09, -0.09, 
-0.09, -0.09, -0.14, -0.18, -0.14, -0.09, -0.09, -0.09, -0.09, -0.09, -0.14, -0.18, -0.14, -0.09, -0.09, -0.14, -0.18, -0.14, -0.09, -0.09, -0.09, -0.09, -0.09, -0.09, -0.86, -0.18, -0.14, -0.09, 
-0.09, -0.09, -0.18, -0.27, -0.18, -0.09, -0.09, -0.09, -0.09, -0.09, -0.18, -0.27, -0.18, -0.14, -0.18, -0.18, -0.27, -0.18, -0.09, -0.09, -0.09, -0.09, -0.09, -0.09, -0.18, -0.27, -0.18, -0.09, 
-0.09, -0.09, -0.14, -0.18, -0.14, -0.09, -0.09, -0.09, -0.09, -0.09, -0.14, -0.18, -0.14, -0.18, -0.27, -0.14, -0.18, -0.14, -0.09, -0.09, -0.09, -0.09, -0.09, -0.09, -0.14, -0.18, -0.14, -0.09, 
-0.09, -0.09, -0.09, -0.14, -0.18, -0.14, -0.09, -0.09, -0.09, -0.09, -0.09, -0.09, -0.09, -0.14, -0.18, -0.14, -0.14, -0.18, -0.14, -0.09, -0.09, -0.09, -0.09, -0.09, -0.74, -0.09, -0.09, -0.09, 
-0.09, -0.09, -0.09, -0.18, -0.27, -0.18, -0.09, -0.09, -0.09, -0.09, -0.09, -0.09, -0.09, -0.09, -0.09, -0.09, -0.18, -0.27, -0.18, -0.09, -0.09, -0.09, -0.09, -0.09, -0.09, -0.09, -0.09, -0.09, 
-0.09, -0.09, -0.09, -0.14, -0.18, -0.14, -0.09, -0.09, -0.09, -0.09, -0.09, -0.09, -0.09, -0.09, -0.09, -0.09, -0.14, -0.18, -0.14, -0.09, -0.09, -0.09, -0.09, -0.67, -0.09, -0.09, -0.09, -0.09, 
-0.09, -0.09, -0.09, -0.09, -0.09, -0.09, -0.09, -0.09, -0.09, -0.09, -0.09, -0.09, -0.09, -0.09, -0.09, -0.09, -0.09, -0.09, -0.09, -0.09, -0.09, -0.60, -0.09, -0.09, -0.09, -0.09, -0.09, -0.09, 
-0.09, -0.09, -0.09, -0.09, -0.09, -0.09, -0.09, -0.09, -0.09, -0.31, -0.09, -0.09, -0.38, -0.09, -0.09, -0.45, -0.09, -0.09, -0.53, -0.09, -0.09, -0.09, -0.09, -0.09, -0.09, -0.09, -0.09, -0.09, 
-0.09, -0.09, -0.16, -0.09, -0.09, -0.24, -0.09, -0.09, -0.09, -0.09, -0.09, -0.09, -0.09, -0.09, -0.09, -0.09, -0.09, -0.09, -0.09, -0.09, -0.09, -0.09, -0.09, -0.09, -0.09, -0.09, -0.09, -0.09, 
-0.09, -0.09, -0.09, -0.09, -0.09, -0.09, -0.09, -0.09, -0.09, -0.09, -0.09, -0.09, -0.09, -0.09, -0.09, -0.09, -0.09, -0.09, -0.09, -0.09, -0.09, -0.09, -0.09, -0.09, -0.09, -0.09, -0.09, -0.09, 
-0.09, -0.09, -0.09, -0.09, -0.09, -0.09, -0.09, -0.09, -0.09, -0.09, -0.09, -0.09, -0.09, -0.09, -0.09, -0.09, -0.09, -0.09, -0.09, -0.09, -0.09, -0.09, -0.09, -0.09, -0.09, -0.09, -0.09, -0.09, 
-- optimal policy --
>  L  L  ^  ^  <  l  v  l  l  >  R  <  >  ^  L  <  <  >  ^  >  r  >  >  L  <  r  L  
^  ^  L  ^  ^  L  v  v  r  v  R  ^  L  R  ^  L  L  L  R  ^  R  >  R  ^  ^  L  ^  r  
r  R  ^  L  r  v  >  l  v  l  v  v  v  R  ^  ^  L  l  l  >  r  >  R  ^  ^  ^  R  ^  
v  l  l  v  v  v  v  L  <  L  <  >  <  ^  L  L  v  l  l  r  r  >  R  >  R  ^  >  r  
l  <  l  l  <  >  l  <  L  r  l  l  ^  v  l  l  l  l  <  >  >  R  R  R  ^  >  R  ^  
<  L  <  ^  >  l  ^  R  v  R  ^  l  L  l  v  l  l  l  l  R  R  ^  L  L  r  ^  ^  L  
^  L  L  ^  l  ^  L  ^  R  R  r  l  <  ^  L  <  <  <  l  l  l  l  r  v  >  >  v  v  
v  R  ^  r  ^  L  v  v  v  L  L  l  ^  L  ^  L  L  L  <  <  r  r  >  r  >  R  >  l  
v  v  l  ^  l  v  >  <  ^  ^  L  ^  L  L  L  r  v  v  l  v  v  >  R  ^  >  R  r  v  
>  l  <  >  >  L  ^  ^  ^  L  ^  L  ^  L  r  >  r  <  r  v  l  <  ^  r  R  ^  >  R  
l  ^  L  ^  ^  ^  L  R  >  L  <  ^  L  r  v  R  ^  ^  L  l  v  l  v  >  R  ^  R  ^  
L  <  l  R  ^  L  L  R  R  ^  L  L  >  >  R  ^  R  R  ^  ^  l  <  l  R  ^  L  ^  ^  
^  L  <  l  r  r  r  v  v  l  L  L  R  R  ^  L  R  R  ^  R  ^  L  <  l  L  l  r  v  
L  <  L  l  >  >  v  >  r  v  v  v  l  l  l  v  >  >  R  ^  L  L  L  <  L  r  v  v  
^  v  l  <  R  >  R  >  <  l  l  v  <  l  l  v  l  R  r  R  ^  L  L  L  <  >  r  v  
<  l  <  l  r  R  ^  ^  <  >  >  L  <  <  <  <  <  R  r  v  l  R  R  ^  r  v  r  <  
l  l  <  l  v  l  R  ^  ^  R  ^  ^  L  L  L  v  v  r  r  v  l  l  v  r  >  R  v  <  
l  ^  L  <  l  v  r  v  l  l  L  R  r  v  v  l  v  v  l  r  v  l  v  r  v  ^  r  v  
^  L  ^  L  >  <  >  v  <  <  v  v  v  v  <  >  r  l  v  >  v  v  l  l  R  ^  >  r  
^  L  >  l  ^  ^  >  v  v  l  >  l  r  r  r  v  ^  v  L  >  r  v  <  <  v  >  R  ^  
v  v  l  ^  L  r  v  l  v  <  ^  R  R  r  v  l  <  <  R  R  ^  v  <  v  l  >  r  v  
l  r  <  <  <  >  l  ^  v  <  <  <  >  >  r  <  R  <  L  >  R  v  >  v  <  R  >  l  
Correct actions (%) : 8.33
Avg angular diffs   : 93.75
