arguments: 63 21 4 -0.262806 -0.474388 0.0400891 -0.222717
loading features...

Initializing gridworld of size 28 by 22..
    Num states: 616
    Num actions: 8
recovered reward
-0.22, -0.22, -0.22, -0.29, -0.35, -0.29, -0.22, -0.29, -0.35, -0.29, -0.22, -0.22, -0.22, -0.22, -0.22, -0.34, -0.46, -0.34, -0.22, -0.22, -0.22, -0.22, -0.22, -0.22, -0.22, -0.22, -0.22, -0.22, 
-0.22, -0.22, -0.22, -0.35, -0.49, -0.35, -0.22, -0.35, -0.49, -0.32, -0.22, -0.22, -0.19, -0.22, -0.22, -0.46, -0.70, -0.46, -0.22, -0.22, -0.22, -0.22, -0.22, -0.34, -0.46, -0.24, -0.22, -0.22, 
-0.22, -0.22, -0.22, -0.29, -0.35, -0.29, -0.22, -0.29, -0.29, -0.35, -0.29, -0.22, -0.22, -0.22, -0.22, -0.34, -0.42, -0.34, -0.22, -0.22, -0.22, -0.22, -0.34, -0.46, -0.70, -0.46, -0.22, -0.22, 
-0.22, -0.22, -0.22, -0.22, -0.22, -0.22, -0.22, -0.19, -0.35, -0.49, -0.35, -0.22, -0.22, -0.22, -0.22, -0.22, -0.22, -0.22, -0.22, -0.22, -0.22, -0.22, -0.46, -0.34, -0.46, -0.34, -0.22, -0.22, 
-0.22, -0.22, -0.22, -0.22, -0.22, -0.34, -0.44, -0.34, -0.29, -0.47, -0.53, -0.34, -0.22, -0.22, -0.22, -0.22, -0.22, -0.22, -0.22, -0.22, -0.22, -0.22, -0.34, -0.46, -0.34, -0.12, -0.22, -0.22, 
-0.22, -0.22, -0.22, -0.22, -0.29, -0.59, -0.76, -0.46, -0.22, -0.46, -0.70, -0.46, -0.22, -0.22, -0.22, -0.22, -0.18, -0.22, -0.22, -0.22, -0.22, -0.22, -0.22, -0.22, -0.22, -0.22, -0.22, -0.22, 
-0.22, -0.22, -0.22, -0.22, -0.33, -0.60, -0.59, -0.41, -0.35, -0.41, -0.46, -0.34, -0.22, -0.22, -0.17, -0.22, -0.34, -0.46, -0.34, -0.22, -0.22, -0.22, -0.22, -0.22, -0.22, -0.22, -0.22, -0.22, 
-0.22, -0.29, -0.35, -0.29, -0.29, -0.35, -0.29, -0.35, -0.49, -0.35, -0.22, -0.22, -0.22, -0.22, -0.22, -0.22, -0.46, -0.70, -0.46, -0.22, -0.22, -0.22, -0.22, -0.13, -0.34, -0.46, -0.34, -0.22, 
-0.22, -0.35, -0.49, -0.35, -0.22, -0.22, -0.22, -0.29, -0.35, -0.29, -0.22, -0.22, -0.22, -0.22, -0.29, -0.35, -0.41, -0.46, -0.34, -0.22, -0.22, -0.22, -0.22, -0.22, -0.46, -0.70, -0.46, -0.22, 
-0.22, -0.29, -0.35, -0.29, -0.33, -0.46, -0.34, -0.22, -0.22, -0.22, -0.22, -0.22, -0.17, -0.22, -0.35, -0.49, -0.35, -0.22, -0.22, -0.22, -0.22, -0.22, -0.22, -0.22, -0.34, -0.46, -0.34, -0.22, 
-0.22, -0.22, -0.22, -0.22, -0.46, -0.70, -0.46, -0.22, -0.22, -0.22, -0.22, -0.22, -0.22, -0.22, -0.29, -0.35, -0.29, -0.22, -0.22, -0.22, -0.22, -0.22, -0.22, -0.22, -0.13, -0.22, -0.22, -0.22, 
-0.22, -0.22, -0.22, -0.22, -0.34, -0.46, -0.34, -0.46, -0.34, -0.22, -0.17, -0.22, -0.22, -0.34, -0.46, -0.34, -0.22, -0.22, -0.22, -0.22, -0.22, -0.22, -0.22, -0.22, -0.22, -0.22, -0.22, -0.22, 
-0.22, -0.22, -0.22, -0.29, -0.35, -0.29, -0.46, -0.70, -0.46, -0.22, -0.22, -0.22, -0.22, -0.46, -0.70, -0.46, -0.22, -0.22, -0.22, -0.22, -0.22, -0.22, -0.22, -0.22, -0.22, -0.22, -0.22, -0.22, 
-0.22, -0.22, -0.22, -0.34, -0.49, -0.35, -0.34, -0.46, -0.34, -0.22, -0.22, -0.22, -0.22, -0.34, -0.46, -0.34, -0.22, -0.22, -0.22, -0.22, -0.22, -0.22, -0.22, -0.13, -0.22, -0.22, -0.22, -0.22, 
-0.22, -0.22, -0.22, -0.29, -0.35, -0.29, -0.22, -0.22, -0.22, -0.16, -0.22, -0.22, -0.22, -0.22, -0.22, -0.22, -0.22, -0.22, -0.22, -0.22, -0.22, -0.29, -0.35, -0.29, -0.22, -0.22, -0.22, -0.22, 
-0.22, -0.22, -0.22, -0.22, -0.22, -0.22, -0.22, -0.22, -0.22, -0.22, -0.22, -0.22, -0.29, -0.35, -0.29, -0.22, -0.22, -0.22, -0.22, -0.22, -0.22, -0.35, -0.49, -0.35, -0.22, -0.22, -0.22, -0.22, 
-0.22, -0.22, -0.21, -0.22, -0.22, -0.22, -0.22, -0.22, -0.22, -0.22, -0.22, -0.34, -0.53, -0.60, -0.35, -0.22, -0.22, -0.22, -0.22, -0.22, -0.22, -0.29, -0.35, -0.32, -0.46, -0.34, -0.22, -0.22, 
-0.22, -0.22, -0.22, -0.22, -0.22, -0.22, -0.22, -0.22, -0.22, -0.22, -0.22, -0.46, -0.76, -0.59, -0.29, -0.22, -0.22, -0.22, -0.29, -0.35, -0.29, -0.22, -0.29, -0.59, -0.76, -0.46, -0.22, -0.22, 
-0.22, -0.22, -0.22, -0.22, -0.22, -0.22, -0.22, -0.22, -0.22, -0.22, -0.22, -0.34, -0.46, -0.34, -0.22, -0.22, -0.22, -0.22, -0.35, -0.49, -0.35, -0.14, -0.35, -0.60, -0.59, -0.34, -0.22, -0.22, 
-0.22, -0.22, -0.22, -0.22, -0.22, -0.22, -0.22, -0.22, -0.22, -0.22, -0.22, -0.22, -0.22, -0.15, -0.22, -0.22, -0.15, -0.22, -0.29, -0.28, -0.29, -0.22, -0.29, -0.35, -0.29, -0.22, -0.22, -0.22, 
-0.22, -0.22, -0.22, -0.22, -0.22, -0.22, -0.22, -0.22, -0.22, -0.22, -0.22, -0.22, -0.22, -0.22, -0.22, -0.22, -0.22, -0.22, -0.22, -0.22, -0.22, -0.22, -0.22, -0.22, -0.22, -0.22, -0.22, -0.22, 
-0.22, -0.22, -0.22, -0.22, -0.22, -0.22, -0.22, -0.22, -0.22, -0.22, -0.22, -0.22, -0.22, -0.22, -0.22, -0.22, -0.22, -0.22, -0.22, -0.22, -0.22, -0.22, -0.22, -0.22, -0.22, -0.22, -0.22, -0.22, 
-- optimal policy --
r  r  v  l  >  r  v  l  >  r  >  r  v  l  <  <  <  r  r  v  l  l  <  >  >  r  v  v  
r  r  v  l  r  r  v  l  v  >  r  >  R  <  <  L  r  r  v  l  l  <  l  R  R  r  v  v  
>  >  r  r  r  >  r  v  l  R  >  R  ^  L  <  r  r  v  l  l  l  v  l  L  R  r  v  l  
R  R  >  >  >  R  >  L  <  L  R  R  ^  ^  r  v  v  v  l  l  v  l  l  r  r  v  l  l  
>  >  R  >  R  R  R  ^  L  l  R  r  r  v  l  r  v  l  <  <  r  v  r  r  >  v  <  l  
>  R  >  R  ^  L  R  >  ^  <  r  >  r  r  v  l  <  <  <  L  >  r  v  >  R  ^  L  <  
R  >  R  ^  L  L  v  R  ^  r  r  v  >  >  R  <  ^  L  L  L  r  >  r  v  l  ^  L  L  
R  R  ^  ^  r  r  v  l  r  >  r  r  v  R  ^  L  L  L  R  >  r  >  >  R  <  L  ^  ^  
^  L  R  >  >  >  r  r  r  r  >  r  v  l  <  L  L  r  >  r  r  >  R  ^  L  L  R  ^  
v  v  v  R  R  R  >  r  r  v  r  >  l  <  <  L  r  >  >  r  >  R  ^  r  v  l  l  l  
r  r  v  l  l  L  >  >  >  r  v  l  ^  L  <  r  >  R  >  >  R  ^  >  >  <  <  <  <  
v  v  v  l  <  v  R  R  r  >  r  <  l  ^  L  r  R  r  >  R  r  r  R  R  ^  L  <  <  
v  l  l  l  L  r  <  r  r  R  ^  L  <  l  L  r  r  >  R  >  >  >  r  v  l  ^  L  <  
v  v  v  l  l  r  r  r  r  v  l  <  L  <  l  l  >  r  r  >  R  >  >  L  <  <  ^  L  
r  v  v  v  l  >  >  r  >  ^  <  <  <  L  <  v  r  >  r  R  R  R  R  ^  L  <  L  ^  
>  r  v  l  <  R  >  >  R  ^  L  L  <  L  r  v  v  r  >  r  v  l  R  R  ^  L  <  L  
>  >  r  <  <  r  >  R  ^  L  ^  L  L  r  r  v  r  v  l  >  r  v  l  R  ^  L  L  <  
>  R  ^  L  <  >  R  ^  ^  ^  ^  L  r  r  r  v  v  l  l  R  r  v  l  <  L  R  ^  L  
v  l  R  ^  L  R  ^  ^  L  >  r  r  r  v  l  r  v  l  <  r  >  v  <  L  r  R  R  ^  
l  <  <  L  L  L  ^  R  >  r  >  >  >  r  <  >  l  <  <  r  R  ^  L  l  l  l  ^  ^  
^  L  <  <  ^  L  L  >  >  >  R  >  R  ^  L  R  ^  L  <  >  R  ^  L  <  <  l  <  L  
^  L  L  <  <  L  ^  >  >  R  >  R  ^  L  R  ^  L  L  L  R  ^  ^  ^  L  <  <  <  <  
Correct actions (%) : 9.55
Avg angular diffs   : 92.58
