arguments: 63 9 3 -0.0116279 0.149225 0.0639535 -0.775194
loading features...

Initializing gridworld of size 28 by 22..
    Num states: 616
    Num actions: 8
recovered reward
-0.78, -0.78, -0.78, -0.78, -0.78, -0.78, -0.78, -0.78, -0.78, -0.78, -0.78, -0.78, -0.78, -0.78, -0.78, -0.78, -0.78, -0.78, -0.78, -0.78, -0.78, -0.78, -0.78, -0.78, -0.78, -0.78, -0.78, -0.78, 
-0.78, -0.78, -0.78, -0.78, -0.78, -0.78, -0.78, -0.78, -0.78, -0.78, -0.78, -0.78, -0.78, -0.78, -0.78, -0.78, -0.78, -0.78, -0.78, -0.78, -0.78, -0.78, -0.78, -0.78, -0.78, -0.63, -0.78, -0.78, 
-0.78, -0.78, -0.78, -0.78, -0.78, -0.78, -0.78, -0.78, -0.78, -0.78, -0.78, -0.78, -0.78, -0.78, -0.72, -0.78, -0.78, -0.78, -0.78, -0.78, -0.78, -0.78, -0.78, -0.78, -0.78, -0.78, -0.78, -0.78, 
-0.78, -0.78, -0.78, -0.78, -0.78, -0.78, -0.78, -0.78, -0.78, -0.78, -0.78, -0.72, -0.78, -0.78, -0.78, -0.78, -0.71, -0.78, -0.78, -0.78, -0.78, -0.78, -0.78, -0.64, -0.78, -0.78, -0.78, -0.78, 
-0.78, -0.78, -0.78, -0.78, -0.78, -0.78, -0.78, -0.78, -0.78, -0.73, -0.78, -0.78, -0.74, -0.71, -0.75, -0.78, -0.78, -0.78, -0.78, -0.78, -0.74, -0.71, -0.75, -0.78, -0.78, -0.78, -0.78, -0.78, 
-0.78, -0.78, -0.78, -0.78, -0.78, -0.78, -0.78, -0.78, -0.78, -0.78, -0.78, -0.78, -0.70, -0.63, -0.71, -0.78, -0.78, -0.78, -0.78, -0.78, -0.70, -0.63, -0.71, -0.78, -0.78, -0.78, -0.78, -0.78, 
-0.78, -0.78, -0.78, -0.78, -0.78, -0.78, -0.78, -0.74, -0.78, -0.78, -0.78, -0.78, -0.74, -0.70, -0.74, -0.74, -0.70, -0.78, -0.78, -0.78, -0.74, -0.70, -0.74, -0.65, -0.78, -0.78, -0.78, -0.78, 
-0.78, -0.78, -0.78, -0.78, -0.78, -0.78, -0.78, -0.78, -0.78, -0.78, -0.78, -0.78, -0.78, -0.70, -0.63, -0.70, -0.78, -0.78, -0.78, -0.78, -0.78, -0.78, -0.78, -0.78, -0.78, -0.78, -0.78, -0.78, 
-0.78, -0.78, -0.78, -0.78, -0.78, -0.78, -0.78, -0.78, -0.78, -0.78, -0.74, -0.70, -0.74, -0.74, -0.70, -0.74, -0.78, -0.78, -0.78, -0.74, -0.70, -0.74, -0.78, -0.78, -0.78, -0.78, -0.78, -0.78, 
-0.78, -0.78, -0.78, -0.78, -0.78, -0.78, -0.75, -0.75, -0.71, -0.74, -0.70, -0.63, -0.70, -0.78, -0.78, -0.78, -0.70, -0.78, -0.78, -0.70, -0.63, -0.70, -0.65, -0.78, -0.78, -0.78, -0.78, -0.78, 
-0.78, -0.78, -0.78, -0.78, -0.78, -0.78, -0.74, -0.71, -0.74, -0.70, -0.74, -0.70, -0.74, -0.78, -0.78, -0.78, -0.78, -0.78, -0.78, -0.74, -0.70, -0.74, -0.78, -0.78, -0.78, -0.78, -0.78, -0.78, 
-0.78, -0.78, -0.78, -0.78, -0.79, -0.78, -0.71, -0.64, -0.71, -0.74, -0.79, -0.78, -0.78, -0.78, -0.79, -0.78, -0.78, -0.78, -0.78, -0.78, -0.78, -0.78, -0.78, -0.78, -0.78, -0.78, -0.78, -0.78, 
-0.78, -0.78, -0.78, -0.78, -0.76, -0.78, -0.74, -0.70, -0.74, -0.78, -0.78, -0.78, -0.78, -0.78, -0.70, -0.78, -0.78, -0.78, -0.78, -0.78, -0.79, -0.78, -0.78, -0.78, -0.78, -0.78, -0.78, -0.78, 
-0.78, -0.78, -0.78, -0.78, -0.78, -0.78, -0.79, -0.78, -0.78, -0.74, -0.70, -0.74, -0.79, -0.78, -0.78, -0.78, -0.78, -0.78, -0.78, -0.78, -0.78, -0.66, -0.78, -0.78, -0.78, -0.78, -0.78, -0.78, 
-0.78, -0.78, -0.78, -0.76, -0.78, -0.78, -0.78, -0.78, -0.78, -0.70, -0.63, -0.70, -0.78, -0.78, -0.78, -0.78, -0.78, -0.78, -0.78, -0.78, -0.78, -0.78, -0.78, -0.78, -0.74, -0.70, -0.74, -0.78, 
-0.78, -0.78, -0.78, -0.78, -0.78, -0.78, -0.78, -0.78, -0.78, -0.74, -0.70, -0.74, -0.78, -0.78, -0.78, -0.69, -0.78, -0.78, -0.78, -0.74, -0.59, -0.74, -0.78, -0.78, -0.70, -0.63, -0.70, -0.78, 
-0.78, -0.76, -0.78, -0.78, -0.78, -0.74, -0.70, -0.74, -0.78, -0.78, -0.78, -0.78, -0.78, -0.78, -0.78, -0.78, -0.78, -0.78, -0.78, -0.70, -0.63, -0.70, -0.78, -0.78, -0.74, -0.70, -0.74, -0.78, 
-0.78, -0.78, -0.78, -0.78, -0.78, -0.70, -0.63, -0.70, -0.78, -0.78, -0.78, -0.78, -0.78, -0.78, -0.78, -0.78, -0.78, -0.78, -0.78, -0.74, -0.70, -0.74, -0.78, -0.78, -0.78, -0.78, -0.78, -0.78, 
-0.78, -0.78, -0.78, -0.78, -0.78, -0.74, -0.70, -0.74, -0.78, -0.78, -0.78, -0.78, -0.79, -0.78, -0.78, -0.69, -0.78, -0.78, -0.67, -0.78, -0.78, -0.78, -0.78, -0.78, -0.78, -0.78, -0.78, -0.78, 
-0.77, -0.78, -0.78, -0.78, -0.78, -0.78, -0.78, -0.78, -0.78, -0.78, -0.78, -0.78, -0.78, -0.78, -0.78, -0.79, -0.78, -0.78, -0.78, -0.78, -0.78, -0.78, -0.78, -0.78, -0.78, -0.78, -0.78, -0.78, 
-0.78, -0.78, -0.78, -0.78, -0.78, -0.78, -0.78, -0.78, -0.78, -0.78, -0.78, -0.78, -0.78, -0.78, -0.78, -0.78, -0.78, -0.78, -0.78, -0.78, -0.78, -0.78, -0.78, -0.78, -0.78, -0.78, -0.78, -0.78, 
-0.78, -0.78, -0.78, -0.78, -0.78, -0.78, -0.78, -0.78, -0.78, -0.78, -0.78, -0.78, -0.78, -0.78, -0.78, -0.78, -0.78, -0.78, -0.78, -0.78, -0.78, -0.78, -0.78, -0.78, -0.78, -0.78, -0.78, -0.78, 
-- optimal policy --
>  r  r  r  r  r  r  r  r  r  v  v  r  r  v  v  l  r  v  v  r  v  v  >  r  v  l  l  
r  >  r  r  r  >  r  r  r  r  r  v  v  r  v  l  l  r  r  v  v  r  v  v  >  l  <  <  
r  r  >  r  r  r  >  r  r  >  r  v  l  l  l  l  l  r  r  r  v  l  r  v  l  ^  L  <  
r  r  r  >  r  r  r  >  r  r  >  r  r  v  l  l  l  r  r  r  r  v  l  l  <  <  l  L  
r  r  r  r  >  r  r  r  >  >  R  r  r  v  l  l  r  r  r  r  r  v  l  l  L  l  l  l  
r  r  r  r  r  >  r  r  r  R  r  >  >  v  <  <  r  r  r  >  >  v  <  v  l  l  l  l  
>  r  r  r  r  r  >  r  r  r  >  R  R  r  v  l  r  r  r  r  v  v  l  l  <  l  l  l  
r  >  r  r  r  r  r  r  r  r  r  R  R  >  r  <  r  r  r  r  v  l  l  v  l  l  l  l  
r  r  >  r  r  r  r  r  r  r  r  v  R  R  ^  r  r  r  r  r  v  l  v  l  l  l  l  l  
r  r  R  >  r  r  r  >  r  >  >  r  <  r  r  r  r  r  r  >  v  <  l  <  l  l  l  l  
r  r  r  R  >  r  r  v  >  R  R  ^  r  r  r  r  v  r  r  r  r  r  v  l  l  l  l  l  
r  r  r  r  r  >  >  >  R  R  R  r  r  r  r  r  r  v  v  r  r  r  v  l  l  l  l  l  
r  r  r  >  >  R  R  ^  L  r  v  >  r  >  r  r  r  r  v  l  r  v  l  l  l  l  l  l  
r  r  r  R  R  R  R  ^  r  r  v  r  r  r  r  >  r  r  r  v  l  v  l  l  l  l  l  l  
r  r  r  r  r  R  R  r  >  >  >  r  r  >  r  r  >  r  r  r  v  l  l  l  l  v  l  l  
r  r  >  r  r  r  v  l  R  R  ^  >  r  r  >  r  r  >  r  >  v  <  l  l  l  <  <  <  
>  r  r  r  r  r  v  l  R  R  ^  >  >  r  R  r  r  r  >  R  ^  L  <  <  l  ^  L  L  
R  r  r  r  >  >  v  <  <  ^  R  R  R  >  r  >  r  r  R  R  ^  L  L  <  l  L  L  L  
r  r  r  >  R  R  ^  L  L  R  R  R  R  R  >  R  r  >  R  R  ^  L  L  L  <  <  L  L  
r  r  >  R  R  R  ^  L  L  R  r  r  r  R  R  r  >  R  ^  L  R  ^  L  L  L  <  l  L  
r  >  R  R  R  ^  L  ^  L  >  >  r  >  R  r  >  R  ^  ^  ^  L  L  ^  L  L  L  <  l  
>  R  R  R  R  ^  L  L  >  >  >  >  R  >  >  R  R  ^  R  ^  ^  L  L  L  L  L  L  <  
Correct actions (%) : 8.63
Avg angular diffs   : 85.47
