arguments: 63 19 3 0.521763 -0.316964 0.0496652 -0.111607
loading features...

Initializing gridworld of size 28 by 22..
    Num states: 616
    Num actions: 8
recovered reward
-0.11, -0.11, -0.11, -0.11, -0.11, -0.11, -0.11, -0.11, -0.11, -0.11, -0.11, -0.11, -0.11, -0.11, -0.27, -0.43, -0.27, -0.11, -0.11, -0.11, -0.11, -0.11, -0.11, -0.11, -0.11, -0.11, -0.11, -0.11, 
-0.11, -0.11, -0.11, -0.11, -0.11, 0.02, 0.15, 0.02, -0.11, -0.11, -0.11, -0.11, -0.11, -0.11, -0.19, -0.27, -0.19, -0.11, -0.11, -0.11, -0.11, -0.19, -0.27, -0.19, -0.11, -0.11, -0.11, -0.11, 
-0.11, -0.11, -0.11, -0.11, -0.11, 0.15, 0.41, 0.15, 0.02, 0.15, 0.02, -0.11, -0.11, -0.11, -0.11, -0.11, -0.11, -0.11, -0.11, -0.11, -0.11, -0.27, -0.43, -0.27, -0.11, -0.11, -0.00, -0.11, 
-0.11, 0.02, 0.15, 0.02, -0.11, 0.02, 0.15, 0.02, 0.15, 0.44, 0.02, 0.15, 0.06, -0.11, -0.11, -0.11, -0.11, -0.11, -0.11, -0.11, -0.11, -0.19, -0.27, -0.19, -0.11, 0.02, 0.15, 0.02, 
-0.11, 0.15, 0.41, 0.15, 0.02, 0.15, 0.02, -0.11, 0.02, 0.15, 0.15, 0.41, 0.15, -0.11, -0.11, -0.11, -0.11, -0.11, -0.11, -0.11, -0.11, -0.11, -0.11, -0.11, -0.19, -0.01, 0.33, 0.15, 
-0.11, 0.02, 0.15, 0.02, 0.15, 0.41, 0.15, -0.08, -0.11, -0.11, 0.02, 0.15, 0.02, -0.11, -0.11, -0.11, -0.11, -0.11, -0.11, -0.11, -0.11, -0.11, -0.11, -0.11, -0.27, -0.30, 0.10, 0.02, 
-0.11, -0.11, -0.11, -0.11, 0.02, 0.15, 0.02, -0.11, -0.11, -0.11, -0.11, -0.11, -0.11, -0.07, -0.11, -0.11, -0.11, -0.11, -0.11, -0.11, -0.11, -0.11, -0.11, -0.11, -0.19, -0.27, -0.19, -0.11, 
-0.11, -0.11, -0.11, -0.11, -0.11, -0.11, -0.11, -0.11, -0.11, -0.11, -0.11, -0.11, -0.11, -0.11, -0.11, -0.11, -0.11, -0.11, -0.11, -0.11, -0.11, -0.11, -0.11, -0.11, -0.11, -0.11, -0.11, -0.11, 
-0.11, -0.11, -0.11, -0.11, -0.11, -0.11, -0.11, -0.09, -0.11, -0.11, -0.11, -0.11, -0.11, -0.11, -0.06, -0.11, -0.11, -0.11, -0.11, -0.11, -0.11, -0.11, -0.11, -0.11, -0.11, -0.01, -0.11, -0.11, 
-0.11, -0.19, -0.27, -0.19, -0.11, -0.11, -0.11, -0.11, -0.11, -0.11, -0.11, -0.11, -0.11, -0.11, -0.11, 0.02, 0.15, 0.02, -0.11, -0.11, -0.11, -0.11, -0.11, -0.11, -0.11, -0.11, -0.11, -0.11, 
-0.11, -0.27, -0.43, -0.27, -0.19, -0.12, 0.07, -0.14, -0.19, -0.06, -0.01, -0.06, -0.11, -0.11, -0.11, 0.15, 0.46, 0.15, -0.11, -0.11, -0.11, -0.11, -0.11, -0.11, -0.11, -0.11, -0.11, -0.11, 
-0.11, -0.19, -0.27, -0.19, -0.27, -0.17, 0.25, -0.17, -0.27, -0.01, 0.09, -0.01, -0.11, -0.11, -0.11, 0.02, 0.15, 0.02, -0.11, 0.02, 0.15, 0.02, -0.11, -0.11, -0.02, -0.11, -0.11, -0.11, 
-0.11, -0.11, -0.11, -0.11, -0.19, -0.14, 0.07, -0.14, -0.19, -0.06, -0.01, -0.06, -0.27, -0.19, -0.11, -0.19, -0.27, -0.19, -0.11, 0.15, 0.41, 0.15, -0.11, -0.11, -0.11, -0.11, -0.11, -0.11, 
-0.11, -0.11, -0.11, -0.11, -0.10, -0.11, -0.11, -0.11, -0.11, -0.11, -0.11, -0.27, -0.43, -0.27, -0.11, -0.27, -0.43, -0.21, -0.19, -0.14, 0.07, 0.02, -0.11, -0.11, -0.11, -0.11, -0.11, -0.11, 
-0.11, -0.11, -0.11, -0.11, -0.11, -0.11, -0.11, -0.19, -0.27, -0.06, 0.15, -0.06, -0.27, -0.19, -0.11, -0.19, -0.27, -0.19, -0.27, -0.43, -0.27, -0.11, -0.02, -0.11, -0.11, -0.11, -0.11, -0.11, 
-0.11, -0.11, -0.11, -0.11, -0.11, -0.11, -0.11, -0.27, -0.43, -0.01, 0.33, 0.15, -0.11, -0.11, -0.11, -0.11, -0.11, -0.11, -0.19, -0.27, -0.19, -0.11, -0.11, -0.11, -0.11, -0.11, -0.11, -0.11, 
-0.11, -0.11, -0.10, -0.11, -0.11, -0.11, -0.11, -0.19, -0.27, -0.06, -0.01, 0.02, -0.11, -0.11, -0.11, -0.11, -0.11, -0.05, -0.11, -0.11, -0.11, -0.11, -0.11, -0.11, -0.11, -0.11, -0.11, -0.11, 
-0.11, -0.11, -0.11, -0.11, -0.11, -0.11, -0.11, -0.11, -0.19, -0.14, 0.07, 0.02, -0.11, -0.11, -0.11, -0.11, -0.11, -0.11, -0.11, -0.11, -0.11, -0.11, -0.11, -0.03, -0.11, -0.11, -0.11, -0.11, 
-0.11, -0.11, -0.11, -0.11, -0.11, -0.11, -0.11, -0.11, -0.11, 0.15, 0.41, 0.15, -0.11, -0.11, -0.11, -0.11, -0.11, -0.11, -0.11, -0.11, -0.11, -0.11, -0.11, -0.11, -0.11, -0.11, -0.11, -0.11, 
-0.11, -0.11, -0.11, -0.11, -0.11, -0.11, -0.11, -0.11, -0.11, 0.02, 0.15, 0.02, -0.11, -0.11, -0.11, -0.11, -0.04, -0.11, -0.11, -0.11, -0.03, -0.11, -0.11, -0.11, -0.11, -0.11, -0.11, -0.11, 
-0.11, -0.11, -0.11, -0.11, -0.11, -0.11, -0.11, -0.11, -0.11, -0.11, -0.11, -0.11, -0.11, -0.11, -0.11, -0.11, -0.11, -0.11, -0.11, -0.04, -0.11, -0.11, -0.11, -0.11, -0.11, -0.11, -0.11, -0.11, 
-0.11, -0.11, -0.11, -0.11, -0.11, -0.11, -0.11, -0.11, -0.11, -0.11, -0.11, -0.11, -0.11, -0.11, -0.11, -0.11, -0.11, -0.11, -0.11, -0.11, -0.11, -0.11, -0.11, -0.11, -0.11, -0.11, -0.11, -0.11, 
-- optimal policy --
v  v  v  r  r  r  v  l  l  v  v  l  l  l  l  l  r  v  l  l  >  >  >  r  r  v  v  v  
r  r  v  v  r  r  v  l  r  v  l  l  l  l  l  l  l  l  l  <  R  R  R  r  r  r  v  l  
r  r  v  l  >  >  >  <  r  v  l  v  l  l  l  l  <  l  <  r  v  l  r  >  r  r  v  l  
r  r  v  l  l  R  ^  L  >  v  <  v  l  l  <  <  l  l  l  l  r  r  r  >  >  r  v  l  
>  >  <  <  r  v  l  R  R  ^  L  <  <  <  L  l  l  v  l  v  l  >  >  R  R  >  >  <  
R  R  ^  L  >  <  <  <  R  ^  R  ^  L  L  l  <  v  l  l  l  l  l  R  ^  R  R  ^  L  
R  R  ^  R  R  ^  L  L  L  R  R  ^  L  L  <  v  l  r  v  l  l  l  r  r  v  R  ^  L  
R  R  R  R  R  ^  L  L  L  R  ^  L  R  r  v  l  r  v  l  l  l  l  >  r  r  v  l  ^  
R  R  R  R  ^  ^  ^  L  l  v  l  v  l  >  r  r  v  l  l  l  l  v  l  >  >  ^  <  <  
^  R  R  ^  r  r  v  l  r  r  v  l  l  R  r  r  v  l  l  l  r  v  l  l  R  ^  L  <  
^  L  R  R  >  r  v  l  r  r  v  l  l  >  >  >  <  <  <  r  v  l  l  r  v  l  ^  L  
r  r  r  v  R  >  v  <  >  >  <  <  <  >  R  R  ^  L  L  r  v  l  l  >  R  <  L  ^  
>  r  >  r  r  R  ^  L  R  R  ^  L  L  R  R  R  ^  L  >  >  ^  <  <  R  ^  L  <  L  
r  >  r  >  >  R  ^  L  r  r  v  l  l  R  ^  L  L  R  R  R  ^  L  L  l  <  ^  L  <  
r  r  >  R  R  ^  ^  ^  r  r  v  l  l  l  l  r  v  l  R  R  ^  L  L  <  <  L  ^  L  
>  r  v  l  ^  L  L  L  >  >  ^  <  <  l  l  >  r  v  l  l  R  R  ^  L  <  l  <  ^  
>  >  ^  <  L  >  r  v  R  R  ^  L  L  l  <  r  >  l  <  <  R  R  r  v  l  <  l  <  
>  R  ^  L  <  >  r  r  r  r  v  l  l  <  r  v  R  ^  L  v  v  v  >  R  <  L  <  L  
v  l  R  ^  L  >  >  r  >  >  v  <  <  l  >  r  v  l  >  r  v  l  R  ^  L  L  L  <  
l  <  <  L  ^  r  >  >  R  R  ^  L  L  <  r  >  l  <  r  >  l  <  l  ^  ^  L  L  <  
^  L  <  <  >  r  >  R  R  R  ^  L  L  L  >  R  ^  L  >  R  ^  L  <  <  R  ^  L  <  
^  L  L  <  R  >  R  R  R  R  ^  ^  L  L  R  ^  L  >  R  ^  L  ^  L  L  L  ^  ^  L  
Correct actions (%) : 16.77
Avg angular diffs   : 86.23
