arguments: 63 12 4 0.0794574 0.0600775 0.0852713 -0.775194
loading features...

Initializing gridworld of size 28 by 22..
    Num states: 616
    Num actions: 8
recovered reward
-0.78, -0.78, -0.78, -0.78, -0.78, -0.78, -0.78, -0.78, -0.78, -0.54, -0.78, -0.78, -0.78, -0.53, -0.78, -0.78, -0.78, -0.52, -0.78, -0.78, -0.51, -0.78, -0.50, -0.78, -0.78, -0.49, -0.78, -0.78, 
-0.56, -0.78, -0.78, -0.55, -0.78, -0.78, -0.54, -0.78, -0.78, -0.78, -0.78, -0.78, -0.78, -0.78, -0.76, -0.74, -0.76, -0.78, -0.78, -0.78, -0.76, -0.75, -0.76, -0.78, -0.78, -0.78, -0.78, -0.78, 
-0.78, -0.78, -0.78, -0.76, -0.75, -0.76, -0.75, -0.76, -0.78, -0.78, -0.78, -0.78, -0.78, -0.78, -0.74, -0.70, -0.74, -0.78, -0.76, -0.74, -0.73, -0.72, -0.75, -0.78, -0.78, -0.78, -0.78, -0.78, 
-0.57, -0.78, -0.78, -0.75, -0.72, -0.75, -0.72, -0.75, -0.78, -0.78, -0.78, -0.78, -0.78, -0.78, -0.76, -0.74, -0.76, -0.76, -0.74, -0.70, -0.72, -0.75, -0.76, -0.78, -0.78, -0.78, -0.78, -0.78, 
-0.78, -0.78, -0.78, -0.76, -0.75, -0.76, -0.75, -0.76, -0.75, -0.76, -0.78, -0.78, -0.78, -0.78, -0.78, -0.74, -0.70, -0.74, -0.76, -0.74, -0.76, -0.78, -0.78, -0.78, -0.78, -0.78, -0.58, -0.78, 
-0.78, -0.78, -0.78, -0.78, -0.78, -0.78, -0.78, -0.75, -0.72, -0.75, -0.76, -0.74, -0.76, -0.78, -0.78, -0.76, -0.74, -0.76, -0.78, -0.76, -0.74, -0.76, -0.78, -0.78, -0.78, -0.78, -0.78, -0.78, 
-0.78, -0.78, -0.78, -0.78, -0.78, -0.78, -0.78, -0.76, -0.75, -0.76, -0.74, -0.70, -0.74, -0.78, -0.78, -0.78, -0.78, -0.78, -0.78, -0.74, -0.70, -0.74, -0.78, -0.78, -0.78, -0.78, -0.78, -0.78, 
-0.78, -0.78, -0.78, -0.78, -0.78, -0.78, -0.78, -0.78, -0.78, -0.78, -0.76, -0.74, -0.76, -0.78, -0.78, -0.78, -0.78, -0.78, -0.78, -0.76, -0.74, -0.76, -0.78, -0.78, -0.78, -0.78, -0.59, -0.78, 
-0.78, -0.78, -0.78, -0.78, -0.78, -0.78, -0.78, -0.78, -0.78, -0.78, -0.78, -0.78, -0.78, -0.78, -0.78, -0.78, -0.78, -0.78, -0.78, -0.78, -0.78, -0.78, -0.78, -0.78, -0.78, -0.78, -0.78, -0.78, 
-0.78, -0.78, -0.78, -0.78, -0.78, -0.76, -0.74, -0.76, -0.78, -0.78, -0.64, -0.78, -0.78, -0.78, -0.65, -0.78, -0.78, -0.64, -0.75, -0.76, -0.66, -0.78, -0.78, -0.67, -0.78, -0.78, -0.78, -0.78, 
-0.78, -0.78, -0.78, -0.78, -0.78, -0.74, -0.70, -0.74, -0.78, -0.78, -0.78, -0.78, -0.78, -0.78, -0.78, -0.76, -0.75, -0.75, -0.72, -0.75, -0.78, -0.78, -0.78, -0.78, -0.78, -0.78, -0.60, -0.78, 
-0.78, -0.78, -0.78, -0.78, -0.78, -0.76, -0.74, -0.61, -0.78, -0.78, -0.76, -0.75, -0.76, -0.78, -0.78, -0.75, -0.72, -0.76, -0.75, -0.76, -0.75, -0.76, -0.78, -0.78, -0.78, -0.78, -0.78, -0.78, 
-0.78, -0.78, -0.78, -0.78, -0.78, -0.78, -0.78, -0.78, -0.78, -0.78, -0.75, -0.72, -0.75, -0.78, -0.78, -0.76, -0.75, -0.76, -0.78, -0.75, -0.72, -0.75, -0.78, -0.78, -0.78, -0.78, -0.78, -0.78, 
-0.60, -0.78, -0.78, -0.61, -0.78, -0.78, -0.62, -0.78, -0.78, -0.78, -0.76, -0.75, -0.76, -0.78, -0.78, -0.78, -0.78, -0.78, -0.78, -0.76, -0.75, -0.76, -0.78, -0.78, -0.78, -0.78, -0.69, -0.78, 
-0.78, -0.78, -0.78, -0.78, -0.78, -0.78, -0.78, -0.78, -0.78, -0.78, -0.78, -0.78, -0.76, -0.74, -0.76, -0.78, -0.78, -0.78, -0.76, -0.74, -0.76, -0.76, -0.78, -0.78, -0.78, -0.78, -0.78, -0.78, 
-0.78, -0.78, -0.78, -0.78, -0.78, -0.78, -0.78, -0.78, -0.78, -0.78, -0.78, -0.76, -0.72, -0.67, -0.72, -0.78, -0.76, -0.74, -0.74, -0.70, -0.74, -0.74, -0.78, -0.78, -0.78, -0.78, -0.78, -0.78, 
-0.78, -0.78, -0.78, -0.78, -0.78, -0.78, -0.78, -0.78, -0.78, -0.78, -0.78, -0.74, -0.73, -0.68, -0.73, -0.78, -0.74, -0.70, -0.76, -0.74, -0.76, -0.76, -0.78, -0.78, -0.78, -0.78, -0.70, -0.78, 
-0.78, -0.78, -0.76, -0.75, -0.76, -0.78, -0.78, -0.78, -0.78, -0.78, -0.78, -0.76, -0.74, -0.71, -0.74, -0.78, -0.76, -0.74, -0.76, -0.78, -0.78, -0.76, -0.75, -0.76, -0.78, -0.78, -0.78, -0.78, 
-0.78, -0.78, -0.75, -0.72, -0.75, -0.78, -0.78, -0.78, -0.78, -0.78, -0.78, -0.78, -0.72, -0.67, -0.72, -0.78, -0.78, -0.78, -0.78, -0.78, -0.78, -0.75, -0.72, -0.75, -0.71, -0.78, -0.78, -0.78, 
-0.78, -0.78, -0.75, -0.75, -0.76, -0.76, -0.78, -0.78, -0.75, -0.78, -0.78, -0.74, -0.76, -0.74, -0.71, -0.78, -0.78, -0.72, -0.78, -0.78, -0.72, -0.76, -0.75, -0.76, -0.78, -0.78, -0.78, -0.78, 
-0.78, -0.78, -0.78, -0.78, -0.78, -0.78, -0.78, -0.78, -0.78, -0.78, -0.78, -0.78, -0.78, -0.78, -0.78, -0.78, -0.78, -0.78, -0.78, -0.78, -0.78, -0.78, -0.78, -0.78, -0.78, -0.78, -0.78, -0.78, 
-0.78, -0.78, -0.78, -0.78, -0.78, -0.78, -0.78, -0.78, -0.78, -0.78, -0.78, -0.78, -0.78, -0.78, -0.78, -0.78, -0.78, -0.78, -0.78, -0.78, -0.78, -0.78, -0.78, -0.78, -0.78, -0.78, -0.78, -0.78, 
-- optimal policy --
v  l  l  v  >  r  v  r  >  ^  <  >  >  L  <  r  >  L  <  >  ^  >  ^  <  >  L  <  <  
<  <  <  r  r  >  r  >  R  ^  L  R  R  ^  L  >  R  ^  L  R  ^  R  ^  L  R  ^  L  L  
^  L  L  r  >  R  ^  R  R  ^  ^  R  ^  R  ^  R  ^  L  R  R  R  ^  L  R  ^  ^  ^  L  
L  <  L  >  R  >  R  ^  L  ^  R  ^  R  R  R  ^  L  R  >  R  R  ^  R  ^  ^  L  ^  ^  
^  L  <  R  R  R  ^  L  L  R  R  R  R  R  R  ^  R  R  R  ^  L  R  ^  L  ^  ^  L  ^  
^  L  L  R  R  R  ^  L  R  ^  R  R  R  R  R  R  R  R  R  ^  L  L  ^  ^  L  R  ^  L  
^  L  L  R  R  ^  R  R  ^  L  >  R  ^  R  R  R  R  ^  R  R  ^  L  L  L  R  R  ^  ^  
^  L  R  R  ^  R  R  R  ^  R  R  ^  L  R  R  R  R  R  R  R  ^  L  L  R  R  ^  ^  ^  
^  R  R  ^  R  R  R  ^  R  R  R  ^  R  R  R  R  R  R  R  R  ^  L  L  ^  L  R  ^  L  
R  R  ^  R  R  R  ^  R  R  R  ^  R  R  R  R  R  R  R  R  ^  R  ^  L  L  R  ^  R  ^  
R  ^  R  R  R  R  r  R  R  R  ^  L  R  R  ^  L  R  ^  L  R  ^  L  R  R  ^  R  ^  ^  
v  l  l  <  R  R  >  ^  R  R  ^  R  R  ^  R  R  R  R  ^  L  L  ^  R  ^  R  R  ^  L  
v  l  <  v  l  R  R  ^  L  R  R  R  ^  L  R  R  ^  L  ^  L  L  L  R  ^  R  ^  R  ^  
L  <  L  L  <  R  ^  ^  L  R  R  ^  L  R  R  R  ^  L  R  R  ^  L  L  R  R  ^  R  ^  
^  L  L  ^  L  R  ^  L  R  R  R  ^  R  R  R  R  ^  ^  R  R  ^  L  R  R  ^  R  ^  L  
^  L  L  L  R  ^  ^  ^  L  R  ^  R  R  ^  L  L  ^  R  R  ^  L  R  R  ^  R  R  ^  ^  
^  L  L  L  L  R  ^  ^  R  ^  R  R  R  ^  L  L  R  R  R  ^  L  L  L  R  R  ^  ^  ^  
^  L  L  L  L  <  R  R  ^  R  R  R  R  ^  L  L  R  ^  L  ^  L  L  R  R  ^  R  ^  L  
^  R  R  ^  L  L  L  R  R  R  R  R  R  ^  L  L  R  ^  L  L  ^  L  L  L  R  ^  R  ^  
R  R  R  ^  L  L  L  L  R  R  R  R  R  ^  L  L  L  L  ^  L  R  R  ^  R  ^  L  ^  ^  
R  R  R  ^  L  L  L  L  R  R  R  R  R  R  ^  L  L  ^  L  R  ^  L  R  ^  L  ^  L  ^  
R  R  ^  ^  ^  L  L  L  R  R  R  R  R  ^  R  ^  L  L  ^  L  L  R  ^  R  ^  L  ^  L  
Correct actions (%) : 12.77
Avg angular diffs   : 81.06
