arguments: 64 19 3 -0.665417 0.16625 -0.00166667 -0.166667
loading features...

Initializing gridworld of size 28 by 22..
    Num states: 616
    Num actions: 8
recovered reward
-0.17, -0.17, -0.17, -0.17, -0.17, -0.17, -0.17, -0.17, -0.17, -0.17, -0.17, -0.17, -0.17, -0.17, -0.13, -0.00, -0.13, -0.17, -0.17, -0.17, -0.17, -0.17, -0.17, -0.17, -0.17, -0.17, -0.17, -0.17, 
-0.17, -0.17, -0.17, -0.17, -0.17, -0.33, -0.50, -0.33, -0.17, -0.17, -0.17, -0.17, -0.17, -0.17, -0.16, -0.13, -0.16, -0.17, -0.17, -0.17, -0.17, -0.16, -0.13, -0.16, -0.17, -0.17, -0.17, -0.17, 
-0.17, -0.17, -0.17, -0.17, -0.17, -0.50, -0.83, -0.50, -0.33, -0.50, -0.33, -0.17, -0.17, -0.17, -0.17, -0.17, -0.17, -0.17, -0.17, -0.17, -0.17, -0.13, -0.00, -0.13, -0.17, -0.17, -0.17, -0.17, 
-0.17, -0.33, -0.50, -0.33, -0.17, -0.33, -0.50, -0.33, -0.50, -0.83, -0.33, -0.50, -0.33, -0.17, -0.17, -0.17, -0.17, -0.17, -0.17, -0.17, -0.17, -0.16, -0.13, -0.16, -0.17, -0.33, -0.50, -0.33, 
-0.17, -0.50, -0.83, -0.50, -0.33, -0.50, -0.33, -0.17, -0.33, -0.50, -0.50, -0.83, -0.50, -0.17, -0.17, -0.17, -0.17, -0.17, -0.17, -0.17, -0.17, -0.17, -0.17, -0.17, -0.16, -0.46, -0.82, -0.50, 
-0.17, -0.33, -0.50, -0.33, -0.50, -0.83, -0.50, -0.17, -0.17, -0.17, -0.33, -0.50, -0.33, -0.17, -0.17, -0.17, -0.17, -0.17, -0.17, -0.17, -0.17, -0.17, -0.17, -0.17, -0.13, -0.17, -0.46, -0.33, 
-0.17, -0.17, -0.17, -0.17, -0.33, -0.50, -0.33, -0.17, -0.17, -0.17, -0.17, -0.17, -0.17, -0.17, -0.17, -0.17, -0.17, -0.17, -0.17, -0.17, -0.17, -0.17, -0.17, -0.17, -0.16, -0.13, -0.16, -0.17, 
-0.17, -0.17, -0.17, -0.17, -0.17, -0.17, -0.17, -0.17, -0.17, -0.17, -0.17, -0.17, -0.17, -0.17, -0.17, -0.17, -0.17, -0.17, -0.17, -0.17, -0.17, -0.17, -0.17, -0.17, -0.17, -0.17, -0.17, -0.17, 
-0.17, -0.17, -0.17, -0.17, -0.17, -0.17, -0.17, -0.17, -0.17, -0.17, -0.17, -0.17, -0.17, -0.17, -0.17, -0.17, -0.17, -0.17, -0.17, -0.17, -0.17, -0.17, -0.17, -0.17, -0.17, -0.17, -0.17, -0.17, 
-0.17, -0.16, -0.13, -0.16, -0.17, -0.17, -0.17, -0.17, -0.17, -0.17, -0.17, -0.17, -0.17, -0.17, -0.17, -0.33, -0.50, -0.33, -0.17, -0.17, -0.17, -0.17, -0.17, -0.17, -0.17, -0.17, -0.17, -0.17, 
-0.17, -0.13, -0.00, -0.13, -0.16, -0.29, -0.49, -0.29, -0.16, -0.32, -0.46, -0.32, -0.17, -0.17, -0.17, -0.50, -0.83, -0.50, -0.17, -0.17, -0.17, -0.17, -0.17, -0.17, -0.17, -0.17, -0.17, -0.17, 
-0.17, -0.16, -0.13, -0.16, -0.13, -0.33, -0.79, -0.33, -0.13, -0.46, -0.67, -0.46, -0.17, -0.17, -0.17, -0.33, -0.50, -0.33, -0.17, -0.33, -0.50, -0.33, -0.17, -0.17, -0.17, -0.17, -0.17, -0.17, 
-0.17, -0.17, -0.17, -0.17, -0.16, -0.29, -0.49, -0.29, -0.16, -0.32, -0.46, -0.32, -0.13, -0.16, -0.17, -0.16, -0.13, -0.16, -0.17, -0.50, -0.83, -0.50, -0.17, -0.17, -0.17, -0.17, -0.17, -0.17, 
-0.17, -0.17, -0.17, -0.17, -0.17, -0.17, -0.17, -0.17, -0.17, -0.17, -0.17, -0.13, -0.00, -0.13, -0.17, -0.13, -0.00, -0.13, -0.16, -0.29, -0.49, -0.33, -0.17, -0.17, -0.17, -0.17, -0.17, -0.17, 
-0.17, -0.17, -0.17, -0.17, -0.17, -0.17, -0.17, -0.16, -0.13, -0.32, -0.50, -0.32, -0.13, -0.16, -0.17, -0.16, -0.13, -0.16, -0.13, -0.00, -0.13, -0.17, -0.17, -0.17, -0.17, -0.17, -0.17, -0.17, 
-0.17, -0.17, -0.17, -0.17, -0.17, -0.17, -0.17, -0.13, -0.00, -0.46, -0.82, -0.50, -0.17, -0.17, -0.17, -0.17, -0.17, -0.17, -0.16, -0.13, -0.16, -0.17, -0.17, -0.17, -0.17, -0.17, -0.17, -0.17, 
-0.17, -0.17, -0.17, -0.17, -0.17, -0.17, -0.17, -0.16, -0.13, -0.32, -0.46, -0.33, -0.17, -0.17, -0.17, -0.17, -0.17, -0.17, -0.17, -0.17, -0.17, -0.17, -0.17, -0.17, -0.17, -0.17, -0.17, -0.17, 
-0.17, -0.17, -0.17, -0.17, -0.17, -0.17, -0.17, -0.17, -0.16, -0.29, -0.49, -0.33, -0.17, -0.17, -0.17, -0.17, -0.17, -0.17, -0.17, -0.17, -0.17, -0.17, -0.17, -0.17, -0.17, -0.17, -0.17, -0.17, 
-0.17, -0.17, -0.17, -0.17, -0.17, -0.17, -0.17, -0.17, -0.17, -0.50, -0.83, -0.50, -0.17, -0.17, -0.17, -0.17, -0.17, -0.17, -0.17, -0.17, -0.17, -0.17, -0.17, -0.17, -0.17, -0.17, -0.17, -0.17, 
-0.17, -0.17, -0.17, -0.17, -0.17, -0.17, -0.17, -0.17, -0.17, -0.33, -0.50, -0.33, -0.17, -0.17, -0.17, -0.17, -0.17, -0.17, -0.17, -0.17, -0.17, -0.17, -0.17, -0.17, -0.17, -0.17, -0.17, -0.17, 
-0.17, -0.17, -0.17, -0.17, -0.17, -0.17, -0.17, -0.17, -0.17, -0.17, -0.17, -0.17, -0.17, -0.17, -0.17, -0.17, -0.17, -0.17, -0.17, -0.17, -0.17, -0.17, -0.17, -0.17, -0.17, -0.17, -0.17, -0.17, 
-0.17, -0.17, -0.17, -0.17, -0.17, -0.17, -0.17, -0.17, -0.17, -0.17, -0.17, -0.17, -0.17, -0.17, -0.17, -0.17, -0.17, -0.17, -0.17, -0.17, -0.17, -0.17, -0.17, -0.17, -0.17, -0.17, -0.17, -0.17, 
-- optimal policy --
v  l  v  >  >  >  >  >  >  >  >  >  >  >  >  ^  <  <  <  <  r  r  v  l  l  l  l  l  
v  v  l  R  R  R  R  R  R  R  R  R  R  R  R  ^  L  L  L  <  r  r  v  l  l  l  l  <  
v  l  <  R  ^  L  R  R  R  R  R  R  R  R  R  ^  L  L  L  L  >  >  v  <  <  <  <  L  
v  l  L  L  ^  L  r  v  l  R  R  R  R  R  ^  L  L  L  L  L  R  R  ^  L  L  <  L  L  
v  l  l  v  l  L  r  r  v  R  ^  R  R  ^  L  ^  L  L  L  L  R  R  ^  L  L  L  l  v  
v  l  l  v  l  l  r  v  l  r  r  r  R  ^  L  ^  L  ^  L  L  L  R  ^  L  L  L  l  l  
v  l  v  l  v  l  l  l  l  >  >  >  R  ^  ^  ^  R  ^  ^  L  L  L  L  R  ^  L  <  <  
r  v  v  v  l  l  l  l  <  r  R  R  ^  L  ^  L  R  ^  ^  L  L  L  R  R  R  ^  L  L  
r  r  v  l  l  l  l  l  l  >  r  v  l  v  v  l  ^  r  v  v  v  l  R  R  ^  L  L  L  
r  r  v  l  l  l  <  <  v  l  >  r  v  r  v  l  L  r  v  v  l  l  R  R  ^  L  ^  L  
>  >  >  <  <  l  L  r  v  l  R  r  r  v  l  l  l  r  v  l  <  <  v  v  l  l  L  ^  
R  R  ^  L  L  <  l  r  v  l  r  r  v  l  l  r  v  l  l  l  L  r  v  l  l  l  l  L  
R  R  ^  L  L  L  r  v  r  r  r  r  v  l  l  r  v  l  l  l  l  r  v  l  l  <  <  <  
R  ^  L  ^  L  r  r  r  v  l  >  >  v  <  <  >  v  <  r  v  l  l  l  <  l  l  l  l  
^  L  ^  L  r  >  r  r  v  l  R  R  ^  L  L  R  ^  L  >  v  <  <  <  l  <  l  l  l  
^  L  L  r  >  r  >  >  v  <  R  R  ^  L  L  R  ^  R  R  ^  L  L  <  l  l  l  l  l  
^  ^  r  >  r  >  R  R  ^  L  <  R  R  ^  L  ^  R  R  R  ^  L  L  L  <  <  <  <  <  
^  >  >  r  >  R  R  R  ^  L  L  R  ^  L  ^  L  R  R  ^  ^  L  L  L  L  L  <  L  L  
>  R  R  >  R  R  R  R  ^  L  L  R  R  R  ^  R  R  ^  L  ^  ^  L  L  L  L  L  <  <  
R  R  >  R  R  R  R  R  ^  L  l  R  ^  ^  R  R  R  ^  ^  L  ^  L  L  L  L  L  L  <  
R  >  R  R  R  R  R  R  ^  L  <  <  ^  R  R  ^  R  R  ^  ^  L  ^  L  L  L  L  L  L  
>  R  R  R  R  R  R  ^  ^  ^  L  L  R  R  ^  R  ^  ^  ^  L  ^  L  ^  ^  L  L  L  L  
Total actions tested : 46
Correct actions (%) : 15.22
Avg angular diffs   : 71.41
