arguments: 64 21 2 0.530875 -0.180103 0.117496 -0.171527

Initializing gridworld of size 28 by 22..
    Num states: 616
    Num actions: 8
recovered reward
-0.17, -0.17, -0.17, -0.17, -0.17, -0.17, -0.17, -0.17, -0.17, -0.17, -0.17, -0.17, -0.17, -0.17, -0.17, -0.17, -0.17, -0.17, -0.17, -0.17, -0.17, -0.17, -0.17, -0.17, -0.17, -0.17, -0.17, -0.17, 
-0.17, -0.17, -0.17, -0.17, -0.17, -0.17, -0.17, -0.17, -0.17, -0.17, -0.17, -0.17, -0.17, -0.17, -0.17, -0.17, -0.17, -0.17, -0.17, -0.17, -0.17, -0.17, -0.17, -0.17, -0.17, -0.17, -0.17, -0.17, 
-0.17, -0.17, -0.17, -0.17, -0.17, -0.17, -0.17, -0.17, -0.17, -0.17, -0.17, -0.17, -0.17, -0.17, -0.17, -0.17, -0.17, -0.17, -0.17, -0.17, -0.17, -0.17, -0.17, -0.17, -0.17, -0.17, -0.17, -0.17, 
-0.17, -0.17, -0.17, -0.17, -0.17, -0.17, -0.17, -0.17, -0.17, -0.17, -0.17, -0.17, -0.17, -0.17, -0.17, -0.17, -0.17, -0.17, -0.17, -0.17, -0.17, -0.17, -0.17, -0.17, -0.17, -0.17, -0.17, -0.17, 
-0.17, -0.17, -0.17, -0.17, -0.17, -0.17, -0.17, -0.17, -0.17, -0.17, -0.17, -0.17, -0.17, -0.17, -0.17, -0.17, -0.17, -0.17, -0.17, -0.17, -0.17, -0.17, -0.17, -0.17, -0.17, -0.17, -0.17, -0.17, 
-0.17, -0.17, -0.17, -0.17, -0.17, -0.17, -0.17, -0.17, -0.17, -0.17, -0.17, -0.17, -0.17, -0.17, -0.17, -0.17, -0.17, -0.17, -0.17, -0.17, -0.17, -0.17, -0.17, -0.17, -0.17, -0.17, -0.17, -0.17, 
-0.17, -0.17, -0.17, -0.17, -0.17, -0.17, -0.17, -0.17, -0.17, -0.17, -0.17, -0.17, -0.17, -0.17, -0.17, -0.17, -0.17, -0.17, -0.17, -0.17, -0.17, -0.17, -0.17, -0.17, -0.17, -0.17, -0.17, -0.17, 
-0.17, -0.17, -0.17, -0.17, -0.17, -0.17, -0.17, -0.17, -0.17, -0.17, -0.17, -0.17, -0.17, -0.17, -0.17, -0.17, -0.17, -0.17, -0.17, -0.17, -0.17, -0.17, -0.17, -0.17, -0.17, -0.17, -0.17, -0.17, 
-0.17, -0.17, -0.17, -0.17, -0.17, -0.17, -0.17, -0.17, -0.17, -0.17, -0.17, -0.17, -0.17, -0.17, -0.17, -0.17, -0.17, -0.17, -0.17, -0.17, -0.17, -0.17, -0.17, -0.17, -0.17, -0.17, -0.17, -0.17, 
-0.17, -0.17, -0.17, -0.17, -0.17, -0.17, -0.17, -0.17, -0.17, -0.17, -0.17, -0.17, -0.17, -0.17, -0.17, -0.17, -0.17, -0.17, -0.17, -0.17, -0.17, -0.17, -0.17, -0.17, -0.17, -0.17, -0.17, -0.17, 
-0.17, -0.17, -0.17, -0.17, -0.17, -0.17, -0.17, -0.17, -0.17, -0.17, -0.17, -0.17, -0.17, -0.17, -0.17, -0.17, -0.17, -0.17, -0.17, -0.17, -0.17, -0.17, -0.17, -0.17, -0.17, -0.17, -0.17, -0.17, 
-0.17, -0.17, -0.17, -0.17, -0.17, -0.17, -0.17, -0.17, -0.17, -0.17, -0.17, -0.17, -0.17, -0.17, -0.17, -0.17, -0.17, -0.17, -0.17, -0.17, -0.17, -0.17, -0.17, -0.17, -0.17, -0.17, -0.17, -0.17, 
-0.17, -0.17, -0.17, -0.17, -0.17, -0.17, -0.17, -0.17, -0.17, -0.17, -0.17, -0.17, -0.17, -0.17, -0.17, -0.17, -0.17, -0.17, -0.17, -0.17, -0.17, -0.17, -0.17, -0.17, -0.17, -0.17, -0.17, -0.17, 
-0.17, -0.17, -0.17, -0.17, -0.17, -0.17, -0.17, -0.17, -0.17, -0.17, -0.17, -0.17, -0.17, -0.17, -0.17, -0.17, -0.17, -0.17, -0.17, -0.17, -0.17, -0.17, -0.17, -0.17, -0.17, -0.17, -0.17, -0.17, 
-0.17, -0.17, -0.17, -0.17, -0.17, -0.17, -0.17, -0.17, -0.17, -0.17, -0.17, -0.17, -0.17, -0.17, -0.17, -0.17, -0.17, -0.17, -0.17, -0.17, -0.17, -0.17, -0.17, -0.17, -0.17, -0.17, -0.17, -0.17, 
-0.17, -0.17, -0.17, -0.17, -0.17, -0.17, -0.17, -0.17, -0.17, -0.17, -0.17, -0.17, -0.17, -0.17, -0.17, -0.17, -0.17, -0.17, -0.17, -0.17, -0.17, -0.17, -0.17, -0.17, -0.17, -0.17, -0.17, -0.17, 
-0.17, -0.17, -0.17, -0.17, -0.17, -0.17, -0.17, -0.17, -0.17, -0.17, -0.17, -0.17, -0.17, -0.17, -0.17, -0.17, -0.17, -0.17, -0.17, -0.17, -0.17, -0.17, -0.17, -0.17, -0.17, -0.17, -0.17, -0.17, 
-0.17, -0.17, -0.17, -0.17, -0.17, -0.17, -0.17, -0.17, -0.17, -0.17, -0.17, -0.17, -0.17, -0.17, -0.17, -0.17, -0.17, -0.17, -0.17, -0.17, -0.17, -0.17, -0.17, -0.17, -0.17, -0.17, -0.17, -0.17, 
-0.17, -0.17, -0.17, -0.17, -0.17, -0.17, -0.17, -0.17, -0.17, -0.17, -0.17, -0.17, -0.17, -0.17, -0.17, -0.17, -0.17, -0.17, -0.17, -0.17, -0.17, -0.17, -0.17, -0.17, -0.17, -0.17, -0.17, -0.17, 
-0.17, -0.17, -0.17, -0.17, -0.17, -0.17, -0.17, -0.17, -0.17, -0.17, -0.17, -0.17, -0.17, -0.17, -0.17, -0.17, -0.17, -0.17, -0.17, -0.17, -0.17, -0.17, -0.17, -0.17, -0.17, -0.17, -0.17, -0.17, 
-0.17, -0.17, -0.17, -0.17, -0.17, -0.17, -0.17, -0.17, -0.17, -0.17, -0.17, -0.17, -0.17, -0.17, -0.17, -0.17, -0.17, -0.17, -0.17, -0.17, -0.17, -0.17, -0.17, -0.17, -0.17, -0.17, -0.17, -0.17, 
-0.17, -0.17, -0.17, -0.17, -0.17, -0.17, -0.17, -0.17, -0.17, -0.17, -0.17, -0.17, -0.17, -0.17, -0.17, -0.17, -0.17, -0.17, -0.17, -0.17, -0.17, -0.17, -0.17, -0.17, -0.17, -0.17, -0.17, -0.17, 
-- optimal policy --
l  v  R  >  <  ^  ^  R  v  r  l  L  l  <  l  R  r  l  >  >  L  L  ^  r  l  l  R  ^  
<  L  r  ^  R  L  >  r  R  >  R  l  >  >  <  v  R  v  l  L  r  v  r  >  l  r  >  L  
l  ^  L  ^  L  L  v  v  ^  L  ^  R  ^  R  L  >  ^  l  L  R  r  <  v  l  L  v  <  <  
^  R  l  l  R  <  r  v  l  ^  <  r  L  <  L  L  ^  ^  r  ^  r  >  l  l  l  r  R  <  
^  r  L  v  L  <  r  v  L  l  <  >  l  L  <  >  l  l  r  l  r  r  r  l  <  R  L  ^  
L  v  <  R  ^  l  l  L  ^  R  R  R  L  r  ^  <  >  <  R  <  ^  R  ^  r  L  r  R  l  
L  <  r  v  >  v  l  L  ^  L  ^  ^  v  l  R  R  R  R  ^  v  r  R  >  ^  <  >  r  l  
>  R  R  r  r  L  ^  <  R  l  l  R  <  r  l  L  R  >  v  <  v  v  >  ^  r  l  ^  v  
<  ^  ^  R  R  R  L  L  v  R  l  l  >  R  L  l  L  <  <  v  R  >  >  l  R  r  r  L  
R  r  R  r  r  R  L  L  <  v  ^  >  l  r  <  v  L  l  r  ^  ^  v  v  R  R  L  L  <  
>  >  l  v  <  >  ^  <  v  R  l  >  l  r  r  L  l  v  R  <  r  R  <  r  l  >  L  >  
r  ^  R  >  >  >  L  l  r  L  ^  ^  v  l  >  r  R  <  >  >  >  v  R  <  l  r  v  L  
<  l  ^  <  l  R  R  <  v  v  ^  ^  R  ^  ^  r  l  >  l  L  l  <  r  v  >  R  L  v  
L  R  R  r  >  R  v  <  >  l  L  L  r  L  L  L  L  L  >  <  r  <  l  R  L  l  r  r  
>  >  ^  r  ^  R  l  L  >  r  l  l  R  <  <  L  l  l  v  <  <  L  L  v  l  >  r  <  
v  l  v  L  v  v  >  v  r  <  R  <  v  >  ^  r  R  <  >  >  ^  L  R  <  v  <  >  r  
R  <  <  l  ^  >  <  v  R  R  >  L  r  ^  l  v  L  l  ^  v  ^  >  R  ^  ^  <  <  v  
L  R  ^  v  ^  <  r  ^  l  v  <  >  r  R  r  l  R  R  r  v  >  r  >  >  >  ^  >  >  
<  R  L  r  <  L  ^  <  r  ^  >  R  v  R  ^  ^  <  r  r  r  L  l  v  r  l  L  <  v  
L  R  L  l  <  ^  R  L  L  l  r  >  l  <  ^  r  r  ^  ^  v  r  r  ^  >  R  v  <  >  
R  L  L  v  v  ^  ^  >  ^  R  ^  R  >  r  ^  v  v  v  v  ^  v  v  v  v  ^  v  L  R  
>  r  v  ^  >  R  <  R  l  <  ^  l  r  ^  >  >  r  L  L  ^  R  R  ^  l  l  v  r  l  
