arguments: 64 9 3 -0.665417 0.16625 -0.00166667 -0.166667
loading features...

Initializing gridworld of size 28 by 22..
    Num states: 616
    Num actions: 8
recovered reward
-0.17, -0.17, -0.17, -0.17, -0.17, -0.17, -0.17, -0.17, -0.17, -0.17, -0.17, -0.17, -0.17, -0.17, -0.17, -0.17, -0.17, -0.17, -0.17, -0.17, -0.17, -0.17, -0.17, -0.17, -0.17, -0.17, -0.17, -0.17, 
-0.17, -0.17, -0.17, -0.17, -0.17, -0.17, -0.17, -0.17, -0.17, -0.17, -0.17, -0.17, -0.17, -0.17, -0.17, -0.17, -0.17, -0.17, -0.17, -0.17, -0.17, -0.17, -0.17, -0.17, -0.16, -0.13, -0.16, -0.17, 
-0.17, -0.17, -0.17, -0.17, -0.17, -0.17, -0.17, -0.17, -0.17, -0.17, -0.17, -0.17, -0.17, -0.17, -0.17, -0.17, -0.17, -0.17, -0.17, -0.17, -0.17, -0.17, -0.17, -0.17, -0.13, -0.00, -0.13, -0.17, 
-0.17, -0.17, -0.17, -0.17, -0.17, -0.17, -0.17, -0.17, -0.17, -0.17, -0.17, -0.17, -0.17, -0.33, -0.50, -0.33, -0.17, -0.17, -0.17, -0.17, -0.17, -0.33, -0.50, -0.34, -0.16, -0.13, -0.16, -0.17, 
-0.17, -0.17, -0.17, -0.17, -0.17, -0.17, -0.17, -0.17, -0.17, -0.17, -0.17, -0.17, -0.16, -0.46, -0.82, -0.50, -0.17, -0.17, -0.17, -0.17, -0.16, -0.46, -0.82, -0.50, -0.17, -0.17, -0.17, -0.17, 
-0.17, -0.17, -0.17, -0.17, -0.17, -0.17, -0.17, -0.17, -0.17, -0.17, -0.17, -0.17, -0.13, -0.17, -0.46, -0.33, -0.17, -0.17, -0.17, -0.17, -0.13, -0.17, -0.46, -0.33, -0.17, -0.17, -0.17, -0.17, 
-0.17, -0.17, -0.17, -0.17, -0.17, -0.17, -0.17, -0.17, -0.17, -0.17, -0.17, -0.17, -0.16, -0.13, -0.16, -0.16, -0.17, -0.17, -0.17, -0.17, -0.16, -0.13, -0.16, -0.17, -0.17, -0.17, -0.17, -0.17, 
-0.17, -0.17, -0.17, -0.17, -0.17, -0.17, -0.17, -0.17, -0.17, -0.17, -0.17, -0.17, -0.17, -0.13, -0.00, -0.13, -0.17, -0.17, -0.17, -0.17, -0.17, -0.17, -0.17, -0.17, -0.17, -0.17, -0.17, -0.17, 
-0.17, -0.17, -0.17, -0.17, -0.17, -0.17, -0.33, -0.50, -0.33, -0.17, -0.16, -0.13, -0.16, -0.16, -0.13, -0.16, -0.17, -0.17, -0.17, -0.16, -0.13, -0.16, -0.17, -0.17, -0.17, -0.17, -0.17, -0.17, 
-0.17, -0.17, -0.17, -0.17, -0.17, -0.17, -0.50, -0.82, -0.46, -0.16, -0.13, -0.00, -0.13, -0.17, -0.17, -0.17, -0.17, -0.17, -0.17, -0.13, -0.00, -0.13, -0.17, -0.17, -0.17, -0.17, -0.17, -0.17, 
-0.17, -0.17, -0.17, -0.33, -0.50, -0.33, -0.32, -0.46, -0.32, -0.29, -0.49, -0.29, -0.16, -0.33, -0.50, -0.33, -0.17, -0.17, -0.17, -0.16, -0.13, -0.16, -0.17, -0.17, -0.17, -0.17, -0.17, -0.17, 
-0.17, -0.17, -0.17, -0.50, -0.83, -0.50, -0.46, -0.67, -0.46, -0.49, -0.83, -0.50, -0.17, -0.50, -0.83, -0.50, -0.17, -0.17, -0.17, -0.33, -0.50, -0.33, -0.17, -0.17, -0.17, -0.17, -0.17, -0.17, 
-0.17, -0.17, -0.17, -0.33, -0.50, -0.33, -0.49, -0.29, -0.32, -0.33, -0.50, -0.33, -0.50, -0.33, -0.50, -0.33, -0.17, -0.17, -0.17, -0.50, -0.83, -0.50, -0.17, -0.17, -0.17, -0.17, -0.17, -0.17, 
-0.17, -0.17, -0.17, -0.17, -0.17, -0.50, -0.83, -0.50, -0.17, -0.16, -0.13, -0.49, -0.83, -0.50, -0.17, -0.17, -0.17, -0.17, -0.17, -0.33, -0.50, -0.34, -0.17, -0.17, -0.17, -0.17, -0.17, -0.17, 
-0.17, -0.17, -0.17, -0.17, -0.17, -0.33, -0.50, -0.33, -0.17, -0.13, -0.00, -0.29, -0.50, -0.33, -0.17, -0.17, -0.17, -0.17, -0.17, -0.17, -0.17, -0.17, -0.17, -0.17, -0.16, -0.13, -0.16, -0.17, 
-0.17, -0.17, -0.17, -0.17, -0.17, -0.17, -0.17, -0.17, -0.17, -0.16, -0.13, -0.16, -0.17, -0.17, -0.17, -0.17, -0.17, -0.17, -0.17, -0.16, -0.13, -0.16, -0.17, -0.17, -0.13, -0.00, -0.13, -0.17, 
-0.17, -0.17, -0.17, -0.17, -0.17, -0.16, -0.13, -0.16, -0.17, -0.17, -0.17, -0.17, -0.17, -0.17, -0.17, -0.17, -0.17, -0.17, -0.17, -0.13, -0.00, -0.13, -0.17, -0.17, -0.16, -0.13, -0.16, -0.17, 
-0.17, -0.17, -0.17, -0.17, -0.17, -0.13, -0.00, -0.13, -0.17, -0.17, -0.17, -0.33, -0.50, -0.33, -0.17, -0.17, -0.17, -0.17, -0.17, -0.16, -0.13, -0.16, -0.17, -0.17, -0.17, -0.17, -0.17, -0.17, 
-0.17, -0.17, -0.17, -0.17, -0.17, -0.16, -0.13, -0.16, -0.17, -0.17, -0.17, -0.50, -0.83, -0.50, -0.33, -0.50, -0.33, -0.17, -0.17, -0.17, -0.17, -0.17, -0.17, -0.17, -0.17, -0.17, -0.17, -0.17, 
-0.17, -0.17, -0.17, -0.17, -0.17, -0.17, -0.17, -0.17, -0.17, -0.17, -0.17, -0.33, -0.50, -0.33, -0.50, -0.83, -0.50, -0.17, -0.17, -0.17, -0.17, -0.17, -0.17, -0.17, -0.17, -0.17, -0.17, -0.17, 
-0.17, -0.17, -0.17, -0.17, -0.17, -0.17, -0.17, -0.17, -0.17, -0.17, -0.17, -0.17, -0.17, -0.17, -0.33, -0.50, -0.33, -0.17, -0.17, -0.17, -0.17, -0.17, -0.17, -0.17, -0.17, -0.17, -0.17, -0.17, 
-0.17, -0.17, -0.17, -0.17, -0.17, -0.17, -0.17, -0.17, -0.17, -0.17, -0.17, -0.17, -0.17, -0.17, -0.17, -0.17, -0.17, -0.17, -0.17, -0.17, -0.17, -0.17, -0.17, -0.17, -0.17, -0.17, -0.17, -0.17, 
-- optimal policy --
r  r  r  r  r  r  >  r  r  r  r  r  v  l  v  l  r  v  r  >  r  >  r  r  r  v  l  l  
>  r  r  r  r  v  r  >  r  r  r  r  r  v  l  r  v  v  l  r  >  r  >  r  r  v  l  l  
>  >  r  r  r  r  v  r  >  r  r  r  v  l  <  r  r  v  v  l  R  >  R  >  >  >  <  <  
r  >  >  r  r  r  r  v  >  >  r  r  v  l  L  r  r  v  l  r  v  R  R  R  R  ^  L  L  
>  r  >  >  r  r  r  r  v  r  >  r  v  l  l  r  v  l  l  r  v  l  l  R  R  ^  L  L  
r  >  r  >  >  r  r  r  r  v  r  >  r  v  l  v  l  l  r  r  r  v  l  R  ^  L  L  L  
>  r  >  r  >  >  r  r  r  r  v  R  >  r  v  l  l  l  r  v  l  v  l  l  l  L  ^  ^  
v  >  r  >  r  >  >  >  r  r  r  v  l  >  v  <  <  r  r  r  v  l  l  l  l  l  L  ^  
r  v  >  r  >  R  R  R  r  r  r  v  l  R  ^  L  L  >  r  r  v  l  l  <  <  l  l  L  
v  l  l  >  R  ^  L  r  >  >  >  >  <  <  ^  L  L  r  >  >  v  <  <  l  l  l  l  v  
r  v  v  l  R  ^  L  >  R  R  R  ^  L  L  L  L  L  >  R  R  ^  L  L  <  <  l  v  v  
r  r  v  l  r  v  r  r  R  ^  R  R  ^  L  L  R  >  R  R  R  ^  L  L  L  L  r  r  v  
r  r  r  v  l  l  >  r  r  r  v  l  ^  L  r  >  R  R  ^  L  L  R  ^  r  v  v  v  l  
r  r  r  r  v  l  R  >  r  r  v  l  l  r  v  R  r  r  r  r  r  v  r  r  r  v  l  l  
r  r  r  r  r  v  v  r  >  >  v  <  l  l  l  r  r  r  r  r  v  l  l  r  r  v  l  l  
>  r  >  r  r  r  v  l  R  R  ^  L  <  <  l  r  r  r  r  r  v  l  l  >  >  v  <  <  
r  >  r  >  r  r  v  l  l  R  ^  L  L  L  <  r  >  r  >  >  v  <  <  R  R  ^  L  L  
>  r  >  r  >  >  v  <  <  R  ^  L  L  L  L  >  r  >  R  R  ^  L  L  R  R  ^  L  L  
r  >  r  >  R  R  ^  L  L  <  ^  L  L  R  ^  R  >  R  R  R  ^  L  L  L  ^  ^  L  L  
r  r  >  R  R  R  ^  L  L  L  <  L  l  l  l  R  R  R  R  ^  L  ^  L  L  L  ^  ^  L  
r  >  R  R  R  ^  R  ^  L  L  L  <  <  <  r  r  R  R  ^  R  ^  L  ^  L  L  L  ^  ^  
>  R  R  R  ^  R  ^  L  L  L  L  L  L  <  >  >  R  ^  R  ^  ^  ^  L  ^  L  L  L  ^  
Total actions tested : 47
Correct actions (%) : 6.38
Avg angular diffs   : 81.38
