arguments: 64 5 1 -0.000744048 -0.889881 -0.0101687 -0.0992064
loading features...

Initializing gridworld of size 28 by 22..
    Num states: 616
    Num actions: 8
recovered reward
-0.10, -0.10, -0.10, -0.10, -0.10, -0.10, -0.10, -0.10, -0.10, -0.10, -0.10, -0.10, -0.10, -0.10, -0.10, -0.10, -0.10, -0.10, -0.10, -0.10, -0.10, -0.10, -0.10, -0.10, -0.10, -0.10, -0.10, -0.10, 
-0.10, -0.10, -0.10, -0.10, -0.10, -0.10, -0.10, -0.10, -0.10, -0.10, -0.10, -0.10, -0.10, -0.10, -0.10, -0.10, -0.10, -0.10, -0.10, -0.10, -0.10, -0.10, -0.10, -0.10, -0.10, -0.10, -0.10, -0.10, 
-0.10, -0.10, -0.32, -0.54, -0.32, -0.10, -0.10, -0.10, -0.10, -0.10, -0.10, -0.10, -0.10, -0.10, -0.10, -0.10, -0.10, -0.10, -0.10, -0.10, -0.10, -0.10, -0.10, -0.10, -0.10, -0.10, -0.12, -0.10, 
-0.10, -0.10, -0.54, -0.99, -0.54, -0.10, -0.10, -0.10, -0.10, -0.11, -0.10, -0.10, -0.11, -0.10, -0.10, -0.32, -0.54, -0.32, -0.54, -0.32, -0.32, -0.10, -0.10, -0.10, -0.10, -0.10, -0.10, -0.10, 
-0.10, -0.10, -0.32, -0.54, -0.32, -0.10, -0.10, -0.10, -0.10, -0.10, -0.10, -0.10, -0.10, -0.10, -0.10, -0.54, -0.99, -0.54, -0.99, -0.54, -0.54, -0.10, -0.10, -0.10, -0.32, -0.54, -0.32, -0.10, 
-0.10, -0.10, -0.10, -0.32, -0.54, -0.32, -0.10, -0.11, -0.10, -0.10, -0.10, -0.10, -0.10, -0.10, -0.10, -0.32, -0.54, -0.32, -0.54, -0.32, -0.32, -0.10, -0.10, -0.10, -0.54, -0.99, -0.57, -0.10, 
-0.10, -0.10, -0.10, -0.54, -0.99, -0.54, -0.10, -0.10, -0.10, -0.10, -0.10, -0.10, -0.10, -0.11, -0.10, -0.10, -0.10, -0.10, -0.10, -0.10, -0.10, -0.10, -0.10, -0.10, -0.32, -0.54, -0.32, -0.10, 
-0.10, -0.10, -0.10, -0.32, -0.54, -0.32, -0.10, -0.10, -0.10, -0.10, -0.10, -0.10, -0.10, -0.10, -0.10, -0.10, -0.10, -0.10, -0.10, -0.10, -0.10, -0.10, -0.10, -0.10, -0.10, -0.10, -0.10, -0.10, 
-0.10, -0.10, -0.10, -0.10, -0.10, -0.10, -0.10, -0.10, -0.10, -0.10, -0.10, -0.10, -0.10, -0.10, -0.11, -0.10, -0.32, -0.54, -0.32, -0.10, -0.10, -0.10, -0.10, -0.10, -0.10, -0.12, -0.10, -0.10, 
-0.10, -0.10, -0.10, -0.10, -0.10, -0.10, -0.10, -0.10, -0.10, -0.10, -0.10, -0.10, -0.10, -0.10, -0.10, -0.32, -0.54, -0.32, -0.54, -0.32, -0.10, -0.10, -0.10, -0.10, -0.10, -0.10, -0.10, -0.10, 
-0.10, -0.10, -0.10, -0.10, -0.10, -0.10, -0.10, -0.10, -0.10, -0.10, -0.10, -0.10, -0.10, -0.10, -0.10, -0.54, -1.00, -0.54, -0.99, -0.54, -0.10, -0.10, -0.10, -0.10, -0.10, -0.10, -0.10, -0.10, 
-0.10, -0.10, -0.10, -0.10, -0.10, -0.10, -0.10, -0.10, -0.10, -0.10, -0.10, -0.10, -0.10, -0.10, -0.10, -0.32, -0.54, -0.32, -0.54, -0.32, -0.10, -0.10, -0.10, -0.10, -0.12, -0.10, -0.10, -0.10, 
-0.10, -0.10, -0.10, -0.10, -0.10, -0.10, -0.10, -0.10, -0.10, -0.10, -0.10, -0.10, -0.10, -0.32, -0.54, -0.32, -0.10, -0.54, -0.99, -0.54, -0.10, -0.10, -0.10, -0.10, -0.10, -0.10, -0.10, -0.10, 
-0.10, -0.10, -0.10, -0.10, -0.10, -0.10, -0.10, -0.10, -0.10, -0.10, -0.10, -0.10, -0.10, -0.54, -0.99, -0.54, -0.10, -0.33, -0.54, -0.32, -0.10, -0.10, -0.10, -0.10, -0.10, -0.10, -0.10, -0.10, 
-0.10, -0.10, -0.10, -0.10, -0.10, -0.10, -0.10, -0.10, -0.10, -0.10, -0.10, -0.10, -0.10, -0.32, -0.54, -0.32, -0.10, -0.10, -0.10, -0.10, -0.10, -0.10, -0.12, -0.10, -0.10, -0.10, -0.10, -0.10, 
-0.10, -0.10, -0.10, -0.10, -0.10, -0.10, -0.10, -0.10, -0.10, -0.10, -0.10, -0.10, -0.10, -0.10, -0.10, -0.10, -0.10, -0.10, -0.10, -0.10, -0.10, -0.10, -0.10, -0.10, -0.10, -0.10, -0.10, -0.10, 
-0.10, -0.10, -0.10, -0.10, -0.10, -0.10, -0.10, -0.10, -0.10, -0.10, -0.10, -0.10, -0.10, -0.10, -0.10, -0.10, -0.10, -0.11, -0.10, -0.10, -0.10, -0.10, -0.10, -0.10, -0.10, -0.10, -0.10, -0.10, 
-0.10, -0.10, -0.10, -0.10, -0.10, -0.10, -0.10, -0.10, -0.10, -0.10, -0.10, -0.10, -0.10, -0.10, -0.10, -0.10, -0.10, -0.10, -0.32, -0.54, -0.32, -0.10, -0.10, -0.12, -0.10, -0.10, -0.10, -0.10, 
-0.10, -0.10, -0.10, -0.10, -0.10, -0.10, -0.10, -0.10, -0.10, -0.10, -0.10, -0.10, -0.10, -0.10, -0.10, -0.10, -0.10, -0.10, -0.54, -0.99, -0.54, -0.10, -0.10, -0.10, -0.10, -0.10, -0.10, -0.10, 
-0.10, -0.10, -0.10, -0.10, -0.10, -0.10, -0.10, -0.10, -0.10, -0.10, -0.10, -0.10, -0.10, -0.10, -0.10, -0.10, -0.11, -0.10, -0.32, -0.54, -0.34, -0.10, -0.10, -0.10, -0.10, -0.10, -0.10, -0.10, 
-0.10, -0.10, -0.10, -0.10, -0.10, -0.10, -0.10, -0.10, -0.10, -0.10, -0.10, -0.10, -0.10, -0.10, -0.10, -0.10, -0.10, -0.10, -0.10, -0.11, -0.10, -0.10, -0.10, -0.10, -0.10, -0.10, -0.10, -0.10, 
-0.10, -0.10, -0.10, -0.10, -0.10, -0.10, -0.10, -0.10, -0.10, -0.10, -0.10, -0.10, -0.10, -0.10, -0.10, -0.10, -0.10, -0.10, -0.10, -0.10, -0.10, -0.10, -0.10, -0.10, -0.10, -0.10, -0.10, -0.10, 
-- optimal policy --
L  <  R  L  ^  <  >  L  ^  <  R  ^  <  <  <  <  <  v  l  <  >  >  >  >  >  R  <  r  
^  R  ^  ^  ^  L  R  ^  ^  L  ^  ^  L  L  L  L  <  l  <  L  R  R  R  R  R  ^  >  >  
l  <  L  ^  r  v  v  v  v  l  r  v  l  r  R  ^  L  <  L  L  >  >  >  >  r  R  R  ^  
^  L  l  l  r  v  v  v  v  v  l  v  l  v  l  l  L  L  L  L  R  R  R  R  >  >  >  R  
v  l  l  l  >  r  v  l  v  l  <  l  <  r  v  l  r  v  l  v  r  r  v  R  R  R  >  >  
v  l  <  <  R  r  v  v  l  v  l  <  L  >  r  r  r  v  r  r  r  v  r  v  l  R  R  ^  
l  <  L  l  r  r  v  l  <  l  <  L  l  R  >  >  >  r  v  v  v  v  v  r  r  r  v  v  
L  <  l  r  r  r  v  l  v  l  L  v  l  l  R  >  >  >  r  v  v  v  v  v  >  >  r  v  
^  L  v  l  l  v  r  v  l  <  L  v  v  l  l  R  R  R  >  r  v  v  v  v  R  R  r  v  
L  <  v  l  <  r  v  l  <  v  v  v  v  v  l  l  L  R  R  >  r  v  v  l  <  R  r  r  
^  L  l  <  L  v  l  <  v  v  v  v  v  v  l  <  r  v  l  R  >  r  v  <  r  v  >  r  
v  l  <  L  v  r  v  v  v  v  v  v  v  l  <  r  v  l  <  r  v  >  v  <  >  r  R  ^  
l  <  L  v  l  >  r  v  v  v  v  v  v  l  L  >  v  <  r  r  v  v  l  <  >  >  r  v  
v  <  v  v  l  R  r  v  v  r  v  v  v  l  r  r  v  r  r  v  r  v  <  L  >  >  >  r  
<  <  r  v  l  l  r  v  r  v  r  v  v  r  v  l  r  v  >  r  v  l  <  v  R  R  R  ^  
L  <  >  r  v  l  >  v  >  r  >  r  v  >  v  <  v  r  v  r  v  l  <  v  v  >  >  r  
^  L  r  v  l  <  v  l  >  >  >  >  r  v  l  <  r  v  >  >  r  v  v  l  v  R  R  ^  
l  <  v  l  <  L  v  v  R  R  R  R  >  v  <  L  >  v  R  R  >  r  v  l  l  <  r  v  
^  L  l  ^  L  v  r  v  l  r  r  r  v  l  L  l  >  v  l  R  R  >  r  v  l  L  v  l  
v  l  v  v  v  l  v  r  r  v  r  v  l  v  l  v  v  l  <  l  r  v  v  l  <  r  v  v  
l  <  v  v  l  <  r  v  l  r  v  l  <  v  <  v  l  r  v  v  v  l  l  ^  L  v  >  >  
v  <  >  r  <  R  >  l  <  >  >  r  L  v  <  l  <  >  v  r  l  l  v  v  <  r  l  l  
Correct actions (%) : 6.52
Avg angular diffs   : 91.47
