arguments: 64 17 2 0.0011534 0.231449 0.690504 -0.0768935
loading features...

Initializing gridworld of size 28 by 22..
    Num states: 616
    Num actions: 8
recovered reward
-0.08, -0.08, -0.08, -0.08, -0.08, 0.48, -0.08, -0.08, 0.54, -0.08, -0.08, 0.61, -0.08, -0.08, -0.08, -0.08, -0.08, -0.08, -0.08, -0.08, -0.08, -0.08, -0.08, -0.08, -0.08, -0.08, -0.08, -0.08, 
-0.08, -0.08, -0.08, -0.08, -0.08, -0.08, -0.08, -0.08, -0.08, -0.08, -0.08, -0.08, -0.08, 0.68, -0.08, -0.08, -0.08, -0.08, -0.08, -0.08, -0.08, -0.08, -0.08, -0.08, -0.08, -0.08, -0.08, -0.08, 
-0.08, -0.08, -0.08, -0.08, 0.41, -0.08, -0.08, -0.08, -0.08, -0.08, -0.08, -0.08, -0.08, -0.08, -0.08, -0.08, -0.08, -0.08, -0.08, -0.08, -0.06, -0.02, -0.07, -0.08, -0.08, 1.79, -0.08, -0.08, 
-0.08, -0.08, -0.08, 0.34, -0.08, -0.08, -0.08, -0.08, -0.08, -0.08, -0.08, -0.08, -0.08, -0.08, -0.08, -0.08, -0.08, -0.08, -0.08, -0.08, -0.02, 0.15, -0.02, -0.08, -0.08, -0.08, -0.08, -0.08, 
-0.08, -0.08, -0.08, -0.08, -0.08, -0.08, -0.08, -0.06, -0.02, -0.06, -0.08, -0.08, -0.08, -0.08, 0.75, -0.08, -0.08, -0.08, -0.08, -0.08, -0.06, -0.02, -0.07, -0.08, 1.72, -0.08, -0.08, -0.08, 
-0.08, -0.08, -0.08, -0.08, -0.08, -0.08, -0.08, -0.02, 0.16, -0.02, -0.08, -0.08, -0.08, -0.08, -0.08, -0.08, -0.08, -0.08, -0.08, -0.08, -0.08, -0.08, -0.08, -0.08, -0.08, -0.08, -0.08, -0.08, 
-0.08, -0.08, 0.27, -0.08, -0.08, -0.08, -0.08, -0.07, -0.02, -0.07, -0.08, -0.08, 0.82, -0.08, -0.08, -0.08, -0.08, -0.08, -0.08, -0.08, -0.08, -0.08, -0.08, -0.08, -0.08, -0.08, -0.08, -0.08, 
-0.08, -0.08, -0.08, -0.08, -0.08, -0.08, -0.08, -0.08, -0.08, -0.08, -0.08, -0.08, -0.08, -0.08, -0.08, -0.08, -0.08, -0.08, -0.08, -0.08, -0.08, -0.08, 1.65, -0.08, -0.08, -0.08, -0.08, -0.08, 
-0.08, -0.08, -0.08, -0.08, -0.08, -0.08, -0.08, -0.08, -0.08, -0.08, -0.08, -0.07, -0.02, -0.07, -0.08, -0.08, -0.08, -0.08, -0.08, -0.08, -0.08, -0.08, -0.08, -0.08, -0.08, -0.08, -0.08, -0.08, 
-0.08, 0.20, -0.08, -0.08, -0.08, -0.08, -0.08, -0.08, -0.08, -0.08, -0.08, 0.95, 0.15, -0.02, -0.08, -0.07, -0.02, -0.07, -0.08, -0.08, -0.08, -0.08, -0.08, -0.08, -0.08, -0.08, -0.08, -0.08, 
-0.08, -0.08, -0.08, -0.08, -0.08, -0.08, -0.08, -0.08, -0.08, -0.08, -0.08, -0.07, -0.02, -0.07, -0.02, -0.02, 0.15, -0.02, -0.08, -0.08, -0.08, -0.08, -0.08, 1.58, -0.08, -0.08, -0.08, -0.08, 
-0.08, -0.08, -0.08, -0.08, -0.08, -0.08, -0.08, -0.08, -0.08, -0.08, -0.08, -0.08, -0.08, -0.02, 0.16, -0.06, -0.02, -0.07, -0.07, -0.02, -0.07, -0.08, -0.08, -0.08, -0.08, -0.08, -0.08, -0.08, 
-0.08, -0.08, -0.08, -0.08, -0.08, -0.08, -0.08, -0.08, -0.08, -0.08, 0.96, -0.08, -0.08, -0.07, -0.02, -0.07, -0.08, -0.08, -0.02, 0.15, -0.02, -0.08, -0.08, -0.08, -0.08, -0.08, -0.08, -0.08, 
-0.08, 0.13, -0.08, -0.07, -0.02, -0.07, -0.08, -0.08, -0.08, -0.08, -0.08, -0.08, -0.08, -0.08, -0.07, -0.02, -0.07, -0.08, -0.07, -0.02, -0.07, -0.08, -0.08, 1.51, -0.08, -0.08, -0.08, -0.08, 
-0.08, -0.08, -0.08, -0.02, 0.15, -0.02, -0.08, -0.08, -0.08, -0.08, -0.08, -0.06, -0.02, -0.07, -0.02, 0.15, -0.02, -0.08, -0.08, -0.08, -0.08, -0.08, -0.08, -0.08, -0.08, -0.08, -0.08, -0.08, 
-0.08, -0.08, -0.08, -0.07, -0.02, -0.07, -0.02, -0.07, -0.08, -0.08, -0.08, 1.09, 0.15, -0.02, -0.07, -0.02, -0.07, -0.08, -0.08, -0.08, -0.07, -0.02, -0.07, -0.08, -0.08, -0.08, -0.08, -0.08, 
-0.08, 0.06, -0.08, -0.08, -0.08, -0.02, 0.16, -0.02, -0.08, -0.08, -0.07, -0.02, -0.07, -0.07, -0.08, -0.08, -0.08, -0.08, -0.08, -0.08, -0.02, 0.15, -0.02, 1.44, -0.08, -0.08, -0.08, -0.08, 
-0.08, -0.08, -0.08, -0.08, -0.08, -0.07, -0.02, -0.07, -0.08, -0.08, -0.02, 0.15, -0.02, -0.08, -0.08, -0.08, -0.08, -0.08, -0.08, -0.08, -0.07, -0.02, -0.07, -0.08, -0.08, -0.08, -0.08, -0.08, 
-0.08, -0.08, -0.08, -0.08, -0.08, -0.08, -0.08, -0.08, -0.08, -0.08, -0.07, 1.15, -0.07, -0.08, -0.08, -0.08, -0.08, -0.08, -0.08, -0.08, -0.08, 1.37, -0.08, -0.08, -0.08, -0.08, -0.08, -0.08, 
-0.01, -0.08, -0.08, -0.08, -0.08, -0.08, -0.08, -0.08, -0.08, -0.08, -0.08, -0.08, 1.17, -0.08, -0.08, 1.24, -0.08, -0.08, 1.30, -0.08, -0.08, -0.08, -0.08, -0.08, -0.08, -0.08, -0.08, -0.08, 
-0.08, -0.08, -0.08, -0.08, -0.08, -0.08, -0.08, -0.08, -0.08, -0.08, -0.08, -0.08, -0.08, -0.08, -0.08, -0.08, -0.08, -0.08, -0.08, -0.08, -0.08, -0.08, -0.08, -0.08, -0.08, -0.08, -0.08, -0.08, 
-0.08, -0.08, -0.08, -0.08, -0.08, -0.08, -0.08, -0.08, -0.08, -0.08, -0.08, -0.08, -0.08, -0.08, -0.08, -0.08, -0.08, -0.08, -0.08, -0.08, -0.08, -0.08, -0.08, -0.08, -0.08, -0.08, -0.08, -0.08, 
-- optimal policy --
r  >  r  r  >  ^  <  >  ^  <  >  R  <  v  l  l  l  r  r  r  r  r  >  r  v  v  v  l  
r  r  >  r  R  ^  L  R  ^  L  R  ^  L  <  <  <  l  r  r  r  r  r  r  >  r  v  l  l  
r  r  r  >  R  <  R  ^  L  R  R  R  R  ^  L  <  l  r  r  r  r  r  r  r  >  >  <  <  
r  r  >  R  ^  L  ^  L  R  ^  R  R  R  R  ^  L  <  r  r  r  >  >  >  r  R  ^  L  <  
>  >  R  ^  L  ^  L  R  ^  L  r  v  v  >  l  <  L  >  >  r  v  R  r  >  ^  <  ^  L  
R  R  ^  L  L  L  R  r  v  l  r  r  v  l  ^  L  L  R  R  r  r  v  >  R  ^  L  <  L  
R  >  ^  <  r  v  R  >  r  r  r  >  v  <  l  ^  L  R  R  >  r  r  v  l  L  L  L  <  
>  R  ^  L  r  r  v  R  >  r  r  r  v  l  l  l  R  R  R  R  r  >  l  <  <  L  L  L  
r  r  r  r  r  r  r  v  r  >  r  v  l  l  l  l  r  R  R  r  >  R  ^  L  L  l  l  L  
>  r  r  r  r  r  >  r  v  r  >  >  <  <  <  l  l  R  r  >  R  ^  r  v  l  l  l  <  
R  r  r  r  r  >  r  >  r  v  R  ^  L  L  v  l  l  r  >  R  ^  r  >  v  <  <  l  l  
r  r  r  r  r  r  r  r  >  r  v  l  l  r  v  l  l  l  R  ^  r  >  R  ^  L  <  <  <  
r  r  r  r  r  r  r  r  r  >  r  <  l  v  l  l  l  l  >  >  >  R  r  v  l  L  <  <  
>  r  r  r  r  r  r  r  r  r  r  r  v  l  l  v  l  l  l  R  R  r  >  v  <  <  L  <  
R  r  >  >  r  r  r  r  r  >  r  v  l  l  l  l  <  l  l  r  r  >  R  ^  L  <  l  L  
r  >  R  R  r  r  r  r  r  r  >  v  <  l  l  <  l  <  r  r  r  R  r  v  l  L  <  l  
>  R  R  R  >  >  >  r  >  r  r  v  l  l  <  l  l  v  l  r  r  >  >  <  <  <  L  <  
R  R  R  >  R  R  R  >  r  >  r  v  l  <  l  l  v  l  l  >  r  v  R  ^  L  L  L  L  
R  R  >  R  R  R  R  r  >  R  >  r  v  l  l  v  l  l  v  l  >  R  <  L  ^  L  L  L  
R  >  R  R  R  R  r  >  R  R  R  >  L  <  <  <  <  <  <  <  R  ^  L  <  L  ^  L  L  
>  R  R  R  R  r  >  R  R  R  >  R  ^  L  <  ^  L  <  ^  L  R  ^  L  L  <  L  ^  L  
R  R  R  R  R  >  R  R  R  >  R  R  ^  L  L  <  ^  L  <  ^  L  L  ^  L  L  <  L  ^  
Total actions tested : 55
Correct actions (%) : 12.73
Avg angular diffs   : 89.18
