arguments: 64 21 2 0.0203167 -0.0154521 -0.000858451 -0.963373

Initializing gridworld of size 28 by 22..
    Num states: 616
    Num actions: 8
recovered reward
-0.96, -0.96, -0.96, -0.96, -0.96, -0.96, -0.96, -0.96, -0.96, -0.96, -0.96, -0.96, -0.96, -0.96, -0.96, -0.96, -0.96, -0.96, -0.96, -0.96, -0.96, -0.96, -0.96, -0.96, -0.96, -0.96, -0.96, -0.96, 
-0.96, -0.96, -0.96, -0.96, -0.96, -0.96, -0.96, -0.96, -0.96, -0.96, -0.96, -0.96, -0.96, -0.96, -0.96, -0.96, -0.96, -0.96, -0.96, -0.96, -0.96, -0.96, -0.96, -0.96, -0.96, -0.96, -0.96, -0.96, 
-0.96, -0.96, -0.96, -0.96, -0.96, -0.96, -0.96, -0.96, -0.96, -0.96, -0.96, -0.96, -0.96, -0.96, -0.96, -0.96, -0.96, -0.96, -0.96, -0.96, -0.96, -0.96, -0.96, -0.96, -0.96, -0.96, -0.96, -0.96, 
-0.96, -0.96, -0.96, -0.96, -0.96, -0.96, -0.96, -0.96, -0.96, -0.96, -0.96, -0.96, -0.96, -0.96, -0.96, -0.96, -0.96, -0.96, -0.96, -0.96, -0.96, -0.96, -0.96, -0.96, -0.96, -0.96, -0.96, -0.96, 
-0.96, -0.96, -0.96, -0.96, -0.96, -0.96, -0.96, -0.96, -0.96, -0.96, -0.96, -0.96, -0.96, -0.96, -0.96, -0.96, -0.96, -0.96, -0.96, -0.96, -0.96, -0.96, -0.96, -0.96, -0.96, -0.96, -0.96, -0.96, 
-0.96, -0.96, -0.96, -0.96, -0.96, -0.96, -0.96, -0.96, -0.96, -0.96, -0.96, -0.96, -0.96, -0.96, -0.96, -0.96, -0.96, -0.96, -0.96, -0.96, -0.96, -0.96, -0.96, -0.96, -0.96, -0.96, -0.96, -0.96, 
-0.96, -0.96, -0.96, -0.96, -0.96, -0.96, -0.96, -0.96, -0.96, -0.96, -0.96, -0.96, -0.96, -0.96, -0.96, -0.96, -0.96, -0.96, -0.96, -0.96, -0.96, -0.96, -0.96, -0.96, -0.96, -0.96, -0.96, -0.96, 
-0.96, -0.96, -0.96, -0.96, -0.96, -0.96, -0.96, -0.96, -0.96, -0.96, -0.96, -0.96, -0.96, -0.96, -0.96, -0.96, -0.96, -0.96, -0.96, -0.96, -0.96, -0.96, -0.96, -0.96, -0.96, -0.96, -0.96, -0.96, 
-0.96, -0.96, -0.96, -0.96, -0.96, -0.96, -0.96, -0.96, -0.96, -0.96, -0.96, -0.96, -0.96, -0.96, -0.96, -0.96, -0.96, -0.96, -0.96, -0.96, -0.96, -0.96, -0.96, -0.96, -0.96, -0.96, -0.96, -0.96, 
-0.96, -0.96, -0.96, -0.96, -0.96, -0.96, -0.96, -0.96, -0.96, -0.96, -0.96, -0.96, -0.96, -0.96, -0.96, -0.96, -0.96, -0.96, -0.96, -0.96, -0.96, -0.96, -0.96, -0.96, -0.96, -0.96, -0.96, -0.96, 
-0.96, -0.96, -0.96, -0.96, -0.96, -0.96, -0.96, -0.96, -0.96, -0.96, -0.96, -0.96, -0.96, -0.96, -0.96, -0.96, -0.96, -0.96, -0.96, -0.96, -0.96, -0.96, -0.96, -0.96, -0.96, -0.96, -0.96, -0.96, 
-0.96, -0.96, -0.96, -0.96, -0.96, -0.96, -0.96, -0.96, -0.96, -0.96, -0.96, -0.96, -0.96, -0.96, -0.96, -0.96, -0.96, -0.96, -0.96, -0.96, -0.96, -0.96, -0.96, -0.96, -0.96, -0.96, -0.96, -0.96, 
-0.96, -0.96, -0.96, -0.96, -0.96, -0.96, -0.96, -0.96, -0.96, -0.96, -0.96, -0.96, -0.96, -0.96, -0.96, -0.96, -0.96, -0.96, -0.96, -0.96, -0.96, -0.96, -0.96, -0.96, -0.96, -0.96, -0.96, -0.96, 
-0.96, -0.96, -0.96, -0.96, -0.96, -0.96, -0.96, -0.96, -0.96, -0.96, -0.96, -0.96, -0.96, -0.96, -0.96, -0.96, -0.96, -0.96, -0.96, -0.96, -0.96, -0.96, -0.96, -0.96, -0.96, -0.96, -0.96, -0.96, 
-0.96, -0.96, -0.96, -0.96, -0.96, -0.96, -0.96, -0.96, -0.96, -0.96, -0.96, -0.96, -0.96, -0.96, -0.96, -0.96, -0.96, -0.96, -0.96, -0.96, -0.96, -0.96, -0.96, -0.96, -0.96, -0.96, -0.96, -0.96, 
-0.96, -0.96, -0.96, -0.96, -0.96, -0.96, -0.96, -0.96, -0.96, -0.96, -0.96, -0.96, -0.96, -0.96, -0.96, -0.96, -0.96, -0.96, -0.96, -0.96, -0.96, -0.96, -0.96, -0.96, -0.96, -0.96, -0.96, -0.96, 
-0.96, -0.96, -0.96, -0.96, -0.96, -0.96, -0.96, -0.96, -0.96, -0.96, -0.96, -0.96, -0.96, -0.96, -0.96, -0.96, -0.96, -0.96, -0.96, -0.96, -0.96, -0.96, -0.96, -0.96, -0.96, -0.96, -0.96, -0.96, 
-0.96, -0.96, -0.96, -0.96, -0.96, -0.96, -0.96, -0.96, -0.96, -0.96, -0.96, -0.96, -0.96, -0.96, -0.96, -0.96, -0.96, -0.96, -0.96, -0.96, -0.96, -0.96, -0.96, -0.96, -0.96, -0.96, -0.96, -0.96, 
-0.96, -0.96, -0.96, -0.96, -0.96, -0.96, -0.96, -0.96, -0.96, -0.96, -0.96, -0.96, -0.96, -0.96, -0.96, -0.96, -0.96, -0.96, -0.96, -0.96, -0.96, -0.96, -0.96, -0.96, -0.96, -0.96, -0.96, -0.96, 
-0.96, -0.96, -0.96, -0.96, -0.96, -0.96, -0.96, -0.96, -0.96, -0.96, -0.96, -0.96, -0.96, -0.96, -0.96, -0.96, -0.96, -0.96, -0.96, -0.96, -0.96, -0.96, -0.96, -0.96, -0.96, -0.96, -0.96, -0.96, 
-0.96, -0.96, -0.96, -0.96, -0.96, -0.96, -0.96, -0.96, -0.96, -0.96, -0.96, -0.96, -0.96, -0.96, -0.96, -0.96, -0.96, -0.96, -0.96, -0.96, -0.96, -0.96, -0.96, -0.96, -0.96, -0.96, -0.96, -0.96, 
-0.96, -0.96, -0.96, -0.96, -0.96, -0.96, -0.96, -0.96, -0.96, -0.96, -0.96, -0.96, -0.96, -0.96, -0.96, -0.96, -0.96, -0.96, -0.96, -0.96, -0.96, -0.96, -0.96, -0.96, -0.96, -0.96, -0.96, -0.96, 
-- optimal policy --
L  <  >  >  >  ^  <  >  v  >  >  >  >  >  L  R  L  ^  <  >  L  <  v  >  ^  <  >  R  
L  L  R  R  R  ^  L  v  l  R  R  R  ^  R  ^  ^  L  ^  L  R  ^  L  v  R  ^  v  v  ^  
L  <  r  v  v  v  v  l  ^  L  r  v  >  >  r  v  >  >  >  >  >  >  >  >  >  >  >  >  
^  L  v  r  v  l  v  <  L  r  v  r  v  R  >  r  v  R  R  R  R  R  ^  >  v  L  ^  L  
v  v  v  v  r  v  l  <  v  v  r  v  r  R  >  >  r  v  v  >  >  >  >  >  >  r  v  R  
v  l  r  v  v  l  <  L  v  v  v  r  v  r  v  >  >  r  v  R  R  R  R  R  ^  ^  >  r  
r  v  l  >  l  <  L  v  v  l  v  >  r  v  r  v  >  >  r  v  v  v  l  >  r  R  R  v  
r  v  <  l  L  L  v  v  l  v  l  v  >  r  >  r  >  >  >  r  r  v  v  >  >  >  >  >  
v  v  l  ^  L  v  v  l  <  v  l  l  >  >  >  >  >  >  >  >  >  r  v  v  R  R  R  ^  
<  l  <  L  v  v  l  <  v  l  v  l  R  ^  R  R  R  R  R  ^  >  >  >  r  v  >  r  v  
l  ^  L  v  v  l  <  L  r  v  l  v  v  v  v  v  v  v  v  R  R  r  v  v  r  >  >  R  
l  <  v  v  l  <  L  r  v  l  v  l  v  v  v  v  v  v  v  v  R  >  >  >  >  >  >  R  
^  L  v  l  <  L  v  v  r  v  l  v  r  v  l  v  v  v  v  v  R  R  ^  ^  R  R  R  ^  
r  v  l  <  L  v  v  v  v  l  v  v  v  l  <  r  v  v  v  v  v  v  r  v  >  >  >  >  
v  l  ^  L  v  r  v  v  l  v  v  v  v  l  r  v  r  v  v  l  v  r  v  r  v  v  >  >  
<  <  L  v  v  v  l  l  v  r  v  v  l  <  >  r  v  r  v  <  v  >  r  v  r  r  v  >  
L  L  v  r  v  v  v  v  v  v  r  v  <  v  v  >  r  v  l  <  r  v  >  >  >  >  >  r  
<  <  v  v  r  v  v  v  l  v  v  l  <  r  v  v  >  v  <  v  v  r  v  ^  ^  R  ^  ^  
^  L  v  l  v  r  v  l  v  v  l  <  v  v  r  v  v  l  <  r  v  v  r  v  l  v  >  v  
<  v  l  <  r  v  l  <  v  l  <  >  r  v  v  r  v  l  <  v  r  v  l  l  r  v  l  v  
^  r  v  l  >  v  r  v  l  <  L  >  >  r  v  v  l  v  l  r  v  v  v  l  >  v  <  >  
r  ^  v  <  >  v  >  v  <  L  >  >  >  >  r  v  l  r  <  >  >  v  r  <  >  l  l  ^  
