arguments: 64 21 4 -0.305195 -0.0454545 -3.55956e-15 -0.649351
loading features...

Initializing gridworld of size 28 by 22..
    Num states: 616
    Num actions: 8
recovered reward
-0.65, -0.65, -0.65, -0.65, -0.65, -0.65, -0.65, -0.65, -0.65, -0.65, -0.65, -0.65, -0.65, -0.65, -0.65, -0.65, -0.65, -0.65, -0.65, -0.65, -0.65, -0.65, -0.65, -0.65, -0.65, -0.65, -0.65, -0.65, 
-0.65, -0.65, -0.65, -0.65, -0.95, -0.65, -0.65, -0.65, -0.95, -0.65, -0.65, -0.65, -0.65, -0.65, -0.65, -0.65, -0.69, -0.65, -0.65, -0.65, -0.65, -0.65, -0.65, -0.65, -0.65, -0.65, -0.65, -0.65, 
-0.65, -0.65, -0.65, -0.65, -0.65, -0.65, -0.65, -0.65, -0.65, -0.65, -0.65, -0.65, -0.65, -0.65, -0.65, -0.65, -0.65, -0.65, -0.65, -0.65, -0.65, -0.65, -0.65, -0.65, -0.69, -0.65, -0.65, -0.65, 
-0.65, -0.65, -0.65, -0.65, -0.65, -0.65, -0.65, -0.65, -0.65, -0.95, -0.65, -0.65, -0.65, -0.65, -0.65, -0.65, -0.65, -0.65, -0.65, -0.65, -0.65, -0.65, -0.65, -0.69, -0.65, -0.65, -0.65, -0.65, 
-0.65, -0.65, -0.65, -0.65, -0.65, -0.65, -0.65, -0.65, -0.65, -0.65, -0.65, -0.65, -0.65, -0.65, -0.65, -0.65, -0.65, -0.65, -0.65, -0.65, -0.65, -0.65, -0.65, -0.65, -0.65, -0.65, -0.65, -0.65, 
-0.65, -0.65, -0.65, -0.65, -0.65, -0.65, -0.69, -0.65, -0.65, -0.65, -0.69, -0.65, -0.65, -0.65, -0.65, -0.65, -0.65, -0.65, -0.65, -0.65, -0.65, -0.65, -0.65, -0.65, -0.65, -0.65, -0.65, -0.65, 
-0.65, -0.65, -0.65, -0.65, -0.65, -0.95, -0.65, -0.65, -0.65, -0.65, -0.65, -0.65, -0.65, -0.65, -0.65, -0.65, -0.65, -0.65, -0.65, -0.65, -0.65, -0.65, -0.65, -0.65, -0.65, -0.65, -0.65, -0.65, 
-0.65, -0.65, -0.65, -0.65, -0.65, -0.65, -0.65, -0.65, -0.95, -0.65, -0.65, -0.65, -0.65, -0.65, -0.65, -0.65, -0.65, -0.69, -0.65, -0.65, -0.65, -0.65, -0.65, -0.65, -0.65, -0.65, -0.65, -0.65, 
-0.65, -0.65, -0.95, -0.65, -0.65, -0.65, -0.65, -0.65, -0.65, -0.65, -0.65, -0.65, -0.65, -0.65, -0.65, -0.65, -0.65, -0.65, -0.65, -0.65, -0.65, -0.65, -0.65, -0.65, -0.65, -0.69, -0.65, -0.65, 
-0.65, -0.65, -0.65, -0.65, -0.65, -0.65, -0.65, -0.65, -0.65, -0.65, -0.65, -0.65, -0.65, -0.65, -0.65, -0.95, -0.65, -0.65, -0.65, -0.65, -0.65, -0.65, -0.65, -0.65, -0.65, -0.65, -0.65, -0.65, 
-0.65, -0.65, -0.65, -0.65, -0.65, -0.69, -0.65, -0.65, -0.65, -0.65, -0.65, -0.65, -0.65, -0.65, -0.65, -0.65, -0.65, -0.65, -0.65, -0.65, -0.65, -0.65, -0.65, -0.65, -0.65, -0.65, -0.65, -0.65, 
-0.65, -0.65, -0.65, -0.65, -0.65, -0.65, -0.65, -0.65, -0.65, -0.65, -0.65, -0.65, -0.65, -0.65, -0.65, -0.65, -0.65, -0.65, -0.65, -0.65, -0.65, -0.65, -0.65, -0.65, -0.65, -0.65, -0.65, -0.65, 
-0.65, -0.65, -0.65, -0.65, -0.65, -0.65, -0.65, -0.69, -0.65, -0.65, -0.65, -0.65, -0.65, -0.65, -0.69, -0.65, -0.65, -0.65, -0.65, -0.65, -0.65, -0.65, -0.65, -0.65, -0.65, -0.65, -0.65, -0.65, 
-0.65, -0.65, -0.65, -0.65, -0.95, -0.65, -0.65, -0.65, -0.65, -0.65, -0.65, -0.65, -0.65, -0.65, -0.65, -0.65, -0.65, -0.65, -0.65, -0.65, -0.65, -0.65, -0.65, -0.65, -0.65, -0.65, -0.65, -0.65, 
-0.65, -0.65, -0.65, -0.65, -0.65, -0.65, -0.65, -0.65, -0.65, -0.65, -0.65, -0.65, -0.65, -0.65, -0.65, -0.65, -0.65, -0.65, -0.65, -0.65, -0.65, -0.65, -0.65, -0.65, -0.65, -0.65, -0.65, -0.65, 
-0.65, -0.65, -0.65, -0.65, -0.65, -0.65, -0.65, -0.65, -0.65, -0.65, -0.65, -0.65, -0.65, -0.65, -0.65, -0.65, -0.65, -0.65, -0.65, -0.65, -0.65, -0.65, -0.95, -0.65, -0.65, -0.65, -0.65, -0.65, 
-0.65, -0.65, -0.65, -0.65, -0.65, -0.65, -0.65, -0.65, -0.65, -0.65, -0.65, -0.65, -0.65, -0.95, -0.65, -0.65, -0.65, -0.65, -0.65, -0.65, -0.65, -0.65, -0.65, -0.65, -0.65, -0.65, -0.65, -0.65, 
-0.65, -0.65, -0.65, -0.65, -0.65, -0.65, -0.65, -0.65, -0.65, -0.65, -0.65, -0.65, -0.69, -0.65, -0.65, -0.65, -0.65, -0.65, -0.65, -0.65, -0.65, -0.65, -0.65, -0.65, -0.69, -0.65, -0.65, -0.65, 
-0.65, -0.65, -0.65, -0.65, -0.65, -0.65, -0.65, -0.65, -0.65, -0.65, -0.65, -0.65, -0.65, -0.65, -0.65, -0.65, -0.65, -0.65, -0.65, -0.95, -0.65, -0.65, -0.65, -0.95, -0.65, -0.65, -0.65, -0.65, 
-0.65, -0.65, -0.65, -0.65, -0.65, -0.65, -0.65, -0.65, -0.65, -0.65, -0.65, -0.65, -0.65, -0.65, -0.65, -0.65, -0.65, -0.65, -0.65, -0.65, -0.65, -0.65, -0.65, -0.65, -0.65, -0.65, -0.65, -0.65, 
-0.65, -0.65, -0.65, -0.65, -0.65, -0.65, -0.65, -0.65, -0.65, -0.65, -0.65, -0.65, -0.65, -0.65, -0.65, -0.65, -0.65, -0.65, -0.65, -0.65, -0.65, -0.65, -0.65, -0.65, -0.65, -0.65, -0.65, -0.65, 
-0.65, -0.65, -0.65, -0.65, -0.65, -0.65, -0.65, -0.65, -0.65, -0.65, -0.65, -0.65, -0.65, -0.65, -0.65, -0.65, -0.65, -0.65, -0.65, -0.65, -0.65, -0.65, -0.65, -0.65, -0.65, -0.65, -0.65, -0.65, 
-- optimal policy --
r  v  L  <  ^  R  <  >  R  <  >  >  >  >  R  L  <  >  >  >  >  R  ^  <  L  <  v  R  
R  l  ^  L  ^  ^  L  R  ^  L  R  R  R  R  ^  ^  L  R  ^  R  R  ^  L  L  ^  L  r  v  
l  v  l  <  v  v  l  <  v  >  r  v  >  r  v  >  r  v  >  >  r  v  v  r  v  R  ^  r  
v  l  ^  L  v  l  <  L  v  v  v  r  v  >  >  >  >  >  >  >  >  r  r  r  v  l  R  ^  
l  ^  L  v  l  <  L  v  v  v  l  v  r  v  ^  R  R  R  R  R  >  >  >  >  r  v  v  v  
^  L  v  l  <  L  v  v  v  v  v  l  v  r  v  v  >  >  r  R  R  ^  R  R  >  r  v  l  
L  <  v  v  v  l  v  v  l  v  l  v  l  >  r  r  R  >  >  >  >  r  v  R  >  >  r  v  
^  L  r  v  l  <  v  v  v  l  <  v  v  v  v  v  r  R  R  R  r  v  r  R  R  R  ^  >  
<  <  v  l  <  L  l  v  l  v  v  v  v  v  v  l  >  >  >  r  v  >  >  >  r  r  R  ^  
^  L  l  <  L  l  v  l  v  v  v  v  v  l  v  l  v  R  R  >  r  v  R  R  >  >  v  l  
v  l  <  L  v  l  v  v  v  v  v  v  l  v  l  <  v  v  >  >  >  r  v  R  >  >  r  v  
l  <  L  v  l  <  v  l  v  v  v  l  <  l  <  L  l  v  v  >  >  >  >  r  R  >  >  v  
l  <  v  l  <  >  v  l  v  l  l  v  l  v  v  l  v  r  v  v  R  ^  R  >  >  >  >  R  
^  L  l  <  L  v  l  <  r  v  v  l  <  v  l  v  v  v  r  v  v  v  v  R  R  R  R  ^  
v  l  <  L  v  l  r  v  v  l  l  <  L  l  <  l  r  v  v  r  v  v  l  v  v  v  v  v  
l  <  L  r  v  v  v  r  v  l  ^  L  v  l  v  v  v  r  v  v  r  v  v  l  r  v  v  v  
l  L  v  v  r  v  v  v  l  <  L  v  r  v  l  r  v  v  r  v  v  r  v  l  >  r  v  v  
^  L  v  v  v  r  v  l  <  L  v  v  v  l  <  v  r  v  v  r  v  <  v  l  v  >  r  v  
r  v  v  v  v  v  l  <  v  v  v  v  v  v  v  v  v  r  v  v  r  v  l  <  v  >  >  r  
>  r  v  l  v  l  <  L  v  v  v  v  v  v  v  v  v  v  >  >  >  r  <  v  l  <  R  ^  
>  >  v  <  v  v  l  <  r  v  v  v  l  v  v  l  r  v  l  ^  ^  r  v  l  <  >  >  R  
R  >  r  L  r  v  <  >  >  r  l  v  <  v  l  <  >  l  <  L  >  >  r  <  L  >  >  >  
Correct actions (%) : 21.43
Avg angular diffs   : 85.98
