arguments: 64 15 1 -0.175994 0.354345 -0.410751 -0.0589102
loading features...

Initializing gridworld of size 28 by 22..
    Num states: 616
    Num actions: 8
recovered reward
0.03, 0.12, 0.03, -0.06, -0.06, -0.06, -0.06, -0.06, -0.06, -0.06, -0.06, -0.06, -0.06, -0.06, -0.06, -0.06, -0.06, -0.06, -0.06, -0.06, -0.06, -0.06, -0.06, -0.10, -0.15, -0.10, -0.06, -0.06, 
0.12, 0.30, 0.12, -0.10, -0.15, -0.10, -0.06, -0.10, -0.06, 0.07, 0.03, -0.06, -0.06, -0.06, -0.06, -0.06, -0.06, -0.06, -0.10, -0.15, -0.10, -0.06, -0.06, -0.15, -0.23, -1.05, -0.06, -0.06, 
0.03, 0.12, 0.03, -0.15, -0.23, -0.15, -0.06, -0.15, -0.06, 0.21, 0.07, -0.06, -0.06, -0.06, -0.43, -0.06, -0.06, -0.06, -0.15, -0.23, -0.15, -0.06, -0.06, -0.10, -0.15, -0.10, -0.06, -0.06, 
-0.06, -0.06, -0.06, -0.10, -0.15, -0.10, -0.06, -0.10, -0.06, 0.07, -0.06, -0.39, -0.06, -0.06, -0.06, -0.06, -0.47, -0.06, -0.10, -0.15, -0.10, -0.06, -0.06, -0.92, -0.06, -0.06, -0.06, -0.06, 
-0.06, -0.06, -0.06, -0.06, -0.06, -0.06, -0.06, -0.06, -0.10, -0.43, -0.10, -0.06, -0.06, -0.06, -0.06, -0.06, -0.06, -0.06, -0.06, -0.06, -0.06, -0.06, -0.06, -0.06, -0.06, -0.06, -0.06, -0.06, 
-0.06, -0.06, -0.06, -0.06, -0.06, -0.06, -0.06, -0.06, -0.06, -0.06, -0.06, -0.06, -0.06, -0.06, -0.06, -0.10, -0.10, -0.15, -0.10, -0.06, 0.03, 0.12, 0.03, -0.06, -0.06, -0.06, -0.06, -0.06, 
-0.06, -0.06, -0.10, -0.15, -0.10, -0.06, -0.06, -0.31, -0.06, -0.06, -0.06, -0.06, -0.06, -0.06, -0.06, -0.15, -0.60, -0.23, -0.15, -0.06, 0.12, 0.25, 0.03, -0.92, -0.06, -0.06, -0.06, -0.06, 
-0.06, -0.06, -0.15, -0.23, -0.15, -0.06, -0.06, -0.06, -0.06, -0.06, -0.06, -0.06, -0.06, -0.06, -0.06, -0.10, -0.10, -0.15, -0.10, -0.06, 0.03, 0.03, -0.15, -0.15, -0.06, -0.06, -0.06, -0.06, 
-0.06, -0.06, -0.10, -0.15, -0.10, -0.06, -0.06, -0.06, -0.06, -0.06, -0.06, -0.06, -0.06, -0.06, -0.06, -0.06, -0.06, -0.06, -0.06, -0.06, -0.06, -0.10, -0.15, -0.10, -0.06, -0.06, -0.06, -0.06, 
-0.06, -0.06, -0.06, -0.06, -0.06, -0.06, -0.26, 0.03, 0.12, 0.03, -0.06, -0.06, -0.06, -0.06, -0.06, -0.06, -0.55, -0.06, -0.06, -0.06, -0.06, -0.06, -0.84, -0.06, -0.06, -0.06, -0.06, -0.06, 
-0.06, -0.06, -0.06, -0.06, -0.06, -0.06, -0.06, 0.12, 0.30, 0.12, -0.06, -0.06, -0.06, -0.06, -0.06, -0.06, -0.06, -0.06, -0.06, -0.06, -0.06, -0.06, -0.06, 0.03, 0.12, 0.03, -0.06, -0.06, 
-0.06, -0.06, -0.06, -0.06, -0.06, -0.06, -0.06, 0.03, 0.12, 0.03, -0.06, -0.06, -0.06, -0.06, -0.06, -0.06, -0.06, -0.06, -0.06, -0.06, -0.06, -0.06, -0.06, 0.12, 0.30, 0.12, -0.06, -0.06, 
-0.06, -0.06, -0.06, -0.06, -0.22, -0.06, -0.06, -0.06, -0.06, -0.06, -0.06, -0.06, -0.06, -0.06, -0.59, -0.06, -0.06, -0.06, -0.06, -0.06, -0.06, -0.06, -0.06, 0.03, 0.12, 0.03, -0.06, -0.06, 
-0.06, -0.06, 0.03, 0.12, 0.03, 0.12, 0.03, -0.06, -0.06, -0.06, -0.06, -0.06, -0.06, -0.06, -0.06, -0.06, -0.06, -0.06, -0.06, -0.06, -0.06, -0.80, 0.03, 0.12, 0.03, -0.06, -0.06, -0.06, 
-0.06, 0.03, 0.12, -0.09, 0.12, 0.30, 0.12, -0.06, -0.06, -0.06, -0.06, -0.06, -0.10, -0.15, -0.10, -0.06, -0.06, -0.06, -0.06, -0.06, -0.06, -0.06, 0.12, 0.30, 0.12, -0.06, -0.06, -0.06, 
-0.06, 0.12, 0.30, 0.12, 0.03, 0.12, 0.03, 0.12, 0.03, -0.06, -0.06, -0.06, -0.15, -0.23, -0.15, -0.63, -0.06, -0.06, -0.06, -0.06, -0.76, -0.06, 0.03, 0.12, 0.03, -0.06, -0.06, -0.06, 
-0.06, -0.05, 0.12, 0.03, -0.06, -0.06, 0.12, 0.30, 0.12, -0.06, -0.06, -0.10, -0.15, -0.10, -0.10, -0.06, -0.06, -0.06, 0.03, 0.12, 0.03, -0.06, -0.06, -0.06, -0.06, -0.06, -0.06, -0.06, 
-0.06, -0.06, -0.06, -0.06, -0.06, -0.06, 0.03, 0.12, -0.01, -0.15, -0.10, -0.15, -0.23, -0.15, -0.06, -0.06, -0.06, -0.06, 0.12, 0.30, 0.12, -0.06, -0.06, -0.06, -0.06, -0.06, -0.06, -0.06, 
-0.06, -0.06, -0.06, -0.06, -0.06, -0.06, -0.06, -0.06, -0.15, -0.23, -0.15, -0.10, -0.15, -0.10, -0.06, -0.68, -0.06, -0.06, -0.63, 0.12, 0.03, -0.06, -0.06, -0.06, -0.06, -0.06, -0.06, -0.06, 
-0.10, -0.06, -0.06, -0.06, -0.06, -0.06, -0.06, -0.06, -0.10, -0.15, -0.10, -0.06, -0.06, -0.06, -0.06, -0.06, -0.06, -0.06, -0.06, -0.06, -0.06, -0.06, -0.06, -0.06, -0.06, -0.06, -0.06, -0.06, 
-0.06, -0.06, -0.06, -0.06, -0.06, -0.06, -0.06, -0.06, -0.06, -0.06, -0.06, -0.06, -0.06, -0.06, -0.06, -0.06, -0.06, -0.06, -0.06, -0.06, -0.06, -0.06, -0.06, -0.06, -0.06, -0.06, -0.06, -0.06, 
-0.06, -0.06, -0.06, -0.06, -0.06, -0.06, -0.06, -0.06, -0.06, -0.06, -0.06, -0.06, -0.06, -0.06, -0.06, -0.06, -0.06, -0.06, -0.06, -0.06, -0.06, -0.06, -0.06, -0.06, -0.06, -0.06, -0.06, -0.06, 
-- optimal policy --
r  v  l  l  <  <  >  r  r  v  l  l  l  <  <  <  r  v  l  >  r  v  v  l  <  r  v  v  
>  ^  <  <  L  L  R  r  r  v  l  l  <  <  l  r  v  l  l  R  r  v  v  l  l  r  v  l  
R  ^  L  L  L  R  ^  >  >  ^  <  <  <  l  l  >  r  v  l  r  r  v  v  l  v  l  l  <  
R  ^  L  L  l  >  r  R  R  ^  L  L  L  <  <  R  >  r  r  r  r  v  v  l  l  l  l  l  
^  L  ^  L  <  >  >  R  R  ^  L  L  <  L  <  >  >  >  r  r  r  v  l  l  l  <  <  <  
^  ^  L  L  L  >  R  ^  L  L  R  ^  L  <  L  R  R  R  >  r  r  v  l  l  <  l  <  v  
^  ^  ^  ^  r  r  r  v  v  l  v  l  l  L  <  L  v  R  R  >  >  <  <  <  L  <  v  l  
^  ^  L  r  r  r  r  r  r  v  l  l  l  l  L  r  r  r  >  R  R  ^  L  L  v  v  l  l  
r  r  r  r  r  >  r  r  v  l  l  l  <  <  L  >  >  >  R  R  R  ^  L  v  l  l  l  l  
r  r  r  r  >  r  r  r  v  l  l  <  L  <  l  R  R  R  R  R  ^  r  r  r  v  l  l  l  
r  r  v  r  r  >  >  >  ^  <  <  L  <  <  <  >  R  R  R  r  >  r  r  r  v  l  l  l  
r  r  r  v  r  v  R  R  ^  L  L  <  L  <  L  v  R  R  r  >  r  >  >  >  <  <  <  l  
r  r  r  v  r  v  l  R  ^  L  L  L  L  L  r  r  v  v  >  r  >  r  R  R  ^  L  L  <  
r  r  v  r  r  v  l  l  v  l  L  L  L  L  r  r  r  v  v  >  r  r  r  v  l  l  L  L  
r  r  v  l  >  v  <  v  l  l  l  l  L  L  >  r  r  r  v  l  >  >  >  >  <  <  <  L  
>  >  <  <  R  ^  L  v  l  l  l  l  <  L  r  >  r  r  r  v  l  R  R  ^  L  L  L  L  
R  R  ^  L  L  ^  >  >  <  <  <  <  L  r  >  r  >  r  r  v  l  l  R  ^  L  L  L  L  
R  R  ^  L  L  R  R  ^  L  L  L  L  L  >  R  >  >  >  >  ^  <  <  L  L  ^  L  L  L  
R  R  ^  L  R  R  R  ^  L  L  r  r  r  R  R  >  R  R  R  ^  L  L  <  L  L  ^  L  L  
R  ^  ^  R  R  R  ^  L  L  l  l  l  >  r  >  R  R  ^  R  ^  L  L  L  <  l  L  L  L  
R  ^  R  R  R  ^  ^  L  L  <  <  <  >  >  R  R  ^  R  ^  R  ^  L  L  L  <  <  L  L  
^  R  R  R  ^  ^  ^  ^  L  L  <  <  >  >  R  >  R  ^  R  ^  ^  L  L  L  L  <  ^  L  
Correct actions (%) : 16.44
Avg angular diffs   : 80.75
