arguments: 64 15 1 -0.606312 0.217608 -0.0653378 -0.110742
loading features...

Initializing gridworld of size 28 by 22..
    Num states: 616
    Num actions: 8
recovered reward
-0.06, -0.00, -0.06, -0.11, -0.11, -0.11, -0.11, -0.11, -0.11, -0.11, -0.11, -0.11, -0.11, -0.11, -0.11, -0.11, -0.11, -0.11, -0.11, -0.11, -0.11, -0.11, -0.11, -0.26, -0.41, -0.26, -0.11, -0.11, 
-0.00, 0.11, -0.00, -0.26, -0.41, -0.26, -0.11, -0.26, -0.36, -0.15, -0.06, -0.11, -0.11, -0.11, -0.11, -0.11, -0.11, -0.11, -0.26, -0.41, -0.26, -0.11, -0.11, -0.41, -0.72, -0.56, -0.11, -0.11, 
-0.06, -0.00, -0.06, -0.41, -0.72, -0.41, -0.11, -0.41, -0.61, -0.20, -0.15, -0.11, -0.11, -0.11, -0.17, -0.11, -0.11, -0.11, -0.41, -0.72, -0.41, -0.11, -0.11, -0.26, -0.41, -0.26, -0.11, -0.11, 
-0.11, -0.11, -0.11, -0.26, -0.41, -0.26, -0.11, -0.26, -0.36, -0.15, -0.36, -0.16, -0.11, -0.11, -0.11, -0.11, -0.18, -0.11, -0.26, -0.41, -0.26, -0.11, -0.11, -0.25, -0.11, -0.11, -0.11, -0.11, 
-0.11, -0.11, -0.11, -0.11, -0.11, -0.11, -0.11, -0.11, -0.26, -0.46, -0.26, -0.11, -0.11, -0.11, -0.11, -0.11, -0.11, -0.11, -0.11, -0.11, -0.11, -0.11, -0.11, -0.11, -0.11, -0.11, -0.11, -0.11, 
-0.11, -0.11, -0.11, -0.11, -0.11, -0.11, -0.11, -0.11, -0.11, -0.11, -0.11, -0.11, -0.11, -0.11, -0.11, -0.26, -0.26, -0.41, -0.26, -0.11, -0.06, -0.00, -0.06, -0.11, -0.11, -0.11, -0.11, -0.11, 
-0.11, -0.11, -0.26, -0.41, -0.26, -0.11, -0.11, -0.15, -0.11, -0.11, -0.11, -0.11, -0.11, -0.11, -0.11, -0.41, -0.49, -0.72, -0.41, -0.11, -0.00, -0.04, -0.31, -0.39, -0.11, -0.11, -0.11, -0.11, 
-0.11, -0.11, -0.41, -0.72, -0.41, -0.11, -0.11, -0.11, -0.11, -0.11, -0.11, -0.11, -0.11, -0.11, -0.11, -0.26, -0.26, -0.41, -0.26, -0.11, -0.06, -0.31, -0.66, -0.41, -0.11, -0.11, -0.11, -0.11, 
-0.11, -0.11, -0.26, -0.41, -0.26, -0.11, -0.11, -0.11, -0.11, -0.11, -0.11, -0.11, -0.11, -0.11, -0.11, -0.11, -0.11, -0.11, -0.11, -0.11, -0.11, -0.26, -0.41, -0.26, -0.11, -0.11, -0.11, -0.11, 
-0.11, -0.11, -0.11, -0.11, -0.11, -0.11, -0.14, -0.06, -0.00, -0.06, -0.11, -0.11, -0.11, -0.11, -0.11, -0.11, -0.19, -0.11, -0.11, -0.11, -0.11, -0.11, -0.23, -0.11, -0.11, -0.11, -0.11, -0.11, 
-0.11, -0.11, -0.11, -0.11, -0.11, -0.11, -0.11, -0.00, 0.11, -0.00, -0.11, -0.11, -0.11, -0.11, -0.11, -0.11, -0.11, -0.11, -0.11, -0.11, -0.11, -0.11, -0.11, -0.06, -0.00, -0.06, -0.11, -0.11, 
-0.11, -0.11, -0.11, -0.11, -0.11, -0.11, -0.11, -0.06, -0.00, -0.06, -0.11, -0.11, -0.11, -0.11, -0.11, -0.11, -0.11, -0.11, -0.11, -0.11, -0.11, -0.11, -0.11, -0.00, 0.11, -0.00, -0.11, -0.11, 
-0.11, -0.11, -0.11, -0.11, -0.14, -0.11, -0.11, -0.11, -0.11, -0.11, -0.11, -0.11, -0.11, -0.11, -0.20, -0.11, -0.11, -0.11, -0.11, -0.11, -0.11, -0.11, -0.11, -0.06, -0.00, -0.06, -0.11, -0.11, 
-0.11, -0.11, -0.06, -0.00, -0.06, -0.00, -0.06, -0.11, -0.11, -0.11, -0.11, -0.11, -0.11, -0.11, -0.11, -0.11, -0.11, -0.11, -0.11, -0.11, -0.11, -0.23, -0.06, -0.00, -0.06, -0.11, -0.11, -0.11, 
-0.11, -0.06, -0.00, -0.08, -0.00, 0.11, -0.00, -0.11, -0.11, -0.11, -0.11, -0.11, -0.26, -0.41, -0.26, -0.11, -0.11, -0.11, -0.11, -0.11, -0.11, -0.11, -0.00, 0.11, -0.00, -0.11, -0.11, -0.11, 
-0.11, -0.00, 0.11, -0.00, -0.06, -0.00, -0.06, -0.00, -0.06, -0.11, -0.11, -0.11, -0.41, -0.72, -0.41, -0.20, -0.11, -0.11, -0.11, -0.11, -0.22, -0.11, -0.06, -0.00, -0.06, -0.11, -0.11, -0.11, 
-0.11, -0.07, -0.00, -0.06, -0.11, -0.11, -0.00, 0.11, -0.00, -0.11, -0.11, -0.26, -0.41, -0.26, -0.26, -0.11, -0.11, -0.11, -0.06, -0.00, -0.06, -0.11, -0.11, -0.11, -0.11, -0.11, -0.11, -0.11, 
-0.11, -0.11, -0.11, -0.11, -0.11, -0.11, -0.06, -0.00, -0.21, -0.41, -0.26, -0.41, -0.72, -0.41, -0.11, -0.11, -0.11, -0.11, -0.00, 0.11, -0.00, -0.11, -0.11, -0.11, -0.11, -0.11, -0.11, -0.11, 
-0.11, -0.11, -0.11, -0.11, -0.11, -0.11, -0.11, -0.11, -0.41, -0.72, -0.41, -0.26, -0.41, -0.26, -0.11, -0.21, -0.11, -0.11, -0.16, -0.00, -0.06, -0.11, -0.11, -0.11, -0.11, -0.11, -0.11, -0.11, 
-0.12, -0.11, -0.11, -0.11, -0.11, -0.11, -0.11, -0.11, -0.26, -0.41, -0.26, -0.11, -0.11, -0.11, -0.11, -0.11, -0.11, -0.11, -0.11, -0.11, -0.11, -0.11, -0.11, -0.11, -0.11, -0.11, -0.11, -0.11, 
-0.11, -0.11, -0.11, -0.11, -0.11, -0.11, -0.11, -0.11, -0.11, -0.11, -0.11, -0.11, -0.11, -0.11, -0.11, -0.11, -0.11, -0.11, -0.11, -0.11, -0.11, -0.11, -0.11, -0.11, -0.11, -0.11, -0.11, -0.11, 
-0.11, -0.11, -0.11, -0.11, -0.11, -0.11, -0.11, -0.11, -0.11, -0.11, -0.11, -0.11, -0.11, -0.11, -0.11, -0.11, -0.11, -0.11, -0.11, -0.11, -0.11, -0.11, -0.11, -0.11, -0.11, -0.11, -0.11, -0.11, 
-- optimal policy --
r  v  l  l  <  <  <  >  >  r  v  l  <  <  <  <  v  l  l  >  r  v  v  l  <  r  v  v  
>  ^  <  <  L  L  L  R  R  >  ^  <  <  <  <  r  r  v  l  R  r  r  v  l  l  r  v  l  
R  ^  L  L  L  R  ^  L  R  R  ^  L  <  <  <  >  r  v  l  r  r  v  v  l  v  l  l  <  
R  ^  L  L  l  l  l  v  l  R  R  ^  L  <  l  r  >  r  r  r  v  v  l  l  l  l  l  <  
R  R  ^  L  <  <  v  r  r  v  >  R  ^  L  <  >  >  >  r  r  r  v  l  l  l  <  l  l  
^  R  ^  L  L  <  v  r  v  l  l  l  l  l  L  R  R  R  r  r  >  l  <  <  <  L  <  l  
^  ^  ^  ^  r  r  v  r  v  l  v  l  l  l  l  L  v  r  r  >  R  ^  L  L  L  <  v  l  
^  ^  L  r  r  r  r  v  l  v  l  l  l  <  <  r  r  r  >  R  ^  L  L  r  r  v  l  l  
v  r  r  r  r  >  r  r  v  l  l  l  <  <  L  >  >  >  R  R  ^  L  r  r  v  l  l  l  
v  l  r  >  r  r  r  r  v  l  l  <  l  l  <  r  >  R  R  ^  L  r  r  r  v  l  l  l  
r  v  l  r  >  >  >  >  <  <  <  l  l  <  L  >  R  R  R  r  r  r  r  r  v  l  l  l  
r  r  v  l  r  R  R  R  ^  L  L  <  l  <  l  r  R  R  r  >  r  >  >  >  >  <  <  <  
r  r  r  v  r  v  l  R  ^  L  L  L  <  <  r  r  r  v  l  r  >  r  r  R  ^  L  L  L  
r  r  v  r  r  v  l  l  ^  L  L  L  L  <  r  r  r  r  v  l  r  r  r  v  l  l  L  L  
r  r  v  l  >  ^  <  v  l  l  l  <  L  L  >  r  r  r  r  v  l  >  >  ^  <  <  <  L  
>  >  v  <  R  ^  L  v  l  l  l  L  L  L  R  >  r  r  r  v  l  R  R  ^  L  L  L  <  
R  R  ^  L  L  >  >  >  <  <  <  L  L  r  >  >  >  r  r  v  l  l  R  ^  L  L  L  L  
R  R  ^  L  L  R  R  ^  L  L  L  L  L  >  >  R  R  >  >  <  <  <  l  ^  ^  L  L  L  
R  R  ^  L  L  R  R  ^  L  L  r  r  r  >  R  >  R  R  R  ^  L  L  <  <  ^  ^  L  L  
R  R  ^  L  R  R  ^  L  L  l  l  l  >  R  >  R  R  ^  R  ^  L  L  L  L  L  ^  L  L  
R  ^  R  R  R  R  ^  L  L  <  l  <  R  >  R  R  ^  R  ^  R  ^  L  L  L  L  L  ^  L  
^  R  R  R  R  R  ^  L  L  L  <  <  >  >  R  ^  R  ^  R  ^  ^  ^  L  L  L  L  L  ^  
Correct actions (%) : 19.18
Avg angular diffs   : 83.84
