arguments: 64 5 1 -0.372642 0.0141509 -0.141509 -0.471698
loading features...

Initializing gridworld of size 28 by 22..
    Num states: 616
    Num actions: 8
recovered reward
-0.47, -0.47, -0.47, -0.47, -0.47, -0.47, -0.47, -0.47, -0.47, -0.47, -0.47, -0.47, -0.47, -0.47, -0.47, -0.47, -0.47, -0.47, -0.47, -0.47, -0.47, -0.47, -0.47, -0.47, -0.47, -0.47, -0.47, -0.47, 
-0.47, -0.47, -0.47, -0.47, -0.47, -0.47, -0.47, -0.47, -0.47, -0.47, -0.47, -0.47, -0.47, -0.47, -0.47, -0.47, -0.47, -0.47, -0.47, -0.47, -0.84, -0.47, -0.47, -0.47, -0.47, -0.47, -0.47, -0.47, 
-0.47, -0.47, -0.47, -0.47, -0.47, -0.47, -0.47, -0.47, -0.47, -0.47, -0.84, -0.47, -0.47, -0.84, -0.47, -0.47, -0.47, -0.47, -0.47, -0.47, -0.47, -0.47, -0.47, -0.47, -0.47, -0.47, -0.78, -0.47, 
-0.47, -0.47, -0.47, -0.46, -0.47, -0.47, -0.47, -0.47, -0.47, -0.57, -0.47, -0.47, -0.58, -0.47, -0.47, -0.47, -0.47, -0.47, -0.47, -0.47, -0.47, -0.47, -0.47, -0.47, -0.47, -0.47, -0.47, -0.47, 
-0.47, -0.47, -0.47, -0.47, -0.47, -0.47, -0.47, -0.47, -0.47, -0.47, -0.47, -0.47, -0.47, -0.47, -0.47, -0.47, -0.46, -0.47, -0.46, -0.46, -0.84, -0.47, -0.47, -0.47, -0.47, -0.47, -0.47, -0.47, 
-0.47, -0.47, -0.47, -0.47, -0.47, -0.47, -0.47, -0.56, -0.47, -0.47, -0.47, -0.47, -0.47, -0.47, -0.47, -0.47, -0.47, -0.47, -0.47, -0.47, -0.47, -0.47, -0.47, -0.47, -0.47, -0.46, -0.77, -0.47, 
-0.47, -0.47, -0.47, -0.84, -0.46, -0.47, -0.47, -0.47, -0.47, -0.47, -0.47, -0.47, -0.47, -0.60, -0.47, -0.47, -0.47, -0.47, -0.47, -0.47, -0.47, -0.47, -0.47, -0.47, -0.47, -0.47, -0.47, -0.47, 
-0.47, -0.47, -0.47, -0.84, -0.47, -0.47, -0.47, -0.47, -0.47, -0.47, -0.47, -0.47, -0.47, -0.84, -0.47, -0.47, -0.47, -0.47, -0.47, -0.47, -0.47, -0.47, -0.47, -0.47, -0.47, -0.47, -0.47, -0.47, 
-0.47, -0.47, -0.47, -0.47, -0.47, -0.47, -0.47, -0.54, -0.47, -0.47, -0.47, -0.47, -0.47, -0.47, -0.99, -0.47, -0.47, -0.47, -0.47, -0.47, -0.47, -0.47, -0.47, -0.47, -0.47, -0.75, -0.47, -0.47, 
-0.47, -0.47, -0.47, -0.47, -0.47, -0.47, -0.47, -0.47, -0.47, -0.47, -0.47, -0.47, -0.47, -0.47, -0.47, -0.47, -0.47, -0.83, -0.47, -0.47, -0.47, -0.47, -0.47, -0.47, -0.47, -0.84, -0.47, -0.47, 
-0.47, -0.47, -0.47, -0.47, -0.47, -0.53, -0.47, -0.47, -0.47, -0.47, -0.47, -0.47, -0.47, -0.47, -0.47, -0.47, -0.61, -0.47, -0.46, -0.47, -0.47, -0.47, -0.47, -0.47, -0.47, -0.47, -0.47, -0.47, 
-0.47, -0.47, -0.47, -0.47, -0.47, -0.47, -0.47, -0.47, -0.47, -0.47, -0.47, -0.47, -0.47, -0.47, -0.47, -0.47, -0.47, -0.47, -0.47, -0.47, -0.47, -0.47, -0.47, -0.47, -0.74, -0.47, -0.47, -0.47, 
-0.47, -0.47, -0.47, -0.47, -0.47, -0.47, -0.47, -0.47, -0.47, -0.47, -0.47, -0.47, -0.47, -0.47, -0.47, -0.47, -0.47, -0.47, -0.46, -0.47, -0.47, -0.47, -0.47, -0.47, -0.47, -0.47, -0.47, -0.47, 
-0.47, -0.47, -0.47, -0.47, -0.51, -0.47, -0.47, -0.47, -0.47, -0.47, -0.47, -0.47, -0.47, -0.47, -0.46, -0.47, -0.47, -0.64, -0.47, -0.47, -0.47, -0.47, -0.47, -0.47, -0.47, -0.47, -0.47, -0.47, 
-0.47, -0.47, -0.47, -0.47, -0.47, -0.84, -0.47, -0.47, -0.47, -0.47, -0.47, -0.47, -0.47, -0.47, -0.47, -0.47, -0.47, -0.47, -0.47, -0.47, -0.47, -0.47, -0.73, -0.47, -0.47, -0.47, -0.47, -0.47, 
-0.47, -0.47, -0.47, -0.47, -0.47, -0.47, -0.47, -0.47, -0.47, -0.47, -0.47, -0.47, -0.47, -0.47, -0.47, -0.47, -0.47, -0.47, -0.47, -0.47, -0.47, -0.47, -0.47, -0.47, -0.47, -0.47, -0.47, -0.47, 
-0.47, -0.47, -0.50, -0.47, -0.47, -0.47, -0.47, -0.47, -0.47, -0.47, -0.47, -0.47, -0.47, -0.47, -0.47, -0.47, -0.47, -0.66, -0.47, -0.47, -0.47, -0.47, -0.47, -0.47, -0.47, -0.47, -0.47, -0.47, 
-0.47, -0.47, -0.47, -0.47, -0.47, -0.47, -0.47, -0.47, -0.47, -0.47, -0.47, -0.47, -0.47, -0.47, -0.47, -0.47, -0.47, -0.47, -0.47, -0.47, -0.47, -0.47, -0.47, -0.71, -0.47, -0.47, -0.47, -0.47, 
-0.47, -0.47, -0.47, -0.47, -0.47, -0.47, -0.47, -0.47, -0.47, -0.84, -0.47, -0.47, -0.47, -0.47, -0.47, -0.47, -0.47, -0.47, -0.47, -0.46, -0.47, -0.47, -0.47, -0.47, -0.47, -0.47, -0.47, -0.47, 
-0.49, -0.47, -0.47, -0.47, -0.47, -0.47, -0.47, -0.47, -0.47, -0.47, -0.47, -0.47, -0.47, -0.47, -0.47, -0.47, -0.67, -0.47, -0.47, -0.47, -0.70, -0.47, -0.47, -0.47, -0.47, -0.47, -0.47, -0.47, 
-0.47, -0.47, -0.47, -0.47, -0.47, -0.47, -0.47, -0.47, -0.47, -0.47, -0.47, -0.47, -0.47, -0.47, -0.47, -0.47, -0.47, -0.47, -0.47, -0.68, -0.47, -0.47, -0.47, -0.47, -0.47, -0.47, -0.47, -0.47, 
-0.47, -0.47, -0.47, -0.47, -0.47, -0.47, -0.47, -0.47, -0.47, -0.47, -0.47, -0.47, -0.47, -0.47, -0.47, -0.47, -0.47, -0.47, -0.47, -0.47, -0.47, -0.47, -0.47, -0.47, -0.47, -0.47, -0.47, -0.47, 
-- optimal policy --
r  v  r  r  r  r  r  r  r  >  r  >  r  v  r  r  v  r  v  v  l  v  l  l  l  l  l  l  
r  r  v  r  r  r  r  r  >  R  >  r  >  r  v  r  r  v  r  v  v  l  l  l  <  <  <  <  
r  r  r  v  r  r  r  >  R  r  r  >  r  r  r  v  r  r  v  v  l  l  l  l  l  l  l  v  
r  r  >  r  r  r  >  r  r  r  >  r  r  r  >  r  v  r  r  v  l  <  l  l  l  l  v  l  
r  >  R  ^  r  >  R  r  r  >  r  r  r  >  r  >  r  >  >  <  <  l  l  l  l  v  l  <  
>  R  >  r  v  r  r  r  >  r  r  r  >  r  >  R  ^  R  R  ^  L  <  <  l  l  l  <  l  
R  >  R  >  r  r  r  >  r  r  r  >  R  >  R  ^  R  R  ^  ^  L  L  L  <  l  ^  L  <  
>  R  r  R  ^  r  >  r  r  r  >  R  r  R  ^  R  R  R  R  ^  L  ^  L  L  <  l  ^  L  
R  r  >  R  r  r  r  r  r  >  R  r  >  R  R  R  R  ^  L  R  ^  L  ^  L  L  <  L  ^  
r  >  R  r  >  r  r  r  >  R  r  >  R  ^  R  R  ^  ^  ^  ^  R  ^  L  ^  L  <  l  l  
>  R  r  r  r  r  r  >  R  r  >  R  ^  R  R  ^  L  >  ^  <  ^  R  ^  L  ^  L  <  <  
R  r  >  r  r  r  >  R  r  >  R  ^  R  R  ^  L  >  R  ^  L  <  ^  R  ^  L  ^  L  <  
r  >  r  >  r  >  R  r  >  R  ^  R  R  ^  ^  >  R  >  ^  <  L  <  ^  L  R  ^  L  L  
>  r  r  r  >  R  r  >  R  ^  R  R  ^  >  >  R  R  R  ^  L  <  L  <  ^  L  L  ^  L  
r  r  r  >  R  r  >  R  ^  R  R  R  >  R  ^  L  >  R  R  ^  L  <  L  L  ^  L  L  ^  
r  >  >  R  r  >  R  ^  R  R  R  >  R  ^  ^  ^  R  ^  ^  L  ^  L  <  <  L  ^  ^  L  
>  R  R  r  >  R  ^  R  R  R  >  R  ^  ^  ^  R  ^  L  L  ^  L  ^  L  <  L  L  ^  L  
R  >  r  >  R  ^  R  R  R  >  R  ^  ^  L  R  R  ^  L  ^  ^  L  L  ^  L  L  L  L  ^  
>  r  >  R  ^  R  R  R  R  R  ^  ^  L  R  R  R  R  ^  >  ^  <  L  L  L  ^  L  L  L  
r  >  R  ^  R  R  R  R  >  R  ^  L  R  R  R  ^  L  >  R  ^  L  L  L  L  L  L  L  L  
>  R  ^  R  R  R  R  >  R  R  ^  R  R  ^  R  ^  >  R  R  ^  L  <  L  L  L  L  L  L  
R  ^  R  R  R  R  >  R  R  ^  R  R  ^  ^  L  >  R  R  ^  R  ^  L  <  L  L  L  L  L  
Correct actions (%) : 11.96
Avg angular diffs   : 85.11
